# t, dt:    5.750000000000002E-003  2.500000000000000E-004
# j, New nj
      1  3.205580972914744E+000
      2  3.141159834223086E+000
      3  3.088020698198738E+000
      4  3.029315964612723E+000
      5  2.975373723878360E+000
      6  2.946282704295561E+000
      7  2.935775520138946E+000
      8  2.925115694773973E+000
      9  2.901322527835135E+000
     10  2.871021192354855E+000
     11  2.606019331122411E+000
     12  2.571262069159538E+000
     13  2.206346788947988E+000
     14  2.195150075551652E+000
     15  2.157308375174082E+000
     16  2.148996593285454E+000
     17  2.139204173993173E+000
     18  2.099473637155083E+000
     19  2.083748450927231E+000
     20  2.073466089904932E+000
     21  2.070164230430503E+000
     22  2.069726573855338E+000
     23  2.057248649527248E+000
     24  2.051343687539819E+000
     25  1.939143169648104E+000
     26  1.931548228359921E+000
     27  1.917749351776977E+000
     28  1.902839913375758E+000
     29  1.901802705977539E+000
     30  1.867484302562952E+000
     31  1.856809342477856E+000
     32  1.822275663119286E+000
     33  1.820878431928877E+000
     34  1.813961122926123E+000
     35  1.803442854028232E+000
     36  1.801234197038820E+000
     37  1.797119471398576E+000
     38  1.795029766704800E+000
     39  1.791409675075914E+000
     40  1.782347443431965E+000
     41  1.777638881894777E+000
     42  1.770661003817877E+000
     43  1.732642626793915E+000
     44  1.730512235834454E+000
     45  1.714962093660745E+000
     46  1.712115651966047E+000
     47  1.707251552406468E+000
     48  1.701879843234294E+000
     49  1.701141782662012E+000
     50  1.698730055351553E+000
     51  1.696458753617262E+000
     52  1.692380394117407E+000
     53  1.692332613152322E+000
     54  1.688421585801454E+000
     55  1.665686385804521E+000
     56  1.655354858662826E+000
     57  1.636551496486640E+000
     58  1.634516357056385E+000
     59  1.630884324082746E+000
     60  1.627280971227774E+000
     61  1.618845627005808E+000
     62  1.613462016048273E+000
     63  1.611051051774664E+000
     64  1.607768720304573E+000
     65  1.601959894523782E+000
     66  1.596238356273903E+000
     67  1.587980725987477E+000
     68  1.586472171438333E+000
     69  1.584989348294213E+000
     70  1.573487794387213E+000
     71  1.567757292883313E+000
     72  1.564242678534945E+000
     73  1.557974821401521E+000
     74  1.556228488487285E+000
     75  1.548602798209553E+000
     76  1.547333049253309E+000
     77  1.545934292941165E+000
     78  1.543754244655181E+000
     79  1.540776862147026E+000
     80  1.533967078608256E+000
     81  1.533848622604161E+000
     82  1.528936836563016E+000
     83  1.528612233635601E+000
     84  1.526349396767342E+000
     85  1.519776799885798E+000
     86  1.517942944521179E+000
     87  1.508762336605405E+000
     88  1.506689769807186E+000
     89  1.499055464257524E+000
     90  1.495809590142686E+000
     91  1.493478507425202E+000
     92  1.492620619213124E+000
     93  1.489307981358732E+000
     94  1.488480982074420E+000
     95  1.486401888155361E+000
     96  1.485393176823330E+000
     97  1.484032306362961E+000
     98  1.483747638219876E+000
     99  1.481601986590862E+000
    100  1.480675871578796E+000
    101  1.479644960681410E+000
    102  1.464565190874588E+000
    103  1.454053982309810E+000
    104  1.448329804369525E+000
    105  1.442241832901476E+000
    106  1.442063460995737E+000
    107  1.437589388384801E+000
    108  1.434950628900048E+000
    109  1.432294480962054E+000
    110  1.431032037060061E+000
    111  1.430125636882655E+000
    112  1.429219047782221E+000
    113  1.428311791879749E+000
    114  1.422744546018420E+000
    115  1.419410017321090E+000
    116  1.418517871186979E+000
    117  1.415346462161446E+000
    118  1.407533442254237E+000
    119  1.406681228714772E+000
    120  1.402974331486771E+000
    121  1.401747516438885E+000
    122  1.398166894122691E+000
    123  1.396395205660262E+000
    124  1.391907947208294E+000
    125  1.390586892927477E+000
    126  1.388967646853835E+000
    127  1.388764759680982E+000
    128  1.384711854558526E+000
    129  1.382990449428363E+000
    130  1.382203395086913E+000
    131  1.377571041316666E+000
    132  1.376714383292608E+000
    133  1.375137853720372E+000
    134  1.370179384581772E+000
    135  1.369039690495845E+000
    136  1.366545759205118E+000
    137  1.365887425190916E+000
    138  1.364405783527542E+000
    139  1.362918428571505E+000
    140  1.362296816551222E+000
    141  1.360631454110238E+000
    142  1.356815291329706E+000
    143  1.351058454419112E+000
    144  1.350201794733445E+000
    145  1.343039933499125E+000
    146  1.341270688977152E+000
    147  1.337225367505191E+000
    148  1.331392589966811E+000
    149  1.326446923755811E+000
    150  1.309114987160099E+000
    151  1.307969723011254E+000
    152  1.302263559319865E+000
    153  1.296055997298709E+000
    154  1.291216395440109E+000
    155  1.290645647013044E+000
    156  1.288003583202387E+000
    157  1.286879944198630E+000
    158  1.285480041961678E+000
    159  1.284738835189403E+000
    160  1.284591873463732E+000
    161  1.283915568784606E+000
    162  1.283663888875987E+000
    163  1.280128261103701E+000
    164  1.276115118594511E+000
    165  1.255778589898212E+000
    166  1.254356002727481E+000
    167  1.249600120069976E+000
    168  1.241138167227006E+000
    169  1.240116252886465E+000
    170  1.232200340550879E+000
    171  1.226758519321162E+000
    172  1.225256030567035E+000
    173  1.218766439331946E+000
    174  1.214172571954654E+000
    175  1.211360108129636E+000
    176  1.210887729873938E+000
    177  1.209611394414623E+000
    178  1.206878150867291E+000
    179  1.202408748908346E+000
    180  1.199555217282295E+000
    181  1.198284624566094E+000
    182  1.196581319399242E+000
    183  1.194353883900736E+000
    184  1.189373600218115E+000
    185  1.188957438984833E+000
    186  1.186070290866618E+000
    187  1.184401834538828E+000
    188  1.182173585122783E+000
    189  1.179681443016505E+000
    190  1.177968291523698E+000
    191  1.168346659747425E+000
    192  1.168188320460639E+000
    193  1.161602182883518E+000
    194  1.161261824338587E+000
    195  1.156271261489104E+000
    196  1.154803843980600E+000
    197  1.152583869301606E+000
    198  1.151218460313464E+000
    199  1.150710734136570E+000
    200  1.149866258157231E+000
    201  1.149490501139764E+000
    202  1.149133570333066E+000
    203  1.148725038538176E+000
    204  1.148206776524302E+000
    205  1.147575275072655E+000
    206  1.147316512466867E+000
    207  1.147063522621924E+000
    208  1.146554051220300E+000
    209  1.146384336432175E+000
    210  1.145889782046778E+000
    211  1.145433593510668E+000
    212  1.144279603790410E+000
    213  1.143616380012802E+000
    214  1.142612452626640E+000
    215  1.141825737911410E+000
    216  1.141376263876687E+000
    217  1.141303494548125E+000
    218  1.140403642378527E+000
    219  1.139733637770642E+000
    220  1.137344753106656E+000
    221  1.135952017587894E+000
    222  1.135684572092081E+000
    223  1.132385383195912E+000
    224  1.130547329862584E+000
    225  1.129661313518719E+000
    226  1.128493691527023E+000
    227  1.128358872453362E+000
    228  1.126552305117903E+000
    229  1.121165114294078E+000
    230  1.108473686908007E+000
    231  1.099025210480008E+000
    232  1.098269455076315E+000
    233  1.095791447419874E+000
    234  1.093783769279550E+000
    235  1.088889279727943E+000
    236  1.086734642873975E+000
    237  1.085552200061200E+000
    238  1.085278444389461E+000
    239  1.084126737292232E+000
    240  1.082460358374683E+000
    241  1.080659351185224E+000
    242  1.079772991820253E+000
    243  1.077677422206470E+000
    244  1.077028317160448E+000
    245  1.075845432508297E+000
    246  1.064752993475765E+000
    247  1.064086340325517E+000
    248  1.062522532062814E+000
    249  1.052384432985254E+000
    250  1.051627298781226E+000
    251  1.041760455164517E+000
    252  1.037372501733977E+000
    253  1.033949174438278E+000
    254  1.031435215888278E+000
    255  1.028012868565466E+000
    256  1.026987744435339E+000
    257  1.024105140313320E+000
    258  1.020458396407288E+000
    259  1.018399647401827E+000
    260  1.012875919326700E+000
    261  1.010752289428740E+000
    262  1.009527778710648E+000
    263  1.008775009262889E+000
    264  1.007331736073502E+000
    265  1.006709963830311E+000
    266  1.006344733768521E+000
    267  1.006145481319754E+000
    268  1.005527028653306E+000
    269  1.005159534471992E+000
    270  1.004832787917663E+000
    271  1.004137239240164E+000
    272  1.003584295699851E+000
    273  1.003451846833271E+000
    274  1.003366022263141E+000
    275  1.003217834250182E+000
    276  1.002370024324859E+000
    277  1.002284793542737E+000
    278  1.001983087228120E+000
    279  1.001591097041360E+000
    280  1.001305048710676E+000
    281  1.000881859056287E+000
    282  9.996421468590003E-001
    283  9.996190697458059E-001
    284  9.951129231477283E-001
    285  9.948698878611217E-001
    286  9.907213729711447E-001
    287  9.906389759319878E-001
    288  9.838644454431613E-001
    289  9.812736237284281E-001
    290  9.806907163786903E-001
    291  9.804034958133024E-001
    292  9.793721525120003E-001
    293  9.784663502140797E-001
    294  9.771580333050597E-001
    295  9.769298188364988E-001
    296  9.760886516172985E-001
    297  9.748926542112895E-001
    298  9.712411570564470E-001
    299  9.711142778165720E-001
    300  9.676538774034491E-001
    301  9.665752162243704E-001
    302  9.663168791943679E-001
    303  9.605024728123223E-001
    304  9.567127676304363E-001
    305  9.510914626929232E-001
    306  9.499048389329116E-001
    307  9.492820622775687E-001
    308  9.491443374294253E-001
    309  9.476387032610182E-001
    310  9.461879680086167E-001
    311  9.442889363540297E-001
    312  9.439036159706907E-001
    313  9.436071998689514E-001
    314  9.425381182800288E-001
    315  9.419141041195751E-001
    316  9.414246048787126E-001
    317  9.399564715985684E-001
    318  9.397620293198596E-001
    319  9.388681243808515E-001
    320  9.378346731124846E-001
    321  9.373641545479897E-001
    322  9.363474236872872E-001
    323  9.362719198901254E-001
    324  9.353911344364627E-001
    325  9.308061611423518E-001
    326  9.306754905359970E-001
    327  9.304860786299646E-001
    328  9.297528506418568E-001
    329  9.258046018074730E-001
    330  9.239109416587040E-001
    331  9.131655535141391E-001
    332  9.124599212486422E-001
    333  9.078737231148319E-001
    334  9.061641063494382E-001
    335  9.034034510258582E-001
    336  8.903827757527589E-001
    337  8.845487666228825E-001
    338  8.790249214734632E-001
    339  8.622667718908612E-001
    340  8.610835580067696E-001
    341  8.598640460319583E-001
    342  8.565364847419434E-001
    343  8.552271783358137E-001
    344  8.536279331043299E-001
    345  8.480861265079003E-001
    346  8.472597622033516E-001
    347  8.471045120136650E-001
    348  8.395918363123542E-001
    349  8.393201170821567E-001
    350  8.370964109402871E-001
    351  8.360456240939721E-001
    352  8.209455752780466E-001
    353  8.184108869537102E-001
    354  8.172483375109733E-001
    355  8.153589353656193E-001
    356  8.061374361764382E-001
    357  8.024693879521750E-001
    358  8.012256713189002E-001
    359  7.953276965100178E-001
    360  7.796907060596459E-001
    361  7.777159870312231E-001
    362  7.749295834483120E-001
    363  7.740586320071966E-001
    364  7.727183267747889E-001
    365  7.699127802872675E-001
    366  7.695920900589087E-001
    367  7.682989664482511E-001
    368  7.669531630241329E-001
    369  7.658140361044705E-001
    370  7.644300351565159E-001
    371  7.630518579330072E-001
    372  7.626016158362282E-001
    373  7.616520318550249E-001
    374  7.608219987374477E-001
    375  7.605696651465150E-001
    376  7.604320743591862E-001
    377  7.598154020309911E-001
    378  7.528777904366944E-001
    379  7.527517815625441E-001
    380  7.499084710196928E-001
    381  7.494359355252523E-001
    382  7.404555523736304E-001
    383  7.394944730461287E-001
    384  7.329384183454457E-001
    385  7.210867058834991E-001
    386  7.135255370559541E-001
    387  6.987178144655675E-001
    388  6.834993582411927E-001
    389  6.817948973537504E-001
    390  6.806564558382140E-001
    391  6.795543993608356E-001
    392  6.711994213842066E-001
    393  6.428904142970794E-001
    394  6.132922696986624E-001
    395  6.126274228935732E-001
    396  6.102333433837224E-001
    397  6.101026493807513E-001
    398  6.090262072781578E-001
    399  6.088198250158227E-001
    400  6.080503362407857E-001
    401  6.068783058844455E-001
    402  6.046578980135207E-001
    403  6.030822598931415E-001
    404  6.029683179092796E-001
    405  6.015473085619637E-001
    406  6.004515847102790E-001
    407  5.990657529910891E-001
    408  5.966824573160237E-001
    409  5.950605254258031E-001
    410  5.947032128435896E-001
    411  5.928970473758715E-001
    412  5.913563695947345E-001
    413  5.898976437907849E-001
    414  5.897864906841398E-001
    415  5.895579590875443E-001
    416  5.891573634728087E-001
    417  5.856900684278987E-001
    418  5.842666161232946E-001
    419  5.831354515598218E-001
    420  5.802962327855717E-001
    421  5.793360980367014E-001
    422  5.779275635103672E-001
    423  5.757496611653815E-001
    424  5.736014624336184E-001
    425  5.721995233331461E-001
    426  5.708449380569770E-001
    427  5.692838385926232E-001
    428  5.678004740696444E-001
    429  5.673100007844110E-001
    430  5.670619856923171E-001
    431  5.668020380150389E-001
    432  5.659187414436934E-001
    433  5.657333079497439E-001
    434  5.650088828690130E-001
    435  5.645270716933761E-001
    436  5.641373869596006E-001
    437  5.632602909902000E-001
    438  5.630817458395440E-001
    439  5.609897964863585E-001
    440  5.596812189849248E-001
    441  5.577073507144276E-001
    442  5.572358733686926E-001
    443  5.556088426212791E-001
    444  5.516087810770375E-001
    445  5.500249570973400E-001
    446  5.490055781370878E-001
    447  5.435656832930937E-001
    448  5.413297890891700E-001
    449  5.403266060897409E-001
    450  5.389191822338790E-001
    451  5.383240022898340E-001
    452  5.374933244679249E-001
    453  5.371233385957269E-001
    454  5.343069223496119E-001
    455  5.336631306044274E-001
    456  5.335645199826440E-001
    457  5.318335765414465E-001
    458  5.302055027107485E-001
    459  5.277495273160864E-001
    460  5.242195548989703E-001
    461  5.226614384392754E-001
    462  5.223114312122872E-001
    463  5.214669541263689E-001
    464  5.212634714158737E-001
    465  5.207598792261017E-001
    466  5.202668038463308E-001
    467  5.200581832626833E-001
    468  5.200075659884971E-001
    469  5.190175132166288E-001
    470  5.187732331300555E-001
    471  5.186330777240392E-001
    472  5.185159735986329E-001
    473  5.179182891513046E-001
    474  5.176813745256957E-001
    475  5.170430073330522E-001
    476  5.165645074816305E-001
    477  5.163986638302007E-001
    478  5.156759526954137E-001
    479  5.148631658099870E-001
    480  5.147222263233937E-001
    481  5.143760703207690E-001
    482  5.142412871875951E-001
    483  5.139049654190508E-001
    484  5.136544135235251E-001
    485  5.133196691205720E-001
    486  5.131620680213617E-001
    487  5.127327199523753E-001
    488  5.122894792807359E-001
    489  5.119415426418844E-001
    490  5.115045619249312E-001
    491  5.105507049618521E-001
    492  5.100906099150291E-001
    493  5.048730909887178E-001
    494  5.045760899509197E-001
    495  5.029106963671333E-001
    496  5.019813566970955E-001
    497  5.010073972070167E-001
    498  4.980927093317862E-001
    499  4.975275285061410E-001
    500  4.966983955672628E-001
    501  4.954365513390855E-001
    502  4.944168280841746E-001
    503  4.903961512160436E-001
    504  4.889427442082627E-001
    505  4.868665906820133E-001
    506  4.864535822772383E-001
    507  4.857046513637382E-001
    508  4.852797260732987E-001
    509  4.848416482056240E-001
    510  4.845999519871506E-001
    511  4.843633787352873E-001
    512  4.840768462774255E-001
    513  4.839141613315643E-001
    514  4.838559008046450E-001
    515  4.837212742539911E-001
    516  4.834959785817987E-001
    517  4.833113896961309E-001
    518  4.832742950751886E-001
    519  4.832610654838975E-001
    520  4.831488793473635E-001
    521  4.827576394792142E-001
    522  4.738132483584929E-001
    523  4.730919248503667E-001
    524  4.728753551870765E-001
    525  4.722562350189676E-001
    526  4.717562521239983E-001
    527  4.710537915890726E-001
    528  4.709742966371338E-001
    529  4.707785228865711E-001
    530  4.641725927994047E-001
    531  4.623340364038067E-001
    532  4.600382128525055E-001
    533  4.545389890573352E-001
    534  4.534766537643969E-001
    535  3.613323922005994E-001
    536  3.604602735989950E-001
    537  3.512548533039145E-001
    538  2.486523063529880E-001
    539  1.886179434702925E-001
    540  1.823463677817980E-001
    541  1.819654579259920E-001
    542  1.816426702639689E-001
    543  1.797970355392708E-001
    544  1.755054696961240E-001
    545  1.749022242843580E-001
    546  1.748935932263385E-001
    547  1.743277038276662E-001
    548  1.740709627246742E-001
    549  1.730783951836815E-001
    550  1.728926385147138E-001
    551  1.727054812375852E-001
    552  1.726142866817424E-001
    553  1.723030193179990E-001
    554  1.711467113858213E-001
    555  1.709530709670533E-001
    556  1.696490266782674E-001
    557  1.695677400969760E-001
    558  1.692271369278366E-001
    559  1.691432046577395E-001
    560  1.680844899182854E-001
    561  1.679313840905646E-001
    562  1.678226729018465E-001
    563  1.676443713361014E-001
    564  1.674287213201474E-001
    565  1.672049695011485E-001
    566  1.670802855667158E-001
    567  1.667308563672874E-001
    568  1.657680262142061E-001
    569  1.657184149777338E-001
    570  1.655647535688063E-001
    571  1.651047310307756E-001
    572  1.648954011354952E-001
    573  1.648368537151995E-001
    574  1.646367259768227E-001
    575  1.644445181744010E-001
    576  1.642510495309026E-001
    577  1.642227963108424E-001
    578  1.640729943073297E-001
    579  1.640332211439310E-001
    580  1.639444361590655E-001
    581  1.639085797560614E-001
    582  1.636567580162991E-001
    583  1.635044550697892E-001
    584  1.631241838200744E-001
    585  1.630175140175986E-001
    586  1.627767946212534E-001
    587  1.627248992099181E-001
    588  1.626501296909449E-001
    589  1.624895584719961E-001
    590  1.624417953150072E-001
    591  1.622380384145563E-001
    592  1.622240598616441E-001
    593  1.620090317681276E-001
    594  1.617901757921030E-001
    595  1.616319739848726E-001
    596  1.614330462363026E-001
    597  1.614135231857653E-001
    598  1.611663160529704E-001
    599  1.610729705592029E-001
    600  1.607858729357362E-001
    601  1.607757280504218E-001
    602  1.607368588154688E-001
    603  1.606872412084547E-001
    604  1.605435002715692E-001
    605  1.603471499373448E-001
    606  1.602525567886255E-001
    607  1.602429431714734E-001
    608  1.600629095960063E-001
    609  1.599883738542101E-001
    610  1.599819034019308E-001
    611  1.599613819039062E-001
    612  1.598834454443274E-001
    613  1.597180296391223E-001
    614  1.596587716043962E-001
    615  1.596089987651700E-001
    616  1.595221930507797E-001
    617  1.594655553260425E-001
    618  1.591362865010788E-001
    619  1.590616193599474E-001
    620  1.589136824584570E-001
    621  1.588703995112432E-001
    622  1.587985242911312E-001
    623  1.587074519677733E-001
    624  1.586324789788976E-001
    625  1.585163587799202E-001
    626  1.584091376491171E-001
    627  1.583545633772983E-001
    628  1.581396713083409E-001
    629  1.579928807772471E-001
    630  1.579834525927272E-001
    631  1.579401531675144E-001
    632  1.578937596159429E-001
    633  1.578809212533447E-001
    634  1.577669415106964E-001
    635  1.576691187135080E-001
    636  1.576659411304865E-001
    637  1.575667774408620E-001
    638  1.575450605006181E-001
    639  1.574945511742708E-001
    640  1.574600641841678E-001
    641  1.574238147080491E-001
    642  1.573527221854684E-001
    643  1.572926864279776E-001
    644  1.572360012726934E-001
    645  1.572162178375373E-001
    646  1.571224190734651E-001
    647  1.570674487941127E-001
    648  1.570262398681162E-001
    649  1.569500366487913E-001
    650  1.567822971875902E-001
    651  1.567615054030549E-001
    652  1.565352185210188E-001
    653  1.564948892100236E-001
    654  1.562138572144832E-001
    655  1.561012907737720E-001
    656  1.560123355624575E-001
    657  1.559141271176521E-001
    658  1.558901830586870E-001
    659  1.557526325940050E-001
    660  1.555021472348277E-001
    661  1.554655508284215E-001
    662  1.553784196118214E-001
    663  1.550156341401976E-001
    664  1.548648241792781E-001
    665  1.547577019092709E-001
    666  1.545069022881935E-001
    667  1.540922111974357E-001
    668  1.540506889771389E-001
    669  1.538446350996577E-001
    670  1.537707469553663E-001
    671  1.533669056130038E-001
    672  1.533467146435172E-001
    673  1.531630770267965E-001
    674  1.529894399964171E-001
    675  1.528906654860749E-001
    676  1.525564951882372E-001
    677  1.521908539850556E-001
    678  1.518073360185582E-001
    679  1.514867153175284E-001
    680  1.513241084224296E-001
    681  1.512148954780700E-001
    682  1.510093072694504E-001
    683  1.509905324792426E-001
    684  1.509263644535706E-001
    685  1.508775244360465E-001
    686  1.508416556659615E-001
    687  1.507918962958148E-001
    688  1.507365022874170E-001
    689  1.506283672198120E-001
    690  1.504502571850517E-001
    691  1.503266860156536E-001
    692  1.503112734841225E-001
    693  1.502456600815894E-001
    694  1.502423233110573E-001
    695  1.501803457174772E-001
    696  1.499570889417606E-001
    697  1.499387667794652E-001
    698  1.498201446380214E-001
    699  1.497537120276252E-001
    700  1.496168366709365E-001
    701  1.494693233807982E-001
    702  1.494265748670549E-001
    703  1.492476911050835E-001
    704  1.490188604159290E-001
    705  1.487707876683370E-001
    706  1.485311110008437E-001
    707  1.482685992220321E-001
    708  1.482141649736825E-001
    709  1.481121209367477E-001
    710  1.480723049070934E-001
    711  1.478484599789840E-001
    712  1.476476066045241E-001
    713  1.475633403435107E-001
    714  1.475276836265119E-001
    715  1.474479835469258E-001
    716  1.473885994835221E-001
    717  1.472065252285354E-001
    718  1.470807193678948E-001
    719  1.470642087857261E-001
    720  1.467136490422696E-001
    721  1.465885168421773E-001
    722  1.465616552817891E-001
    723  1.464814638058943E-001
    724  1.464122907974573E-001
    725  1.463666743645629E-001
    726  1.461644945729602E-001
    727  1.459931827742157E-001
    728  1.459707784025426E-001
    729  1.459220404612014E-001
    730  1.457356516446658E-001
    731  1.457000804283543E-001
    732  1.456955200058784E-001
    733  1.455725310859245E-001
    734  1.455678172911079E-001
    735  1.455082602122611E-001
    736  1.454232696759183E-001
    737  1.454183413511776E-001
    738  1.452559102263272E-001
    739  1.452502876026950E-001
    740  1.452458912109834E-001
    741  1.452149181122894E-001
    742  1.451652057942078E-001
    743  1.451062805593864E-001
    744  1.449234831335497E-001
    745  1.448622856803847E-001
    746  1.446770666196844E-001
    747  1.446556033726474E-001
    748  1.445852507509776E-001
    749  1.444611025459799E-001
    750  1.444255652956475E-001
    751  1.443126915463901E-001
    752  1.441696554162525E-001
    753  1.439960286774875E-001
    754  1.439558654136361E-001
    755  1.439545721985704E-001
    756  1.438090819712656E-001
    757  1.436774711251420E-001
    758  1.435299920281655E-001
    759  1.433561872387056E-001
    760  1.430185850594586E-001
    761  1.429074766970872E-001
    762  1.427622753154369E-001
    763  1.421435636022260E-001
    764  1.419378438420466E-001
    765  1.417107913879042E-001
    766  1.416281271000939E-001
    767  1.411919199038136E-001
    768  1.409782983804534E-001
    769  1.406885773819151E-001
    770  1.406414165172571E-001
    771  1.403808976621508E-001
    772  1.398238312935938E-001
    773  1.393579782111569E-001
    774  1.389923848264499E-001
    775  1.383704729098178E-001
    776  1.380565413300931E-001
    777  1.380273638432633E-001
    778  1.373308120875557E-001
    779  1.372806197907850E-001
    780  1.372106196182042E-001
    781  1.367727708935644E-001
    782  1.365881772998074E-001
    783  1.365559544995588E-001
    784  1.364597218968388E-001
    785  1.363460301899800E-001
    786  1.362992415275424E-001
    787  1.361894211134567E-001
    788  1.360395097672787E-001
    789  1.359419818769481E-001
    790  1.358888866568511E-001
    791  1.358118212750912E-001
    792  1.357611438354452E-001
    793  1.356580636851017E-001
    794  1.355575894189359E-001
    795  1.355163106602613E-001
    796  1.352456640148870E-001
    797  1.350157157723062E-001
    798  1.350131417163571E-001
    799  1.348946600954376E-001
    800  1.348509045463303E-001
    801  1.346823693792744E-001
    802  1.344970039658002E-001
    803  1.342496298453471E-001
    804  1.341526259200899E-001
    805  1.338363478552373E-001
    806  1.337076882634045E-001
    807  1.336701671180161E-001
    808  1.335594706408472E-001
    809  1.330512545333223E-001
    810  1.329768555502948E-001
    811  1.328143004303105E-001
    812  1.327128565365779E-001
    813  1.325166608841079E-001
    814  1.324178372126243E-001
    815  1.323426922565219E-001
    816  1.323399461406138E-001
    817  1.320953401945985E-001
    818  1.319701147569050E-001
    819  1.318565782975447E-001
    820  1.317080926319902E-001
    821  1.316936470535915E-001
    822  1.316481873971020E-001
    823  1.316333672001979E-001
    824  1.315195620395807E-001
    825  1.314366437064632E-001
    826  1.313329886744744E-001
    827  1.312301369245982E-001
    828  1.311705633148246E-001
    829  1.310883226889393E-001
    830  1.310844371778694E-001
    831  1.309756497142741E-001
    832  1.308937390347948E-001
    833  1.308124348808296E-001
    834  1.307579248205669E-001
    835  1.307268785106763E-001
    836  1.304490628127811E-001
    837  1.304431743152563E-001
    838  1.303721471188443E-001
    839  1.302710034500292E-001
    840  1.299414091787977E-001
    841  1.298411298052961E-001
    842  1.297554686457286E-001
    843  1.295718740957859E-001
    844  1.292536835711975E-001
    845  1.291237232745455E-001
    846  1.288536465924671E-001
    847  1.288372865439872E-001
    848  1.283804164909936E-001
    849  1.281032904734815E-001
    850  1.275524820105977E-001
    851  1.274298755805658E-001
    852  1.273764132972365E-001
    853  1.272075490108560E-001
    854  1.269480626128401E-001
    855  1.265823912610964E-001
    856  1.265634872403808E-001
    857  1.264145100016733E-001
    858  1.263974690201543E-001
    859  1.263779744683350E-001
    860  1.262500711546279E-001
    861  1.262472586416304E-001
    862  1.260629936011388E-001
    863  1.259447631944237E-001
    864  1.258477190628131E-001
    865  1.258272346111826E-001
    866  1.249206892690204E-001
    867  1.247449446049516E-001
    868  1.245973057391556E-001
    869  1.242201424651785E-001
    870  1.236694201088137E-001
    871  1.234107017842032E-001
    872  1.233206268163855E-001
    873  1.232169724053036E-001
    874  1.229477202213016E-001
    875  1.229373273724827E-001
    876  1.227263632168483E-001
    877  1.226515221528175E-001
    878  1.224199832196396E-001
    879  1.224010050248276E-001
    880  1.221034000584665E-001
    881  1.215547910443632E-001
    882  1.214035838835033E-001
    883  1.213497162785686E-001
    884  1.213269318703714E-001
    885  1.210937775386591E-001
    886  1.209323624830223E-001
    887  1.207386854006046E-001
    888  1.207122499624325E-001
    889  1.193047572820205E-001
    890  1.190178982095899E-001
    891  1.189996080796970E-001
    892  1.188039116656023E-001
    893  1.181350965838781E-001
    894  1.179040128379228E-001
    895  1.166864350514194E-001
    896  1.166758360696496E-001
    897  1.163926727761183E-001
    898  1.156488455503643E-001
    899  1.153033246471577E-001
    900  1.147143736051654E-001
    901  1.132946554829751E-001
    902  1.131771262888458E-001
    903  1.126162974513719E-001
    904  1.123543107975004E-001
    905  1.117772160839235E-001
    906  1.115733045112949E-001
    907  1.113653137925931E-001
    908  1.110083201937357E-001
    909  1.109359528628135E-001
    910  1.105574497318669E-001
    911  1.104182147716793E-001
    912  1.101916645364253E-001
    913  1.099707912111875E-001
    914  1.098858231136563E-001
    915  1.098221451539024E-001
    916  1.097707211996759E-001
    917  1.096089038742780E-001
    918  1.093355542665934E-001
    919  1.091447008673062E-001
    920  1.089098392935627E-001
    921  1.087730551666403E-001
    922  1.085676355639502E-001
    923  1.085524907397627E-001
    924  1.084864629944303E-001
    925  1.082006389823878E-001
    926  1.079829079939360E-001
    927  1.077236758593919E-001
    928  1.075838131797042E-001
    929  1.074602440310867E-001
    930  1.074109575797590E-001
    931  1.073664802966336E-001
    932  1.073366888137750E-001
    933  1.073199736204691E-001
    934  1.070894223279640E-001
    935  1.069914757900721E-001
    936  1.066694645102077E-001
    937  1.066668557091082E-001
    938  1.066081866717325E-001
    939  1.064908944625950E-001
    940  1.064337618417894E-001
    941  1.063935611813393E-001
    942  1.062519119785288E-001
    943  1.061745056551726E-001
    944  1.061726440489566E-001
    945  1.060261336670856E-001
    946  1.059711231769331E-001
    947  1.057941331711308E-001
    948  1.056859759534162E-001
    949  1.056210330271144E-001
    950  1.055090463663045E-001
    951  1.053444816999845E-001
    952  1.053352739889383E-001
    953  1.051933069376434E-001
    954  1.051905993302359E-001
    955  1.051491290564098E-001
    956  1.051421587323923E-001
    957  1.051104661949405E-001
    958  1.050888028997463E-001
    959  1.050212353727587E-001
    960  1.050070332372957E-001
    961  1.049824509789021E-001
    962  1.049049112801509E-001
    963  1.048484048456910E-001
    964  1.047730223052453E-001
    965  1.045032776061300E-001
    966  1.042843063031912E-001
    967  1.041555554339749E-001
    968  1.041211868940162E-001
    969  1.040497602110216E-001
    970  1.040060492873419E-001
    971  1.038648635610742E-001
    972  1.037850837877329E-001
    973  1.036146912621981E-001
    974  1.035961193652277E-001
    975  1.035777969100948E-001
    976  1.034132879263640E-001
    977  1.033750108758304E-001
    978  1.033087736773418E-001
    979  1.032443458824153E-001
    980  1.031922307051412E-001
    981  1.031162999350701E-001
    982  1.030029797320658E-001
    983  1.029053179538936E-001
    984  1.028893276570918E-001
    985  1.027483701413890E-001
    986  1.026809910811274E-001
    987  1.025897669401696E-001
    988  1.025874085208581E-001
    989  1.022507135849496E-001
    990  1.021694610126334E-001
    991  1.019509468559417E-001
    992  1.017740719734075E-001
    993  1.016775297525206E-001
    994  1.016267137413115E-001
    995  1.014892032916401E-001
    996  1.014513506072174E-001
    997  1.014080951115108E-001
    998  1.013490527292847E-001
    999  1.013286681533916E-001
   1000  1.013216445317388E-001
   1001  1.012127840504312E-001
   1002  1.012029316587297E-001
   1003  1.010321498050333E-001
   1004  1.010247127263274E-001
   1005  1.009975613217532E-001
   1006  1.008932589623472E-001
   1007  1.007919681286028E-001
   1008  1.007751314659572E-001
   1009  1.006623524850332E-001
   1010  1.005524748718882E-001
   1011  1.004632076899833E-001
   1012  1.004084915453559E-001
   1013  1.003415769568871E-001
   1014  1.002629659748242E-001
   1015  1.002399568672136E-001
   1016  1.002216184522112E-001
   1017  1.001739051898530E-001
   1018  1.000919991574179E-001
   1019  1.000051308154073E-001
   1020  9.991562336025023E-002
   1021  9.981810104828376E-002
   1022  9.966005161905848E-002
   1023  9.959231769749956E-002
   1024  9.947887950180570E-002
   1025  9.940867779248264E-002
   1026  9.937558034199534E-002
   1027  9.929030496170735E-002
   1028  9.908930619956514E-002
   1029  9.905550546707903E-002
   1030  9.883843873064671E-002
   1031  9.880924985188984E-002
   1032  9.872052235370415E-002
   1033  9.859113412640358E-002
   1034  9.858037820569425E-002
   1035  9.857111642966272E-002
   1036  9.846365094411128E-002
   1037  9.834418301127607E-002
   1038  9.814900281497929E-002
   1039  9.802334954239436E-002
   1040  9.791772796677339E-002
   1041  9.786268326178209E-002
   1042  9.760031903092091E-002
   1043  9.755259947782395E-002
   1044  9.742430735913409E-002
   1045  9.714810759732961E-002
   1046  9.705144758835163E-002
   1047  9.667320293161284E-002
   1048  9.655712053604142E-002
   1049  9.642447560754568E-002
   1050  9.628558769493416E-002
   1051  9.561238643968907E-002
   1052  9.547467089284821E-002
   1053  9.526369607676628E-002
   1054  9.524292004315615E-002
   1055  9.520202775298892E-002
   1056  9.510508952208804E-002
   1057  9.509366460203267E-002
   1058  9.480796612659345E-002
   1059  9.462332797062309E-002
   1060  9.443812298056113E-002
   1061  9.407678907966645E-002
   1062  9.402068522151746E-002
   1063  9.400693028987260E-002
   1064  9.389901209825903E-002
   1065  9.355996968000202E-002
   1066  9.349391968813719E-002
   1067  9.339401693125550E-002
   1068  9.334402687656532E-002
   1069  9.236492279259458E-002
   1070  9.178718898737002E-002
   1071  9.130073892488180E-002
   1072  9.110293068234496E-002
   1073  9.085343400245671E-002
   1074  9.045708681607664E-002
   1075  3.468636676879822E-002
   1076  3.426760848446932E-002
   1077  1.180076186570819E-005
