# t, dt:    7.437500000000003E-003  6.250000000000000E-005
# j, New nj
      1  4.349212462418773E+000
      2  4.264472020618845E+000
      3  4.194566011108132E+000
      4  4.117331602144922E+000
      5  4.046356425226435E+000
      6  4.008076859342068E+000
      7  3.994250450864810E+000
      8  3.980222919289860E+000
      9  3.948911927731425E+000
     10  3.909034439384989E+000
     11  3.560179904099714E+000
     12  3.514409285060684E+000
     13  3.033595803007492E+000
     14  3.018833980558490E+000
     15  2.968938624703031E+000
     16  2.957978331588932E+000
     17  2.945065143320668E+000
     18  2.892667572657394E+000
     19  2.871926453209748E+000
     20  2.858363534623110E+000
     21  2.854008099702252E+000
     22  2.853430788614474E+000
     23  2.836970746206573E+000
     24  2.829181002852875E+000
     25  2.681127335663013E+000
     26  2.671102550051010E+000
     27  2.652888007743768E+000
     28  2.633206048131730E+000
     29  2.631836772270357E+000
     30  2.586526791466175E+000
     31  2.572431083649806E+000
     32  2.526825345391929E+000
     33  2.524979946087274E+000
     34  2.515843654000044E+000
     35  2.501950535639427E+000
     36  2.499033105717240E+000
     37  2.493597832262408E+000
     38  2.490837421796749E+000
     39  2.486055351907394E+000
     40  2.474083853034567E+000
     41  2.467863425408837E+000
     42  2.458644690630490E+000
     43  2.408409926547691E+000
     44  2.405594608808144E+000
     45  2.385043825855685E+000
     46  2.381281784959909E+000
     47  2.374852906634008E+000
     48  2.367752869102296E+000
     49  2.366777319402022E+000
     50  2.363589524446091E+000
     51  2.360587293199888E+000
     52  2.355196352906726E+000
     53  2.355133193177156E+000
     54  2.349963291399030E+000
     55  2.319907250776055E+000
     56  2.306247272826440E+000
     57  2.281383420913478E+000
     58  2.278692124675592E+000
     59  2.273888969737323E+000
     60  2.269123609227912E+000
     61  2.257967515314780E+000
     62  2.250847078793214E+000
     63  2.247658206378134E+000
     64  2.243316717824487E+000
     65  2.235633194717596E+000
     66  2.228064777273728E+000
     67  2.217141009286955E+000
     68  2.215145308242392E+000
     69  2.213183623601724E+000
     70  2.197966946142214E+000
     71  2.190384882874629E+000
     72  2.185734491481337E+000
     73  2.177440776491653E+000
     74  2.175129924942128E+000
     75  2.165038747575281E+000
     76  2.163358406650339E+000
     77  2.161507320271390E+000
     78  2.158622242159942E+000
     79  2.154681881431874E+000
     80  2.145669210091391E+000
     81  2.145512430063670E+000
     82  2.139011388973315E+000
     83  2.138581747551557E+000
     84  2.135586642637018E+000
     85  2.126886763432737E+000
     86  2.124459270442102E+000
     87  2.112306189262977E+000
     88  2.109562428870986E+000
     89  2.099455319895104E+000
     90  2.095157864396606E+000
     91  2.092071487827724E+000
     92  2.090935618074936E+000
     93  2.086549498537752E+000
     94  2.085454483043834E+000
     95  2.082701552113412E+000
     96  2.081365896244296E+000
     97  2.079563918424408E+000
     98  2.079186976031478E+000
     99  2.076345784919532E+000
    100  2.075119439972264E+000
    101  2.073754313170681E+000
    102  2.053784179318605E+000
    103  2.039862412765070E+000
    104  2.032280294008820E+000
    105  2.024215813414968E+000
    106  2.023979523977920E+000
    107  2.018052572315815E+000
    108  2.014556790778576E+000
    109  2.011037875579570E+000
    110  2.009365331431100E+000
    111  2.008164476749244E+000
    112  2.006963360255462E+000
    113  2.005761348786560E+000
    114  1.998385123680501E+000
    115  1.993966887899593E+000
    116  1.992784771360532E+000
    117  1.988582480795105E+000
    118  1.978229183906085E+000
    119  1.977099833412833E+000
    120  1.972187342456033E+000
    121  1.970561486191861E+000
    122  1.965816082581635E+000
    123  1.963467991451562E+000
    124  1.957520635923190E+000
    125  1.955769670100433E+000
    126  1.953623436092416E+000
    127  1.953354515977652E+000
    128  1.947982396933471E+000
    129  1.945700602222753E+000
    130  1.944657313714185E+000
    131  1.938516655362129E+000
    132  1.937381031689531E+000
    133  1.935291085118313E+000
    134  1.928717577635113E+000
    135  1.927206616505892E+000
    136  1.923900191075032E+000
    137  1.923027363239551E+000
    138  1.921062958599103E+000
    139  1.919090944535837E+000
    140  1.918266768076499E+000
    141  1.916058684758701E+000
    142  1.910998717031539E+000
    143  1.903365112123456E+000
    144  1.902229130293769E+000
    145  1.892731612772006E+000
    146  1.890385246826225E+000
    147  1.885020163597328E+000
    148  1.877284004188023E+000
    149  1.870724001075192E+000
    150  1.847731416860686E+000
    151  1.846211926215197E+000
    152  1.838640877763126E+000
    153  1.830403918399350E+000
    154  1.823981665761057E+000
    155  1.823224243259416E+000
    156  1.819717966707223E+000
    157  1.818226750209156E+000
    158  1.816368864410598E+000
    159  1.815385154631459E+000
    160  1.815190109788943E+000
    161  1.814292525899102E+000
    162  1.813958497075380E+000
    163  1.809265901309751E+000
    164  1.803939257696883E+000
    165  1.776942007333381E+000
    166  1.775053196577981E+000
    167  1.768738391049035E+000
    168  1.757501631387127E+000
    169  1.756144521155371E+000
    170  1.745631432699270E+000
    171  1.738403453299035E+000
    172  1.736407701264450E+000
    173  1.727787070274087E+000
    174  1.721684159594217E+000
    175  1.717947613503641E+000
    176  1.717320011433566E+000
    177  1.715624248200691E+000
    178  1.711992695913174E+000
    179  1.706054043196525E+000
    180  1.702262235382275E+000
    181  1.700573800917591E+000
    182  1.698310300374609E+000
    183  1.695350196683818E+000
    184  1.688731369552065E+000
    185  1.688178264640624E+000
    186  1.684340957068471E+000
    187  1.682123330017685E+000
    188  1.679161560096805E+000
    189  1.675848897792094E+000
    190  1.673571624242722E+000
    191  1.660780487319384E+000
    192  1.660569971506483E+000
    193  1.651813045780201E+000
    194  1.651360478510494E+000
    195  1.644724333282684E+000
    196  1.642772942609060E+000
    197  1.639820697362694E+000
    198  1.638004844263205E+000
    199  1.637329609794383E+000
    200  1.636206512243644E+000
    201  1.635706774772896E+000
    202  1.635232072147136E+000
    203  1.634688738781652E+000
    204  1.633999462362187E+000
    205  1.633159571648275E+000
    206  1.632815417237861E+000
    207  1.632478939088478E+000
    208  1.631801334244246E+000
    209  1.631575609601235E+000
    210  1.630917836835984E+000
    211  1.630311086760877E+000
    212  1.628776209732647E+000
    213  1.627894067299485E+000
    214  1.626558741187979E+000
    215  1.625512313518907E+000
    216  1.624914451009618E+000
    217  1.624817657308293E+000
    218  1.623620713786901E+000
    219  1.622729490847459E+000
    220  1.619551770896636E+000
    221  1.617699076409713E+000
    222  1.617343300182668E+000
    223  1.612954328439317E+000
    224  1.610509018575516E+000
    225  1.609330250753872E+000
    226  1.607776802009252E+000
    227  1.607597431450627E+000
    228  1.605193834290902E+000
    229  1.598025824575212E+000
    230  1.581136208265830E+000
    231  1.568559636326120E+000
    232  1.567553575042704E+000
    233  1.564254748641752E+000
    234  1.561581927486947E+000
    235  1.555065454093758E+000
    236  1.552196592950368E+000
    237  1.550622138940783E+000
    238  1.550257620710058E+000
    239  1.548724048098611E+000
    240  1.546505094133946E+000
    241  1.544106785498669E+000
    242  1.542926434432651E+000
    243  1.540135712825418E+000
    244  1.539271259673689E+000
    245  1.537695910093836E+000
    246  1.522921296139674E+000
    247  1.522033237280981E+000
    248  1.519950015955936E+000
    249  1.506442923911800E+000
    250  1.505434069804960E+000
    251  1.492285352420745E+000
    252  1.486436987289715E+000
    253  1.481873905531112E+000
    254  1.478522734866996E+000
    255  1.473960356404491E+000
    256  1.472593681053246E+000
    257  1.468750480414452E+000
    258  1.463888138540273E+000
    259  1.461142951667024E+000
    260  1.453776833178536E+000
    261  1.450944634387368E+000
    262  1.449311490481921E+000
    263  1.448307490061100E+000
    264  1.446382486040344E+000
    265  1.445553160638037E+000
    266  1.445066007840223E+000
    267  1.444800238278162E+000
    268  1.443975317527912E+000
    269  1.443485131098864E+000
    270  1.443049292795329E+000
    271  1.442121508195341E+000
    272  1.441383932088191E+000
    273  1.441207255979389E+000
    274  1.441092772626410E+000
    275  1.440895100704865E+000
    276  1.439764171181596E+000
    277  1.439650476975428E+000
    278  1.439248011845613E+000
    279  1.438725107033638E+000
    280  1.438343522847711E+000
    281  1.437778989419571E+000
    282  1.436125185127428E+000
    283  1.436094399268537E+000
    284  1.430082679662299E+000
    285  1.429758423997009E+000
    286  1.424223215148315E+000
    287  1.424113270191669E+000
    288  1.415073041367781E+000
    289  1.411615336081822E+000
    290  1.410837358427696E+000
    291  1.410454015162717E+000
    292  1.409077494582074E+000
    293  1.407868502657799E+000
    294  1.406122218174105E+000
    295  1.405817601550933E+000
    296  1.404694811360557E+000
    297  1.403098352756112E+000
    298  1.398223909195551E+000
    299  1.398054527879946E+000
    300  1.393434748922082E+000
    301  1.391994607413982E+000
    302  1.391649690688694E+000
    303  1.383886020097881E+000
    304  1.378825192787952E+000
    305  1.371317488827038E+000
    306  1.369732514095873E+000
    307  1.368900650470845E+000
    308  1.368716684907642E+000
    309  1.366705494135735E+000
    310  1.364767559014531E+000
    311  1.362230661594697E+000
    312  1.361715900028087E+000
    313  1.361319904814226E+000
    314  1.359891645551843E+000
    315  1.359057963130332E+000
    316  1.358403982613485E+000
    317  1.356442475548314E+000
    318  1.356182684030028E+000
    319  1.354988332752155E+000
    320  1.353607496339419E+000
    321  1.352978804285151E+000
    322  1.351620252769056E+000
    323  1.351519363391870E+000
    324  1.350342428284079E+000
    325  1.344215368404574E+000
    326  1.344040737238306E+000
    327  1.343787601731752E+000
    328  1.342807682152656E+000
    329  1.337530713867464E+000
    330  1.334999564121618E+000
    331  1.320634206378798E+000
    332  1.319690700366173E+000
    333  1.313557986439586E+000
    334  1.311271656411865E+000
    335  1.307579491158011E+000
    336  1.290161200669517E+000
    337  1.282354555759608E+000
    338  1.274961639372112E+000
    339  1.252525150834444E+000
    340  1.250940553534612E+000
    341  1.249307279796560E+000
    342  1.244850391144262E+000
    343  1.243096588845714E+000
    344  1.240954311940339E+000
    345  1.233529861302887E+000
    346  1.232422647316180E+000
    347  1.232214630020245E+000
    348  1.222147183555425E+000
    349  1.221783013944984E+000
    350  1.218802578777389E+000
    351  1.217394127390079E+000
    352  1.197148529943618E+000
    353  1.193749026441236E+000
    354  1.192189718434370E+000
    355  1.189655352107566E+000
    356  1.177283443565215E+000
    357  1.172361051828802E+000
    358  1.170691870723981E+000
    359  1.162775157031274E+000
    360  1.141777065045818E+000
    361  1.139124377223057E+000
    362  1.135380968076632E+000
    363  1.134210795303258E+000
    364  1.132409936504007E+000
    365  1.128640027198736E+000
    366  1.128209076549958E+000
    367  1.126471289478522E+000
    368  1.124662607274581E+000
    369  1.123131606049072E+000
    370  1.121271391532636E+000
    371  1.119418895791330E+000
    372  1.118813673127212E+000
    373  1.117537188871853E+000
    374  1.116421369077413E+000
    375  1.116082147243081E+000
    376  1.115897177060738E+000
    377  1.115068140134407E+000
    378  1.105739884085652E+000
    379  1.105570427472959E+000
    380  1.101746496259029E+000
    381  1.101110942910105E+000
    382  1.089029908002325E+000
    383  1.087736707465281E+000
    384  1.078913551068032E+000
    385  1.062956634313596E+000
    386  1.052771697421061E+000
    387  1.032814587436605E+000
    388  1.012288126084065E+000
    389  1.009988142401190E+000
    390  1.008451822496181E+000
    391  1.006964513975103E+000
    392  9.956859282182650E-001
    393  9.574311463334794E-001
    394  9.173638710204063E-001
    395  9.164629816646509E-001
    396  9.132185929808753E-001
    397  9.130414651626422E-001
    398  9.115825183637835E-001
    399  9.113027877803962E-001
    400  9.102597880243943E-001
    401  9.086710606957301E-001
    402  9.056608739200606E-001
    403  9.035245179469463E-001
    404  9.033700187766497E-001
    405  9.014431048592859E-001
    406  8.999571544331605E-001
    407  8.980776162147825E-001
    408  8.948448389109578E-001
    409  8.926444896516980E-001
    410  8.921597174818006E-001
    411  8.897090734486065E-001
    412  8.876183996012926E-001
    413  8.856387206017293E-001
    414  8.854878629949736E-001
    415  8.851776948637500E-001
    416  8.846339853206173E-001
    417  8.799273302505117E-001
    418  8.779947308699483E-001
    419  8.764588222399723E-001
    420  8.726031327882059E-001
    421  8.712990757868999E-001
    422  8.693858322131770E-001
    423  8.664271414274871E-001
    424  8.635083265628788E-001
    425  8.616032176064145E-001
    426  8.597622643624883E-001
    427  8.576404098605624E-001
    428  8.556239762147650E-001
    429  8.549571930618566E-001
    430  8.546200145976934E-001
    431  8.542666067091111E-001
    432  8.530656808887969E-001
    433  8.528135558803682E-001
    434  8.518285548854240E-001
    435  8.511734051468797E-001
    436  8.506435075600413E-001
    437  8.494507634266684E-001
    438  8.492079535864809E-001
    439  8.463627827079802E-001
    440  8.445828022366234E-001
    441  8.418975142215237E-001
    442  8.412560445529491E-001
    443  8.390421966596355E-001
    444  8.335981997826922E-001
    445  8.314421570999310E-001
    446  8.300543384000982E-001
    447  8.226462802446185E-001
    448  8.196004522980840E-001
    449  8.182336865921112E-001
    450  8.163159738031320E-001
    451  8.155049301098594E-001
    452  8.143729071594027E-001
    453  8.138686753391130E-001
    454  8.100298183900126E-001
    455  8.091521793686860E-001
    456  8.090177456175056E-001
    457  8.066577980851511E-001
    458  8.044377733310895E-001
    459  8.010882237922073E-001
    460  7.962726273215802E-001
    461  7.941465525809261E-001
    462  7.936689206921579E-001
    463  7.925164554219835E-001
    464  7.922387474823401E-001
    465  7.915514356301887E-001
    466  7.908784465472868E-001
    467  7.905936951548950E-001
    468  7.905246055624177E-001
    469  7.891731771853348E-001
    470  7.888397143180983E-001
    471  7.886483870006592E-001
    472  7.884885252780078E-001
    473  7.876725845437627E-001
    474  7.873491433538043E-001
    475  7.864775946564088E-001
    476  7.858242754009327E-001
    477  7.855978341559420E-001
    478  7.846110107767180E-001
    479  7.835011141160910E-001
    480  7.833086463769992E-001
    481  7.828359230298915E-001
    482  7.826518540776514E-001
    483  7.821925401789357E-001
    484  7.818503525594542E-001
    485  7.813931676403930E-001
    486  7.811779152940096E-001
    487  7.805914933722876E-001
    488  7.799860713761864E-001
    489  7.795108072683146E-001
    490  7.789138911791393E-001
    491  7.776108355384014E-001
    492  7.769822614093781E-001
    493  7.698522312756787E-001
    494  7.694462545451309E-001
    495  7.671695762804958E-001
    496  7.658989598874295E-001
    497  7.645672134352357E-001
    498  7.605810387532700E-001
    499  7.598079542987956E-001
    500  7.586737429030949E-001
    501  7.569474232994990E-001
    502  7.555521870368973E-001
    503  7.500494861687260E-001
    504  7.480597941020196E-001
    505  7.452170521264296E-001
    506  7.446514733323304E-001
    507  7.436258158472154E-001
    508  7.430438468220694E-001
    509  7.424438371254473E-001
    510  7.421127880914943E-001
    511  7.417887477834657E-001
    512  7.413962662880069E-001
    513  7.411734212282687E-001
    514  7.410936153075021E-001
    515  7.409092004771199E-001
    516  7.406005789422332E-001
    517  7.403477141696163E-001
    518  7.402968983646354E-001
    519  7.402787751407556E-001
    520  7.401250902754429E-001
    521  7.395891127435037E-001
    522  7.273296469542729E-001
    523  7.263404591029146E-001
    524  7.260434507139714E-001
    525  7.251943366133663E-001
    526  7.245085751325056E-001
    527  7.235450372856410E-001
    528  7.234359924180013E-001
    529  7.231674414160438E-001
    530  7.141023576292850E-001
    531  7.115781638740525E-001
    532  7.084254286444652E-001
    533  7.008701995059927E-001
    534  6.994101220550359E-001
    535  5.719584272011979E-001
    536  5.707433083742521E-001
    537  5.579055858386931E-001
    538  4.129973175225172E-001
    539  3.259702481232530E-001
    540  3.167388409733657E-001
    541  3.161771442306524E-001
    542  3.157010623251699E-001
    543  3.129772668183228E-001
    544  3.066326472878043E-001
    545  3.057395424843042E-001
    546  3.057267618953297E-001
    547  3.048886687443796E-001
    548  3.045083373256909E-001
    549  3.030374181428498E-001
    550  3.027620418643174E-001
    551  3.024845581087894E-001
    552  3.023493395872599E-001
    553  3.018877525372880E-001
    554  3.001722680192493E-001
    555  2.998848672385466E-001
    556  2.979485164739290E-001
    557  2.978277639644293E-001
    558  2.973217263346044E-001
    559  2.971970108551626E-001
    560  2.956232991810888E-001
    561  2.953956307909032E-001
    562  2.952339639287481E-001
    563  2.949687836865417E-001
    564  2.946480168622863E-001
    565  2.943151528811301E-001
    566  2.941296466051841E-001
    567  2.936096834262076E-001
    568  2.921763587655515E-001
    569  2.921024806969998E-001
    570  2.918736424454709E-001
    571  2.911884246773711E-001
    572  2.908765540578468E-001
    573  2.907893195021987E-001
    574  2.904911079795772E-001
    575  2.902046615958827E-001
    576  2.899163000966751E-001
    577  2.898741861513329E-001
    578  2.896508799651397E-001
    579  2.895915874234673E-001
    580  2.894592241045886E-001
    581  2.894057661314848E-001
    582  2.890302922262357E-001
    583  2.888031738906622E-001
    584  2.882360040268873E-001
    585  2.880768819087546E-001
    586  2.877177534909591E-001
    587  2.876403234485700E-001
    588  2.875287596578815E-001
    589  2.872891523232473E-001
    590  2.872178743549856E-001
    591  2.869137783342617E-001
    592  2.868929146057276E-001
    593  2.865719494595526E-001
    594  2.862452235197612E-001
    595  2.860090174296861E-001
    596  2.857119693995717E-001
    597  2.856828145622072E-001
    598  2.853136137688244E-001
    599  2.851741875565663E-001
    600  2.847453073403296E-001
    601  2.847301509127367E-001
    602  2.846720794392078E-001
    603  2.845979474636869E-001
    604  2.843831750735983E-001
    605  2.840897620954153E-001
    606  2.839483944814993E-001
    607  2.839340266134601E-001
    608  2.836649432705581E-001
    609  2.835535304336337E-001
    610  2.835438584136029E-001
    611  2.835131826365109E-001
    612  2.833966784177580E-001
    613  2.831493843118962E-001
    614  2.830607877082369E-001
    615  2.829863696548570E-001
    616  2.828565757383992E-001
    617  2.827718855740060E-001
    618  2.822794665854783E-001
    619  2.821677870885976E-001
    620  2.819465013490694E-001
    621  2.818817539852843E-001
    622  2.817742309428093E-001
    623  2.816379820528335E-001
    624  2.815258122233821E-001
    625  2.813520691770139E-001
    626  2.811916289388937E-001
    627  2.811099622447991E-001
    628  2.807883610766191E-001
    629  2.805686513391075E-001
    630  2.805545388798150E-001
    631  2.804897255026677E-001
    632  2.804202784901003E-001
    633  2.804010602127933E-001
    634  2.802304317443163E-001
    635  2.800839796265007E-001
    636  2.800792222487168E-001
    637  2.799307522253365E-001
    638  2.798982357927946E-001
    639  2.798226070839320E-001
    640  2.797709674470372E-001
    641  2.797166873944324E-001
    642  2.796102293215517E-001
    643  2.795203242047314E-001
    644  2.794354332658719E-001
    645  2.794058050689267E-001
    646  2.792653240139963E-001
    647  2.791829915657743E-001
    648  2.791212682996476E-001
    649  2.790071254648664E-001
    650  2.787558515228409E-001
    651  2.787247033556471E-001
    652  2.783856738169836E-001
    653  2.783252456546623E-001
    654  2.779041088838245E-001
    655  2.777354006832716E-001
    656  2.776020702310842E-001
    657  2.774548609040299E-001
    658  2.774189684705426E-001
    659  2.772127669548367E-001
    660  2.768372137527458E-001
    661  2.767823391336875E-001
    662  2.766516841978935E-001
    663  2.761075938705254E-001
    664  2.758813743136505E-001
    665  2.757206729206594E-001
    666  2.753443835021483E-001
    667  2.747220505069247E-001
    668  2.746597273487816E-001
    669  2.743504214807362E-001
    670  2.742394974388399E-001
    671  2.736331295370117E-001
    672  2.736028081663955E-001
    673  2.733270139189465E-001
    674  2.730662053318715E-001
    675  2.729178281327990E-001
    676  2.724157651515015E-001
    677  2.718662802060556E-001
    678  2.712897728003594E-001
    679  2.708076890328894E-001
    680  2.705631507672005E-001
    681  2.703988932178492E-001
    682  2.700896503357965E-001
    683  2.700614072281856E-001
    684  2.699648756645174E-001
    685  2.698913998225468E-001
    686  2.698374364831937E-001
    687  2.697625728447410E-001
    688  2.696792285817778E-001
    689  2.695165217776236E-001
    690  2.692484978721038E-001
    691  2.690625244734653E-001
    692  2.690393275692427E-001
    693  2.689405719839895E-001
    694  2.689355496387603E-001
    695  2.688422617074852E-001
    696  2.685061826592589E-001
    697  2.684785989576933E-001
    698  2.683000062462623E-001
    699  2.681999810892413E-001
    700  2.679938772269540E-001
    701  2.677717314052228E-001
    702  2.677073502275664E-001
    703  2.674379209096562E-001
    704  2.670932103484698E-001
    705  2.667194465794062E-001
    706  2.663582665889296E-001
    707  2.659626002850162E-001
    708  2.658805453760601E-001
    709  2.657267137217849E-001
    710  2.656666877248009E-001
    711  2.653291889937200E-001
    712  2.650263065355953E-001
    713  2.648992210784267E-001
    714  2.648454432408485E-001
    715  2.647252334496660E-001
    716  2.646356610830815E-001
    717  2.643610027763373E-001
    718  2.641712027752488E-001
    719  2.641462923357773E-001
    720  2.636173087633308E-001
    721  2.634284537216374E-001
    722  2.633879106974928E-001
    723  2.632668701127011E-001
    724  2.631624547345476E-001
    725  2.630935945243073E-001
    726  2.627883651647379E-001
    727  2.625296996506893E-001
    728  2.624958685143400E-001
    729  2.624222710307421E-001
    730  2.621407860523641E-001
    731  2.620870616624250E-001
    732  2.620801737974872E-001
    733  2.618944074441453E-001
    734  2.618872872259804E-001
    735  2.617973236165670E-001
    736  2.616689344195969E-001
    737  2.616614892870497E-001
    738  2.614160914715908E-001
    739  2.614075963634648E-001
    740  2.614009539183394E-001
    741  2.613541564623193E-001
    742  2.612790434326239E-001
    743  2.611900063318654E-001
    744  2.609137700011792E-001
    745  2.608212819710626E-001
    746  2.605413324097284E-001
    747  2.605088891307875E-001
    748  2.604025421278139E-001
    749  2.602148618673998E-001
    750  2.601611352821299E-001
    751  2.599904784297078E-001
    752  2.597741964632960E-001
    753  2.595116262755200E-001
    754  2.594508835220797E-001
    755  2.594489276369389E-001
    756  2.592288724421138E-001
    757  2.590297880915766E-001
    758  2.588066755615855E-001
    759  2.585437028827887E-001
    760  2.580327951067204E-001
    761  2.578646199944865E-001
    762  2.576448187195338E-001
    763  2.567079456342116E-001
    764  2.563963349054264E-001
    765  2.560523507476274E-001
    766  2.559270987830230E-001
    767  2.552660237136266E-001
    768  2.549421933018106E-001
    769  2.545029130202188E-001
    770  2.544313970148939E-001
    771  2.540362894561903E-001
    772  2.531911490339910E-001
    773  2.524840925985005E-001
    774  2.519290158447866E-001
    775  2.509843848715982E-001
    776  2.505073629674436E-001
    777  2.504630211243380E-001
    778  2.494041282364737E-001
    779  2.493278022026340E-001
    780  2.492213494611764E-001
    781  2.485553475897865E-001
    782  2.482744920418542E-001
    783  2.482254611469323E-001
    784  2.480790235503874E-001
    785  2.479060028339042E-001
    786  2.478347930349745E-001
    787  2.476676411319834E-001
    788  2.474394435186603E-001
    789  2.472909691322454E-001
    790  2.472101328677087E-001
    791  2.470927960112530E-001
    792  2.470156322040007E-001
    793  2.468586672208641E-001
    794  2.467056569177902E-001
    795  2.466427904564368E-001
    796  2.462305472058805E-001
    797  2.458802190085631E-001
    798  2.458762970159995E-001
    799  2.456957615237697E-001
    800  2.456290846312039E-001
    801  2.453722386082069E-001
    802  2.450896999024201E-001
    803  2.447125747172914E-001
    804  2.445646686526838E-001
    805  2.440823384912393E-001
    806  2.438860917835695E-001
    807  2.438288559452142E-001
    808  2.436599853211029E-001
    809  2.428844753476235E-001
    810  2.427709172969925E-001
    811  2.425227770300101E-001
    812  2.423679048403254E-001
    813  2.420683375224596E-001
    814  2.419174257450575E-001
    815  2.418026643814918E-001
    816  2.417984703678989E-001
    817  2.414248539050609E-001
    818  2.412335501682581E-001
    819  2.410600848160320E-001
    820  2.408331960314850E-001
    821  2.408111213094915E-001
    822  2.407416511715737E-001
    823  2.407190027591077E-001
    824  2.405450741990909E-001
    825  2.404183387791745E-001
    826  2.402598952932911E-001
    827  2.401026650142054E-001
    828  2.400115876814562E-001
    829  2.398858484910465E-001
    830  2.398799076308052E-001
    831  2.397135655217414E-001
    832  2.395883086891366E-001
    833  2.394639701394287E-001
    834  2.393806026906212E-001
    835  2.393331187533858E-001
    836  2.389081523931084E-001
    837  2.388991437704400E-001
    838  2.387904777382591E-001
    839  2.386357237074031E-001
    840  2.381313313854959E-001
    841  2.379778393086833E-001
    842  2.378467113291832E-001
    843  2.375656345559259E-001
    844  2.370783834755868E-001
    845  2.368793316649058E-001
    846  2.364655959943021E-001
    847  2.364405303919982E-001
    848  2.357403953454229E-001
    849  2.353155654585384E-001
    850  2.344708570175903E-001
    851  2.342827707955487E-001
    852  2.342007493743751E-001
    853  2.339416519011891E-001
    854  2.335434274283993E-001
    855  2.329820782754607E-001
    856  2.329530530412486E-001
    857  2.327242950855846E-001
    858  2.326981261976362E-001
    859  2.326681889763325E-001
    860  2.324717577219536E-001
    861  2.324674380531598E-001
    862  2.321844046362706E-001
    863  2.320027749421782E-001
    864  2.318536769559548E-001
    865  2.318222029995150E-001
    866  2.304286916084393E-001
    867  2.301584012546469E-001
    868  2.299313011317136E-001
    869  2.293509950029848E-001
    870  2.285032647303039E-001
    871  2.281048595269835E-001
    872  2.279661275237214E-001
    873  2.278064653967912E-001
    874  2.273916512709136E-001
    875  2.273756376653514E-001
    876  2.270505421752192E-001
    877  2.269351957989487E-001
    878  2.265782893983341E-001
    879  2.265490317448282E-001
    880  2.260901576786150E-001
    881  2.252439038329695E-001
    882  2.250105778320415E-001
    883  2.249274467503868E-001
    884  2.248922833919596E-001
    885  2.245324078376463E-001
    886  2.242832125779522E-001
    887  2.239841567038496E-001
    888  2.239433332950901E-001
    889  2.217681898745764E-001
    890  2.213244895361319E-001
    891  2.212961947275554E-001
    892  2.209934189123537E-001
    893  2.199581805096183E-001
    894  2.196003242530199E-001
    895  2.177133384884977E-001
    896  2.176969015962415E-001
    897  2.172577031585294E-001
    898  2.161033582970149E-001
    899  2.155668289887250E-001
    900  2.146518331711719E-001
    901  2.124437204025205E-001
    902  2.122607694139346E-001
    903  2.113874281059111E-001
    904  2.109792653934384E-001
    905  2.100797534876531E-001
    906  2.097617777813075E-001
    907  2.094373650900354E-001
    908  2.088803660928731E-001
    909  2.087674272608759E-001
    910  2.081765698312387E-001
    911  2.079591540801257E-001
    912  2.076053205392719E-001
    913  2.072602639845537E-001
    914  2.071275000848026E-001
    915  2.070279937396312E-001
    916  2.069476307309463E-001
    917  2.066947185862880E-001
    918  2.062673786923411E-001
    919  2.059689278069879E-001
    920  2.056015664518699E-001
    921  2.053875672389684E-001
    922  2.050661227214565E-001
    923  2.050424207231646E-001
    924  2.049390808210713E-001
    925  2.044916449308882E-001
    926  2.041507015817473E-001
    927  2.037446565196108E-001
    928  2.035255320971827E-001
    929  2.033319043939939E-001
    930  2.032546665758850E-001
    931  2.031849613827259E-001
    932  2.031382698241119E-001
    933  2.031120717246756E-001
    934  2.027506697461036E-001
    935  2.025971027188196E-001
    936  2.020921041677010E-001
    937  2.020880120763670E-001
    938  2.019959820721680E-001
    939  2.018119743715157E-001
    940  2.017223353776467E-001
    941  2.016592582796084E-001
    942  2.014369781205456E-001
    943  2.013154935993697E-001
    944  2.013125717803345E-001
    945  2.010826007044410E-001
    946  2.009962424637077E-001
    947  2.007183551897457E-001
    948  2.005485107643507E-001
    949  2.004465169637098E-001
    950  2.002706211806916E-001
    951  2.000120979170010E-001
    952  1.999976314922132E-001
    953  1.997745633247632E-001
    954  1.997703085701241E-001
    955  1.997051400911761E-001
    956  1.996941862447010E-001
    957  1.996443803121866E-001
    958  1.996103345618051E-001
    959  1.995041404605486E-001
    960  1.994818182087585E-001
    961  1.994431800375571E-001
    962  1.993212961289726E-001
    963  1.992324668241297E-001
    964  1.991139541831263E-001
    965  1.986897841201772E-001
    966  1.983453496716296E-001
    967  1.981427848973397E-001
    968  1.980887070761824E-001
    969  1.979763119763046E-001
    970  1.979075246806965E-001
    971  1.976853168008679E-001
    972  1.975597364253602E-001
    973  1.972914813625272E-001
    974  1.972622394762084E-001
    975  1.972333896703232E-001
    976  1.969743304864464E-001
    977  1.969140462853096E-001
    978  1.968097195234971E-001
    979  1.967082342604535E-001
    980  1.966261375005756E-001
    981  1.965065144473938E-001
    982  1.963279657758498E-001
    983  1.961740680592959E-001
    984  1.961488683521492E-001
    985  1.959267059074388E-001
    986  1.958204959882119E-001
    987  1.956766843901900E-001
    988  1.956729662040056E-001
    989  1.951420316263495E-001
    990  1.950138699975428E-001
    991  1.946691358856321E-001
    992  1.943900219066692E-001
    993  1.942376484014208E-001
    994  1.941574373572060E-001
    995  1.939403561086028E-001
    996  1.938805930654369E-001
    997  1.938122962915564E-001
    998  1.937190671598980E-001
    999  1.936868778344240E-001
   1000  1.936757866213782E-001
   1001  1.935038687815172E-001
   1002  1.934883081958019E-001
   1003  1.932185484460595E-001
   1004  1.932067997865343E-001
   1005  1.931639066253394E-001
   1006  1.929991180101446E-001
   1007  1.928390658117269E-001
   1008  1.928124597183072E-001
   1009  1.926342258722574E-001
   1010  1.924605519131267E-001
   1011  1.923194365928708E-001
   1012  1.922329320366193E-001
   1013  1.921271336358977E-001
   1014  1.920028301851400E-001
   1015  1.919664446421742E-001
   1016  1.919374443257083E-001
   1017  1.918619874186941E-001
   1018  1.917324447073412E-001
   1019  1.915950382573038E-001
   1020  1.914534407741586E-001
   1021  1.912991449464140E-001
   1022  1.910490431250707E-001
   1023  1.909418429798119E-001
   1024  1.907622865804063E-001
   1025  1.906511537272929E-001
   1026  1.905987551767580E-001
   1027  1.904637399489411E-001
   1028  1.901454406499663E-001
   1029  1.900919057792366E-001
   1030  1.897480493865276E-001
   1031  1.897018034942813E-001
   1032  1.895612154204682E-001
   1033  1.893561705608205E-001
   1034  1.893391237633364E-001
   1035  1.893244448009660E-001
   1036  1.891541096210244E-001
   1037  1.889647212156778E-001
   1038  1.886552427482854E-001
   1039  1.884559630058892E-001
   1040  1.882884261486383E-001
   1041  1.882011047198272E-001
   1042  1.877848069717047E-001
   1043  1.877090734880199E-001
   1044  1.875054424622853E-001
   1045  1.870669239232678E-001
   1046  1.869134187569558E-001
   1047  1.863125335670929E-001
   1048  1.861280601357915E-001
   1049  1.859172297560351E-001
   1050  1.856964348230250E-001
   1051  1.846256153570361E-001
   1052  1.844064349525698E-001
   1053  1.840705765010145E-001
   1054  1.840374969593736E-001
   1055  1.839723855278600E-001
   1056  1.838180189341812E-001
   1057  1.837998242393332E-001
   1058  1.833447406050136E-001
   1059  1.830505354913005E-001
   1060  1.827553491929332E-001
   1061  1.821792166718621E-001
   1062  1.820897344515861E-001
   1063  1.820677950731627E-001
   1064  1.818956483948604E-001
   1065  1.813546470851369E-001
   1066  1.812492218675971E-001
   1067  1.810897435831187E-001
   1068  1.810099340036625E-001
   1069  1.794456088293806E-001
   1070  1.785214979219525E-001
   1071  1.777427829493564E-001
   1072  1.774259669016487E-001
   1073  1.770262304952271E-001
   1074  1.763909045178267E-001
   1075  8.127223666793548E-002
   1076  8.048986263958689E-002
   1077  1.753206304754506E-004
