# dt =   1.000000000000000E-007
# j, New nj, Rate of change (1/s)
      1  2.186217494760262E+000  1.853909885010464E+003
      2  2.143117798910740E+000  3.727611250470596E+003
      3  2.100999753756918E+000  1.161081425730958E+003
      4  2.061932188697057E+000  3.075273682384402E+003
      5  2.033337803382640E+000  9.946737389285270E+003
      6  1.999465304582059E+000  1.082528239421011E+003
      7  2.127559701182722E+000  9.302079549468053E+004
      8  2.050756320967668E+000  4.612331786403062E+004
      9  1.969011456395755E+000  2.041786606886616E+003
     10  1.950641597375768E+000  4.021040584341450E+003
     11  1.761371726310948E+000  4.570345024223876E+003
     12  1.732509336960590E+000  1.640862742736538E+003
     13  1.469891963919850E+000  2.566741394759212E+002
     14  1.469377891052611E+000  4.926236982762333E+003
     15  1.434938443164481E+000  2.375144801940523E+002
     16  1.455305901677854E+000  1.627068054258030E+004
     17  1.428377941657198E+000  4.632676165460899E+003
     18  1.416842029726380E+000  1.587628579940268E+004
     19  1.382449321450042E+000  1.542816456630597E+002
     20  1.381964212076711E+000  4.774406225113479E+003
     21  1.374644473045566E+000  1.385022534990847E+003
     22  1.374097263534900E+000  1.265175822333359E+003
     23  1.436462608052728E+000  4.948204434570423E+004
     24  1.415372707058017E+000  3.808978032801415E+004
     25  1.279611515110832E+000  1.519240012705702E+002
     26  1.277082893805637E+000  2.026668894400573E+003
     27  1.283364221930090E+000  1.221642141970387E+004
     28  1.255030095432624E+000  9.290500932769164E+002
     29  1.267395808005251E+000  8.993018931198420E+003
     30  1.229566786415041E+000  7.314355000212214E+002
     31  1.234042569014342E+000  8.904240207045177E+003
     32  1.204125934006208E+000  4.807593088421779E+003
     33  1.198162924677580E+000  1.856863209459345E+003
     34  1.192148929242475E+000  1.115190726231997E+003
     35  1.186950015458048E+000  2.494425606954412E+003
     36  1.185754154052845E+000  2.923635572408622E+003
     37  1.181809361543005E+000  2.104365038266538E+003
     38  1.230545620207037E+000  3.616696986149226E+004
     39  1.177556966716453E+000  1.884614036267548E+003
     40  1.170794853318008E+000  1.668602500498642E+003
     41  1.166349083601897E+000  9.934372961849723E+002
     42  1.162037796920522E+000  1.469323881911617E+003
     43  1.135186151643172E+000  1.582919891559520E+003
     44  1.133020060220858E+000  1.040350111631260E+003
     45  1.122186709331733E+000  1.199535743766028E+003
     46  1.120997117123199E+000  1.831511820080854E+003
     47  1.114872070276615E+000  1.429789869155023E+001
     48  1.112569135624560E+000  9.800857353515365E+002
     49  1.111015491736419E+000  3.216758344809621E+002
     50  1.109470868015058E+000  4.369523737871082E+002
     51  1.110061015234899E+000  1.841036854177128E+003
     52  1.105238560235784E+000  5.913234344476454E+002
     53  1.105698236794922E+000  9.735040120300670E+002
     54  1.103787023153151E+000  1.452714365920001E+003
     55  1.089099806883985E+000  2.416639103971511E+003
     56  1.078124622654401E+000  1.491000949707016E+001
     57  1.068010911600257E+000  2.069386871823215E+003
     58  1.082752354695436E+000  1.314928211336795E+004
     59  1.060920658038395E+000  9.253797664554214E+001
     60  1.071701932915574E+000  8.870169222380939E+003
     61  1.052856936392334E+000  4.016411847477843E+002
     62  1.049844439725976E+000  9.371864228328981E+002
     63  1.047745803384515E+000  6.437074465603995E+002
     64  1.074611477833957E+000  2.044802016141801E+004
     65  1.074708612257693E+000  2.199196836730343E+004
     66  1.040955065254726E+000  3.180275424410444E+003
     67  1.039549709849046E+000  6.130142600949057E+003
     68  1.030401716086718E+000  6.761443471821713E+002
     69  1.030305366907461E+000  1.218846388257663E+003
     70  1.030776082964865E+000  7.008188197107985E+003
     71  1.025823731479284E+000  6.195660247061016E+003
     72  1.014126025990706E+000  3.105546686126411E+002
     73  1.010954033989740E+000  1.051961501857975E+003
     74  1.011202834361257E+000  2.178472752192711E+003
     75  1.003474754023822E+000  5.941165580905496E+002
     76  1.002204201268156E+000  3.153001601553564E+002
     77  1.001446569496331E+000  4.659358564303286E+002
     78  1.000290511736128E+000  7.401623298374776E+002
     79  9.992764149819410E-001  1.350850726994228E+003
     80  9.961597812801457E-001  2.335956069603877E+003
     81  9.930301324191247E-001  5.307014661570602E+002
     82  9.895429399990325E-001  5.145515301774337E+002
     83  9.888608111997997E-001  2.363199213194357E+002
     84  9.875942954809136E-001  4.776028482637018E+002
     85  9.898779619564864E-001  5.167203193450267E+003
     86  9.863219223363894E-001  3.267681619871505E+003
     87  9.745282746458072E-001  3.170894010517870E+001
     88  9.733819392908615E-001  2.514770307856258E+002
     89  9.705547700262636E-001  1.996337729192194E+003
     90  9.731448147781916E-001  4.654139710686329E+003
     91  9.715168414091329E-001  4.961172981828384E+003
     92  9.673876743912423E-001  2.917655858123951E+003
     93  9.610918030913685E-001  2.051873324806078E+002
     94  9.617379498831178E-001  9.416104733043471E+002
     95  9.638622128593902E-001  3.488085456590838E+003
     96  9.594623491790935E-001  1.012013318130895E+003
     97  9.600680355759387E-001  2.035077786955327E+003
     98  9.581378494076179E-001  8.412564407223880E+002
     99  9.555281688533375E-001  1.514673691041727E+002
    100  9.596472584529017E-001  3.274742361636727E+003
    101  9.562658546638193E-001  1.594969447912681E+003
    102  9.455008525141456E-001  1.377529837400763E+003
    103  9.434497844912784E-001  4.596620147090058E+003
    104  9.327822137452080E-001  6.383569449261096E+002
    105  9.289816827390349E-001  9.036646589626015E+002
    106  9.298189957539578E-001  1.621274001236677E+003
    107  9.247686900547355E-001  3.315264858511507E+002
    108  9.259064741089694E-001  2.213633565901554E+003
    109  9.220809410476544E-001  1.053398320125456E+003
    110  9.219082968510920E-001  1.475537589827008E+003
    111  9.203271294209117E-001  8.942044040837882E+002
    112  9.193862303919811E-001  6.942035845502028E+002
    113  9.183967015366642E-001  4.316876146799770E+002
    114  9.445211393015602E-001  2.077700104776205E+004
    115  9.137780955353421E-001  1.409210605650868E+003
    116  9.122310634324130E-001  9.593069063672274E+002
    117  9.128474985925791E-001  2.929382605234924E+003
    118  9.038185792117596E-001  4.906674954790862E+002
    119  9.047094205256531E-001  1.411679232541632E+003
    120  9.017622502654206E-001  1.160059804722086E+003
    121  9.005152840534520E-001  1.016287404774161E+003
    122  8.967015857381930E-001  1.399524759087888E+002
    123  8.956239846582513E-001  2.519172608026724E+002
    124  8.921042309132444E-001  8.024406777163414E+000
    125  8.923249733783891E-001  7.548879842936917E+002
    126  8.908637711273926E-001  5.511813562094775E+002
    127  8.901424081879997E-001  1.668336746012665E+002
    128  8.878387392147709E-001  5.281189825292498E+002
    129  8.859255763336384E-001  7.387509483604312E+001
    130  8.860036947592170E-001  4.890457665342666E+002
    131  8.849611989787074E-001  2.014175612995725E+003
    132  8.824974503886737E-001  7.272411737337185E+002
    133  8.827901583936583E-001  1.698897595401558E+003
    134  8.791640299256974E-001  1.612203314891158E+003
    135  8.771584593797831E-001  7.403676140626081E+002
    136  8.754980581414543E-001  8.523710571686802E+002
    137  8.763263617415538E-001  1.787099774001730E+003
    138  8.745674268401223E-001  1.230867041324820E+003
    139  8.724100751794439E-001  4.693469631016835E+002
    140  8.716722454056981E-001  2.696345035777703E+002
    141  8.711101949335200E-001  6.673419754813732E+002
    142  8.758468791574568E-001  5.728722448182270E+003
    143  8.662708049568359E-001  1.988929942730257E+003
    144  8.650071608611547E-001  1.461563839645432E+003
    145  8.581477175654932E-001  2.907903766212243E+002
    146  8.564820946006885E-001  1.276514412952607E+001
    147  8.540584333936224E-001  2.994585972453771E+002
    148  8.511411228596351E-001  9.980020705432098E+002
    149  8.484005322719470E-001  1.539601322176824E+003
    150  8.350449323323159E-001  7.991221106778489E+002
    151  8.357600401113919E-001  1.670342423363076E+003
    152  8.322102424928072E-001  2.070526917148110E+003
    153  8.269836581857520E-001  1.552428422483272E+003
    154  8.302680450678233E-001  5.424493839808422E+003
    155  8.227549483783395E-001  1.228143590769799E+003
    156  8.208890085056438E-001  1.244151572109504E+003
    157  8.204069676451117E-001  1.403687007688371E+003
    158  8.200747972787800E-001  1.904630339080278E+003
    159  8.168742986067238E-001  8.256926332684172E+001
    160  8.201770514357881E-001  2.411222881152294E+003
    161  8.203849275895363E-001  2.856857941357376E+003
    162  8.162675822397768E-001  1.855023387043482E+002
    163  8.190259840115479E-001  3.519046468334367E+003
    164  8.179472872273077E-001  4.730437441218416E+003
    165  8.012873111762721E-001  3.063709769988038E+003
    166  7.966139789624275E-001  7.614772662016803E+002
    167  7.927874937793240E-001  4.729734643945653E+002
    168  7.875567826659392E-001  9.566463185850216E+002
    169  7.874990078302626E-001  1.378661057079152E+003
    170  7.802184772213281E-001  2.229569641353939E+002
    171  7.763896666933205E-001  2.073195109340789E+002
    172  7.756393834218787E-001  4.177256398971747E+002
    173  7.711276053276067E-001  4.241556879665804E+002
    174  7.686913024363351E-001  9.677048301273144E+002
    175  7.653485073152317E-001  3.883629557646908E+001
    176  7.655507622693566E-001  4.001067437880758E+002
    177  7.651806648785859E-001  6.821868088087818E+002
    178  7.621607811124657E-001  5.311579460409340E+000
    179  7.591803953085210E-001  1.052754590154032E+002
    180  7.598835193353864E-001  1.955999989287834E+003
    181  7.562877209828738E-001  1.009412832831793E+002
    182  7.588162606237943E-001  2.549210749477036E+003
    183  7.569058036005614E-001  2.378362979597267E+003
    184  7.523146421659423E-001  1.649520375051887E+003
    185  7.537663231735579E-001  2.765148754387397E+003
    186  7.487748862109976E-001  7.417576992941750E+002
    187  7.469301481344975E-001  3.441974489792307E+002
    188  7.473630034175412E-001  1.537738856431208E+003
    189  7.437049710483918E-001  4.018760778996204E+002
    190  7.432832649981143E-001  8.733789147578658E+002
    191  7.363625642474011E-001  7.994252142439685E+002
    192  7.363937759702360E-001  8.601064464770103E+002
    193  7.321162101455977E-001  1.056038791789312E+003
    194  7.305626262835472E-001  2.164876134269261E+002
    195  7.291923241092236E-001  1.696011232145510E+003
    196  7.276190712115786E-001  1.271541511288576E+003
    197  7.268072500536219E-001  1.757221701600217E+003
    198  7.249747192216704E-001  1.106595237497249E+003
    199  7.317109748358525E-001  6.008512598224162E+003
    200  7.223955988454490E-001  8.625657633713557E+001
    201  7.225664205663680E-001  3.603311716018631E+002
    202  7.241573312964517E-001  1.610844315086045E+003
    203  7.216585258798420E-001  1.253936685874868E+002
    204  7.215390140932696E-001  2.730183053462493E+002
    205  7.246861158241203E-001  2.725316671604426E+003
    206  7.218015696869691E-001  9.237345936814631E+002
    207  7.252393861177719E-001  3.314974518955527E+003
    208  7.212512841866869E-001  8.513009324133641E+002
    209  7.219022159713813E-001  1.281814304338664E+003
    210  7.206077947355209E-001  7.297293620286722E+002
    211  7.201080805461801E-001  5.655946056221791E+002
    212  7.215303976152213E-001  2.126656782114982E+003
    213  7.181911997611000E-001  1.984759983292147E+002
    214  7.181530888553357E-001  6.409061594644982E+002
    215  7.179572226286320E-001  8.095575928915395E+002
    216  7.165611723681565E-001  1.497925610644992E+002
    217  7.181087230355455E-001  1.142534448376211E+003
    218  7.173863298480978E-001  1.159511576191671E+003
    219  7.163380951117032E-001  7.364822049084945E+002
    220  7.136758813491316E-001  1.034162588136533E+002
    221  7.151212560676029E-001  1.745022869098893E+003
    222  7.139200659314666E-001  1.078889215633558E+003
    223  7.112487394130418E-001  7.604322924591679E+002
    224  7.088614838699220E-001  5.738867044425913E+001
    225  7.082412021151395E-001  5.671381831415137E+001
    226  7.083695398289733E-001  6.842376286727327E+002
    227  7.073295636453608E-001  5.570817425448475E+001
    228  7.060165435209761E-001  2.029713266224560E+001
    229  7.107585779549298E-001  5.791119373297686E+003
    230  6.958041531274403E-001  1.673916697882833E+003
    231  6.881920794499713E-001  9.691899412642507E+002
    232  6.902120359600277E-001  2.516939894377176E+003
    233  6.857615163342473E-001  7.846564843060611E+002
    234  6.835584811103419E-001  2.931919398990782E+002
    235  6.797502687422727E-001  2.550231806806947E+001
    236  6.809222960881163E-001  1.789687702267762E+003
    237  6.784965076098963E-001  7.575124193532093E+002
    238  6.777109385017095E-001  3.205884234208208E+002
    239  6.779954173105153E-001  1.088322644833001E+003
    240  6.760162603981842E-001  5.453877087241837E+002
    241  6.759450063885259E-001  1.314851191051334E+003
    242  6.738646406614196E-001  3.415456058256695E+002
    243  6.720286914272239E-001  8.816482676654148E+001
    244  6.722141512643671E-001  4.990696446861128E+002
    245  6.722172003729893E-001  1.016221435952778E+003
    246  6.647946742993894E-001  1.281182782761226E+003
    247  6.628424250716859E-001  2.545169257751595E+002
    248  6.674257672937773E-001  3.827006745231300E+003
    249  6.579816589756470E-001  2.458318611030770E+003
    250  6.540052732681469E-001  1.684870021050209E+002
    251  6.492978934146740E-001  1.627637575946608E+003
    252  6.439018404336543E-001  3.979829642986142E+001
    253  6.459619834575099E-001  2.829567437457636E+003
    254  6.409651572903379E-001  8.140650917602424E+002
    255  6.445254809084335E-001  4.869277087772801E+003
    256  6.370585162302052E-001  2.918308772921376E+002
    257  6.349740207271506E-001  2.394983019021506E+002
    258  6.356471362754083E-001  2.280283822676716E+003
    259  6.316901400065729E-001  6.917822155164039E+002
    260  6.271556414840355E-001  2.295216609089364E+002
    261  6.260382026271927E-001  4.720522972603424E+002
    262  6.253773045342549E-001  5.802873774470637E+002
    263  6.239795059011001E-001  6.221976247682839E+000
    264  6.247377134498097E-001  1.193886080468025E+003
    265  6.226016151516750E-001  4.244888279786151E+001
    266  6.229464458209466E-001  4.454440561644922E+002
    267  6.223055659304599E-001  1.017024964335368E+002
    268  6.218187186342315E-001  6.992047055003277E+001
    269  6.217384637535180E-001  1.824339827010917E+002
    270  6.219947596669257E-001  4.828709624067872E+002
    271  6.209132200176811E-001  1.052904894859165E+002
    272  6.213577365474460E-001  6.423064397851023E+002
    273  6.216033098893282E-001  9.150452279697071E+002
    274  6.218193668317080E-001  1.081398815502630E+003
    275  6.217408092045374E-001  1.111736548533862E+003
    276  6.196717624203419E-001  9.895826807242746E+001
    277  6.196045547061009E-001  9.554037101850766E+001
    278  6.196277713632469E-001  2.540172383755353E+002
    279  6.210035794980012E-001  1.249192355506421E+003
    280  6.192406682711267E-001  2.943835658050021E+002
    281  6.200246709294480E-001  1.034033307888749E+003
    282  6.208299616890647E-001  2.166484433745199E+003
    283  6.187413574198817E-001  7.569426198322059E+002
    284  6.145647767246762E-001  5.212816200215125E+001
    285  6.157112599409380E-001  8.582227139093643E+002
    286  6.114664946774087E-001  1.808821841741959E+001
    287  6.116180854682343E-001  1.503563232028578E+002
    288  6.095662442445628E-001  1.860058412732190E+003
    289  6.072533516043281E-001  1.524164303794127E+003
    290  6.140878203761567E-001  6.011355331006752E+003
    291  6.189697009473752E-001  9.013714066242554E+003
    292  6.079371445521736E-001  2.847633439942676E+003
    293  6.096867369901975E-001  4.468504122989140E+003
    294  6.091764632199375E-001  4.916734669500941E+003
    295  6.063503835378247E-001  2.963282855758872E+003
    296  6.066584144440719E-001  3.408772212855884E+003
    297  6.097614070048130E-001  5.947732404285388E+003
    298  6.396865765234312E-001  2.853178277798385E+004
    299  6.089416358602613E-001  7.656394218545371E+003
    300  6.293478867551521E-001  2.066551658023737E+004
    301  6.155880065291351E-001  1.414896420443686E+004
    302  6.047557173029334E-001  6.174838223229536E+003
    303  6.007077560772839E-001  7.105474868000452E+003
    304  5.887649080380029E-001  6.064718817762117E+002
    305  5.844822846933049E-001  3.447899310090500E+002
    306  5.882309201268774E-001  3.437626998838956E+003
    307  5.832605904039976E-001  3.635435576770153E+002
    308  5.985710136471525E-001  1.079622445392231E+004
    309  5.829684951493829E-001  9.436170626948510E+002
    310  5.840483515436337E-001  2.462857195261229E+003
    311  5.806398071088608E-001  8.683523493987822E+002
    312  5.812859690437872E-001  1.583323813368220E+003
    313  5.790919305149411E-001  1.931854123966466E+002
    314  5.786993472444545E-001  4.376155613443355E+002
    315  5.777461282905048E-001  8.741298030675114E+001
    316  5.781583222362343E-001  5.349489317088943E+002
    317  5.769129383714836E-001  4.411431197184214E+002
    318  5.778338309947664E-001  1.052758425295831E+003
    319  5.766752495828503E-001  7.816950810885818E+002
    320  5.770871189029454E-001  1.546807679953018E+003
    321  5.753101875035951E-001  5.324336126540746E+002
    322  5.739532844830396E-001  1.267124051485138E+002
    323  5.740852411508075E-001  2.464013562780622E+002
    324  5.740918262700764E-001  6.625773565591160E+002
    325  5.715473590079050E-001  1.079849735154029E+003
    326  5.731851822860629E-001  2.097748404919077E+003
    327  5.715164839852344E-001  1.234704553616808E+003
    328  5.693082282867745E-001  6.391181327089239E+001
    329  5.691105828515733E-001  1.607392824436251E+003
    330  5.755082621590565E-001  6.998454468288695E+003
    331  5.603204577665776E-001  1.740764601839226E+003
    332  5.592027615611160E-001  1.255914044955462E+003
    333  5.552748689238819E-001  8.196144139818172E+002
    334  5.535344154555504E-001  4.179575315081376E+002
    335  5.553736887845999E-001  2.672839032661363E+003
    336  5.432001845308964E-001  7.935485274411857E+002
    337  5.381947085742830E-001  1.193935785607903E+002
    338  5.354680775223070E-001  8.613973732676008E+002
    339  5.230199077446300E-001  2.454465498235596E+002
    340  5.222333699503939E-001  2.408118664200165E+002
    341  5.228031586163819E-001  1.102443712377772E+003
    342  5.187861291458650E-001  4.760207348826333E+001
    343  5.188726506294133E-001  6.883577227816118E+002
    344  5.219568154549404E-001  3.287063190617591E+003
    345  5.129768271489106E-001  4.759451240548282E+001
    346  5.165679302404954E-001  2.798477778213765E+003
    347  5.186763832160447E-001  4.366293872767913E+003
    348  5.106973458143798E-001  2.449023970903530E+003
    349  5.072682398336279E-001  2.630984629776730E+002
    350  5.054063198065912E-001  3.785585938231012E+001
    351  5.048974948857283E-001  1.703489427900620E+002
    352  4.958996457455147E-001  1.110276594865478E+003
    353  4.927586827557470E-001  1.572337749978516E+002
    354  4.918378793726466E-001  7.531471210519227E+001
    355  4.912496403128985E-001  5.351056072703803E+002
    356  4.873539422852228E-001  2.139777903499619E+003
    357  4.831710742962325E-001  1.066178636687674E+003
    358  5.007267132315312E-001  1.355461091006914E+004
    359  4.776568495533273E-001  6.447700249048763E+002
    360  4.664838577360070E-001  3.164207167522852E+002
    361  4.650544811964739E-001  2.698482288324768E+002
    362  4.628028488573344E-001  3.463463935471700E+001
    363  4.621663199976899E-001  6.934170864543197E+000
    364  4.616653422523180E-001  2.659734978924557E+002
    365  4.597305442921545E-001  2.785969620373525E+002
    366  4.592078154722732E-001  6.977436611682219E+001
    367  4.593804737038890E-001  8.035577922202566E+002
    368  4.573948457453167E-001  6.290712333071888E+001
    369  4.567585329096772E-001  1.568856429142189E+002
    370  4.557417729293134E-001  1.092497457324412E+002
    371  4.546899040887001E-001  3.538252755068134E+001
    372  4.551502873169386E-001  5.533798268825934E+002
    373  4.537110036913261E-001  1.910873176544772E+001
    374  4.551066158629331E-001  1.300315023970870E+003
    375  4.531635861861491E-001  1.466862620561664E+002
    376  4.543003366499183E-001  9.828757617821742E+002
    377  4.529136691342852E-001  3.304855115932983E+002
    378  4.527359272939857E-001  3.248380252140794E+003
    379  4.537902592547797E-001  4.268420391020559E+003
    380  4.484872084499660E-001  1.721666996824551E+003
    381  4.500884372110437E-001  3.275613637298033E+003
    382  4.402770749676512E-001  7.119924465434154E+002
    383  4.427967804177627E-001  2.842927471003004E+003
    384  5.083449058395464E-001  5.078647412109876E+004
    385  4.298154228332401E-001  2.553918410835176E+003
    386  4.308478772750030E-001  6.492006531484279E+003
    387  4.216088167027116E-001  7.138257987153514E+003
    388  4.005532014883330E-001  4.731104392390770E+000
    389  4.005562505550396E-001  7.848144399608258E+002
    390  4.400961393625339E-001  2.676218455617930E+004
    391  4.077983084518198E-001  6.099180058325480E+003
    392  4.278453543763815E-001  2.200416520085391E+004
    393  3.812204211466410E-001  5.359169244505994E+003
    394  3.543130465191300E-001  7.467023545607784E+002
    395  3.565244413955547E-001  2.555089138790551E+003
    396  3.551061750882313E-001  2.665395633380872E+003
    397  3.519757155094558E-001  6.008482264476877E+002
    398  3.511014313717044E-001  4.958329445223265E+002
    399  3.513329501334719E-001  6.766758966953090E+002
    400  3.514538267692061E-001  1.105674694306638E+003
    401  3.505050619806589E-001  1.072758681688483E+003
    402  3.595352448026227E-001  8.151863813809035E+003
    403  3.503996015480142E-001  2.659635480309435E+003
    404  3.484644601951659E-001  1.423319356920680E+003
    405  3.530629039322221E-001  5.090472745259837E+003
    406  3.446207253278139E-001  3.509975675124838E+000
    407  3.489492603585089E-001  3.468748408735984E+003
    408  3.421356275801321E-001  2.969495158630796E+001
    409  3.430567942669709E-001  1.333943597887575E+003
    410  3.410024475375715E-001  1.630935877352431E+002
    411  3.415948524037692E-001  1.360108001659584E+003
    412  3.385463817416507E-001  1.144748601605160E+001
    413  3.401458105843687E-001  1.603663119661432E+003
    414  3.376982983523801E-001  1.440118496939037E+002
    415  3.411346749171602E-001  2.516115600611253E+003
    416  3.373158388126309E-001  1.776016844698371E+002
    417  3.370204670179687E-001  1.597926453877263E+003
    418  4.352533254442887E-001  6.292386358330676E+004
    419  3.436213882320982E-001  7.142734163968261E+003
    420  3.314560476501959E-001  2.193061381565251E+002
    421  3.329943010413463E-001  1.590907132616967E+003
    422  3.438004890406097E-001  8.588833590438391E+003
    423  3.332759425711419E-001  3.321877266551167E+003
    424  3.267373137367242E-001  4.295000175181257E+001
    425  3.406630113556778E-001  9.576254155030814E+003
    426  3.275821564768678E-001  1.767355868577943E+003
    427  3.352929826047173E-001  7.075076355265127E+003
    428  3.228680678492746E-001  4.172430783195095E+001
    429  3.226068194711123E-001  8.540358046393790E+001
    430  3.328542756968670E-001  6.985229234634239E+003
    431  3.256955756405746E-001  2.316354810046394E+003
    432  3.220684713673517E-001  3.244063410198677E+002
    433  3.233505691737247E-001  1.213502753769950E+003
    434  3.278831593109907E-001  4.407260738813877E+003
    435  3.207843221541093E-001  1.033574938829041E+002
    436  3.401563600129909E-001  1.249419856610320E+004
    437  3.199072772565397E-001  8.507349713479427E+001
    438  3.265901282455714E-001  4.686897679366865E+003
    439  3.182886884554624E-001  9.971259851310190E+000
    440  3.198537397725299E-001  1.681027722938966E+003
    441  3.162921296862747E-001  1.368185648719406E+002
    442  3.163370431371105E-001  3.598953767658904E+002
    443  3.146970223744606E-001  1.417579646696904E+000
    444  3.127516962555759E-001  4.821162746287349E+002
    445  3.144019300361346E-001  2.320227602351245E+003
    446  3.129478574983389E-001  1.728803626123745E+003
    447  3.067650160404039E-001  4.534724674116315E+001
    448  3.085878405636729E-001  2.188329702146287E+003
    449  3.055729791813690E-001  6.981797150245255E+002
    450  3.085402964572268E-001  3.147448862574768E+003
    451  3.038445275164605E-001  4.261632070039934E+002
    452  3.196602935868719E-001  1.076891716854222E+004
    453  3.074202411059265E-001  3.154467571644832E+003
    454  3.111607360178847E-001  6.846337339804198E+003
    455  3.014120010382382E-001  8.501606952781843E+002
    456  3.072380194205776E-001  4.809768214647043E+003
    457  2.990356481167984E-001  7.555079763176543E+001
    458  3.031537707783277E-001  3.309048956836689E+003
    459  3.004654943910960E-001  2.762356684703685E+003
    460  2.975301032684609E-001  2.337175424809284E+003
    461  2.929284022819135E-001  4.619739096391752E+001
    462  2.965057930942016E-001  2.501186630594667E+003
    463  2.922524574578843E-001  1.246800291191585E+002
    464  2.972113244717289E-001  3.650860402807354E+003
    465  2.917835972009208E-001  1.225162637386329E+002
    466  2.971502517471569E-001  3.850407467392861E+003
    467  2.924611493445285E-001  9.072388493549839E+002
    468  2.951749425232532E-001  2.919826403799419E+003
    469  2.905723597038744E-001  8.292387623826905E+001
    470  2.905434761638612E-001  1.709005007802304E+002
    471  2.903832243462685E-001  1.259435796627356E+002
    472  2.919177920749143E-001  1.190387581592825E+003
    473  2.900193822455779E-001  1.903214388564031E+002
    474  2.957946262813101E-001  4.109783206889472E+003
    475  2.973833929880017E-001  5.339305746319634E+003
    476  2.890161516184967E-001  1.260451259007935E+002
    477  2.913080329868546E-001  1.639827881575935E+003
    478  2.904762972059861E-001  1.376797256562884E+003
    479  2.893885635300585E-001  1.164543045096359E+003
    480  2.889454447125751E-001  8.485254923397471E+002
    481  2.876971854622073E-001  2.084126348287954E+002
    482  2.899296879303714E-001  1.784921881041462E+003
    483  2.883603636477393E-001  8.455307203746929E+002
    484  2.871095111090104E-001  1.299058751481160E+002
    485  2.960851557526085E-001  6.442280523364560E+003
    486  2.876316990799590E-001  7.161926618817893E+002
    487  2.885139457733222E-001  1.449677522484204E+003
    488  2.861261392620504E-001  7.719491902175589E+001
    489  2.864411088243654E-001  4.121494428906087E+002
    490  2.855252074699481E-001  1.975373621211264E+001
    491  2.900990129586972E-001  3.271791494683901E+003
    492  2.890452567700271E-001  3.112839559713273E+003
    493  2.823759173760025E-001  8.542506995556552E+002
    494  2.823335358814395E-001  9.637296855944695E+002
    495  2.808549559312275E-001  6.699137184722020E+002
    496  2.792624076968368E-001  2.658296508476221E+001
    497  2.833503201533980E-001  3.296241589730893E+003
    498  2.799896356114958E-001  2.310016756789875E+003
    499  2.762992738415266E-001  2.629100053850560E+000
    500  2.770441053993189E-001  8.411415405744023E+002
    501  2.749235327448651E-001  1.485747644246482E+000
    502  2.747277967450901E-001  3.216482303682311E+002
    503  2.736870861253993E-001  1.457301262568079E+003
    504  2.746648805739861E-001  2.705814599155035E+003
    505  2.745472753022230E-001  3.586817043338577E+003
    506  2.690715176757535E-001  3.121693156719414E+001
    507  2.729709260539301E-001  3.019690865706668E+003
    508  2.683166038050899E-001  3.965059155971600E+001
    509  2.680132052002678E-001  3.031554642082031E+001
    510  2.712735348360298E-001  2.421233673477649E+003
    511  2.678362787022929E-001  1.227291787473981E+002
    512  2.683446545619955E-001  5.783811226131293E+002
    513  2.675253479702658E-001  1.062945165181764E+002
    514  2.682660814159461E-001  6.249402156597948E+002
    515  2.676243463571867E-001  2.596631692690511E+002
    516  2.684006879033609E-001  9.118124686771704E+002
    517  2.680885399279251E-001  7.795786646048864E+002
    518  2.691385491807207E-001  1.504064861438174E+003
    519  2.691649265154084E-001  1.535509877865073E+003
    520  2.668851860346838E-001  1.638945980970976E+001
    521  2.671176889996003E-001  3.481326749715695E+002
    522  2.608769314178783E-001  8.579145287026280E+001
    523  2.605760913722469E-001  2.020056275801042E+002
    524  2.613778029046235E-001  8.187864805303643E+002
    525  2.608922408629904E-001  7.584754521507947E+002
    526  2.596722136989000E-001  1.787424914405733E+002
    527  2.592765644406179E-001  2.175257538473764E+002
    528  2.593498522533522E-001  3.108380700165592E+002
    529  2.589977413407712E-001  1.573062084068335E+002
    530  2.585793100017366E-001  2.516599363720132E+003
    531  2.597531600789866E-001  4.106044443640268E+003
    532  2.528964132753895E-001  7.389763239491934E+002
    533  2.511254981725393E-001  1.872840370084135E+003
    534  2.481078873614466E-001  4.029435376482184E+002
    535  1.953448032697262E-001  4.504098741704219E+003
    536  1.950333583553327E-001  4.897127003363640E+003
    537  1.956395393409221E-001  9.111198288759353E+003
    538  1.232534401206033E-001  2.750873463727593E+003
    539  1.523721810786886E-001  4.392477935929683E+004
    540  8.134783249670482E-002  5.006748829690256E+002
    541  8.148731695636431E-002  7.726020947797819E+002
    542  8.072057470160779E-002  3.607219850236718E+002
    543  8.144853762007123E-002  1.486302870036178E+003
    544  1.063756142054754E-001  2.004930878298583E+004
    545  7.737415667849495E-002  6.077709743470215E+002
    546  1.184180920658284E-001  2.847507715284088E+004
    547  6.288740432711616E-001  3.745474095132818E+005
    548  8.013880179597460E-002  2.543903121270953E+003
    549  9.825517842083005E-002  1.546948099698319E+004
    550  7.655846801459529E-002  8.205169382463009E+002
    551  1.020708717382668E-001  1.817970357879169E+004
    552  9.437402296217919E-002  1.226970583731922E+004
    553  7.887676921713040E-002  2.469906011839164E+003
    554  9.534170847340258E-002  1.423248211741567E+004
    555  7.507711096809630E-002  5.732283979635280E+002
    556  7.355352119626667E-002  2.651275610231671E+001
    557  7.471417162600137E-002  7.834465607787675E+002
    558  7.360703003540155E-002  2.214239143828622E+002
    559  7.373925252691045E-002  3.316603364263348E+002
    560  7.388593829478095E-002  8.356013619971549E+002
    561  7.302742242693189E-002  3.140873593308708E+002
    562  7.257516747210821E-002  4.586868233871186E+001
    563  8.830993402545886E-002  1.049084760520806E+004
    564  7.396588298817020E-002  1.132013328270492E+003
    565  7.286310399212123E-002  4.728658393582216E+002
    566  1.040513439022979E-001  2.147710703169268E+004
    567  7.213159770614193E-002  1.516589168062410E+002
    568  7.356248959696554E-002  1.492790392818675E+003
    569  7.150084119099331E-002  1.036982178813352E+002
    570  7.412108355146507E-002  1.893834136266977E+003
    571  7.143921119946263E-002  2.897308643264380E+002
    572  7.428576788523877E-002  2.269587610452824E+003
    573  7.151477407949107E-002  4.400400017610541E+002
    574  7.090929828103114E-002  1.047584825024896E+002
    575  7.226714526464349E-002  1.093456267241397E+003
    576  7.224142424785647E-002  1.088806599627222E+003
    577  7.091647763167234E-002  2.630200760757701E+002
    578  7.166009195306569E-002  8.193760212167840E+002
    579  7.058725799420940E-002  1.113254338360006E+002
    580  7.304432495842993E-002  1.785879805089979E+003
    581  7.036076145017553E-002  3.763110886233135E+000
    582  7.414644028665580E-002  2.581844364181547E+003
    583  7.035254254275985E-002  1.485393323673042E+002
    584  7.024287396862146E-002  2.156136645057154E+002
    585  7.144237265601128E-002  1.039247165190797E+003
    586  6.977085346356560E-002  2.407199602258536E+001
    587  7.016554519705681E-002  2.925305034461624E+002
    588  7.405348953593585E-002  3.019484961424686E+003
    589  6.976028289500660E-002  1.235439023055474E+002
    590  6.959526847393421E-002  2.929853843930491E+001
    591  6.950384391555449E-002  4.347936175894509E+001
    592  7.454175347644072E-002  3.405703455730183E+003
    593  7.313841189458177E-002  2.488746693203942E+003
    594  6.947590556529858E-002  1.897891483661132E+002
    595  6.925570638900483E-002  9.934477355353725E+001
    596  6.915968091956665E-002  1.074690714527101E+002
    597  6.960584696390013E-002  3.863306318368749E+002
    598  6.885596794974495E-002  8.485697305860095E-001
    599  6.941680291526704E-002  4.133119352170824E+002
    600  6.895792758081171E-002  1.993827970563359E+002
    601  6.870827001625927E-002  4.509484453186816E+001
    602  7.015468851879829E-002  1.072448240105991E+003
    603  6.860933705429959E-002  1.095286042606958E+001
    604  6.894388911904079E-002  2.854712300026411E+002
    605  6.876282531285027E-002  2.408135460835382E+002
    606  6.836702433280639E-002  7.446057512159999E+000
    607  6.896985624104748E-002  4.099749203159220E+002
    608  6.834921731183219E-002  6.575635270537731E+001
    609  6.855867076189721E-002  2.260423675268724E+002
    610  6.840554641242691E-002  1.339398310611253E+002
    611  6.867943851827062E-002  2.974296294136822E+002
    612  6.815777494460795E-002  2.067991710906038E+000
    613  6.861275934409236E-002  3.697022182383236E+002
    614  6.805259217760280E-002  1.397021832556908E+001
    615  6.834508678493774E-002  2.304223107008015E+002
    616  6.817876889598656E-002  1.494030947029472E+002
    617  6.875377855102970E-002  5.467921920131869E+002
    618  6.870973528239271E-002  6.070197845756801E+002
    619  6.775147712555721E-002  3.007944638221218E+001
    620  6.762784728869892E-002  1.018357377524989E+000
    621  6.862126614212842E-002  7.031318850403936E+002
    622  6.774997063439631E-002  1.265414255526386E+002
    623  6.808919564548209E-002  3.579363853215070E+002
    624  6.766647433401810E-002  1.308638629300814E+002
    625  6.745956982179541E-002  3.343420584975868E+001
    626  6.777055491980251E-002  2.883118641210916E+002
    627  6.736725026684481E-002  3.057917006689754E+001
    628  6.720857133894621E-002  2.223736303669045E+000
    629  6.712811684617109E-002  1.759662892301172E+000
    630  6.742095027595474E-002  1.981386401144457E+002
    631  6.732111098378207E-002  1.406556506808250E+002
    632  6.740356935209495E-002  2.223610098219616E+002
    633  6.716165270166852E-002  6.581165381315706E+001
    634  6.707517901883538E-002  4.927723938346284E+001
    635  6.746290914724838E-002  3.462656857048805E+002
    636  6.714590992829858E-002  1.311297187993555E+002
    637  6.705993951919595E-002  1.115404380363286E+002
    638  6.689007904413058E-002  5.460367999818149E+000
    639  6.711379464941099E-002  1.656930792566210E+002
    640  6.687651843830252E-002  2.764849546231229E+001
    641  6.695062644202346E-002  9.100683725930610E+001
    642  6.681653088589563E-002  2.643010312014843E+001
    643  6.682333297057737E-002  4.869002531957484E+001
    644  6.673827224390538E-002  1.634485822135879E+001
    645  6.687258242344167E-002  1.085950948351176E+002
    646  6.679528027377929E-002  9.573325716737010E+001
    647  6.662306016732487E-002  3.603553485370298E-001
    648  6.663570239361989E-002  2.401779736783234E+001
    649  6.675537295341355E-002  1.319383856993729E+002
    650  6.687585187707053E-002  2.592867658632280E+002
    651  6.649842223110473E-002  2.865610584335357E+001
    652  6.633439702371534E-002  4.839755440829713E-001
    653  6.632021782277465E-002  5.753826384730508E+000
    654  6.657013375611895E-002  2.680121234434208E+002
    655  6.647397297199518E-002  2.375013711928033E+002
    656  6.619715187069761E-002  9.949103252420780E+001
    657  6.604641851175461E-002  3.371476463871804E+001
    658  6.656329986607563E-002  3.689430394121904E+002
    659  6.663708140885752E-002  4.650409335384809E+002
    660  6.580823566635510E-002  2.353412537761659E+001
    661  6.627273275815507E-002  3.340519949066796E+002
    662  6.572511474017022E-002  1.258433834224994E+001
    663  6.601975724233497E-002  3.382139755222656E+002
    664  6.545250538338275E-002  1.631410300290995E+001
    665  6.542888726343055E-002  3.961669224310733E+001
    666  6.697303433916128E-002  1.152569876091057E+003
    667  6.572417529121945E-002  4.828287138726723E+002
    668  6.502650999163045E-002  2.624248994100932E+001
    669  6.604777393497414E-002  7.271352754330696E+002
    670  6.493629033195289E-002  6.812828372821701E+001
    671  6.519847074732683E-002  3.812331981286424E+002
    672  6.481975952871113E-002  1.430618456577090E+002
    673  6.629528908426448E-002  1.187353623811681E+003
    674  6.466947489655110E-002  1.726003842787781E+002
    675  6.506802097660724E-002  4.263531416124153E+002
    676  6.467334636609795E-002  3.147117730705939E+002
    677  6.402095459167052E-002  2.513153401164164E+001
    678  6.433099185372645E-002  3.536052154221051E+002
    679  6.365801039383677E-002  3.640260171569798E+001
    680  6.399446123407866E-002  3.107602491913473E+002
    681  6.412765806982171E-002  4.246846413058410E+002
    682  6.348090144075509E-002  9.038455177204479E+001
    683  6.368962128256594E-002  2.314968370915279E+002
    684  6.341377742211225E-002  7.548806724303039E+001
    685  6.331746132132876E-002  2.778519859398957E+001
    686  6.435940287256803E-002  7.043679763179242E+002
    687  6.378233928548052E-002  3.476808876091683E+002
    688  6.321844065312913E-002  1.193165725743478E+001
    689  6.376997676386767E-002  4.022673066161826E+002
    690  6.397166282106759E-002  6.366388908559443E+002
    691  6.358201621238059E-002  4.029308043166174E+002
    692  6.297554758998411E-002  2.213603655169103E+000
    693  6.295334087768560E-002  1.162636886409706E+001
    694  6.426416763694516E-002  8.815327921015546E+002
    695  6.301341507974829E-002  7.555235293598355E+001
    696  6.280839396239013E-002  1.811321127550314E+001
    697  6.335744039439818E-002  3.693225235237255E+002
    698  6.447556067869294E-002  1.125145715072661E+003
    699  6.271255837184031E-002  2.740331647233549E+001
    700  6.323286155021221E-002  4.410844486514702E+002
    701  6.252133201092047E-002  1.148132087244848E+000
    702  6.294167828594459E-002  2.694382355566548E+002
    703  6.242026022629953E-002  1.321181329691884E+001
    704  6.228187804170321E-002  2.700565476792751E+000
    705  6.216339209783029E-002  1.250906041045763E+001
    706  6.278188531239678E-002  4.996986224764425E+002
    707  6.192108669238484E-002  3.097170032299345E+001
    708  6.260061801748557E-002  4.872968728408287E+002
    709  6.186456089707743E-002  4.908596882609998E+001
    710  6.382189733501618E-002  1.268479738063039E+003
    711  6.167063164226155E-002  1.359282255383051E+001
    712  6.219153907440291E-002  4.310977378624498E+002
    713  6.165970055865204E-002  1.100046510651830E+002
    714  6.151304270102723E-002  2.330112116625913E+001
    715  6.146591102956686E-002  2.016257170363139E+001
    716  6.271634276523405E-002  8.071215557103948E+002
    717  6.231492491694889E-002  6.509436697264802E+002
    718  6.124131633991101E-002  1.264378767053528E+000
    719  6.154640646348267E-002  2.041640597768116E+002
    720  6.105216002529179E-002  6.207542722438579E+000
    721  6.179121646540247E-002  5.227782927482075E+002
    722  6.099569622469032E-002  2.273577531052056E+001
    723  6.092086389831564E-002  1.208451444151071E+000
    724  6.126286688140897E-002  2.513184668107256E+002
    725  6.206782814104683E-002  8.038514814050213E+002
    726  6.075760474173766E-002  5.318124862281985E+000
    727  6.107623598710050E-002  2.670474084430087E+002
    728  6.066147526194534E-002  1.032586354796556E+001
    729  6.062966201171067E-002  6.436730443797990E+000
    730  6.100449419163011E-002  3.296642071906076E+002
    731  6.062460060245317E-002  7.845136485948926E+001
    732  6.053780962357429E-002  2.622503654443966E+001
    733  6.089923825970270E-002  3.082205830217671E+002
    734  6.043305564139906E-002  1.343545925200678E+000
    735  6.040648520144049E-002  4.942398140713937E+000
    736  6.035734553092868E-002  2.221083459431840E+000
    737  6.043747670263267E-002  5.776181929939658E+001
    738  6.064880631931491E-002  2.469972408433892E+002
    739  6.027980280674864E-002  1.220764275063369E+001
    740  6.026389155098868E-002  3.032595677179536E+000
    741  6.056312776351479E-002  2.170973368525870E+002
    742  6.044951303258633E-002  1.458088986569580E+002
    743  6.018544255554615E-002  3.510907912826240E-001
    744  6.015703583105518E-002  4.700383520299086E+001
    745  6.061289035882455E-002  3.490841355110877E+002
    746  6.059133922719664E-002  4.116078276826417E+002
    747  5.995490129205434E-002  6.903236321679638E+000
    748  6.022616814451122E-002  2.160558609363824E+002
    749  6.057176273277824E-002  4.409469075680500E+002
    750  5.982950100063941E-002  5.023766849113266E+000
    751  6.028148810397286E-002  3.521433865842648E+002
    752  5.968690830689211E-002  7.315713858500860E-001
    753  5.959903474218887E-002  3.982613173978908E+000
    754  5.959298762931307E-002  1.339647459169838E+001
    755  5.985551656417115E-002  1.952484754589291E+002
    756  5.956258172242583E-002  4.391476014208279E+001
    757  5.982442048327382E-002  2.643733852322791E+002
    758  5.937531779631125E-002  2.016681728302799E+001
    759  5.925514012496205E-002  1.528010770082375E+000
    760  5.965041154764410E-002  4.131189984422123E+002
    761  5.903713611073418E-002  1.551980784377474E+001
    762  6.140604687670625E-002  1.566163799270221E+003
    763  5.996965048204733E-002  9.178844106359849E+002
    764  5.851939908901598E-002  1.344795810716805E+001
    765  5.895607430451640E-002  3.749470571346639E+002
    766  5.834740199969874E-002  8.168771289379547E+000
    767  5.813027369413705E-002  1.768669914322195E+001
    768  5.957525705142675E-002  1.037011551065715E+003
    769  5.896893659942219E-002  7.535454420632788E+002
    770  5.785540511506445E-002  2.927997161933525E+001
    771  5.866279855146073E-002  6.350652860049398E+002
    772  5.819258216600891E-002  5.397097590106580E+002
    773  5.713572771749627E-002  1.311287986759478E+000
    774  5.798073637405002E-002  7.138856846805747E+002
    775  5.661472521300715E-002  1.463859160317250E+000
    776  5.645748784718846E-002  6.874419724188615E+000
    777  5.811790084286904E-002  1.081615041668935E+003
    778  5.756639991952285E-002  1.011646845497662E+003
    779  5.604678875989973E-002  5.681164900469596E+000
    780  5.663977768847542E-002  4.259038711488825E+002
    781  5.581564176179964E-002  3.036331679660038E+001
    782  5.573019437397073E-002  3.802908628511096E+001
    783  5.671627114724209E-002  6.557917279482509E+002
    784  5.612747047528759E-002  3.303005077820819E+002
    785  5.799612067762545E-002  1.530122710603769E+003
    786  5.555117524689358E-002  1.974826957007967E+001
    787  5.554425701431805E-002  5.381152468184887E+001
    788  5.539385398505293E-002  5.489817153701281E+000
    789  5.578538823124431E-002  2.881779353803619E+002
    790  5.537184469968368E-002  4.455781565425365E+001
    791  5.562162315416064E-002  2.222656527858065E+002
    792  5.526632325944820E-002  1.816187309400883E+001
    793  5.537811785670246E-002  1.301449423806802E+002
    794  5.516840173924068E-002  2.405904797710967E+001
    795  5.545192936809170E-002  2.308686852598427E+002
    796  5.512578090233514E-002  1.040649512914920E+002
    797  5.539125895264872E-002  3.536008470560532E+002
    798  5.485423929927692E-002  4.784920712571631E+000
    799  5.531028645815591E-002  3.535093903956320E+002
    800  5.485108037203823E-002  6.050431436087680E+001
    801  5.467583548188687E-002  1.350911360450995E+000
    802  5.502960411031881E-002  2.966009717759613E+002
    803  5.474021591731157E-002  1.857695420871748E+002
    804  5.444712155604093E-002  3.436764737590454E+001
    805  5.424389366003460E-002  8.895227796181052E+000
    806  5.416426489334497E-002  4.742659672145080E-001
    807  5.444636731164802E-002  2.078992256908590E+002
    808  5.476295828543629E-002  4.554719087477935E+002
    809  5.385191895073565E-002  2.145639228883556E+001
    810  5.446564025067895E-002  4.564789254190301E+002
    811  5.370221364743217E-002  3.843492997838055E+000
    812  5.379616296284203E-002  9.452396189543389E+001
    813  5.401651173823217E-002  3.088848498028815E+002
    814  5.349524823708015E-002  3.817368648302479E+000
    815  5.349632359034324E-002  3.127057249412425E+001
    816  5.421633814983656E-002  4.681873913856548E+002
    817  5.355679982493570E-002  1.482697727389155E+002
    818  5.326635967348570E-002  6.980367224472666E+000
    819  5.320163257420127E-002  3.234964084315322E+000
    820  5.334732897059466E-002  1.497635665483853E+002
    821  5.339897957404744E-002  1.841674194129574E+002
    822  5.370752159147547E-002  3.931579808342536E+002
    823  5.308122397468583E-002  4.809308983184190E-001
    824  5.319730173372830E-002  1.166995621246157E+002
    825  5.355329364969195E-002  3.859719608450819E+002
    826  5.366083160183824E-002  4.587727432578642E+002
    827  5.307971714745272E-002  1.365205872268522E+002
    828  5.285842406341779E-002  1.271335694880147E+001
    829  5.346154333954070E-002  4.048815183951174E+002
    830  5.281311894750094E-002  1.201317235027077E+001
    831  5.307348559543554E-002  2.180969127137474E+002
    832  5.322484781750866E-002  3.419439486029426E+002
    833  5.265398265120282E-002  6.573299386498627E-001
    834  5.263114817331967E-002  4.439732948852934E+000
    835  5.333147391917000E-002  4.671666232845553E+002
    836  5.408567670819226E-002  1.004142285879919E+003
    837  5.247764862597398E-002  1.047760940896050E+001
    838  5.323803936961731E-002  5.139825844161761E+002
    839  5.238257053791930E-002  7.705883520607018E+000
    840  5.220241476021214E-002  1.505827248661948E+000
    841  5.215093170243940E-002  1.940273011178441E+000
    842  5.296277503004249E-002  5.928843475132074E+002
    843  5.238269637415770E-002  2.388507261895392E+002
    844  5.237023326636817E-002  3.462762231659844E+002
    845  5.181970050239219E-002  3.000563654000864E+001
    846  5.167346541702227E-002  2.548483397713888E+001
    847  5.213893725647317E-002  3.193516337772155E+002
    848  5.183151381853894E-002  2.687470794452564E+002
    849  5.128192331080692E-002  2.376129041655528E+001
    850  5.096327608026432E-002  9.196310183323061E-001
    851  5.107470654848145E-002  1.108894025721582E+002
    852  5.090157855395318E-002  2.090231251411180E+001
    853  5.086940534863848E-002  5.518733767977739E+001
    854  5.094147389740258E-002  1.870146402367920E+002
    855  5.062093076657751E-002  1.000952080882346E+002
    856  5.045710701361887E-002  4.237956151652515E+000
    857  5.037789270908947E-002  2.627154356598215E+000
    858  5.052839567159055E-002  1.039300166674937E+002
    859  5.037266055527458E-002  1.190834971401972E+001
    860  5.039904900411055E-002  6.876592119668094E+001
    861  5.029195862610865E-002  2.804481522800604E+000
    862  5.023209593999745E-002  2.664794393176294E+001
    863  5.027818444637355E-002  9.827139992187598E+001
    864  5.008307152023329E-002  9.126155956419494E-001
    865  5.025146588899770E-002  1.181478688755587E+002
    866  4.993322379113968E-002  2.191568604284179E+002
    867  4.951908827131608E-002  3.477780734143270E+000
    868  4.993215988780095E-002  3.237782837764699E+002
    869  4.924740901504100E-002  2.179628697550882E+000
    870  5.002348513428168E-002  6.779971507887366E+002
    871  4.949016581653028E-002  4.470426991007471E+002
    872  4.878384959544944E-002  1.018574415012295E+000
    873  4.909922360372157E-002  2.550201268417356E+002
    874  4.859446180611889E-002  2.095598570526883E+000
    875  5.075538377652835E-002  1.382077392202212E+003
    876  4.848342432898280E-002  3.841545521667369E+000
    877  4.888666174278612E-002  3.069767199767553E+002
    878  4.833178606189411E-002  7.491176596905422E+000
    879  4.860236973688882E-002  1.967574908102433E+002
    880  4.827452293969181E-002  8.133342895081853E+001
    881  4.787857613630639E-002  1.699059970665505E-001
    882  4.781036825684683E-002  6.386303333721919E+000
    883  4.795052962541521E-002  1.152443791797562E+002
    884  4.784318381168207E-002  5.320298314130426E+001
    885  4.764377696013897E-002  6.509261552222284E-001
    886  4.788240539916199E-002  2.136004928453274E+002
    887  4.776465557715956E-002  1.819036817901333E+002
    888  4.745841621894534E-002  6.914474374606979E+000
    889  4.673391414711588E-002  1.942782519715062E+000
    890  4.719511671152980E-002  3.747984076231913E+002
    891  4.657700998775304E-002  7.196348905041440E-001
    892  4.712262387366754E-002  4.149005307424282E+002
    893  4.617036931095322E-002  2.289622339819321E+001
    894  4.642401984730537E-002  2.502250681401676E+002
    895  4.567700161632012E-002  1.720906749346746E+002
    896  4.550360138086081E-002  7.222042746751468E+001
    897  4.626664557094420E-002  6.587041228673487E+002
    898  4.585294803474721E-002  6.140805376517695E+002
    899  4.492196622717849E-002  1.481189255140495E+002
    900  4.441683787110004E-002  6.431092487842048E+000
    901  4.371446185008872E-002  1.429026277571413E+001
    902  4.410895961953377E-002  2.983942231869341E+002
    903  4.360718925900139E-002  1.661108054561185E+002
    904  4.322532521749634E-002  2.397240688807425E+000
    905  4.371487531111067E-002  4.935958097319369E+002
    906  4.283611510142156E-002  3.509111072085737E+000
    907  4.302886124392017E-002  1.983929463215046E+002
    908  4.256910223538787E-002  1.388948758766010E+001
    909  4.333187328454664E-002  5.301573967649318E+002
    910  4.243237033380363E-002  7.371429635827431E+001
    911  4.368279951019772E-002  9.169916645139893E+002
    912  4.214766890479466E-002  4.586210638977296E+000
    913  4.206442934914947E-002  2.123853283133748E+001
    914  4.199054621296639E-002  1.343367731479900E+000
    915  4.199417753136604E-002  2.529795250312369E+001
    916  4.217504766995801E-002  1.507232559054822E+002
    917  4.205157514650969E-002  1.286097301482077E+002
    918  4.218568825460476E-002  2.974673842994079E+002
    919  4.189718673350358E-002  1.855784991487057E+002
    920  4.151993896735495E-002  1.141141956726423E+001
    921  4.185458227929843E-002  2.710326053111210E+002
    922  4.138995721738752E-002  3.867809089271905E+001
    923  4.137946731838477E-002  3.683939854368148E+001
    924  4.185941118525667E-002  3.619759944787637E+002
    925  4.116182515946784E-002  7.581027657615961E+000
    926  4.378867396663514E-002  1.886240897145113E+003
    927  4.097843644819545E-002  4.367961343380212E+001
    928  4.218196837184919E-002  8.423573845601851E+002
    929  4.156606955862764E-002  5.194516791138059E+002
    930  4.128174117151225E-002  3.286699420489346E+002
    931  4.076137814075743E-002  1.632065098434486E+001
    932  4.084681268345821E-002  8.410233400939364E+001
    933  4.073204774470593E-002  1.210977774840356E+001
    934  4.123697382306053E-002  4.289395989461095E+002
    935  4.056609668740178E-002  9.768417520666494E+000
    936  4.040249216665123E-002  6.839933809028415E+000
    937  4.113034423568638E-002  4.705689589750194E+002
    938  4.084855050852249E-002  3.365861199531368E+002
    939  4.031991839588990E-002  1.065722477353621E+001
    940  4.058500166379739E-002  1.997003615926002E+002
    941  4.026228127376041E-002  4.310577411842773E+000
    942  4.036127589160605E-002  1.171651674163496E+002
    943  4.029139778048827E-002  8.873825931051159E+001
    944  4.056923568362533E-002  2.616748827695812E+002
    945  4.029877390923819E-002  1.536070815882768E+002
    946  4.005258949653998E-002  3.560359112749658E+000
    947  4.047366513310875E-002  3.315242243767100E+002
    948  4.020280847727192E-002  1.863501243418504E+002
    949  3.990663904838968E-002  2.165996395588456E+001
    950  4.017929325814735E-002  2.313809138069451E+002
    951  3.975323258356409E-002  1.018878294493682E+001
    952  4.022280845762764E-002  3.015374264595459E+002
    953  3.969404284534793E-002  1.998176160197356E+001
    954  4.057449180118112E-002  6.028886756544513E+002
    955  3.983896797040311E-002  1.315703490813240E+002
    956  3.964262818997439E-002  2.690565521936525E+000
    957  3.964439776732332E-002  1.444992959400800E+001
    958  3.980976224703299E-002  1.296743506967187E+002
    959  3.958808633267562E-002  6.121680987696752E+000
    960  3.996522966888379E-002  2.516893512349487E+002
    961  3.957420127162146E-002  9.485030172470312E+000
    962  3.978224338453993E-002  1.758998831687583E+002
    963  3.955476006409529E-002  4.100160024729826E+001
    964  3.995822140492588E-002  3.368503058478518E+002
    965  3.932526342348196E-002  6.259113495884328E-001
    966  4.230088133370294E-002  2.123352924116480E+003
    967  4.039422482959532E-002  7.701410940637589E+002
    968  3.970278790168840E-002  3.504901061441871E+002
    969  3.910454533380863E-002  2.132439427348954E+000
    970  3.978509380509052E-002  4.654866714269993E+002
    971  3.901612913119010E-002  3.803132748707981E+000
    972  3.929610809125280E-002  2.109223049060458E+002
    973  4.012520899412315E-002  7.907853503755364E+002
    974  3.888593511511336E-002  4.635409506967438E+000
    975  3.934219006727154E-002  3.082116745900138E+002
    976  3.956418030142295E-002  5.075067035853630E+002
    977  3.888569219911236E-002  7.194906147226176E+001
    978  3.875883545633092E-002  1.428584577247524E+001
    979  3.895163127404489E-002  1.650535856169421E+002
    980  3.868975923293252E-002  6.163659456022650E+000
    981  3.941600973841512E-002  5.126907125469746E+002
    982  3.861574949397967E-002  1.888186469323285E+001
    983  3.872896667510499E-002  1.300068963837984E+002
    984  3.879298461144619E-002  1.641394430626124E+002
    985  3.848296098264552E-002  1.351095044357022E+001
    986  3.868709866836624E-002  1.595245418952954E+002
    987  3.839952821665114E-002  9.253267603679523E+000
    988  3.847800339720073E-002  6.019490956361057E+001
    989  3.860306061974274E-002  2.515270659297566E+002
    990  3.820807047367982E-002  1.897343204241326E+001
    991  3.949343914040662E-002  9.042227508523525E+002
    992  3.957245415734212E-002  1.046165789550086E+003
    993  3.794654001199495E-002  4.606823691138835E+000
    994  3.796315949493612E-002  3.250672425045325E+001
    995  3.804672743118218E-002  1.244401890117206E+002
    996  3.783157997224115E-002  1.357790825963473E+000
    997  3.847435084702334E-002  4.406115199223139E+002
    998  3.959418369974099E-002  1.119839133930884E+003
    999  3.777468605777241E-002  3.445365005762813E+000
   1000  3.853965293156172E-002  5.125346439543569E+002
   1001  3.908833199421988E-002  8.876962530168939E+002
   1002  3.773362574281060E-002  1.689485667894695E+001
   1003  3.763588546058950E-002  7.311967071585603E+000
   1004  3.767254348222831E-002  3.527436392432426E+001
   1005  3.883668761435245E-002  7.793219797839228E+002
   1006  3.827696834365438E-002  4.683156202447972E+002
   1007  3.750867402269906E-002  4.521604907337586E-001
   1008  3.797350989845488E-002  3.168124377432055E+002
   1009  3.812622272598059E-002  4.317935455907214E+002
   1010  3.741934282088542E-002  1.915198551065688E+001
   1011  3.836523365624600E-002  7.541575182064172E+002
   1012  3.733696459621397E-002  1.060629483339880E+001
   1013  3.806340903825790E-002  5.117617350864128E+002
   1014  3.742146913878026E-002  1.136560483529310E+002
   1015  3.724073640588384E-002  1.015802238782156E+000
   1016  3.865954461468062E-002  9.826952966376743E+002
   1017  3.724045340892500E-002  2.234368180141047E+001
   1018  3.823856637814162E-002  6.886493460357201E+002
   1019  3.712677257003179E-002  1.129874217150294E+000
   1020  3.842451028272420E-002  8.609944717792076E+002
   1021  3.727850557283411E-002  1.549988289888522E+002
   1022  3.811174057625352E-002  7.742648655456995E+002
   1023  3.693511656481433E-002  7.130985303441885E+000
   1024  3.771662912380232E-002  5.937224831491033E+002
   1025  3.684676769683807E-002  7.847391286101170E+000
   1026  3.830455569993886E-002  9.120426405887665E+002
   1027  3.750921453609551E-002  4.515255007037738E+002
   1028  3.674047145658944E-002  4.040532373820025E+001
   1029  3.792868756778609E-002  8.094615867319179E+002
   1030  3.655999801720222E-002  7.365183703213692E-001
   1031  3.783516366900689E-002  8.377007177404097E+002
   1032  3.793333699156415E-002  9.067222179116156E+002
   1033  3.756828296005926E-002  6.868083647151234E+002
   1034  3.739191612984195E-002  5.775382202762540E+002
   1035  3.645594537169350E-002  1.833856573333097E+001
   1036  3.920924405486799E-002  1.744995863136185E+003
   1037  3.632465409125308E-002  3.462028031349347E+000
   1038  4.344197992119266E-002  4.358447242057040E+003
   1039  4.728128177293151E-002  6.819556543462878E+003
   1040  3.618128064063107E-002  4.664537591891960E+001
   1041  4.939385988860008E-002  8.260794610051431E+003
   1042  3.856601214855555E-002  1.666618304714386E+003
   1043  3.596781742570262E-002  2.085993525448518E+001
   1044  4.238030717152168E-002  4.247725330977476E+003
   1045  6.413361371027568E-002  1.819081786199582E+004
   1046  3.581180160586389E-002  7.955980940104189E+001
   1047  4.393534229259507E-002  5.414996837017015E+003
   1048  5.424559327210941E-002  1.189578130817199E+004
   1049  3.540336408565001E-002  6.833614541073096E+000
   1050  4.517703801113291E-002  6.122179735857421E+003
   1051  3.502173867021166E-002  1.264530622331822E+001
   1052  4.373402428897290E-002  5.822029401701183E+003
   1053  4.187023279969677E-002  4.766708572481999E+003
   1054  3.484860595616116E-002  1.546145106200844E+001
   1055  3.756022997603896E-002  1.888745663628459E+003
   1056  3.479699052576819E-002  2.318174009226901E+001
   1057  3.816103418531303E-002  2.134229083871614E+003
   1058  5.266792851597210E-002  1.115708998952311E+004
   1059  3.453585567190503E-002  5.220071668445114E+000
   1060  5.606505297775845E-002  1.390588833559360E+004
   1061  3.821760230567497E-002  2.488605394016145E+003
   1062  3.795829833962709E-002  2.312245412223944E+003
   1063  3.435345324323852E-002  8.070703324593286E+001
   1064  4.275258503440969E-002  5.578642099986868E+003
   1065  3.408982980517797E-002  4.659457176870959E+001
   1066  4.558604958245609E-002  7.553473601800278E+003
   1067  4.006974959523677E-002  4.145779618014797E+003
   1068  3.403351166415300E-002  7.612940567916776E+001
   1069  3.745178204423134E-002  2.487551657838746E+003
   1070  5.038245082231274E-002  1.065989697232964E+004
   1071  4.702412303701761E-002  9.909698022921510E+003
   1072  4.570894789724089E-002  8.017916555306382E+003
   1073  3.273964183380743E-002  4.492133495823356E+000
   1074  4.057516134640320E-002  5.116150287086199E+003
   1075  1.453625329562212E-002  3.722778019718045E+003
   1076  8.974797051202934E-003  5.242989758828259E+001
   1077  5.031902336861681E-005  3.346959757987075E+001
