# dt =   1.000000000000000E-007
# j, New nj, Rate of change (1/s)
      1  2.185322268507304E+000  1.701622242819053E+003
      2  2.141295271008097E+000  3.523965881627988E+003
      3  2.100441542931009E+000  1.054578314651166E+003
      4  2.060441196905285E+000  2.849595363162781E+003
      5  2.028563167751464E+000  9.000007831310584E+003
      6  1.998944625522246E+000  9.842774431471202E+002
      7  2.082901521821280E+000  8.419447608910558E+004
      8  2.028611931178108E+000  4.175125287150045E+004
      9  1.968004255169705E+000  1.976330759403032E+003
     10  1.948648639798053E+000  3.935006663328232E+003
     11  1.759177116668788E+000  4.138469186029009E+003
     12  1.731695787897422E+000  1.607575762308327E+003
     13  1.469768186048505E+000  2.349355353707583E+002
     14  1.466957716845053E+000  4.717434089091320E+003
     15  1.434823745319121E+000  2.181300935164494E+002
     16  1.447254631294109E+000  1.586340528255692E+004
     17  1.426169834389516E+000  4.119517606948277E+003
     18  1.409219018798025E+000  1.437477487845497E+004
     19  1.382374844184716E+000  1.416020642308075E+002
     20  1.379670533100245E+000  4.328997939463025E+003
     21  1.373975881212689E+000  1.272191046432017E+003
     22  1.373489714882161E+000  1.144717528791661E+003
     23  1.412696625003154E+000  4.483509977882079E+004
     24  1.397084094291530E+000  3.448631321920413E+004
     25  1.279538605301835E+000  1.373686037845992E+002
     26  1.276100396095120E+000  1.879272504624148E+003
     27  1.277392147770773E+000  1.156159121729161E+004
     28  1.254578626633082E+000  8.668423205718253E+002
     29  1.262965514681735E+000  8.677154335528858E+003
     30  1.229215811770744E+000  6.611244103470402E+002
     31  1.229767487154570E+000  8.059891995581432E+003
     32  1.201761138723882E+000  4.621025482457530E+003
     33  1.197270278684720E+000  1.686007537866689E+003
     34  1.191613526546892E+000  1.009391932437278E+003
     35  1.185731789576190E+000  2.355621809650210E+003
     36  1.184353577716824E+000  2.631829489999076E+003
     37  1.180785194031401E+000  1.969866735933908E+003
     38  1.213171204940510E+000  3.278811085833362E+004
     39  1.176627442355524E+000  1.822879596897541E+003
     40  1.169970566867414E+000  1.620110413980337E+003
     41  1.165859337279631E+000  9.600719075053086E+002
     42  1.161324868959717E+000  1.365005092624086E+003
     43  1.134425453934856E+000  1.436350917754136E+003
     44  1.132506152451604E+000  1.009481033050607E+003
     45  1.121600033635158E+000  1.135271357485429E+003
     46  1.120118158980928E+000  1.656329086517362E+003
     47  1.114865232031905E+000  1.278152540815491E+001
     48  1.112090708115660E+000  9.235272118730232E+002
     49  1.110859067140888E+000  3.001399428484143E+002
     50  1.109259920668858E+000  4.008430898351282E+002
     51  1.109162089709779E+000  1.734978923142669E+003
     52  1.104949504701380E+000  5.588402737616281E+002
     53  1.105232790713074E+000  8.718628161899793E+002
     54  1.103076353144371E+000  1.376016734931193E+003
     55  1.087928940848962E+000  2.237845152886476E+003
     56  1.078117465185915E+000  1.349229401121643E+001
     57  1.067003086703225E+000  1.941631562771214E+003
     58  1.076439262011570E+000  1.190271374547449E+004
     59  1.060876191211725E+000  8.377871862814642E+001
     60  1.067394006087342E+000  8.246275458502694E+003
     61  1.052664463269588E+000  3.618876652585075E+002
     62  1.049394031207344E+000  8.501774818040503E+002
     63  1.047433204999700E+000  5.997713812146309E+002
     64  1.064791759245007E+000  1.851958864092414E+004
     65  1.063964204357582E+000  2.077697102263879E+004
     66  1.039429774897067E+000  2.871358243381389E+003
     67  1.036599566071689E+000  5.580938389141645E+003
     68  1.030074196318321E+000  6.255661096972553E+002
     69  1.029703834656342E+000  1.180981037621039E+003
     70  1.027381592686090E+000  6.476303080641991E+003
     71  1.022794022043015E+000  5.862684468668449E+003
     72  1.013976411375437E+000  2.836019730920469E+002
     73  1.010433491025649E+000  1.025509465817068E+003
     74  1.010157555140464E+000  1.968715560055349E+003
     75  1.003190391802945E+000  5.333293701970362E+002
     76  1.002050763537351E+000  2.955028806390928E+002
     77  1.001219747347947E+000  4.365244923498074E+002
     78  9.999339296798094E-001  6.757132631013336E+002
     79  9.986091004006518E-001  1.311111130961241E+003
     80  9.949986812483459E-001  2.302589595007999E+003
     81  9.927698687730347E-001  5.061289156213242E+002
     82  9.892901101882012E-001  4.932094041759102E+002
     83  9.887454491989319E-001  2.229711177477965E+002
     84  9.873652536300336E-001  4.310654968903343E+002
     85  9.873975602380878E-001  4.676292051324838E+003
     86  9.847040318941278E-001  3.190862248385078E+003
     87  9.745125151962253E-001  3.123535650931820E+001
     88  9.732612606562644E-001  2.272747848589899E+002
     89  9.695970074561538E-001  1.803163509651329E+003
     90  9.708256469175200E-001  4.615390241274373E+003
     91  9.690819559674532E-001  4.734544876519743E+003
     92  9.659856844066291E-001  2.645458855206087E+003
     93  9.609893290430686E-001  2.045300868350350E+002
     94  9.612691319016128E-001  9.319362544306173E+002
     95  9.621855671261540E-001  3.166824620489833E+003
     96  9.589777387905490E-001  9.100230191100380E+002
     97  9.590857051565822E-001  1.865831504443149E+003
     98  9.577273956079028E-001  7.927765144303239E+002
     99  9.554557008136778E-001  1.358278178606135E+002
    100  9.580548416344342E-001  3.053852972087255E+003
    101  9.555011911140789E-001  1.438328592831253E+003
    102  9.448228314160537E-001  1.325351398592834E+003
    103  9.411716619027040E-001  4.498861605889500E+003
    104  9.324759137810694E-001  5.769732768701176E+002
    105  9.285384674162381E-001  8.618006519532890E+002
    106  9.290402472463491E-001  1.469104345273319E+003
    107  9.246087458907567E-001  3.037295664167373E+002
    108  9.248217218936836E-001  2.106659118213456E+003
    109  9.215763970429974E-001  9.478863264996503E+002
    110  9.211928560082444E-001  1.369291930769654E+003
    111  9.198962648607071E-001  8.147590579076258E+002
    112  9.190534996284255E-001  6.253746029649043E+002
    113  9.181866735397440E-001  4.034802362896835E+002
    114  9.345398604862625E-001  1.883561285395590E+004
    115  9.130803084349729E-001  1.376557813101881E+003
    116  9.117719470410675E-001  8.614272378538511E+002
    117  9.114478765992789E-001  2.619340142593608E+003
    118  9.035833700859786E-001  4.428101853680192E+002
    119  9.040193745810522E-001  1.335806911794143E+003
    120  9.011904308738911E-001  1.120810811875964E+003
    121  9.000276761329388E-001  9.184303412832973E+002
    122  8.966344763513044E-001  1.260749117389479E+002
    123  8.955028392387163E-001  2.289063071158944E+002
    124  8.921002886980214E-001  7.687288022073969E+000
    125  8.919580790529547E-001  7.045330478179549E+002
    126  8.905969496584710E-001  5.098837616012134E+002
    127  8.900605824479433E-001  1.590776603836599E+002
    128  8.875813023452637E-001  4.955818253244961E+002
    129  8.858898505771847E-001  6.811266907705745E+001
    130  8.857668375627241E-001  4.524282446783084E+002
    131  8.839949667604199E-001  1.819384550953476E+003
    132  8.821457105746976E-001  6.707446117093058E+002
    133  8.819746712381842E-001  1.536918363810593E+003
    134  8.783912639653495E-001  1.453520834120447E+003
    135  8.767957483905026E-001  7.036257202120818E+002
    136  8.750871360222648E-001  7.776648881723323E+002
    137  8.754765374114042E-001  1.579098183426447E+003
    138  8.739745549052770E-001  1.122820258747925E+003
    139  8.721813767144037E-001  4.399758107794560E+002
    140  8.715405563863061E-001  2.545228571063450E+002
    141  8.707853915868055E-001  6.246892751685584E+002
    142  8.730964731254306E-001  5.185667754812815E+003
    143  8.653164582121764E-001  1.797518649911187E+003
    144  8.642948373121525E-001  1.372300285949878E+003
    145  8.580066552898014E-001  2.696658398946524E+002
    146  8.564759243827849E-001  1.174098648925070E+001
    147  8.539148482008148E-001  2.701860155398972E+002
    148  8.506482102115442E-001  9.685347116495940E+002
    149  8.476546540104194E-001  1.426797962124230E+003
    150  8.346610206655110E-001  7.245195190290024E+002
    151  8.349361193671095E-001  1.615647786333223E+003
    152  8.312039040851892E-001  1.929377347236851E+003
    153  8.262378873510665E-001  1.407178980880530E+003
    154  8.275746737541096E-001  5.331407086262199E+003
    155  8.221597984809714E-001  1.136826357280710E+003
    156  8.202905439212550E-001  1.132055515202220E+003
    157  8.197226325602301E-001  1.317280569544060E+003
    158  8.191601411334312E-001  1.724879336130394E+003
    159  8.168339158241652E-001  7.820552606852856E+001
    160  8.190216924111543E-001  2.171966718116630E+003
    161  8.190130547666761E-001  2.587346817236605E+003
    162  8.161782366739050E-001  1.693295075993731E+002
    163  8.173056276290386E-001  3.330349316839350E+003
    164  8.156535260369007E-001  4.392080607745086E+003
    165  7.997834308285383E-001  2.927510785690049E+003
    166  7.962426018919738E-001  7.168990199206206E+002
    167  7.925603589532192E-001  4.283148029908163E+002
    168  7.870988316579247E-001  8.599152357328802E+002
    169  7.868344914433653E-001  1.259803183023027E+003
    170  7.801115689499981E-001  2.010720978738375E+002
    171  7.762896633943417E-001  1.898599677956784E+002
    172  7.754389336583125E-001  3.774081522097611E+002
    173  7.709214057307965E-001  3.954821835257021E+002
    174  7.682265724244889E-001  8.766245318601583E+002
    175  7.653299201357969E-001  3.490163566731237E+001
    176  7.653586385541300E-001  3.622495765631029E+002
    177  7.648435981004305E-001  6.629401849039558E+002
    178  7.621582207524614E-001  4.856905420211981E+000
    179  7.591296832204509E-001  9.607961262222584E+001
    180  7.589417691062659E-001  1.777427732234995E+003
    181  7.562389321496584E-001  9.283111718185710E+001
    182  7.575814224349597E-001  2.358426239467469E+003
    183  7.557623885737124E-001  2.159749964829504E+003
    184  7.515246222927259E-001  1.484377218991634E+003
    185  7.524293444148484E-001  2.544978602082488E+003
    186  7.484098952630622E-001  7.130010909484481E+002
    187  7.467646383835154E-001  3.127655993961201E+002
    188  7.466023659608315E-001  1.496636050012446E+003
    189  7.435123550680571E-001  3.620691524975802E+002
    190  7.428563296958558E-001  8.259035782323994E+002
    191  7.359796318535644E-001  7.198226978494707E+002
    192  7.359752372200348E-001  8.035286091691538E+002
    193  7.316018210111818E-001  9.912150562555147E+002
    194  7.304578052721999E-001  1.999357101237057E+002
    195  7.283831725857619E-001  1.510752220366934E+003
    196  7.270065353975117E-001  1.160665527416272E+003
    197  7.259597778790845E-001  1.608919094556214E+003
    198  7.244315036453786E-001  1.057796210569533E+003
    199  7.288266340185547E-001  5.435992462026684E+003
    200  7.223544344063578E-001  7.693529957839215E+001
    201  7.223908206691297E-001  3.383159156071523E+002
    202  7.233817011231637E-001  1.468561824175816E+003
    203  7.215980248081261E-001  1.146255791728594E+002
    204  7.214055916422232E-001  2.581846391022959E+002
    205  7.233787331587234E-001  2.462559769151507E+003
    206  7.213624262895216E-001  8.153048766195344E+002
    207  7.236439131295475E-001  3.018724134976546E+003
    208  7.208392018230906E-001  7.867784622898843E+002
    209  7.212703975962286E-001  1.237334283122965E+003
    210  7.202531007339942E-001  6.802711188629362E+002
    211  7.198275399237316E-001  5.547324214598906E+002
    212  7.205066759328927E-001  1.937468581619476E+003
    213  7.180960922460813E-001  1.784493930324704E+002
    214  7.178448624289310E-001  5.825952662025082E+002
    215  7.175592109966188E-001  7.778810474756698E+002
    216  7.164891312343429E-001  1.361692745562652E+002
    217  7.175477600206610E-001  1.092951672439724E+003
    218  7.168281279823955E-001  1.056721118332846E+003
    219  7.159794535713677E-001  6.912837439800114E+002
    220  7.136261579535050E-001  9.392635048541230E+001
    221  7.142837738149242E-001  1.578181990442185E+003
    222  7.134053005916543E-001  9.613077288530203E+002
    223  7.108765393680870E-001  7.209649367527517E+002
    224  7.088338316741035E-001  5.243020868384765E+001
    225  7.082139144739423E-001  5.160808532209264E+001
    226  7.080394562228730E-001  6.270303944422066E+002
    227  7.073028463066972E-001  5.029512310532461E+001
    228  7.060067616496291E-001  1.854025314673695E+001
    229  7.079792734087202E-001  5.237241899673968E+003
    230  6.949989595367760E-001  1.517407869604232E+003
    231  6.877283698963897E-001  8.697669682730649E+002
    232  6.889818381263438E-001  2.382269468555455E+003
    233  6.853775282257144E-001  7.448263594114987E+002
    234  6.834175699548645E-001  2.661335971529188E+002
    235  6.797379451457974E-001  2.345482206256230E+001
    236  6.800550420881416E-001  1.656339251983437E+003
    237  6.781331449604094E-001  6.838415338056179E+002
    238  6.775529824100398E-001  3.091856607599514E+002
    239  6.774731719880014E-001  9.839436192601066E+002
    240  6.757565554237632E-001  4.839706727792043E+002
    241  6.753087927668205E-001  1.211202048292314E+003
    242  6.737004750278081E-001  3.100744565699903E+002
    243  6.719862857905663E-001  8.011412077950688E+001
    244  6.719712045210864E-001  4.670738162959779E+002
    245  6.717183759666135E-001  9.692723618782276E+002
    246  6.641789314714360E-001  1.162874098529585E+003
    247  6.627169328685575E-001  2.458739946108037E+002
    248  6.655445378024538E-001  3.667522020475551E+003
    249  6.567957662846842E-001  2.252727740718418E+003
    250  6.539246685800418E-001  1.512032555818708E+002
    251  6.485110158256693E-001  1.493323862969577E+003
    252  6.438826583005135E-001  3.630940013611669E+001
    253  6.445745583507196E-001  2.699128215570284E+003
    254  6.405690105978388E-001  7.611360588023026E+002
    255  6.421873224481255E-001  4.409688604828877E+003
    256  6.369171809673818E-001  2.691118219507310E+002
    257  6.348588998794178E-001  2.174018144805217E+002
    258  6.345311129482334E-001  2.161178999961439E+003
    259  6.313559015547189E-001  6.353263316168150E+002
    260  6.270455327744267E-001  2.073677396346665E+002
    261  6.258115832130221E-001  4.271267059513830E+002
    262  6.250951918231306E-001  5.409265453564766E+002
    263  6.239764726860546E-001  5.853256517728604E+000
    264  6.241622164225346E-001  1.089898343851814E+003
    265  6.225808843842408E-001  4.001566276946804E+001
    266  6.227309082379278E-001  4.100483524200429E+002
    267  6.222556349817449E-001  9.724170581887078E+001
    268  6.217849523677765E-001  6.412270113547844E+001
    269  6.216499666474268E-001  1.694652805339544E+002
    270  6.217576856737620E-001  4.611904577250631E+002
    271  6.208619465328854E-001  9.876000009183917E+001
    272  6.210444486957788E-001  6.037509888032628E+002
    273  6.211634226709707E-001  8.282971816638405E+002
    274  6.212966020654096E-001  9.928445095328343E+002
    275  6.212083506137188E-001  1.000572980418130E+003
    276  6.196237743688596E-001  9.161542179004418E+001
    277  6.195586633631863E-001  8.656613964092539E+001
    278  6.195056979341836E-001  2.302669517644964E+002
    279  6.203873557109619E-001  1.208557355582621E+003
    280  6.190968469210721E-001  2.778333552468079E+002
    281  6.195273050678143E-001  9.402689637174823E+002
    282  6.197898149763612E-001  1.961512725741881E+003
    283  6.183746934099307E-001  6.981685250187378E+002
    284  6.145395761031339E-001  4.801958632239572E+001
    285  6.152872290808281E-001  8.332735209421276E+002
    286  6.114576923263798E-001  1.691151725983076E+001
    287  6.115445016451634E-001  1.426582987772910E+002
    288  6.086586045800390E-001  1.750839576082218E+003
    289  6.065108117874648E-001  1.430746551262305E+003
    290  6.111349330262105E-001  5.758158476381411E+003
    291  6.145135932702944E-001  8.765771214266049E+003
    292  6.065564853187838E-001  2.643534936302407E+003
    293  6.075224455749150E-001  4.129064599910272E+003
    294  6.068211880396828E-001  4.420254167787112E+003
    295  6.049186368810734E-001  2.725855690859129E+003
    296  6.049874828365068E-001  3.244370092383108E+003
    297  6.068541023372400E-001  5.624826975353393E+003
    298  6.260083907538527E-001  2.571869229760631E+004
    299  6.052841251630682E-001  6.843612013887231E+003
    300  6.191196374221791E-001  2.016353168179832E+004
    301  6.087962648196366E-001  1.280512763812885E+004
    302  6.016893233978274E-001  6.072565571449814E+003
    303  5.973243330032236E-001  6.303294008617938E+003
    304  5.884734977581907E-001  5.502170887863423E+002
    305  5.843167847364427E-001  3.118772296604903E+002
    306  5.865801946542351E-001  3.113140703750480E+003
    307  5.830858564935808E-001  3.299865798599716E+002
    308  5.933898984171389E-001  9.765615609174109E+003
    309  5.825163445159949E-001  8.500658274788898E+002
    310  5.828818991308006E-001  2.154350890330246E+003
    311  5.802133083985662E-001  8.301510243792621E+002
    312  5.805286826318605E-001  1.417635251338608E+003
    313  5.789981582390478E-001  1.797936271816036E+002
    314  5.784893806489034E-001  3.954882351514999E+002
    315  5.777047548902299E-001  7.631997841117514E+001
    316  5.778939264538012E-001  5.201929532605927E+002
    317  5.767017340318198E-001  3.964582581880836E+002
    318  5.773149734540322E-001  1.016509083345689E+003
    319  5.762984195341430E-001  7.137796746421437E+002
    320  5.763441964463050E-001  1.401613224865476E+003
    321  5.750497896061681E-001  5.041705776809104E+002
    322  5.738930409121886E-001  1.119314556442862E+002
    323  5.739668442601138E-001  2.235125339995990E+002
    324  5.737734587117821E-001  6.010205296429734E+002
    325  5.710274036000041E-001  9.843073691277071E+002
    326  5.721571028699137E-001  1.999123466148553E+003
    327  5.709257519433902E-001  1.107631762316105E+003
    328  5.692774425018612E-001  5.835054396528555E+001
    329  5.683155721662803E-001  1.565320491554447E+003
    330  5.721474324936263E-001  6.338869605193509E+003
    331  5.594846322516559E-001  1.576112101726579E+003
    332  5.585915464380873E-001  1.175462256079782E+003
    333  5.548840036354917E-001  7.291190040639727E+002
    334  5.533335478857799E-001  3.792040176621223E+002
    335  5.540528077815946E-001  2.598290761302063E+003
    336  5.428190403921681E-001  7.190197916607975E+002
    337  5.381362123281582E-001  1.136443494607892E+002
    338  5.350545866192656E-001  7.793471800007545E+002
    339  5.229020671708560E-001  2.221740640488502E+002
    340  5.221145322792964E-001  2.331554361143415E+002
    341  5.222587927576859E-001  1.070028835603771E+003
    342  5.187631856906879E-001  4.351706418144907E+001
    343  5.185372090190805E-001  6.454259526617413E+002
    344  5.203409049893452E-001  3.152172273500973E+003
    345  5.129536886306931E-001  4.448839608834684E+001
    346  5.152133005276011E-001  2.583826322346265E+003
    347  5.165793513561945E-001  3.955808874481571E+003
    348  5.095197408869653E-001  2.225410963990970E+003
    349  5.071416309005921E-001  2.393997283193900E+002
    350  5.053881256917798E-001  3.434269577210389E+001
    351  5.048142721376011E-001  1.612195455575124E+002
    352  4.953665287377816E-001  1.005208566141872E+003
    353  4.926825751815319E-001  1.449110258564320E+002
    354  4.918016247931922E-001  6.858751598233341E+001
    355  4.909887259183784E-001  5.019427992403917E+002
    356  4.863152739943925E-001  1.987061931273691E+003
    357  4.826590856607467E-001  9.657369153628333E+002
    358  4.941863975715537E-001  1.238714750776729E+004
    359  4.773456232382910E-001  5.898253756562607E+002
    360  4.663310679880410E-001  2.907046576872188E+002
    361  4.649248726026992E-001  2.445003222293911E+002
    362  4.627861873957805E-001  3.150841524932868E+001
    363  4.621629913468882E-001  6.265002928819982E+000
    364  4.615346354541496E-001  2.549644007982560E+002
    365  4.595967140506462E-001  2.520423237640666E+002
    366  4.591742758233471E-001  6.333780980362096E+001
    367  4.589949366506521E-001  7.237917267773805E+002
    368  4.573646547071568E-001  5.689099060705561E+001
    369  4.566826417610533E-001  1.443638153227887E+002
    370  4.556892036512285E-001  9.945511663397274E+001
    371  4.546729646156468E-001  3.178789524063913E+001
    372  4.548841484496814E-001  5.028318644731582E+002
    373  4.537018103439928E-001  1.736955053773773E+001
    374  4.544756142644853E-001  1.208667860502753E+003
    375  4.530928261843136E-001  1.343423532958433E+002
    376  4.538262867556946E-001  8.975675638906499E+002
    377  4.527549348878580E-001  2.990673190661815E+002
    378  4.511494554775485E-001  3.063009908746256E+003
    379  4.517539972073467E-001  3.804963744084995E+003
    380  4.476361170898008E-001  1.675254377272976E+003
    381  4.485232050065029E-001  2.928345041582645E+003
    382  4.399354849572041E-001  6.433788802981536E+002
    383  4.414305509202102E-001  2.581177373901487E+003
    384  4.840390983527595E-001  4.562101257557402E+004
    385  4.285890783922749E-001  2.312458625536929E+003
    386  4.277016610699716E-001  6.019397463566301E+003
    387  4.181620308464145E-001  6.556225454841830E+003
    388  4.005509229806382E-001  4.313611201564987E+000
    389  4.001788580866411E-001  7.131946597956104E+002
    390  4.270561406437575E-001  2.512228063402446E+004
    391  4.047869458312136E-001  5.915715246182711E+003
    392  4.169959459656821E-001  2.127229172631953E+004
    393  3.786341344801405E-001  4.918775272851440E+003
    394  3.539555986541439E-001  6.710230152064743E+002
    395  3.552992615545429E-001  2.304935163877094E+003
    396  3.538272266333529E-001  2.410251481011686E+003
    397  3.516866784954776E-001  5.465868864570191E+002
    398  3.508618565689468E-001  4.552486041049028E+002
    399  3.509978071956227E-001  6.610865854316817E+002
    400  3.509112821188215E-001  1.055033464530962E+003
    401  3.499899814630533E-001  9.713722406579465E+002
    402  3.556155587014870E-001  7.408185301491573E+003
    403  3.491131978113171E-001  2.451935433122198E+003
    404  3.477759880486485E-001  1.313345974910065E+003
    405  3.505981797954856E-001  4.703273115893569E+003
    406  3.446190419248560E-001  3.173570744439590E+000
    407  3.472670467821560E-001  3.215558988978442E+003
    408  3.421213733389609E-001  2.681314926087027E+001
    409  3.424080071125540E-001  1.246061283022226E+003
    410  3.409245912124854E-001  1.453717065784757E+002
    411  3.409394567112602E-001  1.242742777646241E+003
    412  3.385408875962116E-001  1.036010810038069E+001
    413  3.393551631296123E-001  1.549589175487067E+003
    414  3.376283966011628E-001  1.337205745451560E+002
    415  3.399135554324690E-001  2.334783032067341E+003
    416  3.372306036123995E-001  1.600982322566093E+002
    417  3.362607011213661E-001  1.411552613261272E+003
    418  4.042301681487760E-001  6.077844085666622E+004
    419  3.401733820029647E-001  6.538411759134186E+003
    420  3.313513885442436E-001  1.954407806799346E+002
    421  3.322174265120588E-001  1.502356804588975E+003
    422  3.395352571870506E-001  8.446951153760365E+003
    423  3.316568609364661E-001  3.121904597081255E+003
    424  3.267166684109173E-001  3.898609690858608E+001
    425  3.359879932647238E-001  9.029397211204518E+003
    426  3.267193376168793E-001  1.665665557018682E+003
    427  3.318023200851276E-001  6.851465058600519E+003
    428  3.228481207162052E-001  3.734431574731942E+001
    429  3.225658384834040E-001  7.720913256550077E+001
    430  3.294773305080707E-001  6.430558984862418E+003
    431  3.245675546205593E-001  2.168185508081404E+003
    432  3.219092786354431E-001  3.097400938714999E+002
    433  3.227556884254610E-001  1.156103072427303E+003
    434  3.257293708398790E-001  4.170564046348512E+003
    435  3.207343140523718E-001  9.537111149818627E+001
    436  3.340377823266756E-001  1.188163235908322E+004
    437  3.198667619619289E-001  7.555971018005123E+001
    438  3.243367138117816E-001  4.254681663640503E+003
    439  3.182838416976452E-001  9.300210122480278E+000
    440  3.190495206523463E-001  1.508123113351261E+003
    441  3.162264194522390E-001  1.239678001197770E+002
    442  3.161613850328292E-001  3.391666467353851E+002
    443  3.146963239740023E-001  1.366545506998114E+000
    444  3.125198999029469E-001  4.379722088335402E+002
    445  3.132832849374794E-001  2.116716142702031E+003
    446  3.121072228682820E-001  1.612457130839073E+003
    447  3.067431906368528E-001  4.128614634710289E+001
    448  3.075213262609097E-001  2.053102072952230E+003
    449  3.052383162584408E-001  6.293507637532697E+002
    450  3.070002782688055E-001  2.982158013360835E+003
    451  3.036404119200735E-001  3.832982338512600E+002
    452  3.143832566288068E-001  1.024658206225837E+004
    453  3.058727018697693E-001  3.009577406765081E+003
    454  3.078193263569827E-001  6.445023192831268E+003
    455  3.010007845952928E-001  7.828497701014167E+002
    456  3.049122528067894E-001  4.421167586384720E+003
    457  2.989993623388710E-001  6.844767610204617E+001
    458  3.015250108663411E-001  3.183533196272459E+003
    459  2.991206685179703E-001  2.584868081231667E+003
    460  2.963894906180796E-001  2.202371233883691E+003
    461  2.929060626144341E-001  4.255477354432491E+001
    462  2.952849420089295E-001  2.355664362949386E+003
    463  2.921927713366641E-001  1.121201641136990E+002
    464  2.954686943151919E-001  3.256280081041582E+003
    465  2.917247618340962E-001  1.109796276926793E+002
    466  2.952806134192651E-001  3.581238260105484E+003
    467  2.920263284057877E-001  8.168050401717046E+002
    468  2.937953464859355E-001  2.538120074057583E+003
    469  2.905327318748480E-001  7.419299831747252E+001
    470  2.904614227433645E-001  1.547705179814099E+002
    471  2.903228207821043E-001  1.137008550543314E+002
    472  2.913410636061090E-001  1.100563436451983E+003
    473  2.899268513644900E-001  1.777039279777637E+002
    474  2.938001733989493E-001  3.813833209847411E+003
    475  2.947819247924607E-001  5.007254423482308E+003
    476  2.889557186534301E-001  1.135297737353760E+002
    477  2.905055370121216E-001  1.556244602583024E+003
    478  2.897971216963046E-001  1.332185361956336E+003
    479  2.888309580495153E-001  1.044565356523994E+003
    480  2.885311322652415E-001  8.009042161951971E+002
    481  2.875970320975385E-001  1.890719989377345E+002
    482  2.890688691786023E-001  1.629347003135154E+003
    483  2.879502370237312E-001  7.840610309109475E+002
    484  2.870467675699884E-001  1.194302038647389E+002
    485  2.929870191256823E-001  5.838991186597206E+003
    486  2.872883267504546E-001  6.452441898270712E+002
    487  2.878105605430634E-001  1.346062969428754E+003
    488  2.860891204607374E-001  6.963969687555642E+001
    489  2.862388316192888E-001  3.940172574337915E+002
    490  2.855156473832191E-001  1.819859423893885E+001
    491  2.884892318995288E-001  3.143981687306410E+003
    492  2.875522989535080E-001  2.800948189686505E+003
    493  2.819667413170521E-001  7.686245458075972E+002
    494  2.818695543478870E-001  8.750541367508121E+002
    495  2.805306583813363E-001  6.192451415614797E+002
    496  2.792496803587922E-001  2.384144625935037E+001
    497  2.817626283354667E-001  2.992859202157066E+003
    498  2.788789369570282E-001  2.088496050256589E+003
    499  2.762979980170595E-001  2.436143296435745E+000
    500  2.766352264251724E-001  7.850717871736125E+002
    501  2.749228153822142E-001  1.363886806955371E+000
    502  2.745731842467496E-001  2.920115143166876E+002
    503  2.729891824346550E-001  1.305249861143254E+003
    504  2.733595491759184E-001  2.473541116595704E+003
    505  2.728206192948088E-001  3.259332250098533E+003
    506  2.690565378297872E-001  2.821847153396697E+001
    507  2.715160180050524E-001  2.750113207300180E+003
    508  2.682973730002189E-001  3.680467053041266E+001
    509  2.679986701178690E-001  2.732930367772591E+001
    510  2.701139527808174E-001  2.170277527920191E+003
    511  2.677773549692811E-001  1.110859125881431E+002
    512  2.680649078113433E-001  5.334207453791179E+002
    513  2.674736576341247E-001  9.936182538042625E+001
    514  2.679635229649465E-001  5.769811539847668E+002
    515  2.674989913187325E-001  2.382088110775156E+002
    516  2.679640582314059E-001  8.180530666831579E+002
    517  2.677146036178728E-001  7.016425361544784E+002
    518  2.684144538643213E-001  1.366449543811320E+003
    519  2.684281758011094E-001  1.384913349323533E+003
    520  2.668771757586881E-001  1.549133167402138E+001
    521  2.669505502801201E-001  3.152042679464608E+002
    522  2.608357021391622E-001  7.787014154604070E+001
    523  2.604786059132830E-001  1.846674671199582E+002
    524  2.609796757018414E-001  7.627360317798535E+002
    525  2.605244652304434E-001  7.039208731767926E+002
    526  2.595861604356097E-001  1.629784728026271E+002
    527  2.591709352483346E-001  2.021697160554990E+002
    528  2.592008399100767E-001  2.802612468274328E+002
    529  2.589222669838522E-001  1.421374875795775E+002
    530  2.573340889499487E-001  2.453757471867782E+003
    531  2.577383387405100E-001  3.918942688667832E+003
    532  2.525369290051556E-001  6.907798172507120E+002
    533  2.502075917069888E-001  1.781894655079994E+003
    534  2.479120780840359E-001  3.759181601450891E+002
    535  1.931449577274624E-001  4.247917782644360E+003
    536  1.926807985645482E-001  4.438795831635889E+003
    537  1.912282984424473E-001  8.401691175090435E+003
    538  1.219128031214150E-001  2.581768971781065E+003
    539  1.309383786591574E-001  4.136463585639970E+004
    540  8.110507993188092E-002  4.646386488031656E+002
    541  8.111877999329779E-002  6.885015469021969E+002
    542  8.054729586573010E-002  3.269680227769099E+002
    543  8.072371025760225E-002  1.396436213845050E+003
    544  9.674651596935141E-002  1.816426076480226E+004
    545  7.707715102287335E-002  5.743826789809372E+002
    546  1.047483211568643E-001  2.576972052388017E+004
    547  4.490320142372657E-001  3.391301545396339E+005
    548  7.887895528412012E-002  2.485038205822716E+003
    549  9.082595404172505E-002  1.401316484677165E+004
    550  7.615946475674749E-002  7.650422689475573E+002
    551  9.333819985893693E-002  1.647698281035348E+004
    552  8.836911970964904E-002  1.163330996566894E+004
    553  7.766613289908757E-002  2.351077521180784E+003
    554  8.850839474663787E-002  1.288424093152982E+004
    555  7.480218102345237E-002  5.175512891152410E+002
    556  7.354073497159999E-002  2.426812702907489E+001
    557  7.432940229292022E-002  7.494990449296580E+002
    558  7.350076209927202E-002  2.002425482777556E+002
    559  7.357803168086097E-002  3.089945004151226E+002
    560  7.348448949551774E-002  7.576375276808998E+002
    561  7.287684610078297E-002  2.833005186460696E+002
    562  7.255303442885493E-002  4.204776047538457E+001
    563  8.323019509787206E-002  9.694913390941641E+003
    564  7.342174851132757E-002  1.027707882611322E+003
    565  7.263609139498102E-002  4.279327408734236E+002
    566  9.368185078550152E-002  1.967892338792453E+004
    567  7.205855019785268E-002  1.384126000153239E+002
    568  7.284378859093051E-002  1.356951271249028E+003
    569  7.145109693002968E-002  9.365942002261026E+001
    570  7.320322611846343E-002  1.751887906306746E+003
    571  7.130006741124843E-002  2.624642087000227E+002
    572  7.319124013557179E-002  2.076406631216877E+003
    573  7.130334966749127E-002  3.990255945301917E+002
    574  7.085898408383287E-002  9.492471139032750E+001
    575  7.173907030023982E-002  1.001525126415523E+003
    576  7.171054808025401E-002  1.024496458563137E+003
    577  7.079012393391637E-002  2.384685925768455E+002
    578  7.126624885475860E-002  7.440157281237871E+002
    579  7.053384926666582E-002  1.005869996306640E+002
    580  7.218272470846372E-002  1.635278520455719E+003
    581  7.035894382469593E-002  3.457230595728019E+000
    582  7.289254613435894E-002  2.401319440869953E+003
    583  7.028125943329951E-002  1.343196068717431E+002
    584  7.013938112465574E-002  1.950273932113072E+002
    585  7.093805356359562E-002  9.645072818366679E+002
    586  6.975928441576761E-002  2.185066356657198E+001
    587  7.002245201289958E-002  2.771468090218158E+002
    588  7.260991585763928E-002  2.704002998035040E+003
    589  6.970097052762803E-002  1.118286443746191E+002
    590  6.958118618397317E-002  2.659746129523964E+001
    591  6.948303500178879E-002  3.905036980600482E+001
    592  7.289848408906976E-002  3.120987202606780E+003
    593  7.192878814263599E-002  2.321632356466329E+003
    594  6.938475819046222E-002  1.719359820740791E+002
    595  6.920801054645799E-002  8.993402736450714E+001
    596  6.910799745526229E-002  9.767630774088080E+001
    597  6.941628211152319E-002  3.691629633586927E+002
    598  6.885555515331422E-002  7.927173359467953E-001
    599  6.921745178260710E-002  3.777754176602966E+002
    600  6.886067553400388E-002  1.877117910666668E+002
    601  6.868657290346546E-002  4.102241074426028E+001
    602  6.964351055601495E-002  9.525079971925089E+002
    603  6.860406438400402E-002  9.971332816147710E+000
    604  6.880550583768646E-002  2.640346336402608E+002
    605  6.864720763302906E-002  2.179908668438583E+002
    606  6.836344013698668E-002  6.782431627526922E+000
    607  6.877187070699139E-002  3.767289358816885E+002
    608  6.831767871169120E-002  5.937680599114517E+001
    609  6.844886709567899E-002  2.105944684935203E+002
    610  6.834129062938336E-002  1.210205176466645E+002
    611  6.853263804774334E-002  2.881374543886447E+002
    612  6.815677647300787E-002  1.897190184908562E+000
    613  6.843413523048368E-002  3.390328972802461E+002
    614  6.804590101392245E-002  1.256337279309842E+001
    615  6.823405703996974E-002  2.100520670210779E+002
    616  6.810697830404100E-002  1.355192736664954E+002
    617  6.848968850032805E-002  5.026124856817551E+002
    618  6.841220128246343E-002  5.783134744424942E+002
    619  6.773701704200362E-002  2.731529439337706E+001
    620  6.762735814696876E-002  9.213133424508616E-001
    621  6.828421120720052E-002  6.327289452034875E+002
    622  6.768925022232331E-002  1.143923545035433E+002
    623  6.791296400242329E-002  3.446484017203272E+002
    624  6.760363984095999E-002  1.184907507333533E+002
    625  6.744350666528147E-002  3.031828580714634E+001
    626  6.763221981864632E-002  2.600069916422613E+002
    627  6.735254630281375E-002  2.777012209508001E+001
    628  6.720749556086711E-002  2.051627387460167E+000
    629  6.712725812547103E-002  1.657545776467954E+000
    630  6.732516124009402E-002  1.826186026725219E+002
    631  6.725201946749151E-002  1.346947339818828E+002
    632  6.729593141074988E-002  2.048928035198010E+002
    633  6.713005208971637E-002  5.959167104286553E+001
    634  6.705152884489139E-002  4.456792012711191E+001
    635  6.729587973943923E-002  3.165692132418266E+002
    636  6.708257808653650E-002  1.205428820520264E+002
    637  6.700604839478772E-002  1.023600594493658E+002
    638  6.688745264861959E-002  4.965289482448031E+000
    639  6.703288779884894E-002  1.564073299809087E+002
    640  6.686324551726641E-002  2.501599148019553E+001
    641  6.690690187356499E-002  8.251857539805032E+001
    642  6.680383663278362E-002  2.394864788947374E+001
    643  6.679933449620148E-002  4.699952469728613E+001
    644  6.673041681856637E-002  1.483328909756445E+001
    645  6.681952909994250E-002  1.025459495497012E+002
    646  6.674900678993631E-002  8.795858211967493E+001
    647  6.662288771385430E-002  3.230559144317957E-001
    648  6.662415785676516E-002  2.180009249388647E+001
    649  6.669193124989439E-002  1.199913569524695E+002
    650  6.674888660982009E-002  2.462889251951630E+002
    651  6.648469458940427E-002  2.580051720264743E+001
    652  6.633416159557458E-002  4.525394338643874E-001
    653  6.631745815477669E-002  5.193958685736136E+000
    654  6.643996575033241E-002  2.495900994421426E+002
    655  6.635756399637079E-002  2.261835809240958E+002
    656  6.614935760883307E-002  9.019043848404812E+001
    657  6.603024390975883E-002  3.046171352177619E+001
    658  6.638306022090393E-002  3.487652892893489E+002
    659  6.640983693833062E-002  4.396171096148768E+002
    660  6.579693617195215E-002  2.130296880404454E+001
    661  6.610975748163790E-002  3.144356333631508E+002
    662  6.571906955263242E-002  1.140677040572594E+001
    663  6.585633281798005E-002  3.110392395002499E+002
    664  6.544466808892016E-002  1.478715349747276E+001
    665  6.540986466563450E-002  3.586991804712257E+001
    666  6.641485749638951E-002  1.064556700484717E+003
    667  6.549161018292113E-002  4.399219142419429E+002
    668  6.501392860318300E-002  2.366934272391618E+001
    669  6.568971551588698E-002  7.006356292908221E+002
    670  6.490365912357672E-002  6.129497562524963E+001
    671  6.501399594984683E-002  3.520597118519439E+002
    672  6.475097310449407E-002  1.299787133301053E+002
    673  6.572092451072110E-002  1.093958352031736E+003
    674  6.458659990413133E-002  1.562846047450115E+002
    675  6.485640617984739E-002  4.188666686977929E+002
    676  6.451965848383887E-002  2.971283037894693E+002
    677  6.400889228176661E-002  2.273490058919701E+001
    678  6.415844605028892E-002  3.333904963373890E+002
    679  6.364054497983831E-002  3.289306792854359E+001
    680  6.384338645199152E-002  2.900112099223286E+002
    681  6.391975262075797E-002  4.033447034757660E+002
    682  6.343749738639133E-002  8.186443179711128E+001
    683  6.357717000835691E-002  2.153804504820487E+002
    684  6.337756719561558E-002  6.817728967697623E+001
    685  6.330412567844670E-002  2.512985850997585E+001
    686  6.401500795835449E-002  6.665384349862298E+002
    687  6.361174559635219E-002  3.319751487143390E+002
    688  6.321269565482804E-002  1.087924202609311E+001
    689  6.357326264008886E-002  3.805625078089120E+002
    690  6.366688967729506E-002  5.715662882835962E+002
    691  6.338764149910045E-002  3.688069628445742E+002
    692  6.297445622857148E-002  2.139519145146954E+000
    693  6.294781041490977E-002  1.028476080010836E+001
    694  6.383845258317128E-002  8.098111339822990E+002
    695  6.297710747779650E-002  6.855177307554300E+001
    696  6.279969114075949E-002  1.642660049427634E+001
    697  6.317635857827007E-002  3.521197030842830E+002
    698  6.392620406410529E-002  1.062519627236420E+003
    699  6.269941015593869E-002  2.475457724315584E+001
    700  6.302244743692331E-002  3.926082085005401E+002
    701  6.252077814366234E-002  1.051824845137662E+000
    702  6.280803477818811E-002  2.642298436455508E+002
    703  6.241390408579992E-002  1.202001000758133E+001
    704  6.228057762093960E-002  2.466247773599117E+000
    705  6.215736792028417E-002  1.140962801735133E+001
    706  6.253932245150325E-002  4.648211289467648E+002
    707  6.190622442313348E-002  2.799891292118556E+001
    708  6.236345666901417E-002  4.562649336057527E+002
    709  6.184095012862131E-002  4.464215934763329E+001
    710  6.319684264746225E-002  1.224606566925859E+003
    711  6.166408568738831E-002  1.239397913423284E+001
    712  6.198288198561774E-002  3.976085228282935E+002
    713  6.160689727851716E-002  9.950813032199682E+001
    714  6.150185259950547E-002  2.110473901675822E+001
    715  6.145622260608093E-002  1.830019002035076E+001
    716  6.231773510374646E-002  7.831293846741992E+002
    717  6.199789653175804E-002  6.103822659589298E+002
    718  6.124070922421634E-002  1.143382917722753E+000
    719  6.144699997071685E-002  1.913237434375530E+002
    720  6.104919258067004E-002  5.557734980433735E+000
    721  6.153577938243503E-002  4.937524530366111E+002
    722  6.098475433841542E-002  2.070451113729152E+001
    723  6.092027936344917E-002  1.113106221535808E+000
    724  6.114112631805008E-002  2.324579863732663E+002
    725  6.167983386154467E-002  7.375107929393165E+002
    726  6.075504490867806E-002  4.844192175490035E+000
    727  6.094559827856378E-002  2.529717253706779E+002
    728  6.065651647405706E-002  9.353404443876643E+000
    729  6.062657514485149E-002  5.809721381944527E+000
    730  6.084653450337432E-002  2.969908352354311E+002
    731  6.058618323329516E-002  7.446663671052754E+001
    732  6.052524154611039E-002  2.364128140052590E+001
    733  6.074974457603449E-002  2.856130182197617E+002
    734  6.043241417299490E-002  1.199019397778023E+000
    735  6.040411971374327E-002  4.432530286347115E+000
    736  6.035627144441921E-002  2.047050769268866E+000
    737  6.040962626687978E-002  5.281122909519735E+001
    738  6.052820190636559E-002  2.328926350375837E+002
    739  6.027392757470466E-002  1.111119975978344E+001
    740  6.026242475581244E-002  2.790316212266565E+000
    741  6.045876594328786E-002  1.969818700975959E+002
    742  6.037786701075577E-002  1.397795866385038E+002
    743  6.018527141390235E-002  3.296914297627351E-001
    744  6.013444696318094E-002  4.265262060386276E+001
    745  6.044128325415924E-002  3.349049423686905E+002
    746  6.039122864293392E-002  3.844717305085402E+002
    747  5.995158415483074E-002  6.265501757866574E+000
    748  6.012244587144854E-002  1.955803847584646E+002
    749  6.035280473519652E-002  4.335650756369450E+002
    750  5.982708854074964E-002  4.549291779117334E+000
    751  6.011213412756585E-002  3.197984268615901E+002
    752  5.968655370649317E-002  6.774291874624397E-001
    753  5.959714220039018E-002  3.513328092325262E+000
    754  5.958643313813494E-002  1.269807311522649E+001
    755  5.976205148448560E-002  1.753264934692804E+002
    756  5.954108575687774E-002  4.164278693340547E+001
    757  5.969652598085119E-002  2.438573154866997E+002
    758  5.936562072604724E-002  1.832716563809094E+001
    759  5.925440868679367E-002  1.370439741466419E+000
    760  5.945476517119234E-002  3.608714869667277E+002
    761  5.902970280322255E-002  1.396727402116256E+001
    762  6.064014574307003E-002  1.484231497092693E+003
    763  5.952760380830430E-002  8.364507229301767E+002
    764  5.851294349448440E-002  1.216810323803412E+001
    765  5.877344245068231E-002  3.512995423176645E+002
    766  5.834347267604081E-002  7.426183676642687E+000
    767  5.812177483463411E-002  1.604618952265564E+001
    768  5.907209153007658E-002  9.633570330886278E+002
    769  5.860497806207684E-002  6.920417281121890E+002
    770  5.784137970759529E-002  2.635841274425590E+001
    771  5.835287346438098E-002  5.982822266834670E+002
    772  5.793219398008241E-002  4.947630511415705E+002
    773  5.713509881705107E-002  1.183640922327003E+000
    774  5.763915301515204E-002  6.406486614981951E+002
    775  5.661402251584215E-002  1.322852063402026E+000
    776  5.645416385052638E-002  6.335969608170295E+000
    777  5.758905552266445E-002  1.022866606823020E+003
    778  5.707810287333332E-002  9.261516669929439E+002
    779  5.604405800863517E-002  5.157691848228322E+000
    780  5.643425119292705E-002  3.903302679422450E+002
    781  5.580109102236051E-002  2.735479564239035E+001
    782  5.571193891050875E-002  3.441445516535371E+001
    783  5.639298114392819E-002  6.334729705142105E+002
    784  5.596560736759563E-002  3.142832214221384E+002
    785  5.724461151152749E-002  1.465666564341307E+003
    786  5.554171118596991E-002  1.779504735257748E+001
    787  5.551839738861874E-002  4.883111169341697E+001
    788  5.539122061267797E-002  4.958462002537022E+000
    789  5.564444045090708E-002  2.728507939183082E+002
    790  5.535049473667106E-002  4.012408761232442E+001
    791  5.551230384069715E-002  2.134286899442301E+002
    792  5.525760427753482E-002  1.643142462432957E+001
    793  5.531521917493513E-002  1.193772148077001E+002
    794  5.515683571604596E-002  2.184742138589719E+001
    795  5.534029950101355E-002  2.118733151167857E+002
    796  5.507553676288214E-002  9.554530128195297E+001
    797  5.521918749308291E-002  3.306081443460316E+002
    798  5.485193322928995E-002  4.364347713963293E+000
    799  5.513986516784160E-002  3.229002332205159E+002
    800  5.482205027943461E-002  5.467069932322691E+001
    801  5.467518138771861E-002  1.247621156571378E+000
    802  5.488575779402086E-002  2.752777914020537E+002
    803  5.464929083269204E-002  1.763695648760915E+002
    804  5.443061213417102E-002  3.115172275595363E+001
    805  5.423962835785076E-002  8.027165156799960E+000
    806  5.416403257136811E-002  4.513474657130845E-001
    807  5.434658689996272E-002  1.876268227847010E+002
    808  5.454276416578791E-002  4.183054716707273E+002
    809  5.384162587680573E-002  1.938360236424989E+001
    810  5.424442102391507E-002  4.217607011827618E+002
    811  5.370037073772899E-002  3.467353719236729E+000
    812  5.374963294699839E-002  9.106122723150105E+001
    813  5.386614893208026E-002  2.890879246429380E+002
    814  5.349341441652838E-002  3.461302715561333E+000
    815  5.348132796826804E-002  2.822247690322909E+001
    816  5.398455550467798E-002  4.569376568107551E+002
    817  5.348400169524081E-002  1.417475605684378E+002
    818  5.326300513332170E-002  6.332125085755475E+000
    819  5.320007641683518E-002  2.940580578688405E+000
    820  5.327479757838316E-002  1.385842289638593E+002
    821  5.330919155653412E-002  1.732305718567246E+002
    822  5.351508532626009E-002  3.732050142727672E+002
    823  5.308099149817167E-002  4.419799159367697E-001
    824  5.314089032189481E-002  1.074225679305223E+002
    825  5.336651035650765E-002  3.553340481452809E+002
    826  5.343495673229415E-002  4.417025256463023E+002
    827  5.301323729618395E-002  1.277650763590105E+002
    828  5.285229800290194E-002  1.161272505835841E+001
    829  5.326106883940297E-002  3.954072367670121E+002
    830  5.280727234862914E-002  1.124143682900134E+001
    831  5.296734404432427E-002  2.040389144090088E+002
    832  5.305815001038719E-002  3.212314442601692E+002
    833  5.265366797970946E-002  5.904855711159068E-001
    834  5.262902033145803E-002  3.999005883894519E+000
    835  5.310366874209150E-002  4.390404592873917E+002
    836  5.359065011273294E-002  9.700200551813723E+002
    837  5.247250014209118E-002  1.003767593812263E+001
    838  5.298572461605177E-002  4.910020046759354E+002
    839  5.237888898102884E-002  6.886149097807258E+000
    840  5.220168738078215E-002  1.381716266413645E+000
    841  5.215000183761686E-002  1.749386509877397E+000
    842  5.267792051710515E-002  5.358681048552454E+002
    843  5.226605922743473E-002  2.255396915956868E+002
    844  5.220201867713671E-002  3.222208422568564E+002
    845  5.180531267731995E-002  2.706774234534425E+001
    846  5.166121298071401E-002  2.315090042131172E+001
    847  5.198162289621732E-002  3.076552133458872E+002
    848  5.169844497559650E-002  2.624287484962936E+002
    849  5.127051988205659E-002  2.148687191516627E+001
    850  5.096283492375069E-002  8.306417431239764E-001
    851  5.102023112741617E-002  1.061324626353082E+002
    852  5.089155001820542E-002  1.888081096613974E+001
    853  5.084244984393606E-002  5.206810304523838E+001
    854  5.085017717923938E-002  1.763982145097912E+002
    855  5.057169894943393E-002  9.613685918309015E+001
    856  5.045507717550856E-002  3.809474206286527E+000
    857  5.037663341804807E-002  2.365933793013439E+000
    858  5.047748357142581E-002  9.874633032634146E+001
    859  5.036694917666495E-002  1.074552570752874E+001
    860  5.036526849002482E-002  6.586947262259642E+001
    861  5.029060625074333E-002  2.565060981229715E+000
    862  5.021929974302631E-002  2.413481920514036E+001
    863  5.023062313643157E-002  9.048283170031266E+001
    864  5.008263434601495E-002  8.201620362318193E-001
    865  5.019408143355831E-002  1.099428070377201E+002
    866  4.982732972167481E-002  2.013783145168703E+002
    867  4.951741365041137E-002  3.168422793046430E+000
    868  4.977499580605812E-002  3.009519509366016E+002
    869  4.924635736104791E-002  1.996712016120539E+000
    870  4.969181882516572E-002  6.423035033431169E+002
    871  4.927438725142216E-002  4.090424286550628E+002
    872  4.878336172835441E-002  9.143095940937921E-001
    873  4.897657877031977E-002  2.309812223024638E+002
    874  4.859343837833107E-002  1.977449288149803E+000
    875  5.007999549436387E-002  1.307097634032341E+003
    876  4.848157774880320E-002  3.483793583725184E+000
    877  4.873917031468974E-002  2.776849655344305E+002
    878  4.832819806451503E-002  6.735930660187162E+000
    879  4.850729177825179E-002  1.804268655527336E+002
    880  4.823586847791652E-002  7.174579153645755E+001
    881  4.787849401608259E-002  1.561274750980326E-001
    882  4.780730815366262E-002  5.748109839509866E+000
    883  4.789436471885172E-002  1.080596618733634E+002
    884  4.781726855612258E-002  4.979154607461202E+001
    885  4.764346452382483E-002  5.877372640159986E-001
    886  4.777876396475217E-002  1.980054466663469E+002
    887  4.767421574440035E-002  1.794282708275996E+002
    888  4.745508605265341E-002  6.307316701749133E+000
    889  4.673298193325225E-002  1.752726767878179E+000
    890  4.700990294733756E-002  3.641382405987472E+002
    891  4.657666082659807E-002  6.679433628187725E-001
    892  4.691984188498544E-002  3.920160074299932E+002
    893  4.615939834582605E-002  2.062293557601969E+001
    894  4.630064833812300E-002  2.418184633642170E+002
    895  4.559239210660716E-002  1.650320949795722E+002
    896  4.546893856756872E-002  6.528739378519289E+001
    897  4.594642648018021E-002  6.147661746962686E+002
    898  4.555184278560602E-002  5.855634273623435E+002
    899  4.485092099199539E-002  1.337503314297093E+002
    900  4.441375612287054E-002  5.791599284019455E+000
    901  4.370761276744529E-002  1.288339598042088E+001
    902  4.396238036482914E-002  2.856054597113683E+002
    903  4.352647013036105E-002  1.547874610980145E+002
    904  4.322417743876183E-002  2.153260205706842E+000
    905  4.347298147735976E-002  4.700750508239380E+002
    906  4.283442503600951E-002  3.200318296870460E+000
    907  4.293273767648492E-002  1.837006593822897E+002
    908  4.256242056930329E-002  1.263014098649883E+001
    909  4.307378682625188E-002  4.966549558018446E+002
    910  4.239696295425219E-002  6.680993772377015E+001
    911  4.323468200599068E-002  8.662774653062573E+002
    912  4.214547334197424E-002  4.120126051517680E+000
    913  4.205398840148775E-002  2.033896932221684E+001
    914  4.198990175998875E-002  1.213732060414577E+000
    915  4.198203096010351E-002  2.290395700916318E+001
    916  4.210067134276219E-002  1.459026109187168E+002
    917  4.198889376032697E-002  1.209396405549323E+002
    918  4.203997705708865E-002  2.830115851744615E+002
    919  4.180763293687319E-002  1.700355391747682E+002
    920  4.151444504184602E-002  1.040435847825074E+001
    921  4.172286591257227E-002  2.531298555439955E+002
    922  4.137137941846902E-002  3.504230811614993E+001
    923  4.136179821709170E-002  3.325741420551508E+001
    924  4.168256080084799E-002  3.420848449824595E+002
    925  4.115819164441500E-002  6.832403218875382E+000
    926  4.288656303259793E-002  1.690810037272428E+003
    927  4.095747524158335E-002  3.948682325911815E+001
    928  4.176904561017169E-002  8.028179712188081E+002
    929  4.131524166993677E-002  4.769927679817823E+002
    930  4.112023323022040E-002  3.147674567596317E+002
    931  4.075353854782726E-002  1.479588026047306E+001
    932  4.080618321944231E-002  7.707240320616411E+001
    933  4.072623218606451E-002  1.096620722287193E+001
    934  4.102974168563081E-002  3.933915042632679E+002
    935  4.056139819273030E-002  8.883160602453779E+000
    936  4.039919790969153E-002  6.234722691551028E+000
    937  4.090001427665853E-002  4.464805865683093E+002
    938  4.068752291660006E-002  3.015565322598879E+002
    939  4.031479216114612E-002  9.692903997787459E+000
    940  4.048750918755194E-002  1.881123792685485E+002
    941  4.026021593586652E-002  3.879432577516622E+000
    942  4.030459534118856E-002  1.078611583658536E+002
    943  4.024759236701024E-002  8.596617199821715E+001
    944  4.044007000876792E-002  2.533516005351528E+002
    945  4.022497695548100E-002  1.389721063515906E+002
    946  4.005088557221401E-002  3.196894005183050E+000
    947  4.031214415867628E-002  3.110932921669298E+002
    948  4.011134732062230E-002  1.780397660972064E+002
    949  3.989623713822503E-002  1.961554837773411E+001
    950  4.006622426267653E-002  2.184933974730541E+002
    951  3.974835677039649E-002  9.147008422753258E+000
    952  4.007363215850251E-002  2.933991460674009E+002
    953  3.968439424767319E-002  1.835454767069443E+001
    954  4.028202476685382E-002  5.589545041096446E+002
    955  3.977520690183367E-002  1.215263621843924E+002
    956  3.964133451553702E-002  2.437701806951154E+000
    957  3.963746319012323E-002  1.306848040000323E+001
    958  3.974675963214865E-002  1.206873558546551E+002
    959  3.958514834605574E-002  5.527817277710682E+000
    960  3.984196245100112E-002  2.388368129176249E+002
    961  3.956963709339773E-002  8.637510190691904E+000
    962  3.969750736025669E-002  1.603397218572824E+002
    963  3.953504777513098E-002  3.723404015831903E+001
    964  3.979538536395846E-002  3.094001226224909E+002
    965  3.932495887987325E-002  5.853655983533493E-001
    966  4.127998109215172E-002  1.922492293591996E+003
    967  4.001507913360241E-002  7.417719241636754E+002
    968  3.952978967392836E-002  3.393746761418870E+002
    969  3.910352292380056E-002  1.923154070764887E+000
    970  3.955964015347361E-002  4.303569605615274E+002
    971  3.901430628266007E-002  3.421286036384474E+000
    972  3.919350398205134E-002  1.971363215410677E+002
    973  3.973934959712448E-002  7.454245683842429E+002
    974  3.888367854065930E-002  4.345648598420280E+000
    975  3.919217518619957E-002  2.881900998055647E+002
    976  3.931758169536841E-002  4.727254843386982E+002
    977  3.885023385067500E-002  6.938302598211352E+001
    978  3.875196994908325E-002  1.295134561759644E+001
    979  3.887188695235710E-002  1.514176586431401E+002
    980  3.868679793164301E-002  5.585306712259482E+000
    981  3.916748341452857E-002  4.743414508397182E+002
    982  3.860668256467340E-002  1.709158779783116E+001
    983  3.866683383618853E-002  1.163388049414286E+002
    984  3.871238681069493E-002  1.569504287011725E+002
    985  3.847648947558320E-002  1.215094885454300E+001
    986  3.860855728435737E-002  1.536531841094556E+002
    987  3.839506516832970E-002  8.474936472251663E+000
    988  3.844867453936709E-002  5.651761803765736E+001
    989  3.848073114892533E-002  2.346113705656896E+002
    990  3.819896232263909E-002  1.717150927716576E+001
    991  3.905061580664188E-002  8.587510385216736E+002
    992  3.906682803222392E-002  9.633579329584578E+002
    993  3.794432348737801E-002  4.186002795860184E+000
    994  3.794752978760434E-002  2.953476221677958E+001
    995  3.798560000260235E-002  1.191989429372071E+002
    996  3.783090926613972E-002  1.318387485778886E+000
    997  3.826063902811435E-002  4.083251903041509E+002
    998  3.904200957065765E-002  1.082919455712987E+003
    999  3.777302321026039E-002  3.159763852614796E+000
   1000  3.829098642100596E-002  4.751362401651480E+002
   1001  3.865635164234253E-002  8.311546809066314E+002
   1002  3.772547339738202E-002  1.549254351410536E+001
   1003  3.763236411019832E-002  6.673461313906453E+000
   1004  3.765568707805383E-002  3.156150358036747E+001
   1005  3.845515303716460E-002  7.401683924621517E+002
   1006  3.804927442820981E-002  4.371770987596708E+002
   1007  3.750844909182915E-002  4.462372713121823E-001
   1008  3.781997363882893E-002  2.926301851504749E+002
   1009  3.791440711433752E-002  4.117000792915804E+002
   1010  3.741015587074228E-002  1.728595085732193E+001
   1011  3.801038207938074E-002  6.467647233273865E+002
   1012  3.733186844716577E-002  9.623899107775481E+000
   1013  3.781572937428323E-002  4.723864719545249E+002
   1014  3.736649154241215E-002  1.047076451253468E+002
   1015  3.724024849832265E-002  9.191145468937355E-001
   1016  3.818807222139883E-002  8.862590081392094E+002
   1017  3.722969810690582E-002  2.036414263944346E+001
   1018  3.790296391609780E-002  6.470089371817031E+002
   1019  3.712622616281154E-002  1.040581477944110E+000
   1020  3.800366841403072E-002  8.138264176961815E+002
   1021  3.720259193787147E-002  1.473130969880805E+002
   1022  3.773837424487797E-002  7.079462122102908E+002
   1023  3.693168541290429E-002  6.489136636909862E+000
   1024  3.743399547922410E-002  5.256973624066959E+002
   1025  3.684301897202699E-002  7.014574218874270E+000
   1026  3.785376875524610E-002  8.865138355762660E+002
   1027  3.728664652249621E-002  4.363054578386691E+002
   1028  3.672104078638178E-002  3.672886842988583E+001
   1029  3.753331733333704E-002  7.643165566598182E+002
   1030  3.655964059338475E-002  6.850086888128802E-001
   1031  3.742654404825119E-002  7.871367305531982E+002
   1032  3.748964269153428E-002  8.606541750822818E+002
   1033  3.722797085961601E-002  6.717430453474731E+002
   1034  3.710509481892094E-002  5.680993014455886E+002
   1035  3.644718013646857E-002  1.640844676717087E+001
   1036  3.834817850356331E-002  1.690024287298048E+003
   1037  3.632299003957234E-002  3.142453675571217E+000
   1038  4.127889428125325E-002  4.280627626803041E+003
   1039  4.391008452293745E-002  6.631894227651942E+003
   1040  3.615895830123420E-002  4.187612324112717E+001
   1041  4.532757050827877E-002  7.954110207842607E+003
   1042  3.775220181358775E-002  1.573064234807792E+003
   1043  3.595778645817303E-002  1.895575566598184E+001
   1044  4.031884628806105E-002  3.949562556812485E+003
   1045  5.526866435375054E-002  1.710118762777998E+004
   1046  3.577363028651527E-002  7.185579811482386E+001
   1047  4.129268002980879E-002  5.101602659076450E+003
   1048  4.842037240517018E-002  1.130675286008113E+004
   1049  3.540005727000718E-002  6.307295056660345E+000
   1050  4.216795275899083E-002  5.878611106607820E+003
   1051  3.501562023402385E-002  1.167050842228541E+001
   1052  4.092241943928460E-002  5.350609873598691E+003
   1053  3.957721988223282E-002  4.331104964071460E+003
   1054  3.484112923026324E-002  1.424908028708281E+001
   1055  3.665691479865416E-002  1.693691616885654E+003
   1056  3.478552788879313E-002  2.256576551725181E+001
   1057  3.711291603397696E-002  2.043071889506843E+003
   1058  4.716226790736923E-002  1.080074413872297E+004
   1059  3.453334696207326E-002  4.728835840271730E+000
   1060  4.929034648324371E-002  1.305618275168702E+004
   1061  3.699700285555419E-002  2.374565648199933E+003
   1062  3.681982206990932E-002  2.226924726246255E+003
   1063  3.431460961120639E-002  7.351867348952567E+001
   1064  4.004438553272253E-002  5.192126903667973E+003
   1065  3.406733607684147E-002  4.276169445472333E+001
   1066  4.192315713098959E-002  7.015189280481102E+003
   1067  3.807726437916381E-002  3.761385843767966E+003
   1068  3.399654635866107E-002  7.087824765773559E+001
   1069  3.622575452004485E-002  2.400312282616481E+003
   1070  4.513598695944691E-002  1.026484648822492E+004
   1071  4.231400722903485E-002  8.742994984778399E+003
   1072  4.176825984215406E-002  7.692271848405406E+003
   1073  3.273744321885946E-002  4.264090979864496E+000
   1074  3.807493365312491E-002  4.839050045857214E+003
   1075  1.274834109323751E-002  3.372641169928741E+003
   1076  8.948940857276324E-003  5.069228199510979E+001
   1077  3.411011685338229E-005  3.088403611079707E+001
