# dt =   1.000000000000000E-007
# j, New nj, Rate of change (1/s)
      1  2.184984632208196E+000  1.648902886044882E+003
      2  2.140594396235228E+000  3.446047866478717E+003
      3  2.100232463939983E+000  1.018727136498576E+003
      4  2.059875366436024E+000  2.769065194048502E+003
      5  2.026779418629031E+000  8.683066722056632E+003
      6  1.998749467499844E+000  9.511396750079790E+002
      7  2.066214291424370E+000  8.123644061487827E+004
      8  2.020336872325644E+000  4.028447618192001E+004
      9  1.967610131332910E+000  1.953956517645030E+003
     10  1.947863259418249E+000  3.902876263470342E+003
     11  1.758356858384114E+000  3.993427201739853E+003
     12  1.731374875905182E+000  1.595691025423807E+003
     13  1.469721573828567E+000  2.276152686995339E+002
     14  1.466018074182610E+000  4.641512363653175E+003
     15  1.434780454418061E+000  2.115894373765335E+002
     16  1.444089353674426E+000  1.571754859333769E+004
     17  1.425354569115832E+000  3.951829593787140E+003
     18  1.406369849947199E+000  1.387192677788402E+004
     19  1.382346740695658E+000  1.373757437289156E+002
     20  1.378812368435782E+000  4.180174178108787E+003
     21  1.373723317997529E+000  1.235812387565567E+003
     22  1.373262907015926E+000  1.102849396310318E+003
     23  1.403809493751858E+000  4.327681919936521E+004
     24  1.390248735950612E+000  3.327894018294193E+004
     25  1.279511381970419E+000  1.324865274144163E+002
     26  1.275727103978371E+000  1.829174867284116E+003
     27  1.275091432971576E+000  1.133413745484494E+004
     28  1.254406324687840E+000  8.460621893968173E+002
     29  1.261235536416180E+000  8.570685999641255E+003
     30  1.229084799372039E+000  6.374550348778602E+002
     31  1.228170061917407E+000  7.775882117397939E+003
     32  1.200840190095497E+000  4.557284531466562E+003
     33  1.196936028352229E+000  1.628422676159257E+003
     34  1.191413468453618E+000  9.738835197215295E+002
     35  1.185263087029989E+000  2.308281626789651E+003
     36  1.183832224263080E+000  2.534075110291560E+003
     37  1.180393587684355E+000  1.923530753411525E+003
     38  1.206671652562854E+000  3.165541066762069E+004
     39  1.176263979400631E+000  1.800969907021619E+003
     40  1.169647425796245E+000  1.602748176225229E+003
     41  1.165667904808694E+000  9.486913383343250E+002
     42  1.161053704621011E+000  1.329033095789370E+003
     43  1.134140700684702E+000  1.387268977162500E+003
     44  1.132304848074005E+000  9.977138560718180E+002
     45  1.121374197290408E+000  1.111109450910327E+003
     46  1.119789893358925E+000  1.597848626197700E+003
     47  1.114862703949247E+000  1.222330978904058E+001
     48  1.111907048150340E+000  9.028694972316257E+002
     49  1.110799440038259E+000  2.922090221536265E+002
     50  1.109180386448459E+000  3.884209607066430E+002
     51  1.108817107264636E+000  1.695029676326087E+003
     52  1.104838355692783E+000  5.465471786667852E+002
     53  1.105060169286908E+000  8.377068297512074E+002
     54  1.102802586119717E+000  1.347573807078444E+003
     55  1.087484459310205E+000  2.177598688719157E+003
     56  1.078114791082891E+000  1.301726553890570E+001
     57  1.066616942974297E+000  1.899080415428604E+003
     58  1.074080154215185E+000  1.148458804206145E+004
     59  1.060859596197898E+000  8.060828381612168E+001
     60  1.065756551974426E+000  8.012278694358995E+003
     61  1.052592768060238E+000  3.485779037224195E+002
     62  1.049225512748921E+000  8.205074886012866E+002
     63  1.047313997326677E+000  5.852279663103067E+002
     64  1.061121089173072E+000  1.787075243683767E+004
     65  1.059830666909270E+000  2.034716798158990E+004
     66  1.038860804401700E+000  2.767998307050150E+003
     67  1.035492906486400E+000  5.394793716335947E+003
     68  1.029949970131384E+000  6.082001278168526E+002
     69  1.029468307805467E+000  1.167841108728174E+003
     70  1.026096051745475E+000  6.284655346362872E+003
     71  1.021627716897128E+000  5.739286694586124E+003
     72  1.013920152593782E+000  2.746016690020377E+002
     73  1.010228876882609E+000  1.015873913934140E+003
     74  1.009767433865495E+000  1.898013203025970E+003
     75  1.003084787766060E+000  5.125577921562887E+002
     76  1.001991988917363E+000  2.891805340647631E+002
     77  1.001132957127652E+000  4.264418129755934E+002
     78  9.997999014880647E-001  6.539544223052212E+002
     79  9.983476272543544E-001  1.296262148523783E+003
     80  9.945387736024696E-001  2.290547430322047E+003
     81  9.926690860294398E-001  4.974084829932181E+002
     82  9.891918448081338E-001  4.858290417053727E+002
     83  9.887010854134918E-001  2.184722101321410E+002
     84  9.872798419957201E-001  4.154276510314497E+002
     85  9.864706882064563E-001  4.512880983073793E+003
     86  9.840672334304170E-001  3.163839185917405E+003
     87  9.745062775257723E-001  3.104744288046706E+001
     88  9.732162274219328E-001  2.190262252409152E+002
     89  9.692397332997378E-001  1.737510717838856E+003
     90  9.699033018681380E-001  4.600847449734026E+003
     91  9.681394786229479E-001  4.646173003398023E+003
     92  9.654613508747271E-001  2.552368723506548E+003
     93  9.609484397236703E-001  2.041842297575269E+002
     94  9.610829232712065E-001  9.284079965080410E+002
     95  9.615577285942060E-001  3.059015564909786E+003
     96  9.587974862242129E-001  8.758688558219741E+002
     97  9.587155412325122E-001  1.806901750526004E+003
     98  9.575696714364169E-001  7.765839849138343E+002
     99  9.554288081230747E-001  1.304946771733563E+002
    100  9.574482705439662E-001  2.970497215324538E+003
    101  9.552162313527425E-001  1.385501449170008E+003
    102  9.445587181737281E-001  1.306462118195350E+003
    103  9.402736619332958E-001  4.463974497209249E+003
    104  9.323615747606393E-001  5.563812436207946E+002
    105  9.283668753825857E-001  8.466436585592887E+002
    106  9.287490541454959E-001  1.417805428822375E+003
    107  9.245484818490309E-001  2.943151553006487E+002
    108  9.244023414275655E-001  2.068178986420108E+003
    109  9.213886290692981E-001  9.126111350475877E+002
    110  9.209208129073847E-001  1.333931179759060E+003
    111  9.197348040996960E-001  7.852217437070153E+002
    112  9.189296299819257E-001  6.017759976682681E+002
    113  9.181064912704038E-001  3.933604057524498E+002
    114  9.308061559372056E-001  1.818358518454022E+004
    115  9.128055675209295E-001  1.365395468441508E+003
    116  9.116013446066511E-001  8.285966476415321E+002
    117  9.109293240693229E-001  2.515776806136036E+003
    118  9.034956065125349E-001  4.273247861667797E+002
    119  9.037535552892381E-001  1.309485108599992E+003
    120  9.009669499708329E-001  1.107503564930623E+003
    121  8.998456724281455E-001  8.856085962446626E+002
    122  8.966095134484240E-001  1.211061236472952E+002
    123  8.954574580254236E-001  2.210864029628340E+002
    124  8.920987572566852E-001  7.569115307537193E+000
    125  8.918180419477523E-001  6.875642895264012E+002
    126  8.904956540360299E-001  4.966936843836668E+002
    127  8.900289107804004E-001  1.562334479875982E+002
    128  8.874828040128691E-001  4.833184280850166E+002
    129  8.858763266749465E-001  6.618811376869454E+001
    130  8.856769862500448E-001  4.400394111529338E+002
    131  8.836344424189438E-001  1.753982678761814E+003
    132  8.820125308760086E-001  6.518102037983089E+002
    133  8.816700789739320E-001  1.482450105659608E+003
    134  8.781032745484453E-001  1.400626013171678E+003
    135  8.766557229244886E-001  6.897355678207972E+002
    136  8.749330049046209E-001  7.499073277879207E+002
    137  8.751642673416743E-001  1.509973292434258E+003
    138  8.737518796249851E-001  1.085867999059274E+003
    139  8.720939404870770E-001  4.288809652824646E+002
    140  8.714899239578319E-001  2.491698092997223E+002
    141  8.706612102527097E-001  6.098520958999775E+002
    142  8.720686723077238E-001  5.003642111724213E+003
    143  8.649602601220494E-001  1.732972249466142E+003
    144  8.640219886139489E-001  1.340604210309793E+003
    145  8.579531137175070E-001  2.619274231079874E+002
    146  8.564735945688745E-001  1.137933628576894E+001
    147  8.538613136428611E-001  2.603838378658793E+002
    148  8.504550382290507E-001  9.579914433060982E+002
    149  8.473711618356998E-001  1.390622039065792E+003
    150  8.345173997142605E-001  6.994980995057662E+002
    151  8.346139959596239E-001  1.595781579592590E+003
    152  8.308206553733826E-001  1.877418743270146E+003
    153  8.259589601488314E-001  1.358193697684124E+003
    154  8.265101860141651E-001  5.295701085494527E+003
    155  8.219340706499619E-001  1.104653252452007E+003
    156  8.200660347439842E-001  1.095041045214657E+003
    157  8.194608405847487E-001  1.284184361217481E+003
    158  8.188182718388852E-001  1.664225578550966E+003
    159  8.168183538786067E-001  7.664553095074957E+001
    160  8.185913930643817E-001  2.092209028123167E+003
    161  8.185002164719229E-001  2.497025888956161E+003
    162  8.161446455750756E-001  1.639791333077727E+002
    163  8.166429295697859E-001  3.264090741282175E+003
    164  8.147807952021640E-001  4.281645359234714E+003
    165  7.992004432306287E-001  2.877848478703991E+003
    166  7.960999884980923E-001  7.019342865843458E+002
    167  7.924754703647984E-001  4.131781835588611E+002
    168  7.869284905333912E-001  8.279587386938007E+002
    169  7.865846085087346E-001  1.219164432688531E+003
    170  7.800717377384455E-001  1.935678410536992E+002
    171  7.762519934953693E-001  1.839609777049672E+002
    172  7.753641572589004E-001  3.636171935970792E+002
    173  7.708428415338466E-001  3.849632274588701E+002
    174  7.680528091593588E-001  8.461841325689896E+002
    175  7.653230058113285E-001  3.362065167072645E+001
    176  7.652868431804170E-001  3.494705107344656E+002
    177  7.647113440440789E-001  6.564165603892526E+002
    178  7.621572572048911E-001  4.703883699038056E+000
    179  7.591106264876275E-001  9.297069272395278E+001
    180  7.585897036919914E-001  1.709469832422626E+003
    181  7.562205111247360E-001  8.997804193864215E+001
    182  7.571130909700045E-001  2.292758151994099E+003
    183  7.553342264710109E-001  2.085761073334017E+003
    184  7.512305605785791E-001  1.429581655501182E+003
    185  7.519243025638833E-001  2.467281119874701E+003
    186  7.482678313935447E-001  7.023895546144525E+002
    187  7.467026277523496E-001  3.021741710145056E+002
    188  7.463038592481184E-001  1.480219141934410E+003
    189  7.434406344657017E-001  3.485146599368936E+002
    190  7.426920255748189E-001  8.085845208403302E+002
    191  7.358370131670127E-001  6.936535988009419E+002
    192  7.358156068953225E-001  7.821856074161791E+002
    193  7.314046841987730E-001  9.696671128924045E+002
    194  7.304181171747320E-001  1.940506419072359E+002
    195  7.280842070655660E-001  1.448660887426977E+003
    196  7.267763169365241E-001  1.123288716371925E+003
    197  7.256405349709709E-001  1.559404347977919E+003
    198  7.242208304941253E-001  1.040331546426620E+003
    199  7.277493370552441E-001  5.242661232269417E+003
    200  7.223392050939612E-001  7.386849650313501E+001
    201  7.223235517394543E-001  3.305672993208095E+002
    202  7.230904532421913E-001  1.420421591498702E+003
    203  7.215753032337097E-001  1.105889215654157E+002
    204  7.213542174116890E-001  2.530314026664610E+002
    205  7.228906944061726E-001  2.375482878170694E+003
    206  7.212012364502299E-001  7.787869034935953E+002
    207  7.230453049120805E-001  2.918365797826731E+003
    208  7.206829475935981E-001  7.653166307244587E+002
    209  7.210237664521919E-001  1.220775068071460E+003
    210  7.201179566949063E-001  6.623010968797549E+002
    211  7.197167873884996E-001  5.509188993095745E+002
    212  7.201224610834412E-001  1.873413663413396E+003
    213  7.180607670841007E-001  1.712635262122988E+002
    214  7.177293490762860E-001  5.629614127398222E+002
    215  7.174041475734139E-001  7.679733195112935E+002
    216  7.164621322953312E-001  1.315862019191919E+002
    217  7.173300519240320E-001  1.075629037834510E+003
    218  7.166185549824231E-001  1.022157270862629E+003
    219  7.158419465405991E-001  6.767182731711270E+002
    220  7.136075376002013E-001  9.070384093822226E+001
    221  7.139710006402203E-001  1.522342557575189E+003
    222  7.132150549716068E-001  9.220262213751416E+002
    223  7.107331012170698E-001  7.059686998399184E+002
    224  7.088234305207837E-001  5.077473625993071E+001
    225  7.082036813073505E-001  4.987981728745439E+001
    226  7.079150267873775E-001  6.079897033650493E+002
    227  7.072928799079753E-001  4.849096294555633E+001
    228  7.060030843708286E-001  1.793793778588915E+001
    229  7.069413358862013E-001  5.051767286546069E+003
    230  6.946984795865869E-001  1.457737787690133E+003
    231  6.875561173388813E-001  8.366305853888801E+002
    232  6.885076944227000E-001  2.337230244472142E+003
    233  6.852292555752099E-001  7.312690892288283E+002
    234  6.833648063568633E-001  2.571071084060862E+002
    235  6.797332899659796E-001  2.275477301224328E+001
    236  6.797261785899991E-001  1.609043449239615E+003
    237  6.779976619702390E-001  6.587016998571868E+002
    238  6.774913572876872E-001  3.049912777206713E+002
    239  6.772781738669004E-001  9.490277449571635E+002
    240  6.756607879073856E-001  4.640490839304146E+002
    241  6.750684915703327E-001  1.172795036052686E+003
    242  6.736390000476185E-001  2.995474617314469E+002
    243  6.719704050549099E-001  7.732879187457216E+001
    244  6.718783759689970E-001  4.555100168442521E+002
    245  6.715254929643981E-001  9.497248961009524E+002
    246  6.639483834880614E-001  1.123364706106423E+003
    247  6.626679206516439E-001  2.426501535430152E+002
    248  6.648141234996879E-001  3.605966532167114E+003
    249  6.563487206342469E-001  2.184566669044690E+003
    250  6.538947217041799E-001  1.454838415039669E+002
    251  6.482150186226416E-001  1.440002540657018E+003
    252  6.438754607599660E-001  3.503864769215706E+001
    253  6.440369812942768E-001  2.655226483765065E+003
    254  6.404177566425915E-001  7.419259179243314E+002
    255  6.413132718501759E-001  4.255896906139319E+003
    256  6.368638030757544E-001  2.602488569235518E+002
    257  6.348158018779589E-001  2.099336558168156E+002
    258  6.341011781811098E-001  2.115376373415642E+003
    259  6.312298626931713E-001  6.151046415624531E+002
    260  6.270044391094224E-001  1.999608068485895E+002
    261  6.257269358783630E-001  4.119310618627100E+002
    262  6.249877491986484E-001  5.262015753507939E+002
    263  6.239753082822030E-001  5.731555002380727E+000
    264  6.239461303369495E-001  1.052594676692772E+003
    265  6.225729279845402E-001  3.908632176672474E+001
    266  6.226495777931773E-001  3.965410129857259E+002
    267  6.222362680708167E-001  9.563495088283871E+001
    268  6.217722341987173E-001  6.202258399133049E+001
    269  6.216162974804784E-001  1.650910988421522E+002
    270  6.216658753603740E-001  4.526428643756000E+002
    271  6.208423061855703E-001  9.658553960038240E+001
    272  6.209244268356269E-001  5.893045838325025E+002
    273  6.209994171881132E-001  7.954578698111064E+002
    274  6.210997411106245E-001  9.588702042416795E+002
    275  6.210101224631833E-001  9.638658950992054E+002
    276  6.196055917831100E-001  8.882410575467405E+001
    277  6.195415056126995E-001  8.352919954249937E+001
    278  6.194600670367507E-001  2.219732323003361E+002
    279  6.201463875403208E-001  1.193896525007380E+003
    280  6.190415949372969E-001  2.715825852338182E+002
    281  6.193408691714151E-001  9.086945394499253E+002
    282  6.194010094703279E-001  1.893406449500549E+003
    283  6.182362218652002E-001  6.749537625145496E+002
    284  6.145300423567840E-001  4.665293288685717E+001
    285  6.151210481902289E-001  8.238685359003507E+002
    286  6.114543317783633E-001  1.648141814533292E+001
    287  6.115161085732415E-001  1.399312894317932E+002
    288  6.083104668556792E-001  1.710689765054283E+003
    289  6.062262853424867E-001  1.399032426158223E+003
    290  6.099877528893116E-001  5.670964949495690E+003
    291  6.127650745821215E-001  8.673983618356002E+003
    292  6.060311896245455E-001  2.577355003308050E+003
    293  6.067028276792263E-001  4.006966915343410E+003
    294  6.059459783849280E-001  4.246743425530561E+003
    295  6.043775283570628E-001  2.646661029046858E+003
    296  6.043417349717111E-001  3.182321383747489E+003
    297  6.057350391039754E-001  5.508398970932608E+003
    298  6.209137109792413E-001  2.475951614249484E+004
    299  6.039293219766751E-001  6.572378386204429E+003
    300  6.150958210000759E-001  1.998904916587149E+004
    301  6.062581316620912E-001  1.235927194215181E+004
    302  6.004766996432465E-001  6.035206589876482E+003
    303  5.960771687542161E-001  6.041189348799641E+003
    304  5.883644152357079E-001  5.314955124434823E+002
    305  5.842549784211842E-001  3.007629639893755E+002
    306  5.859631364025512E-001  3.004577168460277E+003
    307  5.830204368217231E-001  3.187177286166884E+002
    308  5.914542587916624E-001  9.425545091006486E+003
    309  5.823479304670097E-001  8.189129737443212E+002
    310  5.824562534805535E-001  2.052783390485114E+003
    311  5.800480328459562E-001  8.150776987699678E+002
    312  5.802481129567402E-001  1.359582345634033E+003
    313  5.789624267915218E-001  1.753704834301076E+002
    314  5.784110066663216E-001  3.813749652178887E+002
    315  5.776896796016637E-001  7.264893731278656E+001
    316  5.777901473499436E-001  5.151059196682478E+002
    317  5.766232127793186E-001  3.814253570215274E+002
    318  5.771123229200612E-001  1.003680083956786E+003
    319  5.761568993477439E-001  6.894246610063345E+002
    320  5.760663657595815E-001  1.353017812825927E+003
    321  5.749494731191395E-001  4.939626120543705E+002
    322  5.738709060919058E-001  1.070318478493694E+002
    323  5.739225347599073E-001  2.158494426031084E+002
    324  5.736543118051548E-001  5.804004678697241E+002
    325  5.708322068057948E-001  9.517588049975819E+002
    326  5.717589482051817E-001  1.966616789030111E+003
    327  5.707064205487435E-001  1.064793114194363E+003
    328  5.692658671187828E-001  5.650568430793150E+001
    329  5.680032735200845E-001  1.550231408142753E+003
    330  5.708909970389402E-001  6.117712599049617E+003
    331  5.591722371296691E-001  1.520981135336771E+003
    332  5.583578774197425E-001  1.147551065331598E+003
    333  5.547397464653221E-001  6.985377661525966E+002
    334  5.532583793400309E-001  3.660683764824336E+002
    335  5.535344629040416E-001  2.572550109972673E+003
    336  5.426765196216250E-001  6.939856536925945E+002
    337  5.381135842087619E-001  1.116707703142291E+002
    338  5.349001303725808E-001  7.517712243366151E+002
    339  5.228580327748898E-001  2.143611813348334E+002
    340  5.220680440541853E-001  2.303272723517090E+002
    341  5.220453298749963E-001  1.059482408610140E+003
    342  5.187545523379214E-001  4.215134955104890E+001
    343  5.184089401636947E-001  6.292214842350796E+002
    344  5.197129880275031E-001  3.102345087688869E+003
    345  5.129448425454546E-001  4.348709603579102E+001
    346  5.147003490327748E-001  2.508996144540024E+003
    347  5.157952524885933E-001  3.818008885791773E+003
    348  5.090785069615767E-001  2.150330801810412E+003
    349  5.070941671789838E-001  2.312526986174344E+002
    350  5.053813184935751E-001  3.314292704898259E+001
    351  5.047821756582023E-001  1.583720316532032E+002
    352  4.951673007239156E-001  9.698023834421788E+002
    353  4.926538270631626E-001  1.402637998133919E+002
    354  4.917880253057574E-001  6.627811276743883E+001
    355  4.908889997150388E-001  4.886928272273540E+002
    356  4.859207250307374E-001  1.930351899547147E+003
    357  4.824676566722236E-001  9.322548318667945E+002
    358  4.917313413293620E-001  1.194247006271155E+004
    359  4.772287093010865E-001  5.689414816982941E+002
    360  4.662733617622236E-001  2.822536064177563E+002
    361  4.648764090619962E-001  2.359838298664441E+002
    362  4.627799394839470E-001  3.045949316755927E+001
    363  4.621617504054866E-001  6.027881702711760E+000
    364  4.614838403579402E-001  2.510769370358515E+002
    365  4.595467917777102E-001  2.424537152837366E+002
    366  4.591617196795704E-001  6.116247364775307E+001
    367  4.588516915653371E-001  6.937711502405324E+002
    368  4.573533798061465E-001  5.487706182294780E+001
    369  4.566540060169627E-001  1.396632338430955E+002
    370  4.556694808352068E-001  9.617508805411690E+001
    371  4.546666694496131E-001  3.056887590403821E+001
    372  4.547844658539846E-001  4.855475691652738E+002
    373  4.536983674169533E-001  1.676159538936349E+001
    374  4.542354780114788E-001  1.177430536587387E+003
    375  4.530661725862294E-001  1.301372603096174E+002
    376  4.536483867452617E-001  8.655730213276366E+002
    377  4.526956852805510E-001  2.879867448378614E+002
    378  4.505403799416973E-001  2.993006451385434E+003
    379  4.510007763621123E-001  3.654020672259607E+003
    380  4.473018656506226E-001  1.659639194785511E+003
    381  4.479435772706756E-001  2.810332561007373E+003
    382  4.398079858984275E-001  6.204373901570888E+002
    383  4.409187284102057E-001  2.495389921756015E+003
    384  4.750026236718519E-001  4.391392659363375E+004
    385  4.281307515853065E-001  2.231172121050108E+003
    386  4.265057272943202E-001  5.865051683248000E+003
    387  4.168607613809928E-001  6.361540931178127E+003
    388  4.005500675938454E-001  4.169976524322938E+000
    389  4.000374539877988E-001  6.890964141841690E+002
    390  4.220608034638711E-001  2.455057746299864E+004
    391  4.036070384413286E-001  5.852283707648580E+003
    392  4.127543761304382E-001  2.101947866004902E+004
    393  3.776576896666997E-001  4.777141191437480E+003
    394  3.538226876761740E-001  6.458199279709152E+002
    395  3.548426043714653E-001  2.220414448366798E+003
    396  3.533494960641096E-001  2.326262906055264E+003
    397  3.515782929063030E-001  5.284190615298394E+002
    398  3.507715542045446E-001  4.404962900398841E+002
    399  3.508658803090730E-001  6.553380814985329E+002
    400  3.507012427708078E-001  1.035813713769404E+003
    401  3.497974430785587E-001  9.375312523323058E+002
    402  3.541466476885364E-001  7.160166986212513E+003
    403  3.486264311472974E-001  2.381127670516007E+003
    404  3.475151759920297E-001  1.277248057920022E+003
    405  3.496643810508271E-001  4.568906617122208E+003
    406  3.446184127164652E-001  3.067102261855425E+000
    407  3.466285655439875E-001  3.124244299134078E+003
    408  3.421160635292268E-001  2.577124942224780E+001
    409  3.421603801883181E-001  1.214865897268017E+003
    410  3.408958290710037E-001  1.392585898250206E+002
    411  3.406929166010541E-001  1.203599460937825E+003
    412  3.385388339049897E-001  1.000352415889073E+001
    413  3.390462229283120E-001  1.530339705050864E+003
    414  3.376018452209101E-001  1.299051933007781E+002
    415  3.394500348858824E-001  2.266627719887776E+003
    416  3.371989156643065E-001  1.535184011226285E+002
    417  3.359815672028001E-001  1.349695785820159E+003
    418  3.921146703226063E-001  5.998252304639287E+004
    419  3.388770785254753E-001  6.312930870018433E+003
    420  3.313127142769307E-001  1.873566660492526E+002
    421  3.319184767129694E-001  1.472687396919996E+003
    422  3.378484815340498E-001  8.395285095120782E+003
    423  3.310359469303779E-001  3.054179217771562E+003
    424  3.267089399570412E-001  3.764237435432426E+001
    425  3.341919859010565E-001  8.835155718538841E+003
    426  3.263880906696737E-001  1.628379905410103E+003
    427  3.304358810374592E-001  6.776276171492001E+003
    428  3.228407282383132E-001  3.585092885260064E+001
    429  3.225505369150189E-001  7.447688574779322E+001
    430  3.282009478833624E-001  6.240172476782392E+003
    431  3.241367327361723E-001  2.112320403565002E+003
    432  3.218476024507400E-001  3.043646320326488E+002
    433  3.225255067560578E-001  1.135636757065672E+003
    434  3.248992840494183E-001  4.092139222289132E+003
    435  3.207153785046039E-001  9.266185413118798E+001
    436  3.316719876311242E-001  1.167621339457754E+004
    437  3.198518065808996E-001  7.252909371769580E+001
    438  3.234933823802779E-001  4.105811174134145E+003
    439  3.182819937384296E-001  9.062635458411950E+000
    440  3.187508573618921E-001  1.450444381196526E+003
    441  3.162018462212077E-001  1.196711835749033E+002
    442  3.160939250873860E-001  3.318239862609457E+002
    443  3.146960516348318E-001  1.347290840910868E+000
    444  3.124330642080377E-001  4.231753112993444E+002
    445  3.128637953077063E-001  2.040281823166063E+003
    446  3.117869165715586E-001  1.569179327059506E+003
    447  3.067350042475817E-001  3.990135720610754E+001
    448  3.071132399198416E-001  2.002919658833667E+003
    449  3.051136335736370E-001  6.061743748621191E+002
    450  3.064069693677282E-001  2.920243330247670E+003
    451  3.035644966130221E-001  3.687572308710633E+002
    452  3.123435514030361E-001  1.005682662301162E+004
    453  3.052734812214913E-001  2.956282451630247E+003
    454  3.065379237510942E-001  6.294240858404545E+003
    455  3.008454450840521E-001  7.585970455976923E+002
    456  3.040353952161897E-001  4.274821751626967E+003
    457  2.989857950126130E-001  6.606442728727875E+001
    458  3.008906266756289E-001  3.137644846976296E+003
    459  2.986070008939427E-001  2.519481277075231E+003
    460  2.959514245704225E-001  2.155065035077424E+003
    461  2.928976157833964E-001  4.129876878009786E+001
    462  2.948165388043847E-001  2.301606975841838E+003
    463  2.921705578555579E-001  1.080326431894696E+002
    464  2.948242065544199E-001  3.124399429345639E+003
    465  2.917027636016213E-001  1.071260164944780E+002
    466  2.945692589008914E-001  3.484826715074742E+003
    467  2.918645717117147E-001  7.853427824711226E+002
    468  2.932942132318814E-001  2.411808823718867E+003
    469  2.905180428567147E-001  7.127645724099466E+001
    470  2.904307424775585E-001  1.494408542720105E+002
    471  2.903002914708901E-001  1.095850873396098E+002
    472  2.911226051472244E-001  1.067903541701969E+003
    473  2.898915326365542E-001  1.733537693723202E+002
    474  2.930429729453173E-001  3.703547851595560E+003
    475  2.937866134428417E-001  4.885942505352538E+003
    476  2.889332385509132E-001  1.090848219882237E+002
    477  2.901957613508135E-001  1.527366544188733E+003
    478  2.895314916786161E-001  1.316297128619313E+003
    479  2.886242505184431E-001  1.001055832757362E+003
    480  2.883717824466280E-001  7.846486925966510E+002
    481  2.875595522458479E-001  1.825354301781383E+002
    482  2.887459620932939E-001  1.570540710170413E+003
    483  2.877945570798210E-001  7.617001391319759E+002
    484  2.870230585758708E-001  1.159862611287053E+002
    485  2.918306209453881E-001  5.612967764902897E+003
    486  2.871605450014324E-001  6.203560981853165E+002
    487  2.875432114907648E-001  1.309422802874630E+003
    488  2.860753245038879E-001  6.705653933436135E+001
    489  2.861603420439754E-001  3.878864646535619E+002
    490  2.855120371762520E-001  1.761280589354675E+001
    491  2.878628392656419E-001  3.096333065529474E+003
    492  2.869980389240494E-001  2.683275325424391E+003
    493  2.818144928863106E-001  7.398123328794876E+002
    494  2.816962761597344E-001  8.405141482089683E+002
    495  2.804076733123708E-001  6.024127980256735E+002
    496  2.792449623424323E-001  2.284995258909800E+001
    497  2.811702025670735E-001  2.869644804836191E+003
    498  2.784656718942490E-001  1.999763287658666E+003
    499  2.762975146157889E-001  2.359645228146009E+000
    500  2.764791987607251E-001  7.657332523842979E+002
    501  2.749225447226513E-001  1.322456619109283E+000
    502  2.745152932438256E-001  2.820330582035835E+002
    503  2.727310786082591E-001  1.246603278274352E+003
    504  2.728691692006628E-001  2.387913190658006E+003
    505  2.721749454794737E-001  3.136544997163917E+003
    506  2.690509458268499E-001  2.720974812275414E+001
    507  2.709710955563750E-001  2.648983465460071E+003
    508  2.682900616970328E-001  3.583445602471483E+001
    509  2.679932566798918E-001  2.630312925991553E+001
    510  2.696846765985817E-001  2.075405244738609E+003
    511  2.677553388280270E-001  1.071597277384078E+002
    512  2.679589936763213E-001  5.184116810384720E+002
    513  2.674539038948328E-001  9.704931953460236E+001
    514  2.678489947423177E-001  5.598949226353996E+002
    515  2.674517254850468E-001  2.308516107910901E+002
    516  2.678021729448281E-001  7.839984687035804E+002
    517  2.675757586894654E-001  6.721921258285507E+002
    518  2.681437994788461E-001  1.314080665854652E+003
    519  2.681539531288910E-001  1.330468045217759E+003
    520  2.668740940973883E-001  1.516318867817879E+001
    521  2.668880702349593E-001  3.042840283641229E+002
    522  2.608202630787080E-001  7.524154376082366E+001
    523  2.604420053092337E-001  1.780492090315963E+002
    524  2.608282344217708E-001  7.406563948376447E+002
    525  2.603846155558381E-001  6.856985513724039E+002
    526  2.595538326010084E-001  1.577661209927876E+002
    527  2.591307905640143E-001  1.964384552175900E+002
    528  2.591453162378721E-001  2.699386058195153E+002
    529  2.588941015321967E-001  1.370208163189789E+002
    530  2.568444499415366E-001  2.431935529627885E+003
    531  2.569580732631738E-001  3.849116474986455E+003
    532  2.523996350426144E-001  6.738331025705586E+002
    533  2.498529417745855E-001  1.747567491017997E+003
    534  2.478373618182911E-001  3.667893830571022E+002
    535  1.923002241634762E-001  4.151724050980477E+003
    536  1.918009646114653E-001  4.284057709062333E+003
    537  1.895614554070728E-001  8.133832745044382E+003
    538  1.213995521722003E-001  2.520552874450773E+003
    539  1.227120180510161E-001  4.044669047950580E+004
    540  8.101276634842633E-002  4.526691941088140E+002
    541  8.098248949824238E-002  6.611444007570834E+002
    542  8.048248240678230E-002  3.156537605737155E+002
    543  8.044612097147605E-002  1.362771244847588E+003
    544  9.314606231881573E-002  1.753234071110206E+004
    545  7.696288508002883E-002  5.623397417511841E+002
    546  9.964084981620268E-002  2.486338591706119E+004
    547  3.818147630105372E-001  3.272559847243807E+005
    548  7.838303131231207E-002  2.463640068586637E+003
    549  8.804837260483547E-002  1.352446721977648E+004
    550  7.600752050136628E-002  7.438913581721405E+002
    551  9.007209985832278E-002  1.590546385029825E+004
    552  8.605443136031996E-002  1.139605729407546E+004
    553  7.719813799973028E-002  2.307126624619708E+003
    554  8.595471429657632E-002  1.243238343969241E+004
    555  7.469962755376022E-002  4.988889601835671E+002
    556  7.353592016491804E-002  2.351016812290517E+001
    557  7.418013474151013E-002  7.369929783019066E+002
    558  7.346107783676896E-002  1.931372410074306E+002
    559  7.351666473681401E-002  3.004171266909795E+002
    560  7.333430436428771E-002  7.314457280336993E+002
    561  7.282071304019740E-002  2.730285737356070E+002
    562  7.254469070267734E-002  4.076318315549699E+001
    563  8.130526963359462E-002  9.419425853425430E+003
    564  7.321800398186229E-002  9.926418066182332E+002
    565  7.255127952629913E-002  4.128143290697220E+002
    566  8.977933971571070E-002  1.902155368157306E+004
    567  7.203109467857186E-002  1.339873204805844E+002
    568  7.257496515168023E-002  1.306064202945652E+003
    569  7.143253803039948E-002  9.028407379274422E+001
    570  7.285549632230130E-002  1.699506311044685E+003
    571  7.124804323556014E-002  2.533226630679204E+002
    572  7.277936001898758E-002  2.009758024800433E+003
    573  7.122425244794671E-002  3.852085361095048E+002
    574  7.084016766044594E-002  9.163992851794821E+001
    575  7.154052811849952E-002  9.664930773508235E+002
    576  7.150674775642095E-002  1.003064836745599E+003
    577  7.074285089682937E-002  2.302679398219235E+002
    578  7.111873338329304E-002  7.189173848882352E+002
    579  7.051391622943545E-002  9.699187222247970E+001
    580  7.185833282288469E-002  1.583053301202556E+003
    581  7.035825771769803E-002  3.352746259532235E+000
    582  7.241563311224927E-002  2.335059060752078E+003
    583  7.025463912218827E-002  1.295709286329972E+002
    584  7.010073115286158E-002  1.880872300735120E+002
    585  7.074654678345502E-002  9.369044352110104E+002
    586  6.975495221905324E-002  2.111162560628562E+001
    587  6.996730325445634E-002  2.716154364782672E+002
    588  7.207453737489557E-002  2.598306363099304E+003
    589  6.967880578250014E-002  1.079098621297128E+002
    590  6.957591304660767E-002  2.569366837348926E+001
    591  6.947530069181584E-002  3.757361088998586E+001
    592  7.227922669189814E-002  3.024468381656633E+003
    593  7.146742535258722E-002  2.263500102452380E+003
    594  6.935067749338281E-002  1.659596002363078E+002
    595  6.919018494813990E-002  8.679176813956445E+001
    596  6.908863167310476E-002  9.436605861538969E+001
    597  6.934274476613822E-002  3.634062059978889E+002
    598  6.885539763692176E-002  7.724417665603829E-001
    599  6.914255067122287E-002  3.648694016012167E+002
    600  6.882333644292175E-002  1.837383050789420E+002
    601  6.867843962794505E-002  3.962927762410134E+001
    602  6.945510529199242E-002  9.114961917083893E+002
    603  6.860208760253043E-002  9.628215959526134E+000
    604  6.875310932470689E-002  2.558798330379574E+002
    605  6.860400172783111E-002  2.103396820302193E+002
    606  6.836209516928314E-002  6.557418475793978E+000
    607  6.869708875551450E-002  3.657598023051632E+002
    608  6.830591274217121E-002  5.724403890198872E+001
    609  6.840702061680189E-002  2.052565396072405E+002
    610  6.831730764662554E-002  1.167110437800744E+002
    611  6.847518062354137E-002  2.847825592900429E+002
    612  6.815640005973438E-002  1.837887521220533E+000
    613  6.836691579597655E-002  3.273665823713877E+002
    614  6.804341285110467E-002  1.208430314851016E+001
    615  6.819242367329613E-002  2.026006430115713E+002
    616  6.808011377091008E-002  1.308488670507523E+002
    617  6.838991316214275E-002  4.880955815887317E+002
    618  6.829704572772825E-002  5.683728895288317E+002
    619  6.773160159526062E-002  2.638631083750023E+001
    620  6.762717564520147E-002  8.866421871772353E-001
    621  6.815895212870064E-002  6.073503359157593E+002
    622  6.766658041970770E-002  1.103219679967766E+002
    623  6.784427768650302E-002  3.398477545868572E+002
    624  6.758015403188157E-002  1.143502911144851E+002
    625  6.743749651267900E-002  2.927499728527472E+001
    626  6.758073893100607E-002  2.497338054333286E+002
    627  6.734704170663583E-002  2.680162957926243E+001
    628  6.720708820022840E-002  1.993778153643092E+000
    629  6.712692846394945E-002  1.621170680890852E+000
    630  6.728889799485828E-002  1.775571460586042E+002
    631  6.722518731394121E-002  1.325952437633891E+002
    632  6.725528866316384E-002  1.982144993680672E+002
    633  6.711824063653217E-002  5.750718431471716E+001
    634  6.704269610479276E-002  4.299159010269611E+001
    635  6.723311342154376E-002  3.057556173203737E+002
    636  6.705864813231123E-002  1.170710189632203E+002
    637  6.698574772136420E-002  9.897014961077905E+001
    638  6.688646812066931E-002  4.798888842556167E+000
    639  6.700176868531720E-002  1.532294993929339E+002
    640  6.685828785788603E-002  2.412682432525049E+001
    641  6.689054465054281E-002  7.965956402339187E+001
    642  6.679908951485357E-002  2.311772711187560E+001
    643  6.678996600529948E-002  4.637838282496205E+001
    644  6.672747619011858E-002  1.432543510028787E+001
    645  6.679913139544717E-002  1.003427527829356E+002
    646  6.673155982293033E-002  8.509487245065269E+001
    647  6.662282377404651E-002  3.098477800255496E-001
    648  6.661983623896377E-002  2.105010238357117E+001
    649  6.666813274689282E-002  1.161125637850641E+002
    650  6.669986662526514E-002  2.415979938241209E+002
    651  6.647958326351455E-002  2.484992510115409E+001
    652  6.633407163794551E-002  4.417756470290479E-001
    653  6.631642904435005E-002  5.004979314380377E+000
    654  6.639037267946457E-002  2.432199114143000E+002
    655  6.631253145236232E-002  2.221662626473954E+002
    656  6.613147940268123E-002  8.707239230057195E+001
    657  6.602420742206037E-002  2.937253516864978E+001
    658  6.631365413746541E-002  3.420000812702863E+002
    659  6.632236836779962E-002  4.306754599211085E+002
    660  6.579271409980135E-002  2.055101195592076E+001
    661  6.604722637270952E-002  3.074243046762936E+002
    662  6.571680845646447E-002  1.101167788804492E+001
    663  6.579459802028145E-002  3.017891059339742E+002
    664  6.544173708084240E-002  1.427121815581221E+001
    665  6.540275520098790E-002  3.461114440007341E+001
    666  6.620356102832961E-002  1.032704608139207E+003
    667  6.540440711923930E-002  4.245293421147012E+002
    668  6.500923898779311E-002  2.280608461340338E+001
    669  6.555005949343758E-002  6.913858724010812E+002
    670  6.489151780283789E-002  5.899926272421470E+001
    671  6.494407889744903E-002  3.424352153322567E+002
    672  6.472520249333090E-002  1.255864789187162E+002
    673  6.550382010586486E-002  1.060756939409576E+003
    674  6.455562304477963E-002  1.508228900184389E+002
    675  6.477276444823739E-002  4.162876735041104E+002
    676  6.446054201285338E-002  2.910679876676511E+002
    677  6.400438634760083E-002  2.193474677556355E+001
    678  6.409211094259211E-002  3.267173378501404E+002
    679  6.363402684496811E-002  3.171286973676376E+001
    680  6.378575426748158E-002  2.827489445477226E+002
    681  6.383946315014312E-002  3.958922887772422E+002
    682  6.342127084869953E-002  7.901014622022525E+001
    683  6.353439527039709E-002  2.094158554476743E+002
    684  6.336405750603624E-002  6.572356107055700E+001
    685  6.329914539299919E-002  2.423871948366958E+001
    686  6.388239383797574E-002  6.528526641611294E+002
    687  6.354563503052835E-002  3.263720473483563E+002
    688  6.321053788891717E-002  1.052661894555416E+001
    689  6.349756211517077E-002  3.723875564954222E+002
    690  6.355372379316354E-002  5.490983117709942E+002
    691  6.331448617051648E-002  3.569193746535569E+002
    692  6.297402963006989E-002  2.113934013777931E+000
    693  6.294577611954834E-002  9.844645991059371E+000
    694  6.367772101897845E-002  7.858253866998372E+002
    695  6.296351755437976E-002  6.620247130475056E+001
    696  6.279643483518928E-002  1.586066277985493E+001
    697  6.310623979612860E-002  3.461289861841153E+002
    698  6.371475356032204E-002  1.042064001756632E+003
    699  6.269450544491979E-002  2.385095222531274E+001
    700  6.294476980726477E-002  3.761192415219533E+002
    701  6.252056943402770E-002  1.019556385412543E+000
    702  6.275528345315060E-002  2.623646786022329E+002
    703  6.241152063605639E-002  1.161905603902495E+001
    704  6.228008822025197E-002  2.391676244322196E+000
    705  6.215510499367142E-002  1.103867977555122E+001
    706  6.244696690942990E-002  4.529162698918011E+002
    707  6.190067582967097E-002  2.699994648890294E+001
    708  6.227274324666534E-002  4.457243826956278E+002
    709  6.183209812891015E-002  4.315131895475236E+001
    710  6.295268169994424E-002  1.209752076492470E+003
    711  6.166162782240905E-002  1.198451792573013E+001
    712  6.190397458618097E-002  3.854903262323963E+002
    713  6.158717716221645E-002  9.596332665477179E+001
    714  6.149766951423263E-002  2.036590594163517E+001
    715  6.145259401414484E-002  1.768865593675364E+001
    716  6.216154543556888E-002  7.745334961742910E+002
    717  6.187653637050303E-002  5.963454417407428E+002
    718  6.124048271865361E-002  1.100707968258057E+000
    719  6.140896181908521E-002  1.868798290634593E+002
    720  6.104809224095710E-002  5.338799431735904E+000
    721  6.143756758164791E-002  4.831040556237687E+002
    722  6.098064851951635E-002  2.001893312205960E+001
    723  6.092005847822225E-002  1.078857162734576E+000
    724  6.109497097361562E-002  2.258506227733140E+002
    725  6.153346764797691E-002  7.153774952403983E+002
    726  6.075408426935710E-002  4.684144151774125E+000
    727  6.089526565899294E-002  2.477939863650170E+002
    728  6.065466249948151E-002  9.027470918361775E+000
    729  6.062542398798569E-002  5.599342733371359E+000
    730  6.078769258832568E-002  2.861642947625237E+002
    731  6.057136645970877E-002  7.294432033418704E+001
    732  6.052055705037505E-002  2.279001548807781E+001
    733  6.069304763026270E-002  2.771753506987614E+002
    734  6.043217685973081E-002  1.150416410732180E+000
    735  6.040324232614529E-002  4.253492040681233E+000
    736  6.035586504254484E-002  1.988322154769414E+000
    737  6.039915160874482E-002  5.109332256835122E+001
    738  6.048188462571052E-002  2.277300574383538E+002
    739  6.027172460989477E-002  1.073369265220899E+001
    740  6.026187124105822E-002  2.700229936444453E+000
    741  6.041972474732664E-002  1.900229342776721E+002
    742  6.035001705330748E-002  1.377020252262489E+002
    743  6.018520586923003E-002  3.219161976968171E-001
    744  6.012599119808382E-002  4.119474328132351E+001
    745  6.037455835199192E-002  3.298609333439176E+002
    746  6.031480129903424E-002  3.753586466664515E+002
    747  5.995034182412670E-002  6.056135150653307E+000
    748  6.008367930731974E-002  1.887704239342311E+002
    749  6.026622868365514E-002  4.308548976407567E+002
    750  5.982618688054646E-002  4.389215275641209E+000
    751  6.004875020395338E-002  3.084985856448315E+002
    752  5.968641920121209E-002  6.581291048499861E-001
    753  5.959644750315565E-002  3.358343270507842E+000
    754  5.958390636417221E-002  1.244444038622538E+001
    755  5.972733393432372E-002  1.685296573171536E+002
    756  5.953280064405678E-002  4.077982965748523E+001
    757  5.964811018403886E-002  2.369135449230060E+002
    758  5.936198679584405E-002  1.771330008911467E+001
    759  5.925413745642841E-002  1.314129064802657E+000
    760  5.938350250434094E-002  3.430472919549446E+002
    761  5.902693582305635E-002  1.345147462073888E+001
    762  6.034470859703201E-002  1.456758939169603E+003
    763  5.936176734459838E-002  8.079126486425745E+002
    764  5.851053192435249E-002  1.173781149176673E+001
    765  5.870362382270253E-002  3.425670128332790E+002
    766  5.834200042710735E-002  7.172021839695059E+000
    767  5.811859371489167E-002  1.549807252266987E+001
    768  5.888071875347847E-002  9.379141189497368E+002
    769  5.846765439356027E-002  6.707790870040376E+002
    770  5.783615784278062E-002  2.538786945220997E+001
    771  5.823388179317127E-002  5.851956933136474E+002
    772  5.783400281573259E-002  4.799569637476952E+002
    773  5.713486429283689E-002  1.140629838755057E+000
    774  5.751228363007375E-002  6.160655819185366E+002
    775  5.661376047630588E-002  1.273073160635631E+000
    776  5.645290585475801E-002  6.156707797673133E+000
    777  5.738559728303586E-002  1.000740089420691E+003
    778  5.689446248989120E-002  8.947005146105089E+002
    779  5.604303546509349E-002  4.982298930257823E+000
    780  5.635680797086630E-002  3.781407186687857E+002
    781  5.579567187072518E-002  2.634402627829367E+001
    782  5.570511799524021E-002  3.320604067737034E+001
    783  5.626669252371755E-002  6.254742330196131E+002
    784  5.590304720626535E-002  3.084252510664080E+002
    785  5.695257856348085E-002  1.444229493684001E+003
    786  5.553818569835375E-002  1.714130513715386E+001
    787  5.550871641558481E-002  4.716990876135737E+001
    788  5.539023803484143E-002  4.780796431218444E+000
    789  5.559015538626398E-002  2.672123801266575E+002
    790  5.534254656968104E-002  3.862719972283141E+001
    791  5.546978177496156E-002  2.101939970388207E+002
    792  5.525434809323408E-002  1.584287587317287E+001
    793  5.529155344954531E-002  1.151988065184458E+002
    794  5.515250439078870E-002  2.110275232143990E+001
    795  5.529830366932668E-002  2.042965712704701E+002
    796  5.505657410672537E-002  9.268887190513698E+001
    797  5.515348966292384E-002  3.222330362632538E+002
    798  5.485106811825278E-002  4.211165758052638E+000
    799  5.507583681905660E-002  3.120492064075898E+002
    800  5.481121697456604E-002  5.270203241122456E+001
    801  5.467493372733199E-002  1.210960794582215E+000
    802  5.483107460469172E-002  2.679935338769057E+002
    803  5.461418210134902E-002  1.731352068429319E+002
    804  5.442443720760705E-002  3.007014233556718E+001
    805  5.423803779027702E-002  7.737467733730611E+000
    806  5.416394269660604E-002  4.436367379361845E-001
    807  5.430943389990214E-002  1.802813952031747E+002
    808  5.445981569491092E-002  4.041434171029848E+002
    809  5.383778472602143E-002  1.869006999908169E+001
    810  5.416074177467161E-002  4.083646748608308E+002
    811  5.369968375789674E-002  3.340659147509804E+000
    812  5.373147897421243E-002  8.992715030764380E+001
    813  5.380869342837281E-002  2.819452775707639E+002
    814  5.349272824003392E-002  3.342719524307729E+000
    815  5.347573584482004E-002  2.720103880322068E+001
    816  5.389337581804240E-002  4.528306485922708E+002
    817  5.345577344104391E-002  1.393498318758744E+002
    818  5.326174996276003E-002  6.112188708567651E+000
    819  5.319949349265229E-002  2.838820036450358E+000
    820  5.324727254438971E-002  1.348378005488675E+002
    821  5.327473354464720E-002  1.695591102993040E+002
    822  5.344080046242574E-002  3.662084358238935E+002
    823  5.308090382453010E-002  4.277034930994430E-001
    824  5.311956765295309E-002  1.042572402754275E+002
    825  5.329603540799580E-002  3.435559873362266E+002
    826  5.334693014332367E-002  4.355049492571983E+002
    827  5.298785114349877E-002  1.244517984238154E+002
    828  5.284999447058932E-002  1.124155457750875E+001
    829  5.318215685825128E-002  3.920760513121655E+002
    830  5.280503787548059E-002  1.097010851767956E+001
    831  5.292679119160480E-002  1.990129616421550E+002
    832  5.299428069053407E-002  3.138024708237025E+002
    833  5.265355104112907E-002  5.678531838012536E-001
    834  5.262822823943210E-002  3.848143598955019E+000
    835  5.301637990263714E-002  4.287834194312557E+002
    836  5.339726672947120E-002  9.577875291499084E+002
    837  5.247050074478869E-002  9.876875034686938E+000
    838  5.288796115018222E-002  4.823297082943479E+002
    839  5.237752603489590E-002  6.606761237372559E+000
    840  5.220141331890669E-002  1.336677888914315E+000
    841  5.214965518100726E-002  1.686768330219699E+000
    842  5.257183507231526E-002  5.142581004358070E+002
    843  5.222118119528606E-002  2.210534126602006E+002
    844  5.213802383565345E-002  3.133279014202733E+002
    845  5.179995005934325E-002  2.607275328930098E+001
    846  5.165662283391009E-002  2.237044394763363E+001
    847  5.192031976226710E-002  3.031130510214959E+002
    848  5.164607403503588E-002  2.601664401662848E+002
    849  5.126626162356220E-002  2.072376047158435E+001
    850  5.096267033199168E-002  8.006262544589818E-001
    851  5.099909474482189E-002  1.043448974615141E+002
    852  5.088780903318886E-002  1.819326391120250E+001
    853  5.083209461888669E-002  5.091155935492454E+001
    854  5.081508544150545E-002  1.727104920181738E+002
    855  5.055254392724216E-002  9.470997108803358E+001
    856  5.045432287606076E-002  3.660446152470834E+000
    857  5.037616486845505E-002  2.274989723196695E+000
    858  5.045783344278762E-002  9.677669410039123E+001
    859  5.036482039002278E-002  1.034813080033133E+001
    860  5.035214596050681E-002  6.486167612097135E+001
    861  5.029009746093883E-002  2.482323395436185E+000
    862  5.021451584711931E-002  2.329526544824806E+001
    863  5.021267774045639E-002  8.747216675126147E+001
    864  5.008247197716367E-002  7.874632480771986E-001
    865  5.017224307061077E-002  1.069811756798627E+002
    866  4.978737258398237E-002  1.951215760360751E+002
    867  4.951678546815982E-002  3.060444167286736E+000
    868  4.971521590669838E-002  2.928836708420096E+002
    869  4.924596122804190E-002  1.933870126965352E+000
    870  4.956401734203997E-002  6.292800505342233E+002
    871  4.919329828493654E-002  3.947721467932061E+002
    872  4.878318079307327E-002  8.762333319375400E-001
    873  4.893084741482023E-002  2.217277467568647E+002
    874  4.859304504385602E-002  1.934940487536296E+000
    875  4.981988675038723E-002  1.281464658937853E+003
    876  4.848088739643103E-002  3.357887629885616E+000
    877  4.868417927643692E-002  2.668880354077643E+002
    878  4.832686411525235E-002  6.476831466814374E+000
    879  4.847152336832953E-002  1.741149202059172E+002
    880  4.822168367258314E-002  6.854372472615334E+001
    881  4.787846304439559E-002  1.511153064995320E-001
    882  4.780616975797564E-002  5.528177051117095E+000
    883  4.787289095214667E-002  1.053111380310946E+002
    884  4.780737741406684E-002  4.845093427793455E+001
    885  4.764334813165385E-002  5.649417867488919E-001
    886  4.773946379048399E-002  1.920176659566870E+002
    887  4.763837489128236E-002  1.785456957738437E+002
    888  4.745383510801175E-002  6.101939724788419E+000
    889  4.673263486436513E-002  1.684121125706991E+000
    890  4.693727367018923E-002  3.602128658914132E+002
    891  4.657652818133873E-002  6.493451838870162E-001
    892  4.684187072313581E-002  3.834496699283321E+002
    893  4.615531281197321E-002  1.986116676524552E+001
    894  4.625243630700381E-002  2.388311778864330E+002
    895  4.555952021137925E-002  1.623600573245908E+002
    896  4.545600235716767E-002  6.291473233066779E+001
    897  4.582425390042617E-002  5.994457239274462E+002
    898  4.543523494277083E-002  5.756603212230749E+002
    899  4.482441817973433E-002  1.289263258512435E+002
    900  4.441260892002997E-002  5.574230877914835E+000
    901  4.370506005057239E-002  1.241665104412641E+001
    902  4.390549824237255E-002  2.808743648702464E+002
    903  4.349571888062877E-002  1.507221822988791E+002
    904  4.322375109170192E-002  2.068832138248095E+000
    905  4.337938043651005E-002  4.619619547371335E+002
    906  4.283379036125614E-002  3.094961316493368E+000
    907  4.289625323226989E-002  1.787005032285307E+002
    908  4.255991649796446E-002  1.220094794552577E+001
    909  4.297504504528163E-002  4.850984803365747E+002
    910  4.238371944524520E-002  6.449913440669719E+001
    911  4.306237480251854E-002  8.475025193397727E+002
    912  4.214465740786766E-002  3.961987921915071E+000
    913  4.204993925201296E-002  1.996277956766259E+001
    914  4.198966123799471E-002  1.170329191452294E+000
    915  4.197749131417276E-002  2.210133581453484E+001
    916  4.207158135185773E-002  1.441086829461092E+002
    917  4.196483374219125E-002  1.184580399104153E+002
    918  4.198362622101140E-002  2.780964174991373E+002
    919  4.177390094798775E-002  1.646377884120811E+002
    920  4.151238135314504E-002  1.006960678343789E+001
    921  4.167253581102557E-002  2.473972768873485E+002
    922  4.136443395753785E-002  3.381149164710764E+001
    923  4.135520860907710E-002  3.204938478944644E+001
    924  4.161449635805671E-002  3.351697065812693E+002
    925  4.115683804939878E-002  6.581054695289382E+000
    926  4.255175289783494E-002  1.625502257570142E+003
    927  4.094965032802814E-002  3.807203445540413E+001
    928  4.160917262323525E-002  7.893135085778923E+002
    929  4.122057511397884E-002  4.627143612027920E+002
    930  4.105754472402386E-002  3.095056200739548E+002
    931  4.075060535403635E-002  1.428991079819028E+001
    932  4.079090502891846E-002  7.435836488279098E+001
    933  4.072405876991975E-002  1.057899255246841E+001
    934  4.095173817686770E-002  3.800019613058321E+002
    935  4.055963681283782E-002  8.585384422860189E+000
    936  4.039796173773220E-002  6.023281152925381E+000
    937  4.081116088487429E-002  4.377435881533752E+002
    938  4.062783706719433E-002  2.892806967261374E+002
    939  4.031287014575300E-002  9.369839583663975E+000
    940  4.045010767047107E-002  1.837214294595932E+002
    941  4.025944760869566E-002  3.731460555522616E+000
    942  4.028319764214825E-002  1.044037961254177E+002
    943  4.023045205042790E-002  8.491455604268675E+001
    944  4.038956442596997E-002  2.500600115448243E+002
    945  4.019745231603670E-002  1.336467939001700E+002
    946  4.005025245441532E-002  3.074658896117345E+000
    947  4.025028966671482E-002  3.039454989241703E+002
    948  4.007589062536084E-002  1.750606348035440E+002
    949  3.989234943992054E-002  1.892383775842591E+001
    950  4.002277091712490E-002  2.136232055832363E+002
    951  3.974654527424774E-002  8.797811954265363E+000
    952  4.001512586357468E-002  2.898911228576712E+002
    953  3.968075106435869E-002  1.781463092366450E+001
    954  4.017105879828990E-002  5.426135625449936E+002
    955  3.975109832365707E-002  1.176037619224150E+002
    956  3.964085174277077E-002  2.343182277540512E+000
    957  3.963487311685886E-002  1.260799036339112E+001
    958  3.972279126135316E-002  1.173375606614471E+002
    959  3.958405351990360E-002  5.316342077253382E+000
    960  3.979445043167804E-002  2.337330914331935E+002
    961  3.956792400796808E-002  8.356904121725364E+000
    962  3.966572143590565E-002  1.547879076678442E+002
    963  3.952766636598180E-002  3.595582947210644E+001
    964  3.973402674927035E-002  2.990504107523655E+002
    965  3.932484253396622E-002  5.710555200980739E-001
    966  4.089932900488790E-002  1.846067653281563E+003
    967  3.986722084097707E-002  7.320629893763111E+002
    968  3.946213072267571E-002  3.350711106916698E+002
    969  3.910314191698168E-002  1.852396734589361E+000
    970  3.947419595357080E-002  4.180411346229022E+002
    971  3.901362900443486E-002  3.283606778614918E+000
    972  3.915432382293550E-002  1.922812291685877E+002
    973  3.959103999292515E-002  7.303181997966418E+002
    974  3.888281430032835E-002  4.250585284288220E+000
    975  3.913491320950627E-002  2.807404514985538E+002
    976  3.922367572614686E-002  4.601120960881967E+002
    977  3.883640780401856E-002  6.837355783204191E+001
    978  3.874940337106313E-002  1.248654776834420E+001
    979  3.884186050468810E-002  1.463220516764631E+002
    980  3.868569104899885E-002  5.385930679305968E+000
    981  3.907333956805382E-002  4.599802342855601E+002
    982  3.860329548784853E-002  1.648062309105067E+001
    983  3.864379987105775E-002  1.117852276478061E+002
    984  3.868113075580842E-002  1.542992745621046E+002
    985  3.847408306409363E-002  1.168573843579471E+001
    986  3.857793092464468E-002  1.516063223012666E+002
    987  3.839338349501088E-002  8.215400990063868E+000
    988  3.843743505622109E-002  5.526579089622584E+001
    989  3.843413298981432E-002  2.281695232369492E+002
    990  3.819555886261309E-002  1.657039500770675E+001
    991  3.887972031061718E-002  8.418178204255237E+002
    992  3.887555529699616E-002  9.361687498997502E+002
    993  3.794349392736607E-002  4.035520809876713E+000
    994  3.794167392918718E-002  2.853800473279539E+001
    995  3.796185229611154E-002  1.173961637702976E+002
    996  3.783064629060504E-002  1.304594716285559E+000
    997  3.817958065631337E-002  3.963097061019443E+002
    998  3.882606439914275E-002  1.070422625732470E+003
    999  3.777239622026365E-002  3.062598760588998E+000
   1000  3.819667343236620E-002  4.609467102913379E+002
   1001  3.849109118899298E-002  8.122330979334773E+002
   1002  3.772239875839713E-002  1.502776927369638E+001
   1003  3.763104020855381E-002  6.463626434930855E+000
   1004  3.764943811811526E-002  3.032768652792872E+001
   1005  3.830781862661522E-002  7.264319716709364E+002
   1006  3.796239462082786E-002  4.262656994071531E+002
   1007  3.750835997505435E-002  4.435726162687394E-001
   1008  3.776192225072659E-002  2.831602726433651E+002
   1009  3.783245166839874E-002  4.040572897825177E+002
   1010  3.740673150465400E-002  1.664287246646853E+001
   1011  3.788296085877238E-002  6.087974873751987E+002
   1012  3.732996031782274E-002  9.299897841702778E+000
   1013  3.772194572842193E-002  4.588015826225881E+002
   1014  3.734571163244223E-002  1.015276189924910E+002
   1015  3.724006641994319E-002  8.848070296125908E-001
   1016  3.801258098890230E-002  8.515563758098870E+002
   1017  3.722565898479956E-002  1.970773592814916E+001
   1018  3.777428274453576E-002  6.329331020653291E+002
   1019  3.712601964538496E-002  1.009137270892003E+000
   1020  3.784178404791534E-002  7.963906091303510E+002
   1021  3.717326914487113E-002  1.445584817501624E+002
   1022  3.759796619784295E-002  6.847716489390860E+002
   1023  3.693039872029748E-002  6.271562923640277E+000
   1024  3.733003656266140E-002  5.026435758589906E+002
   1025  3.684163029632050E-002  6.737196298340097E+000
   1026  3.767694087453945E-002  8.771172247659423E+002
   1027  3.719964751473684E-002  4.311869368696260E+002
   1028  3.671375801784629E-002  3.550082833655445E+001
   1029  3.738126338915517E-002  7.484041122195054E+002
   1030  3.655950447054460E-002  6.678806310204539E-001
   1031  3.727009515826309E-002  7.676605459038516E+002
   1032  3.731830535862205E-002  8.451603474091015E+002
   1033  3.709390154069184E-002  6.662202259435277E+002
   1034  3.699164722524660E-002  5.646999115934684E+002
   1035  3.644393190611900E-002  1.575476839604367E+001
   1036  3.801114969216135E-002  1.670865244757583E+003
   1037  3.632236708486988E-002  3.034218046667159E+000
   1038  4.042416458835127E-002  4.253174962543425E+003
   1039  4.258716794637599E-002  6.563473042709637E+003
   1040  3.615066513692403E-002  4.027544739496575E+001
   1041  4.374209159877223E-002  7.849631270675083E+003
   1042  3.743923670636029E-002  1.540772894092195E+003
   1043  3.595402822028915E-002  1.831299026655238E+001
   1044  3.953411352096366E-002  3.848285266690063E+003
   1045  5.186667209200808E-002  1.674678886386364E+004
   1046  3.575939378275296E-002  6.922176001460828E+001
   1047  4.027802931336973E-002  4.989892737308764E+003
   1048  4.616942519332516E-002  1.110276892139477E+004
   1049  3.539880500546887E-002  6.127307921099596E+000
   1050  4.099619003775472E-002  5.801993341575922E+003
   1051  3.501330295906613E-002  1.134220193261295E+001
   1052  3.986025922856699E-002  5.195821229412514E+003
   1053  3.871878503233867E-002  4.178216844640048E+003
   1054  3.483830035664709E-002  1.384030099029210E+001
   1055  3.632148811244423E-002  1.629270863679126E+003
   1056  3.478102565328884E-002  2.235140936730445E+001
   1057  3.670590626921531E-002  2.011640444044426E+003
   1058  4.500879547885369E-002  1.066850624712774E+004
   1059  3.453241013839855E-002  4.552636827550972E+000
   1060  4.669372721987210E-002  1.277106426570737E+004
   1061  3.652411811531407E-002  2.334738757033018E+003
   1062  3.637597972432050E-002  2.196551144644481E+003
   1063  3.430002905776722E-002  7.111697396243720E+001
   1064  3.901259143355192E-002  5.062876573483805E+003
   1065  3.405884978891215E-002  4.147300469845078E+001
   1066  4.052911248800641E-002  6.840714622216339E+003
   1067  3.733166256791861E-002  3.630972100892540E+003
   1068  3.398246172297355E-002  6.910007695194516E+001
   1069  3.574735261687225E-002  2.367344830403674E+003
   1070  4.308963736648130E-002  1.013634517293924E+004
   1071  4.058548000176091E-002  8.351465470909206E+003
   1072  4.023541586551348E-002  7.582826360343754E+003
   1073  3.273659444068534E-002  4.184826329925005E+000
   1074  3.711197111951049E-002  4.744206034418857E+003
   1075  1.207982965852345E-002  3.255287816988692E+003
   1076  8.938833979856771E-003  5.007005895667729E+001
   1077  2.798251896809752E-005  2.990734093539411E+001
