# dt =   1.000000000000000E-007
# j, New nj, Rate of change (1/s)
      1  2.186032103771761E+000  1.820838427113835E+003
      2  2.142745037785692E+000  3.685755165507735E+003
      3  2.100883645614345E+000  1.137675720533085E+003
      4  2.061624661328818E+000  3.027035478386130E+003
      5  2.032343129643711E+000  9.738211640614974E+003
      6  1.999357051758117E+000  1.060969172241616E+003
      7  2.118257621633254E+000  9.107791591765539E+004
      8  2.046143989181265E+000  4.516135492706522E+004
      9  1.968807277735066E+000  2.027452888836358E+003
     10  1.950239493317334E+000  4.003100516237714E+003
     11  1.760914691808526E+000  4.475429936261378E+003
     12  1.732345250686317E+000  1.633740569211694E+003
     13  1.469866296505903E+000  2.518926990104648E+002
     14  1.468885267354335E+000  4.882038933464360E+003
     15  1.434914691716461E+000  2.332659423095057E+002
     16  1.453678833623596E+000  1.618386666298717E+004
     17  1.427914674040651E+000  4.518680245516232E+003
     18  1.415254401146440E+000  1.554570402093912E+004
     19  1.382433893285475E+000  1.514855229164590E+002
     20  1.381486771454200E+000  4.676259446803996E+003
     21  1.374505970792067E+000  1.359676294054241E+003
     22  1.373970745952667E+000  1.239156551915735E+003
     23  1.431514403618157E+000  4.845940324095761E+004
     24  1.411563729025216E+000  3.729637503969545E+004
     25  1.279596322710705E+000  1.487258069850900E+002
     26  1.276880226916197E+000  1.994409126792490E+003
     27  1.282142579788120E+000  1.207493966310264E+004
     28  1.254937190423296E+000  9.153586022186096E+002
     29  1.266496506112131E+000  8.923612827492807E+003
     30  1.229493642865039E+000  7.159796660487460E+002
     31  1.233152144993637E+000  8.718680041569791E+003
     32  1.203645174697366E+000  4.766808506332997E+003
     33  1.197977238356634E+000  1.819407517263672E+003
     34  1.192037410169852E+000  1.091922200975060E+003
     35  1.186700572897352E+000  2.464171557758256E+003
     36  1.185461790495604E+000  2.859391679719599E+003
     37  1.181598925039178E+000  2.075199588336971E+003
     38  1.226928923220887E+000  3.542314376235558E+004
     39  1.177368505312827E+000  1.871368382569505E+003
     40  1.170627993067958E+000  1.658252997310020E+003
     41  1.166249739872278E+000  9.861523962097613E+002
     42  1.161890864532331E+000  1.446685296750778E+003
     43  1.135027859654016E+000  1.550648399944425E+003
     44  1.132916025209695E+000  1.033981923537822E+003
     45  1.122066755757356E+000  1.186190996374542E+003
     46  1.120813965941191E+000  1.792877444193226E+003
     47  1.114870640486746E+000  1.397939396153353E+001
     48  1.112471127051025E+000  9.681504460668174E+002
     49  1.110983324152971E+000  3.171503306159138E+002
     50  1.109427172777679E+000  4.291035287136550E+002
     51  1.109876911549481E+000  1.819043096819706E+003
     52  1.105179427892339E+000  5.846009843029725E+002
     53  1.105600886393719E+000  9.511852668920991E+002
     54  1.103641751716559E+000  1.436659541113474E+003
     55  1.088858142973588E+000  2.377430330793111E+003
     56  1.078123131653452E+000  1.459787741180800E+001
     57  1.067803972913075E+000  2.041132058370471E+003
     58  1.081437426484099E+000  1.287497249678954E+004
     59  1.060911404240730E+000  9.068359773067597E+001
     60  1.070814915993336E+000  8.740522728515536E+003
     61  1.052816772273859E+000  3.928779532612302E+002
     62  1.049750721083693E+000  9.181833705264190E+002
     63  1.047681432639859E+000  6.339588036203669E+002
     64  1.072566675817815E+000  2.002433500867929E+004
     65  1.072509415420962E+000  2.173142404021585E+004
     66  1.040637037712285E+000  3.112237077300443E+003
     67  1.038936695588951E+000  6.009916953085853E+003
     68  1.030334101652000E+000  6.651355147167293E+002
     69  1.030183482268635E+000  1.210615065815975E+003
     70  1.030075264145154E+000  6.895207519801287E+003
     71  1.025204165454578E+000  6.125924590910287E+003
     72  1.014094970523845E+000  3.046070153758330E+002
     73  1.010848837839554E+000  1.046367481159768E+003
     74  1.010984987086037E+000  2.132423944289241E+003
     75  1.003415342368013E+000  5.808586892018567E+002
     76  1.002172671252140E+000  3.108170976343458E+002
     77  1.001399975910688E+000  4.595099263296831E+002
     78  1.000216495503144E+000  7.260288975766233E+002
     79  9.991413299092415E-001  1.342567620006137E+003
     80  9.959261856731854E-001  2.328860078454790E+003
     81  9.929770622725090E-001  5.254316650989305E+002
     82  9.894914848460148E-001  5.099192232891207E+002
     83  9.888371792076678E-001  2.333879434374665E+002
     84  9.875465351960873E-001  4.673719704231528E+002
     85  9.893612416371413E-001  5.058763298220161E+003
     86  9.859951541744022E-001  3.251103894231135E+003
     87  9.745251037517967E-001  3.161355672376659E+001
     88  9.733567915877829E-001  2.461871200686960E+002
     89  9.703551362533444E-001  1.954079917981724E+003
     90  9.726794008071230E-001  4.646074639299731E+003
     91  9.710207241109500E-001  4.915062166554259E+003
     92  9.670959088054299E-001  2.858317118129793E+003
     93  9.610712843581205E-001  2.050795442856966E+002
     94  9.616437888357874E-001  9.395682238391400E+002
     95  9.635134043137311E-001  3.417408578183013E+003
     96  9.593611478472803E-001  9.895834602778322E+002
     97  9.598645277972432E-001  1.998433969655482E+003
     98  9.580537237635457E-001  8.305882787729139E+002
     99  9.555130221164271E-001  1.480597625488916E+002
    100  9.593197842167380E-001  3.228967924349126E+003
    101  9.561063577190281E-001  1.560591635730841E+003
    102  9.453630995304055E-001  1.366460077148120E+003
    103  9.429901224765693E-001  4.575773051165049E+003
    104  9.327183780507153E-001  6.248509606651934E+002
    105  9.288913162731387E-001  8.947912229820846E+002
    106  9.296568683538341E-001  1.587868189445611E+003
    107  9.247355374061503E-001  3.254360810640814E+002
    108  9.256851107523792E-001  2.190860901735580E+003
    109  9.219756012156418E-001  1.030145404482771E+003
    110  9.217607430921093E-001  1.452088419774775E+003
    111  9.202377089805033E-001  8.775981346302527E+002
    112  9.193168100335261E-001  6.791963818150350E+002
    113  9.183535327751962E-001  4.256916985002304E+002
    114  9.424434391967840E-001  2.035000763756657E+004
    115  9.136371744747770E-001  1.402092965220620E+003
    116  9.121351327417763E-001  9.377671163229297E+002
    117  9.125545603320556E-001  2.861153104761603E+003
    118  9.037695124622117E-001  4.799677031610769E+002
    119  9.045682526023989E-001  1.395234769561127E+003
    120  9.016462442849483E-001  1.151474938051038E+003
    121  9.004136553129747E-001  9.947432972875903E+002
    122  8.966875904906022E-001  1.369884831748734E+002
    123  8.955987929321710E-001  2.468835510957980E+002
    124  8.921034284725667E-001  7.951722932942665E+000
    125  8.922494845799598E-001  7.438414494948183E+002
    126  8.908086529917716E-001  5.418779729617737E+002
    127  8.901257248205396E-001  1.652005282055991E+002
    128  8.877859273165180E-001  5.213756938081495E+002
    129  8.859181888241549E-001  7.260044393026470E+001
    130  8.859547901825636E-001  4.810238485289242E+002
    131  8.847597814174079E-001  1.971344099562441E+003
    132  8.824247262713003E-001  7.147374431896486E+002
    133  8.826202686341181E-001  1.663304911052896E+003
    134  8.790028095942083E-001  1.577205248671214E+003
    135  8.770844226183768E-001  7.327638889521044E+002
    136  8.754128210357375E-001  8.367724286091478E+002
    137  8.761476517641535E-001  1.741166977235246E+003
    138  8.744443401359898E-001  1.207312400711947E+003
    139  8.723631404831338E-001  4.632659608572038E+002
    140  8.716452819553403E-001  2.663952941176877E+002
    141  8.710434607359719E-001  6.581233063327762E+002
    142  8.752740069126386E-001  5.609196275133315E+003
    143  8.660719119625629E-001  1.946890477824451E+003
    144  8.648610044771902E-001  1.442476331488299E+003
    145  8.581186385278311E-001  2.863449459619842E+002
    146  8.564808180862755E-001  1.254479377916263E+001
    147  8.540284875338979E-001  2.930125845852280E+002
    148  8.510413226525807E-001  9.917063625182201E+002
    149  8.482465721397293E-001  1.514256904388884E+003
    150  8.349650201212482E-001  7.827149013123700E+002
    151  8.355930058690556E-001  1.658763142339018E+003
    152  8.320031898010923E-001  2.040869863085030E+003
    153  8.268284153435037E-001  1.520526076525320E+003
    154  8.297255956838424E-001  5.405331692952641E+003
    155  8.226321340192625E-001  1.208537256479763E+003
    156  8.207645933484329E-001  1.219295061091904E+003
    157  8.202665989443428E-001  1.385939250697127E+003
    158  8.198843342448719E-001  1.865189282315092E+003
    159  8.168660416803911E-001  8.163645843798641E+001
    160  8.199359291476729E-001  2.358480833095822E+003
    161  8.200992417954005E-001  2.797535828696835E+003
    162  8.162490320059064E-001  1.819176486242871E+002
    163  8.186740793647145E-001  3.478373498129387E+003
    164  8.174742434831859E-001  4.655030385046737E+003
    165  8.009809401992732E-001  3.034967498849770E+003
    166  7.965378312358073E-001  7.516437396939288E+002
    167  7.927401964328845E-001  4.631794716533854E+002
    168  7.874611180340807E-001  9.352025823167509E+002
    169  7.873611417245547E-001  1.352764129240166E+003
    170  7.801961815249145E-001  2.181830046296124E+002
    171  7.763689347422271E-001  2.034916393734522E+002
    172  7.755976108578889E-001  4.089517338170656E+002
    173  7.710851897588100E-001  4.181284235791134E+002
    174  7.685945319533224E-001  9.476399381867541E+002
    175  7.653446236856741E-001  3.795971695395307E+001
    176  7.655107515949778E-001  3.918041440283367E+002
    177  7.651124461977050E-001  6.779760845300003E+002
    178  7.621602499545196E-001  5.211387191264627E+000
    179  7.591698677626194E-001  1.032596713504957E+002
    180  7.596879193364576E-001  1.919187543235336E+003
    181  7.562776268545455E-001  9.919689908529118E+001
    182  7.585613395488465E-001  2.507769405383287E+003
    183  7.566679673026017E-001  2.330465566287575E+003
    184  7.521496901284371E-001  1.612994607679064E+003
    185  7.534898082981191E-001  2.717934567163256E+003
    186  7.487007104410682E-001  7.357266716314501E+002
    187  7.468957283895996E-001  3.372918569956929E+002
    188  7.472092295318982E-001  1.529490026983536E+003
    189  7.436647834406018E-001  3.931773599202513E+002
    190  7.431959271066385E-001  8.633511966054466E+002
    191  7.362826217259767E-001  7.817497995603158E+002
    192  7.363077653255883E-001  8.483825905750168E+002
    193  7.320106062664188E-001  1.041714610052901E+003
    194  7.305409775222045E-001  2.129471878044647E+002
    195  7.290227229860091E-001  1.655293111933992E+003
    196  7.274919170604498E-001  1.247201277246412E+003
    197  7.266315278834619E-001  1.724549470431192E+003
    198  7.248640596979207E-001  1.096170538366508E+003
    199  7.311101235760300E-001  5.882960104544873E+003
    200  7.223869731878153E-001  8.418949968923629E+001
    201  7.225303874492078E-001  3.555945587491178E+002
    202  7.239962468649430E-001  1.579657903438323E+003
    203  7.216459865129833E-001  1.231533120310190E+002
    204  7.215117122627349E-001  2.698055442093071E+002
    205  7.244135841569599E-001  2.667209628880260E+003
    206  7.217091962276009E-001  8.999306845053998E+002
    207  7.249078886658764E-001  3.250072457067025E+003
    208  7.211661540934456E-001  8.370385725235482E+002
    209  7.217740345409474E-001  1.272520825289432E+003
    210  7.205348217993180E-001  7.192654059600641E+002
    211  7.200515210856179E-001  5.632476404356245E+002
    212  7.213177319370098E-001  2.085202878394913E+003
    213  7.181713521612672E-001  1.942151621569687E+002
    214  7.180889982393892E-001  6.280883358748350E+002
    215  7.178762668693429E-001  8.023317642895381E+002
    216  7.165461931120500E-001  1.468020933041699E+002
    217  7.179944695907079E-001  1.131821687474739E+003
    218  7.172703786904786E-001  1.136918945555639E+003
    219  7.162644468912124E-001  7.262812502881025E+002
    220  7.136655397232503E-001  1.013413109993593E+002
    221  7.149467537806931E-001  1.708257921643964E+003
    222  7.138121770099033E-001  1.053007131318765E+003
    223  7.111726961837959E-001  7.522868060899804E+002
    224  7.088557450028775E-001  5.629350167401382E+001
    225  7.082355307333081E-001  5.559409361869422E+001
    226  7.083011160661060E-001  6.715765210727453E+002
    227  7.073239928279353E-001  5.451545093182013E+001
    228  7.060145138077099E-001  1.991442331183663E+001
    229  7.101794660176001E-001  5.669150958075809E+003
    230  6.956367614576520E-001  1.641658288636158E+003
    231  6.880951604558448E-001  9.472655013822414E+002
    232  6.899603419705900E-001  2.487274622520441E+003
    233  6.856830506858167E-001  7.759173018855863E+002
    234  6.835291619163519E-001  2.872221758307095E+002
    235  6.797477185104659E-001  2.505592371792434E+001
    236  6.807433273178894E-001  1.761137294970516E+003
    237  6.784207563679610E-001  7.414301281766071E+002
    238  6.776788796593675E-001  3.181890463440531E+002
    239  6.778865850460319E-001  1.065320818382027E+003
    240  6.759617216273117E-001  5.316633390215702E+002
    241  6.758135212694208E-001  1.293124526726324E+003
    242  6.738304861008371E-001  3.346122682195629E+002
    243  6.720198749445472E-001  8.641819977581538E+001
    244  6.721642442998985E-001  4.922837181475419E+002
    245  6.721155782293939E-001  1.007034553078647E+003
    246  6.646665560211134E-001  1.255096799882027E+003
    247  6.628169733791084E-001  2.527099150655679E+002
    248  6.670430666192542E-001  3.794315612528614E+003
    249  6.577358271145439E-001  2.412804911816084E+003
    250  6.539884245679365E-001  1.646578977701329E+002
    251  6.491351296570794E-001  1.600604109730726E+003
    252  6.438978606040113E-001  3.906104907133713E+001
    253  6.456790267137641E-001  2.800874349108996E+003
    254  6.408837507811619E-001  8.028650972653854E+002
    255  6.440385531996563E-001  4.768040691176212E+003
    256  6.370293331424759E-001  2.872114216079323E+002
    257  6.349500708969604E-001  2.346515152474796E+002
    258  6.354191078931406E-001  2.255843088086468E+003
    259  6.316209617850213E-001  6.797508666272504E+002
    260  6.271326893179445E-001  2.246385042627879E+002
    261  6.259909973974667E-001  4.622058650415938E+002
    262  6.253192757965101E-001  5.720883084810397E+002
    263  6.239788837034753E-001  6.139926463392608E+000
    264  6.246183248417628E-001  1.171766503714732E+003
    265  6.225973702633952E-001  4.194764820500160E+001
    266  6.229019014153302E-001  4.381456612039727E+002
    267  6.222953956808166E-001  1.007520719411608E+002
    268  6.218117265871765E-001  6.868985906353385E+001
    269  6.217202203552480E-001  1.795808176161796E+002
    270  6.219464725706850E-001  4.784788170746244E+002
    271  6.209026909687325E-001  1.038508209577393E+002
    272  6.212935059034674E-001  6.342763012486987E+002
    273  6.215118053665313E-001  8.971100621759718E+002
    274  6.217112269501578E-001  1.063228671470551E+003
    275  6.216296355496841E-001  1.087100618797625E+003
    276  6.196618665935347E-001  9.744350384510365E+001
    277  6.195950006689990E-001  9.357392922036927E+001
    278  6.196023696394093E-001  2.488877851916966E+002
    279  6.208786602624505E-001  1.240561770073366E+003
    280  6.192112299145461E-001  2.909473699863786E+002
    281  6.199212675986592E-001  1.013448315229710E+003
    282  6.206133132456901E-001  2.121203098134854E+003
    283  6.186656631578985E-001  7.450758315714870E+002
    284  6.145595639084760E-001  5.122137273088136E+001
    285  6.156254376695470E-001  8.530454138798847E+002
    286  6.114646858555669E-001  1.783959987339942E+001
    287  6.116030498359140E-001  1.487040710025303E+002
    288  6.093802384032896E-001  1.837094412931228E+003
    289  6.071009351739487E-001  1.503726278552360E+003
    290  6.134866848430560E-001  5.956314094313180E+003
    291  6.180683295407510E-001  8.961727990802627E+003
    292  6.076523812081793E-001  2.802045076791490E+003
    293  6.092398865778986E-001  4.396386630204667E+003
    294  6.086847897529873E-001  4.809694852637424E+003
    295  6.060540552522488E-001  2.910866992312107E+003
    296  6.063175372227863E-001  3.374712719156051E+003
    297  6.091666337643844E-001  5.879074924488006E+003
    298  6.368333982456328E-001  2.791801397812695E+004
    299  6.081759964384067E-001  7.477267614982763E+003
    300  6.272813350971284E-001  2.055664002848165E+004
    301  6.141731101086915E-001  1.385162233438458E+004
    302  6.041382334806105E-001  6.153195770431667E+003
    303  5.999972085904839E-001  6.926936158306410E+003
    304  5.887042608498252E-001  5.940466653745184E+002
    305  5.844478057002039E-001  3.375684931054395E+002
    306  5.878871574269935E-001  3.366234929734670E+003
    307  5.832242360482299E-001  3.561657573212598E+002
    308  5.974913912017602E-001  1.056794629797668E+004
    309  5.828741334431133E-001  9.229740017052887E+002
    310  5.838020658241075E-001  2.394494507755657E+003
    311  5.805529718739209E-001  8.606324261197115E+002
    312  5.811276366624504E-001  1.547665566605275E+003
    313  5.790726119737014E-001  1.902166415280136E+002
    314  5.786555856883201E-001  4.283410018125125E+002
    315  5.777373869924741E-001  8.496178870912321E+001
    316  5.781048273430635E-001  5.317347715743464E+002
    317  5.768688240595118E-001  4.313281805621662E+002
    318  5.777285551522368E-001  1.044941311859649E+003
    319  5.765970800747414E-001  7.672197877122926E+002
    320  5.769324381349501E-001  1.514820795282667E+003
    321  5.752569441423296E-001  5.264416185480342E+002
    322  5.739406132425248E-001  1.234349180810349E+002
    323  5.740606010151798E-001  2.413623508817106E+002
    324  5.740255685344204E-001  6.490192752744174E+002
    325  5.714393740343896E-001  1.058982647456947E+003
    326  5.729754074455710E-001  2.075827712529092E+003
    327  5.713930135298727E-001  1.206832646010215E+003
    328  5.693018371054475E-001  6.268121678628034E+001
    329  5.689498435691297E-001  1.598419478473896E+003
    330  5.748084167122276E-001  6.853301043640809E+003
    331  5.601463813063936E-001  1.704514536717969E+003
    332  5.590771701566205E-001  1.238490725335810E+003
    333  5.551929074824837E-001  7.998007364378586E+002
    334  5.534926197023996E-001  4.094697066509041E+002
    335  5.551064048813338E-001  2.656638157319973E+003
    336  5.431208296781522E-001  7.771639813495650E+002
    337  5.381827692164269E-001  1.181393659057030E+002
    338  5.353819377849802E-001  8.433570238964450E+002
    339  5.229953630896477E-001  2.403252739317753E+002
    340  5.222092887637519E-001  2.392041255153194E+002
    341  5.226929142451442E-001  1.095194931738205E+003
    342  5.187813689385161E-001  4.670229581478912E+001
    343  5.188038148571352E-001  6.794606968889294E+002
    344  5.216281091358786E-001  3.258761186386654E+003
    345  5.129720676976700E-001  4.689606147699042E+001
    346  5.162880824626740E-001  2.752116093852694E+003
    347  5.182397538287679E-001  4.275983315114298E+003
    348  5.104524434172893E-001  2.399837593275883E+003
    349  5.072419299873301E-001  2.579503265826666E+002
    350  5.054025342206530E-001  3.708955562933502E+001
    351  5.048804599914494E-001  1.682635093698823E+002
    352  4.957886180860281E-001  1.087203323167393E+003
    353  4.927429593782472E-001  1.546765298900559E+002
    354  4.918303479014360E-001  7.385256222033190E+001
    355  4.911961297521714E-001  5.284589559986606E+002
    356  4.871399644948728E-001  2.107842839101630E+003
    357  4.830644564325637E-001  1.044025458993872E+003
    358  4.993712521405242E-001  1.331390661422066E+004
    359  4.775923725508368E-001  6.334321633182640E+002
    360  4.664522156643318E-001  3.107117746023959E+002
    361  4.650274963735906E-001  2.642766385601469E+002
    362  4.627993853933989E-001  3.394686386470237E+001
    363  4.621656265806035E-001  6.790966374534072E+000
    364  4.616387449025287E-001  2.636122523311935E+002
    365  4.597026845959508E-001  2.729645462800934E+002
    366  4.592008380356616E-001  6.836432738387201E+001
    367  4.593001179246670E-001  7.870139066543921E+002
    368  4.573885550329837E-001  6.158299035996796E+001
    369  4.567428443453858E-001  1.542843601591120E+002
    370  4.557308479547402E-001  1.070934985907549E+002
    371  4.546863658359451E-001  3.459672397229556E+001
    372  4.550949493342504E-001  5.423714528597587E+002
    373  4.537090928181495E-001  1.873406647037700E+001
    374  4.549765843605360E-001  1.280295250851399E+003
    375  4.531489175599435E-001  1.439818376071225E+002
    376  4.542020490737401E-001  9.651458537471448E+002
    377  4.528806205831258E-001  3.237432362863677E+002
    378  4.524110892687716E-001  3.209980854519908E+003
    379  4.533634172156776E-001  4.164973739537784E+003
    380  4.483150417502835E-001  1.711437561996879E+003
    381  4.497608758473139E-001  3.199821227123393E+003
    382  4.402058757229969E-001  6.968739910743965E+002
    383  4.425124876706624E-001  2.784678030644332E+003
    384  5.032662584274366E-001  4.964252742363137E+004
    385  4.295600309921566E-001  2.500882300830884E+003
    386  4.301986766218546E-001  6.386732465268836E+003
    387  4.208949909039962E-001  7.009627486271559E+003
    388  4.005527283778938E-001  4.640364884766698E+000
    389  4.004777691110435E-001  7.690796071547769E+002
    390  4.374199209069159E-001  2.640720855270234E+004
    391  4.071883904459873E-001  6.059336481332862E+003
    392  4.256449378562961E-001  2.184476331163613E+004
    393  3.806845042221904E-001  5.260445353568456E+003
    394  3.542383762836739E-001  7.300005041947088E+002
    395  3.562689324816757E-001  2.500309124069426E+003
    396  3.548396355248932E-001  2.608825718552013E+003
    397  3.519156306868110E-001  5.889050691901101E+002
    398  3.510518480772521E-001  4.872571740794891E+002
    399  3.512652825438023E-001  6.733982971315742E+002
    400  3.513432592997754E-001  1.095206045077696E+003
    401  3.503977861124901E-001  1.050393540085182E+003
    402  3.587200584212418E-001  7.987788666759745E+003
    403  3.501336379999833E-001  2.614260855969449E+003
    404  3.483221282594738E-001  1.398891899520695E+003
    405  3.525538566576961E-001  5.006786923313171E+003
    406  3.446203743302464E-001  3.433878581183484E+000
    407  3.486023855176353E-001  3.414993960327868E+003
    408  3.421326580849734E-001  2.908410483976695E+001
    409  3.429233999071821E-001  1.315120095233465E+003
    410  3.409861381787980E-001  1.592522320962528E+002
    411  3.414588416036033E-001  1.334213847108796E+003
    412  3.385452369930491E-001  1.120510301745380E+001
    413  3.399854442724025E-001  1.592088537460286E+003
    414  3.376838971674107E-001  1.418597104580771E+002
    415  3.408830633570991E-001  2.478472842509905E+003
    416  3.372980786441840E-001  1.739677801188234E+002
    417  3.368606743725810E-001  1.556728236187305E+003
    418  4.289609390859581E-001  6.247482534974951E+004
    419  3.429071148157014E-001  7.016753685625849E+003
    420  3.314341170363802E-001  2.140826744521305E+002
    421  3.328352103280846E-001  1.571425003795766E+003
    422  3.429416056815658E-001  8.558779974517471E+003
    423  3.329437548444868E-001  3.278078282809463E+003
    424  3.267330187365490E-001  4.208175113846572E+001
    425  3.397053859401747E-001  9.459237630880316E+003
    426  3.274054208900100E-001  1.745949809156570E+003
    427  3.345854749691908E-001  7.025962498437544E+003
    428  3.228638954184914E-001  4.076877789910944E+001
    429  3.225982791130659E-001  8.359801091710081E+001
    430  3.321557527734035E-001  6.864653953085130E+003
    431  3.254639401595699E-001  2.285650375508572E+003
    432  3.220360307332497E-001  3.213136877364288E+002
    433  3.232292188983477E-001  1.201216783600932E+003
    434  3.274424332371093E-001  4.354785643116970E+003
    435  3.207739864047210E-001  1.016105803562617E+002
    436  3.389069401563806E-001  1.235941747650638E+004
    437  3.198987699068263E-001  8.292761546789649E+001
    438  3.261214384776347E-001  4.593157948233154E+003
    439  3.182876913294773E-001  9.827543954457195E+000
    440  3.196856370002360E-001  1.642966595948040E+003
    441  3.162784478297875E-001  1.339846221801095E+002
    442  3.163010535994339E-001  3.554560598375289E+002
    443  3.146968806164959E-001  1.406995705004251E+000
    444  3.127034846281130E-001  4.724040862315458E+002
    445  3.141699072758994E-001  2.277952926057893E+003
    446  3.127749771357266E-001  1.704515986645223E+003
    447  3.067604813157298E-001  4.446176288114304E+001
    448  3.083690075934583E-001  2.160040970993296E+003
    449  3.055031612098665E-001  6.830637083294581E+002
    450  3.082255515709693E-001  3.113060573601163E+003
    451  3.038019111957601E-001  4.167892384650618E+002
    452  3.185834018700177E-001  1.065838705659955E+004
    453  3.071047943487620E-001  3.124020336719699E+003
    454  3.104761022839043E-001  6.763008738665457E+003
    455  3.013269849687104E-001  8.358808604916276E+002
    456  3.067570425991129E-001  4.729184805607268E+003
    457  2.990280930370353E-001  7.398962028708452E+001
    458  3.028228658826440E-001  3.282590978927634E+003
    459  3.001892587226256E-001  2.725111551720934E+003
    460  2.972963857259799E-001  2.308136533469155E+003
    461  2.929237825428171E-001  4.540657923632734E+001
    462  2.962556744311421E-001  2.470775041329720E+003
    463  2.922399894549724E-001  1.218783645804552E+002
    464  2.968462384314482E-001  3.564049914575551E+003
    465  2.917713455745469E-001  1.199732406923897E+002
    466  2.967652110004176E-001  3.793022571620169E+003
    467  2.923704254595930E-001  8.877010559084983E+002
    468  2.948829598828733E-001  2.835384020730993E+003
    469  2.905640673162506E-001  8.099776974761987E+001
    470  2.905263861137831E-001  1.673253012868010E+002
    471  2.903706299883022E-001  1.232499002073895E+002
    472  2.917987533167550E-001  1.171398038009992E+003
    473  2.900003501016923E-001  1.875803894294725E+002
    474  2.953836479606212E-001  4.048030517990521E+003
    475  2.968494624133697E-001  5.269253718673513E+003
    476  2.890035471059066E-001  1.233644783762099E+002
    477  2.911440501986970E-001  1.621672193525759E+003
    478  2.903386174803298E-001  1.367258039623602E+003
    479  2.892721092255489E-001  1.139185340823598E+003
    480  2.888605921633411E-001  8.381296782088638E+002
    481  2.876763441987244E-001  2.041652331456121E+002
    482  2.897511957422673E-001  1.752725823277434E+003
    483  2.882758105757018E-001  8.325281557402537E+002
    484  2.870965205214956E-001  1.275767123592334E+002
    485  2.954409277002721E-001  6.316818034607040E+003
    486  2.875600798137708E-001  7.009090048435146E+002
    487  2.883689780210738E-001  1.427461897880623E+003
    488  2.861184197701482E-001  7.554513691359429E+001
    489  2.863998938800764E-001  4.081730855237490E+002
    490  2.855232320963269E-001  1.943079866382382E+001
    491  2.897718338092288E-001  3.245083670556260E+003
    492  2.887339728140557E-001  3.048243973411784E+003
    493  2.822904923060469E-001  8.354435491319446E+002
    494  2.822371629128800E-001  9.456877341056796E+002
    495  2.807879645593803E-001  6.587037216289501E+002
    496  2.792597494003283E-001  2.600239742249545E+001
    497  2.830206959944249E-001  3.236049519193645E+003
    498  2.797586339358168E-001  2.265686452651973E+003
    499  2.762990109315212E-001  2.590215652339539E+000
    500  2.769599912452614E-001  8.289456569353864E+002
    501  2.749233841701006E-001  1.459030148230321E+000
    502  2.746956319220533E-001  3.151406947924739E+002
    503  2.735413559991425E-001  1.426199872241051E+003
    504  2.743942991140706E-001  2.657060060300385E+003
    505  2.741885935978892E-001  3.518750724135134E+003
    506  2.690683959825969E-001  3.055817187960166E+001
    507  2.726689569673594E-001  2.963686645679625E+003
    508  2.683126387459340E-001  3.902987107091486E+001
    509  2.680101736456257E-001  2.966641520795656E+001
    510  2.710314114686821E-001  2.369316206564893E+003
    511  2.678240057844182E-001  1.201705671467465E+002
    512  2.682868164497342E-001  5.684664747777355E+002
    513  2.675147185186140E-001  1.047639171658351E+002
    514  2.682035873943801E-001  6.146943483898546E+002
    515  2.675983800402598E-001  2.549932573819219E+002
    516  2.683095066564931E-001  8.919886714185135E+002
    517  2.680105820614647E-001  7.634462149697270E+002
    518  2.689881426945769E-001  1.475691755249435E+003
    519  2.690113755276218E-001  1.503580104821730E+003
    520  2.668835470887028E-001  1.619990276868782E+001
    521  2.670828757321032E-001  3.408485205680498E+002
    522  2.608683522725913E-001  8.403919411222068E+001
    523  2.605558908094889E-001  1.984354794731419E+002
    524  2.612959242565705E-001  8.074596428520732E+002
    525  2.608163933177753E-001  7.464355905597189E+002
    526  2.596543394497560E-001  1.752528628716431E+002
    527  2.592548118652332E-001  2.143269807035904E+002
    528  2.593187684463505E-001  3.041266315055848E+002
    529  2.589820107199305E-001  1.539758884380399E+002
    530  2.583276500653646E-001  2.502983723935238E+003
    531  2.593425556346226E-001  4.067017199579116E+003
    532  2.528225156429946E-001  7.285853409024661E+002
    533  2.509382141355309E-001  1.853979675762139E+003
    534  2.480675930076817E-001  3.970112176725570E+002
    535  1.948943933955558E-001  4.450877721825121E+003
    536  1.945436456549963E-001  4.796604779628066E+003
    537  1.947284195120461E-001  8.964259265854860E+003
    538  1.229783527742305E-001  2.715051462299405E+003
    539  1.479797031427590E-001  4.337863351282796E+004
    540  8.129776500840792E-002  4.926920879752829E+002
    541  8.141005674688634E-002  7.538607315213840E+002
    542  8.068450250310542E-002  3.532949147636287E+002
    543  8.129990733306762E-002  1.467610640808593E+003
    544  1.043706833271768E-001  1.963441457455659E+004
    545  7.731337958106026E-002  6.006784436275943E+002
    546  1.155705843505443E-001  2.787947960220027E+004
    547  5.914193023198334E-001  3.667526733860545E+005
    548  7.988441148384751E-002  2.531447693206031E+003
    549  9.670823032113172E-002  1.514910348447688E+004
    550  7.647641632077065E-002  8.090932318311328E+002
    551  1.002529013803876E-001  1.780518321603770E+004
    552  9.314705237844727E-002  1.213694466998752E+004
    553  7.862977861594649E-002  2.445010327766288E+003
    554  9.391846026166101E-002  1.393571081166908E+004
    555  7.501978812829994E-002  5.609714194964475E+002
    556  7.355086992065643E-002  2.602048459911519E+001
    557  7.463582696992349E-002  7.763202273278456E+002
    558  7.358488764396326E-002  2.167632360222852E+002
    559  7.370608649326782E-002  3.269704415874511E+002
    560  7.380237815858123E-002  8.184575850148918E+002
    561  7.299601369099880E-002  3.072970000204719E+002
    562  7.257058060387434E-002  4.502863258097759E+001
    563  8.726084926493806E-002  1.031839923777286E+004
    564  7.385268165534314E-002  1.109086868003611E+003
    565  7.281581740818541E-002  4.629932723344548E+002
    566  1.019036331991286E-001  2.109821306789100E+004
    567  7.211643181446130E-002  1.487385884791502E+002
    568  7.341321055768367E-002  1.464546289419289E+003
    569  7.149047136920518E-002  1.014922425413607E+002
    570  7.393170013783837E-002  1.864074296511668E+003
    571  7.141023811302999E-002  2.837293261325409E+002
    572  7.405880912419349E-002  2.227611623750061E+003
    573  7.147077007931496E-002  4.310352921605484E+002
    574  7.089882243278089E-002  1.025911200270008E+002
    575  7.215779963791935E-002  1.074523521592396E+003
    576  7.213254358789374E-002  1.074577103555126E+003
    577  7.089017562406477E-002  2.576072013273005E+002
    578  7.157815435094401E-002  8.027209602908624E+002
    579  7.057612545082580E-002  1.089606486838026E+002
    580  7.286573697792093E-002  1.753267482338387E+003
    581  7.036038513908691E-002  3.696282790134314E+000
    582  7.388825585023764E-002  2.543841353669482E+003
    583  7.033768860952312E-002  1.454041125170254E+002
    584  7.022131260217089E-002  2.110944674809563E+002
    585  7.133844793949219E-002  1.023565689749988E+003
    586  6.976844626396334E-002  2.358141022412243E+001
    587  7.013629214671220E-002  2.892584961485030E+002
    588  7.375154103979338E-002  2.950140429024324E+003
    589  6.974792850477605E-002  1.209628278174004E+002
    590  6.959233862009029E-002  2.870369762580340E+001
    591  6.949949597937860E-002  4.250158564486788E+001
    592  7.420118313086771E-002  3.343368505779206E+003
    593  7.288953722526137E-002  2.452611605464438E+003
    594  6.945692665046196E-002  1.858580995253849E+002
    595  6.924577191164948E-002  9.726986663678234E+001
    596  6.914893401242138E-002  1.053213075736338E+002
    597  6.956721390071643E-002  3.825572337183785E+002
    598  6.885588309277189E-002  8.367470756507834E-001
    599  6.937547172174534E-002  4.058020872385384E+002
    600  6.893798930110608E-002  1.968340831098032E+002
    601  6.870376053180609E-002  4.420718616495274E+001
    602  7.004744369478769E-002  1.046298825217228E+003
    603  6.860824176825697E-002  1.074137204109615E+001
    604  6.891534199604052E-002  2.810503704602717E+002
    605  6.873874395824192E-002  2.357902661599783E+002
    606  6.836627972705518E-002  7.300879379342160E+000
    607  6.892885874901589E-002  4.026059169178768E+002
    608  6.834264167656165E-002  6.435038342549313E+001
    609  6.853606652514453E-002  2.226913560495168E+002
    610  6.839215242932080E-002  1.310899330135386E+002
    611  6.864969555532925E-002  2.954563422554178E+002
    612  6.815756814543686E-002  2.031049389878794E+000
    613  6.857578912226853E-002  3.633770760848412E+002
    614  6.805119515577024E-002  1.366324989981390E+001
    615  6.832204455386766E-002  2.261280059360749E+002
    616  6.816382858651626E-002  1.463521905265611E+002
    617  6.869909933182838E-002  5.370021388489583E+002
    618  6.864903330393515E-002  6.007989274033798E+002
    619  6.774846918091898E-002  2.947187201196450E+001
    620  6.762774545296116E-002  9.976668214072943E-001
    621  6.855095295362439E-002  6.881671157756126E+002
    622  6.773731649184105E-002  1.238650934254456E+002
    623  6.805340200694994E-002  3.551169680072911E+002
    624  6.765338794772509E-002  1.281383915524691E+002
    625  6.745622640121043E-002  3.274824115292329E+001
    626  6.774172373339039E-002  2.823240785556804E+002
    627  6.736419234983812E-002  2.996855799927034E+001
    628  6.720834896531584E-002  2.185907789801463E+000
    629  6.712794087988186E-002  1.737830045129368E+000
    630  6.740113641194330E-002  1.946731197423966E+002
    631  6.730704541871399E-002  1.393727505633185E+002
    632  6.738133325111276E-002  2.187661945931784E+002
    633  6.715507153628721E-002  6.444265721346177E+001
    634  6.707025129489703E-002  4.824029834462245E+001
    635  6.742828257867789E-002  3.399895721994806E+002
    636  6.713279695641865E-002  1.287762602983185E+002
    637  6.704878547539232E-002  1.096164288534396E+002
    638  6.688953300733060E-002  5.351624434484591E+000
    639  6.709722534148532E-002  1.636665974218787E+002
    640  6.687375358875629E-002  2.707132468597273E+001
    641  6.694152575829752E-002  8.914350190293095E+001
    642  6.681388787558362E-002  2.588378389620536E+001
    643  6.681846396804542E-002  4.833464066981285E+001
    644  6.673663775808325E-002  1.601254400063226E+001
    645  6.686172291395816E-002  1.073140046143348E+002
    646  6.678570694806256E-002  9.409975097718662E+001
    647  6.662302413179003E-002  3.523527471649872E-001
    648  6.663330061388310E-002  2.353172874653652E+001
    649  6.674217911484362E-002  1.292659917748839E+002
    650  6.684992320048420E-002  2.565258467205284E+002
    651  6.649555662052040E-002  2.802502791486340E+001
    652  6.633434862616093E-002  4.771336210503190E-001
    653  6.631964244013618E-002  5.631111508681560E+000
    654  6.654333254377461E-002  2.640125289472386E+002
    655  6.645022283487591E-002  2.350776778093355E+002
    656  6.618720276744519E-002  9.744497848547950E+001
    657  6.604304703529074E-002  3.299846736555188E+001
    658  6.652640556213442E-002  3.645078034286694E+002
    659  6.659057731550368E-002  4.595624011226922E+002
    660  6.580588225381734E-002  2.304431409055896E+001
    661  6.623932755866439E-002  3.298680122085681E+002
    662  6.572385630633600E-002  1.232544369324307E+001
    663  6.598593584478274E-002  3.322722010926823E+002
    664  6.545087397308245E-002  1.597939247105688E+001
    665  6.542492559420623E-002  3.879303256793440E+001
    666  6.685777735155218E-002  1.133937603397471E+003
    667  6.567589241983218E-002  4.737009053521789E+002
    668  6.502388574263636E-002  2.567632220308569E+001
    669  6.597506040743084E-002  7.214048642613999E+002
    670  6.492947750358007E-002  6.662638678555523E+001
    671  6.516034742751398E-002  3.747735107179278E+002
    672  6.480545334414536E-002  1.401839346156743E+002
    673  6.617655372188332E-002  1.167380133762056E+003
    674  6.465221485812322E-002  1.690060012501167E+002
    675  6.502538566244601E-002  4.247231274713251E+002
    676  6.464187518879089E-002  3.108836363283253E+002
    677  6.401844143826936E-002  2.460288007172791E+001
    678  6.429563133218424E-002  3.491258817681474E+002
    679  6.365437013366521E-002  3.563127633356380E+001
    680  6.396338520915952E-002  3.062941451985814E+002
    681  6.408518960569112E-002  4.200687914393961E+002
    682  6.347186298557789E-002  8.850848411611906E+001
    683  6.366647159885679E-002  2.281222803598478E+002
    684  6.340622861538794E-002  7.387943735249051E+001
    685  6.331468280146936E-002  2.720130661332425E+001
    686  6.428896607493624E-002  6.963438913609328E+002
    687  6.374757119671960E-002  3.443223850294400E+002
    688  6.321724748740339E-002  1.170006070126219E+001
    689  6.372975003320605E-002  3.977648563772775E+002
    690  6.390799893198200E-002  6.225443974317089E+002
    691  6.354172313194893E-002  3.955640658256920E+002
    692  6.297532622961859E-002  2.197507354492094E+000
    693  6.295217824079920E-002  1.132880927842644E+001
    694  6.417601435773501E-002  8.657492217910344E+002
    695  6.300585984445470E-002  7.401242231647474E+001
    696  6.280658264126258E-002  1.774229721920370E+001
    697  6.332050814204580E-002  3.655958188945963E+002
    698  6.436304610718567E-002  1.111213571797608E+003
    699  6.270981804019307E-002  2.682515820564896E+001
    700  6.318875310534706E-002  4.305103796897131E+002
    701  6.252121719771175E-002  1.126964513733062E+000
    702  6.291473446238892E-002  2.683266937215308E+002
    703  6.241893904496983E-002  1.295022406646829E+001
    704  6.228160798515553E-002  2.647517196957803E+000
    705  6.216214119178924E-002  1.226778721462829E+001
    706  6.273191545014914E-002  4.920878211263507E+002
    707  6.191798952235254E-002  3.031776385562077E+001
    708  6.255188833020148E-002  4.805196148421905E+002
    709  6.185965230019481E-002  4.810850578726730E+001
    710  6.369504936120989E-002  1.258865563028652E+003
    711  6.166927236000617E-002  1.333119377967393E+001
    712  6.214842930061667E-002  4.240039330835332E+002
    713  6.164870009354552E-002  1.077013231525260E+002
    714  6.151071258891061E-002  2.281860264552314E+001
    715  6.146389477239650E-002  1.974837144838675E+001
    716  6.263563060966301E-002  8.020053424312749E+002
    717  6.224983054997624E-002  6.421556940630577E+002
    718  6.124118990203430E-002  1.238390021060766E+000
    719  6.152599005750499E-002  2.013749049707403E+002
    720  6.105153927101955E-002  6.064486325090795E+000
    721  6.173893863612765E-002  5.166725796050649E+002
    722  6.099342264715926E-002  2.228886904416036E+001
    723  6.092074305317123E-002  1.188091721308498E+000
    724  6.123773503472790E-002  2.472441207333781E+002
    725  6.198744299290633E-002  7.892321600196614E+002
    726  6.075707292925143E-002  5.214291256670400E+000
    727  6.104953124625620E-002  2.640861208520800E+002
    728  6.066044267559054E-002  1.011160549924360E+001
    729  6.062901833866629E-002  6.298904857410839E+000
    730  6.097152777091105E-002  3.224416434514202E+002
    731  6.061675546596722E-002  7.763088041678623E+001
    732  6.053518711991985E-002  2.565171797942384E+001
    733  6.086841620140052E-002  3.035027786841959E+002
    734  6.043292128680654E-002  1.311782131186897E+000
    735  6.040599096162642E-002  4.832821250390096E+000
    736  6.035712342258274E-002  2.182912070660763E+000
    737  6.043170052070273E-002  5.668891835306488E+001
    738  6.062410659523058E-002  2.440263133151877E+002
    739  6.027858204247358E-002  1.196934015412511E+001
    740  6.026358829142096E-002  2.981995593603200E+000
    741  6.054141802982953E-002  2.127407306852658E+002
    742  6.043493214272063E-002  1.444944469909189E+002
    743  6.018540744646702E-002  3.465547796598296E-001
    744  6.015233544753488E-002  4.604623219601962E+001
    745  6.057798194527344E-002  3.460432667221721E+002
    746  6.055017844442838E-002  4.056358855535095E+002
    747  5.995421096842218E-002  6.761533056397170E+000
    748  6.020456255841758E-002  2.115300326419314E+002
    749  6.052766804202143E-002  4.393891373377883E+002
    750  5.982899862395450E-002  4.919611474894945E+000
    751  6.024627376531443E-002  3.451664529149991E+002
    752  5.968683514975352E-002  7.200149149141150E-001
    753  5.959863648087148E-002  3.878774173417676E+000
    754  5.959164798185389E-002  1.324838389319635E+001
    755  5.983599171662526E-002  1.909093217396585E+002
    756  5.955819024641162E-002  4.344599907923006E+001
    757  5.979798314475059E-002  2.598860447411991E+002
    758  5.937330111458295E-002  1.976136700195878E+001
    759  5.925498732388504E-002  1.494324204013682E+000
    760  5.960909964779988E-002  4.017248718904343E+002
    761  5.903558412994980E-002  1.517636284924571E+001
    762  6.124943049677923E-002  1.548162040413175E+003
    763  5.987786204098373E-002  9.003570553857635E+002
    764  5.851805429320527E-002  1.316662305430717E+001
    765  5.891857959880293E-002  3.699872727335962E+002
    766  5.834658512256980E-002  8.006864473877917E+000
    767  5.812850502422272E-002  1.732514158763826E+001
    768  5.947155589632018E-002  1.021036686365916E+003
    769  5.889358205521586E-002  7.401917030591476E+002
    770  5.785247711790251E-002  2.863371481996771E+001
    771  5.859929202286023E-002  6.271934755952108E+002
    772  5.813861119010785E-002  5.297483983198379E+002
    773  5.713559658869760E-002  1.283284122928020E+000
    774  5.790934780558196E-002  6.977862325227383E+002
    775  5.661457882709112E-002  1.433535486961988E+000
    776  5.645680040521604E-002  6.755422611882305E+000
    777  5.800973933870215E-002  1.069428790462601E+003
    778  5.746523523497309E-002  9.936684207209652E+002
    779  5.604622064340968E-002  5.565996263058927E+000
    780  5.659718730136053E-002  4.181538433625531E+002
    781  5.581260543011998E-002  2.970196856680191E+001
    782  5.572639146534222E-002  3.723225156656548E+001
    783  5.665069197444727E-002  6.510370242821845E+002
    784  5.609444042450938E-002  3.269259544619026E+002
    785  5.784310840656507E-002  1.515880616530936E+003
    786  5.554920041993658E-002  1.931790058524232E+001
    787  5.553887586184986E-002  5.271334377374881E+001
    788  5.539330500333756E-002  5.372812926005430E+000
    789  5.575657043770628E-002  2.849571442798394E+002
    790  5.536738891811825E-002  4.358474985820626E+001
    791  5.559939658888206E-002  2.204036988612880E+002
    792  5.526450707213880E-002  1.778329451044418E+001
    793  5.536510336246440E-002  1.279496386999529E+002
    794  5.516599583444297E-002  2.357352681062754E+001
    795  5.542884249956571E-002  2.270572773218716E+002
    796  5.511537440720599E-002  1.021881841809666E+002
    797  5.535589886794311E-002  3.487322378422023E+002
    798  5.485376080720566E-002  4.696165755550603E+000
    799  5.527493551911634E-002  3.469554207808918E+002
    800  5.484502994060214E-002  5.922459388222895E+001
    801  5.467570039075082E-002  1.328818981213867E+000
    802  5.499994401314121E-002  2.919489013456062E+002
    803  5.472163896310285E-002  1.837268739071175E+002
    804  5.444368479130334E-002  3.366062327488898E+001
    805  5.424300413725498E-002  8.703871881685725E+000
    806  5.416421746674825E-002  4.692138352685809E-001
    807  5.442557738907893E-002  2.036113257461681E+002
    808  5.471741109456150E-002  4.478160422410950E+002
    809  5.384977331150677E-002  2.099984872652642E+001
    810  5.441999235813705E-002  4.493777090201049E+002
    811  5.370182929813239E-002  3.760893570775931E+000
    812  5.378671056665248E-002  9.375001843658185E+001
    813  5.398562325325189E-002  3.046783434780632E+002
    814  5.349486650021532E-002  3.738678953291967E+000
    815  5.349319653309383E-002  3.059958180212937E+001
    816  5.416951941069800E-002  4.658116321513850E+002
    817  5.354197284766181E-002  1.468991767544145E+002
    818  5.326566163676325E-002  6.838462406459143E+000
    819  5.320130907779284E-002  3.171074702684620E+000
    820  5.333235261393982E-002  1.472908515611405E+002
    821  5.338056283210615E-002  1.817577456615090E+002
    822  5.366820579339205E-002  3.888548719740095E+002
    823  5.308117588159600E-002  4.727343986280508E-001
    824  5.318563177751583E-002  1.146745976141666E+002
    825  5.351469645360744E-002  3.796893440410772E+002
    826  5.361495432751245E-002  4.551584843654061E+002
    827  5.306606508873003E-002  1.347091523152877E+002
    828  5.285715272772291E-002  1.247180068789007E+001
    829  5.342105518770119E-002  4.028395622110904E+002
    830  5.281191763026592E-002  1.184732862686109E+001
    831  5.305167590416416E-002  2.150875822537951E+002
    832  5.319065342264837E-002  3.375314235265956E+002
    833  5.265391691820895E-002  6.426845877146355E-001
    834  5.263070420002479E-002  4.343652906007185E+000
    835  5.328475725684154E-002  4.612277384362057E+002
    836  5.398526247960427E-002  9.968648021401783E+002
    837  5.247660086503309E-002  1.038483514612727E+001
    838  5.318664111117569E-002  5.092212931817252E+002
    839  5.238179994956724E-002  7.526697171257052E+000
    840  5.220226417748727E-002  1.479542805759553E+000
    841  5.215073767513829E-002  1.897812315951743E+000
    842  5.290348659529116E-002  5.811028782321323E+002
    843  5.235881130153875E-002  2.359319811603600E+002
    844  5.233560564405157E-002  3.412344146008433E+002
    845  5.181669993873819E-002  2.936202919473901E+001
    846  5.167091693362455E-002  2.497071219781261E+001
    847  5.210700209309545E-002  3.169661346723406E+002
    848  5.180463911059442E-002  2.673990656551511E+002
    849  5.127954718176526E-002  2.326075081385385E+001
    850  5.096318411716248E-002  9.000650995246787E-001
    851  5.106361760822423E-002  1.099012121497533E+002
    852  5.089948832270177E-002  2.046063657847884E+001
    853  5.086388661487050E-002  5.453393948485236E+001
    854  5.092277243337890E-002  1.847113607311454E+002
    855  5.061092124576869E-002  9.925404750594474E+001
    856  5.045668321800371E-002  4.145195270809592E+000
    857  5.037762999365381E-002  2.570749720421330E+000
    858  5.051800266992380E-002  1.028600026484557E+002
    859  5.037146972030318E-002  1.165492483022505E+001
    860  5.039217241199088E-002  6.813915592991835E+001
    861  5.029167817795637E-002  2.752549049613863E+000
    862  5.022943114560428E-002  2.609395800568013E+001
    863  5.026835730638136E-002  9.667915179386392E+001
    864  5.008298025867372E-002  8.928170954134883E-001
    865  5.023965110211014E-002  1.164080122662280E+002
    866  4.991130810509684E-002  2.153391955550405E+002
    867  4.951874049324267E-002  3.411009270609656E+000
    868  4.989978205942331E-002  3.188877133719088E+002
    869  4.924719105217125E-002  2.139818227278293E+000
    870  4.995568541920281E-002  6.704610761889595E+002
    871  4.944546154662021E-002  4.391502535026518E+002
    872  4.878374773800794E-002  9.965527362030914E-001
    873  4.907372159103739E-002  2.500934819872516E+002
    874  4.859425224626184E-002  2.070440557952860E+000
    875  5.061717603730813E-002  1.365749724047171E+003
    876  4.848304017443063E-002  3.764578189402735E+000
    877  4.885596407078845E-002  3.008361742505323E+002
    878  4.833103694423442E-002  7.326758619449375E+000
    879  4.858269398780780E-002  1.934198436618159E+002
    880  4.826638959679673E-002  7.922338092421545E+001
    881  4.787855914570668E-002  1.669920774466011E-001
    882  4.780972962651345E-002  6.247587486213834E+000
    883  4.793900518749723E-002  1.137650475763355E+002
    884  4.783786351336794E-002  5.251244157691446E+001
    885  4.764371186752345E-002  6.374857683165578E-001
    886  4.786104534987746E-002  2.103990449712988E+002
    887  4.774646520898054E-002  1.813736002320312E+002
    888  4.745772477150788E-002  6.781560131426869E+000
    889  4.673371986886391E-002  1.902363099494916E+000
    890  4.715763687076747E-002  3.725559559257239E+002
    891  4.657693802426399E-002  7.086456863304688E-001
    892  4.708113382059329E-002  4.101355844567090E+002
    893  4.616807968861340E-002  2.239557687260847E+001
    894  4.639899734049135E-002  2.484199724802073E+002
    895  4.565979254882666E-002  1.706289911986428E+002
    896  4.549637933811406E-002  7.070967863540176E+001
    897  4.620077515865746E-002  6.492091302262305E+002
    898  4.579153998098203E-002  6.079018061478960E+002
    899  4.490715433462708E-002  1.449580332762845E+002
    900  4.441619476185125E-002  6.291102149775466E+000
    901  4.371303282381115E-002  1.397884994745214E+001
    902  4.407912019721508E-002  2.957125902378626E+002
    903  4.359057817845578E-002  1.636991295406260E+002
    904  4.322508549342746E-002  2.344235873190592E+000
    905  4.366551573013747E-002  4.884810967695080E+002
    906  4.283576419031435E-002  3.441790991281774E+000
    907  4.300902194928802E-002  1.951790307603510E+002
    908  4.256771328662910E-002  1.361480082747104E+001
    909  4.327885754487015E-002  5.228532076702752E+002
    910  4.242499890416781E-002  7.219242250568051E+001
    911  4.359110034374632E-002  9.063638336643481E+002
    912  4.214721028373076E-002  4.484139902637254E+000
    913  4.206230549586634E-002  2.106129106920661E+001
    914  4.199041187619324E-002  1.314764057722473E+000
    915  4.199164773611573E-002  2.477089092399434E+001
    916  4.215997534436747E-002  1.497153528824483E+002
    917  4.203871417349488E-002  1.268927175866573E+002
    918  4.215594151617482E-002  2.943082239508042E+002
    919  4.187862888358871E-002  1.822092035870722E+002
    920  4.151879782539823E-002  1.118879869288855E+001
    921  4.182747901876731E-002  2.670022564723562E+002
    922  4.138608940829825E-002  3.788120596391939E+001
    923  4.137578337853041E-002  3.605310115819769E+001
    924  4.182321358580880E-002  3.576713551152534E+002
    925  4.116106705670208E-002  7.416466620221660E+000
    926  4.360004987692063E-002  1.843246918140726E+003
    927  4.097406848685207E-002  4.275913287561634E+001
    928  4.209773263339317E-002  8.337405785029109E+002
    929  4.151412439071626E-002  5.101334534678073E+002
    930  4.124887417730736E-002  3.257937116564313E+002
    931  4.075974607565899E-002  1.598347258585598E+001
    932  4.083840245005727E-002  8.266370817051563E+001
    933  4.073083676693109E-002  1.185941176784750E+001
    934  4.119407986316592E-002  4.215672238399780E+002
    935  4.056511984564971E-002  9.573599422161058E+000
    936  4.040180817327033E-002  6.709349046550575E+000
    937  4.108328733978888E-002  4.654715496278630E+002
    938  4.081489189652718E-002  3.290529169812517E+002
    939  4.031885267341255E-002  1.044493087193865E+001
    940  4.056503162763814E-002  1.972988607737116E+002
    941  4.026185021601923E-002  4.216744704220351E+000
    942  4.034955937486442E-002  1.152194484192153E+002
    943  4.028252395455722E-002  8.816444665860172E+001
    944  4.054306819534837E-002  2.599948104193228E+002
    945  4.028341320107937E-002  1.505180385295687E+002
    946  4.005223346062870E-002  3.480359257631245E+000
    947  4.044051271067108E-002  3.271219830040810E+002
    948  4.018417346483773E-002  1.845825942437095E+002
    949  3.990447305199409E-002  2.121185761806923E+001
    950  4.015615516676665E-002  2.287131996398195E+002
    951  3.975221370526959E-002  9.959566724304510E+000
    952  4.019265471498168E-002  2.999797380064317E+002
    953  3.969204466918773E-002  1.962192916401864E+001
    954  4.051420293361568E-002  5.937107894089177E+002
    955  3.982581093549498E-002  1.295297520586748E+002
    956  3.964235913342220E-002  2.637859057991502E+000
    957  3.964295277436392E-002  1.414476895212596E+001
    958  3.979679481196332E-002  1.278011231180794E+002
    959  3.958747416457686E-002  5.994492178237382E+000
    960  3.994006073376030E-002  2.491038741890661E+002
    961  3.957325276860421E-002  9.297508730574920E+000
    962  3.976465339622305E-002  1.725799370450088E+002
    963  3.955065990407056E-002  4.017643477871268E+001
    964  3.992453637434110E-002  3.311557678157158E+002
    965  3.932520083234700E-002  6.171747283615772E-001
    966  4.208854604129129E-002  2.081941959045488E+003
    967  4.031721072018895E-002  7.639529827915622E+002
    968  3.966773889107398E-002  3.482171249306080E+002
    969  3.910433208986590E-002  2.086604325509128E+000
    970  3.973854513794781E-002  4.579220637820878E+002
    971  3.901574881791522E-002  3.721926461847290E+000
    972  3.927501586076219E-002  2.079613793577288E+002
    973  4.004613045908560E-002  7.807714527275176E+002
    974  3.888547157416266E-002  4.570956642981142E+000
    975  3.931136889981254E-002  3.040292569036450E+002
    976  3.951342963106441E-002  5.001442779701852E+002
    977  3.887849729296514E-002  7.142951848970843E+001
    978  3.875740687175367E-002  1.399744450291537E+001
    979  3.893512591548320E-002  1.622129971901630E+002
    980  3.868914286698692E-002  6.038064671311957E+000
    981  3.936474066716043E-002  5.047159550854948E+002
    982  3.861386130751035E-002  1.849125053141235E+001
    983  3.871596598546661E-002  1.269946792368561E+002
    984  3.877657066713993E-002  1.626319381557973E+002
    985  3.848160988760117E-002  1.321450530501933E+001
    986  3.867114621417671E-002  1.582544976484019E+002
    987  3.839860288989077E-002  9.081389958866470E+000
    988  3.847198390624437E-002  5.939185069738982E+001
    989  3.857790791314976E-002  2.480388811499927E+002
    990  3.820617313047558E-002  1.857590717666357E+001
    991  3.940301686532138E-002  8.947308797390160E+002
    992  3.946783757838711E-002  1.027779747410804E+003
    993  3.794607932962584E-002  4.517090007293159E+000
    994  3.795990882251108E-002  3.185249506810997E+001
    995  3.803428341228100E-002  1.233013428665958E+002
    996  3.783144419315855E-002  1.349273290772022E+000
    997  3.843028969503111E-002  4.338751362702257E+002
    998  3.948219978634791E-002  1.111705645225996E+003
    999  3.777434152127183E-002  3.382618512212863E+000
   1000  3.848839946716628E-002  5.048048642940842E+002
   1001  3.899956236891820E-002  8.752463093250468E+002
   1002  3.773193625714270E-002  1.658451917503990E+001
   1003  3.763515426388234E-002  7.170098497765647E+000
   1004  3.766901604583588E-002  3.445373061339974E+001
   1005  3.875875541637405E-002  7.708849863631809E+002
   1006  3.823013678162990E-002  4.616043434229234E+002
   1007  3.750862880664999E-002  4.510414842210714E-001
   1008  3.794182865468056E-002  3.119059009491406E+002
   1009  3.808304337142152E-002  4.276455837248198E+002
   1010  3.741742762233436E-002  1.874634036634470E+001
   1011  3.828981790442536E-002  7.311564019140360E+002
   1012  3.733590396673064E-002  1.038829768134815E+001
   1013  3.801223286474927E-002  5.032223100575790E+002
   1014  3.741010353394496E-002  1.117422384757536E+002
   1015  3.724063482565997E-002  9.951299451221186E-001
   1016  3.856127508501685E-002  9.622073084608596E+002
   1017  3.723821904074486E-002  2.190558794787892E+001
   1018  3.816970144353805E-002  6.795146668342422E+002
   1019  3.712665958261007E-002  1.110629503572401E+000
   1020  3.833841083554628E-002  8.511050621486753E+002
   1021  3.726300568993522E-002  1.533622998719996E+002
   1022  3.803431408969895E-002  7.599797382505467E+002
   1023  3.693440346628399E-002  6.990404023686696E+000
   1024  3.765725687548740E-002  5.788517101500832E+002
   1025  3.684598295770946E-002  7.663695335222336E+000
   1026  3.821335143587998E-002  9.066708137108216E+002
   1027  3.746406198602513E-002  4.481711933373499E+002
   1028  3.673643092421561E-002  3.959515853219191E+001
   1029  3.784774140911290E-002  7.997515069826546E+002
   1030  3.655992436536518E-002  7.251231903288190E-001
   1031  3.775139359723285E-002  8.273445013014874E+002
   1032  3.784266476977299E-002  8.965775228643497E+002
   1033  3.749960212358775E-002  6.836321043366837E+002
   1034  3.733416230781432E-002  5.755258042014746E+002
   1035  3.645411151512017E-002  1.791569729551277E+001
   1036  3.903474446855437E-002  1.733100864131769E+003
   1037  3.632430788844995E-002  3.391840615348770E+000
   1038  4.300613519698695E-002  4.341699366557296E+003
   1039  4.659932611858522E-002  6.779855069519969E+003
   1040  3.617661610303918E-002  4.559664029832222E+001
   1041  4.856778042759494E-002  8.193791527415566E+003
   1042  3.839935031808411E-002  1.646291877555005E+003
   1043  3.596573143217717E-002  2.044192726223557E+001
   1044  4.195553463842393E-002  4.182411380466973E+003
   1045  6.231453192407610E-002  1.794717903830571E+004
   1046  3.580384562492379E-002  7.788068963782221E+001
   1047  4.339384260889337E-002  5.347855178218874E+003
   1048  5.305601514129221E-002  1.176799808032015E+004
   1049  3.540268072419590E-002  6.718633633600340E+000
   1050  4.456482003754716E-002  6.066655258755844E+003
   1051  3.502047413958933E-002  1.243150474995356E+001
   1052  4.315182134880279E-002  5.717278267526399E+003
   1053  4.139356194244857E-002  4.673025324336833E+003
   1054  3.484705981105496E-002  1.519546333563638E+001
   1055  3.737135540967611E-002  1.845566701999410E+003
   1056  3.479467235175897E-002  2.304813529896314E+001
   1057  3.794761127692587E-002  2.114434394035415E+003
   1058  5.155221951701979E-002  1.108248714401736E+004
   1059  3.453533366473818E-002  5.115539540390245E+000
   1060  5.467446414419910E-002  1.371901422484026E+004
   1061  3.796874176627335E-002  2.463957771599341E+003
   1062  3.772707379840470E-002  2.293983739730038E+003
   1063  3.434538253991393E-002  7.912167179960124E+001
   1064  4.219472082441100E-002  5.493560891474767E+003
   1065  3.408517034800111E-002  4.575255266238069E+001
   1066  4.483070222227606E-002  7.433187540102233E+003
   1067  3.965517163343529E-002  4.061712568140909E+003
   1068  3.402589872358508E-002  7.497859725102217E+001
   1069  3.720302687844747E-002  2.469485255280844E+003
   1070  4.931646112507978E-002  1.057175263562626E+004
   1071  4.603315323472545E-002  9.653102619133242E+003
   1072  4.490715624171025E-002  7.946383630703731E+003
   1073  3.273919262045785E-002  4.442741161981689E+000
   1074  4.006354631769458E-002  5.055773560273944E+003
   1075  1.416397549365031E-002  3.645703798253217E+003
   1076  8.969554061444106E-003  5.205931734130036E+001
   1077  4.697206361062973E-005  3.293453574118735E+001
