# dt =   1.000000000000000E-007
# j, New nj, Rate of change (1/s)
      1  2.187621199068793E+000  2.131276986505408E+003
      2  2.145849998031610E+000  4.040006761741462E+003
      3  2.101888447183780E+000  1.360445754031104E+003
      4  2.064235756570830E+000  3.467153425165280E+003
      5  2.040978530553833E+000  1.172767063824220E+004
      6  2.000292767018898E+000  1.265251610906919E+003
      7  2.198984438469786E+000  1.095894629764828E+005
      8  2.086165383153799E+000  5.432163583226139E+004
      9  1.970487431004541E+000  2.164847442319884E+003
     10  1.953510370816675E+000  4.159745977260161E+003
     11  1.764878102721432E+000  5.375675230295764E+003
     12  1.733680352555793E+000  1.699245991447130E+003
     13  1.470087206695683E+000  2.976194024250872E+002
     14  1.472962600369542E+000  5.278887436554069E+003
     15  1.435118382540500E+000  2.733208315409090E+002
     16  1.466965393020253E+000  1.697067052367554E+004
     17  1.431993253066783E+000  5.611134177902226E+003
     18  1.429028996087163E+000  1.869487374419722E+004
     19  1.382566405818530E+000  1.781388232957003E+002
     20  1.385625215805478E+000  5.611772330927070E+003
     21  1.375699118616598E+000  1.611023847086542E+003
     22  1.375064907694898E+000  1.478446020826455E+003
     23  1.474420470913022E+000  5.819987579462909E+004
     24  1.444614196298438E+000  4.486237301836786E+004
     25  1.279728186077389E+000  1.789645894634376E+002
     26  1.278605761854548E+000  2.299933926747801E+003
     27  1.292361795372034E+000  1.337633019287808E+004
     28  1.255724706345075E+000  1.045068093513166E+003
     29  1.273916418390197E+000  9.585507211835931E+003
     30  1.230128987091439E+000  8.632770318125266E+002
     31  1.240877034248664E+000  1.048274696050553E+004
     32  1.207623279184076E+000  5.154354234008490E+003
     33  1.199583245937701E+000  2.172190531227835E+003
     34  1.193005009537613E+000  1.313175661731186E+003
     35  1.188792649001279E+000  2.746346622882862E+003
     36  1.188009378099830E+000  3.471571754811850E+003
     37  1.183374755161700E+000  2.344729610507729E+003
     38  1.258279903678942E+000  4.251622371479790E+004
     39  1.178917975566494E+000  1.993479094537663E+003
     40  1.171995198171951E+000  1.752531302823464E+003
     41  1.167067910900623E+000  1.054763879970183E+003
     42  1.163138314406233E+000  1.657098108537136E+003
     43  1.136399015757702E+000  1.858139138094458E+003
     44  1.133767196832302E+000  1.088595431782131E+003
     45  1.123066254520103E+000  1.301538157034343E+003
     46  1.122404987738947E+000  2.162125433661904E+003
     47  1.114883046645649E+000  1.678730042136879E+001
     48  1.113291776556564E+000  1.074471485818707E+003
     49  1.111254453220594E+000  3.571867360015610E+002
     50  1.109801780006915E+000  5.023613302196737E+002
     51  1.111415239768664E+000  2.008382034401555E+003
     52  1.105672478598380E+000  6.423972267159932E+002
     53  1.106451712484061E+000  1.162140136308653E+003
     54  1.104852543473359E+000  1.577682150946642E+003
     55  1.090917740556109E+000  2.747198465249511E+003
     56  1.078136073814075E+000  1.757320109503042E+001
     57  1.069552265862006E+000  2.314015657694984E+003
     58  1.092847535908130E+000  1.548785038161357E+004
     59  1.060991119563381E+000  1.071939135990017E+002
     60  1.078298069122958E+000  9.859622206377860E+003
     61  1.053166670620677E+000  4.768272682459035E+002
     62  1.050561589398735E+000  1.097226433447985E+003
     63  1.048228578981497E+000  7.286956151556959E+002
     64  1.090297398041580E+000  2.404825116693163E+004
     65  1.090919198665738E+000  2.411180991605514E+004
     66  1.043402290066272E+000  3.760625375697488E+003
     67  1.044228098878603E+000  7.144418786287474E+003
     68  1.030910253705816E+000  7.682763463872247E+002
     69  1.031185138372933E+000  1.288667454979015E+003
     70  1.036030834646321E+000  7.910631993867689E+003
     71  1.030372080405502E+000  6.739152324562979E+003
     72  1.014362835695002E+000  3.616506998987982E+002
     73  1.011707645220516E+000  1.096536820830156E+003
     74  1.012876786173839E+000  2.569338318955753E+003
     75  1.003933152282356E+000  7.053257351902854E+002
     76  1.002440266218191E+000  3.563585408035684E+002
     77  1.001793560541362E+000  5.207052277084756E+002
     78  1.000854260504249E+000  8.597615126104174E+002
     79  1.000246926236189E+000  1.414749365598457E+003
     80  9.978170519755212E-001  2.393330617537869E+003
     81  9.934182097951493E-001  5.738792429028881E+002
     82  9.899179210282766E-001  5.532226897513718E+002
     83  9.890357413878905E-001  2.612737545005314E+002
     84  9.879617841740376E-001  5.646380393687781E+002
     85  9.938491750506819E-001  6.098845695911182E+003
     86  9.886621835800885E-001  3.406034988874142E+003
     87  9.745507426298978E-001  3.239309396797620E+001
     88  9.735750271891993E-001  2.961750575019565E+002
     89  9.720884194156397E-001  2.353244303246227E+003
     90  9.764269875507527E-001  4.716442966447572E+003
     91  9.751231572936029E-001  5.299131157020918E+003
     92  9.696201661077503E-001  3.414833897310188E+003
     93  9.612356363578792E-001  2.056094007825498E+002
     94  9.624033321858431E-001  9.577417559857453E+002
     95  9.665332759254862E-001  4.090334079725452E+003
     96  9.602432745323622E-001  1.202038987928836E+003
     97  9.616094770345031E-001  2.340600006058620E+003
     98  9.587611906302244E-001  9.315109881934117E+002
     99  9.556450512172148E-001  1.797749286342148E+002
    100  9.620758635840234E-001  3.622971899358100E+003
    101  9.574935273012977E-001  1.886566923048833E+003
    102  9.464993767026110E-001  1.466205377623678E+003
    103  9.467320202856707E-001  4.763744041759285E+003
    104  9.332729035304786E-001  7.534479434699359E+002
    105  9.296415980490941E-001  9.743434717919818E+002
    106  9.310620063985042E-001  1.904875728797984E+003
    107  9.250204323976047E-001  3.831098408753060E+002
    108  9.275268436600974E-001  2.397281078261985E+003
    109  9.228939650139449E-001  1.252116270103415E+003
    110  9.230174859663873E-001  1.675971464196982E+003
    111  9.210032377559414E-001  1.023026091086955E+003
    112  9.199204363694001E-001  8.206268279141221E+002
    113  9.187173469876241E-001  4.793428599076870E+002
    114  9.604509563203242E-001  2.441563263416121E+004
    115  9.147873361072557E-001  1.468800358797339E+003
    116  9.129725280756621E-001  1.142974566470656E+003
    117  9.151185300031058E-001  3.506837755066439E+003
    118  9.041974821675587E-001  5.842244547515556E+002
    119  9.057500446416032E-001  1.548734366203618E+003
    120  9.026018772399080E-001  1.232233288885725E+003
    121  9.012967655822319E-001  1.200426690976404E+003
    122  8.968088360426614E-001  1.640870584790171E+002
    123  8.958165505704986E-001  2.944252832958740E+002
    124  8.921100780639515E-001  8.624191929086416E+000
    125  8.928890305717277E-001  8.482306694252228E+002
    126  8.912808537048597E-001  6.341112658985094E+002
    127  8.902641813767193E-001  1.796954600657735E+002
    128  8.882284702125710E-001  5.793030342580838E+002
    129  8.859814905483613E-001  8.497250260421775E+001
    130  8.863718922707050E-001  5.568047215886670E+002
    131  8.865099458142450E-001  2.378421730265946E+003
    132  8.830479830900421E-001  8.370505165471300E+002
    133  8.840946563569629E-001  2.001277155191288E+003
    134  8.804063804757550E-001  1.911061253382319E+003
    135  8.776992900952717E-001  7.979830315644248E+002
    136  8.761415743785528E-001  9.723830660630283E+002
    137  8.777268766313391E-001  2.179900698684882E+003
    138  8.755045214900503E-001  1.428279584776168E+003
    139  8.727566820353078E-001  5.154613520582549E+002
    140  8.718711397887237E-001  2.960035443729609E+002
    141  8.716065048758734E-001  7.433251900503254E+002
    142  8.802450946042861E-001  6.747693191507594E+003
    143  8.677993993796690E-001  2.346881180471148E+003
    144  8.660896667138234E-001  1.615488348664536E+003
    145  8.583647921792076E-001  3.255684266104137E+002
    146  8.564917281951236E-001  1.458635043297390E+001
    147  8.542889998934510E-001  3.544623692810295E+002
    148  8.518594638049503E-001  1.049347474307889E+003
    149  8.495629412639102E-001  1.763880518000253E+003
    150  8.356574714817609E-001  9.385490323965868E+002
    151  8.369649713572578E-001  1.762616913822185E+003
    152  8.337498573525327E-001  2.302802356287482E+003
    153  8.281738580019385E-001  1.824194166553937E+003
    154  8.341220778439059E-001  5.569928722690602E+003
    155  8.236760459977412E-001  1.387517632602145E+003
    156  8.218415400531446E-001  1.459223699504488E+003
    157  8.214415874079322E-001  1.535938881942917E+003
    158  8.215355850619614E-001  2.239100088911012E+003
    159  8.169350230621757E-001  9.017994370544652E+001
    160  8.220360787419062E-001  2.860339994887632E+003
    161  8.225773446194867E-001  3.362552095995292E+003
    162  8.164092120974172E-001  2.165480041417447E+002
    163  8.216181497749834E-001  3.855029333189318E+003
    164  8.215076856051517E-001  5.387785866560402E+003
    165  8.035197819333894E-001  3.290143191120615E+003
    166  7.971792755820006E-001  8.465555209621929E+002
    167  7.931503535904071E-001  5.564521480018817E+002
    168  7.882968170630991E-001  1.142057866552501E+003
    169  7.885468472084427E-001  1.594886198556454E+003
    170  7.803899328446390E-001  2.632964206471704E+002
    171  7.765471496673129E-001  2.397120432809018E+002
    172  7.759597134900058E-001  4.905260530247654E+002
    173  7.714427967475016E-001  4.711275681781032E+002
    174  7.694338527182890E-001  1.138739749799619E+003
    175  7.653785760370628E-001  4.643045037304672E+001
    176  7.658576475476677E-001  4.703723327916423E+002
    177  7.656717327190464E-001  7.176120292305178E+002
    178  7.621648276264570E-001  6.177455416649045E+000
    179  7.592605970942988E-001  1.223359444096360E+002
    180  7.613612734852844E-001  2.232402504513878E+003
    181  7.563638715472277E-001  1.152278852471140E+002
    182  7.607326578206065E-001  2.893496977874417E+003
    183  7.587252193197923E-001  2.783406521881218E+003
    184  7.535887377235877E-001  1.963754232064600E+003
    185  7.558493610473624E-001  3.147439341918569E+003
    186  7.493123920376328E-001  7.887180542609459E+002
    187  7.471934923442249E-001  4.030291643875842E+002
    188  7.484628086963331E-001  1.596543031767690E+003
    189  7.440142710201630E-001  4.751599814306760E+002
    190  7.439254255753318E-001  9.528945919792524E+002
    191  7.369802138380838E-001  9.523426321428225E+002
    192  7.370307345214862E-001  9.492153611058981E+002
    193  7.329022076657471E-001  1.179040909148597E+003
    194  7.307252204104979E-001  2.451639403352815E+002
    195  7.305109912742538E-001  2.040311110057234E+003
    196  7.285879224548657E-001  1.478160062923615E+003
    197  7.281432870977090E-001  2.035270178542087E+003
    198  7.257819979729194E-001  1.191517601218725E+003
    199  7.363224280929814E-001  7.071338504410430E+003
    200  7.224627395127701E-001  1.040365653490555E+002
    201  7.228335943902295E-001  3.992397109771684E+002
    202  7.253856845993749E-001  1.875035113096689E+003
    203  7.217530181704134E-001  1.425975669610392E+002
    204  7.217403603135109E-001  2.997458831658790E+002
    205  7.267834586005383E-001  3.223771359108996E+003
    206  7.225251289122646E-001  1.125436582848638E+003
    207  7.277694711178778E-001  3.864485197276557E+003
    208  7.218938681840723E-001  9.741744484658157E+002
    209  7.228275807441610E-001  1.354004543399093E+003
    210  7.211507826725200E-001  8.128315276275307E+002
    211  7.205115101642934E-001  5.852823772702869E+002
    212  7.231529333652233E-001  2.477621513312235E+003
    213  7.183433058508605E-001  2.325341300286273E+002
    214  7.186433613965114E-001  7.502838549170905E+002
    215  7.185487996626329E-001  8.761662710963473E+002
    216  7.166756781223791E-001  1.750726845012726E+002
    217  7.189425476526402E-001  1.231437889888371E+003
    218  7.182712298092182E-001  1.351724893236077E+003
    219  7.168884758958254E-001  8.296051229408336E+002
    220  7.137549415998958E-001  1.208676728849515E+002
    221  7.164624848828326E-001  2.059656314744454E+003
    222  7.147590170959145E-001  1.298309807770454E+003
    223  7.118051252895078E-001  8.218188464012997E+002
    224  7.089052437321423E-001  6.684040010006437E+001
    225  7.082845293067233E-001  6.623589986358213E+001
    226  7.088901578841976E-001  7.941279228479016E+002
    227  7.073724228109531E-001  6.583676691760498E+001
    228  7.060319779713701E-001  2.350511369629147E+001
    229  7.152087057886390E-001  6.831965580062471E+003
    230  6.970712237953545E-001  1.916934063155913E+003
    231  6.889417441984254E-001  1.156169438205441E+003
    232  6.920702794044863E-001  2.770025209351962E+003
    233  6.863393310681444E-001  8.599127079398392E+002
    234  6.837831706298376E-001  3.443305785531227E+002
    235  6.797695510410147E-001  2.924387357206795E+001
    236  6.822642526810895E-001  2.021043956395049E+003
    237  6.790784387157029E-001  8.927648746471559E+002
    238  6.779426910841324E-001  3.395268693148356E+002
    239  6.788321056577070E-001  1.285032080569573E+003
    240  6.764435159673525E-001  6.655276824815320E+002
    241  6.769314945595701E-001  1.485043664738283E+003
    242  6.741262634061549E-001  4.007472043630889E+002
    243  6.720959778722493E-001  1.027183274413791E+002
    244  6.725844216345258E-001  5.531364039135455E+002
    245  6.729535498091754E-001  1.078163783578215E+003
    246  6.657764206356481E-001  1.504308239341567E+003
    247  6.630260781180941E-001  2.686605643247049E+002
    248  6.702008764033929E-001  4.072139976567711E+003
    249  6.598516837382344E-001  2.851271314143245E+003
    250  6.541357750790698E-001  2.015733613932722E+002
    251  6.505140610568559E-001  1.820830386434863E+003
    252  6.439319621185422E-001  4.563873035245965E+001
    253  6.480361079881365E-001  3.075227180282703E+003
    254  6.415694086384638E-001  9.028710009374537E+002
    255  6.482630712293633E-001  5.733612142616785E+003
    256  6.372761403150174E-001  3.255729772764172E+002
    257  6.351573533779284E-001  2.806429018537647E+002
    258  6.373151787725955E-001  2.463174093535362E+003
    259  6.322117520964314E-001  7.885650062598443E+002
    260  6.273322042388149E-001  2.712978571208798E+002
    261  6.264004312251723E-001  5.553817109955554E+002
    262  6.258081387055846E-001  6.434285169149684E+002
    263  6.239841342448708E-001  6.945010994299571E+000
    264  6.256417435960785E-001  1.370414371574235E+003
    265  6.226328116344467E-001  4.622979558592323E+001
    266  6.232798953185374E-001  5.006954401453452E+002
    267  6.223797303342443E-001  1.094307597656999E+002
    268  6.218714813162785E-001  7.981758278050758E+001
    269  6.218754858013381E-001  2.069699629473834E+002
    270  6.223454724601447E-001  5.150568184542416E+002
    271  6.209915905147357E-001  1.175294492020141E+002
    272  6.218315195310915E-001  7.043168995097784E+002
    273  6.222969656283496E-001  1.050510328165688E+003
    274  6.226295193072570E-001  1.216435459891073E+003
    275  6.225997521620745E-001  1.324252589130371E+003
    276  6.197455057898372E-001  1.103518994500876E+002
    277  6.196777800890171E-001  1.121749958185262E+002
    278  6.198218436808439E-001  2.964158671624837E+002
    279  6.219047301338156E-001  1.318351708509801E+003
    280  6.194570639914126E-001  3.208849612288689E+002
    281  6.208150410552560E-001  1.208489614940920E+003
    282  6.224941315329667E-001  2.554487722181247E+003
    283  6.193051290908760E-001  8.424010544702055E+002
    284  6.146042160332928E-001  5.987360859052856E+001
    285  6.163275093191728E-001  8.979059528555243E+002
    286  6.114799231420883E-001  2.007199238533936E+001
    287  6.117285424251858E-001  1.639200917586428E+002
    288  6.109382400145429E-001  2.040177208838011E+003
    289  6.083861116191625E-001  1.696653812412442E+003
    290  6.184717633788090E-001  6.471464297694987E+003
    291  6.254375454557357E-001  9.421385591927819E+003
    292  6.100813006237299E-001  3.245700548743582E+003
    293  6.130371383272406E-001  5.043201973896074E+003
    294  6.129554165182901E-001  5.793806998328237E+003
    295  6.085959157499403E-001  3.413838165633340E+003
    296  6.091458922435178E-001  3.667644599658514E+003
    297  6.141380732567544E-001  6.500538188883492E+003
    298  6.616246458867876E-001  3.367003299292127E+004
    299  6.148826089982421E-001  9.182400842234159E+003
    300  6.441630104356969E-001  2.158067102841001E+004
    301  6.264659299509091E-001  1.671225309834501E+004
    302  6.091453449850426E-001  6.349448218069403E+003
    303  6.062690861027884E-001  8.653520683443365E+003
    304  5.892299936368558E-001  7.131212844137281E+002
    305  5.847470080023434E-001  4.060971607144367E+002
    306  5.908682234787010E-001  4.042998503712387E+003
    307  5.835389783326541E-001  4.262673896635055E+002
    308  6.068742207242577E-001  1.275721157209867E+004
    309  5.836962017234080E-001  1.120054077502442E+003
    310  5.859954587821888E-001  3.049051901521144E+003
    311  5.812697734000332E-001  9.241620976192371E+002
    312  5.825062090160025E-001  1.873966166443520E+003
    313  5.792369042944255E-001  2.188555674218463E+002
    314  5.790358041772412E-001  5.167193054354366E+002
    315  5.778152776092074E-001  1.082926262336779E+002
    316  5.785431669293548E-001  5.622085105663768E+002
    317  5.772534915847757E-001  5.244043849505134E+002
    318  5.785958253318546E-001  1.118502115632360E+003
    319  5.772674936574221E-001  8.985381699203584E+002
    320  5.782739408188173E-001  1.820186807733173E+003
    321  5.757013175452975E-001  5.799947067901718E+002
    322  5.740527911728899E-001  1.552463334961395E+002
    323  5.742740764857960E-001  2.893272225377013E+002
    324  5.745997412769817E-001  7.784793012985596E+002
    325  5.723702901496608E-001  1.255282341886552E+003
    326  5.747261092111298E-001  2.289338195437481E+003
    327  5.724706747784202E-001  1.470167285604266E+003
    328  5.693569968128286E-001  7.452282436661564E+001
    329  5.702637885725772E-001  1.680205110470715E+003
    330  5.808784219178865E-001  8.235628003344271E+003
    331  5.616566779067484E-001  2.049693751474530E+003
    332  5.601372920266993E-001  1.400452678393746E+003
    333  5.559122387573713E-001  9.860353729751055E+002
    334  5.538543875836953E-001  4.897885007229020E+002
    335  5.572966163389301E-001  2.808827186174832E+003
    336  5.438087620372167E-001  9.328480707355301E+002
    337  5.382823361517507E-001  1.300316248186175E+002
    338  5.361295818250186E-001  1.015030181133735E+003
    339  5.232083676750067E-001  2.891787676499391E+002
    340  5.224068459580243E-001  2.534670953653595E+002
    341  5.235990553710813E-001  1.166527569180360E+003
    342  5.188223717702792E-001  5.526952463182170E+001
    343  5.193810095578262E-001  7.561181852418136E+002
    344  5.243438419096281E-001  3.508675287166199E+003
    345  5.130124973204969E-001  5.385243167229897E+001
    346  5.186735390346798E-001  3.180551391984378E+003
    347  5.220260974696593E-001  5.136527021373790E+003
    348  5.125713106556194E-001  2.868161479928838E+003
    349  5.074687804072727E-001  3.057892925426692E+002
    350  5.054352756112137E-001  4.428070273798560E+001
    351  5.050239342770967E-001  1.896143767601480E+002
    352  4.967515779159291E-001  1.306381105070135E+003
    353  4.928763999495690E-001  1.768349308115366E+002
    354  4.918952518007311E-001  8.744720138792491E+001
    355  4.916429520146693E-001  5.820873344725358E+002
    356  4.889482642582580E-001  2.387510038436766E+003
    357  4.839894450524719E-001  1.255377242079983E+003
    358  5.109262574158906E-001  1.536779739873620E+004
    359  4.781417011927377E-001  7.301823386954879E+002
    360  4.667240809362085E-001  3.657312258714579E+002
    361  4.652614228926693E-001  3.171935143059034E+002
    362  4.628293252230580E-001  4.049424470893560E+001
    363  4.621716198080812E-001  8.089324766219747E+000
    364  4.618589119632275E-001  2.851511824123886E+002
    365  4.599429077145458E-001  3.233934484511702E+002
    366  4.592611973643725E-001  8.165878783860444E+001
    367  4.599921970393355E-001  9.292899878643557E+002
    368  4.574431735669998E-001  7.416940277067631E+001
    369  4.568761178556992E-001  1.767387066953283E+002
    370  4.558252475180910E-001  1.276243856271569E+002
    371  4.547171912902513E-001  4.196796656269660E+001
    372  4.555727794288964E-001  6.450680580519321E+002
    373  4.537255569040639E-001  2.216648120794880E+001
    374  4.560812529414957E-001  1.469023438649810E+003
    375  4.532750619126779E-001  1.698225300848995E+002
    376  4.550413020294682E-001  1.118279052226981E+003
    377  4.531661080167782E-001  3.852431609477075E+002
    378  4.551240933998617E-001  3.540443011140176E+003
    379  4.571210853632831E-001  5.174610715120779E+003
    380  4.497259477489808E-001  1.810247214577915E+003
    381  4.526233933641006E-001  3.907224527668610E+003
    382  4.408246261398124E-001  8.410991443417729E+002
    383  4.449791075948386E-001  3.350364116519625E+003
    384  5.476370838314341E-001  6.062944321824063E+004
    385  4.317748910949283E-001  3.004395126867159E+003
    386  4.357396707470182E-001  7.408444322506864E+003
    387  4.270288876900883E-001  8.255596419081050E+003
    388  4.005568027251585E-001  5.486984847346456E+000
    389  4.011565848245379E-001  9.185188455147836E+002
    390  4.599628147812261E-001  2.972532606740813E+004
    391  4.121953599028595E-001  6.433246996232640E+003
    392  4.437639196276060E-001  2.335928297969259E+004
    393  3.852999372111351E-001  6.226308280236091E+003
    394  3.548901211974251E-001  8.895784924506775E+002
    395  3.584890305215127E-001  3.015483377375042E+003
    396  3.571569700018595E-001  3.151959974921972E+003
    397  3.524350424567174E-001  7.024809494563812E+002
    398  3.514747570674112E-001  5.634599583121441E+002
    399  3.518166581614048E-001  7.025839035284263E+002
    400  3.522589176705827E-001  1.185180158917670E+003
    401  3.513288853063989E-001  1.264371984722316E+003
    402  3.657760669083919E-001  9.556600759038503E+003
    403  3.524074086975491E-001  3.042237927142817E+003
    404  3.495409779786676E-001  1.634503893004251E+003
    405  3.568901380157667E-001  5.776692679985071E+003
    406  3.446234393943665E-001  4.193199090857410E+000
    407  3.515433502292318E-001  3.897833014882721E+003
    408  3.421582934408004E-001  3.454727382079464E+001
    409  3.440495294956795E-001  1.487174744588073E+003
    410  3.411287745701526E-001  1.947542546055138E+002
    411  3.426312922508024E-001  1.581829495038053E+003
    412  3.385552005032990E-001  1.357923473166783E+001
    413  3.413046997151690E-001  1.698148865459133E+003
    414  3.378055938816171E-001  1.606502494718490E+002
    415  3.430081986470097E-001  2.802994505749626E+003
    416  3.374510011378749E-001  2.053161812844717E+002
    417  3.382734648138093E-001  1.951391337090573E+003
    418  4.806607656417426E-001  6.642299973838899E+004
    419  3.489995436328273E-001  8.111726342551854E+003
    420  3.316263660364576E-001  2.632879662039550E+002
    421  3.341710767509086E-001  1.756550796645945E+003
    422  3.499060217684510E-001  8.831151091320544E+003
    423  3.357425563986071E-001  3.692165037237029E+003
    424  3.267701831918962E-001  5.030327334721940E+001
    425  3.477318397273355E-001  1.052451905863812E+004
    426  3.288845840557592E-001  1.935466907943353E+003
    427  3.404044059827399E-001  7.491680240660206E+003
    428  3.229003338462754E-001  4.971826396587691E+001
    429  3.226724527966392E-001  1.007451538977446E+002
    430  3.381277220193857E-001  7.986270558523910E+003
    431  3.274083175876980E-001  2.549460923805716E+003
    432  3.223050533879037E-001  3.489421501378746E+002
    433  3.242386355443572E-001  1.314008967853159E+003
    434  3.311412121043232E-001  4.863902631995405E+003
    435  3.208622893965316E-001  1.180580172085253E+002
    436  3.493396221216891E-001  1.364206730467156E+004
    437  3.199740502582045E-001  1.042436713654791E+002
    438  3.301678154884959E-001  5.459699676551484E+003
    439  3.182961166369925E-001  1.113346393866613E+001
    440  3.211533900908135E-001  2.002929504675177E+003
    441  3.163971467775762E-001  1.611303021672694E+002
    442  3.166028273534057E-001  3.958333956519969E+002
    443  3.146980463000208E-001  1.498503851513908E+000
    444  3.131206659082769E-001  5.647357461088662E+002
    445  3.161523450652327E-001  2.643122241570869E+003
    446  3.142310372482949E-001  1.915915845279924E+003
    447  3.067995883447095E-001  5.273488773430714E+001
    448  3.102052046611360E-001  2.408039006744216E+003
    449  3.061106348503432E-001  8.265205114883911E+002
    450  3.108465141944798E-001  3.411174851895006E+003
    451  3.041729515267667E-001  5.049285555682734E+002
    452  3.275386718675349E-001  1.164768319777273E+004
    453  3.097210040470753E-001  3.392879916172735E+003
    454  3.162017661806970E-001  7.481840272013863E+003
    455  3.020509958782898E-001  9.633639820819762E+002
    456  3.108447150444802E-001  5.422422899195175E+003
    457  2.990935808783449E-001  8.877886605395271E+001
    458  3.055509616853764E-001  3.517441902172369E+003
    459  3.025120181271382E-001  3.052373927555941E+003
    460  2.992578327376113E-001  2.576031065514407E+003
    461  2.929632592186490E-001  5.277161509372908E+001
    462  2.983483021801001E-001  2.736379759944307E+003
    463  2.923489912055341E-001  1.491098139195062E+002
    464  3.000473478300183E-001  4.385308727881722E+003
    465  2.918776305722119E-001  1.442445944180328E+002
    466  3.000240467462407E-001  4.313132112021876E+003
    467  2.931579295862922E-001  1.067855095116339E+003
    468  2.974942526718950E-001  3.643600857178086E+003
    469  2.906366911787340E-001  9.945340178537991E+001
    470  2.906748366799291E-001  2.017980915166890E+002
    471  2.904801499541605E-001  1.489814409081401E+002
    472  2.928093235158034E-001  1.340706371884443E+003
    473  2.901613601771087E-001  2.131930081040272E+002
    474  2.988572883672833E-001  4.586231248455798E+003
    475  3.013354524691856E-001  5.892710094810668E+003
    476  2.891127847313972E-001  1.478769376406126E+002
    477  2.925140284860766E-001  1.791875035307313E+003
    478  2.914698827890353E-001  1.454262380088838E+003
    479  2.902811364168300E-001  1.363694974218143E+003
    480  2.895728403510511E-001  9.360609085831720E+002
    481  2.878568825680250E-001  2.447071488514432E+002
    482  2.912746814739890E-001  2.028746317763939E+003
    483  2.889922557355979E-001  9.489447517151376E+002
    484  2.872081355178789E-001  1.502084333689687E+002
    485  3.009698875071823E-001  7.401931600858053E+003
    486  2.881812654180905E-001  8.417619138610843E+002
    487  2.895982403875003E-001  1.630147153310412E+003
    488  2.861854951671353E-001  9.114140784139961E+001
    489  2.867424794527551E-001  4.459038746167369E+002
    490  2.855400025715927E-001  2.223234201366592E+001
    491  2.924702400333247E-001  3.480162194826558E+003
    492  2.914160151238850E-001  3.602181374704300E+003
    493  2.830347468657588E-001  1.013832650140962E+003
    494  2.830602758774022E-001  1.095559981418743E+003
    495  2.813606522471245E-001  7.667503332852679E+002
    496  2.792827958193101E-001  3.117187087208726E+001
    497  2.858244149940585E-001  3.711601888533670E+003
    498  2.817312956857972E-001  2.622256703371690E+003
    499  2.763012250735273E-001  2.908290531696121E+000
    500  2.776720653000331E-001  9.437152803242307E+002
    501  2.749246596842517E-001  1.714370472418326E+000
    502  2.749739982074492E-001  3.768367136372546E+002
    503  2.747977297673548E-001  1.686780940231253E+003
    504  2.767070197549208E-001  3.086647677146575E+003
    505  2.772613015345697E-001  4.106502302005742E+003
    506  2.690955027163561E-001  3.681271056921219E+001
    507  2.752517288889875E-001  3.446493932180848E+003
    508  2.683463446366486E-001  4.483729242658956E+001
    509  2.680364947595503E-001  3.571457218959974E+001
    510  2.731222565562442E-001  2.813595128298383E+003
    511  2.679305048847693E-001  1.445803284780237E+002
    512  2.687817925913589E-001  6.631636606808437E+002
    513  2.676047556137173E-001  1.194558387304867E+002
    514  2.687354491852665E-001  7.076551387877811E+002
    515  2.678210353303331E-001  2.986566562146270E+002
    516  2.690997002881554E-001  1.068427873901278E+003
    517  2.686821443100492E-001  9.018323604071314E+002
    518  2.702751076536663E-001  1.717269057222866E+003
    519  2.703381276588744E-001  1.789542677389079E+003
    520  2.668972403776597E-001  1.789136398935178E+001
    521  2.673852006237158E-001  4.108011054088457E+002
    522  2.609427189817821E-001  1.008815651668283E+002
    523  2.607280194479651E-001  2.288061620713065E+002
    524  2.619833018483365E-001  9.002537653536656E+002
    525  2.614625254618198E-001  8.620537740052315E+002
    526  2.598087362021752E-001  2.087285747241500E+002
    527  2.594384082208717E-001  2.420246888594104E+002
    528  2.595891833403882E-001  3.679057501766075E+002
    529  2.591186460625973E-001  1.856240332347131E+002
    530  2.603843837257842E-001  2.630212393694710E+003
    531  2.627449584632593E-001  4.407729450765334E+003
    532  2.534467039894459E-001  8.251725327524487E+002
    533  2.524928632384652E-001  2.017166028668370E+003
    534  2.484091940568058E-001  4.534905121115874E+002
    535  1.986566300104506E-001  4.910626049688879E+003
    536  1.987860630081836E-001  5.748282873987093E+003
    537  2.024538715358095E-001  1.022533044963064E+004
    538  1.252892056798241E-001  3.035262598546418E+003
    539  1.848255589894765E-001  4.835572901545381E+004
    540  8.172459411784651E-002  5.700533491668645E+002
    541  8.208979565020880E-002  9.350028408157317E+002
    542  8.099717004979669E-002  4.239409666095935E+002
    543  8.254487287116778E-002  1.629400331440481E+003
    544  1.217574631579603E-001  2.358688625722677E+004
    545  7.782155276798024E-002  6.646068705682742E+002
    546  1.402852914091918E-001  3.355499917087668E+004
    547  9.163667395833720E-001  4.409973926258513E+005
    548  8.195791000101031E-002  2.643124109529139E+003
    549  1.101235287151985E-001  1.819882700689463E+004
    550  7.716645752883033E-002  9.060891745839931E+002
    551  1.160116130699070E-001  2.136859328632269E+004
    552  1.033622723421862E-001  1.329403182981050E+004
    553  8.068108317459102E-002  2.663585692797775E+003
    554  1.062682413396893E-001  1.676304985753427E+004
    555  7.551820097057872E-002  6.778349544564315E+002
    556  7.357367032036817E-002  3.068109096133489E+001
    557  7.528421652748853E-002  8.390705063066188E+002
    558  7.377715751241587E-002  2.611484976893153E+002
    559  7.398534791777883E-002  3.672374877676874E+002
    560  7.452647402523918E-002  9.815845572808743E+002
    561  7.326939108590191E-002  3.721739791500800E+002
    562  7.261000117237756E-002  5.302407603161911E+001
    563  9.620091641864077E-002  1.191791491995333E+004
    564  7.483260663307124E-002  1.327025918529261E+003
    565  7.322609483460177E-002  5.567860790398421E+002
    566  1.202404895141432E-001  2.445075550592626E+004
    567  7.224726499124606E-002  1.766362812954739E+002
    568  7.469180073063869E-002  1.708475616760979E+003
    569  7.158057429647642E-002  1.224394948978115E+002
    570  7.553682435132390E-002  2.125104927047884E+003
    571  7.166151752420698E-002  3.409226522342988E+002
    572  7.600870577098899E-002  2.620522525136088E+003
    573  7.185193248816812E-002  5.164318482044584E+002
    574  7.098967538021583E-002  1.232626009974538E+002
    575  7.308826783201225E-002  1.235160173557546E+003
    576  7.305043190447062E-002  1.212445163196501E+003
    577  7.111821027947378E-002  3.093119242751115E+002
    578  7.228818884397532E-002  9.629814175320921E+002
    579  7.067286943191615E-002  1.315022213945809E+002
    580  7.439800689615712E-002  2.055985755934259E+003
    581  7.036361132638703E-002  4.328844145895546E+000
    582  7.606983467339733E-002  2.881122897164520E+003
    583  7.046672474572074E-002  1.753506328828016E+002
    584  7.040842900510362E-002  2.539759351947273E+002
    585  7.221750882997363E-002  1.161899644937570E+003
    586  6.978930391448308E-002  2.827828909768974E+001
    587  7.038045239235202E-002  3.187666365693290E+002
    588  7.639096257540169E-002  3.605647027552870E+003
    589  6.985515641527965E-002  1.455885094700965E+002
    590  6.961770922193911E-002  3.437001204477420E+001
    591  6.953747177582034E-002  5.187630240067477E+001
    592  7.712674875752418E-002  3.932372845848107E+003
    593  7.499507740449406E-002  2.787328531314077E+003
    594  6.962152261261763E-002  2.232993719445015E+002
    595  6.933199995121764E-002  1.170836548980456E+002
    596  6.924185749423555E-002  1.256951629941740E+002
    597  6.988847477334477E-002  4.182935128443057E+002
    598  6.885659832935025E-002  9.425455501632848E-001
    599  6.972908321563238E-002  4.724585746746223E+002
    600  6.910567372817475E-002  2.207735740191145E+002
    601  6.874268019591372E-002  5.253090000348078E+001
    602  7.098919949871349E-002  1.291574252915437E+003
    603  6.861766908643753E-002  1.268109197281522E+001
    604  6.915677083588836E-002  3.187213923858581E+002
    605  6.894770920791141E-002  2.836509432301166E+002
    606  6.837270332157233E-002  8.667492855151599E+000
    607  6.928097650905368E-002  4.735045179270275E+002
    608  6.839982102016266E-002  7.777339312404111E+001
    609  6.872756702953169E-002  2.538805716393933E+002
    610  6.850858546562807E-002  1.583283540366212E+002
    611  6.889375096112654E-002  3.132566555613243E+002
    612  6.815933946505830E-002  2.372531674807882E+000
    613  6.889022444681775E-002  4.172722483751447E+002
    614  6.806335322140937E-002  1.653501404060625E+001
    615  6.851951240311087E-002  2.642659388527748E+002
    616  6.829323782068093E-002  1.753460364329220E+002
    617  6.916841342649384E-002  6.304651845219115E+002
    618  6.915443175276242E-002  6.586412561685771E+002
    619  6.777450156165256E-002  3.524519953274969E+001
    620  6.762862429479433E-002  1.184385660799064E+000
    621  6.915984352296348E-002  8.232482555958422E+002
    622  6.784726451014754E-002  1.494483119977063E+002
    623  6.834845788150931E-002  3.804545182554995E+002
    624  6.776693867143196E-002  1.541324525973492E+002
    625  6.748520019385240E-002  3.927810518115037E+001
    626  6.799074408526584E-002  3.357013160980476E+002
    627  6.739060977197817E-002  3.568963180211900E+001
    628  6.721025054002168E-002  2.545387536606922E+000
    629  6.712941683343990E-002  1.936779976921496E+000
    630  6.757117059699164E-002  2.286298359152205E+002
    631  6.742362665708447E-002  1.512312928172820E+002
    632  6.756981916627597E-002  2.493530419492603E+002
    633  6.721216488149026E-002  7.747782339140393E+001
    634  6.711303990907387E-002  5.811558555600752E+001
    635  6.772456665770316E-002  3.960150118143227E+002
    636  6.724544286993807E-002  1.515339341574044E+002
    637  6.714383566304970E-002  1.264763247739124E+002
    638  6.689425273890215E-002  6.381428938581768E+000
    639  6.723630975024558E-002  1.828119773323895E+002
    640  6.689773531594827E-002  3.253017233202046E+001
    641  6.702035446160060E-002  1.067968144764504E+002
    642  6.683680570847643E-002  3.108647867389016E+001
    643  6.685849729085927E-002  5.147263682356072E+001
    644  6.675079091868623E-002  1.917178948020463E+001
    645  6.695256783353273E-002  1.188807556422220E+002
    646  6.686726804518871E-002  1.085415415168907E+002
    647  6.662333756940420E-002  4.257809693519805E-001
    648  6.665408410601824E-002  2.813074261520931E+001
    649  6.685663010607190E-002  1.554965489530203E+002
    650  6.706590399637606E-002  2.814285396020659E+002
    651  6.652054638712378E-002  3.409183616052048E+001
    652  6.633475762590860E-002  5.409250197710769E-001
    653  6.632464082855512E-002  6.788861312224058E+000
    654  6.677053068883400E-002  3.014551117688893E+002
    655  6.664781287538146E-002  2.572152465675758E+002
    656  6.627342813799741E-002  1.168926380079057E+002
    657  6.607234545765465E-002  3.982350573969489E+001
    658  6.683589447140245E-002  4.065066009420509E+002
    659  6.697998246758051E-002  5.103743970538678E+002
    660  6.582629435657257E-002  2.769050454784987E+001
    661  6.651957365990689E-002  3.677445088434158E+002
    662  6.573476177450020E-002  1.478173451538223E+001
    663  6.627565936675471E-002  3.884024323116378E+002
    664  6.546500521099860E-002  1.914371689936663E+001
    665  6.545928809429331E-002  4.661984910812726E+001
    666  6.783694018860111E-002  1.299778498487097E+003
    667  6.609036036518265E-002  5.557373228445883E+002
    668  6.504671774969661E-002  3.106804910226856E+001
    669  6.657503230049136E-002  7.748767977684689E+002
    670  6.498884338415942E-002  8.088392834231961E+001
    671  6.548640837568330E-002  4.366076474249065E+002
    672  6.492924401193829E-002  1.675859897676876E+002
    673  6.718873152022743E-002  1.348906823416483E+003
    674  6.480198979425079E-002  2.033269585322322E+002
    675  6.537172331136790E-002  4.401454251100149E+002
    676  6.490596896308685E-002  3.470257425910519E+002
    677  6.404026979267156E-002  2.966137848509762E+001
    678  6.459318282016321E-002  3.922060803875003E+002
    679  6.368599229209213E-002  4.296320018325457E+001
    680  6.422599890510666E-002  3.471166681215570E+002
    681  6.443966267550624E-002  4.631873282504259E+002
    682  6.355026843797421E-002  1.064002187882871E+002
    683  6.386186953611184E-002  2.576871651033027E+002
    684  6.347184457866559E-002  8.921121081474438E+001
    685  6.333880276479741E-002  3.274800757268550E+001
    686  6.487724881203924E-002  7.684915831887728E+002
    687  6.403623920101495E-002  3.750365014738259E+002
    688  6.322754399134357E-002  1.390288852266737E+001
    689  6.406499298780019E-002  4.366039686412860E+002
    690  6.446184837134834E-002  7.524998151972555E+002
    691  6.388730564704352E-002  4.633822026163995E+002
    692  6.297714864550959E-002  2.348425211868955E+000
    693  6.296244985568193E-002  1.417500763447549E+001
    694  6.493232057225030E-002  1.015429551076037E+003
    695  6.307129784978203E-002  8.866624282407487E+001
    696  6.282227519213403E-002  2.126657722347492E+001
    697  6.362788550049045E-002  4.005151730046670E+002
    698  6.530891418772344E-002  1.245597589259154E+003
    699  6.273359696919226E-002  3.226053368606039E+001
    700  6.357534956815777E-002  5.290715569211615E+002
    701  6.252220402671500E-002  1.327056200260256E+000
    702  6.313375977281666E-002  2.784663404421527E+002
    703  6.243035248800392E-002  1.542240653713822E+001
    704  6.228394928003466E-002  3.183102657419556E+000
    705  6.217292903581949E-002  1.455641704693171E+001
    706  6.315610403119251E-002  5.636215914882400E+002
    707  6.194489190682939E-002  3.655376109396034E+001
    708  6.296341389940820E-002  5.439469076498762E+002
    709  6.190209060082642E-002  5.740329341881367E+001
    710  6.474090505585936E-002  1.349968892196453E+003
    711  6.168098721004671E-002  1.579323225688389E+001
    712  6.251509736100859E-002  4.873196886411786E+002
    713  6.174416201772730E-002  1.295743088931653E+002
    714  6.153091551943653E-002  2.739813526118899E+001
    715  6.148139181167576E-002  2.377033352541227E+001
    716  6.329727444061334E-002  8.484999146539244E+002
    717  6.279847688850715E-002  7.236551127158746E+002
    718  6.124228303513864E-002  1.476571064928854E+000
    719  6.169826565619674E-002  2.275842515034802E+002
    720  6.105697305703086E-002  7.439620769738095E+000
    721  6.217574482627619E-002  5.706005272158339E+002
    722  6.101307213300185E-002  2.658392632942015E+001
    723  6.092177380590499E-002  1.375106136067451E+000
    724  6.145177230967237E-002  2.852547019080407E+002
    725  6.267794699004813E-002  9.282565186185935E+002
    726  6.076166155572461E-002  6.192551217374512E+000
    727  6.127222330323441E-002  2.904004532803130E+002
    728  6.066940179611895E-002  1.216254456620239E+001
    729  6.063461352876590E-002  7.605377856524194E+000
    730  6.125878369074061E-002  3.914504544892997E+002
    731  6.068193911229536E-002  8.462634883596398E+001
    732  6.055804983375074E-002  3.118476203986903E+001
    733  6.112922879019423E-002  3.447762080089014E+002
    734  6.043409906601558E-002  1.613661926369800E+000
    735  6.041028783526283E-002  5.832164938960570E+000
    736  6.035902357858316E-002  2.544240888575318E+000
    737  6.048133189043676E-002  6.670379544193058E+001
    738  6.083076736265582E-002  2.703376605521578E+002
    739  6.028910905201992E-002  1.419548100713867E+001
    740  6.026616671540130E-002  3.423249924209590E+000
    741  6.072889284821385E-002  2.530280851192052E+002
    742  6.055583243317820E-002  1.569838523468562E+002
    743  6.018570237352395E-002  3.875064344142649E-001
    744  6.019304523485508E-002  5.515727618149305E+001
    745  6.086685415145444E-002  3.741330272088974E+002
    746  6.089889807687177E-002  4.626875499555011E+002
    747  5.996019945327814E-002  8.130893240860880E+000
    748  6.039221150264749E-002  2.550210308532752E+002
    749  6.088524158226741E-002  4.534303846152063E+002
    750  5.983335497597395E-002  5.908939770487926E+000
    751  6.055000566826139E-002  4.094441122745547E+002
    752  5.968745629383549E-002  8.244831713568163E-001
    753  5.960216078430775E-002  4.870707060422432E+000
    754  5.960282449772090E-002  1.458723249862807E+001
    755  6.000600211605030E-002  2.312545019385359E+002
    756  5.959470521656531E-002  4.743683767793669E+001
    757  6.002386606775231E-002  3.019629626542990E+002
    758  5.939075100087952E-002  2.362181304939368E+001
    759  5.925631537991156E-002  1.802767748796073E+000
    760  5.997604094337991E-002  5.083305802077435E+002
    761  5.904912539489010E-002  1.848380879463621E+001
    762  6.256044521813001E-002  1.718262068170172E+003
    763  6.066721840434450E-002  1.060895409885314E+003
    764  5.852972490344888E-002  1.584218524425066E+001
    765  5.923358731474122E-002  4.136469663423532E+002
    766  5.835363975673178E-002  9.528554495012298E+000
    767  5.814383000886273E-002  2.077429560809123E+001
    768  6.035196636382621E-002  1.169540031111805E+003
    769  5.953910769287904E-002  8.651673197428139E+002
    770  5.787801812593098E-002  3.485484229334080E+001
    771  5.913199803057440E-002  6.991261911155884E+002
    772  5.860293199248300E-002  6.252927008496451E+002
    773  5.713673596334996E-002  1.547934181011643E+000
    774  5.853256200996833E-002  8.505115326249114E+002
    775  5.661584573395974E-002  1.713592738386086E+000
    776  5.646268938045151E-002  7.899717279460892E+000
    777  5.891136327608507E-002  1.174489493581101E+003
    778  5.832939865439796E-002  1.152956750577390E+003
    779  5.605113876391039E-002  6.660086437921180E+000
    780  5.696274575643963E-002  4.908631034847147E+002
    781  5.583903897687520E-002  3.598539413444829E+001
    782  5.575940995950165E-002  4.485004107659594E+001
    783  5.719008551661778E-002  6.940215423811081E+002
    784  5.636896946820251E-002  3.567868502630513E+002
    785  5.911373657077298E-002  1.652533890760872E+003
    786  5.556639987637296E-002  2.342942864056470E+001
    787  5.558549544590625E-002  6.318685404325984E+001
    788  5.539807633217450E-002  6.485436929761399E+000
    789  5.599691107009498E-002  3.133933358659339E+002
    790  5.540618655414500E-002  5.282716406585962E+001
    791  5.578289745741713E-002  2.369251289379420E+002
    792  5.528025843571894E-002  2.136534452492034E+001
    793  5.547558084181589E-002  1.462475861382379E+002
    794  5.518681223056770E-002  2.817218752629703E+001
    795  5.562430488323060E-002  2.578870394401526E+002
    796  5.520474146544291E-002  1.201428803395778E+002
    797  5.565385153138685E-002  3.926474606875216E+002
    798  5.485785962112900E-002  5.482269939960518E+000
    799  5.557820687871410E-002  4.065912379541122E+002
    800  5.489756857793161E-002  7.134463750572387E+001
    801  5.467684991374895E-002  1.529172152540278E+000
    802  5.525215820896387E-002  3.356783132166678E+002
    803  5.487676702570810E-002  2.027713670652359E+002
    804  5.447347376701124E-002  4.039329478045317E+001
    805  5.425074218543683E-002  1.052794389959528E+001
    806  5.416461346172338E-002  5.180135417389599E-001
    807  5.460501191823479E-002  2.416791760500514E+002
    808  5.510433418548667E-002  5.128510174953479E+002
    809  5.386842179122574E-002  2.535142495273039E+001
    810  5.480585685532031E-002  5.089164330410833E+002
    811  5.370517147287820E-002  4.544847075998415E+000
    812  5.386492555962390E-002  1.014194308103838E+002
    813  5.424576798627569E-002  3.426462225939678E+002
    814  5.349817801787429E-002  4.495748799549268E+000
    815  5.352039241166482E-002  3.699317874750895E+001
    816  5.455137441268352E-002  4.870654301989647E+002
    817  5.366475459065594E-002  1.589855348728690E+002
    818  5.327170364245272E-002  8.179839600685630E+000
    819  5.320410089140493E-002  3.767500431107187E+000
    820  5.346034360174388E-002  1.714055444124386E+002
    821  5.353576963018462E-002  2.048949519167384E+002
    822  5.399637328350899E-002  4.287440395005829E+002
    823  5.308158557336393E-002  5.451194216000911E-001
    824  5.328549550706945E-002  1.337222869725100E+002
    825  5.384187072614956E-002  4.327160933603147E+002
    826  5.399311254439169E-002  4.875728393315008E+002
    827  5.318066087758792E-002  1.502539472776346E+002
    828  5.286810475928155E-002  1.476245039922229E+001
    829  5.375144523696606E-002  4.218191144229496E+002
    830  5.282204802944052E-002  1.336301883426907E+001
    831  5.323564832450870E-002  2.428562176004140E+002
    832  5.347792111239941E-002  3.774790657835113E+002
    833  5.265449006015753E-002  7.812480429370569E-001
    834  5.263456421193207E-002  5.246176656829980E+000
    835  5.367669992730062E-002  5.141524737213269E+002
    836  5.481129643710053E-002  1.063144790173608E+003
    837  5.248526684824172E-002  1.120968849830562E+001
    838  5.361199435882865E-002  5.501734356774183E+002
    839  5.238854251589091E-002  9.220623136424555E+000
    840  5.220354983640018E-002  1.715167981392593E+000
    841  5.215242994151324E-002  2.309762253918701E+000
    842  5.341267127080685E-002  6.818093432898642E+002
    843  5.255929401415708E-002  2.634646759147935E+002
    844  5.262790398917154E-002  3.855394503333860E+002
    845  5.184278195691974E-002  3.545087004013644E+001
    846  5.169297488002075E-002  2.986955916676820E+001
    847  5.236941728262016E-002  3.369306994858486E+002
    848  5.202384358389977E-002  2.796684390802961E+002
    849  5.130018264560138E-002  2.803301005912183E+001
    850  5.096398356648649E-002  1.087303027627894E+000
    851  5.115528452788962E-002  1.184535964095413E+002
    852  5.091762838157612E-002  2.461250966121624E+001
    853  5.091002036105029E-002  6.029209707994551E+001
    854  5.107976990268916E-002  2.063596668576305E+002
    855  5.069360220699193E-002  1.068378782610315E+002
    856  5.046036888904474E-002  5.009095607089610E+000
    857  5.037990965975272E-002  3.090060999084358E+000
    858  5.060431269553218E-002  1.120027650746932E+002
    859  5.038180683540479E-002  1.402569268664729E+001
    860  5.044917878320058E-002  7.397077185211644E+001
    861  5.029408704907276E-002  3.235835633728441E+000
    862  5.025255191700284E-002  3.138287065779224E+001
    863  5.035161520682368E-002  1.100449583287318E+002
    864  5.008377200204659E-002  1.072308352034068E+000
    865  5.033951882160065E-002  1.319532824089759E+002
    866  5.009857570353116E-002  2.501375494949366E+002
    867  4.952173372473882E-002  4.027230422424981E+000
    868  5.017405243060987E-002  3.632936601733767E+002
    869  4.924906222756124E-002  2.512992504899142E+000
    870  5.052119661790558E-002  7.376472325612150E+002
    871  4.982664616758919E-002  5.072469281744335E+002
    872  4.878463030044769E-002  1.193480733454421E+000
    873  4.929215777528100E-002  2.916577455505119E+002
    874  4.859600708446239E-002  2.298918285897526E+000
    875  5.177491074640465E-002  1.517972349064704E+003
    876  4.848635608719081E-002  4.473292868975015E+000
    877  4.912008544602979E-002  3.545331112409242E+002
    878  4.833755592198748E-002  8.866193019675338E+000
    879  4.874981507738591E-002  2.213892301637505E+002
    880  4.833827437416332E-002  9.919122462749681E+001
    881  4.787870402821375E-002  1.930385180674345E-001
    882  4.781528218671662E-002  7.545723411998918E+000
    883  4.803557687153773E-002  1.264102247137450E+002
    884  4.788240511587425E-002  5.819473726020151E+001
    885  4.764427442931443E-002  7.594135694826262E-001
    886  4.804132775354509E-002  2.375194868517642E+002
    887  4.789366044184312E-002  1.862654443264897E+002
    888  4.746368356311109E-002  8.032117198365732E+000
    889  4.673539989528355E-002  2.269174239949616E+000
    890  4.746434089407161E-002  3.925193715643218E+002
    891  4.657754772643195E-002  8.075720527800850E-001
    892  4.742736273002551E-002  4.515747920229080E+002
    893  4.618802547344225E-002  2.717597389875979E+001
    894  4.660489974713937E-002  2.651707388354690E+002
    895  4.580182450467924E-002  1.832419855793582E+002
    896  4.555899233875924E-002  8.486405652788112E+001
    897  4.675785157324713E-002  7.372312022472802E+002
    898  4.630251479587592E-002  6.655973974415832E+002
    899  4.503591218089236E-002  1.750656056492144E+002
    900  4.442179219008337E-002  7.618338524565775E+000
    901  4.372548624047678E-002  1.698034430399820E+001
    902  4.432598549948497E-002  3.193691795673635E+002
    903  4.373096421943692E-002  1.855451047356959E+002
    904  4.322717330345791E-002  2.842441122537878E+000
    905  4.407680207436710E-002  5.365640047271759E+002
    906  4.283878661701535E-002  4.070949016932496E+000
    907  4.317811037718054E-002  2.255930067191568E+002
    908  4.257970319937394E-002  1.618358697041402E+001
    909  4.372664878842677E-002  5.923734668783367E+002
    910  4.248893131524767E-002  8.675893478649623E+001
    911  4.435695725873094E-002  9.999972686846760E+002
    912  4.215120900399625E-002  5.450924295127209E+000
    913  4.207979808301624E-002  2.250644292377902E+001
    914  4.199158021645085E-002  1.590053406676803E+000
    915  4.201359974786600E-002  2.979961176032375E+001
    916  4.228360917622047E-002  1.585836660522117E+002
    917  4.214731439203439E-002  1.437194564893254E+002
    918  4.240406409689847E-002  3.240215793300960E+002
    919  4.203785277075978E-002  2.137138005819499E+002
    920  4.152865497068901E-002  1.332725387939063E+001
    921  4.205785258544831E-002  3.069943061215899E+002
    922  4.141960784707683E-002  4.543369707657506E+001
    923  4.140780021905742E-002  4.351657543671012E+001
    924  4.212647711247391E-002  3.976850639507577E+002
    925  4.116766460099566E-002  8.978067209183926E+000
    926  4.524785583399089E-002  2.249716710665019E+003
    927  4.101199513379328E-002  5.150879275530701E+001
    928  4.279915312637864E-002  9.142695279530120E+002
    929  4.195971592166951E-002  5.980633524583144E+002
    930  4.152035269709131E-002  3.504807654889942E+002
    931  4.077390442064505E-002  1.921894760538791E+001
    932  4.090988867260526E-002  9.478104020918602E+001
    933  4.074133057114254E-002  1.421986631915825E+001
    934  4.155919358919662E-002  4.850589623328676E+002
    935  4.057356949277483E-002  1.143837052866535E+001
    936  4.040769272425518E-002  7.914338757300489E+000
    937  4.147538955687123E-002  5.109398280302049E+002
    938  4.110773463357473E-002  3.977291283152283E+002
    939  4.032806798012225E-002  1.246770920628820E+001
    940  4.073199060520073E-002  2.181592705134991E+002
    941  4.026559868043104E-002  5.094557332821853E+000
    942  4.044917637262255E-002  1.322844487729987E+002
    943  4.035522930298097E-002  9.312985305652178E+001
    944  4.075721589105080E-002  2.738017260717454E+002
    945  4.041572140929416E-002  1.778566972251247E+002
    946  4.005534254078365E-002  4.246355265850697E+000
    947  4.071959189018062E-002  3.675648920406221E+002
    948  4.033870314120887E-002  2.004212670755009E+002
    949  3.992324876181290E-002  2.545570499035556E+001
    950  4.034918288755840E-002  2.516060366739111E+002
    951  3.976110799663900E-002  1.213906209535433E+001
    952  4.043796530881024E-002  3.115102800862277E+002
    953  3.970920583233085E-002  2.307440771772598E+001
    954  4.102418405443072E-002  6.738841349801510E+002
    955  3.993695086730854E-002  1.464395553445505E+002
    956  3.964467016056229E-002  3.097254266857620E+000
    957  3.965551107357464E-002  1.707820159901990E+001
    958  3.990614566025595E-002  1.440328728123248E+002
    959  3.959277141797586E-002  7.162542809408779E+000
    960  4.014874552240649E-002  2.701156766375627E+002
    961  3.958145332278171E-002  1.109572540089007E+001
    962  3.991567806304647E-002  2.025752028043840E+002
    963  3.958612800787847E-002  4.799606689663978E+001
    964  4.021102788273158E-002  3.803791291715052E+002
    965  3.932572938458070E-002  6.986701477753116E-001
    966  4.390935614399954E-002  2.434327530849076E+003
    967  4.095323002476757E-002  8.222939285661565E+002
    968  3.995478795813011E-002  3.674240249711049E+002
    969  3.910618550919401E-002  2.518368185875660E+000
    970  4.013474616504167E-002  5.274068746518795E+002
    971  3.901904364676963E-002  4.457244947132842E+000
    972  3.945303371272155E-002  2.350194490401187E+002
    973  4.071140898937154E-002  8.766156569765016E+002
    974  3.888939254565419E-002  5.196529804848218E+000
    975  3.957055719892461E-002  3.406036404197451E+002
    976  3.994205933893845E-002  5.659071248443674E+002
    977  3.893755037214954E-002  7.572297089916221E+001
    978  3.876974903251071E-002  1.666640930350831E+001
    979  3.907569045315540E-002  1.868798839201395E+002
    980  3.869447409713415E-002  7.208751327146001E+000
    981  3.979871153597030E-002  5.735857647918200E+002
    982  3.863021941977882E-002  2.215795411770869E+001
    983  3.882972813194413E-002  1.555823714928318E+002
    984  3.891244510563682E-002  1.758586868828425E+002
    985  3.849336832891560E-002  1.599411152584895E+001
    986  3.880281122887515E-002  1.700948092192724E+002
    987  3.840656738107983E-002  1.073205357387118E+001
    988  3.852271686987527E-002  6.693581168182173E+001
    989  3.878944107421332E-002  2.778146899758954E+002
    990  3.822264704977192E-002  2.237745669515737E+001
    991  4.015497429398905E-002  9.775185875583303E+002
    992  4.036505287483610E-002  1.204829730289536E+003
    993  3.795004351467657E-002  5.328744534482857E+000
    994  3.798804134052765E-002  3.809482831214588E+001
    995  3.813746401485819E-002  1.339102676907384E+002
    996  3.783255760511774E-002  1.428875129816396E+000
    997  3.880299823639295E-002  4.923882938482980E+002
    998  4.040488792134165E-002  1.190747365372104E+003
    999  3.777730372903590E-002  3.988981491099069E+000
   1000  3.892137672316801E-002  5.711345516842770E+002
   1001  3.975013739425777E-002  9.937935218490534E+002
   1002  3.774646781838849E-002  1.956799465765054E+001
   1003  3.764147077573642E-002  8.543024995739778E+000
   1004  3.769991637415977E-002  4.232594163252705E+001
   1005  3.940888730576306E-002  8.488312662296858E+002
   1006  3.862598770205942E-002  5.235247627824044E+002
   1007  3.750899355755675E-002  4.597172665167102E-001
   1008  3.820940581852962E-002  3.525023887256834E+002
   1009  3.844078050159733E-002  4.632031063903560E+002
   1010  3.743404683161101E-002  2.254487630594191E+001
   1011  3.896476396021704E-002  9.396567811191279E+002
   1012  3.734510587512708E-002  1.249607854087015E+001
   1013  3.844874660325139E-002  5.824052084467170E+002
   1014  3.750699570524749E-002  1.291290487096090E+002
   1015  3.724151169606604E-002  1.182055743898717E+000
   1016  3.941065396403608E-002  1.146070123212531E+003
   1017  3.725752887496427E-002  2.612153025819560E+001
   1018  3.875020451008148E-002  7.662899126251999E+002
   1019  3.712762464394289E-002  1.289644220740259E+000
   1020  3.905722047752794E-002  9.381909314000045E+002
   1021  3.739207497736849E-002  1.681196151222643E+002
   1022  3.869856237484992E-002  8.906819707192975E+002
   1023  3.694056221191680E-002  8.321128850610579E+000
   1024  3.817987116070415E-002  7.181798997031300E+002
   1025  3.685285777570795E-002  9.414233507564802E+000
   1026  3.895945014757399E-002  9.545658755166842E+002
   1027  3.783628070539962E-002  4.805309267406754E+002
   1028  3.677138750647042E-002  4.731647169716342E+001
   1029  3.852596573563594E-002  8.893250201063735E+002
   1030  3.656055095924569E-002  8.350094113319546E-001
   1031  3.845181374193978E-002  9.145271173163906E+002
   1032  3.860120286658935E-002  9.940614637115581E+002
   1033  3.805880668429427E-002  7.120260195351576E+002
   1034  3.780251422299584E-002  5.940095211748916E+002
   1035  3.647014774430996E-002  2.191767519548756E+001
   1036  4.046867806271658E-002  1.844180494286776E+003
   1037  3.632730633396038E-002  4.064280949661726E+000
   1038  4.654601819974560E-002  4.497183871837055E+003
   1039  5.217772256845989E-002  7.137502885568596E+003
   1040  3.621733045139146E-002  5.555962475116862E+001
   1041  5.539205347798959E-002  8.825616626407800E+003
   1042  3.979768297092860E-002  1.836727001505897E+003
   1043  3.598377419589903E-002  2.441617398873638E+001
   1044  4.556525247743735E-002  4.803094789889479E+003
   1045  7.767921720248037E-002  2.034124316217860E+004
   1046  3.587286768893719E-002  9.360602716984680E+001
   1047  4.793754378350553E-002  5.966750522983933E+003
   1048  6.298081973949311E-002  1.296296628188614E+004
   1049  3.540851917822056E-002  7.808739707512820E+000
   1050  4.965442296858220E-002  6.636513381904463E+003
   1051  3.503127911712776E-002  1.444820715353439E+001
   1052  4.815391355491894E-002  6.729783860864787E+003
   1053  4.550080832355086E-002  5.529874897331973E+003
   1054  3.486028802450587E-002  1.771286452519990E+001
   1055  3.902324167619017E-002  2.258979169917408E+003
   1056  3.481364699139833E-002  2.430728801071278E+001
   1057  3.971812086525423E-002  2.299098281226877E+003
   1058  6.070429717706440E-002  1.173968377489160E+004
   1059  3.453983298879235E-002  6.055966840509207E+000
   1060  6.640495611207059E-002  1.549540158197698E+004
   1061  4.003802704924940E-002  2.693356231039374E+003
   1062  3.963414497397439E-002  2.461170077642706E+003
   1063  3.441511707769343E-002  9.429791642532608E+001
   1064  4.693327215852634E-002  6.301518866548765E+003
   1065  3.412517023286355E-002  5.373798850998247E+001
   1066  5.127188358294862E-002  8.605533713734307E+003
   1067  4.324191843528418E-002  4.852506215577002E+003
   1068  3.409052265320830E-002  8.588746280131598E+001
   1069  3.924683723793296E-002  2.624947235467156E+003
   1070  5.813577500555528E-002  1.142897893184169E+004
   1071  5.479268002511689E-002  1.209205047215801E+004
   1072  5.155280140389581E-002  8.624343054854768E+003
   1073  3.274294378130721E-002  4.903531869545105E+000
   1074  4.434974514987337E-002  5.621399324712721E+003
   1075  1.739255906371877E-002  4.380196137569919E+003
   1076  9.012652437960709E-003  5.542449280798878E+001
   1077  7.533363119965543E-005  3.751380122896735E+001
