# dt =   1.000000000000000E-007
# j, New nj, Rate of change (1/s)
      1  2.186598790017885E+000  1.924512494705474E+003
      2  2.143876131219788E+000  3.813230802043585E+003
      3  2.101239457787952E+000  1.211401730897460E+003
      4  2.062562415928929E+000  3.177032094139126E+003
      5  2.035393936800217E+000  1.039561933353185E+004
      6  1.999688697557876E+000  1.128804891394269E+003
      7  2.146785832263578E+000  9.720095140042504E+004
      8  2.060288860576107E+000  4.819243568950243E+004
      9  1.969424401794470E+000  2.072625747239093E+003
     10  1.951451355077058E+000  4.058183869928635E+003
     11  1.762316136909150E+000  4.774226364654154E+003
     12  1.732839753808119E+000  1.655918984919596E+003
     13  1.469944830340745E+000  2.669688865390878E+002
     14  1.470376953092706E+000  5.018817845537498E+003
     15  1.434987301371979E+000  2.466191282187237E+002
     16  1.458587280046563E+000  1.645333286417275E+004
     17  1.429341108706090E+000  4.878964105070385E+003
     18  1.420123117026607E+000  1.658754805637331E+004
     19  1.382481073425831E+000  1.603014109893265E+002
     20  1.382950524677228E+000  4.985657500906425E+003
     21  1.374929708892589E+000  1.440442775392073E+003
     22  1.374358521147129E+000  1.320348717068027E+003
     23  1.446686347578888E+000  5.168193594937333E+004
     24  1.423244720451528E+000  3.979731141166003E+004
     25  1.279642921518747E+000  1.587879393044315E+002
     26  1.277498524982631E+000  2.095853626522649E+003
     27  1.285852221602568E+000  1.251646671343078E+004
     28  1.255220282803307E+000  9.584634026464661E+002
     29  1.269216623123791E+000  9.142296042275584E+003
     30  1.229718019775074E+000  7.646778178244422E+002
     31  1.235882764849062E+000  9.303062082280192E+003
     32  1.205100475383988E+000  4.895096167045215E+003
     33  1.198546244508096E+000  1.937119337412357E+003
     34  1.192379411236754E+000  1.165215043866015E+003
     35  1.187458514805665E+000  2.558980603529416E+003
     36  1.186359449014807E+000  3.061869223011201E+003
     37  1.182239471059231E+000  2.166357608833063E+003
     38  1.238017183704449E+000  3.776771223987584E+004
     39  1.177938069339940E+000  1.912659257614381E+003
     40  1.171131826529719E+000  1.690415786753123E+003
     41  1.166550091893483E+000  1.009026292710406E+003
     42  1.162338841447600E+000  1.517522408715274E+003
     43  1.135513067443714E+000  1.652358513902833E+003
     44  1.133230086670641E+000  1.053433395041842E+003
     45  1.122430731004751E+000  1.227062313478747E+003
     46  1.121375802287475E+000  1.914746320389232E+003
     47  1.114875028806212E+000  1.496050135976955E+001
     48  1.112768873764141E+000  1.005014098270766E+003
     49  1.111081234017139E+000  3.310995562764446E+002
     50  1.109560751119104E+000  4.536886876733877E+002
     51  1.110435995673676E+000  1.886341901916711E+003
     52  1.105358893236250E+000  6.051570934386318E+002
     53  1.105900065227155E+000  1.021391783785869E+003
     54  1.104082544733099E+000  1.486046736003084E+003
     55  1.089595645680026E+000  2.500686813618313E+003
     56  1.078127704595497E+000  1.558169627631110E+001
     57  1.068433872829837E+000  2.130472333361586E+003
     58  1.085470012438407E+000  1.373936887308420E+004
     59  1.060939744269237E+000  9.641468846210751E+001
     60  1.073515938467608E+000  9.137576364131202E+003
     61  1.052940074464928E+000  4.205297038619767E+002
     62  1.050037932429755E+000  9.778616679285439E+002
     63  1.047877686136686E+000  6.648371605339836E+002
     64  1.078836549570706E+000  2.135833752557752E+004
     65  1.079189054752162E+000  2.254231192332496E+004
     66  1.041612905715797E+000  3.326693375256707E+003
     67  1.040814086934610E+000  6.387761976399262E+003
     68  1.030540445286332E+000  6.996503936932941E+002
     69  1.030551759163892E+000  1.236467614107551E+003
     70  1.032213079237290E+000  7.245175825991490E+003
     71  1.027084497795597E+000  6.340508904877238E+003
     72  1.014190044990790E+000  3.233819989461618E+002
     73  1.011166173817900E+000  1.063672077846479E+003
     74  1.011653246098792E+000  2.277364602425248E+003
     75  1.003597797150743E+000  6.224574604585050E+002
     76  1.002268728253376E+000  3.251868237486289E+002
     77  1.001541809297682E+000  4.797289973207462E+002
     78  1.000443057165780E+000  7.704835337659880E+002
     79  9.995491462044345E-001  1.367990778484506E+003
     80  9.966291988429012E-001  2.350883699654594E+003
     81  9.931379344918835E-001  5.418503210460360E+002
     82  9.896473213126602E-001  5.244286010597081E+002
     83  9.889090128553818E-001  2.426211714274671E+002
     84  9.876930885498959E-001  4.995944880660293E+002
     85  9.909462013003250E-001  5.401148753586064E+003
     86  9.869807142151907E-001  3.302965805423312E+003
     87  9.745346452371042E-001  3.190113476157364E+001
     88  9.734339218018627E-001  2.628109388096795E+002
     89  9.709675168271286E-001  2.086891073571863E+003
     90  9.740781358900908E-001  4.670825439226907E+003
     91  9.725230984012389E-001  5.054822625383996E+003
     92  9.679900856727663E-001  3.044451774852267E+003
     93  9.611328681558686E-001  2.053673667000376E+002
     94  9.619269086144503E-001  9.458754322781512E+002
     95  9.645824485937194E-001  3.640095639071817E+003
     96  9.596719213072202E-001  1.060187148115693E+003
     97  9.604866767159795E-001  2.113130964276070E+003
     98  9.583095103252720E-001  8.641660608230245E+002
     99  9.555595446049797E-001  1.587337666227950E+002
    100  9.603162999014695E-001  3.369008328471898E+003
    101  9.565958333173776E-001  1.668779332783638E+003
    102  9.457798233993118E-001  1.400754474904526E+003
    103  9.443756446353591E-001  4.640436122136611E+003
    104  9.329142076308875E-001  6.674066997520127E+002
    105  9.291651895235921E-001  9.222536964716336E+002
    106  9.301539273509817E-001  1.693016898734887E+003
    107  9.248369399371056E-001  3.445916892553416E+002
    108  9.263563451256767E-001  2.261533811012148E+003
    109  9.222990701817280E-001  1.103469278240333E+003
    110  9.222109200720812E-001  1.526055445296761E+003
    111  9.205111147403905E-001  9.286418289454360E+002
    112  9.195298513570402E-001  7.263126367353074E+002
    113  9.184849142081790E-001  4.442538763066139E+002
    114  9.488131812597260E-001  2.169530838358251E+004
    115  9.140622018162821E-001  1.424415879558908E+003
    116  9.124298197106339E-001  1.005645843590539E+003
    117  9.134551838403799E-001  3.075919464476604E+003
    118  9.039201696140847E-001  5.139257745215791E+002
    119  9.049969744214013E-001  1.446712857987135E+003
    120  9.019969979473359E-001  1.178435526043159E+003
    121  9.007254418030778E-001  1.062666263508033E+003
    122  8.967305087088361E-001  1.462067259725574E+002
    123  8.956759736869213E-001  2.627034298541380E+002
    124  8.921058587795582E-001  8.178662061419930E+000
    125  8.924794776255797E-001  7.785815470531102E+002
    126  8.909770308943205E-001  5.715389209048127E+002
    127  8.901762833435005E-001  1.702391775192605E+002
    128  8.879464383416829E-001  5.419996637040980E+002
    129  8.859407616232523E-001  7.663450757574256E+001
    130  8.861040637627912E-001  5.062432828005694E+002
    131  8.853777341506814E-001  2.106241091520108E+003
    132  8.826469307928877E-001  7.543687098162660E+002
    133  8.831413181680859E-001  1.775370438951011E+003
    134  8.794976834271186E-001  1.687568593477610E+003
    135  8.773088712378996E-001  7.560060262605380E+002
    136  8.756733557539620E-001  8.846505470303596E+002
    137  8.766985072299984E-001  1.886082015345735E+003
    138  8.748210951357110E-001  1.281201967796821E+003
    139  8.725058151625745E-001  4.818576065952170E+002
    140  8.717271923430376E-001  2.764764574645659E+002
    141  8.712465800478995E-001  6.869167994448217E+002
    142  8.770308838264238E-001  5.985858671012743E+003
    143  8.666820366311498E-001  2.079287666298068E+003
    144  8.653054694453450E-001  1.501767396861590E+003
    145  8.582072576866995E-001  3.000456516227467E+002
    146  8.564847172954457E-001  1.323268935449265E+001
    147  8.541203891272355E-001  3.133308076260800E+002
    148  8.513427045140801E-001  1.011291142695018E+003
    149  8.487166711222307E-001  1.594922407165976E+003
    150  8.352100042590261E-001  8.343850743096037E+002
    151  8.360977271584102E-001  1.694591890754511E+003
    152  8.326335656863970E-001  2.132256789707449E+003
    153  8.273043483801041E-001  1.621005840322011E+003
    154  8.313588286780246E-001  5.463847859839282E+003
    155  8.230067525354929E-001  1.269565299933956E+003
    156  8.211458348738560E-001  1.297923518228029E+003
    157  8.206931340906906E-001  1.439971232913086E+003
    158  8.204683246102750E-001  1.989300982064857E+003
    159  8.168911060999177E-001  8.453890642199484E+001
    160  8.206761822277581E-001  2.524709811382006E+003
    161  8.209752881385083E-001  2.984477432735830E+003
    162  8.163058359379134E-001  1.932577621083048E+002
    163  8.197426578363245E-001  3.605385171044714E+003
    164  8.189177018629765E-001  4.894087065673556E+003
    165  8.019090078856572E-001  3.123694324317653E+003
    166  7.967694332430892E-001  7.827177292323310E+002
    167  7.928852203014800E-001  4.940201011258696E+002
    168  7.877550087219110E-001  1.003024712064038E+003
    169  7.877829729734424E-001  1.433945515755531E+003
    170  7.802645903475756E-001  2.331795454378214E+002
    171  7.764323527950929E-001  2.155310543559679E+002
    172  7.757257136320778E-001  4.364235230626089E+002
    173  7.712143083548584E-001  4.366895861165670E+002
    174  7.688912675970625E-001  1.010880655281224E+003
    175  7.653565569957259E-001  4.073576938137511E+001
    176  7.656334348600576E-001  4.179197152943489E+002
    177  7.653184443355689E-001  6.912018490352615E+002
    178  7.621618755965499E-001  5.527871449569712E+000
    179  7.592020940123750E-001  1.095996780198465E+002
    180  7.602860083283565E-001  2.031471845542431E+003
    181  7.563084597277103E-001  1.046346657953084E+002
    182  7.593392535471494E-001  2.637499728135004E+003
    183  7.573967645792734E-001  2.481076991180145E+003
    184  7.526562747592723E-001  1.728374440929332E+003
    185  7.543342078568970E-001  2.864773582112262E+003
    186  7.489251092403280E-001  7.542879736729087E+002
    187  7.470011967013871E-001  3.590432368007559E+002
    188  7.476730365768063E-001  1.554318545556133E+003
    189  7.437881187759640E-001  4.204999022406387E+002
    190  7.434610695437873E-001  8.943418986184303E+002
    191  7.365281372541617E-001  8.376765058984029E+002
    192  7.365694060555283E-001  8.842444294267419E+002
    193  7.323320145462278E-001  1.086940903493190E+003
    194  7.306070369646791E-001  2.239527096803100E+002
    195  7.295445345458396E-001  1.783411050850685E+003
    196  7.278811586562758E-001  1.323813374675421E+003
    197  7.271691519364000E-001  1.827501399943403E+003
    198  7.251993183283267E-001  1.128595446565013E+003
    199  7.329527708047573E-001  6.277891327493692E+003
    200  7.224135143602476E-001  9.072236589386222E+001
    201  7.226399825200890E-001  3.703673499316330E+002
    202  7.244894590745166E-001  1.677756848557446E+003
    203  7.216842963929332E-001  1.300226146109920E+002
    204  7.215946366808748E-001  2.798588512023016E+002
    205  7.252498260264509E-001  2.850672817371510E+003
    206  7.219939219036571E-001  9.748355748710877E+002
    207  7.259231015447239E-001  3.454189126358111E+003
    208  7.214261244311471E-001  8.820948487886326E+002
    209  7.221614579461267E-001  1.301087817956120E+003
    210  7.207570079804623E-001  7.516228109070458E+002
    211  7.202219443946221E-001  5.705966525348459E+002
    212  7.219689639495975E-001  2.215578529767502E+003
    213  7.182322292641633E-001  2.074195397922737E+002
    214  7.182853723835985E-001  6.684767513744212E+002
    215  7.181215061559797E-001  8.255492162770530E+002
    216  7.165920858493142E-001  1.562086216047376E+002
    217  7.183406233496598E-001  1.165313167672223E+003
    218  7.176254583502395E-001  1.208072396590286E+003
    219  7.164887243970274E-001  7.589405803136077E+002
    220  7.136972258243680E-001  1.078577104218195E+002
    221  7.154820417882078E-001  1.824212141841503E+003
    222  7.141441199463335E-001  1.134501544933147E+003
    223  7.114033263043091E-001  7.771510520672012E+002
    224  7.088733133499477E-001  5.975373145373877E+001
    225  7.082529027703904E-001  5.911875852518374E+001
    226  7.085104607115088E-001  7.116319567843888E+002
    227  7.073410868950709E-001  5.827264165978590E+001
    228  7.060207246990324E-001  2.111479525114585E+001
    229  7.119558568751624E-001  6.053608542578782E+003
    230  6.961488342936970E-001  1.740094357056039E+003
    231  6.883929396500902E-001  1.016386582529332E+003
    232  6.907249231670627E-001  2.580783996396639E+003
    233  6.859212481571464E-001  8.034829639426324E+002
    234  6.836190334705989E-001  3.060577543925894E+002
    235  6.797555112474928E-001  2.645625740993400E+001
    236  6.812892136736590E-001  1.849912087551617E+003
    237  6.786531327374256E-001  7.919202406804949E+002
    238  6.777758033234511E-001  3.255931842175348E+002
    239  6.782204517213519E-001  1.137859669602896E+003
    240  6.761297724609437E-001  5.752243064764879E+002
    241  6.762147251233048E-001  1.360042575616511E+003
    242  6.739351704034806E-001  3.564708059810273E+002
    243  6.720468787794964E-001  9.188700935256308E+001
    244  6.723160869162832E-001  5.132886741572901E+002
    245  6.724231638284441E-001  1.034319523864537E+003
    246  6.650592704554781E-001  1.337373121231338E+003
    247  6.628938892014509E-001  2.582716485579049E+002
    248  6.682011734271762E-001  3.893881450331245E+003
    249  6.584879512839971E-001  2.556683465405907E+003
    250  6.540402018275522E-001  1.767658285991053E+002
    251  6.496315775958895E-001  1.682057699319350E+003
    252  6.439100301149867E-001  4.133943595293936E+001
    253  6.465370876749904E-001  2.891343409098158E+003
    254  6.411314666744341E-001  8.374919026561898E+002
    255  6.455317585704399E-001  5.087191652957740E+003
    256  6.371182860670314E-001  3.012042497742531E+002
    257  6.350234690855469E-001  2.499046163033778E+002
    258  6.361106726367839E-001  2.330277629556876E+003
    259  6.318322703963388E-001  7.170839322359699E+002
    260  6.272031106174695E-001  2.400397223056364E+002
    261  6.261357567497260E-001  4.931734485338322E+002
    262  6.254958959454822E-001  5.972447595004113E+002
    263  6.239807768123860E-001  6.400407014730569E+000
    264  6.249834149382916E-001  1.240295397585706E+003
    265  6.226102587247487E-001  4.347720056104462E+001
    266  6.230377762298964E-001  4.604338931503135E+002
    267  6.223262051302844E-001  1.037057277526502E+002
    268  6.218330882684627E-001  7.250501622465954E+001
    269  6.217758652931302E-001  1.885833622032179E+002
    270  6.220926676853135E-001  4.917780899276668E+002
    271  6.209347389023987E-001  1.083871305994059E+002
    272  6.214886807022659E-001  6.589234006150906E+002
    273  6.217918297564748E-001  9.518964630441465E+002
    274  6.220412004229976E-001  1.118513165128369E+003
    275  6.219710756480896E-001  1.164985539326637E+003
    276  6.196920188403421E-001  1.020656470259622E+002
    277  6.196242905122018E-001  9.975780252213247E+001
    278  6.196801983288611E-001  2.649139182859566E+002
    279  6.212561203269443E-001  1.267306204800860E+003
    280  6.193006061980272E-001  3.014851509678761E+002
    281  6.202380545894414E-001  1.078225167292089E+003
    282  6.212777823150792E-001  2.264116976528694E+003
    283  6.188963348078652E-001  7.808942410031476E+002
    284  6.145754929454020E-001  5.408134357683927E+001
    285  6.158845011519851E-001  8.689052358338199E+002
    286  6.114701899893696E-001  1.860870521070366E+001
    287  6.116486780341509E-001  1.538539665620148E+002
    288  6.099453967251902E-001  1.907881690103209E+003
    289  6.075647026631352E-001  1.567952232247603E+003
    290  6.153075814787597E-001  6.128800003205084E+003
    291  6.207885934395883E-001  9.121863057503720E+003
    292  6.085213918413744E-001  2.946668335806396E+003
    293  6.106029993539674E-001  4.619710300148287E+003
    294  6.101936163522331E-001  5.143564874509717E+003
    295  6.069598593069617E-001  3.076355804942312E+003
    296  6.073506521265576E-001  3.478890505083889E+003
    297  6.109724779202724E-001  6.092035328411660E+003
    298  6.455882340872187E-001  2.984338162480328E+004
    299  6.105302662581942E-001  8.041839730030512E+003
    300  6.335155993732335E-001  2.089794435848306E+004
    301  6.185133250579203E-001  1.479125582446756E+004
    302  6.059974616059907E-001  6.220267100555349E+003
    303  6.021863676115483E-001  7.492315512240663E+003
    304  5.888901888753224E-001  6.332713211566975E+002
    305  5.845535503818761E-001  3.602964229801483E+002
    306  5.889412716548046E-001  3.591008095519960E+003
    307  5.833356587543302E-001  3.794003415980794E+002
    308  6.008035663716111E-001  1.128908285097182E+004
    309  5.831638343331509E-001  9.880855741860468E+002
    310  5.845628717406541E-001  2.610414692170374E+003
    311  5.808158144420192E-001  8.839503064381915E+002
    312  5.816138785516926E-001  1.658757793380816E+003
    313  5.791315223999107E-001  1.996060926526137E+002
    314  5.787898396162524E-001  4.575715386886657E+002
    315  5.777643962455815E-001  9.269142474651919E+001
    316  5.782663367128764E-001  5.418329954179999E+002
    317  5.770043039497731E-001  4.622216479545185E+002
    318  5.780468641078392E-001  1.069421786666809E+003
    319  5.768361321679104E-001  8.121598300338584E+002
    320  5.774067270634736E-001  1.615679117596734E+003
    321  5.754185462027882E-001  5.449773880476749E+002
    322  5.739796826001089E-001  1.338127658357187E+002
    323  5.741361342666845E-001  2.572406340755482E+002
    324  5.742286848325405E-001  6.917689988085031E+002
    325  5.717699761668595E-001  1.124497738105046E+003
    326  5.736118019176074E-001  2.145309535360942E+003
    327  5.717723223638874E-001  1.294481015465386E+003
    328  5.693214060216282E-001  6.657022179584057E+001
    329  5.694348811488288E-001  1.626302369970032E+003
    330  5.769544126065240E-001  7.310693416885474E+003
    331  5.606802144054935E-001  1.818749593741419E+003
    332  5.594594669352606E-001  1.292986266091499E+003
    333  5.554451066934087E-001  8.620310382530079E+002
    334  5.536207163313328E-001  4.361605693990070E+002
    335  5.559134079632746E-001  2.707434241143967E+003
    336  5.433641344147250E-001  8.287625280285411E+002
    337  5.382189873350340E-001  1.220812573670481E+002
    338  5.356461288348474E-001  9.001862682080705E+002
    339  5.230706368214773E-001  2.564675202736285E+002
    340  5.222820323693549E-001  2.441610167510219E+002
    341  5.230259944288199E-001  1.118240443977699E+003
    342  5.187959376127800E-001  4.953799440156978E+001
    343  5.190130619023433E-001  7.066839706996967E+002
    344  5.226230201697107E-001  3.345939420741724E+003
    345  5.129865731626063E-001  4.912388127692096E+001
    346  5.171422915228611E-001  2.896901710160276E+003
    347  5.195785494450479E-001  4.560574120618197E+003
    348  5.112028910416672E-001  2.554808430080362E+003
    349  5.073224926584491E-001  2.740620317330178E+002
    350  5.054141348655966E-001  3.949381842675574E+001
    351  5.049322498532876E-001  1.749687539880875E+002
    352  4.961290778071423E-001  1.159846816389405E+003
    353  4.927909182477037E-001  1.625108952071371E+002
    354  4.918534062680687E-001  7.842941618006033E+001
    355  4.913586603571696E-001  5.484364372000824E+002
    356  4.877917920641134E-001  2.206011188558141E+003
    357  4.833914077869667E-001  1.113885332134104E+003
    358  5.035114953067916E-001  1.404844528669938E+004
    359  4.777892835616008E-001  6.680381926159461E+002
    360  4.665489783077438E-001  3.287699128432320E+002
    361  4.651102325164815E-001  2.818208540499924E+002
    362  4.628099958859174E-001  3.611383333537331E+001
    363  4.621677518292469E-001  7.235898633497549E+000
    364  4.617192802875582E-001  2.709591427795994E+002
    365  4.597880242598879E-001  2.903951284946104E+002
    366  4.592222201079468E-001  7.279574202687657E+001
    367  4.595462792072694E-001  8.376301276172285E+002
    368  4.574078508285447E-001  6.575420708454961E+001
    369  4.567907119875675E-001  1.622505874639109E+002
    370  4.557643130717441E-001  1.138883019553422E+002
    371  4.546972308196803E-001  3.706310265376885E+001
    372  4.552644608540669E-001  5.768641362875227E+002
    373  4.537149436493585E-001  1.990178711524994E+001
    374  4.553730591597134E-001  1.343173319336290E+003
    375  4.531937886167002E-001  1.525010317203428E+002
    376  4.545023791659029E-001  1.019452867485879E+003
    377  4.529818891944736E-001  3.447246965943029E+002
    378  4.533974234964642E-001  3.327442122934874E+003
    379  4.546773623586313E-001  4.493272378347331E+003
    380  4.488348271993159E-001  1.743758127149085E+003
    381  4.507676583135140E-001  3.437431158264276E+003
    382  4.404243159443541E-001  7.445399103493936E+002
    383  4.433841475383630E-001  2.969265838330251E+003
    384  5.188696645386260E-001  5.325710537264970E+004
    385  4.303431614634372E-001  2.667850350436445E+003
    386  4.321802263039940E-001  6.720361274384483E+003
    387  4.230778417856133E-001  7.416504578420462E+003
    388  4.005541765232681E-001  4.924568496145194E+000
    389  4.007182443949212E-001  8.186214525955967E+002
    390  4.455612126372603E-001  2.751843915113464E+004
    391  4.090308080408696E-001  6.184220863349389E+003
    392  4.322970310860865E-001  2.234577027348315E+004
    393  3.823242018147838E-001  5.574150392050607E+003
    394  3.544677408116780E-001  7.826896595887783E+002
    395  3.570529213729677E-001  2.672383817004340E+003
    396  3.556574302019561E-001  2.787602376920357E+003
    397  3.520997068109217E-001  6.265310761182624E+002
    398  3.512032713331356E-001  5.137419337993533E+002
    399  3.514693058592480E-001  6.835122314131560E+002
    400  3.516781813497751E-001  1.127208120202744E+003
    401  3.507267841577238E-001  1.120958832682989E+003
    402  3.612182166298636E-001  8.505431447240064E+003
    403  3.509459918120821E-001  2.756791025016233E+003
    404  3.487569844512164E-001  1.476179205976013E+003
    405  3.541074507795480E-001  5.267972789274824E+003
    406  3.446214521168786E-001  3.676966981316555E+000
    407  3.496598281210251E-001  3.581466042127185E+003
    408  3.421417574268421E-001  3.097387349218640E+001
    409  3.433295091492248E-001  1.373692962642232E+003
    410  3.410362826649539E-001  1.712577061794225E+002
    411  3.418751753667120E-001  1.415909482434282E+003
    412  3.385487495768635E-001  1.197461982566857E+001
    413  3.404701882264961E-001  1.628113466872955E+003
    414  3.377277670932824E-001  1.484721795397492E+002
    415  3.416494971603385E-001  2.593707571475090E+003
    416  3.373524790964105E-001  1.850937360519872E+002
    417  3.373532721246250E-001  1.686798397036161E+003
    418  4.479773602913594E-001  6.385624186919651E+004
    419  3.450888696124126E-001  7.403282999069947E+003
    420  3.315015742997982E-001  2.304934438338073E+002
    421  3.333187146088271E-001  1.632787710594946E+003
    422  3.455276674623391E-001  8.651926962824155E+003
    423  3.339542958269512E-001  3.415784544702688E+003
    424  3.267461809330852E-001  4.481240239011962E+001
    425  3.426150604733268E-001  9.823036963338151E+003
    426  3.279422879434064E-001  1.811964008542110E+003
    427  3.367236933727323E-001  7.180539632322900E+003
    428  3.228767167094974E-001  4.376584766878332E+001
    429  3.226244779501641E-001  8.928624279125403E+001
    430  3.342895869012970E-001  7.242125279707102E+003
    431  3.261682962275279E-001  2.379558046950536E+003
    432  3.221343171694445E-001  3.308686552889633E+002
    433  3.235971405734335E-001  1.239469870127105E+003
    434  3.287815088543172E-001  4.520911645290555E+003
    435  3.208055504600221E-001  1.070976691960802E+002
    436  3.426983305537708E-001  1.278405809200234E+004
    437  3.199249898883043E-001  8.977319858974863E+001
    438  3.275571982667153E-001  4.886174038449552E+003
    439  3.182907278973287E-001  1.027430716243800E+001
    440  3.202021103346992E-001  1.762765313336003E+003
    441  3.163204021442764E-001  1.429274265192454E+002
    442  3.164104183751676E-001  3.692584634920666E+002
    443  3.146973091525749E-001  1.439403544131488E+000
    444  3.128512267072880E-001  5.029973129846385E+002
    445  3.148790099842296E-001  2.407428280857468E+003
    446  3.133011296610699E-001  1.779073886550796E+003
    447  3.067743670084389E-001  4.723763473746834E+001
    448  3.090342736701052E-001  2.247020890214346E+003
    449  3.057174469635814E-001  7.306476780046772E+002
    450  3.091804014084820E-001  3.218475483034430E+003
    451  3.039327469741823E-001  4.462251970425579E+002
    452  3.218485978039388E-001  1.100023587718083E+004
    453  3.080605975797054E-001  3.217838553555777E+003
    454  3.125556851477301E-001  7.018138499379676E+003
    455  3.015864942286602E-001  8.800526703478255E+002
    456  3.082247854364509E-001  4.975734220199182E+003
    457  2.990512572148613E-001  7.890329111352587E+001
    458  3.038238200158236E-001  3.364239793931938E+003
    459  3.010295250511623E-001  2.839751203609182E+003
    460  2.980067137068051E-001  2.398745463844728E+003
    461  2.929378926988451E-001  4.788210366859752E+001
    462  2.970154454937030E-001  2.564205803134093E+003
    463  2.922782975680317E-001  1.307621142513923E+002
    464  2.979692404104072E-001  3.837273394835913E+003
    465  2.918089151647423E-001  1.279922550980711E+002
    466  2.979383434717272E-001  3.971163441356771E+003
    467  2.926487751730070E-001  9.486978118637625E+002
    468  2.957860047489349E-001  3.101986336711141E+003
    469  2.905895622248076E-001  8.707663123280753E+001
    470  2.905788059618291E-001  1.786316481857964E+002
    471  2.904092757730702E-001  1.317421811627167E+002
    472  2.921617941858799E-001  1.230081508822193E+003
    473  2.900583170860762E-001  1.961667599920685E+002
    474  2.966356836231309E-001  4.237618945219931E+003
    475  2.984730877384123E-001  5.485571858608438E+003
    476  2.890422046995260E-001  1.317066909085556E+002
    477  2.916417685193164E-001  1.678574460022563E+003
    478  2.907546568175613E-001  1.396918276206161E+003
    479  2.896293717653494E-001  1.217456625070580E+003
    480  2.891184617969172E-001  8.707722051190232E+002
    481  2.877402273712426E-001  2.175489709585424E+002
    482  2.902965725492452E-001  1.851132135316494E+003
    483  2.885335306642255E-001  8.727421888219889E+002
    484  2.871362431798215E-001  1.349569293020703E+002
    485  2.974123187946208E-001  6.701248727463109E+003
    486  2.877797659081460E-001  7.485913246305835E+002
    487  2.888108748296678E-001  1.496584402412124E+003
    488  2.861421043181804E-001  8.072904196245246E+001
    489  2.865248091483383E-001  4.206859187387333E+002
    490  2.855292578653831E-001  2.042047850125489E+001
    491  2.907616521463111E-001  3.327233269644672E+003
    492  2.896876937768708E-001  3.245722646138881E+003
    493  2.825527787075710E-001  8.946427322125336E+002
    494  2.825317654219414E-001  1.000348998783996E+003
    495  2.809925413142493E-001  6.941384449208809E+002
    496  2.792679054676008E-001  2.779682120476986E+001
    497  2.840275372378008E-001  3.415961021957598E+003
    498  2.804649563037474E-001  2.398817691692792E+003
    499  2.762998114080925E-001  2.707484584176659E+000
    500  2.772162143604386E-001  8.672052445461595E+002
    501  2.749238384437953E-001  1.543208510529812E+000
    502  2.747942059511583E-001  3.356214564155648E+002
    503  2.739880314099023E-001  1.520668346863877E+003
    504  2.752211848895384E-001  2.807202967243190E+003
    505  2.752856276026266E-001  3.727233443808329E+003
    506  2.690779716756088E-001  3.263219817874997E+001
    507  2.735921255796330E-001  3.135162387604431E+003
    508  2.683247313402997E-001  4.097630903250047E+001
    509  2.680194743875181E-001  3.169913853987577E+001
    510  2.717737387441871E-001  2.527943825491117E+003
    511  2.678616434790362E-001  1.282332081570050E+002
    512  2.684635081074510E-001  5.997379213616429E+002
    513  2.675470980568643E-001  1.095967106258502E+002
    514  2.683942878107152E-001  6.465205221398143E+002
    515  2.676777632026167E-001  2.696295257646111E+002
    516  2.685892334074949E-001  9.532354941646776E+002
    517  2.682494173225162E-001  8.127618177379571E+002
    518  2.694480647053969E-001  1.562246769566224E+003
    519  2.694820084179038E-001  1.602388539456771E+003
    520  2.668885230461273E-001  1.678554751654051E+001
    521  2.671896546058400E-001  3.638589543354885E+002
    522  2.608946524951323E-001  8.957535267173198E+001
    523  2.606175869207188E-001  2.093221024234256E+002
    524  2.615449859679875E-001  8.416492400993521E+002
    525  2.610477995323783E-001  7.844501988088679E+002
    526  2.597090827161725E-001  1.862758775382336E+002
    527  2.593210571971306E-001  2.241338266560315E+002
    528  2.594141654818302E-001  3.252562444979065E+002
    529  2.590302673439591E-001  1.644612625722240E+002
    530  2.590869504099896E-001  2.545607662137371E+003
    531  2.605864428573526E-001  4.186855276388454E+003
    532  2.530474979372552E-001  7.610556609376504E+002
    533  2.515058803153799E-001  1.911737220453011E+003
    534  2.481903732989900E-001  4.156933746630461E+002
    535  1.962620332603296E-001  4.613884217226631E+003
    536  1.960448866495243E-001  5.112821143092590E+003
    537  1.975069841361226E-001  9.413535822981083E+003
    538  1.238148035020623E-001  2.825845774005093E+003
    539  1.613287706996713E-001  4.507578906640113E+004
    540  8.145053704263173E-002  5.179569018012864E+002
    541  8.164787622430394E-002  8.132178537149408E+002
    542  8.079509558194416E-002  3.766928128073304E+002
    543  8.175156618789492E-002  1.524894681093277E+003
    544  1.105182867627730E-001  2.094189819286468E+004
    545  7.749793181027638E-002  6.226579722505736E+002
    546  1.243037883607292E-001  2.975661635501077E+004
    547  7.062785519124799E-001  3.913157726251204E+005
    548  8.065147354059653E-002  2.569978237793986E+003
    549  1.014515992243711E-001  1.615849940520512E+004
    550  7.672607197168682E-002  8.439175342749678E+002
    551  1.058266452527181E-001  1.898502585579300E+004
    552  9.686902464936789E-002  1.254451044642418E+004
    553  7.937847198419255E-002  2.521601896862983E+003
    554  9.828320726287286E-002  1.487097254583387E+004
    555  7.519568115750543E-002  5.996049755587150E+002
    556  7.355898095876699E-002  2.756903331474254E+001
    557  7.487307384258526E-002  7.982640629001477E+002
    558  7.365280651907637E-002  2.314491106061126E+002
    559  7.380702709865006E-002  3.413078893172552E+002
    560  7.405854360743205E-002  8.724628246448250E+002
    561  7.309241619714758E-002  3.287158209562419E+002
    562  7.258460998066867E-002  4.767494035707205E+001
    563  9.046274625458937E-002  1.085763303383833E+004
    564  7.419961841916654E-002  1.181290099742235E+003
    565  7.296083404659040E-002  4.940797755186064E+002
    566  1.084646758501213E-001  2.226682913490735E+004
    567  7.216286530635647E-002  1.579491290662327E+002
    568  7.386975837444915E-002  1.551066146198051E+003
    569  7.152228617471092E-002  1.084379569944165E+002
    570  7.450908086157894E-002  1.955631262552654E+003
    571  7.149907867734943E-002  3.026436612765824E+002
    572  7.475302333891808E-002  2.359151398218014E+003
    573  7.160565973125450E-002  4.593760173752437E+002
    574  7.093094420594873E-002  1.094245361980602E+002
    575  7.249163742470190E-002  1.132233299220954E+003
    576  7.246376406229126E-002  1.119598937789772E+003
    577  7.097081617738789E-002  2.746789136278239E+002
    578  7.182931636577553E-002  8.553422628375621E+002
    579  7.061028028126123E-002  1.164145555860807E+002
    580  7.341183455091492E-002  1.855244571429967E+003
    581  7.036153539075968E-002  3.906334257595554E+000
    582  7.467463957872829E-002  2.661086786930342E+003
    583  7.038325508381553E-002  1.552923601730084E+002
    584  7.028744104134241E-002  2.253188940624864E+002
    585  7.165509282864878E-002  1.071863217991827E+003
    586  6.977582522300853E-002  2.512983021067464E+001
    587  7.022507640402795E-002  2.994021450797044E+002
    588  7.467953902288849E-002  3.168322493095209E+003
    589  6.978581839863601E-002  1.291005104566213E+002
    590  6.960131862118367E-002  3.057844686927572E+001
    591  6.951285348783456E-002  4.558826387455193E+001
    592  7.524278305186004E-002  3.539319789738778E+003
    593  7.364760109815940E-002  2.565529171643404E+003
    594  6.951512183844820E-002  1.982468467168820E+002
    595  6.927624020538735E-002  1.038136721046864E+002
    596  6.918186094147841E-002  1.120799104335029E+002
    597  6.968431892778257E-002  3.944328469732468E+002
    598  6.885614135653685E-002  8.733151044540718E-001
    599  6.950180589366643E-002  4.289910295133907E+002
    600  6.899861572747339E-002  2.048337547779020E+002
    601  6.871757139155618E-002  4.699142405882586E+001
    602  7.037749876326242E-002  1.128328476109039E+003
    603  6.861159437329267E-002  1.140066958354124E+001
    604  6.900233964254669E-002  2.945390718513199E+002
    605  6.881259606829201E-002  2.516208941338056E+002
    606  6.836855981796008E-002  7.756884892734977E+000
    607  6.905421978177670E-002  4.259010583185561E+002
    608  6.836281902182703E-002  6.878395497291481E+001
    609  6.860494219281756E-002  2.331784195180170E+002
    610  6.843324787170305E-002  1.400801653359958E+002
    611  6.873954236852228E-002  3.015716533165473E+002
    612  6.815820023424683E-002  2.146456616912024E+000
    613  6.868864030066667E-002  3.826761626993395E+002
    614  6.805548386236089E-002  1.462591435896905E+001
    615  6.839250886737251E-002  2.393824611175188E+002
    616  6.820962518281366E-002  1.559595647684037E+002
    617  6.886627822421580E-002  5.679079709609163E+002
    618  6.883311146398247E-002  6.202593202997062E+002
    619  6.775768732449315E-002  3.138520496854883E+001
    620  6.762805744809212E-002  1.061851440032117E+000
    621  6.876658116138434E-002  7.345622240831759E+002
    622  6.777613648569111E-002  1.323057139121643E+002
    623  6.816166491824892E-002  3.638476608812384E+002
    624  6.769351996415911E-002  1.367304555640187E+002
    625  6.746647622316990E-002  3.490978408489227E+001
    626  6.783008577020032E-002  3.008305241610654E+002
    627  6.737356018368948E-002  3.188248266565471E+001
    628  6.720902818408020E-002  2.305033860051469E+000
    629  6.712847564419894E-002  1.805705801364238E+000
    630  6.746169864647067E-002  2.056797171960722E+002
    631  6.734964752465225E-002  1.433762380633533E+002
    632  6.744914337158102E-002  2.297268615974247E+002
    633  6.717525321049615E-002  6.875649104635478E+001
    634  6.708536641503474E-002  5.150817702520482E+001
    635  6.753412069660827E-002  3.593872254546985E+002
    636  6.717289376868130E-002  1.362269870482781E+002
    637  6.708284419417714E-002  1.155343735428640E+002
    638  6.689120586263506E-002  5.693822246247876E+000
    639  6.714757921999745E-002  1.700323865032258E+002
    640  6.688223240654086E-002  2.888651907415703E+001
    641  6.696942312551267E-002  9.500683623610882E+001
    642  6.682199178813462E-002  2.760543235176225E+001
    643  6.683318144152593E-002  4.942979229300752E+001
    644  6.674164751022119E-002  1.705917161935245E+001
    645  6.689470240372454E-002  1.112827523007697E+002
    646  6.681493474818502E-002  9.913416837744207E+001
    647  6.662313476125001E-002  3.772801862161677E-001
    648  6.664066113566354E-002  2.506040879282615E+001
    649  6.678262555110441E-002  1.377591954783013E+002
    650  6.692857389620106E-002  2.650827822094906E+002
    651  6.650435609619106E-002  3.001856842214239E+001
    652  6.633449599192015E-002  4.985661914033946E-001
    653  6.632140774207551E-002  6.016860679036665E+000
    654  6.662500674531392E-002  2.765437846044807E+002
    655  6.652223610944367E-002  2.426180607509556E+002
    656  6.621770462420760E-002  1.038896947614824E+002
    657  6.605339079380343E-002  3.525605321639536E+001
    658  6.663850581314332E-002  3.784663515484118E+002
    659  6.673182283225124E-002  4.766738853981255E+002
    660  6.581309902636326E-002  2.458594950851426E+001
    661  6.634085610735077E-002  3.428548245223096E+002
    662  6.572771438277607E-002  1.314055700600522E+001
    663  6.608929512163109E-002  3.509450431878131E+002
    664  6.545587504815589E-002  1.703192828530092E+001
    665  6.543707402865677E-002  4.138692273357812E+001
    666  6.720936179530161E-002  1.191518246617772E+003
    667  6.582359890153239E-002  5.019838390656910E+002
    668  6.503193969577860E-002  2.746031159590666E+001
    669  6.619501788803342E-002  7.393330107404795E+002
    670  6.495039620562802E-002  7.135522324615621E+001
    671  6.527679074495710E-002  3.951716345211377E+002
    672  6.484929288772887E-002  1.492514161657778E+002
    673  6.653903775962269E-002  1.229453023257332E+003
    674  6.470514643987460E-002  1.803398796303588E+002
    675  6.515381090174614E-002  4.298415424666637E+002
    676  6.473750800593200E-002  3.229019813620802E+002
    677  6.402615039156309E-002  2.627088119900415E+001
    678  6.440315239129160E-002  3.632841512237360E+002
    679  6.366553760549849E-002  3.806038218157173E+001
    680  6.405802138501740E-002  3.202059820748707E+002
    681  6.421405910645865E-002  4.345144653038258E+002
    682  6.349957910955627E-002  9.442229260839707E+001
    683  6.373696666047063E-002  2.384992894838406E+002
    684  6.342938998541783E-002  7.894896220562430E+001
    685  6.332320510602991E-002  2.904011956743104E+001
    686  6.450278676856085E-002  7.211926754132522E+002
    687  6.385293243096635E-002  3.547703282495502E+002
    688  6.322090109151864E-002  1.242968291835616E+001
    689  6.385181743039990E-002  4.115469874252562E+002
    690  6.410345065061260E-002  6.665703458014700E+002
    691  6.366493051828630E-002  4.185531298169064E+002
    692  6.297599542686076E-002  2.247960208538493E+000
    693  6.295576168933786E-002  1.226864038600530E+001
    694  6.444552146904955E-002  9.154488107532489E+002
    695  6.302901829580437E-002  7.886381080254102E+001
    696  6.281213524298118E-002  1.891046565655622E+001
    697  6.343248826581396E-002  3.772685721015237E+002
    698  6.470507491665754E-002  1.155308177726191E+003
    699  6.271822315098420E-002  2.863994399594348E+001
    700  6.332443898224518E-002  4.636487573432775E+002
    701  6.252156839920438E-002  1.193563363863827E+000
    702  6.299591533002405E-002  2.717814326435590E+002
    703  6.242298611546695E-002  1.377298716462802E+001
    704  6.228243548839656E-002  2.817360800040511E+000
    705  6.216597100847292E-002  1.302711432279122E+001
    706  6.288424833224544E-002  5.159745869638949E+002
    707  6.192749037728481E-002  3.237869266109814E+001
    708  6.270023386270870E-002  5.017788334983462E+002
    709  6.187469080484835E-002  5.118748382816642E+001
    710  6.407866340515719E-002  1.289107600563766E+003
    711  6.167343353584561E-002  1.415252524231212E+001
    712  6.227997367144586E-002  4.459394580267708E+002
    713  6.168243768170955E-002  1.149515946325391E+002
    714  6.151785717733684E-002  2.433763901348978E+001
    715  6.147007707081201E-002  2.106075330943028E+001
    716  6.287937369538971E-002  8.178946548154021E+002
    717  6.244789809757399E-002  6.696339370437330E+002
    718  6.124157740920311E-002  1.319344867302136E+000
    719  6.158812618279971E-002  2.101203786885037E+002
    720  6.105344742181634E-002  6.516045083281277E+000
    721  6.189767045646878E-002  5.354913250211492E+002
    722  6.100038670068460E-002  2.369929486918373E+001
    723  6.092111199990731E-002  1.251459925819085E+000
    724  6.131442212274343E-002  2.599891546409048E+002
    725  6.223327809386329E-002  8.353011866007082E+002
    726  6.075870148221998E-002  5.540579983787314E+000
    727  6.113056736859302E-002  2.732226340069017E+002
    728  6.066360911231403E-002  1.078751696444220E+001
    729  6.063099341324744E-002  6.732757399876527E+000
    730  6.107274333769235E-002  3.452344548187898E+002
    731  6.064054249462082E-002  8.013361662803381E+001
    732  6.054323908940993E-002  2.746549417988273E+001
    733  6.096234282730088E-002  3.179962732962752E+002
    734  6.043333450927409E-002  1.411812618353435E+000
    735  6.040750819727536E-002  5.173912171212710E+000
    736  6.035780193753604E-002  2.302984920897709E+000
    737  6.044936950629497E-002  6.004750645975571E+001
    738  6.069913035404047E-002  2.531899063371993E+002
    739  6.028232002734972E-002  1.271587804460222E+001
    740  6.026451372737054E-002  3.137389469062188E+000
    741  6.060792667228446E-002  2.263557211223238E+002
    742  6.047909421910243E-002  1.486268569360820E+002
    743  6.018551419378503E-002  3.606098159456835E-001
    744  6.016674304083063E-002  4.906326699456375E+001
    745  6.068366703520096E-002  3.555247944771899E+002
    746  6.067557348949490E-002  4.244637841734927E+002
    747  5.995632756068846E-002  7.210055410711353E+000
    748  6.027083251996424E-002  2.258262539456504E+002
    749  6.066043890344142E-002  4.442093704194899E+002
    750  5.983053904931517E-002  5.247502366648250E+000
    751  6.035412154996089E-002  3.669379614662723E+002
    752  5.968705824743541E-002  7.558833723982677E-001
    753  5.959986457351808E-002  4.206517084049537E+000
    754  5.959571330301818E-002  1.370737459093077E+001
    755  5.989594397519094E-002  2.044980582897498E+002
    756  5.957150848131758E-002  4.487621023707496E+001
    757  5.987872415717930E-002  2.739708321526797E+002
    758  5.937948098007927E-002  2.103931348709942E+001
    759  5.925545633132580E-002  1.599139907101077E+000
    760  5.973665922205292E-002  4.374545504364334E+002
    761  5.904035042754542E-002  1.626183338152131E+001
    762  6.172502906555130E-002  1.604791908197253E+003
    763  6.015875582332111E-002  9.549726652921386E+002
    764  5.852217867319130E-002  1.405272574343569E+001
    765  5.903260339074667E-002  3.852563751043213E+002
    766  5.834908729402001E-002  8.514932869304895E+000
    767  5.813392684947086E-002  1.846512509087833E+001
    768  5.978772505560859E-002  1.071017949207378E+003
    769  5.912388767532492E-002  7.820295769047208E+002
    770  5.786146874161098E-002  3.067606327173479E+001
    771  5.879228909880049E-002  6.516824367501143E+002
    772  5.830372366946952E-002  5.612211202293726E+002
    773  5.713599891573379E-002  1.371355296712099E+000
    774  5.812866065610239E-002  7.484725282862033E+002
    775  5.661502756433667E-002  1.528141925756779E+000
    776  5.645890094419359E-002  7.131345033940857E+000
    777  5.833797802871406E-002  1.106728086514289E+003
    778  5.777432233366024E-002  1.049107158473176E+003
    779  5.604796183258155E-002  5.928729350734169E+000
    780  5.672742398048937E-002  4.424618353548504E+002
    781  5.582192593225219E-002  3.178463817158316E+001
    782  5.573805557276169E-002  3.974570866510927E+001
    783  5.684892059314008E-002  6.657882700823016E+002
    784  5.619458070538897E-002  3.373338890043781E+002
    785  5.830671615242032E-002  1.560852754293338E+003
    786  5.555526279319369E-002  2.067512354958741E+001
    787  5.555537111845105E-002  5.617605657413142E+001
    788  5.539498939250462E-002  5.741455604525991E+000
    789  5.584402482299686E-002  2.948813852415401E+002
    790  5.538106730330338E-002  4.664791474051538E+001
    791  5.566665602444795E-002  2.261488912230967E+002
    792  5.527007643881264E-002  1.897348605808371E+001
    793  5.540481496211398E-002  1.346073312083680E+002
    794  5.517336866136258E-002  2.510125900704806E+001
    795  5.549925034792515E-002  2.385205224008225E+002
    796  5.514719537331581E-002  1.081080382193507E+002
    797  5.546350257350577E-002  3.638122454032954E+002
    798  5.485522392230113E-002  4.970048572463579E+000
    799  5.538304959606287E-002  3.673329457105847E+002
    800  5.486358998702106E-002  6.325070183427511E+001
    801  5.467611260513117E-002  1.397453515312955E+000
    802  5.509040550629508E-002  3.065494190542863E+002
    803  5.477801833596949E-002  1.901236610476391E+002
    804  5.445422131960945E-002  3.588805873437369E+001
    805  5.424573399470854E-002  9.307158208008818E+000
    806  5.416436136930802E-002  4.851778124159489E-001
    807  5.448928398820690E-002  2.168546053334471E+002
    808  5.485639909133256E-002  4.711576310235901E+002
    809  5.385635641842609E-002  2.243892677553687E+001
    810  5.455910198049676E-002  4.709493784564704E+002
    811  5.370300874873039E-002  4.020908349979567E+000
    812  5.381531870904362E-002  9.621339101361285E+001
    813  5.407960648008046E-002  3.177184382737714E+002
    814  5.349603698283003E-002  3.987287918372227E+000
    815  5.350279251532705E-002  3.271427860008549E+001
    816  5.431071705633452E-002  4.731552560834346E+002
    817  5.358687965194217E-002  1.511216066771832E+002
    818  5.326780102693233E-002  7.284568867254246E+000
    819  5.320229984905339E-002  3.371141081296090E+000
    820  5.337807841237432E-002  1.551231400382375E+002
    821  5.343658592999961E-002  1.893632246980668E+002
    822  5.378751464894427E-002  4.022956138798750E+002
    823  5.308132270952389E-002  4.979992415726025E-001
    824  5.322128656306904E-002  1.210312658138387E+002
    825  5.363240837345594E-002  3.988051282652477E+002
    826  5.375371561465769E-002  4.663417276054800E+002
    827  5.310757833447047E-002  1.402462187450484E+002
    828  5.286104392003633E-002  1.323198819699942E+001
    829  5.354316588374110E-002  4.092191473867601E+002
    830  5.281557384307545E-002  1.236373275172471E+001
    831  5.311805419614384E-002  2.244657978399039E+002
    832  5.329462082393002E-002  3.512243937467223E+002
    833  5.265411879241275E-002  6.887407213261419E-001
    834  5.263206670085400E-002  4.645121378499742E+000
    835  5.342675922508344E-002  4.795740610566227E+002
    836  5.428879157331310E-002  1.019474836426202E+003
    837  5.247977305324029E-002  1.067124137628427E+001
    838  5.334230143861243E-002  5.237851358727054E+002
    839  5.238416886920588E-002  8.089852338616010E+000
    840  5.220272414006578E-002  1.560875141305232E+000
    841  5.215133344342981E-002  2.032333459338975E+000
    842  5.308497083736355E-002  6.170836176131744E+002
    843  5.243139783593900E-002  2.451072469496438E+002
    844  5.244105277362644E-002  3.567494050783007E+002
    845  5.182590707646785E-002  3.138593599936118E+001
    846  5.167872700371687E-002  2.659123041771286E+001
    847  5.220353424315183E-002  3.242057314146162E+002
    848  5.188568673981799E-002  2.715870509989344E+002
    849  5.128683581969280E-002  2.483832664780703E+001
    850  5.096346627412286E-002  9.617603650510717E-001
    851  5.109718922587007E-002  1.129286270788443E+002
    852  5.090589970424131E-002  2.184726648704259E+001
    853  5.088064562399373E-002  5.654531026297511E+001
    854  5.097960900350464E-002  1.919317356204863E+002
    855  5.064121326242547E-002  1.018611883852134E+002
    856  5.045798401688963E-002  4.435407811154925E+000
    857  5.037843596703703E-002  2.746778415033842E+000
    858  5.054951021968258E-002  1.061268609306361E+002
    859  5.037512280787172E-002  1.244947908791806E+001
    860  5.041300084181387E-002  7.009947490552901E+001
    861  5.029253599476102E-002  2.915066128352653E+000
    862  5.023760302303969E-002  2.784096530974193E+001
    863  5.029832441407268E-002  1.015163191304218E+002
    864  5.008326026554857E-002  9.543387398931490E-001
    865  5.027563901587515E-002  1.217900991946268E+002
    866  4.997825730312574E-002  2.272198224847218E+002
    867  4.951980493924730E-002  3.619456545529689E+000
    868  4.999845325157684E-002  3.340900824374875E+002
    869  4.924785760003451E-002  2.264641904433356E+000
    870  5.016143477085622E-002  6.937426818066875E+002
    871  4.958200712899171E-002  4.633173226917359E+002
    872  4.878406018352886E-002  1.064627845412984E+000
    873  4.915173311841500E-002  2.650807272035628E+002
    874  4.859488882214794E-002  2.148544518119529E+000
    875  5.103698593478580E-002  1.416902241756926E+003
    876  4.848421693944165E-002  4.004602427116638E+000
    877  4.894996044228985E-002  3.197181491294351E+002
    878  4.833333657168851E-002  7.842213855372314E+000
    879  4.864273888642862E-002  2.035560622497434E+002
    880  4.829146409366419E-002  8.586531341658382E+001
    881  4.787861102722700E-002  1.760015960196492E-001
    882  4.781168959614687E-002  6.682289179480700E+000
    883  4.797403240793936E-002  1.182793334458303E+002
    884  4.785403355087881E-002  5.459901166877842E+001
    885  4.764391136167870E-002  6.791954991260520E-001
    886  4.792610510319548E-002  2.201479672987097E+002
    887  4.780120348517897E-002  1.830253109624815E+002
    888  4.745984148191133E-002  7.199066214577783E+000
    889  4.673431538388549E-002  2.027801561971323E+000
    890  4.727077472140828E-002  3.794763310269707E+002
    891  4.657715735595883E-002  7.427010738536207E-001
    892  4.720707617618271E-002  4.247523100839152E+002
    893  4.617510892480289E-002  2.397412655083845E+001
    894  4.647463539121910E-002  2.540540689092924E+002
    895  4.571186990883546E-002  1.751019293211375E+002
    896  4.551852598411491E-002  7.544736790435017E+001
    897  4.640139244055501E-002  6.788805726623264E+002
    898  4.597772465005955E-002  6.272432896133718E+002
    899  4.495260166679463E-002  1.549179139085030E+002
    900  4.441816878801803E-002  6.731418700667789E+000
    901  4.371742000065364E-002  1.496334658860337E+001
    902  4.416947124627318E-002  3.039707353605190E+002
    903  4.364116799401228E-002  1.711833032749964E+002
    904  4.322582152233821E-002  2.510449077541338E+000
    905  4.381522143774936E-002  5.045225568358932E+002
    906  4.283683832698442E-002  3.652834881131401E+000
    907  4.306956541925266E-002  2.052832688128139E+002
    908  4.257196748931585E-002  1.447610587946330E+001
    909  4.344023629607216E-002  5.458237684588945E+002
    910  4.244760105904776E-002  7.699376320036849E+001
    911  4.386949671024327E-002  9.390803024623198E+002
    912  4.214861873456015E-002  4.805159400871152E+000
    913  4.206873018263486E-002  2.159281897604608E+001
    914  4.199082406968979E-002  1.405110881686263E+000
    915  4.199940590873488E-002  2.643239629089902E+001
    916  4.220550484735774E-002  1.528156584588914E+002
    917  4.207785273170930E-002  1.323489623141567E+002
    918  4.224618821921442E-002  3.042278030552147E+002
    919  4.193537208385965E-002  1.927605809188954E+002
    920  4.152229272907870E-002  1.189198439367189E+001
    921  4.191009858843457E-002  2.798516997030233E+002
    922  4.139794734355381E-002  4.038813284880540E+001
    923  4.138708651530335E-002  3.852814148041067E+001
    924  4.193317048883103E-002  3.711328864568948E+002
    925  4.116339397923486E-002  7.934578484044795E+000
    926  4.417966063366942E-002  1.978548684709664E+003
    927  4.098746667670369E-002  4.565732513384137E+001
    928  4.235317909217718E-002  8.607512722623131E+002
    929  4.167293423811113E-002  5.394337918220668E+002
    930  4.134835971473405E-002  3.345858019391633E+002
    931  4.076475051535978E-002  1.704838529443124E+001
    932  4.086407240892585E-002  8.703745677517649E+001
    933  4.073454954582356E-002  1.264615062646892E+001
    934  4.132503232986497E-002  4.441277815580333E+002
    935  4.056811279663880E-002  1.018803546340992E+001
    936  4.040390143684823E-002  7.116973551794666E+000
    937  4.122604899188480E-002  4.812285786128914E+002
    938  4.091824095254076E-002  3.525042892747039E+002
    939  4.032211780468020E-002  1.111399817457995E+001
    940  4.062568250327139E-002  2.046568034893236E+002
    941  4.026317321419556E-002  4.510853012026171E+000
    942  4.038531196353017E-002  1.212022236535087E+002
    943  4.030932222290112E-002  8.992096725474367E+001
    944  4.062207889669752E-002  2.650669747597753E+002
    945  4.033045716686692E-002  1.600494359519332E+002
    946  4.005332720596255E-002  3.732694525887031E+000
    947  4.054135981141585E-002  3.408492173691184E+002
    948  4.024063154832756E-002  1.900565884838595E+002
    949  3.991111413531569E-002  2.262139092171398E+001
    950  4.022638997593670E-002  2.368686449981625E+002
    951  3.975534367765676E-002  1.068163122604849E+001
    952  4.028356967873029E-002  3.045511274153889E+002
    953  3.969815471175215E-002  2.075836729032511E+001
    954  4.069791074046925E-002  6.219061020724533E+002
    955  3.986590166930847E-002  1.357077306664889E+002
    956  3.964318260124029E-002  2.799642804029651E+000
    957  3.964738572903646E-002  1.510865602399351E+001
    958  3.983627566635268E-002  1.335455771084373E+002
    959  3.958935075287903E-002  6.390587424006195E+000
    960  4.001634713093505E-002  2.568901837666026E+002
    961  3.957615847811263E-002  9.889756488294145E+000
    962  3.981846488705926E-002  1.828825229619444E+002
    963  3.956322386451928E-002  4.277189630802286E+001
    964  4.002734677963437E-002  3.485933284787373E+002
    965  3.932539137313957E-002  6.444889391290022E-001
    966  4.273825174830277E-002  2.208257331857316E+003
    967  4.055022431707273E-002  7.833822639530854E+002
    968  3.977358015648721E-002  3.551293394606733E+002
    969  3.910498643800343E-002  2.230624144467685E+000
    970  3.988057897423031E-002  4.815074944866685E+002
    971  3.901691522132914E-002  3.973848474459273E+000
    972  3.933922545682710E-002  2.171800258794040E+002
    973  4.028657748571663E-002  8.123732805410282E+002
    974  3.888688297323544E-002  4.775160620146047E+000
    975  3.940512738201606E-002  3.168798156538891E+002
    976  3.966798041670015E-002  5.229095544057964E+002
    977  3.890023950617803E-002  7.300049473299508E+001
    978  3.876178389921999E-002  1.489843524771629E+001
    979  3.898551953519813E-002  1.709258155571285E+002
    980  3.869103182928613E-002  6.431305026741117E+000
    981  3.952100744469436E-002  5.291455562910263E+002
    982  3.861965020358330E-002  1.971692984617216E+001
    983  3.875593187362557E-002  1.364838167767909E+002
    984  3.882628010800752E-002  1.672700554715488E+002
    985  3.848575748632574E-002  1.414433938727441E+001
    986  3.871940622892606E-002  1.622276851958215E+002
    987  3.840143403697766E-002  9.624158901164739E+000
    988  3.849029810034425E-002  6.191244413438818E+001
    989  3.865443652687581E-002  2.586846213354126E+002
    990  3.821199259966139E-002  1.983007610213491E+001
    991  3.967722043316287E-002  9.238782453985709E+002
    992  3.978760096251654E-002  1.085931599499567E+003
    993  3.794748952920782E-002  4.795569424289455E+000
    994  3.796987034530994E-002  3.391484316324348E+001
    995  3.807197694959200E-002  1.268670998477689E+002
    996  3.783185423195055E-002  1.375928750748903E+000
    997  3.856455533907512E-002  4.545454410364621E+002
    998  3.982076721642579E-002  1.137431264421603E+003
    999  3.777539527012242E-002  3.580781143689471E+000
   1000  3.864453627284103E-002  5.284275151154022E+002
   1001  3.926985656377732E-002  9.144803419876163E+002
   1002  3.773710440408032E-002  1.756513278782147E+001
   1003  3.763739354216459E-002  7.619250451675081E+000
   1004  3.767986175227936E-002  3.704516801483628E+001
   1005  3.899521883702472E-002  7.972183486111736E+002
   1006  3.837275239862054E-002  4.825480703724399E+002
   1007  3.750876478209985E-002  4.543369467764973E-001
   1008  3.803836119377314E-002  3.267526736030742E+002
   1009  3.821385585500103E-002  4.403159697762712E+002
   1010  3.742330213886208E-002  2.001770426576617E+001
   1011  3.852329410778634E-002  8.026315077151229E+002
   1012  3.733915602237261E-002  1.107819042469971E+001
   1013  3.816846775409600E-002  5.299281753017875E+002
   1014  3.744480185045994E-002  1.176896232250874E+002
   1015  3.724094605663265E-002  1.059317871067297E+000
   1016  3.886249389587466E-002  1.025657052504413E+003
   1017  3.724506290572582E-002  2.329013335287641E+001
   1018  3.837921577130331E-002  7.082675236752242E+002
   1019  3.712700463750574E-002  1.170770479018173E+000
   1020  3.859977898984763E-002  8.815492873073258E+002
   1021  3.731001821419669E-002  1.584368795763686E+002
   1022  3.827109933754749E-002  8.044917793004687E+002
   1023  3.693658763941363E-002  7.432500621673032E+000
   1024  3.784010782416557E-002  6.255172775312406E+002
   1025  3.684839601719074E-002  8.242875725357210E+000
   1026  3.848863766940705E-002  9.232531791759129E+002
   1027  3.760059663636840E-002  4.587670827450178E+002
   1028  3.674881197152814E-002  4.214909109754693E+001
   1029  3.809364655429957E-002  8.300393912747319E+002
   1030  3.656014898354940E-002  7.611473263007952E-001
   1031  3.800586643462437E-002  8.588334021700661E+002
   1032  3.811793518933136E-002  9.285966088468040E+002
   1033  3.770663522317764E-002  6.934452963228749E+002
   1034  3.750805700188366E-002  5.817857624499760E+002
   1035  3.645974808358474E-002  1.924557173477177E+001
   1036  3.956201597300220E-002  1.770325150319281E+003
   1037  3.632536897932091E-002  3.613151693592277E+000
   1038  4.431896600754400E-002  4.393996129888504E+003
   1039  4.865760777180218E-002  6.902763076663477E+003
   1040  3.619094513792424E-002  4.889940941004873E+001
   1041  5.106737408600806E-002  8.404245500724561E+003
   1042  3.890579532401042E-002  1.709994775232025E+003
   1043  3.597212306558196E-002  2.175807674598263E+001
   1044  4.325072102023116E-002  4.387954667417474E+003
   1045  6.785063912999068E-002  1.872156338444173E+004
   1046  3.582824762224661E-002  8.314624031162518E+001
   1047  4.503951984141565E-002  5.557091145872354E+003
   1048  5.666532296181197E-002  1.216821053073215E+004
   1049  3.540476749968961E-002  7.080129833398067E+000
   1050  4.641971645283872E-002  6.245185534872238E+003
   1051  3.502433595682723E-002  1.310364198919256E+001
   1052  4.493215713722234E-002  6.048856893465687E+003
   1053  4.285310840499180E-002  4.964826892214262E+003
   1054  3.485178319344347E-002  1.603219307485307E+001
   1055  3.795183832299649E-002  1.981916744741481E+003
   1056  3.480166936332325E-002  2.346711066302249E+001
   1057  3.859416358232265E-002  2.176417218339609E+003
   1058  5.492249462703687E-002  1.131208090365032E+004
   1059  3.453693242465751E-002  5.439513210260293E+000
   1060  5.890600873885132E-002  1.430760543165663E+004
   1061  3.872313329118213E-002  2.541032330645969E+003
   1062  3.842649739156469E-002  2.350814499794503E+003
   1063  3.437010295715293E-002  8.412395648163049E+001
   1064  4.389553025455205E-002  5.761539318827675E+003
   1065  3.409941784756479E-002  4.840296238634801E+001
   1066  4.713560259751276E-002  7.814914255013352E+003
   1067  4.092569499526046E-002  4.325723652421737E+003
   1068  3.404910508203102E-002  7.859889205366055E+001
   1069  3.795485294952590E-002  2.524744458644923E+003
   1070  5.254287992134664E-002  1.085128820937262E+004
   1071  4.908814503472478E-002  1.046130375641290E+004
   1072  4.733539018862863E-002  8.171511824513674E+003
   1073  3.274055592905072E-002  4.597328032039921E+000
   1074  4.161759418703512E-002  5.245106762072900E+003
   1075  1.530548366646949E-002  3.888613577999605E+003
   1076  8.985399391440788E-003  5.321013280853780E+001
   1077  5.717741643850627E-005  3.456949039347533E+001
