# dt =   1.000000000000000E-007
# j, New nj, Rate of change (1/s)
      1  2.183879497419146E+000  1.492865743675291E+003
      2  2.138261305548516E+000  3.185476088780157E+003
      3  2.099551563750660E+000  9.182647635223157E+002
      4  2.058014128805956E+000  2.521124866521450E+003
      5  2.020983890258123E+000  7.805126528919466E+003
      6  1.998113428223153E+000  8.584104614585613E+002
      7  2.011988462384414E+000  7.303450195467420E+004
      8  1.993448403351082E+000  3.620913982016264E+004
      9  1.966263100135446E+000  1.888032532705196E+003
     10  1.945163261794540E+000  3.798255702831329E+003
     11  1.755690865242038E+000  3.591684414938906E+003
     12  1.730269318228467E+000  1.558859966206596E+003
     13  1.469568849604382E+000  2.069387604483545E+002
     14  1.462843007270088E+000  4.401798873163570E+003
     15  1.434638194295200E+000  1.934073827397915E+002
     16  1.433226670577436E+000  1.526934589187652E+004
     17  1.422732091649832E+000  3.515339884058263E+003
     18  1.397107592586643E+000  1.248085757063854E+004
     19  1.382254314338587E+000  1.258295264394102E+002
     20  1.376018399732625E+000  3.770740077900801E+003
     21  1.372889671993148E+000  1.139410559149942E+003
     22  1.372529559919906E+000  9.809902231741684E+002
     23  1.374907302878989E+000  3.895130631373943E+004
     24  1.368031246722414E+000  2.992903872898711E+004
     25  1.279422976138840E+000  1.190750332869745E+002
     26  1.274492249505565E+000  1.686118627932952E+003
     27  1.267367309352587E+000  1.067301033387575E+004
     28  1.253832425556239E+000  7.894902116571285E+002
     29  1.255331998027689E+000  8.270895172594674E+003
     30  1.228659871080367E+000  5.709872476510158E+002
     31  1.222981519993322E+000  6.983051600800664E+003
     32  1.197708658067180E+000  4.372325070691427E+003
     33  1.195847542207229E+000  1.468920623396790E+003
     34  1.190763461687928E+000  8.753362210344867E+002
     35  1.183690089298763E+000  2.174686562039676E+003
     36  1.182145555245977E+000  2.263263746068074E+003
     37  1.179089417579624E+000  1.790914153044882E+003
     38  1.185524863129262E+000  2.850830570677537E+004
     39  1.175024238083357E+000  1.733644203710007E+003
     40  1.168542193098739E+000  1.548974306972995E+003
     41  1.165014176695348E+000  9.162113779730533E+002
     42  1.160156405551823E+000  1.225090033116118E+003
     43  1.133213351274478E+000  1.251478390785044E+003
     44  1.131618418101759E+000  9.582308902919420E+002
     45  1.120620614459937E+000  1.031903052182663E+003
     46  1.118723368615217E+000  1.436691591063500E+003
     47  1.114854696018492E+000  1.044220276822120E+001
     48  1.111295211621966E+000  8.375028534908756E+002
     49  1.110602703060007E+000  2.668072087880503E+002
     50  1.108919888345593E+000  3.525421762916954E+002
     51  1.107670622965294E+000  1.563930918185931E+003
     52  1.104468164189456E+000  5.058566051908995E+002
     53  1.104504197223021E+000  7.434009267250684E+002
     54  1.101887460425307E+000  1.255701296924627E+003
     55  1.086013959791939E+000  2.010526182910019E+003
     56  1.078106103006985E+000  1.169939679306599E+001
     57  1.065325585767994E+000  1.780703958507516E+003
     58  1.066414527925864E+000  1.032299221806373E+004
     59  1.060806224401971E+000  7.078384406637470E+001
     60  1.060381313828431E+000  7.249971590578476E+003
     61  1.052360676869721E+000  3.114601463324551E+002
     62  1.048678181204193E+000  7.356691209427987E+002
     63  1.046917258476921E+000  5.450557038415456E+002
     64  1.049192950269648E+000  1.606078537038879E+004
     65  1.045993904071025E+000  1.905001660375088E+004
     66  1.037015194969559E+000  2.482618317586626E+003
     67  1.031884600864532E+000  4.869784760059861E+003
     68  1.029540154477715E+000  5.580567856686481E+002
     69  1.028663180312137E+000  1.128296553022210E+003
     70  1.021881224013292E+000  5.691043755009985E+003
     71  1.017732448419603E+000  5.340659113440372E+003
     72  1.013735957314686E+000  2.496483539627737E+002
     73  1.009527170962793E+000  9.853829363985102E+002
     74  1.008502324238301E+000  1.700084693989692E+003
     75  1.002744931042378E+000  4.531192988119328E+002
     76  1.001795058516359E+000  2.721757066657212E+002
     77  1.000843788973510E+000  3.967846982807263E+002
     78  9.993616836551358E-001  5.930294181572450E+002
     79  9.974550454879810E-001  1.247881489501599E+003
     80  9.929470690600473E-001  2.252774913424085E+003
     81  9.923292199717069E-001  4.706858499941615E+002
     82  9.888586010060094E-001  4.641834902494243E+002
     83  9.885522019432466E-001  2.058414656160267E+002
     84  9.870030371180737E-001  3.718848186293497E+002
     85  9.834566012533681E-001  4.063729656629201E+003
     86  9.818782747423079E-001  3.081117700982525E+003
     87  9.744847416290988E-001  3.038862479442404E+001
     88  9.730704331101040E-001  1.953741530356239E+002
     89  9.680830634240621E-001  1.550747393875920E+003
     90  9.666973051637897E-001  4.552963352087900E+003
     91  9.649785968147088E-001  4.342653007410293E+003
     92  9.637595971777677E-001  2.285776504811437E+003
     93  9.608059538054406E-001  2.025938562286078E+002
     94  9.604364737717832E-001  9.172901095548787E+002
     95  9.595127845824691E-001  2.759325281733287E+003
     96  9.582146684000933E-001  7.821849620691078E+002
     97  9.575058742084037E-001  1.631217324819393E+003
     98  9.570403445881606E-001  7.325661316727624E+002
     99  9.553422741048689E-001  1.154955566565992E+002
    100  9.554526772811699E-001  2.695872469199538E+003
    101  9.542938469219828E-001  1.237521693745515E+003
    102  9.436625269963590E-001  1.247175961809239E+003
    103  9.371820130892258E-001  4.358075914236734E+003
    104  9.319905046969575E-001  4.991860511044429E+002
    105  9.277888967605856E-001  7.992816742448787E+002
    106  9.278026798503916E-001  1.274110980781257E+003
    107  9.243509707747409E-001  2.677004951427239E+002
    108  9.229917543658486E-001  1.948342231631535E+003
    109  9.207812012782690E-001  8.151582028474982E+002
    110  9.200182970632886E-001  1.237427855521254E+003
    111  9.192144783504910E-001  6.894865457577256E+002
    112  9.185300887444576E-001  5.332539136745339E+002
    113  9.178407856128566E-001  3.624887878604197E+002
    114  9.186613154666985E-001  1.636686728021082E+004
    115  9.118599516583317E-001  1.333537651754973E+003
    116  9.110506680027685E-001  7.373450548354655E+002
    117  9.092596691077690E-001  2.234002967908225E+003
    118  9.032097222921693E-001  3.870763713371338E+002
    119  9.028613855386626E-001  1.231881155519423E+003
    120  9.002036789116048E-001  1.070158094473578E+003
    121  8.992551279325302E-001  7.941126404879127E+002
    122  8.965295286097820E-001  1.056456898049315E+002
    123  8.953097926466040E-001  1.988538894986793E+002
    124  8.920935698435439E-001  7.215634490007093E+000
    125  8.913519292373654E-001  6.403782236653248E+002
    126  8.901591680151880E-001  4.626945829361278E+002
    127  8.899223341133493E-001  1.471914605456411E+002
    128  8.871567678155445E-001  4.430997479255288E+002
    129  8.858317294030449E-001  6.075141098278584E+001
    130  8.853801152868509E-001  4.052341198655087E+002
    131  8.824650824826251E-001  1.572387427161348E+003
    132  8.815735452211306E-001  5.971715442723220E+002
    133  8.806811146053513E-001  1.330787025100724E+003
    134  8.771696439385792E-001  1.255890199224826E+003
    135  8.761868710850986E-001  6.439590540255723E+002
    136  8.744354886931188E-001  6.607217353749347E+002
    137  8.741682100950995E-001  1.321993949024809E+003
    138  8.730254774433303E-001  9.800330869817102E+002
    139  8.718048691366957E-001  3.923522366254851E+002
    140  8.713205764335393E-001  2.329567781969763E+002
    141  8.702480707416224E-001  5.663427868790870E+002
    142  8.687285597016420E-001  4.498944111166413E+003
    143  8.638053316415129E-001  1.551293811495486E+003
    144  8.631135355214767E-001  1.244993019467909E+003
    145  8.577773123080483E-001  2.375074803595676E+002
    146  8.564659732790726E-001  1.027393508814268E+001
    147  8.536877836991911E-001  2.332442245104727E+002
    148  8.497945926604985E-001  9.252648464962180E+002
    149  8.464284636103512E-001  1.297407427546963E+003
    150  8.340500490675415E-001  6.303069833481325E+002
    151  8.335162643367359E-001  1.533293164153272E+003
    152  8.295575489743711E-001  1.711397667237756E+003
    153  8.250523778933255E-001  1.220205665146002E+003
    154  8.228398538318769E-001  5.174203211632661E+003
    155  8.211910130952111E-001  1.008610099067431E+003
    156  8.193320520764893E-001  9.945949082938367E+002
    157  8.185955547896216E-001  1.173384408942306E+003
    158  8.177078514866721E-001  1.494138803005239E+003
    159  8.167662035751241E-001  7.180145868295891E+001
    160  8.171972902285360E-001  1.874721479415525E+003
    161  8.168328717084982E-001  2.246733580817622E+003
    162  8.160345835684267E-001  1.493642508813775E+002
    163  8.144205552521065E-001  3.064468124015665E+003
    164  8.118793627685846E-001  3.988426836090150E+003
    165  7.972342345634796E-001  2.721789861630019E+003
    166  7.956221756976560E-001  6.594239716424792E+002
    167  7.922000118321614E-001  3.699265353376752E+002
    168  7.863770304986879E-001  7.411822974817965E+002
    169  7.857681509852985E-001  1.103372485985226E+003
    170  7.799431557867386E-001  1.716995963364713E+002
    171  7.761285276752941E-001  1.674110031726599E+002
    172  7.751221253440211E-001  3.245573274699347E+002
    173  7.705836298176206E-001  3.517656325407797E+002
    174  7.674875049540959E-001  7.624784045947539E+002
    175  7.653005710074825E-001  3.027544300464576E+001
    176  7.650536945278351E-001  3.136937005975344E+002
    177  7.642577263452716E-001  6.381057253112316E+002
    178  7.621541034125960E-001  4.266998743137955E+000
    179  7.590483474498695E-001  8.423012015772993E+001
    180  7.574617666657326E-001  1.483767161663199E+003
    181  7.561602101579025E-001  8.142656000135396E+001
    182  7.555683504823081E-001  2.103426192551997E+003
    183  7.539409249293378E-001  1.877353731744945E+003
    184  7.502782339032967E-001  1.280016529247517E+003
    185  7.502701523763771E-001  2.235365753251728E+003
    186  7.477865984439855E-001  6.684694556356573E+002
    187  7.465006390491963E-001  2.724056399938872E+002
    188  7.452850531667102E-001  1.422139385440654E+003
    189  7.432089938502336E-001  3.098826069370118E+002
    190  7.421429264760504E-001  7.537733661963817E+002
    191  7.353742845322309E-001  6.235355176108502E+002
    192  7.352894964104620E-001  7.120079241911162E+002
    193  7.307449730488643E-001  9.107191425612710E+002
    194  7.302878734402750E-001  1.761540146301244E+002
    195  7.271252208916881E-001  1.278338654467138E+003
    196  7.260235891375175E-001  1.018629915716895E+003
    197  7.245927823936363E-001  1.423911740045572E+003
    198  7.235094232605944E-001  9.860374331614852E+002
    199  7.242533073299761E-001  4.700664396418993E+003
    200  7.222901642807931E-001  6.569902299079088E+001
    201  7.220994607413085E-001  3.072490601652802E+002
    202  7.221396075433157E-001  1.284636396704819E+003
    203  7.215019273744741E-001  9.737642586138622E+001
    204  7.211818936327608E-001  2.378014638056358E+002
    205  7.213043922045241E-001  2.139634032140710E+003
    206  7.206888052381173E-001  6.769579093081325E+002
    207  7.210931863981848E-001  2.634526144419366E+003
    208  7.201662668405596E-001  7.062814225010511E+002
    209  7.201856929590217E-001  1.166983311095622E+003
    210  7.196717969407375E-001  6.058957763295745E+002
    211  7.193347674079316E-001  5.392846082613380E+002
    212  7.188689292762882E-001  1.692532719723308E+003
    213  7.179477573385135E-001  1.492048732481234E+002
    214  7.173529469070097E-001  5.077720391422028E+002
    215  7.168748992751949E-001  7.426819015327128E+002
    216  7.163741121734998E-001  1.188920378577892E+002
    217  7.165933496038424E-001  1.023920855420378E+003
    218  7.159340093524984E-001  9.257568338645748E+002
    219  7.153810747868807E-001  6.367265636689922E+002
    220  7.135469562361295E-001  8.160929265504556E+001
    221  7.129552085732506E-001  1.367343585983205E+003
    222  7.126043528111544E-001  8.148639713982384E+002
    223  7.102540715860975E-001  6.561991205838464E+002
    224  7.087893692189614E-001  4.615815939260566E+001
    225  7.081703309659185E-001  4.497424017329778E+001
    226  7.075064545831444E-001  5.549111683042798E+002
    227  7.072605256939469E-001  4.359331843803329E+001
    228  7.059910794673736E-001  1.620161553474096E+001
    229  7.035704672103692E-001  4.538153552402278E+003
    230  6.937386298486447E-001  1.258247953669957E+003
    231  6.869997657196912E-001  7.461379113489835E+002
    232  6.869116842658490E-001  2.213047129701637E+003
    233  6.847298754667372E-001  6.915919887432523E+002
    234  6.831928489607040E-001  2.322485885995839E+002
    235  6.797179997185807E-001  2.075213664009708E+001
    236  6.786446341303732E-001  1.465956528904445E+003
    237  6.775594745985561E-001  5.867979629266418E+002
    238  6.772819984669439E-001  2.915258311072555E+002
    239  6.766449788186411E-001  8.523409025081822E+002
    240  6.753530865179732E-001  4.117823115109230E+002
    241  6.742856789645103E-001  1.048164590084595E+003
    242  6.734386884248693E-001  2.704647859323390E+002
    243  6.719188544662481E-001  6.916349305669242E+001
    244  6.715706798616226E-001  4.195428721548694E+002
    245  6.708820522485576E-001  8.772306994453307E+002
    246  6.631971474200877E-001  1.014452793226295E+003
    247  6.625012962001717E-001  2.320462732684871E+002
    248  6.623533522767622E-001  3.395653915900245E+003
    249  6.548797941977169E-001  1.997971611772316E+003
    250  6.537979266586580E-001  1.298924656930586E+002
    251  6.472629801398303E-001  1.253211355918136E+003
    252  6.438521711230242E-001  3.103363987985992E+001
    253  6.422178939179807E-001  2.531483151714267E+003
    254  6.399170196728288E-001  6.818537289844929E+002
    255  6.384711417997143E-001  3.830599949379248E+003
    256  6.366907925187337E-001  2.298495288479928E+002
    257  6.346755871229227E-001  1.888705573515662E+002
    258  6.326673092976290E-001  1.960332399493329E+003
    259  6.308186512789973E-001  5.529136064611715E+002
    260  6.268710652587675E-001  1.794681745390484E+002
    261  6.254522835256151E-001  3.691516659513911E+002
    262  6.246341074259518E-001  4.781177401752978E+002
    263  6.239714047017029E-001  5.392926309850822E+000
    264  6.232449485450166E-001  9.383782126488944E+002
    265  6.225465133787126E-001  3.596692902829622E+001
    266  6.223857578278066E-001  3.511248228671233E+002
    267  6.221708843344866E-001  9.057768537881100E+001
    268  6.217308635191130E-001  5.539348401757253E+001
    269  6.215047044710206E-001  1.526142120053088E+002
    270  6.213580047908462E-001  4.226076039994387E+002
    271  6.207766102294601E-001  9.069054101895091E+001
    272  6.205263880157266E-001  5.418539768832026E+002
    273  6.204756311139009E-001  6.871379873585660E+002
    274  6.204631062825574E-001  8.449612497313650E+002
    275  6.203676154490754E-001  8.646799646841708E+002
    276  6.195462341885930E-001  7.956317500271520E+001
    277  6.194857745840850E-001  7.497243996885592E+001
    278  6.193124423621382E-001  1.973083675296938E+002
    279  6.193248072317622E-001  1.148296032280119E+003
    280  6.188578195372668E-001  2.507051684308643E+002
    281  6.187330599607974E-001  8.207249034758297E+002
    282  6.181357130645269E-001  1.707848863074168E+003
    283  6.177880249173543E-001  5.940634449458158E+002
    284  6.144985901772528E-001  4.293583895238236E+001
    285  6.145537991764899E-001  7.928301210296726E+002
    286  6.114432173422512E-001  1.510646951994584E+001
    287  6.114207517721657E-001  1.316085049319703E+002
    288  6.071524011874306E-001  1.582686511995018E+003
    289  6.052756542031258E-001  1.309308629330552E+003
    290  6.060983188969206E-001  5.417863058888082E+003
    291  6.067842154739305E-001  8.377405627137556E+003
    292  6.042837654153803E-001  2.404782803535413E+003
    293  6.040149824072880E-001  3.631202855791797E+003
    294  6.031348551642192E-001  3.734597278137092E+003
    295  6.025953646489125E-001  2.427693854268693E+003
    296  6.021764153284477E-001  2.978139039150206E+003
    297  6.019917552345488E-001  5.144818995047177E+003
    298  6.044519852358494E-001  2.203721009211465E+004
    299  5.995687565513732E-001  5.830020599313349E+003
    300  6.012669460297484E-001  1.946803938079737E+004
    301  5.980008487830146E-001  1.113922687861096E+004
    302  5.962888348706746E-001  5.915388014764868E+003
    303  5.920749470013768E-001  5.348691792066624E+003
    304  5.880089547508934E-001  4.801324795535461E+002
    305  5.840544596590830E-001  2.694824924596071E+002
    306  5.839561069824004E-001  2.707303928143803E+003
    307  5.828074018706589E-001  2.874293703539435E+002
    308  5.851532996743526E-001  8.514109196811694E+003
    309  5.818022297187047E-001  7.338041029831198E+002
    310  5.811075312181037E-001  1.782862908926371E+003
    311  5.794932326533024E-001  7.625733839674522E+002
    312  5.793505065433715E-001  1.188171016474920E+003
    313  5.788435546453237E-001  1.633802350521611E+002
    314  5.781566320435264E-001  3.422733583103649E+002
    315  5.776420271394789E-001  6.283871094505484E+001
    316  5.774343027349111E-001  5.000804919281809E+002
    317  5.763696667548934E-001  3.395907273998078E+002
    318  5.764221373521418E-001  9.634988642266741E+002
    319  5.756977050756554E-001  6.140853060913215E+002
    320  5.751625895377620E-001  1.218376978461675E+003
    321  5.746135213690607E-001  4.623742362394341E+002
    322  5.738003442359720E-001  9.346202928663268E+001
    323  5.737782606053634E-001  1.946938533097985E+002
    324  5.732664501087897E-001  5.231181772707017E+002
    325  5.701955388616581E-001  8.591172427041282E+002
    326  5.704110161810841E-001  1.877706480916356E+003
    327  5.699994169555636E-001  9.455561266710921E+002
    328  5.692279440616388E-001  5.145848414857387E+001
    329  5.669326427780476E-001  1.503385861575653E+003
    330  5.668060317573094E-001  5.504158114764165E+003
    331  5.581566453473428E-001  1.368639025277861E+003
    332  5.575804666581951E-001  1.065660422633242E+003
    333  5.542781502441405E-001  6.134708564995950E+002
    334  5.530140155968947E-001  3.288810644114124E+002
    335  5.517575127303257E-001  2.497089110418721E+003
    336  5.422131055339989E-001  6.244240359125864E+002
    337  5.380372382029749E-001  1.058964456163810E+002
    338  5.343985936015002E-001  6.748533047234993E+002
    339  5.227149799861254E-001  1.925544812461575E+002
    340  5.219096146919008E-001  2.211943793412513E+002
    341  5.213128747423801E-001  1.031225110491865E+003
    342  5.187262592358324E-001  3.839421713268191E+001
    343  5.179847760405277E-001  5.757901462465005E+002
    344  5.175905500592271E-001  2.942113928985020E+003
    345  5.129152700902891E-001  4.081333148713897E+001
    346  5.130137063520445E-001  2.288174640291312E+003
    347  5.132459821409092E-001  3.434097798585482E+003
    348  5.076404497478411E-001  1.941309473293478E+003
    349  5.069397325053880E-001  2.078945995870547E+002
    350  5.053592104661490E-001  2.971801728521971E+001
    351  5.046737059409648E-001  1.511174620892750E+002
    352  4.945202553730646E-001  8.705811124460033E+002
    353  4.925603246060196E-001  1.248800607290848E+002
    354  4.917437356306745E-001  5.967984966774850E+001
    355  4.905608795277263E-001  4.420189877660018E+002
    356  4.846256782728267E-001  1.747111998395633E+003
    357  4.818447122301032E-001  8.406110070543937E+002
    358  4.838222377299934E-001  1.045959994637259E+004
    359  4.768515541706722E-001  4.995918061090782E+002
    360  4.660831407100999E-001  2.596957500274819E+002
    361  4.647188331273114E-001  2.123179760845622E+002
    362  4.627595549835192E-001  2.754603816141132E+001
    363  4.621577544555937E-001  5.315711046540957E+000
    364  4.613117433783456E-001  2.394375354934408E+002
    365  4.593863103359668E-001  2.127229453889002E+002
    366  4.591208583672172E-001  5.508527218109224E+001
    367  4.583960865437400E-001  5.955179748151469E+002
    368  4.573167557724979E-001  4.933123613681378E+001
    369  4.565609363522127E-001  1.243147556950089E+002
    370  4.556050795245093E-001  8.711015491923690E+001
    371  4.546463672735642E-001  2.715632621749316E+001
    372  4.544602759905177E-001  4.364408397148392E+002
    373  4.536871991642162E-001  1.497476721734630E+001
    374  4.534397022848105E-001  1.088247395536965E+003
    375  4.529789431879934E-001  1.179060527822852E+002
    376  4.530744080752105E-001  7.612531675568533E+002
    377  4.525045063354312E-001  2.548587325240933E+002
    378  4.485156528255359E-001  2.762211431621813E+003
    379  4.485737913825721E-001  3.252956733015776E+003
    380  4.461542776610117E-001  1.615162612784542E+003
    381  4.460824531472312E-001  2.480154602601833E+003
    382  4.393940907744844E-001  5.571178927387882E+002
    383  4.392467988506927E-001  2.265255100814403E+003
    384  4.457596169097043E-001  3.930635745107968E+004
    385  4.266418136932147E-001  2.004204624066013E+003
    386  4.225338934856684E-001  5.455786652343056E+003
    387  4.125832871042014E-001  5.810982464995280E+003
    388  4.005472803695533E-001  3.755221102575752E+000
    389  3.995766805041315E-001  6.218697189211955E+002
    390  4.054119591955257E-001  2.283914571174942E+004
    391  3.995692374474159E-001  5.666065117032728E+003
    392  3.982771694363722E-001  2.026541948920934E+004
    393  3.744338788814040E-001  4.413423506753804E+003
    394  3.533929113223843E-001  5.768627758832703E+002
    395  3.533640075317563E-001  1.985180456125108E+003
    396  3.517942093147242E-001  2.102275597078116E+003
    397  3.512245587983865E-001  4.783244621791932E+002
    398  3.504774929936244E-001  3.944153726226469E+002
    399  3.504128299779753E-001  6.367918322067909E+002
    400  3.499956257534751E-001  9.718004326075949E+002
    401  3.491712640233592E-001  8.441612297698298E+002
    402  3.493546576127106E-001  6.478005415871904E+003
    403  3.470241482161018E-001  2.178572233012219E+003
    404  3.466524857430861E-001  1.181069912811251E+003
    405  3.465898779441441E-001  4.179300521434879E+003
    406  3.446163552170139E-001  2.796878894106443E+000
    407  3.445295310603478E-001  2.841158863498891E+003
    408  3.420990284310565E-001  2.253532740376945E+001
    409  3.413396159711911E-001  1.119953340091176E+003
    410  3.408039410654151E-001  1.217017686646385E+002
    411  3.398851451639393E-001  1.095901157387837E+003
    412  3.385321454104129E-001  9.031093964257757E+000
    413  3.379933728615918E-001  1.471289875963314E+003
    414  3.375146766547230E-001  1.176606500023101E+002
    415  3.379315261134110E-001  2.043815378565303E+003
    416  3.370980358050661E-001  1.319768285735487E+002
    417  3.350913130025953E-001  1.181325305002704E+003
    418  3.509154559438991E-001  5.741167914277783E+004
    419  3.346820856509700E-001  5.581866011981219E+003
    420  3.311888449361444E-001  1.646515348567790E+002
    421  3.309139919435323E-001  1.390861998204567E+003
    422  3.320223778273066E-001  8.230945965968011E+003
    423  3.289591306828411E-001  2.863319344229307E+003
    424  3.266838067323980E-001  3.383434617253635E+001
    425  3.281916382095267E-001  8.245977574380699E+003
    426  3.252847191552418E-001  1.510039860728928E+003
    427  3.257596066044989E-001  6.567940400331699E+003
    428  3.228169862225814E-001  3.161692211895208E+001
    429  3.225008131307898E-001  6.704438794995522E+001
    430  3.240063932829645E-001  5.696017068281606E+003
    431  3.227141085905079E-001  1.928964668975005E+003
    432  3.216398325078349E-001  2.871702092188334E+002
    433  3.217502057885039E-001  1.072347855695196E+003
    434  3.221043669082168E-001  3.876155081674877E+003
    435  3.206529593733391E-001  8.503276449545496E+001
    436  3.236819504111129E-001  1.110674811297803E+004
    437  3.198036025682232E-001  6.474769071295025E+001
    438  3.207552383853571E-001  3.679602380442596E+003
    439  3.182758739462259E-001  8.348583942668137E+000
    440  3.177862940140554E-001  1.294280300446182E+003
    441  3.161219122165634E-001  1.077393333444474E+002
    442  3.158685831312548E-001  3.097025558730693E+002
    443  3.146951279100191E-001  1.283678449300791E+000
    444  3.121500243362907E-001  3.822693454614111E+002
    445  3.115120181798062E-001  1.790276669834591E+003
    446  3.107313345265046E-001  1.429650106254096E+003
    447  3.067083260440293E-001  3.598907513177731E+001
    448  3.057608910601243E-001  1.840950928657223E+003
    449  3.047100948980604E-001  5.414486440153850E+002
    450  3.044245542633714E-001  2.718431538976955E+003
    451  3.033194730714450E-001  3.278741225931522E+002
    452  3.054880447265831E-001  9.461236951340068E+003
    453  3.032563854640317E-001  2.786520256745007E+003
    454  3.022826498451807E-001  5.801445726632162E+003
    455  3.003376615170766E-001  6.840604963671989E+002
    456  3.011895987861138E-001  3.795018515635599E+003
    457  2.989416705566505E-001  5.949268515719816E+001
    458  2.987390267590989E-001  2.992812314032117E+003
    459  2.969075161567011E-001  2.311365278106775E+003
    460  2.944873066800450E-001  2.013567474438257E+003
    461  2.928698612521902E-001  3.766096494112765E+001
    462  2.932589235995667E-001  2.127294622303319E+003
    463  2.920984590130313E-001  9.727373590882769E+001
    464  2.927535886039303E-001  2.765187712561341E+003
    465  2.916311993249292E-001  9.651222275038829E+001
    466  2.922223074689072E-001  3.187682992479490E+003
    467  2.913439774182833E-001  6.932207377402555E+002
    468  2.917166511673843E-001  2.071260345991731E+003
    469  2.904707501993833E-001  6.319060377582023E+001
    470  2.903308212258926E-001  1.349749383853909E+002
    471  2.902272828664258E-001  9.802824057182876E+001
    472  2.904067705332170E-001  9.655105041967836E+002
    473  2.897741923939383E-001  1.607075261253898E+002
    474  2.905600326512603E-001  3.346129488445358E+003
    475  2.904848858974043E-001  4.502264043868369E+003
    476  2.888611105515260E-001  9.551849217223382E+001
    477  2.891533551144977E-001  1.442655319815795E+003
    478  2.886252228788215E-001  1.267774110867542E+003
    479  2.879654132145104E-001  8.663483841097860E+002
    480  2.878373468906938E-001  7.381162423247991E+002
    481  2.874377042684622E-001  1.639405024714957E+002
    482  2.877056807679159E-001  1.376825775302225E+003
    483  2.872831363151930E-001  6.912350433151360E+002
    484  2.869448896613198E-001  1.066641987495131E+002
    485  2.881268703776043E-001  4.876858502974328E+003
    486  2.867496521955444E-001  5.459937466872257E+002
    487  2.866611909117643E-001  1.199150723947879E+003
    488  2.860307546237289E-001  5.958228665048137E+001
    489  2.858943537597577E-001  3.705979990905080E+002
    490  2.855002977780616E-001  1.567660919129595E+001
    491  2.857429869698164E-001  2.940545562376280E+003
    492  2.852377152738907E-001  2.297047960823151E+003
    493  2.813224190029050E-001  6.595648444697475E+002
    494  2.811435539369489E-001  7.224152370376491E+002
    495  2.800009157876358E-001  5.561047174929053E+002
    496  2.792299212902143E-001  1.978335093422583E+001
    497  2.792929914487676E-001  2.427821613619477E+003
    498  2.771595569742704E-001  1.686257780421370E+003
    499  2.762959431535954E-001  2.091578644685435E+000
    500  2.759611042626090E-001  7.089455872791782E+002
    501  2.749216569841026E-001  1.202511446732468E+000
    502  2.743268086476547E-001  2.542185808904816E+002
    503  2.719184020365954E-001  1.048755929394429E+003
    504  2.712818699597542E-001  2.114150496062932E+003
    505  2.701018041298091E-001  2.736554707752400E+003
    506  2.690328024078135E-001  2.439829153162530E+001
    507  2.692176502766570E-001  2.319586894241072E+003
    508  2.682658557134853E-001  3.309091787821163E+001
    509  2.679757831086873E-001  2.335389183161513E+001
    510  2.683271766568004E-001  1.763206729883818E+003
    511  2.676838721126160E-001  9.606496189669916E+001
    512  2.676094419642167E-001  4.770565002603180E+002
    513  2.673880288156203E-001  9.065067074265824E+001
    514  2.674733255599131E-001  5.078368893976137E+002
    515  2.672968526476956E-001  2.097281232912354E+002
    516  2.672863489535575E-001  6.776211340745377E+002
    517  2.671348182288399E-001  5.751824573007434E+002
    518  2.672768930207678E-001  1.140064592297616E+003
    519  2.672751702653176E-001  1.161154188943523E+003
    520  2.668638006979248E-001  1.412274729281496E+001
    521  2.666847040846952E-001  2.745227649603156E+002
    522  2.607699168878445E-001  6.805581981766291E+001
    523  2.603240905343928E-001  1.559176670749206E+002
    524  2.603327618962442E-001  6.642140353958719E+002
    525  2.599208931643573E-001  6.350904437152448E+002
    526  2.594479649216285E-001  1.437086157442033E+002
    527  2.589989699954639E-001  1.779058420229202E+002
    528  2.589656678590284E-001  2.408463615436368E+002
    529  2.588027943197123E-001  1.226339555097362E+002
    530  2.551623957260076E-001  2.367553325029363E+003
    531  2.543332248667990E-001  3.621941518387693E+003
    532  2.519440085770587E-001  6.223868154689221E+002
    533  2.486642276315733E-001  1.633978513675993E+003
    534  2.475888537048576E-001  3.410012687863206E+002
    535  1.894901687789348E-001  3.837204295357590E+003
    536  1.889412269442442E-001  3.850390885260931E+003
    537  1.841367581009608E-001  7.252244334282899E+003
    538  1.196942625093948E-001  2.330162618862150E+003
    539  9.528367167732826E-002  3.759447986425648E+004
    540  8.070657139188735E-002  4.194243170943842E+002
    541  8.054313594204682E-002  5.898893156991347E+002
    542  8.027160987550924E-002  2.843476988548052E+002
    543  7.952575009951621E-002  1.253086014979600E+003
    544  8.143751293950970E-002  1.577934012133341E+004
    545  7.658086753376442E-002  5.248816484222368E+002
    546  8.304484095787706E-002  2.235241521601170E+004
    547  1.633359612574320E-001  2.943127158975368E+005
    548  7.667928371676448E-002  2.396383926445101E+003
    549  7.901798470971980E-002  1.216646292089978E+004
    550  7.550820858868126E-002  6.734951746497126E+002
    551  7.944903752282208E-002  1.431739399353967E+004
    552  7.831290867913795E-002  1.062693825916192E+004
    553  7.562650471713825E-002  2.166083162573514E+003
    554  7.765525380270472E-002  1.117960405523695E+004
    555  7.436707342381281E-002  4.470655495546152E+002
    556  7.352014468301735E-002  2.138457479441081E+001
    557  7.367652277449054E-002  6.971157587916845E+002
    558  7.333223009852723E-002  1.733990422457172E+002
    559  7.331501398122267E-002  2.720511741682311E+002
    560  7.284573642512844E-002  6.584849640573397E+002
    561  7.263871035112995E-002  2.447775018295832E+002
    562  7.251730805785045E-002  3.717584406512673E+001
    563  7.496579907313557E-002  8.617531032492650E+003
    564  7.255455522717752E-002  8.949101836416658E+002
    565  7.227586041343614E-002  3.706180276350154E+002
    566  7.710465769256276E-002  1.695020912221953E+004
    567  7.194123964689574E-002  1.217759066424550E+002
    568  7.171140842922412E-002  1.140561812450322E+003
    569  7.137235973254190E-002  8.088797027176869E+001
    570  7.171732125242471E-002  1.532371050792671E+003
    571  7.107888169378684E-002  2.279416868669852E+002
    572  7.143412097665107E-002  1.814946289077295E+003
    573  7.096699866687557E-002  3.466174954086354E+002
    574  7.077893654216613E-002  8.260221052968797E+001
    575  7.089940957710937E-002  8.500909052848297E+002
    576  7.082380876713010E-002  9.430804807411361E+002
    577  7.058895435660850E-002  2.076546400061068E+002
    578  7.063783412857466E-002  6.494822216197371E+002
    579  7.044922564742935E-002  8.704483396598617E+001
    580  7.079853622075367E-002  1.430214442087991E+003
    581  7.035600657067888E-002  3.050763810194250E+000
    582  7.084613690564939E-002  2.123759737715255E+003
    583  7.016815993962758E-002  1.164836495164563E+002
    584  6.997530545321927E-002  1.686472535429005E+002
    585  7.011796620946470E-002  8.481550527903470E+002
    586  6.974082795765411E-002  1.908870190446121E+001
    587  6.978248741593293E-002  2.545188849346613E+002
    588  7.034939626412323E-002  2.308788027115274E+003
    589  6.960675841655269E-002  9.707876859243167E+001
    590  6.955873156806085E-002  2.319988185511151E+001
    591  6.945031257696418E-002  3.349636591685358E+001
    592  7.024930728891006E-002  2.751883377026910E+003
    593  6.993696768910608E-002  2.092515095520991E+003
    594  6.923982653000801E-002  1.494512350052818E+002
    595  6.913222211774639E-002  7.813871385559328E+001
    596  6.902556233441480E-002  8.503069496119569E+001
    597  6.909347287321370E-002  3.475860458118790E+002
    598  6.885487660651922E-002  7.088440889476993E-001
    599  6.889961353495640E-002  3.246952146877665E+002
    600  6.869831981963032E-002  1.724759233447500E+002
    601  6.865196995287021E-002  3.563900868893031E+001
    602  6.885446008525524E-002  7.940568477767515E+002
    603  6.859566689598441E-002  8.618419110349464E+000
    604  6.858223736126554E-002  2.287881593686597E+002
    605  6.846359535206320E-002  1.891066107266579E+002
    606  6.835770778102705E-002  5.924754522682972E+000
    607  6.845066025437502E-002  3.362155929478193E+002
    608  6.826774030434310E-002  5.135242084173427E+001
    609  6.826826367535752E-002  1.897191034954832E+002
    610  6.823943444122249E-002  1.048607362769579E+002
    611  6.827907411680804E-002  2.743284506259709E+002
    612  6.815516837984965E-002  1.664674629585443E+000
    613  6.814955292684981E-002  2.886082014478508E+002
    614  6.803538672882813E-002  1.073301057418355E+001
    615  6.805788703333404E-002  1.789878017420521E+002
    616  6.799270512546207E-002  1.178160534604078E+002
    617  6.806078010346811E-002  4.499126657530546E+002
    618  6.790837157760658E-002  5.393504802379260E+002
    619  6.771396231975008E-002  2.380097808817466E+001
    620  6.762658800760406E-002  7.809651393542237E-001
    621  6.775831779355987E-002  5.282625919723740E+002
    622  6.759299560880970E-002  9.898873665142175E+001
    623  6.761101789435349E-002  3.249148340006830E+002
    624  6.750379713600961E-002  1.029003695388854E+002
    625  6.741793278732834E-002  2.639371442641841E+001
    626  6.741587054821477E-002  2.176495274473318E+002
    627  6.732917511468607E-002  2.397278921673683E+001
    628  6.720574431367266E-002  1.832787157988267E+000
    629  6.712582832130534E-002  1.509981822255934E+000
    630  6.716902086475757E-002  1.639716447401059E+002
    631  6.713435598862905E-002  1.262468867690044E+002
    632  6.712333375635404E-002  1.758100687890682E+002
    633  6.707984461722052E-002  5.173364352264225E+001
    634  6.701400510820540E-002  3.863880377145987E+001
    635  6.702961069067072E-002  2.716945394111103E+002
    636  6.697971880325805E-002  1.078068336158781E+002
    637  6.691980209019245E-002  8.814444777726372E+001
    638  6.688325737144001E-002  4.338047341450509E+000
    639  6.689742314501995E-002  1.440394465005817E+002
    640  6.684219840539986E-002  2.163519203337027E+001
    641  6.683734417430683E-002  7.169029790707216E+001
    642  6.678364717831171E-002  2.082102732570440E+001
    643  6.675810976813101E-002  4.440444254358206E+001
    644  6.671790267406555E-002  1.291238786365192E+001
    645  6.673105250961645E-002  9.331228616764515E+001
    646  6.667481368112717E-002  7.592030866180504E+001
    647  6.662261942617607E-002  2.696564650980703E-001
    648  6.660577699909961E-002  1.894032287034590E+001
    649  6.659021465070343E-002  1.058017389795310E+002
    650  6.653528083846130E-002  2.269733438477856E+002
    651  6.646303320433089E-002  2.222711769781082E+001
    652  6.633377218143621E-002  4.111353267157762E-001
    653  6.631309490604442E-002  4.478291467112476E+000
    654  6.622602411142617E-002  2.245119318334841E+002
    655  6.616082862065985E-002  2.099646692897154E+002
    656  6.607330712295632E-002  7.845041314866522E+001
    657  6.600461702749921E-002  2.636029455373150E+001
    658  6.608026176040371E-002  3.234089308202865E+002
    659  6.602935828448363E-002  4.035840011484235E+002
    660  6.577900348062182E-002  1.844729988339027E+001
    661  6.583872089411408E-002  2.859703216582993E+002
    662  6.570945227281914E-002  9.919813312827221E+000
    663  6.559176492495505E-002  2.753561532172855E+002
    664  6.543221113017850E-002  1.282509959149279E+001
    665  6.537965293486153E-002  3.111128188774922E+001
    666  6.551133274072428E-002  9.340974184501928E+002
    667  6.512194609533090E-002  3.773703566779579E+002
    668  6.499404617774597E-002  2.040718158628014E+001
    669  6.507476187094879E-002  6.637609908408000E+002
    670  6.485226947399211E-002  5.262489226278245E+001
    671  6.471275935694647E-002  3.167402646539441E+002
    672  6.464122085336556E-002  1.133628020428136E+002
    673  6.479280138613945E-002  9.599819163148132E+002
    674  6.445492006870701E-002  1.356777887949600E+002
    675  6.448374963897441E-002  4.087325337256789E+002
    676  6.426241896548414E-002  2.732165556646592E+002
    677  6.398974396536904E-002  1.972495093783984E+001
    678  6.386925272430224E-002  3.087388848031782E+002
    679  6.361288519171601E-002  2.842094035019869E+001
    680  6.359458106478875E-002  2.613927131542714E+002
    681  6.356934740498708E-002  3.735141871732589E+002
    682  6.336851107897090E-002  7.109354402188930E+001
    683  6.339368680851898E-002  1.902837022510608E+002
    684  6.332024693537354E-002  5.888836510383345E+001
    685  6.328297342774611E-002  2.176944684578336E+001
    686  6.343864562055709E-002  6.100780740670501E+002
    687  6.332254265908147E-002  3.091044547421986E+002
    688  6.320348333189221E-002  9.552119883498177E+000
    689  6.324508815755343E-002  3.455362935229737E+002
    690  6.318991172117974E-002  4.845855487948920E+002
    691  6.307566614795634E-002  3.220636513938783E+002
    692  6.297257357402623E-002  2.038879821400634E+000
    693  6.293926435360485E-002  8.689196323904655E+000
    694  6.314888601058267E-002  7.201682935942271E+002
    695  6.291927480759035E-002  5.967732633886153E+001
    696  6.278583732648889E-002  1.429247891884424E+001
    697  6.286957024124440E-002  3.282001163136522E+002
    698  6.300293763255255E-002  9.883290397136653E+002
    699  6.267863201683335E-002  2.127188097253565E+001
    700  6.269631928464924E-002  3.299601143798006E+002
    701  6.251988433865689E-002  9.311945560567624E-001
    702  6.257342028376506E-002  2.565949383827041E+002
    703  6.240374499740911E-002  1.050929203335955E+001
    704  6.227847810265822E-002  2.195109333384647E+000
    705  6.214771156337773E-002  9.997853184983521E+000
    706  6.214076064297396E-002  4.189323873605755E+002
    707  6.188267213345722E-002  2.420575206658417E+001
    708  6.197022373348413E-002  4.161736431144693E+002
    709  6.180322269064957E-002  3.901850216940974E+001
    710  6.211927278099545E-002  1.167809228069599E+003
    711  6.165361222294247E-002  1.081085163494768E+001
    712  6.164581827894047E-002  3.478596148034494E+002
    713  6.152319926953299E-002  8.597508167491146E+001
    714  6.148407475725360E-002  1.830837875086700E+001
    715  6.144074721941983E-002  1.603951906530806E+001
    716  6.162762177811578E-002  7.479959734557315E+002
    717  6.147203461193160E-002  5.555332178551397E+002
    718  6.123975246063846E-002  9.723541547533925E-001
    719  6.128228455651576E-002  1.737263929294966E+002
    720  6.104455376105216E-002  4.714416217740616E+000
    721  6.110980613608319E-002  4.493755119643230E+002
    722  6.096725902949560E-002  1.805590560891372E+001
    723  6.091933656624319E-002  9.708553926885845E-001
    724  6.094311719896253E-002  2.058743299735794E+002
    725  6.105227705047313E-002  6.548974468907701E+002
    726  6.075094873161757E-002  4.238485955264655E+000
    727  6.072691143780248E-002  2.311885311272671E+002
    728  6.064863531642029E-002  8.117138167238970E+000
    729  6.062169175151578E-002  5.018643694414775E+000
    730  6.059687512412461E-002  2.569394736574656E+002
    731  6.052185385813744E-002  6.783970655894760E+001
    732  6.050534957674027E-002  2.049458101533346E+001
    733  6.050744285856011E-002  2.496350122932935E+002
    734  6.043141511950010E-002  1.014803826537622E+000
    735  6.040043192629233E-002  3.724121492053665E+000
    736  6.035452593808041E-002  1.824124946844266E+000
    737  6.036498404347616E-002  4.602481724883489E+001
    738  6.032751252649948E-002  2.114161806021343E+002
    739  6.026455808512135E-002  9.639620548562890E+000
    740  6.026007029835551E-002  2.409563839211552E+000
    741  6.029311063869335E-002  1.698594067975392E+002
    742  6.025556273522306E-002  1.315321905431563E+002
    743  6.018498812872312E-002  2.972306693760706E-001
    744  6.009845362977723E-002  3.716442388805479E+001
    745  6.014849882912280E-002  3.142449378982108E+002
    746  6.006022301639932E-002  3.498856911313060E+002
    747  5.994628493147121E-002  5.496225551425495E+000
    748  5.995758002746110E-002  1.700462600727131E+002
    749  5.996731135271982E-002  4.221011242228435E+002
    750  5.982325855091793E-002  3.939266619617309E+000
    751  5.984333265602115E-002  2.751009073374477E+002
    752  5.968597684517336E-002  5.994986732000561E-001
    753  5.959423177055025E-002  2.944246719590121E+000
    754  5.957544308958400E-002  1.163975633064594E+001
    755  5.961549684773269E-002  1.494130855884236E+002
    756  5.950512494926705E-002  3.792399397731199E+001
    757  5.948849000010706E-002  2.175959277076937E+002
    758  5.935013078479931E-002  1.603375949217128E+001
    759  5.925327174486366E-002  1.139376658621333E+000
    760  5.915953177350809E-002  2.924855040567320E+002
    761  5.901797736972492E-002  1.203216772606094E+001
    762  5.934933911441506E-002  1.381454489718892E+003
    763  5.882284927470736E-002  7.235144206157015E+002
    764  5.850270095413536E-002  1.053754205632873E+001
    765  5.847243568939208E-002  3.145611895071874E+002
    766  5.833721248671060E-002  6.440666014040640E+000
    767  5.810823210410999E-002  1.398832206791762E+001
    768  5.824760452855150E-002  8.640604733958143E+002
    769  5.801781346096126E-002  6.083656740792222E+002
    770  5.781924684545080E-002  2.271988239745791E+001
    771  5.783672023612417E-002  5.451807433272140E+002
    772  5.751092535555671E-002  4.404449272357386E+002
    773  5.713410433489485E-002  1.021020508034797E+000
    774  5.710295992030034E-002  5.480193664567286E+002
    775  5.661291659876345E-002  1.121510543060253E+000
    776  5.644875553140146E-002  5.661885687621584E+000
    777  5.670726438630491E-002  9.280713220919430E+002
    778  5.629912740873799E-002  7.940106572415176E+002
    779  5.603970391097302E-002  4.498500909032701E+000
    780  5.610325975886307E-002  3.430752002064340E+002
    781  5.577813480844695E-002  2.353383647173320E+001
    782  5.568295059167968E-002  2.986118198129620E+001
    783  5.583651999026943E-002  6.008753994981697E+002
    784  5.569286056459111E-002  2.899453861881433E+002
    785  5.596059727604623E-002  1.385479935065598E+003
    786  5.552677023056430E-002  1.532747363919762E+001
    787  5.547716884133276E-002  4.261793341531770E+001
    788  5.538704912644499E-002  4.292764712106755E+000
    789  5.540864225300893E-002  2.492398250534853E+002
    790  5.531685695788344E-002  3.441091840329700E+001
    791  5.532580675180379E-002  1.999529386201129E+002
    792  5.524379362188593E-002  1.416144634986823E+001
    793  5.521521019539955E-002  1.009844944042130E+002
    794  5.513839903752726E-002  1.902977237199010E+001
    795  5.516327340899790E-002  1.776421515092917E+002
    796  5.499425246727019E-002  8.470508738014625E+001
    797  5.493614035428877E-002  2.955129542709918E+002
    798  5.484826880757721E-002  3.732023800294995E+000
    799  5.486766507732310E-002  2.792861530928344E+002
    800  5.477609465717784E-002  4.718742020152900E+001
    801  5.467412070536162E-002  1.100434548765816E+000
    802  5.465012038073627E-002  2.471401166117523E+002
    803  5.449595353720940E-002  1.638007926051102E+002
    804  5.440435872413475E-002  2.704443949136254E+001
    805  5.423287829507996E-002  6.943005575425732E+000
    806  5.416363915175604E-002  4.216203694222152E-001
    807  5.419031149402103E-002  1.575322367815781E+002
    808  5.419124289449027E-002  3.570532897025441E+002
    809  5.382531900500834E-002  1.677470993023417E+001
    810  5.388859115232963E-002  3.631107619341744E+002
    811  5.369745897650807E-002  2.986497875561550E+000
    812  5.366953574244505E-002  8.679354034989115E+001
    813  5.361823775966312E-002  2.596504389406016E+002
    814  5.349049387124370E-002  3.014823670311985E+000
    815  5.345760657310833E-002  2.436901096553547E+001
    816  5.358040738537169E-002  4.398215485656825E+002
    817  5.336057860598634E-002  1.317274303254255E+002
    818  5.325767058011477E-002  5.488796297493761E+000
    819  5.319760044492655E-002  2.541077787542897E+000
    820  5.315629661618986E-002  1.240754766950460E+002
    821  5.315934638267041E-002  1.592310924806384E+002
    822  5.319103776140648E-002  3.452085262018957E+002
    823  5.308061837532190E-002  3.825557644373678E-001
    824  5.304946852154171E-002  9.522006763297112E+001
    825  5.306757164447047E-002  3.038673776666558E+002
    826  5.304809662939053E-002  4.160414591421333E+002
    827  5.290407125224308E-002  1.135035471845120E+002
    828  5.284245882133622E-002  1.020221546541765E+001
    829  5.291085244900819E-002  3.820075253530965E+002
    830  5.279761274655028E-002  1.016378287189791E+001
    831  5.279234486687891E-002  1.832677446428515E+002
    832  5.278174879026801E-002  2.908719467404629E+002
    833  5.265317398278792E-002  5.039627768223841E-001
    834  5.262567251531410E-002  3.414114370422656E+000
    835  5.272622450143912E-002  3.964422283730482E+002
    836  5.273857877664339E-002  9.199017087426727E+002
    837  5.246374388159223E-002  9.368578600268409E+000
    838  5.255903839683704E-002  4.537912125373188E+002
    839  5.237315627937045E-002  5.804910186849224E+000
    840  5.220052139233514E-002  1.195194018627193E+000
    841  5.214852912794935E-002  1.518527666875737E+000
    842  5.223362292992977E-002  4.428319400539669E+002
    843  5.207045127661655E-002  2.086155478900487E+002
    844  5.192746770823945E-002  2.847791489979659E+002
    845  5.178259796013513E-002  2.326269772001444E+001
    846  5.164165731517044E-002  2.021966628209639E+001
    847  5.171282348787472E-002  2.875925933246716E+002
    848  5.146612853920993E-002  2.531822774022573E+002
    849  5.125243771292672E-002  1.859895828018616E+001
    850  5.096213707599456E-002  7.153686933959292E-001
    851  5.092784291193552E-002  9.848614854197952E+001
    852  5.087569610981798E-002  1.624713211713122E+001
    853  5.079760441365919E-002  4.716333828987829E+001
    854  5.069764249965087E-002  1.616964293115874E+002
    855  5.048762361854659E-002  9.027143509542309E+001
    856  5.045189957999395E-002  3.218712637355668E+000
    857  5.037465661877055E-002  2.008790141807556E+000
    858  5.039208042158557E-002  9.023411371699528E+001
    859  5.035793796422405E-002  9.216403435401075E+000
    860  5.030768196635077E-002  6.188028393343686E+001
    861  5.028843613269012E-002  2.241516512283542E+000
    862  5.019895546679553E-002  2.098097961749963E+001
    863  5.015453668360852E-002  7.725373648827726E+001
    864  5.008195149128379E-002  6.897068450384308E-001
    865  5.010020293925943E-002  9.783129651458675E+001
    866  4.965664508402910E-002  1.765225075910708E+002
    867  4.951474376566601E-002  2.741376131764028E+000
    868  4.951778227937170E-002  2.687565332745555E+002
    869  4.924466523236809E-002  1.751959278332964E+000
    870  4.913622387123811E-002  5.881414980699300E+002
    871  4.893121430366831E-002  3.481560866558513E+002
    872  4.878260471465084E-002  7.551583493262054E-001
    873  4.878510258725131E-002  1.904623223742172E+002
    874  4.859173166794011E-002  1.802258389684354E+000
    875  4.894610902452969E-002  1.208781368106368E+003
    876  4.847865556672479E-002  2.979095352568965E+000
    877  4.850793316161436E-002  2.326234111036426E+002
    878  4.832256756190179E-002  5.730483716952761E+000
    879  4.835611315504626E-002  1.527297516477556E+002
    880  4.817652844602213E-002  5.983234743907345E+001
    881  4.787836214088600E-002  1.353324375819312E-001
    882  4.780250284894029E-002  4.887497264595315E+000
    883  4.780197832383153E-002  9.604480493779971E+001
    884  4.777485545733683E-002  4.381831957341567E+001
    885  4.764297478549877E-002  4.933804454053108E-001
    886  4.761116543226033E-002  1.718323562231265E+002
    887  4.751423974823662E-002  1.758195543457763E+002
    888  4.744974802725403E-002  5.528650154290614E+000
    889  4.673152261383542E-002  1.468326926273249E+000
    890  4.668900048321104E-002  3.475826075885770E+002
    891  4.657609151743742E-002  5.918268320555293E-001
    892  4.658200695551794E-002  3.554856990317964E+002
    893  4.614209091335395E-002  1.774255492180808E+001
    894  4.608812646678286E-002  2.295598290692129E+002
    895  4.544856915098747E-002  1.534737442060725E+002
    896  4.541412668884068E-002  5.611792230636212E+001
    897  4.541893872379278E-002  5.540392840389746E+002
    898  4.504149213527595E-002  5.464013588434015E+002
    899  4.473848683268962E-002  1.154901990398522E+002
    900  4.440890488119193E-002  4.952375299637227E+000
    901  4.369678173270111E-002  1.113573758020770E+001
    902  4.371356907323406E-002  2.656036736146391E+002
    903  4.339412164565457E-002  1.381405159364220E+002
    904  4.322238156436123E-002  1.818760302562878E+000
    905  4.306351811284288E-002  4.381749335470126E+002
    906  4.283171931554401E-002  2.796720013308141E+000
    907  4.277571985938070E-002  1.643777068453112E+002
    908  4.255176403565356E-002  1.098856555712952E+001
    909  4.264628802995637E-002  4.505838129999424E+002
    910  4.234063538240695E-002  5.807102522993390E+001
    911  4.248770270682779E-002  7.869398003271198E+002
    912  4.214202746157901E-002  3.512349856429807E+000
    913  4.203638794205492E-002  1.850502704815555E+001
    914  4.198888100844565E-002  1.048447082887939E+000
    915  4.196273795885361E-002  1.986867306493629E+001
    916  4.197249098003161E-002  1.382724967581292E+002
    917  4.188404720660271E-002  1.119419155388655E+002
    918  4.179340828068436E-002  2.641799960751721E+002
    919  4.166369324351409E-002  1.486106204078264E+002
    920  4.150562916051111E-002  9.151081624775477E+000
    921  4.150424838135139E-002  2.325079832810616E+002
    922  4.134187851134827E-002  3.033089184832195E+001
    923  4.133386042976056E-002  2.866020188771913E+001
    924  4.138630808309208E-002  3.147840715483425E+002
    925  4.115245556263722E-002  5.884792121841182E+000
    926  4.147153641941156E-002  1.447809573723174E+003
    927  4.092427488829285E-002  3.408874930791757E+001
    928  4.106890367017079E-002  7.509947090352262E+002
    929  4.090939329055261E-002  4.232971284724962E+002
    930  4.084619114184686E-002  2.921090133303082E+002
    931  4.074104887521616E-002  1.291044623473040E+001
    932  4.074163840820057E-002  6.514904274326963E+001
    933  4.071700213663651E-002  9.491633043172099E+000
    934  4.069915749912530E-002  3.360514889389670E+002
    935  4.055389549337696E-002  7.745609000571142E+000
    936  4.039394274321517E-002  5.397032340742476E+000
    937  4.051319117731804E-002  4.104936753549633E+002
    938  4.043675717069206E-002  2.531657464323586E+002
    939  4.030659936563746E-002  8.474998512725795E+000
    940  4.032596254086667E-002  1.690039518755455E+002
    941  4.025697107548683E-002  3.305231617376956E+000
    942  4.021354857102956E-002  9.319328281697805E+001
    943  4.017207914790147E-002  8.139554171214206E+001
    944  4.021797069004549E-002  2.385560511126081E+002
    945  4.010905190018854E-002  1.170431993641337E+002
    946  4.004821040117754E-002  2.729843584700880E+000
    947  4.004418847991641E-002  2.828358069131984E+002
    948  3.995618800038706E-002  1.659701465415407E+002
    949  3.987972706611721E-002  1.697274865154077E+001
    950  3.987812926822283E-002  1.975777204740840E+002
    951  3.974069801523485E-002  7.831857199503015E+000
    952  3.981614359245834E-002  2.763741052802400E+002
    953  3.966875710214216E-002  1.634332026647464E+001
    954  3.980744065651007E-002  4.897364025072753E+002
    955  3.967283320971909E-002  1.041427448771241E+002
    956  3.963930586350080E-002  2.034499666169552E+000
    957  3.962645773329863E-002  1.133288010402010E+001
    958  3.964397375745344E-002  1.065283382648958E+002
    959  3.958053483717335E-002  4.663370713261292E+000
    960  3.963618944498724E-002  2.158799797829396E+002
    961  3.956232064639985E-002  7.597566795820420E+000
    962  3.956265047312679E-002  1.378899168824711E+002
    963  3.950365689471048E-002  3.232057588769216E+001
    964  3.953510131875630E-002  2.648862901126244E+002
    965  3.932445647069322E-002  5.270088992754266E-001
    966  3.968431163132047E-002  1.592345339941635E+003
    967  3.936366450362833E-002  7.040901296855571E+002
    968  3.923201555897239E-002  3.203705726620981E+002
    969  3.910190875230588E-002  1.654704455554968E+000
    970  3.919308976348658E-002  3.814311070068014E+002
    971  3.901146377240512E-002  2.852801549256391E+000
    972  3.902428434000740E-002  1.777857509431136E+002
    973  3.909319829780204E-002  6.888981997021091E+002
    974  3.887992190833977E-002  3.995211800163895E+000
    975  3.894579046457385E-002  2.566105963591299E+002
    976  3.891380500118794E-002  4.207286938318682E+002
    977  3.878959912474913E-002  6.486750447268084E+001
    978  3.874109524278242E-002  1.111565353366954E+001
    979  3.874450795610805E-002  1.297547459739777E+002
    980  3.868210427352221E-002  4.807880140020057E+000
    981  3.876565235590217E-002  4.133018729017708E+002
    982  3.859231462687680E-002  1.473904568650127E+001
    983  3.856956085205863E-002  9.942675656178119E+001
    984  3.857572293275568E-002  1.458606355328398E+002
    985  3.846632741618748E-002  1.035318517282747E+001
    986  3.847372144607790E-002  1.455137524931423E+002
    987  3.838786382386039E-002  7.497322928177705E+000
    988  3.839988272360422E-002  5.172049300030102E+001
    989  3.828094267367552E-002  2.066846543520909E+002
    990  3.818449339331420E-002  1.491560884555981E+001
    991  3.830725801425972E-002  7.869801127305959E+002
    992  3.824385839952089E-002  8.638262328259819E+002
    993  3.794081276783288E-002  3.574611890568443E+000
    994  3.792258899417097E-002  2.576278154712960E+001
    995  3.788132563014802E-002  1.122074290997434E+002
    996  3.782974610426237E-002  1.262881023635690E+000
    997  3.791405562980103E-002  3.575923974616249E+002
    998  3.808829520277728E-002  1.033804970932058E+003
    999  3.777034240154811E-002  2.776213274195316E+000
   1000  3.788835394136571E-002  4.137847971632546E+002
   1001  3.793935702535899E-002  7.600566756003282E+002
   1002  3.771228926067814E-002  1.376101871569788E+001
   1003  3.762669902586507E-002  5.899646638895487E+000
   1004  3.762930006584198E-002  2.695079136528852E+001
   1005  3.781222072110139E-002  6.853219221931054E+002
   1006  3.767423414061499E-002  3.937359131736428E+002
   1007  3.750805266241407E-002  4.323072604073940E-001
   1008  3.757353604694774E-002  2.505141056687002E+002
   1009  3.755735579930955E-002  3.785686097073403E+002
   1010  3.739567482796371E-002  1.476783760657342E+001
   1011  3.749247633079581E-002  4.953692102532866E+002
   1012  3.732373510602933E-002  8.421240956425251E+000
   1013  3.741324385251700E-002  4.196229192282728E+002
   1014  3.727765825826244E-002  9.188645392033487E+001
   1015  3.723947942005263E-002  7.817005293455316E-001
   1016  3.744978564136537E-002  7.445955658636462E+002
   1017  3.721244344492353E-002  1.791397509014558E+001
   1018  3.734393971652168E-002  5.931886391908624E+002
   1019  3.712534313595035E-002  9.131968791911951E-001
   1020  3.730152328452618E-002  7.403569445787148E+002
   1021  3.707471182591068E-002  1.361102261290283E+002
   1022  3.714012778649298E-002  6.168198203108127E+002
   1023  3.692620552101263E-002  5.655352208966328E+000
   1024  3.699887660528292E-002  4.382979524244607E+002
   1025  3.683715918516999E-002  5.980922516894296E+000
   1026  3.707223260283627E-002  8.469061983814942E+002
   1027  3.690245182885192E-002  4.166393362971673E+002
   1028  3.668999715012492E-002  3.212629018782604E+001
   1029  3.687242773358121E-002  7.002979911014053E+002
   1030  3.655905219431429E-002  6.205093485357096E-001
   1031  3.675264668542960E-002  7.019023612622926E+002
   1032  3.674068189509004E-002  8.013572996799735E+002
   1033  3.663297383023007E-002  6.485794879289504E+002
   1034  3.659966060203972E-002  5.539975915826546E+002
   1035  3.643349428484262E-002  1.390743884731554E+001
   1036  3.685947253286072E-002  1.613814378487853E+003
   1037  3.632034192990052E-002  2.722862329393223E+000
   1038  3.747299161426600E-002  4.169731526504454E+003
   1039  3.805975249168162E-002  6.345781044780887E+003
   1040  3.612390098045298E-002  3.583778828427032E+001
   1041  3.834231348035094E-002  7.551933039598593E+003
   1042  3.639055422898455E-002  1.446314748790393E+003
   1043  3.594178880064837E-002  1.650117964064214E+001
   1044  3.693257795013190E-002  3.558232030551404E+003
   1045  4.045208186854121E-002  1.579928397584137E+004
   1046  3.571333700008914E-002  6.169988090259231E+001
   1047  3.689260573101579E-002  4.642875703075245E+003
   1048  3.858678486590562E-002  1.050292464007506E+004
   1049  3.539468136552604E-002  5.604579795752040E+000
   1050  3.700025037509652E-002  5.601189134247156E+003
   1051  3.500565639586216E-002  1.043335264779413E+001
   1052  3.635812832275974E-002  4.781374939041040E+003
   1053  3.593686018999166E-002  3.725101636359361E+003
   1054  3.482897863432368E-002  1.269968621841583E+001
   1055  3.523727270231492E-002  1.456510390099169E+003
   1056  3.476558120667656E-002  2.170750966965459E+001
   1057  3.532666573207061E-002  1.920538043455394E+003
   1058  3.767207654358937E-002  1.024016894888697E+004
   1059  3.452939177395046E-002  4.012203921720746E+000
   1060  3.800840300943641E-002  1.198091247508398E+004
   1061  3.492714603895748E-002  2.215772325461563E+003
   1062  3.486741211475203E-002  2.103344234394598E+003
   1063  3.425238726529243E-002  6.446834956001062E+001
   1064  3.558312232779827E-002  4.708665190108747E+003
   1065  3.403097031989254E-002  3.789459900439141E+001
   1066  3.589027571603699E-002  6.385032436566343E+003
   1067  3.490761490921324E-002  3.263842363271195E+003
   1068  3.393569932886794E-002  6.407085463129800E+001
   1069  3.412338246232473E-002  2.258519743217505E+003
   1070  3.610492039662766E-002  9.798399344181822E+003
   1071  3.508906193749338E-002  7.265074361493429E+003
   1072  3.502506661575604E-002  7.279886720371003E+003
   1073  3.273373898903448E-002  3.949920600340476E+000
   1074  3.387755677259803E-002  4.472524418892186E+003
   1075  9.905881276008223E-003  2.929737863304846E+003
   1076  8.904381606676132E-003  4.815149184832548E+001
   1077  8.027245566039486E-006  2.669861187406782E+001
