# dt =   1.000000000000000E-007
# j, New nj, Rate of change (1/s)
      1  2.184030777622894E+000  1.512802037481433E+003
      2  2.138583473653433E+000  3.221681049177174E+003
      3  2.099644609484238E+000  9.304573357806538E+002
      4  2.058269501679485E+000  2.553728735286285E+003
      5  2.021774934598597E+000  7.910443404738755E+003
      6  1.998200390901678E+000  8.696267852480345E+002
      7  2.019390354589419E+000  7.401892205004544E+004
      8  1.997118329585933E+000  3.669926234850354E+004
      9  1.966452747793650E+000  1.896476582039100E+003
     10  1.945544516315105E+000  3.812545205653698E+003
     11  1.756054840804274E+000  3.639755622359118E+003
     12  1.730425691697449E+000  1.563734689818272E+003
     13  1.469589797033034E+000  2.094742865146635E+002
     14  1.463286397000032E+000  4.433897299438829E+003
     15  1.434657752892235E+000  1.955859703544138E+002
     16  1.434759470120547E+000  1.532799543111404E+004
     17  1.423088502394667E+000  3.564107448349461E+003
     18  1.398372330418924E+000  1.264737832281386E+004
     19  1.382267033595398E+000  1.271925681022678E+002
     20  1.376400345917499E+000  3.819461848748622E+003
     21  1.373004732258740E+000  1.150602655925945E+003
     22  1.372629179293090E+000  9.961937318359305E+002
     23  1.378854405057801E+000  3.947102178811580E+004
     24  1.371064399562073E+000  3.033152839659105E+004
     25  1.279435042437255E+000  1.206629841483147E+002
     26  1.274662629358287E+000  1.703798527212273E+003
     27  1.268442848349354E+000  1.075538996767505E+004
     28  1.253912037917930E+000  7.961236169175490E+002
     29  1.256162744848101E+000  8.307468204118704E+003
     30  1.228717778784876E+000  5.790770450828824E+002
     31  1.223689403116875E+000  7.078831235523613E+003
     32  1.198148214852800E+000  4.395567856199934E+003
     33  1.195996337913355E+000  1.487957061261723E+003
     34  1.190852178306432E+000  8.871661850429396E+002
     35  1.183909179502665E+000  2.190902039021942E+003
     36  1.182375129126800E+000  2.295738808224810E+003
     37  1.179270137513350E+000  1.807199337259584E+003
     38  1.188413563800393E+000  2.888700671130597E+004
     39  1.175198488445815E+000  1.742503624576350E+003
     40  1.168697801116184E+000  1.556080174451471E+003
     41  1.165106197793836E+000  9.202109848767924E+002
     42  1.160280206071405E+000  1.238005195824929E+003
     43  1.133340124867515E+000  1.267735930365857E+003
     44  1.131714792629443E+000  9.637452768407026E+002
     45  1.120724891164467E+000  1.042767045302489E+003
     46  1.118868961363922E+000  1.455927487043564E+003
     47  1.114855764217034E+000  1.068198542830998E+001
     48  1.111379837232880E+000  8.462561091388365E+002
     49  1.110629727096894E+000  2.702403688763815E+002
     50  1.108955588839256E+000  3.570049366315129E+002
     51  1.107828814864976E+000  1.581918996817755E+003
     52  1.104519312001764E+000  5.114781230733052E+002
     53  1.104579660317787E+000  7.546309476573255E+002
     54  1.102014279301876E+000  1.268188765682721E+003
     55  1.086217009998881E+000  2.030502069419251E+003
     56  1.078107288780074E+000  1.185773089837062E+001
     57  1.065505089998603E+000  1.795042306093281E+003
     58  1.067460796949513E+000  1.046269023649184E+004
     59  1.060813431892189E+000  7.207490218439010E+001
     60  1.061116709972231E+000  7.353961437989248E+003
     61  1.052392272256801E+000  3.159538708013795E+002
     62  1.048752796044113E+000  7.461483991989888E+002
     63  1.046972248228891E+000  5.498975197040171E+002
     64  1.050820868629075E+000  1.627918359427260E+004
     65  1.047915648463938E+000  1.921744392913122E+004
     66  1.037266866255622E+000  2.516712860626322E+003
     67  1.032377975377101E+000  4.933745125693331E+003
     68  1.029596584406080E+000  5.642992836489368E+002
     69  1.028776524482837E+000  1.133441707001835E+003
     70  1.022458145269842E+000  5.769212565499311E+003
     71  1.018271935638623E+000  5.394872190196246E+003
     72  1.013761222418532E+000  2.526510384617262E+002
     73  1.009626118105442E+000  9.894714264902742E+002
     74  1.008674729338137E+000  1.724050998362630E+003
     75  1.002790976839755E+000  4.604579737743269E+002
     76  1.001822479312888E+000  2.742079652898314E+002
     77  1.000883845790499E+000  4.005681698982034E+002
     78  9.994217235996784E-001  6.003994454257312E+002
     79  9.975804948804881E-001  1.254493925070309E+003
     80  9.931728504457337E-001  2.257813856864363E+003
     81  9.923766391123094E-001  4.741914060256429E+002
     82  9.889052929279811E-001  4.669192197170005E+002
     83  9.885729396284335E-001  2.073768518690825E+002
     84  9.870407502099442E-001  3.771309187052075E+002
     85  9.838683277141830E-001  4.117264608149329E+003
     86  9.821874760383011E-001  3.092012959932608E+003
     87  9.744877899423010E-001  3.048313202210255E+001
     88  9.730902638584934E-001  1.983074838935765E+002
     89  9.682404349534454E-001  1.573715293832695E+003
     90  9.671532619061342E-001  4.559567423444822E+003
     91  9.654171597294184E-001  4.385629147097136E+003
     92  9.639914678610698E-001  2.318706833020978E+003
     93  9.608262395576062E-001  2.028575216548054E+002
     94  9.605283510902196E-001  9.187731843644711E+002
     95  9.597923230495256E-001  2.795384670563617E+003
     96  9.582939952274058E-001  7.932682731250733E+002
     97  9.576712520810287E-001  1.653778726249079E+003
     98  9.571141164037370E-001  7.377181557642583E+002
     99  9.553540048988801E-001  1.173079401119775E+002
    100  9.557260452938207E-001  2.733680126507931E+003
    101  9.544193917372747E-001  1.255448152919299E+003
    102  9.437880350748593E-001  1.255080785003610E+003
    103  9.376191897356537E-001  4.371766464279065E+003
    104  9.320411109023380E-001  5.060620538049686E+002
    105  9.278694532937156E-001  8.055653313001012E+002
    106  9.279318320810385E-001  1.291522306469029E+003
    107  9.243780662025337E-001  2.709542779282086E+002
    108  9.231881780482732E-001  1.964236824246595E+003
    109  9.208638830689384E-001  8.268179066941087E+002
    110  9.201431788739353E-001  1.248818106465835E+003
    111  9.192847315918882E-001  7.025324139717491E+002
    112  9.185842743710958E-001  5.418562663813109E+002
    113  9.178774347888971E-001  3.664917604042199E+002
    114  9.203199171181474E-001  1.658601651448910E+004
    115  9.119936971963157E-001  1.337455379841075E+003
    116  9.111255007417159E-001  7.483273894753062E+002
    117  9.094863714622758E-001  2.267023545068886E+003
    118  9.032488825058316E-001  3.916021366225325E+002
    119  9.029855586837285E-001  1.241731450660126E+003
    120  9.003111464092936E-001  1.074674976887978E+003
    121  8.993356448119386E-001  8.051687940848909E+002
    122  8.965402985833841E-001  1.076997360217301E+002
    123  8.953299512474205E-001  2.015860081649580E+002
    124  8.920942959442700E-001  7.261007261383213E+000
    125  8.914165333016045E-001  6.460406423917854E+002
    126  8.902058193868908E-001  4.665137170277574E+002
    127  8.899371747008353E-001  1.484058748604719E+002
    128  8.872016290924124E-001  4.486127686787624E+002
    129  8.858378716222424E-001  6.142219197513713E+001
    130  8.854210609875139E-001  4.094570066301749E+002
    131  8.826245019419100E-001  1.594194592848708E+003
    132  8.816339535255009E-001  6.040830437028045E+002
    133  8.808160195194218E-001  1.349049140705118E+003
    134  8.772969454094863E-001  1.273014709070721E+003
    135  8.762518967988275E-001  6.502571372895749E+002
    136  8.745027649655406E-001  6.727627242173991E+002
    137  8.743026195675527E-001  1.344094724531984E+003
    138  8.731247881372761E-001  9.931069394587561E+002
    139  8.718446066174466E-001  3.973748075078771E+002
    140  8.713440820855299E-001  2.350565199064844E+002
    141  8.703052526630970E-001  5.718192147461253E+002
    142  8.691845106772651E-001  4.559509756231196E+003
    143  8.639626763988575E-001  1.573447573446731E+003
    144  8.632392652496379E-001  1.257297281611272E+003
    145  8.578013885656892E-001  2.407625764084612E+002
    146  8.564670151732798E-001  1.041894207291485E+001
    147  8.537114334144196E-001  2.364971522847145E+002
    148  8.498875527276178E-001  9.296006711934319E+002
    149  8.465592467721458E-001  1.307831617946279E+003
    150  8.341139066202199E-001  6.385755267834323E+002
    151  8.336704272781320E-001  1.541629413961518E+003
    152  8.297309272592095E-001  1.733782848384184E+003
    153  8.251760826929382E-001  1.237047996126020E+003
    154  8.233589905848256E-001  5.191367529487582E+003
    155  8.212931004094206E-001  1.020873142094967E+003
    156  8.194326948929906E-001  1.006428165014058E+003
    157  8.187144337106506E-001  1.188789210288672E+003
    158  8.178593279681045E-001  1.514764814323627E+003
    159  8.167734479798369E-001  7.244404712818594E+001
    160  8.173873230332953E-001  1.900328047592457E+003
    161  8.170605468014003E-001  2.276750929020654E+003
    162  8.160496935080938E-001  1.510993966697478E+002
    163  8.147295849334629E-001  3.090296813564168E+003
    164  8.122815848940261E-001  4.022221254415359E+003
    165  7.975084890507497E-001  2.742544872700451E+003
    166  7.956886445179772E-001  6.646882032110929E+002
    167  7.922375405316752E-001  3.752869951378295E+002
    168  7.864521716156332E-001  7.514111694523672E+002
    169  7.858799092188138E-001  1.117582335152951E+003
    170  7.799606014935206E-001  1.744570678210836E+002
    171  7.761454694031005E-001  1.694172780645898E+002
    172  7.751550565078799E-001  3.293116385868431E+002
    173  7.706192486187744E-001  3.561880115378956E+002
    174  7.675647480196590E-001  7.724306556307680E+002
    175  7.653036362404942E-001  3.065233011795845E+001
    176  7.650854966715775E-001  3.180214374239205E+002
    177  7.643217584793175E-001  6.403213404589644E+002
    178  7.621545355480595E-001  4.321354633882848E+000
    179  7.590568766756262E-001  8.529225756629876E+001
    180  7.576132646731988E-001  1.514980074661407E+003
    181  7.561684626389272E-001  8.252481024735576E+001
    182  7.557810420533602E-001  2.126915710520781E+003
    183  7.541311972281977E-001  1.902722988598111E+003
    184  7.504080053783273E-001  1.297714750305528E+003
    185  7.504966466817443E-001  2.264943053672022E+003
    186  7.478539023660356E-001  6.730392205001365E+002
    187  7.465282420866708E-001  2.760303747448560E+002
    188  7.454281053702215E-001  1.430522035113033E+003
    189  7.432404577654852E-001  3.146391525157039E+002
    190  7.422190384639065E-001  7.611198785610728E+002
    191  7.354374520827642E-001  6.316755053333176E+002
    192  7.353616613768096E-001  7.216496634754038E+002
    193  7.308367436912578E-001  9.177064239349293E+002
    194  7.303057212377323E-001  1.784779745733750E+002
    195  7.272550686777980E-001  1.298477861099385E+003
    196  7.261267196417938E-001  1.031305042762561E+003
    197  7.247367747875041E-001  1.439923938677864E+003
    198  7.236087477590303E-001  9.932449843581612E+002
    199  7.247299404204131E-001  4.766330904370135E+003
    200  7.222968281560409E-001  6.663875247826222E+001
    201  7.221304864617278E-001  3.102572041939168E+002
    202  7.222697274879741E-001  1.301199446583499E+003
    203  7.215118462416112E-001  9.918867137199170E+001
    204  7.212058675404418E-001  2.397390768099689E+002
    205  7.215211185514779E-001  2.167263469537603E+003
    206  7.207577283397772E-001  6.892310165994360E+002
    207  7.213601107618608E-001  2.669243636760040E+003
    208  7.202375996396936E-001  7.133279913398852E+002
    209  7.203031253693714E-001  1.174324103497028E+003
    210  7.197331371169312E-001  6.134017619376228E+002
    211  7.193888485599185E-001  5.408115198689972E+002
    212  7.190403912055356E-001  1.714619292474767E+003
    213  7.179629659700629E-001  1.520863154942182E+002
    214  7.174043965904752E-001  5.144968346550421E+002
    215  7.169494526054107E-001  7.455333021575253E+002
    216  7.163861530771299E-001  1.204090363019681E+002
    217  7.166964051047310E-001  1.030555008886296E+003
    218  7.160277484443396E-001  9.373909184113592E+002
    219  7.154452354961018E-001  6.416070922112966E+002
    220  7.135552278932554E-001  8.271657125876420E+001
    221  7.130938079855947E-001  1.385994123441361E+003
    222  7.126870996635081E-001  8.274685235360879E+002
    223  7.103203797300502E-001  6.630814395268958E+002
    224  7.087940410371678E-001  4.671818206413619E+001
    225  7.081748887127289E-001  4.557746810444047E+001
    226  7.075625907804460E-001  5.613619730163713E+002
    227  7.072649423261906E-001  4.416632243747432E+001
    228  7.059927212231765E-001  1.641755802853319E+001
    229  7.040304399628901E-001  4.599727525208310E+003
    230  6.938672303260532E-001  1.286004774086445E+003
    231  6.870754473802521E-001  7.568166056080681E+002
    232  6.871344701329752E-001  2.227858671262417E+003
    233  6.847995401080491E-001  6.966464131180902E+002
    234  6.832163704171210E-001  2.352145641706975E+002
    235  6.797200996348519E-001  2.099916271232376E+001
    236  6.787930792218997E-001  1.484450915263955E+003
    237  6.776190424311416E-001  5.956783258537995E+002
    238  6.773113336086082E-001  2.933514166426993E+002
    239  6.767313729417755E-001  8.639412313447675E+002
    240  6.753948596759252E-001  4.177315795199428E+002
    241  6.743921989112001E-001  1.065199466897762E+003
    242  6.734660827105520E-001  2.739428568260520E+002
    243  6.719258739367299E-001  7.019470481734312E+001
    244  6.716131091997773E-001  4.242933815478546E+002
    245  6.709708519115559E-001  8.879966299832034E+002
    246  6.632998928515077E-001  1.027454314199718E+003
    247  6.625246473889822E-001  2.335118881048104E+002
    248  6.626958930111443E-001  3.425407343820992E+003
    249  6.550818100338529E-001  2.020158361360174E+003
    250  6.538111004677772E-001  1.317380911927220E+002
    251  6.473909783786473E-001  1.279982388170735E+003
    252  6.438553279660751E-001  3.156843051005846E+001
    253  6.424725558839657E-001  2.546619659849737E+003
    254  6.399860015463821E-001  6.898187355334143E+002
    255  6.388592934957111E-001  3.881516959968214E+003
    256  6.367142072426829E-001  2.341472394918196E+002
    257  6.346947312831799E-001  1.914416025716148E+002
    258  6.328655188215525E-001  1.982095239234651E+003
    259  6.308747575889098E-001  5.610630991253403E+002
    260  6.268892577388834E-001  1.819248011595982E+002
    261  6.254897193147462E-001  3.743578913106282E+002
    262  6.246825777082270E-001  4.847028227515098E+002
    263  6.239719481250552E-001  5.434233523186869E+000
    264  6.233402738556589E-001  9.532531064237719E+002
    265  6.225501536122913E-001  3.640233578663892E+001
    266  6.224215057045448E-001  3.574787673819937E+002
    267  6.221800099360186E-001  9.125601531973489E+001
    268  6.217364918043377E-001  5.628285224628595E+001
    269  6.215201206947782E-001  1.541622375770002E+002
    270  6.214006985804945E-001  4.269378964831217E+002
    271  6.207857481738668E-001  9.137944406753975E+001
    272  6.205812268377486E-001  5.483882202211510E+002
    273  6.205458357458071E-001  7.020463190623291E+002
    274  6.205491873763112E-001  8.608109375377350E+002
    275  6.204552447820266E-001  8.762933295126780E+002
    276  6.195543185046846E-001  8.084316091606109E+001
    277  6.194933760423819E-001  7.601458296830448E+001
    278  6.193324884165107E-001  2.004605437249311E+002
    279  6.194402395449261E-001  1.154323131638728E+003
    280  6.188831815641973E-001  2.536202693050053E+002
    281  6.188161914547960E-001  8.313149399858509E+002
    282  6.183086855082905E-001  1.729724437636551E+003
    283  6.178485868900944E-001  6.056197274012032E+002
    284  6.145029274339316E-001  4.337256678858977E+001
    285  6.146335103297091E-001  7.971115321921264E+002
    286  6.114447466059298E-001  1.529263678736042E+001
    287  6.114340213640973E-001  1.326959193154808E+002
    288  6.073123925710798E-001  1.599913836491480E+003
    289  6.054076809963238E-001  1.320267931980224E+003
    290  6.066432705975228E-001  5.449517006022204E+003
    291  6.076259905838765E-001  8.417751099459523E+003
    292  6.045261899297958E-001  2.424245144154273E+003
    293  6.043830185715564E-001  3.680361642683591E+003
    294  6.035147965043035E-001  3.799413400843434E+003
    295  6.028407610718598E-001  2.453964229472810E+003
    296  6.024770360214535E-001  3.006206930057941E+003
    297  6.025110671004512E-001  5.193118659023837E+003
    298  6.066890067815419E-001  2.237021545692448E+004
    299  6.001605378407039E-001  5.917812893306870E+003
    300  6.032204568877332E-001  1.953510857984746E+004
    301  5.991292604483145E-001  1.128411665299901E+004
    302  5.968820006807912E-001  5.931658101166370E+003
    303  5.926177318303895E-001  5.427848290126978E+003
    304  5.880575787347655E-001  4.862398387204239E+002
    305  5.840817888996556E-001  2.732924057258069E+002
    306  5.842303479403076E-001  2.742409579071410E+003
    307  5.828365204676530E-001  2.911859699408341E+002
    308  5.860152627463384E-001  8.619630719858540E+003
    309  5.818766156427485E-001  7.438592404384543E+002
    310  5.812889099911451E-001  1.813787730415135E+003
    311  5.795702400561430E-001  7.700740284051176E+002
    312  5.794714902739881E-001  1.209837306165930E+003
    313  5.788600336546489E-001  1.647900932522448E+002
    314  5.781913283061920E-001  3.469626266566659E+002
    315  5.776484238460688E-001  6.396706589974793E+001
    316  5.774845026126501E-001  5.019987773890155E+002
    317  5.764041290230256E-001  3.446226813219579E+002
    318  5.765190285930124E-001  9.689124087064623E+002
    319  5.757601068078155E-001  6.240173216008487E+002
    320  5.752860431484101E-001  1.234536106481022E+003
    321  5.746601737035816E-001  4.665233452082093E+002
    322  5.738098544302949E-001  9.510194322797061E+001
    323  5.737979825724353E-001  1.972196707193307E+002
    324  5.733194514691373E-001  5.300136034757771E+002
    325  5.702825887867368E-001  8.704992507868932E+002
    326  5.705998471405966E-001  1.888309595124667E+003
    327  5.700954049033798E-001  9.598794781630450E+002
    328  5.692331498355727E-001  5.205773933903598E+001
    329  5.670836012673226E-001  1.509584892750465E+003
    330  5.673638145366446E-001  5.577827793353164E+003
    331  5.582953303268566E-001  1.386849795139113E+003
    332  5.576880659095863E-001  1.075992513912317E+003
    333  5.543405165542667E-001  6.236631012626979E+002
    334  5.530473589663294E-001  3.334336943468705E+002
    335  5.520081752524593E-001  2.506625221335606E+003
    336  5.422763838465220E-001  6.327831252304280E+002
    337  5.380479009240671E-001  1.066272109221638E+002
    338  5.344670077119849E-001  6.841411048461950E+002
    339  5.227344992021135E-001  1.951921598804564E+002
    340  5.219318584534629E-001  2.224376156210001E+002
    341  5.214163279256853E-001  1.034531833052348E+003
    342  5.187301433441757E-001  3.884108343331615E+001
    343  5.180430911357472E-001  5.831509521946806E+002
    344  5.178869328025727E-001  2.963827433456374E+003
    345  5.129193828171907E-001  4.112726901583659E+001
    346  5.132453219135049E-001  2.316155614604681E+003
    347  5.135940240831596E-001  3.480419422503388E+003
    348  5.078370998195051E-001  1.966500716639888E+003
    349  5.069608098863285E-001  2.107738094043777E+002
    350  5.053622244360546E-001  3.013969905662219E+001
    351  5.046888994906741E-001  1.519354970924369E+002
    352  4.946085168239256E-001  8.826145086107545E+002
    353  4.925730255383518E-001  1.270093233218232E+002
    354  4.917497846476471E-001  6.049016972582096E+001
    355  4.906057521929374E-001  4.487266521120750E+002
    356  4.848028794599123E-001  1.772011870855659E+003
    357  4.819298580453599E-001  8.514581525665357E+002
    358  4.848887828043745E-001  1.066545074381042E+004
    359  4.769024728160669E-001  5.091864539476746E+002
    360  4.661093707580090E-001  2.623004790904356E+002
    361  4.647403492827180E-001  2.151615540662520E+002
    362  4.627623446074375E-001  2.789623918317107E+001
    363  4.621582951554484E-001  5.406998547056140E+000
    364  4.613358360353305E-001  2.409265698492986E+002
    365  4.594079741472580E-001  2.166381129117856E+002
    366  4.591264401281308E-001  5.581760913587425E+001
    367  4.584569831781005E-001  6.089663436056627E+002
    368  4.573217548813645E-001  4.999108866518666E+001
    369  4.565735776427475E-001  1.264129053476661E+002
    370  4.556138989073042E-001  8.819382794897270E+001
    371  4.546491240414862E-001  2.756767922060803E+001
    372  4.545045203667717E-001  4.424437625406997E+002
    373  4.536887191283175E-001  1.519964101301650E+001
    374  4.535496265134564E-001  1.099242286458638E+003
    375  4.529908883254617E-001  1.194513746830598E+002
    376  4.531519579057640E-001  7.754983055338747E+002
    377  4.525304157148146E-001  2.590937938332693E+002
    378  4.487950521432815E-001  2.793993177456106E+003
    379  4.489037223686366E-001  3.299309860644929E+003
    380  4.463163452728198E-001  1.620676118080193E+003
    381  4.463344401140978E-001  2.519869668666704E+003
    382  4.394505590632801E-001  5.646828879567105E+002
    383  4.394760072468508E-001  2.292083961581373E+003
    384  4.497440805186363E-001  3.984463608932007E+004
    385  4.268449752148487E-001  2.031615216339218E+003
    386  4.230841764891657E-001  5.502830034973394E+003
    387  4.131711803661266E-001  5.878932619251859E+003
    388  4.005476610486431E-001  3.806790897341756E+000
    389  3.996396786722976E-001  6.299816816609629E+002
    390  4.077179439059824E-001  2.305984710456759E+004
    391  4.001381991081361E-001  5.689616607202536E+003
    392  4.003134450060479E-001  2.036275569675745E+004
    393  3.748792567850053E-001  4.453779036012509E+003
    394  3.534514139862814E-001  5.850266389715149E+002
    395  3.535653465651561E-001  2.013390333998493E+003
    396  3.520070164512273E-001  2.128071365031311E+003
    397  3.512729882795014E-001  4.842948111496648E+002
    398  3.505175442811489E-001  4.005128752452829E+002
    399  3.504767615605113E-001  6.393158253592777E+002
    400  3.500936947953019E-001  9.806904182682498E+002
    401  3.492567966014607E-001  8.553257810150402E+002
    402  3.500105850004532E-001  6.559273877425442E+003
    403  3.472445090653950E-001  2.203608492931952E+003
    404  3.467717014563128E-001  1.192157132266949E+003
    405  3.470126502849236E-001  4.227723407794267E+003
    406  3.446166378935116E-001  2.826764976750280E+000
    407  3.448173759820520E-001  2.878449217041803E+003
    408  3.421013246276888E-001  2.296196632353737E+001
    409  3.414528455348787E-001  1.132295636876203E+003
    410  3.408163276348763E-001  1.238656946120553E+002
    411  3.399960189054513E-001  1.108737415119838E+003
    412  3.385330601203906E-001  9.147099777066025E+000
    413  3.381412756848184E-001  1.479028232266435E+003
    414  3.375266079963132E-001  1.193134159018251E+002
    415  3.381389554340006E-001  2.074293205895818E+003
    416  3.371115286090731E-001  1.349280400703405E+002
    417  3.352114297489404E-001  1.201167463451269E+003
    418  3.566915487690289E-001  5.776092825129875E+004
    419  3.352502197484258E-001  5.681340974558906E+003
    420  3.312055852490121E-001  1.674031286774485E+002
    421  3.310540529985597E-001  1.400610550274665E+003
    422  3.328476870972498E-001  8.253092699431525E+003
    423  3.292477859106996E-001  2.886552278585415E+003
    424  3.266872368447272E-001  3.430112329193722E+001
    425  3.290238668576022E-001  8.322286480755458E+003
    426  3.254373101176801E-001  1.525909624383613E+003
    427  3.264188911936691E-001  6.592845891701635E+003
    428  3.228201996343885E-001  3.213411807084668E+001
    429  3.225076047633199E-001  6.791632530077125E+001
    430  3.245826816543068E-001  5.762883713423427E+003
    431  3.229095200258996E-001  1.954114353917435E+003
    432  3.216687821392544E-001  2.894963141949505E+002
    433  3.218582772789345E-001  1.080714904305449E+003
    434  3.224945714645441E-001  3.902045563273252E+003
    435  3.206615553205068E-001  8.595947167715541E+001
    436  3.247994549004492E-001  1.117504489336364E+004
    437  3.198101644410860E-001  6.561872862780650E+001
    438  3.211284358499036E-001  3.731974645465030E+003
    439  3.182767179711309E-001  8.440249050323972E+000
    440  3.179175410661275E-001  1.312470520720971E+003
    441  3.161328299179971E-001  1.091770143377041E+002
    442  3.158998380884067E-001  3.125495715192184E+002
    443  3.146952571561481E-001  1.292461289408426E+000
    444  3.121887401374934E-001  3.871580120260940E+002
    445  3.116944689392818E-001  1.824507594756755E+003
    446  3.108761892869036E-001  1.448547603989946E+003
    447  3.067119725093224E-001  3.646465293080301E+001
    448  3.059471849139461E-001  1.862938538218532E+003
    449  3.047650215360980E-001  5.492663803761380E+002
    450  3.046991534541995E-001  2.745991908281052E+003
    451  3.033527561024695E-001  3.328303102449125E+002
    452  3.064420932924444E-001  9.540485658612772E+003
    453  3.035373189520144E-001  2.809334879827079E+003
    454  3.028695343110572E-001  5.868844658764358E+003
    455  3.004070400988761E-001  6.937858179942815E+002
    456  3.015756782313533E-001  3.860794452395754E+003
    457  2.989476980294770E-001  6.027472826495870E+001
    458  2.990402404793717E-001  3.012137202728578E+003
    459  2.971414452154390E-001  2.339290587379437E+003
    460  2.946904785975201E-001  2.031719174750241E+003
    461  2.928736726861254E-001  3.811433935197324E+001
    462  2.934740159386627E-001  2.150923390959334E+003
    463  2.921083090794048E-001  9.850066373471361E+001
    464  2.930343214002599E-001  2.807327963295682E+003
    465  2.916409770745222E-001  9.777749592964339E+001
    466  2.925449790927929E-001  3.226716238856957E+003
    467  2.914144569594032E-001  7.047954111987616E+002
    468  2.919277456636366E-001  2.110944962522990E+003
    469  2.904771665366682E-001  6.416337284839088E+001
    470  2.903444890978075E-001  1.366787191491864E+002
    471  2.902372264771180E-001  9.943610692225316E+001
    472  2.905046818267161E-001  9.791129349912313E+002
    473  2.897904215025834E-001  1.622910864520277E+002
    474  2.908995094716912E-001  3.394768204308326E+003
    475  2.909402465092488E-001  4.553606118444935E+003
    476  2.888708394623004E-001  9.728910774396449E+001
    477  2.892986919129547E-001  1.453367984569820E+003
    478  2.887526326768986E-001  1.274097980771186E+003
    479  2.880538147475782E-001  8.840153306783226E+002
    480  2.879117335475278E-001  7.438665683396058E+002
    481  2.874543279045711E-001  1.662363610893634E+002
    482  2.878460275695828E-001  1.403468016668379E+003
    483  2.873532010769307E-001  7.006476173771613E+002
    484  2.869556658733177E-001  1.077621199788583E+002
    485  2.886246004432960E-001  4.977300656916400E+003
    486  2.868052046941202E-001  5.555249857578414E+002
    487  2.867825247447551E-001  1.213338329907941E+003
    488  2.860368064318735E-001  6.051808144627608E+001
    489  2.859316244328990E-001  3.727067314125927E+002
    490  2.855018922101298E-001  1.594432068161007E+001
    491  2.860391807470118E-001  2.961937771954316E+003
    492  2.854727164243033E-001  2.350011504125205E+003
    493  2.813893416686610E-001  6.692266575596968E+002
    494  2.812174608596524E-001  7.390692270347126E+002
    495  2.800570796526640E-001  5.616386502822766E+002
    496  2.792319398535375E-001  2.018563323239501E+001
    497  2.795421916185167E-001  2.492001697491032E+003
    498  2.773326969108990E-001  1.731399366286425E+003
    499  2.762961561567518E-001  2.130031563942140E+000
    500  2.760327187863975E-001  7.161452378844850E+002
    501  2.749217787438676E-001  1.217597650492025E+000
    502  2.743525656030065E-001  2.575695535177497E+002
    503  2.720260416146937E-001  1.076395780983563E+003
    504  2.714969755274583E-001  2.151055677040451E+003
    505  2.703809168950243E-001  2.791127652152405E+003
    506  2.690352761240866E-001  2.473716273102514E+001
    507  2.694541014475147E-001  2.364511708578177E+003
    508  2.682691981991019E-001  3.342485616638513E+001
    509  2.679781549760367E-001  2.371867349376003E+001
    510  2.685077863529341E-001  1.806096961336746E+003
    511  2.676936146159540E-001  9.742503337939127E+001
    512  2.676576412145771E-001  4.819925036042021E+002
    513  2.673971707288741E-001  9.141913253821737E+001
    514  2.675247860207720E-001  5.146046085886722E+002
    515  2.673180867452489E-001  2.123409755323498E+002
    516  2.673555193595398E-001  6.917040598231387E+002
    517  2.671936708489473E-001  5.885262010735187E+002
    518  2.673933073201237E-001  1.164142993559090E+003
    519  2.673935213207146E-001  1.183510553970145E+003
    520  2.668652269333216E-001  1.426235396768219E+001
    521  2.667125079007550E-001  2.780381605975626E+002
    522  2.607768076722822E-001  6.890784437759778E+001
    523  2.603399901641331E-001  1.589962974027983E+002
    524  2.604002696224806E-001  6.750772623642021E+002
    525  2.599850123755882E-001  6.411921123090723E+002
    526  2.594624997448500E-001  1.453482322143759E+002
    527  2.590170119886258E-001  1.804199316187189E+002
    528  2.589901075571853E-001  2.443969815689603E+002
    529  2.588152328602947E-001  1.243854058245589E+002
    530  2.553999680010204E-001  2.375722750128285E+003
    531  2.546985206879238E-001  3.652958211248182E+003
    532  2.520069183784126E-001  6.290980135393702E+002
    533  2.488291961315919E-001  1.649685000186491E+003
    534  2.476232693102670E-001  3.441560540938763E+002
    535  1.898781944948437E-001  3.880257159089234E+003
    536  1.893315187370983E-001  3.902917928541350E+003
    537  1.848741052522500E-001  7.373471512891304E+003
    538  1.199297907614350E-001  2.355282520401770E+003
    539  9.908091508397261E-002  3.797243406644345E+004
    540  8.074891650808062E-002  4.234511619327027E+002
    541  8.060292496919627E-002  5.978902714944903E+002
    542  8.030041924690789E-002  2.880937139865603E+002
    543  7.965255610430083E-002  1.268060047846212E+003
    544  8.303649636679997E-002  1.598983427290276E+004
    545  7.663385092721413E-002  5.298339344970499E+002
    546  8.531019379408966E-002  2.265352836212594E+004
    547  1.931628270035674E-001  2.982686574613541E+005
    548  7.691981780058958E-002  2.405340838250959E+003
    549  8.025096321154709E-002  1.232978501827305E+004
    550  7.557653294651816E-002  6.832435783688719E+002
    551  8.089987138638011E-002  1.450833863558031E+004
    552  7.938606867758798E-002  1.073159998450019E+004
    553  7.584501898722600E-002  2.185142700877507E+003
    554  7.878824820411513E-002  1.132994401410416E+004
    555  7.441240318719211E-002  4.532976337930355E+002
    556  7.352230890527350E-002  2.164222256151338E+001
    557  7.374677049247813E-002  7.024771798760025E+002
    558  7.334980734907769E-002  1.757725055046613E+002
    559  7.334261064765718E-002  2.759666643450618E+002
    560  7.291246459455755E-002  6.672816942910798E+002
    561  7.266352452530261E-002  2.481417417265998E+002
    562  7.252106901888726E-002  3.760961036810443E+001
    563  7.583758576760322E-002  8.717866944676482E+003
    564  7.264522478474608E-002  9.066955756855982E+002
    565  7.231343174077541E-002  3.757132733926564E+002
    566  7.882727428272145E-002  1.722616590158679E+004
    567  7.195356318399505E-002  1.232353709932493E+002
    568  7.182771975522771E-002  1.163113260035988E+003
    569  7.138056164208023E-002  8.201909538335148E+001
    570  7.187280535536031E-002  1.554841029356070E+003
    571  7.110198096000600E-002  2.309926621915489E+002
    572  7.161807151819839E-002  1.839505415473243E+003
    573  7.100212641188210E-002  3.512774500653140E+002
    574  7.078730434787935E-002  8.367805713209891E+001
    575  7.098602819570027E-002  8.661861859089059E+002
    576  7.091884895897504E-002  9.504019184494896E+002
    577  7.060998984867793E-002  2.103549206942389E+002
    578  7.070361711132114E-002  6.578298274648184E+002
    579  7.045804925910579E-002  8.823611676430296E+001
    580  7.094348056008930E-002  1.449443393356214E+003
    581  7.035631542461739E-002  3.088539385119093E+000
    582  7.106135979810664E-002  2.152228924572503E+003
    583  7.017996448973389E-002  1.180455010631574E+002
    584  6.999240572420429E-002  1.710027098502496E+002
    585  7.020398457031596E-002  8.601836085126039E+002
    586  6.974276081013253E-002  1.932852478417506E+001
    587  6.980816411182883E-002  2.567669589589797E+002
    588  7.058369246747886E-002  2.342962033556334E+003
    589  6.961659590376526E-002  9.837487212570828E+001
    590  6.956108132086855E-002  2.349752807708019E+001
    591  6.945371105486968E-002  3.398477905500258E+001
    592  7.052782113311745E-002  2.785138442073929E+003
    593  7.014837960694403E-002  2.114119178379598E+003
    594  6.925496892566028E-002  1.514239565227040E+002
    595  6.914013915158342E-002  7.917033837027255E+001
    596  6.903417932839132E-002  8.616993976513925E+001
    597  6.912841887558475E-002  3.494600237105863E+002
    598  6.885494833705094E-002  7.173053172173347E-001
    599  6.893261276285335E-002  3.299922789695262E+002
    600  6.871570506848010E-002  1.738524884977817E+002
    601  6.865558313988764E-002  3.613187017431370E+001
    602  6.893531647930508E-002  8.085639404983722E+002
    603  6.859654146702700E-002  8.745710425801777E+000
    604  6.860549100245149E-002  2.325364118595524E+002
    605  6.848276109646233E-002  1.916574439913130E+002
    606  6.835830792872180E-002  6.001476947450147E+000
    607  6.848462635800602E-002  3.396610363100257E+002
    608  6.827294602776632E-002  5.205723423213624E+001
    609  6.828743019606026E-002  1.916652070275034E+002
    610  6.825006162160444E-002  1.062718038193990E+002
    611  6.830664535656882E-002  2.757123976076828E+002
    612  6.815533701955406E-002  1.686397044041641E+000
    613  6.817895003556240E-002  2.939710871260016E+002
    614  6.803647643750647E-002  1.089708678353721E+001
    615  6.807610234229731E-002  1.821530896327645E+002
    616  6.800464408469216E-002  1.193895923008529E+002
    617  6.810620279689651E-002  4.542269342839953E+002
    618  6.796267094163279E-002  5.429936402620555E+002
    619  6.771637353812190E-002  2.411218371831680E+001
    620  6.762666747624162E-002  7.946863755979158E-001
    621  6.781219264536577E-002  5.387485180590227E+002
    622  6.760303131667748E-002  1.003570786778302E+002
    623  6.764370662353722E-002  3.268872918373350E+002
    624  6.751422424901887E-002  1.042711300926121E+002
    625  6.742060657481300E-002  2.673787484660120E+001
    626  6.743806031541960E-002  2.218976720483372E+002
    627  6.733160803711212E-002  2.432922426053301E+001
    628  6.720592952994595E-002  1.852162732939657E+000
    629  6.712598077033083E-002  1.524490254807737E+000
    630  6.718557718238732E-002  1.655631762975956E+002
    631  6.714706299910499E-002  1.270701047593697E+002
    632  6.714122722573720E-002  1.789346938316205E+002
    633  6.708508717542801E-002  5.242558207478053E+001
    634  6.701792098306240E-002  3.915874856997777E+001
    635  6.705723467346100E-002  2.762398279027964E+002
    636  6.699060659986039E-002  1.088779660234286E+002
    637  6.692876218292046E-002  8.960092728008438E+001
    638  6.688369668607728E-002  4.393146372748008E+000
    639  6.691194195148703E-002  1.451880646708561E+002
    640  6.684439208900617E-002  2.193683606314943E+001
    641  6.684460918581543E-002  7.265011508605365E+001
    642  6.678575674452132E-002  2.109566209602860E+001
    643  6.676257668782558E-002  4.466919694570871E+001
    644  6.671921092106657E-002  1.308247001026581E+001
    645  6.674047892651334E-002  9.426416896904460E+001
    646  6.668252974482851E-002  7.716063701347517E+001
    647  6.662264691544841E-002  2.748927233328598E-001
    648  6.660769668330270E-002  1.919684203088136E+001
    649  6.660091438769337E-002  1.069973698994651E+002
    650  6.655817198884818E-002  2.289115038687989E+002
    651  6.646528734371925E-002  2.254139388361708E+001
    652  6.633381367006429E-002  4.148862807912528E-001
    653  6.631354906734291E-002  4.541612984792756E+000
    654  6.624871213803320E-002  2.268802660703133E+002
    655  6.618198340803570E-002  2.115478737585529E+002
    656  6.608125522932169E-002  7.948106365363893E+001
    657  6.600728910820990E-002  2.672080710684120E+001
    658  6.611282291806558E-002  3.256115766187464E+002
    659  6.607006922612620E-002  4.071094164256686E+002
    660  6.578087366389257E-002  1.870183270747985E+001
    661  6.586759767581526E-002  2.887678170118981E+002
    662  6.571045728759385E-002  1.005014774713083E+001
    663  6.561962719655871E-002  2.786227160366201E+002
    664  6.543351114812213E-002  1.300017943625907E+001
    665  6.538280614976273E-002  3.153214901206383E+001
    666  6.560603688080720E-002  9.470414008291367E+002
    667  6.516029771584353E-002  3.835162051263753E+002
    668  6.499611575350897E-002  2.069575763003717E+001
    669  6.514149270934447E-002  6.673083839567679E+002
    670  6.485760847816907E-002  5.339004176964014E+001
    671  6.474472920206177E-002  3.196984511530139E+002
    672  6.465270439761561E-002  1.148354425005140E+002
    673  6.489010534412165E-002  9.730395798219661E+002
    674  6.446866979992816E-002  1.374973122114194E+002
    675  6.452471834973010E-002  4.096871075568790E+002
    676  6.428996794771454E-002  2.754898223040007E+002
    677  6.399174291395773E-002  1.998948588694368E+001
    678  6.390033624569427E-002  3.108352139203257E+002
    679  6.361576701831835E-002  2.881826602334032E+001
    680  6.362098908314968E-002  2.640801836092624E+002
    681  6.360698814855958E-002  3.764074357250181E+002
    682  6.337571551729283E-002  7.204438321925373E+001
    683  6.341297351278423E-002  1.928670426525128E+002
    684  6.332621824260891E-002  5.971307235372828E+001
    685  6.328517995100071E-002  2.206523254596437E+001
    686  6.350022120420176E-002  6.157558364466737E+002
    687  6.335368040243637E-002  3.113774335489944E+002
    688  6.320445018834955E-002  9.668564573343032E+000
    689  6.328001053283594E-002  3.492237528250792E+002
    690  6.323916470767726E-002  4.925298649752340E+002
    691  6.310831085585181E-002  3.264470789546705E+002
    692  6.297277841162814E-002  2.048376019140090E+000
    693  6.294014630952741E-002  8.819559225540830E+000
    694  6.322167813118064E-002  7.279212059796376E+002
    695  6.292532095939621E-002  6.046151805859489E+001
    696  6.278728536225101E-002  1.448035762113837E+001
    697  6.290262151309317E-002  3.305127184877562E+002
    698  6.310237957327550E-002  9.944194072294690E+002
    699  6.268079097500005E-002  2.158958166699669E+001
    700  6.272987055515239E-002  3.355127050315225E+002
    701  6.251997850051254E-002  9.416185565231303E-001
    702  6.259915586045139E-002  2.573557668634040E+002
    703  6.240480917421552E-002  1.064176806408534E+001
    704  6.227869990376281E-002  2.218011045945404E+000
    705  6.214872398134904E-002  1.012417971315227E+001
    706  6.218307236915190E-002  4.231172617794330E+002
    707  6.188512658024441E-002  2.454446787190616E+001
    708  6.201219762610399E-002  4.197389261986563E+002
    709  6.180717408834258E-002  3.951397693015932E+001
    710  6.223656562977486E-002  1.172928487794215E+003
    711  6.165470783488051E-002  1.095611938031327E+001
    712  6.168110005430186E-002  3.528177536138791E+002
    713  6.153191861536857E-002  8.719345835577361E+001
    714  6.148593036812180E-002  1.855610868198753E+001
    715  6.144237051314649E-002  1.623293726660758E+001
    716  6.170277048103250E-002  7.514870291672178E+002
    717  6.152809784803343E-002  5.606323610183036E+002
    718  6.123985134895559E-002  9.888831713516258E-001
    719  6.129982526558409E-002  1.754070906833587E+002
    720  6.104503295470552E-002  4.791936533539117E+000
    721  6.115519476920923E-002  4.538863312604020E+002
    722  6.096908908654873E-002  1.830057053135991E+001
    723  6.091943510603535E-002  9.853979215860695E-001
    724  6.096396454991847E-002  2.084735095594422E+002
    725  6.111848062317218E-002  6.620357269905179E+002
    726  6.075137792955013E-002  4.291979325655212E+000
    727  6.075025515161280E-002  2.334371381031547E+002
    728  6.064945806477800E-002  8.227483577070290E+000
    729  6.062220053591864E-002  5.087844028683627E+000
    730  6.062290986747081E-002  2.603474334618836E+002
    731  6.052870899893296E-002  6.855140795519640E+001
    732  6.050742588130891E-002  2.076304568645658E+001
    733  6.053278375189908E-002  2.534089333897345E+002
    734  6.043151823755322E-002  1.031180531236123E+000
    735  6.040081103174203E-002  3.791054497001081E+000
    736  6.035471033319641E-002  1.843951159996008E+000
    737  6.036965090710785E-002  4.666863631684566E+001
    738  6.034887201744885E-002  2.135949094936726E+002
    739  6.026553570802121E-002  9.776228998560663E+000
    740  6.026031519546840E-002  2.448971128932905E+000
    741  6.031034750518070E-002  1.723686648736094E+002
    742  6.026879533017625E-002  1.323259495319578E+002
    743  6.018501818460402E-002  3.005588089746726E-001
    744  6.010221825464538E-002  3.764624868149764E+001
    745  6.018013030336342E-002  3.163147424062055E+002
    746  6.009552012933646E-002  3.529711293714295E+002
    747  5.994684104319397E-002  5.561117227640672E+000
    748  5.997480806899316E-002  1.722804153205438E+002
    749  6.000964097960448E-002  4.232962688465540E+002
    750  5.982365795199086E-002  3.994010729203656E+000
    751  5.987126619423556E-002  2.793353821440215E+002
    752  5.968603755430840E-002  6.070913504439782E-001
    753  5.959453096492950E-002  2.991943792467620E+000
    754  5.957661790621541E-002  1.174816631411062E+001
    755  5.963066908345080E-002  1.517223571810392E+002
    756  5.950895673045506E-002  3.831781188005646E+001
    757  5.951048078605652E-002  2.199078594946363E+002
    758  5.935175401254635E-002  1.623227747036819E+001
    759  5.925338799983994E-002  1.162549762855890E+000
    760  5.918939820512861E-002  2.986643162052522E+002
    761  5.901919755569489E-002  1.220185969962344E+001
    762  5.948837358094809E-002  1.390344665330279E+003
    763  5.889626947726345E-002  7.342020255609768E+002
    764  5.850376919863201E-002  1.068244496650325E+001
    765  5.850427032969052E-002  3.183464029844164E+002
    766  5.833786563828708E-002  6.531515764789234E+000
    767  5.810964893285052E-002  1.416828740525589E+001
    768  5.833493247258235E-002  8.732794403085715E+002
    769  5.807943985394107E-002  6.162639297980271E+002
    770  5.782155069007573E-002  2.303844624929388E+001
    771  5.789176101904498E-002  5.504078292081307E+002
    772  5.755542508954367E-002  4.449973398696757E+002
    773  5.713420787253547E-002  1.035376406200926E+000
    774  5.715857574656965E-002  5.561582626930791E+002
    775  5.661303072951945E-002  1.141307559896076E+000
    776  5.644932765189258E-002  5.721204911136851E+000
    777  5.680106946105754E-002  9.380507475263568E+002
    778  5.637988955666036E-002  8.076214792237155E+002
    779  5.604015952698194E-002  4.556160089154431E+000
    780  5.613800228430383E-002  3.474252544076526E+002
    781  5.578052198370963E-002  2.387175262680377E+001
    782  5.568597683513316E-002  3.026243453483416E+001
    783  5.589692969972399E-002  6.040970945455723E+002
    784  5.572210158160038E-002  2.924101700927241E+002
    785  5.609984296460013E-002  1.392456885538976E+003
    786  5.552832478964458E-002  1.554559080284728E+001
    787  5.548148457253769E-002  4.315731204929640E+001
    788  5.538748419490259E-002  4.350684575945703E+000
    789  5.543380796815633E-002  2.516571514740340E+002
    790  5.532034946763938E-002  3.492509755936209E+001
    791  5.534593909850182E-002  2.013234669803301E+002
    792  5.524523054999529E-002  1.436928109361851E+001
    793  5.522550838693385E-002  1.029819153429276E+002
    794  5.514032694294863E-002  1.927905421379018E+001
    795  5.518142046877360E-002  1.814705977570011E+002
    796  5.500281983516878E-002  8.567367898597114E+001
    797  5.496605337058693E-002  2.991301629815535E+002
    798  5.484864835323113E-002  3.795456539169576E+000
    799  5.489601625774029E-002  2.835118041719903E+002
    800  5.478088017109575E-002  4.785513917907347E+001
    801  5.467423217061934E-002  1.114652577262992E+000
    802  5.467509203627824E-002  2.497165554197181E+002
    803  5.451244959262690E-002  1.649605541749409E+002
    804  5.440709982992487E-002  2.741105790115003E+001
    805  5.423358201632821E-002  7.037212482448876E+000
    806  5.416368158771999E-002  4.243596395261904E-001
    807  5.420636329885403E-002  1.605180483299985E+002
    808  5.422759983747159E-002  3.635694298131975E+002
    809  5.382701936692644E-002  1.700361918096698E+001
    810  5.392553522056505E-002  3.694406823541751E+002
    811  5.369776190848974E-002  3.029319816660096E+000
    812  5.367825317775236E-002  8.717435307308556E+001
    813  5.364449878412681E-002  2.626102446369745E+002
    814  5.349079929276211E-002  3.054215184095085E+000
    815  5.346007746496417E-002  2.470891855845956E+001
    816  5.362456391591090E-002  4.415653053921633E+002
    817  5.337385360291065E-002  1.327499692431540E+002
    818  5.325822709870786E-002  5.565185930941003E+000
    819  5.319785830591595E-002  2.578609894047445E+000
    820  5.316883954154947E-002  1.254292535960794E+002
    821  5.317539569880983E-002  1.604931613941574E+002
    822  5.322582924400115E-002  3.479148259466891E+002
    823  5.308065723397284E-002  3.885865093581054E-001
    824  5.305910186863902E-002  9.633347097304848E+001
    825  5.309851299966836E-002  3.094135519789127E+002
    826  5.308995999994751E-002  4.186337055698494E+002
    827  5.291557259151101E-002  1.150133926793131E+002
    828  5.284349162680097E-002  1.032805464756484E+001
    829  5.294918376471104E-002  3.833131570285523E+002
    830  5.279863937524319E-002  1.026628692911114E+001
    831  5.281088261788253E-002  1.853775100360909E+002
    832  5.281113746540435E-002  2.938867513634702E+002
    833  5.265322515893204E-002  5.117614412445179E-001
    834  5.262601931686958E-002  3.468015554833398E+000
    835  5.276630040560068E-002  4.007590416155688E+002
    836  5.283106896664288E-002  9.249018999949236E+002
    837  5.246468753465985E-002  9.436530676265237E+000
    838  5.260480987517106E-002  4.577147833401934E+002
    839  5.237374672704923E-002  5.904476787777516E+000
    840  5.220064279786424E-002  1.214055291036168E+000
    841  5.214868294524003E-002  1.538172906823339E+000
    842  5.227889074799342E-002  4.526781806364898E+002
    843  5.209146142979715E-002  2.101015318060869E+002
    844  5.195633170536640E-002  2.886399712694407E+002
    845  5.178495854291344E-002  2.360582778309801E+001
    846  5.164370492026096E-002  2.047605090518406E+001
    847  5.174180174481347E-002  2.897825693875727E+002
    848  5.149153867088557E-002  2.541013167564066E+002
    849  5.125432323633750E-002  1.885523410783606E+001
    850  5.096220966494244E-002  7.258894788779738E-001
    851  5.093777188625696E-002  9.928974321435788E+001
    852  5.087734458499528E-002  1.648475177300842E+001
    853  5.080237188985007E-002  4.767476190872215E+001
    854  5.071395409270396E-002  1.631159305308929E+002
    855  5.049670948231980E-002  9.085863773209913E+001
    856  5.045222708832819E-002  3.275083342454602E+000
    857  5.037486083939252E-002  2.042206219660749E+000
    858  5.040119439046474E-002  9.113968879171030E+001
    859  5.035887348820441E-002  9.355239803588713E+000
    860  5.031390792708065E-002  6.225960729875140E+001
    861  5.028866329989402E-002  2.271672038966976E+000
    862  5.020108118421945E-002  2.125717423923593E+001
    863  5.016240556201351E-002  7.868878404998738E+001
    864  5.008202170948271E-002  7.021819891442470E-001
    865  5.011010607141900E-002  9.903132159565240E+001
    866  4.967453376429856E-002  1.788868026946792E+002
    867  4.951502194981143E-002  2.781841454234843E+000
    868  4.954496603852949E-002  2.718375915780168E+002
    869  4.924484269950553E-002  1.774671374352357E+000
    870  4.919558812082946E-002  5.936424959134919E+002
    871  4.896666734721131E-002  3.545304354299902E+002
    872  4.878268186122767E-002  7.714657683332752E-001
    873  4.880458670028798E-002  1.948411303666759E+002
    874  4.859191365782817E-002  1.819898880653593E+000
    875  4.906787337623354E-002  1.217643517038469E+003
    876  4.847895836222556E-002  3.027955007756539E+000
    877  4.853165368492461E-002  2.372052331024973E+002
    878  4.832314987944393E-002  5.823175421471150E+000
    879  4.837168591361925E-002  1.557275857299289E+002
    880  4.818261377507201E-002  6.085329049876220E+001
    881  4.787837588481746E-002  1.374393145843309E-001
    882  4.780299964659850E-002  4.967976582031072E+000
    883  4.781171265214303E-002  9.734328311498717E+001
    884  4.777930306301962E-002  4.447605682794173E+001
    885  4.764302507991966E-002  5.029442088502819E-001
    886  4.762863101545445E-002  1.746558319411822E+002
    887  4.753185765207123E-002  1.761790383461544E+002
    888  4.745030778833274E-002  5.597610787133537E+000
    889  4.673167233593521E-002  1.497220997860098E+000
    890  4.672393027298178E-002  3.492978977073691E+002
    891  4.657615145685148E-002  5.993941405569189E-001
    892  4.661793816069203E-002  3.593120517408574E+002
    893  4.614389070596420E-002  1.799792610245091E+001
    894  4.611120575233286E-002  2.307928555000575E+002
    895  4.546403990542514E-002  1.547075443766319E+002
    896  4.541982242864297E-002  5.695739802279545E+001
    897  4.547492101922970E-002  5.598229543691834E+002
    898  4.509650433006732E-002  5.501219479137393E+002
    899  4.475019790044157E-002  1.171106775195751E+002
    900  4.440940782247745E-002  5.029412855188576E+000
    901  4.369791058110254E-002  1.128848401432369E+001
    902  4.374033711620380E-002  2.676804296974177E+002
    903  4.340810153195269E-002  1.397988629811960E+002
    904  4.322256663919072E-002  1.850748294892442E+000
    905  4.310763655084221E-002  4.411843799933258E+002
    906  4.283200262104246E-002  2.833054984495705E+000
    907  4.279233523088693E-002  1.661537150622533E+002
    908  4.255287763292929E-002  1.113597275733404E+001
    909  4.269179325105191E-002  4.550522109554126E+002
    910  4.234652005978536E-002  5.884677378415477E+001
    911  4.256721930274199E-002  7.951659591419958E+002
    912  4.214238422934456E-002  3.567677655518487E+000
    913  4.203826092693484E-002  1.872984879915233E+001
    914  4.198898734254598E-002  1.063341003262463E+000
    915  4.196475173490938E-002  2.013776055771523E+001
    916  4.198639800502033E-002  1.390702498872014E+002
    917  4.189531582700446E-002  1.126862040174644E+002
    918  4.181999630770746E-002  2.658802702310088E+002
    919  4.167875947981654E-002  1.506623630245286E+002
    920  4.150655520226390E-002  9.260417527912066E+000
    921  4.152766793723375E-002  2.341955588236229E+002
    922  4.134495418713589E-002  3.075675787626233E+001
    923  4.133676759310873E-002  2.907163348174521E+001
    924  4.141804486112279E-002  3.173677803071675E+002
    925  4.115305237621693E-002  5.968135797095720E+000
    926  4.161839921257017E-002  1.468627931586131E+003
    927  4.092773232893442E-002  3.457440641566843E+001
    928  4.114447108398714E-002  7.556741381634703E+002
    929  4.095219205806652E-002  4.279876751390862E+002
    930  4.087564208008087E-002  2.945093823401235E+002
    931  4.074235621513035E-002  1.307339914189913E+001
    932  4.074828267329944E-002  6.644265098864456E+001
    933  4.071796447773562E-002  9.623410991176872E+000
    934  4.073336586125878E-002  3.420836213348248E+002
    935  4.055468033928874E-002  7.848459117739878E+000
    936  4.039449040717093E-002  5.476639557608948E+000
    937  4.055460089335829E-002  4.140971604025515E+002
    938  4.046252814183846E-002  2.577097114639525E+002
    939  4.030745759276887E-002  8.582271314098840E+000
    940  4.034306884475219E-002  1.710630388552090E+002
    941  4.025730689050888E-002  3.358150220526591E+000
    942  4.022302077829823E-002  9.472207268672287E+001
    943  4.018026782035013E-002  8.188672448656150E+001
    944  4.024199102311198E-002  2.402033306648808E+002
    945  4.012097532496904E-002  1.192342478050150E+002
    946  4.004848761100638E-002  2.772098288335606E+000
    947  4.007273916581481E-002  2.855068589839372E+002
    948  3.997290299020049E-002  1.671498981343588E+002
    949  3.988144814165590E-002  1.721075538686992E+001
    950  3.989810777556133E-002  1.997850733849464E+002
    951  3.974149275595885E-002  7.947407240096840E+000
    952  3.984398628942683E-002  2.784269696848870E+002
    953  3.967040880354993E-002  1.651701407770065E+001
    954  3.985713341970672E-002  4.969276319664131E+002
    955  3.968343779197696E-002  1.060458225787306E+002
    956  3.963951354329531E-002  2.076797945105210E+000
    957  3.962760635974017E-002  1.148626441544450E+001
    958  3.965477299045905E-002  1.079923300561334E+002
    959  3.958100980001369E-002  4.749628403417257E+000
    960  3.965803291140867E-002  2.184346642142817E+002
    961  3.956308929347488E-002  7.686470750330167E+000
    962  3.957665869515996E-002  1.400822203318181E+002
    963  3.950693369799323E-002  3.276803282750219E+001
    964  3.956206144863140E-002  2.696012987510591E+002
    965  3.932450975429336E-002  5.328360013676381E-001
    966  3.984705377426639E-002  1.627421429459136E+003
    967  3.943442139886196E-002  7.075689523363767E+002
    968  3.926426018422729E-002  3.224462525489551E+002
    969  3.910207660490432E-002  1.678525984469592E+000
    970  3.923169938670629E-002  3.860962321970953E+002
    971  3.901175479043600E-002  2.910180308824482E+000
    972  3.904224807335112E-002  1.796373334372405E+002
    973  3.916257990353152E-002  6.938160572947737E+002
    974  3.888032440986133E-002  4.025015215643001E+000
    975  3.897177992423837E-002  2.598945966452240E+002
    976  3.895639937781508E-002  4.259437662713803E+002
    977  3.879613588084881E-002  6.536756099682056E+001
    978  3.874222417822456E-002  1.128935442141567E+001
    979  3.875770937772420E-002  1.320142161614618E+002
    980  3.868259227696404E-002  4.880034418243199E+000
    981  3.880761828532203E-002  4.196592941985543E+002
    982  3.859380994397792E-002  1.495317101117535E+001
    983  3.857964815563987E-002  1.008730358123205E+002
    984  3.859042215562284E-002  1.469922286716428E+002
    985  3.846737919698361E-002  1.051780796124350E+001
    986  3.848835081190573E-002  1.462936582783004E+002
    987  3.838862218163078E-002  7.583577703835314E+000
    988  3.840509805626043E-002  5.215332656208184E+001
    989  3.830190947437923E-002  2.096680070370688E+002
    990  3.818600468759480E-002  1.511294280602553E+001
    991  3.838670195534130E-002  7.944394108158494E+002
    992  3.833107314305437E-002  8.721474353348331E+002
    993  3.794117624523462E-002  3.634774017348728E+000
    994  3.792519875154675E-002  2.609757375780555E+001
    995  3.789261062061778E-002  1.128499046976234E+002
    996  3.782987293560632E-002  1.268313439421899E+000
    997  3.795033883692708E-002  3.628320712604757E+002
    998  3.819214456196442E-002  1.038493591871362E+003
    999  3.777062370458362E-002  2.813030355137272E+000
   1000  3.793038605636699E-002  4.203211500127530E+002
   1001  3.801598478358585E-002  7.662775822686416E+002
   1002  3.771368033438596E-002  1.391073707815626E+001
   1003  3.762729556868561E-002  5.965428205366680E+000
   1004  3.763203521101406E-002  2.735145172081798E+001
   1005  3.788128067486862E-002  6.905995376723419E+002
   1006  3.771402374960236E-002  3.978960898736688E+002
   1007  3.750809607532219E-002  4.341290812007534E-001
   1008  3.759905059479378E-002  2.551454784603473E+002
   1009  3.759556669522718E-002  3.821089591762875E+002
   1010  3.739717519202593E-002  1.500364062219266E+001
   1011  3.754346001184658E-002  5.098368105077209E+002
   1012  3.732458758153534E-002  8.524755060023589E+000
   1013  3.745569153926635E-002  4.244768674934587E+002
   1014  3.728697168269574E-002  9.313424433304664E+001
   1015  3.723955891183832E-002  7.949178568539889E-001
   1016  3.752564661865994E-002  7.586097729456936E+002
   1017  3.721425611213251E-002  1.812667208987887E+001
   1018  3.740374431258069E-002  5.980459605900122E+002
   1019  3.712543571363873E-002  9.257768838199224E-001
   1020  3.737631757614731E-002  7.479429162112669E+002
   1021  3.708843313535670E-002  1.372130944601737E+002
   1022  3.720266261523052E-002  6.253482873752951E+002
   1023  3.692677860348044E-002  5.730824678126957E+000
   1024  3.704347932966436E-002  4.460272438144290E+002
   1025  3.683776618647128E-002  6.070013012838641E+000
   1026  3.715733314335216E-002  8.510054051588522E+002
   1027  3.694429567563119E-002  4.184384677927089E+002
   1028  3.669324987766219E-002  3.252727537268881E+001
   1029  3.694308096601092E-002  7.065323242971405E+002
   1030  3.655911481528923E-002  6.262097494294452E-001
   1031  3.682375689552416E-002  7.111021009456149E+002
   1032  3.682135559433929E-002  8.067369924925218E+002
   1033  3.669806991909869E-002  6.509608886861450E+002
   1034  3.665520380685983E-002  5.554320482011036E+002
   1035  3.643490760647940E-002  1.413321636777505E+001
   1036  3.702158461120782E-002  1.621120783471078E+003
   1037  3.632061811060953E-002  2.761807090107949E+000
   1038  3.789105170619711E-002  4.180600919311156E+003
   1039  3.869726523988164E-002  6.375127482000193E+003
   1040  3.612753795510262E-002  3.636974649635513E+001
   1041  3.910116796345868E-002  7.588544831077476E+003
   1042  3.653637690625682E-002  1.458226772722782E+003
   1043  3.594346103739968E-002  1.672236751313179E+001
   1044  3.729200096871307E-002  3.594230185811695E+003
   1045  4.204306989241587E-002  1.590988023874664E+004
   1046  3.571959956753369E-002  6.262567444546551E+001
   1047  3.736150624198130E-002  4.689005109655107E+003
   1048  3.964467456887038E-002  1.057889702964762E+004
   1049  3.539524839734622E-002  5.670318201787455E+000
   1050  3.756271194749033E-002  5.624615723938070E+003
   1051  3.500671057393227E-002  1.054178070110429E+001
   1052  3.684107728627697E-002  4.829489635172325E+003
   1053  3.631511803332673E-002  3.782578433350677E+003
   1054  3.483026234819918E-002  1.283713875496577E+001
   1055  3.538492439175630E-002  1.476516894413791E+003
   1056  3.476776030087592E-002  2.179094199357295E+001
   1057  3.551985567866810E-002  1.931899465974915E+003
   1058  3.870192973146634E-002  1.029853187876973E+004
   1059  3.452980004791439E-002  4.082739639378250E+000
   1060  3.921596134447888E-002  1.207558335042463E+004
   1061  3.515025139542980E-002  2.231053564723260E+003
   1062  3.507896877424868E-002  2.115566594966559E+003
   1063  3.425891390378360E-002  6.526638491172604E+001
   1064  3.605817800456552E-002  4.750556767672495E+003
   1065  3.403480270584227E-002  3.832385949731295E+001
   1066  3.653393228865860E-002  6.436565726216079E+003
   1067  3.523845720358279E-002  3.308422943695472E+003
   1068  3.394216793848447E-002  6.468609616524988E+001
   1069  3.435073446822583E-002  2.273520059010943E+003
   1070  3.708861071111207E-002  9.836903144844160E+003
   1071  3.582860973282296E-002  7.395477953295768E+003
   1072  3.575667359813557E-002  7.316069823795245E+003
   1073  3.273413697883959E-002  3.979898051085069E+000
   1074  3.432816404996023E-002  4.506072773621992E+003
   1075  1.020276475071668E-002  2.968834747084522E+003
   1076  8.909221970082192E-003  4.840363406059807E+001
   1077  1.074112701712358E-005  2.713881451084098E+001
