# dt =   1.000000000000000E-007
# j, New nj, Rate of change (1/s)
      1  2.184657336755332E+000  1.600132933325912E+003
      2  2.139909017686603E+000  3.369825455380018E+003
      3  2.100030382371094E+000  9.862615742906723E+002
      4  2.059325400373976E+000  2.693235754714606E+003
      5  2.025057467771942E+000  8.397311599339675E+003
      6  1.998560777763820E+000  9.211281979893656E+002
      7  2.050103904657872E+000  7.856807232088382E+004
      8  2.012347900485878E+000  3.896028670492258E+004
      9  1.967220391146880E+000  1.933343609419686E+003
     10  1.947084249052411E+000  3.871834771708882E+003
     11  1.757564887457908E+000  3.862558339745758E+003
     12  1.731056306296774E+000  1.584475651587232E+003
     13  1.469676391010165E+000  2.209716442699330E+002
     14  1.465093429162274E+000  4.569216022365851E+003
     15  1.434738439818670E+000  2.056755062911080E+002
     16  1.440952814809244E+000  1.558015315047817E+004
     17  1.424571838790335E+000  3.803948818211335E+003
     18  1.403618724079609E+000  1.341867561275825E+004
     19  1.382319460419592E+000  1.335830869995791E+002
     20  1.377983207567081E+000  4.046298404565616E+003
     21  1.373477811996735E+000  1.203692833484742E+003
     22  1.373044306402824E+000  1.064259078344304E+003
     23  1.395226271917814E+000  4.187052326618054E+004
     24  1.383648829927523E+000  3.218967807828430E+004
     25  1.279485110290058E+000  1.280924216905183E+002
     26  1.275363606531959E+000  1.783474220197542E+003
     27  1.272835299718826E+000  1.112459956291444E+004
     28  1.254238070289709E+000  8.274213015728064E+002
     29  1.259526346329973E+000  8.474109346510402E+003
     30  1.228958407282992E+000  6.160085396904590E+002
     31  1.226628055550439E+000  7.518999303846903E+003
     32  1.199931719322346E+000  4.498807698152233E+003
     33  1.196613011603733E+000  1.576421486414142E+003
     34  1.191220335894579E+000  9.418332463504720E+002
     35  1.184803636519245E+000  2.265198909737273E+003
     36  1.183329932314015E+000  2.445923231589488E+003
     37  1.180011050485939E+000  1.881102306420761E+003
     38  1.200393014797245E+000  3.063301203573983E+004
     39  1.175904830615111E+000  1.780373675090133E+003
     40  1.169327707044542E+000  1.586359800022285E+003
     41  1.165478697936470E+000  9.383014585843530E+002
     42  1.160789585047408E+000  1.296001673460034E+003
     43  1.133865517205016E+000  1.343027686128981E+003
     44  1.132105883874801E+000  9.861995645766857E+002
     45  1.121153155091996E+000  1.087690889476232E+003
     46  1.119473025008923E+000  1.545230696405210E+003
     47  1.114860286293902E+000  1.168880800866903E+001
     48  1.111727470666970E+000  8.831675578583314E+002
     49  1.110741382251554E+000  2.846058593379460E+002
     50  1.109103284509323E+000  3.770219178565785E+002
     51  1.108480052822487E+000  1.656284700545373E+003
     52  1.104729648298236E+000  5.345831819369299E+002
     53  1.104894208440254E+000  8.069102393909903E+002
     54  1.102534452608577E+000  1.320200408119135E+003
     55  1.087051731112947E+000  2.123179706376668E+003
     56  1.078112209615385E+000  1.258872324660714E+001
     57  1.066239094739588E+000  1.860719637855075E+003
     58  1.071802597925544E+000  1.110713868860511E+004
     59  1.060843626594885E+000  7.760831713883111E+001
     60  1.064165501865424E+000  7.786008230329062E+003
     61  1.052523668950574E+000  3.365562429636618E+002
     62  1.049062796918744E+000  7.934108355432030E+002
     63  1.047197622577102E+000  5.721614411618236E+002
     64  1.057577024424194E+000  1.728396185777197E+004
     65  1.055781654833011E+000  1.994546253268887E+004
     66  1.038311983155060E+000  2.674901357717072E+003
     67  1.034422609012523E+000  5.225662885743718E+003
     68  1.029829143730857E+000  5.922725682353720E+002
     69  1.029235361245730E+000  1.155621112429377E+003
     70  1.024848303382847E+000  6.103509121423417E+003
     71  1.020485851261281E+000  5.620545044348769E+003
     72  1.013865648476164E+000  2.664899962208573E+002
     73  1.010026166654126E+000  1.006688762643471E+003
     74  1.009391112894008E+000  1.833983989893024E+003
     75  1.002983246836943E+000  4.935749072528720E+002
     76  1.001934440802238E+000  2.835904190734033E+002
     77  1.001048142577433E+000  4.171509224730287E+002
     78  9.996701209354034E-001  6.342404145422648E+002
     79  9.980890981486964E-001  1.281913283571985E+003
     80  9.940812427434061E-001  2.279118515827262E+003
     81  9.925700201092829E-001  4.892175485428311E+002
     82  9.890950262617973E-001  4.790200058146419E+002
     83  9.886575998916866E-001  2.143948668627617E+002
     84  9.871974811394300E-001  4.012965153783777E+002
     85  9.855756523959556E-001  4.366053889317175E+003
     86  9.834357515092257E-001  3.138513892595751E+003
     87  9.745000774229255E-001  3.085972099560808E+001
     88  9.731728075545352E-001  2.114883577277888E+002
     89  9.688952923668638E-001  1.677682424856984E+003
     90  9.689838428209424E-001  4.586738564273351E+003
     91  9.672146266084830E-001  4.558720481498215E+003
     92  9.649552284859237E-001  2.467259911585621E+003
     93  9.609076219599791E-001  2.037905774767876E+002
     94  9.608974116709560E-001  9.250480890942531E+002
     95  9.609509186360869E-001  2.961667119464660E+003
     96  9.586238899205001E-001  8.451528786765028E+002
     97  9.583569457374996E-001  1.752204891603841E+003
     98  9.574151009394369E-001  7.620650873059482E+002
     99  9.554029575289309E-001  1.256457359722032E+002
    100  9.568582474458130E-001  2.889531819445581E+003
    101  9.549415835923361E-001  1.337646342991408E+003
    102  9.442983339195026E-001  1.288522385837822E+003
    103  9.393825292962685E-001  4.431252303291282E+003
    104  9.322512520175008E-001  5.377929136347900E+002
    105  9.281982747579821E-001  8.322669434587391E+002
    106  9.284678744363295E-001  1.371339277348011E+003
    107  9.244900569914416E-001  2.857571215585271E+002
    108  9.239905506821899E-001  2.031764483366551E+003
    109  9.212077375196935E-001  8.808400278133764E+002
    110  9.206556562697111E-001  1.302220097312981E+003
    111  9.195791957328299E-001  7.567530520049073E+002
    112  9.188103811435265E-001  5.801076984458805E+002
    113  9.180283022941970E-001  3.838448207610708E+002
    114  9.271996548865375E-001  1.759434606043344E+004
    115  9.125330098576837E-001  1.355199910870343E+003
    116  9.114371456099311E-001  7.989564847986261E+002
    117  9.104309426188267E-001  2.422895380380890E+003
    118  9.034108449465618E-001  4.137078542903109E+002
    119  9.034928987994232E-001  1.285147054578041E+003
    120  9.007460679741826E-001  1.095426958239408E+003
    121  8.996700714056534E-001  8.559534143212835E+002
    122  8.965855302117722E-001  1.164100050112582E+002
    123  8.954136053239717E-001  2.139614519349680E+002
    124  8.920972490294877E-001  7.459154141858728E+000
    125  8.916813157406317E-001  6.722252330292164E+002
    126  8.903969118301895E-001  4.851586022693531E+002
    127  8.899978015097275E-001  1.535148358234059E+002
    128  8.873867393779221E-001  4.714254472745044E+002
    129  8.858631783477514E-001  6.444484541430715E+001
    130  8.855895542178763E-001  4.287991195693858E+002
    131  8.832866746713725E-001  1.694937691614802E+003
    132  8.818830513292109E-001  6.345464018541983E+002
    133  8.813761134625144E-001  1.433221195506984E+003
    134  8.778255889581641E-001  1.353139013554774E+003
    135  8.765184553531961E-001  6.762374122027371E+002
    136  8.747843704744497E-001  7.232246277016833E+002
    137  8.748654553409847E-001  1.448062893547684E+003
    138  8.735364333605291E-001  1.052082362620622E+003
    139  8.720087068991283E-001  4.181040619724260E+002
    140  8.714403445783512E-001  2.441601555538649E+002
    141  8.705399387874386E-001  5.961452919213959E+002
    142  8.710763684714280E-001  4.839436828821348E+003
    143  8.646166647185621E-001  1.674427818060680E+003
    144  8.637553747687616E-001  1.310959244633978E+003
    145  8.579011014981265E-001  2.545484098716492E+002
    146  8.564713359192879E-001  1.104026333339027E+001
    147  8.538096903351131E-001  2.515467443521591E+002
    148  8.502639446788699E-001  9.480338466159830E+002
    149  8.470946750013201E-001  1.358953055635396E+003
    150  8.343786577673584E-001  6.769387168601586E+002
    151  8.342957958049269E-001  1.576888465249775E+003
    152  8.304476860993893E-001  1.827646589358492E+003
    153  8.256895978122235E-001  1.313752607718290E+003
    154  8.254528082884818E-001  5.260573228731909E+003
    155  8.217146643695650E-001  1.074701277293873E+003
    156  8.198487277913294E-001  1.061959653427058E+003
    157  8.192056316247132E-001  1.251791224605639E+003
    158  8.184882434708353E-001  1.609257413599178E+003
    159  8.168030994411514E-001  7.517245254602257E+001
    160  8.181766276707007E-001  2.020670044652417E+003
    161  8.180049910004965E-001  2.415562893578375E+003
    162  8.161120960409183E-001  1.591868182540121E+002
    163  8.159932539817443E-001  3.202295130164826E+003
    164  8.139295100598383E-001  4.183790037797357E+003
    165  7.986272650047043E-001  2.830595512906633E+003
    166  7.959602974112028E-001  6.883423659442225E+002
    167  7.923935406611051E-001  3.993767799027717E+002
    168  7.867643678725719E-001  7.993899591698996E+002
    169  7.863426734187248E-001  1.182062613615487E+003
    170  7.800333762300049E-001  1.866703410427691E+002
    171  7.762154753478356E-001  1.786125663287031E+002
    172  7.752920772105449E-001  3.510457508294641E+002
    173  7.707663564141766E-001  3.749296755445887E+002
    174  7.678849782943824E-001  8.188029428171961E+002
    175  7.653163399920222E-001  3.249113324396015E+001
    176  7.652175424138606E-001  3.378933083688618E+002
    177  7.645803640359633E-001  6.504963869751244E+002
    178  7.621563235530264E-001  4.564624612683675E+000
    179  7.590921768506209E-001  9.014997270002571E+001
    180  7.582511433156744E-001  1.643195305200030E+003
    181  7.562026507573103E-001  8.731980910556477E+001
    182  7.566576166524602E-001  2.232521465496822E+003
    183  7.549205151609829E-001  2.018579970535097E+003
    184  7.509471679131106E-001  1.380475971436960E+003
    185  7.514345287759793E-001  2.394923859988632E+003
    186  7.481278672860713E-001  6.922183097681173E+002
    187  7.466426848336181E-001  2.925729215086710E+002
    188  7.460086378168941E-001  1.463754118356149E+003
    189  7.433715640045195E-001  3.361508949117775E+002
    190  7.425311438682349E-001  7.920705563049179E+002
    191  7.356994814570186E-001  6.703680789203319E+002
    192  7.356602130609533E-001  7.614675765732369E+002
    193  7.312117439727789E-001  9.503364624737787E+002
    194  7.303795873420704E-001  1.885324537456512E+002
    195  7.277973431946352E-001  1.392808684822631E+003
    196  7.265533941693104E-001  1.089436439870627E+003
    197  7.253309386178826E-001  1.514934176039505E+003
    198  7.240136004863572E-001  1.023830629183101E+003
    199  7.267097840646077E-001  5.067434000983630E+003
    200  7.223245717938082E-001  7.114321808138105E+001
    201  7.222578058930355E-001  3.233388316018072E+002
    202  7.228086081194418E-001  1.376697812324992E+003
    203  7.215533823639356E-001  1.066807305105866E+002
    204  7.213038541652808E-001  2.482621197987436E+002
    205  7.224196018923358E-001  2.297628200262358E+003
    206  7.210471725615091E-001  7.457576272282713E+002
    207  7.224663032542058E-001  2.827121977590164E+003
    208  7.205308746046372E-001  7.460315702937954E+002
    209  7.207804170874733E-001  1.204798727249291E+003
    210  7.199863610662600E-001  6.452207175050738E+002
    211  7.196067849238567E-001  5.473491695072339E+002
    212  7.197507588351614E-001  1.815207938271175E+003
    213  7.180268578268507E-001  1.644947447109986E+002
    214  7.176176685516318E-001  5.451658317409788E+002
    215  7.172509981515152E-001  7.593765986227245E+002
    216  7.164360272972823E-001  1.274493236167768E+002
    217  7.171157455415307E-001  1.059531370110974E+003
    218  7.164157259636542E-001  9.909044422961906E+002
    219  7.157072700820323E-001  6.637398480301728E+002
    220  7.135895468532354E-001  8.777401175194761E+001
    221  7.136691161809801E-001  1.471973247009482E+003
    222  7.130324613576839E-001  8.867704482496107E+002
    223  7.105926427967471E-001  6.913513565107352E+002
    224  7.088133522047440E-001  4.928048288658839E+001
    225  7.081937858291506E-001  4.830729580815663E+001
    226  7.077943095785882E-001  5.908181602204442E+002
    227  7.072832648113226E-001  4.687466263564002E+001
    228  7.059995249853627E-001  1.738595821803728E+001
    229  7.059395629815308E-001  4.884545583300713E+003
    230  6.944098638234902E-001  1.399412094044341E+003
    231  6.873903189574273E-001  8.068986997740525E+002
    232  6.880423299118693E-001  2.296681427551859E+003
    233  6.850836373185640E-001  7.188146165925665E+002
    234  6.833138017863279E-001  2.489882224226517E+002
    235  6.797287717270643E-001  2.211494480992248E+001
    236  6.794066192457749E-001  1.564784617141975E+003
    237  6.778670959538386E-001  6.357369073685960E+002
    238  6.774305621760314E-001  3.009684183390582E+002
    239  6.770899832439740E-001  9.175563168608963E+002
    240  6.755688848905804E-001  4.464785316366014E+002
    241  6.748357990173253E-001  1.135790463706665E+003
    242  6.735795772498167E-001  2.900648385924636E+002
    243  6.719550703510492E-001  7.475919633808716E+001
    244  6.717878288090456E-001  4.445595922163652E+002
    245  6.713365435065481E-001  9.296874837500627E+002
    246  6.637255358500594E-001  1.087809667846724E+003
    247  6.626195478953790E-001  2.395275219699396E+002
    248  6.640959743688681E-001  3.545263041706959E+003
    249  6.559149475351591E-001  2.123449061659774E+003
    250  6.538658881352803E-001  1.403634738520644E+002
    251  6.479296810650362E-001  1.386745599886657E+003
    252  6.438685142438182E-001  3.382882730958857E+001
    253  6.435079755465409E-001  2.615409116604367E+003
    254  6.402702948555482E-001  7.236907760517611E+002
    255  6.404692045344751E-001  4.117313505364343E+003
    256  6.368121927509900E-001  2.514810078845237E+002
    257  6.347741624355092E-001  2.031525549601287E+002
    258  6.336803624032135E-001  2.070363748724494E+003
    259  6.311078082801925E-001  5.960535891553785E+002
    260  6.269647894424109E-001  1.932869608289677E+002
    261  6.256452561892518E-001  3.981376312428542E+002
    262  6.248832266015687E-001  5.119606781324812E+002
    263  6.239741675885657E-001  5.622077505207989E+000
    264  6.237373934189530E-001  1.017482688244705E+003
    265  6.225651564340760E-001  3.817649116626030E+001
    266  6.225709341145950E-001  3.833132811648185E+002
    267  6.222172182987821E-001  9.410935768053639E+001
    268  6.217599307715264E-001  6.002458818250275E+001
    269  6.215834829898043E-001  1.611092202581019E+002
    270  6.215757734377499E-001  4.441086016313123E+002
    271  6.208230891847635E-001  9.463864157071266E+001
    272  6.208072710621914E-001  5.753048940825364E+002
    273  6.208419328294549E-001  7.635294323239268E+002
    274  6.209096391431315E-001  9.255925358898031E+002
    275  6.208190351819864E-001  9.310957592294872E+002
    276  6.195879638315476E-001  8.610335518858547E+001
    277  6.195249410104936E-001  8.077157877082612E+001
    278  6.194160643802964E-001  2.142754588884121E+002
    279  6.199083114918694E-001  1.180017303808156E+003
    280  6.189875849639640E-001  2.654858134210693E+002
    281  6.191605942813229E-001  8.801429580493920E+002
    282  6.190254648788005E-001  1.832379830545007E+003
    283  6.181023882591864E-001  6.518257968746988E+002
    284  6.145207747100350E-001  4.542854198519908E+001
    285  6.149567345224140E-001  8.147296147683040E+002
    286  6.114510562837651E-001  1.606995351972411E+001
    287  6.114882522001215E-001  1.373735533508137E+002
    288  6.079702706172756E-001  1.672264063481583E+003
    289  6.059479559133585E-001  1.370179734541234E+003
    290  6.088576516078426E-001  5.590819581333395E+003
    291  6.110347345470337E-001  8.585659970280909E+003
    292  6.055187278608538E-001  2.519078228685413E+003
    293  6.059072755970842E-001  3.891810335482085E+003
    294  6.051048204155933E-001  4.086006444713898E+003
    295  6.038518559075842E-001  2.575355370085347E+003
    296  6.037083045357727E-001  3.122068765575503E+003
    297  6.046389475300865E-001  5.398072485359609E+003
    298  6.160065435444133E-001  2.388531056375195E+004
    299  6.026273595239559E-001  6.328796470348306E+003
    300  6.111062573522374E-001  1.982706454611071E+004
    301  6.038068202228069E-001  1.195945525847482E+004
    302  5.992714654419408E-001  5.999426759809191E+003
    303  5.948808950486824E-001  5.809171283075849E+003
    304  5.882589796968969E-001  5.146830400805528E+002
    305  5.841953423826304E-001  2.906789965615267E+002
    306  5.853672327518156E-001  2.907006524611517E+003
    307  5.829572151606508E-001  3.085437646016762E+002
    308  5.895847446334094E-001  9.122642542361977E+003
    309  5.821855840012454E-001  7.909635145857793E+002
    310  5.820503453607535E-001  1.962568020317209E+003
    311  5.798857684869074E-001  8.000644302356664E+002
    312  5.799789385196353E-001  1.305766789518535E+003
    313  5.789275559714607E-001  1.714180344462425E+002
    314  5.783353847093238E-001  3.686475765850998E+002
    315  5.776753181802033E-001  6.937932087304179E+001
    316  5.776873657135257E-001  5.104060272608573E+002
    317  5.765476244535512E-001  3.678390867248722E+002
    318  5.769122007482524E-001  9.915628585858643E+002
    319  5.760201800437662E-001  6.664355697700922E+002
    320  5.757980103123296E-001  1.309204022962153E+003
    321  5.748511698515132E-001  4.843114553731917E+002
    322  5.738497258943216E-001  1.026253197531089E+002
    323  5.738797191840065E-001  2.089463839052796E+002
    324  5.735391862468944E-001  5.617925190819982E+002
    325  5.706433735956519E-001  9.220769381524739E+002
    326  5.713671204150792E-001  1.937515572502477E+003
    327  5.704954483617225E-001  1.026055509484788E+003
    328  5.692546509792733E-001  5.485146149096899E+001
    329  5.676939499633206E-001  1.535972295717200E+003
    330  5.696776919554414E-001  5.918160331519975E+003
    331  5.588705904123351E-001  1.471304861434562E+003
    332  5.581296814675426E-001  1.121778253910843E+003
    333  5.546014575248112E-001  6.708731500266603E+002
    334  5.531857772822854E-001  3.541210178234297E+002
    335  5.530211637084516E-001  2.548809651289663E+003
    336  5.425388820931977E-001  6.713778717839992E+002
    337  5.380913427451706E-001  1.098540077631351E+002
    338  5.347510544682722E-001  7.268394981397638E+002
    339  5.228155226752899E-001  2.072981600329124E+002
    340  5.220221158429351E-001  2.276076514948072E+002
    341  5.218339155345041E-001  1.050121598499393E+003
    342  5.187461851560968E-001  4.092264446853093E+001
    343  5.182838884925801E-001  6.134767439606879E+002
    344  5.190949349835062E-001  3.054489489377944E+003
    345  5.129361907762829E-001  4.260133118132131E+001
    346  5.142020803575021E-001  2.439716962233095E+003
    347  5.150380358298355E-001  3.693495970460315E+003
    348  5.086519194234549E-001  2.082500090036881E+003
    349  5.070482979461034E-001  2.237928913405072E+002
    350  5.053747459414324E-001  3.204732426507592E+001
    351  5.047506290779979E-001  1.559046838868848E+002
    352  4.949749838462063E-001  9.377310254002451E+002
    353  4.926260017529243E-001  1.357441149431736E+002
    354  4.917748776748732E-001  6.416612365768422E+001
    355  4.907919243360086E-001  4.754209635500542E+002
    356  4.855374094387572E-001  1.875754854549731E+003
    357  4.822827500534374E-001  9.021933187393579E+002
    358  4.893646815649433E-001  1.150820819023918E+004
    359  4.771159451848124E-001  5.485806888691999E+002
    360  4.662172979748511E-001  2.747417123996866E+002
    361  4.648296068118369E-001  2.282921998458861E+002
    362  4.627738961574865E-001  2.951258476520458E+001
    363  4.621605560893366E-001  5.806477771855463E+000
    364  4.614338093542776E-001  2.474527725587650E+002
    365  4.594987607427897E-001  2.333838060214967E+002
    366  4.591495881747377E-001  5.919226844525340E+001
    367  4.587144028241296E-001  6.646833150289086E+002
    368  4.573424974673373E-001  5.306413290015786E+001
    369  4.566263026249311E-001  1.351141011613292E+002
    370  4.556503975105898E-001  9.321935029142453E+001
    371  4.546606123284042E-001  2.946331074693823E+001
    372  4.546881631083606E-001  4.697793952572774E+002
    373  4.536950437764528E-001  1.619901628393249E+001
    374  4.540014502972287E-001  1.148915777733922E+003
    375  4.530403420833092E-001  1.262799605232332E+002
    376  4.534768318665592E-001  8.346280133043680E+002
    377  4.526386131851143E-001  2.776644538992014E+002
    378  4.499452030553072E-001  2.924984052932627E+003
    379  4.502768639332732E-001  3.520316681241849E+003
    380  4.469706646314502E-001  1.645435813779239E+003
    381  4.473869970729896E-001  2.703271220872205E+003
    382  4.396849588028869E-001  5.997792152488935E+002
    383  4.404235791807051E-001  2.419089605337514E+003
    384  4.662982409903123E-001  4.239007018457786E+004
    385  4.276882873884299E-001  2.157630389035745E+003
    386  4.253397660508529E-001  5.728307316150061E+003
    387  4.155974908000897E-001  6.185080190973043E+003
    388  4.005492403308191E-001  4.038178314834057E+000
    389  3.999007521353273E-001  6.673019748702521E+002
    390  4.171777325711479E-001  2.401917711844872E+004
    391  4.024395671218894E-001  5.793739138137976E+003
    392  4.085624105590098E-001  2.078518972152302E+004
    393  3.767086733605644E-001  4.653166808233008E+003
    394  3.536946858486290E-001  6.231993392426685E+002
    395  3.544024424500568E-001  2.143947767941167E+003
    396  3.528880897253035E-001  2.251594825386755E+003
    397  3.514734489415839E-001  5.120581226873235E+002
    398  3.506841641051885E-001  4.264929820533587E+002
    399  3.507350915224085E-001  6.498134170249938E+002
    400  3.504950229108612E-001  1.017064200274682E+003
    401  3.496115003228144E-001  9.070739556469792E+002
    402  3.527260646957313E-001  6.937178707877886E+003
    403  3.481535126582769E-001  2.316456175782858E+003
    404  3.472613781795248E-001  1.245186606796072E+003
    405  3.487569133544238E-001  4.445230711590929E+003
    406  3.446178040886830E-001  2.974580063097219E+000
    407  3.460080936204046E-001  3.037891466530788E+003
    408  3.421109592592164E-001  2.478497777330277E+001
    409  3.419188924964598E-001  1.185620586159083E+003
    410  3.408682637540440E-001  1.336541351553443E+002
    411  3.404540039817482E-001  1.168403028543881E+003
    412  3.385368495779049E-001  9.684978876584434E+000
    413  3.387410735994801E-001  1.512239240897983E+003
    414  3.375760492237307E-001  1.262403649430439E+002
    415  3.390000349632639E-001  2.200627467848441E+003
    416  3.371685331373933E-001  1.471439269205783E+002
    417  3.357144757064556E-001  1.294299347180065E+003
    418  3.801568227603613E-001  5.921640516473901E+004
    419  3.376254622281130E-001  6.095427572914377E+003
    420  3.312756187741042E-001  1.800206432559125E+002
    421  3.316253110537356E-001  1.445962013274573E+003
    422  3.361719183108897E-001  8.345951431560336E+003
    423  3.304282615411636E-001  2.992664466718105E+003
    424  3.267014740614286E-001  3.641982794272582E+001
    425  3.324342001761846E-001  8.653187771385108E+003
    426  3.260642154471640E-001  1.592760915080654E+003
    427  3.290841080169145E-001  6.708400187473150E+003
    428  3.228336276906041E-001  3.449022629538673E+001
    429  3.225357674338874E-001  7.202760172539308E+001
    430  3.269618164568091E-001  6.066050534368831E+003
    431  3.237169981943023E-001  2.058126248899085E+003
    432  3.217869895161136E-001  2.992181770324583E+002
    433  3.222993577862276E-001  1.116343631502174E+003
    434  3.240844730124348E-001  4.021706965795633E+003
    435  3.206969721865537E-001  9.020067230508191E+001
    436  3.293462529401754E-001  1.149089153009292E+004
    437  3.198374376501690E-001  6.988324193111082E+001
    438  3.226791886026299E-001  3.969493658650595E+003
    439  3.182801924924503E-001  8.840810300957585E+000
    440  3.184634243064586E-001  1.398797148292392E+003
    441  3.161781107891816E-001  1.157959582473109E+002
    442  3.160279091434888E-001  3.249627260498751E+002
    443  3.146957831187885E-001  1.328573023240707E+000
    444  3.123491136375054E-001  4.098372898264481E+002
    445  3.124594683532034E-001  1.966265659892089E+003
    446  3.114751827598021E-001  1.527526192689362E+003
    447  3.067270885121680E-001  3.864074525322402E+001
    448  3.067150929337863E-001  1.954627372142507E+003
    449  3.049934737520036E-001  5.852039834621256E+002
    450  3.058259382940671E-001  2.860376863686402E+003
    451  3.034914215142908E-001  3.555534617729970E+002
    452  3.103413157112132E-001  9.876466659492349E+003
    453  3.046848020996911E-001  2.905280720890210E+003
    454  3.052864320874584E-001  6.148248637028635E+003
    455  3.006948860430884E-001  7.357233762901984E+002
    456  3.031875781382958E-001  4.132933280798155E+003
    457  2.989726923483508E-001  6.391709205850020E+001
    458  3.002653105274469E-001  3.093900496111732E+003
    459  2.981062671152608E-001  2.456904372150263E+003
    460  2.955226520788911E-001  2.111037253085244E+003
    461  2.928894149592845E-001  4.014470961164644E+001
    462  2.943588424883206E-001  2.249590366805202E+003
    463  2.921491376281413E-001  1.044213700093730E+002
    464  2.942054078636971E-001  3.006069670139663E+003
    465  2.916815164155523E-001  1.036586658734375E+002
    466  2.938769035274219E-001  3.393940744442548E+003
    467  2.917089848528933E-001  7.562903200096347E+002
    468  2.928176530873229E-001  2.299054466890395E+003
    469  2.905039224472458E-001  6.864772301900751E+001
    470  2.904010993112665E-001  1.446765033211428E+002
    471  2.902785654805649E-001  1.058571690400178E+002
    472  2.909105956464350E-001  1.036866727467883E+003
    473  2.898570661195935E-001  1.693526867928188E+002
    474  2.923076272691150E-001  3.597202897068675E+003
    475  2.928152761481171E-001  4.770252312331624E+003
    476  2.889116333840809E-001  1.049138647798988E+002
    477  2.898916466815093E-001  1.500726441427686E+003
    478  2.892689899030617E-001  1.301374358325609E+003
    479  2.884261264285578E-001  9.598805019862889E+002
    480  2.882156122368715E-001  7.697940486035554E+002
    481  2.875233495857003E-001  1.765865949658962E+002
    482  2.884347305444973E-001  1.513404020966796E+003
    483  2.876432939595692E-001  7.404167847652038E+002
    484  2.870000193967234E-001  1.129135570691263E+002
    485  2.907190414524274E-001  5.394476952161939E+003
    486  2.870376521523230E-001  5.972030592436716E+002
    487  2.872830668343828E-001  1.275206833740797E+003
    488  2.860620341571193E-001  6.468841712734853E+001
    489  2.860830498782352E-001  3.823190763255650E+002
    490  2.855085432707451E-001  1.704348143593480E+001
    491  2.872458944348324E-001  3.050261108140570E+003
    492  2.864671339359789E-001  2.569107886038524E+003
    493  2.816678660628603E-001  7.137656881397156E+002
    494  2.815298843857578E-001  8.063864321007808E+002
    495  2.802879672764877E-001  5.872916855446152E+002
    496  2.792404398796991E-001  2.191242969086267E+001
    497  2.806024798861433E-001  2.745192593060493E+003
    498  2.780701650480356E-001  1.910762705456799E+003
    499  2.762970465065648E-001  2.283251067079651E+000
    500  2.763269617752651E-001  7.478957045685073E+002
    501  2.749222821692902E-001  1.284519544238447E+000
    502  2.744593493297630E-001  2.730090730238574E+002
    503  2.724846504884627E-001  1.188996002305436E+003
    504  2.723957320832319E-001  2.305848355289456E+003
    505  2.715536209751414E-001  3.017823377819266E+003
    506  2.690455506421953E-001  2.629772133986700E+001
    507  2.704462281081756E-001  2.551196508635512E+003
    508  2.682829400271651E-001  3.495105468042977E+001
    509  2.679880440990839E-001  2.536298624989223E+001
    510  2.692742354630138E-001  1.983253646987004E+003
    511  2.677340894320206E-001  1.035948938598774E+002
    512  2.678560046136833E-001  5.049082348717475E+002
    513  2.674346009107234E-001  9.496676503905216E+001
    514  2.677378301368791E-001  5.438587105307926E+002
    515  2.674058994188990E-001  2.241161838615849E+002
    516  2.676470100478543E-001  7.516781675492857E+002
    517  2.674427607785498E-001  6.435800249376118E+002
    518  2.678835524723461E-001  1.263001846956076E+003
    519  2.678904718892686E-001  1.278910857647531E+003
    520  2.668710772949116E-001  1.485001707507612E+001
    521  2.668277161859092E-001  2.945028306433235E+002
    522  2.608053358677671E-001  7.288487921302385E+001
    523  2.604067207233339E-001  1.715782389301247E+002
    524  2.606812017838295E-001  7.187125809755981E+002
    525  2.602483188618498E-001  6.692661038932522E+002
    526  2.595225187658760E-001  1.531135314735135E+002
    527  2.590917815721941E-001  1.909139937884073E+002
    528  2.590918083655432E-001  2.605700908227896E+002
    529  2.588669350798212E-001  1.323808572139777E+002
    530  2.563590917434442E-001  2.411746966923839E+003
    531  2.561916496885916E-001  3.781685649201086E+003
    532  2.522656735439301E-001  6.579892557915667E+002
    533  2.495051085436721E-001  1.714179110702255E+003
    534  2.477644285496619E-001  3.584973325204078E+002
    535  1.914745723229958E-001  4.058588280019443E+003
    536  1.909513391659330E-001  4.143828122044634E+003
    537  1.879477858965565E-001  7.873721516492595E+003
    538  1.208983797359831E-001  2.462563641274225E+003
    539  1.146666488075122E-001  3.957915025008488E+004
    540  8.092278555650627E-002  4.418907086342483E+002
    541  8.085150517378240E-002  6.370427078808667E+002
    542  8.041987512311617E-002  3.054526250255835E+002
    543  8.017520731088358E-002  1.330224912644391E+003
    544  8.966884430957958E-002  1.696219229139349E+004
    545  7.685099476705957E-002  5.509398684728648E+002
    546  9.471010952964914E-002  2.404605610733622E+004
    547  3.169132164871006E-001  3.165419801753630E+005
    548  7.789133329650910E-002  2.443288658399699E+003
    549  8.536611150195059E-002  1.308323341516890E+004
    550  7.585978054102505E-002  7.232438981456129E+002
    551  8.691747610452222E-002  1.538943039672110E+004
    552  8.378676089786247E-002  1.116723500520154E+004
    553  7.673884332077871E-002  2.264930321482341E+003
    554  8.348914988639014E-002  1.202478165654001E+004
    555  7.460071372641379E-002  4.820469363743037E+002
    556  7.353125333641684E-002  2.282313218700104E+001
    557  7.403334122677489E-002  7.250179478826107E+002
    558  7.342277940294183E-002  1.867231148076321E+002
    559  7.345700129388942E-002  2.920718384612683E+002
    560  7.318922901065997E-002  7.077759923631223E+002
    561  7.276658159834960E-002  2.637923761667494E+002
    562  7.253659763169880E-002  3.960132734423754E+001
    563  7.943433123629598E-002  9.165740947012111E+003
    564  7.302110105960129E-002  9.609425921542748E+002
    565  7.246941775066960E-002  3.991396350143334E+002
    566  8.600671582208404E-002  1.839526008509258E+004
    567  7.200450171137406E-002  1.300035190303016E+002
    568  7.231623129598112E-002  1.256894126431084E+003
    569  7.141463764657659E-002  8.723368843935229E+001
    570  7.251813048995520E-002  1.649323574366721E+003
    571  7.119780191630359E-002  2.450726602663492E+002
    572  7.238054086069437E-002  1.948360990386992E+003
    573  7.114785173246961E-002  3.727048333473737E+002
    574  7.082199138735888E-002  8.868520772445771E+001
    575  7.134894851125130E-002  9.323154347019328E+002
    576  7.130712711313739E-002  9.837096687147259E+002
    577  7.069717621057207E-002  2.228870637446058E+002
    578  7.097610946625095E-002  6.963247305654010E+002
    579  7.049468414238691E-002  9.375146012410532E+001
    580  7.154417991615544E-002  1.534868497827691E+003
    581  7.035759205927282E-002  3.257007616534378E+000
    582  7.195182498636712E-002  2.271660055504953E+003
    583  7.022894431224597E-002  1.252978041143758E+002
    584  7.006343588073645E-002  1.818008798614116E+002
    585  7.056050411844954E-002  9.103977680252816E+002
    586  6.975076396756896E-002  2.044839871021541E+001
    587  6.991324499744610E-002  2.663924014453832E+002
    588  7.155975713478123E-002  2.503275360433595E+003
    589  6.965740500129203E-002  1.043794414299063E+002
    590  6.957081609203461E-002  2.487973934246069E+001
    591  6.946785418920357E-002  3.624463786080482E+001
    592  7.167882543021820E-002  2.936731890211402E+003
    593  7.101746532131349E-002  2.209752726400634E+003
    594  6.931776191773668E-002  1.605753396565906E+002
    595  6.917297173349873E-002  8.396488613251391E+001
    596  6.906991239927585E-002  9.136030416287194E+001
    597  6.927032958880580E-002  3.582243445464402E+002
    598  6.885524412377476E-002  7.531778599865485E-001
    599  6.907019669112464E-002  3.526328486375128E+002
    600  6.878677400596629E-002  1.801193128229794E+002
    601  6.867057889860659E-002  3.835543407268703E+001
    602  6.927472297286486E-002  8.740034338068621E+002
    603  6.860017814904865E-002  9.310587106903705E+000
    604  6.870233338093705E-002  2.479268648891240E+002
    605  6.856228797406463E-002  2.034356510624719E+002
    606  6.836079415078741E-002  6.353116412823609E+000
    607  6.862444022409163E-002  3.559773037318314E+002
    608  6.829456252512940E-002  5.532317022219109E+001
    609  6.836622008594091E-002  2.003429014370659E+002
    610  6.829416439773045E-002  1.128364976398126E+002
    611  6.841838512242836E-002  2.816042867902183E+002
    612  6.815603527272403E-002  1.783187684817985E+000
    613  6.830201474567502E-002  3.159892091161722E+002
    614  6.804101830400595E-002  1.164852270231051E+001
    615  6.815226314643127E-002  1.954891727722207E+002
    616  6.805416056270998E-002  1.266248811909765E+002
    617  6.829295702201581E-002  4.752416173920851E+002
    618  6.818383864115450E-002  5.592098748153679E+002
    619  6.772636738101538E-002  2.554691175313408E+001
    620  6.762699997033615E-002  8.540777857279496E-001
    621  6.803869955055956E-002  5.833190594304692E+002
    622  6.764470453187418E-002  1.066464169548609E+002
    623  6.777653847584066E-002  3.353016824114426E+002
    624  6.755747544847207E-002  1.106192780323296E+002
    625  6.743168975486544E-002  2.833507407207881E+001
    626  6.753128585593399E-002  2.399857668664705E+002
    627  6.734172688771010E-002  2.590974855675108E+001
    628  6.720669212535800E-002  1.941505218236286E+000
    629  6.712660596465315E-002  1.586998542036092E+000
    630  6.725361812834346E-002  1.730604012916481E+002
    631  6.719876797492798E-002  1.306337036201517E+002
    632  6.721597427492490E-002  1.916765023133920E+002
    633  6.710683565343939E-002  5.562737264416762E+001
    634  6.703417066976800E-002  4.157159344003079E+001
    635  6.717248313009873E-002  2.954624686921002E+002
    636  6.703539280482010E-002  1.139868987039101E+002
    637  6.696611781708503E-002  9.572137916356128E+001
    638  6.688551604732759E-002  4.648724627153734E+000
    639  6.697127162068532E-002  1.503156808018210E+002
    640  6.685350378913485E-002  2.332097206037190E+001
    641  6.687474531953881E-002  7.707379885855846E+001
    642  6.679450439743456E-002  2.236895107856335E+001
    643  6.678072034766351E-002  4.578450610026050E+001
    644  6.672463463405003E-002  1.386661317526856E+001
    645  6.677916922737681E-002  9.823771828495222E+001
    646  6.671467951947266E-002  8.234925876472334E+001
    647  6.662276243312561E-002  2.974723323983327E-001
    648  6.661566108356373E-002  2.036948265459555E+001
    649  6.664508721929731E-002  1.126791103328748E+002
    650  6.665177214729924E-002  2.371541137993527E+002
    651  6.647465717152405E-002  2.399494039840599E+001
    652  6.633398378556037E-002  4.319474191112560E-001
    653  6.631543681582769E-002  4.833980890692298E+000
    654  6.634202850277819E-002  2.373406412390927E+002
    655  6.626828944292097E-002  2.184017814922058E+002
    656  6.611420917344694E-002  8.426147389670325E+001
    657  6.601838329051891E-002  2.839091331120354E+001
    658  6.624556677672966E-002  3.359108661122427E+002
    659  6.623665794845833E-002  4.223199099054555E+002
    660  6.578863879472739E-002  1.987016718097157E+001
    661  6.598607618341687E-002  3.008309660988097E+002
    662  6.571462440016725E-002  1.065548905711879E+001
    663  6.573467198998158E-002  2.933463708828881E+002
    664  6.543890680207619E-002  1.380355220913228E+001
    665  6.539589128810713E-002  3.347413786771894E+001
    666  6.599854743147322E-002  1.002573774032105E+003
    667  6.532023666457448E-002  4.100381900678165E+002
    668  6.500471774760454E-002  2.202671348190339E+001
    669  6.541221985787973E-002  6.827900183364453E+002
    670  6.487982427955137E-002  5.692638176978159E+001
    671  6.487603290758334E-002  3.338715309786886E+002
    672  6.470028868151505E-002  1.216188198945111E+002
    673  6.529324943956268E-002  1.029642880176935E+003
    674  6.452571118154664E-002  1.458973084451221E+002
    675  6.468962817498715E-002  4.139103195970889E+002
    676  6.440261359987580E-002  2.854743418806388E+002
    677  6.400003637431805E-002  2.121437633224733E+001
    678  6.402707379693746E-002  3.207646996665072E+002
    679  6.362773898831853E-002  3.064569110735325E+001
    680  6.372954717471389E-002  2.760258353208122E+002
    681  6.376063755895407E-002  3.889564913120043E+002
    682  6.340560091480922E-002  7.643541113834483E+001
    683  6.349280125372052E-002  2.036895063574364E+002
    684  6.335102648218513E-002  6.350662321901268E+001
    685  6.329433889956847E-002  2.343471722191512E+001
    686  6.375248070135768E-002  6.398719461276822E+002
    687  6.348062833416179E-002  3.210945252798221E+002
    688  6.320844887479331E-002  1.020882167823678E+001
    689  6.342348402196740E-002  3.644567702068894E+002
    690  6.344495690758901E-002  5.284970063301467E+002
    691  6.324366242589981E-002  3.459348187281990E+002
    692  6.297360804683948E-002  2.090334847127139E+000
    693  6.294382727662109E-002  9.455290530935018E+000
    694  6.352166305782127E-002  7.642727167218032E+002
    695  6.295038585227747E-002  6.408157776560837E+001
    696  6.279328889865492E-002  1.535008528650528E+001
    697  6.303729732310870E-002  3.405621856307243E+002
    698  6.350727353502131E-002  1.023984257533901E+003
    699  6.268977744630841E-002  2.302602300676254E+001
    700  6.287031274614012E-002  3.611548163773136E+002
    701  6.252036701287125E-002  9.905451411609363E-001
    702  6.270289977095235E-002  2.606043782938748E+002
    703  6.240921539112344E-002  1.125719717028478E+001
    704  6.227961326740977E-002  2.326147958266020E+000
    705  6.215291448587310E-002  1.070245947158282E+001
    706  6.235693961227691E-002  4.420458579704378E+002
    707  6.189532217048292E-002  2.609613679515762E+001
    708  6.218408852707803E-002  4.361576420874015E+002
    709  6.182353687600092E-002  4.180620312911382E+001
    710  6.271142249540612E-002  1.196253373552796E+003
    711  6.165925005650998E-002  1.161018195937694E+001
    712  6.182745790725964E-002  3.740175702720894E+002
    713  6.156814928388339E-002  9.274607212878209E+001
    714  6.149363058027464E-002  1.969805588924510E+001
    715  6.144908432555229E-002  1.714375555256480E+001
    716  6.200704993780434E-002  7.664251279558281E+002
    717  6.175792681240807E-002  5.834236491770724E+002
    718  6.124026460222301E-002  1.060887159372164E+000
    719  6.137179532974640E-002  1.827688893039832E+002
    720  6.104703467516123E-002  5.139566408871384E+000
    721  6.134146092049005E-002  4.729359307131400E+002
    722  6.097667668972695E-002  1.939410931246438E+001
    723  6.091984435237062E-002  1.046342100011311E+000
    724  6.105011428652736E-002  2.196854689060517E+002
    725  6.139141289818790E-002  6.955107738888591E+002
    726  6.075315486529036E-002  4.539341001974503E+000
    727  6.084595758727640E-002  2.428293325428280E+002
    728  6.065287210921552E-002  8.732882985895628E+000
    729  6.062431385082321E-002  5.409738038667562E+000
    730  6.073095725097224E-002  2.764935652691038E+002
    731  6.055685246546865E-002  7.145434923227241E+001
    732  6.051603811116445E-002  2.203089164102050E+001
    733  6.063802362100826E-002  2.690198125716572E+002
    734  6.043194902991437E-002  1.106464838526734E+000
    735  6.040240009016766E-002  4.087376980143698E+000
    736  6.035547010418081E-002  1.935137429084908E+000
    737  6.038901392286900E-002  4.950448311825920E+001
    738  6.043658766567225E-002  2.228060167813761E+002
    739  6.026959557974832E-002  1.038689140366464E+001
    740  6.026133557104072E-002  2.613512237859341E+000
    741  6.038204689163167E-002  1.836236412948184E+002
    742  6.032257455309334E-002  1.357802643180690E+002
    743  6.018514186087804E-002  3.145021484693464E-001
    744  6.011781968339618E-002  3.988073834305015E+001
    745  6.030882724128361E-002  3.251067479969184E+002
    746  6.024015213785371E-002  3.671156805920746E+002
    747  5.994914018380366E-002  5.869994539042726E+000
    748  6.004623942261812E-002  1.826522349776078E+002
    749  6.018018909225933E-002  4.282515073768892E+002
    750  5.982531647422043E-002  4.244058773449574E+000
    751  5.998758400164358E-002  2.980275050213359E+002
    752  5.968628849489235E-002  6.400276440433220E-001
    753  5.959578293920736E-002  3.220382459411526E+000
    754  5.958142970290931E-002  1.220265035298549E+001
    755  5.969394453637631E-002  1.623491405650756E+002
    756  5.952468696488775E-002  3.993945595282263E+001
    757  5.960104970552042E-002  2.306293009654606E+002
    758  5.935847245455514E-002  1.716206489900567E+001
    759  5.925387732536838E-002  1.260970150704845E+000
    760  5.931572436655896E-002  3.268026271280485E+002
    761  5.902426932342441E-002  1.298810988239313E+001
    762  6.005462590640080E-002  1.432047956467141E+003
    763  5.920153321510902E-002  7.814446549642174E+002
    764  5.850820431075338E-002  1.134874289191116E+001
    765  5.863553357166614E-002  3.341875344354250E+002
    766  5.834057791529836E-002  6.939306267360828E+000
    767  5.811551942211278E-002  1.500486000032744E+001
    768  5.869433058914869E-002  9.145124563766034E+002
    769  5.833449912323938E-002  6.511591817489671E+002
    770  5.783112503452763E-002  2.451622868680337E+001
    771  5.811746668075937E-002  5.729038540094268E+002
    772  5.773868964088236E-002  4.667895311674397E+002
    773  5.713463816077283E-002  1.101750328641055E+000
    774  5.739020827082105E-002  5.938919499381444E+002
    775  5.661350822968077E-002  1.226456869954981E+000
    776  5.645168279140314E-002  5.995450819562024E+000
    777  5.718653028997055E-002  9.792757475498637E+002
    778  5.671704479870374E-002  8.645603760631842E+002
    779  5.604204711498384E-002  4.824307147463230E+000
    780  5.628175031717677E-002  3.669771490056245E+002
    781  5.579044989159287E-002  2.543104624752137E+001
    782  5.569853266753981E-002  3.211710995278474E+001
    783  5.614198003692691E-002  6.179373812125762E+002
    784  5.584164460822975E-002  3.028418929282291E+002
    785  5.666472120504293E-002  1.424985899100749E+003
    786  5.553478768789526E-002  1.655167431457234E+001
    787  5.549935908085960E-002  4.567775949512878E+001
    788  5.538929008072020E-002  4.621013735059748E+000
    789  5.553698562146526E-002  2.618155543731616E+002
    790  5.533489070641614E-002  3.726886124271022E+001
    791  5.542789908198087E-002  2.071070231314959E+002
    792  5.525120698558909E-002  1.530582945410288E+001
    793  5.526872033534286E-002  1.110794601282681E+002
    794  5.514831836274300E-002  2.042954204330794E+001
    795  5.525782337445494E-002  1.967127407938658E+002
    796  5.503816872337496E-002  9.010653107267581E+001
    797  5.508944743349597E-002  3.142316259891401E+002
    798  5.485023325335033E-002  4.065644727260627E+000
    799  5.501394280765200E-002  3.019015588475356E+002
    800  5.480076797716545E-002  5.091837722372259E+001
    801  5.467469327787662E-002  1.176681172767182E+000
    802  5.477781629588403E-002  2.613360117628383E+002
    803  5.457970664513907E-002  1.701677587415244E+002
    804  5.441847335107473E-002  2.909135071492920E+001
    805  5.423650366662169E-002  7.477162516288104E+000
    806  5.416385432828189E-002  4.366193509741159E-001
    807  5.427372994103134E-002  1.733304479840668E+002
    808  5.437968203337525E-002  3.903239018857556E+002
    809  5.383407877609568E-002  1.806535682077664E+001
    810  5.407972977571124E-002  3.951997407468819E+002
    811  5.369902150424487E-002  3.225986389034645E+000
    812  5.371354574003052E-002  8.891075164787317E+001
    813  5.375264719578286E-002  2.751773092982368E+002
    814  5.349206517428307E-002  3.235988955579850E+000
    815  5.347034290880832E-002  2.627966524583409E+001
    816  5.380300782938554E-002  4.489124070769335E+002
    817  5.342801937046017E-002  1.370569280421820E+002
    818  5.326053776981565E-002  5.912039732234498E+000
    819  5.319893051416602E-002  2.745008577377971E+000
    820  5.322047945248597E-002  1.314262020165860E+002
    821  5.324099214256978E-002  1.662328588409418E+002
    822  5.336789031357439E-002  3.596914451377972E+002
    823  5.308081897281057E-002  4.140802718132373E-001
    824  5.309886401724707E-002  1.013671133318943E+002
    825  5.322790466353307E-002  3.319977129111623E+002
    826  5.326012733533719E-002  4.296139824341155E+002
    827  5.296312299081186E-002  1.212288994975398E+002
    828  5.284776339040216E-002  1.090534978495270E+001
    829  5.310389980615086E-002  3.889648428192716E+002
    830  5.280285669374631E-002  1.071793592916549E+001
    831  5.288722957026395E-002  1.942550431626657E+002
    832  5.293187561658333E-002  3.067940984734608E+002
    833  5.265343852351028E-002  5.472895038757241E-001
    834  5.262746566961410E-002  3.710016113864336E+000
    835  5.293111749225590E-002  4.190138252881374E+002
    836  5.320629482658815E-002  9.462364622081465E+002
    837  5.246853312571025E-002  9.723530198889161E+000
    838  5.279191922445009E-002  4.739086967017866E+002
    839  5.237621773786650E-002  6.351384361412600E+000
    840  5.220114814999582E-002  1.293872647227729E+000
    841  5.214932069628630E-002  1.631041709985666E+000
    842  5.247004173807792E-002  4.932298870865657E+002
    843  5.217717839550676E-002  2.170009216657072E+002
    844  5.207578934592562E-002  3.047902260893941E+002
    845  5.179478180904941E-002  2.516854058817289E+001
    846  5.165218481010495E-002  2.166792767309975E+001
    847  5.185992202216658E-002  2.986284244432856E+002
    848  5.159414895696744E-002  2.580327042248519E+002
    849  5.126215222340894E-002  2.003442698788432E+001
    850  5.096251160367240E-002  7.733338475987616E-001
    851  5.097831303142909E-002  1.026125880484765E+002
    852  5.088420241577319E-002  1.756743749570328E+001
    853  5.082196850455197E-002  4.979749794575965E+001
    854  5.078071759352890E-002  1.692876608149878E+002
    855  5.053367036297655E-002  9.335950070905972E+001
    856  5.045359782038297E-002  3.522379824558962E+000
    857  5.037571415386861E-002  2.191004456679476E+000
    858  5.043857469907648E-002  9.485632714460492E+001
    859  5.036276931844813E-002  9.985410616918545E+000
    860  5.033922117962536E-002  6.392834431634000E+001
    861  5.028960488331435E-002  2.406162194524545E+000
    862  5.020989558349408E-002  2.253968046585057E+001
    863  5.019533203480073E-002  8.450826136186409E+001
    864  5.008231603537554E-002  7.569838814789858E-001
    865  5.015098872141097E-002  1.041827713636064E+002
    866  4.974864441516155E-002  1.893051284903842E+002
    867  4.951617847636421E-002  2.960410809839423E+000
    868  4.965702181403284E-002  2.853634681339324E+002
    869  4.924557739992915E-002  1.876186667727647E+000
    870  4.943878918871986E-002  6.168678494171352E+002
    871  4.911503994385175E-002  3.809589028383082E+002
    872  4.878300738457125E-002  8.398712546292807E-001
    873  4.888695824500472E-002  2.126375164269473E+002
    874  4.859266009496262E-002  1.894685181675351E+000
    875  4.956478982742354E-002  1.258093044518668E+003
    876  4.848022179160926E-002  3.240449061885877E+000
    877  4.863132361574012E-002  2.565629513750212E+002
    878  4.832558088063886E-002  6.239399831967919E+000
    879  4.843701208200311E-002  1.679043596642768E+002
    880  4.820812252271566E-002  6.567215312193274E+001
    881  4.787843306267654E-002  1.463459528030516E-001
    882  4.780507445065209E-002  5.325811832346283E+000
    883  4.785196407671818E-002  1.026160434798485E+002
    884  4.779775388199666E-002  4.711989387734119E+001
    885  4.764323623854514E-002  5.433079130594448E-001
    886  4.770135531255817E-002  1.861422661133562E+002
    887  4.760270794574531E-002  1.777136953942198E+002
    888  4.745262425514171E-002  5.915929725114206E+000
    889  4.673230133802477E-002  1.618966784096151E+000
    890  4.686542134164419E-002  3.564445125977991E+002
    891  4.657639920291320E-002  6.317793192289467E-001
    892  4.676559836629562E-002  3.751642057054062E+002
    893  4.615137585160697E-002  1.917346928620266E+001
    894  4.620481288574358E-002  2.360141793321924E+002
    895  4.552717918383423E-002  1.597559130127809E+002
    896  4.544353033868355E-002  6.074497875145564E+001
    897  4.570508819383029E-002  5.852440604001075E+002
    898  4.532056989727132E-002  5.664957520438945E+002
    899  4.479885643415819E-002  1.245676805978902E+002
    900  4.441150421956246E-002  5.375839868308063E+000
    901  4.370259823617229E-002  1.199779179058170E+001
    902  4.384955298175640E-002  2.763245033305122E+002
    903  4.346576907312209E-002  1.468833187666345E+002
    904  4.322334130531638E-002  1.990720202636986E+000
    905  4.328736958357334E-002  4.544814387656643E+002
    906  4.283317628131651E-002  2.998987835391818E+000
    907  4.286074662131352E-002  1.741341559353585E+002
    908  4.255749630754559E-002  1.181030535047456E+001
    909  4.287857061624195E-002  4.743896273139018E+002
    910  4.237092659415737E-002  6.241351624817887E+001
    911  4.289378554525505E-002  8.294464421736258E+002
    912  4.214387238054949E-002  3.817956455406387E+000
    913  4.204596604669723E-002  1.957155724082908E+001
    914  4.198942918489985E-002  1.131054338691750E+000
    915  4.197310821691687E-002  2.137663228672934E+001
    916  4.204284691723725E-002  1.423771979193947E+002
    917  4.194125504264509E-002  1.162702915950601E+002
    918  4.192823594713900E-002  2.736225404550808E+002
    919  4.174122814228125E-002  1.596364855591983E+002
    920  4.151038286925395E-002  9.769064996572924E+000
    921  4.162331611049044E-002  2.423705552920452E+002
    922  4.135772894165206E-002  3.269268550315540E+001
    923  4.134885483073434E-002  3.095460370334723E+001
    924  4.154778845585664E-002  3.287728620935372E+002
    925  4.115553347372342E-002  6.354278270760564E+000
    926  4.222966316728632E-002  1.566924865747752E+003
    927  4.094210166955724E-002  3.678850300340039E+001
    928  4.145193998297335E-002  7.770007736183425E+002
    929  4.112869303199463E-002  4.498387480695948E+002
    930  4.099590123672638E-002  3.043863364792762E+002
    931  4.074777067078468E-002  1.383660388658441E+001
    932  4.077616739747730E-002  7.168724283370432E+001
    933  4.072196097115537E-002  1.022765446798530E+001
    934  4.087639188290011E-002  3.670151774015536E+002
    935  4.055793356910478E-002  8.315317197614057E+000
    936  4.039676706849057E-002  5.827232020407344E+000
    937  4.072403187871523E-002  4.294573448764505E+002
    938  4.057056038407285E-002  2.779120362243074E+002
    939  4.031101112581754E-002  9.078516171299201E+000
    940  4.041357900396287E-002  1.794312670068730E+002
    941  4.025870824555391E-002  3.595851223904140E+000
    942  4.026248496208980E-002  1.010714914363471E+002
    943  4.021352077438663E-002  8.388731047731183E+001
    944  4.033971663572516E-002  2.467768218252095E+002
    945  4.017097891140639E-002  1.285934017413214E+002
    946  4.004964320100834E-002  2.963797167366752E+000
    947  4.018983810576039E-002  2.973209528763086E+002
    948  4.004102069948726E-002  1.722597362647961E+002
    949  3.988859684652600E-002  1.829558702193372E+001
    950  3.998028450685006E-002  2.088912593780017E+002
    951  3.974480186689017E-002  8.482997986433231E+000
    952  3.995732871318480E-002  2.862307937724418E+002
    953  3.967721299783153E-002  1.733097963483294E+001
    954  4.006333032242965E-002  5.268699647999555E+002
    955  3.972777212000812E-002  1.137218531114855E+002
    956  3.964038771270206E-002  2.251783532936526E+000
    957  3.963237280110773E-002  1.219328541805903E+001
    958  3.969948653689725E-002  1.141114697600064E+002
    959  3.958300035509055E-002  5.117141125109428E+000
    960  3.974795863975435E-002  2.286374548284299E+002
    961  3.956626552572119E-002  8.106131884732491E+000
    962  3.963502849384384E-002  1.495771376573454E+002
    963  3.952053477538315E-002  3.479156808550606E+001
    964  3.967472291298722E-002  2.889935139030725E+002
    965  3.932472900496693E-002  5.576139011799752E-001
    966  4.053386397546713E-002  1.771547427705361E+003
    967  3.972126267897685E-002  7.231692680228579E+002
    968  3.939532945318312E-002  3.308244274364460E+002
    969  3.910277472280233E-002  1.788305677284375E+000
    970  3.939117021400424E-002  4.066018966555363E+002
    971  3.901297889335374E-002  3.153079492263666E+000
    972  3.911609760069723E-002  1.877615311765784E+002
    973  3.944567320423548E-002  7.167518058118608E+002
    974  3.888196853890688E-002  4.165981099380132E+000
    975  3.907912731053002E-002  2.735601896737213E+002
    976  3.913225934229916E-002  4.481461048903182E+002
    977  3.882278334452155E-002  6.736954454433388E+001
    978  3.874692798495992E-002  1.205637960475271E+001
    979  3.881284420242265E-002  1.414012773297808E+002
    980  3.868462321836456E-002  5.202700138979531E+000
    981  3.898204299883223E-002  4.461072208568080E+002
    982  3.860002788592540E-002  1.592301042396397E+001
    983  3.862165251651097E-002  1.077067071175156E+002
    984  3.865039915568899E-002  1.517613720008129E+002
    985  3.847176766370776E-002  1.126036927499878E+001
    986  3.854770639512217E-002  1.497065443426351E+002
    987  3.839175240900198E-002  7.981697900915503E+000
    988  3.842644024399182E-002  5.412588009895845E+001
    989  3.838881538425180E-002  2.218785882020674E+002
    990  3.819227254163982E-002  1.602977983407004E+001
    991  3.871218009347233E-002  8.254954784482524E+002
    992  3.868956546849858E-002  9.120270440132837E+002
    993  3.794269400788584E-002  3.893962633783545E+000
    994  3.793601249996269E-002  2.763770743581957E+001
    995  3.793845750961387E-002  1.157434510396471E+002
    996  3.783038602588646E-002  1.291726323606130E+000
    997  3.810090230283827E-002  3.847461849741729E+002
    998  3.861256517527574E-002  1.058953357851885E+003
    999  3.777178826086543E-002  2.973176700311674E+000
   1000  3.810517988009667E-002  4.471135638192413E+002
   1001  3.832951918948213E-002  7.951948277466909E+002
   1002  3.771941459959447E-002  1.461153072972099E+001
   1003  3.762975710186112E-002  6.276776927196306E+000
   1004  3.764342945055319E-002  2.922079322994127E+001
   1005  3.816318286422068E-002  7.136459145171945E+002
   1006  3.787765779996818E-002  4.161231381761058E+002
   1007  3.750827140183573E-002  4.406873215211377E-001
   1008  3.770576052136459E-002  2.737710711432981E+002
   1009  3.775201541158636E-002  3.965949629890674E+002
   1010  3.740343313426570E-002  1.605101307129613E+001
   1011  3.776300169433632E-002  5.734179840932408E+002
   1012  3.732811522434006E-002  9.010461275512791E+000
   1013  3.763082238213229E-002  4.463320787519241E+002
   1014  3.732555746711477E-002  9.854870762194166E+001
   1015  3.723989108829359E-002  8.527590928685268E-001
   1016  3.784393053615851E-002  8.188096071676283E+002
   1017  3.722174767137941E-002  1.911939167208304E+001
   1018  3.764835086193243E-002  6.201473129199458E+002
   1019  3.712581931363396E-002  9.796887238929853E-001
   1020  3.768335132698646E-002  7.796457667220260E+002
   1021  3.714448906025151E-002  1.419648931115833E+002
   1022  3.746210451619664E-002  6.633423660698960E+002
   1023  3.692915453931401E-002  6.073643504334183E+000
   1024  3.723057854896253E-002  4.817556422348584E+002
   1025  3.684029563994171E-002  6.488464598782900E+000
   1026  3.750197276450120E-002  8.680985981715863E+002
   1027  3.711364825290138E-002  4.265345399170088E+002
   1028  3.670671455880684E-002  3.439654807638406E+001
   1029  3.723233835854221E-002  7.335358668506688E+002
   1030  3.655937168541514E-002  6.524701841845898E-001
   1031  3.711752358642792E-002  7.485295174400608E+002
   1032  3.714999342519230E-002  8.310974765150536E+002
   1033  3.696092457975116E-002  6.609339428175875E+002
   1034  3.687887065641298E-002  5.614711056471693E+002
   1035  3.644081137370738E-002  1.516062846048425E+001
   1036  3.767788215967353E-002  1.653081056433766E+003
   1037  3.632176529431483E-002  2.935368908141188E+000
   1038  3.957483526397141E-002  4.227474728628048E+003
   1039  4.127777627129880E-002  6.498131659278631E+003
   1040  3.614268414908200E-002  3.883108412345083E+001
   1041  4.217704116570223E-002  7.754316038235050E+003
   1042  3.713260024740925E-002  1.511014328671348E+003
   1043  3.595039550156230E-002  1.772962146353111E+001
   1044  3.876918390324723E-002  3.755836202822964E+003
   1045  4.853350810550576E-002  1.643245299487475E+004
   1046  3.574567248647515E-002  6.681553721776366E+001
   1047  3.928539514130741E-002  4.884460627978816E+003
   1048  4.395847726047956E-002  1.091436385473567E+004
   1049  3.539758797836805E-002  5.962122435203395E+000
   1050  3.983925414643106E-002  5.734965563713733E+003
   1051  3.501104972502520E-002  1.104581480870181E+001
   1052  3.882818418025220E-002  5.058158808583139E+003
   1053  3.789037049825916E-002  4.036287487033862E+003
   1054  3.483555126078006E-002  1.347039015011974E+001
   1055  3.599858895613696E-002  1.571870623388549E+003
   1056  3.477656551541096E-002  2.215202895820282E+001
   1057  3.630505316676959E-002  1.982752434870975E+003
   1058  4.288152069069671E-002  1.054110973071211E+004
   1059  3.453150803067238E-002  4.386713694940268E+000
   1060  4.415271248243062E-002  1.251381989929497E+004
   1061  3.605905438888132E-002  2.297725024728938E+003
   1062  3.593811899146127E-002  2.167989468281612E+003
   1063  3.428591671294943E-002  6.895297400190161E+001
   1064  3.800598318070992E-002  4.946700871169287E+003
   1065  3.405061488728398E-002  4.030913440910208E+001
   1066  3.916890438514391E-002  6.687029669796929E+003
   1067  3.661153553555538E-002  3.512509871499235E+003
   1068  3.396872447391070E-002  6.748348684601733E+001
   1069  3.527549693595190E-002  2.335294240704017E+003
   1070  4.106822374259590E-002  1.002285349675354E+004
   1071  3.893331437035120E-002  7.998106231809120E+003
   1072  3.872391770832417E-002  7.484068703986025E+003
   1073  3.273576121593322E-002  4.111403027237421E+000
   1074  3.616756425623021E-002  4.657469976592384E+003
   1075  1.143420389431125E-002  3.149410809591618E+003
   1076  8.928849722350878E-003  4.948342284581343E+001
   1077  2.204879594288992E-005  2.895925672771800E+001
