# dt =   1.000000000000000E-007
# j, New nj, Rate of change (1/s)
      1  2.511494583401158E+000  9.099043689490372E+005
      2  9.385912434795889E+000  2.348083724476084E+007
      3  3.705353855064400E+000  2.752284873620339E+006
      4  7.035975310240817E+000  1.062464801371609E+007
      5  1.723691033876950E+001  2.505255406483416E+007
      6  3.554577685515767E+000  2.574807256202431E+006
      7  1.543418022644931E+002  2.496772439939801E+008
      8  8.039296726883494E+001  1.281194549052569E+008
      9  1.527368912478077E+001  2.414584158770236E+007
     10  5.450661529125036E+001  8.179465922501105E+007
     11  9.582090347674701E+000  1.284684113041388E+007
     12  6.420596132075721E+000  8.652152511942687E+006
     13  1.796692956041646E+000  5.500358911103081E+005
     14  3.583101131497874E+000  4.554983474904985E+006
     15  1.714185250206867E+000  4.650341570098518E+005
     16  4.682448715239373E+000  9.517464446470641E+006
     17  5.392171016416352E+000  8.230075411290650E+006
     18  2.742432256782211E+001  4.273889443574434E+007
     19  1.661743673659018E+000  4.636157768796221E+005
     20  8.955623907944924E+000  1.237135651215969E+007
     21  2.434867382239450E+000  1.837789418542491E+006
     22  4.547957755002171E+000  5.692085113030375E+006
     23  7.938396664948631E+001  1.281411911117595E+008
     24  6.081303869352692E+001  9.762484216054374E+007
     25  1.508197099096904E+000  3.799462967119184E+005
     26  1.460403071605987E+000  3.965914475076403E+005
     27  2.173640828861164E+001  6.622301333245521E+007
     28  2.670025216033542E+000  2.552377503442646E+006
     29  8.400856088436669E+000  1.867352089011950E+007
     30  2.320937956301127E+000  1.777749586495620E+006
     31  1.535937807307472E+001  2.321610993313803E+007
     32  3.459589791360725E+000  5.129657880797244E+006
     33  4.253474081308082E+000  5.400542373386321E+006
     34  3.047475713927692E+000  3.060817770686207E+006
     35  1.000186253535167E+001  2.242704492353864E+007
     36  7.042309914743114E+000  9.537622937025063E+006
     37  6.542343401524619E+000  1.187182025576329E+007
     38  5.598746281218624E+001  9.082443896407926E+007
     39  3.087087058423220E+000  5.299343446625388E+006
     40  5.445126173585491E+000  1.055005332156219E+007
     41  5.296155733680619E+000  8.439419546550121E+006
     42  4.564898961044116E+000  6.406327046430039E+006
     43  3.218694169008747E+000  3.569549912234123E+006
     44  4.493674464727631E+000  9.259992509750290E+006
     45  1.667908019851251E+000  2.081501170982482E+006
     46  3.608685902127414E+000  4.188231104252390E+006
     47  1.123278538316891E+000  1.580255409756276E+004
     48  7.163138087955424E+000  1.024079334902267E+007
     49  2.657379983991858E+000  2.627322177958848E+006
     50  1.528290296266483E+000  8.160564839882780E+005
     51  2.259357222149697E+000  4.443171819034051E+006
     52  1.314112778904422E+000  6.816184694022927E+005
     53  2.488898067927666E+000  2.300942092337917E+006
     54  1.329370408253375E+001  1.975381535384898E+007
     55  1.994294483451701E+001  3.144516301154444E+007
     56  1.109386924038913E+000  5.472560799248866E+004
     57  1.595866930561371E+001  2.422533140580260E+007
     58  1.932310882795676E+001  3.037768208956638E+007
     59  1.222235023767685E+000  2.763864261642276E+005
     60  2.754125648026141E+001  4.790957339831934E+007
     61  2.067301714728380E+000  1.611139509995001E+006
     62  1.892190311738470E+000  1.490275514350844E+006
     63  1.261613711131604E+000  5.647675362071492E+005
     64  2.968211872614781E+001  4.773142886657410E+007
     65  2.615581273785804E+002  4.248000796218968E+008
     66  5.045070080068133E+000  6.797634010962359E+006
     67  3.573484152338465E+001  5.623117167550167E+007
     68  1.784088158780775E+000  1.274018744033709E+006
     69  2.035809220471513E+000  2.157447927304600E+006
     70  4.686530369504086E+001  7.835250247730458E+007
     71  7.743085830637889E+001  1.238845757358624E+008
     72  2.203394478127915E+000  1.878709014728010E+006
     73  2.513704768060962E+000  5.779842526044165E+006
     74  3.874784150339381E+000  4.932197444391672E+006
     75  1.501510980553117E+000  8.137838585701542E+005
     76  1.531476681798642E+000  8.940823680967800E+005
     77  2.316337241971048E+000  2.147420375846577E+006
     78  2.455234276051380E+000  2.464865952235595E+006
     79  1.932393159303331E+000  3.036343540261914E+006
     80  4.530963154331824E+000  1.462798169978695E+007
     81  2.061878544429054E+000  2.111837760632393E+006
     82  1.692378465118121E+000  2.133868291834040E+006
     83  1.338846715721506E+000  7.181831898134812E+005
     84  1.648441144141239E+000  1.107953828937640E+006
     85  1.055858797746246E+001  1.538155492082440E+007
     86  9.155598859933452E+000  2.744810528277212E+007
     87  1.045716215819237E+000  2.307411007211491E+005
     88  1.284017481843567E+000  5.286493475427021E+005
     89  3.450545190678336E+000  4.651377573415634E+006
     90  7.921784580639639E+000  3.064835909631937E+007
     91  3.543494383717506E+000  9.625998389863363E+006
     92  5.147620596634121E+000  8.518374619652415E+006
     93  1.217772685012343E+000  1.084634285136894E+006
     94  2.237932289223894E+000  5.540553884152755E+006
     95  6.919810469280258E+000  9.727173536612511E+006
     96  2.316030731730810E+000  2.347327960795918E+006
     97  4.216439839562303E+000  6.035092804278771E+006
     98  1.923891388910405E+000  3.874830433932252E+006
     99  1.045447819601475E+000  2.905465169914739E+005
    100  4.666190379177707E+000  1.029199588244073E+007
    101  3.578348815658120E+000  4.422243430792678E+006
    102  1.688244049434479E+000  3.058865960190316E+006
    103  2.066169155310338E+001  5.074149754247331E+007
    104  1.660692401841459E+000  1.232118865048990E+006
    105  2.789197870556296E+000  4.429797366825612E+006
    106  4.054549940634768E+000  5.119984566170792E+006
    107  1.204681828578391E+000  4.699483242817886E+005
    108  1.284216962353266E+001  1.986539606439029E+007
    109  2.642391910107215E+000  2.914249372771843E+006
    110  2.181173278944041E+000  4.314111517467226E+006
    111  4.176095943882728E+000  5.420286918232833E+006
    112  1.749230054714078E+000  1.686300373104468E+006
    113  1.380145851268978E+000  1.384998896865098E+006
    114  3.409242207166228E+001  5.411860543669886E+007
    115  2.295052058688154E+000  4.553839276182451E+006
    116  2.326602355576070E+000  2.404370296236195E+006
    117  2.813265887867630E+000  4.214201441057657E+006
    118  1.303168557491463E+000  7.020342236881667E+005
    119  1.366978480800222E+000  1.140855733781994E+006
    120  1.965745315503582E+000  3.848277642398595E+006
    121  2.421840867546841E+000  2.485789040694803E+006
    122  9.686620885583361E-001  1.218407018938302E+005
    123  1.271189802351675E+000  6.437157248191397E+005
    124  9.122037693215800E-001  3.442586578447243E+004
    125  3.004588322496244E+000  4.802162080168369E+006
    126  1.326786410576672E+000  1.623950207340889E+006
    127  1.051703300775860E+000  4.879688701173414E+005
    128  1.140146589547615E+000  1.137941228591410E+006
    129  9.020944338957110E-001  3.248657477968434E+004
    130  9.546630325049703E-001  2.648414565537181E+005
    131  4.640437767576667E+000  6.068700644707064E+006
    132  1.177645806882416E+000  6.887023506417009E+005
    133  4.111912858681937E+000  5.207527832574794E+006
    134  3.301252388608486E+000  3.939183263081622E+006
    135  1.063042464311744E+000  7.414745236053896E+005
    136  1.452165942018713E+000  1.248019798204318E+006
    137  2.066051221080452E+000  2.113203570136539E+006
    138  2.970874741651295E+000  3.540821611656844E+006
    139  1.171016955468066E+000  1.062898538669706E+006
    140  1.193870500489967E+000  9.233809880840251E+005
    141  1.241937328752955E+000  8.076404029038716E+005
    142  9.751505706750814E+000  1.471768333057391E+007
    143  3.479558259904366E+000  4.511242366562589E+006
    144  3.341042568953497E+000  5.014241845678891E+006
    145  1.586891746800883E+000  1.286967556382286E+006
    146  8.693498480586577E-001  2.236446186091453E+004
    147  1.253592903017723E+000  6.558832476464320E+005
    148  1.526723525204842E+000  1.384765563729999E+006
    149  2.300441939337989E+000  3.530581610118635E+006
    150  2.388918773738943E+000  2.532511419368981E+006
    151  7.957879800480080E+000  1.915794544976272E+007
    152  8.590943252979066E+000  1.572296156964860E+007
    153  3.302171234342516E+000  4.057618757441504E+006
    154  1.444116779623604E+001  5.205806248486751E+007
    155  1.366742283428650E+000  2.109682805638090E+006
    156  2.175627154672739E+000  2.346445660047542E+006
    157  6.341262539577543E+000  9.078330886527557E+006
    158  4.247407565718303E+000  5.614002000253420E+006
    159  9.316212421813082E-001  3.645605477643283E+005
    160  5.985684410799187E+000  9.140138560461318E+006
    161  4.577382172019261E+000  6.381857150563729E+006
    162  1.091364703280987E+000  4.562303331912718E+005
    163  7.000558164384061E+000  2.033210088063194E+007
    164  1.884976047637963E+001  4.205730141832145E+007
    165  1.043483993462617E+001  2.846611804479377E+007
    166  4.301195214520105E+000  6.741033312902416E+006
    167  1.352722755347974E+000  9.606940976126954E+005
    168  1.588449874710961E+000  1.402898025203503E+006
    169  4.289987335589339E+000  5.862439467468143E+006
    170  1.047384018356627E+000  4.462574543818671E+005
    171  1.282224915192809E+000  8.229025419819577E+005
    172  3.545773531746138E+000  5.291802785820656E+006
    173  3.038900036111158E+000  4.024055056622930E+006
    174  2.434356745628314E+000  2.752311891042592E+006
    175  8.830088766608325E-001  2.038454113051388E+005
    176  1.512612201504458E+000  1.214752272623431E+006
    177  1.824195294462929E+000  2.360086308180011E+006
    178  7.647335570132500E-001  4.746610651704162E+003
    179  9.790128219458040E-001  3.592181684055704E+005
    180  5.214494873527890E+000  7.229011828226641E+006
    181  9.364896292522296E-001  2.966255233184662E+005
    182  3.927030208919971E+000  6.781334211847554E+006
    183  4.752810300135074E+000  6.575388480293798E+006
    184  2.767748831996383E+000  3.342697990061691E+006
    185  8.077674148190770E+000  1.333493268578348E+007
    186  2.559297794391405E+000  5.201783073598851E+006
    187  1.222086288204862E+000  7.871289594605601E+005
    188  1.666415407328042E+001  2.753355017491801E+007
    189  1.020899028135630E+000  5.695189645423316E+005
    190  2.683618044610203E+000  3.784862856085195E+006
    191  2.594483532193702E+000  2.963126269806015E+006
    192  1.599670157932636E+000  2.196553703234750E+006
    193  2.918971187832338E+000  5.176663660811249E+006
    194  8.874065505534674E-001  5.093799126309694E+005
    195  4.361097490611537E+000  6.310402489604422E+006
    196  3.674726793665225E+000  4.765015152534115E+006
    197  1.503668013870284E+000  2.039046294366941E+006
    198  7.321145822337196E+000  1.526369719637206E+007
    199  9.185471743081736E+000  1.442061927062296E+007
    200  7.509085672888399E-001  5.177636926773121E+004
    201  1.870162056490229E+000  2.058541794570716E+006
    202  3.760886493650346E+000  4.943803142964220E+006
    203  8.855430213640941E-001  4.274966840814561E+005
    204  1.135027873203305E+000  1.127042077227517E+006
    205  2.757839809642189E+000  3.508570031351786E+006
    206  1.922179580361137E+000  2.393183947902482E+006
    207  6.704499236525401E+000  9.869563863276280E+006
    208  1.861547185203798E+000  1.876331355584294E+006
    209  9.441615249620665E-001  6.178138787066132E+005
    210  8.929143329847344E-001  7.104904781813225E+005
    211  8.604240687421001E-001  4.009887477996777E+005
    212  4.491480618287534E+000  6.146343057918754E+006
    213  1.133196304662437E+000  1.110319280513916E+006
    214  1.477101452440025E+000  1.262757934205928E+006
    215  1.031756669881042E+000  8.303907093305090E+005
    216  9.067317805083880E-001  3.293420510901820E+005
    217  1.599898957507495E+000  1.655300768921400E+006
    218  3.055146281715670E+000  3.767571768795982E+006
    219  8.128300343485565E-001  2.653727083401888E+005
    220  9.578477810788610E-001  3.931230040995074E+005
    221  3.091874571732919E+000  3.976291917950502E+006
    222  1.352172206073762E+000  1.757836179573135E+006
    223  6.864708003252352E+000  1.096631088425381E+007
    224  7.642971664276809E-001  9.539454146575408E+004
    225  7.848450513747699E-001  1.250555315249550E+005
    226  1.491968903472971E+000  1.743058746338932E+006
    227  7.617709735737909E-001  9.920313351816886E+004
    228  7.330591053527390E-001  4.551975309775857E+004
    229  1.002185824751703E+001  1.531042033944243E+007
    230  2.445253268257286E+000  4.696233092389635E+006
    231  1.994139947098769E+000  2.141555044265626E+006
    232  3.055341814945682E+000  6.162426143972508E+006
    233  3.578107117395090E+000  5.805629513179850E+006
    234  1.151728053361006E+000  7.700500352554932E+005
    235  7.143638557611907E-001  6.169767009488913E+004
    236  4.388594250206724E+000  7.578684066598471E+006
    237  2.100240542981052E+000  2.272576004194859E+006
    238  2.932904902409103E+000  3.998802618631938E+006
    239  1.881606868039770E+000  2.107550166385004E+006
    240  2.621660951653880E+000  3.451616068632470E+006
    241  4.155866269985593E+000  6.903830931970877E+006
    242  1.289497613104810E+000  1.007277609599817E+006
    243  7.561670799672717E-001  1.638751659299759E+005
    244  9.100112764347432E-001  6.075350100012971E+005
    245  5.593129175621631E+000  9.844553954225233E+006
    246  2.976829708050026E+000  3.803382013807178E+006
    247  1.287576972954142E+000  1.444799345040170E+006
    248  1.244650097636092E+001  2.821850787511816E+007
    249  2.342375203235998E+000  4.683150430170354E+006
    250  7.892308274394833E-001  2.362968198000479E+005
    251  3.948898403750769E+000  7.175530697790523E+006
    252  7.110205366102070E-001  1.110280673973978E+005
    253  1.354386236685319E+001  2.207212355542919E+007
    254  7.824078858683094E+000  1.224621438371713E+007
    255  8.542718643216793E+000  1.297221935957341E+007
    256  1.427394910297547E+000  1.911159460741145E+006
    257  9.747943730746302E-001  5.650168677999993E+005
    258  2.744711673158080E+000  7.442746706099045E+006
    259  2.417675298722866E+000  3.336529832954684E+006
    260  9.791099693797902E-001  5.720787971342001E+005
    261  1.283620019607755E+000  1.126173294398319E+006
    262  9.458025473055721E-001  9.708235828719764E+005
    263  6.358003351914588E-001  2.144085656418805E+004
    264  1.453130263052310E+000  2.307077246114077E+006
    265  6.379776223958857E-001  5.143148282665585E+004
    266  7.727590994534047E-001  3.834719963224445E+005
    267  7.482178153400195E-001  2.731487190196766E+005
    268  6.431305899810101E-001  4.005580990690812E+004
    269  7.885581107877067E-001  2.745469417791806E+005
    270  8.275236079705334E-001  5.614561828318732E+005
    271  7.439910959327963E-001  2.267558280702162E+005
    272  1.333999901691336E+000  2.637302541509400E+006
    273  7.570056611676037E-001  5.080579292300646E+005
    274  1.146934301956153E+000  1.785242000186088E+006
    275  2.065750836885650E+000  2.355627085346252E+006
    276  8.184817425237433E-001  4.701280632007483E+005
    277  7.187333477584416E-001  1.829351199906580E+005
    278  9.079150504569234E-001  5.192432628323130E+005
    279  1.630726753460083E+000  2.476327928599392E+006
    280  9.613201292694996E-001  1.352199349152217E+006
    281  2.096366856603545E+000  2.616639493673399E+006
    282  4.507003642147385E+000  6.332561076637368E+006
    283  1.089219451230265E+000  1.327003453795040E+006
    284  7.290117043354793E-001  1.912611736032220E+005
    285  7.649880159068984E-001  6.203847422338437E+005
    286  6.196162606009892E-001  2.700663519244841E+004
    287  6.758328439318364E-001  2.176979518833953E+005
    288  1.968382767462331E+000  3.729773779598549E+006
    289  2.211881749979082E+000  2.905573768854058E+006
    290  2.250042527692171E+000  4.980096561743271E+006
    291  2.628523745212010E+000  7.960816995454322E+006
    292  9.657057721685319E-001  7.992835221983354E+005
    293  5.299954165952846E+000  1.530744443340244E+007
    294  3.315531207005724E+000  6.834024930469754E+006
    295  3.762645762838835E+000  5.199795717289238E+006
    296  6.868852688643832E+000  1.608784101927441E+007
    297  1.079642228223346E+001  2.697368484415895E+007
    298  8.011799253656566E+000  1.785338762851262E+007
    299  2.416866482603352E+000  4.106534652126325E+006
    300  1.200556143313811E+001  2.409503993577518E+007
    301  2.020959819387004E+001  3.262174027653355E+007
    302  1.130996382983477E+000  1.508071847227105E+006
    303  2.210773751930738E+000  3.361848411395116E+006
    304  1.643035186562371E+000  1.727651339689979E+006
    305  1.161635453093791E+000  9.575663738812964E+005
    306  1.575930200841366E+000  3.121775819728474E+006
    307  1.220738861009806E+000  1.037456600236071E+006
    308  3.359356248346309E+000  8.694387794312244E+006
    309  1.554166130707111E+000  1.676455563731310E+006
    310  1.453777416782048E+000  2.545623519897762E+006
    311  1.051332324109098E+000  7.625420886405784E+005
    312  1.647770569777028E+000  1.810095684262761E+006
    313  7.182365851882887E-001  2.427320651348332E+005
    314  1.297715558913319E+000  1.177239136327385E+006
    315  7.068184946389539E-001  2.168922763640521E+005
    316  6.884334384078065E-001  2.856997657968894E+005
    317  1.378221815932146E+000  1.304021479837853E+006
    318  2.106124219694725E+000  4.217332041579966E+006
    319  9.433375631520972E-001  6.912606554284869E+005
    320  2.894410964978798E+000  3.852174420190699E+006
    321  1.618326101653968E+000  1.843823211401314E+006
    322  1.056804832510844E+000  8.542415288039404E+005
    323  1.038539106500337E+000  7.572252970054786E+005
    324  1.497580204480015E+000  1.524917977695173E+006
    325  3.516779731903745E+000  4.747833263329680E+006
    326  1.005829431841891E+000  1.436121455660031E+006
    327  2.159763261084587E+000  2.579785822380104E+006
    328  6.306686277126823E-001  1.092399867079568E+005
    329  6.417169091998510E+000  9.635601526674859E+006
    330  1.194534809004016E+001  1.866760393389950E+007
    331  3.627396868582441E+000  5.023540012330231E+006
    332  7.431803816106457E-001  4.690956847774146E+005
    333  1.692134781009895E+000  2.375952104141724E+006
    334  1.356743118181086E+000  1.300812154909090E+006
    335  4.296841742817559E+000  6.602866484833824E+006
    336  1.859868116410949E+000  2.167030296207726E+006
    337  9.878878307266490E-001  7.758476244336023E+005
    338  1.851297091976777E+000  2.171366352438901E+006
    339  9.245051955607325E-001  6.502852091330744E+005
    340  1.433778750609112E+000  2.026275309858942E+006
    341  5.965563832035351E+000  9.802824471511541E+006
    342  6.139152160195441E-001  1.558513106712592E+005
    343  1.711627401804196E+000  2.475167352276484E+006
    344  2.280819870938660E+000  4.038792381191811E+006
    345  5.695205458599032E-001  1.814433250220929E+005
    346  3.739158759544584E+000  9.317149029688859E+006
    347  7.156316471113216E+000  1.094307142791681E+007
    348  4.261738248345465E+000  6.232802302137678E+006
    349  8.483337307837893E-001  7.312995371362729E+005
    350  5.494970462687794E-001  8.701401360667346E+004
    351  1.242134391919321E+000  1.390647361131045E+006
    352  2.206422024981241E+000  2.811491463687757E+006
    353  5.246408333866475E-001  1.054413552206886E+005
    354  5.984703030064281E-001  1.778201215668780E+005
    355  1.231053346166858E+000  1.216618311325322E+006
    356  3.751289469054724E+000  6.689706795093279E+006
    357  2.444254842983701E+000  3.174302165297676E+006
    358  1.198702927011163E+001  2.341240763762287E+007
    359  8.277857112155580E-001  1.042187225604433E+006
    360  1.244859904950856E+000  1.270802260447737E+006
    361  8.938065775980214E-001  7.097235808432748E+005
    362  5.169268877080515E-001  8.910545679194428E+004
    363  4.655331799905380E-001  5.742321242939117E+003
    364  5.369702231370826E-001  2.882393413752583E+005
    365  9.618842814443667E-001  9.138001553141731E+005
    366  5.860125180531290E-001  2.082818723693946E+005
    367  6.856893425724804E-001  6.444698635023769E+005
    368  5.495278572062721E-001  1.497306567203286E+005
    369  4.898555782794023E-001  1.334350254335831E+005
    370  6.429764859335927E-001  3.069180662095009E+005
    371  4.972740640758789E-001  7.048502365522357E+004
    372  5.327434081198670E-001  2.438503519261595E+005
    373  4.825687743676060E-001  5.387327097933268E+004
    374  1.431169362382740E+000  2.201999683621634E+006
    375  5.035974148251924E-001  1.229917169777588E+005
    376  8.792055139389937E-001  1.806899225889441E+006
    377  9.042725058081640E-001  8.179268356046788E+005
    378  3.079993349438335E+000  5.794263231225945E+006
    379  4.555708277425768E+000  6.935956086048678E+006
    380  1.903498881279766E+000  3.318926219383541E+006
    381  1.436888315674272E+000  2.168991234836796E+006
    382  1.511373697927149E+000  1.770447967460707E+006
    383  1.103372043635028E+000  2.087179406037383E+006
    384  1.496958704286062E+001  4.772679615603888E+007
    385  4.577646949443776E+000  6.790065465731802E+006
    386  2.651884280407104E+001  4.527250972085955E+007
    387  4.139978963097635E+000  9.361535601603985E+006
    388  4.078394060494888E-001  1.311989583605348E+004
    389  1.633451194472318E+000  2.017168155392363E+006
    390  5.735345482204654E+000  1.532464059601896E+007
    391  3.675741264673330E+000  1.105606948556234E+007
    392  5.244269156148751E+000  1.541753908103811E+007
    393  1.529109853085393E+001  3.186406623666832E+007
    394  1.166392930024700E+000  1.359426567995411E+006
    395  2.741500295267505E+000  5.392294388250907E+006
    396  8.337028228034515E-001  1.465490898185005E+006
    397  4.799354933738816E-001  4.428749766899835E+005
    398  8.583902865597755E-001  9.486504476096214E+005
    399  7.204089777998222E-001  1.382607023374716E+006
    400  5.117834119308104E+000  8.944921521538608E+006
    401  2.025065925415565E+000  2.742846929963387E+006
    402  2.937142656209419E+000  7.053050628466438E+006
    403  4.712113592648128E+000  7.502620790304248E+006
    404  8.807612321306287E-001  1.192799114369485E+006
    405  3.404080476295686E+000  6.249439569397626E+006
    406  3.462111662202857E-001  3.486043600210093E+003
    407  2.589699507654394E+000  7.018616964187440E+006
    408  3.600649793451181E-001  3.363915195437943E+004
    409  1.849113914851161E+000  3.301068407358094E+006
    410  4.660524207964726E-001  2.147886917750367E+005
    411  1.358274299984979E+000  2.118579848213901E+006
    412  3.492582674811078E-001  2.622595954310424E+004
    413  6.484484495659431E+000  1.026542064906785E+007
    414  8.396572384792614E-001  8.228770529062095E+005
    415  8.093447401626312E+000  1.267271633583490E+007
    416  5.187190823242989E-001  3.123670316428237E+005
    417  1.678197942314145E+000  2.514169074896878E+006
    418  2.828788199214078E+002  4.462859051247038E+008
    419  4.437043760652700E+000  1.033097327285439E+007
    420  5.872883677873690E-001  4.358996428865818E+005
    421  9.668940890424806E-001  1.695379989713508E+006
    422  2.247742885649491E+001  3.736793767702884E+007
    423  1.150808528878554E+001  1.894345224125899E+007
    424  3.816117201181867E-001  9.211254877867897E+004
    425  6.846530638921604E+001  1.081194200568987E+008
    426  1.111661627697142E+001  1.711033655277489E+007
    427  1.556176133012073E+000  5.594256453145906E+006
    428  3.363823341139794E-001  3.132941275582160E+004
    429  3.808238881663487E-001  1.055133691545686E+005
    430  1.455483592758389E+000  4.829450986120392E+006
    431  6.652168264601295E+000  1.063902597289225E+007
    432  3.853798337814997E-001  1.768281380190505E+005
    433  5.266783659140619E-001  6.238693722676461E+005
    434  1.615930795285023E+000  4.235513488889412E+006
    435  4.881989912358295E-001  2.796638218579452E+005
    436  7.921324310451534E+000  1.599180769491025E+007
    437  3.387734885380265E-001  6.330951442204533E+004
    438  6.716058669292240E+000  1.606367082682286E+007
    439  3.300342743813345E-001  2.064914918091471E+004
    440  1.368424054701069E+000  2.720280351650117E+006
    441  5.207223039947455E-001  3.368339748747956E+005
    442  5.282326788953957E-001  7.725852358076791E+005
    443  3.173267555219967E-001  4.577654776291184E+003
    444  1.203208499615283E+000  1.455242891773105E+006
    445  8.353968764936322E+000  1.298658268790790E+007
    446  1.351685829549719E+000  2.558221033317933E+006
    447  3.825099080849879E-001  1.254032661613777E+005
    448  5.169556039500652E-001  8.358244030272830E+005
    449  1.547523091489454E+000  2.059839757616757E+006
    450  1.220317882534671E+000  2.601637385629354E+006
    451  1.057555845121792E+000  1.287434908590899E+006
    452  2.154687925879360E+000  4.474014708128733E+006
    453  1.839393072834371E+000  6.096247319225715E+006
    454  1.740695239400466E+000  4.074082329905686E+006
    455  4.670891402072156E-001  3.209179774040308E+005
    456  8.779921471834358E-001  1.950478103127965E+006
    457  4.414298122623510E-001  2.342765307503197E+005
    458  1.262400075089765E+000  2.891752778517482E+006
    459  1.304678831076233E+000  2.477878678250155E+006
    460  7.241324564282827E-001  1.342950618540559E+006
    461  3.821660493088342E-001  1.450258430228251E+005
    462  2.001573143313434E+000  6.209340578758524E+006
    463  4.374967454563520E-001  2.363886577355595E+005
    464  1.274277911049040E+000  4.085012804824077E+006
    465  4.837417632875547E-001  3.137873960977486E+005
    466  1.769963161909673E+000  2.997581195686614E+006
    467  8.902412078608331E-001  1.381164658974705E+006
    468  7.895736937643718E-001  1.588526811094647E+006
    469  3.686662605737426E-001  1.296233468159313E+005
    470  5.081266207969987E-001  3.676969897497717E+005
    471  4.533469855490367E-001  2.716275767131979E+005
    472  9.557657024318058E-001  2.920594047545927E+006
    473  4.375122722319182E-001  3.099285574194097E+005
    474  2.114632762471945E+000  7.087174406191069E+006
    475  5.937258417102186E-001  8.189157994209714E+005
    476  3.810332797936400E-001  1.589283769476432E+005
    477  7.990047745006515E-001  1.268973115051439E+006
    478  4.307079236340112E-001  4.288245299866185E+005
    479  2.629659758308806E+000  6.321428323143664E+006
    480  9.591872180073387E-001  1.478444059815769E+006
    481  5.528818559202574E-001  4.619419052366923E+005
    482  7.287859009770380E-001  1.298574391179520E+006
    483  8.716705579628328E-001  1.963026578596201E+006
    484  4.312800161391005E-001  2.499692938513613E+005
    485  1.485456224590337E+000  2.803567806590829E+006
    486  9.933312511906581E-001  1.152009335515585E+006
    487  5.293382203399283E-001  8.877633233146203E+005
    488  3.451901771236152E-001  9.387019649177273E+004
    489  7.937660142420433E-001  1.456643270572232E+006
    490  2.869669530589800E-001  3.945672047778347E+003
    491  6.396667160289116E-001  9.249409973586201E+005
    492  4.271628317836274E+000  6.802983663745872E+006
    493  1.767320126812937E+000  2.441812287326961E+006
    494  5.809673352118760E-001  1.184978285442602E+006
    495  1.432621418161457E+000  2.433877163888136E+006
    496  3.041195961908071E-001  4.479284636927041E+004
    497  7.193081000354533E-001  1.357357628246066E+006
    498  4.360683551494765E-001  6.563843148991560E+005
    499  2.772785270097904E-001  2.117315024423435E+003
    500  8.293070993560855E-001  1.261058081731870E+006
    501  2.755402352645847E-001  1.197267588578991E+003
    502  8.394846422842854E-001  9.321040245470214E+005
    503  1.560348388858627E+000  3.169747064955455E+006
    504  1.873399066199196E+000  3.487975384925539E+006
    505  5.905718381372104E-001  1.199121861180940E+006
    506  3.130947699466844E-001  7.377861853302202E+004
    507  1.174747280626444E+000  3.927444431960100E+006
    508  3.307203967637167E-001  1.107795480434603E+005
    509  2.925745643720428E-001  5.005462913081865E+004
    510  1.013354859085345E+000  2.239188206632707E+006
    511  4.196764249297462E-001  2.725349408510670E+005
    512  1.373091044974127E+000  2.907650354668946E+006
    513  3.358855187208959E-001  1.630476344651069E+005
    514  6.574641100259165E-001  1.053538497069701E+006
    515  7.429621460767958E-001  8.638366718694312E+005
    516  5.676702175856096E-001  6.137412090559615E+005
    517  4.364526887840357E-001  4.578333219145718E+005
    518  8.487868767053707E-001  1.871730188054182E+006
    519  5.506587281383820E-001  7.730767369542527E+005
    520  2.759140145805091E-001  1.999605019982492E+004
    521  7.869833216038987E-001  8.502767907537023E+005
    522  3.829565536387604E-001  2.023386463367163E+005
    523  4.965839142731899E-001  6.967817096533623E+005
    524  5.224117894155875E-001  1.027386209283530E+006
    525  4.186457592373544E-001  3.821747150433304E+005
    526  5.144204113248948E-001  4.182246105730217E+005
    527  4.011313148743339E-001  6.039074113377148E+005
    528  6.856591330335783E-001  7.066758962146062E+005
    529  4.893365297117605E-001  3.789920985655181E+005
    530  1.160178691775890E+000  2.642005104015131E+006
    531  2.404075013277439E+000  5.008944888013517E+006
    532  5.863700227227795E-001  1.095562535214909E+006
    533  4.386987898484221E-001  6.830997312494293E+005
    534  3.885256016343163E-001  4.923069844667322E+005
    535  8.429696377811482E+000  2.135376039930658E+007
    536  9.348504065396201E+000  1.475851161975450E+007
    537  1.110096854803252E+001  4.297875972702143E+007
    538  9.780153227945020E+000  1.592868452753244E+007
    539  2.252114203784753E+001  6.255897001727875E+007
    540  2.534425573033836E+000  4.410772559420979E+006
    541  2.487276043394169E-001  4.971153207646185E+005
    542  6.156119658345673E-001  8.860945853059548E+005
    543  1.161368742884479E+000  2.453168704101225E+006
    544  3.061695932121922E+001  5.031816792126218E+007
    545  4.579239211475634E-001  1.084515079171593E+006
    546  4.489843864271011E+001  7.362396240011355E+007
    547  5.917463464635125E+002  9.726903467865534E+008
    548  1.400901110711966E+000  2.204222799666233E+006
    549  2.781921278502818E+001  4.514584623221210E+007
    550  2.447808947100749E+000  4.858383963689574E+006
    551  4.138969855885635E+001  6.625050612081834E+007
    552  5.236216746763599E+001  8.202743663325456E+007
    553  3.058654544481188E+000  5.102969192969038E+006
    554  2.119926240134911E+001  3.492354591959465E+007
    555  5.101994344491450E-001  7.822408107208912E+005
    556  2.417872618633204E-001  2.601944124676715E+005
    557  2.094180181404044E+000  3.822781380218730E+006
    558  3.228984686634899E-001  4.253123632761452E+005
    559  8.639434027514095E-001  1.949692379966407E+006
    560  1.410131453823039E+000  2.196633131892139E+006
    561  2.073668831543467E-001  2.878444305867216E+005
    562  3.793355531686733E-001  4.733920997623054E+005
    563  6.897254235807205E+001  1.166161316031775E+008
    564  2.668567679910866E+000  4.163862991227881E+006
    565  5.421633920048750E-001  8.180726355218869E+005
    566  1.142305640268278E+002  1.854913713912936E+008
    567  3.192234684485397E-001  4.292650479818643E+005
    568  1.225983266109079E+000  2.733161015173467E+006
    569  1.957071243678521E-001  2.109960886692038E+005
    570  9.480322345293168E+000  1.585483138365024E+007
    571  5.167702147456723E-001  7.340767281341287E+005
    572  1.608179192173856E+000  2.709028106923294E+006
    573  7.503855079597903E-001  1.124099552073002E+006
    574  1.109433747619117E-001  8.622281172343261E+004
    575  3.049549593083218E+000  5.292205391518161E+006
    576  3.065943856148360E+000  4.690087280846669E+006
    577  4.211225727055731E-001  5.803197618638293E+005
    578  2.332397568612340E-001  3.516560801134898E+005
    579  1.653191960555623E-001  1.670467439238824E+005
    580  1.159118155283413E+000  2.784265613316615E+006
    581  7.227934905913129E-002  3.653887535925718E+003
    582  5.512057024197298E-001  1.518098776933594E+006
    583  2.890572388130276E-001  3.608350367878207E+005
    584  4.320159846288532E-001  5.923348094901043E+005
    585  5.164943165672007E-001  1.078127196950016E+006
    586  1.674948793668588E-001  1.528575097117051E+005
    587  1.664449278785265E-001  3.600558983913371E+005
    588  2.910808667500584E+000  5.926667998703219E+006
    589  3.075709061712952E-001  3.851407495816079E+005
    590  1.150038206865328E-001  7.427095071561418E+004
    591  1.425007214015259E-001  1.182795128869627E+005
    592  7.423683192508790E-001  2.139779726605289E+006
    593  6.671830595539305E-001  1.700521923573546E+006
    594  3.479541177645476E-001  4.635666389427627E+005
    595  2.573118902112911E-001  3.052060648458076E+005
    596  2.641094147982775E-001  3.178577475291266E+005
    597  1.004617828634847E-001  9.777526717294414E+004
    598  7.677714305525621E-002  1.227101070265229E+004
    599  2.808270791644253E-001  6.298303755575768E+005
    600  1.294500824508788E-001  1.443788266922419E+005
    601  1.331171962563813E-001  1.092921365726001E+005
    602  7.447640077925153E-001  1.541599197665548E+006
    603  8.132075214896316E-002  2.368364665774196E+004
    604  9.945661587711090E-001  1.906146219294888E+006
    605  4.359600693936631E-001  6.056073014276983E+005
    606  7.506509237322807E-002  1.184406029977690E+004
    607  1.564918749909708E-001  2.334748698580216E+005
    608  1.731433057928191E-001  1.731560540858023E+005
    609  2.987128817518064E-001  6.131072106788026E+005
    610  2.678990044660058E-001  3.336239253233525E+005
    611  1.532616403257742E-001  2.254217287265512E+005
    612  7.131471044987960E-002  5.409047735760937E+003
    613  9.590379379833578E-001  1.987763889280967E+006
    614  9.000879315718731E-002  3.602549087390442E+004
    615  2.416623592264678E-001  4.643364343449427E+005
    616  3.011132759590600E-001  3.856889516120175E+005
    617  1.795412290975008E-001  3.183285153424928E+005
    618  4.474353893335307E-001  8.760184833742654E+005
    619  1.190719363599488E-001  8.564694166300968E+004
    620  6.802651068258386E-002  8.472793468192403E+002
    621  2.681310698382037E-001  4.103248540817914E+005
    622  2.376162392890609E-001  2.817056528616690E+005
    623  1.773940213238836E-001  3.124848492635756E+005
    624  2.606715095083449E-001  3.185023513475988E+005
    625  1.262945415051382E-001  9.638758894399111E+004
    626  1.037629126810135E-001  9.770987729463169E+004
    627  1.152595179295679E-001  7.793888657902210E+004
    628  7.693207359943739E-002  1.520948044131673E+004
    629  7.033714827621804E-002  5.932642044357345E+003
    630  1.228329569595972E-001  1.253129375668528E+005
    631  1.054816148646398E-001  1.182611267261460E+005
    632  1.785569410449791E-001  4.374954877846921E+005
    633  1.787809025831148E-001  1.813132595867412E+005
    634  1.405523850554421E-001  1.212772033639173E+005
    635  1.904567277944671E-001  2.952244094129130E+005
    636  2.966318604383581E-001  3.931737348347997E+005
    637  9.223870431950304E-002  8.992735472909485E+004
    638  7.312394782847079E-002  1.094683593124017E+004
    639  2.691230515732217E-001  4.348202539525402E+005
    640  1.031625808058580E-001  6.146845876064571E+004
    641  2.165179601722962E-001  2.461628100618045E+005
    642  1.150498226251499E-001  7.775417106316128E+004
    643  2.021946421066036E-001  3.420676453433913E+005
    644  9.699215465424986E-002  4.856809679795299E+004
    645  1.509962293803774E-001  2.072803824490297E+005
    646  1.387636465047471E-001  1.305494883297716E+005
    647  6.677550272390763E-002  3.521119906512527E+002
    648  1.070921221933708E-001  6.700317438693666E+004
    649  1.423817421885259E-001  2.010705469808932E+005
    650  9.913525918613669E-002  1.156782048170657E+005
    651  1.068227454498115E-001  6.633303587604787E+004
    652  6.641809247039149E-002  2.270875371191481E+002
    653  7.592780564841839E-002  1.622210962617402E+004
    654  1.792011885621411E-001  3.910747292109284E+005
    655  1.317657455674723E-001  1.996020473706660E+005
    656  2.319323081414061E-001  2.731997050636756E+005
    657  1.187883524281491E-001  8.709514764363714E+004
    658  4.121531718329477E-001  7.357327256151355E+005
    659  1.730201584097930E-001  3.621728026311675E+005
    660  1.116727794410868E-001  7.477519602950905E+004
    661  1.966198489471318E-001  4.384515529147068E+005
    662  7.809372031694925E-002  2.099049318406017E+004
    663  3.164420028592327E-001  7.272293359529859E+005
    664  9.113165906555515E-002  4.300898095788348E+004
    665  1.324752762277673E-001  1.103341579759802E+005
    666  3.624922159247479E-001  6.179152242723276E+005
    667  4.449528081056999E-001  7.856128783311689E+005
    668  9.480185634424992E-002  5.028469291893949E+004
    669  2.750756486242765E-001  5.898461083161947E+005
    670  1.885174546060572E-001  2.029588613408853E+005
    671  1.010268460427606E-001  1.155697488203743E+005
    672  3.123266683652372E-001  4.026946208463904E+005
    673  1.861653701189009E-001  2.730538583959421E+005
    674  3.216310426058379E-001  4.238070266288297E+005
    675  9.221671917921689E-002  6.325927734557623E+004
    676  1.327511624740434E-001  1.599998460722067E+005
    677  1.077521434408333E-001  7.108441645978866E+004
    678  4.108929642774969E-001  6.706119301112704E+005
    679  1.169105883932733E-001  8.794725991962850E+004
    680  3.563676336736406E-001  1.201257142782701E+006
    681  3.240692807707619E-001  6.465754616864455E+005
    682  2.061717928973698E-001  2.349669872092466E+005
    683  1.238892139733219E-001  2.593149261662925E+005
    684  1.970956938357438E-001  2.162721424657965E+005
    685  1.049085383170292E-001  6.906853746282525E+004
    686  2.303411515398267E-001  4.982430672932327E+005
    687  1.848839454327384E-001  5.021222378947439E+005
    688  8.418426942238527E-002  3.500265699556938E+004
    689  3.088334133239078E-001  6.059289748663174E+005
    690  2.606750142100735E-001  4.652184501319565E+005
    691  2.325481388789319E-001  6.383944190867505E+005
    692  6.787383748742368E-002  8.384762352815696E+003
    693  7.202858810543637E-002  1.558660701249535E+004
    694  5.153812126961700E-001  1.332839288124384E+006
    695  1.935007930630164E-001  2.158159215740784E+005
    696  9.866955274222150E-002  5.967091173323177E+004
    697  4.562035368326727E-001  9.783044704994983E+005
    698  8.572389675406656E-001  2.298135009286056E+006
    699  9.974873155093469E-002  6.137499812745436E+004
    700  3.718462125728816E-001  5.886794484567164E+005
    701  6.553795955468231E-002  5.033651992698823E+003
    702  2.175962742967859E-001  3.006380777530614E+005
    703  8.476633105815047E-002  3.660297672824443E+004
    704  6.495499110225909E-002  4.537586462761576E+003
    705  8.954700172960341E-002  4.435230018561248E+004
    706  1.842013160446753E-001  4.034233076216812E+005
    707  1.087597126797468E-001  7.670298898041861E+004
    708  3.457703136447219E-001  9.408076202193685E+005
    709  1.353577623098575E-001  1.235927833066590E+005
    710  2.428216116583338E-001  7.077188364977200E+005
    711  7.681717154664733E-002  2.494469580049841E+004
    712  3.252834454934863E-001  9.585570976642706E+005
    713  2.360198337363841E-001  2.850244941803895E+005
    714  9.037829607964828E-002  4.766039015074714E+004
    715  9.093404086379951E-002  4.900376255725604E+004
    716  2.552952785437505E-001  6.709235466929657E+005
    717  3.106082633504186E-001  7.901939616428335E+005
    718  6.226632305034552E-002  1.972010507653860E+003
    719  3.251763010161768E-001  6.451554634764494E+005
    720  6.649569656779614E-002  8.987557790430083E+003
    721  1.467131814667511E-001  2.278122637682804E+005
    722  8.982989764811289E-002  4.781240809449007E+004
    723  6.253961603990493E-002  2.792746789113764E+003
    724  1.452092861530736E-001  2.361738797414280E+005
    725  6.112302984523103E-001  2.149291549535257E+006
    726  6.871317690749694E-002  1.346217033136828E+004
    727  2.120542789545351E-001  6.452346437198314E+005
    728  7.577929086915544E-002  2.512892900735936E+004
    729  7.483457894401373E-002  2.285240611420045E+004
    730  2.220012080841979E-001  4.307223381553767E+005
    731  1.229015821349816E-001  1.687616846947764E+005
    732  1.120226757187628E-001  8.332101622479428E+004
    733  1.352307696592590E-001  2.031998750587144E+005
    734  6.157434049218034E-002  2.265739840351549E+003
    735  6.710996445980970E-002  1.133772016417344E+004
    736  6.301520300503348E-002  4.617562147457579E+003
    737  7.994689201119559E-002  5.405749989261977E+004
    738  1.464450692176709E-001  2.088259377236938E+005
    739  7.355181051538512E-002  2.342753291188510E+004
    740  6.120302198163036E-002  2.352539469461530E+003
    741  1.677090988090635E-001  4.117986326572411E+005
    742  2.652060695002975E-001  5.201512269692172E+005
    743  6.088068794766225E-002  1.174666615870031E+003
    744  1.300588861544094E-001  1.160687223404339E+005
    745  2.147087993507173E-001  5.317296007226378E+005
    746  1.293359597529680E-001  2.224621514920596E+005
    747  7.129092289807029E-002  1.900669709798324E+004
    748  9.644935748960930E-002  9.725787193387386E+004
    749  1.599645517674974E-001  3.500517053922671E+005
    750  6.551812462818590E-002  9.503569177906207E+003
    751  1.001357908933607E-001  1.328244668033727E+005
    752  6.122284440823552E-002  2.519221778728399E+003
    753  6.494873465200218E-002  9.002724622027972E+003
    754  9.016393582266123E-002  5.285733235517237E+004
    755  1.531800670968113E-001  2.679442005050807E+005
    756  1.804394715692549E-001  2.977679361815050E+005
    757  2.341886818863219E-001  3.971873269441210E+005
    758  8.879781284000848E-002  4.914743848307942E+004
    759  6.054920709070118E-002  2.139440004253421E+003
    760  1.373265148259073E-001  2.165059287897078E+005
    761  8.205762932092540E-002  3.716943030982934E+004
    762  2.552882090002677E-001  4.610947751407693E+005
    763  3.006963971486074E-001  5.428280557974211E+005
    764  8.120525426566562E-002  3.728586149647224E+004
    765  4.232743196354935E-001  1.201953730491766E+006
    766  7.146809628616241E-002  2.152321421987777E+004
    767  8.755884977402979E-002  4.885476308919433E+004
    768  9.167318377745277E-001  1.699765719119229E+006
    769  3.018835112295749E-001  8.598629849603061E+005
    770  9.637589806460831E-002  6.358612816708460E+004
    771  2.238452549625991E-001  5.492822149497740E+005
    772  3.755440968204223E-001  1.040326537015355E+006
    773  5.952241724108406E-002  3.954398243802345E+003
    774  5.213299604844402E-001  8.111791419182681E+005
    775  5.761904712044338E-002  1.741483162439644E+003
    776  7.102060325332445E-002  2.383212578347361E+004
    777  4.329526945498269E-001  1.309002370650292E+006
    778  6.824394676404630E-001  1.373719049953473E+006
    779  6.768303530654766E-002  1.894951942739716E+004
    780  1.392533243861165E-001  2.918126311493056E+005
    781  9.871581230642508E-002  7.032061515454766E+004
    782  1.193697251370944E-001  1.043012961374287E+005
    783  6.577028230915359E-001  1.651427007998670E+006
    784  5.082395963790904E-001  1.030429059936739E+006
    785  5.632993475491604E-001  1.712783283518103E+006
    786  8.524371081419455E-002  4.829131754017025E+004
    787  1.431516998273048E-001  1.461225289269844E+005
    788  6.223633919440232E-002  1.144556338174621E+004
    789  1.747113980565209E-001  3.754324980820308E+005
    790  1.247397508899903E-001  1.135127809979318E+005
    791  2.518438732705172E-001  7.179016238392784E+005
    792  7.632862498298752E-002  3.522917030443605E+004
    793  1.691022103636626E-001  2.969441976655213E+005
    794  9.716657336530767E-002  6.886260869225652E+004
    795  1.674101073700308E-001  3.743505486557186E+005
    796  1.018120505130824E-001  1.521383140508167E+005
    797  1.243383817314199E-001  1.782730141266810E+005
    798  5.878798778903260E-002  6.949121517614883E+003
    799  1.648663894819018E-001  3.679559074713656E+005
    800  1.505783343985990E-001  1.572396960731121E+005
    801  5.556146076024852E-002  1.534248717149842E+003
    802  2.231506566353177E-001  5.502859096420641E+005
    803  9.062347570719989E-002  1.267377464663451E+005
    804  1.084291179846070E-001  8.882153365752404E+004
    805  6.866060129575441E-002  2.404178818088651E+004
    806  5.655069166186712E-002  3.672254078164769E+003
    807  4.083845882575668E-001  6.744686346310059E+005
    808  1.375517494972867E-001  2.154970175030497E+005
    809  8.581177799242438E-002  5.274887015461789E+004
    810  2.323465465418698E-001  5.982365476945398E+005
    811  5.819705377795668E-002  7.611814731525476E+003
    812  1.057109127091252E-001  2.021844896464697E+005
    813  2.864576226618799E-001  1.039514373946287E+006
    814  5.779140885969668E-002  7.392298559337013E+003
    815  1.064121136598109E-001  8.819642893177840E+004
    816  2.825504061804984E-001  9.554596192151926E+005
    817  1.641736791675034E-001  4.148479406635554E+005
    818  6.511888909230168E-002  1.925518455661766E+004
    819  5.662485794905755E-002  5.776722419873237E+003
    820  1.620781241134490E-001  2.504112302010396E+005
    821  2.293469027362027E-001  3.870954829612484E+005
    822  1.192505562645559E-001  1.772597576299077E+005
    823  5.346720460221754E-002  7.277333326731656E+002
    824  1.398779860406187E-001  2.192574716340966E+005
    825  1.283398911543050E-001  2.537819563643225E+005
    826  1.964743836894764E-001  4.849552451468019E+005
    827  1.272089196842598E-001  1.979318694352533E+005
    828  7.219649527148460E-002  3.182907983602032E+004
    829  9.193455772694345E-002  1.339779475117325E+005
    830  5.883364065505105E-002  1.202503893419701E+004
    831  1.970128110982456E-001  2.704705870564653E+005
    832  1.923901007777263E-001  2.873155625483845E+005
    833  5.355291603343908E-002  1.473883372380334E+003
    834  6.073480226942444E-002  1.301260466178541E+004
    835  1.371143722925152E-001  2.664596052436321E+005
    836  2.673056032691404E-001  6.271251030672919E+005
    837  5.482496099248516E-002  7.842020271600412E+003
    838  1.653730298784125E-001  2.894519514460941E+005
    839  6.125054671106715E-002  1.464587070078956E+004
    840  5.312066450004440E-002  1.569104508405164E+003
    841  5.545890663170168E-002  5.493740908846940E+003
    842  1.718743708782430E-001  5.299243761870655E+005
    843  1.402292069257564E-001  2.122528883877548E+005
    844  4.483696508920517E-001  6.906377137978553E+005
    845  9.946596401364878E-002  7.814652638962127E+004
    846  9.082467862941636E-002  6.520087654563092E+004
    847  2.565827925934779E-001  5.847701328928665E+005
    848  5.295315819163289E-001  1.132475359012916E+006
    849  8.586218362487241E-002  5.694289529359752E+004
    850  5.231122033499622E-002  2.131461242934839E+003
    851  1.359495806679576E-001  2.888371532469570E+005
    852  8.709449211438204E-002  5.884466385941894E+004
    853  8.225411024434350E-002  9.761785153573046E+004
    854  1.680126064186198E-001  3.318014180784661E+005
    855  1.466479587824932E-001  3.605575887146420E+005
    856  5.351534136937563E-002  5.287642011231666E+003
    857  5.408226238787754E-002  6.303919374901722E+003
    858  1.212565844302270E-001  2.665384842307859E+005
    859  7.126145699346823E-002  3.431931734777710E+004
    860  8.775054788570218E-002  1.301332916726920E+005
    861  5.326944753309326E-002  5.757437648210044E+003
    862  9.483466246393338E-002  7.344771655722470E+004
    863  8.956546318975211E-002  1.175344319223056E+005
    864  5.120998389831671E-002  1.902598397780578E+003
    865  1.023589316845758E-001  1.481473863595185E+005
    866  2.145015391349288E-001  6.439210684671875E+005
    867  5.483561145097130E-002  8.781277706947480E+003
    868  1.485624398813403E-001  3.081187250397304E+005
    869  5.115695691922679E-002  3.334434889313988E+003
    870  5.128455109280916E-001  1.878193777999486E+006
    871  1.311037097359644E-001  2.608006806032078E+005
    872  4.903798243331291E-002  5.086781515278361E+002
    873  1.776125832416122E-001  2.958020877503385E+005
    874  5.117267637294855E-002  4.428329619250713E+003
    875  4.825938743119123E-001  8.673315437424681E+005
    876  5.679982110706941E-002  1.376977069913260E+004
    877  2.715734257009386E-001  6.387085424052835E+005
    878  5.864100927123447E-002  1.668464575596611E+004
    879  1.067495144741088E-001  1.038854150875776E+005
    880  1.818578310426300E-001  2.426414954630127E+005
    881  4.799596082475750E-002  2.306181466304799E+002
    882  5.609476059852445E-002  1.357556644649396E+004
    883  7.178187614013352E-002  6.064630775268548E+004
    884  8.565559570956559E-002  1.225608298798248E+005
    885  4.765994678759074E-002  5.390300844497788E+001
    886  1.884127121014127E-001  4.673293524886882E+005
    887  1.298227176640661E-001  3.314194320922852E+005
    888  5.853164306992175E-002  1.823340040250371E+004
    889  4.699036738129882E-002  4.797282957887643E+002
    890  3.107225932545572E-001  8.208301883670315E+005
    891  4.709912761413618E-002  1.484732083020131E+003
    892  2.714085420504240E-001  5.256483101805652E+005
    893  8.028953509184736E-002  5.580574099078307E+004
    894  1.473106193380177E-001  1.711768602881954E+005
    895  2.480998741913356E-001  6.301296564672729E+005
    896  1.646868512274154E-001  2.060441440041416E+005
    897  7.533896904327140E-001  1.513359602321098E+006
    898  4.887950770756755E-001  1.095272690750391E+006
    899  2.677826293675034E-001  3.664198649288645E+005
    900  5.188493671732373E-002  1.225417069427482E+004
    901  6.663393273334393E-002  3.716139743046455E+004
    902  2.330817889876031E-001  6.614490102321946E+005
    903  3.302469006628203E-001  5.033701752088389E+005
    904  4.559141792574653E-002  3.853680560795121E+003
    905  5.970517964824732E-001  1.371316273652503E+006
    906  4.756813073369957E-002  7.960486488579400E+003
    907  2.612052749031121E-001  6.138805874032683E+005
    908  6.909119671923886E-002  4.331022361793229E+004
    909  2.038391630328830E-001  5.104711885210768E+005
    910  1.572191380446930E-001  1.882311579036107E+005
    911  7.701484407289125E-001  1.986994343545875E+006
    912  4.857975037578981E-002  1.064079835173496E+004
    913  6.265787973159714E-002  4.528540804990019E+004
    914  4.349026322435465E-002  2.471509753278960E+003
    915  8.399410956196993E-002  6.946289738810359E+004
    916  9.711450443833376E-002  1.652399042995799E+005
    917  1.713295993417757E-001  3.454974295818265E+005
    918  2.334638695731025E-001  5.862683183485690E+005
    919  2.256785848434759E-001  3.948923720217401E+005
    920  5.905927250722273E-002  2.908299341866803E+004
    921  8.120774008501609E-002  9.520912658366015E+004
    922  9.892652826278048E-002  9.487063303675000E+004
    923  9.789549751023287E-002  9.323957806232314E+004
    924  2.201446584188622E-001  6.994350241286721E+005
    925  5.317927943658973E-002  1.942325397970543E+004
    926  1.072809209413586E+000  1.949783648185671E+006
    927  1.066206514170894E-001  1.070402348815570E+005
    928  4.964763536326761E-001  1.473157546081658E+006
    929  4.030495140473832E-001  1.381775074436801E+006
    930  4.594139563672370E-001  1.586562156211662E+006
    931  6.502700258723917E-002  4.053761673703054E+004
    932  1.186362173489856E-001  2.017778925404076E+005
    933  6.059517084296924E-002  3.295457241648695E+004
    934  1.540758418820105E-001  4.962894088776324E+005
    935  5.154366836688473E-002  1.803553371248255E+004
    936  4.925177035659727E-002  1.810248651924257E+004
    937  6.004614075104183E-001  1.611839704119397E+006
    938  1.513395181567478E-001  2.774645607594543E+005
    939  5.869531463782707E-002  3.022162810646694E+004
    940  1.947624775751683E-001  3.519667346091252E+005
    941  4.526242903209887E-002  8.427653050487696E+003
    942  8.676290108872244E-002  1.937492941650998E+005
    943  7.980266386226252E-002  1.088349877285352E+005
    944  1.963474056310623E-001  3.685289355104913E+005
    945  1.417220654278391E-001  2.846782761704827E+005
    946  4.324134301775062E-002  5.222899810233734E+003
    947  2.105538827330688E-001  7.142546507175580E+005
    948  1.816327885670803E-001  3.096045530424134E+005
    949  7.259459006129217E-002  5.381240392072437E+004
    950  1.804370364840138E-001  2.852688206335884E+005
    951  5.711253871404021E-002  2.885332506303581E+004
    952  2.963935112931051E-001  7.440151710455293E+005
    953  6.155967471356721E-002  3.555959494681554E+004
    954  2.251172630837118E-001  5.405983327694024E+005
    955  8.400867358631418E-002  1.777316514986080E+005
    956  4.025310492316642E-002  2.050263729787433E+003
    957  5.788096323943201E-002  3.025417849033273E+004
    958  1.005352348867318E-001  1.806184307139561E+005
    959  4.512442563957247E-002  9.157633704548363E+003
    960  9.795327416711753E-002  1.669368969032665E+005
    961  5.448040218627617E-002  2.460082520040305E+004
    962  1.741440005234140E-001  3.201923567920941E+005
    963  9.747915371625812E-002  9.571761820967769E+004
    964  1.585338838147004E-001  3.693234252245591E+005
    965  3.989123657937478E-002  1.052186220899985E+003
    966  2.355916464252328E-001  7.431640026251371E+005
    967  2.270111331275868E-001  3.953849528549316E+005
    968  1.555005368238439E-001  3.083825502177009E+005
    969  4.133121825502977E-002  3.751663459104691E+003
    970  5.369376164437897E-001  9.742779478777045E+005
    971  4.133179016499604E-002  3.907350772239013E+003
    972  1.071310288055436E-001  2.113389669433587E+005
    973  7.682507741377871E-001  1.612585287259317E+006
    974  4.498848975677582E-002  9.859698278965190E+003
    975  1.109410577233493E-001  1.633864687991758E+005
    976  1.120815204307773E-001  2.274472672135228E+005
    977  1.231065672748150E-001  1.567962969220282E+005
    978  5.683676102610113E-002  3.064357982481703E+004
    979  3.120053589247805E-001  5.562547402442405E+005
    980  4.768956244899946E-002  1.522870108512507E+004
    981  1.780394465784591E-001  3.482326216285411E+005
    982  6.754028874520203E-002  4.766491894299758E+004
    983  1.322757442416523E-001  2.438403752447932E+005
    984  9.955465540462238E-002  2.027008517376888E+005
    985  6.054899903807407E-002  3.657409854622215E+004
    986  7.888690591009910E-002  1.308632873885012E+005
    987  5.240304755562720E-002  2.283749544481894E+004
    988  6.110310809602877E-002  8.555946461730447E+004
    989  1.421633459469230E-001  3.930685207091908E+005
    990  6.846685011493012E-002  4.970252069343984E+004
    991  3.346949504769836E-001  1.076194298615864E+006
    992  5.220494785849968E-001  1.003484864968702E+006
    993  4.290906081885213E-002  8.342035315832682E+003
    994  8.659260733654323E-002  7.978973257637520E+004
    995  7.211211877630778E-001  1.150083830522475E+006
    996  3.927781898016480E-002  2.716250097814978E+003
    997  2.547774589219484E-001  7.479124397088884E+005
    998  1.127871409377591E+000  2.344106597963285E+006
    999  3.849904553657749E-002  1.884068178234397E+003
   1000  2.613901630872423E-001  9.119507336576725E+005
   1001  8.712179887816172E-001  2.131795656020997E+006
   1002  6.515551244966299E-002  4.853322495148880E+004
   1003  4.802469795979722E-002  1.715449716505593E+004
   1004  9.720531125937919E-002  9.732125879496797E+004
   1005  1.937127854091199E-001  4.971910967210204E+005
   1006  6.211345779151589E-001  1.834150011096322E+006
   1007  3.826938800717624E-002  2.886508606136655E+003
   1008  4.514720968847633E-001  1.061155924848289E+006
   1009  4.623593225636930E-001  1.128520902318538E+006
   1010  6.390714688567886E-002  4.415928663500403E+004
   1011  3.793778173494156E-001  7.292912552119530E+005
   1012  4.918885460123177E-002  1.948585751094798E+004
   1013  1.329546908756125E-001  2.744219656675677E+005
   1014  2.828802329679700E-001  4.943130866461455E+005
   1015  3.758006214621004E-002  1.002810407645117E+003
   1016  3.183391245489645E-001  6.968401476202575E+005
   1017  7.341344159902427E-002  5.871011575981178E+004
   1018  3.639827810784989E-001  7.904094321255045E+005
   1019  3.721616751221837E-002  2.700399866484709E+002
   1020  2.303836354141192E-001  5.772633222754737E+005
   1021  1.039610124393244E-001  1.957511996542806E+005
   1022  1.781034426182309E-001  4.487802850539847E+005
   1023  4.724178217087302E-002  1.675274892965341E+004
   1024  6.528500485854432E-001  1.825897227383934E+006
   1025  5.148311534142892E-002  2.434984307970895E+004
   1026  6.171091654351319E-001  1.352142540400307E+006
   1027  6.330255056382089E-001  1.483250508111380E+006
   1028  1.002821155537327E-001  1.052069665160371E+005
   1029  3.188925900263247E+000  5.395929369264800E+006
   1030  3.698433159745682E-002  8.723741970082974E+002
   1031  3.938376965011698E-001  1.145501130634558E+006
   1032  6.334976543265118E-001  1.250670771338199E+006
   1033  2.856277867047210E+000  4.641331894750849E+006
   1034  2.868085207336181E-001  5.549785948057810E+005
   1035  7.244554557043095E-002  5.848919766135455E+004
   1036  3.831830303047623E+000  6.412532687504232E+006
   1037  4.016957612122260E-002  6.335965966637165E+003
   1038  2.417380686382306E+001  3.865550607694908E+007
   1039  1.326795560574765E+001  2.245783185386081E+007
   1040  1.090276837440811E-001  1.228509882340579E+005
   1041  2.305871220812309E+001  3.746214837429053E+007
   1042  1.243308956619136E+000  3.235381193163916E+006
   1043  7.804750424443344E-002  6.757295482442946E+004
   1044  1.376074051487752E+000  4.765863314730733E+006
   1045  1.000672541572440E+000  2.913688446497634E+006
   1046  1.685390612699998E-001  2.176897414559629E+005
   1047  3.588249889669403E+001  5.698626120185050E+007
   1048  1.647264636053628E+001  3.196363308672815E+007
   1049  4.894336281999154E-002  2.270518277118078E+004
   1050  1.761869368744947E+000  3.913854144978394E+006
   1051  7.853584036238778E-002  6.848234832334590E+004
   1052  1.107128281487535E+001  2.106007752470128E+007
   1053  4.416278001838850E+000  8.700536222425932E+006
   1054  5.682349336698145E-002  3.736309413422927E+004
   1055  1.461833662521774E+000  3.062493587793821E+006
   1056  4.774233219717353E-002  4.140185815778010E+004
   1057  1.944200104571458E+000  4.779171303758609E+006
   1058  5.228357939684605E+000  9.857024174595850E+006
   1059  3.720143490855132E-002  5.368709008285943E+003
   1060  6.617031278706577E+000  2.061793422625629E+007
   1061  3.130712202612985E+000  6.163912502099696E+006
   1062  2.881642985733897E+000  6.880336099558334E+006
   1063  1.441644477082820E-001  1.901146487284147E+005
   1064  1.215321361359100E+000  2.643603747054636E+006
   1065  7.366837778611648E-002  6.580098003479518E+004
   1066  1.090454541374740E+000  2.670634034221587E+006
   1067  3.881023188862032E+000  8.651874825738234E+006
   1068  1.178775605387493E-001  1.382456630345045E+005
   1069  2.031202737296742E+001  3.647730228240042E+007
   1070  5.954062434276130E+001  1.497348867779160E+008
   1071  3.060883008437019E+000  7.065587547374603E+006
   1072  4.242761236279677E+001  7.136536346379858E+007
   1073  4.047335996015129E-002  1.363701802728312E+004
   1074  1.117221102723281E+001  2.899681359224204E+007
   1075  5.935076057530862E+000  9.728707381034562E+006
   1076  2.239877701973420E-001  4.502520281759882E+005
   1077  7.382556106296655E-002  1.849424041548023E+005
