# dt =   1.000000000000000E-007
# j, New nj, Rate of change (1/s)
      1  3.355764342616581E+000  1.766047465199043E+006
      2  4.196695936251006E+001  7.466309741627103E+007
      3  5.470487548678659E+000  3.113149859137625E+006
      4  1.394607985519759E+001  1.166271454025851E+007
      5  3.116264672202233E+001  2.242502725541663E+007
      6  5.008182287137584E+000  2.379451135350494E+006
      7  2.921097301367086E+002  2.209263553526538E+008
      8  1.507759365484669E+002  1.125880315721009E+008
      9  3.332233370752860E+001  3.438927377064381E+007
     10  9.690689820688968E+001  6.515203524152058E+007
     11  1.669894018154636E+001  1.144121882587079E+007
     12  1.273754881830520E+001  1.154069832454642E+007
     13  2.108024794608697E+000  5.075230162207008E+005
     14  6.363443867372204E+000  4.594857993977635E+006
     15  1.985030421717291E+000  4.489883791083572E+005
     16  1.421338431088747E+001  1.964848257827736E+007
     17  1.074383203240434E+001  9.127277317004910E+006
     18  5.103080006432848E+001  3.786643477248051E+007
     19  1.914506434882479E+000  4.010686395354187E+005
     20  1.562727491271637E+001  1.052793724911181E+007
     21  3.473645736191230E+000  1.671328425754120E+006
     22  8.447663269889349E+000  7.075854388817984E+006
     23  1.502554058311153E+002  1.138443702819820E+008
     24  1.147374163909381E+002  8.650656230270070E+007
     25  1.728583294370290E+000  3.638957187841520E+005
     26  1.758161515362572E+000  5.576253668763350E+005
     27  1.006054029529287E+002  1.686038394832100E+008
     28  4.549006283621654E+000  3.490252547483004E+006
     29  2.912182601912312E+001  4.343122391431259E+007
     30  3.271447242998136E+000  1.489073150359561E+006
     31  2.822658046142705E+001  2.074098763524931E+007
     32  7.705077675459726E+000  8.213904447723888E+006
     33  7.611609130963839E+000  5.704224322026861E+006
     34  4.714704593735384E+000  2.646567236991058E+006
     35  3.403573998420413E+001  4.991291770774341E+007
     36  1.204042558071288E+001  7.707288714781395E+006
     37  1.751843305794061E+001  2.204792637000573E+007
     38  1.074036902916138E+002  8.386574774057823E+007
     39  7.681758444501609E+000  8.887064953277424E+006
     40  1.637634743031573E+001  2.267037981795211E+007
     41  1.266688391550069E+001  1.467583443541190E+007
     42  8.923375910648806E+000  7.763745217547891E+006
     43  5.414005185633099E+000  3.761910838706944E+006
     44  1.459739992672908E+001  2.118417850153517E+007
     45  4.684741168598273E+000  6.780430714742360E+006
     46  6.076295390491158E+000  4.125184415599972E+006
     47  1.136243372613436E+000  2.612079912316736E+004
     48  1.336181878711240E+001  1.048689974940045E+007
     49  4.283918876068651E+000  2.788528462648571E+006
     50  2.149102403718183E+000  1.197996564931369E+006
     51  8.781684491868720E+000  1.524516630521621E+007
     52  2.017741262248506E+000  1.502434417172380E+006
     53  3.753367224291170E+000  2.020564473166876E+006
     54  2.494749756604839E+001  1.965579639912060E+007
     55  3.904312037514422E+001  3.258627666817968E+007
     56  1.143924163961531E+000  6.028321951757884E+004
     57  2.985889073686540E+001  2.298092378923875E+007
     58  3.627896621913159E+001  2.737796989940158E+007
     59  1.383490469088708E+000  2.705498912680139E+005
     60  6.009216955751025E+001  5.857573075725994E+007
     61  2.902166792044530E+000  1.278004646769516E+006
     62  2.837674637766228E+000  1.656790887636152E+006
     63  1.705837446410436E+000  8.352792735188779E+005
     64  5.675941458789462E+001  4.427209130195829E+007
     65  5.138123928227694E+002  4.263110808979554E+008
     66  8.893390817225006E+000  6.262849276125749E+006
     67  6.842354573724803E+001  5.452388228892651E+007
     68  2.535082649788173E+000  1.260631769013171E+006
     69  3.620822516639177E+000  2.950873999017935E+006
     70  9.726219450008801E+001  8.852994919073318E+007
     71  1.487033600407539E+002  1.180729154267157E+008
     72  3.164314693923725E+000  1.454936254923406E+006
     73  1.073456347629819E+001  1.807056672086255E+007
     74  6.881000727394712E+000  5.114074614926762E+006
     75  1.951831029999493E+000  7.246114054036940E+005
     76  2.067346991414584E+000  8.969255933004260E+005
     77  3.543020784979522E+000  2.012070320741596E+006
     78  3.872254089258898E+000  2.327438657505014E+006
     79  5.437078747648236E+000  7.576852449091438E+006
     80  2.484582598887718E+001  4.440202917652495E+007
     81  3.635727747487007E+000  2.932262903239228E+006
     82  4.048173454034089E+000  4.911442989027335E+006
     83  1.996316379194703E+000  1.334264105514564E+006
     84  2.273616264650810E+000  1.020758423214972E+006
     85  1.883732947503701E+001  1.305297256790204E+007
     86  4.478314371224879E+001  7.684540718661450E+007
     87  1.337020821058591E+000  6.261546397733894E+005
     88  1.618118240572443E+000  5.822224677392174E+005
     89  6.999473055485590E+000  6.676300741755027E+006
     90  5.308912440943394E+001  9.977117362288569E+007
     91  1.492843364440286E+001  2.423688661926055E+007
     92  1.256792762110688E+001  1.460648411223010E+007
     93  2.732868049028423E+000  3.317601328167768E+006
     94  1.024413024751352E+001  1.761803566947656E+007
     95  1.217952307812077E+001  8.325448626023721E+006
     96  3.612621078924288E+000  2.056157671808943E+006
     97  8.965370058626108E+000  9.280103761170473E+006
     98  7.715649516183197E+000  1.306825028265035E+007
     99  1.372315741283211E+000  6.873386588539056E+005
    100  1.539726637475289E+001  2.264885427978554E+007
    101  6.248454108990007E+000  4.521576062148646E+006
    102  5.813947640575621E+000  9.033967330559054E+006
    103  7.662089864291991E+001  1.182426069632549E+008
    104  2.393262048116375E+000  1.228990031953354E+006
    105  7.072110965362921E+000  9.034211757886386E+006
    106  6.897157205310671E+000  4.591571105986775E+006
    107  1.483558361984684E+000  4.711582965546031E+005
    108  2.377411500867679E+001  1.734887203727186E+007
    109  4.293757372005634E+000  2.680660374752597E+006
    110  7.015263143929370E+000  1.014666169102934E+007
    111  7.316102710763560E+000  5.132491142080825E+006
    112  3.017670998059079E+000  2.372184568250874E+006
    113  2.821023870847111E+000  2.958645398689984E+006
    114  6.358312993178149E+001  4.690813376210897E+007
    115  7.750345864680686E+000  1.164450352830066E+007
    116  3.746876184311871E+000  2.376061877136179E+006
    117  6.369246773659570E+000  6.809149509697910E+006
    118  1.788205104707417E+000  8.792481586419601E+005
    119  2.252443804648812E+000  1.677631541453159E+006
    120  6.828455793416770E+000  1.054289013450083E+007
    121  3.798198714875113E+000  2.215940265034395E+006
    122  1.038393530154047E+000  1.146407193338282E+005
    123  1.655516982361466E+000  6.480661270902927E+005
    124  9.353828699800809E-001  4.144359386347410E+004
    125  7.565877279836394E+000  9.135124871133598E+006
    126  3.569657511561330E+000  4.953220458297424E+006
    127  1.675375738659061E+000  1.363168511423842E+006
    128  2.949037252371437E+000  4.198697403186562E+006
    129  9.263020482380662E-001  4.519720951478968E+004
    130  1.315679824985159E+000  8.190577077938489E+005
    131  7.931883673333672E+000  5.224004185362552E+006
    132  1.647909977099840E+000  8.191481294450155E+005
    133  6.911420459989965E+000  4.413197188366870E+006
    134  5.406716044710205E+000  3.298022631541745E+006
    135  2.129742497799827E+000  2.381345332381599E+006
    136  2.669521733424040E+000  2.564357785252995E+006
    137  3.365532970224566E+000  2.216640560515271E+006
    138  5.073427769446210E+000  3.543723854086823E+006
    139  2.425518587550283E+000  2.706090699641328E+006
    140  2.191361833693613E+000  2.096891609110748E+006
    141  1.834598248089603E+000  1.071593101002189E+006
    142  1.799477287345028E+001  1.333390281039878E+007
    143  6.194475864817970E+000  4.575876425004474E+006
    144  7.614398901100180E+000  8.291282915072777E+006
    145  2.439877173704429E+000  1.526205491303941E+006
    146  8.842487693637027E-001  2.646856086690632E+004
    147  1.609280135136774E+000  5.639066533016752E+005
    148  2.517427831491818E+000  1.818185028632553E+006
    149  5.970628582249716E+000  7.648843475072959E+006
    150  3.713636484769378E+000  2.039158844941122E+006
    151  2.786498247177308E+001  4.167744320028041E+007
    152  2.097016037221716E+001  2.341738144929964E+007
    153  5.533563645770067E+000  3.562251012756674E+006
    154  8.812358118089402E+001  1.616593519938343E+008
    155  4.399424529569963E+000  6.688830491307494E+006
    156  3.515144823028803E+000  2.180645254435123E+006
    157  1.174403070857140E+001  9.040393630615851E+006
    158  7.419586724846384E+000  5.164125402431145E+006
    159  1.394845700435177E+000  9.969042383418898E+005
    160  1.216940102178736E+001  1.102106547956885E+007
    161  8.274730909132201E+000  6.090933752238977E+006
    162  1.331263175017790E+000  3.702481890768146E+005
    163  3.389392438415489E+001  5.877728302484068E+007
    164  6.124209398830438E+001  8.644060672334333E+007
    165  4.397857499109231E+001  7.101099952568941E+007
    166  9.089905506193027E+000  8.783121781458374E+006
    167  1.921049471419475E+000  9.480618489411455E+005
    168  2.433942435863168E+000  1.425747931972672E+006
    169  7.719475806217297E+000  5.623047392771368E+006
    170  1.313306638702554E+000  4.485532900903695E+005
    171  1.751560180860512E+000  7.704505303715185E+005
    172  7.392940734786301E+000  7.088406094359428E+006
    173  5.876386868749309E+000  5.155330541551444E+006
    174  3.970693798112293E+000  2.480930238570079E+006
    175  1.009141281260097E+000  2.164400980415892E+005
    176  2.175901948418093E+000  1.057117091131609E+006
    177  3.804628672280987E+000  3.941414005830245E+006
    178  7.675404701800020E-001  4.667595304964381E+003
    179  1.169560874668061E+000  2.963788066426291E+005
    180  9.073834951245640E+000  6.020443953138006E+006
    181  1.118558616953594E+000  3.172328918505798E+005
    182  1.055506844698888E+001  1.418792190490218E+007
    183  8.464497999968311E+000  6.062718342734580E+006
    184  4.574351364774410E+000  2.849807751748767E+006
    185  1.775944370347120E+001  1.807916759004515E+007
    186  8.799292302686409E+000  1.358019980123539E+007
    187  1.662347611024795E+000  7.111835597997294E+005
    188  3.327709101006919E+001  2.758280626710419E+007
    189  1.411578582919070E+000  6.967414836916984E+005
    190  5.783345735700430E+000  5.950270768361054E+006
    191  4.224607778647748E+000  2.617499179623084E+006
    192  3.434806623131298E+000  3.508853477580064E+006
    193  8.336700888613729E+000  1.133770089546528E+007
    194  1.560047313823546E+000  1.499955804331212E+006
    195  8.338114962380661E+000  6.875994832592170E+006
    196  6.269791955782019E+000  4.123895708275585E+006
    197  3.437807316738533E+000  3.980487212816819E+006
    198  1.961463227798667E+001  2.292357254189131E+007
    199  1.763677413840709E+001  1.402887498469512E+007
    200  7.842564083370579E-001  5.910332081043170E+004
    201  3.200126419267627E+000  2.309341560690906E+006
    202  6.456965972075884E+000  4.301546934229718E+006
    203  1.275199994473480E+000  7.831542669796655E+005
    204  2.311722904623373E+000  2.444448811536218E+006
    205  4.894176127897775E+000  3.621579349640748E+006
    206  3.481449258393842E+000  2.699348398656262E+006
    207  1.212746396831183E+001  8.687174781293109E+006
    208  2.924795873663385E+000  1.723635978863696E+006
    209  1.438681084366003E+000  9.119721178900441E+005
    210  2.051243113335699E+000  2.793559248533760E+006
    211  1.346173431567542E+000  1.116909667585065E+006
    212  7.827363991233141E+000  5.283568103371988E+006
    213  2.167545600612548E+000  2.086252450724547E+006
    214  2.184225477157088E+000  1.141676045599404E+006
    215  1.717795641123395E+000  1.286492260136006E+006
    216  1.102430409762200E+000  3.245373084598278E+005
    217  2.942664598274341E+000  2.643848385315788E+006
    218  5.064492289651391E+000  3.146639448186859E+006
    219  1.015919330248783E+000  3.667459217791252E+005
    220  1.169524743395423E+000  3.349407876979706E+005
    221  5.338390439271770E+000  3.660166363232594E+006
    222  2.860172290558611E+000  2.878259859119853E+006
    223  1.327422101696858E+001  1.039017464254663E+007
    224  8.186959982460992E-001  8.865897787942887E+004
    225  8.542593489645823E-001  1.127632415301465E+005
    226  2.989122178957891E+000  2.889038573307207E+006
    227  8.266595027117777E-001  1.136440784533878E+005
    228  7.601127227577611E-001  4.590152697790949E+004
    229  1.845469356400242E+001  1.349209021046853E+007
    230  7.372932900054409E+000  1.016726731632114E+007
    231  3.114790989131065E+000  1.726966227384268E+006
    232  1.015347033942748E+001  1.598875720075718E+007
    233  7.920538830398739E+000  7.977426758671428E+006
    234  1.580419691936996E+000  6.912522137905274E+005
    235  7.560692231657108E-001  7.582483960650665E+004
    236  1.036335695018977E+001  1.119988813792264E+007
    237  3.304171559957468E+000  1.890620448604922E+006
    238  5.663865919624635E+000  4.891523699628599E+006
    239  3.197772510745938E+000  2.280542100033088E+006
    240  5.035619068101640E+000  4.441690927760400E+006
    241  8.739993930287437E+000  7.956922917288718E+006
    242  1.838991416955851E+000  8.736030334167125E+005
    243  8.744696824145425E-001  2.186240835346802E+005
    244  1.559520530860171E+000  1.392734842857790E+006
    245  1.269106282836128E+001  1.279783558471981E+007
    246  5.109193038938308E+000  3.463993094561970E+006
    247  2.477485010045127E+000  2.277291113410587E+006
    248  3.831500350202136E+001  5.100638737811483E+007
    249  7.089570117926613E+000  9.652481642001798E+006
    250  9.285295913700595E-001  2.302093772650605E+005
    251  8.558499187957931E+000  7.711485880645846E+006
    252  7.719505182791881E-001  9.580187994403615E+004
    253  2.716705317675168E+001  2.322273234416263E+007
    254  1.494721569222588E+001  1.169508242671041E+007
    255  1.571858953596359E+001  1.151742034785734E+007
    256  3.051930197954742E+000  3.135313454621484E+006
    257  1.304919052552854E+000  5.500026038174806E+005
    258  1.262302215710930E+001  2.140346204695992E+007
    259  4.999021086647262E+000  4.974706155143511E+006
    260  1.284351774638119E+000  4.775730308118521E+005
    261  1.936842731149805E+000  1.077922739089486E+006
    262  1.665576847908376E+000  1.285516641509835E+006
    263  6.493083779291798E-001  2.360441649922490E+004
    264  4.182813882033233E+000  5.827311850977336E+006
    265  6.995772353682024E-001  1.303613464678812E+005
    266  1.154377429676969E+000  7.769257650282140E+005
    267  9.685016237421701E-001  4.173817713663946E+005
    268  6.697070395499173E-001  4.686656755174161E+004
    269  9.399260332292537E-001  2.428414430535793E+005
    270  1.269804178117025E+000  8.226637413215101E+005
    271  8.813691637075423E-001  2.312986573564938E+005
    272  4.718206744888730E+000  7.318433401077144E+006
    273  1.426498387335647E+000  1.475530396721575E+006
    274  3.432440367283478E+000  5.007575768322215E+006
    275  3.356885132109522E+000  2.047677693089548E+006
    276  1.273616982828966E+000  9.369921997594261E+005
    277  8.466408440821064E-001  2.346315785134045E+005
    278  1.257348461302642E+000  6.312815406179804E+005
    279  3.745516245152130E+000  4.083240887613203E+006
    280  3.018748488830253E+000  4.773029993002116E+006
    281  3.876751743482677E+000  3.248143282080049E+006
    282  7.979485623832850E+000  5.549985835626428E+006
    283  2.411692325311070E+000  2.668750066074751E+006
    284  8.387167006184784E-001  1.806858458792580E+005
    285  1.698407312870464E+000  2.100877395187142E+006
    286  6.481090050243311E-001  6.002344346954687E+004
    287  8.883091012562103E-001  4.303652810108642E+005
    288  4.721968483448732E+000  4.871062433522700E+006
    289  4.258479973124485E+000  3.787261579629863E+006
    290  8.386375103734022E+000  1.345314325050976E+007
    291  1.376105207860854E+001  2.512594841821767E+007
    292  1.540707385094942E+000  1.047733862697666E+006
    293  2.426597553080039E+001  4.147349930475177E+007
    294  8.222654216146369E+000  8.745822995414210E+006
    295  6.595417089622912E+000  4.475214805381958E+006
    296  1.848812041196222E+001  2.039168259728107E+007
    297  3.017938004950805E+001  3.376415765485434E+007
    298  2.695356392463301E+001  4.143039119698608E+007
    299  5.980671388594978E+000  7.235747897872232E+006
    300  3.006557629974073E+001  3.296509920697279E+007
    301  3.854580765730241E+001  2.975730805224882E+007
    302  2.695163319792616E+000  3.196154768327311E+006
    303  4.344468872489133E+000  3.654708788708583E+006
    304  2.571294146052441E+000  1.458992278751116E+006
    305  1.690217852046811E+000  8.466522668227724E+005
    306  5.185078293054042E+000  7.586020598134954E+006
    307  1.779422035101584E+000  8.800908889133120E+005
    308  1.363435267699459E+001  2.169312686349648E+007
    309  2.578504842383045E+000  1.740086716383675E+006
    310  4.416291547372701E+000  6.241427177470156E+006
    311  1.462730532364495E+000  6.477911679647827E+005
    312  2.679735726156256E+000  1.677173619381085E+006
    313  8.556715379243631E-001  2.223487287341592E+005
    314  1.935073571537464E+000  1.007554887309798E+006
    315  8.369466607974729E-001  2.185815176527569E+005
    316  8.969971154732691E-001  3.735637905392190E+005
    317  2.085908031705198E+000  1.122445760805452E+006
    318  6.933425293693238E+000  1.015909244499758E+007
    319  1.389734728762248E+000  7.932993639237471E+005
    320  5.083655143063715E+000  3.571812014199914E+006
    321  2.725601556997382E+000  1.841826074624119E+006
    322  1.565609352818216E+000  8.420865123378908E+005
    323  1.444609800637930E+000  6.370572961300218E+005
    324  2.348331826851048E+000  1.373548930107859E+006
    325  6.023715519446912E+000  3.895774054020901E+006
    326  2.750916736953698E+000  3.757045276087095E+006
    327  3.538141456715782E+000  2.154208545806062E+006
    328  7.012814406241951E-001  1.236023956486890E+005
    329  1.234034232932649E+001  1.025558134350307E+007
    330  2.222633982075095E+001  1.646703901777490E+007
    331  6.387303230856887E+000  4.411041478939868E+006
    332  1.171873313374852E+000  8.784099628256025E+005
    333  3.820213228564131E+000  4.340563169950060E+006
    334  2.050618810935281E+000  1.086567525622637E+006
    335  8.583717474601581E+000  7.422850896338560E+006
    336  3.061506982806238E+000  1.934307555815330E+006
    337  1.432501107058615E+000  7.196374907908224E+005
    338  3.062721188255626E+000  1.958933578961048E+006
    339  1.280190156812466E+000  5.685415665387161E+005
    340  3.275555477122875E+000  3.738927151607495E+006
    341  1.295330035068272E+001  1.267920201805841E+007
    342  7.035353430031174E-001  1.483403354058736E+005
    343  3.734164545911244E+000  3.905173837626455E+006
    344  6.050340170386519E+000  7.761405361353488E+006
    345  8.029732512073380E-001  5.211809724459828E+005
    346  1.491445609741786E+001  2.454657258479700E+007
    347  1.324499306548120E+001  9.816692159015721E+006
    348  7.799736022381389E+000  5.771099466773048E+006
    349  1.504460117383074E+000  1.303665419494187E+006
    350  6.089227098535979E-001  1.063674408918477E+005
    351  2.196550172958197E+000  1.696302316447544E+006
    352  3.767055212355453E+000  2.516081580368405E+006
    353  6.249558029399559E-001  1.962413048172699E+005
    354  7.000741174566257E-001  1.665344263145181E+005
    355  1.974827088410118E+000  1.283062625584205E+006
    356  9.519396456228927E+000  1.128444949131116E+007
    357  4.175981681371947E+000  2.762620826466091E+006
    358  3.025887175258286E+001  3.431250724344159E+007
    359  2.049766728929696E+000  2.630134359180903E+006
    360  1.946359328279526E+000  1.120812343022604E+006
    361  1.292919682697747E+000  6.486673594044863E+005
    362  5.662702220046042E-001  7.919601903428407E+004
    363  4.690878092844110E-001  6.199938857875361E+003
    364  9.514190135265644E-001  9.291877660739059E+005
    365  1.593706307762962E+000  1.149445839070208E+006
    366  7.014059398640287E-001  1.858648038537477E+005
    367  1.428948817604670E+000  1.600494258602284E+006
    368  6.302473633311684E-001  1.273236000803272E+005
    369  6.912707867630906E-001  4.762483424242472E+005
    370  8.121570188725313E-001  2.709626555735629E+005
    371  5.371149598411059E-001  6.538076536845450E+004
    372  7.786646264749436E-001  4.974984572597921E+005
    373  5.188176726680541E-001  6.502455983817616E+004
    374  3.518488866351345E+000  4.294663561501968E+006
    375  6.261121572410016E-001  2.556587537900262E+005
    376  3.534513408958662E+000  6.005418621652664E+006
    377  1.435997554443641E+000  9.328706163055174E+005
    378  7.828902552564505E+000  9.044448506860210E+006
    379  8.689259884848132E+000  6.915498899157492E+006
    380  4.966711950783574E+000  6.067010903757376E+006
    381  3.152627067273209E+000  3.240196338655183E+006
    382  2.505482079484462E+000  1.612521492333264E+006
    383  3.470455037791446E+000  5.001882412029912E+006
    384  7.491507234943248E+001  1.302543233975269E+008
    385  8.347960764208269E+000  6.084013543732584E+006
    386  5.632734433020892E+001  5.302550561960209E+007
    387  1.165287681529190E+001  1.412427404877852E+007
    388  4.168402288935779E-001  1.634238291090745E+004
    389  2.740947503538521E+000  1.771430165957773E+006
    390  2.168164343385077E+001  3.440955447989541E+007
    391  1.528527846665199E+001  2.349243693663114E+007
    392  2.271242838916560E+001  3.680065639841339E+007
    393  4.366953598043577E+001  5.757411822695487E+007
    394  1.964580078982989E+000  1.339008799725525E+006
    395  8.476538322512795E+000  1.237246354951252E+007
    396  2.414753153882282E+000  3.319519520907748E+006
    397  9.271850635157869E-001  9.107212488512500E+005
    398  1.576601875413219E+000  1.369514863060653E+006
    399  2.613507698234988E+000  4.205014291658861E+006
    400  1.203323160913966E+001  1.311074165573870E+007
    401  3.511606210602050E+000  2.354815868654646E+006
    402  1.112344712507038E+001  1.744856064417189E+007
    403  8.998976697721870E+000  6.969624112434872E+006
    404  1.797797037858787E+000  1.720383957204411E+006
    405  8.001683383239445E+000  8.438820694863314E+006
    406  3.495981138015544E-001  7.329738068429196E+003
    407  1.169610711148070E+001  2.034878949509778E+007
    408  3.845942878094833E-001  4.688274316778855E+004
    409  4.654627297270086E+000  5.422124179355349E+006
    410  5.975496170948690E-001  2.279805424167004E+005
    411  2.864523870157651E+000  2.754379167016966E+006
    412  3.680678463502007E-001  3.376644539558719E+004
    413  1.278520618915728E+001  1.070326311764203E+007
    414  1.290020172217277E+000  7.146823380811629E+005
    415  1.557620048273594E+001  1.257648097644806E+007
    416  7.223498946666210E-001  3.613714799719600E+005
    417  3.236309565498480E+000  2.651808933125290E+006
    418  5.165312067436079E+002  3.598388819999476E+008
    419  1.478752534295510E+001  2.170078062765518E+007
    420  8.491885427596387E-001  4.465038875179838E+005
    421  2.227465802876233E+000  2.300907854696490E+006
    422  4.304171851132536E+001  3.239675772358276E+007
    423  2.365911736715001E+001  2.127131003601241E+007
    424  4.355970520555700E-001  8.956548637091964E+004
    425  1.257405909302034E+002  8.902023791086379E+007
    426  2.020040585467192E+001  1.418491225543623E+007
    427  1.000861021319102E+001  1.875679151169763E+007
    428  3.610556040316977E-001  4.589120571617381E+004
    429  4.452354710552561E-001  1.089229779749764E+005
    430  7.510101876196697E+000  1.291865095045954E+007
    431  1.308367512760192E+001  1.076920819238820E+007
    432  5.199687208960446E-001  2.461079154703433E+005
    433  1.023856092783245E+000  9.273817425338202E+005
    434  6.353292800943937E+000  9.906750798492953E+006
    435  6.422465749464726E-001  2.461257572175684E+005
    436  2.095180953495084E+001  2.490763462972562E+007
    437  4.191802499404609E-001  1.725768821379472E+005
    438  2.337909237803699E+001  3.417834362896495E+007
    439  3.416553892912214E-001  1.872538755598378E+004
    440  4.064009247510187E+000  5.535316544486779E+006
    441  7.034201571176762E-001  2.889508891629199E+005
    442  1.444025749318273E+000  1.942061916945109E+006
    443  3.204373767033510E-001  5.857902402023639E+003
    444  1.996790554614486E+000  1.261649500705419E+006
    445  1.566613947379649E+001  1.192495152810283E+007
    446  3.942243753684761E+000  5.323481872523717E+006
    447  4.534463919791711E-001  1.158596163061909E+005
    448  1.582303411911804E+000  2.303732304195659E+006
    449  2.734050197918303E+000  1.959862463641097E+006
    450  4.546878231850376E+000  7.616725976111930E+006
    451  1.845790148503691E+000  1.350506511094000E+006
    452  6.491356546495927E+000  9.099121200066229E+006
    453  1.015409363122225E+001  1.854039614824008E+007
    454  8.166366582280018E+000  1.601059787976980E+007
    455  7.176849751732277E-001  4.822849753459389E+005
    456  3.797536263664828E+000  6.966525032215371E+006
    457  5.671300246168710E-001  1.971277288353113E+005
    458  3.909702528266173E+000  5.511003131337495E+006
    459  3.462626330025850E+000  4.170371068263222E+006
    460  2.342545631560649E+000  3.717485448741709E+006
    461  4.612500211662779E-001  1.262662484245294E+005
    462  1.056798396339776E+001  1.872024013756903E+007
    463  5.653343589901679E-001  2.028601296777682E+005
    464  6.836658710762941E+000  1.210258281330414E+007
    465  6.579297702012284E-001  2.799837254282975E+005
    466  3.840221965532466E+000  3.734055632141877E+006
    467  2.173622987941235E+000  2.559215070379243E+006
    468  2.642172052761302E+000  3.924091111989337E+006
    469  4.394514479571879E-001  1.124643637163834E+005
    470  7.278481410163837E-001  3.674241965593200E+005
    471  6.053207564227456E-001  2.454003079187500E+005
    472  5.382228995589770E+000  1.002249329459673E+007
    473  7.013558518494341E-001  5.243543789041474E+005
    474  1.281263183239867E+001  2.494778930357094E+007
    475  1.446692684505523E+000  1.818198426648215E+006
    476  4.763044190653629E-001  1.624901669026837E+005
    477  2.221726070710923E+000  3.203439701350919E+006
    478  8.926335619559327E-001  9.725165061965151E+005
    479  9.399411411939370E+000  1.442101169830656E+007
    480  2.081570350447039E+000  2.084119722225463E+006
    481  8.068445135318332E-001  4.006373934845057E+005
    482  1.908614979919789E+000  2.343885147298623E+006
    483  3.128633351149820E+000  4.754486395216419E+006
    484  5.941061997211229E-001  2.879004750913467E+005
    485  4.209893517504971E+000  5.704238535658505E+006
    486  1.602099806377139E+000  9.427669518442982E+005
    487  1.890933739234132E+000  3.257691136718236E+006
    488  3.952637443140003E-001  7.851005972606679E+004
    489  2.099568862676982E+000  2.670664886693190E+006
    490  2.910923512980502E-001  9.111788149271293E+003
    491  1.658046397605199E+000  2.199193913900593E+006
    492  8.338997115576454E+000  6.807330249427970E+006
    493  3.098007949455833E+000  2.116736008115845E+006
    494  2.105098300365765E+000  3.293202955692323E+006
    495  3.256979473370986E+000  3.418635940272778E+006
    496  3.335006359319654E-001  5.174736930176533E+004
    497  2.343014213557022E+000  3.440992186876057E+006
    498  1.355821795310701E+000  2.028599958364653E+006
    499  2.792044642710145E-001  3.905034581518059E+003
    500  1.905214403858608E+000  2.135509080401375E+006
    501  2.767560474192025E-001  2.751654142187799E+003
    502  1.353348660476726E+000  8.235515088523268E+005
    503  4.962171194923759E+000  7.386934533667664E+006
    504  4.973299004327606E+000  6.224658231430600E+006
    505  2.075196710177118E+000  3.290786254393287E+006
    506  3.553635777390532E-001  6.907650723648537E+004
    507  6.861123251698210E+000  1.251877652751900E+007
    508  4.023689725265491E-001  1.266595912867065E+005
    509  3.329191357267553E-001  7.853832566139229E+004
    510  3.737727513690262E+000  6.007367679257654E+006
    511  6.018564061453897E-001  3.294212917072910E+005
    512  4.673678756897362E+000  7.249180537871175E+006
    513  4.866963224840937E-001  2.988426321445147E+005
    514  1.763233574593002E+000  2.321079704875380E+006
    515  1.281484764386432E+000  9.206027579053211E+005
    516  1.047108060225093E+000  9.161489046240201E+005
    517  9.190558629321776E-001  1.047030602213924E+006
    518  2.570170310625455E+000  3.496047112131866E+006
    519  1.500454050830387E+000  2.194612953648983E+006
    520  2.886672707304631E-001  2.201088498614817E+004
    521  1.255739331786554E+000  7.511016684550522E+005
    522  5.028897393371374E-001  2.050796461150241E+005
    523  1.311538184736945E+000  1.747524447788978E+006
    524  2.509401220879752E+000  5.075311349565633E+006
    525  7.708855266247727E-001  7.024952293512583E+005
    526  7.531840023030050E-001  3.936246855656329E+005
    527  1.413803577640591E+000  2.452438261810789E+006
    528  1.085809876917742E+000  6.546425961388521E+005
    529  7.014819594019227E-001  3.442923662939204E+005
    530  3.732069870942456E+000  5.257928030919265E+006
    531  6.898002887711081E+000  8.834695471736571E+006
    532  1.546165266649328E+000  1.838968160322853E+006
    533  1.304756783357914E+000  1.878922180023764E+006
    534  1.005905717345369E+000  1.327705667593676E+006
    535  3.283017516746906E+001  5.209192903980344E+007
    536  1.727366902105991E+001  1.251207238481320E+007
    537  7.220615133436181E+001  1.348348250710053E+008
    538  1.939758273689200E+001  1.616189027846125E+007
    539  7.692322889258608E+001  1.056982543159970E+008
    540  5.647767937488019E+000  5.713426697718859E+006
    541  7.499316653379093E-001  1.054444951753490E+006
    542  1.109868196647653E+000  7.976144564994270E+005
    543  2.807023003508444E+000  2.827901177237272E+006
    544  5.852054690776696E+001  4.488795838978431E+007
    545  1.558997906929628E+000  2.266830282070052E+006
    546  8.550689509135252E+001  6.510660988665185E+007
    547  1.130153650315453E+003  8.652570496784338E+008
    548  2.735028533888645E+000  2.252448068626526E+006
    549  5.252628117887419E+001  3.943483513585254E+007
    550  6.413179382725792E+000  7.818630095703006E+006
    551  7.696962179415227E+001  5.606481220130072E+007
    552  9.467099413127089E+001  6.445452759093215E+007
    553  6.203195844427434E+000  5.385537067147966E+006
    554  4.063938398943652E+001  3.134916790326164E+007
    555  9.849562615192038E-001  8.053189948574029E+005
    556  3.756701329393168E-001  2.047903122869860E+005
    557  4.803150084295953E+000  4.898869044377073E+006
    558  5.671874815852498E-001  4.020586815149878E+005
    559  2.805533668606824E+000  4.023926241273001E+006
    560  2.629576291334591E+000  1.965621517045901E+006
    561  3.972539211938560E-001  3.329336816605245E+005
    562  6.193325095409101E-001  3.626271252458729E+005
    563  1.409771127170429E+002  1.226577369229411E+008
    564  4.911810634652436E+000  3.544132876059052E+006
    565  1.025206572089400E+000  8.067793952979958E+005
    566  2.188438456050589E+002  1.692683093430220E+008
    567  5.601107322054926E-001  3.865008344314796E+005
    568  3.241465721017732E+000  3.627707419687886E+006
    569  3.153759907269863E-001  1.949219014832970E+005
    570  1.852618318384125E+001  1.459943298101305E+007
    571  9.231815069436808E-001  6.542321594787543E+005
    572  3.274275218497731E+000  2.799767009288611E+006
    573  1.379954110759018E+000  1.019007780811133E+006
    574  1.690554363557719E-001  1.027277206980489E+005
    575  6.751018183919681E+000  6.783209825575699E+006
    576  5.494633274198407E+000  3.708514234610583E+006
    577  7.473549379004402E-001  5.291530601981460E+005
    578  4.828232897707385E-001  4.481016772029016E+005
    579  2.652578450151538E-001  1.685564985579557E+005
    580  3.289399186236065E+000  3.845106099701722E+006
    581  7.480211747746249E-002  4.735225449108053E+003
    582  1.848237534856311E+000  2.430234529037285E+006
    583  4.876343112147563E-001  3.170303172151584E+005
    584  7.641194710361834E-001  5.404583999492730E+005
    585  1.403302536167768E+000  1.689747526911866E+006
    586  2.472461086909702E-001  1.231095577437472E+005
    587  6.073860768208841E-001  9.437332009326535E+005
    588  8.381291241249809E+000  1.118437957533800E+007
    589  5.166773642112273E-001  3.314765936520498E+005
    590  1.548588297151038E-001  6.252867908262421E+004
    591  2.068870534601042E-001  1.023929133217530E+005
    592  2.939694650820744E+000  4.535377867844705E+006
    593  2.271954611829786E+000  3.229177524743557E+006
    594  6.073559207569347E-001  4.196167579808368E+005
    595  4.215994250028932E-001  2.587327624476365E+005
    596  4.395657326628902E-001  2.826523147471964E+005
    597  2.016587527320431E-001  2.122220030629760E+005
    598  8.308578758853193E-002  9.651205272874011E+003
    599  1.110127922938021E+000  1.887432416169964E+006
    600  3.090754118025116E-001  4.205681541017548E+005
    601  1.979905809382907E-001  1.089410281312640E+005
    602  2.233010849716754E+000  3.082425465855309E+006
    603  9.735109247799568E-002  2.894673447566469E+004
    604  2.290849471776285E+000  2.262521529201176E+006
    605  7.717440760075579E-001  5.394737212955449E+005
    606  8.207835572290537E-002  1.163047876876804E+004
    607  3.422119739125822E-001  3.469031941750539E+005
    608  2.695883991235412E-001  1.557303964713716E+005
    609  8.424964277760445E-001  1.066672500251812E+006
    610  4.549157715944036E-001  3.028997068549294E+005
    611  3.185421142510066E-001  3.010973928505526E+005
    612  7.456006458041378E-002  5.546319121527989E+003
    613  2.579207317709975E+000  3.111994789883228E+006
    614  1.098158287375894E-001  3.179891248167188E+004
    615  7.324601977065562E-001  1.044362706102315E+006
    616  5.175264529745377E-001  3.516238346523512E+005
    617  5.324356869644905E-001  7.509742609948115E+005
    618  1.341316411404029E+000  1.850155689869780E+006
    619  1.675631173837969E-001  7.904842929235734E+004
    620  6.865145269659995E-002  1.159863277811514E+003
    621  6.312181092766007E-001  7.372734492100906E+005
    622  3.934534802965017E-001  2.499891374497186E+005
    623  5.051836420168537E-001  6.808921676095334E+005
    624  4.362373157915743E-001  2.810904104149075E+005
    625  1.783069328216937E-001  8.199721727337247E+004
    626  2.032919352801818E-001  2.068158762169058E+005
    627  1.580625951669765E-001  6.843538100009311E+004
    628  8.485654938390436E-002  1.222362857533703E+004
    629  7.419020492646944E-002  6.731091853456627E+003
    630  2.253249404631819E-001  1.952628096268966E+005
    631  1.943517000531900E-001  1.619343994706729E+005
    632  8.422825277954853E-001  1.527243816720147E+006
    633  2.768831421266970E-001  1.552074442963489E+005
    634  2.080717168280547E-001  1.088306006443690E+005
    635  4.027328566433716E-001  3.752772527356938E+005
    636  5.237403327007052E-001  3.737562073213121E+005
    637  1.959687917925062E-001  2.165901079260480E+005
    638  7.976773223629133E-002  1.129336386724934E+004
    639  6.649676079930289E-001  7.880981408536091E+005
    640  1.396669772477929E-001  6.182431407210523E+004
    641  3.531014198526198E-001  2.204160252347771E+005
    642  1.569866086954368E-001  6.624138490320055E+004
    643  5.154143486914539E-001  6.186568600355699E+005
    644  1.238190650111313E-001  4.304065104085360E+004
    645  3.202884861743628E-001  3.274083009436960E+005
    646  2.267351112563486E-001  1.571419627071861E+005
    647  6.710369842299013E-002  6.774443029864906E+002
    648  1.449328309888641E-001  6.188634021993443E+004
    649  3.570084076242024E-001  4.598059197784371E+005
    650  2.297111805847448E-001  2.785382739134827E+005
    651  1.440340370550087E-001  6.032868898569355E+004
    652  6.660546792422284E-002  3.603698958758217E+002
    653  8.572300833577222E-002  1.666544405992676E+004
    654  6.823884867838547E-001  1.101869404864194E+006
    655  3.561197572771979E-001  4.860183285863514E+005
    656  3.823704310342904E-001  2.407029844377701E+005
    657  1.675680310483941E-001  7.895664028762575E+004
    658  9.187789603078342E-001  8.963728612604314E+005
    659  5.664199942229555E-001  8.179898287236945E+005
    660  1.524889265105703E-001  6.519927611521944E+004
    661  7.287031516948309E-001  1.155846612081140E+006
    662  9.029913963361291E-002  2.026077526895297E+004
    663  1.116837253193194E+000  1.704874341692516E+006
    664  1.154779380296882E-001  3.983991320159534E+004
    665  1.930726455752912E-001  9.677488800849106E+004
    666  8.101656688601960E-001  8.128990212053315E+005
    667  1.000088662898583E+000  9.899151059246283E+005
    668  1.237571085405471E-001  4.799860876855597E+004
    669  9.653731263541330E-001  1.496375205933342E+006
    670  3.024005232510644E-001  1.847710590913577E+005
    671  2.300852305538738E-001  2.779854353621437E+005
    672  5.327476656083363E-001  3.514560451977680E+005
    673  3.653970394593791E-001  3.082899246719070E+005
    674  5.561292591629630E-001  3.766791864076701E+005
    675  1.442872033565746E-001  1.037898169543119E+005
    676  2.564919242795751E-001  2.311252505118742E+005
    677  1.464901444855481E-001  6.155091551743304E+004
    678  9.423954578450824E-001  1.031734479035765E+006
    679  1.663280762640927E-001  8.018859269350850E+004
    680  2.044893195346027E+000  3.700832334156265E+006
    681  9.777644216923704E-001  1.339788309485595E+006
    682  3.359793820200769E-001  2.081962464109256E+005
    683  5.162152615389197E-001  8.806637195315260E+005
    684  3.152296364029057E-001  1.884813768710328E+005
    685  1.443804940546416E-001  6.477417544007372E+004
    686  8.054793938655171E-001  1.214125259658067E+006
    687  9.239335276748321E-001  1.648450808167033E+006
    688  1.035376709677093E-001  3.099766538711355E+004
    689  8.652762131400878E-001  1.120774530961170E+006
    690  7.057296321073360E-001  9.048245395343538E+005
    691  1.080231173223861E+000  1.833724798205625E+006
    692  7.250379046443665E-002  7.389748368788964E+003
    693  8.196267352243347E-002  1.734146073132288E+004
    694  1.963985855731822E+000  2.998304159118546E+006
    695  3.144863093348608E-001  1.958198418589982E+005
    696  1.322581464528753E-001  5.450052204960923E+004
    697  1.485183082518837E+000  2.116638702738706E+006
    698  3.462077269312873E+000  5.455256758611437E+006
    699  1.343633672612771E-001  5.632068949836572E+004
    700  7.732594163744074E-001  7.165510376867739E+005
    701  6.822546616615080E-002  4.190924234824110E+003
    702  4.330296889791418E-001  3.938629531538377E+005
    703  1.047635264192432E-001  3.174296298543991E+004
    704  6.737007770173364E-002  3.760194161923983E+003
    705  1.132185592795707E-001  3.714213691883553E+004
    706  6.213729534133372E-001  9.151018521051208E+005
    707  1.508509358332324E-001  6.723816833559405E+004
    708  1.505301480498429E+000  2.470755490037391E+006
    709  2.061142367059026E-001  1.159343480956308E+005
    710  1.295479759705793E+000  2.378368460334957E+006
    711  9.139494035744336E-002  2.457019250534966E+004
    712  1.678023330807231E+000  3.026099429002342E+006
    713  3.926315190014892E-001  2.510826965592413E+005
    714  1.167768212319942E-001  4.236784696498459E+004
    715  1.184623557631190E-001  4.463911221100326E+004
    716  1.134056331383892E+000  1.902943098868626E+006
    717  1.159583484757226E+000  1.772457573057038E+006
    718  6.371183881845117E-002  2.753571795540823E+003
    719  9.576819961415243E-001  1.286092795133054E+006
    720  7.141561305066420E-002  7.831788680627745E+003
    721  3.481503819830921E-001  4.057407177809360E+005
    722  1.168831180280075E-001  4.421757945368969E+004
    723  6.497944966263354E-002  5.355305378060638E+003
    724  4.457799555417816E-001  6.864908745912049E+005
    725  3.741721644953447E+000  6.967734403784036E+006
    726  7.624062354364795E-002  1.215105465172948E+004
    727  1.102036754667680E+000  1.957173429902321E+006
    728  8.951807920262614E-002  2.187151543237355E+004
    729  8.716813582459314E-002  1.948665856978820E+004
    730  6.857236369190328E-001  9.624284064442614E+005
    731  3.135450496904891E-001  4.141676572517066E+005
    732  1.568688272139265E-001  7.052390955641471E+004
    733  3.569164668593022E-001  4.742098433313146E+005
    734  6.306583976239820E-002  2.594015610018704E+003
    735  7.455039514682317E-002  1.374792569162683E+004
    736  6.585661513836513E-002  4.800481679942405E+003
    737  1.381225039989396E-001  1.238562171480613E+005
    738  3.723308241923209E-001  4.833421491346273E+005
    739  8.932305321098613E-002  2.868067995230348E+004
    740  6.398192437136443E-002  6.221198236381526E+003
    741  8.232475203503532E-001  1.555673142591997E+006
    742  7.749104130933712E-001  1.024885302425554E+006
    743  6.168536035915587E-002  1.541986225000506E+003
    744  1.953665292589052E-001  1.057757460319809E+005
    745  8.847986766821779E-001  1.444733414237757E+006
    746  3.524753557867353E-001  4.552606721762384E+005
    747  8.227015774959655E-002  1.838656583648803E+004
    748  1.936827705521247E-001  2.088636155176669E+005
    749  5.846139462967461E-001  9.014385067464559E+005
    750  7.096298032668012E-002  8.987705171534555E+003
    751  2.538046801095140E-001  3.329839566527114E+005
    752  6.256613620511098E-002  2.107621478833661E+003
    753  7.023990805363417E-002  8.828480971317627E+003
    754  1.209057576187555E-001  5.047245895076078E+004
    755  3.929281444369772E-001  4.706133257690668E+005
    756  4.559782794888085E-001  5.512189425041286E+005
    757  5.051652034744627E-001  4.715876533770136E+005
    758  1.160051139956783E-001  4.359845942854404E+004
    759  6.191019572873695E-002  2.448695351133518E+003
    760  3.313170715670608E-001  3.910542524722151E+005
    761  1.023669285038441E-001  3.243256357339265E+004
    762  6.472176852772088E-001  7.786716244239369E+005
    763  7.937359826945009E-001  9.967973501521455E+005
    764  1.023255450215448E-001  3.452891433613298E+004
    765  2.074640386397613E+000  3.714041783697833E+006
    766  8.427824172914626E-002  2.200181217640091E+004
    767  1.145176200150981E-001  4.314091250188614E+004
    768  2.191850954172071E+000  2.399055876314096E+006
    769  1.234870984930582E+000  1.935129656157041E+006
    770  1.322480204811486E-001  5.821628984367025E+004
    771  6.784375777801102E-001  8.621198658604608E+005
    772  1.556217611226482E+000  2.474620427723127E+006
    773  6.184285761962962E-002  3.884927597591339E+003
    774  1.016158975765443E+000  8.344985434923995E+005
    775  5.891159070721876E-002  2.605653187648606E+003
    776  8.377802253884603E-002  2.001617178073711E+004
    777  2.362128990902149E+000  4.471459016880299E+006
    778  2.082539309770993E+000  3.019344225062359E+006
    779  7.827382505762596E-002  1.718973141354584E+004
    780  4.713304664143589E-001  7.011023044417916E+005
    781  1.377378566255875E-001  6.298882654937248E+004
    782  1.773971523260756E-001  9.354770999969949E+004
    783  2.689700993203433E+000  4.508675695355631E+006
    784  1.476110633829739E+000  1.968447822121288E+006
    785  2.817015531971559E+000  5.015349980682950E+006
    786  1.122315457800811E-001  4.370391194525137E+004
    787  2.256014874107121E-001  1.340091888694940E+005
    788  6.888067500419742E-002  1.100131924208447E+004
    789  6.281364533275420E-001  9.788701779998471E+005
    790  1.869449768844871E-001  9.959622936024645E+004
    791  1.244718176455573E+000  2.214486925500898E+006
    792  9.727232832972613E-002  3.566865610039585E+004
    793  4.716916795519182E-001  6.289236452154031E+005
    794  1.343830878712692E-001  5.886607741963186E+004
    795  6.320765778902142E-001  1.047027752699320E+006
    796  2.772745129967009E-001  3.696815407676068E+005
    797  2.839519585277422E-001  3.266198511162914E+005
    798  6.334597396197281E-002  8.152180389819142E+003
    799  6.511793876329970E-001  1.062963105309241E+006
    800  2.393566137854171E-001  1.454294433014700E+005
    801  5.660814346694857E-002  1.968319282790458E+003
    802  8.539435056394795E-001  1.332056457896058E+006
    803  2.615963278135348E-001  3.843403660069159E+005
    804  1.578169477503419E-001  7.961360047377294E+004
    805  8.269175572413465E-002  2.335737735882138E+004
    806  5.844863494025338E-002  2.923683995106768E+003
    807  9.735771053830312E-001  1.132199849579933E+006
    808  3.273506931451677E-001  3.816155793386201E+005
    809  1.150327246500790E-001  4.691155402619603E+004
    810  1.165376765769338E+000  2.252947621033601E+006
    811  6.264326146457480E-002  7.448578586552781E+003
    812  3.709568346932056E-001  5.986836653049191E+005
    813  1.982365022069198E+000  3.983803862891862E+006
    814  6.194215251283609E-002  6.656677402532743E+003
    815  1.584504309141350E-001  8.749762000873778E+004
    816  1.825065414714016E+000  3.665932608766743E+006
    817  8.047897481777206E-001  1.508913753531133E+006
    818  7.598960433395903E-002  1.801838966429514E+004
    819  6.040105227232420E-002  6.953620299620817E+003
    820  4.273574489856726E-001  5.657665910884999E+005
    821  6.058511720172766E-001  7.842564775916947E+005
    822  3.363478934129814E-001  4.805479028508319E+005
    823  5.397715596179774E-002  9.353107595368479E+002
    824  3.966740069536840E-001  5.743676675799963E+005
    825  4.941114801402852E-001  8.442264757913746E+005
    826  8.093630068498701E-001  1.347153689192720E+006
    827  3.132910186335492E-001  3.774460021409727E+005
    828  9.054730485595008E-002  3.056740671698755E+004
    829  2.225590175427882E-001  2.646723569552600E+005
    830  6.639645123315013E-002  1.294296357143809E+004
    831  4.107304218446740E-001  4.203050181360172E+005
    832  4.271180950812070E-001  4.689904695697461E+005
    833  5.440482536277639E-002  1.439237059107749E+003
    834  6.780737615857052E-002  1.127482809781304E+004
    835  4.516898522665641E-001  6.659536971231448E+005
    836  9.550196506466790E-001  1.474094350712328E+006
    837  6.297924865991368E-002  1.726041580925484E+004
    838  3.932504553912308E-001  4.264066695583430E+005
    839  6.947919801354248E-002  1.339993098466285E+004
    840  5.393917345386942E-002  1.256123682052971E+003
    841  5.839705318531089E-002  4.600781750487565E+003
    842  1.007317307207553E+000  1.939502564269457E+006
    843  3.298942216049801E-001  3.779054531447971E+005
    844  9.418876819159390E-001  9.423198094106606E+005
    845  1.436568328340230E-001  7.252748540599037E+004
    846  1.269155132086801E-001  5.776149160354831E+004
    847  8.153616403063277E-001  1.123727519079149E+006
    848  1.645020087329246E+000  2.262848756333273E+006
    849  1.178507301919777E-001  5.195720293378465E+004
    850  5.343045560632961E-002  1.735304345900722E+003
    851  4.516826322088344E-001  6.507366014782396E+005
    852  1.203151349608115E-001  5.470048065165919E+004
    853  2.098695275364773E-001  2.894287425777752E+005
    854  5.450110242292033E-001  8.346107826158074E+005
    855  5.485433819730262E-001  8.326600410891810E+005
    856  5.744526276236146E-002  7.847841221033045E+003
    857  5.820164160540832E-002  7.503489940711478E+003
    858  5.122471222423203E-001  9.064146364789634E+005
    859  9.066147616109804E-002  3.204681916727284E+004
    860  2.658907565461534E-001  4.110903240800521E+005
    861  5.808090564568279E-002  9.600678469945762E+003
    862  1.355705858542354E-001  6.544899816248057E+004
    863  2.603536981234561E-001  4.089997629191349E+005
    864  5.233075803874297E-002  1.908088588327904E+003
    865  2.548607092818362E-001  3.294610660385112E+005
    866  1.074216434424852E+000  1.863193651513164E+006
    867  6.024433103139949E-002  9.600456949789719E+003
    868  5.384495581323280E-001  8.660046588152464E+005
    869  5.313652356475185E-002  3.322412412917997E+003
    870  3.186307472616108E+000  5.888716607841626E+006
    871  4.002221520052539E-001  5.448442235308447E+005
    872  4.958303987901209E-002  1.268047596969554E+003
    873  3.885884643484914E-001  3.900267110360450E+005
    874  5.366163076079167E-002  4.006267746261343E+003
    875  1.085833064919077E+000  1.091087290501782E+006
    876  6.470033516383802E-002  1.296944601259938E+004
    877  9.754289845431310E-001  1.473589815246994E+006
    878  6.758529189973894E-002  1.404790746469160E+004
    879  1.699678463056870E-001  1.069921058904227E+005
    880  3.487463279901169E-001  3.052770939471865E+005
    881  4.822564880093852E-002  5.165626969435920E+002
    882  6.389500316558988E-002  1.303060060386294E+004
    883  1.277636068452036E-001  1.132400055760482E+005
    884  2.410778751686946E-001  3.379871604815311E+005
    885  4.771136104734267E-002  1.031237825329027E+002
    886  7.722747453966577E-001  1.268910082364309E+006
    887  5.819810678271981E-001  9.834139958735007E+005
    888  6.863414226350265E-002  1.621546941210807E+004
    889  4.738055919739571E-002  8.027175361263561E+002
    890  9.106029113959849E-001  1.087470143844477E+006
    891  4.844549513326683E-002  2.828304966442443E+003
    892  7.443812800977950E-001  9.474973911231951E+005
    893  1.110494285664112E-001  4.923381536350245E+004
    894  2.488617906288177E-001  1.728785503419202E+005
    895  8.522878256224637E-001  1.257537574273014E+006
    896  2.920328196853035E-001  2.215661742470492E+005
    897  1.996629820331567E+000  2.418000591937578E+006
    898  1.528806760382881E+000  2.096118727694020E+006
    899  4.720907837690687E-001  3.303259556886047E+005
    900  5.897544521925710E-002  1.184340166160717E+004
    901  8.652168954371804E-002  3.117811513609461E+004
    902  1.008408372029533E+000  1.688112226091040E+006
    903  6.724447369861362E-001  6.101640129276238E+005
    904  4.788546669367053E-002  3.962414604075230E+003
    905  1.948229636685823E+000  2.733858276194655E+006
    906  5.236056876322446E-002  8.239178958293833E+003
    907  7.068026995358127E-001  7.992202193413075E+005
    908  9.224803938899981E-002  3.629021739622025E+004
    909  7.200221213363275E-001  1.095518356728632E+006
    910  2.602030032831116E-001  1.642392321175477E+005
    911  2.913099418251945E+000  4.450883742849691E+006
    912  5.456563244024098E-002  9.742263364726321E+003
    913  1.065294642523867E-001  9.031423372433137E+004
    914  4.486302474672984E-002  2.208139526372421E+003
    915  1.230908362497713E-001  6.400180011091814E+004
    916  2.463794196300953E-001  2.942307268729319E+005
    917  4.509282637568178E-001  5.283864097337843E+005
    918  7.464710108443440E-001  1.025970843480367E+006
    919  5.306291775323080E-001  5.704199640696581E+005
    920  7.507767904760670E-002  2.562840714938889E+004
    921  1.678792250209807E-001  1.761854431505352E+005
    922  1.530615129905809E-001  8.962895175525174E+004
    923  1.508843179926026E-001  8.699269426088007E+004
    924  1.232418849539905E+000  2.279506707089521E+006
    925  6.365121980049553E-002  1.651704678719792E+004
    926  2.227284900283199E+000  1.899566794674953E+006
    927  1.659401908998283E-001  9.561084077205107E+004
    928  2.225109923933246E+000  3.658561565873284E+006
    929  2.345971558123030E+000  4.279433678593730E+006
    930  2.646569463814102E+000  4.774701518503546E+006
    931  8.877569426555117E-002  3.945967207684231E+004
    932  3.122110301834709E-001  3.875418069872931E+005
    933  7.957575856408673E-002  3.149602480171918E+004
    934  8.609042358737398E-001  1.607426788834479E+006
    935  6.150196268543598E-002  1.594914134712834E+004
    936  6.456362457435620E-002  3.045526602183733E+004
    937  2.526729846002976E+000  4.099179867584429E+006
    938  3.926563058510977E-001  4.871727691587036E+005
    939  7.524872087502903E-002  2.635729816279133E+004
    940  5.314108456718544E-001  6.921811079935981E+005
    941  5.063869308328853E-002  9.718710825836326E+003
    942  3.569233940515012E-001  6.020757587412464E+005
    943  1.655956812526565E-001  1.619669703805095E+005
    944  4.731228895143026E-001  5.159603766775781E+005
    945  4.300310086190958E-001  5.906529267593456E+005
    946  4.621873131024556E-002  4.945838694523823E+003
    947  1.247139643454362E+000  2.292583682052533E+006
    948  4.675175025751195E-001  5.899835646547856E+005
    949  1.036258568085989E-001  5.144666535362673E+004
    950  3.990178220927437E-001  4.118317602156021E+005
    951  7.375361823325359E-002  2.772419095278642E+004
    952  1.132772360402774E+000  1.750442719231595E+006
    953  8.381697896953817E-002  3.976387873885532E+004
    954  1.025787497638867E+000  1.950576297055362E+006
    955  4.007553294304730E-001  7.870764115163874E+005
    956  4.339273760095815E-002  7.595215138285429E+003
    957  7.473394527746308E-002  2.721634124694078E+004
    958  3.683906269723855E-001  6.439016387379827E+005
    959  5.060495958411264E-002  9.345436020641750E+003
    960  3.043146858208365E-001  4.731380884862732E+005
    961  6.824021663075611E-002  2.234532208325431E+004
    962  4.188217668890686E-001  4.554890525166122E+005
    963  1.506909269970972E-001  8.570697955844343E+004
    964  6.701390776648053E-001  1.191774468784275E+006
    965  4.079292972635615E-002  1.933999762490386E+003
    966  1.408337421208573E+000  2.793669537060562E+006
    967  5.094552818137301E-001  5.063910710343849E+005
    968  4.940081919611726E-001  7.078676475229451E+005
    969  4.357147703206299E-002  3.780755557684691E+003
    970  1.310094853515684E+000  1.543160128057101E+006
    971  4.373513385891770E-002  4.193599753774130E+003
    972  3.267118307792961E-001  4.661747526950746E+005
    973  2.172936860958494E+000  2.762827590500370E+006
    974  5.045367237103909E-002  8.838829828048705E+003
    975  2.304685603903221E-001  2.196574580872648E+005
    976  3.318537434614983E-001  4.480507372389098E+005
    977  2.244799251704824E-001  1.780173276514314E+005
    978  7.696456013577281E-002  3.718564484578389E+004
    979  7.837538558070932E-001  9.277454319551658E+005
    980  5.696871620649512E-002  1.597236673918060E+004
    981  6.344771109406189E-001  1.090107884012174E+006
    982  9.531634723020678E-002  4.692816587390580E+004
    983  3.293555789675322E-001  3.709962219044836E+005
    984  2.943825261356388E-001  3.832354761870800E+005
    985  8.236637455207739E-002  3.724970430912231E+004
    986  2.152623914207452E-001  2.896202602213598E+005
    987  6.478792819928689E-002  1.966034023788461E+004
    988  1.699349628225905E-001  2.385488641357997E+005
    989  7.184520192589663E-001  1.351500804032100E+006
    990  9.546045251937965E-002  4.270172604541299E+004
    991  1.806351819124578E+000  3.374406811427453E+006
    992  1.297537892806546E+000  1.462304166971891E+006
    993  4.802049066713542E-002  9.051172630746603E+003
    994  1.303547042753240E-001  6.964372960323375E+004
    995  1.366896967784057E+000  1.037042006756489E+006
    996  4.138168373008180E-002  4.270954697760105E+003
    997  1.163051537112623E+000  1.998442669374475E+006
    998  3.276951957346500E+000  4.375040285108143E+006
    999  4.151452619753809E-002  7.661171299600256E+003
   1000  1.500024485298420E+000  2.705136694497223E+006
   1001  3.150287132511606E+000  4.851388546918303E+006
   1002  9.847660149468586E-002  6.100938205666196E+004
   1003  5.788892839481595E-002  1.638587694492283E+004
   1004  1.503871657866039E-001  8.458707324658372E+004
   1005  6.835697786592114E-001  9.879650947384316E+005
   1006  2.905286459813095E+000  4.915600336003772E+006
   1007  4.206483543902258E-002  8.199963941782376E+003
   1008  1.563550368841943E+000  2.289820897661283E+006
   1009  1.721626433817975E+000  2.637243196433662E+006
   1010  8.915626505197138E-002  4.143161965902241E+004
   1011  9.688152519181924E-001  1.120869077507802E+006
   1012  6.031639175638392E-002  1.832621624596404E+004
   1013  4.211704344421587E-001  6.066646338741067E+005
   1014  6.352257817077176E-001  6.328544084575936E+005
   1015  3.910747552345240E-002  3.821008081471804E+003
   1016  1.034023081606964E+000  1.521645669263651E+006
   1017  1.051612197271653E-001  5.014802605764927E+004
   1018  1.146840428994078E+000  1.637965788637815E+006
   1019  3.753873290498926E-002  7.040261671339236E+002
   1020  9.716161250038959E-001  1.698089287120626E+006
   1021  3.163699272954804E-001  4.569955688042549E+005
   1022  6.732038966889921E-001  1.060603671989835E+006
   1023  5.613135909628164E-002  1.382603037858837E+004
   1024  2.748560526973177E+000  4.551442121498349E+006
   1025  6.523683650344582E-002  2.239727267151594E+004
   1026  1.788929463664737E+000  2.300155628301017E+006
   1027  2.239361017867195E+000  3.397564886883018E+006
   1028  1.589778870415632E-001  9.452830223745348E+004
   1029  6.511593961243809E+000  5.677265026283738E+006
   1030  3.759813924518069E-002  1.121219718914684E+003
   1031  1.635693410899649E+000  2.592948588629564E+006
   1032  1.565469904872460E+000  1.712910793653591E+006
   1033  5.607006855085574E+000  4.632040346869128E+006
   1034  7.281622774787080E-001  8.547507614076850E+005
   1035  1.041163050570993E-001  5.011308783530298E+004
   1036  7.961821182877261E+000  7.174510633778875E+006
   1037  4.378117543686469E-002  5.930129764776423E+003
   1038  4.514664789948675E+001  3.301123338465240E+007
   1039  2.670287481407504E+001  2.259605878960167E+007
   1040  1.798949166825796E-001  1.167929279486347E+005
   1041  4.327203270147952E+001  3.162273140178457E+007
   1042  5.135270166457518E+000  8.689381799180986E+006
   1043  1.142059800824710E-001  5.671579995553433E+004
   1044  6.815412339117549E+000  1.136731874056731E+007
   1045  3.745535986377958E+000  5.553978985658200E+006
   1046  2.932091389887947E-001  2.067841111503429E+005
   1047  6.587890185174336E+001  4.636631935026435E+007
   1048  3.744223535889915E+001  3.610492737539779E+007
   1049  6.310334703821383E-002  2.503026533416486E+004
   1050  5.267671053521938E+000  6.971561500742170E+006
   1051  1.139742225891698E-001  5.460452882020310E+004
   1052  2.781838990039800E+001  3.231190711640444E+007
   1053  9.869630151723577E+000  9.165015000855295E+006
   1054  7.835632327614667E-002  3.527354058322548E+004
   1055  4.415416508397892E+000  6.202043465777316E+006
   1056  8.514165368716105E-002  7.344613300910257E+004
   1057  5.836343085673149E+000  7.399422510350027E+006
   1058  1.208514055448631E+001  1.243169277343606E+007
   1059  4.180450382117738E-002  9.152841553062548E+003
   1060  2.796960195402801E+001  4.348667360981824E+007
   1061  7.297120553686231E+000  7.297283600736782E+006
   1062  8.184065480222774E+000  9.746440888765255E+006
   1063  2.555337875008695E-001  1.849706927835825E+005
   1064  3.044985610501058E+000  3.220676445948519E+006
   1065  1.111417649682473E-001  6.154905468697293E+004
   1066  3.978579922499034E+000  6.343465819212847E+006
   1067  1.221890612473598E+001  1.716043993632120E+007
   1068  1.936256350740670E-001  1.210156116998620E+005
   1069  4.518764069088218E+001  4.446666203608633E+007
   1070  2.140592125009350E+002  3.166832586736734E+008
   1071  9.700002091580693E+000  1.358695660802845E+007
   1072  8.409341124669434E+001  6.834953135024725E+007
   1073  4.931103942456982E-002  1.547581280576379E+004
   1074  4.158760557454337E+001  6.391688676855796E+007
   1075  1.130286556077783E+001  8.607200050794572E+006
   1076  6.515021412723608E-001  8.896980679016655E+005
   1077  2.679778198543912E-001  4.009885069335781E+005
