# dt =   1.000000000000000E-007
# j, New nj, Rate of change (1/s)
      1  3.747787113287724E+000  2.022012833321232E+006
      2  5.876079084717613E+001  8.682379231019185E+007
      3  6.109332531909128E+000  3.218606713783051E+006
      4  1.625509955397489E+001  1.149798116834742E+007
      5  3.558134349569872E+001  2.198708743836616E+007
      6  5.482394186451219E+000  2.368647837690306E+006
      7  3.355786593515803E+002  2.162070679823937E+008
      8  1.729101310027448E+002  1.100655429590380E+008
      9  4.060763516162712E+001  3.705130342701894E+007
     10  1.094794118944162E+002  6.215316846894068E+007
     11  1.895247484102450E+001  1.121235907183599E+007
     12  1.508350974575753E+001  1.176562962557719E+007
     13  2.208730991073955E+000  5.022633427581568E+005
     14  7.270973702859511E+000  4.517254736750811E+006
     15  2.074430613893095E+000  4.461983174545351E+005
     16  1.845249697338958E+001  2.166008531822646E+007
     17  1.256322509766754E+001  9.079184844999997E+006
     18  5.848077041178758E+001  3.705355457660716E+007
     19  1.992921361637837E+000  3.892071359829914E+005
     20  1.768361396837085E+001  1.020455477207521E+007
     21  3.800590293985904E+000  1.622422005086591E+006
     22  9.911230309820931E+000  7.389285339214123E+006
     23  1.726759326887396E+002  1.115495425468511E+008
     24  1.317577197747869E+002  8.465406258665742E+007
     25  1.800832286857794E+000  3.602463176857241E+005
     26  1.875031794478229E+000  5.924723425529510E+005
     27  1.367651233914235E+002  1.841803001278292E+008
     28  5.268794490973452E+000  3.627477707409471E+006
     29  3.832950571718966E+001  4.672583102670742E+007
     30  3.561177410637409E+000  1.435992115127512E+006
     31  3.232375031191646E+001  2.040631483419521E+007
     32  9.427444338311631E+000  8.724491180882826E+006
     33  8.748079699421210E+000  5.669173550452639E+006
     34  5.232910751736547E+000  2.573543199520266E+006
     35  4.459393632728073E+001  5.354882343931992E+007
     36  1.352823979967147E+001  7.355415232112255E+006
     37  2.217529378873154E+001  2.362595525806324E+007
     38  1.240257182538594E+002  8.286001324848887E+007
     39  9.530310980993125E+000  9.337052172564985E+006
     40  2.120452692947478E+001  2.454831141226082E+007
     41  1.578188814073277E+001  1.583496788265931E+007
     42  1.050661250861530E+001  7.956511805989128E+006
     43  6.173952818176548E+000  3.809728738850413E+006
     44  1.912383742963495E+001  2.303576035443382E+007
     45  6.165807844634618E+000  7.583650548830713E+006
     46  6.902001580365415E+000  4.128290932570224E+006
     47  1.141937751052638E+000  2.921140496305186E+004
     48  1.546387272099720E+001  1.051130717395561E+007
     49  4.845929346835115E+000  2.814955857816361E+006
     50  2.405484532776753E+000  1.308228249182205E+006
     51  1.225982012015202E+001  1.806054503587334E+007
     52  2.351445483484068E+000  1.720872656904774E+006
     53  4.150673103890325E+000  1.975985840427793E+006
     54  2.891026494234479E+001  1.986056953122985E+007
     55  4.562990744229261E+001  3.303307115314321E+007
     56  1.156234355018733E+000  6.192939980075628E+004
     57  3.445689657108235E+001  2.299428207958373E+007
     58  4.168226195990065E+001  2.690082607915704E+007
     59  1.438302219613399E+000  2.752836823540049E+005
     60  7.215867375038199E+001  6.084866198495745E+007
     61  3.147734654187250E+000  1.212095457261680E+006
     62  3.177250990951495E+000  1.710469827703512E+006
     63  1.880569124921390E+000  8.852409327085847E+005
     64  6.555486987995059E+001  4.388165782545196E+007
     65  5.998663859769587E+002  4.314725988015211E+008
     66  1.013354333365521E+001  6.180605144433432E+006
     67  7.936953375760467E+001  5.479266454408056E+007
     68  2.788621511480675E+000  1.269759274434435E+006
     69  4.238540995420292E+000  3.130515642677628E+006
     70  1.153436335247108E+002  9.095273800500743E+007
     71  1.723724894825745E+002  1.184456105464509E+008
     72  3.442466930845225E+000  1.370755837388257E+006
     73  1.459598910363346E+001  1.962854316041512E+007
     74  7.909908672051871E+000  5.151392847216499E+006
     75  2.094593880095162E+000  7.103442918518196E+005
     76  2.245799634602396E+000  8.901515864775176E+005
     77  3.943109721673032E+000  1.996622163208270E+006
     78  4.334848504401372E+000  2.308045313269292E+006
     79  7.097378433069274E+000  8.518946500731228E+006
     80  3.432996006938495E+001  4.821082959899794E+007
     81  4.243968419820568E+000  3.071964078898521E+006
     82  5.087725919076007E+000  5.273208347062418E+006
     83  2.280869307554735E+000  1.448212730625626E+006
     84  2.476829679168560E+000  1.014729814036662E+006
     85  2.138430473333172E+001  1.263452396440996E+007
     86  6.112385312859248E+001  8.295693200972614E+007
     87  1.470292286296750E+000  6.768559783352939E+005
     88  1.736487728628178E+000  5.945066234494095E+005
     89  8.380141051317000E+000  6.962720466901675E+006
     90  7.442296992889703E+001  1.084595278311175E+008
     91  2.012149995046288E+001  2.644536954439875E+007
     92  1.562270269271558E+001  1.544983646107931E+007
     93  3.442087675820699E+000  3.606088874450198E+006
     94  1.400846532309151E+001  1.913412625329982E+007
     95  1.380998468113806E+001  8.098680212793887E+006
     96  4.013236153570747E+000  1.985922757208158E+006
     97  1.095220477733418E+001  1.013575730757210E+007
     98  1.057028506167840E+001  1.461573391748738E+007
     99  1.518976776632027E+000  7.459783075142376E+005
    100  2.033714841082950E+001  2.531961863356495E+007
    101  7.155844995696125E+000  4.539175012345677E+006
    102  7.758666757130653E+000  9.912931702368157E+006
    103  1.019919381689297E+002  1.292821907286860E+008
    104  2.639232790703327E+000  1.229589882200660E+006
    105  9.069885447990972E+000  1.028858967527737E+007
    106  7.805635959449800E+000  4.527242906525820E+006
    107  1.578743188802874E+000  4.774041343632073E+005
    108  2.715891982148534E+001  1.678740727346542E+007
    109  4.822625261905439E+000  2.632234443413701E+006
    110  9.182639855101936E+000  1.102950841825208E+007
    111  8.327595752988898E+000  5.031336260968574E+006
    112  3.510093373147925E+000  2.487379775600923E+006
    113  3.446499911152915E+000  3.172777136282024E+006
    114  7.278263004268764E+001  4.571187203945527E+007
    115  1.024500234138181E+001  1.270273706097864E+007
    116  4.222545390288261E+000  2.378310380370893E+006
    117  7.772339332533297E+000  7.064016904533441E+006
    118  1.968774180666277E+000  9.092399342134902E+005
    119  2.604655648232834E+000  1.786045253335961E+006
    120  9.103981403466921E+000  1.161310427549053E+007
    121  4.235329987057280E+000  2.176073206207277E+006
    122  1.061272604267153E+000  1.143292539803512E+005
    123  1.785883682548005E+000  6.528583686296045E+005
    124  9.438336172040960E-001  4.245698673432726E+004
    125  9.475229134309213E+000  9.650784731968025E+006
    126  4.640472346858821E+000  5.465322035349231E+006
    127  1.970356815872927E+000  1.506405507181013E+006
    128  3.888803487355091E+000  4.849223627139755E+006
    129  9.357186958573926E-001  4.763419745347711E+004
    130  1.499292871436814E+000  9.484678159605485E+005
    131  8.955787970018005E+000  5.086895212634119E+006
    132  1.812503166845102E+000  8.233399682787539E+005
    133  7.773505222143616E+000  4.278381635937047E+006
    134  6.048305260066168E+000  3.179709054904924E+006
    135  2.646364383315696E+000  2.639369114260690E+006
    136  3.233481254603655E+000  2.898812877909916E+006
    137  3.812722975967941E+000  2.241159931215517E+006
    138  5.787283801345044E+000  3.576779004825688E+006
    139  3.013726777501053E+000  3.009788909543899E+006
    140  2.641618055864329E+000  2.295358192978726E+006
    141  2.053639689086077E+000  1.101558832550642E+006
    142  2.062618894311021E+001  1.309956711732888E+007
    143  7.110986527652303E+000  4.582276360990249E+006
    144  9.331410555161668E+000  8.656048505158717E+006
    145  2.755295287330484E+000  1.592722965497889E+006
    146  8.896373487775644E-001  2.706231175091155E+004
    147  1.719747694359544E+000  5.487338340015541E+005
    148  2.896945658674970E+000  1.922425820136438E+006
    149  7.607300276644632E+000  8.334579110484540E+006
    150  4.106895694026313E+000  1.943576529112546E+006
    151  3.687952703294662E+001  4.607908961371589E+007
    152  2.581292208778816E+001  2.442014133339714E+007
    153  6.231289436139857E+000  3.464751324611819E+006
    154  1.226295565194087E+002  1.753406221801990E+008
    155  5.831838772889847E+000  7.286404101703171E+006
    156  3.945683442409321E+000  2.143279851483978E+006
    157  1.354448372986106E+001  8.984119791063787E+006
    158  8.440738886380981E+000  5.086126342525284E+006
    159  1.606806121207929E+000  1.076044341441723E+006
    160  1.440631754624205E+001  1.122017164587501E+007
    161  9.482220914335038E+000  6.017803834698324E+006
    162  1.402737312547437E+000  3.533501184930907E+005
    163  4.652296345735459E+001  6.433139664959196E+007
    164  7.938407715567033E+001  9.179110638073154E+007
    165  5.904830603525624E+001  7.648519985808031E+007
    166  1.090895351668456E+001  9.186001919494919E+006
    167  2.110095767947740E+000  9.438882961929152E+005
    168  2.719704632698260E+000  1.429092770776893E+006
    169  8.825596841797463E+000  5.497441716858703E+006
    170  1.403519451017302E+000  4.517237517645114E+005
    171  1.904649353869935E+000  7.637047622897247E+005
    172  8.854186986748179E+000  7.365429225457453E+006
    173  6.929114294444161E+000  5.289374947173611E+006
    174  4.460067394201029E+000  2.435853552537005E+006
    175  1.052948168613321E+000  2.197725005856412E+005
    176  2.383408685795013E+000  1.031374939246567E+006
    177  4.655430037281748E+000  4.351510931775519E+006
    178  7.684705469574498E-001  4.643241414650046E+003
    179  1.226918674674880E+000  2.837520198666067E+005
    180  1.024057244092962E+001  5.774617012555537E+006
    181  1.183852435043189E+000  3.294392467325467E+005
    182  1.372082238653180E+001  1.634682161000911E+007
    183  9.669574017705727E+000  6.013561722212800E+006
    184  5.130911110974644E+000  2.761888657465971E+006
    185  2.154675658378814E+001  1.919505999918621E+007
    186  1.176448872249430E+001  1.519236874948083E+007
    187  1.802489634097202E+000  6.972751868442221E+005
    188  3.871400990261409E+001  2.703249404879110E+007
    189  1.553602657385837E+000  7.136261031311204E+005
    190  7.014155413464708E+000  6.204022739007525E+006
    191  4.740774636835876E+000  2.569403344518752E+006
    192  4.161823761162680E+000  3.668067489570536E+006
    193  1.076645385918682E+001  1.237835448992547E+007
    194  1.890190123315089E+000  1.695250628258390E+006
    195  9.734356839185708E+000  7.012042795203425E+006
    196  7.077029034541980E+000  4.008231011118155E+006
    197  4.302347152677331E+000  4.427833018670031E+006
    198  2.428873704524370E+001  2.346042684655352E+007
    199  2.043018436957606E+001  1.394185812495386E+007
    200  7.964654859882856E-001  6.165651397109882E+004
    201  3.664517824553468E+000  2.323170365417010E+006
    202  7.303247689439509E+000  4.209849264245463E+006
    203  1.442324279019781E+000  8.510835399153185E+005
    204  2.833744361603157E+000  2.656731172739556E+006
    205  5.621441274620258E+000  3.639114148791520E+006
    206  4.025185478715102E+000  2.722520726346659E+006
    207  1.383949263409546E+001  8.521078024929684E+006
    208  3.262932124700522E+000  1.679216275290510E+006
    209  1.625213907693279E+000  9.378997711394718E+005
    210  2.698192665144957E+000  3.373684293066125E+006
    211  1.603377532693504E+000  1.340100343774683E+006
    212  8.860073697412849E+000  5.125517822397401E+006
    213  2.615554387605405E+000  2.286700867218446E+006
    214  2.409062972731573E+000  1.118447983995413E+006
    215  1.981146996600606E+000  1.323678338681842E+006
    216  1.166561947144880E+000  3.191558057076251E+005
    217  3.508137195139116E+000  2.883135391765083E+006
    218  5.676807329283479E+000  3.034972820732810E+006
    219  1.090097776944140E+000  3.716220187018618E+005
    220  1.235181707061251E+000  3.262456571360292E+005
    221  6.064078104269136E+000  3.618186119373284E+006
    222  3.453486518022439E+000  2.988228178433444E+006
    223  1.530925849259209E+001  1.010306878577171E+007
    224  8.362495221520585E-001  8.747561995282794E+004
    225  8.767079714366444E-001  1.121097998305209E+005
    226  3.586659568182127E+000  3.011874277351872E+006
    227  8.496540006416257E-001  1.152719712433924E+005
    228  7.694326513795158E-001  4.682721566200445E+004
    229  2.110472203264906E+001  1.317290373848540E+007
    230  9.521849486883104E+000  1.089765194327226E+007
    231  3.448184311460498E+000  1.648311231088342E+006
    232  1.379131170715656E+001  1.888691444200834E+007
    233  9.549613157947055E+000  8.184053892709997E+006
    234  1.716766717720239E+000  6.786938675052418E+005
    235  7.718882712836146E-001  8.011677458329769E+004
    236  1.265994937870214E+001  1.154815084727306E+007
    237  3.674350751223801E+000  1.839029658689933E+006
    238  6.661208959809659E+000  5.010613744893533E+006
    239  3.662193114399074E+000  2.334514788230767E+006
    240  5.962718654411357E+000  4.694534119494761E+006
    241  1.033890748032927E+001  7.998555991234742E+006
    242  2.010133460729532E+000  8.500500312590981E+005
    243  9.198251057348388E-001  2.291287535323092E+005
    244  1.865821278916708E+000  1.573844222693718E+006
    245  1.528589209149590E+001  1.300838362548950E+007
    246  5.796350480798069E+000  3.427119943705714E+006
    247  2.951247263934077E+000  2.393732393433007E+006
    248  4.892973957779289E+001  5.359293992457692E+007
    249  9.119639428715390E+000  1.028102772102433E+007
    250  9.740692382590228E-001  2.267598919130800E+005
    251  1.007695489859271E+001  7.547666546197281E+006
    252  7.905026284573450E-001  9.177958909415467E+004
    253  3.183786223148732E+001  2.338268785442698E+007
    254  1.726516067216421E+001  1.155375068560858E+007
    255  1.798380746141845E+001  1.126467288366067E+007
    256  3.704451798468243E+000  3.296651341227924E+006
    257  1.414913590634636E+000  5.498157319410437E+005
    258  1.717838145731363E+001  2.313091825681139E+007
    259  6.056074147371199E+000  5.380214285585027E+006
    260  1.377165378617074E+000  4.598190829089840E+005
    261  2.151384324784189E+000  1.070828410754094E+006
    262  1.925779569277747E+000  1.304400462103348E+006
    263  6.541573758348372E-001  2.444846378124813E+004
    264  5.427220176268711E+000  6.328534391758936E+006
    265  7.271977516864980E-001  1.401094021275203E+005
    266  1.318241390530516E+000  8.306569869604803E+005
    267  1.054803860872334E+000  4.351921858225571E+005
    268  6.792622977386827E-001  4.803216625980917E+004
    269  9.877457370935486E-001  2.379192037618180E+005
    270  1.439496750883386E+000  8.555546771058054E+005
    271  9.278282428456727E-001  2.325693933525820E+005
    272  6.288341175857533E+000  7.996659643542481E+006
    273  1.747978739955703E+000  1.645491205450734E+006
    274  4.520780011340374E+000  5.566416772137355E+006
    275  3.755242832271636E+000  1.973364973539981E+006
    276  1.475004221719503E+000  1.027472043706523E+006
    277  8.954790153578629E-001  2.470697777644907E+005
    278  1.388448898814107E+000  6.629855362147404E+005
    279  4.598188758965060E+000  4.313571826015593E+006
    280  4.093112538727292E+000  5.554410809751802E+006
    281  4.554622522350935E+000  3.433041451126930E+006
    282  9.070776450075760E+000  5.427154322980822E+006
    283  2.971844314141411E+000  2.835456297213424E+006
    284  8.747511085108923E-001  1.800018044808413E+005
    285  2.155692743157606E+000  2.338508344123795E+006
    286  6.612134590030725E-001  6.719876905072892E+004
    287  9.804951257393411E-001  4.700805132695400E+005
    288  5.698981163248575E+000  4.882587633179856E+006
    289  5.051054906430544E+000  4.016435581521575E+006
    290  1.133032815559778E+001  1.509264013684665E+007
    291  1.932879713930462E+001  2.865004243477218E+007
    292  1.757076110907289E+000  1.091831990548601E+006
    293  3.333587444754685E+001  4.649304016105309E+007
    294  1.000269511154874E+001  8.942149641831685E+006
    295  7.467378296489727E+000  4.322956858285303E+006
    296  2.256391312128715E+001  2.034621731017610E+007
    297  3.690053968319977E+001  3.350939278677996E+007
    298  3.625804382122016E+001  4.812784447318795E+007
    299  7.559637287538354E+000  8.101989594400585E+006
    300  3.675875409542889E+001  3.355972911425615E+007
    301  4.443679395910930E+001  2.935896781301511E+007
    302  3.365683176116426E+000  3.392037554295279E+006
    303  5.081392105526967E+000  3.692537366039876E+006
    304  2.855422264575583E+000  1.408536907937457E+006
    305  1.856710339946285E+000  8.279761667705585E+005
    306  6.791336381411921E+000  8.147393753757720E+006
    307  1.951086797664218E+000  8.514753692291476E+005
    308  1.822813739354755E+001  2.329914168882826E+007
    309  2.927633115733118E+000  1.746225251500467E+006
    310  5.737523993391901E+000  6.700551989926540E+006
    311  1.589035345494902E+000  6.264252115831737E+005
    312  3.009728123898734E+000  1.640585625081323E+006
    313  8.994707360543199E-001  2.178944106807484E+005
    314  2.131937616384485E+000  9.770040331138672E+005
    315  8.806235451115634E-001  2.182001312673712E+005
    316  9.729376375076499E-001  3.812299875192997E+005
    317  2.305804587419621E+000  1.092314241763381E+006
    318  9.083404953646522E+000  1.090232444566751E+007
    319  1.554189059995078E+000  8.315557213438135E+005
    320  5.790591238097304E+000  3.522132066589009E+006
    321  3.090079128613575E+000  1.814780297064209E+006
    322  1.732040098083020E+000  8.284276252050524E+005
    323  1.568616696255283E+000  6.146934749025004E+005
    324  2.619304110945340E+000  1.348841773187454E+006
    325  6.779160023889325E+000  3.740299161117760E+006
    326  3.561939540210922E+000  4.140002626458643E+006
    327  3.956309861810513E+000  2.070879646300735E+006
    328  7.263672583972079E-001  1.258990751929486E+005
    329  1.443123443896812E+001  1.051446914232620E+007
    330  2.546513465984948E+001  1.610755123243205E+007
    331  7.253668818967792E+000  4.306689836150871E+006
    332  1.363594789812640E+000  9.836767066094656E+005
    333  4.759448842179896E+000  4.804405761757554E+006
    334  2.262104289381314E+000  1.048333550556424E+006
    335  1.006798362905703E+001  7.409966411740790E+006
    336  3.442878089107572E+000  1.898133873179976E+006
    337  1.573923897943499E+000  7.029693325729324E+005
    338  3.449909714084445E+000  1.928645913411878E+006
    339  1.392097258259373E+000  5.567473890356091E+005
    340  4.078889616688987E+000  4.099589959047006E+006
    341  1.552899254701896E+001  1.291683138204167E+007
    342  7.332251366914131E-001  1.484835816985392E+005
    343  4.551839632268868E+000  4.139709046465789E+006
    344  7.733533917155048E+000  8.614833616689321E+006
    345  9.185991810555504E-001  5.953542071475448E+005
    346  2.033058365245552E+001  2.784523539010702E+007
    347  1.518099121553453E+001  9.636207637243675E+006
    348  8.941916505370440E+000  5.690568449017882E+006
    349  1.778188669903653E+000  1.386100723538053E+006
    350  6.306839283945254E-001  1.094738338469683E+005
    351  2.539367121326453E+000  1.717045044554551E+006
    352  4.263757502005418E+000  2.473227604961884E+006
    353  6.658362011513340E-001  2.065858146430461E+005
    354  7.331336947910350E-001  1.648762585980591E+005
    355  2.236655006127098E+000  1.317274050031931E+006
    356  1.187261405471826E+001  1.189139174956823E+007
    357  4.719223033665338E+000  2.701834350668389E+006
    358  3.731515478952593E+001  3.551581018214684E+007
    359  2.619523813305025E+000  2.911889347873800E+006
    360  2.166075859753083E+000  1.091442495230000E+006
    361  1.421418720314863E+000  6.405181103514902E+005
    362  5.818448977292674E-001  7.744887938179467E+004
    363  4.703641935954931E-001  6.440685179968173E+003
    364  1.154284152066669E+000  1.038631870004059E+006
    365  1.830964385998996E+000  1.196851185625693E+006
    366  7.380992634077655E-001  1.827165720284817E+005
    367  1.777807618655992E+000  1.786815824681633E+006
    368  6.550994998863349E-001  1.232964639081057E+005
    369  8.006248870376294E-001  5.688920638596296E+005
    370  8.654262083616280E-001  2.648776442042564E+005
    371  5.501733662450543E-001  6.527368483089513E+004
    372  8.837360518397078E-001  5.330649268369349E+005
    373  5.322117517075489E-001  6.754569709258933E+004
    374  4.449688174508423E+000  4.765993715950581E+006
    375  6.818317808707922E-001  2.856014613527441E+005
    376  4.859177243489191E+000  6.805266044214246E+006
    377  1.625419031748598E+000  9.507740955283731E+005
    378  9.694181032108423E+000  9.394924535093721E+006
    379  1.006903946027182E+001  6.890112191692189E+006
    380  6.229302446598973E+000  6.373581877605406E+006
    381  3.823789955109911E+000  3.386984411160504E+006
    382  2.824259908402969E+000  1.587817930554216E+006
    383  4.542105078535283E+000  5.458169084557178E+006
    384  1.031162963698399E+002  1.440732843918961E+008
    385  9.550356137135244E+000  5.989505237961163E+006
    386  6.721531434753081E+001  5.485571461343134E+007
    387  1.458888130142432E+001  1.484074537214449E+007
    388  4.202167100477536E-001  1.703979186070425E+004
    389  3.089346087683120E+000  1.732755826062157E+006
    390  2.938969990282711E+001  3.985485359138727E+007
    391  2.019731992764951E+001  2.482976383019594E+007
    392  3.055830079939981E+001  3.989350133639320E+007
    393  5.612234171907804E+001  6.370087192136902E+007
    394  2.234240417986306E+000  1.351193676124793E+006
    395  1.120964671064546E+001  1.406184379300034E+007
    396  3.128666972682254E+000  3.641610299742481E+006
    397  1.120194315658881E+000  9.801935490605325E+005
    398  1.865098315477887E+000  1.464230041802672E+006
    399  3.531534915744230E+000  4.701214740217625E+006
    400  1.476271117117104E+001  1.379619074629332E+007
    401  3.972663767291063E+000  2.289846235520452E+006
    402  1.485764852067839E+001  1.900619538196653E+007
    403  1.037234663594399E+001  6.831969119968619E+006
    404  2.155651885700329E+000  1.809035253790128E+006
    405  9.735629059053348E+000  8.731131979987537E+006
    406  3.512517359743934E-001  8.568283440964748E+003
    407  1.621204869354474E+001  2.325452434325042E+007
    408  3.946393053827448E-001  5.128902064290776E+004
    409  5.782864475624903E+000  5.699235544512951E+006
    410  6.444153762446702E-001  2.364035290782307E+005
    411  3.436689272932120E+000  2.893082374969487E+006
    412  3.749552903898103E-001  3.461486724500987E+004
    413  1.492413148064576E+001  1.068170978511081E+007
    414  1.429726956380801E+000  6.934032685861172E+005
    415  1.810651622881594E+001  1.267325787471727E+007
    416  7.966386467603337E-001  3.744652927103679E+005
    417  3.769030240954453E+000  2.665848957768610E+006
    418  5.858621887724099E+002  3.425133820939621E+008
    419  1.953877444459905E+001  2.439016467169757E+007
    420  9.398934440266334E-001  4.557586993433895E+005
    421  2.701395264003925E+000  2.389408638402334E+006
    422  4.932559316870779E+001  3.110476558759056E+007
    423  2.798277522980761E+001  2.171107479931922E+007
    424  4.534392003053850E-001  8.906858846302872E+004
    425  1.429801489855421E+002  8.531206418245926E+007
    426  2.295899744602202E+001  1.367133830350181E+007
    427  1.402452361896849E+001  2.042382150517593E+007
    428  3.705155681784405E-001  4.768156134932768E+004
    429  4.670974712936387E-001  1.093880679338958E+005
    430  1.027323139395426E+001  1.406302894014166E+007
    431  1.521531449518673E+001  1.061151926533001E+007
    432  5.702379456629787E-001  2.526302410904890E+005
    433  1.215262951318449E+000  9.651386555879043E+005
    434  8.469400614983121E+000  1.077011462183591E+007
    435  6.905670167799736E-001  2.401678481505993E+005
    436  2.609757756949273E+001  2.592986710142508E+007
    437  4.558134829082730E-001  1.858800355771868E+005
    438  3.055499027330575E+001  3.630656258012792E+007
    439  3.453195101953057E-001  1.818247964564059E+004
    440  5.246218581620181E+000  6.018729178684734E+006
    441  7.598858598840386E-001  2.802438368256724E+005
    442  1.858010600284030E+000  2.104568381942026E+006
    443  3.216978958771771E-001  6.448172009327615E+003
    444  2.243906993707257E+000  1.227316380318913E+006
    445  1.803479098504089E+001  1.181768523412501E+007
    446  5.070832330413196E+000  5.730222892595419E+006
    447  4.764596533738000E-001  1.148114952144551E+005
    448  2.078105762114452E+000  2.527938292810536E+006
    449  3.125024933672296E+000  1.953028247834661E+006
    450  6.280641419490994E+000  8.999575222353680E+006
    451  2.119292677073891E+000  1.372420399884617E+006
    452  8.492381439793187E+000  1.028709967739905E+007
    453  1.422940660579813E+001  2.091768420425035E+007
    454  1.197583982864520E+001  2.002468565397960E+007
    455  8.197060351256291E-001  5.184633012302367E+005
    456  5.408319645934437E+000  8.397085698401710E+006
    457  6.054391321595751E-001  1.897732828149802E+005
    458  5.133230941243416E+000  6.312163407067549E+006
    459  4.326881554369428E+000  4.359473079333141E+006
    460  3.199082850670382E+000  4.463750582683055E+006
    461  4.861168522675540E-001  1.237469095701047E+005
    462  1.456379331603006E+001  2.030651211546804E+007
    463  6.051714412708773E-001  1.980676051930849E+005
    464  9.424842226258441E+000  1.316423185988627E+007
    465  7.130157423299565E-001  2.739628609887350E+005
    466  4.608739416871577E+000  3.874038768975411E+006
    467  2.709117957833425E+000  2.708050439161653E+006
    468  3.479800704680374E+000  4.260428343212467E+006
    469  4.614915435872575E-001  1.094930347077886E+005
    470  8.008493888481278E-001  3.639459024363544E+005
    471  6.537330418225662E-001  2.409889669448252E+005
    472  7.578596328570979E+000  1.125730755228514E+007
    473  8.133800444729958E-001  5.708256792584608E+005
    474  1.846139771267379E+001  2.925832974313607E+007
    475  1.848334012960939E+000  2.067328427407590E+006
    476  5.093582372844130E-001  1.661627159503067E+005
    477  2.954307935388684E+000  3.809936846251531E+006
    478  1.102784800723179E+000  1.073731335635466E+006
    479  1.255911841032249E+001  1.621760316288996E+007
    480  2.514134767162125E+000  2.185741565624964E+006
    481  8.845908908765516E-001  3.848674112905652E+005
    482  2.405968030261199E+000  2.528683781088840E+006
    483  4.141399618238577E+000  5.148064180492260E+006
    484  6.529960995850160E-001  2.963257754013786E+005
    485  5.461689167123371E+000  6.430881825946994E+006
    486  1.784013861949481E+000  8.990374202121868E+005
    487  2.640808400722089E+000  3.903192440277449E+006
    488  4.105525155652810E-001  7.579719484695964E+004
    489  2.685273816946193E+000  3.010277285691623E+006
    490  2.931676035128472E-001  1.078288625745528E+004
    491  2.142466990182663E+000  2.490019428860506E+006
    492  9.701224361355722E+000  6.810643019663974E+006
    493  3.513516537763428E+000  2.065403005741238E+006
    494  2.810998318500773E+000  3.594053508734534E+006
    495  3.974373529568415E+000  3.638418030475581E+006
    496  3.440125570208361E-001  5.276460188833145E+004
    497  3.071434717617537E+000  3.693544383242086E+006
    498  1.793386496450339E+000  2.231652404434720E+006
    499  2.800429048691170E-001  4.277814046630251E+003
    500  2.363857811168488E+000  2.341858838671517E+006
    501  2.773949259983073E-001  3.338331199378721E+003
    502  1.515360916920957E+000  8.057854341675700E+005
    503  6.608418587280010E+000  8.494806481932355E+006
    504  6.305507893813060E+000  6.791244517912302E+006
    505  2.805052924397821E+000  3.758410026070739E+006
    506  3.690176106831493E-001  6.799102932796052E+004
    507  9.537974367319835E+000  1.361017701434398E+007
    508  4.283483825590005E-001  1.308591651732062E+005
    509  3.495787785354053E-001  8.472121326928843E+004
    510  5.064923497785464E+000  6.825729641043720E+006
    511  6.703281016120431E-001  3.463534834906547E+005
    512  6.290587354910858E+000  8.343547178468563E+006
    513  5.490387372882274E-001  3.149905653519135E+005
    514  2.265869398569358E+000  2.570266749940638E+006
    515  1.466268965328182E+000  9.242260275465032E+005
    516  1.240124397283563E+000  9.797404553922758E+005
    517  1.152742625306069E+000  1.206484193834315E+006
    518  3.326804713257597E+000  3.871661861995014E+006
    519  2.006162726504364E+000  2.635115352339753E+006
    520  2.931474138549333E-001  2.252402968493630E+004
    521  1.403431607445502E+000  7.344360975056515E+005
    522  5.448772966802455E-001  2.115597829303577E+005
    523  1.687952180634996E+000  1.920024668065574E+006
    524  3.717166297850039E+000  6.346112972007302E+006
    525  9.193110809018961E-001  7.533395256918324E+005
    526  8.318501580701688E-001  3.932549836814515E+005
    527  1.981946798295695E+000  2.962779460222097E+006
    528  1.216040455198661E+000  6.500524856438029E+005
    529  7.696901322092029E-001  3.400149024915318E+005
    530  4.864380663896436E+000  5.783203495264011E+006
    531  8.735773687986883E+000  9.277395031200176E+006
    532  1.927422991644393E+000  1.924234710207767E+006
    533  1.709353349588627E+000  2.063048750469000E+006
    534  1.289329857548472E+000  1.440983953969365E+006
    535  4.401733070279951E+001  5.700781343373055E+007
    536  1.972326865782280E+001  1.216683898321997E+007
    537  1.011519360231536E+002  1.473696961744074E+008
    538  2.260523702248264E+001  1.598194844178385E+007
    539  9.918973892167367E+001  1.129937330906767E+008
    540  6.831793234575648E+000  5.980334822543447E+006
    541  9.812410844671181E-001  1.188108240511788E+006
    542  1.267197769858405E+000  7.831242526090577E+005
    543  3.370886355987329E+000  2.813629881568875E+006
    544  6.736537890951634E+001  4.401271740177533E+007
    545  2.042779924116549E+000  2.462299171950636E+006
    546  9.831849729265021E+001  6.372602769673488E+007
    547  1.300584689181838E+003  8.479907399611874E+008
    548  3.184439452399077E+000  2.243394795255555E+006
    549  6.027207798460106E+001  3.850670670324279E+007
    550  8.094659690599446E+000  8.590505452694638E+006
    551  8.791521332923229E+001  5.430925854634678E+007
    552  1.070262851425873E+002  6.093876894699685E+007
    553  7.291015610256461E+000  5.453500636936422E+006
    554  4.682343722104229E+001  3.078328962054737E+007
    555  1.147300991814157E+000  8.135330030805022E+005
    556  4.150948345920706E-001  1.947430581818939E+005
    557  5.799995861467725E+000  5.002986702430983E+006
    558  6.472803673131211E-001  3.999271498293750E+005
    559  3.672411943526147E+000  4.425848008252889E+006
    560  3.017484907737845E+000  1.931278937911655E+006
    561  4.650640498344897E-001  3.408120732804703E+005
    562  6.886978576471334E-001  3.419245753680935E+005
    563  1.655736772664783E+002  1.229922290066313E+008
    564  5.604707825139408E+000  3.439539005224290E+006
    565  1.186714491126765E+000  8.075860139363484E+005
    566  2.521654834118872E+002  1.657246151022392E+008
    567  6.359038137898929E-001  3.765213629813723E+005
    568  3.980207288337389E+000  3.710668498493897E+006
    569  3.539661303803419E-001  1.923010301703461E+005
    570  2.138620525740793E+001  1.419970659248213E+007
    571  1.052279989963958E+000  6.427495618785286E+005
    572  3.829110490636759E+000  2.763211950194850E+006
    573  1.581249741375985E+000  1.002437443031850E+006
    574  1.899976554669852E-001  1.052639981770921E+005
    575  8.159285972674077E+000  7.117819317579688E+006
    576  6.206033457520071E+000  3.509490192944324E+006
    577  8.519731982305774E-001  5.211265318273384E+005
    578  5.740263120099547E-001  4.579395404171406E+005
    579  2.992062072108880E-001  1.700907433152065E+005
    580  4.066521030913537E+000  3.892149864306855E+006
    581  7.581575701607943E-002  5.176474694007738E+003
    582  2.345777420842941E+000  2.501354817316370E+006
    583  5.497939080869109E-001  3.088003980375652E+005
    584  8.714243248648891E-001  5.353063580020900E+005
    585  1.756479387163777E+000  1.787993450963384E+006
    586  2.710387016031193E-001  1.176689109164177E+005
    587  8.103300705497154E-001  1.034760448940660E+006
    588  1.079177761565456E+001  1.231211704860870E+007
    589  5.815137320623800E-001  3.218723283213864E+005
    590  1.670207278128493E-001  6.026636517632347E+004
    591  2.269627510903032E-001  9.974457213354460E+004
    592  3.918637530502985E+000  5.003041864826825E+006
    593  2.963523522652054E+000  3.526838010688102E+006
    594  6.902365728610781E-001  4.127275968838470E+005
    595  4.720461142755460E-001  2.501832478232060E+005
    596  4.954399607604816E-001  2.783645445479601E+005
    597  2.478444927747179E-001  2.365991760530066E+005
    598  8.494609711659672E-002  9.193884796718174E+003
    599  1.535762014967489E+000  2.202768444406528E+006
    600  4.067826502732228E-001  5.103171991232713E+005
    601  2.198615333503934E-001  1.094582185823248E+005
    602  2.901944447560115E+000  3.424102429358421E+006
    603  1.033422633225048E-001  3.026032822876466E+004
    604  2.744944876766834E+000  2.270204405264789E+006
    605  8.779091688170009E-001  5.280546465716198E+005
    606  8.438947022114850E-002  1.152680564308705E+004
    607  4.140101782010079E-001  3.623889106164193E+005
    608  3.003432365461532E-001  1.531527530024065E+005
    609  1.067416557686637E+000  1.141403060112199E+006
    610  5.148099563504454E-001  2.983783367620579E+005
    611  3.806759313070393E-001  3.134893520274548E+005
    612  7.569009618600764E-002  5.683794811731063E+003
    613  3.234022689645021E+000  3.322159803467732E+006
    614  1.160920959302780E-001  3.125378233632306E+004
    615  9.618950811033646E-001  1.178731327541070E+006
    616  5.872220028519637E-001  3.474845582645606E+005
    617  6.949899671745366E-001  8.307873281585582E+005
    618  1.735630305649936E+000  2.005436192115547E+006
    619  1.832220117138907E-001  7.804454732385773E+004
    620  6.889264164563522E-002  1.219425314779927E+003
    621  7.910042166569251E-001  8.178922342578773E+005
    622  4.426188778239690E-001  2.444972625998488E+005
    623  6.506332774700856E-001  7.403353399081839E+005
    624  4.914987695525712E-001  2.747920533554003E+005
    625  1.942969256636226E-001  7.930254922187539E+004
    626  2.479137139843868E-001  2.279368742939802E+005
    627  1.715074989106334E-001  6.684012641277858E+004
    628  8.721901368700541E-002  1.168438591520221E+004
    629  7.555502020738310E-002  6.848035859495266E+003
    630  2.657652550157780E-001  2.040097186384744E+005
    631  2.276533237531751E-001  1.678169789657095E+005
    632  1.182911263242961E+000  1.755853199021998E+006
    633  3.072303112096748E-001  1.506442472193154E+005
    634  2.295281891125995E-001  1.067862635901551E+005
    635  4.783321918555364E-001  3.784013708854318E+005
    636  5.980912590283098E-001  3.710694422515070E+005
    637  2.418764785763644E-001  2.330112299064391E+005
    638  8.204850906413889E-002  1.143616100113961E+004
    639  8.302957927281693E-001  8.368821005185409E+005
    640  1.521890693077737E-001  6.286132806382288E+004
    641  3.966690236919579E-001  2.170344932390308E+005
    642  1.699267660387519E-001  6.421560616525311E+004
    643  6.443232914415162E-001  6.510969786233582E+005
    644  1.322689390295614E-001  4.199018643586568E+004
    645  3.896085407023533E-001  3.523907071791086E+005
    646  2.590299686007521E-001  1.627528990962940E+005
    647  6.725170762500343E-002  7.594947790339801E+002
    648  1.572497923329025E-001  6.149186788661063E+004
    649  4.584463364419915E-001  5.218042712511108E+005
    650  2.903265075811421E-001  3.103866799003397E+005
    651  1.559489596090767E-001  5.932612566444610E+004
    652  6.668141925768070E-002  3.855582861893369E+002
    653  8.909390470369567E-002  1.691104152150447E+004
    654  9.217821878629270E-001  1.224284443522730E+006
    655  4.634770327186288E-001  5.523518958705260E+005
    656  4.296619023479228E-001  2.351063951553493E+005
    657  1.831632519204138E-001  7.765882530728674E+004
    658  1.101210576245067E+000  9.165217922335725E+005
    659  7.411562653412661E-001  8.895139093894502E+005
    660  1.653185805769688E-001  6.382284283576515E+004
    661  9.815929263251071E-001  1.296793870083231E+006
    662  9.435464300688923E-002  2.028185534601501E+004
    663  1.488266284996017E+000  1.902687525471550E+006
    664  1.234078479468780E-001  3.959081272473469E+004
    665  2.120673006603774E-001  9.440017630058508E+004
    666  9.755054921435683E-001  8.296152318681967E+005
    667  1.201265355393043E+000  1.009870089778685E+006
    668  1.333828149834720E-001  4.817461806891468E+004
    669  1.291616423334685E+000  1.670849370588648E+006
    670  3.389404861873682E-001  1.820259675986920E+005
    671  2.914214101254478E-001  3.155112805480970E+005
    672  6.016963720725482E-001  3.426147742835753E+005
    673  4.271463175038862E-001  3.085973975709805E+005
    674  6.302983520077283E-001  3.689890793851023E+005
    675  1.669015100992642E-001  1.160407417779632E+005
    676  3.042926989291272E-001  2.411619387944560E+005
    677  1.585417778966070E-001  5.984799224237506E+004
    678  1.161943335563268E+000  1.117836844517144E+006
    679  1.821853368471268E-001  7.899298878274347E+004
    680  2.835516041226309E+000  4.018913132345900E+006
    681  1.261199930499571E+000  1.438072141736542E+006
    682  3.769370850416922E-001  2.037039977972455E+005
    683  7.071918663220590E-001  9.754143602017579E+005
    684  3.522499211243804E-001  1.840378491190611E+005
    685  1.572544336112148E-001  6.423177771428035E+004
    686  1.063521727217897E+000  1.310466300432883E+006
    687  1.280578181015762E+000  1.820349373771011E+006
    688  1.096216339610082E-001  3.023284931519187E+004
    689  1.104568416558625E+000  1.218750735840047E+006
    690  8.981111731298840E-001  9.780644226750402E+005
    691  1.470924378706885E+000  1.984759844871436E+006
    692  7.394680031516272E-002  7.157170395956450E+003
    693  8.548952458384575E-002  1.771543769254595E+004
    694  2.596694232823279E+000  3.206646153695165E+006
    695  3.531457263465932E-001  1.924767636254817E+005
    696  1.430177729006900E-001  5.356436852850232E+004
    697  1.929782813886151E+000  2.249696059190553E+006
    698  4.613220406625212E+000  5.831922988248155E+006
    699  1.455144006929729E-001  5.556983310021325E+004
    700  9.192541259840589E-001  7.333788173779453E+005
    701  6.903591106573699E-002  4.007713847396607E+003
    702  5.139526289982215E-001  4.074784984296027E+005
    703  1.109688937732335E-001  3.079811133172968E+004
    704  6.809825221692929E-002  3.603181966088373E+003
    705  1.204564499702711E-001  3.589191439552663E+004
    706  8.194814960668969E-001  1.013132389465477E+006
    707  1.640592918456203E-001  6.566404547518668E+004
    708  2.028775906242742E+000  2.654818414367648E+006
    709  2.290957986096596E-001  1.145519654180833E+005
    710  1.816519333584285E+000  2.670340610041248E+006
    711  9.637861270490389E-002  2.503543946918864E+004
    712  2.339502747391864E+000  3.388284082560407E+006
    713  4.421066949462005E-001  2.462218737634658E+005
    714  1.251166455145926E-001  4.148776515653972E+004
    715  1.272872683178429E-001  4.395779009743196E+004
    716  1.539997151025546E+000  2.063009793683546E+006
    717  1.539783519105471E+000  1.937990533516844E+006
    718  6.429910883005874E-002  2.994033084396239E+003
    719  1.230322343666003E+000  1.384721760462951E+006
    720  7.294894122030142E-002  7.613729940247408E+003
    721  4.359548799764300E-001  4.493479420686535E+005
    722  1.256692252155999E-001  4.383831937513788E+004
    723  6.622120150375006E-002  6.489536699107372E+003
    724  6.010815964712620E-001  8.045084442952102E+005
    725  5.244959031552635E+000  7.665253420838759E+006
    726  7.863554866688212E-002  1.191728594239462E+004
    727  1.524975272728267E+000  2.158701027106629E+006
    728  9.380883960402528E-002  2.132299292552622E+004
    729  9.097682166389690E-002  1.890445989149706E+004
    730  8.889675934493084E-001  1.030204908110425E+006
    731  4.045948613912296E-001  4.676235612439781E+005
    732  1.705898978078752E-001  6.799379682469329E+004
    733  4.606674247944826E-001  5.321876956280749E+005
    734  6.358689461152896E-002  2.605577787900054E+003
    735  7.748541174658238E-002  1.497983908988222E+004
    736  6.681119695805079E-002  4.759153187470939E+003
    737  1.651658821733866E-001  1.386366148806602E+005
    738  4.779483813970157E-001  5.414935583106464E+005
    739  9.529922096182848E-002  3.025131529470533E+004
    740  6.538010149514104E-002  7.229995095097274E+003
    741  1.177735597377052E+000  1.839315528980716E+006
    742  9.893659789454561E-001  1.084398369387099E+006
    743  6.202167214123207E-002  1.727624463075987E+003
    744  2.162218227146318E-001  1.037784435514096E+005
    745  1.194041287670168E+000  1.573704841376041E+006
    746  4.495616201457256E-001  4.941482368953322E+005
    747  8.599207819860036E-002  1.868672220844974E+004
    748  2.404179185930533E-001  2.415529467581866E+005
    749  7.762007603935697E-001  9.729043411877826E+005
    750  7.275973612832463E-002  8.982814707227457E+003
    751  3.272768431469313E-001  3.778884887442985E+005
    752  6.297715534857834E-002  2.038815880910342E+003
    753  7.200919921450653E-002  8.850984317073211E+003
    754  1.308925617485445E-001  4.974606883491678E+004
    755  4.925149402693499E-001  5.060803848950914E+005
    756  5.722971863141358E-001  5.900446479054576E+005
    757  5.999564548948179E-001  4.742658886928361E+005
    758  1.245678871370341E-001  4.256135160008284E+004
    759  6.242481795072721E-002  2.613869390161489E+003
    760  4.159024612988149E-001  4.328162018110012E+005
    761  1.087440414667351E-001  3.171471185110220E+004
    762  8.146954386898383E-001  8.555121007771810E+005
    763  1.007925490829378E+000  1.093247929556048E+006
    764  1.091853352553377E-001  3.422411536818957E+004
    765  2.894759030570933E+000  4.215115595985140E+006
    766  8.879269504408277E-002  2.276168704503400E+004
    767  1.229866324811685E-001  4.208951037538581E+004
    768  2.695555298515716E+000  2.554764102390389E+006
    769  1.648990083803254E+000  2.109662866468342E+006
    770  1.437418289203219E-001  5.722103442065695E+004
    771  8.585402653227097E-001  9.118226147721611E+005
    772  2.081505777545361E+000  2.667128576811510E+006
    773  6.262356465633671E-002  3.908986560771853E+003
    774  1.183474192061600E+000  8.369674156241663E+005
    775  5.949414866158700E-002  3.014083979828389E+003
    776  8.767284516368389E-002  1.930299614503323E+004
    777  3.370721785408441E+000  5.218058337799754E+006
    778  2.756045736291824E+000  3.476839178950833E+006
    779  8.168119626461455E-002  1.698901890826480E+004
    780  6.223598961499338E-001  7.708105994925955E+005
    781  1.501940442570292E-001  6.206214948828302E+004
    782  1.958426917433851E-001  9.180369034755514E+004
    783  3.689848458482313E+000  5.150055807259987E+006
    784  1.897906111914678E+000  2.150433156674208E+006
    785  3.922054553084222E+000  5.676788860496911E+006
    786  1.208695181125921E-001  4.302383171430161E+004
    787  2.521028829026473E-001  1.320114238374229E+005
    788  7.107509656579852E-002  1.096057488219307E+004
    789  8.401839222440253E-001  1.083668754363667E+006
    790  2.065722102131983E-001  9.768715178675334E+004
    791  1.729133257339030E+000  2.482128364865611E+006
    792  1.045319683103470E-001  3.650308124439789E+004
    793  6.067463637050521E-001  6.886818020083162E+005
    794  1.458995884855762E-001  5.718183317924574E+004
    795  8.683202287826028E-001  1.223178340215011E+006
    796  3.558645567593008E-001  3.991886177473017E+005
    797  3.555716420026392E-001  3.680716041511351E+005
    798  6.503420097119098E-002  8.530989476812776E+003
    799  8.800624298191659E-001  1.166832701215842E+006
    800  2.683558785745266E-001  1.448750262413225E+005
    801  5.703082845330381E-002  2.160788064793544E+003
    802  1.138385510494847E+000  1.447038306373484E+006
    803  3.465913466244089E-001  4.370883052718123E+005
    804  1.735165159802619E-001  7.814027265443515E+004
    805  8.736802833557092E-002  2.338529725046343E+004
    806  5.901475559030573E-002  2.802106319473650E+003
    807  1.218467694863505E+000  1.253020578630896E+006
    808  4.098465659996770E-001  4.220431805886575E+005
    809  1.242596904662082E-001  4.588561224883908E+004
    810  1.688430800051682E+000  2.729671572610258E+006
    811  6.414550020541125E-002  7.531950108800557E+003
    812  5.052243331399121E-001  6.937447729720677E+005
    813  2.882347022639160E+000  4.657311360974728E+006
    814  6.324391474700850E-002  6.459699217691442E+003
    815  1.760754369145538E-001  8.831512815698127E+004
    816  2.663859063437584E+000  4.358107198517723E+006
    817  1.148149981143717E+000  1.781044711081875E+006
    818  7.962760657146196E-002  1.825339976323047E+004
    819  6.188334863744277E-002  7.562178233365059E+003
    820  5.510332913784716E-001  6.341916734044795E+005
    821  7.763803827390886E-001  8.733409260572875E+005
    822  4.422214051764231E-001  5.439138400392117E+005
    823  5.417130069179713E-002  9.811703781543339E+002
    824  5.261232673160873E-001  6.700351938427077E+005
    825  6.833588560060065E-001  9.771196697650547E+005
    826  1.103063667594998E+000  1.503639090514418E+006
    827  3.938160251530285E-001  4.099283847345747E+005
    828  9.669704461491532E-002  3.080962366039800E+004
    829  2.791165239393110E-001  2.881362610611594E+005
    830  6.901054680126587E-002  1.310690139195108E+004
    831  5.012762697632238E-001  4.628779419642163E+005
    832  5.289698588814660E-001  5.219400886060286E+005
    833  5.469858427065265E-002  1.479007587274410E+003
    834  7.002426289145142E-002  1.102548109198248E+004
    835  5.932699332235351E-001  7.190625971549578E+005
    836  1.278718395111825E+000  1.662439498221516E+006
    837  6.677089167009977E-002  1.948219778855465E+004
    838  4.812656942789777E-001  4.437213520241528E+005
    839  7.213900232618115E-002  1.326726011986040E+004
    840  5.418078998248547E-002  1.193009734792342E+003
    841  5.929144526171981E-002  4.431416145487331E+003
    842  1.442072043515311E+000  2.244494246775840E+006
    843  4.101500253800608E-001  4.080821789381054E+005
    844  1.144531682828678E+000  1.036027330157103E+006
    845  1.581387315943425E-001  7.238163615098463E+004
    846  1.382431819334621E-001  5.627449528676399E+004
    847  1.052527992609930E+000  1.202967918037138E+006
    848  2.120901521590790E+000  2.409938553326663E+006
    849  1.281400738355098E-001  5.128321380966016E+004
    850  5.376664122696564E-002  1.663993264629353E+003
    851  5.884378672235421E-001  6.921525114548396E+005
    852  1.312832476548292E-001  5.490048628216784E+004
    853  2.750017649312732E-001  3.368700119149965E+005
    854  7.321715188248251E-001  9.673811945602995E+005
    855  7.238917774012315E-001  8.880227322488911E+005
    856  5.918469198076183E-002  8.975535283452331E+003
    857  5.978313230933809E-002  8.038129614848895E+003
    858  7.172418195079613E-001  1.061514137851699E+006
    859  9.710843001610123E-002  3.230697403839245E+004
    860  3.592611350426239E-001  4.842471381291582E+005
    861  6.015181886214045E-002  1.058734804038956E+004
    862  1.484483971102674E-001  6.404852665849330E+004
    863  3.550597646066441E-001  4.938882497082083E+005
    864  5.272123287849451E-002  1.967465939289254E+003
    865  3.286085854777143E-001  3.811674915330283E+005
    866  1.471411282907011E+000  2.018095193575074E+006
    867  6.225637613243294E-002  1.021322860144373E+004
    868  7.295105624680667E-001  9.819766968818741E+005
    869  5.380385706278425E-002  3.340560019758219E+003
    870  4.449552437421053E+000  6.430187007593314E+006
    871  5.144304466814643E-001  5.777988232507274E+005
    872  4.988153721920414E-002  1.565743812406920E+003
    873  4.707315048503334E-001  4.173269537695239E+005
    874  5.444600441477743E-002  3.893377260049045E+003
    875  1.310197008648386E+000  1.130504271348887E+006
    876  6.727322927840136E-002  1.282758939044360E+004
    877  1.288614389543171E+000  1.590827324880566E+006
    878  7.032287745147670E-002  1.357537045120056E+004
    879  1.914989861456490E-001  1.078360903964227E+005
    880  4.124644055150319E-001  3.227065527083780E+005
    881  4.834547617516863E-002  6.260507232400859E+002
    882  6.652996234037208E-002  1.322512251098896E+004
    883  1.521200528993551E-001  1.243706132495325E+005
    884  3.139286101179727E-001  3.715704976211121E+005
    885  4.773333521285735E-002  1.118723594542010E+002
    886  1.047151882748088E+000  1.404569826377225E+006
    887  7.917142244778002E-001  1.065705133170667E+006
    888  7.182322613683105E-002  1.585881325532932E+004
    889  4.755976729683614E-002  9.263562925269530E+002
    890  1.135069106825782E+000  1.132869067911136E+006
    891  4.907919443438726E-002  3.278585230197457E+003
    892  9.465416596582978E-001  1.029552484368979E+006
    893  1.207208337978975E-001  4.807683810119465E+004
    894  2.841330699608558E-001  1.775211757820621E+005
    895  1.128639028469750E+000  1.420716082546986E+006
    896  3.375606130182844E-001  2.295918539314387E+005
    897  2.508230459301684E+000  2.599637731696508E+006
    898  1.972349332519266E+000  2.251714491380796E+006
    899  5.373820437575871E-001  3.252296647670614E+005
    900  6.136383886844409E-002  1.197555397240234E+004
    901  9.258917137007699E-002  3.007376723929486E+004
    902  1.381840697772429E+000  1.922158791819170E+006
    903  7.961831071032736E-001  6.204630086131328E+005
    904  4.870294536163056E-002  4.129217445003047E+003
    905  2.522371916666024E+000  2.906360805296253E+006
    906  5.404672100350909E-002  8.493243585436359E+003
    907  8.697651341251506E-001  8.189668305654268E+005
    908  9.930648972858154E-002  3.497788731462067E+004
    909  9.634353809543008E-001  1.255633769417152E+006
    910  2.924419044128314E-001  1.602334937292431E+005
    911  3.857669413626424E+000  4.796606903630633E+006
    912  5.649739721385385E-002  9.632101683565877E+003
    913  1.258611061298408E-001  9.848181062760233E+004
    914  4.529788526575188E-002  2.163481270342579E+003
    915  1.358596775233072E-001  6.380459039438086E+004
    916  3.088574596263226E-001  3.178609268325081E+005
    917  5.606811621026582E-001  5.544743323051677E+005
    918  9.683955400761772E-001  1.135864801268708E+006
    919  6.481574169635138E-001  5.920558415412739E+005
    920  8.011286154111791E-002  2.503198075060008E+004
    921  2.059004977315647E-001  1.943261363931888E+005
    922  1.710619189368695E-001  9.013899783765683E+004
    923  1.682241114502334E-001  8.660722082196071E+004
    924  1.732576829150553E+000  2.564945806205561E+006
    925  6.687552649228161E-002  1.599725688478481E+004
    926  2.602828205113065E+000  1.870041661113056E+006
    927  1.848179825188253E-001  9.400446371986637E+004
    928  3.003036308725471E+000  3.951151992025809E+006
    929  3.264580745889695E+000  4.676893705511845E+006
    930  3.664890451388856E+000  5.173690962954814E+006
    931  9.663281210853927E-002  3.921233640924490E+004
    932  3.934180634429331E-001  4.108878383712262E+005
    933  8.589246365885608E-002  3.161301128252094E+004
    934  1.220446398904292E+000  1.855789515699065E+006
    935  6.463462196220769E-002  1.557151409473905E+004
    936  7.106637319996344E-002  3.312681293304943E+004
    937  3.397947409179848E+000  4.423479267960157E+006
    938  4.985412147926196E-001  5.426540072732364E+005
    939  8.041161048691875E-002  2.564124143321231E+004
    940  6.804571863887708E-001  7.609657098439498E+005
    941  5.268905804566159E-002  1.042715435931392E+004
    942  4.885406130431945E-001  6.742905142287202E+005
    943  1.995382604173365E-001  1.720423673046639E+005
    944  5.809830457939581E-001  5.463682776536737E+005
    945  5.554707078629150E-001  6.373906902561686E+005
    946  4.721610392515239E-002  5.001664412483011E+003
    947  1.739395538772110E+000  2.506244171878405E+006
    948  5.962707356330035E-001  6.603798439892571E+005
    949  1.139252039541084E-001  5.151072660072872E+004
    950  4.850694326221786E-001  4.356616016311320E+005
    951  7.933713263998984E-002  2.798424363224554E+004
    952  1.503210619142070E+000  1.878771320121037E+006
    953  9.215646579189855E-002  4.233428536743850E+004
    954  1.484732897067942E+000  2.404996403790139E+006
    955  5.857011498305524E-001  9.684014324195487E+005
    956  4.516497653112670E-002  9.263606312678359E+003
    957  8.011052415639566E-002  2.677748162065859E+004
    958  5.183027672758616E-001  7.831222533515147E+005
    959  5.250214974254182E-002  9.529722271934663E+003
    960  4.125120767979696E-001  5.624664886449404E+005
    961  7.267421413016611E-002  2.211670118681330E+004
    962  5.137404221116606E-001  4.803423140699047E+005
    963  1.675831253353641E-001  8.406184306540304E+004
    964  9.426648239255505E-001  1.416250520637210E+006
    965  4.123483696765478E-002  2.299650449944018E+003
    966  2.050309739543346E+000  3.340017492733864E+006
    967  6.123239259675113E-001  5.161897281093558E+005
    968  6.442537945065437E-001  7.628216149853967E+005
    969  4.433325734715216E-002  3.817134473352224E+003
    970  1.646952975812269E+000  1.729277949195500E+006
    971  4.459934136606772E-002  4.362255631490135E+003
    972  4.289304556777394E-001  5.248324226944420E+005
    973  2.753952412952320E+000  2.944885124762663E+006
    974  5.220699845442790E-002  8.745780978291376E+003
    975  2.760188030605938E-001  2.301536230527560E+005
    976  4.283044217350855E-001  4.925863667924304E+005
    977  2.609466304082164E-001  1.836527359660656E+005
    978  8.490090749797963E-002  4.050171503543497E+004
    979  9.796935004812206E-001  9.946168151485546E+005
    980  6.022505142797910E-002  1.637839187223647E+004
    981  8.901154448121242E-001  1.338673479994432E+006
    982  1.048641835345822E-001  4.801397897128397E+004
    983  4.057264705861160E-001  3.845608067143090E+005
    984  3.740432907265580E-001  4.021632048531004E+005
    985  8.995837673819845E-002  3.819091098851003E+004
    986  2.790874415837610E-001  3.282980851295124E+005
    987  6.864510452198971E-002  1.917030027021280E+004
    988  2.220878315956529E-001  2.673091650103768E+005
    989  1.026952359352786E+000  1.602053218424557E+006
    990  1.037949469237509E-001  4.134441429991386E+004
    991  2.566146371449357E+000  3.929485373678538E+006
    992  1.602420007087660E+000  1.542276946147490E+006
    993  4.991696478786307E-002  9.626442965585653E+003
    994  1.439799265236704E-001  6.763841965167683E+004
    995  1.570434562969426E+000  1.011463959977962E+006
    996  4.233343210378387E-002  4.918130937620421E+003
    997  1.605643177792465E+000  2.278369291471799E+006
    998  4.217576727117892E+000  4.800870709607972E+006
    999  4.335923383819367E-002  9.729440894288542E+003
   1000  2.080890302106190E+000  2.958500058514286E+006
   1001  4.210037361450767E+000  5.433542580878215E+006
   1002  1.112027820606096E-001  6.443279691773856E+004
   1003  6.118397903598852E-002  1.650694450588264E+004
   1004  1.669563817232210E-001  8.229420381962747E+004
   1005  8.938877954615468E-001  1.070233118395104E+006
   1006  3.956893550028957E+000  5.350701508960912E+006
   1007  4.381147217853344E-002  8.872524966537641E+003
   1008  2.046452702647922E+000  2.447074944046300E+006
   1009  2.280064344579002E+000  2.832745493133585E+006
   1010  9.738568650128659E-002  4.104894957106349E+004
   1011  1.200564108017359E+000  1.168408851621571E+006
   1012  6.397477026854217E-002  1.828099579591752E+004
   1013  5.525288892047300E-001  6.716092639998061E+005
   1014  7.640060302639103E-001  6.465926410675814E+005
   1015  4.002378682770025E-002  4.828400153060456E+003
   1016  1.368817501839444E+000  1.720846698043353E+006
   1017  1.149486199165468E-001  4.855283320933145E+004
   1018  1.504934747642101E+000  1.837321584695406E+006
   1019  3.769366856036869E-002  7.959920213750125E+002
   1020  1.358100851461241E+000  2.006081205063580E+006
   1021  4.173605940756807E-001  5.197533136079926E+005
   1022  9.067568649263535E-001  1.200766380654105E+006
   1023  5.880886772997741E-002  1.324951041542945E+004
   1024  3.750593039879453E+000  5.149029847755568E+006
   1025  6.967686490447571E-002  2.213667356088125E+004
   1026  2.275556110014655E+000  2.472191591551804E+006
   1027  2.972475624202023E+000  3.743070243664925E+006
   1028  1.775706246741321E-001  9.245135090295759E+004
   1029  7.658890403947312E+000  5.753376069548008E+006
   1030  3.783107479047249E-002  1.177853014916979E+003
   1031  2.189399914968551E+000  2.817763817906633E+006
   1032  1.918528405302570E+000  1.779967067417062E+006
   1033  6.538254574985115E+000  4.662635395084382E+006
   1034  9.107287081885257E-001  9.309787617755424E+005
   1035  1.139104685455966E-001  4.860987762617566E+004
   1036  9.400800960987219E+000  7.190858451928281E+006
   1037  4.496221176097125E-002  5.897018375925149E+003
   1038  5.154533894175682E+001  3.166089330270392E+007
   1039  3.123623651459692E+001  2.268267034845954E+007
   1040  2.031232682808460E-001  1.159065714863279E+005
   1041  4.939376416605945E+001  3.028370226118324E+007
   1042  7.085312338069466E+000  1.007969892781934E+007
   1043  1.252437048979675E-001  5.470818326281832E+004
   1044  9.228051801958335E+000  1.225122113419466E+007
   1045  4.938483682239338E+000  6.089120809175663E+006
   1046  3.347352180481751E-001  2.079269985623242E+005
   1047  7.482850897446374E+001  4.423949948916972E+007
   1048  4.468264005556404E+001  3.620156888638284E+007
   1049  6.831379469237769E-002  2.638843440045529E+004
   1050  6.741033966690786E+000  7.478890766928174E+006
   1051  1.245551460757945E-001  5.238755028626265E+004
   1052  3.462792623136794E+001  3.455573116498017E+007
   1053  1.168920996950920E+001  9.070135373152239E+006
   1054  8.533294109834021E-002  3.474629733635971E+004
   1055  5.778656061512252E+000  7.006410829469044E+006
   1056  1.006334820104001E-001  7.862735394530160E+004
   1057  7.378938717737618E+000  7.802466896265001E+006
   1058  1.465938595103187E+001  1.300460189683039E+007
   1059  4.375636386645489E-002  9.939218246887387E+003
   1060  3.710087772536340E+001  4.621625310113529E+007
   1061  8.769727090213154E+000  7.376323045152952E+006
   1062  1.018689275291812E+001  1.008775745049517E+007
   1063  2.924612479628682E-001  1.844903384211032E+005
   1064  3.694399249918717E+000  3.251573586822154E+006
   1065  1.234091553216193E-001  6.126997732238972E+004
   1066  5.400026562664527E+000  7.346122683382587E+006
   1067  1.590210954863721E+001  1.878228023929341E+007
   1068  2.174137270718099E-001  1.182896170139199E+005
   1069  5.422776043429446E+001  4.536941371059275E+007
   1070  2.807068438288677E+002  3.375183055090991E+008
   1071  1.262563602405572E+001  1.493847839259836E+007
   1072  9.756890098025545E+001  6.703131901752669E+007
   1073  5.246381419874489E-002  1.584663568496212E+004
   1074  5.539144478077210E+001  7.051175600434583E+007
   1075  1.299640770908616E+001  8.423442095446786E+006
   1076  8.455989217003775E-001  9.951850067012714E+005
   1077  3.526390457302944E-001  4.291445408132761E+005
