# dt =   1.000000000000000E-007
# j, New nj, Rate of change (1/s)
      1  2.185501565008519E+000  2.064392318101468E+004
      2  2.229244733822571E+000  9.192867886658496E+005
      3  2.107472732397314E+000  8.193351082718556E+004
      4  2.086667216104345E+000  2.940026559530727E+005
      5  2.088175925221398E+000  6.950527289242424E+005
      6  2.004949995170813E+000  7.091065117993017E+004
      7  2.683946200202930E+000  6.936035388541348E+006
      8  2.339275014672868E+000  3.565574977209341E+006
      9  2.046073186849018E+000  8.037414290171670E+005
     10  2.206118697377453E+000  2.620908381954274E+006
     11  1.790561029557971E+000  3.593478375772966E+005
     12  1.758422854586260E+000  2.861982043899070E+005
     13  1.471015050618888E+000  1.507592498965162E+004
     14  1.469700181964488E+000  8.168629678683319E+004
     15  1.435879106005911E+000  1.298350097863345E+004
     16  1.458571336066041E+000  2.990905699062655E+005
     17  1.443378328569694E+000  2.168827921585585E+005
     18  1.511506948063090E+000  1.180989323431265E+006
     19  1.383350207793828E+000  1.133279550832888E+004
     20  1.408114351254592E+000  3.321414474547331E+005
     21  1.376974355580302E+000  4.423535049014125E+004
     22  1.389926770239162E+000  1.768735179520005E+005
     23  1.717329225939181E+000  3.539675706817823E+006
     24  1.628078103475666E+000  2.689173236462025E+006
     25  1.280471088750917E+000  1.083412306538246E+004
     26  1.275168323468334E+000  1.177083314836874E+004
     27  1.471949566503187E+000  2.077616581034031E+006
     28  1.262013538378123E+000  8.416203530097978E+004
     29  1.316957515439077E+000  6.409686829667863E+005
     30  1.233346538842187E+000  4.855772363883341E+004
     31  1.285505724058121E+000  6.459329255940021E+005
     32  1.207321367789962E+000  1.091800470709406E+005
     33  1.211036937139422E+000  1.562498098370671E+005
     34  1.198641037064817E+000  8.136997860734774E+004
     35  1.260141415934303E+000  7.709936027138381E+005
     36  1.206694727146169E+000  2.521942782923407E+005
     37  1.217967787231037E+000  3.941122941841783E+005
     38  1.427133373546999E+000  2.500590659070428E+006
     39  1.185747471495732E+000  1.124083481076704E+005
     40  1.202834212574597E+000  3.475471099909772E+005
     41  1.193080517331543E+000  2.834011587682635E+005
     42  1.177840829992286E+000  1.804842493743432E+005
     43  1.142709589591373E+000  9.867319189754089E+004
     44  1.160490293089644E+000  2.915775605131391E+005
     45  1.128306466137094E+000  7.992320084743052E+004
     46  1.129974218767471E+000  1.167670209913912E+005
     47  1.114908757313043E+000  5.712599824790503E+002
     48  1.141109199689505E+000  3.006276315814689E+005
     49  1.118389730874977E+000  7.866094881901513E+004
     50  1.111113813496440E+000  2.298467794431777E+004
     51  1.124776286745663E+000  1.756970593204785E+005
     52  1.106172118340851E+000  1.854100517113506E+004
     53  1.110357041004012E+000  6.072863721464283E+004
     54  1.165638827136285E+000  6.412452246265734E+005
     55  1.182255667369021E+000  9.683951748988031E+005
     56  1.078260837193059E+000  1.582014221780518E+003
     57  1.142703476931800E+000  7.790822053376018E+005
     58  1.144722014373353E+000  8.136680034627774E+005
     59  1.061616328082465E+000  8.309771603498046E+003
     60  1.211319890599587E+000  1.530839527002978E+006
     61  1.056830357927584E+000  4.561904308599182E+004
     62  1.052482649437235E+000  4.022311381107692E+004
     63  1.048176898619751E+000  1.421848211736394E+004
     64  1.173993511087395E+000  1.295599547793963E+006
     65  2.433001059762039E+000  1.392675580797182E+007
     66  1.053842543867407E+000  1.756299608053458E+005
     67  1.212495061059612E+000  1.820540839665217E+006
     68  1.032892814006200E+000  3.518368450131798E+004
     69  1.033588425879964E+000  5.262291469145480E+004
     70  1.278671973656112E+000  2.584761213724054E+006
     71  1.419237511460280E+000  4.030918211874634E+006
     72  1.019089670784947E+000  5.427798994601002E+004
     73  1.030566723793920E+000  2.133401006298649E+005
     74  1.021481716861950E+000  1.348294896396429E+005
     75  1.004802757447287E+000  2.191762422030592E+004
     76  1.004449949565780E+000  2.735992498857591E+004
     77  1.007484037600199E+000  6.758232658763626E+004
     78  1.005940670683520E+000  6.754908561300478E+004
     79  1.005670856437876E+000  8.588289264779414E+004
     80  1.042120313305778E+000  4.984765234020120E+005
     81  9.980874407255897E-001  5.898442249191269E+004
     82  9.948718929551343E-001  6.151792430958294E+004
     83  9.910402662245508E-001  2.549401238622055E+004
     84  9.899003531578771E-001  3.007469004928058E+004
     85  1.026166165441871E+000  4.391433833461549E+005
     86  1.080423012435907E+000  9.946600187980920E+005
     87  9.752762611701542E-001  8.006086344275362E+003
     88  9.745709419062942E-001  1.558319008373485E+004
     89  9.817687834560028E-001  1.414469399814259E+005
     90  1.078105032218798E+000  1.127717237869604E+006
     91  9.888002337071469E-001  2.511199468283936E+005
     92  9.902817283644584E-001  2.719888972083225E+005
     93  9.644365547479935E-001  3.691298097146082E+004
     94  9.801194437843372E-001  1.995773840683878E+005
     95  9.854762035946564E-001  2.678151340351566E+005
     96  9.638936729416211E-001  5.910709270809413E+004
     97  9.767409858383909E-001  1.971820087974803E+005
     98  9.723498236565030E-001  1.552788624414101E+005
     99  9.561216077270088E-001  8.134950255407412E+003
    100  9.837463456417145E-001  2.909161471716225E+005
    101  9.665676421300223E-001  1.264021206810937E+005
    102  9.534141260259296E-001  1.012351846735071E+005
    103  1.114451148027159E+000  1.785727512976258E+006
    104  9.352726132248685E-001  3.430014941861139E+004
    105  9.423502333800673E-001  1.479935085667909E+005
    106  9.418276552206477E-001  1.440250701369333E+005
    107  9.256043711227049E-001  1.332827754965290E+004
    108  9.809688014893118E-001  5.855706801524950E+005
    109  9.284558418558126E-001  7.916059223125233E+004
    110  9.320213105224335E-001  1.237120934264680E+005
    111  9.363764680538098E-001  1.736511770806593E+005
    112  9.231060809980242E-001  4.733601135084913E+004
    113  9.215160604098308E-001  3.782907399386276E+004
    114  1.063277565812230E+000  1.494672530359598E+006
    115  9.273915513217640E-001  1.593059637032961E+005
    116  9.174484561119349E-001  6.616035458087777E+004
    117  9.219722868781340E-001  1.337407765209026E+005
    118  9.054089094996646E-001  2.314135745898993E+004
    119  9.044451694205661E-001  1.950626175908999E+004
    120  9.128338447952099E-001  1.294999680121695E+005
    121  9.059853671085527E-001  6.965489126869368E+004
    122  8.968422021670963E-001  3.437870495616975E+003
    123  8.969889687586118E-001  1.738089136264137E+004
    124  8.922056241463309E-001  1.142063938221432E+003
    125  9.071618698515944E-001  1.600053456729396E+005
    126  8.957428078947194E-001  5.721454018979351E+004
    127  8.916915555328853E-001  1.813035015810370E+004
    128  8.916759087074541E-001  4.650497397602695E+004
    129  8.859018540790309E-001  8.816647170663692E+002
    130  8.861263432517904E-001  8.666578801579893E+003
    131  8.992154874200164E-001  1.721626128393184E+005
    132  8.827238941659090E-001  1.327580562357425E+004
    133  8.950596800108592E-001  1.477288731762892E+005
    134  8.875341443255009E-001  1.073670295217471E+005
    135  8.788086882807208E-001  2.813204437178393E+004
    136  8.784235067294407E-001  4.182821150890336E+004
    137  8.794140261290097E-001  5.636543480812663E+004
    138  8.826528826219084E-001  9.917852130886313E+004
    139  8.748399896643269E-001  3.151390707138008E+004
    140  8.741385686789156E-001  2.887294082654558E+004
    141  8.724104185217663E-001  2.330745833263393E+004
    142  9.077275999428966E-001  4.033244958207339E+005
    143  8.755340877002578E-001  1.218813763353189E+005
    144  8.790914365547422E-001  1.634798444840795E+005
    145  8.617726160551519E-001  4.065638183513604E+004
    146  8.565345214922364E-001  7.158964400168687E+002
    147  8.553753155174660E-001  1.756631508959930E+004
    148  8.539200274411568E-001  4.401791666358698E+004
    149  8.582981850410679E-001  1.225624220642832E+005
    150  8.405301313709465E-001  6.666959131221352E+004
    151  8.921397366066355E-001  5.908110564769314E+005
    152  8.766252177682229E-001  4.757473837995683E+005
    153  8.356386341467553E-001  1.094774884164065E+005
    154  1.015862955248976E+000  1.945703913961492E+006
    155  8.288893176191742E-001  7.997495843391794E+004
    156  8.247568699424909E-001  5.720043746029192E+004
    157  8.474820279606922E-001  2.923406573659472E+005
    158  8.335715171062141E-001  1.630633580090851E+005
    159  8.179748542746164E-001  1.230009747600132E+004
    160  8.446828499684985E-001  2.804117311313414E+005
    161  8.327552241377075E-001  1.658830981251954E+005
    162  8.171072864478099E-001  1.117047718541416E+004
    163  8.878983236616738E-001  7.438990272616834E+005
    164  9.561182740514128E-001  1.454265399107896E+006
    165  8.945081031346449E-001  9.808455695056667E+005
    166  8.139830087517924E-001  1.855721744634281E+005
    167  7.946383578219481E-001  2.547857140851511E+004
    168  7.897151539159454E-001  3.557752125559083E+004
    169  8.041046383960656E-001  1.866364259024108E+005
    170  7.812339798246518E-001  1.341573070782552E+004
    171  7.785436855839231E-001  2.464839579841729E+004
    172  7.912849871444636E-001  1.625894553253766E+005
    173  7.838417558623414E-001  1.336240950064030E+005
    174  7.747644568748351E-001  7.503035766650815E+004
    175  7.659117326902609E-001  6.201465544891301E+003
    176  7.683801408901652E-001  3.419387478578536E+004
    177  7.713436281250805E-001  7.276736571274369E+004
    178  7.621605979967708E-001  7.759751284298811E+001
    179  7.599224172607324E-001  8.990516886952024E+003
    180  7.781374469250946E-001  2.111186861946124E+005
    181  7.570807068165204E-001  9.446197127678055E+003
    182  7.797726880360007E-001  2.482895472759399E+005
    183  7.719304175198163E-001  1.854583390607911E+005
    184  7.586404320757590E-001  8.741479727382051E+004
    185  7.936581199692262E-001  4.405040516898665E+005
    186  7.654531052025275E-001  1.786575244518158E+005
    187  7.486008044581448E-001  2.180905089866369E+004
    188  8.312874702374391E-001  8.642661379351300E+005
    189  7.443103351842593E-001  1.193011269361412E+004
    190  7.545008464111378E-001  1.258197245454683E+005
    191  7.443165433445579E-001  9.127169682625086E+004
    192  7.400836353796983E-001  5.004986412219499E+004
    193  7.482405519331834E-001  1.776692861484125E+005
    194  7.320812992325905E-001  1.845623679897193E+004
    195  7.466461191763027E-001  1.989904101054055E+005
    196  7.393711430260996E-001  1.364972128270054E+005
    197  7.305522857197357E-001  6.382413812324001E+004
    198  7.704771296297790E-001  4.726148255344722E+005
    199  7.618694521356069E-001  3.900862002202595E+005
    200  7.224031144189716E-001  1.324132673805799E+003
    201  7.280356584329153E-001  6.027535088993097E+004
    202  7.355163305145244E-001  1.375762576718858E+005
    203  7.225487266832068E-001  1.075494424494327E+004
    204  7.244533611982541E-001  3.342271879801343E+004
    205  7.307311472356963E-001  1.006131873867317E+005
    206  7.262742775164789E-001  5.785255948169376E+004
    207  7.468535071809853E-001  2.654125715413580E+005
    208  7.251773253700419E-001  5.221052942841226E+004
    209  7.215432789472618E-001  1.705587993149770E+004
    210  7.227892798387613E-001  3.297134692286671E+004
    211  7.207713764779288E-001  1.597964999352145E+004
    212  7.354530798775910E-001  1.708592252381165E+005
    213  7.211863492084807E-001  3.282547828664864E+004
    214  7.206278734098958E-001  3.425435092096086E+004
    215  7.188502419770760E-001  2.197398570498098E+004
    216  7.172274546939398E-001  8.886039917040596E+003
    217  7.218403122462473E-001  5.552296082519027E+004
    218  7.261808476020888E-001  1.052143006085378E+005
    219  7.158137784555577E-001  6.223833785192971E+003
    220  7.146352967951537E-001  1.112523914512577E+004
    221  7.232686557162367E-001  1.071862816529435E+005
    222  7.167533489345217E-001  4.390110496386187E+004
    223  7.434909139551154E-001  3.343173018331390E+005
    224  7.090147973029597E-001  2.391238527354693E+003
    225  7.085071981160754E-001  3.501951318902562E+003
    226  7.129301814252291E-001  5.588449593551567E+004
    227  7.075184562688239E-001  2.708569855563643E+003
    228  7.061165882220388E-001  1.303101679241891E+003
    229  7.440388934985543E-001  4.181333447691298E+005
    230  7.066000494978778E-001  1.323091655513697E+005
    231  6.922420266760557E-001  5.463260756196803E+004
    232  7.094027884323223E-001  2.315105255053659E+005
    233  7.030661620569123E-001  1.854235878177246E+005
    234  6.853039846146737E-001  2.180015384105469E+004
    235  6.799023680712037E-001  1.905267354028048E+003
    236  7.027194780562871E-001  2.450948350866675E+005
    237  6.838384276206526E-001  6.452571388453028E+004
    238  6.900281255079687E-001  1.283306527691535E+005
    239  6.821320899441703E-001  5.739695285526227E+004
    240  6.866083265264304E-001  1.137721872523685E+005
    241  6.940404047292741E-001  2.006430945692564E+005
    242  6.761058859862822E-001  2.747404093673353E+004
    243  6.723276693732252E-001  4.292796672055146E+003
    244  6.733867801366809E-001  1.940628076082372E+004
    245  7.000884522083318E-001  2.946639350810941E+005
    246  6.738183392388204E-001  1.092204311016358E+005
    247  6.662859913493024E-001  3.853888156269356E+004
    248  7.465330455132326E-001  8.518977198207630E+005
    249  6.683346731841558E-001  1.404832875287595E+005
    250  6.544016367068168E-001  6.421847460156020E+003
    251  6.643282618010514E-001  1.743346064883860E+005
    252  6.441908871523336E-001  3.478750330358940E+003
    253  7.117411328050353E-001  7.027857015338588E+005
    254  6.765466523118727E-001  3.683194669177264E+005
    255  6.732748299538570E-001  3.593920253204695E+005
    256  6.411432849104092E-001  4.520204522795126E+004
    257  6.362716548123245E-001  1.652031685691746E+004
    258  6.581367633689530E-001  2.605127546033383E+005
    259  6.417921037457807E-001  1.113704344183042E+005
    260  6.283523466113115E-001  1.534461753910612E+004
    261  6.283681295756013E-001  3.025182772909877E+004
    262  6.260207443359301E-001  1.528191842013962E+004
    263  6.240274393515307E-001  5.764126964839012E+002
    264  6.310301849418047E-001  8.062599179859308E+004
    265  6.226935554283906E-001  1.577068060401489E+003
    266  6.234072557410315E-001  1.125003778572965E+004
    267  6.228836908609632E-001  7.397873635766253E+003
    268  6.218174476174472E-001  1.029499729554622E+003
    269  6.221937314155109E-001  7.343868873080479E+003
    270  6.221742694156192E-001  9.417826343471765E+003
    271  6.213227810433362E-001  5.731958266668032E+003
    272  6.296241221016345E-001  9.258418924504862E+004
    273  6.221817047387364E-001  1.907952785518523E+004
    274  6.266837888275045E-001  6.469619335601607E+004
    275  6.267047762553154E-001  6.593483512914057E+004
    276  6.208989901522021E-001  1.376258293220337E+004
    277  6.199820611953279E-001  5.184962362600389E+003
    278  6.208108581909871E-001  1.556734548261559E+004
    279  6.265784381817743E-001  7.596425034463945E+004
    280  6.240601479391059E-001  5.276699392633266E+004
    281  6.262462722329130E-001  7.756581483382267E+004
    282  6.354384710322998E-001  1.780929110363979E+005
    283  6.214742302198361E-001  3.861068080336988E+004
    284  6.150073679376543E-001  5.215425941619681E+003
    285  6.167400670841072E-001  2.422890912416528E+004
    286  6.114953295642966E-001  5.659117296219471E+002
    287  6.118185591939328E-001  4.369853547142801E+003
    288  6.155722441835813E-001  8.889766757802891E+004
    289  6.133441666763646E-001  8.458335541576777E+004
    290  6.226387412099524E-001  1.815710141464064E+005
    291  6.332613780686623E-001  2.897889394298072E+005
    292  6.052509943371780E-001  1.683606818087753E+004
    293  6.582952950432901E-001  5.535592512255320E+005
    294  6.193306309004954E-001  1.729829780307001E+005
    295  6.163347953154534E-001  1.446067324990087E+005
    296  6.443534546287206E-001  4.306245951701521E+005
    297  6.719214596248301E-001  7.145952566801166E+005
    298  6.615540199840366E-001  6.362295042402680E+005
    299  6.091765152934200E-001  1.133337688734293E+005
    300  6.681469293425522E-001  7.270171227268866E+005
    301  6.848408129960496E-001  9.014297034411066E+005
    302  5.984208302267042E-001  3.901975389468169E+004
    303  5.975648648976970E-001  7.073805502401876E+004
    304  5.923225128322948E-001  4.455963845681102E+004
    305  5.865852803968082E-001  2.610633609693628E+004
    306  5.922854458377520E-001  9.132193358404197E+004
    307  5.855621582000794E-001  2.839975874798252E+004
    308  6.093094395828333E-001  2.668258476616326E+005
    309  5.861169290568763E-001  4.532162322644316E+004
    310  5.891318366749559E-001  8.551073637167456E+004
    311  5.816204505722090E-001  2.353811513672509E+004
    312  5.832741995048598E-001  4.274182890038013E+004
    313  5.793820659311332E-001  5.871502873585393E+003
    314  5.812256601846594E-001  3.170450528662109E+004
    315  5.782703804237915E-001  6.469093109829305E+003
    316  5.777553221339371E-001  4.705110706021013E+003
    317  5.799441768027126E-001  3.675034292519788E+004
    318  5.897631015944826E-001  1.362846940192787E+005
    319  5.771284349913947E-001  1.612163738550453E+004
    320  5.856046383243734E-001  1.080321811222599E+005
    321  5.793671177391403E-001  4.891146304757286E+004
    322  5.760895094960490E-001  2.316759980409416E+004
    323  5.757962458735384E-001  2.075716837554898E+004
    324  5.773416252385970E-001  4.230253753364558E+004
    325  5.830964365049958E-001  1.315553894567802E+005
    326  5.744626870757845E-001  4.612134238430221E+004
    327  5.765924678469151E-001  6.872871761720006E+004
    328  5.695192776071603E-001  3.066107962531689E+003
    329  5.974467410098513E-001  3.096336801654820E+005
    330  6.165531792565794E-001  5.137859438549287E+005
    331  5.717278154133421E-001  1.397687980804360E+005
    332  5.583989642937783E-001  1.135351026999878E+004
    333  5.620898981576128E-001  7.993058575566395E+004
    334  5.565104479606602E-001  3.593860644466710E+004
    335  5.720057127511781E-001  2.099469686485883E+005
    336  5.479937669176558E-001  5.965741651216473E+004
    337  5.402705822183852E-001  2.264910991520818E+004
    338  5.402175697229289E-001  6.018927943143854E+004
    339  5.245277121994398E-001  1.869786401548206E+004
    340  5.283829144097397E-001  6.539303675265529E+004
    341  5.533040818052161E-001  3.229969438202632E+005
    342  5.191782205644538E-001  4.633601536320549E+003
    343  5.252798954721796E-001  7.465750210490407E+004
    344  5.283239326808838E-001  1.160984362766952E+005
    345  5.135480076585053E-001  6.448975770303507E+003
    346  5.441493664579966E-001  3.181439437251252E+005
    347  5.423811053848152E-001  3.015286624071768E+005
    348  5.244379151704502E-001  1.737307315337318E+005
    349  5.090618240746043E-001  2.183677212002677E+004
    350  5.055495387591001E-001  1.991289841300021E+003
    351  5.086583306517459E-001  4.029744859051153E+004
    352  5.020719295136502E-001  7.809596832047346E+004
    353  4.927613771932171E-001  2.379055880841050E+003
    354  4.922285772580643E-001  5.025257618008995E+003
    355  4.943715731600669E-001  3.941347395264435E+004
    356  5.062902643068572E-001  2.218163394036393E+005
    357  4.907021286769581E-001  9.106707732142769E+004
    358  5.470255175492691E-001  6.628206950187922E+005
    359  4.800912832567602E-001  3.386856859956386E+004
    360  4.697889887635039E-001  3.783071359347952E+004
    361  4.666363418531980E-001  1.980439854893944E+004
    362  4.629986682012610E-001  2.472828533335231E+003
    363  4.621737294102102E-001  1.754438592639023E+002
    364  4.623499249160226E-001  1.109600721996993E+004
    365  4.621072223156186E-001  2.783630253460892E+004
    366  4.596851372781455E-001  5.806075627929501E+003
    367  4.603195780287289E-001  2.098311128880531E+004
    368  4.577108112465628E-001  4.086784912567993E+003
    369  4.570563841821359E-001  5.321440515285412E+003
    370  4.564306276359507E-001  8.513906504405833E+003
    371  4.548236272363266E-001  1.852963113560402E+003
    372  4.549944144485684E-001  6.634456407655729E+003
    373  4.538236502593673E-001  1.408817936190741E+003
    374  4.600867871102878E-001  6.970564626149840E+004
    375  4.533187408831564E-001  3.747420510207987E+003
    376  4.593629456590622E-001  6.512854080993374E+004
    377  4.546295057713077E-001  2.200285068482022E+004
    378  4.637077095310462E-001  1.601162881771624E+005
    379  4.680600457936566E-001  2.044990491116761E+005
    380  4.562351753496685E-001  1.056393590131636E+005
    381  4.511401574012834E-001  5.791096410676918E+004
    382  4.440962273825210E-001  4.867243977145790E+004
    383  4.442441967638118E-001  5.669862959332899E+004
    384  5.931826648446131E-001  1.590723825557474E+006
    385  4.456719499417760E-001  1.962400938504099E+005
    386  5.657030861743085E-001  1.447935667947269E+006
    387  4.355240069460629E-001  2.466541556089530E+005
    388  4.005845721115798E-001  3.840421400584719E+002
    389  4.050388349628002E-001  5.646529846792368E+004
    390  4.466586646400401E-001  4.803691787547279E+005
    391  4.291516455172970E-001  3.127573149073846E+005
    392  4.360644946626153E-001  4.383975705670293E+005
    393  4.752912836312855E-001  1.021710415708846E+006
    394  3.570397886487224E-001  3.817758641021046E+004
    395  3.727317206675335E-001  1.995570456243587E+005
    396  3.551264314194627E-001  3.956131857912632E+004
    397  3.519901027890744E-001  9.074439700801306E+003
    398  3.535061876725133E-001  3.145305299335341E+004
    399  3.552269585939815E-001  5.004446740242643E+004
    400  3.794725700438830E-001  2.976593067610054E+005
    401  3.563793160516419E-001  7.458304528663105E+004
    402  3.723294840260031E-001  2.489646871243058E+005
    403  3.661337967176118E-001  1.975639016738231E+005
    404  3.492394246559520E-001  2.938344632987260E+004
    405  3.638250322062636E-001  1.847573690111646E+005
    406  3.446258914731926E-001  1.036760189342527E+002
    407  3.686698680856405E-001  2.498221794475027E+005
    408  3.421861657029354E-001  9.377809521335671E+002
    409  3.509600924624464E-001  9.953015731467347E+004
    410  3.413946892856669E-001  6.266709302064283E+003
    411  3.448713388835421E-001  5.311526204742911E+004
    412  3.385790742154368E-001  4.960691199949283E+002
    413  3.707997347720505E-001  3.324557925089163E+005
    414  3.399848682358960E-001  2.505021174588849E+004
    415  3.782583401464196E-001  4.093126776601109E+005
    416  3.380660612630298E-001  1.006776174385298E+004
    417  3.402743310737167E-001  5.532134710402751E+004
    418  1.748736103080309E+000  1.414944789547839E+007
    419  3.674436143034083E-001  3.440777848289160E+005
    420  3.324037189014918E-001  1.263527122428989E+004
    421  3.331673826224792E-001  2.668042330030828E+004
    422  4.438793351072222E-001  1.143199550493614E+006
    423  3.898304405415827E-001  6.172402073631441E+005
    424  3.269475918788821E-001  2.738086255540924E+003
    425  6.682142554627530E-001  3.424751538771351E+006
    426  3.785694554652714E-001  5.373325829338814E+005
    427  3.450221385810857E-001  2.122624623383183E+005
    428  3.228826276035984E-001  7.498642112631933E+002
    429  3.227386178374443E-001  2.576869470866448E+003
    430  3.357937741073738E-001  1.347803885149434E+005
    431  3.558846290323350E-001  3.374202994595565E+005
    432  3.218188500515776E-001  2.645071406288845E+003
    433  3.222041791277558E-001  7.733197053915222E+003
    434  3.330513402757134E-001  1.210285132145743E+005
    435  3.213299124427022E-001  7.022126246968693E+003
    436  3.549981965096050E-001  3.462992896517413E+005
    437  3.199870076709214E-001  2.026030067211655E+003
    438  3.691981881675804E-001  4.953262625402273E+005
    439  3.183042268948508E-001  3.083210899104517E+002
    440  3.253852573924003E-001  7.982450629647315E+004
    441  3.169792466126912E-001  8.892686338996537E+003
    442  3.180294069788137E-001  2.252944118335296E+004
    443  3.147083850791600E-001  1.363975625000394E+002
    444  3.159909739231685E-001  3.954320407933859E+004
    445  3.527404154320765E-001  4.175571231249853E+005
    446  3.183429490778283E-001  8.035143651315972E+004
    447  3.070461908574363E-001  3.485331821688893E+003
    448  3.077497178330413E-001  2.534858502398380E+004
    449  3.104439315644779E-001  5.894164004648795E+004
    450  3.139279157227173E-001  1.031103607743269E+005
    451  3.068235790377824E-001  3.601131355350600E+004
    452  3.156731929507142E-001  1.300117102106233E+005
    453  3.227587366412292E-001  2.033184817093122E+005
    454  3.242440754879297E-001  2.368264084115305E+005
    455  3.011948621312315E-001  1.059704062805138E+004
    456  3.087303162478406E-001  8.660447065199485E+004
    457  2.995077150973749E-001  5.836834284889577E+003
    458  3.039881207007966E-001  6.141484751131366E+004
    459  3.026083540273946E-001  6.386349966060437E+004
    460  2.985545934768335E-001  4.666319077056630E+004
    461  2.932665728848412E-001  4.078858913201215E+003
    462  3.154287666825999E-001  2.280131747933122E+005
    463  2.927284602390437E-001  6.588623705183604E+003
    464  3.053430539816819E-001  1.340786040326688E+005
    465  2.925092527751610E-001  9.066683463209565E+003
    466  2.965725319740424E-001  5.295578433676565E+004
    467  2.950801196155964E-001  3.940931160031728E+004
    468  2.961968857341710E-001  5.091122136471207E+004
    469  2.908172183050928E-001  3.651632501367589E+003
    470  2.913616761156183E-001  1.070893599979554E+004
    471  2.909457242372059E-001  7.474680940197614E+003
    472  3.012357028673451E-001  1.111475334851545E+005
    473  2.905675438382357E-001  8.411292056693132E+003
    474  3.168865512752537E-001  2.731651225422811E+005
    475  2.916481067374208E-001  2.499385279434336E+004
    476  2.892139446647308E-001  3.809940722525841E+003
    477  2.937724343797505E-001  5.048919968579393E+004
    478  2.893350400443054E-001  1.088382359009607E+004
    479  3.069717975667350E-001  1.926134686992557E+005
    480  2.912786607602735E-001  3.661180854835342E+004
    481  2.883986343785901E-001  1.009485145768149E+004
    482  2.900898356033799E-001  2.789587389373255E+004
    483  2.923028313171605E-001  5.224405494326812E+004
    484  2.876837588460995E-001  7.705756844110660E+003
    485  2.955440962857648E-001  8.851668829026005E+004
    486  2.895728739928429E-001  2.984375373047318E+004
    487  2.906663869545817E-001  4.361001677091640E+004
    488  2.862962675529989E-001  2.831303929074927E+003
    489  2.887442879309557E-001  2.960542172597414E+004
    490  2.855088067536429E-001  1.313516811174643E+002
    491  2.880124931639115E-001  3.145550292590542E+004
    492  3.058936895657621E-001  2.132997128175751E+005
    493  2.877640243336443E-001  6.636875415061043E+004
    494  2.848298836353091E-001  3.898244610280401E+004
    495  2.861780618974226E-001  6.342491632788890E+004
    496  2.793463569826785E-001  1.222581079607647E+003
    497  2.830296004832851E-001  4.446201574493526E+004
    498  2.789886289960316E-001  2.321802713046141E+004
    499  2.763021011749039E-001  6.774306623108801E+001
    500  2.792962307118719E-001  3.545819666207138E+004
    501  2.749268101262484E-001  5.509732150053071E+001
    502  2.767228801368982E-001  2.471435309846319E+004
    503  2.825265672149014E-001  1.091484174304777E+005
    504  2.816908217732835E-001  1.103273248981183E+005
    505  2.729147495804154E-001  3.618367294297492E+004
    506  2.692356100255763E-001  2.100358682782063E+003
    507  2.827775941138364E-001  1.424302693402075E+005
    508  2.685582536097035E-001  3.022349691891960E+003
    509  2.681084209221958E-001  1.395445874763352E+003
    510  2.750595886880075E-001  7.249122229357938E+004
    511  2.684162161854027E-001  7.607935469124339E+003
    512  2.773660081439460E-001  9.898360099970567E+004
    513  2.678364492374702E-001  4.754087988179871E+003
    514  2.706355993985443E-001  3.312736180683485E+004
    515  2.694098367144190E-001  2.175190252472797E+004
    516  2.689194510924501E-001  1.832428100003192E+004
    517  2.683238241482895E-001  1.357746127047108E+004
    518  2.703360646398603E-001  3.394290868636029E+004
    519  2.701563490341046E-001  3.223243189391549E+004
    520  2.668895543961913E-001  2.995099376245494E+002
    521  2.689803900118625E-001  2.377105559824224E+004
    522  2.613462267217219E-001  5.964988900341598E+003
    523  2.624549139382841E-001  2.176714103463649E+004
    524  2.672429154692147E-001  7.106271120898152E+004
    525  2.608064510336230E-001  1.074439316037852E+004
    526  2.606573804822666E-001  1.252094417008904E+004
    527  2.617330371795061E-001  2.786724703980549E+004
    528  2.608417595632039E-001  1.947382635972683E+004
    529  2.598330587110528E-001  1.066580245747432E+004
    530  2.614449236738623E-001  6.990538059605971E+004
    531  2.675791854629724E-001  1.432370004255578E+005
    532  2.533898038993806E-001  1.630630301487449E+004
    533  2.502157069087820E-001  2.037169079735873E+004
    534  2.490443762912416E-001  1.556966364165630E+004
    535  2.675009858283022E-001  7.914969438468060E+005
    536  2.291651291974688E-001  4.136484385188809E+005
    537  3.357748707069476E-001  1.537791295889677E+006
    538  1.705754171407431E-001  5.157315051744789E+005
    539  2.312356061389323E-001  1.471237170328204E+006
    540  9.536452658086923E-002  1.478269147327224E+005
    541  8.159933956185139E-002  1.231099626219268E+004
    542  8.261785887773893E-002  2.430548691422785E+004
    543  8.420744328621922E-002  5.053351817232784E+004
    544  2.147349966985544E-001  1.379747056357168E+006
    545  7.966464892857220E-002  3.239852993180267E+004
    546  2.785774053726954E-001  2.021574078111914E+006
    547  2.756952653489187E+000  2.680847147405486E+007
    548  8.296383109971170E-002  7.000936177138404E+004
    549  2.022868588215921E-001  1.268748776457172E+006
    550  9.123957595971802E-002  1.593062178682299E+005
    551  2.665241902633181E-001  1.913190158604522E+006
    552  3.348530281257903E-001  2.596984128607558E+006
    553  9.102651964323911E-002  1.604443070296474E+005
    554  1.694899045601542E-001  9.514813437406457E+005
    555  7.610603406775727E-002  1.871403438841229E+004
    556  7.433302200508227E-002  8.192231312083157E+003
    557  8.520215445735099E-002  1.173324844346165E+005
    558  7.436562346755361E-002  1.084774605886013E+004
    559  7.932844478713319E-002  6.093924824832008E+004
    560  7.872861696490574E-002  6.078056375631312E+004
    561  7.306183050249120E-002  4.956529967530131E+003
    562  7.397544293635706E-002  1.469170583711655E+004
    563  4.471819459208780E-001  3.747739080968502E+006
    564  8.434853017120085E-002  1.205927342413670E+005
    565  7.418966669262328E-002  2.023618266056914E+004
    566  6.650707741385131E-001  5.929733669694193E+006
    567  7.307764903498898E-002  1.172550736752403E+004
    568  7.915655053890665E-002  7.780890954130043E+004
    569  7.187840556060168E-002  5.300078828283839E+003
    570  1.202449828394190E-001  4.898101240506594E+005
    571  7.299581620412733E-002  1.984496358266077E+004
    572  7.907036171923229E-002  8.173957574617867E+004
    573  7.398877069722179E-002  3.124501562705956E+004
    574  7.091113129549517E-002  1.566876347820829E+003
    575  8.787068133262373E-002  1.722168925163113E+005
    576  8.521140220008244E-002  1.466852607246424E+005
    577  7.215149304355387E-002  1.624111274008281E+004
    578  7.105199925976974E-002  6.067606566816659E+003
    579  7.084368715022402E-002  4.202551867066230E+003
    580  7.764658430556938E-002  7.271826748910385E+004
    581  7.036324740415767E-002  8.145683451346775E+001
    582  7.364849541734651E-002  3.431411160644409E+004
    583  7.111910742963956E-002  9.854740690896708E+003
    584  7.162487448363043E-002  1.699527165319358E+004
    585  7.276013545840772E-002  2.893195185125040E+004
    586  7.020412108887246E-002  4.689557004703580E+003
    587  7.072674833298975E-002  1.019985952943110E+004
    588  9.036729003492690E-002  2.070144643013520E+005
    589  7.067681889772415E-002  1.098836325403704E+004
    590  6.974987049399023E-002  1.980191663809683E+003
    591  6.977946353937435E-002  3.390686165806630E+003
    592  7.507209114557707E-002  5.639341451590120E+004
    593  7.344231836168141E-002  4.127154670161266E+004
    594  7.043455652578572E-002  1.239036608435379E+004
    595  6.995285610217129E-002  8.437993380366381E+003
    596  6.989027677875777E-002  8.899147910799120E+003
    597  6.924147583162232E-002  2.517797038273739E+003
    598  6.889397137038999E-002  3.930503058571906E+002
    599  7.124513230718085E-002  2.441441314511810E+004
    600  6.931672424918066E-002  6.697742341527942E+003
    601  6.895017852617698E-002  3.087659763650543E+003
    602  7.357020658638856E-002  4.950009628739525E+004
    603  6.865387754773521E-002  6.076119911745849E+002
    604  7.381579066809370E-002  5.301115662405719E+004
    605  7.008548245969486E-002  1.677933222204554E+004
    606  6.838758196820885E-002  3.163091297400934E+002
    607  6.883756994096148E-002  4.868624928536215E+003
    608  6.872070112705803E-002  4.681774345146970E+003
    609  6.994013055946147E-002  1.728248755595264E+004
    610  6.907406503709557E-002  8.657111592995205E+003
    611  6.856753338734788E-002  3.703683670393532E+003
    612  6.816950546970565E-002  1.483053435550113E+002
    613  7.435322257578446E-002  6.288715202175851E+004
    614  6.813216474991000E-002  9.995365983993300E+002
    615  6.953973281421169E-002  1.534646408027258E+004
    616  6.901111545540162E-002  1.053331014015913E+004
    617  6.891409456930345E-002  9.871699310591512E+003
    618  7.082962306122950E-002  3.082056419244226E+004
    619  6.793296370761741E-002  2.260579457998325E+003
    620  6.762805074418082E-002  1.693201712809846E+001
    621  6.899209318038166E-002  1.389299037023248E+004
    622  6.830916116762170E-002  7.454929978784432E+003
    623  6.839420191528864E-002  8.801041687178773E+003
    624  6.834609513402953E-002  8.728002181125767E+003
    625  6.766507554314560E-002  2.549686539799891E+003
    626  6.763704751473462E-002  2.852769462056187E+003
    627  6.754337603640634E-002  2.212945675983937E+003
    628  6.725224856181956E-002  4.704887197057569E+002
    629  6.714045357190115E-002  1.507418769488764E+002
    630  6.742028850879023E-002  3.000353226862951E+003
    631  6.722598920625623E-002  1.292774708305447E+003
    632  6.879472720796713E-002  1.723237564700959E+004
    633  6.757086779575830E-002  5.063575011010907E+003
    634  6.734420757690403E-002  3.416547794941207E+003
    635  6.772603500145545E-002  7.766490615219994E+003
    636  6.799133380683857E-002  1.043674764841263E+004
    637  6.714447264093201E-002  2.507014492941564E+003
    638  6.690887205998525E-002  2.690134365440584E+002
    639  6.825644939216272E-002  1.401922847769129E+004
    640  6.700531615774888E-002  1.695269381853233E+003
    641  6.748925561094894E-002  6.731603111381814E+003
    642  6.700026273785835E-002  2.227882288010443E+003
    643  6.761421800389225E-002  8.693546860681408E+003
    644  6.685650284576725E-002  1.424281234125428E+003
    645  6.716088725130417E-002  4.575573344730449E+003
    646  6.704511175309025E-002  3.927218172909147E+003
    647  6.662353740846476E-002  9.974143972842599E+000
    648  6.678045080282376E-002  1.802865281157587E+003
    649  6.717718393511468E-002  6.183931918200428E+003
    650  6.678635507846042E-002  3.186203720943368E+003
    651  6.664014219669544E-002  1.836926227032274E+003
    652  6.633411291017194E-002  4.630533648694203E+000
    653  6.635974557621305E-002  4.797715084647577E+002
    654  6.753557853540502E-002  1.376254137970596E+004
    655  6.672148915155528E-002  6.232084181579446E+003
    656  6.678644635972120E-002  7.363981507812146E+003
    657  6.623992373034662E-002  2.431180666973374E+003
    658  6.790332611508332E-002  1.919500295157259E+004
    659  6.708128656107497E-002  1.172016826623070E+004
    660  6.597955491568878E-002  2.060169525217993E+003
    661  6.716537190733243E-002  1.411660502440046E+004
    662  6.576633230230558E-002  5.982108383907330E+002
    663  6.790014248624954E-002  2.390092999426933E+004
    664  6.553938680080544E-002  1.109759739567478E+003
    665  6.566690381889982E-002  2.964710914583062E+003
    666  6.631885708883246E-002  1.084129917825523E+004
    667  6.723811103424496E-002  2.227660487756258E+004
    668  6.512365240485136E-002  1.356507340287989E+003
    669  6.715279840334916E-002  2.276178940212547E+004
    670  6.541659761177848E-002  5.799100853730427E+003
    671  6.491295941462596E-002  2.944461360618492E+003
    672  6.576191193260178E-002  1.154303359604873E+004
    673  6.494888439443181E-002  4.404395746144785E+003
    674  6.556593301190333E-002  1.151226859446174E+004
    675  6.453890657591506E-002  1.775134811209244E+003
    676  6.455994973917344E-002  3.788654269625262E+003
    677  6.418451703998468E-002  2.006195253909717E+003
    678  6.591759540593742E-002  2.140409710131255E+004
    679  6.385372060896317E-002  2.492546176205683E+003
    680  6.766194086656185E-002  4.145040069686611E+004
    681  6.544227739163529E-002  1.984176654289109E+004
    682  6.399119675679991E-002  6.437580747885467E+003
    683  6.434346900092405E-002  1.006134521564203E+004
    684  6.392714195414825E-002  6.243392105595291E+003
    685  6.347296297472570E-002  1.964410223880405E+003
    686  6.476286423967446E-002  1.505642019563763E+004
    687  6.512728912191632E-002  1.896838945888267E+004
    688  6.328588221506047E-002  8.523331616638329E+002
    689  6.475846253092209E-002  1.615981726544547E+004
    690  6.426894003060052E-002  1.222247509875055E+004
    691  6.507619404794898E-002  2.095943369803690E+004
    692  6.298718422446603E-002  1.521969282635182E+002
    693  6.298471703243509E-002  4.802566532114481E+002
    694  6.670717035837818E-002  3.772272714455543E+004
    695  6.350349662392997E-002  6.019141628922422E+003
    696  6.293859254727491E-002  1.569925486166575E+003
    697  6.611409395560661E-002  3.342338823679509E+004
    698  6.935996703306543E-002  6.651943303138546E+004
    699  6.284092822213144E-002  1.685912945719155E+003
    700  6.405876936854751E-002  1.459948812499879E+004
    701  6.253018256191842E-002  1.057481214293069E+002
    702  6.332618592956506E-002  8.295302544162607E+003
    703  6.250376266201964E-002  1.031350125559874E+003
    704  6.228646073815801E-002  8.635050430847896E+001
    705  6.226040095399606E-002  1.156546037863529E+003
    706  6.308980382743219E-002  1.073584329019641E+004
    707  6.208720531053350E-002  2.117033429350840E+003
    708  6.477003177487642E-002  2.923701724817927E+004
    709  6.211867707523407E-002  3.270269172658056E+003
    710  6.456343986733078E-002  2.793122621015139E+004
    711  6.172804410624904E-002  7.763548886628919E+002
    712  6.513017658981485E-002  3.587324984173063E+004
    713  6.228200601746833E-002  7.842689761046949E+003
    714  6.161634548968503E-002  1.376965942049693E+003
    715  6.156692140625017E-002  1.309345900204623E+003
    716  6.370412374071271E-002  2.299920735593189E+004
    717  6.348667141910645E-002  2.179900627924688E+004
    718  6.124450571087729E-002  5.040361808325604E+001
    719  6.330907181666770E-002  2.078438552547212E+004
    720  6.106622950930587E-002  2.306880870042830E+002
    721  6.148008851747602E-002  5.038210630179746E+003
    722  6.109626403481451E-002  1.343545300763845E+003
    723  6.093127063372830E-002  1.222118614212189E+002
    724  6.178909198347521E-002  9.070091808320507E+003
    725  6.908207832800560E-002  8.224371127109326E+004
    726  6.078151096544755E-002  3.181942967344689E+002
    727  6.286795640098194E-002  2.209762094902056E+004
    728  6.070841336649151E-002  6.218334659196572E+002
    729  6.068742215884249E-002  6.721749683797510E+002
    730  6.181548519907753E-002  1.294790911476909E+004
    731  6.112428861847781E-002  6.225819570201692E+003
    732  6.073229397060728E-002  2.330215479627601E+003
    733  6.109845853933422E-002  6.648278511815254E+003
    734  6.043597952199972E-002  4.864428232844543E+001
    735  6.043644127454213E-002  3.710817275676793E+002
    736  6.036750533075305E-002  1.352129052565249E+002
    737  6.052039156642440E-002  1.690369823784430E+003
    738  6.104027910615480E-002  7.755763878665629E+003
    739  6.033145305786045E-002  6.974942923536493E+002
    740  6.026859333726172E-002  9.234711316491422E+001
    741  6.219682145641729E-002  1.953983184720941E+004
    742  6.192204326183801E-002  1.705718714105325E+004
    743  6.018862118754865E-002  3.721282089692361E+001
    744  6.040448183861821E-002  3.170483825260722E+003
    745  6.183372226294649E-002  1.778912535197077E+004
    746  6.044315343205674E-002  4.870625653983465E+003
    747  5.999502432751590E-002  5.037113885469371E+002
    748  6.021454337834298E-002  3.073780546444546E+003
    749  6.097178096879801E-002  1.130758507607112E+004
    750  5.984867088536214E-002  2.657929496322925E+002
    751  6.014639636880437E-002  3.844260062975809E+003
    752  5.969163149954355E-002  5.832390223086090E+001
    753  5.962030857800888E-002  2.694756712043239E+002
    754  5.971613536740250E-002  1.441534061508073E+003
    755  6.034847300451682E-002  7.771794032235463E+003
    756  6.037178735284277E-002  8.779269340926599E+003
    757  6.035702952026327E-002  9.331996530265746E+003
    758  5.947091369541985E-002  1.255401743681119E+003
    759  5.925999236361399E-002  7.055891086125385E+001
    760  5.957895790784602E-002  5.054984650782467E+003
    761  5.912226661694666E-002  1.078533128036598E+003
    762  6.006927565263195E-002  1.132010331785456E+004
    763  6.028989429286635E-002  1.681155469753484E+004
    764  5.860828646598891E-002  1.087077141659644E+003
    765  6.294750544307884E-002  4.568363435204222E+004
    766  5.840236165028147E-002  6.705652057318847E+002
    767  5.823001535599195E-002  1.259315679884151E+003
    768  6.338685592353016E-002  5.395945914766035E+004
    769  5.998170156242676E-002  2.144217481474428E+004
    770  5.799409774031400E-002  1.815813565083144E+003
    771  5.842260741674914E-002  7.479783113547407E+003
    772  6.034258591501940E-002  2.962598594875246E+004
    773  5.714574446747409E-002  1.194258567231370E+002
    774  5.950322058215552E-002  2.562484923855464E+004
    775  5.661833990569904E-002  5.754210234166246E+001
    776  5.650484697047291E-002  5.777405075450250E+002
    777  6.181905421126734E-002  5.387359890714788E+004
    778  6.124048395348063E-002  5.175692780286344E+004
    779  5.609360165350281E-002  5.523186889222429E+002
    780  5.676994845384208E-002  7.684231615309792E+003
    781  5.597532242900343E-002  2.041569025618697E+003
    782  5.596836600424401E-002  2.942659083092086E+003
    783  6.180659781490318E-002  6.149438340779302E+004
    784  5.874758938285821E-002  3.141017002753904E+004
    785  6.151443026736759E-002  5.967611868994225E+004
    786  5.566650773981542E-002  1.442770418502218E+003
    787  5.584790852078979E-002  3.833811681227926E+003
    788  5.541939400599936E-002  3.361725047785008E+002
    789  5.643824468509426E-002  1.103689650694684E+004
    790  5.561715038986045E-002  3.104773267184293E+003
    791  5.789228799293658E-002  2.626079771039811E+004
    792  5.534245009469385E-002  1.028481749466113E+003
    793  5.608431901139415E-002  8.988281826235885E+003
    794  5.531178922155890E-002  1.790321158616929E+003
    795  5.640782496416825E-002  1.296730234777125E+004
    796  5.539712088057681E-002  4.280178165271643E+003
    797  5.529663150111181E-002  4.481148944811710E+003
    798  5.486619947730322E-002  1.903244620514509E+002
    799  5.613848710368624E-002  1.353433242391755E+004
    800  5.521673856633347E-002  4.546199550410477E+003
    801  5.467881872215430E-002  5.024202262635200E+001
    802  5.612123382453703E-002  1.544553108232874E+004
    803  5.493926410407947E-002  4.921339833350753E+003
    804  5.464175266956001E-002  2.454082233444196E+003
    805  5.430038009358139E-002  6.955955939154718E+002
    806  5.417532967075394E-002  1.181625266780139E+002
    807  5.646959825548813E-002  2.325710766879713E+004
    808  5.456385710931696E-002  4.778631753458536E+003
    809  5.396541628417152E-002  1.450683241219130E+003
    810  5.676466218653099E-002  2.983182370410245E+004
    811  5.371750606807470E-002  2.093149119255355E+002
    812  5.425834426003969E-002  6.147428633871456E+003
    813  5.785124401736420E-002  4.310066781850620E+004
    814  5.350653773134405E-002  1.693769898750008E+002
    815  5.370697224487223E-002  2.565850265943607E+003
    816  5.756616422657044E-002  4.117209909646410E+004
    817  5.514259769783591E-002  1.821248088188980E+004
    818  5.331246268737871E-002  5.641799803834089E+002
    819  5.321542847074043E-002  1.858001253748034E+002
    820  5.401872476718703E-002  8.992760034752981E+003
    821  5.444477469262807E-002  1.332854714382006E+004
    822  5.381197191792792E-002  7.237434266680418E+003
    823  5.308234845192406E-002  1.843140940282480E+001
    824  5.383844567244989E-002  8.172401266501915E+003
    825  5.411675635684303E-002  1.138748771574865E+004
    826  5.450606349927310E-002  1.582047824754063E+004
    827  5.336070651796219E-002  4.902541759438273E+003
    828  5.293034494842254E-002  9.091283162177847E+002
    829  5.304199067148598E-002  2.453759995615247E+003
    830  5.282046790292250E-002  2.587600817226989E+002
    831  5.370738382940726E-002  9.694202511633075E+003
    832  5.348403669731191E-002  7.887034744406526E+003
    833  5.265733476679371E-002  4.309858918927505E+001
    834  5.266195041057502E-002  3.728739271609875E+002
    835  5.345443151811821E-002  8.459207919825431E+003
    836  5.421367794556996E-002  1.749663545066975E+004
    837  5.247822436698981E-002  1.727186191890224E+002
    838  5.286335287443555E-002  4.393303893096451E+003
    839  5.241160918588976E-002  4.016713436327298E+002
    840  5.220251657789877E-002  2.348417029896912E+001
    841  5.216082418336292E-002  1.274540148531981E+002
    842  5.422726325287831E-002  2.123672805178022E+004
    843  5.249770373287779E-002  4.894395758696962E+003
    844  5.421833906496322E-002  2.375208741446648E+004
    845  5.200279707391419E-002  2.270848988908350E+003
    846  5.180826447829449E-002  1.726044369066631E+003
    847  5.292055310400429E-002  1.293374510233619E+004
    848  5.499971205561655E-002  3.609280142264942E+004
    849  5.140955735969963E-002  1.626302609936730E+003
    850  5.096818520944374E-002  6.259869975978546E+001
    851  5.166342830476094E-002  7.649017363877717E+003
    852  5.104678765393007E-002  1.759013295776013E+003
    853  5.113465622402093E-002  3.510548976622869E+003
    854  5.171466783110806E-002  1.065138393508177E+004
    855  5.128588051389830E-002  8.251730636288914E+003
    856  5.047084967619434E-002  1.990008536749224E+002
    857  5.039341320011640E-002  1.935005242453975E+002
    858  5.136604236691827E-002  1.000772575408696E+004
    859  5.045303797586632E-002  9.782725703474349E+002
    860  5.081906272403650E-002  5.298399265579442E+003
    861  5.030769453651293E-002  1.992258778599496E+002
    862  5.039606768977933E-002  2.033325132036137E+003
    863  5.071408672587812E-002  5.823122900920943E+003
    864  5.008729642398970E-002  5.548397917353596E+001
    865  5.045527315755636E-002  3.840836911512617E+003
    866  5.175820578267203E-002  2.153865149619838E+004
    867  4.954160830040268E-002  2.767578254004633E+002
    868  5.047380637908819E-002  1.035799328814310E+004
    869  4.925181716447941E-002  7.671294563176063E+001
    870  5.587733112577348E-002  6.915994892771794E+004
    871  4.941764734853751E-002  5.890622472834883E+003
    872  4.878465568911461E-002  2.272893248806558E+001
    873  4.934206613589250E-002  6.128406539635455E+003
    874  4.860103650117951E-002  9.840530091125574E+001
    875  5.014638863801488E-002  1.560518962510004E+004
    876  4.851815622806828E-002  4.038078936344555E+002
    877  5.035630250536088E-002  1.916863235672566E+004
    878  4.836834129995063E-002  4.746755244639368E+002
    879  4.857892282777281E-002  2.677648963115606E+003
    880  4.890264345845310E-002  7.437944219499634E+003
    881  4.787936560304908E-002  1.043466641090968E+001
    882  4.784145462334653E-002  4.039589288228038E+002
    883  4.795173561348588E-002  1.781962245371732E+003
    884  4.822236363146783E-002  4.604631988224151E+003
    885  4.764294644796722E-002  1.169690976612607E+000
    886  4.925206918938848E-002  1.691640323589246E+004
    887  4.860603121835554E-002  1.144436256969389E+004
    888  4.749902938595826E-002  5.092143591624284E+002
    889  4.673271235068229E-002  1.622046761860060E+001
    890  4.740248778665955E-002  8.172736146762138E+003
    891  4.657938160737942E-002  3.465514499368371E+001
    892  4.812707642368317E-002  1.650623323061796E+004
    893  4.629537435111951E-002  1.585373812250983E+003
    894  4.654571255927052E-002  5.261051750733989E+003
    895  4.672248796625000E-002  1.319606427393648E+004
    896  4.599422286193381E-002  5.967028203377682E+003
    897  5.014196962671490E-002  4.887642313363935E+004
    898  4.816226608858006E-002  3.283665370370844E+004
    899  4.573830645399882E-002  1.034029996672162E+004
    900  4.444576745936328E-002  3.832722924175142E+002
    901  4.379997586306653E-002  1.064938751589031E+003
    902  4.554872204939681E-002  1.914242487838853E+004
    903  4.498149628576497E-002  1.628350821125684E+004
    904  4.323386886051572E-002  1.202403630735667E+002
    905  4.711881844075033E-002  4.185921932226321E+004
    906  4.285417748356461E-002  2.328736471933789E+002
    907  4.344843993159662E-002  7.215476386142121E+003
    908  4.265951765448468E-002  1.110103946577985E+003
    909  4.390229446832485E-002  1.389930310420666E+004
    910  4.282853081478827E-002  5.051074528561820E+003
    911  4.857290353716149E-002  6.318941602459346E+004
    912  4.217003644184020E-002  2.904761746092790E+002
    913  4.217066063074330E-002  1.397565673686280E+003
    914  4.199549540932111E-002  6.924884603229398E+001
    915  4.214258027628062E-002  1.857304140505313E+003
    916  4.240725856571773E-002  4.760216777994726E+003
    917  4.246576383665560E-002  6.151039217162608E+003
    918  4.272639845048570E-002  1.011783443498108E+004
    919  4.244362407437356E-002  8.239440358665584E+003
    920  4.157766355825553E-002  7.475044127297665E+002
    921  4.166255834034382E-002  2.276207249070777E+003
    922  4.160140157058260E-002  2.685067135852662E+003
    923  4.159355238954481E-002  2.681787936187861E+003
    924  4.388584147846145E-002  2.593255581474254E+004
    925  4.120712271549121E-002  5.641024210493589E+002
    926  4.434981337454891E-002  3.307110237203899E+004
    927  4.122226648208580E-002  3.080865740164121E+003
    928  4.515550842421767E-002  4.310636996208061E+004
    929  4.571091760643716E-002  4.927261032985055E+004
    930  4.640032521813040E-002  5.641079545380039E+004
    931  4.085354526153425E-002  1.163260822120696E+003
    932  4.133532019931391E-002  6.128533388189258E+003
    933  4.080924720501890E-002  9.505700570493044E+002
    934  4.228223275681452E-002  1.682167740108988E+004
    935  4.060174576241406E-002  5.014597235160583E+002
    936  4.044511604685302E-002  5.277042073030640E+002
    937  4.587381810359365E-002  5.482762178916140E+004
    938  4.088749508590125E-002  5.254409482223509E+003
    939  4.038521567921737E-002  8.113000561572626E+002
    940  4.134912120271522E-002  1.073265753309453E+004
    941  4.028268610246466E-002  2.669213892091362E+002
    942  4.086719796086961E-002  6.811714593860152E+003
    943  4.031584001323087E-002  1.680380263743684E+003
    944  4.083938258353568E-002  6.924997991509415E+003
    945  4.073832940467095E-002  6.637756680455398E+003
    946  4.006231587504859E-002  1.491292681519385E+002
    947  4.255712787944590E-002  2.597054601464345E+004
    948  4.070702768015903E-002  8.003021555975709E+003
    949  4.003610975766602E-002  1.614100194893862E+003
    950  4.068991408921692E-002  8.704271040545585E+003
    951  3.982082326325492E-002  8.244382120565853E+002
    952  4.195207564918648E-002  2.218233355037059E+004
    953  3.978336118056460E-002  1.194607920931284E+003
    954  4.245006369385225E-002  2.787497003936352E+004
    955  4.063275391700740E-002  9.906133095749972E+003
    956  3.964851059443500E-002  9.802996721555593E+001
    957  3.970441090503687E-002  8.131170170696147E+002
    958  4.048514711947736E-002  8.727162588142046E+003
    959  3.960530082097091E-002  2.614068880344502E+002
    960  4.016382065916132E-002  5.916530481799135E+003
    961  3.962864591995818E-002  6.858097283494681E+002
    962  4.027318177726766E-002  7.512873536699729E+003
    963  3.975785415988172E-002  2.637715573111206E+003
    964  4.094671376290929E-002  1.489727487219535E+004
    965  3.932752216321522E-002  3.222149360055457E+001
    966  4.240630456360030E-002  3.189649746214540E+004
    967  4.019569982432489E-002  1.042310684062307E+004
    968  4.008566215740436E-002  9.491575889715215E+003
    969  3.911265520893244E-002  1.123646270291471E+002
    970  4.172668049607369E-002  2.646730077876021E+004
    971  3.902292415149795E-002  1.230000648386278E+002
    972  3.951360794674604E-002  5.421470590711085E+003
    973  4.392597730929101E-002  5.038134324299771E+004
    974  3.890956690845349E-002  3.083566057256490E+002
    975  3.917426903455311E-002  3.045267228251967E+003
    976  3.926380289296853E-002  4.747494514039192E+003
    977  3.917515629069018E-002  4.048722657175727E+003
    978  3.883510316412719E-002  9.729469753211998E+002
    979  4.058543570802105E-002  1.879210419455548E+004
    980  3.872429866469003E-002  4.361699424058017E+002
    981  4.026913164801149E-002  1.625660453058010E+004
    982  3.872836024438661E-002  1.404091241814219E+003
    983  3.899847455907791E-002  4.583589523274571E+003
    984  3.909519009170639E-002  5.629055225928795E+003
    985  3.857453520642595E-002  1.112688798342024E+003
    986  3.876578605619253E-002  3.355023258293861E+003
    987  3.844880625190371E-002  6.316840542319338E+002
    988  3.866703620589167E-002  2.825524517538900E+003
    989  3.984647529888263E-002  1.626681460892956E+004
    990  3.831287973018020E-002  1.328081544496026E+003
    991  4.206949126904995E-002  3.996204254074343E+004
    992  4.049618113614197E-002  2.509286023884921E+004
    993  3.796245971257003E-002  2.270250869470206E+002
    994  3.813713010337168E-002  2.221796889644646E+003
    995  4.136092856831070E-002  3.513090039991571E+004
    996  3.783621073817538E-002  6.841975803855593E+001
    997  4.003245303033535E-002  2.224188043270017E+004
    998  4.479466170870359E-002  7.015198869337702E+004
    999  3.778213859469028E-002  1.261876204948507E+002
   1000  4.095924739186235E-002  3.193153356387046E+004
   1001  4.484157082462034E-002  7.128565862605399E+004
   1002  3.785222084374389E-002  1.440199512393177E+003
   1003  3.767651034402177E-002  5.156378248795884E+002
   1004  3.789637791767055E-002  2.750560077446844E+003
   1005  3.863003980626945E-002  1.021950232698999E+004
   1006  4.421057078544355E-002  6.653304597919584E+004
   1007  3.751740491907785E-002  9.481390992385674E+001
   1008  4.088562542482702E-002  3.385902411114501E+004
   1009  4.125480537112216E-002  3.810003467680104E+004
   1010  3.751051076212791E-002  1.192013968136775E+003
   1011  3.954077387399110E-002  2.192911722436139E+004
   1012  3.737759506508914E-002  5.635874419967672E+002
   1013  3.803053995799913E-002  7.418602182641275E+003
   1014  3.872543432942971E-002  1.474994577216877E+004
   1015  3.724551164312449E-002  6.263073231435080E+001
   1016  3.908602022829819E-002  1.855690619081956E+004
   1017  3.736617649961087E-002  1.590503969220454E+003
   1018  3.964283339716919E-002  2.475532304032211E+004
   1019  3.712595278350103E-002  8.800705790684306E+000
   1020  3.940619178625841E-002  2.324620199756864E+004
   1021  3.757555975510109E-002  5.413727903290874E+003
   1022  3.818604118093868E-002  1.228621954604215E+004
   1023  3.697082442654548E-002  4.629501565099045E+002
   1024  4.237960615745016E-002  5.510146049403442E+004
   1025  3.690256137767969E-002  6.717278567615612E+002
   1026  4.083407715903271E-002  4.014749780344925E+004
   1027  4.188686097332373E-002  5.108908661230392E+004
   1028  3.696624328960854E-002  2.857768948093938E+003
   1029  5.374428101474105E-002  1.708020306745122E+005
   1030  3.656058883683810E-002  1.721257770844125E+001
   1031  3.971145361211938E-002  3.166728941818793E+004
   1032  4.007809716299526E-002  3.576356860407985E+004
   1033  5.137536993735490E-002  1.493629379998212E+005
   1034  3.801505967780482E-002  1.581191767139155E+004
   1035  3.659217358300935E-002  1.627902837085240E+003
   1036  5.728147096613821E-002  2.090411493129175E+005
   1037  3.633762349909245E-002  1.808770809089962E+002
   1038  1.585823508042344E-001  1.223572382733040E+006
   1039  1.085155835830287E-001  7.235123244144125E+005
   1040  3.643474315772990E-002  3.214507196022102E+003
   1041  1.525605508578374E-001  1.164738618455756E+006
   1042  4.727330587477541E-002  1.131336406370382E+005
   1043  3.613487966017521E-002  1.979812131810232E+003
   1044  4.982572950930247E-002  1.395076728488193E+005
   1045  4.454948897279623E-002  8.807795020298427E+004
   1046  3.633938379780537E-002  6.443050266908882E+003
   1047  2.163803212967113E-001  1.808675348960148E+006
   1048  1.254655307910999E-001  9.000865120135290E+005
   1049  3.546581874840900E-002  7.280063990871012E+002
   1050  4.769820921902652E-002  1.237203300127179E+005
   1051  3.520305514044820E-002  2.004997632039808E+003
   1052  1.044080638689038E-001  6.947163571550000E+005
   1053  5.693582957361482E-002  2.210065594870548E+005
   1054  3.492511113998131E-002  9.990543048645324E+002
   1055  4.549015480010307E-002  1.068456666336801E+005
   1056  3.485568324740274E-002  9.659096525535807E+002
   1057  4.774686377515087E-002  1.299325054826127E+005
   1058  6.615770737266383E-002  3.154104899508939E+005
   1059  3.454513205354218E-002  1.692423206592432E+002
   1060  9.058567589369047E-002  5.614614339577642E+005
   1061  5.171056630842760E-002  1.744390366016528E+005
   1062  5.380518302305264E-002  1.956534558771224E+005
   1063  3.470999222479644E-002  4.767308420139662E+003
   1064  3.990678022829016E-002  5.725104088588933E+004
   1065  3.420821226375214E-002  1.884951026919058E+003
   1066  4.257333219422444E-002  8.585148339580467E+004
   1067  6.335469857510137E-002  2.941419840675256E+005
   1068  3.428060183728935E-002  3.639567872037873E+003
   1069  1.469380214086082E-001  1.134879020366651E+006
   1070  5.314237878672572E-001  4.982483196825519E+006
   1071  5.431895411793274E-002  2.137437678691208E+005
   1072  2.553903262902619E-001  2.225395417820535E+006
   1073  3.277139180504237E-002  3.882948286276916E+002
   1074  1.167034837803202E-001  8.415854535366598E+005
   1075  3.580923003744732E-002  2.677175944355578E+005
   1076  1.049206626176824E-002  1.602059349098869E+004
   1077  6.062878566854802E-004  6.061445364742300E+003
