# dt =   1.000000000000000E-007
# j, New nj, Rate of change (1/s)
      1  4.185748123127331E+000  2.242722217020606E+006
      2  7.757444767850600E+001  9.628077292809661E+007
      3  6.764753280067575E+000  3.294329223087929E+006
      4  1.852104297188857E+001  1.127066247792673E+007
      5  3.991814174310782E+001  2.158511486831679E+007
      6  5.954811992368996E+000  2.359906882038246E+006
      7  3.781837529876486E+002  2.119963696777029E+008
      8  1.945879637694098E+002  1.078494610220945E+008
      9  4.833271444962563E+001  3.910326832845053E+007
     10  1.215352956323908E+002  5.969177436788029E+007
     11  2.116377992521308E+001  1.100593705690850E+007
     12  1.743508582872764E+001  1.174024321394220E+007
     13  2.308451494459453E+000  4.973909934914561E+005
     14  8.161291930453901E+000  4.429226668703693E+006
     15  2.163048733423047E+000  4.419552032864098E+005
     16  2.301158126829751E+001  2.313539158253511E+007
     17  1.436233329409309E+001  8.963864847771106E+006
     18  6.578131871284994E+001  3.632434846235395E+007
     19  2.069164931152696E+000  3.786453143430331E+005
     20  1.968272072285546E+001  9.929052983794356E+006
     21  4.117738144715497E+000  1.573619152048795E+006
     22  1.142250733791934E+001  7.605031964984606E+006
     23  1.946759363302525E+002  1.094981630263647E+008
     24  1.484372677751740E+002  8.299073524306370E+007
     25  1.872176130712648E+000  3.554721992353614E+005
     26  1.997561669639161E+000  6.187325635712100E+005
     27  1.750079540345521E+002  1.931274678404809E+008
     28  6.004433867713420E+000  3.690301028555725E+006
     29  4.792627689037668E+001  4.829411094791969E+007
     30  3.841541435997109E+000  1.390979944642896E+006
     31  3.636130519817035E+001  2.011737892274190E+007
     32  1.122112097555738E+001  9.036327934105126E+006
     33  9.869175091342738E+000  5.581195405665030E+006
     34  5.738041220929216E+000  2.510336291404372E+006
     35  5.557991966059731E+001  5.526921361328891E+007
     36  1.495466719654365E+001  7.061775492374546E+006
     37  2.704089769135853E+001  2.451713069008302E+007
     38  1.404459033195421E+002  8.184570951712130E+007
     39  1.143264932780718E+001  9.555105839763127E+006
     40  2.628287403191119E+001  2.562021502516303E+007
     41  1.906667464768889E+001  1.659285128614283E+007
     42  1.211231709435257E+001  8.045630017177572E+006
     43  6.939241865487821E+000  3.830072443493571E+006
     44  2.390047771178359E+001  2.411501978976447E+007
     45  7.761651262438372E+000  8.091470693129923E+006
     46  7.726039206303178E+000  4.116373177780662E+006
     47  1.148171793996350E+000  3.178131488534651E+004
     48  1.756040538223676E+001  1.046868309957548E+007
     49  5.409691877633748E+000  2.818560642281798E+006
     50  2.680951143325120E+000  1.398771769374550E+006
     51  1.622222324854694E+001  2.035479894298000E+007
     52  2.723522719871017E+000  1.904060246030442E+006
     53  4.540243797266988E+000  1.938958471935868E+006
     54  3.290314519162376E+001  1.999319069608286E+007
     55  5.227750858898371E+001  3.329207722740530E+007
     56  1.168800118345783E+000  6.309270475733318E+004
     57  3.905760436890640E+001  2.300535510745560E+007
     58  4.699661762930894E+001  2.646438307777540E+007
     59  1.494094897216208E+000  2.801668618124159E+005
     60  8.456813533939065E+001  6.239508751791552E+007
     61  3.381681915238217E+000  1.156348249676439E+006
     62  3.525606433043729E+000  1.751184680914923E+006
     63  2.063335495062180E+000  9.224348085540510E+005
     64  7.427355287178490E+001  4.349613702092581E+007
     65  6.867278693171934E+002  4.351237233657486E+008
     66  1.135782592594396E+001  6.101786755338500E+006
     67  9.035490719682284E+001  5.496179354270732E+007
     68  3.043424730261526E+000  1.275112748385972E+006
     69  4.885525519186340E+000  3.266436162500054E+006
     70  1.337795010673334E+002  9.252720845815921E+007
     71  1.961165571009383E+002  1.188024171544798E+008
     72  3.705990927083809E+000  1.300933665470594E+006
     73  1.863493228894705E+001  2.032984069310775E+007
     74  8.941062803029629E+000  5.154906359037611E+006
     75  2.234679776431226E+000  6.971907436777077E+005
     76  2.422092230645516E+000  8.782644305478781E+005
     77  4.340086855683799E+000  1.980897156220275E+006
     78  4.793292636703229E+000  2.286759872716142E+006
     79  8.907338876139841E+000  9.208717331865253E+006
     80  4.425617553918077E+001  4.997621032916418E+007
     81  4.871555485975678E+000  3.156179456979816E+006
     82  6.169965624179223E+000  5.445223461895292E+006
     83  2.581970667182087E+000  1.521908273835556E+006
     84  2.679084169508808E+000  1.010156237873279E+006
     85  2.385625795679143E+001  1.227199838638815E+007
     86  7.814727469761215E+001  8.562220090111536E+007
     87  1.609408567958695E+000  7.000990640377942E+005
     88  1.856438198794460E+000  6.011032121705924E+005
     89  9.793586681057819E+000  7.091954221694081E+006
     90  9.674322590501718E+001  1.123486710566521E+008
     91  2.561083228778836E+001  2.771946240154538E+007
     92  1.877659348838759E+001  1.584754421378077E+007
     93  4.185053918652731E+000  3.741453595503686E+006
     94  1.794499812160644E+001  1.981319126938164E+007
     95  1.540108540826229E+001  7.910216687094573E+006
     96  4.400743319482483E+000  1.921906174727306E+006
     97  1.308208294336392E+001  1.080636962708786E+007
     98  1.364409528998036E+001  1.558160965414071E+007
     99  1.673368071725834E+000  7.789484100150289E+005
    100  2.570785927285845E+001  2.731567679366523E+007
    101  8.062230798636151E+000  4.527552881291645E+006
    102  9.818324363848943E+000  1.040161749557486E+007
    103  1.288937093339871E+002  1.359631158035263E+008
    104  2.884438800718155E+000  1.224443109357509E+006
    105  1.128595197803634E+001  1.132699737699528E+007
    106  8.702839205277046E+000  4.472755010689537E+006
    107  1.674948398450911E+000  4.820907542556507E+005
    108  3.043986047624462E+001  1.628144693288898E+007
    109  5.341823521183294E+000  2.583945759861431E+006
    110  1.146996326681179E+001  1.154858946987648E+007
    111  9.317452196987631E+000  4.921585256949624E+006
    112  4.018301756368765E+000  2.555794281661683E+006
    113  4.098606919005523E+000  3.283166789520734E+006
    114  8.176907132113168E+001  4.468300790339547E+007
    115  1.288081549355578E+001  1.330853185385771E+007
    116  4.697330109611898E+000  2.371819541634157E+006
    117  9.196930025214836E+000  7.131102456414496E+006
    118  2.153075078403520E+000  9.246171104366132E+005
    119  2.974009491921091E+000  1.864894218159049E+006
    120  1.152841952030214E+001  1.226425306001780E+007
    121  4.665170973031164E+000  2.140484575012701E+006
    122  1.084102388547598E+000  1.140866134126286E+005
    123  1.916804629971423E+000  6.549792012045403E+005
    124  9.523859291602488E-001  4.282097318876423E+004
    125  1.143881046876784E+001  9.854156779566586E+006
    126  5.779884793146646E+000  5.760162088648956E+006
    127  2.285219207536744E+000  1.593220136311083E+006
    128  4.932352084584114E+000  5.328283312721556E+006
    129  9.454988988795291E-001  4.926657687457356E+004
    130  1.704445554109421E+000  1.049389031907305E+006
    131  9.955482241014094E+000  4.970299101129751E+006
    132  1.976648683098619E+000  8.193680179071799E+005
    133  8.611931335876909E+000  4.164769666229112E+006
    134  6.668983598698381E+000  3.079172271594722E+006
    135  3.198004526662570E+000  2.790902486587773E+006
    136  3.853818359552587E+000  3.163946650107907E+006
    137  4.262777146169102E+000  2.252321674071935E+006
    138  6.505819974065833E+000  3.596896465629736E+006
    139  3.647815314616632E+000  3.217463300310704E+006
    140  3.120282346079931E+000  2.421158711180760E+006
    141  2.276379745936170E+000  1.116779127156571E+006
    142  2.321261791147168E+001  1.287701838968997E+007
    143  8.024875698191375E+000  4.563475324252979E+006
    144  1.108184605459686E+001  8.768644318276672E+006
    145  3.081688513716994E+000  1.643829325491379E+006
    146  8.950859170974619E-001  2.727839522092502E+004
    147  1.827551850912867E+000  5.359354278481536E+005
    148  3.294509668756326E+000  2.008167621714040E+006
    149  9.339949137782950E+000  8.755250364578635E+006
    150  4.483496673352787E+000  1.863930486340267E+006
    151  4.657527940568335E+001  4.918782628498990E+007
    152  3.076810992728088E+001  2.485872769901894E+007
    153  6.910582927445303E+000  3.374236929926250E+006
    154  1.586729753596174E+002  1.813646767109514E+008
    155  7.334282834239232E+000  7.567605822103622E+006
    156  4.368616877464565E+000  2.105098527022219E+006
    157  1.532569938962205E+001  8.876973269193118E+006
    158  9.445941327793577E+000  5.005812065861504E+006
    159  1.827624000672124E+000  1.110656956501699E+006
    160  1.665506402609111E+001  1.124041807542532E+007
    161  1.067239252945542E+001  5.927508711269229E+006
    162  1.471259749745115E+000  3.392283111436802E+005
    163  5.985905193277100E+001  6.729781232166860E+007
    164  9.809231804966601E+001  9.392420089475405E+007
    165  7.475475078525730E+001  7.903037080222403E+007
    166  1.278750533780397E+001  9.452101739666946E+006
    167  2.297692785027341E+000  9.357588286618221E+005
    168  3.004968280806072E+000  1.424874925920318E+006
    169  9.903615926299597E+000  5.353532230632644E+006
    170  1.494065149241911E+000  4.529147081207227E+005
    171  2.056246855309700E+000  7.560037391835466E+005
    172  1.035046571950827E+001  7.511464314535662E+006
    173  7.993295563265616E+000  5.325266014068638E+006
    174  4.940878509035744E+000  2.393619787492361E+006
    175  1.097211341886106E+000  2.217288084947888E+005
    176  2.586302337297620E+000  1.009048888088223E+006
    177  5.576688157772510E+000  4.685241486553633E+006
    178  7.693935618569444E-001  4.604741359073091E+003
    179  1.282007004316595E+000  2.727929117220137E+005
    180  1.136322872376869E+001  5.561896172006971E+006
    181  1.251343815095409E+000  3.399678479681075E+005
    182  1.726603324669566E+001  1.815718824884989E+007
    183  1.086533424423388E+001  5.967143674694210E+006
    184  5.672035074832309E+000  2.687779769211527E+006
    185  2.551201244750999E+001  2.001473001904057E+007
    186  1.497511910373388E+001  1.630544799169680E+007
    187  1.939934575645163E+000  6.839156121791465E+005
    188  4.401540613895094E+001  2.632417603181593E+007
    189  1.697557844866646E+000  7.212181373465838E+005
    190  8.269249249915930E+000  6.288766534130263E+006
    191  5.248387072951978E+000  2.527982746851524E+006
    192  4.907201412966963E+000  3.741049534558052E+006
    193  1.334187988956197E+001  1.301664356984594E+007
    194  2.250377866364422E+000  1.832107955171984E+006
    195  1.115065925664920E+001  7.101112539635769E+006
    196  7.863092137798463E+000  3.905218646217451E+006
    197  5.241596170195569E+000  4.778541140478674E+006
    198  2.898553981262238E+001  2.345990738132564E+007
    199  2.319905168631997E+001  1.380877940614373E+007
    200  8.091172629718374E-001  6.375454349721020E+004
    201  4.127314439627973E+000  2.309234146695002E+006
    202  8.133752954616646E+000  4.134382620076471E+006
    203  1.619843104385777E+000  8.983288821492823E+005
    204  3.385101688053668E+000  2.784552616100581E+006
    205  6.348851739936626E+000  3.634865008373285E+006
    206  4.569697761227086E+000  2.721019923197776E+006
    207  1.552284058829470E+001  8.383606877367730E+006
    208  3.591592967097002E+000  1.631206825497556E+006
    209  1.814511087963835E+000  9.483892285250322E+005
    210  3.446665448306789E+000  3.857458743673102E+006
    211  1.900854822127997E+000  1.533948533531260E+006
    212  9.864225190972752E+000  4.987211909651923E+006
    213  3.096118570581315E+000  2.437914482789279E+006
    214  2.629392952515781E+000  1.096119066433376E+006
    215  2.247361393580821E+000  1.331775100042603E+006
    216  1.229330614525374E+000  3.119773103862571E+005
    217  4.112494312403303E+000  3.063628293898314E+006
    218  6.269471546650710E+000  2.940615549244419E+006
    219  1.164324556497769E+000  3.706241899788519E+005
    220  1.299359901050370E+000  3.192093969377243E+005
    221  6.781688129608289E+000  3.578033386066732E+006
    222  4.057425499381561E+000  3.025711327988423E+006
    223  1.728735372445964E+001  9.820678572341295E+006
    224  8.535709629904310E-001  8.631775097070154E+004
    225  8.990739267212344E-001  1.117477347568650E+005
    226  4.196014051555091E+000  3.053373732181726E+006
    227  8.727585243352955E-001  1.155173767241051E+005
    228  7.789214861635558E-001  4.763673821818435E+004
    229  2.369591517195702E+001  1.288574519402497E+007
    230  1.175825375177948E+001  1.125303155344943E+007
    231  3.767947949667457E+000  1.583269175263034E+006
    232  1.794338670036025E+001  2.134865586408774E+007
    233  1.119478760677877E+001  8.229963657732050E+006
    234  1.850777738746375E+000  6.672373161311185E+005
    235  7.884427379339672E-001  8.359130538931751E+004
    236  1.498369904098397E+001  1.162573922648953E+007
    237  4.036197505349122E+000  1.800079018617173E+006
    238  7.670560629706509E+000  5.053910334248818E+006
    239  4.134925838750878E+000  2.372118732880780E+006
    240  6.930964052195865E+000  4.885411299812436E+006
    241  1.193390964178107E+001  7.962543294723759E+006
    242  2.177016417584961E+000  8.293935386717111E+005
    243  9.667063835897113E-001  2.359086957780012E+005
    244  2.201887363511395E+000  1.712705858766901E+006
    245  1.788739255927734E+001  1.299362940276729E+007
    246  6.476989704708486E+000  3.395409266503121E+006
    247  3.439866174709552E+000  2.456025371777706E+006
    248  5.981209490761726E+001  5.458567619103407E+007
    249  1.122308048250023E+001  1.057478725866798E+007
    250  1.018780566513092E+000  2.224435508512914E+005
    251  1.155676235039467E+001  7.348083368626724E+006
    252  8.083101018546599E-001  8.815652413654304E+004
    253  3.651711284124894E+001  2.339046933111550E+007
    254  1.955346696796729E+001  1.140351916711503E+007
    255  2.020189998350581E+001  1.103381457589292E+007
    256  4.376681190089835E+000  3.377478205347290E+006
    257  1.524617416473396E+000  5.479610681127129E+005
    258  2.192642141938860E+001  2.388243275453838E+007
    259  7.179751288953743E+000  5.690549776376800E+006
    260  1.466821155803854E+000  4.446096834485354E+005
    261  2.364245593185577E+000  1.061992848179918E+006
    262  2.187194186658161E+000  1.306968891990652E+006
    263  6.591550748308207E-001  2.515634802171813E+004
    264  6.734385542134136E+000  6.589579284145083E+006
    265  7.559210148949237E-001  1.444467467403224E+005
    266  1.488685818733148E+000  8.577133186607702E+005
    267  1.143136986623234E+000  4.432005137981895E+005
    268  6.889757433139001E-001  4.871166990589333E+004
    269  1.034677764284760E+000  2.336112669108031E+005
    270  1.613499987020288E+000  8.738888507929910E+005
    271  9.744365136878894E-001  2.331420398926590E+005
    272  7.946976560458841E+000  8.372560150111865E+006
    273  2.094434831664825E+000  1.757320247363209E+006
    274  5.690178753516205E+000  5.927284872114087E+006
    275  4.139218637841682E+000  1.902401952341093E+006
    276  1.690103958375861E+000  1.089532983356803E+006
    277  9.462908088946297E-001  2.561363869913093E+005
    278  1.524853499589342E+000  6.878247921219219E+005
    279  5.482065225643321E+000  4.448402710931008E+006
    280  5.295681420055188E+000  6.152071220102930E+006
    281  5.263471374483768E+000  3.578127062568130E+006
    282  1.014015118632855E+001  5.321125498037890E+006
    283  3.551554418558528E+000  2.914026868083848E+006
    284  9.106349740010325E-001  1.792088494870726E+005
    285  2.645665643762235E+000  2.480723558832206E+006
    286  6.754942465105702E-001  7.267984837964014E+004
    287  1.078954801044744E+000  4.989240487766453E+005
    288  6.668406675085745E+000  4.831788836621203E+006
    289  5.881067103639544E+000  4.190423843597968E+006
    290  1.452473292124935E+001  1.623051459861932E+007
    291  2.545281934182512E+001  3.120835964826318E+007
    292  1.980039412871360E+000  1.121438555151073E+006
    293  4.317605186042389E+001  4.999849788615197E+007
    294  1.180778691913453E+001  9.047291163965665E+006
    295  8.311521751874524E+000  4.187914524900176E+006
    296  2.659180489509910E+001  2.005728375066930E+007
    297  4.351265523834893E+001  3.289210193237061E+007
    298  4.673663684334439E+001  5.372484864558235E+007
    299  9.289486249522557E+000  8.819633536586499E+006
    300  4.346571472464775E+001  3.348657071319351E+007
    301  5.025399465100421E+001  2.899659284888054E+007
    302  4.056684206951582E+000  3.468580422123326E+006
    303  5.822592313280121E+000  3.708960587327439E+006
    304  3.130510634234612E+000  1.364881866179056E+006
    305  2.019819089907169E+000  8.115403963021665E+005
    306  8.462000007883349E+000  8.402708275681116E+006
    307  2.117648632792584E+000  8.268584028324998E+005
    308  2.300262232761079E+001  2.400723598538556E+007
    309  3.276049802231419E+000  1.739885537494639E+006
    310  7.110399222556130E+000  6.902897326582238E+006
    311  1.711568076751538E+000  6.083003141700490E+005
    312  3.332011956982820E+000  1.601602218145986E+006
    313  9.424035501024184E-001  2.135991563329085E+005
    314  2.323338405188543E+000  9.506162178225237E+005
    315  9.240410678794169E-001  2.166386702724603E+005
    316  1.049636044337216E+000  3.839257162168182E+005
    317  2.520387025416508E+000  1.066735710608563E+006
    318  1.131627923280366E+001  1.122543452038246E+007
    319  1.725542454805301E+000  8.647106105208378E+005
    320  6.487262125344436E+000  3.470265052546033E+006
    321  3.447600809095462E+000  1.778034418364174E+006
    322  1.895176920767026E+000  8.112550359167514E+005
    323  1.688661166929999E+000  5.956230570175328E+005
    324  2.885617121627438E+000  1.325908861092777E+006
    325  7.507489610837192E+000  3.610513994845846E+006
    326  4.427421194730944E+000  4.380407070776160E+006
    327  4.359637156532223E+000  1.999393177810864E+006
    328  7.516979141905865E-001  1.268121473402542E+005
    329  1.656312636723398E+001  1.070236184234202E+007
    330  2.863859052174986E+001  1.578977141029662E+007
    331  8.101012283005385E+000  4.214153948765450E+006
    332  1.573474238529170E+000  1.069791597185826E+006
    333  5.774555240388112E+000  5.157823348045950E+006
    334  2.466885559373298E+000  1.016173448703324E+006
    335  1.153429423622862E+001  7.299817829875249E+006
    336  3.817601802771458E+000  1.865661626136448E+006
    337  1.712091279555305E+000  6.868524044756399E+005
    338  3.831511370074985E+000  1.901277005841179E+006
    339  1.501943629176324E+000  5.468369207749297E+005
    340  4.938935524510474E+000  4.360025218651188E+006
    341  1.811147039974052E+001  1.289522567049571E+007
    342  7.629246729046573E-001  1.484828387850874E+005
    343  5.401524708838761E+000  4.278295957245871E+006
    344  9.555737609798683E+000  9.261247175660416E+006
    345  1.046203190945887E+000  6.508918568872042E+005
    346  2.627666457570939E+001  3.029770961350000E+007
    347  1.708330460392247E+001  9.470891808757955E+006
    348  1.006748842904034E+001  5.606718591707046E+006
    349  2.062090390029774E+000  1.428036870175675E+006
    350  6.528417500168434E-001  1.111297445771312E+005
    351  2.882026564782909E+000  1.710391155303881E+006
    352  4.752653311108337E+000  2.435158463987197E+006
    353  7.079831038816699E-001  2.117859000782698E+005
    354  7.658414678521712E-001  1.630813370574425E+005
    355  2.504234349352091E+000  1.344131442718385E+006
    356  1.429477973794906E+001  1.216272617155710E+007
    357  5.251853330670415E+000  2.650839982226070E+006
    358  4.448180847502854E+001  3.588746958040918E+007
    359  3.230507335019021E+000  3.096001920940795E+006
    360  2.380337906569831E+000  1.064792364066482E+006
    361  1.548376634011239E+000  6.328970395635207E+005
    362  5.970937373293950E-001  7.585228222395106E+004
    363  4.716843764614582E-001  6.651380043821461E+003
    364  1.372789958489485E+000  1.107811390222911E+006
    365  2.075003554586119E+000  1.226776375261182E+006
    366  7.742292850524667E-001  1.799841894195387E+005
    367  2.155350481405704E+000  1.917445735551884E+006
    368  6.792325075810591E-001  1.198256022393045E+005
    369  9.260658033285482E-001  6.453495142336703E+005
    370  9.175799054332238E-001  2.594395504898059E+005
    371  5.632197707650674E-001  6.521673561677007E+004
    372  9.935295952477511E-001  5.532615061997826E+005
    373  5.459899652245258E-001  6.928231843085955E+004
    374  5.457802501463297E+000  5.123624422128230E+006
    375  7.424686309396615E-001  3.085194200286332E+005
    376  6.305981628130778E+000  7.359928558956073E+006
    377  1.816775309347761E+000  9.580881383429010E+005
    378  1.159222438251054E+001  9.507256106706278E+006
    379  1.143875896267513E+001  6.832663397425506E+006
    380  7.521898649295844E+000  6.480443296692357E+006
    381  4.513290178874809E+000  3.463146046897368E+006
    382  3.138256771359517E+000  1.564080422615061E+006
    383  5.676277146172041E+000  5.729570959375116E+006
    384  1.332879771810700E+002  1.527787135582079E+008
    385  1.073586890487770E+001  5.907571553786345E+006
    386  7.837825327799156E+001  5.609101723509998E+007
    387  1.763012344329676E+001  1.531117758531598E+007
    388  4.236966705162931E-001  1.750341306644054E+004
    389  3.430826947000023E+000  1.699270339673836E+006
    390  3.807222033072772E+001  4.453440970226765E+007
    391  2.525006669816686E+001  2.535816040238096E+007
    392  3.880478775513465E+001  4.158901059636999E+007
    393  6.958994787495141E+001  6.844723045139605E+007
    394  2.505848197034296E+000  1.359987007135199E+006
    395  1.422256653972734E+001  1.537025105114933E+007
    396  3.889474916567369E+000  3.850517397916098E+006
    397  1.322603575902529E+000  1.020766954784586E+006
    398  2.168424750123769E+000  1.532211815133178E+006
    399  4.522059863628537E+000  5.024775177317533E+006
    400  1.758319108617921E+001  1.418477150090428E+007
    401  4.422303011131484E+000  2.234963016531915E+006
    402  1.879470912376098E+001  1.986673439713417E+007
    403  1.171742282623160E+001  6.689716349996954E+006
    404  2.526264173080032E+000  1.865549500668963E+006
    405  1.150457344969335E+001  8.872810905639816E+006
    406  3.531287481411493E-001  9.643058066259387E+003
    407  2.119696748433582E+001  2.542801816276414E+007
    408  4.054698494851006E-001  5.505190533780990E+004
    409  6.944102167225070E+000  5.832620199186179E+006
    410  6.928465957220732E-001  2.439808089691225E+005
    411  4.031204524705591E+000  2.996416597956348E+006
    412  3.819436095178929E-001  3.502198306184138E+004
    413  1.704411546075793E+001  1.056703697436765E+007
    414  1.565568744119944E+000  6.746537973642758E+005
    415  2.064969066823027E+001  1.272634524951063E+007
    416  8.729775249332145E-001  3.838207674543473E+005
    417  4.301952969794456E+000  2.663075426882790E+006
    418  6.521324147558397E+002  3.278197989587114E+008
    419  2.474124596774849E+001  2.650958211929477E+007
    420  1.032217533330135E+000  4.634244088514638E+005
    421  3.188107780444391E+000  2.446088385356170E+006
    422  5.537087546346753E+001  2.994427034769005E+007
    423  3.235869770427410E+001  2.192013244690984E+007
    424  4.711434245296503E-001  8.832120204477559E+004
    425  1.595646697790325E+002  8.216572485433213E+007
    426  2.562861145776839E+001  1.324625743684676E+007
    427  1.823107924014725E+001  2.117870405902265E+007
    428  3.802001762444576E-001  4.861353491342648E+004
    429  4.889711756582196E-001  1.093249917663496E+005
    430  1.318739731419071E+001  1.470761963551671E+007
    431  1.730207015452088E+001  1.037001419551004E+007
    432  6.211299855350479E-001  2.547966640086365E+005
    433  1.411533789305092E+000  9.856306415352752E+005
    434  1.070495170124258E+001  1.129109489772035E+007
    435  7.378030101549670E-001  2.348944355542021E+005
    436  3.134065515092972E+001  2.626800308138533E+007
    437  4.939057223128235E-001  1.915105961068853E+005
    438  3.795075595781856E+001  3.712147022935937E+007
    439  3.488717670009235E-001  1.762088308587770E+004
    440  6.498057986196614E+000  6.327640194934331E+006
    441  8.147951736800584E-001  2.727269769078343E+005
    442  2.292591683507586E+000  2.190819791763911E+006
    443  3.230694758429095E-001  6.989250419940858E+003
    444  2.484790895016250E+000  1.197059652071424E+006
    445  2.038378286751577E+001  1.172100012262267E+007
    446  6.251930819723111E+000  5.952009504282269E+006
    447  4.992707481392419E-001  1.138019997273536E+005
    448  2.604345525179206E+000  2.659556485067332E+006
    449  3.514217040935470E+000  1.943337483363124E+006
    450  8.255553578656405E+000  1.014728005828061E+007
    451  2.395877205367485E+000  1.385771419904084E+006
    452  1.069661878985439E+001  1.124827745713914E+007
    453  1.866837054949784E+001  2.257018110688721E+007
    454  1.651848845261927E+001  2.356716158852501E+007
    455  9.274704287980094E-001  5.449005761900643E+005
    456  7.270566606482523E+000  9.597180305989021E+006
    457  6.424179230243960E-001  1.833335174986399E+005
    458  6.502091279916827E+000  7.012864587081685E+006
    459  5.211073497288309E+000  4.434284523464126E+006
    460  4.190797833573880E+000  5.115284420956808E+006
    461  5.105589799241053E-001  1.217275751169943E+005
    462  1.874070258242874E+001  2.102274211659431E+007
    463  6.442029883572387E-001  1.942466280429898E+005
    464  1.214183389900843E+001  1.369129112822991E+007
    465  7.669717184486936E-001  2.684167070898055E+005
    466  5.397775857360277E+000  3.965511913909568E+006
    467  3.261271340843397E+000  2.773063410565107E+006
    468  4.361114823216763E+000  4.445568151999905E+006
    469  4.830075788206682E-001  1.069719327228222E+005
    470  8.727919693016568E-001  3.581695381869394E+005
    471  7.013168292642484E-001  2.369142189883885E+005
    472  9.953700321273681E+000  1.205209021592946E+007
    473  9.327251861709475E-001  6.044315793110422E+005
    474  2.483082753920132E+001  3.263986721554799E+007
    475  2.292552026438639E+000  2.268617850083030E+006
    476  5.430660734304195E-001  1.692745777006818E+005
    477  3.796467174616535E+000  4.337586540481936E+006
    478  1.328307959541283E+000  1.143399021211813E+006
    479  1.601222766340067E+001  1.758313302667154E+007
    480  2.961761576230007E+000  2.253191716278651E+006
    481  9.593736019523201E-001  3.703701911234287E+005
    482  2.931354133459528E+000  2.655699157305551E+006
    483  5.204568865825622E+000  5.360103950773043E+006
    484  7.130797134945890E-001  3.015566812639640E+005
    485  6.836463560931600E+000  7.010092713376790E+006
    486  1.958052570266867E+000  8.610032160374966E+005
    487  3.502526724577615E+000  4.434921275094278E+006
    488  4.253627102188049E-001  7.349677255523812E+004
    489  3.331206756961647E+000  3.298514336028436E+006
    490  2.955476119451774E-001  1.225461586387246E+004
    491  2.674576780560912E+000  2.712367880034775E+006
    492  1.106111936974520E+001  6.794256698841847E+006
    493  3.920090671839996E+000  2.022551026750651E+006
    494  3.555786914710869E+000  3.758488255931135E+006
    495  4.727936046926212E+000  3.807100634010819E+006
    496  3.546278933142940E-001  5.313864108701739E+004
    497  3.827395735406195E+000  3.799426877282055E+006
    498  2.257679081533344E+000  2.345664315758735E+006
    499  2.809397055409470E-001  4.545253258270978E+003
    500  2.857198550459478E+000  2.505064301547326E+006
    501  2.781429999103594E-001  3.868923719898744E+003
    502  1.674134642743356E+000  7.900202702216670E+005
    503  8.445111829933794E+000  9.396775824229553E+006
    504  7.726642225147677E+000  7.199246871769910E+006
    505  3.611637556385679E+000  4.116514407193294E+006
    506  3.824392099159606E-001  6.680800432026539E+004
    507  1.234063831399258E+001  1.411068591047044E+007
    508  4.549744240671601E-001  1.337943136178831E+005
    509  3.672114888945542E-001  8.918834406202663E+004
    510  6.523774643695638E+000  7.435394937070005E+006
    511  7.416320545193184E-001  3.596203555564789E+005
    512  8.093037334775396E+000  9.218143884662187E+006
    513  6.131164034130784E-001  3.215894328671183E+005
    514  2.807324632970834E+000  2.747926197057358E+006
    515  1.650590098029132E+000  9.202579160340866E+005
    516  1.443199546546513E+000  1.026014195821402E+006
    517  1.414103488551223E+000  1.338040017932617E+006
    518  4.146516756739846E+000  4.168253529502487E+006
    519  2.591072607251896E+000  3.015945063081409E+006
    520  2.977173093016356E-001  2.295028654937398E+004
    521  1.548060038580169E+000  7.194850803102156E+005
    522  5.881128271008652E-001  2.176577940725507E+005
    523  2.088376081535993E+000  2.025044652114162E+006
    524  5.153306464116154E+000  7.444364337008885E+006
    525  1.074843974320264E+000  7.844594796939036E+005
    526  9.104379781762224E-001  3.928055518414705E+005
    527  2.639091405677975E+000  3.386393701320189E+006
    528  1.345396697396569E+000  6.456745108609364E+005
    529  8.371109351804225E-001  3.361500661660029E+005
    530  6.080944429369313E+000  6.172925362026469E+006
    531  1.061862624364681E+001  9.442621778940365E+006
    532  2.319013270480639E+000  1.966418174430170E+006
    533  2.138766941313436E+000  2.170063695711629E+006
    534  1.586570622518804E+000  1.497692350818373E+006
    535  5.587146083924880E+001  5.989285968859401E+007
    536  2.211380585546206E+001  1.188529218325843E+007
    537  1.316274544961769E+002  1.536510591657220E+008
    538  2.575565048963589E+001  1.566793168734832E+007
    539  1.225740491594298E+002  1.180764960719783E+008
    540  8.055428798357722E+000  6.157886055463123E+006
    541  1.235121540107766E+000  1.294425204801214E+006
    542  1.421807249889020E+000  7.697528199729552E+005
    543  3.927986841357491E+000  2.774747014036807E+006
    544  7.604877916255714E+001  4.322355021376074E+007
    545  2.554484455183699E+000  2.585815567529751E+006
    546  1.108788426988135E+002  6.250329484279994E+007
    547  1.467845398928464E+003  8.325152454113679E+008
    548  3.629335944652349E+000  2.217151564830789E+006
    549  6.785103969826260E+001  3.769838634654947E+007
    550  9.907687273302994E+000  9.211500244933331E+006
    551  9.855018053865493E+001  5.281402832075682E+007
    552  1.187663080947417E+002  5.799498687194294E+007
    553  8.386884215117993E+000  5.485411487181570E+006
    554  5.290240377896301E+001  3.026824198749027E+007
    555  1.310724043395177E+000  8.180208698594061E+005
    556  4.527823085293330E-001  1.864575661416973E+005
    557  6.803427966407344E+000  5.016273763235939E+006
    558  7.269117667474041E-001  3.975345934997282E+005
    559  4.600668136922803E+000  4.704504313484917E+006
    560  3.399099244105236E+000  1.900535783322967E+006
    561  5.340033025274459E-001  3.457829004238849E+005
    562  7.544943494840675E-001  3.249279151567876E+005
    563  1.900892097026406E+002  1.223794575285665E+008
    564  6.279076723513032E+000  3.350290408492548E+006
    565  1.348016902545279E+000  8.059637367528621E+005
    566  2.847867794989939E+002  1.622411809131126E+008
    567  7.098144932332275E-001  3.672887471921633E+005
    568  4.728078604497496E+000  3.745869942236215E+006
    569  3.920365014433708E-001  1.897001740203494E+005
    570  2.416638437113113E+001  1.380220203979134E+007
    571  1.179312563899230E+000  6.327150835056346E+005
    572  4.373286106137670E+000  2.705631819762073E+006
    573  1.779404017828260E+000  9.869379448586412E+005
    574  2.112770005864860E-001  1.066979931093476E+005
    575  9.618924953635398E+000  7.350987909287634E+006
    576  6.882427950387544E+000  3.341723476420401E+006
    577  9.550523641120379E-001  5.135034023058415E+005
    578  6.661339290920307E-001  4.609708292980972E+005
    579  3.333745939750438E-001  1.710436829700853E+005
    580  4.843139872993997E+000  3.876350765736442E+006
    581  7.691134798213257E-002  5.574113761665336E+003
    582  2.849527410089653E+000  2.521391254710507E+006
    583  6.104286405967321E-001  3.013518114769387E+005
    584  9.778010376744730E-001  5.307596711916876E+005
    585  2.124173852447729E+000  1.852991319835707E+006
    586  2.938797695642735E-001  1.131119664320733E+005
    587  1.025953374662231E+000  1.090213663641472E+006
    588  1.338002286379295E+001  1.312867002872064E+007
    589  6.446135009125440E-001  3.134543526846087E+005
    590  1.787769434505714E-001  5.830732393451125E+004
    591  2.465639900661674E-001  9.744957507009852E+004
    592  4.972695323126039E+000  5.350762162720239E+006
    593  3.702932395371982E+000  3.748265414607680E+006
    594  7.718191361006437E-001  4.063336186456135E+005
    595  5.209612334208261E-001  2.427855001977368E+005
    596  5.505715707616682E-001  2.747934311119987E+005
    597  2.979869012565886E-001  2.549807579721202E+005
    598  8.672861650710581E-002  8.824845461137296E+003
    599  2.014785951587081E+000  2.454300927712543E+006
    600  5.207404844081681E-001  5.886087626978278E+005
    601  2.417750586709096E-001  1.095725418869231E+005
    602  3.626107865211159E+000  3.680094151024241E+006
    603  1.095426998228658E-001  3.122314600763753E+004
    604  3.196421827818649E+000  2.251566837255712E+006
    605  9.819500433956512E-001  5.176514823723484E+005
    606  8.667410445437711E-002  1.138627617990207E+004
    607  4.879304134536193E-001  3.715787133637793E+005
    608  3.306224578869728E-001  1.508235978206287E+005
    609  1.303388101303362E+000  1.190956006345339E+006
    610  5.738620216710851E-001  2.942385323699022E+005
    611  4.446987429957268E-001  3.220505231375112E+005
    612  7.684514119865775E-002  5.803913120556344E+003
    613  3.921374087855356E+000  3.470566617417794E+006
    614  1.222753621189608E-001  3.080959782087723E+004
    615  1.213653678457597E+000  1.283224790078670E+006
    616  6.561529861254841E-001  3.437250427619868E+005
    617  8.694885807497202E-001  8.846249653739458E+005
    618  2.150947194907944E+000  2.096045789619295E+006
    619  1.986792750070948E-001  7.703156350178790E+004
    620  6.914273682736773E-002  1.259441407639144E+003
    621  9.642159880537652E-001  8.807584853838994E+005
    622  4.907690976101818E-001  2.395362233879428E+005
    623  8.043567926491728E-001  7.765015033692028E+005
    624  5.456147260653003E-001  2.692215587540717E+005
    625  2.098021508224105E-001  7.695838366133803E+004
    626  2.958021457481058E-001  2.428403918381980E+005
    627  1.846612409723086E-001  6.542294395935842E+004
    628  8.948780326392718E-002  1.123677896562313E+004
    629  7.693238480220713E-002  6.895082163831104E+003
    630  3.071997614015021E-001  2.079170418021126E+005
    631  2.617963801569993E-001  1.715326720159113E+005
    632  1.559745646809238E+000  1.922527843711621E+006
    633  3.367634594231871E-001  1.467151867958744E+005
    634  2.506032609358133E-001  1.049153223653223E+005
    635  5.538397339086278E-001  3.769777310679093E+005
    636  6.718592099721155E-001  3.680652748291691E+005
    637  2.898088717984136E-001  2.413629254698824E+005
    638  8.434961934509264E-002  1.152427250788195E+004
    639  1.001480721731705E+000  8.606742011310883E+005
    640  1.648921526362953E-001  6.371541563885438E+004
    641  4.396336928725965E-001  2.141103206805944E+005
    642  1.825049301894418E-001  6.246815747290856E+004
    643  7.766582236010162E-001  6.639806270231302E+005
    644  1.405162818903668E-001  4.098964101724767E+004
    645  4.629324762853074E-001  3.708880681900650E+005
    646  2.921739991930288E-001  1.665775702983424E+005
    647  6.741368581094170E-002  8.254358263128426E+002
    648  1.694941430205072E-001  6.113084610521310E+004
    649  5.702924031926021E-001  5.707096177743642E+005
    650  3.559311863419285E-001  3.332721221125677E+005
    651  1.676665896048186E-001  5.834316832926471E+004
    652  6.676134106924191E-002  4.037906866766282E+002
    653  9.250200741468131E-002  1.707711859834571E+004
    654  1.178921774598926E+000  1.303263271201901E+006
    655  5.818399717816277E-001  6.038587467125122E+005
    656  4.759275639175610E-001  2.301073669372963E+005
    657  1.985107448065129E-001  7.643391994282410E+004
    658  1.286293209803844E+000  9.277761764966709E+005
    659  9.260422118772054E-001  9.343032264293017E+005
    660  1.779084397112511E-001  6.267187385879934E+004
    661  1.256527022922755E+000  1.397808370736840E+006
    662  9.841062357504711E-002  2.027637034358676E+004
    663  1.890929846882082E+000  2.046357743641297E+006
    664  1.312918524775627E-001  3.936254399307678E+004
    665  2.306274604322170E-001  9.228465185845523E+004
    666  1.141730091651969E+000  8.306661755310185E+005
    667  1.404430257288811E+000  1.016978628188526E+006
    668  1.430423950743007E-001  4.833446890310044E+004
    669  1.644483248912590E+000  1.791847987148072E+006
    670  3.749500230642455E-001  1.793926149764194E+005
    671  3.590285854629458E-001  3.449304475350364E+005
    672  6.690371951120005E-001  3.348010682021969E+005
    673  4.885199211438035E-001  3.061222698579708E+005
    674  7.030534330742703E-001  3.620854175012551E+005
    675  1.917279452251703E-001  1.266905536968924E+005
    676  3.533868032454752E-001  2.466028470858489E+005
    677  1.702838564696020E-001  5.834449934443890E+004
    678  1.395523146509710E+000  1.183013940242894E+006
    679  1.978120861605994E-001  7.784953631658996E+004
    680  3.662714121611745E+000  4.164189849324869E+006
    681  1.556934065654372E+000  1.489168366677781E+006
    682  4.170698190552090E-001  1.996794860310808E+005
    683  9.107710474567674E-001  1.029413739575481E+006
    684  3.884732659543710E-001  1.801803721561393E+005
    685  1.700119190762259E-001  6.363392978199898E+004
    686  1.333225234909170E+000  1.358109164922998E+006
    687  1.659860235036088E+000  1.916889892169437E+006
    688  1.155612663307838E-001  2.952388867250843E+004
    689  1.358815590282333E+000  1.286634262153830E+006
    690  1.100727824171780E+000  1.022854980565779E+006
    691  1.879067922183494E+000  2.054247679291194E+006
    692  7.534430990854644E-002  6.931875439625902E+003
    693  8.906495814569336E-002  1.791912801335436E+004
    694  3.253340434887695E+000  3.301629955627942E+006
    695  3.911628155665068E-001  1.892971868032316E+005
    696  1.535902253944928E-001  5.262833762479314E+004
    697  2.388131327957657E+000  2.300672700840336E+006
    698  5.804466132293114E+000  5.983691916614068E+006
    699  1.565179787579202E-001  5.483389489475599E+004
    700  1.067004286008494E+000  7.398746383337718E+005
    701  6.981263236556512E-002  3.843745200538650E+003
    702  5.965082362857581E-001  4.140881852858407E+005
    703  1.170007539142617E-001  2.995339964254594E+004
    704  6.879834566281470E-002  3.467787267308780E+003
    705  1.274745282435687E-001  3.483621633654663E+004
    706  1.033077151811223E+000  1.084333256666386E+006
    707  1.769831460018520E-001  6.428311700752095E+004
    708  2.572246130069850E+000  2.731518688491809E+006
    709  2.517776771055531E-001  1.130177725342084E+005
    710  2.379816161648352E+000  2.858206886453197E+006
    711  1.014521839775624E-001  2.547386002213222E+004
    712  3.053546149602286E+000  3.622236501487568E+006
    713  4.907226660497151E-001  2.420739463189544E+005
    714  1.332968503557249E-001  4.071180549513685E+004
    715  1.359814012441399E-001  4.330964123786421E+004
    716  1.964691736371681E+000  2.138291328103412E+006
    717  1.944095131516283E+000  2.045533831465099E+006
    718  6.492859251732651E-002  3.195332073107473E+003
    719  1.516343450963427E+000  1.442560207997069E+006
    720  7.444194864304875E-002  7.416966705103288E+003
    721  5.311578153107739E-001  4.842235056318335E+005
    722  1.343824759219703E-001  4.347541559909465E+004
    723  6.767875642816884E-002  7.545007341057889E+003
    724  7.765882241311459E-001  9.001664148731601E+005
    725  6.837264102975529E+000  8.039652779898117E+006
    726  8.098576931147827E-002  1.169653209270110E+004
    727  1.975379743947046E+000  2.277759321815693E+006
    728  9.800216952396715E-002  2.085282352866343E+004
    729  9.468223634107445E-002  1.840689689964978E+004
    730  1.099931563775372E+000  1.060685855839063E+006
    731  5.042266886451822E-001  5.073654577064505E+005
    732  1.838494717884789E-001  6.575363555690672E+004
    733  5.737321845543457E-001  5.753030206733360E+005
    734  6.410527257971071E-002  2.585422090893417E+003
    735  8.065375775388561E-002  1.611852570822850E+004
    736  6.775104761178971E-002  4.676949482532386E+003
    737  1.945742591159509E-001  1.495680467123515E+005
    738  5.927738524575170E-001  5.838826468157273E+005
    739  1.015381319886449E-001  3.148242649832405E+004
    740  6.695024052806264E-002  8.042474254668353E+003
    741  1.579978615553092E+000  2.064105766977455E+006
    742  1.210317390305321E+000  1.109396715944416E+006
    743  6.239344164677195E-002  1.901136285763961E+003
    744  2.366797704570108E-001  1.017948867109945E+005
    745  1.519608036873954E+000  1.641998007110674E+006
    746  5.523436198122178E-001  5.195804499997071E+005
    747  8.977469341832647E-002  1.898618983217377E+004
    748  2.929675029394615E-001  2.694094045431486E+005
    749  9.763467168467191E-001  1.007685116984206E+006
    750  7.455519443772943E-002  8.974730352963208E+003
    751  4.081781175479534E-001  4.126162894146338E+005
    752  6.337625534297232E-002  1.981840560094261E+003
    753  7.378000292277889E-002  8.853228587733904E+003
    754  1.407230803671874E-001  4.895172550789041E+004
    755  5.976910919308257E-001  5.318039869913351E+005
    756  6.938510433747517E-001  6.126196929804544E+005
    757  6.945966322780218E-001  4.725838707915207E+005
    758  1.329366707797308E-001  4.161060702061223E+004
    759  6.297044916569421E-002  2.764680030418269E+003
    760  5.075835522618563E-001  4.662940437874384E+005
    761  1.149938633844592E-001  3.110018605541502E+004
    762  9.950661549527637E-001  9.160429079332427E+005
    763  1.237474494702008E+000  1.164049915059822E+006
    764  1.159847951699405E-001  3.392059517563473E+004
    765  3.792366492288429E+000  4.568678210853114E+006
    766  9.345240538743116E-002  2.347048435884096E+004
    767  1.312599192888960E-001  4.113175232207595E+004
    768  3.224553820429405E+000  2.672276421640075E+006
    769  2.088617253762446E+000  2.223528704801732E+006
    770  1.550373651426492E-001  5.623004052816230E+004
    771  1.046234979978947E+000  9.462890456380098E+005
    772  2.630525126523533E+000  2.765076950355287E+006
    773  6.340749664466254E-002  3.922233091439854E+003
    774  1.350801113139389E+000  8.363006996603872E+005
    775  6.015469565360059E-002  3.395810879228899E+003
    776  9.143984571705949E-002  1.868567351831503E+004
    777  4.503001376314995E+000  5.796632694462754E+006
    778  3.509041995146316E+000  3.854606588566615E+006
    779  8.505199473688406E-002  1.680973477070558E+004
    780  7.836710181109581E-001  8.168543446175096E+005
    781  1.624875810075306E-001  6.127698761715178E+004
    782  2.139606624413250E-001  9.019265886909429E+004
    783  4.794179257208703E+000  5.633989593498196E+006
    784  2.347542999690549E+000  2.276868139105259E+006
    785  5.130224001442462E+000  6.148900055968736E+006
    786  1.293779298983969E-001  4.238332346406796E+004
    787  2.782083268839900E-001  1.300318202640681E+005
    788  7.325801427338519E-002  1.089743898046145E+004
    789  1.067476705053071E+000  1.151566415571528E+006
    790  2.258695054592082E-001  9.610489897458785E+004
    791  2.252909130798434E+000  2.658268057595944E+006
    792  1.119443647380885E-001  3.723746575479772E+004
    793  7.505877250813624E-001  7.279967338721724E+005
    794  1.571196813735272E-001  5.575695482784883E+004
    795  1.134985481618762E+000  1.367543017190203E+006
    796  4.380907113526720E-001  4.141865187444619E+005
    797  4.345372737997985E-001  4.032264604474083E+005
    798  6.678649314364286E-002  8.831929711907836E+003
    799  1.122589194007145E+000  1.224938653676932E+006
    800  2.972652770754525E-001  1.444368407429938E+005
    801  5.748951962268985E-002  2.335891407489391E+003
    802  1.437962980883681E+000  1.511574151462517E+006
    803  4.398748539710011E-001  4.751720402975294E+005
    804  1.889408961885254E-001  7.678955849994249E+004
    805  9.204165514141482E-002  2.335752026929652E+004
    806  5.956038459815163E-002  2.705124432355406E+003
    807  1.483739435285787E+000  1.348850641524174E+006
    808  4.991848863252169E-001  4.542711202020768E+005
    809  1.332954725350050E-001  4.494910109125221E+004
    810  2.295437775824163E+000  3.130684281111494E+006
    811  6.566317914249531E-002  7.605916612648941E+003
    812  6.554578919851837E-001  7.687922934381132E+005
    813  3.892864301537548E+000  5.172644088606047E+006
    814  6.450693876084672E-002  6.267550243189632E+003
    815  1.938242875538067E-001  8.886289839788825E+004
    816  3.620691507442830E+000  4.915738516952404E+006
    817  1.537421420123193E+000  1.997215218983150E+006
    818  8.331844050162514E-002  1.852094331610672E+004
    819  6.348113332067284E-002  8.126019615148850E+003
    820  6.855978992731266E-001  6.843848782551056E+005
    821  9.612831392479587E-001  9.399246439902451E+005
    822  5.580438867421551E-001  5.896174601643713E+005
    823  5.437243539788487E-002  1.012831313044359E+003
    824  6.720698086141482E-001  7.482469632936459E+005
    825  8.941758047683245E-001  1.077416969889249E+006
    826  1.419881150553913E+000  1.607367267370128E+006
    827  4.791519053856165E-001  4.315277542264081E+005
    828  1.028917020382066E-001  3.102328917103562E+004
    829  3.392755996638053E-001  3.045190780928341E+005
    830  7.164737271914640E-002  1.320499068506744E+004
    831  5.991885038614977E-001  4.978574671251415E+005
    832  6.400960962780640E-001  5.661595753832258E+005
    833  5.500048309919380E-002  1.519464631531893E+003
    834  7.219765636818286E-002  1.081656139282183E+004
    835  7.412767777609682E-001  7.453227418123515E+005
    836  1.633174449742116E+000  1.805547248660504E+006
    837  7.093616446804997E-002  2.123906899909974E+004
    838  5.713728591852884E-001  4.522377419118288E+005
    839  7.477423773106977E-002  1.314607542578148E+004
    840  5.441128314143896E-002  1.139651148629212E+003
    841  6.015569098727238E-002  4.286183337833292E+003
    842  1.925884941951087E+000  2.471636381532406E+006
    843  4.948906502957802E-001  4.282169932660167E+005
    844  1.364219689993091E+000  1.118187967591712E+006
    845  1.726012846033194E-001  7.228865738587019E+004
    846  1.492899535256880E-001  5.489481938661269E+004
    847  1.300147741472703E+000  1.247547114760902E+006
    848  2.613831535242652E+000  2.477880650187517E+006
    849  1.383020230732908E-001  5.065338166886623E+004
    850  5.409039517700626E-002  1.604503412404180E+003
    851  7.296036651936861E-001  7.088548118450013E+005
    852  1.423036155145954E-001  5.516850509328978E+004
    853  3.481442448049624E-001  3.745795325243335E+005
    854  9.421978020949292E-001  1.075830766227611E+006
    855  9.052858762166330E-001  9.112859610712597E+005
    856  6.113706174102589E-002  1.001444154533347E+004
    857  6.146271262570248E-002  8.511971094546681E+003
    858  9.482265525349851E-001  1.183545822340208E+006
    859  1.036166196268444E-001  3.261896030284796E+004
    860  4.652117679172035E-001  5.438683544014435E+005
    861  6.238838284402497E-002  1.136519633170786E+004
    862  1.610642253967892E-001  6.276321156731196E+004
    863  4.647085602584916E-001  5.652826697042120E+005
    864  5.312360268698124E-002  2.026288733570183E+003
    865  4.114901833973333E-001  4.248240976772172E+005
    866  1.886563644752394E+000  2.089761926953147E+006
    867  6.438684872485967E-002  1.079415728132999E+004
    868  9.388470381116524E-001  1.066006156606495E+006
    869  5.447319974547522E-002  3.347857449765644E+003
    870  5.778631342428933E+000  6.699908247806910E+006
    871  6.323072345229438E-001  5.920703641683682E+005
    872  5.023587872403618E-002  1.837769226359710E+003
    873  5.577914472463362E-001  4.409729962042223E+005
    874  5.520754592104935E-002  3.779300497912727E+003
    875  1.539997257454805E+000  1.154075900176138E+006
    876  6.981466069128570E-002  1.266563889113599E+004
    877  1.616458011425481E+000  1.651749307424678E+006
    878  7.297724342540084E-002  1.317553946220002E+004
    879  2.131279501898315E-001  1.082112456711007E+005
    880  4.791116933363964E-001  3.364592134254136E+005
    881  4.848578468859482E-002  7.257291109313950E+002
    882  6.920483010190365E-002  1.342271601378439E+004
    883  1.782788316883411E-001  1.327320539751408E+005
    884  3.913254687941034E-001  3.912175975362612E+005
    885  4.775666557578154E-002  1.180642983497531E+002
    886  1.341555665238043E+000  1.491250766506071E+006
    887  1.010942662192833E+000  1.103498815319066E+006
    888  7.494586097916177E-002  1.553326306298168E+004
    889  4.776193177011549E-002  1.037790278904212E+003
    890  1.366853284745284E+000  1.166759541488303E+006
    891  4.979603764987383E-002  3.681696216487588E+003
    892  1.161403762091053E+000  1.087554320000624E+006
    893  1.301784790006176E-001  4.703268711311786E+004
    894  3.203039599034532E-001  1.819253642857033E+005
    895  1.433335542031076E+000  1.555475458841528E+006
    896  3.845355920441463E-001  2.365320085003625E+005
    897  3.048171272669865E+000  2.729416025755100E+006
    898  2.437073609846495E+000  2.343380008034478E+006
    899  6.017349101152509E-001  3.206343705492298E+005
    900  6.377796449810572E-002  1.210070797839657E+004
    901  9.846137748146416E-002  2.913484347339082E+004
    902  1.794252944367773E+000  2.104831143194216E+006
    903  9.204047431018509E-001  6.207008676464952E+005
    904  4.955283884287690E-002  4.288254191866960E+003
    905  3.116233031077624E+000  2.984329665239585E+006
    906  5.577982018868706E-002  8.719960688197174E+003
    907  1.035098180690859E+000  8.285629303905591E+005
    908  1.061307450473894E-001  3.384840968216930E+004
    909  1.235341371635334E+000  1.392218821716508E+006
    910  3.239579307571683E-001  1.567274386427059E+005
    911  4.846069280330963E+000  4.980050121052205E+006
    912  5.840822797590084E-002  9.528284665542391E+003
    913  1.463766203536773E-001  1.037474870729713E+005
    914  4.572446422576369E-002  2.122956746033891E+003
    915  1.486019674608432E-001  6.368116622853933E+004
    916  3.751332764580748E-001  3.354550077749189E+005
    917  6.739925877627648E-001  5.698703556096414E+005
    918  1.209430413290490E+000  1.226768683913005E+006
    919  7.680381801838494E-001  6.010503152661510E+005
    920  8.503876078781736E-002  2.449941031881913E+004
    921  2.468562174406662E-001  2.079276558742100E+005
    922  1.891708709408290E-001  9.067371020602253E+004
    923  1.854890375907552E-001  8.622654602750682E+004
    924  2.274915268423829E+000  2.754071121086350E+006
    925  7.000735748735541E-002  1.555145212770344E+004
    926  2.971949253844511E+000  1.837302765830771E+006
    927  2.034047969332991E-001  9.258754969208878E+004
    928  3.816396477169201E+000  4.095969660641538E+006
    929  4.231871298438536E+000  4.877121732160289E+006
    930  4.728261602680554E+000  5.350712140695008E+006
    931  1.044168464335860E-001  3.881275812740715E+004
    932  4.773523257681739E-001  4.218175163091517E+005
    933  9.222952370599502E-002  3.170561797796034E+004
    934  1.620822069423559E+000  2.046285641055665E+006
    935  6.769693133829376E-002  1.522710737082713E+004
    936  7.798683237770342E-002  3.504068278524716E+004
    937  4.306975594070485E+000  4.574801545544163E+006
    938  6.140181489528461E-001  5.881657310931724E+005
    939  8.544297248200571E-002  2.500043986971803E+004
    940  8.401601944195848E-001  8.096157062266184E+005
    941  5.487352824262934E-002  1.108118614077769E+004
    942  6.307982254031518E-001  7.219703034887785E+005
    943  2.350861110144883E-001  1.794438829168500E+005
    944  6.937458404125114E-001  5.690551374031053E+005
    945  6.872327655458195E-001  6.646703450075262E+005
    946  4.822547172876736E-002  5.061602983787513E+003
    947  2.257623126735983E+000  2.612640313856521E+006
    948  7.368568703017979E-001  7.159726094005142E+005
    949  1.242282587770773E-001  5.150947823632646E+004
    950  5.747128155950622E-001  4.518651788385998E+005
    951  8.497185832739471E-002  2.823340101999887E+004
    952  1.888447093263801E+000  1.937614777105501E+006
    953  1.009831025446778E-001  4.470984591437327E+004
    954  2.025992824301585E+000  2.801706756195361E+006
    955  8.028695187452861E-001  1.122752091791701E+006
    956  4.723470620552628E-002  1.069004723433917E+004
    957  8.540683347488275E-002  2.638535708441429E+004
    958  6.929926687858183E-001  9.018393787578795E+005
    959  5.443007426147962E-002  9.672611892681476E+003
    960  5.365154148598484E-001  6.380716610963909E+005
    961  7.706866043760274E-002  2.192557317855793E+004
    962  6.126347577544254E-001  4.987145790645115E+005
    963  1.841685907140552E-001  8.255752775920522E+004
    964  1.254208495002237E+000  1.601757008993658E+006
    965  4.174551859034153E-002  2.634822081661101E+003
    966  2.786552180901881E+000  3.787081314475982E+006
    967  7.159686379632059E-001  5.184291279835030E+005
    968  8.012208448184880E-001  7.904303729363214E+005
    969  4.510012931788154E-002  3.838865670248753E+003
    970  2.017146459390013E+000  1.889298927278093E+006
    971  4.549438764987480E-002  4.510936892300703E+003
    972  5.408662740535508E-001  5.703337571059709E+005
    973  3.359796421631388E+000  3.052421739152511E+006
    974  5.394586667225445E-002  8.678444606879721E+003
    975  3.231920550260645E-001  2.375474332586234E+005
    976  5.319420956123444E-001  5.259170098351106E+005
    977  2.983318721302264E-001  1.879086864070653E+005
    978  9.346442636507009E-002  4.356078207858879E+004
    979  1.185302725887396E+000  1.037579707000896E+006
    980  6.355017523522839E-002  1.670079516151245E+004
    981  1.191077186069466E+000  1.557535632736745E+006
    982  1.146257834041999E-001  4.906370270154439E+004
    983  4.834644423950709E-001  3.895290264159403E+005
    984  4.557894985758273E-001  4.102494684342491E+005
    985  9.772222418112779E-002  3.901623077143245E+004
    986  3.495291272624280E-001  3.596164053330205E+005
    987  7.241757651446837E-002  1.876494101121217E+004
    988  2.786487552748788E-001  2.873727168705626E+005
    989  1.378492870206048E+000  1.805964194541864E+006
    990  1.118815160840757E-001  4.013986466175821E+004
    991  3.418717547978154E+000  4.365102530473632E+006
    992  1.918862104966870E+000  1.593550896972938E+006
    993  5.192540015100074E-002  1.017670764274947E+004
    994  1.572325929931160E-001  6.581829852296697E+004
    995  1.769235938086877E+000  9.883772213243148E+005
    996  4.340669066706730E-002  5.509976620118261E+003
    997  2.094159723738764E+000  2.492446218621877E+006
    998  5.224728629279169E+000  5.105424645273973E+006
    999  4.558645061213394E-002  1.158518618661062E+004
   1000  2.694140919667301E+000  3.094668856232209E+006
   1001  5.363076391813707E+000  5.864905213133140E+006
   1002  1.244904342383785E-001  6.704426678486555E+004
   1003  6.450380858926298E-002  1.662843755537418E+004
   1004  1.831097878988623E-001  8.027640847860037E+004
   1005  1.116616381854066E+000  1.126284286632038E+006
   1006  5.063430540079501E+000  5.580218773969918E+006
   1007  4.563586048596370E-002  9.182337860776481E+003
   1008  2.547460810793432E+000  2.518985221028798E+006
   1009  2.861153260524476E+000  2.923050238379190E+006
   1010  1.055317761469940E-001  4.062039457383048E+004
   1011  1.437438246384737E+000  1.187930261307695E+006
   1012  6.762309936990195E-002  1.822683860102029E+004
   1013  6.939018414414623E-001  7.172827062086132E+005
   1014  8.940636720366094E-001  6.509235232214802E+005
   1015  4.112724423379833E-002  5.737589559649738E+003
   1016  1.736881032302241E+000  1.876866946416805E+006
   1017  1.244469054984228E-001  4.715096750925679E+004
   1018  1.896201657157407E+000  1.992675902902014E+006
   1019  3.786337384120305E-002  8.643316898486004E+002
   1020  1.798304152971292E+000  2.261801174531664E+006
   1021  5.288924621819268E-001  5.692833832441309E+005
   1022  1.163777854686356E+000  1.310947441345945E+006
   1023  6.138393431404759E-002  1.275656368680445E+004
   1024  4.849202307523862E+000  5.596783573670082E+006
   1025  7.406691320212991E-002  2.188819555329376E+004
   1026  2.788261541584654E+000  2.590193498657512E+006
   1027  3.756304265329760E+000  3.969764776136737E+006
   1028  1.957618532799837E-001  9.046433896113020E+004
   1029  8.816558561605587E+000  5.797560038781553E+006
   1030  3.807314023577119E-002  1.220064881297246E+003
   1031  2.773992680452549E+000  2.952116698549022E+006
   1032  2.280710530619655E+000  1.819364000554455E+006
   1033  7.472797339160931E+000  4.674690246655125E+006
   1034  1.106422865549900E+000  9.931912112622346E+005
   1035  1.234341230398114E-001  4.730095315613204E+004
   1036  1.082744929901630E+001  7.108173944532258E+006
   1037  4.613636218668643E-002  5.861550341107212E+003
   1038  5.768723824085606E+001  3.040067128633515E+007
   1039  3.577437076183524E+001  2.268748790311986E+007
   1040  2.261421823846710E-001  1.148076533633897E+005
   1041  5.526994760094737E+001  2.909147011850481E+007
   1042  9.271855992062767E+000  1.119570090851769E+007
   1043  1.359241774084686E-001  5.298694256320642E+004
   1044  1.175185124477275E+001  1.271470746853414E+007
   1045  6.218347203510369E+000  6.493344198795323E+006
   1046  3.764848754952584E-001  2.090006821795138E+005
   1047  8.340224088687519E+001  4.243499357981730E+007
   1048  5.189443249640003E+001  3.599252127830769E+007
   1049  7.378110036209552E-002  2.764022966400827E+004
   1050  8.285688929332400E+000  7.791776988088449E+006
   1051  1.347672394597414E-001  5.064961124860154E+004
   1052  4.177414123895145E+001  3.607183481408945E+007
   1053  1.348252931920923E+001  8.929661631960096E+006
   1054  9.219435747445506E-002  3.415706682938782E+004
   1055  7.277778539458232E+000  7.645852305477074E+006
   1056  1.168980529591116E-001  8.210463660175970E+004
   1057  8.979038358028296E+000  8.056488156746761E+006
   1058  1.732625785073229E+001  1.343342612465641E+007
   1059  4.582983925259033E-002  1.049360818669524E+004
   1060  4.653705680565889E+001  4.740613454669512E+007
   1061  1.024541936202344E+001  7.374072321925416E+006
   1062  1.223436589869741E+001  1.027721467561304E+007
   1063  3.292283521441880E-001  1.835835861707087E+005
   1064  4.343764744731049E+000  3.242824388245198E+006
   1065  1.356216415839480E-001  6.099042787818672E+004
   1066  6.994749452445803E+000  8.168634936289984E+006
   1067  1.982805668177253E+001  1.987606496094092E+007
   1068  2.407153297429347E-001  1.159373889127794E+005
   1069  6.333578149939625E+001  4.555166226027858E+007
   1070  3.496910178036511E+002  3.466550933401323E+008
   1071  1.576245568879303E+001  1.590517254625647E+007
   1072  1.107521281876180E+002  6.553642228149334E+007
   1073  5.566924999137801E-002  1.607725124076411E+004
   1074  7.018739527790190E+001  7.498964683686398E+007
   1075  1.465636338654132E+001  8.259799091100242E+006
   1076  1.057080234136055E+000  1.076326675797984E+006
   1077  4.405563536804735E-001  4.421095169216244E+005
