# dt =   1.000000000000000E-007
# j, New nj, Rate of change (1/s)
      1  4.662536696579266E+000  2.428188162190303E+006
      2  9.794894736373843E+001  1.035779182546232E+008
      3  7.431592960453571E+000  3.345700320455760E+006
      4  2.073812962656640E+001  1.102305286254274E+007
      5  4.417788724594421E+001  2.120480564826441E+007
      6  6.425371846538313E+000  2.350300814988998E+006
      7  4.199950087944185E+002  2.080979012775437E+008
      8  2.158517763090175E+002  1.058218565646731E+008
      9  5.639084756118298E+001  4.064885733313789E+007
     10  1.331572180556428E+002  5.760897807917427E+007
     11  2.333587463370440E+001  1.081291306986200E+007
     12  1.976066926551507E+001  1.158302778314582E+007
     13  2.407198394803377E+000  4.925078548027841E+005
     14  9.033516863039708E+000  4.338396587538864E+006
     15  2.250671468889822E+000  4.367750586519271E+005
     16  2.780430625431471E+001  2.421123710969498E+007
     17  1.613330541846325E+001  8.816875636442611E+006
     18  7.294409737224873E+001  3.564741036138785E+007
     19  2.143444109192722E+000  3.690516158963922E+005
     20  2.163173137987004E+001  9.686002293566557E+006
     21  4.425416401963247E+000  1.526872285671546E+006
     22  1.296571946667077E+001  7.747918396804486E+006
     23  2.162878567344321E+002  1.075898201368581E+008
     24  1.648023852787666E+002  8.144550114756785E+007
     25  1.942466648317679E+000  3.500790597920742E+005
     26  2.124291928498405E+000  6.381185155661228E+005
     27  2.143990419649766E+002  1.979682587495904E+008
     28  6.745576076528823E+000  3.708013948567757E+006
     29  5.767834084473553E+001  4.885366408599738E+007
     30  4.113774908675009E+000  1.351633326332716E+006
     31  4.034442788537784E+001  1.984956515607445E+007
     32  1.305685032638198E+001  9.217397182517463E+006
     33  1.096864325283039E+001  5.468130184861441E+006
     34  6.231544166119917E+000  2.453703833171797E+006
     35  6.673418252496710E+001  5.586975837237821E+007
     36  1.632885225909607E+001  6.810334966657587E+006
     37  3.201780952410984E+001  2.497945563491426E+007
     38  1.566593702769659E+002  8.080604938330325E+007
     39  1.335688850025755E+001  9.634535778144838E+006
     40  3.149715754357266E+001  2.618951787311247E+007
     41  2.246090341073932E+001  1.707888658268608E+007
     42  1.372546466811299E+001  8.068093486354776E+006
     43  7.705578053001116E+000  3.830885520144041E+006
     44  2.881722801178894E+001  2.470859211188056E+007
     45  9.429485791893024E+000  8.409265575816484E+006
     46  8.545938889023873E+000  4.093088091068583E+006
     47  1.154848588725019E+000  3.388196252877591E+004
     48  1.964187242676684E+001  1.038426216266760E+007
     49  5.971864137582426E+000  2.807333239017941E+006
     50  2.971800948798288E+000  1.471352302541731E+006
     51  2.057437389876718E+001  2.219482444605432E+007
     52  3.127394010432551E+000  2.055305216224856E+006
     53  4.923135969594421E+000  1.906603754442791E+006
     54  3.691284295263151E+001  2.006215315673852E+007
     55  5.895383239086302E+001  3.340059541776970E+007
     56  1.181540456343191E+000  6.387727096275779E+004
     57  4.365753577148433E+001  2.299569585270509E+007
     58  5.222707109977704E+001  2.604967920645027E+007
     59  1.550793872810799E+000  2.845476478074500E+005
     60  9.720497638727916E+001  6.340984851961920E+007
     61  3.605671324996370E+000  1.108386492852019E+006
     62  3.880381561186021E+000  1.780584816483257E+006
     63  2.252039338550925E+000  9.498352219473124E+005
     64  8.291225971782588E+001  4.309075983759827E+007
     65  7.740983231420079E+002  4.373151889325390E+008
     66  1.256644679685462E+001  6.023559129019357E+006
     67  1.013563613144564E+002  5.501280243519022E+007
     68  3.298747569711458E+000  1.276835558728842E+006
     69  5.554303912543133E+000  3.367114660580634E+006
     70  1.524336021354515E+002  9.347408957521170E+007
     71  2.199093941426963E+002  1.190024951842858E+008
     72  3.957204050791505E+000  1.241891830305164E+006
     73  2.273692744907913E+001  2.054023695055226E+007
     74  9.969386938985785E+000  5.135692930630169E+006
     75  2.372238541488751E+000  6.847102035169095E+005
     76  2.595601400423281E+000  8.638414138541146E+005
     77  4.733760420270303E+000  1.964095332439109E+006
     78  5.247162462377895E+000  2.263389833467451E+006
     79  1.082660054394985E+001  9.712333153785547E+006
     80  5.435010637482831E+001  5.056216811876439E+007
     81  5.510271965868522E+000  3.203596237265375E+006
     82  7.269236376880644E+000  5.506593463689302E+006
     83  2.893717170558389E+000  1.569260283094695E+006
     84  2.880424536085224E+000  1.005511844497974E+006
     85  2.626181104903060E+001  1.194923005487194E+007
     86  9.539476737873797E+001  8.632386789408357E+007
     87  1.750682571643791E+000  7.074936640192658E+005
     88  1.977092780806827E+000  6.037264552018777E+005
     89  1.121804930690851E+001  7.126511113684061E+006
     90  1.194097714370998E+002  1.134945713358456E+008
     91  3.126415954869353E+001  2.841160463439448E+007
     92  2.196846806614436E+001  1.598017573965588E+007
     93  4.941171773904097E+000  3.788218594513343E+006
     94  2.194202302326598E+001  2.001341004411510E+007
     95  1.695818688268912E+001  7.745528554648151E+006
     96  4.776319816770552E+000  1.863670818544723E+006
     97  1.532251587104247E+001  1.132258404169564E+007
     98  1.685299869254433E+001  1.617438293116939E+007
     99  1.831877471581808E+000  7.960660628883295E+005
    100  3.139868142404881E+001  2.879654811303579E+007
    101  8.963371418222327E+000  4.497227348068601E+006
    102  1.193866713060641E+001  1.065342736879271E+007
    103  1.566988997573074E+002  1.398657215699283E+008
    104  3.128007235511242E+000  1.215385315120010E+006
    105  1.368037207498694E+001  1.217224720823583E+007
    106  9.589747448454975E+000  4.421975896867168E+006
    107  1.771838307942630E+000  4.851019068918919E+005
    108  3.362699443819874E+001  1.582422475264047E+007
    109  5.851480569267746E+000  2.536501256012154E+006
    110  1.382569430566482E+001  1.184070030458795E+007
    111  1.028512210247935E+001  4.810728593078702E+006
    112  4.535438150685778E+000  2.593621924670551E+006
    113  4.763087205790624E+000  3.331601177200895E+006
    114  9.056615227720548E+001  4.376014100917077E+007
    115  1.559430415199280E+001  1.363595766567324E+007
    116  5.169809794208042E+000  2.358809582322553E+006
    117  1.061864546322850E+001  7.094994323030408E+006
    118  2.338983636573453E+000  9.305707209828381E+005
    119  3.355761117218328E+000  1.921820302664201E+006
    120  1.404157115987699E+001  1.264888226859030E+007
    121  5.088232127872940E+000  2.107048321149624E+006
    122  1.106874000708760E+000  1.137732212271909E+005
    123  2.047810411342666E+000  6.548840215162827E+005
    124  9.609491144582407E-001  4.278944099073480E+004
    125  1.341513890634898E+001  9.880112111450864E+006
    126  6.957235215527323E+000  5.920320254817578E+006
    127  2.611845174124984E+000  1.644091096388259E+006
    128  6.052146647958160E+000  5.680191491336416E+006
    129  9.555165364758871E-001  5.032193830123575E+004
    130  1.926277310835619E+000  1.127394437684652E+006
    131  1.093384312796961E+001  4.866508272511597E+006
    132  2.139311229387409E+000  8.110400384907187E+005
    133  9.429785616602409E+000  4.065066526921647E+006
    134  7.271493643281083E+000  2.991245270871160E+006
    135  3.769700768258515E+000  2.876813008688679E+006
    136  4.518261270090792E+000  3.370585166391921E+006
    137  4.713489573981758E+000  2.253251886166811E+006
    138  7.226537235176389E+000  3.604891939730125E+006
    139  4.313389879417779E+000  3.360284420828300E+006
    140  3.616834112648914E+000  2.500218321841595E+006
    141  2.500700524886726E+000  1.122592322911564E+006
    142  2.575564894728856E+001  1.266176915533612E+007
    143  8.932480595740406E+000  4.528510236757333E+006
    144  1.283264016799935E+001  8.740756856617335E+006
    145  3.416259648603211E+000  1.681515999073914E+006
    146  9.005413322270591E-001  2.726194189224165E+004
    147  1.933029122415602E+000  5.246386357721249E+005
    148  3.706752730499334E+000  2.077637028465959E+006
    149  1.113030763803738E+001  9.006201847050248E+006
    150  4.845951503120397E+000  1.795888540853954E+006
    151  5.675013244276300E+001  5.137202162569049E+007
    152  3.575888067018771E+001  2.496502394535838E+007
    153  7.572707289345363E+000  3.289921698723963E+006
    154  1.952341381434024E+002  1.830221989326095E+008
    155  8.864211130706469E+000  7.665805543683946E+006
    156  4.783918568000876E+000  2.067024195704121E+006
    157  1.708124955501858E+001  8.743233426853878E+006
    158  1.043490616555786E+001  4.924488071991551E+006
    159  2.051365419495586E+000  1.119853121426027E+006
    160  1.889190819741150E+001  1.115946160727643E+007
    161  1.184314615541222E+001  5.828782362567347E+006
    162  1.537270879740968E+000  3.271449257091745E+005
    163  7.354538607946074E+001  6.871234034290014E+007
    164  1.169398396028604E+002  9.423228909880626E+007
    165  9.070367034135415E+001  7.987884820708241E+007
    166  1.470430967007825E+001  9.621296919974357E+006
    167  2.483289919550920E+000  9.252511445261157E+005
    168  3.288604094205688E+000  1.415617969388137E+006
    169  1.095219513807710E+001  5.206142375706759E+006
    170  1.584610813819311E+000  4.525560773320974E+005
    171  2.206182035305620E+000  7.475138470642832E+005
    172  1.186314327766747E+001  7.575405547961398E+006
    173  9.055823778135789E+000  5.305055252075556E+006
    174  5.413499822400994E+000  2.353058566470007E+006
    175  1.141702987385638E+000  2.226257331032842E+005
    176  2.785062478081388E+000  9.888650980295908E+005
    177  6.554637946545145E+000  4.952883709698292E+006
    178  7.703074894863056E-001  4.557388194454808E+003
    179  1.335103781975813E+000  2.631459190933708E+005
    180  1.244726376169923E+001  5.374843091700484E+006
    181  1.320644889635311E+000  3.485206343616822E+005
    182  2.112405980526500E+001  1.964238315935044E+007
    183  1.205151327614386E+001  5.918557536472102E+006
    184  6.199761631478146E+000  2.622890642964518E+006
    185  2.960565141041660E+001  2.060255011005882E+007
    186  1.835448071697149E+001  1.706998000841287E+007
    187  2.074784812469796E+000  6.710755239294554E+005
    188  4.916688148101860E+001  2.556745640985222E+007
    189  1.842124994423602E+000  7.230009198434391E+005
    190  9.526246173388424E+000  6.278010186912254E+006
    191  5.748228943201192E+000  2.489811417527980E+006
    192  5.659242950206462E+000  3.763459676937963E+006
    193  1.600461981503634E+001  1.339571945811514E+007
    194  2.631611743623488E+000  1.928038131925770E+006
    195  1.257895952592261E+001  7.152180065560651E+006
    196  8.629980471443979E+000  3.811544871453714E+006
    197  6.239261358750379E+000  5.052614780151268E+006
    198  3.363784948390132E+001  2.317958883052554E+007
    199  2.593688290786040E+001  1.364758601802711E+007
    200  8.221217568677966E-001  6.541023125325923E+004
    201  4.584971355932317E+000  2.280457967541727E+006
    202  8.950559270882742E+000  4.067801715742438E+006
    203  1.804572983354436E+000  9.310904425535309E+005
    204  3.953621601039648E+000  2.858426252687176E+006
    205  7.073128178476161E+000  3.615916865217777E+006
    206  5.111652963261465E+000  2.705144395740103E+006
    207  1.718102351883793E+001  8.260903961080263E+006
    208  3.910612400404523E+000  1.583163676258058E+006
    209  2.004507451527340E+000  9.499559134512661E+005
    210  4.278559836971624E+000  4.253330219403862E+006
    211  2.232614369225745E+000  1.698012897687375E+006
    212  1.084294060790868E+001  4.863431964357550E+006
    213  3.601069247577984E+000  2.550922065608213E+006
    214  2.845386444879526E+000  1.074660601727010E+006
    215  2.512704176405705E+000  1.324100014387489E+006
    216  1.290550527010753E+000  3.041165244035497E+005
    217  4.745849833824276E+000  3.197791743018962E+006
    218  6.845127487986583E+000  2.858360705523382E+006
    219  1.237867891327554E+000  3.665726439996177E+005
    220  1.362284396143457E+000  3.131573488180079E+005
    221  7.491257370460659E+000  3.537747657812256E+006
    222  4.662455380526373E+000  3.022516168936749E+006
    223  1.921135053911826E+001  9.554667190990694E+006
    224  8.706600887656346E-001  8.515425203893974E+004
    225  9.213771549447503E-001  1.114376817940075E+005
    226  4.806476426303215E+000  3.049226755876919E+006
    227  8.957824554058035E-001  1.149358537257700E+005
    228  7.885470062721793E-001  4.827651934161840E+004
    229  2.623300945196710E+001  1.262029146026286E+007
    230  1.403109669921548E+001  1.138760911697758E+007
    231  4.076211885755723E+000  1.528036080472280E+006
    232  2.252501901988539E+001  2.339528807549578E+007
    233  1.283516263403523E+001  8.187275902349765E+006
    234  1.982588702125933E+000  6.563662615321915E+005
    235  8.055792693460784E-001  8.632242180541976E+004
    236  1.729956715939715E+001  1.155518449729768E+007
    237  4.391388553679003E+000  1.768367942850710E+006
    238  8.681371648424326E+000  5.051216602951638E+006
    239  4.613105981216798E+000  2.396162009590310E+006
    240  7.929637364160034E+000  5.025609302748001E+006
    241  1.351525580437501E+001  7.885785441758990E+006
    242  2.340067961016018E+000  8.106843452558155E+005
    243  1.014546211973986E+000  2.401210450239124E+005
    244  2.560667019612565E+000  1.818562706333067E+006
    245  2.046692297738198E+001  1.285874697951773E+007
    246  7.151447308817358E+000  3.364564573516714E+006
    247  3.935699768347976E+000  2.484725097216550E+006
    248  7.075088779803971E+001  5.467566477857252E+007
    249  1.335453981110430E+001  1.067272101784270E+007
    250  1.062575629205258E+000  2.178088938301326E+005
    251  1.299542889278564E+001  7.141898730621186E+006
    252  8.254510660272038E-001  8.491824344915588E+004
    253  4.118229310662127E+001  2.329776279099822E+007
    254  2.181086463950811E+001  1.124783810438520E+007
    255  2.237611156223538E+001  1.081791384810919E+007
    256  5.057466113385297E+000  3.409671677723484E+006
    257  1.633750966601158E+000  5.448133192193308E+005
    258  2.673731467096074E+001  2.407824561997668E+007
    259  8.353620970100994E+000  5.923213973969377E+006
    260  1.553720628124295E+000  4.312618897724242E+005
    261  2.575116192069343E+000  1.051704762349373E+006
    262  2.447691137998376E+000  1.300436483008481E+006
    263  6.642726677622224E-001  2.572017737126858E+004
    264  8.071285537719771E+000  6.707176778404954E+006
    265  7.850236671590842E-001  1.456801017160527E+005
    266  1.662061424130320E+000  8.689477977617054E+005
    267  1.232161055410622E+000  4.453981985641608E+005
    268  6.987722253310479E-001  4.904912438890590E+004
    269  1.080804664320735E+000  2.296665836300258E+005
    270  1.789747038835951E+000  8.830876106422629E+005
    271  1.021063463948505E+000  2.330842899780280E+005
    272  9.652081954380268E+000  8.564890281733967E+006
    273  2.457340817519163E+000  1.831066377593322E+006
    274  6.911661853526070E+000  6.158890338342827E+006
    275  4.509708485164475E+000  1.836235606682478E+006
    276  1.914542291995457E+000  1.131711122305948E+006
    277  9.985058684826987E-001  2.625269565888624E+005
    278  1.665311102532483E+000  7.066528629373274E+005
    279  6.383523978885649E+000  4.522993943796781E+006
    280  6.595758263432865E+000  6.606049239900247E+006
    281  5.995967256953034E+000  3.687912259921977E+006
    282  1.118982207963536E+001  5.224728416935121E+006
    283  4.138904052825508E+000  2.941146310236950E+006
    284  9.463280409880066E-001  1.781986518867697E+005
    285  3.154723087005914E+000  2.562927403116866E+006
    286  6.906664318565617E-001  7.682359464287106E+004
    287  1.181936878008014E+000  5.196613217539990E+005
    288  7.622923055899226E+000  4.751253584255051E+006
    289  6.739024805719531E+000  4.319610367285564E+006
    290  1.789295009329534E+001  1.702079401414512E+007
    291  3.198039071913273E+001  3.306508787450022E+007
    292  2.207270314137253E+000  1.140299199420632E+006
    293  5.355375230303999E+001  5.244561691085860E+007
    294  1.362488243842327E+001  9.094325841873297E+006
    295  9.130789082030967E+000  4.066875988347897E+006
    296  3.054457904728076E+001  1.966071169339914E+007
    297  4.997755350089909E+001  3.212871066897103E+007
    298  5.818040618925848E+001  5.830428029126203E+007
    299  1.114228743022935E+001  9.401609691697074E+006
    300  5.010254055131508E+001  3.306348396764029E+007
    301  5.600059329029232E+001  2.864560353670606E+007
    302  4.752375004198393E+000  3.477697499271670E+006
    303  6.564656848051791E+000  3.709672990965388E+006
    304  3.397627106299044E+000  1.326176429535969E+006
    305  2.179856481328717E+000  7.964982318740966E+005
    306  1.015586696636892E+001  8.480695779195683E+006
    307  2.279717769575963E+000  8.050419746065025E+005
    308  2.783751552356052E+001  2.419877800542730E+007
    309  3.621998912449335E+000  1.725888968862563E+006
    310  8.500542775065544E+000  6.957686520254730E+006
    311  1.830831389940910E+000  5.924868359075260E+005
    312  3.646451740633550E+000  1.562455016286159E+006
    313  9.844993596987364E-001  2.094519971360973E+005
    314  2.509902068925377E+000  9.270892785383399E+005
    315  9.670315480086092E-001  2.143448498526723E+005
    316  1.126397723356200E+000  3.835743045887281E+005
    317  2.730298192703534E+000  1.044024142670436E+006
    318  1.357592445800107E+001  1.130790126687175E+007
    319  1.902696275565131E+000  8.923340180495273E+005
    320  7.173344658885990E+000  3.417071535661595E+006
    321  3.797147601544322E+000  1.737489209663693E+006
    322  2.054669136574789E+000  7.928237443842207E+005
    323  1.805247183464352E+000  5.788639629509572E+005
    324  3.147502320662032E+000  1.304005219850542E+006
    325  8.212620936860045E+000  3.498636736910445E+006
    326  5.326674615390939E+000  4.528834486185468E+006
    327  4.750022207471487E+000  1.936749226597261E+006
    328  7.770720877499693E-001  1.268324166599999E+005
    329  1.872371112407535E+001  1.083217782479207E+007
    330  3.175243811571299E+001  1.549747634240421E+007
    331  8.931039655612434E+000  4.129345296834264E+006
    332  1.798019144052772E+000  1.139080215336496E+006
    333  6.847308348749193E+000  5.426274985761643E+006
    334  2.665878162673712E+000  9.881868119743691E+005
    335  1.297113207843454E+001  7.143275725711242E+006
    336  4.186150439325230E+000  1.835240030026291E+006
    337  1.847153718008778E+000  6.715377974857216E+005
    338  4.207840460836890E+000  1.875174890465833E+006
    339  1.609966950724820E+000  5.379396637687025E+005
    340  5.839896328263507E+000  4.547983022530450E+006
    341  2.066775790440254E+001  1.273565953482539E+007
    342  7.925857181453304E-001  1.482235594522733E+005
    343  6.269328696889609E+000  4.355222448571556E+006
    344  1.148276214707573E+001  9.748234268863052E+006
    345  1.182751723948136E+000  6.923521274072243E+005
    346  3.261562422893855E+001  3.211520622205135E+007
    347  1.895387067633007E+001  9.314059186479734E+006
    348  1.117599413512296E+001  5.521069209416212E+006
    349  2.350542131426296E+000  1.445456138380857E+006
    350  6.751821435280921E-001  1.118293632491972E+005
    351  3.221043346248346E+000  1.689150536740359E+006
    352  5.234307427297859E+000  2.399453651391923E+006
    353  7.506780904615787E-001  2.138366883710639E+005
    354  7.981718698033087E-001  1.611676905431299E+005
    355  2.776070303934838E+000  1.363615504148132E+006
    356  1.674035080449595E+001  1.223746456754754E+007
    357  5.775134514934709E+000  2.605271902611308E+006
    358  5.164899755696375E+001  3.579076063566791E+007
    359  3.868245270644732E+000  3.215246930487493E+006
    360  2.589589671524517E+000  1.040240431251265E+006
    361  1.673825323469463E+000  6.253588720921642E+005
    362  6.120386710528081E-001  7.435618334038543E+004
    363  4.730412423479546E-001  6.825579676098673E+003
    364  1.601072614051761E+000  1.150894409810680E+006
    365  2.323177688571861E+000  1.244760502095021E+006
    366  8.098448937669415E-001  1.774547663607857E+005
    367  2.552908990778294E+000  2.008496808890287E+006
    368  7.027312381337233E-001  1.167442548682921E+005
    369  1.064604651663432E+000  7.073661814017274E+005
    370  9.687093968901815E-001  2.544123739416030E+005
    371  5.762483729917819E-001  6.511263339695126E+004
    372  1.105854484185200E+000  5.637850730115733E+005
    373  5.600239919811658E-001  7.042364455711032E+004
    374  6.523648984508919E+000  5.391194787691549E+006
    375  8.068303939704401E-001  3.258273745746792E+005
    376  7.837239941746128E+000  7.743303913632366E+006
    377  2.008559385683107E+000  9.587732739521214E+005
    378  1.349171860091045E+001  9.486256751021681E+006
    379  1.279393872106465E+001  6.755791505301221E+006
    380  8.818276729148485E+000  6.475730840147194E+006
    381  5.211347168092491E+000  3.496629025473576E+006
    382  3.447565779843149E+000  1.540728203668056E+006
    383  6.846439886598526E+000  5.883591181826324E+006
    384  1.646834592259100E+002  1.581572130849170E+008
    385  1.190587269531202E+001  5.831136882726892E+006
    386  8.971906364492287E+001  5.687643078034049E+007
    387  2.073919989318115E+001  1.561173475414499E+007
    388  4.272437535002099E-001  1.780130502243447E+004
    389  3.766084910086468E+000  1.668831929799130E+006
    390  4.757845133727733E+001  4.847084919634518E+007
    391  3.033632166942524E+001  2.542793032595890E+007
    392  4.725820795418510E+001  4.243980004930384E+007
    393  8.383826577595190E+001  7.209219052157193E+007
    394  2.778609727746203E+000  1.364752704861190E+006
    395  1.745041332139723E+001  1.637313168221534E+007
    396  4.680333885842264E+000  3.983818075666321E+006
    397  1.530286221294910E+000  1.043112854048148E+006
    398  2.482376874181152E+000  1.580930397380131E+006
    399  5.559502832674256E+000  5.233698251858703E+006
    400  2.045176223703420E+001  1.438314505437041E+007
    401  4.861962116340226E+000  2.186511696330003E+006
    402  2.283758774363243E+001  2.030346671664881E+007
    403  1.303411647866293E+001  6.548303228500065E+006
    404  2.904812845930015E+000  1.900337687165066E+006
    405  1.328734265955740E+001  8.921585147509104E+006
    406  3.551953888684070E-001  1.054966779676572E+004
    407  2.653109035051583E+001  2.704489759079866E+007
    408  4.169554491809034E-001  5.816830346423294E+004
    409  8.118467148019928E+000  5.879455691060989E+006
    410  7.426140473333828E-001  2.503509344532459E+005
    411  4.642033147305728E+000  3.071290959505105E+006
    412  3.889708012572580E-001  3.515632653999632E+004
    413  1.913344042198233E+001  1.040382403972927E+007
    414  1.697945668786525E+000  6.577647081369977E+005
    415  2.319711301668802E+001  1.273749022379971E+007
    416  9.507248573447123E-001  3.901543525409191E+005
    417  4.832626805814829E+000  2.649427151720195E+006
    418  7.157719860438139E+002  3.151383940945087E+008
    419  3.029557881744910E+001  2.815715777485174E+007
    420  1.125803206035729E+000  4.692813581201902E+005
    421  3.682738838266392E+000  2.480651813813597E+006
    422  6.120245466550056E+001  2.890534962298174E+007
    423  3.675264961902698E+001  2.197619332985090E+007
    424  4.886720282966123E-001  8.740625010946539E+004
    425  1.755836648329533E+002  7.943488155349006E+007
    426  2.822248168694347E+001  1.288123025601296E+007
    427  2.250641717051680E+001  2.141097289593887E+007
    428  3.899857847325574E-001  4.899698061456135E+004
    429  5.107749638173589E-001  1.088918157704429E+005
    430  1.618218670114508E+001  1.504289203232547E+007
    431  1.933498975224559E+001  1.009478255272808E+007
    432  6.720582427048607E-001  2.544337977368986E+005
    433  1.610209812763501E+000  9.952558913562577E+005
    434  1.301082761359664E+001  1.159462194408165E+007
    435  7.840522612608146E-001  2.300610224922092E+005
    436  3.659046418658535E+001  2.621958193600011E+007
    437  5.324387344665773E-001  1.927876368453641E+005
    438  4.539309516713367E+001  3.719760076989580E+007
    439  3.523133571734791E-001  1.707230852314980E+004
    440  7.793857541666438E+000  6.521819641978041E+006
    441  8.683262657531498E-001  2.660225516038824E+005
    442  2.737292209961848E+000  2.231545722993959E+006
    443  3.245391993862761E-001  7.462485506315930E+003
    444  2.720057308338629E+000  1.169626862737094E+006
    445  2.271354162759158E+001  1.162454685523641E+007
    446  7.459831965832892E+000  6.061575595479425E+006
    447  5.218748816445254E-001  1.127562130421739E+005
    448  3.147850367493960E+000  2.733093963991425E+006
    449  3.901010191778854E+000  1.930608978066175E+006
    450  1.042770431399384E+001  1.108213090047426E+007
    451  2.674072768711091E+000  1.392212711296307E+006
    452  1.306364996700349E+001  1.201617188696497E+007
    453  2.335938921835253E+001  2.371512026927897E+007
    454  2.169346659947632E+001  2.660253253772964E+007
    455  1.039389108396254E+000  5.639639312836434E+005
    456  9.340623609309363E+000  1.058477974665220E+007
    457  6.782175567140222E-001  1.776065093381202E+005
    458  7.995313856744151E+000  7.608641449343243E+006
    459  6.099856163891421E+000  4.443088791728967E+006
    460  5.298177473406932E+000  5.669557451896504E+006
    461  5.346383005810659E-001  1.199685035103709E+005
    462  2.298232119213635E+001  2.123953527300401E+007
    463  6.825559418815773E-001  1.909716768446770E+005
    464  1.491481583372748E+001  1.390326067307491E+007
    465  8.198692521181860E-001  2.632030366701147E+005
    466  6.199821944893885E+000  4.022773695994693E+006
    467  3.818793540187145E+000  2.789488919782494E+006
    468  5.265132994951785E+000  4.539141966021539E+006
    469  5.040646748028372E-001  1.047434164929791E+005
    470  9.434065389404778E-001  3.513223011072636E+005
    471  7.481132557863083E-001  2.330167173285015E+005
    472  1.244293899253327E+001  1.255842524667164E+007
    473  1.057314033172953E+000  6.284336979078829E+005
    474  3.176118545867620E+001  3.526665661344516E+007
    475  2.770781704259378E+000  2.428883233353022E+006
    476  5.772908936392690E-001  1.716815272970079E+005
    477  4.732037302473692E+000  4.784772043957903E+006
    478  1.564381630718705E+000  1.191191469933277E+006
    479  1.968708821386645E+001  1.861373333044581E+007
    480  3.419087774494462E+000  2.296059724778555E+006
    481  1.031450622474835E+000  3.571628922745890E+005
    482  3.475954088957753E+000  2.742680589706308E+006
    483  6.292951025077207E+000  5.462239350624827E+006
    484  7.738570312134119E-001  3.045057220616954E+005
    485  8.307989659795366E+000  7.464049060898754E+006
    486  2.125192161098731E+000  8.276153716151534E+005
    487  4.455870275864208E+000  4.869999977207172E+006
    488  4.397568203182938E-001  7.148208645157392E+004
    489  4.027336268265779E+000  3.537456876935370E+006
    490  2.981898716005033E-001  1.351265833056357E+004
    491  3.243038719253203E+000  2.881791997606489E+006
    492  1.241530718350878E+001  6.762019926733644E+006
    493  4.318874887778438E+000  1.984704410210473E+006
    494  4.320580202890168E+000  3.840600228534106E+006
    495  5.508920057773838E+000  3.934471115958519E+006
    496  3.652557214802696E-001  5.311397864839972E+004
    497  4.591431072348295E+000  3.822080045130965E+006
    498  2.736308716169161E+000  2.405547020827738E+006
    499  2.818781755748617E-001  4.735996551268695E+003
    500  3.377815932327058E+000  2.633150081014715E+006
    501  2.789869937303950E-001  4.331179974157140E+003
    502  1.829945202320634E+000  7.754815413373787E+005
    503  1.043482234365158E+001  1.011876047751864E+007
    504  9.211635482844208E+000  7.492122029638283E+006
    505  4.477148441266863E+000  4.391963449141300E+006
    506  3.956175707616614E-001  6.558522378054369E+004
    507  1.519001095411919E+001  1.427159582624977E+007
    508  4.820383642018220E-001  1.357586173850421E+005
    509  3.855430375562376E-001  9.239161182237964E+004
    510  8.080552985962939E+000  7.888932911619416E+006
    511  8.151072179158018E-001  3.697220632649862E+005
    512  1.004207619119946E+001  9.906914142450226E+006
    513  6.776512482205129E-001  3.227023879727696E+005
    514  3.376425670140536E+000  2.874467913513727E+006
    515  1.833441782995910E+000  9.120047700989799E+005
    516  1.653555202314553E+000  1.059454777149585E+006
    517  1.698049775810931E+000  1.445085047071519E+006
    518  5.015777602572167E+000  4.400914034603597E+006
    519  3.243205486170809E+000  3.337489949768130E+006
    520  3.023586523540818E-001  2.328466521524276E+004
    521  1.689865704122207E+000  7.056194498345723E+005
    522  6.324432543314129E-001  2.229043298826997E+005
    523  2.503148657697739E+000  2.087360886181279E+006
    524  6.783664704935711E+000  8.374182929323682E+006
    525  1.234612779045436E+000  8.027954694732619E+005
    526  9.888729332673388E-001  3.919233581375590E+005
    527  3.369072369204552E+000  3.731697860676711E+006
    528  1.473828699090388E+000  6.409514730567418E+005
    529  9.037762442607601E-001  3.323881681037439E+005
    530  7.359808133276959E+000  6.460822479650561E+006
    531  1.250978094891427E+001  9.450714150295308E+006
    532  2.714934046204156E+000  1.982324534011450E+006
    533  2.582139864899554E+000  2.229412683115602E+006
    534  1.889933345258057E+000  1.521128812494535E+006
    535  6.810637006004546E+001  6.152127358684197E+007
    536  2.445400109290392E+001  1.164204981892030E+007
    537  1.627835240689687E+002  1.562635712170319E+008
    538  2.883369953667360E+001  1.529502705790404E+007
    539  1.467322069033338E+002  1.215855790502555E+008
    540  9.304837737091102E+000  6.272415774582242E+006
    541  1.506837186377078E+000  1.378289701078973E+006
    542  1.573840484476394E+000  7.570148408905095E+005
    543  4.475475314630166E+000  2.724417408271135E+006
    544  8.458209940793350E+001  4.248436526555859E+007
    545  3.083655784137223E+000  2.662798613582889E+006
    546  1.232093375745843E+002  6.137532888920775E+007
    547  1.632173700177044E+003  8.180883880142058E+008
    548  4.067589890158890E+000  2.182176670186023E+006
    549  7.527989896363285E+001  3.696472336444686E+007
    550  1.182499854925121E+001  9.701633479088550E+006
    551  1.089132870860081E+002  5.149511970880987E+007
    552  1.299841496526637E+002  5.548568949321235E+007
    553  9.485168510924234E+000  5.491664030517011E+006
    554  5.888266585607223E+001  2.978085277378443E+007
    555  1.474571345251534E+000  8.194147616607491E+005
    556  4.890067310615462E-001  1.794336102101382E+005
    557  7.801544606548293E+000  4.979036729523175E+006
    558  8.060042340096641E-001  3.947382230431084E+005
    559  5.571254120471450E+000  4.896419151824260E+006
    560  3.774853042058476E+000  1.871629979744091E+006
    561  6.036060092539949E-001  3.486050942699274E+005
    562  8.173056484359157E-001  3.106257825226531E+005
    563  2.143958364201496E+002  1.212179885107011E+008
    564  6.937173243239761E+000  3.271262139014313E+006
    565  1.508684917959922E+000  8.023194163613484E+005
    566  3.167282032941604E+002  1.588741308063468E+008
    567  7.819791303046455E-001  3.587209251299182E+005
    568  5.478453523944567E+000  3.752004678446978E+006
    569  4.295828408618906E-001  1.870737460745403E+005
    570  2.686938247402434E+001  1.342097363937712E+007
    571  1.304453722260101E+000  6.234145229129117E+005
    572  4.904537642980207E+000  2.639439837632529E+006
    573  1.974539161886441E+000  9.719564633083568E+005
    574  2.327246718847699E-001  1.073660846791466E+005
    575  1.111352083149763E+001  7.508264170583726E+006
    576  7.528940885906374E+000  3.197940570947500E+006
    577  1.056631486594568E+000  5.060364023386572E+005
    578  7.582139867595110E-001  4.599584081559803E+005
    579  3.676506647438744E-001  1.714507170112023E+005
    580  5.611400765416573E+000  3.827743902640710E+006
    581  7.807832103038312E-002  5.917121456630070E+003
    582  3.352731886984274E+000  2.512469248261898E+006
    583  6.696617550304567E-001  2.944802320587469E+005
    584  1.083276381428052E+000  5.262403343940821E+005
    585  2.501260893780477E+000  1.894633712364468E+006
    586  3.159069117452774E-001  1.091890971539388E+005
    587  1.249118137951678E+000  1.122866884587860E+006
    588  1.609626447719567E+001  1.371586185135642E+007
    589  7.061573719281844E-001  3.058678482393583E+005
    590  1.901759357901826E-001  5.657408921037265E+004
    591  2.657416914375266E-001  9.538416128282841E+004
    592  6.082527159366055E+000  5.608885756739929E+006
    593  4.477765948987436E+000  3.911985889317741E+006
    594  8.521599965652631E-001  4.001766660359962E+005
    595  5.685235515703376E-001  2.362134522052552E+005
    596  6.050387309782871E-001  2.715330705016255E+005
    597  3.511051855574701E-001  2.687999435298520E+005
    598  8.844674449747397E-002  8.516834566812153E+003
    599  2.535899260052149E+000  2.651943115794076E+006
    600  6.485669695559551E-001  6.550096487050687E+005
    601  2.636598634944087E-001  1.093500083711469E+005
    602  4.391309028356078E+000  3.869859919608822E+006
    603  1.158928288521215E-001  3.190604789745358E+004
    604  3.642046387066398E+000  2.219566519323687E+006
    605  1.084010952929651E+000  5.079028092356416E+005
    606  8.892731088677755E-002  1.122474575662952E+004
    607  5.630331857326815E-001  3.765404417347123E+005
    608  3.604540562215365E-001  1.486097872671605E+005
    609  1.546608639069653E+000  1.223310904868032E+006
    610  6.321083651928457E-001  2.902364571385672E+005
    611  5.100013953726921E-001  3.278013077758208E+005
    612  7.802084746912864E-002  5.901486753987873E+003
    613  4.631439963122535E+000  3.573717663619840E+006
    614  1.283778462055261E-001  3.041635317252444E+004
    615  1.482604376555546E+000  1.363470843170260E+006
    616  7.243441273251510E-001  3.400324660532727E+005
    617  1.052031076719991E+000  9.208856135982295E+005
    618  2.578017074731611E+000  2.145804822165116E+006
    619  2.139305344733546E-001  7.599637318189241E+004
    620  6.939865375532041E-002  1.285310914556509E+003
    621  1.147762777507545E+000  9.289707708980283E+005
    622  5.379804398548889E-001  2.349217755657240E+005
    623  9.629864645810077E-001  7.977174442619182E+005
    624  5.986873073538689E-001  2.641084327666924E+005
    625  2.248779549826838E-001  7.487139506636866E+004
    626  3.459849580107724E-001  2.532953310637154E+005
    627  1.975493091794570E-001  6.412095262856931E+004
    628  9.167707754221499E-002  1.085419607725869E+004
    629  7.831212516497180E-002  6.896961209319926E+003
    630  3.489615936702622E-001  2.089252634769863E+005
    631  2.964507795791133E-001  1.737482526594472E+005
    632  1.962916355479926E+000  2.043759175704449E+006
    633  3.655773467647938E-001  1.432181264439751E+005
    634  2.713198625491067E-001  1.031459982967218E+005
    635  6.286782601518230E-001  3.731215234686668E+005
    636  7.449719856324302E-001  3.647025348369565E+005
    637  3.386539151909754E-001  2.448755524718277E+005
    638  8.666097164463583E-002  1.156395696246409E+004
    639  1.175084577038205E+000  8.695358934661796E+005
    640  1.777329884065330E-001  6.434881499376309E+004
    641  4.820459508938777E-001  2.113895930276295E+005
    642  1.947637661714851E-001  6.091696870642615E+004
    643  9.098163898657884E-001  6.657208064497550E+005
    644  1.485712495829718E-001  4.004114545129050E+004
    645  5.391902354432812E-001  3.843953974604076E+005
    646  3.258708695799414E-001  1.690206623667399E+005
    647  6.758675412470366E-002  8.776023421383096E+002
    648  1.816624543524266E-001  6.074175379439905E+004
    649  6.902748116255430E-001  6.088451793833571E+005
    650  4.251209787324499E-001  3.497247699070506E+005
    651  1.791897619541506E-001  5.737495152225869E+004
    652  6.684410502776360E-002  4.167880554611713E+002
    653  9.593223849265291E-002  1.717029063066990E+004
    654  1.447443681149083E+000  1.353840737008989E+006
    655  7.086881884670526E-001  6.434959080861883E+005
    656  5.212537868128431E-001  2.255003236593668E+005
    657  2.136184679348939E-001  7.524246707625844E+004
    658  1.472698158007484E+000  9.330316369626556E+005
    659  1.117221834829545E+000  9.619702238900363E+005
    660  1.902884954510690E-001  6.165154736685893E+004
    661  1.547215527446631E+000  1.469966062554469E+006
    662  1.024601540509663E-001  2.023510367153893E+004
    663  2.316259318563129E+000  2.150638813408255E+006
    664  1.391277814904040E-001  3.911654409492584E+004
    665  2.487914178764526E-001  9.034409677467895E+004
    666  1.306809196140827E+000  8.231372426701050E+005
    667  1.607781535703516E+000  1.016175230567380E+006
    668  1.527238194889017E-001  4.842465137004881E+004
    669  2.015925637732473E+000  1.876532930003728E+006
    670  4.104389021621567E-001  1.767976037377985E+005
    671  4.315088484528277E-001  3.677344399903948E+005
    672  7.349211691512270E-001  3.276752589785471E+005
    673  5.491603462555965E-001  3.021417274237251E+005
    674  7.745010792832824E-001  3.556552276844881E+005
    675  2.184373949791025E-001  1.356998000523798E+005
    676  4.031120871510843E-001  2.491095429317553E+005
    677  1.817464321396094E-001  5.697898399702957E+004
    678  1.639569781126951E+000  1.231409980649227E+006
    679  2.132132504730979E-001  7.672593714625349E+004
    680  4.503352125401488E+000  4.210149356155218E+006
    681  1.858420407605569E+000  1.511721827039696E+006
    682  4.564430064850504E-001  1.959487107477330E+005
    683  1.121233737333882E+000  1.058348947727378E+006
    684  4.239827466842812E-001  1.766955120423504E+005
    685  1.826407718822783E-001  6.297667809129163E+004
    686  1.607949287884299E+000  1.377008937947995E+006
    687  2.051241410648094E+000  1.967314458236961E+006
    688  1.213658471097050E-001  2.885942833014729E+004
    689  1.623363950409240E+000  1.333311427626916E+006
    690  1.309423644321124E+000  1.049132887551346E+006
    691  2.293702141395998E+000  2.076599469393010E+006
    692  7.669861601663995E-002  6.719298088170283E+003
    693  9.266257206899323E-002  1.800286012050069E+004
    694  3.918661520797167E+000  3.330906799615446E+006
    695  4.285580312973893E-001  1.862093609981153E+005
    696  1.639765797026654E-001  5.170090958864777E+004
    697  2.849409886279681E+000  2.305544640040956E+006
    698  7.006059439569703E+000  6.008436223608882E+006
    699  1.673740624321423E-001  5.409572973290987E+004
    700  1.215072370751363E+000  7.401013839243409E+005
    701  7.055916424617047E-002  3.696991617138870E+003
    702  6.797088043098262E-001  4.163646608701325E+005
    703  1.228752268124232E-001  2.918436694243690E+004
    704  6.947390995265283E-002  3.349069853065261E+003
    705  1.343018425595759E-001  3.391264471838732E+004
    706  1.257838060311915E+000  1.135538821879262E+006
    707  1.896493586010210E-001  6.302194349956921E+004
    708  3.121484221531296E+000  2.747424128568417E+006
    709  2.741374119806206E-001  1.113868783139731E+005
    710  2.970053691922251E+000  2.977635658822060E+006
    711  1.066030942327803E-001  2.584143462185091E+004
    712  3.801248322660166E+000  3.771642906796249E+006
    713  5.385689176604681E-001  2.383076034469852E+005
    714  1.413314494486334E-001  3.999753572706036E+004
    715  1.445476810422486E-001  4.267266389707816E+004
    716  2.396718212221053E+000  2.164402595860407E+006
    717  2.364011799797482E+000  2.115069814611133E+006
    718  6.559279938803675E-002  3.360076706606431E+003
    719  1.809933353381019E+000  1.474751861190449E+006
    720  7.589807444124595E-002  7.236413013856833E+003
    721  6.321974778590573E-001  5.116248994651803E+005
    722  1.430220877249003E-001  4.310460766019538E+004
    723  6.932996743172606E-002  8.482579142393812E+003
    724  9.683932886470479E-001  9.772537259893295E+005
    725  8.474231647220408E+000  8.221173118229511E+006
    726  8.329321551394379E-002  1.148484580208077E+004
    727  2.441599112066485E+000  2.345581612271348E+006
    728  1.021090035149789E-001  2.043124011905158E+004
    729  9.829693929197696E-002  1.796640030932664E+004
    730  1.313615603304449E+000  1.069690294005191E+006
    731  6.102681628404916E-001  5.371168010468372E+005
    732  1.966960692010039E-001  6.374357941200944E+004
    733  6.937209869185944E-001  6.073721800819044E+005
    734  6.461698077290479E-002  2.548649536141272E+003
    735  8.402921995359858E-002  1.711789540307276E+004
    736  6.867139996956068E-002  4.575774802200109E+003
    737  2.257302886052401E-001  1.576484843736583E+005
    738  7.142988480983343E-001  6.147252244592085E+005
    739  1.079789900797103E-001  3.242306069259168E+004
    740  6.865773066008971E-002  8.690066408200344E+003
    741  2.019958615239475E+000  2.241684548183020E+006
    742  1.433183773072818E+000  1.114791630652418E+006
    743  6.279700091774461E-002  2.054903355381675E+003
    744  2.567452460108181E-001  9.984193337822652E+004
    745  1.853145134601861E+000  1.673972713705214E+006
    746  6.588004001787445E-001  5.359016862092066E+005
    747  9.361132751030271E-002  1.924459761924927E+004
    748  3.503856471924502E-001  2.926163720327297E+005
    749  1.180073621898504E+000  1.020955225937962E+006
    750  7.634749614158337E-002  8.956125951696116E+003
    751  4.947765984443123E-001  4.391843600139604E+005
    752  6.376516478724414E-002  1.932651964733197E+003
    753  7.554813178820800E-002  8.834844809123553E+003
    754  1.503920159399462E-001  4.814264488215300E+004
    755  7.069449631948348E-001  5.506045820040648E+005
    756  8.183443394053865E-001  6.250990825608356E+005
    757  7.885282581652026E-001  4.685427470230346E+005
    758  1.411248920343802E-001  4.072270400222141E+004
    759  6.354319775910222E-002  2.894968732302141E+003
    760  6.048885728221228E-001  4.927375256674823E+005
    761  1.211301335660135E-001  3.054568626196150E+004
    762  1.185451941283728E+000  9.628635234444410E+005
    763  1.478203532399308E+000  1.215457162091822E+006
    764  1.227210864843613E-001  3.360018392260090E+004
    765  4.744509137678287E+000  4.817462163215079E+006
    766  9.823944769563774E-002  2.408114473901613E+004
    767  1.393520450173884E-001  4.024204813521500E+004
    768  3.772541377844497E+000  2.760357129365389E+006
    769  2.544737078651470E+000  2.296899036982821E+006
    770  1.661356428971422E-001  5.524628325786864E+004
    771  1.239135964412067E+000  9.698073938899413E+005
    772  3.190354013178880E+000  2.807012680058859E+006
    773  6.419235385566301E-002  3.924073876793977E+003
    774  1.517641906905835E+000  8.333442711932239E+005
    775  6.088531114749302E-002  3.735008342137929E+003
    776  9.509414144027052E-002  1.813854529736926E+004
    777  5.730535702013705E+000  6.241566567974686E+006
    778  4.326651509365929E+000  4.160300756617878E+006
    779  8.838759403185717E-002  1.663404838051959E+004
    780  9.516993485703883E-001  8.468137592525939E+005
    781  1.746340562308993E-001  6.055421037742621E+004
    782  2.317675781932746E-001  8.865351238410019E+004
    783  5.976716958594547E+000  5.996861942786266E+006
    784  2.816351119165523E+000  2.363679412790533E+006
    785  6.411933942352626E+000  6.485677296948172E+006
    786  1.377608691366770E-001  4.175958815913462E+004
    787  3.039168506199499E-001  1.280461967309957E+005
    788  7.542533494319985E-002  1.081493159974558E+004
    789  1.304533040275933E+000  1.194873674447614E+006
    790  2.448766557618459E-001  9.468934388381046E+004
    791  2.802434248645333E+000  2.773315225133630E+006
    792  1.194830294565756E-001  3.783337160444370E+004
    793  9.001710256080279E-001  7.536381503699363E+005
    794  1.680810081880520E-001  5.450156246724624E+004
    795  1.426312230023130E+000  1.484218835791830E+006
    796  5.219630141655525E-001  4.205477074416247E+005
    797  5.196305582070365E-001  4.324084740835407E+005
    798  6.858814137547971E-002  9.061515808637565E+003
    799  1.372353034335701E+000  1.254995376031297E+006
    800  3.260783221416423E-001  1.439323029614845E+005
    801  5.797982931937822E-002  2.488126864230304E+003
    802  1.745616394222909E+000  1.545196196764345E+006
    803  5.391765293711178E-001  5.029023946486030E+005
    804  2.041059583760637E-001  7.550874894306929E+004
    805  9.670135459562361E-002  2.327460841290714E+004
    806  6.008913792902982E-002  2.624428865311178E+003
    807  1.764911779208403E+000  1.423250824293337E+006
    808  5.939050168705124E-001  4.795171262052514E+005
    809  1.421531644465095E-001  4.407266051801355E+004
    810  2.972130034952904E+000  3.462325754856761E+006
    811  6.719303389830515E-002  7.662127733504170E+003
    812  8.182023467170660E-001  8.274856392091637E+005
    813  4.987476133747163E+000  5.564204192894633E+006
    814  6.573289518284550E-002  6.084771253380877E+003
    815  2.116398869269913E-001  8.912732623261331E+004
    816  4.671619786980763E+000  5.358990821334925E+006
    817  1.962927655360044E+000  2.167567948892419E+006
    818  8.706019224263091E-002  1.876849633646458E+004
    819  6.518149802943769E-002  8.620953501187896E+003
    820  8.281034839701106E-001  7.209395146967690E+005
    821  1.156851577911977E+000  9.892383555256929E+005
    822  6.810904837671042E-001  6.229133688449666E+005
    823  5.457830927147987E-002  1.034158496097187E+003
    824  8.313193098854321E-001  8.110721620974732E+005
    825  1.121363478382532E+000  1.153747212791477E+006
    826  1.752064371053768E+000  1.676460438749941E+006
    827  5.676822056464057E-001  4.458720956001306E+005
    828  1.091196807608101E-001  3.117292810955055E+004
    829  4.019322720862274E-001  3.158531111415220E+005
    830  7.429589110521195E-002  1.325136369729935E+004
    831  7.030878170112810E-001  5.262025891677776E+005
    832  7.588680283319991E-001  6.024810528593858E+005
    833  5.530993240350817E-002  1.556088561036825E+003
    834  7.433284474922305E-002  1.063054116844113E+004
    835  8.920559793621150E-001  7.557748416278828E+005
    836  2.010823115195923E+000  1.913233532448015E+006
    837  7.539439392234056E-002  2.261334411074802E+004
    838  6.623387353645398E-001  4.553484018206825E+005
    839  7.738526410939671E-002  1.302458663000101E+004
    840  5.463224128031226E-002  1.093714975314813E+003
    841  6.099359848603591E-002  4.158605152741633E+003
    842  2.446151529186674E+000  2.640404263808785E+006
    843  5.825836001167997E-001  4.414059580115613E+005
    844  1.598426361197453E+000  1.187598560409704E+006
    845  1.870392943221470E-001  7.215162616136244E+004
    846  1.600743044433677E-001  5.360454317695715E+004
    847  1.553312571562876E+000  1.270526999152340E+006
    848  3.113076822243416E+000  2.499488397707487E+006
    849  1.483393485018711E-001  5.003110173181907E+004
    850  5.440352891955488E-002  1.553312640137933E+003
    851  8.719134273349260E-001  7.116083329266278E+005
    852  1.533720831953010E-001  5.539440088024829E+004
    853  4.275898111078941E-001  4.041704470862160E+005
    854  1.170763570143292E+000  1.163596926211751E+006
    855  1.088456781427982E+000  9.162722290418682E+005
    856  6.327879433094598E-002  1.092918666261951E+004
    857  6.322625129877121E-002  8.913542489815964E+003
    858  1.199472843870130E+000  1.278447488297036E+006
    859  1.101837880458044E-001  3.290411529437453E+004
    860  5.813217613515834E-001  5.918991240316238E+005
    861  6.475375128602648E-002  1.196759172472737E+004
    862  1.734344019470954E-001  6.155220063856144E+004
    863  5.867969794236526E-001  6.245581778444671E+005
    864  5.353685930446269E-002  2.078984373871049E+003
    865  5.019547632014356E-001  4.608933025358142E+005
    866  2.308505081546295E+000  2.113427127567323E+006
    867  6.662388918981701E-002  1.130943675106409E+004
    868  1.161461776730706E+000  1.127167515616949E+006
    869  5.514246745236254E-002  3.345068033006121E+003
    870  7.136581468337083E+000  6.809815214495883E+006
    871  7.513350662962925E-001  5.954969756697736E+005
    872  5.063970405453749E-002  2.076729323377326E+003
    873  6.490128293397616E-001  4.608438222972462E+005
    874  5.594680646400054E-002  3.669105707229612E+003
    875  1.772827992063485E+000  1.166775767713822E+006
    876  7.232176301196856E-002  1.249145153999478E+004
    877  1.951211172765043E+000  1.678997727241474E+006
    878  7.555932478332228E-002  1.282554116426194E+004
    879  2.347719404185005E-001  1.081940326065766E+005
    880  5.480290803335890E-001  3.470579157911871E+005
    881  4.864418348924974E-002  8.130197002554863E+002
    882  7.191556420222149E-002  1.359458601959128E+004
    883  2.057818658706106E-001  1.389546476322656E+005
    884  4.713085330270718E-001  4.022641270574211E+005
    885  4.778094848935297E-002  1.224007224227813E+002
    886  1.648381650234296E+000  1.546341905762597E+006
    887  1.233703061889911E+000  1.115675267523240E+006
    888  7.800650527120787E-002  1.522801836720001E+004
    889  4.798416733945523E-002  1.134381756338737E+003
    890  1.604034066411686E+000  1.191620305411279E+006
    891  5.058540858131436E-002  4.030703632771636E+003
    892  1.385244537921948E+000  1.128575845772453E+006
    893  1.394389685843651E-001  4.606456803078306E+004
    894  3.572690948098932E-001  1.857362841143864E+005
    895  1.761140163992102E+000  1.664922958371481E+006
    896  4.327080619974179E-001  2.422000011787949E+005
    897  3.608330969862126E+000  2.821988311426798E+006
    898  2.913813906454855E+000  2.394505079202152E+006
    899  6.652026033107969E-001  3.162519214578392E+005
    900  6.621354253770334E-002  1.220125585724338E+004
    901  1.041639437646014E-001  2.831395893480669E+004
    902  2.236856834280565E+000  2.246019152510072E+006
    903  1.043791176421180E+000  6.153472413823440E+005
    904  5.043174985581544E-002  4.428181273091156E+003
    905  3.717054510222259E+000  3.007328824435737E+006
    906  5.755261303241657E-002  8.908682593532567E+003
    907  1.201340488385799E+000  8.316671175402692E+005
    908  1.127494543868774E-001  3.285155859099722E+004
    909  1.531185638251444E+000  1.506453331896072E+006
    910  3.548217961213671E-001  1.535386513754026E+005
    911  5.855837881584572E+000  5.065609324173721E+006
    912  6.029827092355589E-002  9.424058747570221E+003
    913  1.676478383325568E-001  1.070981494562663E+005
    914  4.614333975586249E-002  2.085036241176270E+003
    915  1.613169938240707E-001  6.353600115995043E+004
    916  4.442387375975963E-001  3.485625569785502E+005
    917  7.892966568535360E-001  5.782721522251203E+005
    918  1.466078698167854E+000  1.300759629958314E+006
    919  8.885475140562596E-001  6.025832324353998E+005
    920  8.986452038100619E-002  2.400819448156378E+004
    921  2.899901583565206E-001  2.179944655301165E+005
    922  2.073695547771034E-001  9.108705460210099E+004
    923  2.026684702988136E-001  8.578097024029696E+004
    924  2.845060860021677E+000  2.878605390994341E+006
    925  7.305793456938287E-002  1.515702331357226E+004
    926  3.334353892732507E+000  1.803579448536305E+006
    927  2.217226415398140E-001  9.126195386229399E+004
    928  4.645042668287375E+000  4.153577643640254E+006
    929  5.220967523522900E+000  4.961065382682792E+006
    930  5.807087328860944E+000  5.400922175389715E+006
    931  1.121065073836618E-001  3.832133670099454E+004
    932  5.623380104726762E-001  4.255204478687056E+005
    933  9.857739071515755E-002  3.174585373893622E+004
    934  2.052326348884278E+000  2.191283413561806E+006
    935  7.069396810186940E-002  1.490631184556522E+004
    936  8.520601435722565E-002  3.640960367466189E+004
    937  5.230495391431690E+000  4.625716073550827E+006
    938  7.372461482194383E-001  6.247805397798814E+005
    939  9.035443471913503E-002  2.441358675342606E+004
    940  1.007370114725508E+000  8.438577643924364E+005
    941  5.717653104441008E-002  1.165225961834379E+004
    942  7.800749914679550E-001  7.534391980448361E+005
    943  2.718010475366627E-001  1.848042722085151E+005
    944  8.101100380803041E-001  5.856288301819911E+005
    945  8.225325486475691E-001  6.796427628867540E+005
    946  4.924580999062457E-002  5.114197512426546E+003
    947  2.787240447950681E+000  2.656007043099013E+006
    948  8.866655168543415E-001  7.591367237815823E+005
    949  1.345174306329952E-001  5.141705190636768E+004
    950  6.667527516018232E-001  4.625962314818613E+005
    951  9.064874878957185E-002  2.842964167354787E+004
    952  2.279125718490802E+000  1.956188348161189E+006
    953  1.102392902758433E-001  4.677714900222870E+004
    954  2.637654847355597E+000  3.139037795392119E+006
    955  1.047031204451467E+000  1.251475615103462E+006
    956  4.955437171953161E-002  1.188255524203063E+004
    957  9.062810559823545E-002  2.601462158629969E+004
    958  8.884312795571710E-001  1.000743078529044E+006
    959  5.638020850647592E-002  9.773366270955094E+003
    960  6.736917340451198E-001  7.008093045932607E+005
    961  8.142634911915156E-002  2.174280320895008E+004
    962  7.144510810836546E-001  5.121825663965172E+005
    963  2.004660509817317E-001  8.113638939431023E+004
    964  1.597558608844025E+000  1.752400010558398E+006
    965  4.231715732298515E-002  2.929099733231198E+003
    966  3.598935233102154E+000  4.146863115552558E+006
    967  8.193784416134864E-001  5.163236406225539E+005
    968  9.611622264346572E-001  8.017872146257643E+005
    969  4.586924132959159E-002  3.846731078817821E+003
    970  2.415417992803343E+000  2.023294616395906E+006
    971  4.641555159994804E-002  4.635411525795153E+003
    972  6.603498016766787E-001  6.057113207162271E+005
    973  3.979775044696762E+000  3.112633546959465E+006
    974  5.567275302820778E-002  8.620099172630602E+003
    975  3.714876607358029E-001  2.426228727005089E+005
    976  6.409565948028042E-001  5.508567827302099E+005
    977  3.363859639506687E-001  1.909670739768097E+005
    978  1.025834097101933E-001  4.623933143681037E+004
    979  1.397051057420476E+000  1.064741544063483E+006
    980  6.692717898973710E-002  1.693986110455622E+004
    981  1.531042911841124E+000  1.744661431698110E+006
    982  1.245769674709356E-001  4.997294422686780E+004
    983  5.614212598891051E-001  3.895693213474654E+005
    984  5.381862073752981E-001  4.121870506684403E+005
    985  1.056274852426996E-001  3.968272223752668E+004
    986  4.252996291282682E-001  3.848034449192581E+005
    987  7.611673969938776E-002  1.840934203199838E+004
    988  3.382974228033833E-001  3.014580271315000E+005
    989  1.764759663134711E+000  1.970118819269941E+006
    990  1.197450916064995E-001  3.905270594669434E+004
    991  4.343945677082641E+000  4.706231422768393E+006
    992  2.242514346391975E+000  1.625161274836648E+006
    993  5.403517108595983E-002  1.066723932793739E+004
    994  1.701436009764926E-001  6.414530238192496E+004
    995  1.963736951893398E+000  9.673725822578692E+005
    996  4.458742775908580E-002  6.028578842072712E+003
    997  2.617576183276158E+000  2.654865850728226E+006
    998  6.279144012242591E+000  5.321404124537890E+006
    999  4.814850392025913E-002  1.319833976574002E+004
   1000  3.323605819906383E+000  3.160454380460801E+006
   1001  6.585097698684869E+000  6.183839849340347E+006
   1002  1.381971600224128E-001  6.897988362140102E+004
   1003  6.784429869596172E-002  1.672450664987484E+004
   1004  1.988889668379676E-001  7.844948271241550E+004
   1005  1.347690436598156E+000  1.163778063325248E+006
   1006  6.196635009422821E+000  5.686941166684066E+006
   1007  4.748936947938379E-002  9.283209106657032E+003
   1008  3.055059959904016E+000  2.541291401191787E+006
   1009  3.450704295726947E+000  2.952246300667502E+006
   1010  1.135859762257821E-001  4.015180628244667E+004
   1011  1.675668668975004E+000  1.191234016634548E+006
   1012  7.125711398687118E-002  1.814902927435399E+004
   1013  8.423332956213285E-001  7.495241583402354E+005
   1014  1.024114765362126E+000  6.496854036147638E+005
   1015  4.239524277961507E-002  6.531018355902364E+003
   1016  2.130757958187836E+000  1.997610634913701E+006
   1017  1.336863890987828E-001  4.588992037509850E+004
   1018  2.313062918236933E+000  2.112198755589230E+006
   1019  3.804401812864288E-002  9.149168790180134E+002
   1020  2.282510221833104E+000  2.470475997981574E+006
   1021  6.486566348377417E-001  6.078492386970153E+005
   1022  1.439090158350928E+000  1.396611207814767E+006
   1023  6.387008155404435E-002  1.232676306907615E+004
   1024  6.019777539638152E+000  5.930006999269399E+006
   1025  7.840695530725579E-002  2.163713282170212E+004
   1026  3.318643080624097E+000  2.669812792623450E+006
   1027  4.573103100959296E+000  4.116710207959950E+006
   1028  2.135678198891202E-001  8.855872033175507E+004
   1029  9.979084618205173E+000  5.815756645610198E+006
   1030  3.832186548898604E-002  1.250621467180429E+003
   1031  3.376617639840640E+000  3.029793809640475E+006
   1032  2.647926803326364E+000  1.840425812538126E+006
   1033  8.407542291265838E+000  4.672384839814584E+006
   1034  1.312677710108516E+000  1.043017203129385E+006
   1035  1.327171143198337E-001  4.612957310679029E+004
   1036  1.222959735860581E+001  6.975586820871740E+006
   1037  4.730251605179794E-002  5.819972289178389E+003
   1038  6.359272004139788E+001  2.924534497486786E+007
   1039  4.030428273135146E+001  2.263278253039081E+007
   1040  2.489160912837863E-001  1.135459891502973E+005
   1041  6.092733645805994E+001  2.802889704301402E+007
   1042  1.164591040415547E+001  1.207746419607274E+007
   1043  1.462922473757640E-001  5.147318205204602E+004
   1044  1.432884762145831E+001  1.292587572290646E+007
   1045  7.564049398734607E+000  6.799895246288586E+006
   1046  4.184010684028528E-001  2.097423501429938E+005
   1047  9.165297934269556E+001  4.087813762532192E+007
   1048  5.903730722080574E+001  3.561132276900113E+007
   1049  7.947438554099197E-002  2.872714781873270E+004
   1050  9.873307024991758E+000  7.978542973962735E+006
   1051  1.446799296785435E-001  4.922236075751017E+004
   1052  4.914382583338641E+001  3.707161230904412E+007
   1053  1.524469911732588E+001  8.770405227258833E+006
   1054  9.893350246134450E-002  3.354094248664910E+004
   1055  8.883395042197657E+000  8.144938074401748E+006
   1056  1.336768514956815E-001  8.441002184668767E+004
   1057  1.061459608242137E+001  8.211568334432279E+006
   1058  2.006105118668201E+001  1.374550969650568E+007
   1059  4.798816479361767E-002  1.087913457609261E+004
   1060  5.607224246633112E+001  4.771202863571804E+007
   1061  1.171326466912778E+001  7.324722508961339E+006
   1062  1.430450476706106E+001  1.036867110841529E+007
   1063  3.657594515869488E-001  1.823205690139601E+005
   1064  4.987938503815982E+000  3.212258027061305E+006
   1065  1.477716533190567E-001  6.066554652475200E+004
   1066  8.730183238384727E+000  8.834776388605863E+006
   1067  2.391700900972880E+001  2.060990488373886E+007
   1068  2.635816803362058E-001  1.138117971867070E+005
   1069  7.241499896030471E+001  4.531916939256606E+007
   1070  4.194443334926132E+002  3.490606429727020E+008
   1071  1.904912088100691E+001  1.658950257359220E+007
   1072  1.236289598182307E+002  6.400055565759278E+007
   1073  5.890473850521186E-002  1.620346435675174E+004
   1074  8.565247948789479E+001  7.800402693680377E+007
   1075  1.628549471045502E+001  8.108459293746009E+006
   1076  1.281820867768814E+000  1.138075807251584E+006
   1077  5.296791664852982E-001  4.462407843403262E+005
