   1080
     37  3.026754551653072E-002  1.346194539055510E+002
   1032  2.808695650617346E-002  1.341144219295502E+002
   1059  2.366441583117434E-002  1.342863482497035E+002
    386  1.217711801646455E-002  1.341514018240207E+002
   1054  9.427116176280522E-003  1.344046302448102E+002
    400  4.465533913878990E-003  5.470090458625116E+001
    101  3.653962603145391E-003  1.344917158692384E+002
   1039  3.324109108673457E-003  1.320920094210417E+002
   1073  2.757710890401434E-003  1.326638081608864E+002
    983  2.655904907032286E-003  2.409705164787495E+001
   1053  2.460356712807852E-003  1.325497610521547E+002
    975  2.190371184638289E-003  3.924493713332908E+001
    324  1.408746143858960E-003  2.415495490630330E+001
    682  1.319836529861506E-003  2.829789968697080E+001
    568  1.263686016975351E-003  1.334855783903193E+002
   1024  1.068117230063637E-003  1.329313747891841E+002
     36  1.060958637298046E-003  1.354324795947707E+002
    425  9.944880689712731E-004  1.339662386256463E+002
   1067  8.573634464825237E-004  1.362106241826424E+002
    164  8.087465175152665E-004  4.731744763749968E+001
    542  8.075694026689678E-004  1.314977675416337E+002
    672  8.069668086558352E-004  5.491028634626824E+001
    920  7.840751370521944E-004  3.898446828520751E+001
    906  6.665249436833771E-004  2.420075971046694E+001
     98  5.836363895330718E-004  1.327276930714175E+002
    144  5.112572466540773E-004  5.478568736420238E+001
    814  4.854300820361228E-004  1.060536335309056E+002
    169  4.733062298779625E-004  5.256113763598204E+001
    818  4.713507190488166E-004  3.925148508641023E+001
    894  4.703124550186174E-004  1.158410205227163E+002
    925  4.405463147381315E-004  1.311131492595320E+002
    456  3.829023617322509E-004  1.096324022234439E+002
    344  3.820786494903037E-004  2.815066438252619E+001
   1043  3.804054000406805E-004  1.358256631735167E+002
    395  3.725647374305011E-004  1.333922762024543E+002
    370  3.516818525715375E-004  1.062584145503753E+002
    743  3.426441670915054E-004  2.909744702447652E+001
    666  3.420257186300251E-004  1.318696742776113E+002
    639  3.164076806283598E-004  2.484653749093246E+001
    157  3.046625358962729E-004  4.479573540473374E+001
    435  2.797706560636980E-004  4.226093301429172E+001
    219  2.663495316977624E-004  1.096719007459395E+002
    482  2.618237408505727E-004  3.626225683337820E+001
    113  2.603794171095463E-004  1.094704059027572E+002
    463  2.555063598623430E-004  5.104771178051914E+001
    494  2.539977593898826E-004  9.992248835600154E+001
     47  2.487437374758015E-004  6.083933078477587E+001
    662  2.440611625431393E-004  1.317657447409053E+002
    863  2.436671806387683E-004  1.011518655534602E+002
    544  2.387659171762954E-004  1.065754669593027E+002
    615  2.381954892318475E-004  1.157742910458074E+002
    310  2.365525949627150E-004  1.066334268034696E+002
     56  2.342983757475032E-004  4.504617049663652E+001
    985  2.236131092853772E-004  3.475387160740764E+001
    930  2.179286611995505E-004  1.292193813881441E+002
    963  2.160871841300599E-004  2.843387532605292E+001
    979  2.122923409269592E-004  1.268995824612153E+002
    420  2.115786317178042E-004  5.432647944530162E+001
    507  2.103184585877572E-004  1.316243700788127E+002
   1034  2.101497976216397E-004  1.310610451260449E+002
    444  2.095594814204026E-004  5.531634575192984E+001
     44  2.093918997032732E-004  1.320638588175295E+002
    613  2.071531221554965E-004  4.293928559199119E+001
   1051  2.051764806715789E-004  4.421896508194837E+001
    848  2.037752179493173E-004  2.651619209441258E+001
    687  2.015867996992537E-004  3.045737089485879E+001
    312  1.930618002081695E-004  1.070288421953979E+002
   1063  1.825575191101596E-004  1.396436663909797E+002
    116  1.790782648301869E-004  1.321926832065285E+002
    659  1.784107540412946E-004  2.187224802744607E+001
    323  1.775411924122582E-004  5.362487914354079E+001
   1075  1.767691866732756E-004  1.301207887268855E+002
    545  1.750755769046803E-004  1.015664274854883E+002
    574  1.592660704076895E-004  1.314715581257088E+002
    875  1.563257224189266E-004  1.097557298218124E+002
     21  1.542634158240710E-004  5.411104399457733E+001
     26  1.532587582281402E-004  1.306919556886777E+002
    844  1.527582459464539E-004  2.019540254331992E+001
   1060  1.516171086815642E-004  1.538237819988055E+002
    361  1.491894976665057E-004  1.313771285609838E+002
    363  1.490049535366986E-004  5.341280271007111E+001
    493  1.465917122852811E-004  5.812208685443625E+001
   1069  1.445841137387741E-004  4.542961201541338E+001
    441  1.376426385034224E-004  4.004301078176525E+001
    334  1.361588061879793E-004  4.232471387087585E+001
    422  1.361398182622247E-004  1.364554620409143E+002
    543  1.339850727990842E-004  1.305222961966416E+002
    690  1.285243108334904E-004  2.513056353512450E+001
    227  1.256699380939349E-004  1.069471133163113E+002
    321  1.256175818386411E-004  1.264969617800405E+002
    923  1.247497235857687E-004  1.057033944122386E+002
    630  1.208365957260033E-004  2.874053178768616E+001
    552  1.189299314871403E-004  1.077211090264468E+002
    130  1.174533594645444E-004  5.894267663985430E+001
    351  1.160611728851197E-004  1.309540879585872E+002
    503  1.159557017798349E-004  1.173572569430999E+002
    601  1.108998810245727E-004  1.296088936816090E+002
    641  1.108944857826269E-004  6.132976639917543E+001
    696  1.107976128567312E-004  4.860068485987158E+001
    336  1.062158715219253E-004  4.584194681648900E+001
   1040  1.050838090904676E-004  3.567426501997931E+001
    546  1.036353764009786E-004  5.923075391291473E+001
   1028  1.028195304295816E-004  1.303107676632139E+002
    505  1.015932989763517E-004  1.272521825759827E+002
     46  9.957095574286840E-005  1.299156169919357E+002
    309  9.844479626735345E-005  1.333115783714571E+002
    255  9.821316153233383E-005  1.289410134459407E+002
    143  9.354830354625608E-005  5.887415173331902E+001
    733  9.160290984983902E-005  3.712296305298273E+001
    339  9.061239092089344E-005  1.202173824764750E+002
    584  8.954030506292335E-005  1.073187001809797E+002
    440  8.700613895224979E-005  1.110481358426624E+002
    110  8.489456069276739E-005  4.384337703649580E+001
    539  8.416522006302315E-005  6.121464845533989E+001
    316  8.184962859029354E-005  5.447389931517302E+001
    502  8.014772561535510E-005  1.079077682248536E+002
   1002  7.788259687945399E-005  2.099603579997237E+001
    700  7.720747844486949E-005  3.051438163812399E+001
    394  7.635887584671888E-005  1.316982726065727E+002
    538  7.620534033116378E-005  1.279743023107976E+002
    470  7.603188797913454E-005  1.114223342366489E+002
    587  7.587149132588368E-005  3.335084180599539E+001
     77  7.579597185488101E-005  3.422520680903303E+001
    605  7.466239248985808E-005  1.168063733569748E+002
    588  7.394681773907209E-005  2.630307692914614E+001
      2  7.237117261430133E-005  1.076399849303354E+002
    581  7.160103591048811E-005  3.278055907875648E+001
    625  7.155742888328729E-005  3.213390081040112E+001
    342  7.129940064731984E-005  4.625090273224978E+001
    569  6.997544571059096E-005  2.953999474892472E+001
    663  6.921978471960328E-005  2.701661000637159E+001
   1036  6.670242942281989E-005  1.285208677219000E+002
   1010  6.564459545831414E-005  1.276851378242543E+002
   1020  6.430425752260986E-005  6.357395642030325E+001
    857  6.419919626937956E-005  2.806713727402586E+001
    800  6.348968181368994E-005  3.135854099308933E+001
    167  6.294501563779465E-005  1.282652024525121E+002
     17  6.220439441288341E-005  5.548299847276105E+001
    550  6.207775456931786E-005  3.782799771367316E+001
   1012  6.081079226030564E-005  2.434132374489397E+001
    551  6.003670798000315E-005  3.855690414187638E+001
    408  5.979984276750293E-005  1.305966325299666E+002
    303  5.973436914542768E-005  5.629581637201602E+001
    915  5.972103982545995E-005  1.151502211132596E+002
    764  5.909604104284122E-005  1.123092284571979E+002
    178  5.745337553394635E-005  3.769211071525608E+001
    608  5.714805091129026E-005  1.286171858003850E+002
    381  5.668795134771231E-005  1.282147152483832E+002
    103  5.646909515590443E-005  1.311417867263393E+002
    274  5.630994014731253E-005  1.075803420545592E+002
    770  5.535429982112971E-005  6.038020226711614E+001
    942  5.485496257822683E-005  1.101537521701565E+002
    337  5.359536015506397E-005  1.106494668703556E+002
    997  5.307516262577773E-005  3.406524215443037E+001
    396  5.225938115300533E-005  1.260312681675134E+002
    492  5.153501408877344E-005  1.292626721742558E+002
    895  5.012176301650313E-005  2.401037278618207E+001
    616  4.917470988204035E-005  3.566353374788169E+001
    289  4.889264929133074E-005  5.321138626030686E+001
    212  4.854270503207367E-005  3.960701009996466E+001
    961  4.838016158694960E-005  3.317123031643270E+001
    137  4.791890254281686E-005  4.596234092444288E+001
    833  4.759837131367559E-005  1.085856897955188E+002
    981  4.650249150348366E-005  1.176513357903586E+002
    760  4.632694578009585E-005  3.647234998568886E+001
    972  4.543963842373273E-005  1.290402709995743E+002
    990  4.421742677301402E-005  4.035906684337910E+001
    504  4.388129351156872E-005  3.426879977426059E+001
    722  4.284983760033797E-005  5.290937477033229E+001
    804  4.220017589204787E-005  1.053333243782467E+002
    592  4.213697013835614E-005  1.288063088971311E+002
    726  4.209877809875011E-005  3.882838784235468E+001
    151  4.176601800020350E-005  5.789955059629722E+001
    564  4.074405453339133E-005  6.147898090385020E+001
     93  4.068184009500630E-005  1.279543526275624E+002
   1025  4.030165194899916E-005  1.273196760938799E+002
    658  3.953045454140246E-005  2.600560688278595E+001
    960  3.902198690907603E-005  3.230559535264491E+001
    602  3.849747300599269E-005  2.802647541223082E+001
   1019  3.815436694984325E-005  4.573921408521242E+001
    932  3.802240518775125E-005  1.248809854930112E+002
    438  3.741418510136634E-005  3.887739754163557E+001
     40  3.699477169122120E-005  1.335995786340285E+002
     11  3.677408206929903E-005  1.171988049333157E+002
    819  3.658629832866444E-005  1.164215139086281E+002
    348  3.653986779171982E-005  5.398048090683206E+001
    753  3.636785230193294E-005  3.066258387389357E+001
    193  3.603239818522656E-005  5.736433128393936E+001
   1046  3.596406616212593E-005  1.354042236241257E+002
    553  3.594562372988181E-005  1.165834668470619E+002
    632  3.567696859702103E-005  3.146923546074296E+001
    965  3.552188689606844E-005  1.274400760464527E+002
    354  3.534405521949252E-005  1.080760564399707E+002
    585  3.503718969770268E-005  1.308027029897516E+002
    855  3.447298949854293E-005  2.890405871618987E+001
    921  3.431096370150498E-005  1.297667902113165E+002
    181  3.427164196772118E-005  5.603111626794400E+001
    327  3.389971066416249E-005  1.160396777235910E+002
    718  3.314490927886486E-005  2.896854787751031E+001
    508  3.305038939974698E-005  4.948641649259005E+001
    199  3.284194045229489E-005  1.155476623078035E+002
    240  3.282334330917151E-005  1.292803490402415E+002
    243  3.266671831263129E-005  1.131465531441418E+002
    656  3.264906832404205E-005  1.132390062116629E+002
    205  3.259933310043876E-005  5.317172487639147E+001
    816  3.231793856005350E-005  1.090823263338786E+002
    704  3.206446981042817E-005  6.231387614315972E+001
    246  3.144419409362291E-005  1.078323813599098E+002
    670  3.132518552424259E-005  4.148742141541591E+001
    612  3.082620712520445E-005  1.215984581642913E+002
    600  3.079727380842831E-005  4.554966818287383E+001
    525  2.948116316927282E-005  4.212057304201551E+001
    270  2.928362289723962E-005  5.559427591382534E+001
    611  2.856813668409075E-005  1.176182930415892E+002
    777  2.853538966264967E-005  1.176828981634927E+002
    111  2.833063186198430E-005  1.210120646173054E+002
    738  2.779819601509396E-005  2.983968575614941E+001
   1011  2.755724559081042E-005  1.303820247871189E+002
    586  2.751090867426831E-005  1.189498425290446E+002
      5  2.745152829914062E-005  1.093898788587897E+002
    326  2.721455600539134E-005  3.101441919683210E+001
    114  2.685591424821439E-005  4.660779483183856E+001
    840  2.595781666097511E-005  2.898739694460004E+001
    388  2.559400082271527E-005  1.293587579307074E+002
    755  2.553489728807972E-005  1.208007299333391E+002
    784  2.549656271589115E-005  1.103277184759596E+002
    223  2.529285012916890E-005  5.908479669129964E+001
    908  2.527431565133794E-005  3.611252692341090E+001
    959  2.423266421402883E-005  1.070716440215157E+002
    940  2.408812360220599E-005  3.425822487556562E+001
   1071  2.404232910180320E-005  1.343029464724711E+002
    534  2.395770619341075E-005  2.596547649427322E+001
    142  2.374251205574834E-005  1.111235114946337E+002
    874  2.355790678709596E-005  2.927762953243320E+001
    635  2.330488189436276E-005  3.436942614620276E+001
    548  2.327369159795010E-005  5.919692186286717E+001
    709  2.289591462392293E-005  2.810793179648220E+001
    421  2.251790908052571E-005  1.286478944746181E+002
     65  2.244646954877016E-005  5.683082696386948E+001
     14  2.240190822896652E-005  1.303623358824634E+002
    194  2.199789620933557E-005  5.633397739851014E+001
    189  2.198357878208136E-005  5.383511399675977E+001
    179  2.191741543965217E-005  4.045638566615079E+001
    447  2.178023737673353E-005  2.774085074348426E+001
    797  2.133624105304879E-005  1.174099734703846E+002
    176  2.122662858566332E-005  4.253596576130936E+001
    618  2.087468282972171E-005  1.148603536350415E+002
    909  2.077278328147644E-005  1.130922153144018E+002
    375  2.068754642967329E-005  1.293191512595130E+002
    473  2.056528377834381E-005  1.789800537112603E+001
    206  2.047396237121660E-005  1.080610182969290E+002
    792  2.010840797910121E-005  3.196505539864106E+001
   1016  2.007306914170134E-005  3.121888346647914E+001
    512  1.972975798697775E-005  1.105222978418177E+002
    235  1.962791849252081E-005  3.064931720080771E+001
     81  1.933602332558488E-005  1.126000574035114E+002
    368  1.930741372214820E-005  1.200458020902835E+002
    916  1.921388793642811E-005  1.160724581958694E+002
    567  1.920771760821499E-005  3.409310997627640E+001
     50  1.913824721945727E-005  6.025470585832118E+001
    300  1.908683765280033E-005  1.156696722587529E+002
     33  1.884565080746144E-005  3.844315466323439E+001
   1003  1.873653745885735E-005  1.179881125712661E+002
    815  1.861699096774386E-005  1.618841834910751E+001
    705  1.832840393393540E-005  2.536745781856646E+001
    357  1.790560484562564E-005  1.287634835480242E+002
   1070  1.741906296231445E-005  1.218481357459487E+002
    876  1.726232481690108E-005  1.127143455798421E+002
    117  1.717842756515890E-005  6.109201132688620E+001
     71  1.713716945742862E-005  1.078715389624255E+002
    758  1.667598123910551E-005  1.207379905631001E+002
    598  1.661920779769011E-005  1.283571610930398E+002
    278  1.661547361088141E-005  5.535088125043978E+001
     60  1.659824198365481E-005  1.032360426035470E+002
    517  1.643140852134918E-005  1.044217635615887E+002
    292  1.642420194195758E-005  1.172235248221458E+002
    675  1.624369861560382E-005  1.271527032296776E+002
    138  1.609697698575560E-005  6.296145084739301E+001
    384  1.597739501856462E-005  1.193265202968559E+002
    411  1.596835602459423E-005  2.892423345306968E+001
    922  1.596600872268777E-005  1.110080848604173E+002
    443  1.595930557018247E-005  1.211802708198896E+002
    646  1.563921818923388E-005  2.878825007498821E+001
    250  1.562095034394195E-005  1.262126421502450E+002
    643  1.546444663845390E-005  3.768368856339602E+001
    559  1.540608339418084E-005  3.975958814453082E+001
    924  1.539203344519830E-005  2.960842444949463E+001
    349  1.522171612692000E-005  3.417374194629690E+001
   1017  1.519324795751313E-005  2.760588378246693E+001
      9  1.493809923292908E-005  4.531490195272019E+001
    150  1.465686401586174E-005  1.221248967584833E+002
    842  1.462454539997290E-005  1.081847094070985E+002
    939  1.442178922168280E-005  1.280213428949890E+002
    242  1.429185545119111E-005  5.856957928173006E+001
     32  1.418991178474960E-005  3.867567878206513E+001
   1041  1.416503544542766E-005  3.412284575078682E+001
    469  1.405497562616890E-005  3.770871283234191E+001
   1056  1.386023052719692E-005  5.543521821565895E+001
    108  1.349677188153409E-005  1.214127681893156E+002
    943  1.339282525661818E-005  1.074036199417954E+002
    204  1.331702765180590E-005  1.159741123613265E+002
    974  1.326713248832312E-005  1.261043398665387E+002
    423  1.324487390258277E-005  3.967013675003798E+001
    529  1.323356744088718E-005  1.082825678423908E+002
    866  1.320389207537660E-005  3.551885531155625E+001
   1008  1.306794002326893E-005  1.300742952453998E+002
    133  1.304022483373200E-005  3.133147890305099E+001
    633  1.294776604258121E-005  2.138593261055506E+001
    813  1.287166971381060E-005  3.559185987223327E+001
    245  1.256363036816315E-005  4.629598270815639E+001
    200  1.251235297028093E-005  1.059120748035276E+002
    486  1.219591465272666E-005  3.950258176442497E+001
    926  1.213572891764397E-005  3.787032732008765E+001
     54  1.199811946260852E-005  5.983587114477093E+001
    817  1.195097944925398E-005  1.227841845491202E+002
   1068  1.192022828904505E-005  4.158728893163137E+002
    145  1.163789937912815E-005  1.308312009553937E+002
    237  1.152276727692560E-005  5.721107823363405E+001
    154  1.139101416019477E-005  1.175807308007699E+002
    887  1.108847453236402E-005  3.842334189186366E+001
    459  1.098186601881361E-005  2.438544652024468E+001
    728  1.059314223583413E-005  3.423695493613279E+001
    907  1.051913310555879E-005  1.092317017697786E+002
    218  1.045019952809152E-005  3.579498872812645E+001
    828  1.026088991334022E-005  1.134080815025539E+002
   1045  1.019932351545789E-005  3.578102711086950E+001
    302  1.016428423331820E-005  1.257123659982563E+002
    627  1.005478232282244E-005  3.822130155258603E+001
    168  9.988737624024809E-006  6.338225363867880E+001
    123  9.972089850978405E-006  5.874796504624639E+001
    772  9.853862232092225E-006  3.776227546592645E+001
    458  9.742978443823033E-006  1.108932996263234E+002
    748  9.716950396884985E-006  1.129225671729400E+002
    190  9.518732234090223E-006  1.125346019297597E+002
      8  9.314026614195774E-006  3.343240987260896E+001
    478  9.085938597445007E-006  1.289878455640967E+002
    439  8.990613825748684E-006  3.961435391585434E+001
   1031  8.890685547843658E-006  1.304910061292189E+002
    956  8.647815924561710E-006  1.087788385322329E+002
    135  8.631926200763311E-006  1.083944573932526E+002
    401  8.588701379868209E-006  1.206513215207693E+002
    856  8.526680748819202E-006  1.107616416049454E+002
    847  8.407922680198117E-006  3.738291913412129E+001
    252  8.127300213935746E-006  1.088753656164789E+002
    867  8.087050215489536E-006  1.084320351560529E+002
    970  8.063319917217489E-006  1.257839499477000E+002
    583  8.063277929234393E-006  2.753424185241757E+001
    407  8.042615959504075E-006  3.763770692715004E+001
     38  7.995783143165681E-006  3.355333697060609E+001
    988  7.761557669811895E-006  1.294442843845866E+002
    485  7.757651784726950E-006  1.087089241068068E+002
    893  7.680471365998289E-006  3.792504513362721E+001
    648  7.307328278535452E-006  1.525364616101343E+001
    115  7.006295043757493E-006  5.780609965841833E+001
    872  6.975365038077181E-006  1.288339532336156E+002
    999  6.873041132736802E-006  2.523382761841791E+001
    132  6.867065764295934E-006  1.195758107293692E+002
   1015  6.857468001491388E-006  1.134591800957990E+002
    393  6.847561371007578E-006  1.209987537834799E+002
    746  6.707371757563715E-006  3.808866171250383E+001
    136  6.706036332147462E-006  6.127630238144092E+001
    412  6.697826533980284E-006  5.556509490059524E+001
    660  6.549241802128722E-006  1.194234040046469E+002
     88  6.542747978310363E-006  2.940590242426674E+001
    903  6.541962048759058E-006  2.669346357748370E+001
    328  6.528630619002966E-006  1.090309694922926E+002
    994  6.522893399446481E-006  1.147330628195228E+002
    442  6.499625505309116E-006  5.872404146067606E+001
    945  6.474139495271562E-006  2.734266924142806E+001
    398  6.465062886767125E-006  5.746267104075711E+001
     85  6.451118196765493E-006  3.943690762074498E+001
    228  6.265909675143900E-006  5.939788471440445E+001
    215  6.250817469438399E-006  3.143103004668623E+001
    829  6.228219874239595E-006  2.646960059774937E+001
    184  6.210156264783092E-006  5.864443875243541E+001
    671  6.180021826087620E-006  1.090037015776699E+002
    766  6.160498913408473E-006  3.857618396655785E+001
    410  5.800061206555998E-006  1.179375383519322E+002
    428  5.762874132023887E-006  1.166694009891897E+002
     63  5.756984577124961E-006  5.567518176286683E+001
    487  5.725024606315797E-006  1.190869087148394E+002
    870  5.683333093754571E-006  1.174924764366444E+002
    775  5.435834907139699E-006  1.119022978564775E+002
    106  5.429027829762986E-006  3.015209130280775E+001
    220  5.291466090882644E-006  5.896013142916861E+001
    778  5.268826903320946E-006  5.577756108381944E+001
     39  5.146479743864827E-006  4.941143315454123E+001
    787  5.072341801085254E-006  2.446711842529193E+001
    402  5.062572993464738E-006  1.266719750907104E+002
    315  4.681227480681380E-006  1.116475502852595E+002
    100  4.667560965639758E-006  5.913272525796437E+001
     48  4.566918982755074E-006  1.123467258473767E+002
    776  4.338284677439096E-006  5.764313994132664E+001
    900  4.318463852118050E-006  3.715501943025186E+001
    878  4.203297936686085E-006  1.192284952660468E+002
     58  4.174731223001643E-006  1.246656746453913E+002
   1018  4.035205098343222E-006  1.295226711833730E+002
    713  3.955069596130575E-006  4.111198581260527E+001
    779  3.843647698294258E-006  1.275286500820820E+002
     78  3.777575612656126E-006  1.118209204499805E+002
     16  3.752661930010923E-006  6.117097305534942E+001
    217  3.707242531166013E-006  1.181698785826636E+002
    267  3.582254573766970E-006  1.155138378591535E+002
    208  3.525777938823116E-006  1.132988765946676E+002
    591  3.513222820084565E-006  3.845013830872102E+001
    279  3.510309806115993E-006  1.278199357820382E+002
    306  3.454274012227227E-006  5.301776917119008E+001
    801  3.427295855741742E-006  3.853005041859911E+001
    594  3.356911950945508E-006  1.153176280085931E+002
    226  3.331243603567472E-006  3.432202124721923E+001
    291  3.321477703921093E-006  1.133381348368473E+002
     72  3.249530216492673E-006  1.280990485487359E+002
    651  3.234650331074457E-006  1.206306766099913E+002
    372  3.176631276918266E-006  5.562583200754403E+001
    693  3.167257439473455E-006  3.439682744782291E+001
    286  3.164120543793782E-006  5.759372088938139E+001
    768  3.158742290139704E-006  5.974578834042020E+001
    978  3.093963124942967E-006  3.410253373070628E+001
    391  3.066789759097204E-006  2.901187257899960E+001
     20  3.046725269793981E-006  1.141643657621669E+002
    730  3.046516949203277E-006  1.583625865609918E+001
    745  2.937806926247479E-006  1.046282722201418E+002
    936  2.892492110127607E-006  2.738007805691525E+001
    541  2.875874450955297E-006  1.316628108471680E+002
    523  2.859049360688548E-006  1.254262719309567E+002
    104  2.781262887123188E-006  1.296185212041367E+002
    928  2.743135752252497E-006  1.067925948205470E+002
   1005  2.699816640288234E-006  2.724078156213282E+001
    823  2.612559468210047E-006  1.177804664274645E+002
     55  2.451263433768536E-006  1.170927382019151E+002
    359  2.431485326109156E-006  3.858541355862369E+001
    177  2.373148697291075E-006  3.980396046789575E+001
    669  2.294100852481464E-006  3.953475820519718E+001
    214  2.158811692915497E-006  1.098886460548181E+002
    556  2.024859558621388E-006  3.172286733302915E+001
    737  1.931503575615349E-006  6.118430914066833E+001
    536  1.907093445849063E-006  1.083038869025097E+002
    431  1.865843863139501E-006  1.120898587673740E+002
    387  1.839838768026792E-006  3.689267782785568E+001
    174  1.795784577913176E-006  5.860623885313043E+001
    311  1.773162425736042E-006  4.918679643886374E+001
    890  1.752767169897628E-006  2.289190147802284E+001
     61  1.675316591450176E-006  1.283972449815831E+002
    516  1.667619004714568E-006  3.839201365471855E+001
    304  1.646323470279575E-006  1.230638413611257E+002
    338  1.626034891081467E-006  5.892437644921355E+001
    118  1.598332832919920E-006  5.902996626422982E+001
    619  1.558788655173923E-006  1.089320566788155E+002
    509  1.543759429251215E-006  1.168658243191390E+002
    631  1.541056096490612E-006  1.086045165887166E+002
    266  1.493412654556897E-006  1.275139047951660E+002
    754  1.474327998357350E-006  1.176706244378889E+002
   1055  1.466252328408469E-006  4.343257497072364E+001
    686  1.428563710144225E-006  1.126715765412703E+002
    859  1.425118614952736E-006  1.162563526903251E+002
    497  1.404971547606377E-006  1.095575681877010E+002
    830  1.387800069371357E-006  1.197701932543413E+002
    231  1.375668276485356E-006  2.999019716619194E+001
    554  1.331575285305809E-006  3.259607503616505E+001
    805  1.296523424148519E-006  1.226227773719321E+002
    674  1.232205992747971E-006  3.365517866326807E+001
   1021  1.222069875631019E-006  6.305959142723653E+001
    202  1.188222341825946E-006  6.223717669190264E+001
    353  1.170482218200326E-006  1.085438252510029E+002
    899  1.170110004482050E-006  1.087459094739317E+002
    449  1.164006667879934E-006  1.180212677607782E+002
    839  1.151035908235574E-006  1.113086979747230E+002
    796  1.150058003019991E-006  1.613977519891939E+001
   1065  1.087804651689801E-006  4.365118861114266E+001
    514  1.073559806199113E-006  3.419033130663160E+001
    301  1.043907645529879E-006  2.531226002181987E+001
    233  1.017326095732157E-006  6.213688937006443E+001
    102  1.005099727058767E-006  6.017660592087329E+001
    445  9.996982824189493E-007  5.334742079859637E+001
    780  9.594226896262249E-007  5.370923101813037E+001
    782  9.557884178450088E-007  2.693670751290862E+001
    747  9.367373743112603E-007  3.606566029862945E+001
     75  9.365528197925392E-007  1.091366753407769E+002
    769  9.323046919423554E-007  3.011101722258754E+001
    825  9.093947946754582E-007  1.043581341768944E+002
    196  8.952467322221329E-007  5.870181737054548E+001
    450  8.564469328540459E-007  5.306734484786538E+001
    519  8.483771130389217E-007  1.514872173343622E+001
    689  8.151569218632790E-007  3.780308908172631E+001
    436  8.055994737930798E-007  3.778793509308388E+001
    121  8.033849056514942E-007  1.119968816859682E+002
    430  7.310468562180016E-007  1.278874287407318E+002
    399  7.219242813678029E-007  1.076935540833530E+002
     76  7.054615345063729E-007  1.070217123125432E+002
    966  7.029642998803092E-007  1.180664963830262E+002
    510  6.995750142926222E-007  3.306684655569454E+001
    191  6.767021255217037E-007  4.599731721039328E+001
    229  6.756526656387906E-007  1.312955869622884E+002
    499  6.543691158494276E-007  6.183989549050450E+001
    185  6.376748769949927E-007  1.284698165604208E+002
    996  6.332018119622278E-007  3.940696744165014E+001
    355  6.166239125910598E-007  2.725972897992215E+001
    809  5.938106706425310E-007  2.755617199691822E+001
    153  5.780457005129300E-007  3.466424441944299E+001
    247  5.634023083903999E-007  1.190716094080589E+002
    160  5.514279189764795E-007  3.795811811771267E+001
    282  5.501055337191790E-007  1.124946632073015E+002
    884  5.241833339987068E-007  1.161443162857146E+002
    683  5.168195101132257E-007  1.270721617601450E+002
    849  5.073390950296083E-007  1.038752787826033E+002
    352  4.975774573547088E-007  3.931121694214350E+001
    464  4.900117966985050E-007  1.020981622758500E+002
    917  4.686040085021618E-007  2.087990173878065E+001
    346  4.587847724393789E-007  1.177438504362374E+002
    131  4.567285564385643E-007  4.566198810302660E+001
    824  4.520343001987941E-007  1.111524915119074E+002
    287  4.236925576247400E-007  1.121574710091992E+002
    892  4.196142999494558E-007  1.169792073888032E+002
    560  3.652084911011251E-007  3.434374403466671E+001
    271  3.391407841753900E-007  1.129532746929520E+002
    749  3.303908573178689E-007  3.413638941809696E+001
    522  3.251069451330780E-007  3.701192275880980E+001
    239  3.132252372929246E-007  1.268500633464024E+002
    460  2.992936197696122E-007  1.124272019648706E+002
    929  2.987339526363333E-007  1.163818968519567E+002
    759  2.951976739827948E-007  1.102848453086709E+002
    385  2.826540346385656E-007  4.286819341363851E+001
    537  2.580417696895485E-007  1.130154909157575E+002
    904  2.579277912714069E-007  1.107179962706250E+002
    638  2.547849769226545E-007  1.127922213213002E+002
    973  2.544831789509481E-007  1.128264915776557E+002
    377  2.485187016670572E-007  5.428443565407525E+001
    128  2.445502920069150E-007  6.123169670057369E+001
    734  2.318888592266897E-007  1.175367677816888E+002
     92  2.214975945268230E-007  1.243598773515436E+002
    944  2.169068642155030E-007  2.956235116545113E+001
     57  2.033687898690321E-007  1.184137416939562E+002
    931  2.007083640719408E-007  3.444462817994097E+001
   1062  1.782625924990212E-007  2.624650864464868E+001
    122  1.757731585258512E-007  5.899648987451491E+001
    378  1.718023512763291E-007  4.580028280988525E+001
    277  1.688383948865794E-007  5.854622202604084E+001
    373  1.563762531557899E-007  1.021792890793860E+002
   1004  1.497430224218599E-007  1.195324275100619E+002
     97  1.497056990656248E-007  5.929344117167137E+001
    628  1.453589789123436E-007  1.082375890314225E+002
    858  1.347433332937792E-007  2.531539615312880E+001
    427  1.254283868894603E-007  1.309870115228712E+002
    621  1.237194296679222E-007  3.222576280422910E+001
   1022  1.100858265275825E-007  1.310320168338018E+002
    810  1.086405200001950E-007  3.008992647017489E+001
    604  9.048557532864708E-008  1.204942856090064E+002
    788  8.101007089423179E-008  3.754342800933261E+001
    710  7.756365103130172E-008  1.109714133044692E+002
    298  7.536257937248922E-008  1.113191157780773E+002
    437  6.880278112618812E-008  1.112316333805500E+002
    681  6.265534621291244E-008  3.416086135232869E+001
    827  6.131656343154680E-008  2.296838485179384E+001
    826  4.821024016069828E-008  3.546224307617756E+001
    146  3.712479751708753E-008  5.986406034966046E+001
    259  3.179987817196490E-008  6.253025421116679E+001
    685  2.802334503018196E-008  1.048845504576103E+002
    253  2.678793148504321E-008  1.057453353847923E+002
    366  2.424008402107827E-008  1.301799783965055E+002
    468  2.242875785036528E-008  1.088511661236754E+002
    263  2.089134240463243E-008  3.002252060836760E+001
    406  1.947245094282840E-008  1.302447033569741E+002
    910  1.714318543920586E-008  1.126166152341939E+002
    528  1.615181009958812E-008  2.962108255210120E+001
    607  1.463947590144622E-008  3.771855567837337E+001
     52  1.125198328834785E-008  6.420235382070479E+001
    295  9.644475234573942E-009  1.100239572790982E+002
    642  4.976081389583156E-009  1.126570147673475E+002
    957  4.621285976361682E-009  2.090004753970716E+001
    684  3.215442503823618E-009  1.576550008598366E+001
    590  2.480845637922721E-009  2.631778647604755E+001
     22  2.271066903064906E-009  2.910145238672048E+001
    987  2.061320445567347E-009  3.337566352515317E+001
    837  1.671526261024415E-009  2.520059974878809E+001
    891  1.471633489760368E-009  2.736841493942774E+001
    565  1.354471456368994E-009  1.140499574481915E+002
    356  1.289746760224226E-009  4.583772231810436E+001
     25  1.232405010078072E-009  2.528710653288495E+001
    484  9.046761101840091E-010  2.833399983056912E+001
   1038  8.863047492669062E-010  3.009348825587244E+001
    865  8.594444498485474E-010  2.622084120309369E+001
    626  8.001073298560717E-010  3.049749314287664E+001
    603  7.946659258925199E-010  2.532884140690746E+001
    280  6.370120563015414E-010  1.139205806943189E+002
    860  5.781497422115647E-010  2.963275591369404E+001
    532  5.709400703842284E-010  3.474194668466802E+001
    654  5.103513835161640E-010  2.815039412010666E+001
    941  4.615511069001926E-010  3.013958783755973E+001
    483  4.372323845831721E-010  1.022252778822331E+002
    913  4.152444048276068E-010  2.723312258669467E+001
    221  4.103713870853225E-010  1.038594777289185E+002
    283  3.788992673726634E-010  1.069155821278825E+002
    640  3.676809619459637E-010  2.824119439761771E+001
    530  3.657936902756093E-010  3.447868912831422E+001
     45  3.634132806510261E-010  5.417888746516163E+001
    831  3.415767113794415E-010  2.922592719482343E+001
    767  3.260412930112897E-010  3.477213913616621E+001
    416  3.260292094968491E-010  2.946283014340624E+001
    511  3.154511032338444E-010  2.820387678005197E+001
    698  3.057114175516359E-010  3.440214984487540E+001
    347  3.003454060803953E-010  2.964044046295302E+001
     49  2.911609449972229E-010  4.138202556861325E+001
    620  2.893587688893893E-010  3.019475203811447E+001
    251  2.805049665963012E-010  3.921912154745923E+001
    622  2.742766655423949E-010  3.347920780583872E+001
    453  2.565507823294214E-010  2.951009550101224E+001
    417  2.510145377044525E-010  5.583474766830866E+001
    148  2.228805990737279E-010  5.744254243062559E+001
    707  2.225588457238828E-010  3.409286993597820E+001
   1030  2.196815387162867E-010  2.133232472295666E+001
    614  2.166289767593569E-010  3.328285989987418E+001
    720  2.127265645331182E-010  2.889558275952906E+001
    650  2.103569695375286E-010  3.269493948796480E+001
    496  2.071758264818910E-010  4.541251878508606E+001
    273  1.962513978287139E-010  3.755125424253530E+001
    898  1.909293562119323E-010  3.574213842680000E+001
    803  1.810414701204750E-010  3.780355811396966E+001
    868  1.724308304170396E-010  2.719866128003683E+001
    141  1.721866253655459E-010  5.928221676314659E+001
    736  1.704524680935758E-010  3.069091041790419E+001
    222  1.679032104739544E-010  2.903741527293687E+001
    676  1.678464062807572E-010  3.571480742522697E+001
    234  1.669708250282244E-010  1.147808691958262E+002
    883  1.579906998776254E-010  3.796682632854844E+001
    566  1.532139975056539E-010  3.801756730550532E+001
    405  1.436179345852904E-010  5.304287455919988E+001
    744  1.399375418534606E-010  3.064277958545134E+001
   1026  1.365917949173704E-010  3.779210500818112E+001
    257  1.355355865791786E-010  3.387129235620025E+001
    911  1.329626425668612E-010  3.560698249709960E+001
   1047  1.289597273783472E-010  1.355788256041846E+002
    708  1.286924414562205E-010  2.639897028880879E+001
    159  1.265113679242683E-010  3.402581568876052E+001
    491  1.262628094655079E-010  2.812555695185284E+001
    254  1.252935153443212E-010  3.886878023529649E+001
    248  1.248601928465335E-010  3.763155082052234E+001
    313  1.173954843514605E-010  2.531894844618999E+001
    791  1.163699741037864E-010  3.307693202001514E+001
     69  1.154328520007128E-010  5.427051031404531E+001
     64  1.122440423212932E-010  4.584982776806759E+001
    325  1.050655406241957E-010  1.149830440656411E+002
     24  1.048676945608365E-010  2.794852323205357E+001
    466  1.046884597740430E-010  3.777100367362779E+001
    820  1.035367318789795E-010  2.632282271799158E+001
    224  1.012985936220267E-010  4.626733593406676E+001
    715  1.011911049972963E-010  3.264561668499369E+001
    213  1.000234271561777E-010  4.577297798720381E+001
     91  9.723878218113092E-011  4.526673179820873E+001
    264  9.430814700681522E-011  3.772840070404182E+001
    426  9.325794750508384E-011  5.396751286663234E+001
    967  9.295681440511796E-011  2.097266015842631E+001
   1048  8.975977763768836E-011  1.335980578757328E+002
    763  8.907459739315165E-011  3.781509978314006E+001
     53  8.862229890855166E-011  5.613820237955890E+001
    161  8.855559355763758E-011  4.562801977383133E+001
    781  8.767345995574311E-011  1.099487953836044E+002
   1009  8.704936219929597E-011  3.023484544191354E+001
    879  8.577533147051402E-011  3.427075716241296E+001
    367  8.425472220543797E-011  5.307829750988225E+001
    711  8.348790033461842E-011  3.946329527555739E+001
    307  7.928074530754332E-011  5.881619101264776E+001
    477  7.594368423622547E-011  5.447274022079358E+001
    595  7.539174112773070E-011  4.589771179385998E+001
    914  7.439697883227425E-011  2.676857812226475E+001
    579  7.403442514652912E-011  2.809111789898073E+001
    645  7.292164466204002E-011  2.506021688875276E+001
    951  7.117562661483949E-011  2.142973991910956E+001
    329  6.784998956586021E-011  4.271716190853395E+001
    369  6.781870541384560E-011  5.512211674339599E+001
    305  6.761400277010740E-011  1.338807624856300E+002
   1033  6.632250483393036E-011  3.353713472611462E+001
    793  6.512579196120072E-011  1.152257413626876E+002
     23  6.326580853567570E-011  3.962406029172926E+001
    862  6.192030736897755E-011  2.997417646428683E+001
     83  6.177562543695568E-011  4.529500169490558E+001
    668  6.118319854717970E-011  1.304484537172835E+002
    261  6.105851682629838E-011  5.625145344515472E+001
    362  5.830780530760107E-011  5.559443297146688E+001
    919  5.789132354575637E-011  3.831803922658406E+001
   1013  5.773283573341399E-011  3.417601225529881E+001
    562  5.646478480975707E-011  4.550613920937534E+001
   1072  5.615722454924126E-011  5.705750096217044E+001
   1006  5.543027697241712E-011  5.339329746355038E+001
    774  5.473316837042683E-011  3.913916919126598E+001
    881  5.447297157621402E-011  1.121738923332827E+002
    724  5.397728026432908E-011  3.222961340470744E+001
     73  5.353290351781776E-011  5.851477659743665E+001
    186  5.109216226540773E-011  6.100423398784413E+001
    851  5.090813683222721E-011  2.419654441569213E+001
    467  5.055547207415254E-011  4.155971528940107E+001
    330  5.026847632559884E-011  3.956832290759487E+001
    794  4.785424014358291E-011  3.931251329773253E+001
    481  4.778294023214587E-011  1.110869010904150E+002
     90  4.726649329932803E-011  3.943491641460432E+001
    850  4.664727604926898E-011  3.156300449744440E+001
    927  4.642527871029773E-011  2.775456480009851E+001
     13  4.639405127344231E-011  2.901527651977251E+001
    938  4.571567009009017E-011  3.595683530668435E+001
    741  4.413441272638119E-011  3.453402514696941E+001
    203  4.372387154848915E-011  4.215156971233037E+001
    609  4.361757930807171E-011  3.355876742273789E+001
    500  4.300040114350885E-011  3.003523913071240E+001
   1066  4.295380722812431E-011  1.377944094274052E+002
    717  4.232890694361625E-011  1.075105612762544E+002
    880  4.229220962664539E-011  2.636508140986341E+001
    783  4.153487824723662E-011  4.083419339383966E+001
    317  3.924236442616421E-011  4.378550420816221E+001
   1076  3.833633163375764E-011  4.596053663301203E+001
    578  3.795746275538568E-011  3.431788431193335E+001
   1042  3.788966143996118E-011  1.309743709063693E+002
    871  3.782653946399259E-011  2.974093022085369E+001
    281  3.696145365310731E-011  3.140508628572108E+001
    472  3.551008398635119E-011  1.077145725822762E+002
    727  3.392182839868682E-011  1.055695542091875E+002
    308  3.387023693926677E-011  1.347037227384220E+002
    129  3.376736513675461E-011  5.947894419863643E+001
    702  3.295776403416672E-011  1.609877016713580E+001
    918  3.269378678715049E-011  2.757063841784912E+001
    573  3.210335827887492E-011  2.801414260834884E+001
    476  3.088688714441976E-011  2.586613929058441E+001
    798  3.070577179847346E-011  3.133367016078528E+001
    599  3.034487096953912E-011  1.073595385116889E+002
    790  2.835832907545373E-011  1.332371626243247E+002
    661  2.787534163969723E-011  2.894606557925123E+001
    293  2.728352616528708E-011  3.946553426727878E+001
      6  2.633370767573292E-011  3.122809333059975E+001
   1050  2.546216843930672E-011  1.343693024636507E+002
    424  2.530293920475562E-011  1.335277660583210E+002
    268  2.524297092301200E-011  3.563345295989614E+001
     10  2.516808529583765E-011  1.081290817537690E+002
     87  2.467700607543534E-011  4.679959746144570E+001
    390  2.446078314671731E-011  2.681505874269844E+001
    992  2.398260790381936E-011  3.980847235414979E+001
    958  2.368804711617810E-011  2.402762693077005E+001
    838  2.358885918268174E-011  3.282974302710221E+001
    518  2.348395018143592E-011  4.043910501029072E+001
    665  2.343714372925109E-011  1.329162316534876E+002
    173  2.316586015085154E-011  5.564687376116437E+001
    610  2.313916894274689E-011  3.417152556524616E+001
    533  2.295973959723340E-011  6.175691747082481E+001
    365  2.272937482014596E-011  5.860548456050422E+001
    761  2.233082136226397E-011  1.097937820712892E+002
    501  2.211807431312868E-011  2.525054805353794E+001
    474  2.202306947565307E-011  1.118983459534591E+002
    429  2.122685944144262E-011  1.154953904603925E+002
    889  2.044289885981244E-011  3.300184232711695E+001
    735  1.935313052612708E-011  6.124519862114400E+001
    563  1.901604841213118E-011  1.297546330865524E+002
    580  1.900403416569234E-011  5.915674406709298E+001
    376  1.884748063848397E-011  5.582786006193776E+001
    433  1.884311015238020E-011  5.330479606468482E+001
    582  1.871473571379224E-011  1.298660919206632E+002
    976  1.867387982918554E-011  3.288903043920949E+001
    350  1.862840882985554E-011  1.051553262699275E+002
    752  1.851912582231477E-011  1.050602398346211E+002
    211  1.848609665998792E-011  5.474670035142442E+001
    549  1.843749477577172E-011  1.066838862051319E+002
    126  1.844558417413914E-011  2.159495338523997E+001
     89  1.818322714486706E-011  5.576210504926462E+001
    969  1.807145069065635E-011  3.428944699913568E+001
    403  1.785103197809885E-011  3.988229127156298E+001
    950  1.737107127582773E-011  1.097605333904931E+002
    415  1.727763285858680E-011  5.904703387172745E+001
    506  1.679078001422628E-011  3.844792756368751E+001
    455  1.664843782679597E-011  1.117593375942451E+002
    751  1.650937486256620E-011  2.773259743149481E+001
    296  1.554706786849690E-011  2.799080532753403E+001
    954  1.538005164620943E-011  2.290370252525086E+001
    345  1.535440343813704E-011  1.301546099868189E+002
    127  1.526424778921521E-011  1.160277562509484E+002
    238  1.514533949437341E-011  4.313813383123015E+001
    841  1.504388247459799E-011  1.172220117205398E+002
   1052  1.408525171408464E-011  1.290487457278724E+002
    807  1.401489940625923E-011  3.657410125703108E+001
    156  1.380604536216936E-011  1.145298426243365E+002
    183  1.352412308285946E-011  1.263882744482872E+002
    272  1.350170984019287E-011  5.570237704638058E+001
    949  1.328869401318425E-011  3.702977275419675E+001
    971  1.323575953497866E-011  1.123713168749877E+002
    419  1.306879704025183E-011  1.311017678078171E+002
    694  1.291507006747501E-011  2.361699897771763E+001
    593  1.263850410106981E-011  4.424140698623744E+001
    897  1.261772202134083E-011  1.136391667970821E+002
    902  1.261041254769236E-011  1.042370232090190E+002
    276  1.252432547930097E-011  1.075820232206908E+002
    109  1.196463641042745E-011  1.162464656753858E+002
    843  1.192822963186102E-011  1.073097433997933E+002
     79  1.167256093458863E-011  6.040638333707885E+001
    869  1.157079983200934E-011  2.395894778585849E+001
   1014  1.149414990145915E-011  1.214231005338099E+002
    269  1.147865537765475E-011  6.121978583143463E+001
    379  1.127775943196222E-011  1.263453015360601E+002
    739  1.120393314850897E-011  1.085358398578049E+002
    187  1.117236315635428E-011  1.128369123560983E+002
    750  1.105299883642416E-011  1.059241062055237E+002
    575  1.099553110750443E-011  1.313942342006021E+002
    795  1.090465771852901E-011  1.210540635227126E+002
    457  1.090906644886553E-011  3.138362649544596E+001
    452  1.059591567122904E-011  1.219930863874545E+002
    244  1.058233897556915E-011  1.132204696343963E+002
    912  1.042255540766919E-011  1.269063264044391E+002
    125  9.830365407403652E-012  1.039341741541067E+002
    451  9.676338614467158E-012  1.134142236548554E+002
    535  9.527372124373202E-012  1.162897365840124E+002
    725  9.495138976189237E-012  1.109194012315849E+002
    977  9.285164785761341E-012  1.312043008921371E+002
    382  9.266002161995581E-012  5.567446642975943E+001
   1080  9.153218958624281E-012  1.135491264494711E+002
    260  9.152932473478102E-012  5.859518518011329E+001
    236  9.139390416234595E-012  1.141592235693823E+002
    170  9.149043102696396E-012  3.768157310789423E+001
    404  8.996056978096954E-012  1.079057231655316E+002
    964  8.941265451995163E-012  2.939624286314891E+001
    107  8.928764843340648E-012  5.863162405023152E+001
    471  8.907409565386014E-012  3.295425293056501E+001
    719  8.889763248058499E-012  1.088829711471428E+002
    771  8.783381980211672E-012  3.228217961432350E+001
    835  8.479653956210391E-012  1.063188249235199E+002
    134  8.482586471609208E-012  5.350711406923092E+001
    225  8.297218502230494E-012  3.623609188418403E+001
    765  8.236197003146387E-012  3.778170481219699E+001
    948  8.218048959752118E-012  1.157696826743314E+002
    119  8.118245231556877E-012  1.183436086714867E+002
    836  8.011705536658051E-012  1.091057940278593E+002
    905  7.988660081588797E-012  1.231363157114407E+002
    262  7.997928633467165E-012  1.125646933017709E+002
    962  7.655228261088120E-012  1.280701326614214E+002
    998  7.599080708058409E-012  6.135883822823781E+001
    314  7.584334818020488E-012  4.746511519493414E+001
    547  7.528829899617636E-012  1.165865042802110E+002
     42  7.505265479330964E-012  1.133059377671211E+002
     99  7.449095314040701E-012  5.896054878912432E+001
    540  7.390101052257899E-012  3.461443930534469E+001
    461  7.334886953726495E-012  1.255978693087662E+002
    732  7.337295288531381E-012  1.128843806700145E+002
    446  7.174520704838072E-012  1.275962865512414E+002
    285  7.168619694014753E-012  3.438422359989316E+001
    571  7.087272768818600E-012  1.323417007094679E+002
   1057  7.096961164853819E-012  1.228577076214966E+002
    294  7.015884794461462E-012  1.101858300541406E+002
    343  6.986056843286476E-012  1.319276261345931E+002
    636  6.964175512984060E-012  1.082240223896453E+002
    120  6.805023531096774E-012  3.771255202004246E+001
    561  6.616217959388826E-012  1.258335800160255E+002
    740  6.521554042888506E-012  1.169636814827145E+002
     68  6.436702124526708E-012  1.119729914151030E+002
    834  6.309345335480354E-012  1.196661558089543E+002
    149  6.301658392628705E-012  1.175379446895269E+002
    371  6.286682100852165E-012  1.241485400336660E+002
     31  6.246097452310321E-012  3.312629249382376E+001
    498  5.983878506132840E-012  1.138213271166850E+002
    821  5.833509699187634E-012  1.294816013059754E+002
    691  5.802691352688834E-012  6.233825362854991E+001
    845  5.644448293617367E-012  3.106473709110810E+001
    991  5.611608555984758E-012  1.212682101451038E+002
    617  5.416408685089454E-012  9.991979604628325E+001
    623  5.376319816755374E-012  1.127261010343926E+002
    701  5.355607100277864E-012  6.224302274721154E+001
    524  5.361394185212866E-012  2.312746968263935E+001
    596  5.260407019138183E-012  1.273121510734392E+002
    714  5.205421202665987E-012  1.111440682196492E+002
     43  5.199805381432105E-012  1.110096174530925E+002
   1029  5.127251078596622E-012  3.796838798284061E+001
    479  5.065794019251925E-012  1.087176908844694E+002
    677  5.007832941205692E-012  1.052813288910866E+002
    762  4.947657619436621E-012  1.131624666385693E+002
    885  4.911918130182464E-012  3.465762257233271E+001
    799  4.747198880033720E-012  1.068160821413137E+002
    695  4.691936580382646E-012  1.288053372923729E+002
    980  4.694855817780459E-012  1.208517876582337E+002
    374  4.674697726538181E-012  6.034164514485035E+001
    297  4.571075731563207E-012  1.277443716709502E+002
      3  4.429414248942368E-012  1.124424786565822E+002
    570  4.437525650797280E-012  2.729222684143697E+001
    673  4.296995479997200E-012  6.121217372353233E+001
   1078  4.097583109937995E-012  1.307608641378087E+002
     70  4.024558528294699E-012  4.284814046185456E+001
     51  4.004663994800659E-012  1.080567779309882E+002
    712  3.861242130934240E-012  1.105747384204002E+002
    989  3.833039417240982E-012  1.092170638731809E+002
    688  3.765914966407489E-012  1.129277254908914E+002
    360  3.724468165842666E-012  1.319990084283459E+002
   1001  3.665792760502572E-012  1.292480998125374E+002
    216  3.647916049772204E-012  1.060222464504734E+002
     66  3.631735850833470E-012  1.115160293862327E+002
    331  3.586815997187621E-012  1.301573226948983E+002
    332  3.585221405930786E-012  3.136375872484097E+001
    652  3.557289403958378E-012  3.720461396276627E+001
    397  3.542839082388297E-012  1.100963852758419E+002
    527  3.503186692997966E-012  1.080318974552513E+002
    606  3.447102650381588E-012  2.417045648515515E+001
   1037  3.358213898344919E-012  1.315853494811526E+002
    172  3.333581058765286E-012  1.083939613929496E+002
    657  3.277781307537225E-012  1.602124740309022E+001
    480  3.252199629381516E-012  1.295345147363496E+002
    526  3.227254982476926E-012  1.071267351454837E+002
    703  3.209983159663925E-012  1.081442765454168E+002
    947  3.118788682443714E-012  1.285122325323589E+002
    232  3.127744173347787E-012  2.344853902492484E+001
    364  3.096972590425122E-012  1.158468005027919E+002
     62  3.100602478733864E-012  6.113249912120045E+001
    934  3.036207921278461E-012  1.215989223434023E+002
     19  3.018544315974486E-012  5.869481068587496E+001
    993  3.005173110012693E-012  1.291862105641820E+002
    335  2.990825631469246E-012  1.178232184725334E+002
    853  2.847565005585068E-012  1.069294359332194E+002
    299  2.834499483524981E-012  1.090727733908756E+002
    649  2.817401787833468E-012  1.119189168759601E+002
    418  2.755191704800323E-012  1.044712539182624E+002
    706  2.738412251591527E-012  1.284918547625140E+002
    383  2.743558876274705E-012  1.140894925790380E+002
    864  2.737467857888258E-012  1.123245383699952E+002
    896  2.727785751807737E-012  1.083254677565710E+002
    664  2.717074721635414E-012  1.084482551386048E+002
     84  2.656223831655960E-012  1.159200206929639E+002
    742  2.606989567593195E-012  1.048024524338471E+002
   1064  2.525553692163134E-012  1.186529645811651E+002
    812  2.516441711118621E-012  1.086096779760040E+002
    756  2.451964041030484E-012  3.433180382116732E+001
    757  2.408093513772101E-012  3.789656117634676E+001
    284  2.397455073013797E-012  5.764049505206449E+001
    489  2.384322515912515E-012  4.019547322326159E+001
    692  2.359190288488316E-012  1.161475012650194E+002
    105  2.303243219592599E-012  1.160940016480135E+002
    731  2.307466176482169E-012  2.984234693833937E+001
    201  2.280145080302777E-012  1.590847703007305E+001
     67  2.262483135133771E-012  1.308612105592879E+002
    490  2.215155956905879E-012  1.181414190657173E+002
    558  2.219115799107231E-012  3.970176114323759E+001
    624  2.208345545501764E-012  1.126174859303677E+002
    288  2.186789734512870E-012  1.130579433911173E+002
    716  2.162868180798280E-012  3.557755978229710E+001
    322  2.127085480611503E-012  1.128080029568008E+002
    854  1.999320474269817E-012  1.112085873310290E+002
    802  1.975506587478026E-012  1.084688215887346E+002
    256  1.930751179155989E-012  1.108802345027426E+002
    995  1.920242542886912E-012  1.305950012975653E+002
    192  1.904544377273700E-012  1.083065615545923E+002
    679  1.907601334343322E-012  2.887857717146865E+001
     41  1.795088333766690E-012  1.277930033606083E+002
    318  1.735245676617713E-012  1.139223039596770E+002
    249  1.693880757365762E-012  1.318335521284131E+002
    877  1.695557193472007E-012  1.167644475137030E+002
     59  1.702951802882446E-012  5.986406874713763E+001
    572  1.552157376466147E-012  3.766939742637059E+001
    182  1.480047263126092E-012  3.489852663635454E+001
    852  1.459824526471060E-012  1.194522314372787E+002
    984  1.427772797708866E-012  1.125112752379971E+002
    258  1.386389901147577E-012  1.126690420180430E+002
    888  1.351848666417804E-012  1.201194271720583E+002
     35  1.353139123160125E-012  4.256249962081733E+001
    152  1.329181776870279E-012  1.193712297162542E+002
     29  1.233636822858515E-012  6.218064046170334E+001
     34  1.211149040662397E-012  1.268675064734965E+002
    434  1.211647829467170E-012  1.096892988207100E+002
    953  1.184560758681785E-012  1.279130850987480E+002
    721  1.183959877926615E-012  1.060826450602385E+002
    275  1.172903837866773E-012  5.739130524664890E+001
     94  1.129908190515523E-012  5.423822798903431E+001
   1077  1.095143409404047E-012  2.787315660462137E+001
     18  1.041485346011943E-012  1.286072777556246E+002
    531  1.029906451210073E-012  1.205073342210046E+002
     12  1.035564465215088E-012  1.176382336104358E+002
      7  1.022349828933662E-012  2.156844839634016E+001
   1007  9.221506456603480E-013  1.128027163318073E+002
     30  9.043751354717188E-013  3.445244989490512E+001
    822  9.058057570010251E-013  1.790177189127522E+001
    340  8.746062442623097E-013  4.929206523903117E+001
    448  8.489457098122209E-013  1.179737982448887E+002
    861  8.206605890622410E-013  1.120326027706518E+002
    773  7.890808776039479E-013  1.094155347028413E+002
   1058  7.892195645957669E-013  5.386121570632214E+001
    678  7.262491113936399E-013  1.191309658868240E+002
    520  7.216298489111634E-013  1.121040493080894E+002
    846  6.749574063546323E-013  1.104980524817614E+002
    165  6.686667957411257E-013  1.090026123541961E+002
    935  6.572731782833206E-013  1.086026585352107E+002
    147  6.433189335622681E-013  1.285641908437965E+002
    230  6.443209658597330E-013  5.901004673211595E+001
    937  6.120510660082242E-013  1.106384056468346E+002
    389  5.976953366634221E-013  1.088509625660643E+002
      4  5.911938288003542E-013  6.114871311085021E+001
   1049  5.912362037176140E-013  4.227304119052906E+001
    577  5.751080950299110E-013  1.091577167544769E+002
     74  5.479515370567925E-013  5.922548477025595E+001
    495  5.354839848792472E-013  1.116430390204125E+002
    729  5.375259303594201E-013  1.068632796964387E+002
    982  5.080413240175916E-013  1.192707498518571E+002
    140  5.046256656791765E-013  1.077858725424254E+002
     15  4.682995705299105E-013  1.064879368101954E+002
    597  4.670351903157286E-013  3.854449238600111E+001
    637  4.695381702891149E-013  2.163446995807031E+001
   1061  4.524155546645294E-013  1.380741713483044E+002
    195  4.566960554894706E-013  1.269804246439967E+002
     96  4.566117094343123E-013  5.630986555991154E+001
    475  4.309090973305605E-013  1.129992955733451E+002
    358  4.055827452667321E-013  1.308828204523467E+002
    629  3.876178244280797E-013  1.263330837666197E+002
    955  3.823367733218409E-013  1.167020073324121E+002
     82  3.340887069520885E-013  1.069651182940036E+002
    723  3.097022068233513E-013  1.275254668407063E+002
    806  3.179121329166499E-013  1.217801007557081E+002
    158  2.886575344405585E-013  1.279336631708856E+002
    699  2.981675387653791E-013  1.061959834495438E+002
    155  2.967445127107100E-013  4.365772226055247E+001
    414  2.852972125427378E-013  1.303937225821345E+002
    210  2.661923215515617E-013  1.260391488080743E+002
    432  2.756514073509810E-013  1.198170151604363E+002
    198  2.786397010000754E-013  1.095237679808366E+002
    886  2.631076053301500E-013  1.154002871528486E+002
    320  2.298744949046239E-013  4.924186336000197E+001
    333  2.148923428630351E-013  1.261040539187754E+002
    171  2.134612814268628E-013  1.245973625742185E+002
    697  2.045367314674587E-013  1.183672257029592E+002
    166  2.032039731003278E-013  1.176137630409119E+002
    162  1.915988420034192E-013  1.116278943327693E+002
    785  1.804910261936086E-013  1.209639445667985E+002
    786  1.893580434206870E-013  1.172668859422338E+002
    180  1.849307745463871E-013  1.072165524940517E+002
   1027  1.772803069719900E-013  1.071481324073836E+002
   1074  1.588453640496687E-013  1.342802604746010E+002
    882  1.659044828588109E-013  1.196071090108000E+002
     80  1.674150344998018E-013  1.092707246312704E+002
    873  1.662613521206145E-013  6.259549063988397E+001
    188  1.668483092980430E-013  5.877634920518132E+001
    647  1.521877764185004E-013  1.113896391195579E+002
    653  1.505324650864497E-013  1.077995169160013E+002
     28  1.554864336002698E-013  3.942196758210208E+001
    112  1.404486710894778E-013  1.192870064804590E+002
   1023  1.483415820636895E-013  3.880469678490620E+001
    933  1.305357245507098E-013  2.172483696974205E+001
    139  1.150959004347408E-013  6.001917042994083E+001
    462  1.031458481489462E-013  1.302330380014160E+002
     86  1.069063271408910E-013  1.177839172244635E+002
    488  9.971146336141255E-014  1.109319151840975E+002
    513  9.915158753617926E-014  1.089359960186049E+002
     27  1.088379884975340E-013  1.088331407865777E+002
    465  9.795219230244589E-014  1.156966733805309E+002
    241  1.031878428671422E-013  5.776345718518971E+001
   1044  8.315553101019708E-014  1.306951685075199E+002
    946  8.621211849163021E-014  1.251160304144774E+002
    209  8.148938765601528E-014  1.186885790690967E+002
    409  8.107747565848560E-014  1.078792090195175E+002
    576  8.916131667552252E-014  3.965688865444611E+001
    521  7.031873428649415E-014  1.294348751600228E+002
    207  5.810422256929189E-014  1.284572801624853E+002
    413  6.655365129972185E-014  1.225208798638500E+002
    341  6.299428183598584E-014  1.198659601026961E+002
    392  6.662000701810148E-014  1.110323769837085E+002
    901  7.476198109099515E-014  3.544677698475633E+001
    557  5.903945553514062E-014  6.156533732441117E+001
    680  4.617938817070098E-014  1.175755969665067E+002
    175  3.262310101752385E-014  1.283194925419818E+002
    163  3.650733759237669E-014  1.217426613147191E+002
    555  4.166225353095310E-014  1.093621208996954E+002
    952  3.002819205439080E-014  1.274245221688797E+002
    290  3.729269831442805E-014  1.087499796082763E+002
    667  3.777556492640334E-014  2.959432182059479E+001
    589  3.717504339665065E-014  1.598501164384855E+001
    124  2.336582715785212E-014  1.282079264928535E+002
    644  2.318442401740802E-014  1.086773788226801E+002
    789  2.772824817478262E-015  1.314401949169826E+002
   1079  1.943698406840906E-015  1.303217749914562E+002
    515  5.656773787068381E-015  1.287043592373545E+002
    811  2.935842822263068E-016  1.284134233091297E+002
    832  4.338478696895348E-016  1.262276715483494E+002
     95  3.344953972687315E-015  1.181059997448311E+002
    197  1.022027190771191E-014  1.173997691087201E+002
    454  1.271769098304955E-014  5.870226478360483E+001
    968  2.195312451149472E-016  1.169946310222281E+002
    265  6.555215907258199E-015  1.160488352544329E+002
    808  2.055746753781997E-015  1.112767050306077E+002
   1035  9.196331536127170E-015  1.092552480865137E+002
    380  1.938416863636018E-015  1.072010890956036E+002
    655  1.171189212214798E-014  3.415042982461270E+001
    634  2.254025373395657E-017  1.125001170052366E+002
    986  1.236333689180154E-015  1.107142150641584E+002
    319  4.245163629962996E-016  1.090293393204929E+002
   1000  2.115166827559692E-015  6.126335818907103E+001
      1 -2.622146893780473E-012 -4.557161126570968E+001
