   1080
   1043  9.781792824424960E-003  1.342863482497035E+002
     25  5.633088760773329E-003  5.104771178051914E+001
    412  5.507661819081481E-003  5.470090458625116E+001
    865  5.408248201763636E-003  2.829789968697080E+001
     98  4.418237523641364E-003  1.346194539055510E+002
    444  4.139794458629940E-003  3.924493713332908E+001
    258  3.715585199125244E-003  1.344917158692384E+002
   1064  3.695483186779079E-003  1.329313747891841E+002
   1057  3.330388552764236E-003  1.326638081608864E+002
     53  3.218522656719543E-003  4.860068485987158E+001
   1067  3.102020977731752E-003  1.362106241826424E+002
    438  2.961266941968678E-003  4.731744763749968E+001
    791  2.297188383445624E-003  2.815066438252619E+001
    630  2.270691867342588E-003  3.738291913412129E+001
   1050  2.047358784670333E-003  1.358256631735167E+002
   1074  1.973920211811481E-003  1.354042236241257E+002
    207  1.965980279685963E-003  1.325497610521547E+002
    351  1.909185219059333E-003  1.320920094210417E+002
   1048  1.747013003583723E-003  1.341144219295502E+002
    400  1.452953412915917E-003  3.898446828520751E+001
    288  1.409988410945707E-003  1.327276930714175E+002
    730  1.293036475277767E-003  4.004301078176525E+001
    646  1.290006269079729E-003  3.626225683337820E+001
    129  1.190041135167776E-003  3.882838784235468E+001
    765  1.180363554689892E-003  2.019540254331992E+001
    920  1.153949845975231E-003  2.409705164787495E+001
    890  1.130307792849957E-003  2.651619209441258E+001
    933  9.579162576439130E-004  4.045638566615079E+001
    235  9.429968298300601E-004  2.843387532605292E+001
     87  9.161988775652769E-004  3.953475820519718E+001
   1046  9.151875088938287E-004  1.343029464724711E+002
    989  9.091130712426325E-004  9.992248835600154E+001
    169  8.727105083680207E-004  3.822130155258603E+001
    302  8.113231923117110E-004  1.335995786340285E+002
    469  7.772256015189806E-004  3.422520680903303E+001
    803  6.548066385541071E-004  2.693670751290862E+001
    610  6.247601817032582E-004  2.415495490630330E+001
    963  6.092831364826321E-004  4.293928559199119E+001
    747  5.853746769922129E-004  3.782799771367316E+001
    672  5.580442461346797E-004  4.421896508194837E+001
    579  5.461708372863703E-004  2.646960059774937E+001
    578  5.331004518444429E-004  3.931121694214350E+001
    874  5.295791690037162E-004  3.566353374788169E+001
    311  4.853950920214391E-004  5.629581637201602E+001
   1030  4.853415472025770E-004  5.789955059629722E+001
    270  4.830274466376815E-004  5.370923101813037E+001
    958  4.802936137356537E-004  4.504617049663652E+001
    279  4.707164142260883E-004  1.320638588175295E+002
    649  4.403203597414891E-004  1.060536335309056E+002
    568  4.399023196468755E-004  1.314977675416337E+002
    600  4.353180606145089E-004  3.795811811771267E+001
    855  4.329040756720175E-004  3.975958814453082E+001
    130  4.328691368447818E-004  4.479573540473374E+001
    858  4.324458323584751E-004  2.296838485179384E+001
    361  4.324043615050431E-004  1.316243700788127E+002
    446  4.259063781859792E-004  1.317657447409053E+002
    237  4.256247119570343E-004  2.187224802744607E+001
    377  4.234669035015586E-004  3.925148508641023E+001
     37  4.183563689009495E-004  1.321926832065285E+002
   1065  4.058195312851192E-004  6.305959142723653E+001
    342  3.924122380463022E-004  3.222576280422910E+001
     91  3.838233992940301E-004  3.961435391585434E+001
    923  3.835032015748669E-004  1.158410205227163E+002
    320  3.769627502280628E-004  5.531634575192984E+001
    792  3.523172695439840E-004  3.715501943025186E+001
    879  3.457126323605378E-004  3.121888346647914E+001
    838  3.409004875235916E-004  5.603111626794400E+001
    331  3.371453343227904E-004  1.339662386256463E+002
    871  3.357673800868191E-004  4.573921408521242E+001
    619  3.177500380325893E-004  6.127630238144092E+001
     96  3.078652045387777E-004  3.887739754163557E+001
    177  3.031354654966518E-004  2.898739694460004E+001
    651  3.002905323379199E-004  6.420235382070479E+001
    581  2.989294051381872E-004  3.278055907875648E+001
   1039  2.950857392921794E-004  1.011518655534602E+002
    224  2.909875579296273E-004  2.087990173878065E+001
    332  2.866328099194248E-004  5.256113763598204E+001
    144  2.797656321399225E-004  3.335084180599539E+001
    273  2.689688872543574E-004  5.543521821565895E+001
    415  2.660750615062965E-004  4.384337703649580E+001
    924  2.629599039163689E-004  2.701661000637159E+001
   1009  2.592844842791550E-004  3.475387160740764E+001
    617  2.536442158372796E-004  1.157742910458074E+002
     79  2.455264951316963E-004  5.736433128393936E+001
   1005  2.431006749080519E-004  4.542961201541338E+001
     67  2.408988168602130E-004  1.334855783903193E+002
    946  2.406192568748469E-004  6.296145084739301E+001
    232  2.378703703549247E-004  2.725972897992215E+001
    544  2.245095624392708E-004  6.038020226711614E+001
   1032  2.197168333590784E-004  1.314715581257088E+002
    174  2.155274834432206E-004  5.491028634626824E+001
     69  2.136653501293105E-004  4.531490195272019E+001
   1003  2.044704360532568E-004  6.017660592087329E+001
    658  1.992888340046031E-004  5.447389931517302E+001
    728  1.985918641271082E-004  3.101441919683210E+001
     16  1.978485447302114E-004  6.025470585832118E+001
    653  1.969835666163948E-004  1.096324022234439E+002
    447  1.959522796435094E-004  3.317123031643270E+001
    375  1.951204046351163E-004  5.983587114477093E+001
    504  1.928028229432277E-004  4.948641649259005E+001
     89  1.902324881285310E-004  3.423695493613279E+001
    602  1.870084307489449E-004  3.434374403466671E+001
    133  1.854815508138831E-004  2.999019716619194E+001
    453  1.789727809354114E-004  2.600560688278595E+001
    173  1.766893985747320E-004  3.967013675003798E+001
    298  1.758017900975209E-004  1.156696722587529E+002
     33  1.733855345844832E-004  2.738007805691525E+001
    875  1.711667749083667E-004  1.168658243191390E+002
    516  1.678206387613642E-004  3.146923546074296E+001
   1028  1.607911765846208E-004  1.266719750907104E+002
    549  1.602031558129185E-004  6.231387614315972E+001
    363  1.597071914201138E-004  2.434132374489397E+001
    851  1.568434175760166E-004  5.556509490059524E+001
    233  1.550255477373828E-004  1.070288421953979E+002
    445  1.519457512696651E-004  4.941143315454123E+001
    716  1.515392342644316E-004  3.606566029862945E+001
    664  1.498192105761038E-004  1.155476623078035E+002
     42  1.497151816359788E-004  1.062584145503753E+002
    640  1.493698778597177E-004  2.810793179648220E+001
    998  1.469820891090039E-004  6.183989549050450E+001
    395  1.469083099442951E-004  1.303820247871189E+002
   1013  1.438732353722462E-004  2.420075971046694E+001
    558  1.435681878256707E-004  5.432647944530162E+001
    187  1.434262854182615E-004  1.174099734703846E+002
    681  1.403255167654370E-004  5.562583200754403E+001
    918  1.401122225356629E-004  4.226093301429172E+001
   1031  1.365586362572429E-004  1.297667902113165E+002
    293  1.363483487576716E-004  6.213688937006443E+001
    378  1.357944105442100E-004  5.633397739851014E+001
   1017  1.315734759761527E-004  5.321138626030686E+001
     85  1.314805227565967E-004  3.712296305298273E+001
     21  1.308915503915128E-004  5.535088125043978E+001
    666  1.298444850036211E-004  6.132976639917543E+001
    999  1.280478590948595E-004  3.943690762074498E+001
    663  1.245343138319004E-004  3.567426501997931E+001
    437  1.215274970538189E-004  6.083933078477587E+001
    454  1.214937524165750E-004  5.548299847276105E+001
    528  1.207683329535620E-004  4.232471387087585E+001
    335  1.205608430037871E-004  1.333922762024543E+002
    367  1.173412157515839E-004  1.525364616101343E+001
    305  1.130776010670317E-004  1.341514018240207E+002
    134  1.123429910926238E-004  4.148742141541591E+001
    418  1.113948045312900E-004  1.193265202968559E+002
    829  1.111081806490921E-004  5.398048090683206E+001
    637  1.093264265946640E-004  3.436942614620276E+001
    700  1.087469467332007E-004  3.768368856339602E+001
    763  1.084120847219777E-004  3.867567878206513E+001
    103  1.072085354577503E-004  1.333115783714571E+002
    572  1.068560821118286E-004  2.734266924142806E+001
    987  1.063410707946116E-004  5.854622202604084E+001
    349  1.048606315654141E-004  3.008992647017489E+001
    104  1.029376228180834E-004  1.254262719309567E+002
    969  1.020781286971826E-004  5.683082696386948E+001
    382  1.008393168112725E-004  3.135854099308933E+001
    407  1.005202047799815E-004  3.409310997627640E+001
    897  9.974796032182417E-005  6.357395642030325E+001
    622  9.887775845999217E-005  1.514872173343622E+001
    654  9.794437376486886E-005  3.196505539864106E+001
    360  9.717519224580879E-005  1.313771285609838E+002
    420  9.624701522727563E-005  2.927762953243320E+001
    800  9.418269773699877E-005  3.051438163812399E+001
    263  9.241040027016074E-005  3.769211071525608E+001
    449  9.202468236098151E-005  1.270721617601450E+002
    471  9.108529001860718E-005  3.960701009996466E+001
    466  9.079651870188865E-005  3.466424441944299E+001
    652  9.054377516283502E-005  3.701192275880980E+001
   1040  8.989105592314999E-005  5.892437644921355E+001
    409  8.637395326576878E-005  1.316628108471680E+002
    639  8.589604009969709E-005  2.099603579997237E+001
     94  8.559292475958688E-005  4.599731721039328E+001
     99  8.514225050939480E-005  4.596234092444288E+001
    628  8.450375890631361E-005  1.066334268034696E+002
    278  8.368199378567083E-005  5.894267663985430E+001
    913  8.308214986781758E-005  2.874053178768616E+001
    324  8.195543231026786E-005  5.812208685443625E+001
    790  8.147729285159206E-005  1.309540879585872E+002
    590  8.105637742544367E-005  5.478568736420238E+001
    633  7.873126113197226E-005  2.890405871618987E+001
    511  7.684942760971570E-005  2.909744702447652E+001
    741  7.605134761539146E-005  2.484653749093246E+001
    502  7.583108132423321E-005  1.296088936816090E+002
    698  7.548810576840680E-005  5.583474766830866E+001
    967  7.545679501745603E-005  3.417374194629690E+001
    753  7.446558666616511E-005  2.138593261055506E+001
    205  7.376066654762260E-005  3.064931720080771E+001
    390  7.340420408596676E-005  4.918679643886374E+001
     12  7.252223420712340E-005  6.109201132688620E+001
    300  7.136380500430097E-005  1.274400760464527E+002
    156  7.094172548755984E-005  1.110481358426624E+002
    551  6.945150699413942E-005  5.746267104075711E+001
    831  6.828745617962542E-005  2.630307692914614E+001
    440  6.770184662434887E-005  1.059120748035276E+002
    575  6.530692907288061E-005  1.257123659982563E+002
    339  6.450774097417261E-005  1.276851378242543E+002
    394  6.321844395667960E-005  1.538237819988055E+002
    299  6.244338878469581E-005  1.073187001809797E+002
    401  6.131182123705734E-005  6.223717669190264E+001
    669  5.999548976307723E-005  3.839201365471855E+001
    983  5.983456776652198E-005  3.426879977426059E+001
    901  5.923323044397837E-005  2.523382761841791E+001
    715  5.914998019936234E-005  2.892423345306968E+001
     13  5.897689880572706E-005  3.787032732008765E+001
    219  5.897507995619332E-005  1.190716094080589E+002
    992  5.749816908565000E-005  3.950258176442497E+001
    814  5.720407262919490E-005  1.069155821278825E+002
     47  5.718252454079349E-005  5.856957928173006E+001
    626  5.654562549167573E-005  3.015209130280775E+001
    123  5.650441896266710E-005  3.855690414187638E+001
    154  5.617357633018351E-005  1.308312009553937E+002
    172  5.494925337416187E-005  1.190869087148394E+002
    931  5.392171879315004E-005  3.842334189186366E+001
    736  5.360069137597505E-005  3.045737089485879E+001
    176  5.268988820505753E-005  2.513056353512450E+001
    212  5.211329845159075E-005  2.624650864464868E+001
    570  5.137968027660607E-005  1.583625865609918E+001
    935  5.123114399829867E-005  6.338225363867880E+001
    416  4.983326798461827E-005  3.337566352515317E+001
    333  4.982594713128022E-005  1.173572569430999E+002
    748  4.966684153949686E-005  1.065754669593027E+002
   1079  4.935515144992974E-005  1.214127681893156E+002
    705  4.791698970851848E-005  5.872404146067606E+001
    840  4.756989043428856E-005  5.428443565407525E+001
    141  4.666821494532475E-005  3.689267782785568E+001
    227  4.653603904558943E-005  1.262126421502450E+002
    379  4.644314646901047E-005  1.257839499477000E+002
    767  4.626130101608129E-005  2.669346357748370E+001
    131  4.625787846545527E-005  3.259607503616505E+001
      6  4.623767586935233E-005  3.439682744782291E+001
    759  4.563215427775074E-005  1.106494668703556E+002
    257  4.524429163532258E-005  3.011101722258754E+001
     18  4.522059560597673E-005  1.260312681675134E+002
    431  4.511284402192579E-005  1.287634835480242E+002
    996  4.489345945058614E-005  3.647234998568886E+001
    478  4.394954485309555E-005  1.153176280085931E+002
    878  4.348965111444338E-005  1.069471133163113E+002
    833  4.273137224365187E-005  1.160724581958694E+002
    175  4.236099213823275E-005  1.304910061292189E+002
    461  4.217909263309370E-005  1.316982726065727E+002
    337  4.072165607024500E-005  5.986406034966046E+001
    368  4.062345866716167E-005  1.163818968519567E+002
    306  4.023836987188523E-005  5.721107823363405E+001
    809  3.868175945140232E-005  3.551885531155625E+001
    776  3.812619414824027E-005  3.980396046789575E+001
    107  3.764686633037148E-005  5.759372088938139E+001
   1076  3.749868652656761E-005  6.147898090385020E+001
    481  3.693922938818353E-005  1.090037015776699E+002
    441  3.682362186125545E-005  3.578102711086950E+001
    784  3.663162327126499E-005  1.161443162857146E+002
    336  3.655947292258286E-005  3.213390081040112E+001
    116  3.645828198505407E-005  1.243598773515436E+002
    909  3.627533796871413E-005  1.215984581642913E+002
    426  3.626671358595479E-005  2.446711842529193E+001
    228  3.603960686104926E-005  5.559427591382534E+001
    274  3.593160764587554E-005  1.148603536350415E+002
    372  3.580753941485043E-005  3.770871283234191E+001
    422  3.551319627700027E-005  1.396436663909797E+002
    608  3.478446246049624E-005  1.048845504576103E+002
    501  3.450911070895359E-005  3.343240987260896E+001
    591  3.445086266928725E-005  2.806713727402586E+001
    936  3.432170395115933E-005  4.035906684337910E+001
    997  3.415575517065578E-005  5.362487914354079E+001
    213  3.319444406207699E-005  3.763770692715004E+001
    269  3.305549156874142E-005  6.118430914066833E+001
    775  3.247850154624777E-005  1.044217635615887E+002
    762  3.242364212201273E-005  1.032360426035470E+002
    824  3.232025984066999E-005  1.123467258473767E+002
    774  3.214814365619853E-005  1.127143455798421E+002
    857  3.190326066508097E-005  2.983968575614941E+001
    465  3.160323390876357E-005  1.206306766099913E+002
    699  3.069050325156584E-005  1.093898788587897E+002
    552  3.066452448673965E-005  1.097557298218124E+002
     58  3.015148226201196E-005  1.292193813881441E+002
   1054  3.014153275175015E-005  1.301207887268855E+002
    624  2.977088637487836E-005  1.070217123125432E+002
    898  2.945726611088594E-005  1.618841834910751E+001
    262  2.944515456360455E-005  1.172235248221458E+002
    964  2.903197127580714E-005  4.554966818287383E+001
    308  2.882395721229639E-005  1.364554620409143E+002
    520  2.859990800369635E-005  1.306919556886777E+002
     76  2.817053738275601E-005  1.299156169919357E+002
    285  2.798622523944541E-005  5.919692186286717E+001
   1071  2.796728309095440E-005  1.155138378591535E+002
    752  2.786510586911407E-005  1.094704059027572E+002
    799  2.701492449779096E-005  1.176706244378889E+002
    128  2.694502707409419E-005  1.108932996263234E+002
    634  2.641577882325064E-005  1.126715765412703E+002
    685  2.609441158739251E-005  1.080760564399707E+002
    163  2.558320420765067E-005  1.289410134459407E+002
    545  2.539582031302252E-005  1.074036199417954E+002
    186  2.460791717575376E-005  1.195758107293692E+002
    166  2.456408804099620E-005  1.268500633464024E+002
    863  2.337481476162868E-005  1.082375890314225E+002
    307  2.316132998728324E-005  5.974578834042020E+001
    214  2.286469968033634E-005  6.253025421116679E+001
     65  2.275154200096286E-005  3.857618396655785E+001
    904  2.230621028316012E-005  1.095575681877010E+002
    388  2.224047529298463E-005  1.354324795947707E+002
      4  2.195313433988814E-005  5.899648987451491E+001
     11  2.187097054513754E-005  1.165834668470619E+002
    839  2.183993111311007E-005  5.887415173331902E+001
    498  2.140837513129751E-005  1.293587579307074E+002
   1078  2.104466522017566E-005  1.175367677816888E+002
    647  2.066002410893649E-005  1.177438504362374E+002
    655  2.053184626114295E-005  3.778793509308388E+001
    922  2.026217036245445E-005  1.288339532336156E+002
    348  1.996460830676657E-005  3.780308908172631E+001
    905  1.992996004379961E-005  1.110080848604173E+002
    137  1.983702946470897E-005  2.940590242426674E+001
    761  1.973252118988623E-005  1.046282722201418E+002
    246  1.904404025382809E-005  1.286171858003850E+002
    318  1.889732956074103E-005  1.207379905631001E+002
    910  1.886703904619237E-005  1.192284952660468E+002
    523  1.806024427998572E-005  1.177804664274645E+002
    301  1.800353186393516E-005  5.929344117167137E+001
    392  1.794306360990921E-005  1.286478944746181E+002
    539  1.761643887947118E-005  1.305222961966416E+002
    812  1.759820495516647E-005  1.289878455640967E+002
    972  1.759152908940780E-005  1.159741123613265E+002
    282  1.734888278084404E-005  1.053333243782467E+002
    952  1.698304402399750E-005  1.129532746929520E+002
    221  1.664058038502745E-005  1.120898587673740E+002
    695  1.661764263615430E-005  1.218481357459487E+002
    138  1.640801463138165E-005  1.272521825759827E+002
    413  1.631696169069260E-005  1.275286500820820E+002
    170  1.616678667343087E-005  2.289190147802284E+001
    883  1.604980421225958E-005  5.301776917119008E+001
    956  1.592216825903147E-005  1.118209204499805E+002
    255  1.580128397638739E-005  1.280990485487359E+002
    907  1.566860715821334E-005  1.271527032296776E+002
    945  1.517347700800120E-005  3.419033130663160E+001
    448  1.511259168101454E-005  1.282147152483832E+002
    521  1.502008045536402E-005  1.280213428949890E+002
    149  1.497718490707614E-005  1.226227773719321E+002
    168  1.465914717653427E-005  1.309870115228712E+002
    357  1.422366054471713E-005  1.303107676632139E+002
    932  1.413467170102591E-005  1.076935540833530E+002
     80  1.380303784094794E-005  1.290402709995743E+002
    849  1.373784560737224E-005  5.923075391291473E+001
    547  1.370304763887645E-005  1.170927382019151E+002
    264  1.367614648130932E-005  2.596547649427322E+001
    692  1.347864895703795E-005  1.145298426243365E+002
    811  1.315636812655110E-005  1.087089241068068E+002
    315  1.273829211212239E-005  1.279743023107976E+002
    632  1.257227734192052E-005  3.559185987223327E+001
    689  1.247656755165563E-005  1.088753656164789E+002
    459  1.235983561442846E-005  2.960842444949463E+001
   1063  1.234378862559877E-005  4.158728893163137E+002
    527  1.227955598401315E-005  1.282652024525121E+002
   1019  1.224110196724875E-005  3.425822487556562E+001
    804  1.217734893092585E-005  1.179881125712661E+002
    266  1.216523252860928E-005  1.263453015360601E+002
    754  1.208017887887658E-005  1.124272019648706E+002
    995  1.206759317456851E-005  1.166694009891897E+002
    712  1.201773541201218E-005  1.130922153144018E+002
    482  1.177923193963464E-005  1.613977519891939E+001
    557  1.171448720170297E-005  1.174924764366444E+002
    888  1.163965748223320E-005  1.176182930415892E+002
    599  1.163737320637783E-005  1.128264915776557E+002
    443  1.159940364586132E-005  1.308027029897516E+002
    330  1.080766429351532E-005  5.908479669129964E+001
    703  1.067441290842038E-005  1.067925948205470E+002
    554  1.065703215701467E-005  3.444462817994097E+001
    867  1.031582160691570E-005  1.107616416049454E+002
    573  1.021532812771029E-005  2.953999474892472E+001
    721  1.018475584161926E-005  1.082825678423908E+002
    926  1.016478587616468E-005  3.066258387389357E+001
    243  9.807094600971987E-006  1.176828981634927E+002
    260  9.781281674472643E-006  5.764313994132664E+001
    434  9.684142961496991E-006  1.283972449815831E+002
    353  9.652366026018512E-006  6.121464845533989E+001
    381  9.597964385312701E-006  1.112316333805500E+002
     29  9.481128411173243E-006  1.312955869622884E+002
   1080  9.259665670405354E-006  1.126000574035114E+002
   1053  9.257434049307751E-006  1.278199357820382E+002
    691  9.197539912752624E-006  1.015664274854883E+002
    209  9.183076067237468E-006  1.125346019297597E+002
    861  8.968711996212342E-006  1.087788385322329E+002
    518  8.952337908276028E-006  4.629598270815639E+001
    985  8.948726657573690E-006  2.753424185241757E+001
    242  8.818455073524895E-006  4.625090273224978E+001
    749  8.790550091207083E-006  3.940696744165014E+001
    159  8.647854634243454E-006  3.410253373070628E+001
    398  8.449822575716721E-006  2.878825007498821E+001
    151  7.994397291473389E-006  3.844315466323439E+001
    167  7.674078919570436E-006  1.176513357903586E+002
    733  7.590053236434824E-006  3.133147890305099E+001
    778  7.553651336029156E-006  3.406524215443037E+001
    564  7.542438032901575E-006  1.070716440215157E+002
   1018  7.469218895445976E-006  1.248809854930112E+002
    727  7.436860308091664E-006  1.124946632073015E+002
     50  7.410155678568922E-006  5.860623885313043E+001
    825  7.395255590310604E-006  1.151502211132596E+002
    645  7.289443655182877E-006  2.962108255210120E+001
   1012  7.185705409376901E-006  5.341280271007111E+001
     60  7.157138927207587E-006  1.197701932543413E+002
    836  7.017394193310656E-006  1.139205806943189E+002
    957  6.943558418327231E-006  2.531226002181987E+001
    892  6.597918499943382E-006  1.132988765946676E+002
    188  6.582705754039672E-006  2.401037278618207E+001
    876  6.547345383897468E-006  1.103277184759596E+002
    506  6.375083950934101E-006  2.760588378246693E+001
    119  6.090536090117177E-006  1.264969617800405E+002
    580  5.956535437515218E-006  1.206513215207693E+002
    509  5.954825478950970E-006  1.221248967584833E+002
    124  5.909353286472320E-006  1.119968816859682E+002
    693  5.742322277365862E-006  2.896854787751031E+001
    601  5.614153383190340E-006  1.087459094739317E+002
    538  5.562419617875821E-006  1.268995824612153E+002
    223  5.497397498672977E-006  5.411104399457733E+001
    834  5.426282825682411E-006  1.119022978564775E+002
    529  5.413540098419050E-006  1.211802708198896E+002
    665  5.387296705877399E-006  1.294442843845866E+002
   1069  5.373349868372027E-006  1.043581341768944E+002
    701  5.329540954274464E-006  1.116475502852595E+002
    102  5.234580754525394E-006  5.874796504624639E+001
    495  5.105123236689043E-006  1.091366753407769E+002
    424  5.086092382830191E-006  1.246656746453913E+002
    535  5.078212935260703E-006  1.300742952453998E+002
    929  5.016740051357700E-006  1.130154909157575E+002
   1044  5.000123182436933E-006  1.310610451260449E+002
    198  4.936705272374100E-006  1.111524915119074E+002
    671  4.700702609000352E-006  1.083944573932526E+002
    847  4.688405015473390E-006  5.870181737054548E+001
    184  4.547316905983647E-006  5.334742079859637E+001
    110  4.452243663951587E-006  5.913272525796437E+001
    720  4.440681586938212E-006  3.579498872812645E+001
    514  4.314480594109551E-006  2.901187257899960E+001
    200  4.305929559602328E-006  5.939788471440445E+001
    362  4.259624284667352E-006  4.286819341363851E+001
    277  4.191922290353176E-006  5.383511399675977E+001
    769  4.187625492323354E-006  3.808866171250383E+001
    532  4.095382078631540E-006  3.853005041859911E+001
    127  4.018653682646669E-006  1.126166152341939E+002
   1055  3.805187756880484E-006  5.896013142916861E+001
    292  3.796774530324587E-006  1.111235114946337E+002
    536  3.763712181759522E-006  1.310320168338018E+002
    236  3.654159349575425E-006  1.126570147673475E+002
    313  3.592319359676268E-006  2.755617199691822E+001
    779  3.566373565978524E-006  1.109194012315849E+002
    226  3.528547637326761E-006  4.566198810302660E+001
    442  3.482850813664221E-006  1.230638413611257E+002
    489  3.457758964180241E-006  2.774085074348426E+001
    886  3.291954477520852E-006  1.194234040046469E+002
    291  3.211591493553546E-006  1.200458020902835E+002
    842  3.131071887195427E-006  1.077211090264468E+002
     72  3.129825950084101E-006  1.302447033569741E+002
    660  3.107631780081782E-006  1.168063733569748E+002
    417  3.097507056114722E-006  3.754342800933261E+001
    114  3.089023382968947E-006  4.212057304201551E+001
    120  3.024212068650377E-006  2.724078156213282E+001
    683  3.021131674605488E-006  1.189498425290446E+002
    860  3.001451926006561E-006  4.580028280988525E+001
   1015  2.973991270089806E-006  1.202173824764750E+002
    304  2.930716828327561E-006  1.305966325299666E+002
    739  2.923946129528549E-006  1.160396777235910E+002
    744  2.921093167459043E-006  3.306684655569454E+001
    345  2.882142326377025E-006  1.278874287407318E+002
    714  2.830350601463929E-006  1.098886460548181E+002
    125  2.828336792520647E-006  1.075803420545592E+002
   1011  2.705494849722517E-006  1.162563526903251E+002
    553  2.626248686681189E-006  1.171988049333157E+002
    121  2.616467595962148E-006  1.141643657621669E+002
    487  2.500385479733794E-006  1.121574710091992E+002
    821  2.483443767770962E-006  1.195324275100619E+002
    432  2.474044852146678E-006  1.175807308007699E+002
    111  2.468639504892247E-006  1.101537521701565E+002
    397  2.462534494295450E-006  1.131465531441418E+002
    638  2.402610765024200E-006  1.113191157780773E+002
    768  2.308792721755356E-006  1.107179962706250E+002
    675  2.283249232329073E-006  1.081847094070985E+002
   1073  2.280491927865043E-006  1.344046302448102E+002
    745  2.181267407658722E-006  1.123092284571979E+002
    152  2.056053505871742E-006  1.295226711833730E+002
     26  2.001444966543845E-006  1.311131492595320E+002
    862  1.971783047345203E-006  2.802647541223082E+001
   1037  1.944529329773023E-006  1.311417867263393E+002
    343  1.920680334020828E-006  1.283571610930398E+002
    589  1.895346102092366E-006  3.230559535264491E+001
    488  1.794453063010071E-006  1.092317017697786E+002
    499  1.755788538891872E-006  1.180212677607782E+002
     48  1.751200753398691E-006  1.209987537834799E+002
     78  1.613721825190915E-006  1.273196760938799E+002
     90  1.584232038351375E-006  2.536745781856646E+001
    908  1.549983680723821E-006  3.002252060836760E+001
    868  1.536261128251195E-006  2.956235116545113E+001
    973  1.525066563802606E-006  1.134591800957990E+002
    641  1.510906976128638E-006  1.021792890793860E+002
    210  1.504382969765415E-006  1.210120646173054E+002
    203  1.404303783957375E-006  3.858541355862369E+001
    253  1.401779337405287E-006  1.261043398665387E+002
    460  1.381727988811936E-006  6.117097305534942E+001
    496  1.369952052844669E-006  4.253596576130936E+001
   1025  1.360492374451568E-006  1.078715389624255E+002
    981  1.331158839956910E-006  6.123169670057369E+001
    384  1.310771136773274E-006  1.057453353847923E+002
    146  1.243456291501946E-006  3.546224307617756E+001
    943  1.229296704768104E-006  1.084320351560529E+002
     83  1.176263389404764E-006  3.355333697060609E+001
    853  1.142107303599099E-006  1.208007299333391E+002
    711  1.137256958364344E-006  3.845013830872102E+001
    740  1.127516515453425E-006  1.169792073888032E+002
     84  1.113095159143075E-006  1.105222978418177E+002
    816  1.110826379116873E-006  1.127922213213002E+002
    383  1.084310110498020E-006  1.113086979747230E+002
    925  1.019600438214696E-006  1.100239572790982E+002
    872  1.015589859613651E-006  1.085438252510029E+002
    896  1.007232245965085E-006  1.129225671729400E+002
    737  1.004846438070571E-006  1.089320566788155E+002
    543  9.795386361712098E-007  1.114223342366489E+002
    788  9.528449415095707E-007  2.438544652024468E+001
    894  9.389638135141348E-007  1.102848453086709E+002
     40  9.175523249863801E-007  1.284698165604208E+002
    295  9.017005896130391E-007  1.090309694922926E+002
    530  8.761455447211252E-007  3.611252692341090E+001
   1036  8.568160334883124E-007  1.180664963830262E+002
     59  8.098624007648318E-007  5.577756108381944E+001
    869  7.142870802664951E-007  4.660779483183856E+001
    955  6.900759014418770E-007  1.078323813599098E+002
    877  6.361030049728050E-007  1.140499574481915E+002
    679  6.178053722281581E-007  3.792504513362721E+001
    387  6.098298652838641E-007  5.864443875243541E+001
     95  6.071955107889822E-007  1.285208677219000E+002
     56  6.067800375638454E-007  3.412284575078682E+001
    986  5.841644901093751E-007  1.079077682248536E+002
    531  5.766038580734382E-007  1.288063088971311E+002
    750  5.244186367540315E-007  1.133381348368473E+002
    216  4.992578120797502E-007  1.292626721742558E+002
    276  4.949314673259506E-007  1.147330628195228E+002
    386  4.684180500659744E-007  1.347037227384220E+002
    930  4.419485597076836E-007  1.132390062116629E+002
    615  4.369314653936494E-007  1.080610182969290E+002
    359  4.337968238159368E-007  2.531539615312880E+001
    373  4.162878838461679E-007  1.085856897955188E+002
    561  4.121155714929162E-007  1.134080815025539E+002
    297  3.816960170748230E-007  1.204942856090064E+002
    370  3.695792835569022E-007  1.088511661236754E+002
    208  3.636828188365053E-007  1.292803490402415E+002
    729  3.455238078302389E-007  1.109714133044692E+002
    310  3.386909051454691E-007  1.318696742776113E+002
    364  3.243444722320593E-007  1.296185212041367E+002
    604  3.175985415501097E-007  1.057033944122386E+002
    410  3.031591004537623E-007  1.090823263338786E+002
     20  2.685470475522296E-007  1.227841845491202E+002
    265  2.641151917508293E-007  1.275139047951660E+002
   1070  2.562637974449821E-007  1.343693024636507E+002
    240  2.555809384023183E-007  1.279543526275624E+002
    436  2.212255678523168E-007  3.854449238600111E+001
    595  2.099977092825707E-007  3.432202124721923E+001
    960  2.079007511734195E-007  3.831803922658406E+001
     52  2.060369471299462E-007  1.038752787826033E+002
    194  2.032439390315254E-007  3.172286733302915E+001
    731  2.013349456387602E-007  5.317172487639147E+001
   1045  1.903048568638417E-007  5.902996626422982E+001
    115  1.819620758506946E-007  3.844792756368751E+001
    789  1.751797935089779E-007  1.301799783965055E+002
    724  1.629531377644579E-007  5.306734484786538E+001
    556  1.246584292410123E-007  5.290937477033229E+001
   1068  1.148436788776914E-007  1.377944094274052E+002
    810  1.108867441783352E-007  3.365517866326807E+001
    475  1.054811226836547E-007  1.096719007459395E+002
    773  9.692359004303017E-008  1.083038869025097E+002
    582  9.319211023709772E-008  1.181698785826636E+002
   1060  8.993191284852293E-008  1.342802604746010E+002
    393  8.724134429234360E-008  1.293191512595130E+002
    546  8.572104016258507E-008  4.365118861114266E+001
    344  8.570198868079927E-008  4.343257497072364E+001
    222  8.173061188869392E-008  3.886878023529649E+001
    627  6.334041919503320E-008  3.771855567837337E+001
    182  6.273412945391003E-008  5.780609965841833E+001
     63  6.107355654833354E-008  3.416086135232869E+001
    101  5.581328787713884E-008  1.380741713483044E+002
   1038  5.101247681998292E-008  1.789800537112603E+001
    249  3.792206152370639E-008  1.338807624856300E+002
    844  2.889434928770194E-008  5.567518176286683E+001
     55  2.586196930378457E-008  1.076399849303354E+002
    980  2.542159057017578E-008  1.020981622758500E+002
    541  2.261911068372509E-008  1.329162316534876E+002
    566  2.087665253039317E-008  2.090004753970716E+001
    185  1.708892586428758E-008  1.303623358824634E+002
    629  1.590192485831526E-008  1.038594777289185E+002
   1047  1.483753079940903E-008  1.355788256041846E+002
    597  1.345084350441366E-008  4.111198581260527E+001
    118  1.339353922593477E-008  4.584194681648900E+001
    157  1.293376166008858E-008  3.921912154745923E+001
     75  1.192391242079401E-008  1.086045165887166E+002
    467  1.188927581808602E-008  3.413638941809696E+001
    794  1.107926475828281E-008  3.880469678490620E+001
     39  1.080113380703967E-008  3.776227546592645E+001
    968  8.696291115984004E-009  1.184137416939562E+002
    369  7.531519322960022E-009  3.796682632854844E+001
    676  7.467949024075399E-009  3.796838798284061E+001
    942  5.658870344987568E-009  1.115160293862327E+002
     31  5.572194172422363E-009  2.894606557925123E+001
    261  5.531148933777861E-009  3.988229127156298E+001
    975  4.981319650947287E-009  3.970176114323759E+001
     71  4.677501542631783E-009  1.323417007094679E+002
    540  4.567102203319804E-009  3.307693202001514E+001
    457  4.544960981942723E-009  1.576550008598366E+001
    611  4.398063073677594E-009  1.039341741541067E+002
     36  4.373731364418693E-009  1.335277660583210E+002
    914  4.074600115261240E-009  3.781509978314006E+001
     66  3.944881118466382E-009  1.319276261345931E+002
    234  3.438992789094457E-009  1.179375383519322E+002
    822  2.806292469809223E-009  3.801756730550532E+001
      7  2.790389826974255E-009  2.631778647604755E+001
    621  2.514589349258326E-009  2.833399983056912E+001
    732  2.385214545338362E-009  1.113896391195579E+002
    991  2.383206907539874E-009  1.283194925419818E+002
    781  2.281481268515445E-009  1.183436086714867E+002
    309  2.281026413150348E-009  1.311017678078171E+002
    900  2.024781142420100E-009  4.746511519493414E+001
    411  1.963674112441747E-009  3.657410125703108E+001
    757  1.943695700725816E-009  2.528710653288495E+001
    327  1.908794183254987E-009  1.313942342006021E+002
     14  1.794525249251431E-009  1.335980578757328E+002
    603  1.755129978998098E-009  2.520059974878809E+001
    421  1.657110917514844E-009  1.295345147363496E+002
    190  1.502228208703115E-009  1.069651182940036E+002
    534  1.455886556034456E-009  3.965688865444611E+001
    283  1.417611465700607E-009  1.314401949169826E+002
    576  1.363271282048003E-009  3.312629249382376E+001
    819  1.327624553539008E-009  1.164215139086281E+002
    616  1.246744443640271E-009  3.755125424253530E+001
    319  1.235841561836887E-009  1.332371626243247E+002
    650  1.217458549018265E-009  2.889558275952906E+001
    758  1.182283911736056E-009  1.042370232090190E+002
    429  1.123245738716709E-009  1.303217749914562E+002
    526  1.113306849679298E-009  1.285122325323589E+002
     22  1.111985421166166E-009  2.736841493942774E+001
    713  1.108890187496572E-009  3.913916919126598E+001
   1014  1.045958830803742E-009  1.121738923332827E+002
     41  9.865537772387811E-010  1.288053372923729E+002
    687  9.572162031215722E-010  4.596053663301203E+001
    636  8.658350166731532E-010  1.100963852758419E+002
    562  8.569044585431291E-010  3.931251329773253E+001
    797  8.433365223812267E-010  1.181414190657173E+002
    402  8.429347857375529E-010  1.282079264928535E+002
    328  8.185129503663591E-010  1.178232184725334E+002
    105  7.971323649063243E-010  1.111440682196492E+002
    162  7.938869927996535E-010  3.779210500818112E+001
    155  7.773542262966222E-010  2.622084120309369E+001
    912  7.524897544331899E-010  1.186529645811651E+002
    917  7.217950127544237E-010  2.532884140690746E+001
   1007  7.215260167624367E-010  1.181059997448311E+002
    428  6.971849143753922E-010  1.280701326614214E+002
    468  6.884067194813017E-010  1.109319151840975E+002
    678  6.759182023009077E-010  1.105747384204002E+002
     35  6.723046747499078E-010  2.910145238672048E+001
    815  6.561312775977783E-010  3.474194668466802E+001
    140  6.221997949772551E-010  1.186885790690967E+002
   1002  6.176954093056876E-010  5.744254243062559E+001
    493  6.037772351714057E-010  3.778170481219699E+001
    211  6.018272196750872E-010  2.142973991910956E+001
    938  5.835383300680600E-010  3.956832290759487E+001
    684  5.595035269611572E-010  2.824119439761771E+001
    818  5.559096805078325E-010  3.269493948796480E+001
    512  5.554757098788772E-010  1.072165524940517E+002
    832  5.390857814323975E-010  1.110869010904150E+002
    329  5.389712991733045E-010  5.396751286663234E+001
    472  5.204215301647594E-010  1.092707246312704E+002
    425  5.187608301380321E-010  1.297546330865524E+002
    199  5.038294427913665E-010  1.050602398346211E+002
    451  4.870637934477434E-010  1.179737982448887E+002
   1042  4.770938884912741E-010  1.315853494811526E+002
    132  4.769170624908429E-010  1.169636814827145E+002
    593  4.671279464929777E-010  3.477213913616621E+001
    423  4.590529640742825E-010  3.447868912831422E+001
     43  4.547975155267527E-010  1.176137630409119E+002
    709  4.544914873275705E-010  3.980847235414979E+001
     17  4.477411473791430E-010  3.789656117634676E+001
    323  4.427617451456465E-010  3.780355811396966E+001
    911  4.420375108784931E-010  3.772840070404182E+001
    452  4.304548909874398E-010  1.301573226948983E+002
    517  4.253618745538933E-010  1.071267351454837E+002
    371  4.233467678054682E-010  1.306951685075199E+002
    756  4.089467463464106E-010  3.563345295989614E+001
    139  4.080391137659506E-010  3.328285989987418E+001
    559  4.022536192325835E-010  3.943491641460432E+001
    427  3.963696345028111E-010  1.308828204523467E+002
    841  3.912719155006860E-010  1.125112752379971E+002
    250  3.853682539477953E-010  1.183672257029592E+002
    830  3.839061377543315E-010  1.123245383699952E+002
    430  3.812642430546110E-010  1.279130850987480E+002
    290  3.796056842071855E-010  1.210540635227126E+002
    970  3.672492664679528E-010  1.048024524338471E+002
    906  3.647719846552896E-010  4.019547322326159E+001
    567  3.555735197206387E-010  2.172483696974205E+001
   1049  3.526706068397134E-010  6.034164514485035E+001
    845  3.525646014833887E-010  5.625145344515472E+001
    195  3.453861663570916E-010  1.110323769837085E+002
    796  3.453953517102355E-010  3.777100367362779E+001
    272  3.343113414623856E-010  4.924186336000197E+001
    268  3.216440174782161E-010  2.531894844618999E+001
    988  3.209597275311746E-010  1.231363157114407E+002
     54  3.204004198561194E-010  5.570237704638058E+001
    376  3.189073213082392E-010  4.138202556861325E+001
    145  3.178359926544726E-010  1.198659601026961E+002
   1062  3.169222483050141E-010  6.124519862114400E+001
    238  3.126892326870591E-010  5.339329746355038E+001
    463  3.095698219315220E-010  3.574213842680000E+001
    635  2.944665795836184E-010  2.809111789898073E+001
    476  2.886047716349713E-010  2.820387678005197E+001
    406  2.882116947647419E-010  1.108802345027426E+002
    620  2.868117678639730E-010  3.353713472611462E+001
    399  2.804138490132866E-010  6.175691747082481E+001
    160  2.773134205255040E-010  2.922592719482343E+001
     28  2.585792750948359E-010  3.702977275419675E+001
    474  2.583800409407983E-010  1.193712297162542E+002
    694  2.577209788165463E-010  4.929206523903117E+001
    854  2.546497576928561E-010  1.201194271720583E+002
    903  2.530372885703593E-010  3.465762257233271E+001
    734  2.513477686566098E-010  1.116278943327693E+002
    785  2.510301082500920E-010  1.286072777556246E+002
     81  2.490987372457336E-010  1.112767050306077E+002
     15  2.487861999580353E-010  1.303937225821345E+002
    542  2.484499330681714E-010  1.304484537172835E+002
    153  2.389477443888888E-010  2.676857812226475E+001
    885  2.377046226084706E-010  3.595683530668435E+001
    338  2.334943400946935E-010  4.679959746144570E+001
    419  2.286768790117366E-010  1.284572801624853E+002
    356  2.258961466531039E-010  2.964044046295302E+001
    347  2.234888092982141E-010  4.313813383123015E+001
    414  2.225317290133704E-010  1.099487953836044E+002
    230  2.211971890348008E-010  5.417888746516163E+001
    934  2.209402050142504E-010  1.219930863874545E+002
    117  2.199438901013037E-010  5.559443297146688E+001
    873  2.174751495299539E-010  1.022252778822331E+002
    231  2.133567084512684E-010  4.227304119052906E+001
    143  2.073738886538836E-010  4.256249962081733E+001
    571  2.035445983392451E-010  1.285641908437965E+002
    385  2.012448280221060E-010  4.526673179820873E+001
    267  2.003684457085613E-010  1.175379446895269E+002
    667  1.959001777664237E-010  2.946283014340624E+001
    887  1.946706885827680E-010  3.019475203811447E+001
    631  1.943921004128542E-010  5.947894419863643E+001
    485  1.942027742755446E-010  6.218064046170334E+001
    643  1.940680020449024E-010  3.489852663635454E+001
    928  1.926360244813255E-010  1.263330837666197E+002
    484  1.926234513254257E-010  4.043910501029072E+001
    607  1.917485449599577E-010  2.901527651977251E+001
    191  1.864644562404817E-010  2.729222684143697E+001
    148  1.808638678810190E-010  2.997417646428683E+001
    525  1.796051787326516E-010  4.584982776806759E+001
    136  1.685147933455692E-010  1.075820232206908E+002
      3  1.675453319689309E-010  1.277930033606083E+002
   1052  1.672494936237278E-010  1.274245221688797E+002
    181  1.663281871778913E-010  5.901004673211595E+001
    217  1.661025866418302E-010  1.275254668407063E+002
    462  1.660566896761731E-010  1.251160304144774E+002
    919  1.616052338799178E-010  1.125001170052366E+002
    522  1.588731468746021E-010  3.763155082052234E+001
   1027  1.586548385352443E-010  1.116430390204125E+002
    971  1.536959014812701E-010  1.147808691958262E+002
     68  1.529873118907825E-010  1.191309658868240E+002
    786  1.517532960449864E-010  1.290487457278724E+002
    450  1.513535031704098E-010  3.264561668499369E+001
    296  1.505243076930019E-010  6.259549063988397E+001
   1061  1.502717038683978E-010  1.277443716709502E+002
    491  1.477089163142677E-010  2.801414260834884E+001
   1023  1.463138957668719E-010  5.869481068587496E+001
    859  1.453232301745933E-010  1.275962865512414E+002
    524  1.443753652314350E-010  2.775456480009851E+001
    505  1.435066883427045E-010  1.298660919206632E+002
    686  1.431147527523762E-010  1.120326027706518E+002
    510  1.380705372122411E-010  3.623609188418403E+001
    229  1.356226489523578E-010  1.302330380014160E+002
    962  1.316019153195572E-010  1.051553262699275E+002
    777  1.280871005965401E-010  1.175755969665067E+002
    948  1.279643434819565E-010  1.129277254908914E+002
    770  1.277668631039290E-010  1.055695542091875E+002
    742  1.274248453055777E-010  1.068160821413137E+002
    189  1.271091622227620E-010  4.589771179385998E+001
    951  1.270709806685382E-010  5.613820237955890E+001
    201  1.245919685396172E-010  3.133367016078528E+001
    458  1.240543311469739E-010  1.118983459534591E+002
    848  1.200469428628710E-010  5.307829750988225E+001
    569  1.177776623734892E-010  2.812555695185284E+001
    978  1.173388248579514E-010  3.445244989490512E+001
    670  1.162174234554063E-010  2.963275591369404E+001
    612  1.150061009374357E-010  1.160277562509484E+002
    793  1.130095621931922E-010  1.134142236548554E+002
    807  1.126658353991648E-010  3.417152556524616E+001
    225  1.115294034578599E-010  2.639897028880879E+001
    193  1.106669277211981E-010  2.951009550101224E+001
    949  1.104338043516808E-010  5.567446642975943E+001
    289  1.085898068194078E-010  6.233825362854991E+001
    515  1.070111498967533E-010  1.117593375942451E+002
    760  1.064084425534252E-010  2.903741527293687E+001
    435  1.032499614459844E-010  3.069091041790419E+001
    464  1.026847427859871E-010  1.273121510734392E+002
    984  1.025683645606484E-010  1.097605333904931E+002
   1004  1.007099221083415E-010  1.284918547625140E+002
    782  9.610627001572430E-011  3.222961340470744E+001
    856  9.591318381949012E-011  1.139223039596770E+002
     93  9.487139699896153E-011  1.173997691087201E+002
    717  9.372617200229498E-011  1.101858300541406E+002
    708  9.178587093611714E-011  4.562801977383133E+001
    881  9.110218935967421E-011  1.077145725822762E+002
    921  9.015641831081835E-011  1.104980524817614E+002
    889  9.013109427788837E-011  2.097266015842631E+001
    738  8.988923416438245E-011  1.790177189127522E+001
   1020  8.871791490661260E-011  1.128843806700145E+002
    479  8.841514936213087E-011  1.261040539187754E+002
    940  8.716877836990791E-011  3.962406029172926E+001
    122  8.583956034185241E-011  4.271716190853395E+001
    798  8.576223059866798E-011  3.143103004668623E+001
    244  8.502865048918740E-011  1.092170638731809E+002
    271  8.463670659929875E-011  5.928221676314659E+001
    688  8.362153168521197E-011  1.160488352544329E+002
     30  8.312252438376273E-011  2.419654441569213E+001
    380  8.178612672332453E-011  1.258335800160255E+002
   1010  8.174938592558930E-011  1.085358398578049E+002
    248  8.158919767407406E-011  3.946329527555739E+001
    391  7.960185956459592E-011  4.577297798720381E+001
     74  7.812857953699651E-011  3.766939742637059E+001
    312  7.668108981454667E-011  1.112085873310290E+002
    614  7.661203296059155E-011  2.887857717146865E+001
    801  7.629752041220702E-011  2.723312258669467E+001
    866  7.543377676783153E-011  3.431788431193335E+001
    192  7.537084550250742E-011  6.135883822823781E+001
    828  7.473036154837236E-011  1.082240223896453E+002
   1033  7.356938639841991E-011  5.427051031404531E+001
    852  7.278842000739211E-011  1.086026585352107E+002
    358  7.267362387382159E-011  1.319990084283459E+002
    594  7.264646741926370E-011  1.159200206929639E+002
     23  7.086759102162502E-011  2.773259743149481E+001
    625  7.070238047834533E-011  2.290370252525086E+001
    350  6.979709188786088E-011  1.091057940278593E+002
    648  6.916214024919010E-011  3.013958783755973E+001
    281  6.879218446873281E-011  5.386121570632214E+001
    366  6.809757044979765E-011  1.301546099868189E+002
    697  6.802569707693399E-011  1.090026123541961E+002
   1077  6.710134677689033E-011  6.113249912120045E+001
    165  6.682029617919782E-011  6.224302274721154E+001
    618  6.466180075066059E-011  1.119729914151030E+002
    592  6.462636584907127E-011  1.212682101451038E+002
    577  6.462485509883413E-011  1.121040493080894E+002
    275  6.397145340990654E-011  5.582786006193776E+001
    583  6.346508377124463E-011  5.851477659743665E+001
    241  6.240292969345392E-011  3.571480742522697E+001
    994  6.216730297637336E-011  1.095237679808366E+002
    142  6.196447824891300E-011  1.205073342210046E+002
     27  6.151882581030739E-011  1.131624666385693E+002
    837  6.044106209748617E-011  3.140508628572108E+001
    341  6.042127124752644E-011  1.086096779760040E+002
    657  6.015650501159426E-011  2.133232472295666E+001
    977  5.985047809442907E-011  1.167020073324121E+002
    682  5.939318449493919E-011  3.049749314287664E+001
    704  5.847807476400017E-011  1.081290817537690E+002
     82  5.788188365732667E-011  1.088829711471428E+002
    882  5.590290538806877E-011  1.073595385116889E+002
    112  5.567572366964071E-011  1.305950012975653E+002
    725  5.548443393757044E-011  1.169946310222281E+002
   1056  5.410620846171720E-011  5.859518518011329E+001
    108  5.386617650798472E-011  1.245973625742185E+002
    846  5.322605336488115E-011  6.126335818907103E+001
    555  5.300913438604165E-011  1.141592235693823E+002
    696  5.212136987737423E-011  5.474670035142442E+001
    135  5.200800325726299E-011  1.292480998125374E+002
    979  5.184839830341398E-011  1.044712539182624E+002
    483  5.151583700386177E-011  1.154953904603925E+002
    661  5.152573856232962E-011  1.590847703007305E+001
    470  5.092837524202015E-011  1.052813288910866E+002
    870  4.900523232413008E-011  1.087499796082763E+002
    656  4.825108940756035E-011  1.077858725424254E+002
    718  4.770265683998578E-011  3.946553426727878E+001
    764  4.738433414826908E-011  1.075105612762544E+002
      5  4.710980480134968E-011  1.196661558089543E+002
    314  4.704214341800510E-011  5.330479606468482E+001
    254  4.692347790845365E-011  4.583772231810436E+001
    183  4.671807467230772E-011  1.294348751600228E+002
    322  4.622458170206895E-011  1.309743709063693E+002
   1026  4.559179012693320E-011  2.794852323205357E+001
    251  4.454452809950614E-011  5.863162405023152E+001
    507  4.440954098829161E-011  1.279336631708856E+002
    126  4.440863607640428E-011  2.525054805353794E+001
    585  4.365773047390062E-011  1.287043592373545E+002
    584  4.341121335296319E-011  1.165865042802110E+002
    196  4.213203899855966E-011  2.632282271799158E+001
     10  4.068557764050745E-011  1.123713168749877E+002
   1029  3.904540439122801E-011  5.860548456050422E+001
    746  3.881554999258692E-011  2.586613929058441E+001
    766  3.865858179246029E-011  3.136375872484097E+001
    587  3.815282548042075E-011  5.350711406923092E+001
   1058  3.733590845676647E-011  6.100423398784413E+001
    835  3.708185301460729E-011  1.149830440656411E+002
    365  3.675416051424140E-011  2.681505874269844E+001
    408  3.612874993858736E-011  1.172668859422338E+002
    668  3.610359009066364E-011  1.167644475137030E+002
    455  3.601080687365561E-011  1.217801007557081E+002
      9  3.553823886230230E-011  2.757063841784912E+001
    817  3.505373573517068E-011  1.083065615545923E+002
    206  3.375603020608588E-011  1.129992955733451E+002
    548  3.375058237196852E-011  6.001917042994083E+001
    813  3.347139646521056E-011  5.423822798903431E+001
     24  3.339560476735488E-011  3.023484544191354E+001
    609  3.336612366459158E-011  3.009348825587244E+001
    674  3.273377632225741E-011  5.630986555991154E+001
    673  3.206426380351707E-011  1.066838862051319E+002
    563  3.127453635029112E-011  9.991979604628325E+001
    974  3.115199007462694E-011  1.128080029568008E+002
    389  3.057223318198754E-011  1.225208798638500E+002
     45  3.014253340606503E-011  2.636508140986341E+001
    976  2.935993943541153E-011  2.361699897771763E+001
    743  2.925693799411960E-011  1.602124740309022E+001
    294  2.895631800734733E-011  1.069294359332194E+002
    513  2.719324691797299E-011  1.172220117205398E+002
    722  2.598227860722632E-011  5.705750096217044E+001
    787  2.533742293627287E-011  2.974093022085369E+001
    346  2.494337183295242E-011  1.072010890956036E+002
    954  2.472130734755682E-011  5.870226478360483E+001
    806  2.406050546127507E-011  1.154002871528486E+002
    334  2.406177961467359E-011  4.215156971233037E+001
    941  2.355432638918162E-011  4.083419339383966E+001
    113  2.353964680798573E-011  1.091577167544769E+002
     70  2.340993711724250E-011  3.402581568876052E+001
    623  2.309420965381351E-011  1.093621208996954E+002
    354  2.300549055011400E-011  6.121978583143463E+001
    662  2.280619019542777E-011  1.160940016480135E+002
    456  2.224102230124506E-011  1.177839172244635E+002
    286  2.223772317767318E-011  5.881619101264776E+001
    966  2.195181175304515E-011  1.136391667970821E+002
    405  2.196027703894956E-011  4.626733593406676E+001
    726  2.182032165576242E-011  3.415042982461270E+001
    953  2.180822182109338E-011  1.125646933017709E+002
    982  2.147330057344262E-011  1.152257413626876E+002
    280  2.139780995580888E-011  1.208517876582337E+002
    256  2.082763267950649E-011  1.308612105592879E+002
    808  2.070645877182081E-011  1.124424786565822E+002
    690  2.056805812855614E-011  5.564687376116437E+001
    197  2.049192236802415E-011  1.269063264044391E+002
     49  2.046347606011008E-011  3.417601225529881E+001
    783  2.033860263871849E-011  3.440214984487540E+001
    490  2.011353363290194E-011  1.161475012650194E+002
     34  1.966240982881576E-011  1.106384056468346E+002
    642  1.958605153286599E-011  1.126174859303677E+002
    218  1.931932745389844E-011  2.163446995807031E+001
    939  1.849540971560371E-011  1.214231005338099E+002
    795  1.826298837465193E-011  1.084688215887346E+002
    735  1.810889517696269E-011  1.090293393204929E+002
   1041  1.726361153911579E-011  3.720461396276627E+001
    723  1.722841559989245E-011  1.080318974552513E+002
    826  1.712314020651189E-011  4.284814046185456E+001
    605  1.699497746819698E-011  1.071481324073836E+002
    480  1.689387859951164E-011  1.255978693087662E+002
    164  1.660777687183203E-011  2.984234693833937E+001
    220  1.652527845082054E-011  3.064277958545134E+001
    659  1.625322362549716E-011  3.156300449744440E+001
    916  1.603669822357647E-011  1.192707498518571E+002
    533  1.598265945277961E-011  1.156966733805309E+002
    893  1.551033259144130E-011  4.378550420816221E+001
    884  1.448583129755078E-011  1.097937820712892E+002
   1021  1.439981539679888E-011  1.089359960186049E+002
    805  1.432843926876033E-011  5.776345718518971E+001
    178  1.410991732031136E-011  2.719866128003683E+001
     46  1.409797824239005E-011  1.198170151604363E+002
    644  1.404357337938820E-011  1.064879368101954E+002
    820  1.382769834769982E-011  3.387129235620025E+001
    710  1.315235037407133E-011  1.096892988207100E+002
    588  1.311725489145001E-011  3.003523913071240E+001
    317  1.259218939139239E-011  3.433180382116732E+001
    990  1.192531724442083E-011  5.447274022079358E+001
    477  1.175985793537788E-011  3.138362649544596E+001
    771  1.153999293953607E-011  2.402762693077005E+001
    202  1.148707492105097E-011  6.114871311085021E+001
    719  1.102553913526132E-011  1.133059377671211E+002
   1024  1.078181024097502E-011  1.079057231655316E+002
    303  1.060822376406796E-011  6.121217372353233E+001
     32  1.056368728980850E-011  3.288903043920949E+001
    586  1.052831889197396E-011  1.110096174530925E+002
    340  1.035203920845632E-011  2.344853902492484E+001
    150  1.025610125824169E-011  1.119189168759601E+002
    259  1.024406461143164E-011  1.086773788226801E+002
    287  9.877991112330608E-012  1.090727733908756E+002
    755  9.806282158670853E-012  1.081442765454168E+002
    944  9.547505693384400E-012  5.304287455919988E+001
   1035  9.433328255946973E-012  1.260391488080743E+002
     19  9.434650068933234E-012  3.557755978229710E+001
    802  9.338205894793086E-012  1.083254677565710E+002
    537  9.312697015729236E-012  1.196071090108000E+002
     51  9.205048332263678E-012  1.107142150641584E+002
     62  8.652931518016102E-012  5.877634920518132E+001
    864  8.432870956008675E-012  1.158468005027919E+002
     92  8.270471751160725E-012  1.078792090195175E+002
    959  8.234704255729242E-012  1.060826450602385E+002
    899  8.200447053000141E-012  1.088509625660643E+002
   1000  8.049194148975307E-012  1.087176908844694E+002
    915  7.953240697858171E-012  1.073097433997933E+002
    574  7.689349655360941E-012  1.194522314372787E+002
    284  7.179302137143908E-012  5.922548477025595E+001
   1072  6.951979318792891E-012  5.986406874713763E+001
   1034  6.773402757969439E-012  1.312043008921371E+002
    895  6.552213579005837E-012  3.300184232711695E+001
    396  6.489298558217098E-012  6.156533732441117E+001
    707  6.392306663995622E-012  5.915674406709298E+001
     38  6.387635812623721E-012  2.159495338523997E+001
    598  6.351750427330296E-012  6.040638333707885E+001
    439  6.167089470260372E-012  1.609877016713580E+001
    827  6.115786592500648E-012  3.942196758210208E+001
    503  6.074357025791577E-012  1.294816013059754E+002
     88  6.075820836646486E-012  2.395894778585849E+001
    486  5.999600015825766E-012  2.156844839634016E+001
    706  5.850473545667119E-012  1.063188249235199E+002
    891  5.586216735368844E-012  3.355876742273789E+001
    613  5.525526139490164E-012  3.544677698475633E+001
    215  5.138145571081327E-012  2.939624286314891E+001
    993  4.953979781390412E-012  1.162464656753858E+002
     64  4.947375816758776E-012  3.295425293056501E+001
      2  4.928185308920349E-012  1.268675064734965E+002
   1075  4.892376526074174E-012  1.162897365840124E+002
   1006  4.855242596100200E-012  4.541251878508606E+001
   1016  4.667511040091801E-012  3.106473709110810E+001
    494  4.651233333289031E-012  1.138213271166850E+002
     61  4.374675243727428E-012  1.217426613147191E+002
    680  4.356978011966341E-012  1.068632796964387E+002
    519  3.965398812388733E-012  3.461443930534469E+001
    355  3.883414873132113E-012  2.506021688875276E+001
    508  3.873204865453936E-012  3.409286993597820E+001
    927  3.694540009036015E-012  1.598501164384855E+001
    902  3.658640380804656E-012  1.176382336104358E+002
    403  3.589015932278595E-012  3.428944699913568E+001
    780  3.586842512808521E-012  3.122809333059975E+001
    961  3.387390349386221E-012  5.739130524664890E+001
    106  3.383710640215009E-012  3.768157310789423E+001
   1001  3.307115615717540E-012  1.128369123560983E+002
    500  3.261980972890401E-012  2.799080532753403E+001
    321  2.997045511327309E-012  1.262276715483494E+002
    316  2.909031876973364E-012  3.771255202004246E+001
    352  2.808549710287999E-012  4.424140698623744E+001
    823  2.744258481949478E-012  1.284134233091297E+002
    937  2.491117246805955E-012  1.132204696343963E+002
     73  2.398694823334027E-012  2.959432182059479E+001
     44  2.136127037025665E-012  1.241485400336660E+002
    171  1.968650893834231E-012  1.077995169160013E+002
      8  1.966997303437610E-012  3.282974302710221E+001
    433  1.926262450658858E-012  4.365772226055247E+001
     57  1.862457740081287E-012  1.127261010343926E+002
    100  1.764477699258889E-012  5.512211674339599E+001
    497  1.739901977826533E-012  1.157696826743314E+002
    245  1.663845738958733E-012  4.529500169490558E+001
   1059  1.571843149546978E-012  1.307608641378087E+002
     97  1.562496122003367E-012  2.312746968263935E+001
    109  1.418696252542630E-012  1.209639445667985E+002
   1066  1.397039632558886E-012  1.080567779309882E+002
    147  1.370290149864359E-012  1.263882744482872E+002
    965  1.248976545658948E-012  1.140894925790380E+002
    751  1.043146645574949E-012  3.347920780583872E+001
    179  1.036988713093341E-012  2.787315660462137E+001
    325  1.017446960678562E-012  1.291862105641820E+002
     77  9.653107115043016E-013  4.155971528940107E+001
    606  8.783950414050263E-013  2.815039412010666E+001
    252  8.620092422915843E-013  1.192870064804590E+002
    180  8.408279140096355E-013  1.084482551386048E+002
    473  7.864374954553528E-013  3.228217961432350E+001
    161  6.487609458441710E-013  3.560698249709960E+001
    247  6.060503611132854E-013  1.060222464504734E+002
    560  5.533866200465055E-013  3.438422359989316E+001
    880  4.990137514277275E-013  2.417045648515515E+001
    326  4.833310052630598E-013  5.904703387172745E+001
    374  3.970032186604070E-013  3.427075716241296E+001
    950  3.557463041884438E-013  1.130579433911173E+002
    404  2.601656238315143E-013  1.092552480865137E+002
     86  2.564701063215160E-013  1.088331407865777E+002
    565  1.984544203650762E-013  1.215989223434023E+002
    843  1.937151365092109E-013  1.059241062055237E+002
    772  1.904651477447448E-013  3.453402514696941E+001
   1008  1.676452631309772E-013  1.135491264494711E+002
    947  1.759346478240653E-013  1.126690420180430E+002
    239  9.774603488382256E-014  1.318335521284131E+002
    204  7.661496294542977E-014  1.228577076214966E+002
    550  7.970662584332349E-014  5.896054878912432E+001
    850  8.281858893286986E-014  5.576210504926462E+001
    492  5.567495003052190E-014  1.128027163318073E+002
    158  4.515853726164196E-014  1.269804246439967E+002
   1022  2.685488056916401E-014  1.094155347028413E+002
    677  1.462298082231980E-014  1.061959834495438E+002
   1051  1.702831167797874E-014  5.764049505206449E+001
    702  1.931023140825103E-014  4.550613920937534E+001
    596  4.058537888412988E-015  1.083939613929496E+002
      1 -5.443019260355214E-010 -4.557161126570968E+001
