   1080
     40  2.225485975957599E-002  1.341144219295502E+002
   1063  1.391567765582567E-002  1.344046302448102E+002
    388  1.263965772494847E-002  1.326638081608864E+002
   1067  1.195250757706775E-002  1.346194539055510E+002
   1051  3.506113652751852E-003  4.948641649259005E+001
   1059  2.915250854562278E-003  1.341514018240207E+002
    120  2.596526061305543E-003  3.924493713332908E+001
    789  2.592508582559099E-003  1.327276930714175E+002
    701  1.659338456452666E-003  1.060536335309056E+002
    469  1.413907952902464E-003  4.731744763749968E+001
    369  1.362055374796110E-003  2.829789968697080E+001
    522  1.314252356672877E-003  4.941143315454123E+001
   1054  1.292143866600103E-003  1.344917158692384E+002
    575  1.080234058082162E-003  1.334855783903193E+002
    571  8.893190025871743E-004  1.342863482497035E+002
    176  8.792056579636477E-004  3.882838784235468E+001
    438  8.096736018446796E-004  3.898446828520751E+001
    942  6.824944285707674E-004  1.062584145503753E+002
    939  5.838867523423483E-004  1.065754669593027E+002
    381  5.315222553462171E-004  1.339662386256463E+002
    868  5.022578051436219E-004  2.420075971046694E+001
   1069  4.841542067727786E-004  4.625090273224978E+001
    305  4.494306356824869E-004  1.343029464724711E+002
    968  4.485479580592066E-004  1.158410205227163E+002
    917  4.407818503439951E-004  2.815066438252619E+001
   1047  4.270551524185117E-004  1.396436663909797E+002
    989  4.175162810846616E-004  1.066334268034696E+002
    679  3.919857094920428E-004  2.409705164787495E+001
   1023  3.910910789003772E-004  3.925148508641023E+001
    309  3.437936646541661E-004  1.333115783714571E+002
    387  2.703200620496924E-004  5.256113763598204E+001
    457  2.608147499877226E-004  3.855690414187638E+001
    265  2.406687272081773E-004  1.157742910458074E+002
    211  2.214229812393800E-004  4.860068485987158E+001
    672  2.121330024326265E-004  4.629598270815639E+001
    977  2.082156147539471E-004  1.310610451260449E+002
    386  2.073741151748856E-004  1.354324795947707E+002
     35  2.024811472801302E-004  3.931121694214350E+001
    218  1.923759180263561E-004  3.845013830872102E+001
    940  1.853382157422501E-004  2.651619209441258E+001
    714  1.716442471335242E-004  1.096719007459395E+002
     72  1.711022534445959E-004  1.309540879585872E+002
    588  1.704281114947663E-004  2.187224802744607E+001
    358  1.693882700864560E-004  1.097557298218124E+002
    467  1.672874829277883E-004  4.253596576130936E+001
    308  1.589296719591061E-004  1.362106241826424E+002
    751  1.525221663170473E-004  2.415495490630330E+001
    477  1.432299112853320E-004  4.596234092444288E+001
     36  1.405624970473652E-004  1.333922762024543E+002
    889  1.402096786314813E-004  2.738007805691525E+001
      9  1.381443862745142E-004  3.953475820519718E+001
    634  1.348792572766019E-004  1.096324022234439E+002
    961  1.290167810439145E-004  2.909744702447652E+001
    383  1.285700641367319E-004  1.325497610521547E+002
    705  1.266362355926362E-004  2.760588378246693E+001
   1061  1.261641677451425E-004  1.364554620409143E+002
    306  1.115853493578235E-004  5.470090458625116E+001
    329  1.111426557746197E-004  5.491028634626824E+001
   1057  1.054260117541245E-004  1.292193813881441E+002
   1006  1.036014247044318E-004  2.927762953243320E+001
    289  1.025365926205432E-004  4.660779483183856E+001
    412  9.900058331331198E-005  5.362487914354079E+001
    893  9.854255574603883E-005  2.701661000637159E+001
   1048  9.667398377236609E-005  1.358256631735167E+002
    301  9.647936779289749E-005  4.599731721039328E+001
    294  9.569331118675656E-005  1.320638588175295E+002
    907  9.533503280119120E-005  1.073187001809797E+002
    549  9.492172782666072E-005  1.074036199417954E+002
    121  9.471879380451872E-005  6.420235382070479E+001
    704  9.366635543241284E-005  9.992248835600154E+001
    773  8.903788173684377E-005  1.094704059027572E+002
    155  8.728141715248036E-005  3.853005041859911E+001
    106  8.727229232670493E-005  3.867567878206513E+001
    735  8.662077858913020E-005  1.059120748035276E+002
    168  8.508093731947057E-005  1.070217123125432E+002
   1053  8.397528014070268E-005  1.314977675416337E+002
    279  8.106190128649521E-005  1.202173824764750E+002
    565  7.739560356243454E-005  1.304910061292189E+002
    749  7.489019268196706E-005  3.839201365471855E+001
    437  7.464014006062345E-005  1.079077682248536E+002
    450  7.340942077419636E-005  5.894267663985430E+001
     76  7.292121313935438E-005  1.168063733569748E+002
    463  7.278375777760457E-005  5.812208685443625E+001
     79  7.179429481127779E-005  6.025470585832118E+001
      7  7.159517633108359E-005  2.019540254331992E+001
     94  6.750854371248619E-005  5.896013142916861E+001
     88  6.618551916976873E-005  3.844315466323439E+001
    152  6.558798378437586E-005  1.282652024525121E+002
     43  6.480296071947029E-005  1.248809854930112E+002
    504  6.337572406958413E-005  2.484653749093246E+001
   1072  6.278048126562135E-005  3.887739754163557E+001
    113  6.231208641318928E-005  1.076399849303354E+002
    621  6.170554991739362E-005  3.406524215443037E+001
     80  6.084884072353979E-005  1.314715581257088E+002
    953  5.942730842936209E-005  1.299156169919357E+002
    631  5.920573615691259E-005  1.057033944122386E+002
    312  5.796531498615273E-005  1.075803420545592E+002
    424  5.736418286339987E-005  1.272521825759827E+002
    341  5.725300618498445E-005  1.151502211132596E+002
    478  5.555670683195427E-005  1.260312681675134E+002
     81  5.342664076416807E-005  1.206306766099913E+002
   1071  5.228753310230126E-005  1.321926832065285E+002
    453  5.183946857652069E-005  2.806713727402586E+001
    790  5.162772098814162E-005  1.335995786340285E+002
    347  5.034663096546984E-005  2.630307692914614E+001
    777  5.015819938346779E-005  1.070716440215157E+002
    299  4.873639276880952E-005  1.070288421953979E+002
    455  4.825015511192251E-005  1.274400760464527E+002
    625  4.679760169968326E-005  2.600560688278595E+001
    399  4.649944376039931E-005  1.266719750907104E+002
    276  4.585593920284152E-005  6.083933078477587E+001
    343  4.576396417612079E-005  1.176513357903586E+002
    377  4.455659836640893E-005  5.562583200754403E+001
    382  4.443454381851775E-005  5.780609965841833E+001
    512  4.365339879992027E-005  1.069471133163113E+002
    804  4.328316910285579E-005  1.190869087148394E+002
    688  4.282313625326465E-005  1.155476623078035E+002
    844  4.257637055798856E-005  1.618841834910751E+001
    500  4.210938199642996E-005  2.810793179648220E+001
    287  4.049555155785360E-005  6.038020226711614E+001
    680  3.988656624955892E-005  1.048845504576103E+002
    395  3.883001010083334E-005  1.329313747891841E+002
    458  3.868681779506192E-005  1.114223342366489E+002
    682  3.863187729310845E-005  2.513056353512450E+001
     58  3.801889380462832E-005  1.289410134459407E+002
    873  3.773941089329581E-005  6.305959142723653E+001
    361  3.628130563796618E-005  1.189498425290446E+002
    416  3.620358734671842E-005  3.101441919683210E+001
    872  3.607631521748252E-005  1.303820247871189E+002
    675  3.596676168921167E-005  1.160724581958694E+002
    420  3.490091127597229E-005  5.531634575192984E+001
    730  3.484841418526367E-005  2.138593261055506E+001
     97  3.412762317608105E-005  5.548299847276105E+001
    527  3.398712728007140E-005  6.357395642030325E+001
    543  3.385206523979664E-005  1.193265202968559E+002
    719  3.334433676532499E-005  1.156696722587529E+002
   1039  3.319315453352365E-005  1.275286500820820E+002
    585  3.220151422107699E-005  1.290402709995743E+002
    116  3.212940888315944E-005  1.313771285609838E+002
    422  3.170196625752721E-005  1.311131492595320E+002
    633  3.169693193672260E-005  2.646960059774937E+001
    663  3.158193102246934E-005  3.133147890305099E+001
    481  3.044625880931893E-005  1.301207887268855E+002
   1018  2.976662483803300E-005  1.318696742776113E+002
    256  2.825281145211024E-005  1.053333243782467E+002
    374  2.823462297043733E-005  5.983587114477093E+001
    110  2.821160348154881E-005  5.746267104075711E+001
    541  2.820239364385283E-005  1.306919556886777E+002
    847  2.814210181031993E-005  2.099603579997237E+001
    971  2.800845882059145E-005  1.264969617800405E+002
    107  2.774626137401226E-005  5.478568736420238E+001
    313  2.756098306583483E-005  5.447389931517302E+001
    606  2.735606978449740E-005  2.401037278618207E+001
    371  2.734271955307319E-005  1.210120646173054E+002
     18  2.687857159028151E-005  1.273196760938799E+002
    875  2.660302496150115E-005  1.292803490402415E+002
    488  2.637290563157062E-005  1.078323813599098E+002
    910  2.636649261681982E-005  1.090823263338786E+002
    530  2.624653555931587E-005  5.306734484786538E+001
    922  2.601970523746436E-005  1.288339532336156E+002
    285  2.491088265531054E-005  5.334742079859637E+001
     82  2.480981212718614E-005  1.134591800957990E+002
    101  2.438996796648342E-005  1.354042236241257E+002
    296  2.402704636933743E-005  5.341280271007111E+001
    114  2.383700014795101E-005  3.842334189186366E+001
    109  2.368885264938420E-005  6.147898090385020E+001
    231  2.342574654732938E-005  5.411104399457733E+001
    250  2.310586653925555E-005  1.126000574035114E+002
    454  2.264140404656141E-005  5.887415173331902E+001
    608  2.201399679515602E-005  1.303107676632139E+002
    974  2.189114013883709E-005  1.278874287407318E+002
    809  2.184233127605356E-005  3.135854099308933E+001
    262  2.180368888868665E-005  1.218481357459487E+002
    212  2.161239946967961E-005  3.967013675003798E+001
    618  2.144761189606178E-005  1.209987537834799E+002
    286  2.143451537091412E-005  2.446711842529193E+001
   1013  2.140062504402372E-005  3.778793509308388E+001
    237  2.110426140805196E-005  5.543521821565895E+001
    721  2.089652003412219E-005  1.132390062116629E+002
    718  2.077352863760738E-005  2.898739694460004E+001
     44  2.020499888496790E-005  1.297667902113165E+002
    865  1.996584003247930E-005  2.693670751290862E+001
    582  1.990873262036818E-005  1.286478944746181E+002
    685  1.968631195144194E-005  1.192284952660468E+002
    183  1.964900488016845E-005  1.123092284571979E+002
   1015  1.954437698442765E-005  1.173572569430999E+002
    442  1.937959776508758E-005  1.171988049333157E+002
     47  1.933780763833298E-005  6.017660592087329E+001
    944  1.920583341468587E-005  3.763770692715004E+001
    748  1.841827441383794E-005  1.069155821278825E+002
    344  1.826803670732354E-005  3.551885531155625E+001
    925  1.822523731232956E-005  1.093898788587897E+002
    696  1.818575912147608E-005  5.432647944530162E+001
    879  1.776808984735423E-005  1.789800537112603E+001
    596  1.748881443655141E-005  1.294442843845866E+002
    233  1.740067344616885E-005  1.103277184759596E+002
     38  1.728499865866723E-005  3.689267782785568E+001
    249  1.679314381193921E-005  1.021792890793860E+002
     77  1.643280149904171E-005  4.573921408521242E+001
    725  1.639901594285967E-005  1.082825678423908E+002
   1074  1.622787000963327E-005  1.316628108471680E+002
    359  1.584644137026955E-005  5.721107823363405E+001
    228  1.568920202246048E-005  5.974578834042020E+001
    676  1.550006960618124E-005  3.787032732008765E+001
    591  1.544007114071451E-005  3.960701009996466E+001
    927  1.537336595967078E-005  2.753424185241757E+001
   1075  1.534218023403065E-005  1.311417867263393E+002
    207  1.484056100613320E-005  1.080760564399707E+002
   1077  1.465555989686210E-005  3.782799771367316E+001
    556  1.452939136718918E-005  3.051438163812399E+001
    555  1.442841511261459E-005  1.181698785826636E+002
    627  1.433680084490556E-005  3.278055907875648E+001
    177  1.385598481152457E-005  2.890405871618987E+001
    126  1.349868915433944E-005  3.423695493613279E+001
     17  1.329573483306918E-005  5.736433128393936E+001
    964  1.325992150872330E-005  3.559185987223327E+001
   1044  1.317240281667312E-005  1.292626721742558E+002
    923  1.316198638786745E-005  6.253025421116679E+001
    605  1.296262326085687E-005  1.174924764366444E+002
    946  1.287578253297669E-005  1.085856897955188E+002
    757  1.284241188460267E-005  3.792504513362721E+001
    227  1.273924168037758E-005  1.015664274854883E+002
    363  1.258676159293704E-005  5.104771178051914E+001
    901  1.249449801707985E-005  2.724078156213282E+001
    799  1.249127431548025E-005  1.107179962706250E+002
   1004  1.246135348789966E-005  1.282147152483832E+002
    315  1.244991661645257E-005  1.163818968519567E+002
    179  1.241147877020295E-005  5.301776917119008E+001
     64  1.231205167856812E-005  4.504617049663652E+001
    495  1.223081877388307E-005  6.231387614315972E+001
    592  1.216093389401227E-005  1.308027029897516E+002
    614  1.201866764574989E-005  3.432202124721923E+001
    869  1.187417709153990E-005  2.953999474892472E+001
    310  1.178425228417479E-005  1.320920094210417E+002
    345  1.159480747317135E-005  1.046282722201418E+002
   1008  1.154945085500743E-005  1.172235248221458E+002
    528  1.146111975206926E-005  4.580028280988525E+001
    603  1.134403501408254E-005  2.874053178768616E+001
    723  1.118174472600398E-005  1.226227773719321E+002
    535  1.111658832804963E-005  1.098886460548181E+002
    397  1.097514686743176E-005  1.190716094080589E+002
    668  1.084733857930868E-005  1.317657447409053E+002
    919  1.061510715005920E-005  1.164215139086281E+002
    246  1.052772751821812E-005  1.085438252510029E+002
    669  1.052750534096138E-005  3.701192275880980E+001
    703  1.049063206004964E-005  1.168658243191390E+002
     86  1.043143379138669E-005  1.110481358426624E+002
    864  1.040962403750476E-005  1.090309694922926E+002
    990  1.032650416548448E-005  4.226093301429172E+001
     13  1.014811535972289E-005  5.290937477033229E+001
   1066  9.967913350177102E-006  1.538237819988055E+002
    257  9.874135030061660E-006  3.409310997627640E+001
    838  9.767258131990541E-006  3.611252692341090E+001
     95  9.563592542602007E-006  1.285208677219000E+002
    924  9.417817663839322E-006  2.434132374489397E+001
    524  9.405228557917308E-006  3.439682744782291E+001
    339  9.341359669195044E-006  1.078715389624255E+002
   1046  9.186966446257835E-006  1.312955869622884E+002
    595  9.069251421047429E-006  4.554966818287383E+001
   1042  8.929248405872431E-006  1.308312009553937E+002
    965  8.905073246889831E-006  1.126715765412703E+002
    300  8.811192512602909E-006  1.305222961966416E+002
    321  8.590870998188600E-006  1.206513215207693E+002
     99  8.480759277064524E-006  5.583474766830866E+001
    673  8.305594786245480E-006  6.118430914066833E+001
    958  8.248277008654904E-006  3.008992647017489E+001
    132  8.135683298598097E-006  6.127630238144092E+001
    970  8.129896010965615E-006  1.111235114946337E+002
    199  8.107991895276821E-006  1.113086979747230E+002
    913  8.107949430884210E-006  2.725972897992215E+001
    498  8.049367957922934E-006  1.275139047951660E+002
   1017  7.982499736896551E-006  3.975958814453082E+001
    252  7.957265517156400E-006  1.211802708198896E+002
    224  7.908932506980089E-006  2.624650864464868E+001
    195  7.889368808668335E-006  1.296088936816090E+002
    764  7.818540117518172E-006  1.263453015360601E+002
    610  7.773368370219133E-006  3.943690762074498E+001
    884  7.763973724732369E-006  1.166694009891897E+002
    536  7.734462086660596E-006  1.283571610930398E+002
     29  7.629135765796643E-006  1.159741123613265E+002
    497  7.580530559066074E-006  1.208007299333391E+002
    609  7.438320653878608E-006  3.335084180599539E+001
    243  7.354941808236487E-006  1.087459094739317E+002
    221  7.268504191131522E-006  1.101537521701565E+002
    223  7.198846229510975E-006  5.759372088938139E+001
    649  7.195012374496606E-006  1.176706244378889E+002
    220  7.166624161164763E-006  5.629581637201602E+001
    918  7.049309878348073E-006  2.296838485179384E+001
    759  6.910122576401407E-006  1.116475502852595E+002
   1005  6.827252308041714E-006  3.754342800933261E+001
    434  6.620482989716534E-006  1.287634835480242E+002
    765  6.607548910524720E-006  3.768368856339602E+001
    274  6.602251024178152E-006  1.246656746453913E+002
    934  6.601158174562261E-006  1.289878455640967E+002
    867  6.583766704886759E-006  1.120898587673740E+002
    351  6.575380046544914E-006  1.108932996263234E+002
    639  6.522599667052005E-006  2.087990173878065E+001
    841  6.428553005179666E-006  1.107616416049454E+002
    139  6.419450295394909E-006  5.919692186286717E+001
    836  6.329793883463473E-006  1.076935540833530E+002
     15  6.329320991518648E-006  1.155138378591535E+002
    607  6.306861333545436E-006  4.212057304201551E+001
    119  6.266086779770168E-006  1.310320168338018E+002
   1030  6.244962603923743E-006  2.843387532605292E+001
   1007  6.204726381375483E-006  1.303623358824634E+002
    834  6.092572328787278E-006  1.130922153144018E+002
    833  6.082111655039190E-006  1.160396777235910E+002
    812  6.015516982765843E-006  1.177438504362374E+002
    547  6.015328725677594E-006  6.223717669190264E+001
    171  5.983811064595133E-006  1.130154909157575E+002
     51  5.975194326282956E-006  1.057453353847923E+002
    994  5.961576047949160E-006  1.080610182969290E+002
    311  5.941880432460740E-006  4.035906684337910E+001
    342  5.871442197965814E-006  2.960842444949463E+001
    473  5.760002048794667E-006  3.355333697060609E+001
    291  5.734286593431160E-006  1.262126421502450E+002
    933  5.727871389082483E-006  2.755617199691822E+001
    123  5.625074626183070E-006  5.789955059629722E+001
    362  5.620767932993353E-006  3.950258176442497E+001
    242  5.613506965537337E-006  5.856957928173006E+001
    136  5.486365493298509E-006  1.011518655534602E+002
    802  5.476751284136777E-006  1.043581341768944E+002
     48  5.434669528164204E-006  1.121574710091992E+002
    874  5.392425816557039E-006  3.419033130663160E+001
    349  5.384582169945505E-006  3.306684655569454E+001
     78  5.310987779288882E-006  6.121464845533989E+001
    695  5.293083036191439E-006  1.176828981634927E+002
    173  5.137359301037974E-006  5.854622202604084E+001
   1062  5.126175689842181E-006  3.230559535264491E+001
    629  5.068625473326132E-006  1.194234040046469E+002
    698  4.938619405426528E-006  3.771855567837337E+001
    600  4.922908418593434E-006  5.398048090683206E+001
    643  4.846574155747052E-006  3.426879977426059E+001
    713  4.807562461778983E-006  4.584194681648900E+001
    533  4.800903447748191E-006  1.195324275100619E+002
    402  4.731867894012597E-006  1.091366753407769E+002
    269  4.668884386175652E-006  1.129532746929520E+002
    427  4.646355509154392E-006  1.280990485487359E+002
      4  4.609152480852360E-006  6.109201132688620E+001
    915  4.597221222723258E-006  1.124272019648706E+002
    378  4.559446965628665E-006  5.370923101813037E+001
    854  4.454421699894980E-006  1.286171858003850E+002
    993  4.447419735959612E-006  1.295226711833730E+002
    722  4.413495698251736E-006  5.383511399675977E+001
    150  4.287010570264060E-006  1.102848453086709E+002
    333  4.252843179918334E-006  1.139205806943189E+002
    411  4.205189338109563E-006  3.647234998568886E+001
    260  4.171716495475968E-006  5.633397739851014E+001
    988  4.155690017567012E-006  1.165834668470619E+002
    485  4.150748216473842E-006  6.338225363867880E+001
    465  4.128891902483508E-006  1.133381348368473E+002
    912  4.020743178665748E-006  1.293191512595130E+002
    247  4.011832899177787E-006  1.175807308007699E+002
    523  3.944367768628688E-006  1.261043398665387E+002
    597  3.927700494176095E-006  4.384337703649580E+001
   1019  3.793502780321912E-006  4.566198810302660E+001
    613  3.792583746301259E-006  4.479573540473374E+001
    945  3.775801113725638E-006  3.317123031643270E+001
    982  3.749172259757918E-006  1.118209204499805E+002
    880  3.735606378996682E-006  2.523382761841791E+001
    167  3.733997216584976E-006  1.082375890314225E+002
    208  3.730293415748631E-006  1.197701932543413E+002
     54  3.682885239585532E-006  5.929344117167137E+001
    626  3.682806614693353E-006  2.878825007498821E+001
    280  3.650258957738184E-006  1.207379905631001E+002
    186  3.582353727214776E-006  1.083038869025097E+002
    941  3.543806073622766E-006  3.413638941809696E+001
    936  3.522000523673618E-006  3.045737089485879E+001
    779  3.519286657927391E-006  1.293587579307074E+002
    662  3.471615098450992E-006  1.305966325299666E+002
    552  3.428601954392083E-006  1.132988765946676E+002
    398  3.382869499701632E-006  5.559427591382534E+001
     71  3.369275086677972E-006  1.230638413611257E+002
    743  3.358768912060571E-006  3.146923546074296E+001
    148  3.293283971890476E-006  5.764313994132664E+001
    332  3.202475459100676E-006  3.776227546592645E+001
    566  3.184733662442928E-006  4.111198581260527E+001
    862  3.088371324059885E-006  3.412284575078682E+001
   1037  3.086207315214908E-006  1.179375383519322E+002
    896  3.051104923453792E-006  1.180212677607782E+002
    104  3.029635415351114E-006  1.180664963830262E+002
     90  2.929642308522281E-006  3.172286733302915E+001
    846  2.831753641289039E-006  1.200458020902835E+002
    507  2.824104235130997E-006  1.288063088971311E+002
    430  2.816072113880254E-006  1.280213428949890E+002
    985  2.766261824127724E-006  2.774085074348426E+001
    187  2.761661430715569E-006  1.088511661236754E+002
    656  2.745625323625614E-006  1.077211090264468E+002
    284  2.622660332502324E-006  4.343257497072364E+001
    188  2.596608794643173E-006  5.892437644921355E+001
    336  2.582456724115564E-006  1.525364616101343E+001
    845  2.486302116443629E-006  3.143103004668623E+001
    235  2.427539089499779E-006  4.293928559199119E+001
    143  2.403650165059136E-006  5.874796504624639E+001
    671  2.383912838432444E-006  1.179881125712661E+002
    185  2.316709363164162E-006  1.161443162857146E+002
   1056  2.316680853452451E-006  5.908479669129964E+001
    158  2.288058749926468E-006  1.257123659982563E+002
   1029  2.222811782476957E-006  2.956235116545113E+001
    506  2.211852188894426E-006  3.770871283234191E+001
    471  2.203260175696093E-006  3.980396046789575E+001
    419  2.192673561295373E-006  1.215984581642913E+002
    554  2.136051155767792E-006  3.546224307617756E+001
    787  2.064396587935954E-006  3.066258387389357E+001
    806  2.051138876045205E-006  1.125346019297597E+002
    694  2.030662027859516E-006  3.444462817994097E+001
    165  1.953327896617415E-006  1.111524915119074E+002
    623  1.930583541578968E-006  1.081847094070985E+002
    365  1.925867347695657E-006  5.535088125043978E+001
    886  1.903510053676862E-006  6.296145084739301E+001
    708  1.883671338901986E-006  2.531539615312880E+001
    702  1.870542992393368E-006  2.289190147802284E+001
    496  1.841710094051995E-006  4.421896508194837E+001
    754  1.810242511018659E-006  1.147330628195228E+002
    200  1.801385436780168E-006  1.119022978564775E+002
    553  1.792127280824389E-006  1.087089241068068E+002
    353  1.749837592084538E-006  1.110080848604173E+002
    219  1.724868658712411E-006  1.175367677816888E+002
    835  1.720288727739252E-006  1.141643657621669E+002
    766  1.703006067444967E-006  3.795811811771267E+001
    980  1.633155704831537E-006  1.268995824612153E+002
    117  1.606797683563309E-006  5.986406034966046E+001
    479  1.601482814869102E-006  1.109714133044692E+002
    202  1.588219405164918E-006  6.183989549050450E+001
    632  1.569179990681640E-006  3.738291913412129E+001
    975  1.553268544561299E-006  2.438544652024468E+001
    856  1.502943383569385E-006  1.227841845491202E+002
    261  1.478099804194852E-006  5.321138626030686E+001
    222  1.471071731770251E-006  3.436942614620276E+001
    943  1.470825638710024E-006  1.257839499477000E+002
    520  1.449778055714978E-006  1.169792073888032E+002
    979  1.404966434242459E-006  1.195758107293692E+002
    731  1.376937031624517E-006  3.566353374788169E+001
    423  1.316242697178857E-006  5.577756108381944E+001
   1041  1.269272706955316E-006  3.015209130280775E+001
     30  1.214370990022088E-006  2.536745781856646E+001
    272  1.197129112311333E-006  5.603111626794400E+001
    534  1.182388340781627E-006  3.961435391585434E+001
    599  1.158437754773710E-006  1.153176280085931E+002
    983  1.066560075917774E-006  3.343240987260896E+001
    417  1.053165269007148E-006  5.860623885313043E+001
    462  1.039109535022392E-006  1.301799783965055E+002
   1045  1.018653499304840E-006  2.669346357748370E+001
    733  1.014071014920549E-006  3.417374194629690E+001
    569  1.008816191971165E-006  3.578102711086950E+001
    518  9.971870518342223E-007  4.542961201541338E+001
    664  9.839532384896441E-007  1.044217635615887E+002
    509  9.766697844408523E-007  1.127922213213002E+002
    744  9.721260071364259E-007  3.259607503616505E+001
    653  9.714228430596598E-007  1.128264915776557E+002
     31  9.444857422282945E-007  1.514872173343622E+001
    859  9.352339477094637E-007  1.279543526275624E+002
    860  9.323150478084379E-007  3.606566029862945E+001
   1038  9.308151526321150E-007  2.896854787751031E+001
    318  8.943336162725599E-007  1.134080815025539E+002
    268  8.804640995175926E-007  5.317172487639147E+001
    122  8.616364691501680E-007  5.899648987451491E+001
    515  8.514660869250681E-007  1.131465531441418E+002
    648  8.256108997328394E-007  2.999019716619194E+001
    511  7.949623596089783E-007  2.596547649427322E+001
    214  7.803000216916921E-007  1.184137416939562E+002
    938  7.443544471929934E-007  3.337566352515317E+001
    370  7.389164486677179E-007  1.123467258473767E+002
    850  6.716310022481743E-007  3.213390081040112E+001
    225  6.642474409441219E-007  3.434374403466671E+001
    755  6.594161863553574E-007  1.083944573932526E+002
    162  6.261660315747650E-007  1.109194012315849E+002
    801  6.234016960016342E-007  3.121888346647914E+001
    783  6.112811245342989E-007  3.422520680903303E+001
    292  5.818203874120972E-007  1.300742952453998E+002
    421  5.036952657449999E-007  1.271527032296776E+002
    418  4.952653576497775E-007  6.132976639917543E+001
    330  4.697757227027852E-007  5.567518176286683E+001
    356  4.648648670131482E-007  5.556509490059524E+001
    137  4.577843690716374E-007  3.475387160740764E+001
    193  4.509381639290282E-007  4.148742141541591E+001
    151  4.441834725573374E-007  5.913272525796437E+001
    275  4.292720437483190E-007  5.872404146067606E+001
   1027  4.289921684628961E-007  1.174099734703846E+002
    258  4.287581009702621E-007  1.092317017697786E+002
    415  4.254320585190380E-007  5.923075391291473E+001
    253  4.192446795768332E-007  1.177804664274645E+002
    796  4.112636293466433E-007  2.901187257899960E+001
    483  4.036882288638811E-007  1.084320351560529E+002
    551  3.949809443757878E-007  3.940696744165014E+001
    205  3.787762211111996E-007  3.857618396655785E+001
    959  3.724101975408150E-007  1.038752787826033E+002
    314  3.703702158503948E-007  4.004301078176525E+001
    325  3.681641396437754E-007  1.254262719309567E+002
    182  3.567575106009242E-007  4.531490195272019E+001
    981  3.333764711494963E-007  1.124946632073015E+002
   1079  3.217543137417433E-007  1.176182930415892E+002
    693  3.196405780297834E-007  3.579498872812645E+001
    638  3.139261199694050E-007  1.020981622758500E+002
    103  3.130292210270483E-007  1.148603536350415E+002
    559  2.914967976707495E-007  3.858541355862369E+001
    987  2.856926573539592E-007  3.222576280422910E+001
    540  2.799869229374511E-007  1.583625865609918E+001
    350  2.786608012942602E-007  6.117097305534942E+001
    572  2.623848422106775E-007  4.045638566615079E+001
    210  2.593513835711412E-007  1.129225671729400E+002
    969  2.563190948480752E-007  2.802647541223082E+001
    650  2.554509197558185E-007  3.712296305298273E+001
    564  2.476345385464246E-007  1.140499574481915E+002
   1060  2.411734341940012E-007  4.158728893163137E+002
    598  2.372630682016871E-007  1.296185212041367E+002
    156  2.264951488182068E-007  1.276851378242543E+002
    385  2.245794085698158E-007  2.962108255210120E+001
    770  2.211643891284505E-007  1.067925948205470E+002
   1028  2.142719124489900E-007  1.278199357820382E+002
    885  2.093288616898506E-007  3.425822487556562E+001
    758  2.071719748836005E-007  1.243598773515436E+002
    842  2.053524654722152E-007  1.112316333805500E+002
    687  1.912883649084625E-007  3.196505539864106E+001
    346  1.905390936360808E-007  1.316982726065727E+002
    768  1.896972860646896E-007  1.126166152341939E+002
    667  1.842763571199607E-007  2.531226002181987E+001
    745  1.782945475080148E-007  1.086045165887166E+002
    410  1.628079270312646E-007  1.126570147673475E+002
    241  1.532228127369724E-007  3.715501943025186E+001
    390  1.530978364944998E-007  3.410253373070628E+001
   1012  1.507544214625539E-007  3.011101722258754E+001
    795  1.490414101178692E-007  1.145298426243365E+002
    328  1.415556280324021E-007  1.105222978418177E+002
    324  1.357852626538126E-007  3.064931720080771E+001
    711  1.352018344154265E-007  4.232471387087585E+001
    184  1.324257432484118E-007  5.683082696386948E+001
    692  1.127035923636511E-007  1.095575681877010E+002
    955  1.109729314677040E-007  1.162563526903251E+002
    278  1.014498961174091E-007  5.864443875243541E+001
    444  9.832791396823160E-008  4.918679643886374E+001
   1050  9.638761559837905E-008  1.284698165604208E+002
    443  9.417974681632942E-008  1.089320566788155E+002
    972  8.203926445353618E-008  1.283972449815831E+002
    909  7.532561243875870E-008  1.106494668703556E+002
    170  7.335574241147639E-008  3.626225683337820E+001
     68  6.771179113635945E-008  1.087788385322329E+002
   1076  6.630137603652483E-008  3.466424441944299E+001
    760  5.763033313657184E-008  3.002252060836760E+001
    337  5.482466077552680E-008  1.113191157780773E+002
    105  5.447287365327158E-008  1.119968816859682E+002
   1026  5.407146964486560E-008  2.940590242426674E+001
    647  5.361982073475814E-008  6.213688937006443E+001
    130  5.144429826242697E-008  5.902996626422982E+001
    612  5.124139057139843E-008  1.204942856090064E+002
    984  4.815502728005486E-008  1.214127681893156E+002
    891  4.742666151568025E-008  3.365517866326807E+001
    651  4.505734503984856E-008  1.268500633464024E+002
    513  3.608230550767558E-008  1.170927382019151E+002
    548  3.548810450066759E-008  5.939788471440445E+001
    726  3.371164404118723E-008  3.769211071525608E+001
    956  2.916464696795842E-008  1.032360426035470E+002
     37  2.748529475377981E-008  1.316243700788127E+002
    440  2.708108422739580E-008  1.090037015776699E+002
    587  2.666197114088722E-008  3.416086135232869E+001
    491  2.598847376017818E-008  3.822130155258603E+001
    817  2.230350082532333E-008  1.221248967584833E+002
    590  1.788505723998600E-008  2.892423345306968E+001
    433  1.637222980323232E-008  4.365118861114266E+001
    426  1.535149621153695E-008  5.428443565407525E+001
    709  1.449137945011718E-008  2.983968575614941E+001
    230  1.440217746319233E-008  5.870181737054548E+001
     34  1.125551619595095E-008  1.270721617601450E+002
    480  7.438142596247713E-009  1.302447033569741E+002
    538  6.317189859176885E-009  1.279743023107976E+002
    684  6.261841473285814E-009  2.734266924142806E+001
    781  5.360700540876935E-009  1.088753656164789E+002
    615  2.230604624462785E-009  1.100239572790982E+002
    593  2.117768640446106E-009  4.286819341363851E+001
    900  1.279877017306084E-009  3.567426501997931E+001
    637  1.109932710878533E-009  2.090004753970716E+001
    435  7.016001902669108E-010  1.576550008598366E+001
    409  5.281908256362326E-010  1.127143455798421E+002
    724  5.135247531114975E-010  3.780308908172631E+001
    646  4.818144451693617E-010  2.631778647604755E+001
    164  3.974295741577525E-010  3.808866171250383E+001
    996  3.675381359304895E-010  2.528710653288495E+001
    871  3.546685368623115E-010  2.736841493942774E+001
    848  3.062060799206627E-010  2.520059974878809E+001
    384  3.055048329206775E-010  1.309870115228712E+002
    906  3.026848285277801E-010  2.833399983056912E+001
    997  2.806270168582768E-010  2.910145238672048E+001
    562  2.405698406462154E-010  4.583772231810436E+001
    914  1.879458833606487E-010  3.474194668466802E+001
    144  1.851026234472872E-010  2.622084120309369E+001
    644  1.799830000170278E-010  1.038594777289185E+002
    963  1.556389124670006E-010  2.532884140690746E+001
    683  1.358263971281253E-010  1.022252778822331E+002
    270  1.255313736718518E-010  5.417888746516163E+001
     39  1.059786735084659E-010  3.269493948796480E+001
    659  8.128929975860269E-011  3.009348825587244E+001
    215  8.102318838340540E-011  3.595683530668435E+001
    213  8.004489619835240E-011  3.069091041790419E+001
     98  7.940698721242907E-011  1.335980578757328E+002
    510  7.858647322048478E-011  2.963275591369404E+001
    716  7.575161217701128E-011  2.964044046295302E+001
    851  7.434990917136095E-011  3.049749314287664E+001
     45  7.413422653223479E-011  2.946283014340624E+001
     49  7.364222601107605E-011  4.138202556861325E+001
    949  7.096556730446689E-011  2.809111789898073E+001
    238  6.535112049917645E-011  5.705750096217044E+001
    681  6.146762251255098E-011  3.347920780583872E+001
    776  6.076759531278757E-011  5.744254243062559E+001
    908  6.002342138691520E-011  2.531894844618999E+001
    466  5.899953947390686E-011  3.780355811396966E+001
    895  5.846597682968052E-011  3.019475203811447E+001
    405  5.766830788386763E-011  3.779210500818112E+001
     33  5.622302644581349E-011  2.922592719482343E+001
     87  5.508708508621330E-011  3.477213913616621E+001
    546  5.486509545379054E-011  5.928221676314659E+001
    826  5.417049094694926E-011  3.781509978314006E+001
   1000  5.148870208075180E-011  6.123169670057369E+001
    508  5.136728141272200E-011  5.427051031404531E+001
    960  4.802136071480923E-011  2.997417646428683E+001
    447  4.723360695405519E-011  4.365772226055247E+001
    567  4.694763590950054E-011  3.574213842680000E+001
     10  4.675663066752446E-011  3.264561668499369E+001
    815  4.645511288852269E-011  3.133367016078528E+001
    157  4.609125002680296E-011  5.851477659743665E+001
    715  4.596219500483439E-011  2.951009550101224E+001
    191  4.542554672606261E-011  4.626733593406676E+001
    887  4.539879020874396E-011  3.946553426727878E+001
    920  4.480028993972903E-011  3.064277958545134E+001
    967  4.443999886702261E-011  2.133232472295666E+001
     21  4.435329296650383E-011  3.447868912831422E+001
    926  4.335141558310155E-011  2.894606557925123E+001
   1003  4.325154857259132E-011  1.147808691958262E+002
    655  4.173113498810848E-011  2.676857812226475E+001
    756  4.165994623344624E-011  2.097266015842631E+001
    576  4.058083463354082E-011  4.424140698623744E+001
     32  4.057977672968028E-011  3.563345295989614E+001
    794  3.973919523766929E-011  3.328285989987418E+001
    803  3.962988501470971E-011  3.755125424253530E+001
    579  3.952189349238361E-011  2.639897028880879E+001
    738  3.920291521247794E-011  3.440214984487540E+001
     63  3.885088135352693E-011  4.271716190853395E+001
    194  3.849175029140290E-011  5.307829750988225E+001
   1009  3.755629243296073E-011  3.777100367362779E+001
    196  3.687882424021704E-011  2.820387678005197E+001
   1021  3.254953137974038E-011  1.149830440656411E+002
    178  3.217801263493999E-011  5.474670035142442E+001
      6  3.199294642580525E-011  2.903741527293687E+001
    763  2.871289108032830E-011  3.844792756368751E+001
    403  2.819118396724182E-011  3.988229127156298E+001
    820  2.735170715971653E-011  3.013958783755973E+001
    334  2.710885307465820E-011  2.824119439761771E+001
    131  2.708784144236926E-011  4.589771179385998E+001
    857  2.596657235785388E-011  2.723312258669467E+001
    316  2.593332879904635E-011  5.304287455919988E+001
     28  2.569209177727925E-011  4.378550420816221E+001
    858  2.517728564556264E-011  2.815039412010666E+001
    827  2.499987041362058E-011  3.560698249709960E+001
    251  2.472828749885204E-011  4.541251878508606E+001
    486  2.466263106388630E-011  5.447274022079358E+001
    307  2.427356075526141E-011  2.801414260834884E+001
    482  2.413230350936259E-011  3.980847235414979E+001
    160  2.393946463473965E-011  2.889558275952906E+001
    630  2.365790037574123E-011  3.295425293056501E+001
    133  2.300545156628125E-011  3.913916919126598E+001
    992  2.282940668505378E-011  3.942196758210208E+001
    129  2.247833083301400E-011  5.904703387172745E+001
    948  2.201009232941311E-011  1.110869010904150E+002
     91  2.190265828538358E-011  5.512211674339599E+001
    740  2.165251835392941E-011  6.100423398784413E+001
    784  2.139403305597468E-011  1.152257413626876E+002
    788  1.970961778157161E-011  3.772840070404182E+001
    281  1.968862536580888E-011  3.489852663635454E+001
    492  1.951199034109946E-011  1.077145725822762E+002
    348  1.939574136786421E-011  5.625145344515472E+001
    203  1.784690006183056E-011  5.350711406923092E+001
    712  1.756931433801606E-011  1.121738923332827E+002
    670  1.741023013832437E-011  4.596053663301203E+001
    445  1.710787807538439E-011  5.396751286663234E+001
    622  1.674948244009719E-011  3.417152556524616E+001
    620  1.667314056123937E-011  3.854449238600111E+001
    297  1.608253845966840E-011  1.329162316534876E+002
    818  1.579938655404415E-011  3.796838798284061E+001
   1078  1.574266526074100E-011  1.335277660583210E+002
    589  1.549204052008427E-011  3.763155082052234E+001
     89  1.546789334381484E-011  3.771255202004246E+001
    831  1.515993680580009E-011  3.402581568876052E+001
    266  1.514645545118376E-011  6.224302274721154E+001
    616  1.484619474332345E-011  3.946329527555739E+001
    232  1.440696706906414E-011  3.300184232711695E+001
    890  1.434850775804969E-011  1.790177189127522E+001
    273  1.407196257470894E-011  4.746511519493414E+001
   1065  1.391313330367431E-011  4.529500169490558E+001
   1052  1.374221796472590E-011  1.332371626243247E+002
    354  1.357977779091398E-011  6.135883822823781E+001
      8  1.343935795160783E-011  3.623609188418403E+001
    115  1.334564936116292E-011  5.576210504926462E+001
    400  1.275634347355861E-011  5.613820237955890E+001
   1040  1.239531280935321E-011  3.427075716241296E+001
    813  1.235108999400855E-011  3.778170481219699E+001
    517  1.231862299733894E-011  5.863162405023152E+001
    674  1.222029932572719E-011  3.702977275419675E+001
    181  1.180202282876019E-011  3.831803922658406E+001
    428  1.167664794725035E-011  1.099487953836044E+002
    514  1.165595633391541E-011  3.355876742273789E+001
    392  1.158547442950331E-011  1.347037227384220E+002
    792  1.151902906800257E-011  3.880469678490620E+001
     53  1.108350831333756E-011  5.881619101264776E+001
     52  1.095071481012348E-011  1.097937820712892E+002
    519  1.074786869274774E-011  2.974093022085369E+001
    367  1.063013289657117E-011  2.757063841784912E+001
    145  1.058071587247029E-011  1.118983459534591E+002
    737  1.053961458036370E-011  1.055695542091875E+002
   1034  1.048533895101334E-011  6.218064046170334E+001
    264  1.046140942338011E-011  3.353713472611462E+001
    570  1.046093279921251E-011  2.729222684143697E+001
    408  1.010852855596669E-011  1.309743709063693E+002
   1058  1.007837721979131E-011  3.886878023529649E+001
    298  9.947459802370067E-012  1.075105612762544E+002
    700  9.905485039573575E-012  2.681505874269844E+001
    928  9.630079283574016E-012  6.124519862114400E+001
    320  9.564331971561410E-012  3.657410125703108E+001
    771  9.508750527836047E-012  3.312629249382376E+001
    302  9.484726021460510E-012  1.343693024636507E+002
    658  9.209250492592905E-012  2.172483696974205E+001
   1016  9.035264169744150E-012  2.636508140986341E+001
    154  8.551628374969163E-012  1.081290817537690E+002
   1080  8.493900746949050E-012  1.066838862051319E+002
     59  8.496386780659711E-012  5.947894419863643E+001
    624  8.401708885959072E-012  1.075820232206908E+002
    883  8.387968634559612E-012  2.290370252525086E+001
     65  8.321068219681497E-012  5.630986555991154E+001
     74  8.311783973583251E-012  5.559443297146688E+001
     24  8.064915694970772E-012  3.796682632854844E+001
    340  8.074050410062405E-012  3.222961340470744E+001
    391  7.795511488910101E-012  3.557755978229710E+001
    331  7.722728148748264E-012  1.073595385116889E+002
    476  7.573339887853829E-012  2.159495338523997E+001
    769  7.387009124092317E-012  2.632282271799158E+001
    169  7.327221773755156E-012  4.313813383123015E+001
    134  7.206142945902859E-012  5.860548456050422E+001
   1010  7.158386508267108E-012  1.117593375942451E+002
    774  7.161164784736348E-012  1.050602398346211E+002
    304  7.044474750287538E-012  1.297546330865524E+002
    947  7.012992103221533E-012  6.121978583143463E+001
    431  6.959429065825851E-012  1.079057231655316E+002
    288  6.910835596768838E-012  6.175691747082481E+001
    560  6.809440672285764E-012  3.387129235620025E+001
    978  6.603589165044435E-012  2.525054805353794E+001
   1036  6.582178343312790E-012  1.059241062055237E+002
    217  6.453187294397411E-012  1.091057940278593E+002
    577  6.407787266156804E-012  1.063188249235199E+002
    573  6.177187144876926E-012  2.812555695185284E+001
    532  6.049806649840534E-012  3.931251329773253E+001
   1033  5.999712456771415E-012  3.962406029172926E+001
    707  5.934665131161915E-012  3.943491641460432E+001
   1055  5.898416277723125E-012  5.330479606468482E+001
    338  5.838051070810889E-012  5.896054878912432E+001
    493  5.837007832132912E-012  5.869481068587496E+001
   1073  5.775953428051497E-012  1.308828204523467E+002
    602  5.779556204901517E-012  3.140508628572108E+001
    976  5.737392086610892E-012  3.428944699913568E+001
    840  5.726350882791146E-012  2.719866128003683E+001
    379  5.715347924340795E-012  1.315853494811526E+002
    192  5.665047859348448E-012  6.259549063988397E+001
    364  5.647587076274029E-012  1.073097433997933E+002
    226  5.435506789881502E-012  2.156844839634016E+001
    736  5.441338646182397E-012  1.609877016713580E+001
     25  5.376542689452826E-012  4.526673179820873E+001
     12  5.164005421922938E-012  1.214231005338099E+002
    216  5.143028186279110E-012  1.082240223896453E+002
    929  5.106628787906813E-012  1.080567779309882E+002
    163  5.094679058865807E-012  1.115160293862327E+002
    905  5.038485484089170E-012  1.298660919206632E+002
    470  5.042585686537288E-012  1.042370232090190E+002
    816  5.048525228629700E-012  6.233825362854991E+001
    657  5.050729581703614E-012  2.402762693077005E+001
    425  5.008000014355121E-012  1.311017678078171E+002
    484  5.013647325353642E-012  2.939624286314891E+001
    245  4.942413751499360E-012  5.915674406709298E+001
    263  4.931120001494656E-012  2.984234693833937E+001
    293  4.878084298841031E-012  5.570237704638058E+001
    568  4.827064108582155E-012  1.355788256041846E+002
   1064  4.790779868313635E-012  1.338807624856300E+002
    837  4.774434227370153E-012  3.282974302710221E+001
    710  4.742488191205297E-012  1.159200206929639E+002
    690  4.722357385548142E-012  2.887857717146865E+001
    140  4.632584436170322E-012  1.051553262699275E+002
    855  4.535130431346953E-012  3.417601225529881E+001
     19  4.512625900640359E-012  5.764049505206449E+001
    849  4.496129785582411E-012  1.083065615545923E+002
    645  4.491522701924427E-012  3.122809333059975E+001
     85  4.465770551552884E-012  3.438422359989316E+001
    461  4.380726949180548E-012  1.134142236548554E+002
    372  4.336827713467999E-012  2.787315660462137E+001
    898  4.317887122343005E-012  2.901527651977251E+001
    413  4.265557106768633E-012  1.129277254908914E+002
    753  4.273853170200191E-012  3.307693202001514E+001
    174  4.184073592751913E-012  5.922548477025595E+001
     56  4.152599691026194E-012  3.156300449744440E+001
    366  3.923003655809414E-012  1.087176908844694E+002
    876  3.859154862867448E-012  1.172220117205398E+002
    581  3.868527279081803E-012  2.163446995807031E+001
    190  3.828000064841995E-012  1.136391667970821E+002
    206  3.824655013618298E-012  1.132204696343963E+002
    828  3.736194217750300E-012  1.124424786565822E+002
    732  3.731151723166982E-012  1.101858300541406E+002
   1068  3.696471504848169E-012  1.380741713483044E+002
     41  3.682786384287072E-012  1.175379446895269E+002
    355  3.667623230841102E-012  5.859518518011329E+001
    360  3.657169704018692E-012  1.123245383699952E+002
   1049  3.379614468281411E-012  5.339329746355038E+001
    594  3.324813808638757E-012  1.307608641378087E+002
    697  3.270130307788633E-012  1.169636814827145E+002
    295  3.255772133330640E-012  1.305950012975653E+002
    323  3.259376516522737E-012  4.019547322326159E+001
    904  3.229555393883348E-012  1.157696826743314E+002
    870  3.235369905926856E-012  1.111440682196492E+002
    578  3.147998789859192E-012  2.794852323205357E+001
     62  3.057226805948301E-012  6.040638333707885E+001
    357  3.027143254256763E-012  1.123713168749877E+002
    916  3.001691352249373E-012  1.135491264494711E+002
    259  2.932874450955397E-012  1.158468005027919E+002
    127  2.931527445541302E-012  1.138213271166850E+002
    937  2.911987861601996E-012  1.279130850987480E+002
    830  2.842255465778106E-012  1.072010890956036E+002
    808  2.810561107834475E-012  1.162897365840124E+002
   1032  2.656995292361247E-012  1.303937225821345E+002
    172  2.651515724437390E-012  1.086096779760040E+002
    550  2.660133555397674E-012  3.415042982461270E+001
    436  2.602730337463919E-012  3.571480742522697E+001
    814  2.527551601426020E-012  1.090727733908756E+002
    699  2.475695682144314E-012  1.100963852758419E+002
     27  2.473147756396913E-012  1.097605333904931E+002
    807  2.442406552263103E-012  2.417045648515515E+001
     22  2.398770076307331E-012  3.956832290759487E+001
    407  2.365376342396384E-012  5.386121570632214E+001
    376  2.371894562884434E-012  3.228217961432350E+001
    720  2.371022994291153E-012  1.602124740309022E+001
    805  2.302091840107929E-012  1.178232184725334E+002
    282  2.166729781417194E-012  1.193712297162542E+002
    810  2.176676217110959E-012  3.433180382116732E+001
    601  2.165899082576206E-012  1.110096174530925E+002
    902  2.162757032666044E-012  1.060826450602385E+002
    166  2.020659402417972E-012  1.060222464504734E+002
    141  2.017173504126964E-012  5.567446642975943E+001
    991  1.944648543727605E-012  1.231363157114407E+002
    537  1.944846273365843E-012  1.125112752379971E+002
   1002  1.904552155145256E-012  2.361699897771763E+001
    962  1.878128758174716E-012  1.175755969665067E+002
    785  1.855307788558321E-012  1.286072777556246E+002
    248  1.840843910764924E-012  4.929206523903117E+001
    558  1.826254272947612E-012  4.227304119052906E+001
    449  1.809794438853213E-012  1.044712539182624E+002
    727  1.785188537958105E-012  1.127261010343926E+002
    728  1.789674839592645E-012  3.789656117634676E+001
    153  1.787498603109562E-012  2.775456480009851E+001
    798  1.777035190969169E-012  3.003523913071240E+001
    414  1.713661153673807E-012  1.261040539187754E+002
    393  1.698116952634113E-012  1.377944094274052E+002
    529  1.695629397606435E-012  1.141592235693823E+002
     46  1.683691886471026E-012  1.284134233091297E+002
    778  1.686382155241931E-012  5.582786006193776E+001
    999  1.669461495602047E-012  2.142973991910956E+001
    863  1.657272591009197E-012  1.128369123560983E+002
    641  1.658970401726632E-012  1.110323769837085E+002
    986  1.615835252429012E-012  1.126690420180430E+002
    894  1.595834368509046E-012  6.156533732441117E+001
    951  1.572937970326399E-012  2.773259743149481E+001
    746  1.552574301119880E-012  3.445244989490512E+001
    957  1.525755586176968E-012  3.461443930534469E+001
    935  1.504834689455687E-012  1.167644475137030E+002
    689  1.507709657550728E-012  1.081442765454168E+002
    375  1.497398951832156E-012  1.128843806700145E+002
     61  1.482530521790540E-012  1.291862105641820E+002
    666  1.407051608149606E-012  1.319276261345931E+002
    322  1.412616733295126E-012  1.088829711471428E+002
    678  1.393663319820359E-012  1.212682101451038E+002
    159  1.394896999514593E-012  2.959432182059479E+001
    686  1.380724890608597E-012  1.154953904603925E+002
   1025  1.354911648870392E-012  1.205073342210046E+002
    952  1.343761956113201E-012  1.191309658868240E+002
    448  1.338943419698157E-012  1.125646933017709E+002
    135  1.339880670210242E-012  1.083939613929496E+002
    544  1.337610763132073E-012  1.071267351454837E+002
    389  1.292172689040092E-012  1.039341741541067E+002
   1024  1.278147853641808E-012  1.277930033606083E+002
    824  1.262307812767460E-012  1.194522314372787E+002
    439  1.269531609576939E-012  4.924186336000197E+001
    201  1.260190293354797E-012  3.720461396276627E+001
    921  1.139161847329604E-012  1.273121510734392E+002
     57  1.142599680391645E-012  1.083254677565710E+002
    396  1.111693257119583E-012  1.176382336104358E+002
    198  1.090426271658881E-012  1.052813288910866E+002
    580  1.061277725463617E-012  1.217801007557081E+002
    642  1.063472233754810E-012  6.121217372353233E+001
    118  1.064272814393981E-012  5.870226478360483E+001
    791  1.070411990674194E-012  3.768157310789423E+001
    267  1.038746256045057E-012  1.105747384204002E+002
    930  1.015349872483446E-012  1.294348751600228E+002
    995  1.015836148858453E-012  1.275962865512414E+002
    521  1.002072944615086E-012  1.080318974552513E+002
    446  9.917516497043490E-013  1.160277562509484E+002
    786  9.743240512385660E-013  1.279336631708856E+002
    752  9.598162290987473E-013  1.140894925790380E+002
    464  9.593085601899615E-013  1.130579433911173E+002
     23  9.659729825271516E-013  4.284814046185456E+001
    741  9.023294030713918E-013  3.544677698475633E+001
      2  8.809592971354144E-013  1.086026585352107E+002
   1020  8.885226025059121E-013  6.001917042994083E+001
    628  8.625092087873325E-013  1.177839172244635E+002
    111  8.465133072500586E-013  1.085358398578049E+002
    822  8.512700759130373E-013  2.419654441569213E+001
    782  8.507747771009911E-013  1.613977519891939E+001
    750  8.260414778222660E-013  1.128080029568008E+002
    574  8.069605239729543E-013  1.342802604746010E+002
     83  8.155373810818840E-013  4.584982776806759E+001
    525  8.065458457745518E-013  4.155971528940107E+001
   1031  7.725169621068299E-013  1.295345147363496E+002
   1014  7.747445275742506E-013  1.186529645811651E+002
    475  7.724943168893572E-013  1.108802345027426E+002
    866  7.785224579601301E-013  2.799080532753403E+001
    326  7.793793389566418E-013  2.586613929058441E+001
    950  7.571050325646901E-013  1.128027163318073E+002
    819  7.441604721434218E-013  1.181414190657173E+002
    823  7.508090337424571E-013  1.077858725424254E+002
    283  7.401396397482277E-013  1.094155347028413E+002
   1001  6.988506542031052E-013  1.258335800160255E+002
    327  6.938503172574333E-013  1.167020073324121E+002
    138  6.604796594535913E-013  1.169946310222281E+002
    825  6.562922512466579E-013  1.095237679808366E+002
     55  6.639252195107783E-013  1.089359960186049E+002
    793  6.380969671127503E-013  1.162464656753858E+002
    197  6.245363955572315E-013  1.176137630409119E+002
    780  6.171940157657605E-013  5.423822798903431E+001
    747  6.076147869146229E-013  3.431788431193335E+001
    973  5.957965894813375E-013  1.156966733805309E+002
     73  5.950364379384872E-013  3.965688865444611E+001
    404  5.697225045650767E-013  1.263882744482872E+002
    149  5.640815015303448E-013  1.048024524338471E+002
    531  5.414045810591282E-013  1.186885790690967E+002
    561  5.227332957098587E-013  1.275254668407063E+002
    429  5.132979519943918E-013  1.245973625742185E+002
    821  5.120155486931934E-013  1.225208798638500E+002
     67  4.998946643530675E-013  1.319990084283459E+002
    739  4.986444472546473E-013  1.172668859422338E+002
    539  4.840811018179070E-013  1.306951685075199E+002
    499  4.837801181061671E-013  1.093621208996954E+002
    706  4.514796945830999E-013  1.284572801624853E+002
    636  4.505486645636433E-013  1.160940016480135E+002
    542  4.602747723740305E-013  1.133059377671211E+002
    239  4.340352972668394E-013  1.090293393204929E+002
    557  4.179205788719021E-013  1.284918547625140E+002
    767  4.191774905156047E-013  3.766939742637059E+001
    432  3.997141941504855E-013  1.116430390204125E+002
    472  3.988837667058478E-013  6.126335818907103E+001
    877  3.815059851688843E-013  1.119729914151030E+002
     16  3.905577749561140E-013  6.113249912120045E+001
    254  3.917812830956779E-013  4.679959746144570E+001
    516  3.792051692851667E-013  4.215156971233037E+001
    911  3.727770663506887E-013  3.136375872484097E+001
    665  3.603530710600703E-013  1.313942342006021E+002
    175  3.443375423843104E-013  1.198659601026961E+002
    619  3.402645759286161E-013  1.119189168759601E+002
    654  3.455019577529453E-013  2.506021688875276E+001
     84  3.215469400712941E-013  1.312043008921371E+002
    146  3.260176491613477E-013  5.901004673211595E+001
    584  3.113504447096851E-013  1.304484537172835E+002
    459  3.186971180182946E-013  2.395894778585849E+001
    503  3.064785159872156E-013  1.301573226948983E+002
    505  3.115864436425814E-013  1.285122325323589E+002
    583  3.113407706943405E-013  1.590847703007305E+001
    966  2.944227506269029E-013  1.228577076214966E+002
    456  2.825277860912786E-013  1.160488352544329E+002
    494  2.857702535382597E-013  1.120326027706518E+002
     26  2.698557854295582E-013  1.318335521284131E+002
    932  2.743688241149419E-013  1.269063264044391E+002
    729  2.663696117015471E-013  1.072165524940517E+002
    501  2.652928631862252E-013  3.288903043920949E+001
    661  2.742869767423310E-013  3.138362649544596E+001
      3  2.508824606283868E-013  1.109319151840975E+002
    762  2.451471798165432E-013  1.084688215887346E+002
    474  2.430148057530487E-013  1.077995169160013E+002
    319  2.233134183564218E-013  1.314401949169826E+002
    881  2.292728516437844E-013  1.251160304144774E+002
    303  2.166156699407165E-013  4.562801977383133E+001
     96  2.233234016271626E-013  4.043910501029072E+001
    931  2.189014668631932E-013  3.409286993597820E+001
    406  2.052388797018722E-013  1.262276715483494E+002
    394  1.976574480090097E-013  1.192870064804590E+002
    128  1.937380866976523E-013  1.064879368101954E+002
    102  1.991287056146951E-013  5.986406874713763E+001
     20  1.887932280031341E-013  1.280701326614214E+002
     69  1.978198635603256E-013  5.739130524664890E+001
    832  1.869178136509315E-013  1.288053372923729E+002
    489  1.864905666718913E-013  3.921912154745923E+001
    452  1.660291339505266E-013  1.196661558089543E+002
    255  1.695429492743460E-013  1.068160821413137E+002
    189  1.697760517990331E-013  4.577297798720381E+001
    829  1.727637575093665E-013  3.106473709110810E+001
    563  1.403340159544715E-013  1.294816013059754E+002
    797  1.492170100021822E-013  1.282079264928535E+002
    271  1.552144279302728E-013  1.113896391195579E+002
     70  1.592076270367252E-013  4.550613920937534E+001
   1011  1.423735147656321E-013  1.274245221688797E+002
    882  1.366068792104495E-013  1.269804246439967E+002
    660  1.435864745927297E-013  1.215989223434023E+002
    147  1.449202170953003E-013  1.201194271720583E+002
    487  1.350128506944886E-013  1.107142150641584E+002
    209  1.428029653089862E-013  1.061959834495438E+002
    734  1.176419771957262E-013  1.260391488080743E+002
    112  1.204282192368639E-013  1.241485400336660E+002
     75  1.217416692130404E-013  1.192707498518571E+002
    853  1.316797721426377E-013  1.179737982448887E+002
    502  1.116367842494925E-013  1.219930863874545E+002
    236  1.209439388336860E-013  1.196071090108000E+002
    843  1.285211384316706E-013  1.112085873310290E+002
     42  1.165196980164530E-013  1.092170638731809E+002
   1022  1.036475387044242E-013  1.323417007094679E+002
     66  1.056323690114217E-013  1.277443716709502E+002
    742  1.132313515642475E-013  1.086773788226801E+002
     92  1.165289521764390E-013  1.068632796964387E+002
    380  9.242017221384749E-014  1.308612105592879E+002
    611  9.494777919657221E-014  1.139223039596770E+002
    142  9.401620438739422E-014  1.090026123541961E+002
    352  1.034723065445621E-013  4.256249962081733E+001
    441  1.050413091076894E-013  3.453402514696941E+001
    903  1.004122725737886E-013  3.023484544191354E+001
    401  8.971080642375179E-014  1.084482551386048E+002
    240  8.905310164725972E-014  6.114871311085021E+001
    161  8.236752182079501E-014  3.970176114323759E+001
    954  8.360601990068802E-014  2.312746968263935E+001
     11  6.990855948078082E-014  1.285641908437965E+002
    892  7.230039452707537E-014  1.255978693087662E+002
    899  7.622753619633153E-014  1.116278943327693E+002
    775  7.848877365138864E-014  1.096892988207100E+002
     14  5.824945310797546E-014  1.301546099868189E+002
     93  6.163350116421204E-014  1.292480998125374E+002
   1035  6.295104859981907E-014  1.209639445667985E+002
    124  6.720250047523015E-014  1.183672257029592E+002
    125  6.252469805612259E-014  1.106384056468346E+002
    897  6.641397445470641E-014  1.091577167544769E+002
     50  5.754668558705206E-014  6.034164514485035E+001
    635  5.971608359522062E-014  3.801756730550532E+001
    586  3.916155406652009E-014  1.290487457278724E+002
    604  4.183600133144465E-014  1.268675064734965E+002
    108  4.641254952035763E-014  1.198170151604363E+002
    368  4.214824313642238E-014  1.173997691087201E+002
     60  3.973616676887845E-014  1.165865042802110E+002
    861  4.408792353942445E-014  1.129992955733451E+002
    888  4.077222200863539E-014  1.104980524817614E+002
    526  4.415791116461956E-014  1.092552480865137E+002
    229  3.920868701540319E-014  1.078792090195175E+002
    317  4.837768099936951E-014  5.776345718518971E+001
    290  2.871412266651340E-014  1.303217749914562E+002
    878  3.270377572181670E-014  1.161475012650194E+002
    852  2.023204799000221E-014  1.283194925419818E+002
   1070  1.739273207301307E-014  1.263330837666197E+002
    545  2.470698490661506E-014  1.210540635227126E+002
    839  2.353882802628042E-014  1.112767050306077E+002
    244  2.317527649416764E-014  1.071481324073836E+002
    691  8.967238132913015E-015  1.092707246312704E+002
    335  1.538097157310496E-014  1.069294359332194E+002
    277  1.452335915625306E-014  5.877634920518132E+001
    772  2.146454543835834E-014  3.465762257233271E+001
    811  1.134476177802897E-015  1.302330380014160E+002
    761  2.186375904867098E-014  1.125001170052366E+002
    460  5.279583865556305E-015  1.287043592373545E+002
   1043  1.186991367911668E-014  1.183436086714867E+002
    180  1.310834697180666E-014  1.131624666385693E+002
    204  1.357733416957493E-014  1.087499796082763E+002
    998  1.844397458152211E-014  1.088331407865777E+002
    640  2.057183439873373E-014  1.598501164384855E+001
    234  1.501759967113316E-015  1.217426613147191E+002
    451  7.646918475941822E-015  1.208517876582337E+002
    373  3.929512386013049E-015  1.181059997448311E+002
    490  1.255378821818530E-014  1.154002871528486E+002
    677  1.796234109211174E-015  1.126174859303677E+002
    617  8.776671412757245E-015  1.121040493080894E+002
    468  3.809844114325120E-015  1.088509625660643E+002
      5  9.158031619800713E-016  1.069651182940036E+002
    717  9.072241788843692E-015  9.991979604628325E+001
    100  8.332692208911132E-016  5.564687376116437E+001
    652  4.381580320374769E-015  4.083419339383966E+001
    800  5.935539889305560E-015  2.344853902492484E+001
      1 -1.028894496358570E-013 -4.557161126570968E+001
