   1080
     37  1.537872209615987E-002  1.342863482497035E+002
    342  5.988909845227500E-003  5.470090458625116E+001
    381  4.179387109650383E-003  1.346194539055510E+002
   1064  3.731732420964255E-003  1.320920094210417E+002
    424  3.713788049039848E-003  1.325497610521547E+002
    930  3.589486204174390E-003  1.326638081608864E+002
   1042  3.176102055685032E-003  1.341514018240207E+002
   1066  2.980097723801462E-003  1.339662386256463E+002
    778  2.858345647854801E-003  4.948641649259005E+001
    383  1.514255491159931E-003  1.329313747891841E+002
    169  1.483883159462359E-003  4.941143315454123E+001
    838  1.007227225049440E-003  2.409705164787495E+001
    275  9.270442680335090E-004  4.625090273224978E+001
   1060  8.101770279399083E-004  1.333115783714571E+002
    425  7.159967253734538E-004  1.327276930714175E+002
    737  6.561510313036872E-004  9.992248835600154E+001
    313  6.454817487447154E-004  4.860068485987158E+001
    848  6.341976253797391E-004  2.415495490630330E+001
   1052  6.003290403593716E-004  1.344917158692384E+002
    249  5.881922875821637E-004  1.320638588175295E+002
    879  5.365266617677943E-004  3.882838784235468E+001
   1048  4.356150504980475E-004  1.344046302448102E+002
     56  3.815126548182155E-004  5.104771178051914E+001
    445  3.764391819438854E-004  4.479573540473374E+001
    343  3.707150875592218E-004  1.314977675416337E+002
     84  3.578145566131739E-004  1.317657447409053E+002
     38  3.540291168689770E-004  4.504617049663652E+001
    904  3.497835212348721E-004  1.060536335309056E+002
    302  3.389652223059089E-004  1.341144219295502E+002
   1050  3.302168563346464E-004  1.354324795947707E+002
    151  3.279470203342448E-004  4.629598270815639E+001
    479  3.222793886695960E-004  1.011518655534602E+002
    340  3.191489173625230E-004  5.491028634626824E+001
   1001  3.116377566649624E-004  1.272521825759827E+002
     39  3.007979061206457E-004  5.478568736420238E+001
    128  2.822675599220936E-004  1.015664274854883E+002
   1061  2.780235435594026E-004  1.362106241826424E+002
    388  2.655753048502642E-004  1.343029464724711E+002
    436  2.531321037484821E-004  3.626225683337820E+001
     55  2.511656066035350E-004  1.268995824612153E+002
    901  2.478837353826001E-004  3.845013830872102E+001
    296  2.458962357532538E-004  4.421896508194837E+001
    279  2.358910563994455E-004  1.311131492595320E+002
    698  2.295566909094399E-004  2.760588378246693E+001
    504  2.230535900596644E-004  3.931121694214350E+001
    229  2.151545465179740E-004  1.316243700788127E+002
    576  2.038356188947276E-004  3.475387160740764E+001
    511  1.833789823932324E-004  2.738007805691525E+001
   1019  1.825973398531074E-004  4.226093301429172E+001
    358  1.699909435579624E-004  1.318696742776113E+002
     17  1.647310324151213E-004  4.293928559199119E+001
    720  1.587227689490958E-004  3.051438163812399E+001
    983  1.518175696457880E-004  3.045737089485879E+001
    614  1.488622512915807E-004  2.843387532605292E+001
    418  1.441179545518707E-004  1.070716440215157E+002
   1073  1.387496086415154E-004  1.304910061292189E+002
    348  1.370585745270646E-004  3.782799771367316E+001
   1017  1.277128844669553E-004  4.232471387087585E+001
    779  1.262116534692652E-004  6.132976639917543E+001
    595  1.253429626033095E-004  4.384337703649580E+001
    525  1.252999974186028E-004  3.853005041859911E+001
    160  1.237331300457366E-004  4.004301078176525E+001
     64  1.215665214977453E-004  4.542961201541338E+001
    810  1.175012262026100E-004  1.618841834910751E+001
    264  1.133162423499800E-004  4.599731721039328E+001
    277  1.057044370802772E-004  5.432647944530162E+001
    669  1.048341528785988E-004  3.953475820519718E+001
   1026  1.046664311594470E-004  4.573921408521242E+001
    747  1.043516195348680E-004  3.567426501997931E+001
     51  1.012810855043915E-004  1.070217123125432E+002
    898  9.890849924507098E-005  3.839201365471855E+001
    608  9.679477268014031E-005  6.420235382070479E+001
      8  9.656923936718226E-005  2.484653749093246E+001
   1059  9.354161268507453E-005  1.358256631735167E+002
    130  9.310379802388232E-005  5.736433128393936E+001
    902  9.078077660446590E-005  5.923075391291473E+001
    786  9.041201425671496E-005  1.093898788587897E+002
    152  8.553488544853757E-005  1.077211090264468E+002
    385  8.396970356029848E-005  4.731744763749968E+001
    422  8.383397826402793E-005  1.538237819988055E+002
    990  8.218364163704106E-005  3.712296305298273E+001
     16  8.099838733068113E-005  6.083933078477587E+001
    877  7.759932261484807E-005  1.279743023107976E+002
    831  7.656455513555719E-005  1.789800537112603E+001
     58  7.589365631529618E-005  1.065754669593027E+002
     44  7.407746816715487E-005  1.305222961966416E+002
    355  7.341868002847354E-005  5.531634575192984E+001
    559  7.058392925582548E-005  3.855690414187638E+001
    441  6.933442755450410E-005  4.253596576130936E+001
    310  6.892069263713695E-005  1.316982726065727E+002
     65  6.737289194212982E-005  5.321138626030686E+001
    347  6.700892239364300E-005  3.566353374788169E+001
    301  6.582876895456863E-005  4.584194681648900E+001
     98  6.326831376948894E-005  1.096324022234439E+002
   1041  6.279363525147520E-005  3.422520680903303E+001
    188  6.168701924603689E-005  5.746267104075711E+001
   1008  6.049175404910629E-005  1.301207887268855E+002
     31  6.027050072610768E-005  3.769211071525608E+001
    375  5.963081637729854E-005  1.296088936816090E+002
    958  5.836396880337013E-005  3.213390081040112E+001
     57  5.815923417241006E-005  1.276851378242543E+002
   1033  5.813268484289526E-005  2.874053178768616E+001
    915  5.768919460912854E-005  1.106494668703556E+002
    182  5.746045231228049E-005  5.411104399457733E+001
    827  5.662524366282616E-005  3.409310997627640E+001
    568  5.544337063721372E-005  1.333922762024543E+002
    378  5.506604773488614E-005  3.787032732008765E+001
    112  5.433771278623057E-005  1.062584145503753E+002
   1076  5.336330846358363E-005  5.341280271007111E+001
   1068  5.117868564051083E-005  1.396436663909797E+002
    583  5.115245841556065E-005  2.909744702447652E+001
    584  4.997329952177663E-005  1.306919556886777E+002
    995  4.855191212636472E-005  1.294442843845866E+002
    988  4.809460731023959E-005  1.293587579307074E+002
    157  4.800781217367724E-005  3.423695493613279E+001
    598  4.779679376966617E-005  1.070288421953979E+002
    882  4.719143728855940E-005  6.121464845533989E+001
    916  4.702882215476058E-005  1.283571610930398E+002
    891  4.570408401485197E-005  2.753424185241757E+001
    176  4.556776766438741E-005  3.975958814453082E+001
    465  4.489385641669391E-005  1.094704059027572E+002
    167  4.294882810811363E-005  1.293191512595130E+002
    145  4.285056545177630E-005  1.313771285609838E+002
    710  4.202906826138218E-005  1.048845504576103E+002
    795  4.028911407890804E-005  1.173572569430999E+002
    575  4.028405160009500E-005  1.262126421502450E+002
    622  4.027646432802244E-005  2.960842444949463E+001
    654  4.007065317789934E-005  2.774085074348426E+001
    673  3.958398328139511E-005  6.109201132688620E+001
    794  3.929296388736123E-005  4.148742141541591E+001
   1074  3.783481126408859E-005  1.321926832065285E+002
    703  3.718481254380549E-005  1.110481358426624E+002
    649  3.700480301111169E-005  1.074036199417954E+002
    547  3.593029734838197E-005  1.207379905631001E+002
    137  3.589123554633202E-005  5.334742079859637E+001
    963  3.579743544606776E-005  3.335084180599539E+001
     89  3.499952462661539E-005  5.896013142916861E+001
    537  3.499459679935432E-005  1.264969617800405E+002
    563  3.495352727111593E-005  1.176182930415892E+002
    290  3.445465464029012E-005  1.305966325299666E+002
    562  3.437571709786109E-005  3.950258176442497E+001
    822  3.348089280456889E-005  2.596547649427322E+001
    704  3.328999201495283E-005  1.059120748035276E+002
    469  3.247123292966398E-005  2.802647541223082E+001
    540  3.108078243303652E-005  3.867567878206513E+001
    716  3.051052033969317E-005  3.778793509308388E+001
    399  3.036935307340687E-005  1.206306766099913E+002
    776  2.985490769832719E-005  5.535088125043978E+001
    631  2.976255885369581E-005  1.107616416049454E+002
    585  2.969250438268613E-005  1.286171858003850E+002
   1079  2.968167357266736E-005  1.303107676632139E+002
    876  2.965847425543960E-005  2.693670751290862E+001
    544  2.961442253674677E-005  6.127630238144092E+001
    404  2.928061783971514E-005  1.279543526275624E+002
    165  2.907130589373419E-005  6.296145084739301E+001
    658  2.897834211004189E-005  2.536745781856646E+001
    845  2.835381127737474E-005  2.927762953243320E+001
    114  2.824060733754013E-005  5.256113763598204E+001
    396  2.781604484184644E-005  1.174099734703846E+002
     26  2.701748799576264E-005  6.338225363867880E+001
     33  2.697596441241508E-005  4.045638566615079E+001
    880  2.654330296658940E-005  2.983968575614941E+001
    635  2.622875424233723E-005  2.513056353512450E+001
     81  2.575206917605811E-005  1.285208677219000E+002
    814  2.553229085997797E-005  1.066334268034696E+002
    415  2.552013912644981E-005  5.629581637201602E+001
    225  2.545729129186303E-005  4.596234092444288E+001
    773  2.545718683317330E-005  1.044217635615887E+002
    592  2.537911025759743E-005  6.305959142723653E+001
    700  2.512458330544417E-005  3.317123031643270E+001
    363  2.444082391471626E-005  4.660779483183856E+001
    648  2.419892169877931E-005  2.953999474892472E+001
    289  2.414482857261002E-005  5.887415173331902E+001
    242  2.393912247673485E-005  5.562583200754403E+001
   1039  2.322757531806356E-005  1.314715581257088E+002
    116  2.314372386309568E-005  1.288063088971311E+002
    906  2.302878082492627E-005  3.064931720080771E+001
    942  2.297027412038934E-005  1.131465531441418E+002
    621  2.296684801857664E-005  2.896854787751031E+001
    466  2.276484643699879E-005  5.317172487639147E+001
    194  2.265821600598989E-005  5.603111626794400E+001
    558  2.261700814649786E-005  3.647234998568886E+001
     71  2.246818896275781E-005  1.271527032296776E+002
   1013  2.236610044120326E-005  2.434132374489397E+001
     68  2.218784230176283E-005  1.101537521701565E+002
    230  2.216745394492428E-005  5.874796504624639E+001
     41  2.193015914157028E-005  1.227841845491202E+002
    741  2.185882951784044E-005  3.278055907875648E+001
    350  2.118934451160918E-005  1.069471133163113E+002
    248  2.110277455246688E-005  3.066258387389357E+001
    823  2.087607025110618E-005  1.266719750907104E+002
    663  2.074274368229713E-005  2.523382761841791E+001
    948  2.040711994356928E-005  1.125346019297597E+002
    414  2.020223870856181E-005  1.292193813881441E+002
   1020  2.019053774972272E-005  1.021792890793860E+002
    675  2.009335684566047E-005  1.226227773719321E+002
    883  1.991190302679352E-005  4.531490195272019E+001
    159  1.980642162726410E-005  3.425822487556562E+001
    936  1.956117823886539E-005  3.426879977426059E+001
     19  1.913071292253830E-005  5.683082696386948E+001
    329  1.857790540886631E-005  1.525364616101343E+001
    980  1.825157643640874E-005  1.069155821278825E+002
   1022  1.824766289308963E-005  6.118430914066833E+001
    774  1.801892647272640E-005  1.032360426035470E+002
    359  1.774112323929079E-005  4.035906684337910E+001
    435  1.762062732526743E-005  5.306734484786538E+001
   1080  1.752504214182201E-005  1.190869087148394E+002
    243  1.746706936413878E-005  1.126715765412703E+002
    226  1.726167712056493E-005  3.924493713332908E+001
    589  1.724168635694604E-005  3.738291913412129E+001
    609  1.714229620806770E-005  3.146923546074296E+001
   1003  1.707187864717079E-005  1.127143455798421E+002
    450  1.705506279106049E-005  2.892423345306968E+001
    932  1.700704381840682E-005  1.087089241068068E+002
     47  1.679707243500559E-005  6.025470585832118E+001
    123  1.673578521708793E-005  5.789955059629722E+001
     30  1.669386007451613E-005  3.961435391585434E+001
    732  1.657603307929372E-005  1.215984581642913E+002
    910  1.652894422622390E-005  1.105222978418177E+002
    626  1.637719485478906E-005  3.196505539864106E+001
     45  1.615222743437653E-005  5.780609965841833E+001
    244  1.607522314401284E-005  1.148603536350415E+002
    509  1.599260816440402E-005  1.282147152483832E+002
    134  1.586151835378764E-005  3.230559535264491E+001
   1044  1.566723634791714E-005  1.280990485487359E+002
    437  1.565718400556684E-005  1.165834668470619E+002
   1063  1.555247376189906E-005  4.158728893163137E+002
    702  1.519555314932703E-005  2.019540254331992E+001
    144  1.519125208019055E-005  5.764313994132664E+001
     18  1.518326643698701E-005  1.176706244378889E+002
    103  1.484546904684276E-005  1.312955869622884E+002
    477  1.463872560149216E-005  5.398048090683206E+001
    921  1.462132474714089E-005  1.278874287407318E+002
     92  1.444629165574603E-005  1.275286500820820E+002
    672  1.441890196476736E-005  5.447389931517302E+001
     49  1.439664066517185E-005  3.844315466323439E+001
    884  1.439227977563285E-005  1.087459094739317E+002
    125  1.406293828627366E-005  1.083944573932526E+002
    406  1.401985040611891E-005  1.289410134459407E+002
    113  1.390808081626366E-005  1.132988765946676E+002
    693  1.362156155294331E-005  3.121888346647914E+001
    897  1.353566521467901E-005  1.221248967584833E+002
    551  1.306559018735941E-005  3.436942614620276E+001
   1007  1.294332025186312E-005  1.311417867263393E+002
    546  1.278896828528940E-005  5.812208685443625E+001
    548  1.276044560308119E-005  5.559427591382534E+001
    104  1.259830197378614E-005  1.292626721742558E+002
    791  1.239179911630778E-005  2.099603579997237E+001
    100  1.229999648630333E-005  5.908479669129964E+001
   1070  1.210440526807923E-005  1.084320351560529E+002
    227  1.207295079814917E-005  1.057033944122386E+002
    767  1.194841171634826E-005  3.015209130280775E+001
    545  1.193255298425698E-005  1.214127681893156E+002
    135  1.189987813385189E-005  6.253025421116679E+001
   1002  1.160107719909217E-005  2.420075971046694E+001
    139  1.152555511447124E-005  6.017660592087329E+001
    316  1.138761972604966E-005  5.362487914354079E+001
    433  1.129207351297941E-005  5.290937477033229E+001
    931  1.127809186205142E-005  3.419033130663160E+001
    442  1.126375655334909E-005  1.160396777235910E+002
    605  1.096188151104795E-005  1.085856897955188E+002
    869  1.085348832492692E-005  3.135854099308933E+001
    934  1.071702149157306E-005  1.083038869025097E+002
    237  1.069176167005631E-005  5.556509490059524E+001
    430  1.059291026023178E-005  1.123092284571979E+002
    927  1.046195135020806E-005  2.624650864464868E+001
    499  1.036139070976393E-005  1.096719007459395E+002
    561  1.024596439281948E-005  1.087788385322329E+002
    917  1.001018915658964E-005  2.755617199691822E+001
    763  9.965867708478396E-006  3.306684655569454E+001
    999  9.824229303634043E-006  2.646960059774937E+001
    432  9.796847520153188E-006  1.177438504362374E+002
     77  9.701900552091112E-006  5.370923101813037E+001
    634  9.668654532354275E-006  1.197701932543413E+002
    454  9.515828003787451E-006  5.567518176286683E+001
    979  9.248791093540885E-006  1.176828981634927E+002
    306  9.228677913098475E-006  3.960701009996466E+001
    817  9.159301387034200E-006  1.107179962706250E+002
    866  9.058404039374664E-006  3.822130155258603E+001
    321  8.891598430045081E-006  1.163818968519567E+002
    996  8.826467171111664E-006  4.580028280988525E+001
    121  8.727067671352865E-006  1.130154909157575E+002
    775  8.550120003024085E-006  1.088753656164789E+002
    920  8.516529636549536E-006  4.212057304201551E+001
    727  8.459344403193481E-006  1.153176280085931E+002
    712  8.388732583149632E-006  5.583474766830866E+001
   1016  8.378077266397660E-006  3.417374194629690E+001
    427  8.134982472444088E-006  1.300742952453998E+002
    357  8.037265430006956E-006  1.310320168338018E+002
    722  8.010892680827361E-006  4.343257497072364E+001
    196  7.991503760148146E-006  5.913272525796437E+001
    284  7.899081777009476E-006  5.864443875243541E+001
    978  7.846254069284819E-006  3.689267782785568E+001
    132  7.799771020994354E-006  1.263453015360601E+002
    834  7.787322869442708E-006  1.164215139086281E+002
    759  7.753884216812625E-006  1.179881125712661E+002
    617  7.524696870793394E-006  1.129532746929520E+002
    163  7.350815310342592E-006  1.200458020902835E+002
     50  7.244510195729188E-006  5.939788471440445E+001
    611  7.242506300815354E-006  1.124272019648706E+002
    361  7.190159762236712E-006  1.334855783903193E+002
    733  7.152577096384981E-006  3.701192275880980E+001
     95  7.144579170572660E-006  1.110080848604173E+002
    600  7.114538303158493E-006  3.579498872812645E+001
     87  7.010386574066764E-006  5.633397739851014E+001
    417  6.882797422314355E-006  4.566198810302660E+001
    790  6.802139982775418E-006  1.057453353847923E+002
    494  6.801334360450485E-006  1.129225671729400E+002
    991  6.700462085664134E-006  1.092317017697786E+002
    213  6.696878502943020E-006  5.383511399675977E+001
    613  6.604508199319127E-006  3.808866171250383E+001
     14  6.565251243851980E-006  1.190716094080589E+002
    179  6.463669416731116E-006  3.008992647017489E+001
    975  6.441491542044653E-006  4.554966818287383E+001
    221  6.248768983151219E-006  1.114223342366489E+002
    800  6.098569792955490E-006  3.715501943025186E+001
    851  6.077710213448935E-006  2.734266924142806E+001
   1078  6.050910076011610E-006  1.288339532336156E+002
    456  5.928011429778143E-006  1.081847094070985E+002
    319  5.914473184042414E-006  1.308027029897516E+002
    633  5.795728033073641E-006  2.296838485179384E+001
    837  5.724169224076044E-006  2.901187257899960E+001
    950  5.696486527203465E-006  1.192284952660468E+002
    573  5.652774760932490E-006  2.446711842529193E+001
     78  5.580310754279758E-006  1.134591800957990E+002
    830  5.459125803268392E-006  1.278199357820382E+002
   1034  5.440755511734354E-006  1.316628108471680E+002
    911  5.420880526838462E-006  3.754342800933261E+001
    390  5.407238011141069E-006  2.940590242426674E+001
    219  5.388905644126910E-006  1.090037015776699E+002
    644  5.352814742812891E-006  1.082375890314225E+002
    366  5.324264976529549E-006  1.309540879585872E+002
     54  5.317648391237569E-006  5.929344117167137E+001
    858  5.312813420315968E-006  2.138593261055506E+001
    513  5.289679396122800E-006  1.208007299333391E+002
    129  5.246931029213880E-006  5.919692186286717E+001
     99  5.151358013012520E-006  5.894267663985430E+001
    297  5.151146584180703E-006  1.299156169919357E+002
    416  5.115589569272058E-006  3.770871283234191E+001
    615  5.096623433097987E-006  1.134080815025539E+002
    601  5.027176518059976E-006  1.303623358824634E+002
     23  4.792769816441861E-006  3.578102711086950E+001
    861  4.792358389109891E-006  6.357395642030325E+001
    307  4.768434956533658E-006  5.974578834042020E+001
   1000  4.688485162071210E-006  6.231387614315972E+001
    505  4.677520921741472E-006  1.085438252510029E+002
    903  4.623547882003797E-006  3.410253373070628E+001
    344  4.618233346333793E-006  2.890405871618987E+001
    594  4.492227030525138E-006  1.280213428949890E+002
    178  4.415490158651926E-006  3.771855567837337E+001
    696  4.406751925319582E-006  3.858541355862369E+001
    276  4.379568133127494E-006  1.080760564399707E+002
   1035  4.365605868311628E-006  1.130922153144018E+002
    678  4.339648875736456E-006  1.080610182969290E+002
    168  4.281491881090727E-006  6.183989549050450E+001
    332  4.274919784663697E-006  2.438544652024468E+001
   1009  4.252636178817308E-006  2.725972897992215E+001
    273  4.182397244240159E-006  5.548299847276105E+001
    138  4.149381923417145E-006  1.139205806943189E+002
   1056  4.143590603266986E-006  2.878825007498821E+001
    304  4.085781495477825E-006  1.111235114946337E+002
    324  4.076946810571930E-006  3.343240987260896E+001
    449  4.057694956004470E-006  1.209987537834799E+002
    815  4.034695663850476E-006  3.133147890305099E+001
    352  4.025120520097454E-006  3.412284575078682E+001
     82  3.985786104140855E-006  1.168658243191390E+002
    964  3.742639330134085E-006  3.925148508641023E+001
    530  3.738099612444161E-006  3.606566029862945E+001
    766  3.617967047243823E-006  3.611252692341090E+001
    372  3.588174558887361E-006  5.872404146067606E+001
    215  3.583147846320932E-006  1.514872173343622E+001
    391  3.578316437919062E-006  2.724078156213282E+001
    970  3.548693323142100E-006  1.248809854930112E+002
    421  3.508336062191844E-006  1.181698785826636E+002
    235  3.508195914224444E-006  3.444462817994097E+001
    709  3.494624576013914E-006  2.087990173878065E+001
     32  3.484147969519507E-006  3.857618396655785E+001
    664  3.477722568033473E-006  1.098886460548181E+002
    365  3.443529181837453E-006  5.854622202604084E+001
     97  3.421745196838444E-006  5.983587114477093E+001
    913  3.420167517749781E-006  2.401037278618207E+001
    777  3.316330132322606E-006  1.193265202968559E+002
    653  3.281847701795888E-006  1.088511661236754E+002
    960  3.264164525207855E-006  3.887739754163557E+001
    888  3.254884939032700E-006  1.195324275100619E+002
    671  3.149170255206820E-006  1.113086979747230E+002
    723  3.082147340138311E-006  1.170927382019151E+002
    482  3.026010136722297E-006  2.531539615312880E+001
    476  2.904320297708235E-006  2.810793179648220E+001
    973  2.859858820175565E-006  1.046282722201418E+002
    105  2.823478870748799E-006  1.121574710091992E+002
    124  2.807348534975990E-006  1.257123659982563E+002
    689  2.776378692683759E-006  1.076935540833530E+002
    164  2.770311045822434E-006  5.301776917119008E+001
   1057  2.767705353833538E-006  1.086045165887166E+002
    431  2.762035593612940E-006  1.171988049333157E+002
    984  2.750527929700224E-006  1.287634835480242E+002
    446  2.743542589185678E-006  1.261043398665387E+002
    314  2.706598386484985E-006  4.918679643886374E+001
    757  2.694934407251220E-006  3.432202124721923E+001
    384  2.646551587823815E-006  1.257839499477000E+002
    274  2.608509787210042E-006  1.275139047951660E+002
    341  2.604558917686648E-006  1.160724581958694E+002
    684  2.582505201644882E-006  2.701661000637159E+001
    528  2.409880325082222E-006  3.842334189186366E+001
    572  2.397673544404405E-006  2.669346357748370E+001
    578  2.391648104796538E-006  3.763770692715004E+001
    555  2.383934695863520E-006  1.109714133044692E+002
     72  2.332305536411137E-006  1.102848453086709E+002
    864  2.313527740855255E-006  1.095575681877010E+002
    953  2.298217864167648E-006  6.147898090385020E+001
      7  2.261106372192679E-006  2.630307692914614E+001
    267  2.229133644551507E-006  1.127922213213002E+002
    102  2.223275556565916E-006  5.902996626422982E+001
     79  2.132397817830190E-006  5.986406034966046E+001
    459  2.096626118427223E-006  2.815066438252619E+001
    322  2.059787225721785E-006  1.195758107293692E+002
    491  2.014522032619188E-006  3.434374403466671E+001
    122  1.991409181809683E-006  5.856957928173006E+001
    328  1.986113910276596E-006  6.117097305534942E+001
    805  1.975731005939980E-006  1.156696722587529E+002
    190  1.922726264577365E-006  1.043581341768944E+002
    886  1.882662835351152E-006  1.175807308007699E+002
    761  1.856571364801276E-006  6.223717669190264E+001
   1036  1.856567096927744E-006  1.297667902113165E+002
    581  1.854964358639742E-006  3.768368856339602E+001
    516  1.832856564615803E-006  3.011101722258754E+001
    726  1.821258345565771E-006  3.776227546592645E+001
    223  1.815747764178629E-006  5.899648987451491E+001
    413  1.780383744635829E-006  1.184137416939562E+002
    715  1.763117572479910E-006  3.365517866326807E+001
    618  1.749089853225812E-006  1.038752787826033E+002
    885  1.710088683340729E-006  3.413638941809696E+001
    407  1.656666262709966E-006  3.439682744782291E+001
     42  1.631834039974713E-006  1.123467258473767E+002
    670  1.542452891107608E-006  3.546224307617756E+001
    408  1.479604877340478E-006  1.174924764366444E+002
    603  1.479360232588871E-006  1.583625865609918E+001
    370  1.460576292238166E-006  1.147330628195228E+002
    271  1.458126558274776E-006  1.091366753407769E+002
    187  1.439822924265534E-006  1.120898587673740E+002
    283  1.406501768107529E-006  1.067925948205470E+002
    892  1.394356812589757E-006  1.053333243782467E+002
    239  1.393852491425953E-006  1.296185212041367E+002
    364  1.378387319219938E-006  1.211802708198896E+002
    173  1.371083514894998E-006  4.365118861114266E+001
    686  1.354671141513951E-006  1.273196760938799E+002
   1006  1.318171107384256E-006  5.577756108381944E+001
    856  1.305683674913965E-006  1.132390062116629E+002
    360  1.216411634749725E-006  1.335995786340285E+002
    434  1.175288113699561E-006  1.254262719309567E+002
    186  1.173631291320352E-006  1.078715389624255E+002
      4  1.158713412319405E-006  6.038020226711614E+001
    661  1.148080530928123E-006  1.613977519891939E+001
    280  1.136900138104542E-006  1.290402709995743E+002
    228  1.136748027348181E-006  5.870181737054548E+001
    392  1.120178213643229E-006  1.354042236241257E+002
    251  1.050988099065101E-006  2.956235116545113E+001
    801  1.019217535193188E-006  3.967013675003798E+001
    821  1.015893136977461E-006  1.283972449815831E+002
    309  9.787752212195895E-007  1.119022978564775E+002
    875  9.726083721629724E-007  1.274400760464527E+002
    462  9.386709392928423E-007  1.177804664274645E+002
    824  8.866621423670148E-007  1.089320566788155E+002
    556  8.525978619554478E-007  3.143103004668623E+001
     96  8.177025556085120E-007  5.759372088938139E+001
    623  8.138838752464023E-007  1.180664963830262E+002
    994  7.870551087020536E-007  1.159741123613265E+002
   1065  7.747508543873969E-007  3.780308908172631E+001
    797  7.708851774809557E-007  1.103277184759596E+002
    336  7.586486787626819E-007  5.543521821565895E+001
    947  7.459344181721566E-007  1.301799783965055E+002
    288  7.407310234109042E-007  1.162563526903251E+002
    502  6.918815151867496E-007  1.175367677816888E+002
    520  6.806144686375545E-007  1.270721617601450E+002
   1055  6.680741301589256E-007  3.337566352515317E+001
    841  6.612130501390013E-007  1.155476623078035E+002
    976  6.601188740535434E-007  2.806713727402586E+001
    746  6.597740528900503E-007  3.792504513362721E+001
   1038  6.402951747997710E-007  3.101441919683210E+001
    752  6.369140784921539E-007  1.161443162857146E+002
    909  6.212988337802236E-007  1.109194012315849E+002
    458  6.057700068519178E-007  1.189498425290446E+002
    701  6.038320422051813E-007  6.213688937006443E+001
    660  5.728320316713579E-007  1.303820247871189E+002
    859  5.260312426665826E-007  1.111524915119074E+002
    549  4.506119840620508E-007  1.090309694922926E+002
    972  4.460233857850691E-007  1.180212677607782E+002
    156  4.394671271123457E-007  1.119968816859682E+002
    569  4.370371495874806E-007  2.651619209441258E+001
    158  4.280169784650770E-007  1.172235248221458E+002
    894  4.245449799935451E-007  1.179375383519322E+002
    900  4.101075152652314E-007  3.551885531155625E+001
    750  3.882906129791031E-007  1.155138378591535E+002
    211  3.874037383789325E-007  5.428443565407525E+001
    852  3.761667089360764E-007  1.076399849303354E+002
    652  3.509896157824295E-007  2.531226002181987E+001
    338  3.436758252830468E-007  5.721107823363405E+001
     88  3.337042404001301E-007  4.286819341363851E+001
    933  3.323290746972773E-007  2.829789968697080E+001
    939  3.264453815922904E-007  1.292803490402415E+002
    510  3.249202602342257E-007  3.406524215443037E+001
    628  3.208933671676351E-007  1.126166152341939E+002
    760  3.163059289644669E-007  3.795811811771267E+001
    599  3.103872193503459E-007  1.108932996263234E+002
    666  3.094595315583170E-007  1.169792073888032E+002
    855  3.064202037261987E-007  2.600560688278595E+001
    250  3.052199509318296E-007  1.230638413611257E+002
    849  3.025610994430382E-007  1.090823263338786E+002
    826  2.884578872025474E-007  2.898739694460004E+001
    287  2.856176279986810E-007  1.140499574481915E+002
    739  2.779122324525285E-007  1.204942856090064E+002
    149  2.769587247811760E-007  1.246656746453913E+002
    308  2.658596474614349E-007  1.202173824764750E+002
    742  2.620378911416425E-007  1.097557298218124E+002
    298  2.587442757277997E-007  1.113191157780773E+002
    488  2.577974742904897E-007  1.158410205227163E+002
    126  2.528104864023523E-007  3.466424441944299E+001
    986  2.516987031769191E-007  6.123169670057369E+001
    582  2.458443511622396E-007  1.218481357459487E+002
    981  2.382239667786191E-007  1.284698165604208E+002
    490  2.315001225763963E-007  1.128264915776557E+002
    785  2.228373897175373E-007  1.078323813599098E+002
      2  2.163149890881249E-007  1.116475502852595E+002
    862  2.055919015865984E-007  3.898446828520751E+001
    571  1.980402679983926E-007  1.289878455640967E+002
   1047  1.897600063465603E-007  1.364554620409143E+002
    748  1.882599582142753E-007  1.141643657621669E+002
    591  1.829111726006728E-007  3.355333697060609E+001
    419  1.791420484128272E-007  1.308312009553937E+002
    560  1.710611864217853E-007  3.416086135232869E+001
    836  1.695568288243170E-007  1.082825678423908E+002
    198  1.677571422926384E-007  1.126000574035114E+002
    564  1.519241340560432E-007  1.145298426243365E+002
    409  1.488355470036103E-007  1.166694009891897E+002
    295  1.381143567185220E-007  1.309870115228712E+002
    395  1.206854645733542E-007  1.268500633464024E+002
    232  1.202760160503806E-007  2.962108255210120E+001
    220  1.130566025354820E-007  5.892437644921355E+001
    497  1.108578985668708E-007  1.126570147673475E+002
    107  9.848955956708428E-008  5.860623885313043E+001
    802  9.801513017806418E-008  1.079077682248536E+002
    166  9.473335637849748E-008  1.194234040046469E+002
    874  9.134722738485391E-008  2.187224802744607E+001
    717  9.083721319454481E-008  1.073187001809797E+002
    659  8.331546884069712E-008  3.172286733302915E+001
    208  8.030627247944649E-008  1.286478944746181E+002
    708  6.983204013154580E-008  2.999019716619194E+001
    940  6.158882065008751E-008  3.943690762074498E+001
    255  5.098039759404652E-008  1.302447033569741E+002
    536  5.043264084036782E-008  1.260312681675134E+002
   1014  4.387991262946607E-008  1.133381348368473E+002
    281  4.167863861885056E-008  4.111198581260527E+001
    498  3.642581438095193E-008  1.112316333805500E+002
    522  3.340287102767337E-008  3.222576280422910E+001
    681  2.821544075615340E-008  3.259607503616505E+001
    627  2.797747806899622E-008  3.940696744165014E+001
     86  2.717597499811922E-008  1.282652024525121E+002
    612  2.699559729150731E-008  1.124946632073015E+002
    253  2.603940065628102E-008  1.151502211132596E+002
    923  1.952093042450000E-008  1.020981622758500E+002
   1004  1.199038944740876E-008  1.075803420545592E+002
    180  1.027150346909359E-008  1.168063733569748E+002
    207  1.002174127021178E-008  1.295226711833730E+002
    850  9.124989094397248E-009  3.002252060836760E+001
    210  8.765841693290096E-009  1.210120646173054E+002
    470  6.386932527494218E-009  1.157742910458074E+002
    521  4.471071514864533E-009  1.310610451260449E+002
    926  3.154445012932389E-009  3.980396046789575E+001
    487  2.955740228909147E-009  1.176513357903586E+002
    736  2.884397178806460E-009  3.559185987223327E+001
    691  2.598655750844188E-009  1.100239572790982E+002
    967  1.914659477660331E-009  2.289190147802284E+001
    738  1.201619821341563E-009  2.090004753970716E+001
    679  9.550440145363912E-010  2.910145238672048E+001
    590  9.130752691840476E-010  1.576550008598366E+001
    954  7.760579111492471E-010  2.631778647604755E+001
    724  5.468843352190547E-010  2.520059974878809E+001
     91  4.307622599495517E-010  3.009348825587244E+001
    420  4.162714086429077E-010  4.583772231810436E+001
    566  3.866543800683979E-010  3.049749314287664E+001
    945  3.813908229692699E-010  2.736841493942774E+001
   1030  3.088194936759927E-010  2.815039412010666E+001
   1045  2.662261151104276E-010  3.921912154745923E+001
    620  2.641877881699980E-010  3.013958783755973E+001
    222  2.539032652985026E-010  2.528710653288495E+001
    657  2.469388156360070E-010  2.532884140690746E+001
    860  2.468367941238902E-010  2.622084120309369E+001
    111  2.394393304353797E-010  1.243598773515436E+002
   1012  2.335335938801629E-010  2.723312258669467E+001
    471  2.304276453388129E-010  2.963275591369404E+001
    317  2.122514778762729E-010  3.571480742522697E+001
    473  2.088180254464836E-010  3.409286993597820E+001
    744  1.951159892371904E-010  2.824119439761771E+001
    393  1.836865658945562E-010  1.355788256041846E+002
    218  1.607822588521235E-010  2.833399983056912E+001
    992  1.593232887422679E-010  3.801756730550532E+001
    997  1.553988353776708E-010  3.447868912831422E+001
    783  1.483453352999323E-010  4.526673179820873E+001
   1062  1.443542885669307E-010  2.794852323205357E+001
    951  1.366128368897176E-010  2.820387678005197E+001
    957  1.259643039286526E-010  3.440214984487540E+001
    756  1.219708643749969E-010  3.831803922658406E+001
    796  1.206393043060219E-010  2.922592719482343E+001
    782  1.153113560452323E-010  2.719866128003683E+001
   1023  1.130935710314202E-010  3.477213913616621E+001
    161  1.084349463609972E-010  4.577297798720381E+001
     35  1.082309754135181E-010  3.962406029172926E+001
    423  1.037345639902173E-010  3.474194668466802E+001
    447  9.753178209981785E-011  4.562801977383133E+001
    278  9.466425264682265E-011  3.796682632854844E+001
    865  9.464646128363229E-011  2.142973991910956E+001
    588  9.394167849832241E-011  2.889558275952906E+001
    792  9.392435435043909E-011  4.584982776806759E+001
    489  8.941776166705970E-011  3.844792756368751E+001
    587  8.922985294126786E-011  2.946283014340624E+001
    377  8.875239865664935E-011  4.541251878508606E+001
    813  8.768906514179352E-011  3.019475203811447E+001
    808  8.566694958571514E-011  1.022252778822331E+002
    597  8.533436801869055E-011  2.951009550101224E+001
    610  8.330598539597083E-011  2.506021688875276E+001
   1005  8.158577986329561E-011  3.387129235620025E+001
    868  8.123679746042529E-011  3.023484544191354E+001
    326  7.926220107735549E-011  3.417152556524616E+001
    682  7.658486243254139E-011  2.812555695185284E+001
    788  7.605882799568432E-011  3.347920780583872E+001
     28  7.604121825883981E-011  3.307693202001514E+001
   1077  7.462926058922934E-011  3.956832290759487E+001
    519  7.442402496469670E-011  2.964044046295302E+001
    496  7.194320367183211E-011  4.138202556861325E+001
    857  7.080242945196525E-011  3.328285989987418E+001
    630  6.650931800508735E-011  2.133232472295666E+001
    753  6.643201119895340E-011  2.775456480009851E+001
    655  6.430135546655018E-011  3.886878023529649E+001
    405  6.176896058214541E-011  5.417888746516163E+001
    969  5.950191523005118E-011  3.755125424253530E+001
    829  5.561273728523207E-011  2.632282271799158E+001
    887  5.408353519691097E-011  3.402581568876052E+001
    247  5.359242409104079E-011  1.118209204499805E+002
    501  5.331214116256662E-011  2.903741527293687E+001
    452  5.276542164098281E-011  1.304484537172835E+002
    201  5.238998767172048E-011  3.763155082052234E+001
    938  5.099560303805161E-011  3.702977275419675E+001
    181  5.089151415933994E-011  5.744254243062559E+001
    426  5.062745196713932E-011  4.550613920937534E+001
    238  4.854569903061913E-011  3.453402514696941E+001
    453  4.852354589063138E-011  3.574213842680000E+001
    177  4.749404534216056E-011  5.304287455919988E+001
    734  4.681092658148993E-011  1.038594777289185E+002
    809  4.265338352364243E-011  3.560698249709960E+001
    818  4.075914961757675E-011  3.778170481219699E+001
    131  4.068605784648908E-011  4.083419339383966E+001
    448  4.026065145246114E-011  1.147808691958262E+002
    382  4.004267794839416E-011  4.365772226055247E+001
    467  3.892746225276580E-011  3.796838798284061E+001
    893  3.859090896522027E-011  4.155971528940107E+001
    941  3.859330292773570E-011  2.419654441569213E+001
    394  3.640901603802677E-011  1.338807624856300E+002
    400  3.595928936494939E-011  4.215156971233037E+001
    677  3.535847950619077E-011  1.099487953836044E+002
     63  3.413292923118329E-011  5.613820237955890E+001
    534  3.333964663042317E-011  3.780355811396966E+001
    840  3.295677873272621E-011  3.427075716241296E+001
     59  3.265999633961079E-011  5.928221676314659E+001
    711  3.196498609002604E-011  3.489852663635454E+001
    120  3.143596471931675E-011  5.339329746355038E+001
    694  3.116816461821753E-011  3.312629249382376E+001
    118  3.107820805529145E-011  5.881619101264776E+001
    412  3.047976683483551E-011  5.396751286663234E+001
    961  2.990589328786750E-011  3.417601225529881E+001
    765  2.896017969921273E-011  3.431788431193335E+001
    787  2.852499984952011E-011  2.729222684143697E+001
    508  2.792166358806792E-011  3.946329527555739E+001
    263  2.779068015269133E-011  3.772840070404182E+001
   1046  2.757087172672040E-011  1.377944094274052E+002
    944  2.734570836518270E-011  2.939624286314891E+001
    676  2.729450453709299E-011  3.003523913071240E+001
    257  2.638073598145187E-011  3.064277958545134E+001
    707  2.557957110040162E-011  2.639897028880879E+001
    293  2.440839549778458E-011  5.859518518011329E+001
    579  2.410272683511736E-011  3.353713472611462E+001
    224  2.344456675980824E-011  5.564687376116437E+001
    769  2.339071042519855E-011  3.288903043920949E+001
    751  2.296410996243954E-011  3.156300449744440E+001
    398  2.259042250793556E-011  5.559443297146688E+001
    439  2.240474662071568E-011  2.901527651977251E+001
    674  2.185349894607326E-011  2.586613929058441E+001
    692  2.065637653451254E-011  1.149830440656411E+002
    570  2.029895197081545E-011  3.222961340470744E+001
    987  2.028396888375190E-011  3.228217961432350E+001
   1069  1.987412465166129E-011  3.931251329773253E+001
     83  1.970424456336346E-011  3.943491641460432E+001
    908  1.921678323349804E-011  3.942196758210208E+001
     13  1.912709208528653E-011  4.043910501029072E+001
    174  1.885010933077197E-011  4.679959746144570E+001
    895  1.771647021980601E-011  3.269493948796480E+001
    780  1.705455330993559E-011  4.529500169490558E+001
    705  1.688357946489911E-011  3.069091041790419E+001
    403  1.683804728847576E-011  3.777100367362779E+001
    153  1.675497404483599E-011  3.779210500818112E+001
     70  1.647828739351132E-011  3.768157310789423E+001
    625  1.563165531407795E-011  3.461443930534469E+001
    147  1.533697619082189E-011  1.313942342006021E+002
    294  1.466359248897183E-011  1.319276261345931E+002
   1021  1.449719359428274E-011  1.159200206929639E+002
    245  1.428175470432082E-011  3.880469678490620E+001
    444  1.405064382912017E-011  5.447274022079358E+001
    574  1.352121364757750E-011  1.301546099868189E+002
    500  1.350946533475845E-011  3.140508628572108E+001
    586  1.306249894432614E-011  1.312043008921371E+002
    493  1.279400635354902E-011  5.427051031404531E+001
    303  1.267613971941573E-011  5.630986555991154E+001
   1053  1.263901723130325E-011  1.290487457278724E+002
    285  1.263933129121963E-011  5.512211674339599E+001
    607  1.223162817060639E-011  2.636508140986341E+001
   1040  1.209817895778186E-011  4.589771179385998E+001
    209  1.196748071557262E-011  1.210540635227126E+002
   1054  1.186586742578469E-011  1.152257413626876E+002
    870  1.178012790309024E-011  1.154953904603925E+002
    890  1.169268974424756E-011  2.417045648515515E+001
    260  1.162765866560453E-011  5.625145344515472E+001
    650  1.161594714327118E-011  1.609877016713580E+001
     69  1.155915671369078E-011  3.854449238600111E+001
    699  1.123662501678505E-011  1.075105612762544E+002
    602  1.117251013176759E-011  2.156844839634016E+001
    272  1.105477758902782E-011  4.626733593406676E+001
      6  1.037804244430797E-011  3.264561668499369E+001
    768  1.016974723846338E-011  1.121738923332827E+002
    330  1.017787732302184E-011  3.355876742273789E+001
    743  1.015671258860845E-011  2.097266015842631E+001
    918  9.790616916262279E-012  2.787315660462137E+001
    789  9.635855593961046E-012  6.121217372353233E+001
    554  9.532293691436904E-012  2.531894844618999E+001
    646  9.367503954202975E-012  2.799080532753403E+001
    115  9.258392955209383E-012  5.582786006193776E+001
     11  9.242664754654835E-012  1.308828204523467E+002
    667  9.074051480767313E-012  3.122809333059975E+001
    331  8.856972608532338E-012  1.309743709063693E+002
    189  8.849822361709417E-012  5.307829750988225E+001
    335  8.542270216440336E-012  1.263882744482872E+002
    175  8.532333890166918E-012  1.219930863874545E+002
    204  8.474394738985350E-012  1.160277562509484E+002
    141  8.387471438814908E-012  5.947894419863643E+001
    985  8.349733850834513E-012  3.789656117634676E+001
    771  8.248005923955868E-012  2.974093022085369E+001
    731  8.048882124435610E-012  2.395894778585849E+001
    844  8.044053899332951E-012  1.790177189127522E+001
      9  7.925584421627106E-012  4.424140698623744E+001
    645  7.890507774372905E-012  2.773259743149481E+001
    914  7.723749485630112E-012  3.138362649544596E+001
    937  7.509267756179773E-012  1.183436086714867E+002
    842  7.450924628325742E-012  1.073595385116889E+002
    535  7.314839507047292E-012  1.269063264044391E+002
    387  7.138453559883276E-012  3.282974302710221E+001
    730  7.146946792490699E-012  2.172483696974205E+001
    804  7.076578039121833E-012  1.162464656753858E+002
    532  7.033558888659052E-012  2.163446995807031E+001
    484  6.862586873986210E-012  2.402762693077005E+001
    639  6.784021980790313E-012  2.312746968263935E+001
    949  6.769295464367861E-012  3.913916919126598E+001
   1043  6.735267701405234E-012  1.380741713483044E+002
     61  6.735256304073591E-012  1.097605333904931E+002
    517  6.644885907662077E-012  1.055695542091875E+002
    867  6.474643143219630E-012  1.165865042802110E+002
     27  6.223286130230455E-012  6.100423398784413E+001
    318  6.066461400188147E-012  1.277443716709502E+002
    567  6.039107846225828E-012  2.757063841784912E+001
    478  5.950732446030233E-012  1.255978693087662E+002
     10  5.891135291752990E-012  1.085358398578049E+002
     36  5.837394191935836E-012  1.347037227384220E+002
     62  5.769574369870442E-012  6.034164514485035E+001
    515  5.676919659818995E-012  1.286072777556246E+002
    889  5.582788834791028E-012  3.465762257233271E+001
    543  5.476769347302994E-012  1.323417007094679E+002
    695  5.439646098692758E-012  1.280701326614214E+002
    680  5.437089359198232E-012  1.194522314372787E+002
    662  5.295901790199524E-012  1.284918547625140E+002
    265  5.286158674397403E-012  1.092170638731809E+002
    580  5.081454868817515E-012  1.208517876582337E+002
    871  5.017383789974101E-012  3.595683530668435E+001
    468  4.982134700015708E-012  9.991979604628325E+001
    863  4.932970079924864E-012  1.110869010904150E+002
    728  4.900464086776557E-012  2.361699897771763E+001
    745  4.681684687313205E-012  1.051553262699275E+002
    616  4.688975877592208E-012  2.676857812226475E+001
    172  4.677640811423154E-012  6.175691747082481E+001
    401  4.666887425923484E-012  1.241485400336660E+002
    241  4.563383165246748E-012  5.915674406709298E+001
    820  4.550715967927428E-012  2.525054805353794E+001
    337  4.525895701978649E-012  6.218064046170334E+001
    929  4.500358611378182E-012  1.228577076214966E+002
    764  4.451430663178069E-012  1.131624666385693E+002
    503  4.428391184841127E-012  1.196661558089543E+002
    793  4.378404064090462E-012  1.081290817537690E+002
    346  4.332209459834477E-012  1.298660919206632E+002
    376  4.339336486376555E-012  5.860548456050422E+001
    550  4.317557998702274E-012  3.781509978314006E+001
     29  4.248291613189944E-012  1.133059377671211E+002
    878  4.223672411156959E-012  1.128369123560983E+002
    455  4.164269352819515E-012  1.294816013059754E+002
   1029  4.076672807496597E-012  4.596053663301203E+001
     53  4.016268481392431E-012  4.271716190853395E+001
    202  3.994416407610150E-012  1.039341741541067E+002
    966  3.890300693299113E-012  6.259549063988397E+001
    541  3.866245075061223E-012  1.343693024636507E+002
    106  3.842212206782373E-012  3.106473709110810E+001
    199  3.684111502897073E-012  1.119729914151030E+002
    619  3.664051517134867E-012  1.172220117205398E+002
    148  3.656507326848977E-012  5.330479606468482E+001
    526  3.603275592306395E-012  1.123713168749877E+002
    643  3.584566944472760E-012  3.766939742637059E+001
    349  3.532183474691850E-012  3.295425293056501E+001
    518  3.443873031528067E-012  3.428944699913568E+001
    231  3.417278931703694E-012  5.423822798903431E+001
    690  3.406185495199292E-012  2.344853902492484E+001
    101  3.281506923244980E-012  1.069294359332194E+002
    718  3.234553070296464E-012  2.681505874269844E+001
      5  3.214974724320857E-012  1.088829711471428E+002
    735  3.122468607163517E-012  1.068160821413137E+002
    356  3.024862145300815E-012  3.415042982461270E+001
   1011  3.005881860952949E-012  1.288053372923729E+002
    183  3.014488071730626E-012  1.258335800160255E+002
    839  2.992645570731980E-012  1.072010890956036E+002
    656  2.961769134228418E-012  1.141592235693823E+002
    373  2.947427789857593E-012  1.161475012650194E+002
    402  2.912471590878805E-012  1.297546330865524E+002
    565  2.791046718964994E-012  1.275962865512414E+002
    108  2.792019445204706E-012  1.125646933017709E+002
    683  2.776772502681190E-012  1.292480998125374E+002
    117  2.782291570505647E-012  6.040638333707885E+001
    604  2.648268404647584E-012  1.050602398346211E+002
    367  2.636526823858288E-012  5.567446642975943E+001
   1071  2.618584613271305E-012  1.332371626243247E+002
    706  2.545989611670913E-012  1.136391667970821E+002
    912  2.488904654154014E-012  6.224302274721154E+001
    258  2.382003772619583E-012  1.201194271720583E+002
    799  2.377134750979608E-012  1.077145725822762E+002
    749  2.380423400511804E-012  2.159495338523997E+001
    320  2.334100423556807E-012  5.739130524664890E+001
    807  2.293707053132175E-012  3.946553426727878E+001
     20  2.205408223186724E-012  1.128843806700145E+002
     90  2.204976116597888E-012  4.256249962081733E+001
    254  2.148653848947769E-012  5.570237704638058E+001
    835  2.106302601513028E-012  1.167020073324121E+002
    531  2.084178204028149E-012  1.126174859303677E+002
    246  2.073810519334854E-012  1.118983459534591E+002
    443  2.050381201090029E-012  1.231363157114407E+002
    523  2.006085338633893E-012  1.097937820712892E+002
    685  1.988583194140456E-012  1.162897365840124E+002
    474  1.973276504000593E-012  1.117593375942451E+002
    345  1.896743190009678E-012  1.311017678078171E+002
    688  1.902911697453531E-012  1.066838862051319E+002
   1058  1.885185489842137E-012  5.474670035142442E+001
    411  1.891771778863820E-012  2.959432182059479E+001
     48  1.859251490013706E-012  1.215989223434023E+002
    472  1.819362691822261E-012  1.084482551386048E+002
    438  1.811682232712010E-012  3.563345295989614E+001
     12  1.796361472814016E-012  1.301573226948983E+002
    212  1.753718237444710E-012  3.771255202004246E+001
    713  1.746031953641484E-012  3.557755978229710E+001
    557  1.728451434096923E-012  1.284134233091297E+002
    270  1.721530663459468E-012  5.350711406923092E+001
    119  1.703183366654236E-012  1.268675064734965E+002
   1015  1.704445219709536E-012  1.042370232090190E+002
     74  1.703712361060149E-012  5.922548477025595E+001
    486  1.701638885805145E-012  2.894606557925123E+001
     43  1.683190183915756E-012  1.132204696343963E+002
    256  1.671563861698050E-012  1.135491264494711E+002
    811  1.679570392782301E-012  6.124519862114400E+001
    154  1.649322655948305E-012  1.179737982448887E+002
    300  1.637150744748763E-012  1.275254668407063E+002
    798  1.645866713128616E-012  3.136375872484097E+001
   1049  1.624400913200613E-012  3.133367016078528E+001
    925  1.495376378286332E-012  1.319990084283459E+002
    965  1.503670592342132E-012  1.273121510734392E+002
    327  1.458804915269320E-012  1.285122325323589E+002
    380  1.440356247911631E-012  1.308612105592879E+002
     25  1.446420588720651E-012  3.970176114323759E+001
    959  1.424642795922269E-012  1.052813288910866E+002
     22  1.429545262807037E-012  4.378550420816221E+001
    896  1.412171479904059E-012  1.212682101451038E+002
    191  1.403791839012288E-012  4.313813383123015E+001
    755  1.388784122946012E-012  1.245973625742185E+002
    533  1.335306153295255E-012  1.175755969665067E+002
    323  1.309671340652445E-012  5.870226478360483E+001
    236  1.290283696402289E-012  6.113249912120045E+001
    977  1.249605435551186E-012  1.214231005338099E+002
    492  1.200990290292756E-012  1.303937225821345E+002
    812  1.199440611145698E-012  1.119189168759601E+002
    847  1.176116204002526E-012  3.988229127156298E+001
     67  1.160492707481251E-012  1.073097433997933E+002
    195  1.154603914825816E-012  1.068632796964387E+002
    252  1.144081782169080E-012  1.157696826743314E+002
     24  1.144867841672597E-012  3.965688865444611E+001
   1037  1.128906104365901E-012  1.335277660583210E+002
    955  1.137366620823629E-012  1.285641908437965E+002
    171  1.127175388908999E-012  1.192707498518571E+002
     34  1.114027145549179E-012  1.112085873310290E+002
    816  1.060697575854597E-012  1.110323769837085E+002
     94  1.051736182679013E-012  2.290370252525086E+001
    971  1.035637479482233E-012  1.134142236548554E+002
    312  1.040977441122398E-012  6.156533732441117E+001
    514  1.047124453496139E-012  4.284814046185456E+001
    853  1.018386278319779E-012  1.139223039596770E+002
    334  9.945960384660514E-013  4.746511519493414E+001
    762  9.654629987616730E-013  1.127261010343926E+002
    475  9.477656479038912E-013  1.225208798638500E+002
    606  9.063720547341133E-013  1.590847703007305E+001
    214  8.945666577728149E-013  1.105747384204002E+002
    640  8.820987514735807E-013  2.997417646428683E+001
    665  8.546191936953137E-013  1.295345147363496E+002
    770  8.536651063984057E-013  1.061959834495438E+002
    729  8.619859610375767E-013  6.135883822823781E+001
   1028  8.335152472869992E-013  1.284572801624853E+002
    974  8.288350023398673E-013  1.084688215887346E+002
    552  8.093815900174699E-013  1.093621208996954E+002
    647  7.506626685867187E-013  1.129992955733451E+002
    998  7.580213986109079E-013  1.080318974552513E+002
    305  7.457425637366015E-013  1.048024524338471E+002
    146  7.374233259192880E-013  5.986406874713763E+001
    379  7.148769989760957E-013  1.261040539187754E+002
    642  7.164179305069413E-013  1.160940016480135E+002
    740  7.018911302432077E-013  1.198659601026961E+002
    542  6.903754523602550E-013  1.329162316534876E+002
     60  6.847820411949731E-013  1.169946310222281E+002
    485  6.733684060461493E-013  1.096892988207100E+002
     52  6.538481767388981E-013  1.110096174530925E+002
    457  6.271676191146751E-013  2.887857717146865E+001
   1024  6.115479136347962E-013  1.318335521284131E+002
     15  6.147895082725679E-013  1.113896391195579E+002
   1051  6.169846534101512E-013  3.623609188418403E+001
   1031  5.966688832763375E-013  1.251160304144774E+002
    772  5.829258471331485E-013  3.720461396276627E+001
    697  5.712398395749294E-013  1.121040493080894E+002
    668  5.761256738895290E-013  1.059241062055237E+002
    266  5.512600817956534E-013  1.294348751600228E+002
    109  5.482822991334110E-013  1.198170151604363E+002
    638  5.555961030438147E-013  1.169636814827145E+002
    368  5.387946866054111E-013  1.138213271166850E+002
    714  5.481264432342330E-013  1.083065615545923E+002
    136  5.473202971521499E-013  6.121978583143463E+001
    687  5.463604615963674E-013  2.801414260834884E+001
    524  5.266859672544670E-013  3.300184232711695E+001
    291  5.142791882667859E-013  1.101858300541406E+002
   1027  5.026857361376055E-013  1.186529645811651E+002
    905  5.095295653096209E-013  1.116278943327693E+002
    719  5.060666967081788E-013  1.088509625660643E+002
    133  4.922115617504902E-013  2.984234693833937E+001
      3  4.566283723056746E-013  1.209639445667985E+002
    410  4.578783267946298E-013  1.140894925790380E+002
    596  4.590921589912088E-013  6.126335818907103E+001
    369  4.604900723407205E-013  5.869481068587496E+001
    803  4.576303797719110E-013  3.544677698475633E+001
    325  4.465948878301630E-013  1.083939613929496E+002
    205  4.219771724821031E-013  5.386121570632214E+001
    506  4.238302394678251E-013  3.657410125703108E+001
    200  4.073116950359640E-013  1.090293393204929E+002
    527  4.101150175854603E-013  1.075820232206908E+002
    784  4.094783990738560E-013  1.071267351454837E+002
    311  4.189748248162814E-013  4.924186336000197E+001
    481  3.820222436853278E-013  1.279130850987480E+002
    292  3.914912770823668E-013  1.181414190657173E+002
    781  3.751534530850480E-013  1.160488352544329E+002
    935  3.839495010598839E-013  1.104980524817614E+002
    451  3.699879058430012E-013  1.069651182940036E+002
    374  3.640395508428592E-013  6.001917042994083E+001
    261  3.733329396015438E-013  5.576210504926462E+001
   1025  3.621011473709873E-013  1.177839172244635E+002
     40  3.495785657325202E-013  1.175379446895269E+002
    956  3.395118132852813E-013  1.083254677565710E+002
   1072  3.416339417902718E-013  5.904703387172745E+001
    184  3.483260913946693E-013  5.705750096217044E+001
    155  3.392723520616084E-013  4.227304119052906E+001
    234  3.286510612437044E-013  1.071481324073836E+002
    203  3.316866838297974E-013  5.764049505206449E+001
   1032  3.170859630505908E-013  1.335980578757328E+002
     80  3.115162091584454E-013  1.315853494811526E+002
    843  3.178189052014279E-013  1.081442765454168E+002
    924  3.183112912977113E-013  3.438422359989316E+001
    428  3.031720283017239E-013  1.274245221688797E+002
    480  3.020435317099874E-013  1.128080029568008E+002
    339  2.906773563323440E-013  1.282079264928535E+002
    193  2.928735356013869E-013  5.776345718518971E+001
    351  2.758540636428903E-013  1.314401949169826E+002
    389  2.833300198181408E-013  1.106384056468346E+002
     73  2.798236449760004E-013  5.877634920518132E+001
    143  2.783244283424722E-013  5.851477659743665E+001
    197  2.662058602259376E-013  1.291862105641820E+002
     21  2.721559766805763E-013  5.863162405023152E+001
    397  2.607104905792473E-013  1.108802345027426E+002
    725  2.612230749629527E-013  1.090026123541961E+002
   1067  2.497557830587320E-013  1.342802604746010E+002
     46  2.407944432018020E-013  1.263330837666197E+002
    259  2.493372678570977E-013  1.130579433911173E+002
    140  2.506501501404702E-013  1.091577167544769E+002
    233  2.499326186631937E-013  1.089359960186049E+002
    641  2.331207675556328E-013  1.111440682196492E+002
    872  2.385861832516140E-013  1.060222464504734E+002
    962  2.245451890608135E-013  1.262276715483494E+002
    150  2.174789385430634E-013  1.217801007557081E+002
    832  2.213454415408449E-013  6.114871311085021E+001
    185  2.023289971714849E-013  1.279336631708856E+002
    833  2.028047982546592E-013  1.186885790690967E+002
    919  2.105942222245169E-013  1.156966733805309E+002
    539  1.752658681437826E-013  1.305950012975653E+002
    170  1.777239451590174E-013  4.929206523903117E+001
    240  1.659685375426764E-013  1.306951685075199E+002
    495  1.607179786648370E-013  1.154002871528486E+002
    968  1.620887614580549E-013  1.107142150641584E+002
    333  1.370011887306831E-013  1.206513215207693E+002
    881  1.378847474583346E-013  1.120326027706518E+002
    162  1.377507531188427E-013  1.082240223896453E+002
    651  1.448744659264222E-013  1.063188249235199E+002
    873  1.463309636225392E-013  1.060826450602385E+002
    507  1.259151580505618E-013  1.302330380014160E+002
    846  1.235017783048219E-013  1.115160293862327E+002
    825  1.305158498091440E-013  1.079057231655316E+002
    142  1.152566090581513E-013  1.176137630409119E+002
    127  1.042373305635291E-013  1.283194925419818E+002
    632  1.130554245665823E-013  1.598501164384855E+001
    946  9.375184467004280E-014  1.269804246439967E+002
    460  1.018121249420224E-013  1.193712297162542E+002
    806  9.425204722850893E-014  1.191309658868240E+002
    206  9.387834545889883E-014  1.173997691087201E+002
    262  9.536283766707430E-014  1.100963852758419E+002
    828  9.889032514272865E-014  1.092707246312704E+002
    529  9.365763168980950E-014  1.092552480865137E+002
   1075  9.896750270626448E-014  1.044712539182624E+002
    362  9.802982994658218E-014  5.896054878912432E+001
    483  8.420628615861554E-014  1.091057940278593E+002
    268  8.704682770156287E-014  3.445244989490512E+001
    629  7.343813475146797E-014  1.172668859422338E+002
    216  7.966807096807412E-014  1.095237679808366E+002
     76  6.648316568510770E-014  1.123245383699952E+002
    354  7.294023853306001E-014  1.087176908844694E+002
    429  6.688402552773059E-014  1.080567779309882E+002
    637  7.325236487195735E-014  1.602124740309022E+001
    899  5.961766155935803E-014  1.064879368101954E+002
     85  6.825113430431161E-014  4.019547322326159E+001
    371  4.033733985154479E-014  1.307608641378087E+002
    386  4.559925266690573E-014  1.303217749914562E+002
   1010  4.378851438442203E-014  1.277930033606083E+002
    922  5.281791359587016E-014  1.217426613147191E+002
    943  3.725784851539749E-014  1.183672257029592E+002
    217  4.500158757414211E-014  1.178232184725334E+002
    286  5.369254025817192E-014  5.901004673211595E+001
    553  2.991119398570799E-014  1.260391488080743E+002
    269  3.987329329061903E-014  1.125112752379971E+002
    754  2.947869759098315E-014  1.124424786565822E+002
    721  3.426588361944413E-014  1.109319151840975E+002
    577  3.767381404123636E-014  1.088331407865777E+002
    440  3.394229283303686E-014  1.086773788226801E+002
    463  3.247911668270134E-014  2.809111789898073E+001
    982  2.186620881585043E-014  1.287043592373545E+002
    854  2.224979589084647E-014  1.205073342210046E+002
    299  2.048228409624148E-014  1.125001170052366E+002
    315  2.623922559231629E-014  6.233825362854991E+001
   1018  1.555656752290593E-014  1.129277254908914E+002
    282  2.437416727874353E-014  1.077858725424254E+002
    461  3.545462815327396E-015  1.196071090108000E+002
    952  4.875112714572154E-015  1.192870064804590E+002
    907  1.635085431270853E-014  1.086026585352107E+002
    353  2.233322580615555E-015  1.158468005027919E+002
    993  8.130435028142130E-015  1.128027163318073E+002
    538  8.780531816197890E-015  1.126690420180430E+002
     75  9.907847303844545E-015  1.116430390204125E+002
    464  1.168200933491603E-014  1.112767050306077E+002
    636  2.352488425983604E-017  1.181059997448311E+002
    624  1.349957968622668E-015  1.176382336104358E+002
     66  5.687963819707400E-015  1.167644475137030E+002
    512  7.833593610713649E-016  1.094155347028413E+002
    192  8.792746772292124E-015  1.090727733908756E+002
    989  5.866235886219848E-015  1.087499796082763E+002
    758  1.765504681325379E-015  1.086096779760040E+002
    928  7.521959716819212E-015  1.078792090195175E+002
     93  1.102083900839500E-014  1.077995169160013E+002
    819  7.408784129885986E-015  1.072165524940517E+002
    593  2.328678147035450E-016  3.980847235414979E+001
    110  8.193607298049398E-015  3.433180382116732E+001
      1 -1.686207674647261E-012 -4.557161126570968E+001
