   1080
    232  5.354829551357567E-003  2.829789968697080E+001
    207  5.337885822941024E-003  1.329313747891841E+002
    319  3.488690657731517E-003  1.326638081608864E+002
    938  3.286342133982717E-003  3.924493713332908E+001
    848  2.814708168687247E-003  5.104771178051914E+001
    130  2.330157358111944E-003  4.731744763749968E+001
    305  2.268464487472441E-003  1.354042236241257E+002
    913  2.155933807556226E-003  2.815066438252619E+001
     96  1.908128782208378E-003  4.860068485987158E+001
   1070  1.908098160318087E-003  1.362106241826424E+002
    709  1.768304017683440E-003  3.898446828520751E+001
    794  1.741127692234503E-003  3.738291913412129E+001
    568  1.619314417437823E-003  1.325497610521547E+002
     98  1.393179746175034E-003  1.358256631735167E+002
   1054  1.274950361100972E-003  1.327276930714175E+002
    176  1.149155268562337E-003  2.019540254331992E+001
    288  9.613432283250679E-004  1.335995786340285E+002
    633  9.307770141408390E-004  2.651619209441258E+001
    447  6.691292177564660E-004  2.646960059774937E+001
    614  6.477147346855161E-004  2.693670751290862E+001
     71  6.068868098436916E-004  1.341514018240207E+002
    933  5.955254317495459E-004  4.004301078176525E+001
    597  5.569905273392962E-004  4.045638566615079E+001
    763  5.084998877758446E-004  3.822130155258603E+001
    296  5.016255471481650E-004  6.420235382070479E+001
    679  4.699580680183658E-004  3.925148508641023E+001
    732  4.568765608569718E-004  6.305959142723653E+001
    179  4.220997243933534E-004  3.626225683337820E+001
    212  4.207363625456387E-004  2.843387532605292E+001
    250  4.188752884742106E-004  9.992248835600154E+001
   1041  4.062864172364597E-004  3.422520680903303E+001
    141  4.044857283643915E-004  5.370923101813037E+001
    536  3.955411885188206E-004  1.334855783903193E+002
    400  3.837805859054223E-004  3.953475820519718E+001
    846  3.645480526117732E-004  1.060536335309056E+002
    685  3.571630123002031E-004  1.158410205227163E+002
    436  3.518099051236321E-004  3.795811811771267E+001
    157  3.487680733298877E-004  3.222576280422910E+001
    331  3.469408439056279E-004  1.339662386256463E+002
    316  3.360918678128927E-004  2.296838485179384E+001
    570  3.351112614910527E-004  2.187224802744607E+001
    789  3.115891307507327E-004  1.314715581257088E+002
    203  2.939494586440950E-004  2.087990173878065E+001
    635  2.845006190008469E-004  2.898739694460004E+001
     23  2.827194590340029E-004  2.909744702447652E+001
    114  2.627261997578868E-004  4.573921408521242E+001
    696  2.585635898003673E-004  5.447389931517302E+001
    718  2.570654898364022E-004  3.887739754163557E+001
    209  2.532899748110085E-004  5.629581637201602E+001
     42  2.507710653251168E-004  1.157742910458074E+002
    620  2.435638536354246E-004  3.121888346647914E+001
    363  2.407545639313179E-004  2.600560688278595E+001
   1051  2.394943792833560E-004  5.789955059629722E+001
    807  2.356229059087967E-004  3.715501943025186E+001
    669  2.241819229743840E-004  3.566353374788169E+001
    231  2.040921111754966E-004  3.606566029862945E+001
    415  2.033799918969975E-004  3.961435391585434E+001
   1024  2.032291728725154E-004  1.296088936816090E+002
    306  1.982329029080980E-004  5.603111626794400E+001
    730  1.968618287901040E-004  3.975958814453082E+001
   1057  1.933258848442228E-004  1.343029464724711E+002
   1063  1.921983034072422E-004  1.303820247871189E+002
    639  1.888299212281438E-004  1.525364616101343E+001
    423  1.887216564499238E-004  3.101441919683210E+001
   1061  1.864399888107452E-004  1.341144219295502E+002
    168  1.854325499618623E-004  1.320920094210417E+002
    957  1.832705790361540E-004  1.618841834910751E+001
      9  1.827829855743685E-004  2.725972897992215E+001
    746  1.792387294293942E-004  2.999019716619194E+001
    834  1.783933512853328E-004  6.127630238144092E+001
   1065  1.772280048131876E-004  1.015664274854883E+002
    226  1.687351860195480E-004  4.293928559199119E+001
    355  1.683182907524642E-004  3.782799771367316E+001
    801  1.610758255912545E-004  3.064931720080771E+001
    249  1.609778405212452E-004  1.333922762024543E+002
    974  1.609114579084297E-004  6.183989549050450E+001
     67  1.607855048281210E-004  1.342863482497035E+002
    314  1.571679317589399E-004  5.543521821565895E+001
    353  1.547703698882519E-004  1.155476623078035E+002
    336  1.540602526941392E-004  4.596234092444288E+001
    213  1.535720544543260E-004  2.701661000637159E+001
    189  1.513876400094446E-004  4.421896508194837E+001
    222  1.506160371176741E-004  3.967013675003798E+001
    508  1.496599071989769E-004  2.890405871618987E+001
    371  1.445136842206090E-004  1.316628108471680E+002
     24  1.426976331947633E-004  2.738007805691525E+001
   1016  1.420551983485080E-004  3.196505539864106E+001
    984  1.419728151001112E-004  6.213688937006443E+001
   1047  1.380131486962461E-004  1.396436663909797E+002
    340  1.373961521984123E-004  3.768368856339602E+001
    878  1.367872006616399E-004  6.296145084739301E+001
    178  1.356809694811919E-004  2.099603579997237E+001
    322  1.348744521547576E-004  1.311131492595320E+002
    628  1.334023504417880E-004  1.011518655534602E+002
    996  1.331821314611579E-004  3.950258176442497E+001
    151  1.301894277036050E-004  3.882838784235468E+001
    365  1.280259647946243E-004  3.943690762074498E+001
    764  1.276933970748577E-004  1.065754669593027E+002
     88  1.231463882920772E-004  3.278055907875648E+001
    143  1.225158609649280E-004  4.941143315454123E+001
     60  1.214259030903710E-004  1.168658243191390E+002
    100  1.211410218009863E-004  3.960701009996466E+001
    772  1.206366786903388E-004  3.434374403466671E+001
     44  1.179701838373617E-004  1.059120748035276E+002
    520  1.144544382805469E-004  1.306919556886777E+002
    579  1.120009950355868E-004  2.810793179648220E+001
    936  1.090198825200952E-004  3.931121694214350E+001
    873  1.070385384370102E-004  6.038020226711614E+001
    350  1.064083792864595E-004  1.156696722587529E+002
    631  1.044424269738150E-004  6.025470585832118E+001
     53  1.039619779723556E-004  4.599731721039328E+001
    223  1.033609799097885E-004  5.736433128393936E+001
   1043  1.016674694602284E-004  1.308312009553937E+002
    284  1.010310829650112E-004  5.983587114477093E+001
    277  1.001972333795695E-004  5.478568736420238E+001
    265  1.000812434824333E-004  1.297667902113165E+002
    311  9.894118379515179E-005  5.583474766830866E+001
     70  9.782912043449839E-005  3.335084180599539E+001
    200  9.592649472554401E-005  6.017660592087329E+001
    658  9.382391904232083E-005  5.362487914354079E+001
    352  9.380560807295761E-005  4.531490195272019E+001
    242  9.178980032103737E-005  4.504617049663652E+001
    565  9.123009185461433E-005  1.292193813881441E+002
    233  9.046832365127646E-005  1.062584145503753E+002
     41  9.033288142001686E-005  1.274400760464527E+002
    788  8.903711767327849E-005  2.138593261055506E+001
    590  8.871212816400575E-005  5.556509490059524E+001
    851  8.533128968821639E-005  5.531634575192984E+001
    238  8.229261109558339E-005  4.542961201541338E+001
    386  8.221392978897982E-005  1.364554620409143E+002
    860  8.187556793132045E-005  4.479573540473374E+001
   1050  8.039366486210114E-005  1.538237819988055E+002
    215  7.973080204376607E-005  2.630307692914614E+001
    500  7.818057510605195E-005  2.734266924142806E+001
    737  7.692998362396431E-005  6.231387614315972E+001
    323  7.616896619034926E-005  1.514872173343622E+001
    441  7.371346639632242E-005  3.343240987260896E+001
    903  7.321551841359222E-005  3.317123031643270E+001
    391  7.313984810675570E-005  4.384337703649580E+001
    101  7.217118657492422E-005  4.158728893163137E+002
    544  7.209741666317973E-005  1.044217635615887E+002
    672  7.199027043811872E-005  3.867567878206513E+001
    366  7.157283855086144E-005  1.282147152483832E+002
    489  7.063255213740726E-005  3.008992647017489E+001
    674  6.989341025288839E-005  5.633397739851014E+001
    248  6.976065653146370E-005  3.855690414187638E+001
    767  6.952695450428044E-005  2.434132374489397E+001
    182  6.845570380223556E-005  5.562583200754403E+001
    576  6.795341584803627E-005  3.146923546074296E+001
    527  6.754593150044400E-005  1.299156169919357E+002
   1045  6.610617903558481E-005  5.908479669129964E+001
    244  6.453733320663840E-005  1.066334268034696E+002
    637  6.443054260103918E-005  3.423695493613279E+001
    385  6.396546942994128E-005  5.398048090683206E+001
    260  6.273088378179330E-005  5.854622202604084E+001
    149  6.157451912690812E-005  1.304910061292189E+002
    201  6.105877109004149E-005  3.466424441944299E+001
    823  6.067055388687616E-005  1.254262719309567E+002
    847  5.987896734864377E-005  5.892437644921355E+001
    293  5.987240749022043E-005  6.338225363867880E+001
    479  5.906547081155983E-005  1.266719750907104E+002
    167  5.795916867768365E-005  1.048845504576103E+002
    640  5.765766900386888E-005  2.806713727402586E+001
   1048  5.583438785547465E-005  1.344046302448102E+002
    463  5.566606556944375E-005  3.701192275880980E+001
    926  5.322496797218091E-005  2.669346357748370E+001
      6  5.280887000683528E-005  3.436942614620276E+001
    796  5.280879405946292E-005  3.551885531155625E+001
    657  5.133838718968234E-005  2.420075971046694E+001
    670  5.035975398097820E-005  3.066258387389357E+001
    503  4.995702732489758E-005  1.288339532336156E+002
    218  4.961732434940415E-005  1.789800537112603E+001
    733  4.955962241522812E-005  2.940590242426674E+001
    401  4.913712466279671E-005  1.174099734703846E+002
    324  4.901995678415916E-005  5.856957928173006E+001
    770  4.841861702747733E-005  1.070288421953979E+002
    522  4.772951209782959E-005  3.337566352515317E+001
    283  4.694152860850990E-005  1.321926832065285E+002
      3  4.649566798774778E-005  1.309540879585872E+002
   1007  4.636066016718610E-005  1.268995824612153E+002
    943  4.532261346448450E-005  6.223717669190264E+001
    445  4.502404158460141E-005  4.629598270815639E+001
    949  4.431972030671713E-005  5.535088125043978E+001
    169  4.266330454169210E-005  3.857618396655785E+001
    262  4.186310424155440E-005  1.193265202968559E+002
    537  4.072679344200177E-005  1.264969617800405E+002
    289  3.913181740272685E-005  6.357395642030325E+001
    295  3.901931765844000E-005  6.253025421116679E+001
    905  3.800931005181936E-005  1.077211090264468E+002
    177  3.762376678114626E-005  3.230559535264491E+001
    280  3.688294599209667E-005  1.073187001809797E+002
    146  3.683630579374530E-005  5.256113763598204E+001
   1015  3.658670440359771E-005  1.287634835480242E+002
    874  3.636728682032124E-005  3.689267782785568E+001
    591  3.592209038437519E-005  2.802647541223082E+001
    954  3.548143770861807E-005  5.872404146067606E+001
    279  3.541368402335210E-005  1.305222961966416E+002
    971  3.503000654848842E-005  1.257839499477000E+002
    625  3.485175521090696E-005  1.583625865609918E+001
    427  3.338334889417714E-005  1.282652024525121E+002
    862  3.310598028869779E-005  3.135854099308933E+001
     72  3.298119914143786E-005  1.302447033569741E+002
   1018  3.273091759500530E-005  1.243598773515436E+002
    329  3.241486167399125E-005  5.491028634626824E+001
    744  3.234935103838813E-005  3.011101722258754E+001
     11  3.203475257985761E-005  1.308027029897516E+002
    348  3.190382115401354E-005  3.259607503616505E+001
     25  3.175815197413847E-005  4.253596576130936E+001
     12  3.175278060117534E-005  1.257123659982563E+002
    332  3.171992281264949E-005  4.584194681648900E+001
    374  3.160230616153600E-005  4.948641649259005E+001
    632  3.084111125133954E-005  3.439682744782291E+001
    751  3.053671692903028E-005  3.045737089485879E+001
    645  3.035147973233680E-005  2.523382761841791E+001
    208  3.015604794382349E-005  1.270721617601450E+002
    446  3.001996745937789E-005  1.314977675416337E+002
    103  2.979168993979667E-005  1.333115783714571E+002
    281  2.976275701405677E-005  5.428443565407525E+001
    906  2.961909622859082E-005  4.148742141541591E+001
    241  2.959750463863094E-005  3.417374194629690E+001
    884  2.908525828478872E-005  6.147898090385020E+001
    975  2.883013491107345E-005  3.763770692715004E+001
    671  2.845313931393476E-005  5.683082696386948E+001
    930  2.777291819005063E-005  1.082375890314225E+002
     17  2.757093721799139E-005  3.839201365471855E+001
   1052  2.691394579846541E-005  1.195758107293692E+002
     40  2.667648785669061E-005  1.260312681675134E+002
    715  2.643648830185820E-005  2.927762953243320E+001
    872  2.641715091420810E-005  1.160396777235910E+002
    138  2.565120797714258E-005  1.275286500820820E+002
    543  2.520345967957090E-005  1.305966325299666E+002
   1027  2.515514880790139E-005  1.161443162857146E+002
    107  2.487121066365555E-005  5.548299847276105E+001
    214  2.454499222702141E-005  1.074036199417954E+002
    454  2.438690321730571E-005  5.411104399457733E+001
    997  2.413227617673265E-005  5.301776917119008E+001
    497  2.406794135606547E-005  1.096719007459395E+002
    424  2.343169752418007E-005  1.286478944746181E+002
    205  2.324246170553185E-005  3.842334189186366E+001
    912  2.289925792217830E-005  1.190869087148394E+002
     80  2.259223229365861E-005  1.301207887268855E+002
     20  2.248146015926385E-005  1.283571610930398E+002
    734  2.222123044375380E-005  1.148603536350415E+002
    968  2.207330252734298E-005  1.215984581642913E+002
    946  2.187038682732675E-005  1.123467258473767E+002
    699  2.182016400258032E-005  1.021792890793860E+002
   1046  2.178911782479690E-005  1.346194539055510E+002
    960  2.141911996804380E-005  3.980396046789575E+001
    959  2.129183448440574E-005  5.986406034966046E+001
    721  2.093417367298097E-005  1.053333243782467E+002
    833  2.087867861738753E-005  1.120898587673740E+002
    110  2.076378383493284E-005  5.899648987451491E+001
    782  2.042024788499841E-005  3.015209130280775E+001
    622  2.040279408417307E-005  1.613977519891939E+001
    805  2.039707239990652E-005  1.097557298218124E+002
    321  2.004397981945581E-005  1.292626721742558E+002
    673  1.977684974740647E-005  1.057033944122386E+002
    272  1.970559275672350E-005  5.317172487639147E+001
    300  1.938812905612449E-005  1.276851378242543E+002
    532  1.924305325763015E-005  3.808866171250383E+001
    357  1.916363003521848E-005  1.278199357820382E+002
    920  1.889065019950857E-005  2.446711842529193E+001
    609  1.878989757004671E-005  2.892423345306968E+001
     37  1.863262518276990E-005  1.032360426035470E+002
    919  1.833918726433460E-005  1.163818968519567E+002
    707  1.833831868600717E-005  5.929344117167137E+001
    166  1.811439146424540E-005  1.300742952453998E+002
    636  1.792990344117770E-005  1.069155821278825E+002
    453  1.784843189336326E-005  2.624650864464868E+001
    944  1.760804294730273E-005  5.321138626030686E+001
    378  1.707961031153814E-005  5.746267104075711E+001
    753  1.702303316970106E-005  2.289190147802284E+001
    624  1.693674525711113E-005  1.046282722201418E+002
   1073  1.632506450044759E-005  1.344917158692384E+002
    994  1.626383699857574E-005  1.169792073888032E+002
    621  1.587591436558806E-005  2.536745781856646E+001
    557  1.581330792738452E-005  1.263453015360601E+002
   1014  1.578510967873556E-005  1.206306766099913E+002
   1028  1.557850971169587E-005  1.096324022234439E+002
    175  1.521073287038592E-005  1.293587579307074E+002
     43  1.473687767502343E-005  1.172235248221458E+002
    256  1.455616986451608E-005  1.312955869622884E+002
    900  1.450728668414151E-005  4.566198810302660E+001
   1031  1.443292935947377E-005  1.318696742776113E+002
    327  1.440119294668167E-005  1.310320168338018E+002
    909  1.437804611520658E-005  1.202173824764750E+002
    273  1.420886061016846E-005  5.341280271007111E+001
    517  1.410965268298005E-005  1.110080848604173E+002
    638  1.401594645934922E-005  1.139205806943189E+002
     36  1.376347532854886E-005  1.057453353847923E+002
    481  1.366403295853724E-005  1.107179962706250E+002
    831  1.361179702773638E-005  2.438544652024468E+001
   1039  1.360413992634346E-005  1.160724581958694E+002
    583  1.359265351690529E-005  5.812208685443625E+001
     73  1.332625418820568E-005  4.286819341363851E+001
    347  1.289312648216975E-005  4.343257497072364E+001
    784  1.282687982645469E-005  1.155138378591535E+002
    861  1.275476357069632E-005  1.076399849303354E+002
    735  1.255571439046675E-005  1.108932996263234E+002
    781  1.252244648658395E-005  1.118209204499805E+002
   1026  1.249071903401368E-005  3.406524215443037E+001
    675  1.236784509468320E-005  1.114223342366489E+002
    863  1.236635472252851E-005  1.090037015776699E+002
    608  1.220919067903383E-005  1.126000574035114E+002
   1055  1.197387844022140E-005  5.919692186286717E+001
    692  1.136337646378388E-005  1.159741123613265E+002
    659  1.120673430595028E-005  2.878825007498821E+001
    211  1.119921827952691E-005  2.896854787751031E+001
    895  1.099062951493581E-005  3.559185987223327E+001
     39  1.096229972874100E-005  4.232471387087585E+001
    907  1.075709643665379E-005  1.268500633464024E+002
    380  1.065239464201381E-005  1.288063088971311E+002
    147  1.033099965928512E-005  1.087788385322329E+002
    342  1.031411904688972E-005  2.760588378246693E+001
     16  1.011448639487896E-005  6.109201132688620E+001
     48  9.913725795884273E-006  1.197701932543413E+002
    235  9.902038173744960E-006  3.426879977426059E+001
    102  9.820861208035909E-006  5.894267663985430E+001
    382  9.794052430932269E-006  3.578102711086950E+001
    697  9.779996992421913E-006  5.759372088938139E+001
    290  9.605465900667764E-006  1.192284952660468E+002
     61  9.597828450818092E-006  1.280213428949890E+002
    507  9.542954216225871E-006  1.110481358426624E+002
    180  9.522399298482762E-006  1.070716440215157E+002
    246  9.507573063563932E-006  1.311417867263393E+002
    804  9.382937639377563E-006  1.170927382019151E+002
     65  9.352249311773440E-006  3.780308908172631E+001
    799  9.212439717687333E-006  1.184137416939562E+002
    619  9.121375522724627E-006  1.076935540833530E+002
    816  9.094921760003679E-006  1.131465531441418E+002
    839  9.086342483420192E-006  1.081847094070985E+002
    337  9.041491752612806E-006  6.118430914066833E+001
    555  8.988678651675214E-006  1.166694009891897E+002
    443  8.553524493368925E-006  1.310610451260449E+002
    477  8.495954052427713E-006  2.774085074348426E+001
    119  8.332962693595787E-006  1.190716094080589E+002
    966  8.071489733784402E-006  1.180664963830262E+002
    333  8.041744696082552E-006  1.119022978564775E+002
   1074  8.017090171897165E-006  1.354324795947707E+002
    220  7.727030854929230E-006  3.409310997627640E+001
    918  7.673109094921140E-006  4.212057304201551E+001
    853  7.622421905103520E-006  1.128264915776557E+002
   1059  7.536984213540611E-006  1.320638588175295E+002
    953  7.407156136095180E-006  1.209987537834799E+002
     56  7.316477899239874E-006  2.962108255210120E+001
    502  7.314545150749204E-006  1.285208677219000E+002
    649  7.303106220080929E-006  1.079077682248536E+002
     28  7.290818837969701E-006  3.412284575078682E+001
    538  7.273768409674335E-006  1.221248967584833E+002
    105  7.240731254486592E-006  1.145298426243365E+002
   1012  7.100289983722111E-006  5.290937477033229E+001
     59  7.078202645866423E-006  5.721107823363405E+001
    505  6.968562882820802E-006  1.289878455640967E+002
    610  6.718796145868301E-006  2.755617199691822E+001
    950  6.700091166202676E-006  1.112316333805500E+002
    531  6.685296994009578E-006  1.279543526275624E+002
    869  6.589447871869246E-006  4.660779483183856E+001
    429  6.539291923621768E-006  1.303623358824634E+002
    426  6.495619807471988E-006  2.531226002181987E+001
    393  6.475708888552073E-006  1.200458020902835E+002
    298  6.456311736040880E-006  1.227841845491202E+002
    328  6.333289942243888E-006  1.176706244378889E+002
    118  6.331607361301819E-006  5.432647944530162E+001
    739  6.263105101080449E-006  1.080760564399707E+002
    160  6.210122742642581E-006  2.531539615312880E+001
    725  6.203669121880099E-006  1.177804664274645E+002
    173  6.186867952689241E-006  4.035906684337910E+001
    681  6.171696785517771E-006  5.567518176286683E+001
    712  6.151914902868905E-006  1.153176280085931E+002
    678  6.127041461305308E-006  1.113086979747230E+002
   1064  6.078109176938492E-006  1.309870115228712E+002
    122  6.028401069889849E-006  4.625090273224978E+001
    829  5.957152418443530E-006  5.306734484786538E+001
    116  5.928202625573046E-006  1.316982726065727E+002
    929  5.894531917763392E-006  1.101537521701565E+002
    297  5.813598665411189E-006  1.275139047951660E+002
    148  5.782784908559175E-006  3.172286733302915E+001
    440  5.703176025309716E-006  1.103277184759596E+002
    759  5.549049498192262E-006  5.939788471440445E+001
    360  5.465054678871309E-006  1.280990485487359E+002
    356  5.374579805977030E-006  2.953999474892472E+001
    704  5.265477058140910E-006  1.082825678423908E+002
    786  5.179587481979033E-006  1.289410134459407E+002
     92  5.134697023104242E-006  1.214127681893156E+002
   1017  5.111863373184593E-006  5.559427591382534E+001
   1049  4.851599905490498E-006  6.083933078477587E+001
    511  4.831241547047457E-006  2.513056353512450E+001
    689  4.801134325508303E-006  1.091366753407769E+002
    303  4.766525927753989E-006  6.123169670057369E+001
    605  4.754615587493188E-006  1.075803420545592E+002
     57  4.649099918787819E-006  1.102848453086709E+002
    719  4.645210415519502E-006  1.176182930415892E+002
    962  4.618019211012230E-006  1.126166152341939E+002
    641  4.609174783241867E-006  5.913272525796437E+001
    613  4.598455394527014E-006  3.444462817994097E+001
     47  4.575219421133611E-006  5.896013142916861E+001
    883  4.518814605607020E-006  4.580028280988525E+001
    499  4.478425324119457E-006  1.176513357903586E+002
    582  4.476480474751110E-006  1.070217123125432E+002
    534  4.473400698816133E-006  3.940696744165014E+001
    139  4.429097452548808E-006  4.918679643886374E+001
    421  4.375528677814513E-006  1.316243700788127E+002
    698  4.359827200493114E-006  5.577756108381944E+001
     35  4.301274963496945E-006  2.596547649427322E+001
    410  4.261700957320961E-006  1.067925948205470E+002
    575  4.236036103848605E-006  1.271527032296776E+002
    247  4.184695945780841E-006  6.117097305534942E+001
     68  4.178562715167168E-006  1.261043398665387E+002
    132  4.113279776164322E-006  1.085856897955188E+002
    425  3.905803061550205E-006  1.207379905631001E+002
    554  3.903018705608885E-006  3.475387160740764E+001
    563  3.894940656771984E-006  1.174924764366444E+002
     55  3.869218371776955E-006  1.164215139086281E+002
    815  3.867537073254211E-006  3.769211071525608E+001
    285  3.859149063875425E-006  5.974578834042020E+001
    461  3.837296079774587E-006  1.313771285609838E+002
    451  3.739614856168921E-006  1.124946632073015E+002
    334  3.732058299586395E-006  3.355333697060609E+001
    978  3.698770152728892E-006  3.712296305298273E+001
     62  3.683393074718936E-006  5.923075391291473E+001
    163  3.646400388811121E-006  1.273196760938799E+002
    795  3.583097628972673E-006  1.189498425290446E+002
    599  3.531781843618654E-006  1.130154909157575E+002
     85  3.504710825217775E-006  3.844315466323439E+001
    142  3.430019213426163E-006  1.175807308007699E+002
   1003  3.417209005648160E-006  1.123092284571979E+002
     32  3.365996195487924E-006  2.956235116545113E+001
    830  3.264984075914818E-006  1.109194012315849E+002
    383  3.197359967294930E-006  1.230638413611257E+002
   1006  3.176325114047408E-006  3.778793509308388E+001
    547  3.143620504588748E-006  1.171988049333157E+002
    602  3.140445802186589E-006  3.567426501997931E+001
    286  3.086373067808209E-006  5.860623885313043E+001
    418  3.043986860408099E-006  1.195324275100619E+002
    859  2.933828414748885E-006  1.226227773719321E+002
    644  2.913032448757271E-006  1.043581341768944E+002
    530  2.771318865612028E-006  3.002252060836760E+001
    931  2.749065421190296E-006  3.771855567837337E+001
    887  2.716293339854748E-006  3.133147890305099E+001
      5  2.715244736083602E-006  1.210120646173054E+002
   1076  2.684285625233049E-006  6.132976639917543E+001
    985  2.564731912252666E-006  2.960842444949463E+001
    798  2.560708868517634E-006  3.051438163812399E+001
    456  2.546086242248967E-006  1.133381348368473E+002
    612  2.518239986164987E-006  1.119968816859682E+002
    318  2.446953382640384E-006  1.295226711833730E+002
    729  2.433234664330576E-006  1.095575681877010E+002
    243  2.413909586800878E-006  1.134080815025539E+002
    202  2.356228464886502E-006  5.887415173331902E+001
    545  2.319800306116314E-006  1.177438504362374E+002
    601  2.309748767686407E-006  1.218481357459487E+002
     22  2.272618322200086E-006  2.983968575614941E+001
    287  2.211664724406549E-006  1.173572569430999E+002
    186  2.168646088650379E-006  1.246656746453913E+002
    325  2.147099750751335E-006  1.301799783965055E+002
    724  2.091851911312827E-006  5.334742079859637E+001
    840  2.058646149624282E-006  5.470090458625116E+001
    793  1.942701732181502E-006  1.147330628195228E+002
    111  1.879952997451575E-006  1.141643657621669E+002
    343  1.832395119822424E-006  1.078323813599098E+002
    274  1.706701881618503E-006  1.090823263338786E+002
     69  1.690150609527588E-006  4.554966818287383E+001
    165  1.679785327910285E-006  1.113191157780773E+002
    487  1.621502395721176E-006  1.272521825759827E+002
    716  1.583867309621051E-006  3.845013830872102E+001
    955  1.540946773931494E-006  1.179375383519322E+002
    156  1.517937535111475E-006  1.088753656164789E+002
     78  1.488098049271875E-006  1.279743023107976E+002
    745  1.469587510670497E-006  1.126715765412703E+002
    832  1.382587126348561E-006  1.106494668703556E+002
    934  1.372696794418840E-006  1.283972449815831E+002
    155  1.340648906305426E-006  2.753424185241757E+001
    240  1.253670488886913E-006  1.090309694922926E+002
    812  1.212975704112828E-006  1.292803490402415E+002
    140  1.204658527739333E-006  1.206513215207693E+002
    112  1.202598201788126E-006  1.317657447409053E+002
    405  1.175539290113829E-006  4.226093301429172E+001
   1077  1.170582746985757E-006  6.121464845533989E+001
    713  1.101963210061513E-006  3.858541355862369E+001
    585  1.075511144802293E-006  1.248809854930112E+002
    702  1.005761564193446E-006  4.365118861114266E+001
    368  9.707180904478414E-007  1.083038869025097E+002
    204  9.662712393336530E-007  1.194234040046469E+002
    291  9.505530137977327E-007  1.180212677607782E+002
   1037  9.395970502937225E-007  1.078715389624255E+002
   1020  9.365974205654009E-007  1.116475502852595E+002
    188  9.251973878886126E-007  3.432202124721923E+001
    221  9.144940986143962E-007  1.107616416049454E+002
    398  9.041015740462166E-007  3.787032732008765E+001
    416  8.488537550105088E-007  3.365517866326807E+001
    255  8.460715383530112E-007  1.094704059027572E+002
    379  8.156004182530524E-007  1.303107676632139E+002
    828  8.010394607797695E-007  1.092317017697786E+002
    457  7.697399898463894E-007  2.401037278618207E+001
    467  7.348418561813915E-007  3.306684655569454E+001
    923  7.296861691179239E-007  1.140499574481915E+002
    981  7.284496108015291E-007  1.069471133163113E+002
    589  7.079172141830829E-007  2.874053178768616E+001
    392  6.994274142555883E-007  1.293191512595130E+002
    969  6.821050902168518E-007  5.764313994132664E+001
    717  6.779777169306405E-007  1.087459094739317E+002
    341  6.439310724357228E-007  1.127143455798421E+002
    615  6.378738803221343E-007  1.129532746929520E+002
    731  6.260012932883328E-007  5.383511399675977E+001
    822  6.142007309162444E-007  3.776227546592645E+001
    407  5.990578017597947E-007  3.579498872812645E+001
    210  5.920217528339718E-007  1.134591800957990E+002
    932  5.817179840746923E-007  1.093898788587897E+002
    991  5.797363954238262E-007  1.286171858003850E+002
    540  5.741255785086007E-007  3.546224307617756E+001
     82  5.717045823157970E-007  1.124272019648706E+002
    387  5.656441033337481E-007  5.874796504624639E+001
    414  5.563943171760973E-007  1.181698785826636E+002
    276  5.552831790196959E-007  1.130922153144018E+002
    683  5.552338681154243E-007  1.080610182969290E+002
     90  5.437514835963955E-007  2.484653749093246E+001
     87  5.395965737532383E-007  2.409705164787495E+001
    915  5.256091714133313E-007  1.100239572790982E+002
   1071  5.114566902345768E-007  1.127922213213002E+002
    870  4.986995526717141E-007  1.121574710091992E+002
    258  4.769607564538002E-007  1.347037227384220E+002
    695  4.577346647419813E-007  1.132390062116629E+002
     79  4.528995664292571E-007  5.864443875243541E+001
    133  4.463073151761615E-007  3.213390081040112E+001
    282  4.341065003271345E-007  3.770871283234191E+001
    422  4.174939402804421E-007  1.084320351560529E+002
    551  4.043817228344500E-007  5.780609965841833E+001
     75  4.028994655436104E-007  1.020981622758500E+002
    136  3.778772965137274E-007  1.089320566788155E+002
     38  3.638278194970472E-007  3.419033130663160E+001
    650  3.388414551024555E-007  2.901187257899960E+001
    596  3.383001475768519E-007  1.109714133044692E+002
    979  3.293255884293349E-007  1.175367677816888E+002
    237  3.148015430151062E-007  2.415495490630330E+001
    691  2.799854062815874E-007  1.038752787826033E+002
    618  2.759436437783059E-007  1.111524915119074E+002
    482  2.750775998185745E-007  2.724078156213282E+001
     14  2.605106254317406E-007  1.343693024636507E+002
    821  2.530823491928572E-007  1.085438252510029E+002
    700  2.525154371547672E-007  3.647234998568886E+001
    664  2.339010144329177E-007  1.087089241068068E+002
    999  2.265650864773891E-007  3.854449238600111E+001
    562  2.200980349262102E-007  3.831803922658406E+001
    559  1.927935021747803E-007  3.844792756368751E+001
    894  1.802355407729118E-007  1.125346019297597E+002
    902  1.718702645878870E-007  1.208007299333391E+002
    367  1.710371989541790E-007  3.143103004668623E+001
    224  1.582269350049559E-007  3.853005041859911E+001
     18  1.561074623637569E-007  1.296185212041367E+002
    881  1.527314821248830E-007  1.126570147673475E+002
    402  1.466158932260524E-007  1.168063733569748E+002
    183  1.276176285002432E-007  1.278874287407318E+002
    253  1.213361406441733E-007  1.262126421502450E+002
    315  1.198927022614947E-007  1.294442843845866E+002
    310  1.127510114928368E-007  1.290402709995743E+002
    643  1.083087687231153E-007  3.410253373070628E+001
    117  1.081183801329454E-007  5.870181737054548E+001
   1008  1.073280331104507E-007  1.211802708198896E+002
    808  1.040533194281802E-007  1.129225671729400E+002
    394  1.039570854790548E-007  1.377944094274052E+002
   1068  9.739755252457836E-008  1.176828981634927E+002
     66  8.919044703871013E-008  1.342802604746010E+002
    181  8.047500723658085E-008  5.902996626422982E+001
     94  7.875383788801723E-008  3.886878023529649E+001
    814  7.183191965185619E-008  1.165834668470619E+002
    308  6.109554931982351E-008  1.380741713483044E+002
    665  5.132739741146655E-008  1.162563526903251E+002
    496  4.282959093490825E-008  4.111198581260527E+001
    161  3.890046483232495E-008  3.611252692341090E+001
    335  3.769766700135693E-008  1.338807624856300E+002
    775  3.581564729208741E-008  1.083944573932526E+002
    567  2.606050789864682E-008  2.090004753970716E+001
    706  2.458557713201938E-008  1.151502211132596E+002
    409  2.381651519501036E-008  1.329162316534876E+002
    388  2.190740698836575E-008  1.355788256041846E+002
    346  1.705637073909637E-008  1.204942856090064E+002
    825  1.646426616639645E-008  1.038594777289185E+002
    835  1.325201948113043E-008  1.086045165887166E+002
    841  1.217675271590847E-008  3.413638941809696E+001
    992  1.100116767969991E-008  3.880469678490620E+001
    676  1.036640174053566E-008  3.921912154745923E+001
    361  1.026219324786612E-008  1.284698165604208E+002
    444  9.089878057197410E-009  3.796682632854844E+001
    263  8.255040104648780E-009  3.796838798284061E+001
    661  7.383783846293509E-009  1.576550008598366E+001
    948  5.771120045753223E-009  1.132988765946676E+002
   1036  5.716795097743497E-009  1.115160293862327E+002
    389  5.342532239484702E-009  1.105222978418177E+002
   1013  5.054815333071393E-009  2.631778647604755E+001
    749  5.045747184171527E-009  3.988229127156298E+001
    309  4.544091553476259E-009  1.335277660583210E+002
    827  4.536985486972176E-009  3.970176114323759E+001
    882  4.479861762860256E-009  1.088511661236754E+002
    790  4.412775780659856E-009  1.323417007094679E+002
    113  4.398431990800361E-009  1.039341741541067E+002
    983  4.343633723523688E-009  3.307693202001514E+001
    600  4.339241866946937E-009  3.781509978314006E+001
    569  4.015786118796118E-009  2.894606557925123E+001
     26  3.266226941225484E-009  1.319276261345931E+002
    791  2.997994777618981E-009  2.520059974878809E+001
    369  2.893336947497678E-009  2.833399983056912E+001
    594  2.576130292761423E-009  1.183436086714867E+002
    560  2.558230530556264E-009  3.416086135232869E+001
    927  2.493384948343581E-009  2.528710653288495E+001
    935  2.417031606965419E-009  1.113896391195579E+002
    556  2.385581185870548E-009  4.746511519493414E+001
    431  2.384454214947101E-009  1.283194925419818E+002
    539  2.360706503002770E-009  1.335980578757328E+002
    257  2.218340478367831E-009  2.910145238672048E+001
    988  2.093007308185659E-009  1.311017678078171E+002
    757  1.895767899900750E-009  2.736841493942774E+001
    469  1.884314024524608E-009  3.657410125703108E+001
     64  1.810017527510370E-009  3.801756730550532E+001
    542  1.604684936884252E-009  1.295345147363496E+002
    154  1.581487526447281E-009  1.314401949169826E+002
    941  1.581046845730817E-009  3.965688865444611E+001
    616  1.531700319384497E-009  3.755125424253530E+001
     58  1.495137779288268E-009  1.313942342006021E+002
    104  1.476005519455302E-009  1.069651182940036E+002
    541  1.228852786785939E-009  1.332371626243247E+002
    206  1.213647775891614E-009  1.042370232090190E+002
    760  1.191538793261932E-009  2.532884140690746E+001
    452  1.107125639324024E-009  1.288053372923729E+002
    785  1.101397124277149E-009  1.303217749914562E+002
    886  1.085487183758820E-009  1.111235114946337E+002
    438  1.079184253768080E-009  4.596053663301203E+001
    408  1.059571852763908E-009  1.285122325323589E+002
     51  1.053980970610066E-009  1.121738923332827E+002
    493  1.002243433055752E-009  3.447868912831422E+001
    890  9.910953040805367E-010  2.622084120309369E+001
    809  9.777713646588881E-010  3.779210500818112E+001
    877  9.458967990390569E-010  1.098886460548181E+002
    512  9.305555540184947E-010  1.100963852758419E+002
    777  8.933373967083552E-010  1.178232184725334E+002
    593  8.762756186479131E-010  3.425822487556562E+001
   1075  8.736670262597764E-010  1.282079264928535E+002
    397  8.522208442592692E-010  1.181414190657173E+002
    377  8.420220962854591E-010  3.913916919126598E+001
    528  7.945099399394946E-010  3.931251329773253E+001
    313  7.550061995421445E-010  3.474194668466802E+001
    972  7.518106052527879E-010  1.111440682196492E+002
   1010  7.406177177326247E-010  1.186529645811651E+002
    747  7.283487388451405E-010  3.754342800933261E+001
    312  6.919565254436880E-010  1.105747384204002E+002
    666  6.806882573266226E-010  1.181059997448311E+002
    677  6.764871078569587E-010  1.109319151840975E+002
    501  6.660807002963024E-010  3.312629249382376E+001
    191  6.432049387373832E-010  2.820387678005197E+001
    152  6.356778860343474E-010  1.308828204523467E+002
    662  6.323927438611346E-010  1.072165524940517E+002
    868  6.149346852065162E-010  2.889558275952906E+001
    196  5.911129309857681E-010  3.943491641460432E+001
   1079  5.825798270089248E-010  1.280701326614214E+002
    937  5.593351312515303E-010  1.186885790690967E+002
    159  5.415465598999161E-010  3.772840070404182E+001
    792  5.379625211612808E-010  3.980847235414979E+001
    776  5.375742431520256E-010  3.780355811396966E+001
    304  5.296916976572999E-010  1.315853494811526E+002
    995  5.283290832702140E-010  1.179737982448887E+002
    432  5.199277092735261E-010  1.110869010904150E+002
    535  5.184672068481376E-010  1.297546330865524E+002
    728  5.152248526099575E-010  2.922592719482343E+001
    711  5.109749392005440E-010  3.789656117634676E+001
    470  4.929987281147664E-010  1.050602398346211E+002
     34  4.899295406286037E-010  1.071267351454837E+002
    879  4.826226060793866E-010  3.328285989987418E+001
    961  4.815665216664038E-010  5.744254243062559E+001
    964  4.813758977108706E-010  4.679959746144570E+001
    459  4.792828629544438E-010  3.269493948796480E+001
    433  4.738926849882237E-010  4.227304119052906E+001
    774  4.654351562995224E-010  1.125112752379971E+002
    778  4.632393503902490E-010  3.013958783755973E+001
    752  4.580371398324051E-010  1.092707246312704E+002
    865  4.569904378590307E-010  2.723312258669467E+001
    652  4.565921721308559E-010  3.778170481219699E+001
     77  4.565510419565379E-010  3.702977275419675E+001
    384  4.450144422859449E-010  1.123245383699952E+002
    580  4.427421169083428E-010  1.169636814827145E+002
    187  4.334127280373662E-010  1.279130850987480E+002
    756  4.284174859983970E-010  3.777100367362779E+001
    866  4.187289552713464E-010  2.963275591369404E+001
    483  4.165375302347348E-010  1.176137630409119E+002
    548  4.128180385579233E-010  6.034164514485035E+001
    108  4.100499787147864E-010  1.301573226948983E+002
    135  4.060946929038351E-010  1.306951685075199E+002
    667  4.048708339510465E-010  3.049749314287664E+001
    430  4.046776788753140E-010  1.183672257029592E+002
    390  4.043801896879023E-010  4.583772231810436E+001
    516  4.001712275146933E-010  3.019475203811447E+001
     46  3.999666773361533E-010  1.110323769837085E+002
    230  3.932127458621127E-010  3.956832290759487E+001
    524  3.876848295682923E-010  3.009348825587244E+001
    170  3.661515644767752E-010  2.812555695185284E+001
    267  3.602868704543256E-010  1.048024524338471E+002
    359  3.548115864752963E-010  2.964044046295302E+001
    442  3.535450544979476E-010  1.286072777556246E+002
    219  3.444935249442676E-010  1.198659601026961E+002
    951  3.379869649871698E-010  5.625145344515472E+001
    485  3.247515167134636E-010  6.124519862114400E+001
    573  3.235627976347246E-010  2.946283014340624E+001
    741  3.183671359017645E-010  2.531894844618999E+001
    855  3.169952658319987E-010  4.083419339383966E+001
    259  3.158625030786180E-010  5.570237704638058E+001
    533  3.124791443274891E-010  1.219930863874545E+002
    898  3.124030418390057E-010  2.801414260834884E+001
    471  3.113559827300413E-010  4.019547322326159E+001
    320  3.096994474089874E-010  4.924186336000197E+001
    910  3.080043324427459E-010  1.210540635227126E+002
    488  3.074356304046265E-010  1.108802345027426E+002
    572  3.051139966037314E-010  2.901527651977251E+001
    529  2.975118812359201E-010  1.231363157114407E+002
    399  2.922944370806503E-010  1.116278943327693E+002
    362  2.914400787498255E-010  2.676857812226475E+001
    578  2.837750898182527E-010  4.138202556861325E+001
    131  2.749733967824561E-010  3.563345295989614E+001
    198  2.747450687402079E-010  6.175691747082481E+001
    871  2.691141582580030E-010  4.313813383123015E+001
    185  2.665384839034723E-010  1.285641908437965E+002
    977  2.589024376776613E-010  1.284572801624853E+002
    519  2.569708536245320E-010  3.574213842680000E+001
    523  2.519369721517918E-010  1.193712297162542E+002
    914  2.514777776480270E-010  3.763155082052234E+001
     45  2.505525718370561E-010  3.353713472611462E+001
    694  2.504084709545946E-010  4.929206523903117E+001
    278  2.445754184206291E-010  5.901004673211595E+001
    510  2.419220877799142E-010  3.461443930534469E+001
    495  2.407751985064138E-010  1.112767050306077E+002
    115  2.383956548472642E-010  4.256249962081733E+001
    375  2.380071334818129E-010  1.201194271720583E+002
     19  2.375200367069150E-010  3.465762257233271E+001
   1038  2.333993120691824E-010  2.719866128003683E+001
    901  2.324396375757032E-010  2.142973991910956E+001
    174  2.236892664705695E-010  5.396751286663234E+001
    693  2.222723709700045E-010  2.903741527293687E+001
    924  2.037184471065859E-010  2.172483696974205E+001
    439  2.000593793759239E-010  2.419654441569213E+001
     99  1.983034852544025E-010  5.559443297146688E+001
    254  1.964269659774453E-010  5.339329746355038E+001
    526  1.955627614104908E-010  1.303937225821345E+002
     93  1.955478673141882E-010  1.263330837666197E+002
    684  1.945442183713787E-010  2.951009550101224E+001
    465  1.905658816750139E-010  1.251160304144774E+002
    750  1.880631105987247E-010  1.068160821413137E+002
      4  1.880332401511990E-010  5.947894419863643E+001
    864  1.870727378461421E-010  1.191309658868240E+002
    842  1.848306265456114E-010  1.075820232206908E+002
    668  1.847932026857252E-010  1.175379446895269E+002
    648  1.774185032506133E-010  3.264561668499369E+001
   1023  1.768674484978581E-010  5.869481068587496E+001
    434  1.738289086979394E-010  1.274245221688797E+002
    513  1.671309303839721E-010  1.129277254908914E+002
    768  1.664889400969433E-010  1.159200206929639E+002
    364  1.662235159709334E-010  1.284918547625140E+002
    396  1.647141290351550E-010  1.125001170052366E+002
     10  1.611123591389822E-010  1.175755969665067E+002
    818  1.588233792431088E-010  3.445244989490512E+001
   1080  1.580923766144987E-010  1.277930033606083E+002
    549  1.575316271039453E-010  1.022252778822331E+002
    184  1.527225276542415E-010  5.417888746516163E+001
    476  1.509377038467582E-010  2.824119439761771E+001
    655  1.499919055793177E-010  3.477213913616621E+001
    129  1.488792150306683E-010  5.307829750988225E+001
   1035  1.465518314393817E-010  1.301546099868189E+002
    813  1.451740646616383E-010  5.330479606468482E+001
    654  1.449873507403774E-010  2.997417646428683E+001
    525  1.437291858487482E-010  4.541251878508606E+001
   1019  1.434832208335851E-010  3.409286993597820E+001
   1030  1.398226317137811E-010  5.859518518011329E+001
    162  1.388462435305340E-010  6.259549063988397E+001
    916  1.367905894720562E-010  6.218064046170334E+001
    448  1.362292900960022E-010  1.275254668407063E+002
   1034  1.333513444166930E-010  1.104980524817614E+002
    952  1.326837662614418E-010  1.275962865512414E+002
    577  1.318984461439163E-010  1.101858300541406E+002
    893  1.308074716332096E-010  4.589771179385998E+001
    381  1.296000940059167E-010  1.116430390204125E+002
    419  1.292099178519157E-010  1.120326027706518E+002
    120  1.287212899191323E-010  2.809111789898073E+001
      7  1.260243351770501E-010  3.069091041790419E+001
   1078  1.258105161023983E-010  1.298660919206632E+002
    629  1.257464755699644E-010  1.099487953836044E+002
    437  1.256521970485053E-010  1.118983459534591E+002
    908  1.255593370838923E-010  3.222961340470744E+001
     33  1.239661584963898E-010  3.623609188418403E+001
    358  1.200918154078273E-010  1.302330380014160E+002
    720  1.190843754846061E-010  3.453402514696941E+001
     52  1.174088072306683E-010  1.119729914151030E+002
    758  1.162592322390616E-010  1.051553262699275E+002
    787  1.154094559700544E-010  2.773259743149481E+001
    766  1.141746322169234E-010  3.417601225529881E+001
    771  1.137888049221276E-010  2.097266015842631E+001
    742  1.122526107032671E-010  1.055695542091875E+002
    480  1.113257258036695E-010  1.134142236548554E+002
    989  1.083279763779800E-010  6.233825362854991E+001
    153  1.075123034217902E-010  2.636508140986341E+001
    194  1.036774376693691E-010  3.766939742637059E+001
    845  1.029576909299012E-010  5.613820237955890E+001
    844  1.024395361265865E-010  5.567446642975943E+001
    885  1.022141810557154E-010  3.595683530668435E+001
    703  1.017358147803020E-010  1.117593375942451E+002
    504  1.012587710497899E-010  5.304287455919988E+001
    225  1.008051381805263E-010  4.365772226055247E+001
    354  1.002453900034539E-010  1.077145725822762E+002
    490  1.000137062407363E-010  1.147808691958262E+002
     31  9.896682577604718E-011  2.639897028880879E+001
     27  9.236975687953059E-011  1.167020073324121E+002
   1053  9.083321313792508E-011  1.304484537172835E+002
    899  9.070178367217456E-011  1.091057940278593E+002
   1025  9.061515398085740E-011  1.131624666385693E+002
    939  8.985495282095837E-011  1.173997691087201E+002
    473  8.969331692780778E-011  3.136375872484097E+001
    993  8.951927130642185E-011  1.273121510734392E+002
    553  8.747204159448864E-011  1.277443716709502E+002
    245  8.737504124137055E-011  3.792504513362721E+001
    494  8.560024131851376E-011  1.169946310222281E+002
    123  8.184391476743742E-011  4.155971528940107E+001
    892  7.777113605469010E-011  1.086026585352107E+002
    627  7.704310905116835E-011  3.402581568876052E+001
     95  7.500342422300859E-011  1.290487457278724E+002
    217  7.426881989978836E-011  1.261040539187754E+002
    294  7.369383714454820E-011  1.082240223896453E+002
   1022  7.351475599896095E-011  1.128843806700145E+002
    406  7.283027776281043E-011  1.160277562509484E+002
    603  7.198066510848095E-011  2.632282271799158E+001
   1067  7.128960625204512E-011  1.165865042802110E+002
    216  7.072349640265165E-011  1.292480998125374E+002
    486  7.045260400972884E-011  2.729222684143697E+001
   1029  7.029020307903119E-011  5.851477659743665E+001
    172  7.022002405626385E-011  1.205073342210046E+002
    251  6.868884904383792E-011  5.863162405023152E+001
    124  6.834949908617755E-011  1.112085873310290E+002
    736  6.754797379754163E-011  3.300184232711695E+001
    420  6.679115041086453E-011  2.395894778585849E+001
    837  6.658746429706854E-011  3.140508628572108E+001
    911  6.546562601207915E-011  3.489852663635454E+001
    474  6.496028782534375E-011  1.212682101451038E+002
     74  6.443147491740376E-011  5.350711406923092E+001
    518  6.443224853835563E-011  4.626733593406676E+001
   1062  6.250481708207838E-011  6.126335818907103E+001
    970  6.249432389305036E-011  1.139223039596770E+002
    299  6.172302075382872E-011  1.077858725424254E+002
    824  6.127489372223445E-011  1.097605333904931E+002
    626  6.075941554124991E-011  2.974093022085369E+001
    190  6.044260273150894E-011  1.095237679808366E+002
    921  6.014084020168752E-011  1.225208798638500E+002
    372  6.014029020545942E-011  2.815039412010666E+001
   1021  5.994178925115973E-011  1.160488352544329E+002
    634  5.989971683983185E-011  9.991979604628325E+001
    344  5.865019418350543E-011  5.386121570632214E+001
    150  5.710061621450224E-011  1.258335800160255E+002
    723  5.663025623697359E-011  1.092170638731809E+002
    460  5.594856735348131E-011  1.044712539182624E+002
    466  5.549048160772240E-011  3.942196758210208E+001
      8  5.501603836075461E-011  3.415042982461270E+001
    435  5.326990993025598E-011  2.133232472295666E+001
    623  5.294761947429534E-011  6.113249912120045E+001
    897  5.236966348318686E-011  1.121040493080894E+002
    680  5.220003041783837E-011  5.928221676314659E+001
    109  5.199814480608092E-011  1.172220117205398E+002
    947  5.165198814509008E-011  1.081290817537690E+002
    558  5.117769987565047E-011  5.427051031404531E+001
    478  5.106709893907732E-011  1.086096779760040E+002
    701  5.046965707878945E-011  1.123713168749877E+002
    317  5.012705057699618E-011  1.590847703007305E+001
    236  4.974137265862748E-011  1.141592235693823E+002
    351  4.936536806012214E-011  1.305950012975653E+002
    514  4.887702697026752E-011  3.347920780583872E+001
    498  4.840073963712760E-011  1.287043592373545E+002
    896  4.815207925800560E-011  1.090026123541961E+002
     30  4.803768680430598E-011  2.887857717146865E+001
     97  4.780441416398680E-011  3.557755978229710E+001
    686  4.705372898017923E-011  1.073595385116889E+002
    761  4.642020022160675E-011  1.087499796082763E+002
     29  4.601068947810289E-011  1.319990084283459E+002
    376  4.529056123369933E-011  2.417045648515515E+001
    509  4.371383058677461E-011  1.136391667970821E+002
    769  4.322705694960226E-011  3.571480742522697E+001
    171  4.303052437057934E-011  1.217801007557081E+002
   1069  4.299927431747803E-011  1.052813288910866E+002
    880  4.262430861649095E-011  1.602124740309022E+001
    854  4.241383723351915E-011  1.179881125712661E+002
    889  4.204510350398774E-011  2.290370252525086E+001
    269  4.143404339012544E-011  1.088829711471428E+002
    417  4.126680051634353E-011  3.440214984487540E+001
   1004  4.087781738312209E-011  1.309743709063693E+002
    239  4.081005583136125E-011  1.312043008921371E+002
    904  4.074257127032139E-011  1.085358398578049E+002
    450  4.067019382610827E-011  2.757063841784912E+001
    587  4.048737800194396E-011  5.423822798903431E+001
    455  3.978924304496160E-011  1.167644475137030E+002
    826  3.942652472914994E-011  4.043910501029072E+001
    738  3.906392410504561E-011  2.506021688875276E+001
    802  3.831552801236229E-011  6.121217372353233E+001
    228  3.798602549308713E-011  5.582786006193776E+001
    748  3.709964531551362E-011  6.135883822823781E+001
    803  3.654188272126437E-011  2.681505874269844E+001
   1000  3.558506384086000E-011  1.208517876582337E+002
   1044  3.497340177677453E-011  1.245973625742185E+002
    301  3.412588657177823E-011  6.001917042994083E+001
    574  3.301595755359807E-011  1.294348751600228E+002
    987  3.281569962555333E-011  5.860548456050422E+001
    128  3.238299920063371E-011  1.126174859303677E+002
    942  3.235468291955159E-011  1.172668859422338E+002
      2  3.194333164433428E-011  1.279336631708856E+002
     21  3.146408213335657E-011  4.284814046185456E+001
    126  3.110744224124384E-011  2.787315660462137E+001
     54  3.056021376806434E-011  5.776345718518971E+001
    468  3.034132280468143E-011  1.090293393204929E+002
    412  3.003280967361568E-011  4.271716190853395E+001
    945  2.994536195828323E-011  3.288903043920949E+001
    976  2.960148274545173E-011  2.525054805353794E+001
    121  2.816741129379086E-011  1.255978693087662E+002
    682  2.813569787609475E-011  3.133367016078528E+001
     89  2.797266168542472E-011  2.984234693833937E+001
   1060  2.784178869983329E-011  1.308612105592879E+002
    595  2.774790305397543E-011  3.064277958545134E+001
    598  2.743833839198167E-011  1.154953904603925E+002
    271  2.730709081814475E-011  1.066838862051319E+002
    338  2.705890654992174E-011  4.550613920937534E+001
    888  2.685516380592132E-011  1.177839172244635E+002
    617  2.595574887692778E-011  1.192707498518571E+002
   1056  2.581181843494012E-011  5.870226478360483E+001
    339  2.529997963877607E-011  1.194522314372787E+002
    584  2.525680277166186E-011  1.106384056468346E+002
    252  2.479070500891231E-011  1.214231005338099E+002
    195  2.449133400145382E-011  1.152257413626876E+002
    651  2.434224169772965E-011  1.083065615545923E+002
    980  2.395091859315807E-011  1.079057231655316E+002
   1033  2.304322731077205E-011  5.474670035142442E+001
    743  2.216328455095498E-011  1.598501164384855E+001
    229  2.211213073288460E-011  1.097937820712892E+002
    982  2.200833647024863E-011  1.162464656753858E+002
    710  2.191942923971513E-011  1.075105612762544E+002
    370  2.183393583039599E-011  1.160940016480135E+002
    266  2.141003358727477E-011  1.096892988207100E+002
    755  2.134977308612543E-011  1.129992955733451E+002
    765  2.134088433667531E-011  1.790177189127522E+001
    806  2.128202483503298E-011  6.121978583143463E+001
    688  2.109973956775352E-011  1.154002871528486E+002
    647  2.032446054342971E-011  1.149830440656411E+002
    843  2.008899216284394E-011  1.128080029568008E+002
    472  1.979085470146272E-011  6.156533732441117E+001
    326  1.979792604231838E-011  5.915674406709298E+001
    940  1.977491332475569E-011  3.771255202004246E+001
    811  1.961517858051860E-011  6.224302274721154E+001
     86  1.894135726196256E-011  1.128369123560983E+002
    125  1.884028278075108E-011  1.091577167544769E+002
    491  1.875319978307255E-011  2.794852323205357E+001
    917  1.849255767055471E-011  2.156844839634016E+001
    998  1.803302637366179E-011  1.084688215887346E+002
    261  1.788110763198946E-011  4.424140698623744E+001
    928  1.771848039709793E-011  1.196661558089543E+002
    144  1.748020443387585E-011  2.586613929058441E+001
    302  1.736631546025330E-011  1.294816013059754E+002
    656  1.676745228479493E-011  1.071481324073836E+002
    137  1.617311462399288E-011  2.361699897771763E+001
    484  1.593990396823605E-011  4.378550420816221E+001
    373  1.573265143581302E-011  1.107142150641584E+002
    660  1.553376791912416E-011  1.064879368101954E+002
    199  1.480126531939962E-011  1.125646933017709E+002
    458  1.454976019465185E-011  1.069294359332194E+002
    836  1.441541240636305E-011  1.119189168759601E+002
    973  1.424995225900247E-011  1.124424786565822E+002
     63  1.421321088026402E-011  3.720461396276627E+001
    164  1.389153070418889E-011  2.159495338523997E+001
    653  1.304669344655654E-011  1.110096174530925E+002
    965  1.288665147699006E-011  1.063188249235199E+002
    817  1.271100282066369E-011  1.090727733908756E+002
    986  1.255917259634446E-011  1.087176908844694E+002
    106  1.255185758608952E-011  3.427075716241296E+001
    475  1.219583339596589E-011  1.060826450602385E+002
     81  1.210671317840871E-011  1.080318974552513E+002
    779  1.207979404480557E-011  6.100423398784413E+001
    145  1.181378820390466E-011  1.198170151604363E+002
    193  1.167428540335196E-011  2.312746968263935E+001
    852  1.156371945203965E-011  1.093621208996954E+002
   1001  1.094358108282191E-011  1.072010890956036E+002
    646  1.083208378472052E-011  3.428944699913568E+001
    708  1.076525704662803E-011  4.562801977383133E+001
    411  1.071007352504438E-011  3.544677698475633E+001
    705  1.023000412127970E-011  5.877634920518132E+001
    810  1.015212721959041E-011  3.355876742273789E+001
    234  1.013919118687911E-011  1.260391488080743E+002
    687  9.941550295650028E-012  4.577297798720381E+001
     49  9.459260497618851E-012  3.228217961432350E+001
    740  9.432879062028773E-012  1.068632796964387E+002
    581  9.072864145787605E-012  2.939624286314891E+001
    521  9.031890763704910E-012  1.088509625660643E+002
    192  8.951269463228949E-012  1.073097433997933E+002
    428  8.934673975033710E-012  1.228577076214966E+002
    819  8.609345650498133E-012  1.161475012650194E+002
    330  8.492020901263592E-012  5.922548477025595E+001
    588  8.474019176107495E-012  2.959432182059479E+001
    876  8.254108743903366E-012  1.078792090195175E+002
     50  8.001794921034195E-012  5.881619101264776E+001
    462  7.858079579473016E-012  1.156966733805309E+002
   1005  7.789168867623621E-012  4.215156971233037E+001
    275  7.649898022522133E-012  5.705750096217044E+001
    956  7.564888776476663E-012  1.080567779309882E+002
    780  7.094055534798330E-012  3.122809333059975E+001
    858  6.989834420203217E-012  2.163446995807031E+001
    586  6.648757318667231E-012  1.132204696343963E+002
    307  6.388316766328342E-012  5.986406874713763E+001
    550  6.146625741110969E-012  5.904703387172745E+001
    566  6.024348670154755E-012  1.609877016713580E+001
   1040  5.879864888713480E-012  5.896054878912432E+001
   1032  5.793184773816663E-012  1.196071090108000E+002
     15  5.689128433504240E-012  1.318335521284131E+002
    967  5.677287791046802E-012  3.431788431193335E+001
    642  5.660302790203074E-012  1.081442765454168E+002
    875  5.489208292562239E-012  1.162897365840124E+002
    958  5.475378495497079E-012  4.526673179820873E+001
    464  5.388760881822204E-012  1.269063264044391E+002
    762  5.347984084813570E-012  1.086773788226801E+002
    838  5.271303782307374E-012  5.630986555991154E+001
    264  4.853599681625783E-012  2.344853902492484E+001
    607  4.811554157500977E-012  3.106473709110810E+001
    515  4.732423356815778E-012  1.077995169160013E+002
     76  4.508301902086872E-012  1.307608641378087E+002
   1009  4.478008241217181E-012  3.433180382116732E+001
    722  4.381070311065648E-012  5.739130524664890E+001
    592  4.168645606259119E-012  1.217426613147191E+002
    963  3.872485309223149E-012  4.529500169490558E+001
    506  3.821692638521479E-012  2.402762693077005E+001
     13  3.783617584024222E-012  3.023484544191354E+001
    604  3.705470022688740E-012  1.083254677565710E+002
    856  3.519744730514723E-012  1.133059377671211E+002
    197  3.225271610736373E-012  1.127261010343926E+002
    857  2.973629923556323E-012  3.138362649544596E+001
    270  2.958032792965455E-012  5.512211674339599E+001
    413  2.745427406855392E-012  1.269804246439967E+002
   1011  2.723133415823039E-012  1.291862105641820E+002
    552  2.718767276066265E-012  1.089359960186049E+002
    564  2.572230727307171E-012  1.158468005027919E+002
   1058  2.321354905304386E-012  6.114871311085021E+001
   1042  2.247868824967667E-012  1.126690420180430E+002
    800  2.097798662198457E-012  2.799080532753403E+001
    922  2.075476342355159E-012  1.263882744482872E+002
    561  2.005743434382597E-012  1.176382336104358E+002
     84  1.957915457983289E-012  1.138213271166850E+002
    292  1.956851514869101E-012  1.092552480865137E+002
    850  1.673767791914873E-012  5.576210504926462E+001
     91  1.671407604897585E-012  4.584982776806759E+001
    663  1.627426772772614E-012  3.560698249709960E+001
    606  1.419177403453614E-012  2.775456480009851E+001
   1072  1.311309720952494E-012  6.040638333707885E+001
   1002  1.195050779856017E-012  5.764049505206449E+001
    990  1.030353280668235E-012  5.447274022079358E+001
    268  9.482691897833211E-013  3.003523913071240E+001
    630  9.180655555567356E-013  3.768157310789423E+001
     83  8.483466467946037E-013  3.387129235620025E+001
    134  7.137910824995546E-013  3.946329527555739E+001
    395  6.184892702793843E-013  1.215989223434023E+002
    849  4.655345594433623E-013  1.130579433911173E+002
    727  4.692801853529488E-013  1.061959834495438E+002
    227  4.460178915613945E-013  1.268675064734965E+002
    449  4.188561432134247E-013  1.192870064804590E+002
    783  3.835723661191225E-013  3.156300449744440E+001
   1066  3.290643937156854E-013  1.262276715483494E+002
    925  3.313332156355214E-013  1.241485400336660E+002
    797  1.895833905477250E-013  1.157696826743314E+002
    690  1.872327417011949E-013  5.564687376116437E+001
    820  1.740771743368625E-013  3.295425293056501E+001
    345  1.467807348870041E-013  1.140894925790380E+002
    754  1.293149544597597E-013  1.060222464504734E+002
    891  1.256517199273980E-013  3.417152556524616E+001
    349  9.926081515494951E-014  3.282974302710221E+001
    867  8.095645423935176E-014  1.135491264494711E+002
    726  8.265786216914756E-014  3.438422359989316E+001
    571  5.938728971702213E-014  1.284134233091297E+002
    773  6.760634510695245E-014  1.083939613929496E+002
    611  6.756553785335345E-014  1.059241062055237E+002
    158  5.372544342733559E-014  1.209639445667985E+002
    714  4.265851749625310E-014  1.128027163318073E+002
    403  4.182850776661395E-014  3.946553426727878E+001
    404  1.349678237889088E-014  1.084482551386048E+002
    492  1.044459798771988E-016  1.094155347028413E+002
    127  3.430050219997213E-015  1.088331407865777E+002
    546  7.527155853665152E-015  3.962406029172926E+001
      1 -6.467157535581547E-010 -4.557161126570968E+001
