   1080
   1054  1.717948011806897E-002  1.344046302448102E+002
     14  1.375884700323818E-002  1.343029464724711E+002
   1046  8.463855269251516E-003  1.344917158692384E+002
    568  7.180095718483002E-003  1.329313747891841E+002
   1053  6.377655334182091E-003  1.326638081608864E+002
    597  6.182455191422936E-003  5.470090458625116E+001
   1042  3.891261177489820E-003  1.342863482497035E+002
    395  3.887536596724424E-003  1.320920094210417E+002
     66  3.664269588998960E-003  1.339662386256463E+002
    347  3.531864042498968E-003  2.760588378246693E+001
    595  3.275044358822457E-003  4.948641649259005E+001
    381  2.438141873575161E-003  1.341514018240207E+002
    771  2.120388793965290E-003  2.446711842529193E+001
   1071  2.001935658111325E-003  1.325497610521547E+002
   1037  1.801204459368854E-003  1.334855783903193E+002
    263  1.749680598602603E-003  2.738007805691525E+001
    500  1.737413913777244E-003  2.019540254331992E+001
     26  1.628013871147529E-003  1.320638588175295E+002
    203  1.605013991057674E-003  2.596547649427322E+001
    709  1.233020216165932E-003  4.625090273224978E+001
    735  1.060097064575098E-003  9.992248835600154E+001
    281  1.024982571963806E-003  2.646960059774937E+001
   1065  1.015812637943448E-003  3.882838784235468E+001
     31  7.410066295566274E-004  2.651619209441258E+001
    170  6.679205884775368E-004  2.420075971046694E+001
    903  6.257469398683810E-004  3.045737089485879E+001
   1032  5.646543702565204E-004  1.317657447409053E+002
    447  5.391518690610779E-004  2.484653749093246E+001
    436  5.385780132161352E-004  2.438544652024468E+001
    270  5.377488035923754E-004  4.941143315454123E+001
    364  4.746308645750749E-004  1.060536335309056E+002
    611  4.722437496490942E-004  1.046282722201418E+002
    862  4.002339009379124E-004  3.475387160740764E+001
     44  3.944847066841167E-004  1.333922762024543E+002
     84  3.923412431194117E-004  1.354324795947707E+002
    445  3.836870130360334E-004  4.629598270815639E+001
   1016  3.787960212586982E-004  3.924493713332908E+001
    268  3.631574795618919E-004  5.256113763598204E+001
    314  3.619095367074262E-004  2.187224802744607E+001
    596  3.527356576477702E-004  1.059120748035276E+002
    541  3.372970042151075E-004  1.341144219295502E+002
   1030  3.232809638077814E-004  2.701661000637159E+001
    438  3.140282371217339E-004  3.172286733302915E+001
   1007  3.117873170779389E-004  1.314977675416337E+002
    113  3.038219031328564E-004  1.305222961966416E+002
    393  3.013465484168791E-004  1.354042236241257E+002
    296  2.926785614186802E-004  2.753424185241757E+001
    398  2.898897685976842E-004  2.434132374489397E+001
    331  2.893684227707704E-004  1.304910061292189E+002
    420  2.851583682327042E-004  2.774085074348426E+001
    637  2.724040841696522E-004  2.415495490630330E+001
    353  2.670622263143920E-004  1.305966325299666E+002
   1064  2.614141764709713E-004  1.538237819988055E+002
    554  2.612038295080182E-004  2.755617199691822E+001
    966  2.522805057436756E-004  1.097557298218124E+002
     67  2.287205015667101E-004  1.335995786340285E+002
   1067  2.247076875360042E-004  1.396436663909797E+002
    614  2.246176246950203E-004  3.887739754163557E+001
    810  2.230990059640043E-004  2.725972897992215E+001
    845  2.184303096177221E-004  2.892423345306968E+001
    829  2.136248047590945E-004  2.815066438252619E+001
    399  2.094264691331042E-004  1.048845504576103E+002
    711  2.079264332985396E-004  3.738291913412129E+001
    684  2.035785501729972E-004  3.712296305298273E+001
    229  2.002079843726094E-004  1.327276930714175E+002
    659  1.944993113822452E-004  5.301776917119008E+001
    803  1.923376816479979E-004  3.317123031643270E+001
   1043  1.914064410531175E-004  1.358256631735167E+002
    375  1.894845873281894E-004  1.053333243782467E+002
     42  1.888491001590948E-004  1.333115783714571E+002
    826  1.856858644302355E-004  4.343257497072364E+001
    631  1.848595053254901E-004  1.011518655534602E+002
    356  1.839230677363872E-004  2.901187257899960E+001
    317  1.812605061846212E-004  4.004301078176525E+001
    215  1.800623213716588E-004  2.624650864464868E+001
    144  1.767302294109972E-004  3.626225683337820E+001
    860  1.764516552328874E-004  2.874053178768616E+001
    893  1.705932336383889E-004  3.858541355862369E+001
    721  1.642133607868659E-004  1.044217635615887E+002
    976  1.618567373841027E-004  3.306684655569454E+001
   1078  1.588210416287824E-004  1.311131492595320E+002
   1029  1.547879661964267E-004  3.822130155258603E+001
      9  1.537790499541439E-004  4.542961201541338E+001
    974  1.523911190609261E-004  1.246656746453913E+002
    774  1.512538233976605E-004  1.296088936816090E+002
    669  1.498760544821052E-004  2.087990173878065E+001
    308  1.466616692466471E-004  1.321926832065285E+002
    756  1.464543066512313E-004  4.599731721039328E+001
    311  1.462593748025761E-004  4.596234092444288E+001
    422  1.439641611847773E-004  1.364554620409143E+002
     70  1.429615267131229E-004  3.410253373070628E+001
    257  1.389134602072159E-004  3.768368856339602E+001
     93  1.313610030946406E-004  1.145298426243365E+002
     72  1.311644799471327E-004  1.318696742776113E+002
    184  1.307601656593015E-004  5.789955059629722E+001
    279  1.272941822209929E-004  1.057033944122386E+002
     17  1.256090020488191E-004  5.721107823363405E+001
   1024  1.245666401702591E-004  1.302447033569741E+002
    770  1.244269886495872E-004  1.098886460548181E+002
    924  1.202350666054288E-004  2.810793179648220E+001
    628  1.172817731516494E-004  1.067925948205470E+002
      6  1.095927284358680E-004  2.999019716619194E+001
    209  1.093392634557912E-004  1.107179962706250E+002
    222  1.088980286260348E-004  3.867567878206513E+001
    750  1.067665430973839E-004  1.070217123125432E+002
    277  1.059979509360117E-004  4.148742141541591E+001
    564  1.045961734464354E-004  1.279743023107976E+002
    177  1.027352042619713E-004  3.787032732008765E+001
    337  1.017487264222011E-004  1.283571610930398E+002
    221  1.015092097793970E-004  1.110080848604173E+002
    982  1.003882457692964E-004  1.123467258473767E+002
     23  9.962429772252677E-005  3.259607503616505E+001
   1057  9.952590991965633E-005  1.311417867263393E+002
    544  9.947453374091658E-005  1.082825678423908E+002
   1079  9.933659553600145E-005  1.313771285609838E+002
    556  9.877595235787229E-005  2.513056353512450E+001
    662  9.769455026953529E-005  1.262126421502450E+002
    117  9.694637787085085E-005  6.083933078477587E+001
     99  9.366996742300187E-005  5.892437644921355E+001
     95  9.261517453719156E-005  1.293191512595130E+002
   1051  9.231096905447676E-005  5.478568736420238E+001
    964  9.131517487774988E-005  3.355333697060609E+001
    505  9.061753936667608E-005  1.093898788587897E+002
    460  8.795019253667434E-005  1.151502211132596E+002
    652  8.734685895841615E-005  5.603111626794400E+001
    733  8.725491131797925E-005  4.111198581260527E+001
     47  8.551519128643484E-005  6.109201132688620E+001
    913  8.197967554938104E-005  3.795811811771267E+001
    439  7.979866516621274E-005  2.960842444949463E+001
    114  7.914915075966012E-005  4.232471387087585E+001
    135  7.858346455673492E-005  1.292626721742558E+002
    539  7.812553484118870E-005  1.069471133163113E+002
    143  7.774417745402013E-005  5.896013142916861E+001
    327  7.725852518396659E-005  1.057453353847923E+002
   1001  7.709065980024919E-005  1.062584145503753E+002
    900  7.701539847147246E-005  3.960701009996466E+001
     98  7.684071011264331E-005  1.309870115228712E+002
    305  7.681464474304793E-005  1.263453015360601E+002
    653  7.567886949293507E-005  5.939788471440445E+001
    932  7.519148267909352E-005  1.074036199417954E+002
    726  7.429072010350803E-005  3.135854099308933E+001
    765  7.390826957278599E-005  3.567426501997931E+001
    501  7.340076325368753E-005  1.583625865609918E+001
    242  7.333603104977277E-005  4.660779483183856E+001
    365  7.279526186868229E-005  2.523382761841791E+001
    160  7.111718260090578E-005  3.857618396655785E+001
    908  7.038317090761802E-005  2.843387532605292E+001
    224  6.852560045689003E-005  3.551885531155625E+001
    520  6.852483498535891E-005  5.759372088938139E+001
    469  6.830485611212888E-005  3.780308908172631E+001
   1070  6.829291639083885E-005  1.316628108471680E+002
    948  6.798891444680913E-005  1.131465531441418E+002
   1063  6.707082552157099E-005  1.362106241826424E+002
    569  6.678573684205079E-005  3.417374194629690E+001
    286  6.650998920902307E-005  3.466424441944299E+001
    397  6.607312494079267E-005  1.308312009553937E+002
    220  6.558855380715391E-005  5.629581637201602E+001
    241  6.440918711436389E-005  2.099603579997237E+001
    534  6.440375621310490E-005  2.600560688278595E+001
    701  6.364554855805552E-005  6.147898090385020E+001
    764  6.045810175300942E-005  1.076399849303354E+002
    851  6.033456411162573E-005  3.898446828520751E+001
    260  5.983906128054576E-005  5.548299847276105E+001
    159  5.979799226238022E-005  3.278055907875648E+001
     92  5.970621740333261E-005  1.094704059027572E+002
    428  5.965319574900532E-005  1.230638413611257E+002
    497  5.959190732679409E-005  1.139205806943189E+002
    682  5.941358409116949E-005  3.701192275880980E+001
    837  5.686796489037527E-005  3.769211071525608E+001
    223  5.612784956252107E-005  5.874796504624639E+001
    847  5.580347757918524E-005  3.416086135232869E+001
     76  5.573580551671631E-005  1.310610451260449E+002
    210  5.475399742128358E-005  1.248809854930112E+002
    289  5.433042112342934E-005  3.844315466323439E+001
    700  5.432640042933390E-005  3.436942614620276E+001
    525  5.387992017193476E-005  3.426879977426059E+001
    947  5.378611136337562E-005  1.290402709995743E+002
    432  5.313506208183165E-005  1.114223342366489E+002
    978  5.224324041540745E-005  2.536745781856646E+001
    188  5.147843152998520E-005  5.812208685443625E+001
   1035  5.140525746029495E-005  1.272521825759827E+002
    193  5.137516215367365E-005  5.535088125043978E+001
    850  5.118638602236449E-005  2.898739694460004E+001
    891  5.100375318337782E-005  2.724078156213282E+001
    576  5.066960925129216E-005  5.447389931517302E+001
    587  5.047378141449071E-005  2.693670751290862E+001
    218  5.030795976986321E-005  2.909744702447652E+001
    574  5.016542068774198E-005  1.195758107293692E+002
    869  4.852818000435702E-005  2.878825007498821E+001
    340  4.823410872513789E-005  2.630307692914614E+001
    103  4.659690169098530E-005  1.274400760464527E+002
    485  4.579186133768658E-005  1.173572569430999E+002
    994  4.562312044579719E-005  1.159741123613265E+002
    626  4.542058303053496E-005  3.689267782785568E+001
   1027  4.520596589330456E-005  1.069155821278825E+002
    116  4.509299256851309E-005  1.221248967584833E+002
    451  4.490477961770518E-005  1.294442843845866E+002
    567  4.468104137996791E-005  3.146923546074296E+001
    692  4.437702600934589E-005  1.288339532336156E+002
   1077  4.423523919153853E-005  3.121888346647914E+001
    615  4.345465736180133E-005  6.121464845533989E+001
    998  4.332113047035555E-005  1.107616416049454E+002
     13  4.329435516738444E-005  4.504617049663652E+001
    320  4.282318739230883E-005  3.213390081040112E+001
    400  4.273964641596612E-005  4.226093301429172E+001
    759  4.252595869611860E-005  5.986406034966046E+001
    427  4.212045205186085E-005  1.165834668470619E+002
   1052  4.196143390409054E-005  1.306919556886777E+002
    547  4.175975926106597E-005  1.106494668703556E+002
    377  4.138753717041178E-005  4.293928559199119E+001
    523  4.119003971737465E-005  1.264969617800405E+002
    825  4.072950225810193E-005  1.168063733569748E+002
    836  4.071242482888840E-005  1.015664274854883E+002
    230  3.993373521045939E-005  5.583474766830866E+001
    266  3.992018783812624E-005  1.260312681675134E+002
    676  3.963066095837150E-005  5.411104399457733E+001
    968  3.948977404025172E-005  1.065754669593027E+002
      2  3.818097474611294E-005  1.133381348368473E+002
    570  3.790485250545930E-005  2.401037278618207E+001
   1015  3.779846309169985E-005  1.268995824612153E+002
    482  3.761959350204323E-005  2.983968575614941E+001
    141  3.750534493331441E-005  5.872404146067606E+001
    323  3.704740412923104E-005  1.525364616101343E+001
    857  3.670652114887485E-005  3.230559535264491E+001
    212  3.667557433882007E-005  3.412284575078682E+001
    799  3.646548024237966E-005  1.119968816859682E+002
    455  3.627293267293359E-005  1.070288421953979E+002
    970  3.570867519206168E-005  1.130154909157575E+002
    275  3.558417889357803E-005  5.562583200754403E+001
    775  3.557474707612944E-005  5.983587114477093E+001
     58  3.556943595014373E-005  1.266719750907104E+002
    855  3.531343007147224E-005  3.925148508641023E+001
    473  3.460086017965520E-005  2.409705164787495E+001
    560  3.415429167601960E-005  2.296838485179384E+001
    846  3.378836988503620E-005  1.181698785826636E+002
     65  3.366698689272167E-005  5.736433128393936E+001
    359  3.348059982100711E-005  3.222576280422910E+001
    920  3.305199742702020E-005  2.953999474892472E+001
    167  3.291406645349167E-005  1.207379905631001E+002
    503  3.277021823633811E-005  1.168658243191390E+002
    928  3.222046637463633E-005  1.130922153144018E+002
    656  3.202715081553797E-005  6.357395642030325E+001
    329  3.183999282706088E-005  3.845013830872102E+001
    476  3.133467433665254E-005  3.413638941809696E+001
    494  3.082264695126103E-005  1.082375890314225E+002
    716  3.019234839447920E-005  2.940590242426674E+001
    205  2.952275438583160E-005  4.212057304201551E+001
    965  2.898661195114151E-005  1.095575681877010E+002
    749  2.894204774025511E-005  4.731744763749968E+001
    352  2.890010306199448E-005  4.253596576130936E+001
    403  2.889671987438437E-005  3.961435391585434E+001
    649  2.859873546941380E-005  1.125346019297597E+002
     55  2.849226322638485E-005  1.243598773515436E+002
   1055  2.828124011325635E-005  5.317172487639147E+001
    147  2.817114259068845E-005  1.101537521701565E+002
    388  2.794461583233457E-005  6.305959142723653E+001
    166  2.794276157285424E-005  1.134080815025539E+002
    639  2.750511859101005E-005  3.002252060836760E+001
    635  2.749906686934021E-005  4.918679643886374E+001
    546  2.743830407345698E-005  5.902996626422982E+001
    882  2.742189867301144E-005  6.213688937006443E+001
    151  2.735961967140930E-005  5.887415173331902E+001
    878  2.695716279102439E-005  5.870181737054548E+001
    518  2.675578437766125E-005  4.035906684337910E+001
    777  2.669460679764147E-005  1.124946632073015E+002
    710  2.638602107803708E-005  1.084320351560529E+002
    133  2.611718404439489E-005  5.432647944530162E+001
    280  2.582844497163026E-005  1.289878455640967E+002
     38  2.556064742478353E-005  6.025470585832118E+001
    536  2.550231703075386E-005  1.175367677816888E+002
    231  2.541546458427294E-005  2.927762953243320E+001
    950  2.461342433171475E-005  1.155138378591535E+002
     86  2.420965122005559E-005  1.314715581257088E+002
    110  2.405571133952335E-005  5.856957928173006E+001
    493  2.394487807742446E-005  5.531634575192984E+001
    369  2.389505402472057E-005  3.771855567837337E+001
   1008  2.380575522452632E-005  1.316982726065727E+002
    911  2.265152418136518E-005  3.559185987223327E+001
    919  2.255431915893986E-005  1.278874287407318E+002
    235  2.247946151937534E-005  3.566353374788169E+001
    793  2.226680689365770E-005  1.215984581642913E+002
    517  2.184590029153195E-005  1.079077682248536E+002
    258  2.157812503590176E-005  1.309540879585872E+002
    157  2.141483816382978E-005  4.566198810302660E+001
    923  2.102817987070706E-005  1.118209204499805E+002
    921  2.099518205459779E-005  1.200458020902835E+002
    645  2.072153433415440E-005  5.104771178051914E+001
   1044  2.002947123444884E-005  1.300742952453998E+002
    809  1.996034875045169E-005  4.365118861114266E+001
    344  1.969667987311428E-005  2.138593261055506E+001
    336  1.956817189416443E-005  3.839201365471855E+001
    664  1.917006473773476E-005  1.176706244378889E+002
   1062  1.905293341806629E-005  5.321138626030686E+001
    720  1.852442601568300E-005  3.432202124721923E+001
    643  1.842058789038253E-005  4.286819341363851E+001
    532  1.810597022757291E-005  2.829789968697080E+001
    979  1.778397969923914E-005  1.280990485487359E+002
    705  1.772132855106602E-005  2.956235116545113E+001
    859  1.756666183940320E-005  1.088511661236754E+002
    185  1.744388174725745E-005  1.113086979747230E+002
    434  1.723367179030207E-005  1.189498425290446E+002
     94  1.706526488969379E-005  5.780609965841833E+001
    818  1.690172313082132E-005  3.365517866326807E+001
    259  1.675006569380166E-005  1.043581341768944E+002
     75  1.617600498584655E-005  1.227841845491202E+002
    283  1.609333940040902E-005  1.282652024525121E+002
    890  1.571662445739792E-005  2.806713727402586E+001
    746  1.564545797372627E-005  3.101441919683210E+001
    683  1.539923579475904E-005  1.202173824764750E+002
    219  1.527857829579587E-005  1.100239572790982E+002
    454  1.524517244635726E-005  5.764313994132664E+001
    723  1.513601425292270E-005  6.253025421116679E+001
    146  1.502644701474624E-005  5.974578834042020E+001
    585  1.501801263764959E-005  1.190869087148394E+002
    384  1.474674461832931E-005  1.275286500820820E+002
   1038  1.474023625248082E-005  3.343240987260896E+001
    357  1.458858100658064E-005  6.183989549050450E+001
   1075  1.456652456637844E-005  1.297667902113165E+002
    630  1.449835724850280E-005  3.196505539864106E+001
    307  1.442931815308147E-005  1.514872173343622E+001
    240  1.410944330637513E-005  1.276851378242543E+002
    496  1.384120345140516E-005  3.011101722258754E+001
     89  1.370927006240026E-005  3.855690414187638E+001
   1021  1.369495764218356E-005  1.103277184759596E+002
    689  1.361378175847834E-005  1.111235114946337E+002
    481  1.350343877770080E-005  1.280213428949890E+002
   1074  1.338909814155233E-005  1.270721617601450E+002
    755  1.336166369168122E-005  1.271527032296776E+002
    725  1.325434314021938E-005  1.288063088971311E+002
    571  1.285887279010723E-005  1.279543526275624E+002
    590  1.278943906221899E-005  4.580028280988525E+001
    790  1.276937912069748E-005  1.021792890793860E+002
    704  1.247200122283913E-005  1.119022978564775E+002
     45  1.224681952485728E-005  4.421896508194837E+001
    955  1.207808471438214E-005  1.289410134459407E+002
    261  1.187998512143092E-005  3.792504513362721E+001
    130  1.166299760597021E-005  5.894267663985430E+001
    411  1.145729776046477E-005  4.554966818287383E+001
    896  1.143950776545090E-005  1.080760564399707E+002
    870  1.142257722554022E-005  1.160396777235910E+002
    101  1.134081682160194E-005  1.155476623078035E+002
   1009  1.128566455748207E-005  3.434374403466671E+001
    613  1.127940024972265E-005  5.860623885313043E+001
    429  1.124114070590082E-005  1.102848453086709E+002
     16  1.120301758298880E-005  6.118430914066833E+001
    121  1.118035700917301E-005  1.177438504362374E+002
    152  1.115080685709071E-005  1.141643657621669E+002
    577  1.113881253385869E-005  1.292803490402415E+002
    861  1.109961477728161E-005  1.090309694922926E+002
    309  1.103964338216349E-005  1.184137416939562E+002
    883  1.103372529433491E-005  3.422520680903303E+001
    552  1.103096964041406E-005  1.148603536350415E+002
    619  1.087455087393648E-005  1.078323813599098E+002
    651  1.083541266142550E-005  1.083944573932526E+002
    486  1.072475886648714E-005  3.778793509308388E+001
    671  1.065516180186668E-005  1.293587579307074E+002
    677  1.058237066272452E-005  1.126570147673475E+002
    959  1.054130462520146E-005  1.087089241068068E+002
    943  1.045851017692188E-005  1.162563526903251E+002
    127  1.018750830865130E-005  1.282147152483832E+002
    698  1.012058382738043E-005  5.567518176286683E+001
    137  1.008359372358707E-005  3.931121694214350E+001
    489  1.003346314113366E-005  3.980396046789575E+001
    608  9.868598303035060E-006  1.161443162857146E+002
    499  9.825671761257347E-006  1.206306766099913E+002
     25  9.668415002615951E-006  3.953475820519718E+001
    413  9.666300955859951E-006  1.113191157780773E+002
    753  9.448446709830325E-006  3.763770692715004E+001
     18  9.420549078885808E-006  1.268500633464024E+002
    827  9.213208178555643E-006  2.531539615312880E+001
   1019  9.082039032410842E-006  3.950258176442497E+001
    380  8.643316626830278E-006  1.299156169919357E+002
     15  8.102790220408655E-006  1.301207887268855E+002
    390  8.087304963306643E-006  3.337566352515317E+001
     73  8.009099818224970E-006  5.559427591382534E+001
    376  7.866646313596968E-006  5.290937477033229E+001
    600  7.753389770247421E-006  5.398048090683206E+001
    694  7.599768564250223E-006  3.335084180599539E+001
    124  7.573393674375315E-006  1.180664963830262E+002
    183  7.569761514013827E-006  1.308027029897516E+002
    714  7.447030500646658E-006  1.129225671729400E+002
    105  7.306372024174013E-006  1.218481357459487E+002
   1012  7.258858820441023E-006  4.045638566615079E+001
    531  7.171980484386517E-006  1.109194012315849E+002
    435  7.041324566223464E-006  3.606566029862945E+001
    944  6.883889700987876E-006  3.406524215443037E+001
     24  6.842136930554159E-006  4.573921408521242E+001
    386  6.834674050021044E-006  1.176513357903586E+002
    661  6.808797842552275E-006  3.444462817994097E+001
    985  6.785282008159517E-006  1.618841834910751E+001
   1066  6.779911083721788E-006  4.158728893163137E+002
    805  6.763158673464679E-006  6.231387614315972E+001
    362  6.697960344419780E-006  2.669346357748370E+001
    295  6.458900793927216E-006  1.077211090264468E+002
    366  6.443258316415604E-006  1.301799783965055E+002
    477  6.389260005035128E-006  3.425822487556562E+001
    752  6.379328105249177E-006  1.190716094080589E+002
    575  6.303742116603863E-006  1.032360426035470E+002
    773  6.118154828303222E-006  1.126000574035114E+002
    820  6.027675174473475E-006  3.715501943025186E+001
    292  5.947259404970518E-006  1.254262719309567E+002
    824  5.913619445252392E-006  1.087459094739317E+002
    109  5.812039007373358E-006  1.310320168338018E+002
    248  5.554680717831253E-006  5.543521821565895E+001
    243  5.538950608268500E-006  5.919692186286717E+001
    983  5.529126384136657E-006  3.051438163812399E+001
    265  5.426906481564066E-006  1.296185212041367E+002
    788  5.301534581706069E-006  3.439682744782291E+001
    902  4.933880397411330E-006  1.175807308007699E+002
    458  4.843467077196152E-006  1.140499574481915E+002
    892  4.842415221267337E-006  1.111524915119074E+002
     81  4.823965947749441E-006  1.316243700788127E+002
   1028  4.730594584560494E-006  1.286478944746181E+002
     10  4.485976596790205E-006  1.070716440215157E+002
    299  4.432952363492505E-006  1.303623358824634E+002
    731  4.377520128094182E-006  5.362487914354079E+001
     46  4.372036911531542E-006  1.286171858003850E+002
    284  4.364716106188466E-006  5.370923101813037E+001
    927  4.364288297166513E-006  2.802647541223082E+001
    650  4.335812635662731E-006  3.419033130663160E+001
     50  4.273570489199927E-006  6.038020226711614E+001
    442  4.262078827793198E-006  1.197701932543413E+002
    907  4.195505867724943E-006  1.105222978418177E+002
    812  4.029368308492585E-006  1.179881125712661E+002
    412  3.942377197747514E-006  3.647234998568886E+001
    128  3.925221342533252E-006  1.088753656164789E+002
    638  3.787345074143575E-006  1.038752787826033E+002
     30  3.765103519078437E-006  2.896854787751031E+001
    370  3.740856463181275E-006  1.160724581958694E+002
     90  3.724023608591151E-006  2.531226002181987E+001
    478  3.673639086292693E-006  1.172235248221458E+002
    925  3.650985995990515E-006  1.194234040046469E+002
    877  3.617638301759258E-006  1.180212677607782E+002
    348  3.607834079711705E-006  1.789800537112603E+001
    461  3.559088668875465E-006  1.295226711833730E+002
    178  3.523801787850850E-006  5.334742079859637E+001
    558  3.511485223732320E-006  3.143103004668623E+001
    136  3.504379151183100E-006  1.174099734703846E+002
     87  3.489652569465091E-006  2.962108255210120E+001
    474  3.472552915593875E-006  1.193265202968559E+002
    197  3.470404264248534E-006  1.073187001809797E+002
    740  3.382140836208962E-006  1.078715389624255E+002
    858  3.262238193737214E-006  2.734266924142806E+001
    696  3.240842517077928E-006  5.854622202604084E+001
    762  3.151952618886986E-006  1.174924764366444E+002
    703  3.151950225927544E-006  1.153176280085931E+002
    190  3.150047991735569E-006  1.284698165604208E+002
    154  3.114967291859184E-006  1.209987537834799E+002
    419  3.062201122438486E-006  1.169792073888032E+002
    343  3.006361870167823E-006  1.206513215207693E+002
    300  2.970481498843841E-006  1.292193813881441E+002
    612  2.920417638873212E-006  1.127922213213002E+002
    350  2.852423196601965E-006  1.156696722587529E+002
     68  2.778012306153206E-006  1.108932996263234E+002
     39  2.608956588499118E-006  5.908479669129964E+001
   1022  2.544956504143315E-006  1.257123659982563E+002
    318  2.517687812666797E-006  1.116475502852595E+002
     51  2.513336541265520E-006  1.090823263338786E+002
    540  2.462405271704994E-006  2.289190147802284E+001
    131  2.295136280970910E-006  5.383511399675977E+001
    889  2.085887954053120E-006  3.423695493613279E+001
    551  2.085239219133004E-006  3.940696744165014E+001
    758  2.070291452773086E-006  1.020981622758500E+002
    118  2.045788745140435E-006  5.929344117167137E+001
    237  1.936473288040313E-006  5.683082696386948E+001
   1013  1.880496377679270E-006  2.890405871618987E+001
    162  1.749607880712053E-006  1.089320566788155E+002
    729  1.734201392009754E-006  1.170927382019151E+002
    421  1.727461371659484E-006  1.226227773719321E+002
     74  1.723141014299884E-006  5.899648987451491E+001
    341  1.720993783305634E-006  1.176828981634927E+002
     91  1.692774657533796E-006  5.491028634626824E+001
    665  1.684155863066837E-006  6.123169670057369E+001
    654  1.660096145977689E-006  3.967013675003798E+001
   1003  1.631371239125555E-006  1.096719007459395E+002
    785  1.629395965339035E-006  1.127143455798421E+002
    312  1.609256863207504E-006  1.083038869025097E+002
     19  1.580549203400480E-006  5.923075391291473E+001
    990  1.566939169587375E-006  3.611252692341090E+001
    616  1.535640933426217E-006  3.853005041859911E+001
    216  1.531418597687698E-006  1.126715765412703E+002
    670  1.521951300058155E-006  5.913272525796437E+001
    526  1.457500310089377E-006  1.134591800957990E+002
   1031  1.387289889836629E-006  1.166694009891897E+002
   1036  1.372160155709864E-006  1.163818968519567E+002
    106  1.341068990637505E-006  3.842334189186366E+001
    456  1.330882275600017E-006  1.273196760938799E+002
    326  1.323256911721400E-006  3.133147890305099E+001
    367  1.290402957139797E-006  3.409310997627640E+001
    479  1.287846907195829E-006  1.285208677219000E+002
    104  1.281158550938692E-006  1.303820247871189E+002
    100  1.278094212149085E-006  5.577756108381944E+001
    606  1.202503533154423E-006  3.015209130280775E+001
    623  1.200685241744807E-006  1.124272019648706E+002
    391  1.168288263517182E-006  1.613977519891939E+001
   1056  1.154356337644768E-006  5.746267104075711E+001
    373  1.152095633365153E-006  1.129532746929520E+002
    984  1.063950676522816E-006  1.211802708198896E+002
    873  1.001627424446305E-006  6.420235382070479E+001
    898  1.001483643743402E-006  3.579498872812645E+001
     82  9.744696042074454E-007  1.312955869622884E+002
    470  9.346497098455996E-007  6.223717669190264E+001
    415  9.180533223497632E-007  3.776227546592645E+001
    786  9.024203329867236E-007  1.085438252510029E+002
    298  8.630287121347898E-007  1.275139047951660E+002
    833  8.608305487296276E-007  1.157742910458074E+002
   1025  8.492739235972217E-007  1.287634835480242E+002
    194  8.342891091149796E-007  5.341280271007111E+001
    313  8.014502621939610E-007  3.943690762074498E+001
    180  7.731257191081018E-007  1.303107676632139E+002
    488  7.390636436876519E-007  1.076935540833530E+002
    530  7.372124645699892E-007  3.770871283234191E+001
    272  7.256018755645235E-007  4.531490195272019E+001
      4  7.253122841251674E-007  6.117097305534942E+001
    443  7.204594779955712E-007  1.283972449815831E+002
    804  7.070523708005305E-007  1.075803420545592E+002
    741  6.811372462125769E-007  3.975958814453082E+001
    332  6.756393882054149E-007  3.782799771367316E+001
    385  6.656901789500257E-007  3.064931720080771E+001
    602  6.503868200270302E-007  4.584194681648900E+001
     11  5.886338050657726E-007  1.109714133044692E+002
    202  5.573971092478642E-007  1.257839499477000E+002
    713  5.479211313807294E-007  4.479573540473374E+001
    338  4.959917166943631E-007  5.306734484786538E+001
    282  4.352509517178594E-007  1.128264915776557E+002
    483  4.329812596503749E-007  1.080610182969290E+002
     43  4.191280328383337E-007  1.346194539055510E+002
    952  3.656483231447638E-007  1.121574710091992E+002
    963  3.295528499438138E-007  3.754342800933261E+001
    226  3.241255671289720E-007  3.008992647017489E+001
    742  2.583299218684923E-007  1.085856897955188E+002
     78  2.529442367022714E-007  1.087788385322329E+002
    324  2.515082792141540E-007  3.546224307617756E+001
    789  2.332781931625108E-007  1.066334268034696E+002
    769  2.325195455333322E-007  3.808866171250383E+001
    290  2.302123099831769E-007  1.158410205227163E+002
    297  2.230889614740537E-007  1.132390062116629E+002
    617  2.132820370272143E-007  1.177804664274645E+002
    876  2.039512440069679E-007  1.086045165887166E+002
    835  1.940111870601857E-007  1.126166152341939E+002
    195  1.821412875469023E-007  1.110481358426624E+002
   1011  1.707915492320358E-007  1.204942856090064E+002
    250  1.675904886319921E-007  1.092317017697786E+002
    495  1.614023778730603E-007  1.278199357820382E+002
    693  1.613018095096586E-007  4.860068485987158E+001
    538  1.459251650350550E-007  1.179375383519322E+002
    999  1.284396487105265E-007  3.066258387389357E+001
    634  1.256646292736926E-007  1.123092284571979E+002
    333  1.046660558752386E-007  1.171988049333157E+002
    269  1.017376920015946E-007  1.164215139086281E+002
    580  9.844102316623747E-008  1.214127681893156E+002
    174  9.834767619937688E-008  5.864443875243541E+001
    382  9.713568293630137E-008  5.428443565407525E+001
    971  9.623857269521905E-008  1.210120646173054E+002
    491  8.298295887888046E-008  4.384337703649580E+001
     63  5.862920015233226E-008  5.556509490059524E+001
    199  5.540728029149418E-008  1.192284952660468E+002
   1014  4.755537439469143E-008  1.112316333805500E+002
    839  4.467750296822232E-008  6.296145084739301E+001
    322  4.166337090396461E-008  1.176182930415892E+002
     12  3.694314487845943E-008  1.090037015776699E+002
    761  3.268860190969464E-008  1.195324275100619E+002
    942  1.825769922404202E-008  6.338225363867880E+001
    408  1.458476365884754E-008  1.096324022234439E+002
     33  1.398985778100015E-008  5.633397739851014E+001
    108  1.352310152812528E-008  1.081847094070985E+002
     54  1.121727570397562E-008  6.017660592087329E+001
    831  1.089672068847966E-008  2.090004753970716E+001
    349  7.100169578832275E-009  1.576550008598366E+001
    690  4.242127383917374E-009  2.631778647604755E+001
    830  3.224005624484042E-009  6.132976639917543E+001
    306  2.864677641089557E-009  2.520059974878809E+001
    632  2.051925355244034E-009  3.886878023529649E+001
    702  1.979376758855002E-009  2.910145238672048E+001
    743  1.885601166720742E-009  2.833399983056912E+001
    363  1.846427764778615E-009  2.528710653288495E+001
    961  1.792465048489219E-009  2.736841493942774E+001
    865  1.549949588821369E-009  2.417045648515515E+001
    992  1.363068109959214E-009  2.532884140690746E+001
    233  1.249858474396597E-009  1.038594777289185E+002
    844  1.192987967944348E-009  2.622084120309369E+001
    140  9.968688643888011E-010  1.132988765946676E+002
    953  8.975741135058486E-010  1.147330628195228E+002
    938  7.232307600401529E-010  3.049749314287664E+001
    975  6.636108167287087E-010  3.009348825587244E+001
    111  6.169523535847470E-010  1.091366753407769E+002
    798  5.743618009608829E-010  2.922592719482343E+001
    302  5.447511603442642E-010  1.338807624856300E+002
    334  5.272959223587520E-010  2.133232472295666E+001
    708  4.512300006788888E-010  4.583772231810436E+001
    800  4.435246411685453E-010  3.578102711086950E+001
    744  4.429997517136626E-010  2.963275591369404E+001
    699  4.294081256282061E-010  1.097937820712892E+002
    514  4.121910139966225E-010  2.419654441569213E+001
    516  3.910196469213822E-010  2.815039412010666E+001
    287  3.787942299445319E-010  1.022252778822331E+002
    640  3.666377726281546E-010  3.474194668466802E+001
    484  3.541942855943232E-010  2.723312258669467E+001
    767  3.345615793508659E-010  2.946283014340624E+001
   1005  3.292099952505130E-010  3.019475203811447E+001
    583  3.243804964677548E-010  2.964044046295302E+001
    225  3.162395749579011E-010  2.820387678005197E+001
    264  2.892072747192525E-010  3.069091041790419E+001
    802  2.819532120457536E-010  1.121738923332827E+002
      7  2.815609084578656E-010  2.903741527293687E+001
    895  2.809288170844999E-010  3.447868912831422E+001
    646  2.781998722133939E-010  3.013958783755973E+001
    760  2.716500365228026E-010  2.531894844618999E+001
    361  2.714165633368185E-010  1.208007299333391E+002
    271  2.697943710363728E-010  1.068160821413137E+002
    254  2.395462187171780E-010  3.269493948796480E+001
     28  2.254966796691368E-010  4.577297798720381E+001
    816  2.240063207504774E-010  1.081290817537690E+002
    423  2.176311851477027E-010  2.676857812226475E+001
   1061  2.156208091114559E-010  1.347037227384220E+002
    466  2.103106934818119E-010  2.894606557925123E+001
    246  2.034443549929899E-010  1.110869010904150E+002
    467  1.998488091677321E-010  2.951009550101224E+001
    342  1.989629190889096E-010  3.347920780583872E+001
    914  1.977965903674372E-010  3.328285989987418E+001
    906  1.959983081974921E-010  2.809111789898073E+001
    828  1.934282947231885E-010  1.099487953836044E+002
    293  1.862363685379941E-010  5.744254243062559E+001
   1033  1.799965426035401E-010  2.812555695185284E+001
    647  1.769864716291247E-010  6.127630238144092E+001
     40  1.721225143479104E-010  1.335980578757328E+002
    463  1.687507098531576E-010  3.844792756368751E+001
    310  1.607268502214714E-010  1.120898587673740E+002
    126  1.540599494763628E-010  2.639897028880879E+001
    957  1.531051867091989E-010  2.097266015842631E+001
    459  1.528615310680262E-010  3.264561668499369E+001
    181  1.507022609197131E-010  3.560698249709960E+001
    524  1.484540295544053E-010  2.395894778585849E+001
    433  1.392504397088006E-010  2.889558275952906E+001
    885  1.374145548439388E-010  3.440214984487540E+001
    989  1.359777007723505E-010  1.100963852758419E+002
    962  1.341526376334754E-010  1.073097433997933E+002
    797  1.333091956432139E-010  1.091057940278593E+002
    471  1.318809742302922E-010  3.477213913616621E+001
    951  1.227350452789124E-010  2.525054805353794E+001
    738  1.199314786769924E-010  2.824119439761771E+001
    897  1.171714338674741E-010  1.147808691958262E+002
    958  1.127386123269726E-010  2.402762693077005E+001
    335  1.124689829629953E-010  1.111440682196492E+002
    941  1.091797260758052E-010  2.997417646428683E+001
    440  1.081588307277920E-010  1.072010890956036E+002
    566  1.046290405577853E-010  3.779210500818112E+001
   1059  9.882629314586206E-011  1.355788256041846E+002
    931  9.846815654614184E-011  2.719866128003683E+001
   1002  9.092476520816834E-011  2.632282271799158E+001
     32  9.008284151936829E-011  3.755125424253530E+001
    840  8.896201007625679E-011  3.623609188418403E+001
    730  8.847554214643396E-011  3.387129235620025E+001
   1058  8.817897401467947E-011  5.928221676314659E+001
    591  8.255883200073052E-011  5.613820237955890E+001
    866  8.232725309523783E-011  2.801414260834884E+001
    392  8.220136118695971E-011  1.332371626243247E+002
    707  7.869866886411579E-011  3.064277958545134E+001
    808  7.646425868849324E-011  1.075820232206908E+002
    935  7.635512769560079E-011  1.066838862051319E+002
    504  7.610436197570543E-011  3.781509978314006E+001
    522  7.467541201075660E-011  2.984234693833937E+001
     85  7.230830293113820E-011  4.626733593406676E+001
    933  7.166783866411292E-011  3.140508628572108E+001
    192  7.094218191851752E-011  1.149830440656411E+002
    588  7.027534583622795E-011  3.353713472611462E+001
    490  6.852170454905949E-011  1.101858300541406E+002
    739  6.540274349165236E-011  1.077145725822762E+002
    156  6.514623846914555E-011  1.073595385116889E+002
    304  6.446917336212690E-011  1.311017678078171E+002
    772  6.344376775161085E-011  2.974093022085369E+001
    245  6.281987467852839E-011  3.796682632854844E+001
    849  6.060661996436706E-011  1.125112752379971E+002
    244  6.046549052410949E-011  1.069294359332194E+002
    918  5.987151869045484E-011  3.402581568876052E+001
    519  5.917201328128578E-011  2.636508140986341E+001
    232  5.843509204022165E-011  3.295425293056501E+001
    565  5.795175805666886E-011  1.319990084283459E+002
     57  5.729116319681505E-011  1.342802604746010E+002
    145  5.646982449322730E-011  1.335277660583210E+002
    325  5.599356198960122E-011  1.079057231655316E+002
    169  5.532604114540516E-011  4.138202556861325E+001
    586  5.507030264442391E-011  1.096892988207100E+002
    867  5.262326211057141E-011  1.093621208996954E+002
    915  5.204974529594118E-011  4.584982776806759E+001
    301  5.194402671215202E-011  3.771255202004246E+001
    404  5.133835003601399E-011  1.089359960186049E+002
    291  5.132325130259840E-011  1.075105612762544E+002
    273  5.125813230038255E-011  3.772840070404182E+001
    492  5.078140720911136E-011  1.077995169160013E+002
    601  5.037976934030654E-011  1.108802345027426E+002
    781  5.028883457621512E-011  1.087176908844694E+002
    832  4.925478507934499E-011  1.110096174530925E+002
    354  4.920361337549772E-011  1.159200206929639E+002
    545  4.914534082750410E-011  1.129277254908914E+002
   1040  4.880251352140037E-011  3.409286993597820E+001
    657  4.815911833088465E-011  3.574213842680000E+001
    674  4.736478743619491E-011  5.625145344515472E+001
    441  4.488455548534803E-011  2.773259743149481E+001
    993  4.363654941556551E-011  1.116430390204125E+002
    697  4.332791020111293E-011  1.131624666385693E+002
    715  4.282194536834540E-011  3.931251329773253E+001
   1047  4.190390956999016E-011  1.377944094274052E+002
    806  4.122497936629810E-011  1.205073342210046E+002
    899  4.117784153931163E-011  1.261043398665387E+002
    247  4.092261775152895E-011  1.077858725424254E+002
    995  4.040421951431879E-011  1.116278943327693E+002
   1004  4.007578040706065E-011  1.072165524940517E+002
     77  3.997942212399952E-011  2.290370252525086E+001
    871  3.944122719688315E-011  2.163446995807031E+001
     22  3.933951649375821E-011  3.133367016078528E+001
   1076  3.904323506832638E-011  4.596053663301203E+001
   1023  3.863290156459446E-011  5.386121570632214E+001
    973  3.850912804047604E-011  1.169636814827145E+002
    996  3.788457221937158E-011  1.609877016713580E+001
     27  3.744169657831232E-011  1.083939613929496E+002
    450  3.699842868451485E-011  3.777100367362779E+001
    555  3.694590904629322E-011  1.329162316534876E+002
    901  3.670514713354316E-011  2.757063841784912E+001
    407  3.665199046086347E-011  1.790177189127522E+001
    262  3.600550668584110E-011  1.118983459534591E+002
    636  3.516210230115006E-011  1.104980524817614E+002
    508  3.480401468943206E-011  2.506021688875276E+001
    374  3.463036750101810E-011  5.922548477025595E+001
    416  3.440824829358507E-011  3.563345295989614E+001
    529  3.363100472581609E-011  1.068632796964387E+002
    784  3.337356640676958E-011  1.167020073324121E+002
    675  3.294025207412854E-011  1.175379446895269E+002
    511  3.287957389846266E-011  3.427075716241296E+001
    874  3.274670258578911E-011  4.589771179385998E+001
    823  3.220307565811555E-011  1.088829711471428E+002
    940  3.198524359786119E-011  1.602124740309022E+001
    633  3.197483948554734E-011  3.355876742273789E+001
    852  3.175851595891023E-011  1.152257413626876E+002
    211  3.167748379212184E-011  4.313813383123015E+001
     88  3.156187769941759E-011  2.901527651977251E+001
     36  3.128011376125700E-011  1.183672257029592E+002
    607  3.003727603806037E-011  5.307829750988225E+001
    513  2.917328247179321E-011  1.126174859303677E+002
    783  2.892986540238742E-011  3.417601225529881E+001
    627  2.893761717417103E-011  3.156300449744440E+001
    954  2.890181426000045E-011  3.780355811396966E+001
    969  2.882283733674791E-011  3.222961340470744E+001
    980  2.858042683970536E-011  1.125646933017709E+002
    937  2.585619815674018E-011  1.136391667970821E+002
    561  2.583141750518738E-011  1.306951685075199E+002
    991  2.525613635490734E-011  1.134142236548554E+002
    537  2.526569526927987E-011  6.124519862114400E+001
    719  2.517027638551905E-011  5.739130524664890E+001
    550  2.481621646349695E-011  3.946553426727878E+001
    102  2.444484657686548E-011  6.040638333707885E+001
    285  2.406618087653367E-011  3.282974302710221E+001
    129  2.378037276168571E-011  5.915674406709298E+001
    795  2.356364705305088E-011  1.127261010343926E+002
    149  2.356700219124515E-011  1.055695542091875E+002
    549  2.332226057909447E-011  1.091577167544769E+002
    737  2.327492584772206E-011  1.123245383699952E+002
    842  2.319203859614571E-011  1.090293393204929E+002
   1041  2.291308429527062E-011  5.330479606468482E+001
    930  2.265476337191852E-011  1.231363157114407E+002
    214  2.254235332605360E-011  1.156966733805309E+002
    457  2.199924000637870E-011  2.172483696974205E+001
    557  2.134899134043891E-011  1.309743709063693E+002
    629  2.121830795302732E-011  1.039341741541067E+002
    328  2.103511594280836E-011  1.120326027706518E+002
    751  2.055262901023686E-011  3.942196758210208E+001
    239  2.026732717586889E-011  1.162464656753858E+002
    946  2.006296071320831E-011  1.129992955733451E+002
    138  1.982798652535051E-011  1.042370232090190E+002
    319  1.967298297766298E-011  1.119189168759601E+002
    917  1.925761971746037E-011  3.003523913071240E+001
    717  1.908504713157574E-011  1.191309658868240E+002
   1048  1.905049559057286E-011  1.308612105592879E+002
    868  1.895750049675975E-011  3.415042982461270E+001
    120  1.850832119157134E-011  3.657410125703108E+001
    498  1.847667031481257E-011  1.186885790690967E+002
    644  1.845369875189865E-011  1.081442765454168E+002
    814  1.842156141105707E-011  1.086096779760040E+002
     80  1.837247564822006E-011  1.343693024636507E+002
    604  1.835621599419658E-011  1.124424786565822E+002
     56  1.817395330836216E-011  3.445244989490512E+001
    864  1.788774526850992E-011  1.219930863874545E+002
    663  1.770732442073976E-011  3.138362649544596E+001
    355  1.767027567520553E-011  2.794852323205357E+001
    794  1.753820448793738E-011  3.122809333059975E+001
    449  1.734674970652416E-011  1.082240223896453E+002
    176  1.671584229162177E-011  3.980847235414979E+001
    123  1.613213432996499E-011  5.851477659743665E+001
    655  1.607845077319745E-011  3.831803922658406E+001
    426  1.596708576404885E-011  2.887857717146865E+001
    766  1.586851662466373E-011  4.083419339383966E+001
    642  1.585051284921455E-011  1.092170638731809E+002
   1010  1.581341111099114E-011  1.313942342006021E+002
    533  1.582304196814381E-011  1.139223039596770E+002
    718  1.562103610513288E-011  3.946329527555739E+001
    796  1.505326861129861E-011  3.312629249382376E+001
   1026  1.493194523986418E-011  3.595683530668435E+001
    253  1.449853578410005E-011  1.260391488080743E+002
    528  1.444682930651953E-011  3.763155082052234E+001
     20  1.441459580511744E-011  1.158468005027919E+002
    609  1.439902274473940E-011  3.288903043920949E+001
    453  1.408035358738130E-011  4.019547322326159E+001
     79  1.383257787899208E-011  6.034164514485035E+001
    509  1.373741457637097E-011  1.283194925419818E+002
    372  1.369616187584130E-011  5.863162405023152E+001
    956  1.354789551557528E-011  1.059241062055237E+002
     97  1.315444649471579E-011  5.904703387172745E+001
    624  1.289283027858691E-011  1.169946310222281E+002
    173  1.268972862654091E-011  5.705750096217044E+001
    189  1.243532479729272E-011  5.417888746516163E+001
    815  1.244075541194313E-011  3.778170481219699E+001
    378  1.184904814122037E-011  4.562801977383133E+001
    728  1.184848414965688E-011  3.880469678490620E+001
    886  1.169662556680786E-011  6.224302274721154E+001
    200  1.161986273362306E-011  1.177839172244635E+002
    610  1.146611226338550E-011  3.720461396276627E+001
    255  1.135090278241522E-011  1.308828204523467E+002
    686  1.131091487294303E-011  1.208517876582337E+002
    929  1.107786899763147E-011  1.130579433911173E+002
    418  1.082426546628571E-011  6.218064046170334E+001
    417  1.081356021617456E-011  2.361699897771763E+001
    507  1.078166549254742E-011  1.285641908437965E+002
     52  1.065098838264113E-011  1.117593375942451E+002
    834  1.062631113373524E-011  1.080567779309882E+002
    527  1.043331227037600E-011  1.172668859422338E+002
    853  1.037261269104822E-011  1.107142150641584E+002
    506  1.033174083836319E-011  3.988229127156298E+001
    734  1.012741573142170E-011  1.106384056468346E+002
    487  1.012935256871653E-011  1.084688215887346E+002
    387  9.967320396249338E-012  2.939624286314891E+001
    593  9.932205173382019E-012  5.396751286663234E+001
    572  9.942133698671340E-012  3.023484544191354E+001
    754  9.918396665936596E-012  1.179737982448887E+002
    198  9.901948824171145E-012  1.297546330865524E+002
    589  9.897221104664120E-012  5.564687376116437E+001
    668  9.735221735225444E-012  1.312043008921371E+002
    112  9.730531959798576E-012  1.228577076214966E+002
    888  9.651328762065093E-012  1.161475012650194E+002
    841  9.558867136817015E-012  1.092552480865137E+002
    358  9.480799183637267E-012  1.128843806700145E+002
    187  9.437828981914923E-012  1.135491264494711E+002
    987  8.987345814548036E-012  3.557755978229710E+001
    778  8.895636581017141E-012  5.423822798903431E+001
    822  8.871951075494845E-012  3.307693202001514E+001
    475  8.502882687682027E-012  1.258335800160255E+002
   1039  8.278201753053208E-012  1.295345147363496E+002
    936  7.981132629129982E-012  3.453402514696941E+001
    724  7.964497872484806E-012  3.965688865444611E+001
    641  7.916552477043486E-012  1.154002871528486E+002
     64  7.846770618734991E-012  5.339329746355038E+001
    578  7.784079885492413E-012  5.869481068587496E+001
     34  7.566758282255246E-012  1.194522314372787E+002
    592  7.392928762265687E-012  1.088509625660643E+002
    316  7.386934827990982E-012  3.801756730550532E+001
    573  7.358077288030135E-012  2.142973991910956E+001
    208  7.186541670646446E-012  1.083065615545923E+002
     48  7.022927794340552E-012  1.275254668407063E+002
     71  6.953794092273020E-012  1.225208798638500E+002
    681  6.924207115699445E-012  2.586613929058441E+001
    206  6.852224564959403E-012  1.094155347028413E+002
    894  6.814679673790470E-012  1.212682101451038E+002
    402  6.723004419704344E-012  1.157696826743314E+002
    967  6.597387355715823E-012  3.300184232711695E+001
    748  6.448163019024681E-012  1.112085873310290E+002
    542  6.407004834376428E-012  1.305950012975653E+002
    294  6.298173702776461E-012  1.178232184725334E+002
    437  6.289477256626051E-012  1.121040493080894E+002
    757  6.299260038609515E-012  3.106473709110810E+001
    321  6.264897828968466E-012  1.279336631708856E+002
     62  6.274266885349071E-012  6.114871311085021E+001
    431  6.257921790258723E-012  6.175691747082481E+001
    722  6.072709215307082E-012  5.881619101264776E+001
    821  5.985558497279810E-012  1.215989223434023E+002
    163  5.966294436621665E-012  1.210540635227126E+002
    819  5.940348288166277E-012  1.090727733908756E+002
    125  5.890601390023186E-012  1.154953904603925E+002
    267  5.706023591997515E-012  1.060826450602385E+002
    153  5.611760691472168E-012  3.431788431193335E+001
     29  5.569782514848446E-012  1.183436086714867E+002
    543  5.512996061793860E-012  1.198170151604363E+002
    115  5.489833005434623E-012  5.877634920518132E+001
    945  5.409719787670748E-012  3.428944699913568E+001
    510  5.378401191180757E-012  2.681505874269844E+001
    813  5.296979537763499E-012  4.550613920937534E+001
   1060  5.268075476572235E-012  1.319276261345931E+002
   1020  5.162059590001058E-012  1.279130850987480E+002
    430  5.119746619481312E-012  1.263330837666197E+002
    207  4.967091206391274E-012  1.125001170052366E+002
    472  4.955705332518547E-012  1.172220117205398E+002
    881  4.946652779396681E-012  1.086773788226801E+002
    916  4.928963827933124E-012  1.286072777556246E+002
    142  4.787187989638405E-012  1.071481324073836E+002
    736  4.652428860248359E-012  4.215156971233037E+001
    165  4.624748501808168E-012  1.318335521284131E+002
    687  4.597100879412687E-012  4.924186336000197E+001
    371  4.535125400600954E-012  1.110323769837085E+002
    768  4.518265117633387E-012  1.261040539187754E+002
    236  4.499053811225216E-012  1.162897365840124E+002
    712  4.387195940749782E-012  1.160488352544329E+002
    389  4.295752027043504E-012  1.173997691087201E+002
    584  4.275758913560807E-012  1.291862105641820E+002
    618  4.227430973630329E-012  1.287043592373545E+002
    782  4.236420442081994E-012  3.544677698475633E+001
    425  4.186164827027843E-012  1.080318974552513E+002
    182  4.024462477794566E-012  3.796838798284061E+001
    997  3.998652694576603E-012  3.136375872484097E+001
    330  3.988492833242620E-012  3.702977275419675E+001
    672  3.935327023816499E-012  5.776345718518971E+001
    559  3.843297598021074E-012  2.159495338523997E+001
    171  3.819517787089963E-012  1.192707498518571E+002
    465  3.826751334607645E-012  1.165865042802110E+002
    172  3.807834472361550E-012  1.288053372923729E+002
    679  3.688317074290943E-012  4.424140698623744E+001
    787  3.671590485811150E-012  3.956832290759487E+001
    977  3.577520467203314E-012  1.086026585352107E+002
     35  3.385658835726449E-012  5.570237704638058E+001
    688  3.357653209793252E-012  1.085358398578049E+002
    512  3.348394308450311E-012  1.060222464504734E+002
    360  3.314614543088925E-012  1.050602398346211E+002
    234  3.298197323466966E-012  1.274245221688797E+002
    409  3.297212683477443E-012  1.095237679808366E+002
    904  3.081780738230883E-012  1.301573226948983E+002
    274  3.046622446196261E-012  1.123713168749877E+002
    621  3.053233256847627E-012  2.156844839634016E+001
    562  3.037711141496888E-012  3.970176114323759E+001
    394  2.854655860667045E-012  1.160277562509484E+002
   1050  2.792490655894249E-012  1.380741713483044E+002
    678  2.785065374563621E-012  1.132204696343963E+002
    972  2.700413442593610E-012  1.128369123560983E+002
   1017  2.674183361750159E-012  3.768157310789423E+001
    288  2.595344194172405E-012  1.302330380014160E+002
    196  2.573231631878018E-012  4.679959746144570E+001
    186  2.562929993719676E-012  1.115160293862327E+002
   1000  2.543015606997887E-012  1.294348751600228E+002
      5  2.542850557030329E-012  1.275962865512414E+002
    706  2.550616708753049E-012  1.245973625742185E+002
    315  2.490872449596357E-012  1.063188249235199E+002
    249  2.449173489262172E-012  1.303937225821345E+002
    666  2.332730653417030E-012  1.078792090195175E+002
    986  2.297922408517957E-012  1.090026123541961E+002
    139  2.231850928226702E-012  5.947894419863643E+001
    339  2.220092608982119E-012  1.290487457278724E+002
     21  2.197549203445123E-012  3.465762257233271E+001
    175  2.153953623334041E-012  1.262276715483494E+002
    605  2.147100345606959E-012  1.088331407865777E+002
    625  2.148099779285854E-012  1.590847703007305E+001
    594  2.132784012428893E-012  1.277930033606083E+002
    535  2.139999275385616E-012  6.135883822823781E+001
    122  2.101309246326706E-012  5.896054878912432E+001
    872  2.082718162497678E-012  1.141592235693823E+002
    884  2.000539775111487E-012  1.069651182940036E+002
    480  1.981382792688921E-012  1.128080029568008E+002
    880  1.972669582760675E-012  2.775456480009851E+001
    776  1.962341915917294E-012  5.576210504926462E+001
    424  1.947155377884122E-012  1.284918547625140E+002
    396  1.941765420323863E-012  1.113896391195579E+002
    598  1.928266981392067E-012  1.263882744482872E+002
     69  1.875962950063666E-012  5.860548456050422E+001
    854  1.851647718930670E-012  1.138213271166850E+002
    875  1.827965798434267E-012  1.119729914151030E+002
    792  1.766324530663443E-012  4.746511519493414E+001
    405  1.764330191904094E-012  3.489852663635454E+001
   1018  1.735094957808593E-012  1.160940016480135E+002
    843  1.737946496960833E-012  1.112767050306077E+002
    179  1.734259711968880E-012  3.438422359989316E+001
    926  1.731321960311303E-012  1.598501164384855E+001
   1045  1.556805226046602E-012  2.787315660462137E+001
    238  1.544994500536117E-012  4.378550420816221E+001
    922  1.475914640272388E-012  1.186529645811651E+002
    887  1.456917247339989E-012  2.312746968263935E+001
   1069  1.432009310648851E-012  5.859518518011329E+001
    452  1.415317038794344E-012  1.181414190657173E+002
   1073  1.387609790354545E-012  1.307608641378087E+002
   1072  1.388848008966312E-012  5.559443297146688E+001
    444  1.388919816353022E-012  5.512211674339599E+001
    811  1.368023832768257E-012  1.198659601026961E+002
    132  1.338960991451973E-012  1.193712297162542E+002
    905  1.207864552405054E-012  1.255978693087662E+002
    368  1.169777519364718E-012  1.128027163318073E+002
    817  1.174375568197808E-012  6.233825362854991E+001
    468  1.164226148646861E-012  1.126690420180430E+002
    620  1.172484989136391E-012  3.461443930534469E+001
    732  1.147903535204390E-012  1.176137630409119E+002
    448  1.114948149386053E-012  6.121978583143463E+001
     41  1.091114901642515E-012  1.315853494811526E+002
    446  1.100689694490000E-012  1.268675064734965E+002
    217  1.088596326031196E-012  1.251160304144774E+002
    934  1.096829534747031E-012  1.217426613147191E+002
    204  1.083002385761894E-012  1.269804246439967E+002
    912  1.088898652551756E-012  1.196661558089543E+002
    582  1.069852050958777E-012  1.280701326614214E+002
    579  1.047765917090959E-012  4.365772226055247E+001
    383  9.873128308142905E-013  1.323417007094679E+002
    515  9.802346894146729E-013  1.209639445667985E+002
    278  9.891905475542647E-013  5.447274022079358E+001
     49  9.753489734669951E-013  5.582786006193776E+001
    780  9.753738961263529E-013  4.256249962081733E+001
    462  9.383726763618633E-013  1.241485400336660E+002
   1068  9.429825223481736E-013  1.044712539182624E+002
    155  9.333543170185275E-013  3.854449238600111E+001
    879  9.165988500275570E-013  3.766939742637059E+001
    981  8.999416831194393E-013  1.285122325323589E+002
      3  8.929882479649095E-013  1.192870064804590E+002
    680  8.203363395412168E-013  1.092707246312704E+002
    119  7.969224235984743E-013  1.167644475137030E+002
     61  7.499570842380448E-013  1.217801007557081E+002
    228  7.337409215249486E-013  5.901004673211595E+001
    276  7.118054900794826E-013  1.273121510734392E+002
     37  6.829903191616085E-013  1.314401949169826E+002
    727  6.713062939924436E-013  1.071267351454837E+002
    521  6.801180988518623E-013  6.113249912120045E+001
    148  6.471280681855752E-013  5.474670035142442E+001
     83  6.469102246381330E-013  4.526673179820873E+001
   1006  6.391977179768258E-013  2.344853902492484E+001
    791  6.067929574413267E-013  3.789656117634676E+001
    960  5.748466177523861E-013  2.959432182059479E+001
    863  5.223454918508974E-013  6.126335818907103E+001
    553  5.123012469622771E-013  1.303217749914562E+002
   1080  5.094464628697876E-013  1.109319151840975E+002
    164  5.152791136162560E-013  4.155971528940107E+001
    838  4.942534545311895E-013  3.433180382116732E+001
    168  4.365858442452290E-013  1.181059997448311E+002
    150  4.236156743202297E-013  6.259549063988397E+001
    213  4.162523991499617E-013  3.417152556524616E+001
    256  4.027348290528734E-013  1.105747384204002E+002
    685  3.833219807154516E-013  1.292480998125374E+002
    379  3.652009700097493E-013  1.298660919206632E+002
    939  3.669769150531673E-013  1.133059377671211E+002
    401  3.550910786743404E-013  1.175755969665067E+002
    949  3.605352727439151E-013  2.799080532753403E+001
   1049  3.355932439822271E-013  4.529500169490558E+001
    345  2.847571740409693E-013  1.282079264928535E+002
    622  2.747851819826364E-013  4.541251878508606E+001
    251  2.708786724079532E-013  3.913916919126598E+001
    745  2.598663626086246E-013  1.048024524338471E+002
    303  2.522340411756937E-013  6.100423398784413E+001
    107  2.492706112605536E-013  5.630986555991154E+001
    673  2.389284874417000E-013  1.140894925790380E+002
    134  2.374091968649840E-013  5.567446642975943E+001
    667  2.235068338468438E-013  5.304287455919988E+001
    807  1.991630026124761E-013  3.228217961432350E+001
    502  1.802342059754621E-013  6.121217372353233E+001
    414  1.430208434587373E-013  1.196071090108000E+002
    464  1.448539107600365E-013  1.087499796082763E+002
     53  1.399522865473334E-013  5.870226478360483E+001
    660  1.190287348182496E-013  1.284572801624853E+002
    599  1.282722164853292E-013  1.061959834495438E+002
    856  1.208265652434998E-013  6.156533732441117E+001
    161  1.274121063158579E-013  5.427051031404531E+001
     60  1.072945542044745E-013  1.304484537172835E+002
    252  1.124400966632556E-013  1.214231005338099E+002
    691  1.013889193282045E-013  1.052813288910866E+002
    658  8.386322255474261E-014  2.729222684143697E+001
    695  6.291691831119106E-014  9.991979604628325E+001
    801  7.271352771455347E-014  3.943491641460432E+001
     96  6.181892864734325E-014  5.764049505206449E+001
    351  5.162592915485467E-014  1.201194271720583E+002
    910  6.015583594923065E-014  1.051553262699275E+002
    410  4.732026291176850E-014  1.083254677565710E+002
    406  4.938704815618525E-014  1.064879368101954E+002
    848  4.092879321389893E-014  4.227304119052906E+001
    763  5.039649983749995E-014  4.043910501029072E+001
    747  4.877092019917704E-014  3.571480742522697E+001
    779  2.731615084308610E-014  1.284134233091297E+002
    346  3.633459423952327E-014  1.176382336104358E+002
   1034  2.245478616284044E-014  1.097605333904931E+002
     59  2.862646013518124E-014  5.986406874713763E+001
    581  2.800023812157855E-014  5.350711406923092E+001
    191  2.793399373089114E-014  4.271716190853395E+001
    563  9.011217170522105E-015  1.294816013059754E+002
    603  1.392400664352268E-014  4.929206523903117E+001
    988  8.304828897799411E-016  1.301546099868189E+002
    158  9.198431333110374E-016  1.277443716709502E+002
    227  3.852913533027799E-015  1.269063264044391E+002
    909  1.175518763581609E-015  1.084482551386048E+002
    548  5.424159839312219E-016  6.001917042994083E+001
      8  1.687395068261678E-015  4.284814046185456E+001
    648  3.738385867758833E-016  3.962406029172926E+001
    201  1.507070482278995E-015  3.921912154745923E+001
      1 -1.756197133323723E-011 -4.557161126570968E+001
