   1080
   1066  3.668088546386107E-003  1.326638081608864E+002
    224  3.473238577613643E-003  4.948641649259005E+001
    967  3.326026008505401E-003  2.760588378246693E+001
   1068  2.860094505022384E-003  1.325497610521547E+002
   1059  1.794722061358643E-003  1.341514018240207E+002
    700  1.673521266783221E-003  2.738007805691525E+001
   1060  1.485782298435609E-003  1.329313747891841E+002
    960  1.260094617411614E-003  2.019540254331992E+001
     15  1.213885583376768E-003  1.343029464724711E+002
    196  1.107625798635134E-003  4.625090273224978E+001
    891  9.764676483207088E-004  2.651619209441258E+001
     67  9.413456649802181E-004  1.354042236241257E+002
    903  8.322101193234090E-004  3.045737089485879E+001
     14  8.278110422534444E-004  1.358256631735167E+002
     66  7.264982628866019E-004  1.327276930714175E+002
    394  6.520089219351803E-004  1.333115783714571E+002
    137  6.057870352051432E-004  2.087990173878065E+001
    840  5.883998356947716E-004  2.596547649427322E+001
    179  5.607074612172642E-004  4.941143315454123E+001
     98  5.567759909682466E-004  1.339662386256463E+002
    720  5.197774862178469E-004  2.446711842529193E+001
    964  4.889537855690820E-004  2.815066438252619E+001
     57  4.757601217360021E-004  1.342863482497035E+002
    455  4.683480488737702E-004  9.992248835600154E+001
    530  4.678804766353694E-004  5.256113763598204E+001
   1041  4.655034107605616E-004  1.618841834910751E+001
     80  4.072729388195465E-004  1.364554620409143E+002
    588  4.003542141505243E-004  3.475387160740764E+001
    382  3.978322761715067E-004  5.104771178051914E+001
    113  3.857229684738220E-004  1.314977675416337E+002
     43  3.818956547205077E-004  1.341144219295502E+002
   1045  3.803824759538304E-004  3.738291913412129E+001
    940  3.781211663097877E-004  2.646960059774937E+001
   1048  3.638313709070391E-004  1.344046302448102E+002
    145  3.455953130173770E-004  1.346194539055510E+002
     84  3.398204194504605E-004  1.396436663909797E+002
    708  3.168579707429529E-004  4.629598270815639E+001
    620  3.074920252149606E-004  2.753424185241757E+001
    914  2.607596151752760E-004  2.187224802744607E+001
    326  2.387284562384304E-004  2.892423345306968E+001
    439  2.385196749928807E-004  4.004301078176525E+001
    324  2.350877888151036E-004  1.789800537112603E+001
   1049  2.310891871300012E-004  2.774085074348426E+001
    802  2.299647823743528E-004  1.060536335309056E+002
   1073  2.108386762123063E-004  1.344917158692384E+002
    156  1.991815823988881E-004  1.046282722201418E+002
    641  1.923417759479712E-004  1.059120748035276E+002
    218  1.862030029577723E-004  2.755617199691822E+001
    589  1.836722818753496E-004  2.901187257899960E+001
    746  1.773830050551478E-004  2.725972897992215E+001
    306  1.771375727391286E-004  4.596234092444288E+001
     39  1.670050540521134E-004  5.812208685443625E+001
    383  1.639040842139468E-004  1.321926832065285E+002
    710  1.629865075221792E-004  1.053333243782467E+002
    579  1.624892349853312E-004  1.583625865609918E+001
    311  1.593708610217637E-004  1.525364616101343E+001
    438  1.585972992993676E-004  2.806713727402586E+001
     70  1.563240717237075E-004  3.343240987260896E+001
    266  1.463327778753923E-004  1.293191512595130E+002
     62  1.460342051023044E-004  6.083933078477587E+001
    303  1.448844364914941E-004  2.693670751290862E+001
    674  1.412183181290090E-004  5.759372088938139E+001
   1047  1.399594625561859E-004  4.158728893163137E+002
    330  1.388090135321074E-004  3.787032732008765E+001
    753  1.386855427133411E-004  3.172286733302915E+001
    206  1.380708232753084E-004  1.062584145503753E+002
    295  1.379743348417418E-004  1.011518655534602E+002
    898  1.370630667525338E-004  4.148742141541591E+001
    544  1.309450467488781E-004  6.109201132688620E+001
   1050  1.305682498019474E-004  1.362106241826424E+002
    941  1.266059500564124E-004  3.559185987223327E+001
     17  1.246875265167503E-004  5.789955059629722E+001
    543  1.240273322933682E-004  1.304910061292189E+002
    824  1.212920500762176E-004  1.015664274854883E+002
    320  1.202939860779422E-004  3.712296305298273E+001
    676  1.198248408640478E-004  5.872404146067606E+001
    546  1.179495195525358E-004  5.939788471440445E+001
    765  1.152810160665649E-004  4.660779483183856E+001
    809  1.138711541562078E-004  3.924493713332908E+001
   1079  1.136484814100110E-004  1.272521825759827E+002
    694  1.111415791925244E-004  3.858541355862369E+001
    362  1.065890468163406E-004  2.099603579997237E+001
    652  1.063939838740971E-004  5.870181737054548E+001
     93  1.056326705578077E-004  1.311131492595320E+002
     19  1.046308173714872E-004  5.887415173331902E+001
    616  1.035920310358977E-004  3.355333697060609E+001
    205  1.029633815783597E-004  5.447389931517302E+001
    223  1.026180819019809E-004  5.874796504624639E+001
    380  1.007480648650021E-004  1.289410134459407E+002
    782  1.007229516403387E-004  3.466424441944299E+001
    828  9.649395778754609E-005  1.057033944122386E+002
    663  9.589600123648965E-005  2.409705164787495E+001
    672  9.518640161312614E-005  5.721107823363405E+001
     37  9.469534773986822E-005  1.266719750907104E+002
    185  9.449030097834038E-005  1.065754669593027E+002
   1067  9.353658576077843E-005  1.316982726065727E+002
    745  9.298087093079440E-005  6.305959142723653E+001
     72  9.231142988231091E-005  1.279743023107976E+002
    908  9.215324290926034E-005  2.896854787751031E+001
   1005  8.802319859802506E-005  3.769211071525608E+001
    705  8.560391194248806E-005  2.724078156213282E+001
    570  8.516025653108854E-005  2.999019716619194E+001
    595  8.487381133174903E-005  5.603111626794400E+001
    548  8.486791498480007E-005  6.025470585832118E+001
    493  8.422338074081943E-005  5.780609965841833E+001
    788  8.193227792598668E-005  3.551885531155625E+001
    150  8.077436811651085E-005  6.296145084739301E+001
    451  7.975706797215188E-005  1.296088936816090E+002
      8  7.917478639165867E-005  4.599731721039328E+001
    419  7.794608858672662E-005  1.048845504576103E+002
     22  7.695514225144718E-005  3.567426501997931E+001
    121  7.686590470233582E-005  6.357395642030325E+001
    317  7.624638676772767E-005  2.523382761841791E+001
    540  7.587423518507641E-005  2.810793179648220E+001
    906  7.584834769066776E-005  2.878825007498821E+001
    682  7.185704836912549E-005  4.918679643886374E+001
    453  6.979673669152157E-005  3.701192275880980E+001
    865  6.850158101649544E-005  3.002252060836760E+001
    316  6.841777065934745E-005  5.290937477033229E+001
    954  6.794973318801223E-005  3.196505539864106E+001
    904  6.734072761149783E-005  1.248809854930112E+002
     76  6.631224982601526E-005  1.314715581257088E+002
     69  6.542987796130064E-005  5.892437644921355E+001
   1007  6.460723492507850E-005  1.305222961966416E+002
    741  6.452057857341745E-005  3.626225683337820E+001
    645  6.337902577252554E-005  5.531634575192984E+001
    254  6.240542205671534E-005  3.882838784235468E+001
   1002  6.193286441292007E-005  3.410253373070628E+001
    489  6.170347034086394E-005  3.768368856339602E+001
    580  6.164835711880468E-005  1.057453353847923E+002
     53  6.018942171734324E-005  5.896013142916861E+001
    381  5.925676918095676E-005  1.354324795947707E+002
    427  5.899904487505172E-005  1.283571610930398E+002
    738  5.898948916207624E-005  2.701661000637159E+001
    368  5.835764707994924E-005  1.093898788587897E+002
    841  5.722625461319928E-005  6.147898090385020E+001
    640  5.621168653683667E-005  2.438544652024468E+001
   1028  5.605834099395030E-005  1.066334268034696E+002
    874  5.598106696564642E-005  4.226093301429172E+001
    870  5.444800956077586E-005  1.157742910458074E+002
    660  5.426949019883879E-005  1.279543526275624E+002
    275  5.408740806395772E-005  5.370923101813037E+001
    475  5.369848628024463E-005  1.299156169919357E+002
    282  5.345363274272066E-005  1.097557298218124E+002
    857  5.260033653473901E-005  2.296838485179384E+001
    286  5.173642101375251E-005  2.630307692914614E+001
    310  5.171116697705922E-005  1.145298426243365E+002
    119  5.146108659717135E-005  6.253025421116679E+001
    516  5.012970725804467E-005  3.436942614620276E+001
    771  5.011529671159035E-005  2.434132374489397E+001
    393  4.980124853759824E-005  1.538237819988055E+002
     71  4.847995889492245E-005  1.309870115228712E+002
   1038  4.802117231654552E-005  3.606566029862945E+001
    454  4.662523407158822E-005  5.894267663985430E+001
    536  4.563199918734235E-005  1.294442843845866E+002
    637  4.529943673324705E-005  2.138593261055506E+001
    587  4.519181669183990E-005  4.253596576130936E+001
    556  4.515245710568564E-005  3.432202124721923E+001
   1009  4.504149539623761E-005  2.415495490630330E+001
   1039  4.415971130265210E-005  6.038020226711614E+001
    778  4.390265947074922E-005  5.629581637201602E+001
   1015  4.362855631740432E-005  1.070288421953979E+002
    111  4.309456209584198E-005  1.293587579307074E+002
    176  4.240308943516691E-005  2.960842444949463E+001
    835  4.198901265628592E-005  6.121464845533989E+001
     16  4.188688997977685E-005  6.118430914066833E+001
    118  4.178952396294670E-005  5.919692186286717E+001
    889  4.115583963017367E-005  2.843387532605292E+001
    813  4.110175118669415E-005  4.542961201541338E+001
    202  3.943098196603359E-005  1.257123659982563E+002
    607  3.848014543664778E-005  5.478568736420238E+001
    633  3.847932264297802E-005  3.416086135232869E+001
    783  3.824134783947625E-005  3.578102711086950E+001
      6  3.782935440404500E-005  3.417374194629690E+001
    911  3.696523098401320E-005  3.961435391585434E+001
    183  3.678050693570864E-005  1.246656746453913E+002
    938  3.643636937229434E-005  3.317123031643270E+001
    951  3.641486347277604E-005  2.953999474892472E+001
    114  3.638544981479666E-005  4.860068485987158E+001
    992  3.499328526645496E-005  3.259607503616505E+001
    650  3.490028132239117E-005  4.035906684337910E+001
    357  3.406887784005827E-005  1.101537521701565E+002
    554  3.330847800773257E-005  2.802647541223082E+001
    702  3.251253196746176E-005  2.956235116545113E+001
    349  3.231722496385562E-005  3.222576280422910E+001
    666  3.217703432131120E-005  1.151502211132596E+002
    675  3.195923570737496E-005  1.230638413611257E+002
    888  3.188312886189355E-005  1.069471133163113E+002
    424  3.178104955342675E-005  1.257839499477000E+002
    871  3.169087161787335E-005  3.011101722258754E+001
    288  3.136131129722765E-005  1.130922153144018E+002
    178  3.132058150855851E-005  5.301776917119008E+001
    555  3.050065114261560E-005  1.316628108471680E+002
    739  3.032262288439893E-005  1.153176280085931E+002
    517  3.031827004841324E-005  1.131465531441418E+002
    585  3.021974954276742E-005  1.263453015360601E+002
    569  2.928260891403644E-005  3.422520680903303E+001
    398  2.889922860510288E-005  2.401037278618207E+001
    487  2.859304443640953E-005  1.107179962706250E+002
    535  2.804421605050530E-005  1.290402709995743E+002
    725  2.782370660986268E-005  1.176706244378889E+002
    515  2.763554442314669E-005  1.262126421502450E+002
    643  2.757755298689908E-005  4.343257497072364E+001
    278  2.752803218241290E-005  3.426879977426059E+001
    873  2.724593544806870E-005  6.213688937006443E+001
    760  2.703542597627366E-005  2.898739694460004E+001
   1040  2.698457599129968E-005  3.925148508641023E+001
    409  2.611295413052002E-005  1.276851378242543E+002
    918  2.605095077360411E-005  2.531226002181987E+001
     54  2.599820427950433E-005  5.983587114477093E+001
    838  2.581868947552739E-005  5.317172487639147E+001
    191  2.577466013707479E-005  3.842334189186366E+001
    524  2.520417788307008E-005  3.051438163812399E+001
    721  2.502771645513712E-005  5.974578834042020E+001
    943  2.494909253697735E-005  1.021792890793860E+002
    173  2.485603940467338E-005  5.583474766830866E+001
    985  2.482824193152008E-005  2.890405871618987E+001
    227  2.470644180514755E-005  1.297667902113165E+002
    229  2.465819588999835E-005  1.333922762024543E+002
    866  2.441274850671315E-005  1.613977519891939E+001
    434  2.434130720569488E-005  2.829789968697080E+001
    623  2.426322898741144E-005  1.044217635615887E+002
    143  2.392476626372641E-005  5.899648987451491E+001
    926  2.391154400010164E-005  2.909744702447652E+001
    610  2.377793646854408E-005  3.337566352515317E+001
    281  2.376869696634531E-005  3.960701009996466E+001
    518  2.373390883548124E-005  4.111198581260527E+001
    507  2.346008578646943E-005  1.310320168338018E+002
     94  2.340319555898994E-005  5.535088125043978E+001
    522  2.332979343919732E-005  3.412284575078682E+001
    235  2.312245931861134E-005  3.844315466323439E+001
    354  2.275614047173280E-005  1.173572569430999E+002
    334  2.228185470853965E-005  3.566353374788169E+001
    263  2.189619772398769E-005  1.514872173343622E+001
    920  2.163611561491379E-005  2.874053178768616E+001
    481  2.160130083177398E-005  1.280990485487359E+002
    550  2.151009319814220E-005  5.383511399675977E+001
    774  2.138673875061713E-005  1.274400760464527E+002
    313  2.129952040087741E-005  3.413638941809696E+001
    407  2.114524010289500E-005  2.624650864464868E+001
    980  2.098305073364672E-005  1.105222978418177E+002
    757  2.066986088837894E-005  3.434374403466671E+001
    350  1.987395089224485E-005  1.124272019648706E+002
    104  1.957992199392875E-005  1.181698785826636E+002
    970  1.942682804679083E-005  1.110080848604173E+002
    406  1.937412550576291E-005  1.134080815025539E+002
    668  1.926412327623850E-005  1.275286500820820E+002
   1043  1.925386750763657E-005  1.123467258473767E+002
    732  1.915184277899121E-005  1.175367677816888E+002
    236  1.860505350194300E-005  1.305966325299666E+002
    117  1.852763708494735E-005  6.017660592087329E+001
    329  1.850618576454615E-005  3.780308908172631E+001
    931  1.829098007257586E-005  3.406524215443037E+001
    899  1.816289304858082E-005  1.221248967584833E+002
    319  1.807536141120912E-005  1.076935540833530E+002
    995  1.797863681402119E-005  1.125346019297597E+002
    997  1.791655668721642E-005  3.778793509308388E+001
    618  1.790789409410838E-005  1.130154909157575E+002
    246  1.772598090275486E-005  1.270721617601450E+002
    769  1.718628832753344E-005  4.365118861114266E+001
    450  1.696152546413402E-005  4.293928559199119E+001
    388  1.627485702618912E-005  1.243598773515436E+002
    697  1.593638584175761E-005  1.159741123613265E+002
    352  1.592964523525672E-005  4.212057304201551E+001
    531  1.579747768198768E-005  1.155138378591535E+002
      3  1.542224097483820E-005  1.311417867263393E+002
    622  1.537012027108488E-005  5.567518176286683E+001
    557  1.523232649285457E-005  1.288339532336156E+002
     99  1.507859286670372E-005  5.902996626422982E+001
   1072  1.502325878012515E-005  3.770871283234191E+001
    204  1.492901778169052E-005  1.254262719309567E+002
    934  1.476355451187367E-005  1.180664963830262E+002
    126  1.471314398337166E-005  3.763770692715004E+001
    500  1.452564416972249E-005  2.484653749093246E+001
     20  1.450820987111077E-005  1.268995824612153E+002
     78  1.445813437631464E-005  1.106494668703556E+002
    125  1.430671983666777E-005  1.227841845491202E+002
    686  1.430363072386334E-005  1.139205806943189E+002
    421  1.403418641080316E-005  1.300742952453998E+002
   1017  1.394597620864463E-005  2.983968575614941E+001
    100  1.375157030035493E-005  5.543521821565895E+001
    758  1.341627029194163E-005  1.076399849303354E+002
    716  1.308426914392179E-005  3.101441919683210E+001
      4  1.291321923168026E-005  6.117097305534942E+001
    177  1.278023162539879E-005  5.398048090683206E+001
   1069  1.276080100683187E-005  3.143103004668623E+001
    649  1.250199361672619E-005  1.079077682248536E+002
    729  1.228590319510320E-005  1.111235114946337E+002
    139  1.214496574388872E-005  5.923075391291473E+001
    193  1.213927327890009E-005  3.867567878206513E+001
    679  1.210028985451183E-005  4.531490195272019E+001
    401  1.202263788869208E-005  1.200458020902835E+002
    374  1.192896902404604E-005  5.633397739851014E+001
   1075  1.181072488001026E-005  1.334855783903193E+002
    363  1.134916876200458E-005  2.600560688278595E+001
    925  1.129141098165867E-005  1.165834668470619E+002
    651  1.125824881794150E-005  6.231387614315972E+001
    210  1.120959026976184E-005  1.207379905631001E+002
    685  1.101473843713583E-005  1.210120646173054E+002
    881  1.094269260378152E-005  1.126715765412703E+002
    804  1.088379350866448E-005  1.070217123125432E+002
    520  1.082523001059793E-005  1.096719007459395E+002
    194  1.065238083055867E-005  4.504617049663652E+001
     89  1.061696471727267E-005  3.754342800933261E+001
    272  1.054440315786376E-005  3.898446828520751E+001
    366  1.041316607109997E-005  1.260312681675134E+002
    496  1.009612162238728E-005  3.931121694214350E+001
    198  1.005384720114754E-005  1.282652024525121E+002
    174  9.951504093535497E-006  5.764313994132664E+001
   1034  9.934806424378101E-006  1.082375890314225E+002
    731  9.924946952449609E-006  5.577756108381944E+001
    726  9.785425969918198E-006  3.409310997627640E+001
    989  9.565411326480955E-006  1.107616416049454E+002
    552  9.304595936373411E-006  1.119022978564775E+002
    219  9.227028196289304E-006  1.073187001809797E+002
    684  8.956851370355635E-006  3.647234998568886E+001
    356  8.924288683498103E-006  2.531539615312880E+001
     26  8.878895859539364E-006  1.320638588175295E+002
    657  8.850922856875398E-006  5.341280271007111E+001
    822  8.815043834473792E-006  3.546224307617756E+001
    627  8.779003506976302E-006  2.289190147802284E+001
    426  8.702820252410142E-006  3.950258176442497E+001
    606  8.501780040484332E-006  3.365517866326807E+001
    390  8.497702990149432E-006  3.015209130280775E+001
    612  8.417920650472959E-006  1.096324022234439E+002
    956  8.405273577854239E-006  6.123169670057369E+001
    895  8.396042213473676E-006  3.822130155258603E+001
    761  8.321488826203018E-006  1.126570147673475E+002
    777  8.138308928588522E-006  1.082825678423908E+002
    930  7.898149520619750E-006  1.303107676632139E+002
    955  7.706848936562895E-006  1.280213428949890E+002
    186  7.686982136169427E-006  1.192284952660468E+002
    988  7.669034381377369E-006  1.289878455640967E+002
    134  7.622008921973982E-006  5.556509490059524E+001
    262  7.614161660094677E-006  1.166694009891897E+002
    683  7.607260260486532E-006  1.164215139086281E+002
    958  7.590136563597593E-006  2.962108255210120E+001
   1074  7.501270823593778E-006  1.306919556886777E+002
     74  7.439758507544995E-006  5.913272525796437E+001
    816  7.426979383496141E-006  1.087459094739317E+002
     65  7.379005479857938E-006  5.411104399457733E+001
    974  7.343348582132621E-006  1.209987537834799E+002
    472  7.267770284478204E-006  1.301799783965055E+002
    233  6.843232557309987E-006  1.133381348368473E+002
    159  6.793347955282635E-006  3.845013830872102E+001
    785  6.647117991174453E-006  1.078715389624255E+002
    932  6.575178091285813E-006  1.081847094070985E+002
    602  6.478170633742732E-006  5.362487914354079E+001
    190  6.456172085375743E-006  1.301207887268855E+002
    167  6.374950390202414E-006  1.080610182969290E+002
    328  6.359304122900996E-006  1.087089241068068E+002
    459  6.211068184404217E-006  3.444462817994097E+001
    598  6.151824702343796E-006  1.161443162857146E+002
    927  6.146231362372959E-006  4.286819341363851E+001
    307  6.070140437465449E-006  3.306684655569454E+001
     81  5.915829086562089E-006  1.320920094210417E+002
    377  5.716491700203012E-006  2.669346357748370E+001
    878  5.675321904718908E-006  1.084320351560529E+002
    703  5.486275449541919E-006  1.074036199417954E+002
    973  5.484777514723196E-006  1.129225671729400E+002
    105  5.369263812565908E-006  1.286478944746181E+002
    396  5.277134791821695E-006  1.285208677219000E+002
    553  5.242160879305759E-006  1.193265202968559E+002
    963  5.229786094833884E-006  3.776227546592645E+001
    168  5.160473089836734E-006  1.226227773719321E+002
    979  5.006925075618518E-006  1.111524915119074E+002
    764  4.954457050622769E-006  1.043581341768944E+002
    772  4.829876210726100E-006  3.782799771367316E+001
    102  4.814914266731594E-006  5.986406034966046E+001
     87  4.761306860788650E-006  3.967013675003798E+001
    892  4.589378344824234E-006  1.094704059027572E+002
    561  4.584376836932168E-006  1.312955869622884E+002
    832  4.513276785675549E-006  1.100239572790982E+002
    485  4.486920678054840E-006  1.168658243191390E+002
    289  4.477085115446717E-006  4.479573540473374E+001
    591  4.393570996323708E-006  5.306734484786538E+001
    506  4.340891372329258E-006  5.428443565407525E+001
    698  4.144322834837676E-006  5.860623885313043E+001
    271  4.103658912328652E-006  1.119968816859682E+002
     40  4.078455576703947E-006  1.085856897955188E+002
    751  4.030247152583708E-006  3.771855567837337E+001
    135  4.014823043399833E-006  1.292626721742558E+002
    267  3.870612047741098E-006  1.168063733569748E+002
    221  3.869966532353487E-006  1.124946632073015E+002
    181  3.868448645859744E-006  3.808866171250383E+001
    112  3.836961891602003E-006  1.206306766099913E+002
    759  3.816160893588574E-006  1.083038869025097E+002
    344  3.771664530298649E-006  4.573921408521242E+001
    240  3.644549702217352E-006  1.288063088971311E+002
    505  3.576787887586682E-006  1.264969617800405E+002
    886  3.561552167486178E-006  1.085438252510029E+002
    875  3.551248880767956E-006  1.110481358426624E+002
     10  3.457642233214977E-006  1.194234040046469E+002
     48  3.439769147669338E-006  1.287634835480242E+002
     36  3.433081013295899E-006  1.296185212041367E+002
    141  3.398424477546005E-006  5.908479669129964E+001
    593  3.398008004510584E-006  5.856957928173006E+001
    447  3.239391171750050E-006  2.734266924142806E+001
    161  3.187156051474216E-006  4.421896508194837E+001
    962  3.124110635645986E-006  1.120898587673740E+002
     75  3.109408895683880E-006  1.292803490402415E+002
    441  3.083173742235575E-006  3.135854099308933E+001
    512  3.081401782277381E-006  1.160724581958694E+002
    418  3.042077564127564E-006  1.113191157780773E+002
   1006  3.025298493375071E-006  3.579498872812645E+001
    815  3.018597991834124E-006  4.384337703649580E+001
    921  3.007981590452705E-006  1.109714133044692E+002
    825  2.979994616668880E-006  1.176513357903586E+002
    188  2.945323025731974E-006  5.736433128393936E+001
    709  2.915080115984921E-006  5.559427591382534E+001
    527  2.823260708216095E-006  1.206513215207693E+002
    991  2.800873118453714E-006  1.195324275100619E+002
    820  2.784330314600267E-006  3.792504513362721E+001
    656  2.770825951460340E-006  6.338225363867880E+001
    689  2.736808053829713E-006  6.127630238144092E+001
    175  2.720659416450332E-006  1.080760564399707E+002
     51  2.720051219363188E-006  1.202173824764750E+002
    214  2.553669773872774E-006  1.268500633464024E+002
    910  2.548256701377931E-006  1.218481357459487E+002
    722  2.504499801934996E-006  5.929344117167137E+001
    403  2.488233140846216E-006  4.554966818287383E+001
    551  2.454393884380016E-006  4.580028280988525E+001
    437  2.399600667906558E-006  1.169792073888032E+002
    387  2.366713260793711E-006  4.232471387087585E+001
    389  2.345731824400234E-006  1.286171858003850E+002
    502  2.321316531802143E-006  1.176182930415892E+002
    614  2.296377092807391E-006  3.715501943025186E+001
    162  2.280689240640682E-006  1.160396777235910E+002
    417  2.244959166781122E-006  4.566198810302660E+001
    260  2.226112056480240E-006  5.548299847276105E+001
    568  2.224297900448238E-006  1.317657447409053E+002
    734  2.194735405537962E-006  1.087788385322329E+002
    915  2.183109175966043E-006  6.132976639917543E+001
    432  2.130247396382858E-006  1.098886460548181E+002
    775  2.122644378213410E-006  1.088753656164789E+002
    304  2.103036358048201E-006  1.086045165887166E+002
    605  2.077869125650584E-006  1.126166152341939E+002
     61  2.064826998601665E-006  1.275139047951660E+002
    912  2.055041867407748E-006  1.147330628195228E+002
    364  2.052328940815932E-006  1.158410205227163E+002
    929  2.046552794134045E-006  1.032360426035470E+002
    629  2.010706957936612E-006  1.112316333805500E+002
    615  1.967522986574096E-006  1.126000574035114E+002
    945  1.955559648216928E-006  3.230559535264491E+001
    784  1.952143469241226E-006  1.170927382019151E+002
    624  1.782893748663013E-006  1.123092284571979E+002
    756  1.760947860074919E-006  3.980396046789575E+001
     58  1.737257144538904E-006  1.156696722587529E+002
    861  1.722315173888454E-006  1.108932996263234E+002
   1019  1.680137748118654E-006  3.887739754163557E+001
    488  1.607572847714826E-006  1.127922213213002E+002
     56  1.602076118786632E-006  2.420075971046694E+001
    755  1.586544385934179E-006  1.214127681893156E+002
    341  1.583258219238740E-006  1.171988049333157E+002
   1031  1.568694331413915E-006  1.284698165604208E+002
   1004  1.528515314657373E-006  1.078323813599098E+002
    353  1.475245211147134E-006  1.208007299333391E+002
    819  1.438646813147782E-006  6.223717669190264E+001
    797  1.434773989729002E-006  1.103277184759596E+002
    572  1.413715966181086E-006  4.731744763749968E+001
    821  1.396830784543685E-006  1.184137416939562E+002
    318  1.392370332656542E-006  1.132988765946676E+002
    259  1.370163474465300E-006  1.148603536350415E+002
    565  1.369193747372101E-006  1.316243700788127E+002
    541  1.364769329282222E-006  1.335995786340285E+002
    217  1.362763510343546E-006  1.273196760938799E+002
    625  1.295303192419127E-006  3.857618396655785E+001
    200  1.272400986414327E-006  1.180212677607782E+002
    169  1.261524581819831E-006  3.278055907875648E+001
    106  1.253950924216271E-006  3.213390081040112E+001
    414  1.232397616268419E-006  1.127143455798421E+002
    953  1.227476700948344E-006  1.141643657621669E+002
    638  1.225537154865856E-006  1.090309694922926E+002
    343  1.160297736400822E-006  1.278199357820382E+002
    360  1.116312888645367E-006  1.114223342366489E+002
    806  1.106901592256841E-006  1.155476623078035E+002
    495  1.100717977587839E-006  1.303820247871189E+002
    184  1.060756114897229E-006  5.470090458625116E+001
      9  1.029573072898163E-006  3.146923546074296E+001
    270  1.017607820565024E-006  3.975958814453082E+001
    376  9.772657600056641E-007  5.321138626030686E+001
     63  9.139498813296284E-007  3.953475820519718E+001
    192  8.704011127656813E-007  1.132390062116629E+002
    466  8.609602548388526E-007  3.425822487556562E+001
    574  8.514377040594869E-007  1.295226711833730E+002
    752  8.509313062119986E-007  1.174099734703846E+002
    468  7.824755841349396E-007  1.113086979747230E+002
    514  7.767366528405077E-007  3.008992647017489E+001
    378  6.949416268700325E-007  3.439682744782291E+001
    384  6.940293454391261E-007  1.303623358824634E+002
     35  6.912098974416866E-007  2.536745781856646E+001
    420  6.719384797950031E-007  3.795811811771267E+001
    542  6.651524487741773E-007  1.308027029897516E+002
    948  6.499309925145187E-007  1.129532746929520E+002
    160  6.429317189898345E-007  3.423695493613279E+001
    571  6.308480382491671E-007  1.308312009553937E+002
    897  6.105463765356273E-007  1.163818968519567E+002
    879  5.944496575105364E-007  2.513056353512450E+001
   1035  5.612794722455957E-007  1.215984581642913E+002
    795  5.574618101527762E-007  1.091366753407769E+002
     30  5.500460031739945E-007  3.121888346647914E+001
    207  5.496449952071688E-007  1.211802708198896E+002
     85  5.406817383870578E-007  5.334742079859637E+001
    692  5.192981160421589E-007  1.177804664274645E+002
    428  5.086396398451740E-007  1.189498425290446E+002
   1044  4.988499645502578E-007  1.313771285609838E+002
    491  4.907378168345017E-007  3.335084180599539E+001
     91  4.869301597203999E-007  5.864443875243541E+001
    986  4.812094015926186E-007  1.075803420545592E+002
    261  4.751842307255808E-007  3.419033130663160E+001
    497  4.589657822690496E-007  1.197701932543413E+002
    337  4.487936552882692E-007  1.190869087148394E+002
    994  4.162992783671228E-007  1.162563526903251E+002
    440  4.053372061002644E-007  1.140499574481915E+002
   1055  3.860635279038744E-007  4.045638566615079E+001
    790  3.798559793714415E-007  1.088511661236754E+002
    154  3.650698247827984E-007  1.069155821278825E+002
    195  3.637389031953169E-007  1.175807308007699E+002
    872  3.493909123194097E-007  1.095575681877010E+002
    662  3.377009559775476E-007  1.116475502852595E+002
    444  3.122940257649068E-007  5.854622202604084E+001
    314  2.777049847128265E-007  3.689267782785568E+001
    284  2.722875061383014E-007  3.855690414187638E+001
    477  2.590931114201846E-007  5.432647944530162E+001
    792  2.590643688586984E-007  3.839201365471855E+001
    567  2.429852191796933E-007  3.133147890305099E+001
    499  2.424417470196673E-007  1.118209204499805E+002
    529  2.416516273905375E-007  1.083944573932526E+002
     52  2.411804082109480E-007  1.134591800957990E+002
    247  2.281642541263739E-007  6.420235382070479E+001
    836  2.214175200845925E-007  1.067925948205470E+002
    801  2.138056726357898E-007  4.584194681648900E+001
    671  2.125400169260673E-007  1.090037015776699E+002
   1020  2.086316892140721E-007  1.271527032296776E+002
    669  2.070074989983438E-007  3.064931720080771E+001
    575  2.042719258682901E-007  1.278874287407318E+002
    327  1.726380439516686E-007  1.077211090264468E+002
    274  1.647680742884136E-007  1.174924764366444E+002
    257  1.545862854822944E-007  3.853005041859911E+001
     97  1.529393547926140E-007  5.746267104075711E+001
    503  1.218975868985510E-007  1.292193813881441E+002
    893  1.195518877117959E-007  3.611252692341090E+001
    936  1.111784529250302E-007  2.940590242426674E+001
    965  9.983311348960281E-008  1.092317017697786E+002
    805  9.489665887506211E-008  1.128264915776557E+002
   1016  9.176933666275265E-008  3.066258387389357E+001
   1080  8.851651653874227E-008  1.309540879585872E+002
   1013  8.792431536163196E-008  2.927762953243320E+001
    299  8.558495375302166E-008  1.302447033569741E+002
    430  5.835560124065456E-008  1.090823263338786E+002
    937  5.431577565519957E-008  1.176828981634927E+002
    902  5.255902521840144E-008  1.172235248221458E+002
    667  4.697958164811715E-008  5.491028634626824E+001
    939  4.121663567716334E-008  1.204942856090064E+002
    208  4.043655659602492E-008  1.070716440215157E+002
    981  3.921632427712717E-008  1.310610451260449E+002
    415  3.882368867558446E-008  5.683082696386948E+001
     60  3.877896022639279E-008  1.179881125712661E+002
    586  3.251418988374107E-008  6.183989549050450E+001
    513  2.725893282455425E-008  1.261043398665387E+002
    695  2.272517129707324E-008  1.109194012315849E+002
    735  2.161378515427759E-008  1.089320566788155E+002
    704  2.094814509164284E-008  1.102848453086709E+002
    249  1.740853252668274E-008  1.283972449815831E+002
    265  1.392465833086103E-008  1.282147152483832E+002
    762  1.290954713608622E-008  1.177438504362374E+002
    108  1.034308489749404E-008  1.195758107293692E+002
    501  9.121209277471532E-009  2.090004753970716E+001
    367  6.342500002882224E-009  1.576550008598366E+001
   1021  5.720596008510478E-009  1.190716094080589E+002
    216  5.396873731329409E-009  1.179375383519322E+002
    601  4.118141172686513E-009  1.020981622758500E+002
    791  4.094513658387401E-009  3.943690762074498E+001
    476  4.051250405651479E-009  2.631778647604755E+001
    375  3.663244934460480E-009  1.038752787826033E+002
     12  3.169175120237529E-009  1.318696742776113E+002
   1065  2.515655878915535E-009  2.520059974878809E+001
    647  2.265039632999713E-009  1.038594777289185E+002
    646  1.802011341736460E-009  2.910145238672048E+001
    890  1.743964538246004E-009  2.736841493942774E+001
    917  1.735709471549376E-009  2.528710653288495E+001
    869  1.548362502434535E-009  2.833399983056912E+001
   1026  1.156234500667964E-009  2.532884140690746E+001
    748  1.107080664696919E-009  1.121574710091992E+002
   1012  8.970527133135796E-010  2.622084120309369E+001
    149  8.431612071988947E-010  1.022252778822331E+002
    594  6.625368830688516E-010  1.121738923332827E+002
    287  5.055872264968798E-010  1.110869010904150E+002
    519  4.543704162732686E-010  3.009348825587244E+001
    182  4.202122107672367E-010  3.049749314287664E+001
    880  3.936540876968443E-010  2.922592719482343E+001
   1062  3.719851463147061E-010  2.963275591369404E+001
    296  3.713206329022532E-010  2.723312258669467E+001
    978  3.253278653360581E-010  3.013958783755973E+001
    305  3.075627514706382E-010  1.147808691958262E+002
    391  3.058056293655835E-010  2.820387678005197E+001
    609  3.036110711750656E-010  2.903741527293687E+001
    690  2.991766430204977E-010  3.019475203811447E+001
    511  2.969360984424875E-010  2.964044046295302E+001
    532  2.944912988442333E-010  2.531894844618999E+001
    780  2.898885665002846E-010  5.744254243062559E+001
    534  2.849573769927391E-010  2.676857812226475E+001
    411  2.785473633259799E-010  2.133232472295666E+001
    359  2.731915964385094E-010  2.946283014340624E+001
    876  2.706343476991619E-010  1.097937820712892E+002
    170  2.598419349821024E-010  3.447868912831422E+001
    244  2.500642271145113E-010  1.101858300541406E+002
    457  2.449993324876195E-010  3.069091041790419E+001
    370  2.421508410872996E-010  1.091057940278593E+002
    842  2.408050581612540E-010  1.081290817537690E+002
    983  2.377436566370198E-010  2.801414260834884E+001
    913  2.224423506030325E-010  3.474194668466802E+001
    811  2.127580415311116E-010  1.111440682196492E+002
    336  2.115223687288416E-010  4.577297798720381E+001
    340  2.112263535303010E-010  3.623609188418403E+001
    138  2.047634855273625E-010  1.073595385116889E+002
     73  1.975768886316301E-010  5.613820237955890E+001
    999  1.912405673403323E-010  2.812555695185284E+001
    961  1.743209647524542E-010  2.419654441569213E+001
    212  1.728676261953929E-010  2.097266015842631E+001
    696  1.698314274645785E-010  5.928221676314659E+001
    423  1.672809765955210E-010  3.477213913616621E+001
    560  1.618173220130530E-010  3.269493948796480E+001
   1051  1.582476357298824E-010  2.889558275952906E+001
    691  1.582239223134358E-010  1.100963852758419E+002
    796  1.549267009885043E-010  2.815039412010666E+001
    584  1.481689244973324E-010  1.152257413626876E+002
    504  1.467405392293257E-010  3.440214984487540E+001
    215  1.444968595954779E-010  3.347920780583872E+001
    452  1.425868712248627E-010  1.099487953836044E+002
    209  1.421392793350741E-010  1.075820232206908E+002
    635  1.417603519773049E-010  5.417888746516163E+001
    463  1.374803267919847E-010  4.583772231810436E+001
    827  1.338051255241679E-010  3.461443930534469E+001
    361  1.324869441515824E-010  1.149830440656411E+002
    402  1.284742628715248E-010  1.077145725822762E+002
    949  1.261861872335655E-010  2.719866128003683E+001
    823  1.211374173741675E-010  1.075105612762544E+002
    435  1.199474768732850E-010  3.264561668499369E+001
    315  1.168705963243519E-010  6.100423398784413E+001
    611  1.156335944830339E-010  1.125112752379971E+002
    203  1.154138321985215E-010  2.984234693833937E+001
    241  1.140278106996859E-010  2.636508140986341E+001
    678  1.130923832774103E-010  1.083939613929496E+002
   1077  1.128367953539087E-010  2.951009550101224E+001
    830  1.115456801281685E-010  1.092170638731809E+002
    858  1.080703350620127E-010  3.064277958545134E+001
    279  1.077345090147613E-010  1.118983459534591E+002
   1027  1.044464984612633E-010  1.116430390204125E+002
    473  1.029070884768793E-010  2.997417646428683E+001
    155  1.026586048175777E-010  3.755125424253530E+001
    573  1.013246583651325E-010  2.824119439761771E+001
     77  1.006837943363882E-010  2.809111789898073E+001
    631  9.717869865030371E-011  1.089359960186049E+002
    856  9.625780607155530E-011  1.129277254908914E+002
    537  9.555480257040867E-011  1.096892988207100E+002
    942  9.544518035746213E-011  1.079057231655316E+002
     55  9.083293117478954E-011  1.072165524940517E+002
    578  9.053006651044093E-011  3.328285989987418E+001
    323  8.876766378344946E-011  3.417601225529881E+001
    719  8.550003949828022E-011  1.105747384204002E+002
    122  8.075070903102357E-011  5.881619101264776E+001
    549  7.985179279002930E-011  6.040638333707885E+001
    664  7.978086573878378E-011  1.055695542091875E+002
     31  7.902370060195689E-011  2.974093022085369E+001
    723  7.796021426997463E-011  1.087176908844694E+002
    807  7.708900612714661E-011  2.639897028880879E+001
    153  7.707278079592954E-011  3.288903043920949E+001
    600  7.632969174746279E-011  5.625145344515472E+001
    852  7.445505209980958E-011  1.066838862051319E+002
    577  7.344558008181316E-011  1.039341741541067E+002
    232  7.257414727896493E-011  3.779210500818112E+001
    163  6.862655960525557E-011  1.077858725424254E+002
    371  6.814493602663134E-011  1.110096174530925E+002
    345  6.708047952427577E-011  1.092552480865137E+002
    256  6.610387161503655E-011  1.091577167544769E+002
    976  6.299178431135186E-011  2.773259743149481E+001
   1061  6.231132443862653E-011  1.377944094274052E+002
    211  6.186787857746877E-011  4.584982776806759E+001
    727  6.156348294531767E-011  1.178232184725334E+002
    408  6.131357413546387E-011  1.125646933017709E+002
   1003  6.001252112583810E-011  1.073097433997933E+002
    467  5.974394069704502E-011  3.778170481219699E+001
    661  5.933124610217851E-011  3.295425293056501E+001
    558  5.910454447275217E-011  3.946329527555739E+001
    834  5.792611915272169E-011  6.224302274721154E+001
    110  5.719811846738272E-011  4.626733593406676E+001
    365  5.708554270217683E-011  3.453402514696941E+001
    164  5.608677366896116E-011  3.300184232711695E+001
    338  5.592831629063555E-011  2.395894778585849E+001
    333  5.373258681605925E-011  1.231363157114407E+002
    358  5.339175644823350E-011  1.106384056468346E+002
     24  5.340023002996525E-011  2.901527651977251E+001
    528  5.335813235721867E-011  2.525054805353794E+001
    596  5.262998547821012E-011  1.063188249235199E+002
    239  5.088710505265970E-011  1.183672257029592E+002
    250  5.069626821880863E-011  1.135491264494711E+002
    673  5.008592636104973E-011  1.116278943327693E+002
    510  4.943039411524977E-011  2.894606557925123E+001
    436  4.911846349702341E-011  3.409286993597820E+001
    831  4.857404362364521E-011  1.602124740309022E+001
    944  4.830015761713582E-011  3.913916919126598E+001
    405  4.787756097064147E-011  3.880469678490620E+001
    799  4.743719769747506E-011  1.124424786565822E+002
    157  4.686890863509663E-011  3.427075716241296E+001
    132  4.660137012379315E-011  1.162464656753858E+002
     96  4.658342865874767E-011  5.851477659743665E+001
    539  4.467649568796248E-011  1.042370232090190E+002
    603  4.415562019496061E-011  4.083419339383966E+001
    711  4.362980818866980E-011  4.227304119052906E+001
    562  4.159270452266511E-011  5.427051031404531E+001
    768  4.138490952063502E-011  1.162897365840124E+002
   1076  4.128203871803157E-011  5.330479606468482E+001
    199  4.090554637357878E-011  1.186885790690967E+002
    971  4.059403023134758E-011  1.169636814827145E+002
    563  4.034031584887121E-011  1.297546330865524E+002
    158  4.010412059609928E-011  1.104980524817614E+002
    335  3.966614146067421E-011  1.059241062055237E+002
    521  3.939040363084099E-011  1.090293393204929E+002
    794  3.846488015596587E-011  3.402581568876052E+001
    222  3.801135112360175E-011  3.831803922658406E+001
    321  3.764151475061794E-011  1.191309658868240E+002
    312  3.763911511315659E-011  3.140508628572108E+001
   1025  3.735740071544858E-011  1.169946310222281E+002
     34  3.705718506051763E-011  1.210540635227126E+002
   1054  3.638786218028899E-011  1.156966733805309E+002
    197  3.585943549919722E-011  1.139223039596770E+002
    935  3.564803860475754E-011  1.088829711471428E+002
   1042  3.473429985773531E-011  1.134142236548554E+002
    597  3.447427279665475E-011  5.705750096217044E+001
    480  3.438948053981342E-011  1.269804246439967E+002
    744  3.427076306043074E-011  2.506021688875276E+001
    639  3.422599983608673E-011  3.560698249709960E+001
    736  3.365867500985931E-011  3.657410125703108E+001
    750  3.363844245906232E-011  1.071267351454837E+002
     49  3.310622387189102E-011  4.746511519493414E+001
    325  3.272327063230985E-011  1.117593375942451E+002
    309  3.178979632584135E-011  1.205073342210046E+002
    968  3.131774617788140E-011  1.108802345027426E+002
    763  3.122710152953501E-011  4.313813383123015E+001
    699  3.120748857671208E-011  1.119189168759601E+002
     92  3.117506215957306E-011  1.228577076214966E+002
    859  3.063088434217955E-011  1.120326027706518E+002
    677  3.011982097361456E-011  6.124519862114400E+001
    422  2.988964925640179E-011  1.077995169160013E+002
     11  2.942558217307614E-011  1.335277660583210E+002
    592  2.890282903623964E-011  1.136391667970821E+002
   1037  2.863861209416600E-011  1.090727733908756E+002
    713  2.789209834741211E-011  5.559443297146688E+001
    133  2.787861970064710E-011  5.576210504926462E+001
    848  2.765401156687765E-011  4.679959746144570E+001
   1030  2.757012433920981E-011  2.417045648515515E+001
    665  2.743199062095167E-011  1.131624666385693E+002
    559  2.700668390130870E-011  3.772840070404182E+001
   1022  2.596656819675864E-011  6.175691747082481E+001
    332  2.592935974595064E-011  2.775456480009851E+001
    742  2.581759242186000E-011  1.086026585352107E+002
    767  2.565470540910576E-011  3.563345295989614E+001
    909  2.527164192326371E-011  1.258335800160255E+002
    293  2.496044381629052E-011  3.789656117634676E+001
    599  2.474024039603782E-011  1.175379446895269E+002
    860  2.448468282612239E-011  2.632282271799158E+001
    749  2.428725676224923E-011  5.512211674339599E+001
    957  2.416229862487054E-011  1.790177189127522E+001
    297  2.412520253163687E-011  1.050602398346211E+002
    300  2.380640423219956E-011  1.158468005027919E+002
    482  2.376135677281524E-011  3.595683530668435E+001
    237  2.371666069158302E-011  4.271716190853395E+001
     68  2.293137301930217E-011  1.123245383699952E+002
    776  2.289570499110658E-011  5.904703387172745E+001
     59  2.266851748727132E-011  5.947894419863643E+001
    331  2.255195915255740E-011  1.319276261345931E+002
    843  2.249986536746249E-011  1.167020073324121E+002
    228  2.197743960458779E-011  5.863162405023152E+001
     42  2.164614775299677E-011  1.279130850987480E+002
    144  2.159633498963236E-011  3.777100367362779E+001
    456  2.152815664368484E-011  1.309743709063693E+002
    919  2.146379636376180E-011  1.212682101451038E+002
    277  2.136246054976573E-011  3.702977275419675E+001
    654  2.126536901508877E-011  5.339329746355038E+001
    924  2.111658091906493E-011  3.387129235620025E+001
    619  2.104008598627545E-011  1.110323769837085E+002
    604  2.104632090618631E-011  1.084482551386048E+002
     83  2.077473834054967E-011  3.796682632854844E+001
   1063  2.065072831525609E-011  1.338807624856300E+002
    342  2.055507507752261E-011  3.720461396276627E+001
    355  2.039474235299406E-011  3.136375872484097E+001
    798  2.033011151718084E-011  3.489852663635454E+001
    862  2.027263048987472E-011  3.557755978229710E+001
    369  2.009333889287948E-011  3.355876742273789E+001
    492  2.006410202676709E-011  1.159200206929639E+002
    887  1.969904914517794E-011  3.445244989490512E+001
    779  1.963862423867105E-011  1.225208798638500E+002
    484  1.896132643199395E-011  3.307693202001514E+001
    814  1.868389801558185E-011  1.092707246312704E+002
    373  1.855118656034946E-011  1.093621208996954E+002
    837  1.848666204608085E-011  2.757063841784912E+001
    681  1.831710546649827E-011  5.447274022079358E+001
    351  1.822360848689854E-011  1.172668859422338E+002
    231  1.801911268891210E-011  3.844792756368751E+001
    385  1.723977903753654E-011  3.988229127156298E+001
    458  1.716536617824540E-011  1.141592235693823E+002
    201  1.674390944639487E-011  3.431788431193335E+001
    292  1.670172952729774E-011  1.186529645811651E+002
     38  1.664860624866106E-011  3.980847235414979E+001
    844  1.665305175995702E-011  3.544677698475633E+001
   1024  1.616742329851243E-011  1.301573226948983E+002
    372  1.591093958647942E-011  5.860548456050422E+001
    347  1.591287159571320E-011  3.023484544191354E+001
    136  1.565939500668302E-011  1.285641908437965E+002
    252  1.547828957689907E-011  1.051553262699275E+002
   1001  1.536557803957706E-011  1.129992955733451E+002
    730  1.512691805357349E-011  2.290370252525086E+001
   1064  1.504058364393384E-011  1.355788256041846E+002
    474  1.501005928692856E-011  1.303937225821345E+002
    129  1.456316510589697E-011  5.915674406709298E+001
    386  1.453433088460529E-011  1.083254677565710E+002
    147  1.445963622705947E-011  1.198170151604363E+002
    583  1.431667108644819E-011  2.959432182059479E+001
    581  1.432139712889063E-011  1.598501164384855E+001
    400  1.418147545485308E-011  3.122809333059975E+001
    829  1.416542711701978E-011  2.794852323205357E+001
   1078  1.400166753383036E-011  1.323417007094679E+002
    687  1.385425590002468E-011  4.215156971233037E+001
    298  1.364987366446068E-011  1.081442765454168E+002
    826  1.362080580165362E-011  3.956832290759487E+001
    850  1.358453277663544E-011  3.780355811396966E+001
    220  1.333924371780106E-011  5.739130524664890E+001
    245  1.333164694240545E-011  3.943491641460432E+001
    294  1.314779422594353E-011  1.126174859303677E+002
    465  1.315422413797661E-011  1.107142150641584E+002
    636  1.304130530548905E-011  1.127261010343926E+002
    715  1.291634436025317E-011  4.155971528940107E+001
    582  1.285753092562918E-011  1.219930863874545E+002
     86  1.262353112972726E-011  1.318335521284131E+002
    130  1.258721729711447E-011  5.896054878912432E+001
    255  1.246782019049651E-011  1.304484537172835E+002
    877  1.244484711725960E-011  1.154953904603925E+002
    659  1.219807572894607E-011  3.796838798284061E+001
    431  1.216838555085901E-011  1.128843806700145E+002
   1029  1.210135228218425E-011  2.156844839634016E+001
    766  1.196114419943102E-011  4.043910501029072E+001
    714  1.194576849928905E-011  1.138213271166850E+002
    701  1.175178301231572E-011  1.088331407865777E+002
    789  1.134064396752583E-011  1.277930033606083E+002
   1053  1.129193738773231E-011  1.194522314372787E+002
    448  1.126152848993497E-011  1.157696826743314E+002
    928  1.103288258301687E-011  1.173997691087201E+002
    410  1.100575719476500E-011  1.181059997448311E+002
    152  1.092700040683096E-011  1.160940016480135E+002
    590  1.087600424295309E-011  5.474670035142442E+001
   1014  1.072671249246506E-011  1.071481324073836E+002
    103  1.059879222103082E-011  1.260391488080743E+002
    882  1.051176589265163E-011  1.154002871528486E+002
    901  1.051098549875705E-011  2.172483696974205E+001
    894  1.036596182104037E-011  1.175755969665067E+002
    990  1.032691212037906E-011  4.541251878508606E+001
    845  1.031080981871250E-011  3.228217961432350E+001
    781  1.029827288166776E-011  1.214231005338099E+002
    230  1.029077148820875E-011  5.776345718518971E+001
     47  1.014529685891136E-011  6.034164514485035E+001
    301  1.008427431783350E-011  4.596053663301203E+001
     23  1.001810066113023E-011  2.939624286314891E+001
    952  9.861608005580593E-012  6.121978583143463E+001
    142  9.840889143710293E-012  1.132204696343963E+002
    285  9.623225682895088E-012  3.574213842680000E+001
    290  9.565776351218698E-012  1.048024524338471E+002
    800  9.550300179004548E-012  3.415042982461270E+001
    793  9.538955935784470E-012  1.172220117205398E+002
    632  9.489769481012856E-012  3.133367016078528E+001
    213  9.307286522532134E-012  3.781509978314006E+001
    248  8.988289807574394E-012  5.859518518011329E+001
    969  8.939629699499709E-012  3.138362649544596E+001
    854  8.896225495043717E-012  1.060826450602385E+002
      7  8.676175222412674E-012  3.763155082052234E+001
    238  8.612680961319083E-012  3.962406029172926E+001
    987  8.532278530269382E-012  1.590847703007305E+001
    621  8.519768340262401E-012  3.768157310789423E+001
    786  8.361233485578226E-012  1.086773788226801E+002
    429  8.240762318234194E-012  1.161475012650194E+002
    348  8.204364429092256E-012  3.942196758210208E+001
    526  8.081123800373905E-012  6.135883822823781E+001
    308  7.798453055956305E-012  1.303217749914562E+002
    180  7.583752333835486E-012  1.123713168749877E+002
    123  7.383989754713387E-012  5.567446642975943E+001
     41  7.253315438417699E-012  1.273121510734392E+002
    608  7.244176426929141E-012  1.160277562509484E+002
    346  7.216982681488687E-012  1.268675064734965E+002
    706  7.186531323480891E-012  1.078792090195175E+002
    803  7.183210416292177E-012  4.562801977383133E+001
   1057  7.060444694569201E-012  1.082240223896453E+002
    707  6.821920968944551E-012  2.787315660462137E+001
    242  6.807017190925883E-012  3.433180382116732E+001
     32  6.609437846422340E-012  2.681505874269844E+001
    740  6.570609172971970E-012  1.080567779309882E+002
    146  6.520332139798319E-012  5.922548477025595E+001
    404  6.471752436121573E-012  1.068160821413137E+002
    993  6.414212331044095E-012  1.275962865512414E+002
     28  6.416425884103920E-012  3.771255202004246E+001
    115  6.308485371967774E-012  5.901004673211595E+001
    469  6.246606265938128E-012  3.921912154745923E+001
    471  6.251438918703919E-012  3.156300449744440E+001
    494  6.031058029197827E-012  1.094155347028413E+002
    226  5.915042867580550E-012  3.106473709110810E+001
   1011  5.851513340405595E-012  1.128027163318073E+002
     21  5.836980333243451E-012  3.222961340470744E+001
    464  5.784611368339743E-012  1.052813288910866E+002
    655  5.302172066305053E-012  5.564687376116437E+001
    972  5.223476967549771E-012  1.298660919206632E+002
    523  5.069677767008949E-012  1.279336631708856E+002
    950  5.039276833769169E-012  1.181414190657173E+002
   1023  5.017005195551730E-012  2.142973991910956E+001
     45  4.990727952364111E-012  4.284814046185456E+001
    412  4.941441644798409E-012  2.887857717146865E+001
    302  4.894058921133700E-012  1.283194925419818E+002
    737  4.762965604538405E-012  1.130579433911173E+002
    613  4.621237478772770E-012  5.869481068587496E+001
    810  4.552888137986732E-012  1.609877016713580E+001
   1070  4.482601533452700E-012  1.347037227384220E+002
    724  4.409901217362912E-012  3.940696744165014E+001
    538  4.369723851356773E-012  1.288053372923729E+002
    787  4.343140448997480E-012  4.365772226055247E+001
    508  4.207990986161589E-012  5.582786006193776E+001
    688  4.185222292360855E-012  1.086096779760040E+002
    770  4.174780363212805E-012  1.060222464504734E+002
    733  3.995446822184036E-012  5.307829750988225E+001
    975  3.957899637596619E-012  2.312746968263935E+001
     25  3.918899304119980E-012  3.465762257233271E+001
    896  3.879666449152214E-012  1.119729914151030E+002
    107  3.832217059113404E-012  5.764049505206449E+001
    165  3.814783665123122E-012  1.308612105592879E+002
    863  3.655662443101099E-012  1.097605333904931E+002
    483  3.500422560075698E-012  1.192870064804590E+002
    449  3.381291113510015E-012  6.156533732441117E+001
    268  3.358080204292973E-012  3.312629249382376E+001
    124  3.326540701405498E-012  1.245973625742185E+002
    251  3.263399363476676E-012  4.256249962081733E+001
    628  3.214167091208214E-012  1.109319151840975E+002
    900  3.172928256279181E-012  4.924186336000197E+001
    443  3.161471645973271E-012  1.292480998125374E+002
    498  3.127139687616514E-012  1.201194271720583E+002
    644  3.127227798395596E-012  6.126335818907103E+001
    864  3.077434743049118E-012  6.121217372353233E+001
    533  3.042276091109438E-012  1.274245221688797E+002
    442  3.004164755377307E-012  1.196071090108000E+002
    867  3.002230650952819E-012  1.061959834495438E+002
    151  2.721991429283482E-012  5.870226478360483E+001
    264  2.731264843080144E-012  3.417152556524616E+001
    280  2.656737651805948E-012  1.308828204523467E+002
    996  2.464800613221273E-012  2.344853902492484E+001
    853  2.451893235140220E-012  6.114871311085021E+001
    392  2.432411869911207E-012  1.342802604746010E+002
    479  2.403480767972164E-012  1.284572801624853E+002
    743  2.385040860832387E-012  3.282974302710221E+001
     46  2.195123631267231E-012  1.069651182940036E+002
    717  2.136255058219536E-012  1.112767050306077E+002
    564  2.038727041581568E-012  1.282079264928535E+002
   1046  1.965421336354707E-012  1.380741713483044E+002
    855  1.963265891546152E-012  4.424140698623744E+001
     29  1.934929851220895E-012  1.275254668407063E+002
   1056  1.872796904398724E-012  2.159495338523997E+001
    339  1.854651731948011E-012  1.307608641378087E+002
    833  1.808515808577146E-012  1.209639445667985E+002
    642  1.803167948616869E-012  1.090026123541961E+002
    984  1.753931390188605E-012  1.269063264044391E+002
    773  1.722307174469812E-012  1.080318974552513E+002
    626  1.646763485377880E-012  2.163446995807031E+001
    283  1.629181532539734E-012  1.072010890956036E+002
     27  1.593447927256109E-012  1.133059377671211E+002
    243  1.577396177072624E-012  1.255978693087662E+002
    839  1.570930560036489E-012  6.113249912120045E+001
    525  1.539059686304125E-012  3.970176114323759E+001
   1036  1.526243209252684E-012  1.294816013059754E+002
   1032  1.494619575170817E-012  1.332371626243247E+002
    445  1.488686793796720E-012  5.396751286663234E+001
    322  1.429118309090267E-012  1.251160304144774E+002
    446  1.344401882937689E-012  1.263882744482872E+002
    397  1.319393304409028E-012  1.215989223434023E+002
    291  1.323401586823308E-012  1.198659601026961E+002
    148  1.320273049370631E-012  5.562583200754403E+001
    470  1.297785722658197E-012  1.064879368101954E+002
     33  1.304459956278479E-012  4.929206523903117E+001
    253  1.281665340064418E-012  1.286072777556246E+002
    413  1.112112020501785E-012  1.160488352544329E+002
     18  1.088024656741213E-012  1.302330380014160E+002
    977  1.089367032313979E-012  9.991979604628325E+001
    189  1.088936332899512E-012  2.729222684143697E+001
     64  1.059023218846132E-012  5.570237704638058E+001
    712  1.021576712652214E-012  1.044712539182624E+002
    947  1.001827749310726E-012  1.294348751600228E+002
      2  1.009036974467605E-012  1.183436086714867E+002
    276  9.879576573060306E-013  1.176137630409119E+002
    812  9.967299981457692E-013  1.115160293862327E+002
    433  9.976533889468419E-013  4.019547322326159E+001
    258  9.813234768927967E-013  1.329162316534876E+002
    460  9.906406824925027E-013  1.291862105641820E+002
     95  9.566835556974449E-013  1.287043592373545E+002
    846  9.475806619078090E-013  1.177839172244635E+002
    120  9.286739575676276E-013  3.438422359989316E+001
    849  9.185200373961406E-013  1.083065615545923E+002
    269  9.064435935904316E-013  1.112085873310290E+002
    754  8.771641952957517E-013  1.217426613147191E+002
    225  8.759803800380654E-013  5.630986555991154E+001
     88  8.812831248231305E-013  3.353713472611462E+001
    808  8.328129940708732E-013  1.128369123560983E+002
    399  8.380183104763173E-013  1.113896391195579E+002
   1058  8.368947706897262E-013  3.854449238600111E+001
   1071  8.228640738676252E-013  1.280701326614214E+002
    998  8.160220710390193E-013  1.126690420180430E+002
    885  8.220592459198496E-013  3.886878023529649E+001
     90  8.198807164757728E-013  2.361699897771763E+001
   1018  7.921358524107009E-013  6.259549063988397E+001
    728  7.855644457535357E-013  4.589771179385998E+001
    140  7.701352507381616E-013  1.217801007557081E+002
    946  6.988178501896177E-013  1.277443716709502E+002
     44  7.069488112408453E-013  1.165865042802110E+002
    747  6.761319588258617E-013  3.571480742522697E+001
    101  6.457689298600136E-013  1.193712297162542E+002
    670  6.470696875686243E-013  5.877634920518132E+001
    658  6.362895129334387E-013  3.801756730550532E+001
    693  6.223840655523176E-013  5.350711406923092E+001
    509  5.631597937580894E-013  1.306951685075199E+002
    566  5.503587675803711E-013  4.529500169490558E+001
    680  4.455392598033129E-013  1.179737982448887E+002
     82  4.345101583726786E-013  1.315853494811526E+002
    416  4.216014214244391E-013  2.402762693077005E+001
      5  4.114498426180171E-013  1.312043008921371E+002
   1000  3.928175838397304E-013  6.233825362854991E+001
    883  3.696059463377216E-013  4.378550420816221E+001
    982  3.011258341576073E-013  1.263330837666197E+002
    127  3.083154004052677E-013  1.262276715483494E+002
    425  2.980443323357968E-013  6.218064046170334E+001
     13  2.988780524306186E-013  3.946553426727878E+001
   1052  2.844810607423022E-013  1.343693024636507E+002
    916  2.863994139097959E-013  1.208517876582337E+002
    128  2.507350435907948E-013  1.128080029568008E+002
     50  2.537879643876110E-013  5.986406874713763E+001
    966  2.193314474467726E-013  1.121040493080894E+002
    547  2.261513681964069E-013  1.088509625660643E+002
    617  2.067444443655595E-013  1.140894925790380E+002
   1033  1.617043900802992E-013  2.586613929058441E+001
    166  1.476273324893111E-013  1.285122325323589E+002
    379  1.332278596620728E-013  1.314401949169826E+002
    461  1.280683717483279E-013  1.305950012975653E+002
    923  1.314119148453802E-013  1.095237679808366E+002
    131  1.309532985112793E-013  5.423822798903431E+001
    273  1.209020732282285E-013  5.304287455919988E+001
    718  1.158815954586510E-013  4.138202556861325E+001
    847  1.105516219147976E-013  2.799080532753403E+001
    478  8.634782364696408E-014  1.301546099868189E+002
    234  9.479013755599742E-014  1.290487457278724E+002
    116  7.884407336142758E-014  1.192707498518571E+002
    634  7.718841500582644E-014  1.125001170052366E+002
    817  8.705997966566505E-014  1.085358398578049E+002
    490  6.116440046234547E-014  1.261040539187754E+002
    172  5.690379605799846E-014  1.241485400336660E+002
    959  6.639571623946907E-014  1.084688215887346E+002
    395  4.862173140353684E-014  1.335980578757328E+002
    462  4.074179039840693E-014  1.313942342006021E+002
    187  2.712800611477333E-014  1.311017678078171E+002
    171  3.317677770946812E-014  1.087499796082763E+002
    576  3.632841129462117E-014  5.386121570632214E+001
    648  4.287860292611845E-014  4.526673179820873E+001
    818  3.834941952894176E-014  3.428944699913568E+001
     79  2.544564945104180E-014  6.001917042994083E+001
    933  3.074643816311948E-014  3.003523913071240E+001
    905  1.216213949565900E-014  1.284918547625140E+002
   1008  9.703727990650326E-015  1.284134233091297E+002
    630  1.899001447009994E-014  3.965688865444611E+001
    109  4.368929537715465E-015  1.319990084283459E+002
    545  8.346288711257786E-015  1.196661558089543E+002
    907  1.685096519251447E-014  1.167644475137030E+002
   1010  1.367994251157185E-015  1.176382336104358E+002
    653  1.094944614303563E-014  1.069294359332194E+002
    922  2.351771949965616E-016  1.295345147363496E+002
    884  8.212999679337291E-015  1.068632796964387E+002
    851  2.168736964729440E-015  4.550613920937534E+001
    486  9.125612463846663E-015  3.931251329773253E+001
    868  7.821190157487133E-016  3.766939742637059E+001
      1 -5.376695348239048E-012 -4.557161126570968E+001
