# dt =   1.000000000000000E-005
# j, New nj, Rate of change (1/s)
      1  2.243454440242366E+000  6.001726755194941E+003
      2  2.201761746435098E+000  6.444569147911162E+003
      3  2.143091361441178E+000  4.381198012658162E+003
      4  2.142407826295581E+000  8.514087578654282E+003
      5  2.403073574951374E+000  3.844029226223997E+004
      6  2.038331715887790E+000  4.047278583497039E+003
      7  5.555318395157883E+000  3.564975733809088E+005
      8  3.746203768728513E+000  1.763486251776579E+005
      9  2.011673719901672E+000  4.597467595437090E+003
     10  2.024667084756872E+000  8.063922557484560E+003
     11  1.924877048499465E+000  1.702508026992237E+004
     12  1.767359740530755E+000  3.755670638348614E+003
     13  1.479338639094440E+000  9.831180974517353E+002
     14  1.582919364315939E+000  1.213878120301342E+004
     15  1.442945749091693E+000  8.364993183645025E+002
     16  1.794824580332711E+000  3.661623012572973E+004
     17  1.588242627102227E+000  1.665525777483887E+004
     18  1.998320901982523E+000  6.049128862625593E+004
     19  1.387660668076998E+000  5.443739834002959E+002
     20  1.555560077770082E+000  1.806598712609635E+004
     21  1.433721680929030E+000  6.117086039774172E+003
     22  1.410554746419432E+000  3.831532797546986E+003
     23  3.256989255214471E+000  1.893627599957072E+005
     24  2.827874553779736E+000  1.468713773950273E+005
     25  1.284898947704366E+000  5.511271259986917E+002
     26  1.338592312003201E+000  6.460107184970424E+003
     27  1.529845809646795E+000  2.656579012470110E+004
     28  1.282940441887066E+000  2.934310703904058E+003
     29  1.475989563608719E+000  2.231289164663214E+004
     30  1.257061677841230E+000  2.857091136292579E+003
     31  1.560737954527424E+000  3.398255230287025E+004
     32  1.335072208383707E+000  1.386688453008390E+004
     33  1.253985325270650E+000  5.857336911493504E+003
     34  1.232928707562225E+000  4.242466835814280E+003
     35  1.237612375780528E+000  5.457032011760872E+003
     36  1.295166981131477E+000  1.136916818145418E+004
     37  1.228748364027897E+000  5.019180621527851E+003
     38  2.562651888405624E+000  1.385577580765667E+005
     39  1.217773986196992E+000  4.326734951202726E+003
     40  1.197472458125723E+000  2.939295655022430E+003
     41  1.189022590435537E+000  2.428218898082001E+003
     42  1.200253998548608E+000  4.046159349375606E+003
     43  1.192975937032059E+000  6.013366663043981E+003
     44  1.149019709552793E+000  1.768717251446324E+003
     45  1.148615780687360E+000  2.830163463500863E+003
     46  1.189269929391646E+000  7.097241272331366E+003
     47  1.115233688674912E+000  3.820573601168211E+001
     48  1.136684378160406E+000  2.563794162904803E+003
     49  1.118933091615019E+000  8.409455621944252E+002
     50  1.123548509581466E+000  1.473316387945843E+003
     51  1.142735432437520E+000  3.552885162390503E+003
     52  1.118092496284693E+000  1.377447846095569E+003
     53  1.137926498352628E+000  3.364232107007980E+003
     54  1.134806520838351E+000  3.329221616472334E+003
     55  1.148418739970397E+000  6.300259009125596E+003
     56  1.078625531922217E+000  5.228961513356543E+001
     57  1.130202763218277E+000  6.540750682023652E+003
     58  1.568545488345625E+000  5.051902743185503E+004
     59  1.063172493211613E+000  2.387142289497694E+002
     60  1.266592255480236E+000  2.083563175809472E+004
     61  1.067992784849785E+000  1.572433123080008E+003
     62  1.082916071363621E+000  3.445573330749445E+003
     63  1.068817442354676E+000  2.206239194666081E+003
     64  1.816743891268786E+000  7.723103349607870E+004
     65  1.566695857046054E+000  5.263703780811969E+004
     66  1.158805797041368E+000  1.225262492544964E+004
     67  1.226788872627685E+000  1.963478955345946E+004
     68  1.052822757521928E+000  2.344831196586017E+003
     69  1.062250333526108E+000  3.392419911528992E+003
     70  1.196108867574318E+000  1.759130152906115E+004
     71  1.142904392276065E+000  1.267587020032491E+004
     72  1.025616144459809E+000  1.195427266946299E+003
     73  1.029096967765974E+000  1.986425403504002E+003
     74  1.090406819919708E+000  8.240805202172220E+003
     75  1.024353535618742E+000  2.174254059348623E+003
     76  1.015237121143404E+000  1.352316407648198E+003
     77  1.015988027447035E+000  1.526222250559977E+003
     78  1.025732130012367E+000  2.654636789014680E+003
     79  1.022934617932476E+000  2.585205075937853E+003
     80  1.035157975121889E+000  4.288531415631262E+003
     81  1.004763793493306E+000  1.257479501690744E+003
     82  1.000584418207646E+000  1.186431768347047E+003
     83  9.952840832709603E-001  6.793218285031575E+002
     84  1.004874224618046E+000  1.798134046509673E+003
     85  1.187873783658050E+000  2.056219565507946E+004
     86  1.037718910076612E+000  5.676189952051442E+003
     87  9.748671626544908E-001  3.915101187641401E+001
     88  9.825635259278175E-001  9.550903029896645E+002
     89  1.040684773071358E+000  7.306068361349741E+003
     90  1.024981381705469E+000  5.964807327363087E+003
     91  1.047600653412805E+000  8.391241438849756E+003
     92  1.061307697465335E+000  9.822485882170886E+003
     93  9.630461908060054E-001  2.300934155157961E+002
     94  9.724575958737633E-001  1.229589049626486E+003
     95  1.090696778336416E+000  1.320020881452753E+004
     96  9.944928471721606E-001  3.650988350134883E+003
     97  1.028616879697889E+000  7.159409473924666E+003
     98  9.756261377673913E-001  1.880420035502928E+003
     99  9.597585404586435E-001  4.450427757175424E+002
    100  1.023067403106100E+000  6.841267218154816E+003
    101  1.014254143781637E+000  6.032671371972363E+003
    102  9.736206063127610E-001  3.032999875418222E+003
    103  1.006703584210002E+000  7.082518748046899E+003
    104  9.562914798202572E-001  2.444888153724981E+003
    105  9.444682457867389E-001  1.691736326335064E+003
    106  9.885280098400731E-001  6.110286163311860E+003
    107  9.366419627527555E-001  1.237041938501586E+003
    108  9.720400101818126E-001  4.962827670775034E+003
    109  9.611048435949011E-001  4.056506096221368E+003
    110  9.637101954896087E-001  4.406009430982193E+003
    111  9.415946461524273E-001  2.258329580668342E+003
    112  9.421808553119886E-001  2.380837544904929E+003
    113  9.265905294211084E-001  8.857376410663828E+002
    114  1.711523508564145E+000  7.977131957878747E+004
    115  9.381442876451069E-001  2.668333269367252E+003
    116  9.475817215939759E-001  3.674930094012872E+003
    117  1.004834632971123E+000  9.623642374507945E+003
    118  9.226145346272263E-001  1.951976087346074E+003
    119  9.476567785868809E-001  4.516223534222381E+003
    120  9.265200288620788E-001  2.663618086808578E+003
    121  9.385731650201210E-001  3.955328703843763E+003
    122  9.012127215075572E-001  4.714306390022583E+002
    123  9.044502744185754E-001  9.199394796227729E+002
    124  8.923211745442731E-001  2.297567917643357E+001
    125  9.124474195120236E-001  2.128608422772313E+003
    126  9.090163325038522E-001  1.899497862811215E+003
    127  8.941993303801951E-001  4.320809863120071E+002
    128  8.969890310549604E-001  9.963619745109099E+002
    129  8.887772166873632E-001  2.963529080038913E+002
    130  9.016665129781207E-001  1.640682760648821E+003
    131  9.580107431726058E-001  7.601151703652125E+003
    132  9.112048087460665E-001  2.980849514251485E+003
    133  9.443628250714851E-001  6.407603237825479E+003
    134  9.392154283588242E-001  6.241798698549796E+003
    135  8.908220211921780E-001  1.482653734863554E+003
    136  8.935149049491021E-001  1.927421937055175E+003
    137  9.456349930252682E-001  7.185751037707120E+003
    138  9.159415159894396E-001  4.320648549841753E+003
    139  8.820736809050012E-001  1.038508194781226E+003
    140  8.784392965976751E-001  7.188022001413943E+002
    141  8.900285079413733E-001  1.994883525287052E+003
    142  1.086269357174483E+000  2.188742068136598E+004
    143  9.391710411279444E-001  7.582509106121848E+003
    144  9.009993710306068E-001  3.825591892427253E+003
    145  8.648601978381225E-001  7.153219966484265E+002
    146  8.569038743053771E-001  4.409424571423068E+001
    147  8.652850362759958E-001  1.166635226748970E+003
    148  8.738799786860272E-001  2.436174291122907E+003
    149  9.025443858200406E-001  5.650244298540091E+003
    150  8.637884180286615E-001  2.992524578893641E+003
    151  8.663905137737306E-001  3.333188281478816E+003
    152  8.762273420870993E-001  4.717686269883326E+003
    153  8.840645996377902E-001  5.937371433267542E+003
    154  9.018502171015247E-001  8.055765324869749E+003
    155  8.528824116981528E-001  3.199058992237047E+003
    156  8.679445222608260E-001  4.890769606436431E+003
    157  8.453882879986155E-001  2.714032577451806E+003
    158  8.891788080188927E-001  7.191362671358697E+003
    159  8.187974300725774E-001  2.052585545561225E+002
    160  9.040859844645280E-001  8.744430760916368E+003
    161  9.246563623146785E-001  1.084894479894906E+004
    162  8.233491112762038E-001  7.358872546935276E+002
    163  8.972607409387874E-001  8.375232000328195E+003
    164  9.577631006902878E-001  1.470713665496646E+004
    165  8.532609413064541E-001  5.683739512237585E+003
    166  8.171984556243331E-001  2.177266431888346E+003
    167  8.104507099272296E-001  1.836020924613289E+003
    168  8.254713758309828E-001  3.931397404059655E+003
    169  8.288807587974070E-001  4.343976299158248E+003
    170  7.884473231304390E-001  8.554916376569671E+002
    171  7.835474209440593E-001  7.468574939977985E+002
    172  7.865149308348339E-001  1.148888922290804E+003
    173  7.799937097748501E-001  9.514363413148964E+002
    174  8.035324098145827E-001  3.627098870639846E+003
    175  7.665993291569304E-001  1.307743021158681E+002
    176  7.798608466898022E-001  1.490009327821555E+003
    177  7.780062277773827E-001  1.393933622357653E+003
    178  7.623654653908615E-001  2.126271453749582E+001
    179  7.627780566370401E-001  3.754691065002897E+002
    180  7.985763040604443E-001  4.155072575481100E+003
    181  7.594662165450244E-001  3.330129441271815E+002
    182  8.222442507441581E-001  6.730051743575124E+003
    183  8.414322028573047E-001  8.804761924356755E+003
    184  8.161449945958029E-001  6.624604224742591E+003
    185  8.210073547368217E-001  7.139963993658213E+003
    186  7.604775384582857E-001  1.289018570093977E+003
    187  7.596444293941028E-001  1.322453002582438E+003
    188  7.685691953450947E-001  2.370833890116861E+003
    189  7.580372304047982E-001  1.491990648990042E+003
    190  7.623797143441071E-001  2.046084038751612E+003
    191  7.676028845282891E-001  3.241351086635629E+003
    192  7.563213089995910E-001  2.124266003211216E+003
    193  7.615558013180562E-001  3.108217799971415E+003
    194  7.366268492685232E-001  6.391173715829842E+002
    195  7.865239192769103E-001  5.977684111114810E+003
    196  7.722462649434280E-001  4.652484320002889E+003
    197  7.822993463214879E-001  5.812947441407615E+003
    198  7.473503538646155E-001  2.413470678828362E+003
    199  9.469517666065295E-001  2.240909344929486E+004
    200  7.257015013066043E-001  3.430800155013189E+002
    201  7.327880975010928E-001  1.077997415717056E+003
    202  7.810208730461040E-001  5.926216829876823E+003
    203  7.244252630287968E-001  2.952030770084325E+002
    204  7.284287885268728E-001  7.317699208419926E+002
    205  8.267614037386808E-001  1.060915752416577E+004
    206  7.560347343715230E-001  3.554571280321350E+003
    207  8.427374262831006E-001  1.224251762562511E+004
    208  7.521634505799931E-001  3.220717815279248E+003
    209  7.490815592172155E-001  2.924386826310356E+003
    210  7.384282547549229E-001  1.893610960844821E+003
    211  7.334214690711940E-001  1.424805759261734E+003
    212  7.971411420048375E-001  7.877398465105823E+003
    213  7.232916648430187E-001  5.387863463202892E+002
    214  7.417315056628464E-001  2.452906734504676E+003
    215  7.460034245529272E-001  2.935058114634927E+003
    216  7.214548182107062E-001  5.115967508470558E+002
    217  7.512903634239023E-001  3.500234726017401E+003
    218  7.591579764318223E-001  4.349855889058726E+003
    219  7.469436230298107E-001  3.175222795277225E+003
    220  7.172210951986387E-001  3.698322317997601E+002
    221  7.809350718211806E-001  6.838504427023830E+003
    222  7.496434751858876E-001  3.728023674775207E+003
    223  7.239565928889778E-001  1.389740911717641E+003
    224  7.110050680817904E-001  2.229394631566232E+002
    225  7.103276611446544E-001  2.170658160469262E+002
    226  7.321015820451650E-001  2.475985021348738E+003
    227  7.092862105108250E-001  2.038611227557451E+002
    228  7.067046959068843E-001  7.184178527696646E+001
    229  9.243658965507441E-001  2.221403375291027E+004
    230  7.348750300435715E-001  4.150589710083063E+003
    231  7.238795829566165E-001  3.710081703675764E+003
    232  7.531967010785123E-001  6.694496519672660E+003
    233  7.071923610875097E-001  2.266855781236989E+003
    234  6.944575683759471E-001  1.133359914537893E+003
    235  6.805891113415413E-001  8.772700057402993E+001
    236  7.241003204441939E-001  4.589032589657356E+003
    237  7.057465184935127E-001  2.836066226131310E+003
    238  6.839577743735649E-001  6.762714142511469E+002
    239  7.184478562678019E-001  4.205546160915785E+003
    240  6.977869385490467E-001  2.255583074785314E+003
    241  7.078840253313438E-001  3.390793005899530E+003
    242  6.862226249961926E-001  1.286414310358370E+003
    243  6.749828271550179E-001  3.084437448998266E+002
    244  6.849128935717212E-001  1.346674151112282E+003
    245  6.902124350087777E-001  1.959037630855536E+003
    246  7.117913096142889E-001  4.889501348563204E+003
    247  6.674437780403878E-001  5.011674847354705E+002
    248  7.428825352255451E-001  8.153926169438887E+003
    249  7.431452414050493E-001  8.885889697376946E+003
    250  6.608101417453637E-001  7.050689784562437E+002
    251  6.768087874409358E-001  2.991398628872293E+003
    252  6.449369929891222E-001  1.093980869824532E+002
    253  7.191117433179121E-001  7.764918066626274E+003
    254  6.598951659849733E-001  2.018046036487318E+003
    255  8.241412500238289E-001  1.868056226020188E+004
    256  6.420933699735052E-001  5.470289585891155E+002
    257  6.437425538851809E-001  9.122930758548100E+002
    258  6.834236147278779E-001  5.133812681925877E+003
    259  6.489586570316239E-001  1.830359672767365E+003
    260  6.357854067889493E-001  8.967521931548454E+002
    261  6.425800524666800E-001  1.723710566398861E+003
    262  6.370050567601850E-001  1.251250426626881E+003
    263  6.241781174105054E-001  2.083193286230554E+001
    264  6.537536445696277E-001  3.078605880768221E+003
    265  6.235852046050359E-001  1.049355982685385E+002
    266  6.336795527235146E-001  1.139730076105604E+003
    267  6.252936142352402E-001  3.149710737853646E+002
    268  6.240142440088338E-001  2.299746364342073E+002
    269  6.280971521017215E-001  6.637807573518626E+002
    270  6.299517045346120E-001  8.719217753340030E+002
    271  6.237179886258790E-001  2.968403409209685E+002
    272  6.339338528975500E-001  1.356814972042031E+003
    273  6.411534290914271E-001  2.087967713820930E+003
    274  6.419750387313853E-001  2.176086923948239E+003
    275  6.651723558211631E-001  4.506106307876178E+003
    276  6.217059194000407E-001  2.183187541059004E+002
    277  6.229206761906413E-001  3.457111231573326E+002
    278  6.277646376731083E-001  8.510514030382698E+002
    279  6.489367175428519E-001  2.995470439554147E+003
    280  6.247494722761172E-001  5.966023729644573E+002
    281  6.557617980100842E-001  3.727210726055351E+003
    282  7.005966873526448E-001  8.296750742398488E+003
    283  6.320538801362106E-001  1.444071799671153E+003
    284  6.162881005334042E-001  1.802275189911825E+002
    285  6.342031826073204E-001  1.988600643562976E+003
    286  6.119788959560075E-001  5.401575646730499E+001
    287  6.160207851430238E-001  4.639211303805321E+002
    288  6.504052906870857E-001  4.372281326130735E+003
    289  6.568937788190720E-001  5.200794768428422E+003
    290  7.680337339386686E-001  1.635520941433568E+004
    291  8.218344779411461E-001  2.175519938154644E+004
    292  7.052095565366424E-001  1.016421690175522E+004
    293  7.067143120605073E-001  1.037749421397704E+004
    294  7.503271924082631E-001  1.482948593108376E+004
    295  7.171703440196977E-001  1.152962219541451E+004
    296  6.767354536380640E-001  7.544445852635862E+003
    297  7.694499150067978E-001  1.689879810499793E+004
    298  1.528919241921942E+000  9.309881723619318E+004
    299  8.803226820413684E-001  2.824795436352914E+004
    300  1.131442902903243E+000  5.359976858333791E+004
    301  1.166369213208221E+000  5.716713705562818E+004
    302  7.610367283535731E-001  1.665178735163370E+004
    303  8.681051407700408E-001  2.776140813747456E+004
    304  6.111024256598541E-001  2.323587667324048E+003
    305  5.970453561027664E-001  1.307070931565183E+003
    306  7.074859393360230E-001  1.243326868566751E+004
    307  5.963299176791991E-001  1.360773535391791E+003
    308  9.971487140067778E-001  4.145218591901077E+004
    309  6.183935049771694E-001  3.680873824293743E+003
    310  6.768815793344889E-001  9.630081629670036E+003
    311  5.970479482371573E-001  1.778130917862090E+003
    312  6.300185420348914E-001  5.101852542006952E+003
    313  5.859417269078984E-001  7.146811264123759E+002
    314  5.949414322967024E-001  1.688622264070520E+003
    315  5.808736482008825E-001  3.250177088073895E+002
    316  5.936094372903397E-001  1.632462622700475E+003
    317  5.930455075154967E-001  1.677636500530394E+003
    318  6.007897058836001E-001  2.465507369104533E+003
    319  6.005005351273462E-001  2.498426387450207E+003
    320  6.347347629711759E-001  5.993334275902849E+003
    321  5.855082412030276E-001  1.103226976864452E+003
    322  5.795964258710720E-001  5.823676355432304E+002
    323  5.828924575062681E-001  9.171928470284547E+002
    324  5.989493573128154E-001  2.583798582758301E+003
    325  6.067647413990839E-001  3.682384383976606E+003
    326  6.362880121224701E-001  6.643745928511574E+003
    327  6.138482602636565E-001  4.412866417846137E+003
    328  5.717191611884422E-001  2.506494377535089E+002
    329  6.031554612412201E-001  3.667208824791704E+003
    330  8.325865567263657E-001  2.674119718552792E+004
    331  6.234533964063788E-001  6.570246080108035E+003
    332  5.995101963526350E-001  4.224658308585663E+003
    333  5.831092256002842E-001  2.901238601823788E+003
    334  5.685689010064455E-001  1.565231369025206E+003
    335  6.219363418213142E-001  7.092532593499490E+003
    336  5.719440097450161E-001  2.991598447857685E+003
    337  5.422437601661243E-001  4.238088939259940E+002
    338  5.672584148955497E-001  3.305977311576466E+003
    339  5.321393944444222E-001  9.481468646530539E+002
    340  5.271553381030808E-001  5.311727368606588E+002
    341  5.493596643519545E-001  2.835527692876467E+003
    342  5.204048452531820E-001  1.689984842360197E+002
    343  5.340246299166139E-001  1.621048465492486E+003
    344  5.957917950870292E-001  7.907770603381486E+003
    345  5.146159138124710E-001  1.712803730996061E+002
    346  5.934646324233861E-001  8.112966033790205E+003
    347  6.798311044516127E-001  1.676028653075151E+004
    348  5.997982502709025E-001  9.273340825382542E+003
    349  5.146034892700924E-001  7.725342407490683E+002
    350  5.067060691678693E-001  1.355659392899193E+002
    351  5.109488586376033E-001  6.320272844908526E+002
    352  5.364959781374132E-001  4.223364545581034E+003
    353  4.964551517912575E-001  3.931680186124477E+002
    354  4.942820420006610E-001  2.555990504397579E+002
    355  4.988703232630133E-001  8.440097498210774E+002
    356  5.373575145567100E-001  5.324888419021674E+003
    357  5.217237644947287E-001  4.012834354991340E+003
    358  8.235107429434333E-001  3.427672948960434E+004
    359  4.912203072173806E-001  1.451588082057675E+003
    360  4.777007431729257E-001  1.169482576876977E+003
    361  4.747928915063493E-001  1.013698950804518E+003
    362  4.640625257198113E-001  1.311140371883842E+002
    363  4.623603758232265E-001  2.041907989426902E+001
    364  4.683110343015126E-001  7.070710107486993E+002
    365  4.669045781286245E-001  7.580986066466709E+002
    366  4.616045719270683E-001  2.500042211715668E+002
    367  4.763871242822391E-001  1.816585738239078E+003
    368  4.596866502978976E-001  2.384517542591587E+002
    369  4.599133943654345E-001  3.389154234827167E+002
    370  4.596601121468741E-001  4.080875161363956E+002
    371  4.559081479362058E-001  1.269817011235227E+002
    372  4.719218395141737E-001  1.759087070637090E+003
    373  4.542770691593739E-001  5.943006936257672E+001
    374  4.969725959167344E-001  4.385637343259649E+003
    375  4.585270653983865E-001  5.583066566250914E+002
    376  4.745549682318320E-001  2.170487665376319E+003
    377  4.628782000286860E-001  1.044897932586031E+003
    378  5.257499962759349E-001  7.805391556260483E+003
    379  6.363397656164563E-001  1.887296247339673E+004
    380  4.943627605848985E-001  4.869152113654646E+003
    381  5.403608258150712E-001  9.501176482446466E+003
    382  4.667701568519850E-001  2.754117344660979E+003
    383  5.525342893800251E-001  1.139599555755462E+004
    384  2.404575058337184E+000  1.970464776048318E+005
    385  5.229274773065318E-001  9.687953674979673E+003
    386  6.431937222339024E-001  2.222842028543208E+004
    387  6.869762267381951E-001  2.761176353530275E+004
    388  4.006994829317538E-001  1.533150341798768E+001
    389  4.289565762921078E-001  2.956427117609996E+003
    390  1.211820335672464E+000  8.131985889078963E+004
    391  5.738240399110555E-001  1.759481258844969E+004
    392  1.048317654064994E+000  6.560929164590819E+004
    393  5.595146232221321E-001  1.863943811617311E+004
    394  3.828076768492966E-001  2.958564684159520E+003
    395  4.335256039855298E-001  8.074958788043205E+003
    396  4.509400201583009E-001  9.976972059675085E+003
    397  3.719912503607193E-001  2.090859154172501E+003
    398  3.620554284409691E-001  1.169454606779106E+003
    399  3.652961672813608E-001  1.507365542762193E+003
    400  3.719262887015679E-001  2.221964933378548E+003
    401  3.907599499142603E-001  4.183893839128150E+003
    402  6.396001428012904E-001  2.921671274877178E+004
    403  4.400017713057433E-001  9.362436475551374E+003
    404  3.953256467293709E-001  4.902456670640610E+003
    405  4.853983549505239E-001  1.400490596453768E+004
    406  3.447590015420383E-001  1.434776707391847E+001
    407  4.363009250757120E-001  9.261327493482177E+003
    408  3.429140370335180E-001  8.216494257960582E+001
    409  3.789630640608528E-001  3.795598732987375E+003
    410  3.463276452275730E-001  5.559626872112523E+002
    411  3.852044441797933E-001  4.564463150099408E+003
    412  3.389965868287181E-001  4.671195252808550E+001
    413  3.814491795998144E-001  4.389502407865545E+003
    414  3.409866434472713E-001  3.506796385964156E+002
    415  3.973024439321954E-001  5.997537155178691E+003
    416  3.413525869621013E-001  4.293301873456767E+002
    417  4.009270824910778E-001  6.618488612776389E+003
    418  1.943093051185640E+000  1.609301737653170E+005
    419  5.003184251695405E-001  1.672825893490237E+004
    420  3.394604116557610E-001  8.320219876698179E+002
    421  3.753163361661151E-001  4.481699587366676E+003
    422  5.666352304313682E-001  2.370758503735074E+004
    423  4.247228894488887E-001  9.661646964362038E+003
    424  3.282636285326209E-001  1.589845279292872E+002
    425  5.691639637990544E-001  2.434248622134364E+004
    426  3.657364216293275E-001  4.090022445744424E+003
    427  5.120020623748703E-001  1.882061700276165E+004
    428  3.242080374304219E-001  1.400396247949733E+002
    429  3.254008157674137E-001  2.919884877056015E+002
    430  5.244090716567883E-001  2.020933364009088E+004
    431  3.695109702883956E-001  4.736837120201625E+003
    432  3.296589939867717E-001  8.104651075823026E+002
    433  3.530060020317570E-001  3.157514260939266E+003
    434  4.750927317987750E-001  1.541442428445190E+004
    435  3.240220939273347E-001  3.394394109329389E+002
    436  6.080321702579573E-001  2.876639027135264E+004
    437  3.235635549459646E-001  3.779150281764407E+002
    438  4.413062795454166E-001  1.216407176318589E+004
    439  3.184936129778990E-001  2.202181920392130E+001
    440  3.708575389706893E-001  5.345473220793629E+003
    441  3.214936907225973E-001  5.403712743805820E+002
    442  3.233236543906245E-001  7.547191530146129E+002
    443  3.147246583223937E-001  2.991299948371079E+000
    444  3.299528848393660E-001  1.791623132413126E+003
    445  3.654125119585065E-001  5.442780883892855E+003
    446  3.490315797738854E-001  3.872377434737305E+003
    447  3.082235342286743E-001  1.525876553406911E+002
    448  3.638521389546843E-001  5.863727962404140E+003
    449  3.310377870580385E-001  2.648801949820942E+003
    450  3.814738744098934E-001  7.785699476460885E+003
    451  3.184964082796092E-001  1.527396059717738E+003
    452  5.941337425447054E-001  2.914617206150535E+004
    453  3.795399577576903E-001  7.711306928739227E+003
    454  4.617338260302962E-001  1.611723913835196E+004
    455  3.214258461989723E-001  2.129068813054588E+003
    456  4.047370794010813E-001  1.046672102184401E+004
    457  3.016396443943527E-001  2.715612725466802E+002
    458  3.819582167244406E-001  8.411158077477536E+003
    459  3.650414444124565E-001  6.881944035112229E+003
    460  3.551436420781667E-001  6.125536767838986E+003
    461  2.944214135971169E-001  1.562726603595805E+002
    462  3.440557864843929E-001  5.142833728112414E+003
    463  2.972895556720956E-001  5.219957803570333E+002
    464  4.120484784665576E-001  1.201132848881425E+004
    465  2.962764974497896E-001  4.673913020949594E+002
    466  3.880880371875949E-001  9.681108364722912E+003
    467  3.199347438881042E-001  2.879555543253951E+003
    468  4.096004945746672E-001  1.184947309769674E+004
    469  2.938706430098427E-001  3.418587954886580E+002
    470  2.970936497648478E-001  6.802867249209011E+002
    471  2.951294349428680E-001  4.931178799681847E+002
    472  3.199531822063211E-001  2.983223268749147E+003
    473  2.957646393281466E-001  6.038224695580196E+002
    474  3.863090873744640E-001  9.673904835343836E+003
    475  4.264868892644137E-001  1.373381678064272E+004
    476  2.929505138759080E-001  4.117563283429816E+002
    477  3.350739319350863E-001  4.635041752391520E+003
    478  3.246313852952080E-001  3.638472760991226E+003
    479  3.123747816275719E-001  2.466433093076251E+003
    480  3.126567528183599E-001  2.503927291292179E+003
    481  2.958917924008766E-001  8.502643168054628E+002
    482  3.286004718868215E-001  4.130022367281486E+003
    483  3.118230606946047E-001  2.474463487177105E+003
    484  2.919817023013545E-001  5.068519139666026E+002
    485  4.403223559807083E-001  1.536299285239696E+004
    486  3.113628960347877E-001  2.477439741499214E+003
    487  3.261818359989958E-001  3.987645072150561E+003
    488  2.889778569278348E-001  2.964719767743395E+002
    489  2.974267756255166E-001  1.164302986715830E+003
    490  2.860320741250762E-001  5.364025395450307E+001
    491  3.789392471542639E-001  9.407230428294297E+003
    492  3.535502168447455E-001  6.898649856074092E+003
    493  3.139422505062566E-001  3.281510158767326E+003
    494  3.012666899149073E-001  2.033505088987863E+003
    495  3.040250447017478E-001  2.418947443711409E+003
    496  2.799376146174855E-001  7.135157427677247E+001
    497  3.288280801477310E-001  5.024468123893946E+003
    498  3.158208788239696E-001  3.915405254098423E+003
    499  2.763409520511733E-001  4.562518289252437E+000
    500  3.036929354420420E-001  2.794252439637719E+003
    501  2.749759153378846E-001  5.461494378634040E+000
    502  2.861679512564539E-001  1.191650642940202E+003
    503  3.012731008189227E-001  2.966137534706899E+003
    504  3.428172368690129E-001  7.215914758554131E+003
    505  3.528092192259721E-001  8.351283693985422E+003
    506  2.702031762963875E-001  1.177602139089370E+002
    507  3.317641794688629E-001  6.322961228904733E+003
    508  2.694988468350507E-001  1.242828194536393E+002
    509  2.689698664109413E-001  1.000990076221838E+002
    510  3.207188966202923E-001  5.290843016164275E+003
    511  2.723514831771089E-001  4.696060538618623E+002
    512  2.841600910318189E-001  1.669244298784357E+003
    513  2.709438584048061E-001  3.582817966153781E+002
    514  2.838504480868267E-001  1.652758486896588E+003
    515  2.757366144084500E-001  8.501967946503773E+002
    516  2.911753569323440E-001  2.408833393989710E+003
    517  2.856603081775257E-001  1.869423015628332E+003
    518  2.997025736670560E-001  3.276079989583167E+003
    519  3.104130223715033E-001  4.347991652679028E+003
    520  2.673059860832182E-001  4.463826807893773E+001
    521  2.803106018610195E-001  1.370731740898126E+003
    522  2.640891214925044E-001  3.339393660816631E+002
    523  2.644876276495254E-001  4.209427814704941E+002
    524  2.736903418398711E-001  1.355369749155463E+003
    525  2.868771463494278E-001  2.714513463184258E+003
    526  2.661260644135464E-001  6.720778348288640E+002
    527  2.631509396610856E-001  4.204627185560018E+002
    528  2.709153285721005E-001  1.202095164486925E+003
    529  2.648426138573094E-001  6.076135392003966E+002
    530  3.257995009567743E-001  7.134511534251801E+003
    531  3.601247208667159E-001  1.068692354462993E+004
    532  2.747917985712238E-001  2.303262497333066E+003
    533  2.943061178925455E-001  4.612758006349936E+003
    534  2.611076368872003E-001  1.362022696012437E+003
    535  2.723857279958962E-001  8.403443655227458E+003
    536  3.705659638445196E-001  1.827656784989389E+004
    537  3.596831245479775E-001  1.776873834299977E+004
    538  1.909757642725429E-001  7.197349764924770E+003
    539  1.269991294953883E+000  1.185879405847771E+005
    540  9.755906237119004E-002  1.697722726359305E+003
    541  1.103250506524397E-001  2.995681071680762E+003
    542  9.386276412555715E-002  1.367545393924101E+003
    543  1.102786699761968E-001  3.112457850721035E+003
    544  8.453191671847101E-001  7.685588761218725E+004
    545  9.405472989100649E-002  1.762993395561455E+003
    546  1.169534190289447E+000  1.093114192727943E+005
    547  1.441050614601193E+001  1.433440063992823E+006
    548  1.355244861493262E-001  5.956159122675291E+003
    549  6.646591988847556E-001  5.892472177088806E+004
    550  9.055486083027528E-002  1.524590665738024E+003
    551  7.607584093602056E-001  6.855532349573396E+004
    552  3.785171214002326E-001  3.033625061351981E+004
    553  1.267679615441015E-001  5.178587260382715E+003
    554  6.201600092013624E-001  5.458182390152727E+004
    555  9.661977032280318E-002  2.238513969388714E+003
    556  7.442233598081290E-002  9.085371069389448E+001
    557  9.045171886394404E-002  1.698281285005470E+003
    558  8.180333494181140E-002  8.522486080143798E+002
    559  8.025661607760444E-002  7.022096115303260E+002
    560  1.044434963931645E-001  3.179293580389005E+003
    561  8.482466271026927E-002  1.225848520453109E+003
    562  7.409196501455409E-002  1.585692661908678E+002
    563  3.714391687666656E-001  2.990311309426376E+004
    564  1.146352391915663E-001  4.234598244450219E+003
    565  9.009860126893397E-002  1.793255284236762E+003
    566  6.025232519518176E-001  5.304258447827236E+004
    567  7.745109616611821E-002  5.545997867881638E+002
    568  1.042085573371196E-001  3.283289775234301E+003
    569  7.527220237248940E-002  3.923804694716097E+002
    570  1.153047674861568E-001  4.404079705180371E+003
    571  8.212364197598344E-002  1.111232213012219E+003
    572  1.435168204017901E-001  7.262041625717565E+003
    573  8.736186535619185E-002  1.649759622167601E+003
    574  7.477912300821492E-002  4.024679347501824E+002
    575  9.191883771862631E-002  2.126984563763371E+003
    576  1.078240929566241E-001  3.728121682900589E+003
    577  8.074624106166067E-002  1.021885929211510E+003
    578  1.007638979822969E-001  3.031865937920883E+003
    579  7.473543076316190E-002  4.311998799644501E+002
    580  1.289918304204276E-001  5.861707286376863E+003
    581  7.049585565394620E-002  1.407539332398780E+001
    582  1.378840757119562E-001  6.766699145525407E+003
    583  7.588001734890122E-002  5.746383988351325E+002
    584  7.809897817644165E-002  8.173630858130574E+002
    585  9.554976426638033E-002  2.568282399309765E+003
    586  7.062338426227113E-002  8.882188738690229E+001
    587  7.674410669284204E-002  7.037344312795400E+002
    588  1.687609949326944E-001  9.909515132790266E+003
    589  7.431668121671288E-002  4.738698644392437E+002
    590  7.066343046677384E-002  1.111579139164578E+002
    591  7.115134752315740E-002  1.710952600363707E+002
    592  1.833196037496965E-001  1.138868540557096E+004
    593  1.393373884891751E-001  7.002222479765497E+003
    594  7.642689885374870E-002  7.231378936398378E+002
    595  7.291317299145481E-002  3.804116227320146E+002
    596  7.304292071326056E-002  4.042558725582713E+002
    597  7.965931977272422E-002  1.066962364492927E+003
    598  6.887565066365546E-002  2.098432385118630E+000
    599  7.894812622613258E-002  1.014443523346353E+003
    600  7.406992767553243E-002  5.422977660504562E+002
    601  7.024935334659342E-002  1.607940796781500E+002
    602  1.070210774293808E-001  3.840088047173173E+003
    603  6.893747460429835E-002  3.443582556806026E+001
    604  7.450876705329681E-002  5.994092047608834E+002
    605  7.763656496752355E-002  9.229015730033249E+002
    606  6.862220266989984E-002  2.662516146649989E+001
    607  8.244535665697358E-002  1.409464920886573E+003
    608  7.080407948057826E-002  2.551555788034946E+002
    609  7.492952957939239E-002  6.717647775526185E+002
    610  7.341780536748288E-002  5.209451489686843E+002
    611  7.611585398944194E-002  7.918688969133412E+002
    612  6.822174938932193E-002  6.707445397178380E+000
    613  7.582173592962145E-002  7.757228556012842E+002
    614  6.852129823704393E-002  4.890871469738594E+001
    615  7.358513003837326E-002  5.580043632188822E+002
    616  7.362688174364208E-002  5.669097302256382E+002
    617  8.268688314538734E-002  1.475995850714306E+003
    618  8.536423162037894E-002  1.761666497839366E+003
    619  6.883042500198509E-002  1.123519240167508E+002
    620  6.765640642250005E-002  3.004888003204151E+000
    621  8.851935735708975E-002  2.091656321373134E+003
    622  7.254936412589279E-002  4.985695956149534E+002
    623  7.644964071054994E-002  8.935542963979175E+002
    624  7.250872029705752E-002  5.035425381140562E+002
    625  6.865947835448223E-002  1.249371465316622E+002
    626  7.520115583283613E-002  7.849385264307111E+002
    627  6.841457252469176E-002  1.092491055883810E+002
    628  6.728304088262289E-002  7.784119277390158E+000
    629  6.717443438113478E-002  4.905499692852046E+000
    630  7.473880810100321E-002  7.618554914899278E+002
    631  7.077838421520843E-002  3.681672479782735E+002
    632  7.164531001445207E-002  4.573820371185893E+002
    633  6.958008846766212E-002  2.515578173004905E+002
    634  6.889039082727101E-002  1.887838029861097E+002
    635  7.700780119350344E-002  1.005841525356998E+003
    636  7.178361568090257E-002  4.835956638905259E+002
    637  6.940116709632642E-002  2.507395904688555E+002
    638  6.707768519873684E-002  1.957144824060080E+001
    639  7.194137748837619E-002  5.086850943982604E+002
    640  6.786439733932381E-002  1.028608119760258E+002
    641  7.019716086118516E-002  3.381065561374394E+002
    642  6.778298047351622E-002  1.005505964458924E+002
    643  6.779110830771762E-002  1.046244989893507E+002
    644  6.732545065220050E-002  6.113759298457898E+001
    645  6.959052830965747E-002  2.887198392826338E+002
    646  6.911297385451649E-002  2.460583918717164E+002
    647  6.663424544564987E-002  1.170545158239737E+000
    648  6.748585475756357E-002  8.856904828555639E+001
    649  7.164834642023254E-002  5.089555676937902E+002
    650  7.335762310372580E-002  6.889888397359715E+002
    651  6.762324709675187E-002  1.166797522759658E+002
    652  6.634904568482436E-002  1.539582801730082E+000
    653  6.651922815787711E-002  2.074597325105409E+001
    654  7.436801921585769E-002  8.208694818423268E+002
    655  7.301936716359186E-002  6.921086430194532E+002
    656  6.977683097618408E-002  3.726782767244104E+002
    657  6.729267371264679E-002  1.295868048997511E+002
    658  7.703862962250163E-002  1.105480380257557E+003
    659  7.769385406026365E-002  1.178458432581176E+003
    660  6.665001657550901E-002  8.764786123420249E+001
    661  7.430886646352601E-002  8.555155058633619E+002
    662  6.617759468715993E-002  4.710834686934312E+001
    663  7.601831345043041E-002  1.050826396360780E+003
    664  6.603102192920741E-002  6.026111023587240E+001
    665  6.686892379623229E-002  1.498491068790768E+002
    666  9.310133974110700E-002  2.786661257010006E+003
    667  7.856141857538947E-002  1.355096802890077E+003
    668  6.600824819551929E-002  1.020246524696717E+002
    669  8.729022590906452E-002  2.241360644592791E+003
    670  6.742458274739881E-002  2.587895220993367E+002
    671  7.737852230453868E-002  1.276000902597455E+003
    672  7.005372953401741E-002  5.446120961020493E+002
    673  9.957254874287934E-002  3.506410392306201E+003
    674  7.110190244832680E-002  6.687196295869634E+002
    675  7.681550740063262E-002  1.245411430583849E+003
    676  7.408422461782366E-002  9.903140305612742E+002
    677  6.496305134359798E-002  9.791538290042620E+001
    678  7.509606205454447E-002  1.131887635873830E+003
    679  6.500156825755554E-002  1.397102266212936E+002
    680  7.060730210988993E-002  7.090401313014676E+002
    681  7.578966930252168E-002  1.233156856517551E+003
    682  6.682408425961521E-002  3.476645577603838E+002
    683  6.892394823963116E-002  5.586613760271308E+002
    684  6.622820287125249E-002  2.925400127663761E+002
    685  6.433030740492077E-002  1.053785452583105E+002
    686  8.230725372282860E-002  1.905003150271790E+003
    687  7.214470169974854E-002  8.914251523720495E+002
    688  6.362996805825265E-002  4.293191593585605E+001
    689  7.312725096881006E-002  9.984770164432521E+002
    690  8.071470183481382E-002  1.766800931408835E+003
    691  7.376603859515211E-002  1.078578791700682E+003
    692  6.301749638927251E-002  4.553185763282038E+000
    693  6.337290723321939E-002  4.362158661054466E+001
    694  8.838457723984093E-002  2.544967959591828E+003
    695  6.576030196969045E-002  2.858719508652713E+002
    696  6.343747737957964E-002  6.558773809213970E+001
    697  7.296343498117977E-002  1.019167984925268E+003
    698  9.078085755059784E-002  2.807283382067094E+003
    699  6.367057307465199E-002  9.982361470924657E+001
    700  7.538947961351930E-002  1.279065905747166E+003
    701  6.255575975097190E-002  3.615200119642088E+000
    702  6.817012125545933E-002  5.673465580310526E+002
    703  6.287561471588948E-002  4.749870664258324E+001
    704  6.240779624253921E-002  1.299705548120425E+001
    705  6.259238835298186E-002  4.476420027721672E+001
    706  7.718906853926914E-002  1.517284904085658E+003
    707  6.307838085147795E-002  1.202878883879533E+002
    708  7.389066199608353E-002  1.204433194602505E+003
    709  6.362968482344544E-002  1.838034665477182E+002
    710  9.360255656192255E-002  3.183223931560692E+003
    711  6.214347480979850E-002  4.930661924157436E+001
    712  7.164193296473477E-002  1.009908135909297E+003
    713  6.570027978576219E-002  4.202542744398565E+002
    714  6.236194602891849E-002  8.832971334384320E+001
    715  6.226221127754763E-002  8.262244613179185E+001
    716  7.995048351286173E-002  1.854628050774220E+003
    717  7.866143668306450E-002  1.735466589188272E+003
    718  6.127934503363945E-002  3.987968457049096E+000
    719  6.715487741117354E-002  5.924244147053060E+002
    720  6.130133565433352E-002  2.581749537280788E+001
    721  7.485729450121249E-002  1.388102704675445E+003
    722  6.186042589130201E-002  8.985163865638852E+001
    723  6.095610069339485E-002  3.705124580867753E+000
    724  6.893272325248280E-002  8.050640449839648E+002
    725  8.318478141146050E-002  2.232707421056423E+003
    726  6.093256540777098E-002  1.828738719968767E+001
    727  6.739800564651471E-002  6.739811340434827E+002
    728  6.104813209517401E-002  4.019020752744657E+001
    729  6.085925356409728E-002  2.390489020927691E+001
    730  7.148269724866445E-002  1.096200296106382E+003
    731  6.222016400853661E-002  1.718457347078967E+002
    732  6.154869832647654E-002  1.049425903832014E+002
    733  6.865823230677430E-002  8.224601618621604E+002
    734  6.048089009022722E-002  4.977499646035757E+000
    735  6.055600365051100E-002  1.566705487256454E+001
    736  6.043368568632883E-002  7.970164610143249E+000
    737  6.254903093439960E-002  2.197676350353639E+002
    738  6.654585312419642E-002  6.281150405908184E+002
    739  6.069603117248047E-002  4.343275438553832E+001
    740  6.033804011063433E-002  7.868148468909600E+000
    741  6.621066490218230E-002  5.967826630485944E+002
    742  6.420960518383556E-002  3.993280636102872E+002
    743  6.019333649471686E-002  8.436589257910058E-001
    744  6.185960224244917E-002  1.772168786357032E+002
    745  6.957755674037974E-002  9.522747012630331E+002
    746  7.461938238796126E-002  1.466329152130287E+003
    747  6.021212061190569E-002  2.674674232444712E+001
    748  6.832707013881383E-002  8.419904815115292E+002
    749  6.992573567263893E-002  1.008471321144804E+003
    750  6.001634172027853E-002  1.942501298796156E+001
    751  7.070714001095128E-002  1.094516964844449E+003
    752  5.970322230984295E-002  1.742320052248563E+000
    753  5.974438172405651E-002  1.510207131680611E+001
    754  5.995258582133529E-002  3.806038600835921E+001
    755  6.519398857509082E-002  5.622694973797552E+002
    756  6.040538808641566E-002  9.115276676655469E+001
    757  6.787563479163126E-002  8.451804924394572E+002
    758  6.009656940583533E-002  7.511958847835893E+001
    759  5.930460318722280E-002  5.166671469493248E+000
    760  7.379706769894095E-002  1.472360825617318E+003
    761  5.965515963915115E-002  6.407463350081609E+001
    762  9.979644537768181E-002  4.085918005683531E+003
    763  8.411334889952717E-002  2.550461007641430E+003
    764  5.901301202067103E-002  5.134332688480811E+001
    765  6.688301489116034E-002  8.503872883285725E+002
    766  5.863553634788987E-002  3.002312181815864E+001
    767  5.876008989875670E-002  6.560061107531591E+001
    768  8.952260282465224E-002  3.153169281588811E+003
    769  8.262854980409909E-002  2.479106572314674E+003
    770  5.901580025824651E-002  1.203283874440832E+002
    771  7.532054423989132E-002  1.764591513449692E+003
    772  7.545329859644934E-002  1.807331127630518E+003
    773  5.718147512332669E-002  4.767324152492466E+000
    774  8.250605403017193E-002  2.556531837187187E+003
    775  5.666038082070585E-002  4.779512524097601E+000
    776  5.668819672466339E-002  2.411238049449776E+001
    777  7.914074478684774E-002  2.270905046629519E+003
    778  8.212121857911379E-002  2.605642740591952E+003
    779  5.624990340686727E-002  2.115336222566816E+001
    780  7.048609300438480E-002  1.448456771207369E+003
    781  5.693877545564478E-002  1.167609929203219E+002
    782  5.715059429508208E-002  1.476494199147278E+002
    783  6.882230080081080E-002  1.316514132668692E+003
    784  6.168183389466192E-002  6.075261514557611E+002
    785  9.360912184877689E-002  3.806230345040352E+003
    786  5.629729946703352E-002  7.750687690683172E+001
    787  5.745982955240739E-002  1.995302199740404E+002
    788  5.559247031590969E-002  2.066935603881830E+001
    789  6.170681417751728E-002  6.372259143117705E+002
    790  5.702081259096774E-002  1.714139527825715E+002
    791  6.010853955138976E-002  4.842331329492993E+002
    792  5.593340890858749E-002  6.938069888402413E+001
    793  5.779598044484024E-002  2.610489616069684E+002
    794  5.601034099430814E-002  8.775838886109283E+001
    795  5.880007808266782E-002  3.688983353276695E+002
    796  5.831895610773447E-002  3.349853043684820E+002
    797  6.402094272110469E-002  9.172426114474041E+002
    798  5.495646399260914E-002  1.092969615110734E+001
    799  6.529549327299136E-002  1.051043941169687E+003
    800  5.704270325703168E-002  2.280584645739261E+002
    801  5.471380291603473E-002  4.000839614307249E+000
    802  6.344751121460178E-002  8.870830498297622E+002
    803  5.891579070951249E-002  4.468660588768086E+002
    804  5.570591325237231E-002  1.309568806156718E+002
    805  5.456989187700672E-002  3.390713428168664E+001
    806  5.417947548770313E-002  1.596206961698822E+000
    807  5.926866705456308E-002  5.124779565954667E+002
    808  6.384741843401417E-002  9.761424500043071E+002
    809  5.464806041154194E-002  8.277124514923376E+001
    810  6.223861876529899E-002  8.457138949178246E+002
    811  5.384401232911227E-002  1.474377522301245E+001
    812  5.661061448442953E-002  2.967013087776992E+002
    813  6.119975432734766E-002  7.658577091834073E+002
    814  5.364282086958467E-002  1.532208372281161E+001
    815  5.464942304225767E-002  1.199035823979802E+002
    816  6.445128046428819E-002  1.100232614736416E+003
    817  5.633675233248216E-002  3.015402722835238E+002
    818  5.351438426160681E-002  2.583395722664359E+001
    819  5.330929707033528E-002  1.124486121323260E+001
    820  5.870111769699896E-002  5.581668933287227E+002
    821  5.918143531484993E-002  6.069515336603869E+002
    822  6.523554871602480E-002  1.214732022476492E+003
    823  5.309351714076237E-002  1.301182977858351E+000
    824  5.686307942094780E-002  3.841873875148111E+002
    825  6.131464860889787E-002  8.336641023629700E+002
    826  6.391590830500943E-002  1.099189263049038E+003
    827  5.592838174624332E-002  3.057929404224948E+002
    828  5.331048884327469E-002  4.710567264739242E+001
    829  6.413804054427713E-002  1.134142587235267E+003
    830  5.312883657598280E-002  3.342446812325736E+001
    831  5.948634578359151E-002  6.748382205347561E+002
    832  6.109091796577951E-002  8.395584742908262E+002
    833  5.267657144205386E-002  2.354653417907875E+000
    834  5.278344906754816E-002  1.587860496892474E+001
    835  6.529858647676609E-002  1.269007575063042E+003
    836  7.991472834127444E-002  2.745071394077146E+003
    837  5.271734237936741E-002  2.563898742964975E+001
    838  6.286349925859845E-002  1.043947677347254E+003
    839  5.267146310998244E-002  3.000210584559558E+001
    840  5.223841044155122E-002  3.824228068234394E+000
    841  5.222367813350543E-002  7.559935162783212E+000
    842  6.539846210024680E-002  1.329487165254651E+003
    843  5.903862506160042E-002  7.030360904592330E+002
    844  5.994733167211703E-002  8.104201348600458E+002
    845  5.290696284907178E-002  1.131250674048424E+002
    846  5.259018405770736E-002  9.545240163195321E+001
    847  5.735874919119675E-002  5.731570597426075E+002
    848  5.691538048424898E-002  5.524948570897368E+002
    849  5.216736078588856E-002  9.204336871825979E+001
    850  5.099862442426070E-002  3.669908479293637E+000
    851  5.343571457886686E-002  2.537188010493693E+002
    852  5.162999779777232E-002  7.591114734198436E+001
    853  5.207559386973768E-002  1.291992543379043E+002
    854  5.621958315636575E-002  5.570053718765872E+002
    855  5.246115429074769E-002  2.000446840478283E+002
    856  5.060503970787272E-002  1.540901170458713E+001
    857  5.046241733394644E-002  8.835418625457216E+000
    858  5.237098727678897E-002  2.005717485279396E+002
    859  5.077456420607816E-002  4.193534872465803E+001
    860  5.196071228787091E-002  1.671489490392355E+002
    861  5.038171225167907E-002  9.394030295212808E+000
    862  5.121364649929346E-002  1.020911322717742E+002
    863  5.213593118658240E-002  2.004156750796377E+002
    864  5.010744252938240E-002  2.569450331005111E+000
    865  5.290194297456600E-002  2.830753508160899E+002
    866  5.484241190624953E-002  5.238071273197332E+002
    867  4.963100688122577E-002  1.170743633631360E+001
    868  5.719500217640310E-002  7.756995126129209E+002
    869  4.932134632896285E-002  7.720045904661940E+000
    870  6.543858871530663E-002  1.647725248230493E+003
    871  5.903025489173643E-002  1.020166979048241E+003
    872  4.881360066040261E-002  3.121786453680039E+000
    873  5.508863194188988E-002  6.359406459960929E+002
    874  4.864575239458329E-002  5.455642349490283E+000
    875  8.402428391880432E-002  3.543841424329943E+003
    876  4.860785251199713E-002  1.300770732922970E+001
    877  5.581312417388370E-002  7.373684904195385E+002
    878  4.859646320860065E-002  2.755894610964148E+001
    879  5.247215513458329E-002  4.160997203122047E+002
    880  5.078134863160918E-002  2.622499595106039E+002
    881  4.788267586989555E-002  4.353733487568976E-001
    882  4.803398277972514E-002  2.329240492608909E+001
    883  5.051184202985009E-002  2.738302640901375E+002
    884  4.882617437574793E-002  1.064273943102524E+002
    885  4.766348978084130E-002  2.066030197174575E+000
    886  5.244855193096954E-002  4.888123065170310E+002
    887  5.206010014831081E-002  4.598505186924669E+002
    888  4.769049866285344E-002  2.423907128114202E+001
    889  4.679244773627241E-002  6.135743235196846E+000
    890  5.553687945613839E-002  8.951665284155050E+002
    891  4.659310279672836E-002  1.718670384831064E+000
    892  5.718996358703519E-002  1.071351048641382E+003
    893  4.703444560365653E-002  8.976086337621194E+001
    894  5.278705055207435E-002  6.767443167877224E+002
    895  4.850023015853188E-002  3.097348619675530E+002
    896  4.794335335237500E-002  2.545833310778952E+002
    897  6.288997409848339E-002  1.763564678513243E+003
    898  6.341597448486556E-002  1.853737376665635E+003
    899  5.042346215236534E-002  5.719185695038690E+002
    900  4.465580534972714E-002  2.483651196056063E+001
    901  4.427850652192765E-002  5.850245340200265E+001
    902  4.918378874900571E-002  5.549309187447751E+002
    903  4.815075157114436E-002  4.797606106505070E+002
    904  4.331237041788536E-002  9.052559367700562E+000
    905  5.688082312412258E-002  1.394792661559857E+003
    906  4.294608216192922E-002  1.151920430839441E+001
    907  4.858172285080830E-002  5.854830557825890E+002
    908  4.302284596452836E-002  4.743387047014801E+001
    909  5.937183340123376E-002  1.685946924332957E+003
    910  4.521312349174691E-002  2.889700129814821E+002
    911  6.521918543236349E-002  2.296522349766135E+003
    912  4.231499337125372E-002  1.740045468744437E+001
    913  4.236448204050872E-002  3.335779771340577E+001
    914  4.204352157847267E-002  5.495105375478519E+000
    915  4.292649479368787E-002  9.696449314577865E+001
    916  4.601877308079598E-002  4.087536192877715E+002
    917  4.538858343955239E-002  3.537923524613050E+002
    918  4.824829047048827E-002  6.533675463500675E+002
    919  4.733404708043067E-002  5.714367041923671E+002
    920  4.194436545504064E-002  4.414523380580800E+001
    921  5.164871923027570E-002  1.021378161483895E+003
    922  4.280432224261432E-002  1.471427385616987E+002
    923  4.272870717340179E-002  1.403333577475771E+002
    924  5.194123393468455E-002  1.064864803769735E+003
    925  4.143500867000564E-002  2.842961966193615E+001
    926  9.688100127545196E-002  5.583829813810694E+003
    927  4.259944387346238E-002  1.685263965392990E+002
    928  6.090089573344799E-002  2.005602430543837E+003
    929  5.531298407683911E-002  1.452932750338701E+003
    930  4.680952659989846E-002  6.050280927148102E+002
    931  4.137611937258018E-002  6.389001932580040E+001
    932  4.296776716690708E-002  2.245300306412103E+002
    933  4.115858285608478E-002  4.443926567708078E+001
    934  5.018377970740730E-002  9.583714690701767E+002
    935  4.093812602994545E-002  3.865262398829935E+001
    936  4.060683885095499E-002  2.144932248322757E+001
    937  5.013873450247183E-002  9.747678577794314E+002
    938  4.947504965370946E-002  9.112995516030563E+002
    939  4.070438142401021E-002  4.002957504085663E+001
    940  4.545241982038041E-002  5.176564370974648E+002
    941  4.041388579901462E-002  1.578918354708712E+001
    942  4.291139765223789E-002  2.725371150754296E+002
    943  4.197958752467366E-002  1.831785537817163E+002
    944  4.505579894491210E-002  4.908916160527362E+002
    945  4.399180022910033E-002  3.917246492474918E+002
    946  4.019109827851182E-002  1.436953302784192E+001
    947  4.914009225234772E-002  9.180018974366171E+002
    948  4.303844108820028E-002  3.131715563638816E+002
    949  4.069226857999253E-002  8.175688418158900E+001
    950  4.467672488978663E-002  4.857237904624274E+002
    951  4.012170940102272E-002  3.833299589734559E+001
    952  4.343953047407410E-002  3.705688179924678E+002
    953  4.036283260097358E-002  6.989322125021050E+001
    954  5.330919132493805E-002  1.364662463502215E+003
    955  4.206099874432129E-002  2.418858136888884E+002
    956  3.970533617937815E-002  6.662858166470504E+000
    957  4.020362454511731E-002  5.805253417873934E+001
    958  4.201503512826805E-002  2.402604267604887E+002
    959  3.978425427456250E-002  2.050941423950325E+001
    960  4.351466832516511E-002  3.942500714183709E+002
    961  3.991760585597187E-002  3.575409088486354E+001
    962  4.401682679318612E-002  4.494932369588431E+002
    963  4.104222261751301E-002  1.548140014942413E+002
    964  4.753063783336067E-002  8.073651557670904E+002
    965  3.934465544524709E-002  2.035543139193113E+000
    966  8.745248840048472E-002  4.823583358309896E+003
    967  6.309363158071114E-002  2.394024244044856E+003
    968  4.835374937537089E-002  9.217244806938047E+002
    969  3.917677420956011E-002  7.535546333057856E+000
    970  5.082574429378211E-002  1.174579387558443E+003
    971  3.913110406697145E-002  1.204799219573592E+001
    972  4.398243699856764E-002  5.010976110892704E+002
    973  6.333693007843420E-002  2.444908709344296E+003
    974  3.904250765925188E-002  1.637764113709504E+001
    975  4.705265220675223E-002  8.182909895024304E+002
    976  5.197023496816817E-002  1.318118152660356E+003
    977  4.016160494695072E-002  1.391320921978106E+002
    978  3.923688811337429E-002  4.990796467792253E+001
    979  4.237021689434503E-002  3.663991605779531E+002
    980  3.890060992800342E-002  2.199282575539707E+001
    981  4.869695838765428E-002  1.005348719270080E+003
    982  3.927451052346549E-002  6.865594032603046E+001
    983  4.250589245297755E-002  3.965776846227106E+002
    984  4.285081083787044E-002  4.318526268756923E+002
    985  3.895749434306394E-002  4.942280164721905E+001
    986  4.306098048813190E-002  4.630696757768760E+002
    987  3.874444618804145E-002  3.588083415609335E+001
    988  4.011557748628667E-002  1.731093732148894E+002
    989  4.352271151015107E-002  5.302917672161394E+002
    990  3.891461731979987E-002  7.345457440692729E+001
    991  5.699652870902342E-002  1.892324169404781E+003
    992  6.931607503244300E-002  3.132917992018595E+003
    993  3.807688838949584E-002  1.371311856205103E+001
    994  3.916615678347317E-002  1.251206369065951E+002
    995  4.069898482020735E-002  2.851146291888222E+002
    996  3.785462437499886E-002  2.525561262733072E+000
    997  4.650002149317455E-002  8.691756506109208E+002
    998  6.559563167581646E-002  2.781616883645057E+003
    999  3.790346590509619E-002  1.339460724553935E+001
   1000  4.968128684722391E-002  1.191519281174861E+003
   1001  6.309510762043828E-002  2.538210265842334E+003
   1002  3.831502092042628E-002  6.068200279217149E+001
   1003  3.791096699316726E-002  2.860204316334501E+001
   1004  3.904788394368500E-002  1.426562033759139E+002
   1005  5.965992287044029E-002  2.205183329686984E+003
   1006  5.084937967113089E-002  1.329211348360692E+003
   1007  3.751665887682652E-002  8.735348741050823E-001
   1008  4.336134309678672E-002  5.861620083074196E+002
   1009  4.836757213968700E-002  1.092277023624494E+003
   1010  3.807360470355131E-002  6.822953382370822E+001
   1011  6.033850501415436E-002  2.299064286259940E+003
   1012  3.775148787308492E-002  4.302515521954509E+001
   1013  5.317868591362090E-002  1.589000617388590E+003
   1014  4.025572653922603E-002  3.005286787013197E+002
   1015  3.726485909868020E-002  2.561052878713974E+000
   1016  6.409633041376255E-002  2.686600080454632E+003
   1017  3.807834343687836E-002  8.712173341895289E+001
   1018  5.946494325892675E-002  2.229764216578977E+003
   1019  3.716425161582460E-002  3.917890290263249E+000
   1020  5.934944397767246E-002  2.226787239117092E+003
   1021  4.063468225727580E-002  3.600495292503792E+002
   1022  5.749736935967642E-002  2.053995013334195E+003
   1023  3.719457586747692E-002  2.700464565824266E+001
   1024  5.633298379672959E-002  1.946352368868287E+003
   1025  3.713232844750233E-002  2.969398554987994E+001
   1026  6.125680043559259E-002  2.443747305690480E+003
   1027  4.983338066141647E-002  1.305542834932313E+003
   1028  3.819818335747459E-002  1.517716962675443E+002
   1029  5.943516082865204E-002  2.277108288136221E+003
   1030  3.658036630152377E-002  2.149872245650297E+000
   1031  5.255654098001373E-002  1.601181630971313E+003
   1032  6.833176411949071E-002  3.183002381690343E+003
   1033  5.257660333007810E-002  1.613752719270532E+003
   1034  5.219918866823053E-002  1.576532075756487E+003
   1035  3.713515522858942E-002  7.057719292885933E+001
   1036  8.752407491468696E-002  5.114671887984049E+003
   1037  3.645940296013608E-002  1.398671691345311E+001
   1038  1.487208474184301E-001  1.124957348874997E+004
   1039  2.164569444842109E-001  1.802925933426234E+004
   1040  3.785792069759117E-002  1.744628259463480E+002
   1041  2.684626637563099E-001  2.323759747440481E+004
   1042  8.359638701638326E-002  4.763644520531167E+003
   1043  3.672616620063882E-002  7.892677536446314E+001
   1044  1.708275461526143E-001  1.349525839281938E+004
   1045  7.088086357992393E-001  6.730669418467414E+004
   1046  3.855965443927094E-002  2.864575668156453E+002
   1047  1.947378787388626E-001  1.592250923381661E+004
   1048  3.835666962085728E-001  3.481098166188258E+004
   1049  3.562991213939071E-002  2.368940308904179E+001
   1050  2.633965903135306E-001  2.280704140957758E+004
   1051  3.540501027965454E-002  4.024549024103140E+001
   1052  2.265841551391985E-001  1.916477269857947E+004
   1053  1.632873300474138E-001  1.284521564225045E+004
   1054  3.536898685643363E-002  5.437811469387748E+001
   1055  9.971722853709632E-002  6.491164040036126E+003
   1056  3.537789475686152E-002  6.188024747141281E+001
   1057  9.609849848177152E-002  6.134488525488191E+003
   1058  3.037774981104391E-001  2.691608397328647E+004
   1059  3.467505715500675E-002  1.468493335304881E+001
   1060  4.309240132888314E-001  3.964844807909173E+004
   1061  1.024680932034495E-001  6.820143055518715E+003
   1062  8.974043739865561E-002  5.550059996331522E+003
   1063  3.735077774825667E-002  3.117516365474192E+002
   1064  2.109232488294223E-001  1.767415726897210E+004
   1065  3.573951858444941E-002  1.719801423389181E+002
   1066  2.873936863364998E-001  2.534055024818558E+004
   1067  1.669963591235156E-001  1.330558589551668E+004
   1068  3.666935453940655E-002  2.752709489320988E+002
   1069  8.277226437509248E-002  4.932214500314935E+003
   1070  2.676351197903897E-001  2.344596516056844E+004
   1071  4.081345686318633E-001  3.751899913008426E+004
   1072  2.559118880916603E-001  2.230611035834519E+004
   1073  3.284409708101715E-002  1.115347588375430E+001
   1074  1.617023451649172E-001  1.291574067382629E+004
   1075  1.515920105684791E-001  1.425545399745876E+004
   1076  9.968003888157358E-003  1.077996975487990E+002
   1077  7.104841938214383E-004  7.103408736101879E+001
