# dt =   1.000000000000000E-005
# j, New nj, Rate of change (1/s)
      1  3.943738087601854E+000  3.687134157928450E+004
      2  4.157018945667597E+000  4.771482243809525E+004
      3  3.518652591734182E+000  2.491315220436517E+004
      4  5.620796262502679E+000  8.222715485946411E+004
      5  1.482813933588175E+001  2.264916398347102E+005
      6  3.479398912286197E+000  2.632692059327873E+004
      7  1.228794425678128E+002  2.147495321420302E+006
      8  6.178475953883658E+001  1.063645397063363E+006
      9  4.165403763916787E+000  4.960600425188430E+004
     10  8.325287989488316E+000  1.267925907244506E+005
     11  7.867473869460359E+000  1.098516952100571E+005
     12  4.244562277432618E+000  5.321577077987272E+004
     13  1.805450915462403E+000  5.938978429947844E+003
     14  8.872638402467704E+000  1.626581403680728E+005
     15  1.786419261615272E+000  6.339791272510691E+003
     16  3.025796100504171E+001  6.504358148484922E+005
     17  6.801294416621690E+000  1.081924266833135E+005
     18  2.221413600106729E+001  3.716592279606342E+005
     19  1.610323776180302E+000  4.309367498305822E+003
     20  7.838679440663994E+000  1.165111337835945E+005
     21  3.409854956344389E+000  3.481314025354716E+004
     22  2.765407184283423E+000  2.722812372448237E+004
     23  6.627842334634315E+001  1.151492072203318E+006
     24  5.069327693981243E+001  8.729884405403958E+005
     25  1.489168501797800E+000  3.807790953693366E+003
     26  3.913203522853321E+000  5.570671366774744E+004
     27  1.421033932441097E+001  3.182649206803482E+005
     28  2.647617728503352E+000  2.623904861463219E+004
     29  1.391968296899764E+001  2.914766253358741E+005
     30  2.124141897808327E+000  1.570787032016362E+004
     31  1.272613702175666E+001  2.042307679883813E+005
     32  9.458648921007635E+000  1.696072273256089E+005
     33  3.338145156501905E+000  4.298409666526711E+004
     34  2.675139207553331E+000  2.656202886548355E+004
     35  3.070463300272758E+000  4.156482826894936E+004
     36  4.931377232710083E+000  6.697500601456828E+004
     37  3.508194360022971E+000  5.263116671001783E+004
     38  4.800372503711306E+001  8.340875053712650E+005
     39  3.942889687636949E+000  6.238428217936926E+004
     40  2.987642646824435E+000  4.976596804742404E+004
     41  2.450908334701129E+000  2.625382403195130E+004
     42  2.580067556149913E+000  2.980376620983733E+004
     43  3.201814803452673E+000  3.670476341549459E+004
     44  2.135331406221223E+000  2.529099563366404E+004
     45  2.462688779416710E+000  2.652280964409306E+004
     46  3.464671634442141E+000  4.162459760905351E+004
     47  1.123395941687816E+000  1.720142194542587E+002
     48  2.476139056328494E+000  2.647695759303949E+004
     49  1.496786956730611E+000  7.403901882643252E+003
     50  1.683270628029502E+000  1.061481819636555E+004
     51  2.470406551499943E+000  3.211242700587360E+004
     52  1.923557862907937E+000  1.770760958413586E+004
     53  2.137467075719888E+000  2.106100895342495E+004
     54  2.773942820017033E+000  3.270775822060675E+004
     55  3.703288056741857E+000  6.204414654236088E+004
     56  1.093987894211846E+000  3.121163426976491E+002
     57  3.757343163251761E+000  5.429237303227708E+004
     58  1.821274541357671E+001  3.046192831054725E+005
     59  1.145708927931053E+000  1.789316272748360E+003
     60  9.711468884261413E+000  1.655968173540529E+005
     61  1.510532052720687E+000  8.235540821560606E+003
     62  2.196645893485820E+000  2.040693858931779E+004
     63  1.941995363730952E+000  1.844033205929390E+004
     64  2.753082679744720E+001  4.723795846346770E+005
     65  2.664357186614392E+001  5.132757546802575E+005
     66  5.163138745103322E+000  7.370790497544267E+004
     67  7.117540257392265E+000  1.204783242277841E+005
     68  2.000459563114610E+000  1.723394482857331E+004
     69  3.059669701816673E+000  4.068475484313354E+004
     70  7.136657474982752E+000  1.213502446629050E+005
     71  7.617451615935679E+000  1.426690365667829E+005
     72  1.449089448047209E+000  7.806680119861844E+003
     73  1.758873821204734E+000  1.683309018480423E+004
     74  3.702679713075141E+000  4.791784499371858E+004
     75  1.646278188746986E+000  1.125256562464360E+004
     76  1.438990218927678E+000  8.022984110245990E+003
     77  1.601996107625767E+000  1.209834499517180E+004
     78  2.009440519349130E+000  1.868140930966016E+004
     79  2.826410782376839E+000  4.291678843027617E+004
     80  3.477178221462655E+000  5.593618945461723E+004
     81  1.654746765080593E+000  1.517832336653622E+004
     82  1.547910198022948E+000  1.282009870883841E+004
     83  1.264317329154423E+000  5.718689996756806E+003
     84  1.573537212023737E+000  1.063856986252974E+004
     85  7.785484747076426E+000  1.187143106210862E+005
     86  2.996257831377062E+000  5.151997693127128E+004
     87  9.963917375345525E-001  6.134128865304851E+002
     88  1.255934560236676E+000  4.899283874277510E+003
     89  3.068632436614928E+000  3.737460965843336E+004
     90  4.015510846717428E+000  8.551578898203510E+004
     91  4.944429038173451E+000  9.498974909622992E+004
     92  3.822164117230215E+000  5.328806564070459E+004
     93  1.131826266105740E+000  4.742862355725126E+003
     94  1.682577636743644E+000  1.956607805793052E+004
     95  5.566672832963291E+000  8.206629664064037E+004
     96  2.282509810510398E+000  2.492175157483089E+004
     97  3.210482529948774E+000  3.947173365782758E+004
     98  1.518139872523432E+000  1.292192363765564E+004
     99  1.098343653873239E+000  3.113257579722808E+003
    100  3.826895067264255E+000  6.933450527405269E+004
    101  2.906719010419149E+000  3.493921083232282E+004
    102  2.553652818347799E+000  3.569511480770865E+004
    103  4.606195467793634E+000  9.028675550813125E+004
    104  1.726164245060429E+000  1.397457269059112E+004
    105  1.645547899012517E+000  1.829995662567437E+004
    106  3.039787455470322E+000  3.785482502490933E+004
    107  1.385475446364986E+000  8.031268745584115E+003
    108  3.312460895813276E+000  5.255687156548231E+004
    109  2.196463695036394E+000  2.312569431394592E+004
    110  2.603850902904614E+000  3.530388340966885E+004
    111  1.490952611514112E+000  1.064559839917000E+004
    112  1.499127417570309E+000  1.192623803304807E+004
    113  1.273136966861215E+000  8.154794515626272E+003
    114  2.815069494556043E+001  4.809790318539636E+005
    115  2.775471826567280E+000  4.493624116854815E+004
    116  2.005872109616206E+000  1.985927722691164E+004
    117  3.605060686785922E+000  5.235396367395547E+004
    118  1.492846451624771E+000  1.048608892642913E+004
    119  3.015590973959468E+000  3.926316182294400E+004
    120  2.478445845220441E+000  3.409237802526160E+004
    121  2.150634625749650E+000  2.201613297270576E+004
    122  9.999423682729384E-001  1.815284899252041E+003
    123  1.210042386912761E+000  5.711096898108888E+003
    124  9.044925022076956E-001  2.359143987859395E+002
    125  1.631205122863977E+000  1.459053899729939E+004
    126  1.410271276597383E+000  1.118713402518624E+004
    127  1.083677304140761E+000  3.598414393167026E+003
    128  1.235133586414829E+000  8.600897208930512E+003
    129  9.826405813299668E-001  1.722339272270196E+003
    130  1.520703920866547E+000  1.174469083467073E+004
    131  3.406582989478487E+000  4.491333456778049E+004
    132  1.792872688401423E+000  1.707550487423116E+004
    133  3.058944078103770E+000  3.864635190242039E+004
    134  3.003100972191437E+000  3.775691835793761E+004
    135  1.716507559053311E+000  1.950390381934245E+004
    136  1.422206883348957E+000  1.117354059068554E+004
    137  2.763176609851683E+000  3.346680531077446E+004
    138  2.479231975406169E+000  2.925846045722676E+004
    139  1.371070045136731E+000  1.078421597788979E+004
    140  1.199987668418003E+000  6.793146479650167E+003
    141  1.674126414631955E+000  1.503058772763375E+004
    142  8.318512667500050E+000  1.329282096797194E+005
    143  3.210617073593261E+000  4.218027222851353E+004
    144  2.664181466228717E+000  3.610412184616202E+004
    145  1.177529455738346E+000  6.658535409750973E+003
    146  8.706949893387388E-001  2.476300766993033E+002
    147  1.239911290509977E+000  6.814612886823554E+003
    148  2.319178422179442E+000  3.043517124963186E+004
    149  2.750097900598081E+000  3.506174936898947E+004
    150  1.944051343246863E+000  2.011879445867957E+004
    151  2.640543350109407E+000  4.416261091280228E+004
    152  2.499376608410146E+000  3.807067903512686E+004
    153  2.739813308050871E+000  3.416548912373381E+004
    154  3.021778123005104E+000  5.496854101049950E+004
    155  1.947138475403366E+000  2.467790268586142E+004
    156  2.468139491214879E+000  2.979688434825746E+004
    157  2.128904902981524E+000  2.892576265178260E+004
    158  3.270629649913265E+000  4.329048006530842E+004
    159  8.842063123397421E-001  1.332350602159197E+003
    160  3.767999745293184E+000  5.521277534286454E+004
    161  4.489142451947049E+000  6.503112096302810E+004
    162  1.072970871581234E+000  4.609048936397462E+003
    163  3.181775657958123E+000  5.240824206068163E+004
    164  4.965285160789149E+000  7.888590167639103E+004
    165  2.783319619131491E+000  4.645028328153817E+004
    166  1.728011196830615E+000  2.222712842001097E+004
    167  1.326295311382298E+000  9.456025507035867E+003
    168  1.952397972388275E+000  2.034713971802697E+004
    169  2.234644130751865E+000  2.721594936461986E+004
    170  1.004046491644792E+000  3.876241419549988E+003
    171  1.067595741556883E+000  5.253026320787335E+003
    172  1.136407563711774E+000  7.471371201717367E+003
    173  1.183285301742567E+000  8.278699691539672E+003
    174  2.063291224460980E+000  2.357013717655897E+004
    175  8.089338817810383E-001  9.853959781686071E+002
    176  1.287825101738038E+000  9.318925613975576E+003
    177  1.802929719707212E+000  2.433040805904693E+004
    178  7.683398557342181E-001  1.077798163820264E+002
    179  9.059103041560705E-001  2.765669067788159E+003
    180  2.052175194226575E+000  2.773057052893265E+004
    181  8.853222350363058E-001  2.294521120367821E+003
    182  2.979218449115025E+000  5.020260854346518E+004
    183  3.853480861017185E+000  5.514934095922948E+004
    184  2.836724397014013E+000  3.678784353635405E+004
    185  3.268688717791708E+000  5.257905113326865E+004
    186  1.461412006750179E+000  1.883793713459339E+004
    187  1.192809114849012E+000  7.841882423438589E+003
    188  2.838972300076609E+000  5.125758092215291E+004
    189  1.231918637085385E+000  9.050514540027796E+003
    190  1.656609078614759E+000  2.004835039910931E+004
    191  1.770872081081455E+000  1.815408969268628E+004
    192  1.805565815798999E+000  2.107492569183158E+004
    193  1.862575567910894E+000  2.251929109869136E+004
    194  9.657186521292321E-001  4.466754364109846E+003
    195  2.512588146857878E+000  3.300019898452838E+004
    196  2.450610773011560E+000  3.115894278639068E+004
    197  2.642837415720872E+000  3.615521216142801E+004
    198  1.560527154520502E+000  1.748196590741144E+004
    199  8.373660996175030E+000  1.368398612168711E+005
    200  8.284116531539452E-001  1.874087074484999E+003
    201  1.210466327015304E+000  9.475801439283894E+003
    202  2.871645899779611E+000  3.889246443088067E+004
    203  8.360796474967274E-001  2.711289441778955E+003
    204  1.035691256811913E+000  6.796667545304244E+003
    205  4.273503401103593E+000  6.177704988215354E+004
    206  1.719485758689464E+000  1.958221201449686E+004
    207  5.178362632999996E+000  8.114687144524635E+004
    208  1.877698479633449E+000  2.044744912355579E+004
    209  2.735098240955615E+000  4.477915821655473E+004
    210  1.300761304248300E+000  1.146645249463333E+004
    211  1.738698809917121E+000  2.159918482696338E+004
    212  3.544890458077055E+000  5.036998468335126E+004
    213  8.738171708816724E-001  3.369171681449158E+003
    214  1.510533432810459E+000  1.397596156137756E+004
    215  2.077663497514833E+000  2.482191475691727E+004
    216  8.922888028046332E-001  3.337132962721917E+003
    217  2.631999460986588E+000  3.530781739551573E+004
    218  2.326017600283950E+000  2.874138578397929E+004
    219  1.795608155548079E+000  1.878536735868098E+004
    220  8.481000405159752E-001  2.435288337423711E+003
    221  2.944787998597063E+000  3.957952366439800E+004
    222  1.723030599793692E+000  1.964626067660267E+004
    223  1.366024128548634E+000  1.438005738087276E+004
    224  7.772081659884174E-001  1.227653192904098E+003
    225  7.807983181927020E-001  1.270035446059827E+003
    226  1.291945208839162E+000  1.117782222577466E+004
    227  7.831968126375959E-001  1.373424891932247E+003
    228  7.320639002020117E-001  4.876147367577983E+002
    229  8.168757919846030E+000  1.331874244651778E+005
    230  2.155468622505231E+000  3.037604234535694E+004
    231  1.946500190912136E+000  2.274580631529111E+004
    232  3.321057229635779E+000  5.518300549982692E+004
    233  1.550528087762664E+000  1.820684556324817E+004
    234  1.069127913949316E+000  6.822930851308836E+003
    235  7.101656572772330E-001  5.457937899895395E+002
    236  2.273338953849950E+000  3.513266819006355E+004
    237  1.647085134909819E+000  1.710664960849173E+004
    238  1.044388178749957E+000  7.602967963526193E+003
    239  2.029560684888712E+000  2.419451564954999E+004
    240  1.182550323964360E+000  9.109676713517534E+003
    241  1.970533776546994E+000  2.854472900333140E+004
    242  1.121793804346801E+000  8.100066487367651E+003
    243  7.724917802658047E-001  1.842878961214933E+003
    244  1.284128779503669E+000  1.207553186705521E+004
    245  2.340767308405536E+000  3.813235681082877E+004
    246  2.322988025054082E+000  2.949585530733186E+004
    247  9.319289324248217E-001  6.014980766590132E+003
    248  5.929486081648751E+000  1.220342722406730E+005
    249  3.702079853289050E+000  5.778811278991038E+004
    250  8.717385950319565E-001  3.784922524039861E+003
    251  2.424828087889646E+000  4.089313338167204E+004
    252  6.800347151895384E-001  7.353034143211036E+002
    253  4.750116203499297E+000  8.738640203032142E+004
    254  1.663983097424350E+000  2.150348940805754E+004
    255  7.004797791812776E+000  1.132270805068025E+005
    256  9.150919355138485E-001  6.968540560175136E+003
    257  9.412946681758914E-001  5.355869426727158E+003
    258  2.908811793858903E+000  4.732034702644291E+004
    259  1.164873698078427E+000  1.083790908106141E+004
    260  9.267660780350142E-001  5.342797581987531E+003
    261  1.182195287216436E+000  1.019346326968798E+004
    262  1.149386149288016E+000  1.275673059130578E+004
    263  6.324115849783666E-001  1.786447784101493E+002
    264  1.573847073763672E+000  1.985497450501827E+004
    265  6.718673133796300E-001  9.798699489046312E+002
    266  1.046401983027480E+000  8.507683162196123E+003
    267  8.590081184632352E-001  4.804259436156842E+003
    268  7.042155348854138E-001  1.523478354298228E+003
    269  8.655888033340052E-001  4.344120417633557E+003
    270  1.024928172968488E+000  8.448242200689820E+003
    271  7.494811010475930E-001  2.493049305447983E+003
    272  1.169878343525179E+000  1.369287308633571E+004
    273  1.183147978158384E+000  1.142277597464038E+004
    274  1.330161772245425E+000  1.586210309968068E+004
    275  1.979347892138263E+000  2.332754785423248E+004
    276  7.463345466047270E-001  2.965226189496416E+003
    277  7.297261923498584E-001  1.999972138123466E+003
    278  8.349904176687440E-001  3.995210120388601E+003
    279  2.698941654350110E+000  4.459102514547145E+004
    280  8.186024716432955E-001  5.302360144478004E+003
    281  1.881560767243808E+000  2.259847810338281E+004
    282  3.452017182575762E+000  5.051010653047133E+004
    283  1.254411372742573E+000  1.463379928788396E+004
    284  6.878933904476571E-001  1.376732876908110E+003
    285  1.944199901741048E+000  2.710612195193896E+004
    286  6.321155646288665E-001  3.993319736002045E+002
    287  8.059260516413559E-001  3.607847368886787E+003
    288  2.163870855098847E+000  3.001398992791941E+004
    289  3.080556596540277E+000  4.457932211080616E+004
    290  1.035571369403360E+001  2.028853673670764E+005
    291  1.520103162700981E+001  3.005676075419065E+005
    292  4.650176271702550E+000  7.648474084065926E+004
    293  3.229037282691412E+000  5.548730174702610E+004
    294  4.793788271895599E+000  8.408853362565806E+004
    295  4.978259516472784E+000  7.572160495358163E+004
    296  4.969593837742734E+000  9.022093219191047E+004
    297  7.648084333027441E+000  1.316936190429366E+005
    298  2.603058780369556E+001  5.009015141544226E+005
    299  8.453819702205996E+000  1.461561810025018E+005
    300  3.652583273982809E+001  7.456488220465645E+005
    301  1.961189847879731E+001  3.338388979275963E+005
    302  1.294800376306641E+001  2.387145630042959E+005
    303  7.804175516148812E+000  1.448395922037043E+005
    304  1.404762105811926E+000  1.493854000152670E+004
    305  1.024812673771700E+000  7.965129664892447E+003
    306  4.780305485716566E+000  7.629872538274586E+004
    307  1.072971364679871E+000  8.824480661597239E+003
    308  1.396437600120772E+001  2.374704123801883E+005
    309  1.793698045091658E+000  2.132391041484652E+004
    310  2.785858771396218E+000  4.116738520997044E+004
    311  1.739708972692774E+000  2.497037101232379E+004
    312  2.357915468823096E+000  3.465544148669225E+004
    313  8.833289638117273E-001  5.461517077877944E+003
    314  1.158239108812878E+000  1.039572357463087E+004
    315  6.496774716745276E-001  1.370761936067122E+003
    316  1.622883392743982E+000  1.991118694873988E+004
    317  1.126682404166646E+000  9.844884063611795E+003
    318  1.703785656212379E+000  2.602478299106801E+004
    319  1.311640825993565E+000  1.298183374116353E+004
    320  2.570561359360803E+000  3.511677971612025E+004
    321  1.216466142759862E+000  1.578236739548497E+004
    322  7.617583066812901E-001  3.718667274309373E+003
    323  8.921589147699576E-001  5.743555386217092E+003
    324  1.452985326063115E+000  1.545486439277999E+004
    325  1.995469804387123E+000  2.747822828411401E+004
    326  3.725659713716797E+000  6.409126434866292E+004
    327  1.812923786957789E+000  2.337173025962135E+004
    328  6.589396215884953E-001  1.582423947651485E+003
    329  3.111157177400338E+000  5.388735022493065E+004
    330  9.757582741170991E+000  1.635202189199372E+005
    331  2.834112019033268E+000  4.089007339441488E+004
    332  2.728686550764529E+000  4.106352414426132E+004
    333  1.390271866218567E+000  1.477617149306436E+004
    334  1.090879017215375E+000  9.561688304983702E+003
    335  5.191084361859352E+000  9.734869866805688E+004
    336  1.590113232285811E+000  1.874764700497336E+004
    337  7.808352305516902E-001  4.877296541985298E+003
    338  1.636213625372701E+000  1.952892667264423E+004
    339  8.267237903162900E-001  5.359109780916487E+003
    340  8.535671548467109E-001  7.577515311189808E+003
    341  2.099000518586600E+000  3.374450492980400E+004
    342  5.816855063244808E-001  1.166701873512020E+003
    343  1.256933012342076E+000  1.546837878348206E+004
    344  4.891038097707139E+000  8.835892171115085E+004
    345  5.682785466280921E-001  1.136407261046170E+003
    346  3.333900069901782E+000  5.734098959196622E+004
    347  6.110023309681184E+000  9.914190194747715E+004
    348  3.719137700466347E+000  5.689861547484779E+004
    349  8.008268082250345E-001  6.543084219005938E+003
    350  5.564394712831875E-001  9.582521548790360E+002
    351  7.510123604348918E-001  4.972915214946395E+003
    352  1.905827403025690E+000  2.501782626216785E+004
    353  6.152477126267943E-001  2.513973853009775E+003
    354  5.943120138915362E-001  1.879931629339884E+003
    355  9.203701747553357E-001  1.062558243094489E+004
    356  2.318524795612295E+000  3.571844684792025E+004
    357  1.890937949874609E+000  2.538191653342794E+004
    358  1.220823564470546E+001  2.233347198110369E+005
    359  9.911875041836814E-001  1.207042596134569E+004
    360  9.147933308699592E-001  8.223274772794381E+003
    361  8.231847987391980E-001  6.433915820412480E+003
    362  5.095517513029907E-001  8.310574446014306E+002
    363  4.688313046655450E-001  1.275286739070414E+002
    364  8.810987226944188E-001  8.331684308468668E+003
    365  6.999131564504176E-001  4.886214315974430E+003
    366  5.530900817662145E-001  1.712003270007275E+003
    367  7.928578320597709E-001  6.840242222980330E+003
    368  5.413118329308342E-001  1.498979249076041E+003
    369  5.491983864672765E-001  2.079227291847122E+003
    370  6.050034658067333E-001  2.679268534250685E+003
    371  5.020799560929928E-001  8.966022510434949E+002
    372  1.017571223823776E+000  1.078259728697026E+004
    373  4.797373660500866E-001  5.146706928179677E+002
    374  1.928804395306665E+000  2.639230635607971E+004
    375  5.967859371702964E-001  2.550840702560718E+003
    376  8.545065654634083E-001  8.019914570728665E+003
    377  8.385502255193032E-001  7.384970311197028E+003
    378  4.259357961929294E+000  7.307153216365800E+004
    379  5.284767402665172E+000  8.435648919811785E+004
    380  3.357338396657261E+000  5.825542781234641E+004
    381  3.576640704692442E+000  7.617220430233951E+004
    382  1.360987666602796E+000  1.635647712283156E+004
    383  3.641961997294787E+000  5.742858587501122E+004
    384  5.088102141705556E+001  8.845982144352590E+005
    385  3.717811589069405E+000  5.829987533566263E+004
    386  8.050275101727786E+000  1.413515686674723E+005
    387  8.658740611297628E+000  1.629447464417744E+005
    388  4.051829819521205E-001  9.067893291468799E+001
    389  1.469812912369224E+000  1.911064989435605E+004
    390  3.453819470718403E+001  7.295006346530722E+005
    391  1.027929854900858E+001  1.822959163084037E+005
    392  3.738992595455159E+001  7.232737359921575E+005
    393  4.858437154721716E+000  9.264221745971632E+004
    394  1.313003060266742E+000  1.674870894425100E+004
    395  2.914907913770613E+000  5.317619184680385E+004
    396  3.770674921284670E+000  6.474926653812352E+004
    397  1.048164365596333E+000  1.412099569585634E+004
    398  7.325425816329801E-001  8.374869367530653E+003
    399  1.408123847917884E+000  2.307590455268610E+004
    400  1.428584271710016E+000  2.249752679291390E+004
    401  1.751120065608877E+000  2.493874990895992E+004
    402  8.491135207341383E+000  1.504678562287119E+005
    403  4.032822701277544E+000  6.743470967438414E+004
    404  2.168582275117596E+000  3.503656807386730E+004
    405  6.428523773412222E+000  1.218177374448910E+005
    406  3.485874869013237E-001  8.181089985937975E+001
    407  2.984607123400652E+000  5.083924569057592E+004
    408  3.689811055184405E-001  5.586715360042542E+002
    409  1.365169648642722E+000  1.883107470989769E+004
    410  5.391665755081047E-001  3.678184278326089E+003
    411  1.748778913972075E+000  2.954123588452769E+004
    412  3.508751668400802E-001  2.525912143066831E+002
    413  2.984544530515394E+000  5.043495702245933E+004
    414  5.021339642318866E-001  3.363380506466357E+003
    415  2.828898499691629E+000  4.817166357904451E+004
    416  4.431677676125141E-001  2.087363407027181E+003
    417  2.181196679964167E+000  3.332287980859377E+004
    418  1.021880134289123E+002  1.893519351258670E+006
    419  5.661577223121697E+000  1.299247752578819E+005
    420  5.944295292804833E-001  4.720003281740494E+003
    421  2.400752521971371E+000  4.366814284539123E+004
    422  1.757078646651936E+001  3.161385136205629E+005
    423  4.371535667892833E+000  8.387890351385770E+004
    424  3.711197641669695E-001  7.665953096142316E+002
    425  1.008828971341965E+001  1.856302339662988E+005
    426  2.421101309420697E+000  4.260287147530379E+004
    427  1.275610258951385E+001  2.476438190964363E+005
    428  3.539239674338339E-001  5.719313467812640E+002
    429  4.265329481908803E-001  2.087503671725001E+003
    430  6.196058885920561E+000  1.117523318595329E+005
    431  2.407461475223681E+000  4.685440334992139E+004
    432  6.714608202712431E-001  6.880178011045784E+003
    433  1.568808576754438E+000  2.546582381503475E+004
    434  5.117995795038857E+000  8.361315695888737E+004
    435  4.718005752416076E-001  3.028197333061351E+003
    436  1.596697405962047E+001  4.172513356354891E+005
    437  3.992128991886967E-001  1.542928491515227E+003
    438  4.399362501457818E+000  9.622295658144465E+004
    439  3.305637792863494E-001  3.106899640057347E+002
    440  1.943016140475744E+000  3.365640691251601E+004
    441  4.903097914290431E-001  3.058663133238091E+003
    442  5.917487643066102E-001  7.046234633550729E+003
    443  3.168525319986488E-001  4.627077864209446E+001
    444  9.689998980901280E-001  1.190043948150420E+004
    445  1.818144222958876E+000  2.926575288219847E+004
    446  1.867245731155251E+000  3.320367026165096E+004
    447  3.677213311752730E-001  1.138423164907658E+003
    448  3.053532929547338E+000  5.257206226042181E+004
    449  1.142601253395030E+000  1.490082938961033E+004
    450  4.186952902169180E+000  7.417748398163774E+004
    451  8.074030637655387E-001  9.330926743612021E+003
    452  1.603836450412766E+001  3.187057580984170E+005
    453  4.133997979407715E+000  7.815287928607280E+004
    454  8.806078822420506E+000  1.807269779790513E+005
    455  1.248158815748180E+000  2.167867155710815E+004
    456  4.601428494143490E+000  1.066563380762088E+005
    457  4.026524748859828E-001  1.939114534791441E+003
    458  5.724926338430071E+000  1.115348187463450E+005
    459  3.446743044265470E+000  6.214084606020225E+004
    460  2.076767889136296E+000  3.753550621642396E+004
    461  3.584174556585424E-001  1.205610455519615E+003
    462  1.534677819617979E+000  2.423801737883023E+004
    463  4.564448993809254E-001  2.881755180234864E+003
    464  3.030995315121552E+000  5.435608254836427E+004
    465  4.431511775679814E-001  2.683585457444454E+003
    466  4.483411186467166E+000  1.026241603570706E+005
    467  1.132257581778291E+000  1.548800245881518E+004
    468  2.594292542729296E+000  4.021383717206671E+004
    469  3.892889980587782E-001  1.718739825763668E+003
    470  4.979540283859711E-001  3.633086614839312E+003
    471  4.370990711952362E-001  2.600437261817221E+003
    472  8.434190180265727E-001  1.055629423246343E+004
    473  5.206360539903987E-001  4.322152544952492E+003
    474  2.897077645582071E+000  5.260721808617652E+004
    475  4.738848814003211E+000  8.180510764556593E+004
    476  4.037813197848218E-001  2.125308279274798E+003
    477  1.689299702006336E+000  2.593817419306139E+004
    478  2.551783071788950E+000  4.540763151811934E+004
    479  1.117829474397853E+000  2.189346214967166E+004
    480  1.172754529571407E+000  1.684087170645906E+004
    481  5.889689164244389E-001  5.347438859761758E+003
    482  1.608785722508286E+000  2.828793137880297E+004
    483  1.131386700127595E+000  1.679756081514969E+004
    484  4.377213415441115E-001  2.681620599367965E+003
    485  4.069455055451406E+000  7.821809628425888E+004
    486  1.026609466492687E+000  1.282029004458327E+004
    487  1.784515461585271E+000  3.168556145451217E+004
    488  3.625324659000613E-001  1.280150623273926E+003
    489  1.022874403212203E+000  1.612383232986741E+004
    490  3.056894913209071E-001  3.751401565942906E+002
    491  5.566054618063146E+000  9.558171220066973E+004
    492  1.771383532035681E+000  3.154841542854325E+004
    493  1.398042201476751E+000  2.003644151223405E+004
    494  9.523454121232519E-001  1.358295056154623E+004
    495  9.815402362495228E-001  1.363711594758119E+004
    496  3.001916030963849E-001  4.192041782808296E+002
    497  1.654694093635325E+000  2.936458128471751E+004
    498  1.140828924623556E+000  1.751784824168671E+004
    499  2.776121738449476E-001  2.879557059616178E+001
    500  1.051368617075381E+000  1.405813545497504E+004
    501  2.764464473121350E-001  2.767633626758199E+001
    502  7.111390576711918E-001  7.922638543162701E+003
    503  1.054289621477140E+000  1.756965848612330E+004
    504  2.002266261071481E+000  3.340688287335596E+004
    505  2.378065021503640E+000  4.290001639958082E+004
    506  3.064932433430114E-001  6.612360725241590E+002
    507  1.659842553486971E+000  3.076822610711435E+004
    508  3.246392736589685E-001  1.081177830076981E+003
    509  2.983443957684274E-001  5.985878681434405E+002
    510  1.330827373340027E+000  2.252095541691243E+004
    511  4.076497133255471E-001  2.563728515388996E+003
    512  8.256816871821937E-001  1.304355866465552E+004
    513  4.116889664860369E-001  2.721216103489353E+003
    514  7.812001674449442E-001  1.058041331694282E+004
    515  6.063591010295006E-001  6.627884980273532E+003
    516  7.444650095246583E-001  8.981602905783073E+003
    517  6.768263838889056E-001  8.020287715651791E+003
    518  1.270086026804361E+000  2.283675110207888E+004
    519  1.236827269224746E+000  1.846336216841756E+004
    520  2.868892530224144E-001  3.946268392318168E+002
    521  7.261362367477274E-001  8.138411738556325E+003
    522  3.685042169331422E-001  1.897563769783797E+003
    523  4.372064325648712E-001  4.097613729903244E+003
    524  6.997686112233634E-001  9.984128363578802E+003
    525  1.077954841610921E+000  1.477975815791544E+004
    526  4.988699602552803E-001  4.269770033132668E+003
    527  4.032735052548909E-001  3.526572617904538E+003
    528  6.286180534701995E-001  6.505347236485036E+003
    529  4.540604482863262E-001  3.425488195310889E+003
    530  5.763057303866159E+000  1.143090968156196E+005
    531  5.909674762001439E+000  1.069321500559818E+005
    532  1.004881201073696E+000  1.423170942491428E+004
    533  2.368945643711517E+000  3.940540028266390E+004
    534  6.776934959878197E-001  8.242324502319407E+003
    535  2.328467848213991E+000  4.690860042481135E+004
    536  6.646805621145427E+000  1.150862979186826E+005
    537  5.894899304794000E+000  1.317166735026129E+005
    538  3.285007354167617E+000  5.930836781247266E+004
    539  4.758330913268278E+001  1.024547115787356E+006
    540  6.361426335467424E-001  1.065302019382033E+004
    541  9.455404252207041E-001  1.618768005893347E+004
    542  5.649151967268357E-001  8.632367570488339E+003
    543  1.793031579369348E+000  4.087314594226816E+004
    544  2.643365256651709E+001  4.672948160908995E+005
    545  9.247644139265512E-001  1.595426748152972E+004
    546  3.729040669960181E+001  6.610406694298290E+005
    547  4.887269912860745E+002  8.684644777050456E+006
    548  4.753953704113401E+000  1.005038809838649E+005
    549  2.029228890783506E+001  3.596238256661033E+005
    550  5.566615064155339E-001  1.071689035600451E+004
    551  2.383600263403098E+001  4.243136560140220E+005
    552  1.633481028765730E+001  3.099712468514349E+005
    553  3.347016541144134E+000  7.874167824193709E+004
    554  1.867125356747568E+001  3.305396525886145E+005
    555  8.012130390255587E-001  1.281736627154865E+004
    556  1.077978142182087E-001  6.236920334711164E+002
    557  9.326306491640025E-001  1.772959748173561E+004
    558  3.599914006523094E-001  5.102805930569177E+003
    559  2.839989890522056E-001  4.383312424727545E+003
    560  1.162755515610830E+000  1.937475831685727E+004
    561  4.753124638425295E-001  7.200770998751764E+003
    562  1.316390202376879E-001  1.087523469544969E+003
    563  1.150031353362290E+001  2.317067912174411E+005
    564  1.555976577580600E+000  2.656058428286649E+004
    565  6.775455220304933E-001  1.080565182469914E+004
    566  1.860184239613395E+001  3.765046212737216E+005
    567  2.695345318005941E-001  3.604977505891580E+003
    568  1.045577569266048E+000  2.272963058929005E+004
    569  2.030579101530859E-001  2.356274848599784E+003
    570  1.668964707544345E+000  3.195145667053935E+004
    571  4.518513343052292E-001  6.799582440185301E+003
    572  2.558439368915117E+000  5.408544148868530E+004
    573  6.456093815870172E-001  1.024006610436971E+004
    574  2.102068561155907E-001  2.476642488682381E+003
    575  7.531180669248156E-001  1.547589497690738E+004
    576  1.661171779499047E+000  2.999428225661344E+004
    577  4.191975737985835E-001  6.110457164835078E+003
    578  9.600584512730577E-001  1.899632695519091E+004
    579  2.157462353047646E-001  2.573400433348282E+003
    580  1.720537771025119E+000  2.972584257068863E+004
    581  7.553836993094096E-002  9.222715911488568E+001
    582  2.185190718087852E+000  3.955908564241162E+004
    583  2.625206143791515E-001  3.419904063025705E+003
    584  3.437284653863364E-001  4.842051013811382E+003
    585  1.076683978548108E+000  2.179813481953063E+004
    586  9.971733052231575E-002  5.490523140042001E+002
    587  3.331607497387434E-001  5.330392776545222E+003
    588  2.711028182875588E+000  5.109640706004811E+004
    589  2.288911658775996E-001  2.828413423829448E+003
    590  1.098469854189531E-001  7.202203128191333E+002
    591  1.189056168707512E-001  8.865152895056848E+002
    592  2.419736698440849E+000  4.148478268214508E+004
    593  2.263535076540989E+000  4.704074259285724E+004
    594  3.235338685642361E-001  4.549205522958661E+003
    595  1.997174777443637E-001  2.344482170996334E+003
    596  2.091510274657234E-001  2.492135379709239E+003
    597  7.079699252176986E-001  1.314243676599537E+004
    598  6.980955976708088E-002  1.879249140532907E+001
    599  3.475174409232696E-001  5.425905908330816E+003
    600  3.130303079748428E-001  5.207777943472614E+003
    601  1.251607802087354E-001  1.009702835830507E+003
    602  9.166988335887859E-001  1.577622799416901E+004
    603  8.230731596667465E-002  2.631672197390484E+002
    604  3.591185871117717E-001  6.803673353495898E+003
    605  3.772991918188980E-001  5.476770284202721E+003
    606  7.797701831659808E-002  1.709721274546410E+002
    607  5.509898720972343E-001  9.865661614655788E+003
    608  1.526966695947581E-001  1.507161546894984E+003
    609  3.416371560876795E-001  5.421894783776431E+003
    610  2.453127859706422E-001  3.175594859772588E+003
    611  5.268653403990522E-001  8.592006818013861E+003
    612  7.101052767804442E-002  5.357917261085189E+001
    613  2.883273173465855E-001  4.705670263132234E+003
    614  8.542577641840667E-002  3.223073417070927E+002
    615  2.083067636554815E-001  3.298802494877387E+003
    616  2.663327119830498E-001  3.536188003800365E+003
    617  7.439415169177012E-001  1.638158604878393E+004
    618  8.926169529364514E-001  1.491695951344397E+004
    619  1.085000782480313E-001  7.413484671013404E+002
    620  6.865064254589860E-002  2.003701638391800E+001
    621  5.144004073454146E-001  8.630708935471992E+003
    622  2.263786036410849E-001  2.795496507172947E+003
    623  5.471274263699287E-001  9.393523727157231E+003
    624  2.388440381561741E-001  3.039176957781285E+003
    625  1.122049162162567E-001  8.154292968074819E+002
    626  2.820444311874873E-001  4.366211963902210E+003
    627  1.009395427065165E-001  5.981741877027545E+002
    628  7.033837230281161E-002  5.676105310587386E+001
    629  6.934098784236004E-002  4.529224637625799E+001
    630  3.121668719741608E-001  4.685186020277102E+003
    631  2.276355643427169E-001  3.264815006194711E+003
    632  1.786100879131042E-001  2.382388213184577E+003
    633  1.549267992816747E-001  1.564590736145567E+003
    634  1.319861444524264E-001  1.154421126649457E+003
    635  3.073470632667743E-001  4.320822572161581E+003
    636  2.547594224253689E-001  3.456427674627254E+003
    637  1.399403454770110E-001  1.553668728875190E+003
    638  7.393632174779649E-002  1.271468706507695E+002
    639  2.466014217989350E-001  3.603893013320685E+003
    640  1.033022872992743E-001  6.555381945043674E+002
    641  1.884979037760939E-001  2.187440445477936E+003
    642  1.021847718953632E-001  6.290739942494992E+002
    643  1.448926243261386E-001  1.737514663487327E+003
    644  8.746894465977008E-002  3.730865562865486E+002
    645  1.919385156514806E-001  2.657000506153952E+003
    646  1.400624682205982E-001  1.468899233302382E+003
    647  6.687115789667303E-002  4.654458254172613E+000
    648  9.802753092396221E-002  5.696700290901880E+002
    649  1.833101677225703E-001  2.286376344044795E+003
    650  4.025672849489549E-001  6.644805468957307E+003
    651  1.012651129796875E-001  6.101189558621988E+002
    652  6.711747746457955E-002  1.478056109273179E+001
    653  7.332864854429139E-002  1.271899503898751E+002
    654  2.617188135490731E-001  3.624716200824492E+003
    655  4.040670532478348E-001  6.230781876613429E+003
    656  2.008319506085969E-001  2.429665890043744E+003
    657  1.092678877414382E-001  7.667724272735444E+002
    658  6.516081726502814E-001  1.143556025516200E+004
    659  5.803622921309597E-001  1.247680898789904E+004
    660  9.680539491983149E-002  5.682486914734440E+002
    661  3.861287644433499E-001  6.616359296870924E+003
    662  8.270179506750569E-002  3.033185483238404E+002
    663  3.494775121203366E-001  5.563958449023109E+003
    664  8.721536239950525E-002  3.957905366464002E+002
    665  1.175576115288924E-001  9.347063056895659E+002
    666  1.150127048717188E+000  2.261345104902268E+004
    667  4.576153780549707E-001  7.201034366065139E+003
    668  9.845283936452665E-002  5.921341512346826E+002
    669  1.209154908132301E+000  2.057110871432140E+004
    670  1.496885308518981E-001  1.513816396232539E+003
    671  5.682591818950495E-001  9.632461963015254E+003
    672  2.563432497031625E-001  3.395045362081490E+003
    673  1.291383841199523E+000  2.268464660432922E+004
    674  2.873005659771528E-001  3.954257815763510E+003
    675  9.357070706214682E-001  1.594159487511558E+004
    676  5.194133741620356E-001  9.009341167709164E+003
    677  9.606027088850992E-002  5.669927222003429E+002
    678  5.737868278304694E-001  9.637730626194636E+003
    679  1.100248845916652E-001  8.178355805974110E+002
    680  3.155798594747450E-001  5.925115520186907E+003
    681  6.072177754289363E-001  1.046317604755227E+004
    682  1.798457927982881E-001  2.068399929826669E+003
    683  2.612010986690965E-001  3.925506271653422E+003
    684  1.582240177604690E-001  1.675850606088274E+003
    685  9.982786215894854E-002  6.476916841507818E+002
    686  9.415250093913111E-001  1.687930087877941E+004
    687  4.754134148072685E-001  8.422575561215808E+003
    688  7.988652508973830E-002  3.139189193147907E+002
    689  5.984963082891807E-001  1.060364911300802E+004
    690  6.229217900330601E-001  1.276861564490954E+004
    691  3.945580615128803E-001  7.956748874798232E+003
    692  6.649503274582702E-002  9.025742999228272E+001
    693  7.724482968421452E-002  2.653010462834241E+002
    694  8.775813587445263E-001  1.819178381796297E+004
    695  1.612208420696890E-001  1.757280343157903E+003
    696  8.666202398727486E-002  4.509062896342294E+002
    697  5.476232408314694E-001  9.942886851065989E+003
    698  1.507604767440592E+000  3.467372342207576E+004
    699  9.460851689957317E-002  5.645529675509696E+002
    700  4.222180806765133E-001  8.506548408897110E+003
    701  6.432039142871852E-002  3.719651940843676E+001
    702  5.204670720291557E-001  1.111982604948296E+004
    703  8.059073537709185E-002  3.303137024515209E+002
    704  6.604907146696067E-002  6.552720710820333E+001
    705  7.896313474746998E-002  3.153258648938104E+002
    706  5.743253723682009E-001  1.096912932517633E+004
    707  9.972102002214808E-002  6.667225820564723E+002
    708  5.929432997092040E-001  1.275009004840793E+004
    709  1.291028264148599E-001  1.206825422311953E+003
    710  2.101277498597805E+000  4.467226027272989E+004
    711  7.876972914770267E-002  3.037189876487327E+002
    712  3.888348187451523E-001  7.040321934451221E+003
    713  1.979902112800453E-001  2.415897082787480E+003
    714  9.136559269137691E-002  5.261902293725938E+002
    715  8.780827285092535E-002  4.647305048291904E+002
    716  1.225133102332458E+000  2.618328275884831E+004
    717  7.467453518641335E-001  1.471634888178611E+004
    718  6.239785977869015E-002  2.238681023468602E+001
    719  2.222989695808367E-001  3.247548824755654E+003
    720  6.677565182242830E-002  9.997031867506661E+001
    721  8.082344585037596E-001  1.486555322967500E+004
    722  8.634770596124121E-002  4.714960721111259E+002
    723  6.210199340902747E-002  2.442910586062742E+001
    724  3.196446484569949E-001  5.430859517682242E+003
    725  6.727862383802281E-001  1.339487735596134E+004
    726  6.809163463793901E-002  1.406748980058631E+002
    727  3.029786122239712E-001  4.785749790445241E+003
    728  7.332922073632783E-002  2.306417639764982E+002
    729  6.906473771208974E-002  1.541395334870721E+002
    730  4.138883406265590E-001  7.159082031243302E+003
    731  1.563927249297169E-001  2.142960347258669E+003
    732  9.443916053892903E-002  6.084063875129240E+002
    733  3.295147694602591E-001  5.102335780686662E+003
    734  6.184776292225726E-002  2.772275538640337E+001
    735  6.607674698470223E-002  1.056833018524728E+002
    736  6.332190589786944E-002  5.430846055246415E+001
    737  1.189000860588573E-001  1.024982627555574E+003
    738  3.352011230878208E-001  5.330961514468708E+003
    739  7.521122672375800E-002  2.628968731066348E+002
    740  6.287085912943247E-002  4.776362337032413E+001
    741  2.004673471073168E-001  2.920297760620811E+003
    742  2.510580869368994E-001  3.975824702446115E+003
    743  6.056663486607541E-002  8.879684423974393E+000
    744  1.224190661826065E-001  1.107026478486296E+003
    745  5.461747647159377E-001  9.805865199502960E+003
    746  6.267302594009754E-001  1.050155676266941E+004
    747  6.928296086324021E-002  1.705596910001317E+002
    748  3.123178807214708E-001  4.933824566863085E+003
    749  8.321455719398476E-001  1.710505419948858E+004
    750  6.623503727551053E-002  1.118957289959146E+002
    751  3.487201341538874E-001  5.201677592517156E+003
    752  6.051591601484341E-002  1.955603817186588E+001
    753  6.380429981163746E-002  7.826724148416451E+001
    754  7.971869151538184E-002  4.048233259917631E+002
    755  2.460121073970555E-001  4.031766670686323E+003
    756  1.499226622534692E-001  2.073841994434117E+003
    757  4.196405756520352E-001  6.565880907747970E+003
    758  8.782533528727138E-002  5.157143673288089E+002
    759  6.035100286696788E-002  1.982866213788888E+001
    760  3.761817318356551E-001  6.161492326681732E+003
    761  7.815981051344006E-002  3.299477023959967E+002
    762  2.477732543659211E+000  5.635054597098485E+004
    763  9.209111570665219E-001  1.957645612911885E+004
    764  7.544426158091343E-002  2.993189670120029E+002
    765  3.123745685354981E-001  5.342734170754268E+003
    766  6.879670999418359E-002  1.847192263942136E+002
    767  8.078984884641895E-002  4.181318828216963E+002
    768  1.184859691399608E+000  2.154924960362813E+004
    769  6.345241925017387E-001  1.077969387799202E+004
    770  9.231041823326870E-002  5.930806556811506E+002
    771  6.888138347693010E-001  1.282145603900684E+004
    772  7.935045718887610E-001  1.589886730529585E+004
    773  5.881740569761570E-002  3.044844613340372E+001
    774  7.568432748207193E-001  1.292823540903999E+004
    775  5.788705952299233E-002  2.547738655306707E+001
    776  6.571552032838542E-002  1.866611627798076E+002
    777  1.120015177687844E+000  2.344354335880150E+004
    778  7.228640076791403E-001  1.397315698398232E+004
    779  6.402324375531016E-002  1.443226573854698E+002
    780  4.488925828651535E-001  7.471514814378185E+003
    781  9.458250719988009E-002  6.861896997142788E+002
    782  1.032265636351089E-001  8.400549827568060E+002
    783  9.218849931792575E-001  2.115516758495550E+004
    784  3.511351243260480E-001  7.516062004388048E+003
    785  2.186060844078359E+000  5.114593364969306E+004
    786  7.964660771984682E-002  4.222149663977551E+002
    787  1.277258388570615E-001  1.329310598043925E+003
    788  6.255576210144313E-002  1.279759379889976E+002
    789  3.316620658071644E-001  6.460963856478526E+003
    790  1.083716775143236E-001  9.476803820290061E+002
    791  2.854281130251162E-001  4.927492095005519E+003
    792  7.696240430539057E-002  3.793086120647963E+002
    793  1.678445606504523E-001  2.578906470083489E+003
    794  8.761635539592753E-002  5.962187965318873E+002
    795  1.522168492357434E-001  2.372590170155986E+003
    796  1.425934302137937E-001  1.711816302463172E+003
    797  4.178842453178715E-001  7.844847175636831E+003
    798  5.872678843675631E-002  8.872321819752885E+001
    799  3.611213215880706E-001  5.482662734658530E+003
    800  1.327753047607748E-001  1.384124881047291E+003
    801  5.643492903144112E-002  3.357277537341305E+001
    802  3.466791836423335E-001  6.106771474125858E+003
    803  2.971248009055135E-001  5.891969933391145E+003
    804  9.757762718273179E-002  7.711222933764526E+002
    805  6.547722332827013E-002  2.003900356650504E+002
    806  5.492438494769167E-002  1.380607187442548E+001
    807  1.934678322713131E-001  2.876818765533368E+003
    808  3.831236563093909E-001  6.954113571491790E+003
    809  8.147259978568495E-002  4.899312707105900E+002
    810  3.368028325762694E-001  6.763394039770478E+003
    811  5.862770310836356E-002  8.825784486622103E+001
    812  2.219573767846547E-001  3.515460904153846E+003
    813  2.644691779280260E-001  4.446941539086773E+003
    814  5.812656887955465E-002  8.186796016332733E+001
    815  9.196977175284934E-002  6.857434634499914E+002
    816  7.375022762576227E-001  1.395218045627805E+004
    817  1.937641810906389E-001  3.381473357825375E+003
    818  6.247175033299013E-002  1.664058785092267E+002
    819  5.654535181394642E-002  5.977330350769750E+001
    820  2.036788633593566E-001  2.816256165781490E+003
    821  2.561179459742156E-001  3.953142605942232E+003
    822  6.025440728517611E-001  9.963693733336648E+003
    823  5.355335538762872E-002  8.720876670075652E+000
    824  1.637002741706857E-001  2.160813767523428E+003
    825  2.903442642002017E-001  4.634601577857167E+003
    826  6.565883643258360E-001  1.264180014953787E+004
    827  1.780094299779156E-001  2.630061040565992E+003
    828  7.055808107365293E-002  3.161131927346975E+002
    829  8.267279824886826E-001  1.477152427004855E+004
    830  6.980219917016015E-002  3.450585396656516E+002
    831  2.687104381900315E-001  3.870549978670391E+003
    832  3.768155078622479E-001  7.462497771427075E+003
    833  5.334703618456180E-002  1.441853448346182E+001
    834  5.726894544729529E-002  8.513791412391589E+001
    835  5.375837635732560E-001  9.036314075401673E+003
    836  1.652596476034903E+000  3.117755732914797E+004
    837  6.733143374490132E-002  3.094960160322983E+002
    838  7.142559754477344E-001  1.588441050940619E+004
    839  6.011272548802891E-002  1.336099635907282E+002
    840  5.359806516830496E-002  3.306888664395016E+001
    841  5.459926469340073E-002  4.864349964041450E+001
    842  2.906046137910301E-001  4.726353924260829E+003
    843  4.417309709841225E-001  8.004632045109938E+003
    844  3.671568711054023E-001  6.932156087136192E+003
    845  8.849561318403512E-002  6.517605376941827E+002
    846  8.591823735633136E-002  6.179825327169621E+002
    847  3.705143258462570E-001  7.074518740380713E+003
    848  3.681576793938310E-001  6.721385063414455E+003
    849  8.088174867721053E-002  5.219415034600373E+002
    850  5.195235948579147E-002  1.742870305047730E+001
    851  2.046448005200147E-001  3.276757961702404E+003
    852  7.717349905838883E-002  4.686642211883309E+002
    853  1.114465896170726E-001  1.295262674299160E+003
    854  2.478304737421809E-001  4.016460890066175E+003
    855  1.472131528646651E-001  2.313859144988341E+003
    856  5.464742965930021E-002  7.402421411920319E+001
    857  5.362221055111161E-002  5.967677628234681E+001
    858  1.402474304435015E-001  1.989555541376682E+003
    859  6.523068371492301E-002  2.728820968693805E+002
    860  1.295180549597832E-001  1.747362598088811E+003
    861  5.344441467957874E-002  5.744197934892507E+001
    862  8.486749548524691E-002  6.167044086841910E+002
    863  1.139016378321693E-001  1.415128407737373E+003
    864  5.097680585990522E-002  1.940751593512397E+001
    865  1.937836729640876E-001  3.377758093487194E+003
    866  1.718037327828685E-001  2.696362134949004E+003
    867  5.387885383854021E-002  7.918350471653883E+001
    868  4.141025553501252E-001  8.393477820185557E+003
    869  5.216425373664961E-002  5.319313886679308E+001
    870  5.782635628614847E-001  9.993663258716057E+003
    871  3.164829403686755E-001  5.438850529309612E+003
    872  4.955222880985277E-002  1.404827734124726E+001
    873  3.408086887321000E-001  6.157612245559627E+003
    874  5.136256209942482E-002  6.350241990962005E+001
    875  2.100667374771448E+000  4.648505027333967E+004
    876  5.239305284044220E-002  7.036264876663550E+001
    877  3.018142842713443E-001  5.411872129737822E+003
    878  5.676475725256342E-002  1.470076548877031E+002
    879  2.036318487149778E-001  3.446456018354323E+003
    880  1.182474490322710E-001  1.537570676412346E+003
    881  4.799527901990649E-002  2.349996961397213E+000
    882  5.448460405656021E-002  1.178079570116320E+002
    883  1.817681764208135E-001  2.889988676523337E+003
    884  9.350178640103336E-002  8.992274408496982E+002
    885  4.810419367914798E-002  8.765189339538708E+000
    886  2.142429653137202E-001  3.274529739232162E+003
    887  3.784253974103145E-001  6.508503755672435E+003
    888  5.710782027233013E-002  1.763498633830145E+002
    889  4.807514289791925E-002  2.590043758935395E+001
    890  7.331132500306271E-001  1.507334297761018E+004
    891  4.737357664238956E-002  1.892585136540779E+001
    892  5.746361071500264E-001  1.026084465260256E+004
    893  7.295101863265382E-002  4.694732602755455E+002
    894  4.592431818244567E-001  8.581445419351519E+003
    895  2.486476408438280E-001  5.171816509180951E+003
    896  1.311603372545285E-001  1.587869847033334E+003
    897  6.745834894676518E-001  1.471256526119965E+004
    898  8.495049316709948E-001  1.506406716984592E+004
    899  2.271753548765424E-001  3.216448945785568E+003
    900  5.110416375953493E-002  1.166255080447268E+002
    901  6.137182192197502E-002  3.089127469675737E+002
    902  3.299266829485378E-001  7.713718696631062E+003
    903  2.081925865567221E-001  3.136501862504347E+003
    904  4.520101300979883E-002  3.347043493655920E+001
    905  5.490417860181590E-001  9.857180512263512E+003
    906  4.695351056118699E-002  7.633865509116934E+001
    907  3.591199263767819E-001  7.711457666079647E+003
    908  6.140566968678583E-002  3.429019612083113E+002
    909  5.378397412917774E-001  9.878870881899495E+003
    910  1.377301765350885E-001  1.687966988708532E+003
    911  8.823201980222243E-001  1.577419642357650E+004
    912  4.709202259145351E-002  8.821664424661235E+001
    913  8.761968746407137E-002  1.351726374435740E+003
    914  4.349423418568635E-002  2.639157466655678E+001
    915  7.516604223265100E-002  6.020692118485537E+002
    916  3.107825694399546E-001  5.031631316134832E+003
    917  2.310863105251706E-001  5.052960320778069E+003
    918  3.576892526646971E-001  7.972729258044724E+003
    919  3.191771924707577E-001  6.892962456549968E+003
    920  5.732985534978976E-002  2.852394365814944E+002
    921  4.151491368210116E-001  7.458027681984716E+003
    922  9.050934322645275E-002  8.688193908325193E+002
    923  8.656925909188384E-002  7.990110137848793E+002
    924  4.849020356326293E-001  8.676638246855358E+003
    925  5.038563477686459E-002  1.632583360488561E+002
    926  2.229256885366247E+000  5.627604388921966E+004
    927  9.407966874233084E-002  9.288054662406194E+002
    928  1.149247566422409E+000  2.522082677109710E+004
    929  4.958504679105567E-001  1.007947753004718E+004
    930  2.538556864684032E-001  4.723017733167719E+003
    931  6.228684230898385E-002  3.771725511157353E+002
    932  1.466630318327144E-001  2.106878403919481E+003
    933  5.708615208818546E-002  2.945212924978071E+002
    934  2.528747227033196E-001  4.442028187210700E+003
    935  5.272225263645484E-002  2.101364442936808E+002
    936  4.750225833625198E-002  1.390731474321405E+002
    937  4.849245776917878E-001  1.060934768126267E+004
    938  3.380949838738369E-001  6.564141881381573E+003
    939  5.456579458821922E-002  2.555636165821701E+002
    940  2.975800058355290E-001  5.250728915987707E+003
    941  4.534598861839382E-002  9.024331495449320E+001
    942  1.101222516059153E-001  1.576093410771305E+003
    943  1.469125396120886E-001  2.309874906479470E+003
    944  3.503180489679109E-001  6.688788834596434E+003
    945  1.834098538034996E-001  2.987072485436362E+003
    946  4.371205405565848E-002  6.360902657843373E+001
    947  4.188447009923802E-001  7.368665615142531E+003
    948  2.643278367992423E-001  6.278014633131090E+003
    949  6.665091926313932E-002  4.696877821267554E+002
    950  2.852733040723470E-001  5.436631136545706E+003
    951  5.159581580174000E-002  2.150755514868066E+002
    952  4.244352587383431E-001  1.101267067814051E+004
    953  6.367855618369293E-002  4.504731151298374E+002
    954  5.149850472170689E-001  1.076514123953093E+004
    955  1.047221880991517E-001  1.516354727179616E+003
    956  4.121198216394997E-002  3.408873182726320E+001
    957  5.709939039712408E-002  3.072402178133258E+002
    958  1.459095162627931E-001  2.834942956178994E+003
    959  4.446730195316884E-002  8.995451522118935E+001
    960  2.771383941143784E-001  6.126230913955493E+003
    961  5.244253647437976E-002  2.295873841727652E+002
    962  1.739588471467497E-001  2.887042629775009E+003
    963  9.016714726310972E-002  8.895149794897616E+002
    964  2.566413435895917E-001  4.818613349870487E+003
    965  4.017409469110723E-002  1.643809550810790E+001
    966  1.239840626974872E+000  2.220851162495636E+004
    967  1.448309968973222E+000  2.571230085953316E+004
    968  6.738923532874179E-001  1.200434110049817E+004
    969  4.165390611280576E-002  4.611706850588713E+001
    970  7.319357796985878E-001  1.764163254734472E+004
    971  4.177525762259120E-002  5.107581008905843E+001
    972  2.642970763415545E-001  5.563287937584774E+003
    973  1.153699359014529E+000  2.159660853703637E+004
    974  4.620002772699065E-002  1.324464848728321E+002
    975  4.120767761507742E-001  7.224006594498180E+003
    976  6.062528492128797E-001  1.180505683031230E+004
    977  1.594852090498121E-001  2.898514164801036E+003
    978  5.643661864638531E-002  3.167019230394523E+002
    979  1.305254734869546E-001  1.952563358432233E+003
    980  4.637739545627144E-002  1.361646333045568E+002
    981  4.373795192167251E-001  1.001313656487390E+004
    982  6.277585021397215E-002  4.323667939819208E+002
    983  1.667811227303372E-001  3.010273253958648E+003
    984  3.663218243224407E-001  6.710827075884002E+003
    985  5.435908787501167E-002  2.820925590563185E+002
    986  3.017560038974242E-001  5.155792358722331E+003
    987  5.149315418188310E-002  2.320312176811056E+002
    988  1.163438987576820E-001  1.668943922868987E+003
    989  2.519413184476250E-001  4.954994381380897E+003
    990  6.302393227540584E-002  4.420815693584571E+002
    991  1.106973450831886E+000  2.494838678078379E+004
    992  1.122891047858810E+000  2.569946621270213E+004
    993  4.274319949157462E-002  9.454623531618017E+001
    994  8.059816147938992E-002  7.512570727573899E+002
    995  2.304814296286741E-001  4.254658575874771E+003
    996  3.967504019226930E-002  4.967337684175723E+001
    997  2.780677723071293E-001  5.840892288647598E+003
    998  1.476954515762513E+000  3.449314246007355E+004
    999  4.101084046036362E-002  5.949716525134093E+001
   1000  3.828163569445009E-001  6.723525587230522E+003
   1001  9.033651253127433E-001  1.866585302645834E+004
   1002  5.962534604447040E-002  4.065770674496854E+002
   1003  4.708842362692783E-002  1.676151032518955E+002
   1004  7.929824028541509E-002  7.328988527893580E+002
   1005  9.925913083242150E-001  1.867623690609773E+004
   1006  3.853322594954536E-001  6.783823981695048E+003
   1007  3.830015480887769E-002  2.037928926242945E+001
   1008  3.329118192937819E-001  6.974905234032110E+003
   1009  6.427481730451415E-001  1.145251923718148E+004
   1010  5.699394322280622E-002  3.600799950356088E+002
   1011  4.351164188217939E-001  8.498879957148822E+003
   1012  5.113602235927613E-002  2.402810203943525E+002
   1013  6.954925193017494E-001  1.278388703172862E+004
   1014  1.210328126639301E-001  1.732235673232124E+003
   1015  3.787201478843080E-002  1.335141228742633E+001
   1016  7.065434327005390E-001  1.484926104607462E+004
   1017  6.675626242105449E-002  5.247786415975935E+002
   1018  9.863108789663222E-001  1.827973888859455E+004
   1019  3.832571810582548E-002  2.109083068512466E+001
   1020  1.077112301022706E+000  1.918553385019667E+004
   1021  2.157812338978013E-001  3.971393243997778E+003
   1022  7.108052602402462E-001  1.465700314805573E+004
   1023  4.608619917365302E-002  1.594449033907281E+002
   1024  5.101780111768851E-001  1.076546109706722E+004
   1025  4.646089284053385E-002  1.795908905062973E+002
   1026  1.650028424769011E+000  3.221229085870159E+004
   1027  6.443385928918831E-001  1.166934419881640E+004
   1028  9.082009591036619E-002  9.643115125528735E+002
   1029  8.551427270294494E-001  1.584443613939826E+004
   1030  3.738289984039389E-002  2.044803546622673E+001
   1031  5.861385364800165E-001  1.162116741315695E+004
   1032  1.354794170008896E+000  2.414552380826366E+004
   1033  1.195822828916896E+000  2.286237965619813E+004
   1034  1.145213247453111E+000  2.068544915023775E+004
   1035  5.755974772334350E-002  3.732555013131779E+002
   1036  2.975400724450334E+000  5.393314750918540E+004
   1037  4.023359119663205E-002  6.777719720149803E+001
   1038  8.020566503977527E+000  1.495407951152589E+005
   1039  1.145953223199482E+001  2.157131957011006E+005
   1040  9.199767075064770E-002  1.041886563459655E+003
   1041  1.386406279126271E+001  2.614430070754840E+005
   1042  1.908823828200621E+000  4.277111166013957E+004
   1043  6.178301020091769E-002  4.584270189498969E+002
   1044  4.774438643001299E+000  9.916612332435854E+004
   1045  2.911000556733611E+001  5.463514383748900E+005
   1046  1.363315173001631E-001  1.796185522494635E+003
   1047  6.949623497536031E+000  1.291935537086766E+005
   1048  1.390734820188946E+001  2.735232051458952E+005
   1049  4.157126787615457E-002  1.128052489949344E+002
   1050  1.008490444077072E+001  1.835349270541212E+005
   1051  5.277585970307237E-002  3.444210283381829E+002
   1052  6.833131754896577E+000  1.452262015588585E+005
   1053  4.275380224003420E+000  9.684877986105287E+004
   1054  5.761388438354592E-002  4.162648880863841E+002
   1055  2.303350184277676E+000  5.059734842741662E+004
   1056  7.797492888322630E-002  8.907306435721051E+002
   1057  3.679456330797320E+000  7.122434901471045E+004
   1058  1.757287041530048E+001  3.637481954232759E+005
   1059  3.997405762337685E-002  1.078354185086120E+002
   1060  1.668957754303450E+001  3.723745091256231E+005
   1061  2.927386954317257E+000  5.648450935614229E+004
   1062  3.515760619510927E+000  7.540223065660635E+004
   1063  1.419652177306852E-001  1.932942284687448E+003
   1064  7.639367656651968E+000  1.526667159787910E+005
   1065  1.046153843850735E-001  1.264988700964142E+003
   1066  9.321696753381806E+000  1.929355765475595E+005
   1067  3.686393007831369E+000  6.988460981734356E+004
   1068  1.596658092594136E-001  2.239764739128981E+003
   1069  3.192457364263343E+000  6.572952330219740E+004
   1070  7.535410964152072E+000  1.571173543152168E+005
   1071  7.789048106161236E+000  1.424216961453902E+005
   1072  1.249833071621027E+001  2.345827895284293E+005
   1073  3.781931944405398E-002  1.189670534493637E+002
   1074  5.967709872435351E+000  1.328301335236933E+005
   1075  4.878694339020991E+000  8.658172434236763E+004
   1076  6.435851008680454E-002  1.252353851174609E+003
   1077  2.802620340618142E-002  5.892879058794188E+002
