# dt =   1.000000000000000E-003
# j, New nj, Rate of change (1/s)
      1  7.265991083037543E+002  3.638185140093113E+004
      2  2.630466650775218E+004  1.323579682217025E+006
      3  6.125149221595467E+002  2.912292956704591E+004
      4  1.237841888177173E+003  5.531788584767430E+004
      5  2.975794553236652E+003  1.333401686169018E+005
      6  3.969983455067835E+002  1.826994646689552E+004
      7  2.922699940504797E+004  1.308165947879857E+006
      8  1.487382723740358E+004  6.650966726569076E+005
      9  8.495320103078531E+003  4.169480967462401E+005
     10  6.608312381526198E+003  2.810698061836842E+005
     11  1.528815432637642E+003  6.852673936046226E+004
     12  1.343059907010715E+003  5.985470107700617E+004
     13  7.746269773122010E+001  3.483408565658420E+003
     14  5.674724672648462E+002  2.562125518553611E+004
     15  6.405198045306449E+001  2.838296664248344E+003
     16  5.068332313912593E+003  2.511650011157033E+005
     17  1.085316627031665E+003  4.913725437687124E+004
     18  4.986630159762536E+003  2.229618526447651E+005
     19  5.014969402134982E+001  2.129305066958206E+003
     20  1.301649767486429E+003  5.719605604754709E+004
     21  1.864066502072558E+002  7.945118450098015E+003
     22  1.417810518547191E+003  6.794860608859158E+004
     23  1.530383157197565E+004  6.867059048202775E+005
     24  1.140081936638567E+004  5.097565362606267E+005
     25  4.940007678444508E+001  2.163617181741757E+003
     26  1.277106388180875E+002  6.170952785498727E+003
     27  3.345126645237899E+004  1.613341337283309E+006
     28  5.606798783074074E+002  2.616007659648614E+004
     29  7.091249161707115E+003  3.340574022911587E+005
     30  1.732934900153256E+002  7.480975370584273E+003
     31  2.998246112501442E+003  1.360188225618085E+005
     32  1.621569003251338E+003  7.748799746998960E+004
     33  6.627280793096211E+002  2.923911795187175E+004
     34  3.353499803595519E+002  1.478416053383342E+004
     35  8.110718079344558E+003  3.816646957094129E+005
     36  8.078961050303436E+002  3.413527322088781E+004
     37  4.156366540431029E+003  1.986758951422437E+005
     38  1.193341002785380E+004  5.412021118945109E+005
     39  1.495898467457749E+003  7.075288432422849E+004
     40  4.370791448245354E+003  2.098940558609196E+005
     41  3.186467233575343E+003  1.544661273476712E+005
     42  1.255318017772413E+003  5.876434569983232E+004
     43  6.184817358618037E+002  2.868071435173462E+004
     44  4.161793901785163E+003  2.007241730864643E+005
     45  1.630727037237019E+003  7.973360677814322E+004
     46  6.354181486903479E+002  2.919565173509275E+004
     47  1.022555791999330E+001  4.534587242072477E+002
     48  1.516144598928274E+003  6.926399355341255E+004
     49  4.204927848676578E+002  1.933960740187250E+004
     50  3.553141508197630E+002  1.750453787198033E+004
     51  6.175655349724270E+003  3.129763359410369E+005
     52  5.942686295537662E+002  2.982305246763646E+004
     53  2.896882178149710E+002  1.298692451185765E+004
     54  3.525810527765330E+003  1.652624560411800E+005
     55  5.520295062628148E+003  2.585776766518400E+005
     56  1.312523417062413E+001  5.721571451011381E+002
     57  3.961533439503655E+003  1.850319913750682E+005
     58  3.793741486463424E+003  1.709493171211551E+005
     59  5.969799578450567E+001  2.808433537827108E+003
     60  1.150972841508501E+004  5.513188228559323E+005
     61  1.186943236145933E+002  4.821432512946035E+003
     62  3.434579936782695E+002  1.634594320875588E+004
     63  1.880828344768230E+002  9.177160668259843E+003
     64  6.670219038538821E+003  3.049774786492162E+005
     65  7.567329227099563E+004  3.563530787182725E+006
     66  9.074982252218675E+002  4.113980984364551E+004
     67  9.246262442192396E+003  4.325288830841801E+005
     68  2.204713945103528E+002  1.024107156016728E+004
     69  6.868623171931110E+002  3.345769070487517E+004
     70  1.620690517055025E+004  7.691128798633907E+005
     71  2.023598271438726E+004  9.492551155853715E+005
     72  1.258302865816896E+002  5.020566962056670E+003
     73  2.780857211870161E+003  1.301970473174333E+005
     74  8.021784027777312E+002  3.696607531662696E+004
     75  9.791900174730411E+001  4.324426080932512E+003
     76  1.141784874508310E+002  5.084647169433837E+003
     77  2.983492136169253E+002  1.368408423399205E+004
     78  3.388662583322647E+002  1.545197679625328E+004
     79  2.177460083018817E+003  1.081877075849549E+005
     80  7.020655548386185E+003  3.303791042185815E+005
     81  5.533277100689113E+002  2.632582432972734E+004
     82  8.105813829407625E+002  3.821714817911252E+004
     83  3.122785342041096E+002  1.507118394915304E+004
     84  1.680434645884522E+002  7.733300046267751E+003
     85  1.528598791927361E+003  6.673119908941009E+004
     86  1.152273887621948E+004  5.382247569531809E+005
     87  9.902092948397276E+001  4.605926604729907E+003
     88  1.008353189310032E+002  4.672434498967931E+003
     89  1.061723690958271E+003  4.944556797047748E+004
     90  1.525874058497767E+004  7.147423861601572E+005
     91  4.794622542554362E+003  2.315575566136751E+005
     92  2.361123666450079E+003  1.105931939463946E+005
     93  5.319828630623397E+002  2.503432145587789E+004
     94  2.691673584117035E+003  1.260861590408904E+005
     95  1.090065643054350E+003  4.854638328275996E+004
     96  2.277859799867478E+002  9.830143289374028E+003
     97  2.549701474493026E+003  1.256904542771145E+005
     98  3.028361527631891E+003  1.480252963536564E+005
     99  1.314629392591308E+002  6.276967822416859E+003
    100  6.419923083218386E+003  3.193109313304757E+005
    101  6.744878346465487E+002  3.085983284880781E+004
    102  1.770448938142140E+003  8.517613265887204E+004
    103  2.467647583272665E+004  1.195407448676430E+006
    104  1.832603746293600E+002  8.350531132635291E+003
    105  3.322868677687075E+003  1.666413223850639E+005
    106  6.792277448078631E+002  3.092976650827288E+004
    107  8.694192565728476E+001  4.048946022655716E+003
    108  1.949829592871677E+003  8.523401181032136E+004
    109  3.529961248187738E+002  1.578092908171511E+004
    110  2.065783058125433E+003  9.980209407869460E+004
    111  5.775383868141262E+002  2.549929930031316E+004
    112  4.491739023921522E+002  2.140121624493141E+004
    113  5.224189183860839E+002  2.483148247462405E+004
    114  6.061916300113843E+003  2.697588107386717E+005
    115  2.301709412626024E+003  1.110319513500589E+005
    116  3.696297573598846E+002  1.698268700905673E+004
    117  8.761216953503603E+002  4.001838537167760E+004
    118  1.455226267810229E+002  6.797614248478246E+003
    119  4.069194399076175E+002  1.973721025704361E+004
    120  2.249481569182523E+003  1.094287276520238E+005
    121  3.045839228952583E+002  1.368559999714557E+004
    122  1.978436598552014E+001  8.798367831254523E+002
    123  1.094845065664681E+002  5.055275440894517E+003
    124  7.080735696583928E+000  2.867308714828368E+002
    125  1.310942933493741E+003  6.074066326966260E+004
    126  9.969421534019187E+002  4.814479493123314E+004
    127  2.908901490120077E+002  1.410005377117106E+004
    128  1.313621785370672E+003  6.579830903730651E+004
    129  9.956646361810156E+000  4.383729832606046E+002
    130  2.842778565956418E+002  1.429163328515732E+004
    131  6.700554725001025E+002  2.976742957756012E+004
    132  1.122851318261481E+002  5.124883572132042E+003
    133  5.424777253887278E+002  2.388901550933656E+004
    134  3.814102507174728E+002  1.652339725482364E+004
    135  5.207202613134887E+002  2.517631032626643E+004
    136  8.129808490999769E+002  4.064912787030975E+004
    137  3.605574035494681E+002  1.679641703491845E+004
    138  6.101874064039266E+002  2.849218881949460E+004
    139  7.205578085700849E+002  3.543796925204824E+004
    140  4.853952115927208E+002  2.358566057672897E+004
    141  1.733818478900415E+002  8.174781210209658E+003
    142  1.798273765189693E+003  8.076111850737095E+004
    143  6.798274540210282E+002  3.111687718442746E+004
    144  1.109431080317511E+003  5.066871602881717E+004
    145  3.206123651723974E+002  1.545145892094794E+004
    146  4.866979453026585E+000  1.862161888417094E+002
    147  7.463741906771935E+001  3.280381221120948E+003
    148  4.669298802845022E+002  2.283930590225203E+004
    149  1.627432477072169E+003  7.878318937885579E+004
    150  2.117545803489127E+002  8.898423535870394E+003
    151  1.064629906609833E+004  5.253159017908083E+005
    152  3.737704618037237E+003  1.748667320577065E+005
    153  4.255235695915320E+002  1.857034857633180E+004
    154  2.437446570772954E+004  1.138919192036715E+006
    155  1.075854836781524E+003  5.065243270759391E+004
    156  2.919182752368821E+002  1.302525947163364E+004
    157  1.150132053477120E+003  5.173061256792774E+004
    158  6.879225993573745E+002  3.088566863760997E+004
    159  1.525600203286726E+002  7.077597887238564E+003
    160  1.515102073290047E+003  6.911301343708126E+004
    161  8.136589968109153E+002  3.634480354929540E+004
    162  4.076996704159943E+001  1.693162120865796E+003
    163  1.095896517458049E+004  5.238675342132334E+005
    164  1.240448892459768E+004  5.743815810444549E+005
    165  1.135890939887576E+004  5.340620112580823E+005
    166  1.770964210575690E+003  8.464526920905222E+004
    167  1.362528816863029E+002  6.154316155068689E+003
    168  2.180712581901847E+002  9.971734559363184E+003
    169  5.739164570807586E+002  2.482555860165294E+004
    170  7.464969820907926E+001  3.439545690934853E+003
    171  1.102381422036608E+002  4.982975912946685E+003
    172  1.244137483880063E+003  5.866278959674903E+004
    173  7.338820986251410E+002  3.366508250011840E+004
    174  3.333118354169028E+002  1.492378494589424E+004
    175  3.780755483636264E+001  1.744028856319951E+003
    176  1.379726386112442E+002  6.115931181032815E+003
    177  1.237100421343498E+003  6.139019417169799E+004
    178  1.490958671258785E+000  3.303367270070252E+001
    179  3.178862453619778E+001  1.305198596735323E+003
    180  6.310699688007639E+002  2.677750615014443E+004
    181  7.336140778585987E+001  3.503705548152811E+003
    182  5.527265992303845E+003  2.780935127141036E+005
    183  9.288744212444019E+002  4.257110935038608E+004
    184  3.573409192604852E+002  1.573457247635296E+004
    185  3.992729034756548E+003  1.941135078933579E+005
    186  3.494703179517707E+003  1.725180684949221E+005
    187  9.477003447071699E+001  4.202673806222534E+003
    188  2.681441680997543E+003  1.149620389098000E+005
    189  1.186522300504153E+002  5.498828487450618E+003
    190  8.240818479490150E+002  3.780561023489827E+004
    191  3.537770980189315E+002  1.595905377533315E+004
    192  5.866115088641811E+002  2.754712514965096E+004
    193  2.402633931967696E+003  1.162551173079985E+005
    194  4.175715011023446E+002  2.065239224824740E+004
    195  1.186166766736395E+003  5.615558577558229E+004
    196  5.003702440106568E+002  2.198899373459469E+004
    197  1.246570856400107E+003  6.188907896814925E+004
    198  2.631111451330140E+003  1.187078042777190E+005
    199  2.000892091363388E+003  9.075795192712608E+004
    200  1.455538680482427E+001  6.673511869766593E+002
    201  3.032589094682914E+002  1.366228843448961E+004
    202  6.031656482351201E+002  2.717544768572347E+004
    203  1.921774560711892E+002  9.373317350517465E+003
    204  5.003645219383727E+002  2.418535781467376E+004
    205  5.424449545480446E+002  2.492370457146659E+004
    206  4.048291147181865E+002  1.876683396652913E+004
    207  1.245814946883440E+003  5.637175416967402E+004
    208  1.834360851450867E+002  7.788823025716370E+003
    209  1.349367438098138E+002  6.358256269495011E+003
    210  1.286310102264333E+003  6.536651863775929E+004
    211  5.599597165065318E+002  2.836838055905456E+004
    212  6.464753224138229E+002  2.839691744266704E+004
    213  5.443540583992078E+002  2.698739638616838E+004
    214  1.487633892106065E+002  6.599558272700903E+003
    215  1.678197861615753E+002  7.715021588189521E+003
    216  3.669163533240995E+001  1.563203549632851E+003
    217  6.845878163774099E+002  3.365068613345983E+004
    218  3.659226694092334E+002  1.589082089338766E+004
    219  4.572831637717974E+001  2.069182436937868E+003
    220  4.609385543118128E+001  2.032223001327480E+003
    221  5.421230471854620E+002  2.466936730826251E+004
    222  4.037158343795263E+002  1.878967438302305E+004
    223  1.099288245779777E+003  4.826015830536898E+004
    224  1.317788248855665E+001  5.658104312222663E+002
    225  2.002054155030052E+001  8.957956412550457E+002
    226  3.977352721994064E+002  1.833187867091154E+004
    227  1.728344992955653E+001  7.615609886146758E+002
    228  9.967789310874872E+000  4.409542735843212E+002
    229  1.725109728772088E+003  7.665044351939963E+004
    230  1.716549197172524E+003  8.093562011994494E+004
    231  1.916655613282142E+002  8.107610947018181E+003
    232  7.210634455577118E+003  3.641170677518472E+005
    233  1.090707148561607E+003  5.014963116008408E+004
    234  9.355906065014723E+001  4.183293295054470E+003
    235  1.929579411409984E+001  9.060957661513302E+002
    236  1.465087010529197E+003  6.690910315639469E+004
    237  2.717853286318056E+002  1.219879432701667E+004
    238  7.330900112447982E+002  3.398661268229869E+004
    239  4.307919988333866E+002  2.036352325492008E+004
    240  9.854828594145785E+002  4.784193418257148E+004
    241  1.096068709026074E+003  5.023014686300120E+004
    242  1.091224466833475E+002  4.792944904334116E+003
    243  4.493557489203759E+001  2.113489490532363E+003
    244  4.390606577556936E+002  2.185400902652969E+004
    245  1.614791864480134E+003  7.328999494231054E+004
    246  5.205275086067147E+002  2.385246667453348E+004
    247  3.992715660194878E+002  1.892869686959994E+004
    248  7.348996146428460E+003  3.407389217297005E+005
    249  1.543755317047859E+003  7.254674222598976E+004
    250  2.934346421218047E+001  1.265621265201621E+003
    251  7.860430311855611E+002  3.411997799311508E+004
    252  9.252294424059901E+000  3.616066014791038E+002
    253  3.452677799664808E+003  1.600378489153662E+005
    254  1.559490173700107E+003  7.093165627719970E+004
    255  1.493055469807088E+003  6.653756598872217E+004
    256  5.352393433804541E+002  2.534388714806318E+004
    257  8.597564005275477E+001  3.930397533498746E+003
    258  3.215840110823477E+003  1.500414934537606E+005
    259  1.235806854789929E+003  6.073467714397463E+004
    260  5.469601987108931E+001  2.332099008486817E+003
    261  1.584576840469038E+002  7.223161969677000E+003
    262  1.835932065253895E+002  8.583537746543801E+003
    263  5.908955738295871E+000  2.549706255610776E+002
    264  1.042794178004943E+003  4.960230679701124E+004
    265  2.059515111841063E+001  9.373936627256894E+002
    266  1.344667027448181E+002  6.348863221015018E+003
    267  6.627235346299842E+001  3.082911786850958E+003
    268  8.726955276318318E+000  3.843677429438737E+002
    269  3.418700065664221E+001  1.508305431977366E+003
    270  1.487888915114611E+002  7.073092404766227E+003
    271  3.893987245892267E+001  1.797875927712591E+003
    272  1.398544270949137E+003  6.724105001188420E+004
    273  3.745072621799222E+002  1.836498472997146E+004
    274  1.206362844277291E+003  5.905189458321122E+004
    275  2.021859001472077E+002  8.448798360053726E+003
    276  2.261561543597626E+002  1.104909735798459E+004
    277  5.055724648618384E+001  2.413109189792976E+003
    278  1.423318212840465E+002  6.880715615257312E+003
    279  7.578823981501241E+002  3.640685930647219E+004
    280  1.617318523131149E+003  8.139472927392676E+004
    281  7.455419887937510E+002  3.620786900548530E+004
    282  7.342551404116906E+002  3.287916622722736E+004
    283  4.314947550397486E+002  2.033741227048473E+004
    284  2.866935604678942E+001  1.293043381935759E+003
    285  4.533794004086555E+002  2.202047270054590E+004
    286  1.825017728304543E+001  8.798043073848953E+002
    287  1.075533236999149E+002  5.281412955466928E+003
    288  5.372934273931194E+002  2.429653243000539E+004
    289  8.888227015019946E+002  4.309611490645198E+004
    290  3.610682297296825E+003  1.783381709423782E+005
    291  7.466217436028562E+003  3.724008613493167E+005
    292  2.050891738151142E+002  9.774807011392544E+003
    293  1.104314538643230E+004  5.465229787659094E+005
    294  1.461437826036262E+003  6.935582488177101E+004
    295  5.010381624828714E+002  2.170016257217435E+004
    296  2.138307858730528E+003  9.558396094034181E+004
    297  3.262288851515971E+003  1.444607169382930E+005
    298  1.650345081481103E+004  8.319297148479040E+005
    299  2.443222713569974E+003  1.217046556372760E+005
    300  3.866538716503796E+003  1.738059882820025E+005
    301  4.298961209244894E+003  1.957825150119685E+005
    302  4.642588175498910E+002  2.145614064883680E+004
    303  6.018010117775901E+002  2.801553639731586E+004
    304  1.696388812065235E+002  7.323559117052452E+003
    305  1.131478718658619E+002  5.048230241898131E+003
    306  1.182843431533429E+003  5.543588894656949E+004
    307  1.043905915344941E+002  4.536203371284352E+003
    308  3.290028564836656E+003  1.536951915283659E+005
    309  2.540837210836454E+002  1.157664947174413E+004
    310  9.466067714272675E+002  4.421905704212300E+004
    311  7.588521457222063E+001  3.313913792192943E+003
    312  1.979094829850948E+002  8.577785267385128E+003
    313  2.962815716558725E+001  1.295628469606557E+003
    314  1.225085907446074E+002  5.356634605235745E+003
    315  3.050789846181579E+001  1.361479022047292E+003
    316  5.827861981852055E+001  2.715914524942801E+003
    317  1.435694328845355E+002  6.359491653032019E+003
    318  1.542950891546972E+003  7.187683435680869E+004
    319  2.101934234395668E+002  1.012725332312481E+004
    320  4.828404585194199E+002  2.173340378262309E+004
    321  2.127373940592769E+002  9.322159945877924E+003
    322  9.808306250228888E+001  4.299266402582515E+003
    323  7.339104368144278E+001  3.165719380417220E+003
    324  1.866602735321724E+002  8.370168864664549E+003
    325  4.315532136144928E+002  1.855726880675011E+004
    326  8.535359620656880E+002  4.153495671649318E+004
    327  2.396231353882627E+002  1.023341927340491E+004
    328  2.025788030497878E+001  9.155474829360664E+002
    329  2.051400646098652E+003  9.722444144884963E+004
    330  2.184298804495374E+003  9.771645333715425E+004
    331  5.696551961444317E+002  2.535672687685190E+004
    332  2.937041327517841E+002  1.461829374662726E+004
    333  1.285508792731552E+003  6.349157725393298E+004
    334  1.279184740570162E+002  5.552694782437600E+003
    335  8.006708085375157E+002  3.499920192592413E+004
    336  2.654847392694284E+002  1.192177753751018E+004
    337  8.566482679679697E+001  3.791578473498219E+003
    338  2.789735535463266E+002  1.261747827144955E+004
    339  7.844493359844093E+001  3.512790302405353E+003
    340  9.961266422739285E+002  4.888052749677489E+004
    341  1.531694308878738E+003  6.859690250282519E+004
    342  2.450918056885385E+001  1.115503439990485E+003
    343  7.589965255855462E+002  3.625575392534395E+004
    344  2.272277654076178E+003  1.123733323205240E+005
    345  1.638148228166787E+002  8.162224036692712E+003
    346  7.417110152266209E+003  3.697310986808128E+005
    347  1.329616275230924E+003  5.975618021191953E+004
    348  7.884543501268214E+002  3.551049416568544E+004
    349  2.235383621891507E+002  1.053536845559803E+004
    350  1.908156459188084E+001  8.739213176928350E+002
    351  2.115945104925895E+002  9.529842626946449E+003
    352  3.544746480403219E+002  1.600311515288689E+004
    353  3.204158213308288E+001  1.498539966238625E+003
    354  2.438739957468307E+001  1.087693768526357E+003
    355  2.476828188184898E+002  1.180653016486152E+004
    356  1.773249787112398E+003  8.294522242444796E+004
    357  3.734618635067056E+002  1.677186336988336E+004
    358  4.903771663602219E+003  2.255671476167709E+005
    359  6.299193777331297E+002  3.082197837466327E+004
    360  1.356110379693111E+002  5.965152520450116E+003
    361  9.427071706440131E+001  4.269234994843260E+003
    362  1.059772610292208E+001  4.515947347226774E+002
    363  1.919873381363935E+000  7.053935564746578E+001
    364  2.178007928669386E+002  1.064248568633852E+004
    365  2.255194623474342E+002  1.070597081188089E+004
    366  2.697493029254188E+001  1.201331192038297E+003
    367  4.146095886617097E+002  2.049246889519342E+004
    368  1.573270513826455E+001  6.683241821089414E+002
    369  2.063321730606280E+002  1.044748546319784E+004
    370  3.561364639532070E+001  1.569412705537836E+003
    371  1.158120945027012E+001  5.160735192958711E+002
    372  9.034493886372955E+001  4.319085579192090E+003
    373  1.337790577550649E+001  6.180349150723797E+002
    374  1.181399858551807E+003  5.863293797506371E+004
    375  7.362089678547808E+001  3.645219973658286E+003
    376  1.615394609843912E+003  8.017843723171494E+004
    377  1.562090207788645E+002  7.254120407117935E+003
    378  1.288640952801454E+003  5.923596540416914E+004
    379  9.403862212341133E+002  4.273404254883629E+004
    380  8.375527446847690E+002  3.852026850685122E+004
    381  5.802252440547401E+002  2.737320990877536E+004
    382  2.231684306787694E+002  1.004595197383225E+004
    383  1.014313998465004E+003  4.901009113537372E+004
    384  2.931092111784786E+004  1.430062464951006E+006
    385  8.742275611603487E+002  3.973501976304787E+004
    386  1.004653869802568E+004  4.794094371689932E+005
    387  2.733001547130704E+003  1.319986304075849E+005
    388  3.738091965095027E+000  1.591950264359473E+002
    389  2.376204032391018E+002  1.064553151146566E+004
    390  1.498900009413479E+004  7.536726935536778E+005
    391  3.298439366349941E+003  1.536382995279217E+005
    392  7.115893049246387E+003  3.409723588940196E+005
    393  1.695396579632743E+004  8.397131889187768E+005
    394  2.340827209834673E+002  1.095268340737079E+004
    395  3.936627431610777E+003  1.968437116202290E+005
    396  7.512854414547718E+002  3.671254372530736E+004
    397  1.798175243961154E+002  8.666596281017837E+003
    398  3.346334766960286E+002  1.627208314298773E+004
    399  1.007505816983397E+003  4.955717418134747E+004
    400  2.360192353380787E+003  1.123484295112151E+005
    401  3.028122578433953E+002  1.343418779275636E+004
    402  3.369244935582157E+003  1.613878850528161E+005
    403  8.636432570963602E+002  3.837819008000704E+004
    404  3.404810762625826E+002  1.636141846743906E+004
    405  1.378286725236826E+003  6.495136064803719E+004
    406  3.631797493465519E+000  1.656532246483382E+002
    407  6.269037794920991E+003  3.135028190942164E+005
    408  1.529805194342769E+001  7.398016786434213E+002
    409  8.806890148101676E+002  4.143799586723431E+004
    410  5.433741321879862E+001  2.611582724899573E+003
    411  5.951575985196774E+002  2.891318144555566E+004
    412  6.223363059374983E+000  2.785317680960716E+002
    413  1.336489994186157E+003  5.999986583198665E+004
    414  8.373035207071160E+001  3.682903023883482E+003
    415  2.040143777506544E+003  9.546024241622370E+004
    416  7.033787344129648E+001  3.353941572625106E+003
    417  4.175605916632671E+002  1.923619517443737E+004
    418  3.321809193532414E+004  1.385865954750228E+006
    419  6.644953891314930E+003  3.329107996764621E+005
    420  9.049894600450536E+001  4.288259287888876E+003
    421  4.450364107883365E+002  2.137871308175814E+004
    422  3.136873381184344E+003  1.338763567286953E+005
    423  3.476839148724155E+003  1.627149412334762E+005
    424  1.310722813077096E+001  5.836130989125521E+002
    425  9.051224831654155E+003  3.869762822370028E+005
    426  1.617615530524009E+003  7.086891394967360E+004
    427  2.895833238852659E+003  1.358450266903807E+005
    428  7.979271759768560E+000  3.615542160560579E+002
    429  1.778356629386573E+001  8.072141506930178E+002
    430  2.447669500894428E+003  1.178174107898623E+005
    431  1.098741684760925E+003  4.727541233338814E+004
    432  3.771335939816414E+001  1.750724220954372E+003
    433  1.676261273922733E+002  7.972080826636280E+003
    434  2.073386537937207E+003  1.002971803522045E+005
    435  3.205862658790654E+001  1.409809499263608E+003
    436  3.654625158296613E+003  1.666904061564850E+005
    437  2.579952971052159E+001  1.184177548720552E+003
    438  4.827983166592089E+003  2.225969033038127E+005
    439  2.501214404858005E+000  9.170047522558416E+001
    440  1.231324700746579E+003  5.983621690158043E+004
    441  3.546343275413082E+001  1.544462130316494E+003
    442  3.612018322123529E+002  1.725417382115772E+004
    443  2.501135961801936E+000  1.083718227394254E+002
    444  1.570576425220094E+002  6.916191731778646E+003
    445  1.806431719807731E+003  8.311467828354101E+004
    446  1.011116861389375E+003  4.819149956901655E+004
    447  1.780675950214477E+001  8.008330829405986E+002
    448  4.664402900159345E+002  2.261346303454540E+004
    449  2.996698315373263E+002  1.377395110466403E+004
    450  3.203129166948534E+003  1.622319281649220E+005
    451  2.348723049270561E+002  1.100123989784990E+004
    452  3.176957927031365E+003  1.587202571619117E+005
    453  4.950363136739580E+003  2.455206924073289E+005
    454  9.704510796807188E+003  4.943602866281189E+005
    455  1.172210848466452E+002  5.702967194540691E+003
    456  3.271569292082137E+003  1.659841961570649E+005
    457  2.230640867390442E+001  9.416042592392013E+002
    458  2.330319313573365E+003  1.172516952031886E+005
    459  6.193401053099627E+002  2.881731169550201E+004
    460  1.916331931424369E+003  9.704097707957706E+004
    461  1.852278066186654E+001  8.259671408417461E+002
    462  2.883404403654998E+003  1.351545349659658E+005
    463  2.874882818569363E+001  1.282377231325393E+003
    464  2.026450563902838E+003  9.622950149024736E+004
    465  3.621191951033424E+001  1.603482953905407E+003
    466  7.649777625913522E+002  3.623596027787198E+004
    467  3.993574163851041E+002  1.859017332182893E+004
    468  7.497966964363337E+002  3.594858845609462E+004
    469  1.489551070249281E+001  6.533587019056779E+002
    470  4.556033448026468E+001  2.008275704142962E+003
    471  3.305484076005749E+001  1.476129550411552E+003
    472  2.423038510779985E+003  1.190359187444521E+005
    473  1.302812665002569E+002  6.366268389767440E+003
    474  9.113947934761474E+003  4.600567329521853E+005
    475  6.242222609497674E+002  3.134297856325452E+004
    476  3.374661120442952E+001  1.588162994404575E+003
    477  1.564542027157584E+003  7.913889336845484E+004
    478  2.467993682647289E+002  1.214154637105293E+004
    479  4.324654066575503E+003  2.154790092162659E+005
    480  4.026797394898846E+002  1.943104731322873E+004
    481  4.170364724488929E+001  1.740695815022710E+003
    482  5.506824641933017E+002  2.688374287479573E+004
    483  8.814160059726612E+002  4.216253405428046E+004
    484  5.306309604983316E+001  2.497670054684720E+003
    485  1.800623727226498E+003  9.025369834060258E+004
    486  9.297319177642183E+001  3.841734546396461E+003
    487  1.549311660407054E+003  7.813886347230247E+004
    488  9.267889124858224E+000  3.916560588253502E+002
    489  9.830083824548266E+002  4.927325722085829E+004
    490  4.736104918062160E+000  2.253722529350064E+002
    491  7.032556330878898E+002  3.504873600697706E+004
    492  1.006912122678684E+003  4.675112873747023E+004
    493  2.843171915490996E+002  1.273223505737431E+004
    494  6.260425882451838E+002  3.008144192026407E+004
    495  8.286230116278890E+002  4.051974444193344E+004
    496  8.538920713621200E+000  3.831368352259375E+002
    497  5.042637110894373E+002  2.345367705658774E+004
    498  4.069091314441333E+002  1.959825817553111E+004
    499  1.269319020666602E+000  4.884770131396092E+001
    500  6.397016216736495E+002  3.162086906200971E+004
    501  1.841953059843594E+000  7.950612321428790E+001
    502  1.105780116763392E+002  4.931733734806713E+003
    503  2.670499163063250E+003  1.344225156013596E+005
    504  1.594884955013242E+003  7.828461268250103E+004
    505  1.141265482384799E+003  5.699393283752584E+004
    506  8.996005312320987E+000  3.903943856940759E+002
    507  1.961577678903007E+003  9.217008119549073E+004
    508  2.588604594087390E+001  1.218287176928822E+003
    509  1.965154011944432E+001  9.458857344186767E+002
    510  1.860319595101201E+003  9.266438378050964E+004
    511  7.737731858116999E+001  3.729552766171055E+003
    512  2.532886288771337E+003  1.274472504416569E+005
    513  4.437222473422767E+001  2.052773960643935E+003
    514  6.160711620719939E+002  3.037439032758895E+004
    515  1.368258893992839E+002  6.236182010869750E+003
    516  2.191013221682572E+002  1.066337290434328E+004
    517  4.107967505269042E+002  2.061401573054387E+004
    518  1.090483322945502E+003  5.420410878533404E+004
    519  1.101613538311740E+003  5.583010979872270E+004
    520  4.956006428380215E+000  2.242381210924975E+002
    521  9.761663037715908E+001  4.344744536164787E+003
    522  4.834226279956624E+001  2.314685578106848E+003
    523  3.856733052587811E+002  1.868848090788090E+004
    524  3.018969909783490E+003  1.534670438789870E+005
    525  1.430998226421746E+002  6.881126368169907E+003
    526  6.566494775712741E+001  3.040602300966585E+003
    527  1.119628765790258E+003  5.690238051405592E+004
    528  1.013407241298502E+002  4.643865334965351E+003
    529  5.100364730013103E+001  2.313629885328575E+003
    530  1.401152495449178E+003  6.935202134289801E+004
    531  1.269014864849502E+003  5.875230648018751E+004
    532  3.066285822882458E+002  1.455991254528380E+004
    533  3.928928570074008E+002  1.896098000520868E+004
    534  2.307590927453078E+002  1.094706437936641E+004
    535  1.107017979911655E+004  5.337388127272788E+005
    536  1.647362270494955E+003  7.341219331886650E+004
    537  2.347703198930664E+004  1.114632523274372E+006
    538  1.746079102799256E+003  7.602769188281546E+004
    539  2.333005693352864E+004  1.138864992162950E+006
    540  1.141855863394404E+003  5.475945245957104E+004
    541  3.550532240921295E+002  1.772461026552462E+004
    542  1.080381603966299E+002  4.855488267170657E+003
    543  3.338996704249474E+002  1.503189103652107E+004
    544  6.059809847144072E+003  2.721230872937260E+005
    545  5.014659736298543E+002  2.434475292032284E+004
    546  8.695061364584872E+003  3.895758472452362E+005
    547  1.164473379866656E+005  5.226707157332730E+006
    548  2.870672930445049E+002  1.286992926436561E+004
    549  5.160075795191432E+003  2.304010603274378E+005
    550  2.270644296841429E+003  1.126868359348753E+005
    551  6.735026800668107E+003  2.959809010385624E+005
    552  5.510724750010391E+003  2.245260754040763E+005
    553  8.916050763923629E+002  4.170055495765238E+004
    554  4.295861560713993E+003  1.933931353313930E+005
    555  1.398768415845760E+002  6.525075379870444E+003
    556  1.993579520422264E+001  8.332902089015316E+002
    557  6.631118647944245E+002  3.027341255882203E+004
    558  6.320242379632356E+001  2.899245790021556E+003
    559  9.992481634997763E+002  4.904762644062727E+004
    560  2.738587071184747E+002  1.235581928635707E+004
    561  6.361219806491069E+001  2.997046209809141E+003
    562  3.151533104848429E+001  1.275851379796111E+003
    563  1.672358130768829E+004  7.641121529531465E+005
    564  4.353918044278524E+002  1.921495914935809E+004
    565  1.287570970326446E+002  5.934533863783586E+003
    566  2.029284199086476E+004  9.037279247262181E+005
    567  4.794842801354616E+001  2.123000066398827E+003
    568  5.365548130025206E+002  2.536178507769019E+004
    569  2.762224318927834E+001  1.244710863396428E+003
    570  1.514653827575579E+003  6.584656450538784E+004
    571  9.302079515768474E+001  4.199779131241602E+003
    572  2.960554528667535E+002  1.291663042774854E+004
    573  1.404342168153175E+002  6.336373028327273E+003
    574  1.861434132576140E+001  8.728471923623123E+002
    575  1.379065834635136E+003  6.639255615471669E+004
    576  3.160569195482552E+002  1.285340719813696E+004
    577  7.323469421387470E+001  3.307630700288351E+003
    578  7.018465225983753E+001  3.238711063877319E+003
    579  2.981238504446953E+001  1.390878731386569E+003
    580  4.420584033115467E+002  2.010150015872308E+004
    581  1.737741374778026E+000  8.231996100438174E+001
    582  3.195782218722038E+002  1.485148862501072E+004
    583  3.903086981638122E+001  1.720761913466102E+003
    584  8.278525180426142E+001  3.794376328260196E+003
    585  3.324062523604590E+002  1.610030429347581E+004
    586  1.246992432670963E+001  5.257713769974264E+002
    587  1.990651759287474E+002  9.664808005704250E+003
    588  2.897929087579599E+003  1.427371129636767E+005
    589  3.991707010434550E+001  1.753653809978591E+003
    590  7.116307640742220E+000  3.041123431766671E+002
    591  1.307257352735358E+001  5.782299823932793E+002
    592  1.268283032839254E+003  6.262150422222084E+004
    593  8.567254032277701E+002  4.215927487003513E+004
    594  5.830542622036436E+001  2.626461007908198E+003
    595  3.018691418746744E+001  1.312631165649336E+003
    596  4.212412488276316E+001  1.914380591938989E+003
    597  6.262097395778972E+001  3.111205860864409E+003
    598  1.075426866010417E+000  4.297174813881846E+001
    599  6.822285874295039E+002  3.448384678845930E+004
    600  2.200464741237626E+002  1.117306840581141E+004
    601  1.763162302899478E+001  8.153992898299657E+002
    602  8.429113185275831E+002  4.181768176629024E+004
    603  6.274042438037870E+000  2.980305895181031E+002
    604  2.725201192061063E+002  1.234657030270738E+004
    605  7.041160394970917E+001  3.144654141353948E+003
    606  1.628542097762395E+000  7.067099297962588E+001
    607  6.074909077006574E+001  2.909354381553950E+003
    608  2.186486019700836E+001  9.842808311312968E+002
    609  2.230106043396916E+002  1.088241600923365E+004
    610  4.301024865254828E+001  1.943393483303208E+003
    611  6.126864654511357E+001  2.953112706681441E+003
    612  1.275180402399186E+000  5.760563101685673E+001
    613  6.671318607037085E+002  3.259905516173698E+004
    614  4.815045193847988E+000  2.159731343137875E+002
    615  3.180575781200392E+002  1.592011037424050E+004
    616  5.236118157749323E+001  2.384759395067037E+003
    617  1.880532602578854E+002  9.217744698993189E+003
    618  3.597462141359140E+002  1.731935249727641E+004
    619  1.121340906150112E+001  5.040020096509363E+002
    620  3.051115937054811E-001  1.138262098973519E+001
    621  2.106759684017005E+002  1.046850230955290E+004
    622  3.293024078981769E+001  1.465816468935761E+003
    623  1.405719396779348E+002  6.808091525370964E+003
    624  3.711807221651654E+001  1.656929718995019E+003
    625  9.758678510941715E+000  4.220127631390085E+002
    626  5.157080825529108E+001  2.549688291261739E+003
    627  8.876318719519983E+000  3.928116846677892E+002
    628  1.328438715637304E+000  5.375335899289467E+001
    629  1.168215778341979E+000  5.121570487646712E+001
    630  3.071761762227831E+001  1.430832780652320E+003
    631  3.088727045332952E+001  1.482761651009014E+003
    632  4.639289583209107E+002  2.319996257984948E+004
    633  1.917111063959346E+001  8.424360926127843E+002
    634  1.469131430867218E+001  6.578451802216401E+002
    635  4.700533618238483E+001  2.154452324655831E+003
    636  5.530694840594044E+001  2.532627466993836E+003
    637  3.640919165263983E+001  1.728009751532247E+003
    638  2.018883545287722E+000  9.130011914421874E+001
    639  1.299593048509028E+002  6.132789694002769E+003
    640  1.215962079505610E+001  5.721159323791287E+002
    641  3.242534861234659E+001  1.469631970726664E+003
    642  8.124830983179763E+000  3.544014554001904E+002
    643  9.337681877897759E+001  4.335890260913014E+003
    644  5.276773538782478E+000  2.291610976339446E+002
    645  7.950479163137769E+001  3.901694563513243E+003
    646  2.944180917892796E+001  1.404665088994855E+003
    647  2.857498225232022E-001  1.091949415954132E+001
    648  9.882272320062674E+000  4.513615932435694E+002
    649  1.515946848480488E+002  7.580184132885232E+003
    650  7.643048681471629E+001  3.782645420111354E+003
    651  8.195971206783943E+000  3.647867879884191E+002
    652  1.502723292646479E-001  4.116314099872894E+000
    653  2.978801813118730E+000  1.371847280949451E+002
    654  2.638773414992329E+002  1.291373975847942E+004
    655  1.562907258579828E+002  7.823204864343231E+003
    656  3.126843085599694E+001  1.389247088138616E+003
    657  1.076115084106695E+001  4.820473367778541E+002
    658  1.502263883660039E+002  7.112046505179730E+003
    659  1.767817021523038E+002  8.611149233268090E+003
    660  9.340339438479667E+000  4.179243259282761E+002
    661  3.160902246310156E+002  1.567943837246176E+004
    662  3.394946796433548E+000  1.549594033148840E+002
    663  4.723045767946003E+002  2.340416754539293E+004
    664  6.452133387996781E+000  2.936511915889917E+002
    665  1.244120452671912E+001  5.492768684145848E+002
    666  1.117925698835409E+002  5.027515929027711E+003
    667  1.446157470773872E+002  6.762623197290508E+003
    668  8.691015102239591E+000  4.033403706682749E+002
    669  4.158769722786234E+002  2.047725425853430E+004
    670  2.558756990186693E+001  1.153789223919458E+003
    671  9.054745198062884E+001  4.532133901342669E+003
    672  4.424656841328352E+001  1.963443798503142E+003
    673  4.069819132725417E+001  1.848341849772628E+003
    674  5.060159732570997E+001  2.264740729820767E+003
    675  3.917261641761978E+001  1.955673288120555E+003
    676  3.996788856097535E+001  1.898952031682047E+003
    677  7.515093104114118E+000  3.285808722059600E+002
    678  2.558370298077318E+002  1.258087451497769E+004
    679  1.118725762333473E+001  5.032245824414867E+002
    680  5.790289159947000E+002  2.718691559146726E+004
    681  2.329572082387659E+002  1.106435679770363E+004
    682  2.753952893722423E+001  1.228682440187301E+003
    683  1.769795507319425E+002  8.549800507916974E+003
    684  2.493813735857814E+001  1.111898410679716E+003
    685  9.457673893756754E+000  4.288464398265330E+002
    686  2.053501939308698E+002  9.711743757505434E+003
    687  3.231993653821157E+002  1.557931292006714E+004
    688  3.966403910601338E+000  1.717261006233219E+002
    689  2.664940488657959E+002  1.304206800256919E+004
    690  1.851954515332595E+002  8.917637372704898E+003
    691  2.861360062615065E+002  1.344244716073973E+004
    692  9.343957839048112E-001  3.695143814534308E+001
    693  2.985963851656765E+000  1.372589346449298E+002
    694  4.749491279189579E+002  2.227734085092439E+004
    695  2.640974269534381E+001  1.185280714298616E+003
    696  7.338041103641444E+000  3.251507543306665E+002
    697  2.948997281723291E+002  1.360514884004469E+004
    698  7.896006859791199E+002  3.652314563179440E+004
    699  8.024308614009097E+000  3.604465148923361E+002
    700  1.161397817068797E+002  5.387641937582378E+003
    701  4.937226324828337E-001  1.779467232512570E+001
    702  6.673496877314344E+001  3.134783979684709E+003
    703  3.745033388823968E+000  1.612616181307813E+002
    704  4.914945583337154E-001  1.809428227331066E+001
    705  4.541195928252030E+000  1.952440155401643E+002
    706  2.362421789743590E+002  1.170021378137292E+004
    707  8.791015851657535E+000  3.893801681602966E+002
    708  3.612509448773549E+002  1.677405622644829E+004
    709  1.596692848858137E+001  7.170756880224449E+002
    710  5.681069796872923E+002  2.790760228318025E+004
    711  5.162552161979164E+000  2.434278828650348E+002
    712  7.232370512722123E+002  3.551078174989075E+004
    713  3.537557134905747E+001  1.592832700659284E+003
    714  5.699412431220403E+000  2.537290302328174E+002
    715  6.232758828931331E+000  2.783533879542023E+002
    716  3.069723619509800E+002  1.444543166634869E+004
    717  4.191746239117601E+002  2.042896906273503E+004
    718  9.171538902430291E-001  4.209465237820844E+001
    719  2.550511793118048E+002  1.226373426591430E+004
    720  1.016791958896114E+000  4.186462143969441E+001
    721  1.216801258140139E+002  6.061860299161781E+003
    722  6.971567022682522E+000  3.170986960730652E+002
    723  3.291152993083839E+000  1.636194441610720E+002
    724  2.879133273762258E+002  1.445550325078719E+004
    725  1.337267436872536E+003  6.400886937356601E+004
    726  1.710096315592549E+000  7.353366836637927E+001
    727  4.192058863864489E+002  2.030166355425332E+004
    728  2.965738124643740E+000  1.291420970360515E+002
    729  2.427398558347035E+000  1.045177843587509E+002
    730  1.539352130540582E+002  7.194521937117566E+003
    731  1.316173279913656E+002  6.526714307708727E+003
    732  7.694901330458971E+000  3.279103267080363E+002
    733  1.421398218565254E+002  7.048086722660638E+003
    734  3.999518470753554E-001  1.527965772023400E+001
    735  4.894498339037578E+000  2.393525094264932E+002
    736  6.028256142008330E-001  2.384921474081930E+001
    737  3.648449015859433E+001  1.805629812206874E+003
    738  1.363086460644063E+002  6.758655450980607E+003
    739  6.908933835591951E+000  3.317911777793983E+002
    740  2.447616950461319E+000  1.200114201857211E+002
    741  6.354864167805838E+002  3.199298500769606E+004
    742  1.549439520406721E+002  7.241564509608266E+003
    743  7.083268893438083E-001  3.232179976322194E+001
    744  1.355355500410019E+001  6.010583752345469E+002
    745  2.637180739343760E+002  1.261212209945758E+004
    746  9.939697371033385E+001  4.850735561872339E+003
    747  3.947199910939771E+000  1.845969233910277E+002
    748  8.683397117210737E+001  4.370113310726932E+003
    749  1.471936549665569E+002  6.982978892571755E+003
    750  1.578052629800197E+000  7.051504225311042E+001
    751  1.044895054383844E+002  5.226669582506340E+003
    752  3.317300191950738E-001  1.191397705850099E+001
    753  1.465891296167330E+000  6.552752768502621E+001
    754  7.012732741390285E+000  3.138401248489852E+002
    755  1.164698660088626E+002  5.732160411426389E+003
    756  1.097547441818215E+002  5.269829853220260E+003
    757  6.430120960499836E+001  2.974928614047498E+003
    758  5.593331286182782E+000  2.450139626052594E+002
    759  7.863520126907139E-001  3.577173448081694E+001
    760  1.195870761135989E+002  5.962572807931519E+003
    761  4.403156136834464E+000  1.950406734537154E+002
    762  2.195627379201365E+002  1.090215017714280E+004
    763  2.545066795070260E+002  1.255197387069343E+004
    764  5.171462746459372E+000  2.340931780371311E+002
    765  1.029838133852739E+003  5.119153091568538E+004
    766  5.353803817548526E+000  2.555089393220240E+002
    767  5.533968604882000E+000  2.422219113662783E+002
    768  5.886386556529287E+002  2.867968392190801E+004
    769  4.400460512368802E+002  2.144800665567102E+004
    770  7.606801476758433E+000  3.382699274200060E+002
    771  1.862941736977764E+002  9.059452083905066E+003
    772  4.327280563731333E+002  2.057705275035540E+004
    773  6.924730808379728E-001  2.968196226951759E+001
    774  1.264707726279409E+002  5.887292046197191E+003
    775  1.348132203296063E+000  6.487539111775641E+001
    776  2.376916941722325E+000  9.981328263235594E+001
    777  1.575849980965235E+003  7.939424517925890E+004
    778  1.123532511334833E+003  5.656333053589638E+004
    779  2.576003437796795E+000  1.151361195668010E+002
    780  1.596506277298036E+002  7.822954693998602E+003
    781  9.390890201361726E+000  4.261165694287361E+002
    782  1.239043449551792E+001  5.535364528034485E+002
    783  1.404876844730510E+003  7.028572819918876E+004
    784  4.652778321661576E+002  2.280760881497078E+004
    785  1.427172221411730E+003  7.087036253953955E+004
    786  6.024226353273552E+000  2.700274344734923E+002
    787  1.832664690163174E+001  8.220494313156238E+002
    788  1.692211099726728E+000  7.532078035694163E+001
    789  2.255793566949049E+002  1.103157885141642E+004
    790  1.425769726526216E+001  6.421852552997663E+002
    791  5.438972315966046E+002  2.677066156640483E+004
    792  7.672817262351396E+000  3.632734084487640E+002
    793  1.472976960448491E+002  7.194330528120922E+003
    794  7.649262885448269E+000  3.358214779034738E+002
    795  4.184353165490876E+002  2.111259134756456E+004
    796  6.420510003310439E+001  3.047090542920964E+003
    797  1.221965390178106E+002  6.103799486694182E+003
    798  1.899092470288362E+000  8.897598837724247E+001
    799  2.036725518131373E+002  9.805539806525810E+003
    800  2.414923100141775E+001  1.116999214270085E+003
    801  7.620209094521460E-001  3.510593159748092E+001
    802  2.601934652746465E+002  1.249150296147774E+004
    803  1.194329900278888E+002  5.926578227257523E+003
    804  1.082991411727984E+001  4.842562113995577E+002
    805  3.703997311022754E+000  1.690250381527471E+002
    806  3.864578490000050E-001  1.443932359798183E+001
    807  3.249409497258922E+002  1.615307198653588E+004
    808  1.132854074390415E+002  5.639999779681154E+003
    809  6.122129456575976E+000  2.706571574855359E+002
    810  1.105830080400389E+003  5.607077821153905E+004
    811  1.485829944076306E+000  6.756151784392617E+001
    812  2.148536304132410E+002  1.082250907445388E+004
    813  1.369834970084961E+003  6.904909010492318E+004
    814  7.987350820294921E-001  3.202935843695865E+001
    815  1.511299794211436E+001  7.055838309227576E+002
    816  1.477642317986272E+003  7.487876320176672E+004
    817  5.935462847507944E+002  2.996108413962474E+004
    818  3.900598986413538E+000  1.828660000659089E+002
    819  2.465531025922370E+000  1.193532404079072E+002
    820  1.568925565303295E+002  7.792479626605789E+003
    821  2.174045414978684E+002  1.078870888979858E+004
    822  1.492488546814923E+002  7.388513143342461E+003
    823  2.540261530118466E-001  9.624162086285308E+000
    824  2.213505946709725E+002  1.117226477287320E+004
    825  3.059346991223223E+002  1.526080997695273E+004
    826  3.561226941066091E+002  1.745323296251528E+004
    827  9.127398609526333E+001  4.439486512305503E+003
    828  5.670752453581459E+000  2.636738808198517E+002
    829  6.342664446544186E+001  3.118664096833763E+003
    830  2.380707403522089E+000  1.098965728668074E+002
    831  1.352643303885104E+002  6.694808419462530E+003
    832  1.643833528300570E+002  8.166180289570061E+003
    833  4.022295355064969E-001  1.681249131475426E+001
    834  1.597860315696619E+000  6.939972749547343E+001
    835  1.128246147383525E+002  5.344434893679912E+003
    836  4.386644082719297E+002  2.192805325332169E+004
    837  5.704358258970293E+000  2.828615323397461E+002
    838  7.279766700906302E+001  3.429432241573636E+003
    839  2.097897110622883E+000  9.355800631768331E+001
    840  1.880630594587441E-001  5.554413230520514E+000
    841  5.924797471244521E-001  2.325807642925986E+001
    842  6.269218328853191E+002  3.145665141363823E+004
    843  8.389345436643130E+001  4.075622870392549E+003
    844  3.166367208878679E+002  1.572902986014570E+004
    845  1.235807082614787E+001  5.722021502385129E+002
    846  7.048065148131716E+000  3.080459916651801E+002
    847  2.104720508011884E+002  1.008808160185786E+004
    848  3.599971547714674E+002  1.691223882855090E+004
    849  7.455894001526485E+000  3.368653090238532E+002
    850  2.379079816505985E-001  8.018902030208118E+000
    851  9.432682288752633E+001  4.392689941502095E+003
    852  1.019075037043568E+001  4.763611111304390E+002
    853  1.048771116101270E+002  5.289873857204774E+003
    854  3.351584076598235E+002  1.683682847180489E+004
    855  1.246557144106944E+002  5.825790834398712E+003
    856  3.640989450472185E+000  1.801950259811451E+002
    857  2.279514372478021E+000  1.094138692743391E+002
    858  3.272547182814908E+002  1.653244145731594E+004
    859  6.506181349474913E+000  3.050179886432808E+002
    860  1.689361461757657E+002  8.531780012031859E+003
    861  2.779500453884713E+000  1.354425188092135E+002
    862  8.433532600269498E+000  3.740693418552344E+002
    863  2.057625007209136E+002  1.039705951867664E+004
    864  5.195258522380070E-001  2.266940808533835E+001
    865  1.342008530201241E+002  6.762420601307304E+003
    866  2.969369010941397E+002  1.396445064728727E+004
    867  3.009360037819819E+000  1.451783775422445E+002
    868  2.641180086710498E+002  1.309616562488016E+004
    869  6.058235297241464E-001  2.579948059439247E+001
    870  9.962849546930197E+002  4.728846893224943E+004
    871  8.239854269107626E+001  3.852543661925350E+003
    872  8.459731856922728E-001  4.046751005525990E+001
    873  1.151767809535050E+002  5.666807007067416E+003
    874  5.096281394733685E-001  1.975700533716743E+001
    875  2.056840966818441E+002  9.687971161842781E+003
    876  1.827877513808115E+000  8.058148330825523E+001
    877  2.636733883657801E+002  1.255025496398788E+004
    878  1.699868839693005E+000  7.230603742228497E+001
    879  1.713939280772276E+001  8.005506547143679E+002
    880  7.383649482436040E+001  3.580620463799560E+003
    881  3.463855828007832E-001  1.513456391635915E+001
    882  2.756247526471435E+000  1.287474964702302E+002
    883  2.985425074925299E+001  1.478494679330274E+003
    884  7.153520560595649E+001  3.454075255963944E+003
    885  7.100572041370171E-002  1.153463497700073E+000
    886  3.035876970275665E+002  1.482856159291623E+004
    887  1.538320021300875E+002  7.240111656905367E+003
    888  2.108182027308290E+000  9.187046642322530E+001
    889  4.109165839047554E-001  1.831477957635546E+001
    890  2.390553424322901E+002  1.161601950493080E+004
    891  1.373124661782824E+000  6.688530475237597E+001
    892  2.376805463361339E+002  1.162404858607146E+004
    893  6.251792284629047E+000  2.760523334967764E+002
    894  3.937423722401707E+001  1.888613511444825E+003
    895  4.485074293266742E+002  2.246990983932086E+004
    896  5.114177902746252E+001  2.463695494616488E+003
    897  5.824095325846235E+002  2.844601081553058E+004
    898  4.111653574188711E+002  1.977126428670173E+004
    899  4.680873182953857E+001  2.119810593724871E+003
    900  2.325731182766901E+000  1.080077536718665E+002
    901  3.633003188079876E+000  1.565094379154677E+002
    902  5.501088657180177E+002  2.758668644366476E+004
    903  8.174202194116630E+001  3.710819910330335E+003
    904  1.076797150958331E+000  5.013609192425118E+001
    905  4.317808759211631E+002  2.023374907754264E+004
    906  1.927157546504369E+000  9.047530835197513E+001
    907  1.343688895731755E+002  6.365614429603968E+003
    908  4.185979667881081E+000  1.785973579211044E+002
    909  4.489274523546223E+002  2.254708174721366E+004
    910  2.132248174346261E+001  9.462656083147099E+002
    911  8.081370669422511E+002  3.849088731041374E+004
    912  1.479004461579424E+000  6.545289317628259E+001
    913  2.058593051197459E+001  9.978808449030156E+002
    914  3.363131107933842E-001  1.320209309317101E+001
    915  1.105230837722413E+001  5.103665562671702E+002
    916  7.363406234533721E+001  3.640686491128734E+003
    917  9.734060726558852E+001  4.655116340623185E+003
    918  3.397955017540928E+002  1.691549853936041E+004
    919  9.007544639948894E+001  4.183432970737083E+003
    920  3.383283725880236E+000  1.485733766111487E+002
    921  4.782006254391079E+001  2.356684544874465E+003
    922  1.673842023620326E+001  7.838808980212203E+002
    923  1.398095084655844E+001  6.439778971514676E+002
    924  5.709679427792365E+002  2.814478625635357E+004
    925  2.008753685935052E+000  8.648985611921842E+001
    926  2.590678846289052E+002  1.151952608073230E+004
    927  1.348662450176414E+001  6.088322007669123E+002
    928  6.165351899805820E+002  2.921311011390117E+004
    929  7.395040578138822E+002  3.512801954665056E+004
    930  7.273225136949243E+002  3.401402859658173E+004
    931  5.419693757358217E+000  2.434854650416691E+002
    932  6.322370063678152E+001  2.981512398315858E+003
    933  5.569163935124958E+000  2.584486109856711E+002
    934  5.314026432721915E+002  2.671946213916605E+004
    935  2.043477044810416E+000  8.893081922754550E+001
    936  7.918908658746375E+000  3.844542535527852E+002
    937  6.551101354099569E+002  3.080287864407223E+004
    938  1.599128455368787E+002  7.962544716329787E+003
    939  3.252336355926922E+000  1.414459001662561E+002
    940  1.763924902021896E+002  8.657244652360840E+003
    941  3.111822088528585E+000  1.511864283198252E+002
    942  1.543376926868677E+002  7.585192669431250E+003
    943  3.761816445680313E+001  1.833642628663700E+003
    944  1.180533782801216E+002  5.745150250532675E+003
    945  1.158725888723163E+002  5.568887141932298E+003
    946  1.042441724583302E+000  4.742946345985052E+001
    947  3.890008151708367E+002  1.847090530947531E+004
    948  1.811838995918750E+002  9.023252855507890E+003
    949  8.495983261338646E+000  3.933866131624523E+002
    950  8.416047068791761E+001  4.073984987849663E+003
    951  5.321682170234796E+000  2.492287715512995E+002
    952  2.770646458995120E+002  1.301043743271598E+004
    953  1.179506159030324E+001  5.776093455730329E+002
    954  1.099833430095127E+003  5.595303647953881E+004
    955  4.151078614089388E+002  2.111856778188992E+004
    956  3.930492284032583E+000  1.978457911548690E+002
    957  3.915200984038852E+000  1.753511841873865E+002
    958  3.209080230269378E+002  1.631617468986644E+004
    959  1.838263401873559E+000  8.498575996165052E+001
    960  2.180541225403009E+002  1.102358336701352E+004
    961  3.515378260381896E+000  1.595772143367224E+002
    962  1.052187077913405E+002  5.092882265065434E+003
    963  1.153709039841156E+001  5.161574926266674E+002
    964  5.087964790484681E+002  2.577961367383766E+004
    965  1.088234618255493E+000  5.289782593509231E+001
    966  1.181519433388225E+003  5.997269927089607E+004
    967  7.329173427521772E+001  3.419959281276876E+003
    968  1.213165469735794E+002  5.752812255677702E+003
    969  6.644465637898433E-001  2.931597213030230E+001
    970  5.742923441240907E+002  2.858539378717424E+004
    971  1.065746232759406E+000  4.966427658809237E+001
    972  1.571811956333483E+002  7.814365341098783E+003
    973  5.383961760420711E+002  2.585813494129817E+004
    974  1.445598180468044E+000  6.516169031821836E+001
    975  4.760146240741810E+001  2.298241916136399E+003
    976  1.271358567725991E+002  6.297003477683142E+003
    977  3.585432886051304E+001  1.716538541995040E+003
    978  1.301598884891565E+001  6.421131268961750E+002
    979  2.006660419815512E+002  9.691448163032508E+003
    980  3.275509779011431E+000  1.540044964815324E+002
    981  6.143497753921732E+002  3.121416319801508E+004
    982  1.048123757697243E+001  4.995458805236778E+002
    983  5.592487188500922E+001  2.605533953442019E+003
    984  5.830699470856887E+001  2.754328799205443E+003
    985  7.929994860930735E+000  3.773419897975273E+002
    986  1.052033689405796E+002  5.262186060078740E+003
    987  2.665834603914590E+000  1.177077384326116E+002
    988  6.674378641288759E+001  3.293714866710566E+003
    989  5.713654335119608E+002  2.886782453302187E+004
    990  5.018806278901350E+000  2.167702221770192E+002
    991  1.280769180786766E+003  6.429983106120886E+004
    992  2.954290316126967E+002  1.414506023236276E+004
    993  2.877693887346191E+000  1.389863079069017E+002
    994  8.173623359066376E+000  3.565970246189204E+002
    995  1.294317228169437E+002  5.778620094796756E+003
    996  2.060165681239783E+000  1.012718813116654E+002
    997  6.279319282627503E+002  3.147772737318173E+004
    998  1.103733781839205E+003  5.423688784720074E+004
    999  5.221429382384508E+000  2.639577721566492E+002
   1000  5.035010271484845E+002  2.412289217699031E+004
   1001  1.409453172094484E+003  6.992122031781600E+004
   1002  1.393010236316313E+001  6.730336222538800E+002
   1003  3.109512524515525E+000  1.448256923651089E+002
   1004  1.048035582198839E+001  4.622068070135971E+002
   1005  2.197078438480898E+002  1.074296659119891E+004
   1006  8.949504381579890E+002  4.272808275118476E+004
   1007  1.335710038156694E+000  6.108160908104555E+001
   1008  3.593742142401805E+002  1.686639236219365E+004
   1009  4.172495679505972E+002  1.960230478831548E+004
   1010  5.980601487811700E+000  2.698524483786410E+002
   1011  1.729303736691767E+002  8.064358915929741E+003
   1012  2.921773258359420E+000  1.333932100071858E+002
   1013  1.641618996620211E+002  8.080506881506339E+003
   1014  9.081316617376214E+001  4.226899191260285E+003
   1015  2.592266419470397E+000  1.301999713610462E+002
   1016  4.892792601838860E+002  2.440218186386203E+004
   1017  5.865881297042733E+000  2.534988283093560E+002
   1018  4.983896880361090E+002  2.485713596768154E+004
   1019  2.455495968695728E-001  1.043450995922683E+001
   1020  7.208524524399442E+002  3.647535629506880E+004
   1021  1.495627531820572E+002  7.509078206847018E+003
   1022  3.402144452482457E+002  1.709403111092006E+004
   1023  1.500529529116095E+000  6.235801010076701E+001
   1024  1.354944671440288E+003  6.765366448006303E+004
   1025  3.245190504226524E+000  1.461439432512043E+002
   1026  5.016379245808440E+002  2.447977121344358E+004
   1027  7.914501403675924E+002  3.868790083765504E+004
   1028  1.179683690738352E+001  5.208778073582081E+002
   1029  9.415511551730764E+002  4.425225460242277E+004
   1030  2.840204296682192E-001  1.193096173394188E+001
   1031  5.460827558106246E+002  2.641462185994239E+004
   1032  3.083905083650695E+002  1.468612195814520E+004
   1033  7.771956019873028E+002  3.622116373199548E+004
   1034  2.501879333959193E+002  1.238688064071203E+004
   1035  6.118078708065549E+000  2.670319835224223E+002
   1036  8.141387175304498E+002  3.585339856463692E+004
   1037  9.288520149993238E-001  4.104954551261967E+001
   1038  2.959197428003904E+003  1.226024256164145E+005
   1039  3.689703544465129E+003  1.718320179239802E+005
   1040  1.686948670516848E+001  7.648971149525615E+002
   1041  2.986805574569074E+003  1.257395277286928E+005
   1042  3.141226212801653E+003  1.583457861717170E+005
   1043  6.460366043510271E+000  2.791599907757458E+002
   1044  2.004289254285886E+003  9.571183598128182E+004
   1045  1.560752545605778E+003  7.710293075982109E+004
   1046  3.761160887047859E+001  1.762738290994931E+003
   1047  4.516939558956507E+003  1.907392084611088E+005
   1048  4.762212286646261E+003  2.175671736008949E+005
   1049  7.014496983358908E+000  3.405697680077564E+002
   1050  1.445684490773767E+003  6.981929490105904E+004
   1051  6.684217224136454E+000  2.906683354576223E+002
   1052  6.857532783655435E+003  3.322795319845534E+005
   1053  1.127887898327436E+003  5.072272217185450E+004
   1054  4.542709041150862E+000  2.017527366295757E+002
   1055  1.952922167760837E+003  9.779565480624630E+004
   1056  1.572531784335254E+001  7.676774884464895E+002
   1057  1.443624330782728E+003  6.976356989736715E+004
   1058  2.578116585178372E+003  1.249573244053726E+005
   1059  2.188347553775278E+000  1.054218211880862E+002
   1060  6.640676274095287E+003  3.114192103410361E+005
   1061  1.014920939373107E+003  4.675760356959294E+004
   1062  1.601441155953080E+003  7.646333126570460E+004
   1063  2.854210676011140E+001  1.306783465558457E+003
   1064  4.273874190922256E+002  1.947691504175599E+004
   1065  9.902829436555242E+000  4.559270995589997E+002
   1066  2.518254251836772E+003  1.262446869167481E+005
   1067  4.129855490560759E+003  2.017569862528119E+005
   1068  1.652405013711350E+001  7.377285230091589E+002
   1069  6.319032766438447E+003  2.902734401699090E+005
   1070  4.863428621085898E+004  2.273062873188578E+006
   1071  3.401424981233969E+003  1.675055870968575E+005
   1072  7.652295869549791E+003  3.366920468036713E+005
   1073  2.759180122546300E+000  1.298946137096563E+002
   1074  1.557751073471612E+004  7.638175569280178E+005
   1075  1.143097304914166E+003  5.116758182653155E+004
   1076  2.638974049575069E+002  1.312741348321300E+004
   1077  6.343635525327302E+001  2.980821519951035E+003
