# dt =   1.000000000000000E-003
# j, New nj, Rate of change (1/s)
      1  4.931223966368943E+002  4.342857391381273E+004
      2  1.780790340183155E+004  1.581440854529334E+006
      3  4.255295141319231E+002  3.481227935009301E+004
      4  8.822572530569327E+002  6.634415864383419E+004
      5  2.119530520280792E+003  1.594649382788515E+005
      6  2.797065768555576E+002  2.183295164102648E+004
      7  2.082661961371894E+004  1.564360509494187E+006
      8  1.060298892304117E+004  7.953105096509322E+005
      9  5.818702374393588E+003  4.981779139108445E+005
     10  4.803416776477307E+003  3.361189913875680E+005
     11  1.088772922988539E+003  8.194643812579483E+004
     12  9.578791354201703E+002  7.201901917412579E+004
     13  5.509812270194357E+001  4.163439072225196E+003
     14  4.029421640379003E+002  3.064093917970860E+004
     15  4.582175226227063E+001  3.396369222758354E+003
     16  3.455579718105803E+003  3.003041053172197E+005
     17  7.695357560815736E+002  5.889191755640271E+004
     18  3.554861661980429E+003  2.666379854108695E+005
     19  3.647401614996360E+001  2.547551936426692E+003
     20  9.343634421469206E+002  6.839844152775893E+004
     21  1.353546905271859E+002  9.518436210781467E+003
     22  9.814738413952801E+002  8.125986228402461E+004
     23  1.089422409186224E+004  8.211550005260211E+005
     24  8.127368140623007E+003  6.096163602908660E+005
     25  3.550187451365906E+001  2.589786071808967E+003
     26  8.809318279012525E+001  7.374632658860593E+003
     27  2.307955528033234E+004  1.935585096019619E+006
     28  3.925382134270538E+002  3.136684891956687E+004
     29  4.942085967416145E+003  4.016401709486683E+005
     30  1.252519614383295E+002  8.947334414593373E+003
     31  2.124914770253707E+003  1.625976744888535E+005
     32  1.123729614152837E+003  9.279875076525191E+004
     33  4.747500198463754E+002  3.508290722674678E+004
     34  2.404123850974449E+002  1.768010491934010E+004
     35  5.655359618332267E+003  4.588316747259237E+005
     36  5.886737373612800E+002  4.083211291650284E+004
     37  2.879409460234550E+003  2.382123676110696E+005
     38  8.458027331054122E+003  6.472248116070200E+005
     39  1.041113241459764E+003  8.484937766108576E+004
     40  3.021544045819849E+003  2.517625439848291E+005
     41  2.194191305725406E+003  1.849207082879769E+005
     42  8.777372444112126E+002  7.039378955943120E+004
     43  4.342790757236548E+002  3.431374407911600E+004
     44  2.871537009636464E+003  2.407389079442193E+005
     45  1.118311685873735E+003  9.556950217006514E+004
     46  4.479269001510553E+002  3.491980302453730E+004
     47  7.315095795169469E+000  5.415252602095969E+002
     48  1.071209546984978E+003  8.291331904942422E+004
     49  2.962621439163009E+002  2.314949459390457E+004
     50  2.429619041795281E+002  2.090476492507040E+004
     51  4.166979729238623E+003  3.736905027856270E+005
     52  4.028706781952628E+002  3.560581007309341E+004
     53  2.063053337263701E+002  1.552383399233763E+004
     54  2.464656805407012E+003  1.975906191943634E+005
     55  3.859897822349005E+003  3.091907884641677E+005
     56  9.451509299325918E+000  6.840241639060797E+002
     57  2.773624231341803E+003  2.211287761574395E+005
     58  2.696013037861934E+003  2.044172444633814E+005
     59  4.167428830408452E+001  3.352858949647811E+003
     60  7.969340798363752E+003  6.593555781191465E+005
     61  8.772164094782785E+001  5.771928933984535E+003
     62  2.385153067919660E+002  1.953534438836199E+004
     63  1.291709995992204E+002  1.096440435767340E+004
     64  4.711988146322684E+003  3.646103266651619E+005
     65  5.279408259005088E+004  4.259369639999378E+006
     66  6.433290093082045E+002  4.919161832506066E+004
     67  6.469298205852295E+003  5.169686065391407E+005
     68  1.547178923727835E+002  1.224180416529958E+004
     69  4.720813984455694E+002  3.997482997692320E+004
     70  1.126786896248249E+004  9.198524129975918E+005
     71  1.414220702914149E+004  1.134182164522942E+006
     72  9.358021222376200E+001  6.009319130991095E+003
     73  1.942627259790721E+003  1.568612058968681E+005
     74  5.647476247107479E+002  4.423451231020104E+004
     75  7.014816047643039E+001  5.172168998891720E+003
     76  8.150775195186125E+001  6.091042517984592E+003
     77  2.104885819162440E+002  1.635799426862004E+004
     78  2.396450184650929E+002  1.847627441066758E+004
     79  1.482748711774000E+003  1.293700979372478E+005
     80  4.894090738303951E+003  3.977876806060607E+005
     81  3.842032836814834E+002  3.152122731664944E+004
     82  5.647368113973965E+002  4.593487657875384E+004
     83  2.154471361845589E+002  1.805116533656383E+004
     84  1.183989393861467E+002  9.239966417057596E+003
     85  1.100043252965628E+003  7.982187926917417E+004
     86  8.057658616492992E+003  6.483990401165331E+005
     87  6.937663352807570E+001  5.544162960288315E+003
     88  7.082526151422387E+001  5.590804384831344E+003
     89  7.438570861401168E+002  5.931845739029440E+004
     90  1.065683378099467E+004  8.612700073414347E+005
     91  3.306145823626709E+003  2.777323102022006E+005
     92  1.649935640565096E+003  1.327975478356410E+005
     93  3.708557682511618E+002  3.013561282726838E+004
     94  1.879893537284124E+003  1.519173258784999E+005
     95  7.783631223550086E+002  5.803366236589808E+004
     96  1.646464597778344E+002  1.176344789341961E+004
     97  1.742833706663422E+003  1.501737982887270E+005
     98  2.076964195181893E+003  1.774768003415837E+005
     99  9.110991532547484E+001  7.530779526622950E+003
    100  4.369796482003474E+003  3.816780484017811E+005
    101  4.762582103543352E+002  3.693771380282801E+004
    102  1.222736297699978E+003  1.022642096827447E+005
    103  1.699335782950891E+004  1.433200147328196E+006
    104  1.296272280886455E+002  9.991453964329563E+003
    105  2.253335042749781E+003  1.989870024963460E+005
    106  4.806489510137299E+002  3.696779938302605E+004
    107  6.094793436377356E+001  4.838594621635378E+003
    108  1.402371641403100E+003  1.019953823486847E+005
    109  2.516420401638587E+002  1.888063194979586E+004
    110  1.424311263538195E+003  1.196683549115970E+005
    111  4.137028223451886E+002  3.054236196185950E+004
    112  3.116919460749278E+002  2.562201026749704E+004
    113  3.627540003354619E+002  2.980751412349742E+004
    114  4.329720930958471E+003  3.225570159071406E+005
    115  1.587895332721949E+003  1.332209170930331E+005
    116  2.605683450075286E+002  2.031261754725843E+004
    117  6.185986495757975E+002  4.814820202077631E+004
    118  1.018481603203646E+002  8.141639533516583E+003
    119  2.801938267327845E+002  2.359425262851376E+004
    120  1.546146389675494E+003  1.312047096087455E+005
    121  2.167073219898181E+002  1.636294985017622E+004
    122  1.413643708524321E+001  1.051123488778377E+003
    123  7.702411295829172E+001  6.044288314110420E+003
    124  5.238085255725655E+000  3.436441042147803E+002
    125  9.200887904806970E+002  7.307054981708342E+004
    126  6.873887223506272E+002  5.778473397416533E+004
    127  2.002594349028231E+002  1.690855959029777E+004
    128  8.911086967518080E+002  7.868052113562533E+004
    129  7.141806946775857E+000  5.241440306998085E+002
    130  1.925439725022923E+002  1.706971936516597E+004
    131  4.789159108707155E+002  3.559080933432929E+004
    132  7.935876066863311E+001  6.137654793489334E+003
    133  3.890808913126097E+002  2.856403391558499E+004
    134  2.752975915905533E+002  1.976340423612875E+004
    135  3.588589544232245E+002  3.021064105097902E+004
    136  5.520652188888813E+002  4.855063339056174E+004
    137  2.527029453705005E+002  2.008402164399452E+004
    138  4.272536616686104E+002  3.405716408479678E+004
    139  4.929268479088752E+002  4.241520519249544E+004
    140  3.338500805907229E+002  2.825388228395715E+004
    141  1.208515457418484E+002  9.794931946607612E+003
    142  1.279635632489935E+003  9.659433420247764E+004
    143  4.799641343752846E+002  3.723602561612121E+004
    144  7.833697268242908E+002  6.096385866589493E+004
    145  2.214225190721328E+002  1.846088222663656E+004
    146  3.670439035908545E+000  2.230919457607359E+002
    147  5.357383238409304E+001  3.922088757293136E+003
    148  3.203229181338911E+002  2.728341833781283E+004
    149  1.121134518608390E+003  9.442469657437211E+004
    150  1.546074530397373E+002  1.064415566819793E+004
    151  7.272579920327606E+003  6.284250052447749E+005
    152  2.613524990991296E+003  2.097996235106676E+005
    153  3.062392737461717E+002  2.222578695374553E+004
    154  1.704111869880296E+004  1.372595351850010E+006
    155  7.498194041780390E+002  6.098683148486965E+004
    156  2.082589330643934E+002  1.558561845775031E+004
    157  8.177564295579318E+002  6.196283309168519E+004
    158  4.895581085702613E+002  3.695183250305730E+004
    159  1.069982342098006E+002  8.524439721393663E+003
    160  1.070819466966741E+003  8.290317863543195E+004
    161  5.801811545028282E+002  4.351083641037920E+004
    162  2.989617576761604E+001  2.025353062852202E+003
    163  7.589529608896848E+003  6.293846261201834E+005
    164  8.707553113016451E+003  6.914608265362834E+005
    165  7.922206052379280E+003  6.425379503689825E+005
    166  1.227355171692551E+003  1.012564163180111E+005
    167  9.672135833321718E+001  7.365847619137529E+003
    168  1.540265667196850E+002  1.193071688103512E+004
    169  4.143461805626656E+002  2.976951157142383E+004
    170  5.256286214597075E+001  4.113115416549103E+003
    171  7.823784260822052E+001  5.960041701944237E+003
    172  8.672181392209908E+002  7.026897929611629E+004
    173  5.174396555567583E+002  4.039930034735782E+004
    174  2.374742055295356E+002  1.784896622324345E+004
    175  2.660894477273933E+001  2.085261417922242E+003
    176  9.870043332803090E+001  7.313043440814722E+003
    177  8.430535104729237E+002  7.332432379357207E+004
    178  1.278802096515154E+000  3.951984452022882E+001
    179  2.340457323131888E+001  1.562248594700747E+003
    180  4.590729700826597E+002  3.204585516525231E+004
    181  5.087297444358675E+001  4.184305758915412E+003
    182  3.742559111026272E+003  3.319936454652274E+005
    183  6.555444675070698E+002  5.088720375137046E+004
    184  2.563047232508590E+002  1.881424546359855E+004
    185  2.746406117328345E+003  2.320386750364388E+005
    186  2.386559082856053E+003  2.064798993128773E+005
    187  6.777863670659647E+001  5.027878136830880E+003
    188  1.942129920953089E+003  1.380563068162924E+005
    189  8.332630106388903E+001  6.583957501926561E+003
    190  5.808567034390961E+002  4.545488734265624E+004
    191  2.513076598135214E+002  1.907837423696374E+004
    192  4.095441247516555E+002  3.303573396785143E+004
    193  1.655516199653400E+003  1.393398121251885E+005
    194  2.849191650378827E+002  2.471536086795849E+004
    195  8.256086261670413E+002  6.712999091654450E+004
    196  3.591482737651579E+002  2.630592688298849E+004
    197  8.492606077739806E+002  7.395317572763179E+004
    198  1.867108143609747E+003  1.428787756923506E+005
    199  1.417944755189604E+003  1.086106583440694E+005
    200  1.027173728609129E+001  7.971334271617749E+002
    201  2.154368490405757E+002  1.638616656619356E+004
    202  4.286888423645157E+002  3.248155736850321E+004
    203  1.319801496651382E+002  1.121283824712030E+004
    204  3.449389612398285E+002  2.898645687226515E+004
    205  3.823542999566752E+002  2.982801236311951E+004
    206  2.842877283849263E+002  2.245877720286273E+004
    207  8.838926904806113E+002  6.737531130763893E+004
    208  1.333681991252722E+002  9.341965236086444E+003
    209  9.407935762527785E+001  7.618465801470514E+003
    210  8.668333278551652E+002  7.802375470759090E+004
    211  3.779294899690379E+002  3.385200788354239E+004
    212  4.641066766333470E+002  3.396793159925368E+004
    213  3.710956635763964E+002  3.225130648460934E+004
    214  1.063771775327707E+002  7.895890932723134E+003
    215  1.181989155872278E+002  9.268268171774993E+003
    216  2.664232159881613E+001  1.875336802457439E+003
    217  4.685409139012598E+002  4.021986635042677E+004
    218  2.638758660061461E+002  1.900497126959342E+004
    219  3.242403313750876E+001  2.483536999571087E+003
    220  3.304591089945846E+001  2.429177577439707E+003
    221  3.837193772650288E+002  2.949522420319032E+004
    222  2.828868023919434E+002  2.256150689227696E+004
    223  7.892078864104741E+002  5.780693310731916E+004
    224  9.544710290109817E+000  6.765245738652301E+002
    225  1.427029859930794E+001  1.070120187508473E+003
    226  2.797922613809238E+002  2.204274023938715E+004
    227  1.238986670162576E+001  9.124376126162050E+002
    228  7.137379231539523E+000  5.266918119677395E+002
    229  1.232869709623996E+003  9.167751271145021E+004
    230  1.195970889467678E+003  9.724404268126060E+004
    231  1.395989516850161E+002  9.697308478334582E+003
    232  4.873920305534275E+003  4.346591219458632E+005
    233  7.682233537569817E+002  6.021204833776327E+004
    234  6.669675574231458E+001  5.002191333723814E+003
    235  1.347895757627075E+001  1.082685271745871E+003
    236  1.034634573755710E+003  8.044008734717149E+004
    237  1.934745694182651E+002  1.457529189207800E+004
    238  5.146766143175576E+002  4.073331748638058E+004
    239  3.000458270723174E+002  2.434221633697364E+004
    240  6.783356776313647E+002  5.717515595865742E+004
    241  7.732811012052219E+002  6.019389007318943E+004
    242  7.834321315977509E+001  5.732307762687799E+003
    243  3.136071974366135E+001  2.529103247840178E+003
    244  2.987513776016199E+002  2.612063107342670E+004
    245  1.143463608282513E+003  8.801724114240996E+004
    246  3.673908512202164E+002  2.850690951081936E+004
    247  2.776269249780819E+002  2.268646160104350E+004
    248  5.156785288170011E+003  4.097031665698068E+005
    249  1.077103322218303E+003  8.718072099136804E+004
    250  2.121030445768473E+001  1.516688977838152E+003
    251  5.666591992362762E+002  4.095278410149633E+004
    252  6.928762631250454E+000  4.332112640274609E+002
    253  2.424794330962257E+003  1.914899705969009E+005
    254  1.103963511922321E+003  8.484435336662222E+004
    255  1.065753359785092E+003  7.958529708306539E+004
    256  3.723468402813818E+002  3.038653765050728E+004
    257  6.073566426303035E+001  4.700696229099186E+003
    258  2.249838969138880E+003  1.807748136972347E+005
    259  8.459047672293832E+002  7.257389216625193E+004
    260  3.971860203625725E+001  2.789798415137142E+003
    261  1.120746044858534E+002  8.637571722129669E+003
    262  1.284520299000438E+002  1.027642261604601E+004
    263  4.272435544345910E+000  3.044984958951583E+002
    264  7.237562110586045E+002  5.959493505090289E+004
    265  1.456260728644530E+001  1.128005374697130E+003
    266  9.364243791061119E+001  7.621950014897943E+003
    267  4.645409337846323E+001  3.698168999288540E+003
    268  6.258888627521716E+000  4.595741307147387E+002
    269  2.450277494135020E+001  1.802994971516340E+003
    270  1.033551554857444E+002  8.465917176672594E+003
    271  2.739744380919560E+001  2.148595949319609E+003
    272  9.661635053509048E+002  8.072908154475621E+004
    273  2.565133378564894E+002  2.199629546440686E+004
    274  8.269151055127194E+002  7.075069244743687E+004
    275  1.478859550140171E+002  1.012796293046801E+004
    276  1.551883805542970E+002  1.322183329599698E+004
    277  3.506392830767891E+001  2.884419576828196E+003
    278  9.816178109300449E+001  8.220687178265674E+003
    279  5.239583816746859E+002  4.361142753894689E+004
    280  1.094768640707117E+003  9.726983967969975E+004
    281  5.131139414301463E+002  4.325631775658427E+004
    282  5.231379170820971E+002  3.930959617075923E+004
    283  3.007014300511615E+002  2.442617659224824E+004
    284  2.036745820636257E+001  1.545546026909063E+003
    285  3.118162654118220E+002  2.641870073289963E+004
    286  1.260161916267189E+001  1.051531986834626E+003
    287  7.363523255692994E+001  6.317639313237454E+003
    288  3.810212120082338E+002  2.918906328441437E+004
    289  6.121352928140303E+002  5.150823287865552E+004
    290  2.465149132870609E+003  2.134496709844036E+005
    291  5.074722817885689E+003  4.454099881533920E+005
    292  1.423138021743576E+002  1.169264967565505E+004
    293  7.532777743037426E+003  6.540380761737454E+005
    294  1.015948674759299E+003  8.300387156226934E+004
    295  3.616481437055183E+002  2.597256898714919E+004
    296  1.523435125841907E+003  1.148797116880810E+005
    297  2.332849077479283E+003  1.737035639402787E+005
    298  1.116434035319133E+004  9.932135227343909E+005
    299  1.662081026473187E+003  1.453375943785148E+005
    300  2.748198755917866E+003  2.090473107769989E+005
    301  3.041893114535292E+003  2.340468247820539E+005
    302  3.261640495470932E+002  2.582693597770849E+004
    303  4.218853144964303E+002  3.350986773350235E+004
    304  1.226048888383565E+002  8.760849326347461E+003
    305  8.073266381039282E+001  6.035845197414927E+003
    306  8.260718594173783E+002  6.671658742448974E+004
    307  7.525945094690725E+001  5.425584915812895E+003
    308  2.300663336879757E+003  1.850888634127849E+005
    309  1.797113561772992E+002  1.386155250009503E+004
    310  6.619704567947734E+002  5.324596387381836E+004
    311  5.460430421601375E+001  3.963282869626719E+003
    312  1.427801626712792E+002  1.028272296844412E+004
    313  2.130729838010157E+001  1.549888538620369E+003
    314  8.810964801144436E+001  6.406371793750351E+003
    315  2.176133203700556E+001  1.630163593155880E+003
    316  4.082963229617857E+001  3.252485949965308E+003
    317  1.027345040846727E+002  7.603592821964867E+003
    318  1.080304163742045E+003  8.653877476462607E+004
    319  1.451879370889682E+002  1.209673784584648E+004
    320  3.432593585679936E+002  2.600054570093885E+004
    321  1.528219350045711E+002  1.117634254289718E+004
    322  7.045390199645276E+001  5.152719292040089E+003
    323  5.306114097873429E+001  3.786334730105765E+003
    324  1.329100415963730E+002  1.001008638629215E+004
    325  3.123846501053133E+002  2.219304117059729E+004
    326  5.865734771728435E+002  4.980181083674086E+004
    327  1.738818214967143E+002  1.225203590762157E+004
    328  1.437650163550073E+001  1.096036777005851E+003
    329  1.427150967722867E+003  1.162276155179451E+005
    330  1.556822135187925E+003  1.168486885624104E+005
    331  4.068239828186369E+002  3.032431807594754E+004
    332  1.998722868340332E+002  1.746047556466281E+004
    333  8.778706664626598E+002  7.588962831299687E+004
    334  9.226153297148753E+001  6.640294718381813E+003
    335  5.755249649958218E+002  4.206735542806553E+004
    336  1.889309892893350E+002  1.425558901449152E+004
    337  6.131155375608181E+001  4.537177956685639E+003
    338  1.979562882628607E+002  1.508547303417047E+004
    339  5.589075769467897E+001  4.199048897482922E+003
    340  6.822354344702719E+002  5.845805731381356E+004
    341  1.090358891140200E+003  8.248248956081782E+004
    342  1.734759785954932E+001  1.333109797518913E+003
    343  5.260578809331349E+002  4.342296614852080E+004
    344  1.550810603487064E+003  1.343110648468696E+005
    345  1.114067066148420E+002  9.757991310348865E+003
    346  5.043082680523837E+003  4.420442432594475E+005
    347  9.458922648269521E+002  7.145905295938294E+004
    348  5.603912966886686E+002  4.248256679631273E+004
    349  1.558027366574478E+002  1.264322592512148E+004
    350  1.346809364826998E+001  1.045935166348683E+003
    351  1.503158254798076E+002  1.144068966092952E+004
    352  2.517181887302437E+002  1.913328945735875E+004
    353  2.240128002674693E+001  1.801275714627154E+003
    354  1.740256926858419E+001  1.300831904320584E+003
    355  1.718945284179576E+002  1.410435940924955E+004
    356  1.239837892130469E+003  9.960914174366889E+004
    357  2.657764855869937E+002  2.004848431448646E+004
    358  3.453120976806735E+003  2.709118191775756E+005
    359  4.318947917620371E+002  3.691354441591040E+004
    360  9.730156538520279E+001  7.135701463860972E+003
    361  6.685804352569095E+001  5.104179003569174E+003
    362  7.697572880208091E+000  5.401626798295105E+002
    363  1.467159838508074E+000  8.422027790591713E+001
    364  1.494065365230841E+002  1.275577201557636E+004
    365  1.567579841488622E+002  1.281003261528551E+004
    366  1.926145090643081E+001  1.436149014376522E+003
    367  2.829895057592712E+002  2.452105141228148E+004
    368  1.144062766984998E+001  7.994398164139490E+002
    369  1.392836758658600E+002  1.247249229058460E+004
    370  2.553558803772932E+001  1.876813295246404E+003
    371  8.268293710875108E+000  6.165882106695943E+002
    372  6.257488356950624E+001  5.183688998850692E+003
    373  9.409617811683123E+000  7.388594515456208E+002
    374  8.049244657893319E+002  7.009715918769718E+004
    375  5.021693448570131E+001  4.357117315951710E+003
    376  1.100355629365346E+003  9.597533865880757E+004
    377  1.096093104546353E+002  8.684280881510407E+003
    378  9.076081346755976E+002  7.118571105425338E+004
    379  6.658761825198105E+002  5.115339196936241E+004
    380  5.896508119033147E+002  4.635653704013068E+004
    381  4.043029669928477E+002  3.281257759495456E+004
    382  1.586560193345329E+002  1.201467209202489E+004
    383  6.992819632083804E+002  5.877730673970300E+004
    384  2.011961590141888E+004  1.714526859950572E+006
    385  6.191023333603989E+002  4.749943930472518E+004
    386  6.968124535850020E+003  5.732490923593375E+005
    387  1.885124668176341E+003  1.579827656781919E+005
    388  2.715661393737069E+000  1.904623395511288E+002
    389  1.692659087854366E+002  1.272734088548841E+004
    390  1.015154363030371E+004  9.000976486123571E+005
    391  2.309483573532202E+003  1.849943058496324E+005
    392  4.923688252573868E+003  4.091822063391018E+005
    393  1.156262863661870E+004  1.003718802143948E+006
    394  1.637680352859005E+002  1.308820343336859E+004
    395  2.672953377454234E+003  2.352081916694861E+005
    396  5.154217387267399E+002  4.396450398867051E+004
    397  1.241241817220355E+002  1.038596996586867E+004
    398  2.301585350723790E+002  1.945107827258348E+004
    399  6.890969376869351E+002  5.935917337563962E+004
    400  1.638317608487893E+003  1.345839693027980E+005
    401  2.165503743167591E+002  1.606211488578839E+004
    402  2.331473788348866E+003  1.937599660675365E+005
    403  6.171293903924156E+002  4.593093921282994E+004
    404  2.354036097063286E+002  1.957297581167869E+004
    405  9.609415579857467E+002  7.781224351002993E+004
    406  2.568838311148082E+000  1.976835619614682E+002
    407  4.255981549366570E+003  3.748523582780831E+005
    408  1.055018422451624E+001  8.832329080436535E+002
    409  6.142050069084316E+002  4.976209819414519E+004
    410  3.757667144858888E+001  3.118028401847279E+003
    411  4.095541672095447E+002  3.454286293449383E+004
    412  4.434659114795995E+000  3.331511276674230E+002
    413  9.509054970962870E+002  7.190997339199837E+004
    414  6.008237714414386E+001  4.403281438441958E+003
    415  1.427279989585542E+003  1.140853434493962E+005
    416  4.880489145688191E+001  4.008536934409620E+003
    417  2.940155606202065E+002  2.301429810246513E+004
    418  2.431677508372567E+004  1.658335973006200E+006
    419  4.508143657523369E+003  3.975963440752355E+005
    420  6.297136190773426E+001  5.123134062035600E+003
    421  3.077483976153728E+002  2.556839237412450E+004
    422  2.276927435650020E+003  1.602352025596242E+005
    423  2.431672517424413E+003  1.947420225577028E+005
    424  9.358470539111302E+000  6.984923272436232E+002
    425  6.565770457497482E+003  4.630217363651995E+005
    426  1.162584308822294E+003  8.472010980098827E+004
    427  2.021209381701266E+003  1.636828491788191E+005
    428  5.654413615343725E+000  4.340263134147814E+002
    429  1.259894729245894E+001  9.658903812094853E+002
    430  1.689900076994170E+003  1.415358007150153E+005
    431  7.947015223529960E+002  5.678116721989171E+004
    432  2.646264648683330E+001  2.098125617565267E+003
    433  1.164058843495761E+002  9.548154824612437E+003
    434  1.428569138690969E+003  1.203467711131062E+005
    435  2.300559511138990E+001  1.685872393373995E+003
    436  2.582219083877937E+003  2.004101602826530E+005
    437  1.817508897794436E+001  1.426964680887951E+003
    438  3.395039401119954E+003  2.680913726429028E+005
    439  1.911804982608597E+000  1.099546424704748E+002
    440  8.468648058091276E+002  7.167510496076838E+004
    441  2.554520585081500E+001  1.847170900024362E+003
    442  2.502439523114413E+002  2.071965376489577E+004
    443  1.805720569608959E+000  1.293364055913648E+002
    444  1.126415463743097E+002  8.272680615723961E+003
    445  1.272798827449069E+003  9.934679898855662E+004
    446  7.012566767313735E+002  5.784426208000234E+004
    447  1.266470981251175E+001  9.574113468958459E+002
    448  3.210785077768421E+002  2.712281721822552E+004
    449  2.112266682228035E+002  1.646825497552498E+004
    450  2.162017124448602E+003  1.936566740985854E+005
    451  1.642317837533381E+002  1.315378640237353E+004
    452  2.158175783646640E+003  1.895752757967083E+005
    453  3.373304314369661E+003  2.938498724083488E+005
    454  6.532543709353143E+003  5.898284919734081E+005
    455  8.060077120912798E+001  6.819310620260553E+003
    456  2.206377136771234E+003  1.981361941758021E+005
    457  1.625826776006121E+001  1.126872183196762E+003
    458  1.577945794568559E+003  1.399213337521259E+005
    459  4.339820576628663E+002  3.462596503384298E+004
    460  1.293614060443027E+003  1.158198598613825E+005
    461  1.321993944786110E+001  9.871431047420621E+002
    462  2.013309242402507E+003  1.628059738110508E+005
    463  2.051575083930718E+001  1.532618976483772E+003
    464  1.407237820885286E+003  1.157600945981346E+005
    465  2.591368849454493E+001  1.918298675857091E+003
    466  5.322300163958969E+002  4.336441017629106E+004
    467  2.797711056800406E+002  2.234355722716324E+004
    468  5.186445890244991E+002  4.315514846338892E+004
    469  1.070047713528909E+001  7.810474960466414E+002
    470  3.265285565411709E+001  2.407667254239834E+003
    471  2.357631224425435E+001  1.764986743621039E+003
    472  1.658090947668432E+003  1.426509355559027E+005
    473  8.940147151906137E+001  7.612559154874235E+003
    474  6.160776896011220E+003  5.495889453224210E+005
    475  4.230582874038668E+002  3.742619932920297E+004
    476  2.355232918366925E+001  1.897026332875505E+003
    477  1.056677833684105E+003  9.446660279720316E+004
    478  1.688246226027739E+002  1.452405183541390E+004
    479  2.941127922475485E+003  2.575919532650735E+005
    480  2.778822212985768E+002  2.324779956036488E+004
    481  3.051785534728925E+001  2.085786187245953E+003
    482  3.780089666124287E+002  3.217058316713439E+004
    483  6.102936434998365E+002  5.062198485921571E+004
    484  3.702204094765935E+001  2.988090739270043E+003
    485  1.221355262047687E+003  1.077737010294717E+005
    486  6.829142241701018E+001  4.600506911767774E+003
    487  1.047774662289202E+003  9.332229625238443E+004
    488  6.752701486496995E+000  4.684483616463569E+002
    489  6.668098937044549E+002  5.881280177115829E+004
    490  3.290043450606720E+000  2.688971836018866E+002
    491  4.782195135634043E+002  4.189826335474238E+004
    492  7.067262304347324E+002  5.589348072301145E+004
    493  2.025695262079958E+002  1.521917905143223E+004
    494  4.326117687200989E+002  3.611452852259716E+004
    495  5.684740703684550E+002  4.843022056044803E+004
    496  6.077329492274867E+000  4.588627190233640E+002
    497  3.532763419902182E+002  2.825089353319931E+004
    498  2.808812337550793E+002  2.353228862984535E+004
    499  9.556385723379063E-001  5.841836833233011E+001
    500  4.366827171157598E+002  3.779617820491004E+004
    501  1.331844735433591E+000  9.484552926180133E+001
    502  7.890904817424790E+001  5.897501844320529E+003
    503  1.807756753887200E+003  1.605107460928828E+005
    504  1.092137550609550E+003  9.364147662604087E+004
    505  7.753546099244553E+002  6.811823416717585E+004
    506  6.488388406333985E+000  4.672250917632998E+002
    507  1.368216445363063E+003  1.110222302308949E+005
    508  1.806314988808397E+001  1.456733446036165E+003
    509  1.357772760785225E+001  1.131059387145157E+003
    510  1.265314104119582E+003  1.107944285900502E+005
    511  5.343465665935351E+001  4.456498935837112E+003
    512  1.714843076484905E+003  1.522180716867393E+005
    513  3.116517534181331E+001  2.468299620476182E+003
    514  4.209755008775156E+002  3.634864252962555E+004
    515  9.675974163254065E+001  7.468585043348813E+003
    516  1.506217520664023E+002  1.275453890139656E+004
    517  2.784924258106702E+002  2.461532181199154E+004
    518  7.425467653133857E+002  6.474944046442441E+004
    519  7.433604782656043E+002  6.662772239718985E+004
    520  3.516759999173876E+000  2.677863401528284E+002
    521  6.971613063351488E+001  5.196022042166474E+003
    522  3.348688293918885E+001  2.763592409157314E+003
    523  2.655617116326455E+002  2.240462360213406E+004
    524  2.034156435518549E+003  1.831696877756931E+005
    525  9.887260648268894E+001  8.250252706022698E+003
    526  4.614398054553087E+001  3.633858624848974E+003
    527  7.544579839437858E+002  6.792642540544814E+004
    528  7.152541543417315E+001  5.550555421781177E+003
    529  3.614854728832990E+001  2.765759155923239E+003
    530  9.558485263248447E+002  8.291441558264679E+004
    531  8.910279268801128E+002  7.063967591181309E+004
    532  2.130311401714859E+002  1.746528123307411E+004
    533  2.709946707928009E+002  2.275013213798046E+004
    534  1.603369249715693E+002  1.315860978277932E+004
    535  7.639147630702802E+003  6.402339942148955E+005
    536  1.176016722566535E+003  8.775179036110127E+004
    537  1.630497880271209E+004  1.340697774532831E+006
    538  1.257232084096543E+003  9.125860795866857E+004
    539  1.601421257717414E+004  1.363311875263354E+006
    540  7.901696594480377E+002  6.551124131632558E+004
    541  2.412759022126619E+002  2.117447910282790E+004
    542  7.685863738023400E+001  5.806422263445063E+003
    543  2.372657173840998E+002  1.803256135079424E+004
    544  4.312390946923302E+003  3.254069751895989E+005
    545  3.450401555872941E+002  2.916471655938560E+004
    546  6.193455316024059E+003  4.658431252881291E+005
    547  8.288454121376686E+004  6.250069926291083E+006
    548  2.043536544530219E+002  1.542778972245221E+004
    549  3.680589716229721E+003  2.755058722358065E+005
    550  1.547332616145226E+003  1.345947362103367E+005
    551  4.834352761006295E+003  3.539640686625017E+005
    552  4.068540825878972E+003  2.687051829070530E+005
    553  6.238039460470067E+002  4.987959679681656E+004
    554  3.054010135781910E+003  2.312565078307540E+005
    555  9.798009110447505E+001  7.800896395295916E+003
    556  1.458431704859951E+001  9.967510017769496E+002
    557  4.684649480474538E+002  3.633478578961682E+004
    558  4.458687401215588E+001  3.466023603962523E+003
    559  6.842265445857682E+002  5.868799877222827E+004
    560  1.945197114583950E+002  1.477360622940880E+004
    561  4.436854705216361E+001  3.583050603350810E+003
    562  2.332107699581250E+001  1.526435553978640E+003
    563  1.181418481196083E+004  9.151869000764327E+005
    564  3.120029021941136E+002  2.297812914335006E+004
    565  9.064973374969883E+001  7.096152663004536E+003
    566  1.448799349088265E+004  1.081559185982661E+006
    567  3.431499114878026E+001  2.539129584385254E+003
    568  3.736079766958098E+002  3.037483134458511E+004
    569  1.962924982487823E+001  1.488524905047664E+003
    570  1.091512216464612E+003  7.890610936385854E+004
    571  6.605428410577865E+001  5.021038059602220E+003
    572  2.130036463418049E+002  1.550395838214396E+004
    573  9.974524280269847E+001  7.577312741458602E+003
    574  1.300908430173689E+001  1.043944563161867E+003
    575  9.527247109340243E+002  7.939723763155768E+004
    576  2.334797961434452E+002  1.539126350663931E+004
    577  5.199435475416207E+001  3.955626560197297E+003
    578  4.936971005518027E+001  3.882385510454845E+003
    579  2.088240541034990E+001  1.662465751666065E+003
    580  3.127107949609975E+002  2.417963768448473E+004
    581  1.209481252927677E+000  9.825392379623345E+001
    582  2.240119700718455E+002  1.786487963892459E+004
    583  2.797964885677392E+001  2.058477640538794E+003
    584  5.842401909549829E+001  4.535195390130874E+003
    585  2.289718864835821E+002  1.927807003574560E+004
    586  9.093274249324329E+000  6.289544349613967E+002
    587  1.369345341695016E+002  1.159412121530641E+004
    588  1.981284057778730E+003  1.707263074518537E+005
    589  2.865503072546912E+001  2.097599465359798E+003
    590  5.163089413677664E+000  3.638608709369325E+002
    591  9.359571160675785E+000  6.914202049457475E+002
    592  8.660008078330317E+002  7.497048336601461E+004
    593  5.858999489620029E+002  5.046917502777391E+004
    594  4.143981848936077E+001  3.140730478574578E+003
    595  2.175692629992644E+001  1.570189702793766E+003
    596  2.983301012635476E+001  2.288207726468068E+003
    597  4.264690366632269E+001  3.718201428597546E+003
    598  7.995106621959911E-001  5.137348595410663E+001
    599  4.608956772054021E+002  4.118186992757324E+004
    600  1.483536588026214E+002  1.333229765766898E+004
    601  1.239572485740537E+001  9.749974553591073E+002
    602  5.744122928414863E+002  4.999043199158792E+004
    603  4.360504279149707E+000  3.562618055274837E+002
    604  1.931428440203914E+002  1.481472098922868E+004
    605  5.021738740301929E+001  3.760954390551514E+003
    606  1.174610671085924E+000  8.457437956867325E+001
    607  4.205374730292110E+001  3.485987309671611E+003
    608  1.554459394418561E+001  1.176891814168668E+003
    609  1.531221528221560E+002  1.301772265421940E+004
    610  3.053146561553870E+001  2.323610503191544E+003
    611  4.230791724552633E+001  3.530072976815969E+003
    612  9.054199457439582E-001  6.880671681974043E+001
    613  4.577930617000006E+002  3.898597715169306E+004
    614  3.428449075989585E+000  2.581261446740379E+002
    615  2.158592879579923E+002  1.902078739775879E+004
    616  3.704930288320764E+001  2.850826434328137E+003
    617  1.288388323555955E+002  1.103543780380346E+004
    618  2.484200622796002E+002  2.077050578674768E+004
    619  7.976879335187738E+000  6.027524036462829E+002
    620  2.320132282915763E-001  1.361459493082932E+001
    621  1.434717809685200E+002  1.250857108385806E+004
    622  2.351713303586189E+001  1.753083905630017E+003
    623  9.682158738099169E+001  8.158822105563984E+003
    624  2.647823811569792E+001  1.981357218525050E+003
    625  7.048325837743167E+000  5.048717944798277E+002
    626  3.519951324800056E+001  3.048304676219737E+003
    627  6.353870048888904E+000  4.697470012367066E+002
    628  9.832405187210248E-001  6.429170037813968E+001
    629  8.391797495361485E-001  6.132892025014372E+001
    630  2.151644315381493E+001  1.718049447430413E+003
    631  2.136593050849465E+001  1.773050167745655E+003
    632  3.149473990440239E+002  2.774576702914093E+004
    633  1.376132403726833E+001  1.007466497918083E+003
    634  1.046696590710884E+001  7.866802263150958E+002
    635  3.315305175785146E+001  2.585674875236361E+003
    636  3.904503261112357E+001  3.027918524069361E+003
    637  2.529155123656338E+001  2.077781693920502E+003
    638  1.432662068093062E+000  1.091476477224499E+002
    639  9.052802815607748E+001  7.360587992113472E+003
    640  8.486979748316283E+000  6.835313909192697E+002
    641  2.298927258654741E+001  1.756840724734373E+003
    642  5.848894530010176E+000  4.238888017317354E+002
    643  6.548501901322727E+001  5.211324672872865E+003
    644  3.804714614862970E+000  2.743095650398231E+002
    645  5.445560316758728E+001  4.662939856199680E+003
    646  2.042094444011286E+001  1.680195475662338E+003
    647  2.156509222339344E-001  1.304720707815986E+001
    648  6.984410289364111E+000  5.394648908144612E+002
    649  1.029299737427386E+002  9.058756022699177E+003
    650  5.213761736651965E+001  4.524957969599837E+003
    651  5.853240679866484E+000  4.363648699829585E+002
    652  1.238478434373533E-001  4.918081006260155E+000
    653  2.098050071597374E+000  1.639569674892958E+002
    654  1.808930127401512E+002  1.547467123188144E+004
    655  1.060691811122869E+002  9.347426105433280E+003
    656  2.234707522476613E+001  1.661485259019610E+003
    657  7.665675162920580E+000  5.764586632859281E+002
    658  1.045504263775393E+002  8.508160056113309E+003
    659  1.214503344398165E+002  1.031655765038616E+004
    660  6.656938870269022E+000  4.996166416927304E+002
    661  2.153788104944500E+002  1.876425660443512E+004
    662  2.400088418746654E+000  1.851951405217163E+002
    663  3.220012298940558E+002  2.799559077939850E+004
    664  4.566815536712756E+000  3.509696986394638E+002
    665  8.913815285038828E+000  6.569596535325205E+002
    666  7.945849357980278E+001  6.038839954412509E+003
    667  1.011530196940167E+002  8.106485812441642E+003
    668  6.101750188681731E+000  4.819199429323069E+002
    669  2.843400829085949E+002  2.451116069144733E+004
    670  1.817846228088134E+001  1.379785072675679E+003
    671  6.145279899983965E+001  5.415307171302716E+003
    672  3.163805420993461E+001  2.348113489957232E+003
    673  2.882210301198426E+001  2.214063305792069E+003
    674  3.605855098365458E+001  2.708288056386642E+003
    675  2.662343839374134E+001  2.333874592355779E+003
    676  2.776833669131173E+001  2.273803239904662E+003
    677  5.404981135909367E+000  3.929995643063185E+002
    678  1.750659081135928E+002  1.503590516028975E+004
    679  7.955806730431815E+000  6.017780757853826E+002
    680  4.040187638872335E+002  3.274208091029504E+004
    681  1.618064016335703E+002  1.328555861023205E+004
    682  1.964938332532734E+001  1.469399828525818E+003
    683  1.220001622708773E+002  1.026564171291071E+004
    684  1.779814703004414E+001  1.329629512368063E+003
    685  6.703894860943166E+000  5.128049732162625E+002
    686  1.428722012755234E+002  1.167501271477404E+004
    687  2.230087742346306E+002  1.871014362763934E+004
    688  2.863439438221407E+000  2.054769163845697E+002
    689  1.827319061394014E+002  1.560331118256436E+004
    690  1.278878553697703E+002  1.068726978785146E+004
    691  1.996050116432562E+002  1.618793713095789E+004
    692  6.969538483467426E-001  4.427242921883852E+001
    693  2.104416513391305E+000  1.642168245319021E+002
    694  3.316020610093832E+002  2.679752919658609E+004
    695  1.879798310638155E+001  1.417669054716379E+003
    696  5.249734673870452E+000  3.890182986076990E+002
    697  2.073115118569964E+002  1.638928223352913E+004
    698  5.544708317181147E+002  4.399634202050630E+004
    699  5.709641214661373E+000  4.310716733700414E+002
    700  8.151673368265077E+001  6.456922422007021E+003
    701  3.793834142369032E-001  2.131710397205866E+001
    702  4.659372511647443E+001  3.754808380615712E+003
    703  2.709310630751010E+000  1.929394187260945E+002
    704  3.752668680508349E-001  2.165642885963281E+001
    705  3.287404029714522E+000  2.334975566776345E+002
    706  1.610897254101215E+002  1.400204890206455E+004
    707  6.290650587647646E+000  4.656163518949976E+002
    708  2.532530874360142E+002  2.021128135375634E+004
    709  1.136157518209825E+001  8.578608317582340E+002
    710  3.887680965187995E+002  3.344364569773345E+004
    711  3.600115463506135E+000  2.907150424391162E+002
    712  4.950447998309739E+002  4.255185784820152E+004
    713  2.514834457461469E+001  1.904175623814813E+003
    714  4.070141161764101E+000  3.033942743519266E+002
    715  4.445285048006759E+000  3.328816700041015E+002
    716  2.140018760271458E+002  1.738687416935987E+004
    717  2.879007803128184E+002  2.447815151843444E+004
    718  6.469530123059036E-001  5.028134415452094E+001
    719  1.762177527185445E+002  1.470956592364322E+004
    720  7.479056085844866E-001  5.009145709271234E+001
    721  8.277291604977533E+001  7.239019321250911E+003
    722  4.935466272849146E+000  3.791268352016282E+002
    723  2.241430304486296E+000  1.951589944807888E+002
    724  1.951202935729790E+002  1.726956626715125E+004
    725  9.255371099860417E+002  7.692053671945787E+004
    726  1.237848719159855E+000  8.796200896324093E+001
    727  2.886697593297259E+002  2.436860153403935E+004
    728  2.136457318341281E+000  1.544303506860563E+002
    729  1.756237788916511E+000  1.249869605089696E+002
    730  1.076434070485485E+002  8.653116894773500E+003
    731  8.970624255651312E+001  7.805128045179176E+003
    732  5.588608945528705E+000  3.924559580512492E+002
    733  9.687755309887945E+001  8.430213868630412E+003
    734  3.017339951301806E-001  1.832545485415787E+001
    735  3.358621415128484E+000  2.856373926607366E+002
    736  4.494938968059313E-001  2.861847797301999E+001
    737  2.488995216893636E+001  2.159145454089444E+003
    738  9.290828492221962E+001  8.082339323258336E+003
    739  4.778925511233303E+000  3.964653897846663E+002
    740  1.677280662483552E+000  1.433498553686526E+002
    741  4.301049528531207E+002  3.822711886112970E+004
    742  1.083569251898782E+002  8.705703937646518E+003
    743  5.009396716372686E-001  3.856390777347323E+001
    744  9.693120834401428E+000  7.191658832366617E+002
    745  1.826052742594032E+002  1.514898870780898E+004
    746  6.823310835161173E+001  5.808728277991692E+003
    747  2.762383608376053E+000  2.204473179416826E+002
    748  5.878967451614714E+001  5.216325493061756E+003
    749  1.022719486560834E+002  8.393869547252512E+003
    750  1.125337166491927E+000  8.427435502878635E+001
    751  7.093102137878300E+001  6.247900076026951E+003
    752  2.552297497449421E-001  1.424440062388331E+001
    753  1.045174878811408E+000  7.832470625233493E+001
    754  4.997255585211448E+000  3.753949283804588E+002
    755  7.966898973962329E+001  6.850674230612291E+003
    756  7.588827294845019E+001  6.316159891903014E+003
    757  4.518858893191064E+001  3.562448491637578E+003
    758  4.019794054230585E+000  2.930935645535156E+002
    759  5.568149729714676E-001  4.268741764565794E+001
    760  8.132012669025028E+001  7.118916125082908E+003
    761  3.150834846206767E+000  2.331686327969956E+002
    762  1.495902253728057E+002  1.301850629862054E+004
    763  1.739037884205929E+002  1.501062716678992E+004
    764  3.668372132089204E+000  2.798667336280873E+002
    765  7.010513561566553E+002  6.125076155792519E+004
    766  3.713951929703017E+000  3.050768706740249E+002
    767  3.978352906146840E+000  2.897590916791119E+002
    768  4.044650072932243E+002  3.430096252779624E+004
    769  3.021910048524962E+002  2.571621773592540E+004
    770  5.434191092844740E+000  4.047365683621122E+002
    771  1.281079119772768E+002  1.083960452739976E+004
    772  3.003832353925766E+002  2.471958099344552E+004
    773  5.019111495821628E-001  3.547344030520789E+001
    774  8.866390669352896E+001  7.041227420395170E+003
    775  9.318971908754795E-001  7.739031808114957E+001
    776  1.735833413914264E+000  1.194306089556977E+002
    777  1.066169259306348E+003  9.486540233001071E+004
    778  7.605111358409534E+002  6.753559326086131E+004
    779  1.836783883774936E+000  1.376178238246373E+002
    780  1.093829999870799E+002  9.372469660256378E+003
    781  6.655102138045955E+000  5.092974145688573E+002
    782  8.835816637266788E+000  6.619866128740604E+002
    783  9.535987080677445E+002  8.401949389813289E+004
    784  3.187831466357833E+002  2.729375400677150E+004
    785  9.719848346671092E+002  8.480168586518112E+004
    786  4.290289296234956E+000  3.228890550991655E+002
    787  1.304757575009173E+001  9.831920229501162E+002
    788  1.208575452090882E+000  9.005307962454106E+001
    789  1.546912040864925E+002  1.321838166938778E+004
    790  1.013463106620364E+001  7.675685952704965E+002
    791  3.718903176165492E+002  3.206734202062792E+004
    792  5.340964072051113E+000  4.339436007053029E+002
    793  1.010815411944588E+002  8.613059556342576E+003
    794  5.492830261590973E+000  4.015659053855069E+002
    795  2.829299523376576E+002  2.521113102584929E+004
    796  4.460545491135993E+001  3.661445821435238E+003
    797  8.301981687064946E+001  7.289341643529438E+003
    798  1.327918943501771E+000  1.063038378387530E+002
    799  1.406188397152635E+002  1.177299323181822E+004
    800  1.697833353789964E+001  1.334752881560124E+003
    801  5.367482211816621E-001  4.189719783018064E+001
    802  1.798783506674487E+002  1.499225571490902E+004
    803  8.137012272401812E+001  7.090396543702245E+003
    804  7.720247424036470E+000  5.791046917913837E+002
    805  2.618716850627349E+000  2.020676119404099E+002
    806  2.937457706696532E-001  1.726190347783719E+001
    807  2.212563280252422E+002  1.929422740422875E+004
    808  7.708706362474170E+001  6.734606283370634E+003
    809  4.383993711310167E+000  3.237229029707134E+002
    810  7.459880505277330E+002  6.693856281271706E+004
    811  1.052134590292425E+000  8.071380779196177E+001
    812  1.453855595164643E+002  1.292703730647299E+004
    813  9.265385830470701E+002  8.251884979977530E+004
    814  5.929246000670877E-001  3.837314420291393E+001
    815  1.058306463400422E+001  8.432559310056746E+002
    816  9.970382624017221E+002  8.942246209503671E+004
    817  4.012246127278313E+002  3.579057184387484E+004
    818  2.726971096340802E+000  2.183394055085193E+002
    819  1.699652521998988E+000  1.424396573536972E+002
    820  1.068566780979699E+002  9.316899926983378E+003
    821  1.481346853520151E+002  1.289660529007221E+004
    822  1.017973964075251E+002  8.839172195171763E+003
    823  1.922210346338851E-001  1.151115465399939E+001
    824  1.496471538555601E+002  1.333961900519365E+004
    825  2.079399148819379E+002  1.824900490346207E+004
    826  2.439886566387083E+002  2.090328166954695E+004
    827  6.275664263455446E+001  5.314029657933183E+003
    828  3.978108027361428E+000  3.150303927792712E+002
    829  4.339842160375677E+001  3.730416249069427E+003
    830  1.675152574352700E+000  1.313433993973361E+002
    831  9.228829982929688E+001  7.998373720597981E+003
    832  1.119747761350401E+002  9.749555022817431E+003
    833  2.943366008884996E-001  2.006912707703227E+001
    834  1.152256208540193E+000  8.296695895362838E+001
    835  7.844143797303920E+001  6.425445117346083E+003
    836  2.978922084036127E+002  2.620228695367411E+004
    837  3.888703671853538E+000  3.378704403816428E+002
    838  5.075924708485251E+001  4.109828898705136E+003
    839  1.497205812408410E+000  1.118329230358663E+002
    840  1.523833430223328E-001  6.648486547946134E+000
    841  4.431076618050782E-001  2.782367120622157E+001
    842  4.249428471404389E+002  3.760754129527657E+004
    843  5.771465573514348E+001  4.877729077050471E+003
    844  2.156990712001526E+002  1.877459854012361E+004
    845  8.684736397446994E+000  6.837073568602351E+002
    846  5.069595314836291E+000  3.685620122592347E+002
    847  1.456384525266216E+002  1.209240613899623E+004
    848  2.512074302785053E+002  2.032534260550652E+004
    849  5.292913764287373E+000  4.027330711631760E+002
    850  1.864110607983379E-001  9.591187035076661E+000
    851  6.605674399348280E+001  5.286517198599306E+003
    852  7.133063579279494E+000  5.689877416334588E+002
    853  7.092467326514975E+001  6.317199877000359E+003
    854  2.270965155233167E+002  2.010520575777720E+004
    855  8.716556643086463E+001  7.009616824342606E+003
    856  2.484807643517580E+000  2.149912149259297E+002
    857  1.577335642925523E+000  1.306200744851966E+002
    858  2.211340564713813E+002  1.974793056221049E+004
    859  4.548434014680537E+000  3.642674480021572E+002
    860  1.141764052681019E+002  1.018852211313387E+004
    861  1.910080867457522E+000  1.617978338285286E+002
    862  6.031347657354835E+000  4.473803717047256E+002
    863  1.390345503466023E+002  1.241414800694077E+004
    864  3.740444573659938E-001  2.706165623590462E+001
    865  9.080502373475646E+001  8.071519291974030E+003
    866  2.070530569015123E+002  1.681271426010724E+004
    867  2.077741973942748E+000  1.732718969997962E+002
    868  1.800104717311330E+002  1.566710431314051E+004
    869  4.401702518176184E-001  3.084257779548338E+001
    870  6.919942338611222E+002  5.688715098412099E+004
    871  5.760567110593966E+001  4.635787497298566E+003
    872  5.863358783153811E-001  4.827473093173298E+001
    873  7.880860971950609E+001  6.765482780093796E+003
    874  3.826700041893235E-001  2.367357263607325E+001
    875  1.434605188217820E+002  1.159200472019557E+004
    876  1.310326374972647E+000  9.641542093897745E+001
    877  1.829651349103966E+002  1.507107928654337E+004
    878  1.235539459752183E+000  8.647498953783760E+001
    879  1.199935891828674E+001  9.569656772997783E+002
    880  5.084939956778202E+001  4.278830219515395E+003
    881  2.492792443540948E-001  1.805641310791170E+001
    882  1.929886055425695E+000  1.537566056943113E+002
    883  2.036270952928452E+001  1.766692806346186E+003
    884  4.932934207034684E+001  4.144333338784759E+003
    885  6.359948528665288E-002  1.378998453581681E+000
    886  2.082939570097872E+002  1.777180565564128E+004
    887  1.072326745054743E+002  8.715549485726982E+003
    888  1.518199429464727E+000  1.098818613980651E+002
    889  2.934030395948868E-001  2.185177860586792E+001
    890  1.644922279300504E+002  1.387563648342771E+004
    891  9.439635744864118E-001  7.980425561401135E+001
    892  1.630153153737681E+002  1.391231471396499E+004
    893  4.478997535061233E+000  3.301816355261145E+002
    894  2.725296763841407E+001  2.255095994624296E+003
    895  3.042949123385793E+002  2.682957760576794E+004
    896  3.532825339527272E+001  2.942471820740360E+003
    897  3.997467466712390E+002  3.401642737255699E+004
    898  2.840849219784747E+002  2.370753164295439E+004
    899  3.319734764235628E+001  2.534450813796506E+003
    900  1.632421487569667E+000  1.290229634010331E+002
    901  2.627940776910817E+000  1.871805651034203E+002
    902  3.730002242430339E+002  3.296889957654496E+004
    903  5.787994396830838E+001  4.455293271089190E+003
    904  7.550502226593426E-001  5.984878029235811E+001
    905  3.016063590627651E+002  2.432714882659873E+004
    906  1.346428606754573E+000  1.080590454517415E+002
    907  9.348440994628719E+001  7.616433070582279E+003
    908  3.038956802007882E+000  2.136580755338306E+002
    909  3.042061032583495E+002  2.692896921597147E+004
    910  1.524607465434604E+001  1.131564708508603E+003
    911  5.605746081542609E+002  4.624020235111215E+004
    912  1.058738313281963E+000  7.825072101073894E+001
    913  1.417458061590306E+001  1.195196458532099E+003
    914  2.515314609905120E-001  1.579003156041620E+001
    915  7.775935851191498E+000  6.098215307480968E+002
    916  5.026176692676471E+001  4.350422218468352E+003
    917  6.743264417405729E+001  5.574908684503266E+003
    918  2.312195575094309E+002  2.020373488204376E+004
    919  6.318271065375874E+001  5.018222938130833E+003
    920  2.429191012855567E+000  1.776855259097470E+002
    921  3.268840355861226E+001  2.817315333909233E+003
    922  1.170659129395608E+001  9.364200863137285E+002
    923  9.846416519904976E+000  7.696948196604571E+002
    924  3.901380043353242E+002  3.371015618480204E+004
    925  1.453338275076018E+000  1.034394209351631E+002
    926  1.850592107945928E+002  1.379465805074477E+004
    927  9.577360042631598E+000  7.278848091234836E+002
    928  4.286164725775211E+002  3.511006361818402E+004
    929  5.134834869076883E+002  4.224755871602022E+004
    930  5.083358365447942E+002  4.097939615330879E+004
    931  3.855697434153585E+000  2.914150625841032E+002
    932  4.405017468863029E+001  3.580377322100541E+003
    933  3.909996661933956E+000  3.088231236732393E+002
    934  3.598523341430898E+002  3.193744451809836E+004
    935  1.472355544205208E+000  1.063752132071347E+002
    936  5.449930766226993E+000  4.598710624768908E+002
    937  4.568914359510657E+002  3.706016841528999E+004
    938  1.088098145341101E+002  9.507015428725066E+003
    939  2.343950763466409E+000  1.691949378218530E+002
    940  1.207893402707449E+002  1.035863075478133E+004
    941  2.141646868590711E+000  1.804441307502036E+002
    942  1.055984078701266E+002  9.087544340672946E+003
    943  2.584476627361494E+001  2.192063447809378E+003
    944  8.116702825091498E+001  6.867101685417519E+003
    945  8.007778835906301E+001  6.677912308051872E+003
    946  7.380067147047532E-001  5.664808965137374E+001
    947  2.701465174433891E+002  2.221923169955411E+004
    948  1.232654869358671E+002  1.077756288296126E+004
    949  5.970357211285667E+000  4.701643228151954E+002
    950  5.799765903793200E+001  4.872846223099305E+003
    951  3.721933255952052E+000  2.976843702398496E+002
    952  1.933506912917569E+002  1.564846052543818E+004
    953  8.088692535381671E+000  6.892849355272974E+002
    954  7.408112715771231E+002  6.676392542935465E+004
    955  2.795891201559627E+002  2.520509255298561E+004
    956  2.660941890099805E+000  2.361110967718780E+002
    957  2.789256412346587E+000  2.096542714070516E+002
    958  2.162079531020235E+002  1.947252228572476E+004
    959  1.292664695275843E+000  1.015578981280014E+002
    960  1.473101197045654E+002  1.315944106580427E+004
    961  2.490870363889703E+000  1.907152096167046E+002
    962  7.250898854702021E+001  6.093438532277037E+003
    963  8.222580906154446E+000  6.172473023114120E+002
    964  3.433484565136195E+002  3.077802845055665E+004
    965  7.488423055666888E-001  6.310444023934652E+001
    966  7.966261180725444E+002  7.160139935444950E+004
    967  5.131962691618017E+001  4.095659751660120E+003
    968  8.431766800079747E+001  6.910280456623703E+003
    969  4.762279889703264E-001  3.503937410476097E+001
    970  3.908420690409168E+002  3.412563100890374E+004
    971  7.469801488677351E-001  5.931082496939086E+001
    972  1.070118939954938E+002  9.339433214156803E+003
    973  3.722430980449718E+002  3.097938959912423E+004
    974  1.027333410874308E+000  7.783351236256287E+001
    975  3.284940928643766E+001  2.745177263122453E+003
    976  8.671101100890554E+001  7.524460619374985E+003
    977  2.483486707315165E+001  2.050987262230247E+003
    978  8.895637893554449E+000  7.663019628311289E+002
    979  1.384017377304315E+002  1.160620147983288E+004
    980  2.286852545266486E+000  1.840175501952119E+002
    981  4.140651635418464E+002  3.724468149946100E+004
    982  7.275052514249564E+000  5.965121890444979E+002
    983  3.917418967643847E+001  3.126165467022587E+003
    984  4.059584049752853E+001  3.306802219964342E+003
    985  5.507943345971945E+000  4.506904001141897E+002
    986  7.142543480033845E+001  6.285928953186150E+003
    987  1.910112556657341E+000  1.406866399543386E+002
    988  4.558508858127682E+001  3.943222280618761E+003
    989  3.860763757281264E+002  3.447670917265987E+004
    990  3.626528006426899E+000  2.593760588780420E+002
    991  8.679870264590087E+002  7.683158529908968E+004
    992  2.045461159169495E+002  1.694230774173343E+004
    993  1.985819745810159E+000  1.658765102618034E+002
    994  5.883408545958628E+000  4.266083039351301E+002
    995  9.231902996813304E+001  6.913225095290672E+003
    996  1.410357401830006E+000  1.208378565131189E+002
    997  4.258513499338501E+002  3.761450050086519E+004
    998  7.554488783727512E+002  6.486176981310588E+004
    999  3.527798819946532E+000  3.149317840805522E+002
   1000  3.483398230944007E+002  2.898497902539585E+004
   1001  9.604421559408544E+002  8.362312826513452E+004
   1002  9.609226802317462E+000  8.043171563299601E+002
   1003  2.179842913221232E+000  1.730163590520409E+002
   1004  7.512119630844042E+000  5.528203226935090E+002
   1005  1.506799583607802E+002  1.286916207486809E+004
   1006  6.201192403781699E+002  5.133988755341108E+004
   1007  9.425786376868088E-001  7.352559766809998E+001
   1008  2.508580293868905E+002  2.028170198828246E+004
   1009  2.911203645714896E+002  2.357732414549093E+004
   1010  4.247627375971926E+000  3.227645939426351E+002
   1011  1.210788207419904E+002  9.679427409208578E+003
   1012  2.065391483169364E+000  1.594100785330500E+002
   1013  1.122676405744247E+002  9.666224100570615E+003
   1014  6.364583994393010E+001  5.067707528565694E+003
   1015  1.756906265497290E+000  1.553215057382269E+002
   1016  3.326238151703080E+002  2.915866654904057E+004
   1017  4.237683782555190E+000  3.033316487512813E+002
   1018  3.388039555265659E+002  2.970731566731772E+004
   1019  1.785669561905295E-001  1.246640283932121E+001
   1020  4.867643117076116E+002  4.354616572089171E+004
   1021  1.013652919861323E+002  8.968074907550579E+003
   1022  2.305008820114406E+002  2.041253329290641E+004
   1023  1.099998331405098E+000  7.462281381615277E+001
   1024  9.205877090614507E+002  8.086160189449240E+004
   1025  2.306833228770643E+000  1.747090321654643E+002
   1026  3.444063572074116E+002  2.929286123381926E+004
   1027  5.428763053407920E+002  4.634027698772643E+004
   1028  8.451266118162399E+000  6.232889420491678E+002
   1029  6.573853512013974E+002  5.291913155503108E+004
   1030  2.074220671724323E-001  1.425901279758605E+001
   1031  3.763219229988558E+002  3.166332124346438E+004
   1032  2.140194577174354E+002  1.759657909926422E+004
   1033  5.446031446930015E+002  4.331495864396367E+004
   1034  1.706858617621609E+002  1.479168868091272E+004
   1035  4.403168315853442E+000  3.194160177695347E+002
   1036  5.835192896457916E+002  4.308260353686439E+004
   1037  6.653048144921759E-001  4.906103172187986E+001
   1038  2.171228555381644E+003  1.469758767023574E+005
   1039  2.586267258786630E+003  2.054985003849081E+005
   1040  1.195732446798976E+001  9.149007224289720E+002
   1041  2.178963143681313E+003  1.505821947580186E+005
   1042  2.124853851509855E+003  1.891223365617535E+005
   1043  4.667476502810025E+000  3.339716180463124E+002
   1044  1.388704406907915E+003  1.149778105056091E+005
   1045  1.065620775149156E+003  9.221388479445707E+004
   1046  2.629596853214179E+001  2.105975542018530E+003
   1047  3.291847195666843E+003  2.282348397210049E+005
   1048  3.363444161684337E+003  2.610571403130870E+005
   1049  4.828651302276462E+000  4.066793879164148E+002
   1050  9.970987658660060E+002  8.362452653634678E+004
   1051  4.818074186701629E+000  3.473907919081740E+002
   1052  4.723327787390197E+003  3.976133514957419E+005
   1053  8.019646101093449E+002  6.076752535019550E+004
   1054  3.246836613340421E+000  2.414349836727981E+002
   1055  1.325194681923832E+003  1.168073894301891E+005
   1056  1.079523091722233E+001  9.182794923554690E+002
   1057  9.955339671084761E+002  8.348365540688632E+004
   1058  1.775872389571593E+003  1.493412576539299E+005
   1059  1.511361451166815E+000  1.260812144018432E+002
   1060  4.637150510335441E+003  3.744228224390408E+005
   1061  7.143782707056860E+002  5.606870662998105E+004
   1062  1.110172600434569E+003  9.157664953618805E+004
   1063  2.015030630290150E+001  1.562868530954415E+003
   1064  3.021934948730508E+002  2.335703369495022E+004
   1065  6.975644380892757E+000  5.449305342187550E+002
   1066  1.707899779520548E+003  1.507995987031430E+005
   1067  2.833836915733154E+003  2.415102700690674E+005
   1068  1.178693644744489E+001  8.820985081796051E+002
   1069  4.453272950640036E+003  3.480753058982213E+005
   1070  3.400818415304011E+004  2.734151099062815E+006
   1071  2.325729692399201E+003  2.003451900896073E+005
   1072  5.488652359638258E+003  4.034758470717371E+005
   1073  1.925466048167256E+000  1.551227936151689E+002
   1074  1.067112545469596E+004  9.142451115573532E+005
   1075  8.145258078514715E+002  6.118792520202959E+004
   1076  1.796216951923716E+002  1.568694746096602E+004
   1077  4.425936896798854E+001  3.583777130937593E+003
