# dt =   1.000000000000000E-003
# j, New nj, Rate of change (1/s)
      1  5.349765439468021E+002  4.185414730990781E+004
      2  1.933165589629745E+004  1.523752494465902E+006
      3  4.590682780472762E+002  3.353876391535304E+004
      4  9.461221095169269E+002  6.386485645999422E+004
      5  2.273144392182803E+003  1.536138719020103E+005
      6  3.007423112255561E+002  2.103573436999853E+004
      7  2.233360655178694E+004  1.506986938068008E+006
      8  1.136914070263276E+004  7.661517795915891E+005
      9  6.298708976051901E+003  4.800066016583131E+005
     10  5.127207631827334E+003  3.237908553500265E+005
     11  1.167714097141588E+003  7.894117415304833E+004
     12  1.027150055501952E+003  6.927092008178144E+004
     13  5.910937594828255E+001  4.011253246338982E+003
     14  4.324588474731694E+002  2.951668343526907E+004
     15  4.909302357378752E+001  3.271271311516892E+003
     16  3.744880243007577E+003  2.893005249017744E+005
     17  8.262362842708357E+002  5.670052818926206E+004
     18  3.811718067006652E+003  2.568564050262226E+005
     19  3.892784646007923E+001  2.453830310115629E+003
     20  1.000253186604718E+003  6.588974445779751E+004
     21  1.445198780406695E+002  9.165187513483599E+003
     22  1.059752026211218E+003  7.827818481593822E+004
     23  1.168527163580436E+004  7.910475439421153E+005
     24  8.714620027135936E+003  5.872518865129291E+005
     25  3.799608965149542E+001  2.494215137836356E+003
     26  9.519847522112848E+001  7.105292431003222E+003
     27  2.494262336371743E+004  1.863068083385085E+006
     28  4.227343569744763E+002  3.019614354742255E+004
     29  5.328472274761002E+003  3.863863073448571E+005
     30  1.338708686428320E+002  8.618907204502502E+003
     31  2.281563067889954E+003  1.566482976362478E+005
     32  1.213091978422710E+003  8.936236426987303E+004
     33  5.085179111449581E+002  3.376789129858271E+004
     34  2.574439495807803E+002  1.703156448333542E+004
     35  6.096776875889861E+003  4.414172575575936E+005
     36  6.280057066839699E+002  3.933196932268989E+004
     37  3.108732264721488E+003  2.293228044869380E+005
     38  9.081506404462349E+003  6.234790734082268E+005
     39  1.122792498326749E+003  8.167925686698455E+004
     40  3.263887736852967E+003  2.423436910331178E+005
     41  2.372279516392889E+003  1.780882106674833E+005
     42  9.455202516077217E+002  6.778300719650910E+004
     43  4.673303730359442E+002  3.305129731228943E+004
     44  3.103275689338456E+003  2.317386797019922E+005
     45  1.210321924369890E+003  9.201023849615519E+004
     46  4.815643853658114E+002  3.363748521475608E+004
     47  7.836930956418884E+000  5.218351612494149E+002
     48  1.151061445366012E+003  7.985189838103342E+004
     49  3.185571776187644E+002  2.229503370246352E+004
     50  2.631065150632602E+002  2.014461088373205E+004
     51  4.527101248572872E+003  3.601215193342499E+005
     52  4.371840606594127E+002  3.431338246414992E+004
     53  2.212612923769926E+002  1.495595865062250E+004
     54  2.655007989698271E+003  1.903511842912588E+005
     55  4.157754221891713E+003  2.978563995427084E+005
     56  1.011048499861574E+001  6.589756992898215E+002
     57  2.986674729085461E+003  2.130504977436581E+005
     58  2.892935778723124E+003  1.969227408611899E+005
     59  4.490548457371177E+001  3.231196269627248E+003
     60  8.604493809210717E+003  6.351530108469657E+005
     61  9.328041571348344E+001  5.558774765655580E+003
     62  2.573369154111502E+002  1.882160861918420E+004
     63  1.397355958762346E+002  1.056459627701425E+004
     64  5.063248401453323E+003  3.512602551306387E+005
     65  5.689770268459017E+004  4.103620094539294E+006
     66  6.907176838669226E+002  4.738867455871814E+004
     67  6.967367863313612E+003  4.980696574613178E+005
     68  1.665118417219797E+002  1.179394934919617E+004
     69  5.105983352120408E+002  3.851693676647140E+004
     70  1.215395171547952E+004  8.860827529970371E+005
     71  1.523502103805845E+004  1.092814008916962E+006
     72  9.936785719567193E+001  5.787644971909930E+003
     73  2.093453449322612E+003  1.508261895318909E+005
     74  6.073527367224218E+002  4.260511201167387E+004
     75  7.513043737867517E+001  4.982276902244782E+003
     76  8.737283039778245E+001  5.865078445921195E+003
     77  2.262480094556586E+002  1.575942753941461E+004
     78  2.574441018978632E+002  1.779908343277028E+004
     79  1.607374364989236E+003  1.246256532152364E+005
     80  5.276634749817864E+003  3.825440115139125E+005
     81  4.145587476774918E+002  3.035546399600841E+004
     82  6.089304712802123E+002  4.419365988281575E+004
     83  2.328292034094972E+002  1.738206722493826E+004
     84  1.273018810453194E+002  8.902941659172711E+003
     85  1.176932502425296E+003  7.688924945966857E+004
     86  8.681124260314678E+003  6.234656438216859E+005
     87  7.470870235338118E+001  5.332068825305478E+003
     88  7.621019894096878E+001  5.384937426744908E+003
     89  8.009541655753666E+002  5.709707943524973E+004
     90  1.148493170842110E+004  8.280979274264351E+005
     91  3.573491208616656E+003  2.673453849899480E+005
     92  1.777730657896886E+003  1.277950173317897E+005
     93  3.998380991170785E+002  2.898233086591671E+004
     94  2.025963931816432E+003  1.460703945323080E+005
     95  8.342732053183613E+002  5.591008296335264E+004
     96  1.759765379921630E+002  1.133007821432857E+004
     97  1.887530497979809E+003  1.446967913163874E+005
     98  2.247819089793660E+003  1.708548946117670E+005
     99  9.835854778284877E+001  7.248632457373930E+003
    100  4.737513996820469E+003  3.677175148169950E+005
    101  5.118328860387417E+002  3.557467568440649E+004
    102  1.321150913776302E+003  9.841461607632344E+004
    103  1.837309742948216E+004  1.379739599973251E+006
    104  1.392508954295513E+002  9.623667340905829E+003
    105  2.445091626519786E+003  1.917565837700054E+005
    106  5.162655127476895E+002  3.561656173395960E+004
    107  6.560984516901199E+001  4.661910805238423E+003
    108  1.500609616131906E+003  9.823797472880637E+004
    109  2.698280011715971E+002  1.818596100773836E+004
    110  1.539512395213639E+003  1.152011316754438E+005
    111  4.431131962946044E+002  2.941037394941579E+004
    112  3.363669633933358E+002  2.467501731840791E+004
    113  3.914408712879675E+002  2.868687095250569E+004
    114  4.640455871143048E+003  3.107349401845771E+005
    115  1.716122144625413E+003  1.282268119034636E+005
    116  2.801349728673175E+002  1.956662785978879E+004
    117  6.649103864076495E+002  4.631173683185207E+004
    118  1.096880892653428E+002  7.839928944978278E+003
    119  3.029245264935758E+002  2.273069976079132E+004
    120  1.672454984520953E+003  1.263085948454588E+005
    121  2.324708391623223E+002  1.576351717250422E+004
    122  1.514925091765239E+001  1.012813832409178E+003
    123  8.284694924315575E+001  5.822836284864027E+003
    124  5.568941825468362E+000  3.308565697427073E+002
    125  9.903743929400586E+002  7.028560245936165E+004
    126  7.430028920833669E+002  5.561416973273968E+004
    127  2.165363922507720E+002  1.627695734794885E+004
    128  9.669039176626533E+002  7.579522091084525E+004
    129  7.646743604434214E+000  5.049366576583565E+002
    130  2.089924958732562E+002  1.644852337096394E+004
    131  5.132029500346165E+002  3.428703916390092E+004
    132  8.526911744829067E+001  5.910356779657559E+003
    133  4.165981888846699E+002  2.751729757206014E+004
    134  2.943352452166212E+002  1.903765362606785E+004
    135  3.879362558189147E+002  2.907730139569018E+004
    136  5.988491843192285E+002  4.678396543034719E+004
    137  2.720507874467015E+002  1.934784207620103E+004
    138  4.600652511577372E+002  3.281158948912683E+004
    139  5.337770099359392E+002  4.085016202706400E+004
    140  3.610555520265137E+002  2.720547143579080E+004
    141  1.302826643743144E+002  9.431118632466059E+003
    142  1.372683260276159E+003  9.304762778622306E+004
    143  5.158283705881574E+002  3.586423621287275E+004
    144  8.420077039995979E+002  5.863797717530715E+004
    145  2.392102368048693E+002  1.778771773273650E+004
    146  3.885250074673080E+000  2.148110387645345E+002
    147  5.735225331994172E+001  3.778420935848675E+003
    148  3.466122977005806E+002  2.628937956668948E+004
    149  1.212044147674947E+003  9.090962906655656E+004
    150  1.648605506776967E+002  1.025309763795940E+004
    151  7.877897361103585E+003  6.053174407759799E+005
    152  2.815463277271904E+003  2.019382862806078E+005
    153  3.276454944389166E+002  2.140622069274494E+004
    154  1.836080340061358E+004  1.319684701810622E+006
    155  8.084691757054261E+002  5.864977152738714E+004
    156  2.232706762713029E+002  1.501174320690950E+004
    157  8.774221779662981E+002  5.966574840836635E+004
    158  5.251504799422579E+002  3.559237137199668E+004
    159  1.151953342371278E+002  8.197100027327107E+003
    160  1.150620347777104E+003  7.980088081036274E+004
    161  6.220846061777486E+002  4.190345167492035E+004
    162  3.184711294493351E+001  1.950937177317473E+003
    163  8.195121695530672E+003  6.055920866338240E+005
    164  9.372544317136262E+003  6.649912041198105E+005
    165  8.540238792103704E+003  6.180327397244241E+005
    166  1.324889090521970E+003  9.753391882941859E+004
    167  1.038155431237515E+002  7.094184790534328E+003
    168  1.655182299280633E+002  1.149166320837834E+004
    169  4.430041054145044E+002  2.865792485183887E+004
    170  5.652511495957093E+001  3.962252813600171E+003
    171  8.397899841959277E+001  5.741155811372249E+003
    172  9.348811247893842E+002  6.766298556839344E+004
    173  5.563230616609296E+002  3.888340610417123E+004
    174  2.546679639393572E+002  1.719375840982167E+004
    175  2.861779454505783E+001  2.008849772318496E+003
    176  1.057454233467805E+002  7.044990018749607E+003
    177  9.137091508202916E+002  7.065564034736795E+004
    178  1.316868442269362E+000  3.806634575420750E+001
    179  2.490918840565037E+001  1.504615174331486E+003
    180  4.899377605350344E+002  3.086479045237478E+004
    181  5.490512541726674E+001  4.032150973679989E+003
    182  4.062508480431496E+003  3.199493694052245E+005
    183  7.045703152608579E+002  4.902584775378806E+004
    184  2.744294159301617E+002  1.812469267930264E+004
    185  2.969955152905337E+003  2.235490355769915E+005
    186  2.585422601015769E+003  1.988635181597161E+005
    187  7.262159041956659E+001  4.842953712970121E+003
    188  2.074983578262769E+003  1.328536573096804E+005
    189  8.966678552597286E+001  6.340484462083826E+003
    190  6.245851678196723E+002  4.372846438057610E+004
    191  2.696877931959497E+002  1.838013338242838E+004
    192  4.413454455381573E+002  3.180132078650172E+004
    193  1.789668235799686E+003  1.341520361462865E+005
    194  3.087234389606263E+002  2.380427392274362E+004
    195  8.902819603944668E+002  6.467333422742551E+004
    196  3.844868935292524E+002  2.533861976409460E+004
    197  9.205141717869587E+002  7.125356401297812E+004
    198  2.004524307655110E+003  1.374161640453631E+005
    199  1.522553040241800E+003  1.046082850521957E+005
    200  1.103984830800209E+001  7.681110219108018E+002
    201  2.312103817488403E+002  1.577353270826463E+004
    202  4.599829188848604E+002  3.129407652034473E+004
    203  1.427807256581598E+002  1.080057599302156E+004
    204  3.728465566440785E+002  2.790759540424994E+004
    205  4.110827662688144E+002  2.872846631213924E+004
    206  3.059186823936076E+002  2.163095400868130E+004
    207  9.488056369477515E+002  6.491294646714014E+004
    208  1.423608947256052E+002  8.992695600333036E+003
    209  1.014147823338225E+002  7.335424708544649E+003
    210  9.420293979809360E+002  7.519607012577086E+004
    211  4.105568283017673E+002  3.262733833272937E+004
    212  4.968264702077349E+002  3.271979357438794E+004
    213  4.021690707993736E+002  3.107340722297727E+004
    214  1.139825511676387E+002  7.605373634868025E+003
    215  1.271170576022373E+002  8.918142015009473E+003
    216  2.844744194292112E+001  1.805120344104988E+003
    217  5.072904852701982E+002  3.874957136893843E+004
    218  2.821833593146133E+002  1.830749330846721E+004
    219  3.481429204548064E+001  2.390258907971874E+003
    220  3.538624423543740E+001  2.340333335978949E+003
    221  4.121340988157608E+002  2.841472155073206E+004
    222  3.045985946425338E+002  2.171179225059042E+004
    223  8.448717524940923E+002  5.566386608361828E+004
    224  1.019644656199379E+001  6.517362718839694E+002
    225  1.530143308599297E+001  1.031134486685027E+003
    226  3.009974373725977E+002  2.120517599167384E+004
    227  1.326842222501345E+001  8.785555233876897E+002
    228  7.644900295532105E+000  5.075210639925827E+002
    229  1.321181228434333E+003  8.831151881033771E+004
    230  1.289537457063579E+003  9.356656759590078E+004
    231  1.489401771205241E+002  9.341225435508062E+003
    232  5.292817398063561E+003  4.188970925292858E+005
    233  8.261687438779234E+002  5.794539012094165E+004
    234  7.151557861780370E+001  4.818822875489116E+003
    235  1.452213455556941E+001  1.043176979298651E+003
    236  1.112021237064959E+003  7.738666330924847E+004
    237  2.075182672067721E+002  1.404369778850702E+004
    238  5.538940432522116E+002  3.921742893465410E+004
    239  3.234974150161441E+002  2.345158794382678E+004
    240  7.334222924002055E+002  5.508661476884085E+004
    241  8.312366451931055E+002  5.795554398788355E+004
    242  8.386512915227382E+001  5.521915992498732E+003
    243  3.379664080516374E+001  2.435921061502394E+003
    244  3.239169915420370E+002  2.516561394041707E+004
    245  1.228162511892973E+003  8.469890361045919E+004
    246  3.948562674528650E+002  2.746541623264856E+004
    247  2.994690281582677E+002  2.184210318018572E+004
    248  5.550922528395335E+003  3.941372402253238E+005
    249  1.160983580313574E+003  8.388025809527033E+004
    250  2.267059573141817E+001  1.460291273733435E+003
    251  6.060740085989422E+002  3.941480936266600E+004
    252  7.345897890079671E+000  4.171352588292177E+002
    253  2.609234120702062E+003  1.844397897398042E+005
    254  1.185691000942105E+003  8.172748901978415E+004
    255  1.142415792618614E+003  7.666243283352147E+004
    256  4.015996521360377E+002  2.925281185465590E+004
    257  6.526380748317536E+001  4.528143220145005E+003
    258  2.423657508436340E+003  1.738185392974600E+005
    259  9.158298556371803E+002  6.992508840779710E+004
    260  4.240585584580560E+001  2.687253809548344E+003
    261  1.203954260952123E+002  8.320821609358971E+003
    262  1.383486833816676E+002  9.896653481623856E+003
    263  4.565861557042440E+000  2.934260126965290E+002
    264  7.810979157577210E+002  5.734170469911645E+004
    265  1.564754011167131E+001  1.084932825226009E+003
    266  1.009776194061482E+002  7.335181495537006E+003
    267  5.001384492509771E+001  3.559751546634489E+003
    268  6.701620531856825E+000  4.427319043351095E+002
    269  2.623980506442901E+001  1.737030123078807E+003
    270  1.115086906025406E+002  8.153535116796275E+003
    271  2.946756311133544E+001  2.070119302139838E+003
    272  1.043854227738701E+003  7.769072238779615E+004
    273  2.776942813146692E+002  2.118094345817972E+004
    274  8.950380186578935E+002  6.812291314517414E+004
    275  1.576366103699312E+002  9.750655355914054E+003
    276  1.679230754087553E+002  1.273469485445825E+004
    277  3.784285704133187E+001  2.778928733652963E+003
    278  1.060827325064296E+002  7.920951413425104E+003
    279  5.659520764649875E+002  4.199369479030156E+004
    280  1.188486108846572E+003  9.371746813945413E+004
    281  5.547938699457712E+002  4.167992851562501E+004
    282  5.610079378797038E+002  3.787002079760664E+004
    283  3.242061189676115E+002  2.350468891645000E+004
    284  2.185649481267568E+001  1.489036606313113E+003
    285  3.372451897003378E+002  2.542892428851580E+004
    286  1.361471946518496E+001  1.013100302513074E+003
    287  7.972070963563272E+001  6.085477078702781E+003
    288  4.091077469753290E+002  2.808653496709517E+004
    289  6.617608001342514E+002  4.962550732022117E+004
    290  2.670723825181784E+003  2.055746923111750E+005
    291  5.503774850773766E+003  4.290520328880771E+005
    292  1.535767607352794E+002  1.126295856092178E+004
    293  8.162707142794161E+003  6.299293997567343E+005
    294  1.095892528391816E+003  7.994385363251678E+004
    295  3.866627921997277E+002  2.501464849420945E+004
    296  1.633963785386584E+003  1.105286595446775E+005
    297  2.499954965263671E+003  1.671058877843879E+005
    298  1.212151276541170E+004  9.571724122203785E+005
    299  1.802135609029441E+003  1.400545825562548E+005
    300  2.949289660446403E+003  2.010909045285360E+005
    301  3.267374607067817E+003  2.254814925325251E+005
    302  3.510029759285315E+002  2.483892638143833E+004
    303  4.541642896994119E+002  3.227897520298167E+004
    304  1.310437315650763E+002  8.438842726719844E+003
    305  8.654738826948339E+001  5.814724459090573E+003
    306  8.902392550777126E+002  6.416739566033438E+004
    307  8.048582339629552E+001  5.226372449388270E+003
    308  2.478651987950106E+003  1.779886510703488E+005
    309  1.930602545343303E+002  1.334889835703117E+004
    310  7.131750247580605E+002  5.120456796328712E+004
    311  5.842213520174775E+001  3.817830985733996E+003
    312  1.526798061188182E+002  9.899643447539054E+003
    313  2.280022183839916E+001  1.492923458297591E+003
    314  9.428091451858117E+001  6.171266507136810E+003
    315  2.333121768861536E+001  1.569885651609805E+003
    316  4.396170990470586E+001  3.132077608527294E+003
    317  1.100595641392527E+002  7.325060054579918E+003
    318  1.163527572697102E+003  8.322340895505705E+004
    319  1.568442171175438E+002  1.165628002857563E+004
    320  3.683037160127948E+002  2.504435744480115E+004
    321  1.635815244806687E+002  1.075958947609765E+004
    322  7.541488555577621E+001  4.960983559323447E+003
    323  5.670847230941799E+001  3.647331330683694E+003
    324  1.425528335440387E+002  9.642791947665673E+003
    325  3.337634822303215E+002  2.137883212500816E+004
    326  6.345165935278294E+002  4.794311635498593E+004
    327  1.856811106689825E+002  1.179928917226814E+004
    328  1.543205159201846E+001  1.055549956517721E+003
    329  1.539123646675483E+003  1.119726789526163E+005
    330  1.669386510483943E+003  1.125643752960178E+005
    331  4.360357497042812E+002  2.921176688564421E+004
    332  2.166972238598534E+002  1.682493702582016E+004
    333  9.509847947437182E+002  7.311412828105847E+004
    334  9.865827099597020E+001  6.396738024482668E+003
    335  6.159978917013729E+002  4.047292670555096E+004
    336  2.026639761122905E+002  1.373298682295544E+004
    337  6.568159227678773E+001  4.370038520705912E+003
    338  2.124892064840420E+002  1.453291822118129E+004
    339  5.993620880961141E+001  4.045451114932439E+003
    340  7.385477193191155E+002  5.631228484884355E+004
    341  1.169707226431966E+003  7.934833529176595E+004
    342  1.863201839426434E+001  1.284420534715015E+003
    343  5.678717833041064E+002  4.181390237097147E+004
    344  1.680211098847991E+003  1.294004953609264E+005
    345  1.208073956793949E+002  9.400689064552898E+003
    346  5.468934084811536E+003  4.258514042876999E+005
    347  1.014730496617117E+003  6.883823179016494E+004
    348  6.013115103526898E+002  4.092021366402112E+004
    349  1.679714497082101E+002  1.216871305076230E+004
    350  1.447545694837741E+001  1.007363300107433E+003
    351  1.613261646170109E+002  1.101033913720333E+004
    352  2.701506732030383E+002  1.843248447279462E+004
    353  2.413429487494679E+001  1.733014848199857E+003
    354  1.865566036962209E+001  1.253091101037900E+003
    355  1.854849913922127E+002  1.359046297425511E+004
    356  1.335691984860329E+003  9.585409272985980E+004
    357  2.850916032296929E+002  1.931511764269913E+004
    358  3.713813537423413E+003  2.606925606166782E+005
    359  4.674408403813036E+002  3.554604861926646E+004
    360  1.041749943453060E+002  6.873428960103222E+003
    361  7.177529487310592E+001  4.917251347414982E+003
    362  8.217895248811308E+000  5.203223686032171E+002
    363  1.548322525481226E+000  8.116268697315219E+001
    364  1.616873748273099E+002  1.228083830422583E+004
    365  1.690963047985641E+002  1.233832064970188E+004
    366  2.064503508672208E+001  1.383584180291274E+003
    367  3.066074180980806E+002  2.361791233880938E+004
    368  1.221069436185488E+001  7.700666920048983E+002
    369  1.513036761720967E+002  1.202000030623669E+004
    370  2.734355893447101E+001  1.807970896741690E+003
    371  8.862399437490636E+000  5.941057266155270E+002
    372  6.756396275319317E+001  4.989079183686926E+003
    373  1.012142630232016E+001  7.118084906370408E+002
    374  8.724550908701835E+002  6.753062508085171E+004
    375  5.441471790196344E+001  4.197783416262134E+003
    376  1.192787707023362E+003  9.243207765801619E+004
    377  1.179727448778861E+002  8.363434423250810E+003
    378  9.760987283251801E+002  6.849059364958252E+004
    379  7.151413970504369E+002  4.926521453062643E+004
    380  6.342364955635068E+002  4.458568366019206E+004
    381  4.358929788967586E+002  3.159001190391087E+004
    382  1.702297312425084E+002  1.157371190797553E+004
    383  7.558626347181219E+002  5.658067150974149E+004
    384  2.177019490561207E+004  1.650579004193187E+006
    385  6.648638001190453E+002  4.576146675864642E+004
    386  7.520357598849644E+003  5.522330629996242E+005
    387  2.037281273260136E+003  1.521566050837950E+005
    388  2.899115243396274E+000  1.834538496592059E+002
    389  1.815271911034266E+002  1.226128231799004E+004
    390  1.101890289966170E+004  8.673592693579883E+005
    391  2.487388608988995E+003  1.779050354567931E+005
    392  5.317514075484463E+003  3.938258229105950E+005
    393  1.252963458515078E+004  9.670059485320802E+005
    394  1.763784671183593E+002  1.261043183245871E+004
    395  2.899578109826670E+003  2.266247323724362E+005
    396  5.577585690799477E+002  4.233683035320777E+004
    397  1.341238482941009E+002  9.999666572065464E+003
    398  2.488977850679096E+002  1.873924999553061E+004
    399  7.462553293345453E+002  5.715839164761017E+004
    400  1.767908602460894E+003  1.295909939730007E+005
    401  2.320241481615147E+002  1.547377384475565E+004
    402  2.517941385046867E+003  1.864675966980013E+005
    403  6.613669818391385E+002  4.423759144672285E+004
    404  2.542568038693918E+002  1.885319416306319E+004
    405  1.035865713828806E+003  7.492415584305917E+004
    406  2.759368209405070E+000  1.905298982569884E+002
    407  4.617095355538502E+003  3.611138061719321E+005
    408  1.140136422453865E+001  8.511800000224063E+002
    409  6.620918710863052E+002  4.788686417787355E+004
    410  4.058152040096422E+001  3.004848952375338E+003
    411  4.428377983091980E+002  3.328363109965326E+004
    412  4.755571005536647E+000  3.209118907406528E+002
    413  1.020139274649463E+003  6.923377755317571E+004
    414  6.432436048471295E+001  4.241983340569096E+003
    415  1.537197540149733E+003  1.099175505641906E+005
    416  5.266692888716752E+001  3.862037430285611E+003
    417  3.161831289800907E+002  2.216756835988415E+004
    418  2.591403794320844E+004  1.597262859482767E+006
    419  4.891277996123743E+003  3.831343386003735E+005
    420  6.790775382006269E+001  4.936391912328442E+003
    421  3.323782793312948E+002  2.462988171592198E+004
    422  2.431251796989641E+003  1.543243613396205E+005
    423  2.619232418378982E+003  1.875599009545690E+005
    424  1.003120529668611E+001  6.727347575748103E+002
    425  7.011749251359056E+003  4.459787938615736E+005
    426  1.244203821957730E+003  8.161951313543579E+004
    427  2.178590629542686E+003  1.573812478414200E+005
    428  6.072127654208233E+000  4.177140388645071E+002
    429  1.352927100175967E+001  9.303237093007293E+002
    430  1.826090165468370E+003  1.361900884741998E+005
    431  8.493406523980021E+002  5.463913004500615E+004
    432  2.848272684141295E+001  2.020080354579655E+003
    433  1.256002820756474E+002  9.194397726071318E+003
    434  1.544404044949002E+003  1.158349062580330E+005
    435  2.462965023921094E+001  1.624055127821031E+003
    436  2.775020004516755E+003  1.928009206388179E+005
    437  1.954709048621520E+001  1.372001508270845E+003
    438  3.652838974713136E+003  2.577995735931825E+005
    439  2.017656673612138E+000  1.058516910035416E+002
    440  9.158816541268683E+002  6.901684831774073E+004
    441  2.732457963337612E+001  1.779373782561125E+003
    442  2.701827166285705E+002  1.993876431712918E+004
    443  1.930374038785912E+000  1.246534691769529E+002
    444  1.206103542190556E+002  7.968807844745927E+003
    445  1.368512351848316E+003  9.571352439924744E+004
    446  7.569273017896573E+002  5.567062505828383E+004
    447  1.358706776111366E+001  9.223579486019072E+002
    448  3.471869524626032E+002  2.610844468576112E+004
    449  2.270916867539894E+002  1.586501853118592E+004
    450  2.348652778058412E+003  1.866356536098100E+005
    451  1.769035824772282E+002  1.267179872389011E+004
    452  2.340851300337696E+003  1.826755166910555E+005
    453  3.656316064883735E+003  2.830117505140736E+005
    454  7.101055563108847E+003  5.685118537557045E+005
    455  8.717006279628727E+001  6.569291587159284E+003
    456  2.397329684682076E+003  1.909525479108415E+005
    457  1.734360900315787E+001  1.085341243096668E+003
    458  1.712804088761847E+003  1.348582941932874E+005
    459  4.672983373656260E+002  3.331627970275968E+004
    460  1.405238906401175E+003  1.116248459581479E+005
    461  1.417101675383984E+001  9.510773059787317E+002
    462  2.169858251855092E+003  1.565490094525847E+005
    463  2.199237452739022E+001  1.476623688083036E+003
    464  1.518586926545034E+003  1.113491056597484E+005
    465  2.776144528422221E+001  1.847756789677284E+003
    466  5.739961780953696E+002  4.176616169947274E+004
    467  3.012679508118213E+002  2.149684513178075E+004
    468  5.601765675989417E+002  4.153197857444267E+004
    469  1.145294207735903E+001  7.524649420699340E+002
    470  3.497075263786536E+001  2.317896983748267E+003
    471  2.527662402064287E+001  1.700311776388523E+003
    472  1.795436030264085E+003  1.373450825956529E+005
    473  9.673491082890826E+001  7.333439309846887E+003
    474  6.690341396426107E+003  5.295645004148876E+005
    475  4.591247421129154E+002  3.606645470904855E+004
    476  2.538029279325138E+001  1.827963609582125E+003
    477  1.147719776803326E+003  9.104194311922161E+004
    478  1.828147069051512E+002  1.399008430237729E+004
    479  3.189291887273609E+003  2.481639647981239E+005
    480  3.002746782625550E+002  2.239245696397811E+004
    481  3.252615673586335E+001  2.008301388574090E+003
    482  4.089942025100264E+002  3.098523589759767E+004
    483  6.590100268115876E+002  4.871638331175109E+004
    484  3.990021862870924E+001  2.878177681049892E+003
    485  1.325212833303617E+003  1.038575712559299E+005
    486  7.272169268625257E+001  4.430270269242390E+003
    487  1.137701489800612E+003  8.992682751141004E+004
    488  7.203948508782395E+000  4.512470222854003E+002
    489  7.234915578270916E+002  5.668166412263666E+004
    490  3.549222000502427E+000  2.591785498957074E+002
    491  5.185842358230557E+002  4.036472225965135E+004
    492  7.605728557933396E+002  5.384662535860721E+004
    493  2.172321093023065E+002  1.466258309431064E+004
    494  4.673672637360228E+002  3.475549501592386E+004
    495  6.151337953133667E+002  4.665972494491163E+004
    496  6.519194699018196E+000  4.418652067433292E+002
    497  3.804417827138251E+002  2.716544072360688E+004
    498  3.035271561072236E+002  2.264592235214431E+004
    499  1.011912895644423E+000  5.627432330651678E+001
    500  4.730965402374429E+002  3.641382312168317E+004
    501  1.423265889513282E+000  9.142115407969091E+001
    502  8.459027585407644E+001  5.681227679828537E+003
    503  1.962436369144061E+003  1.546796152568609E+005
    504  1.182337751612451E+003  9.020020100290072E+004
    505  8.409825871708097E+002  6.562797724635438E+004
    506  6.938387916083021E+000  4.499995097490361E+002
    507  1.474973062712875E+003  1.067566173498120E+005
    508  1.946648150994870E+001  1.403331621864732E+003
    509  1.466731136272764E+001  1.089583754875386E+003
    510  1.372048270172110E+003  1.067341660525288E+005
    511  5.772850918935646E+001  4.293852530002952E+003
    512  1.861522759741422E+003  1.466796832565169E+005
    513  3.353968936623178E+001  2.374514024418464E+003
    514  4.559846335782987E+002  3.500913270078314E+004
    515  1.039517088849285E+002  7.191967252387843E+003
    516  1.629077385362151E+002  1.228598646981275E+004
    517  3.022132717401102E+002  2.372084592943997E+004
    518  8.049376277727846E+002  6.239086245939890E+004
    519  8.075764038279846E+002  6.421592556238025E+004
    520  3.774811239468774E+000  2.580512402948980E+002
    521  7.472149556805780E+001  5.005364934542930E+003
    522  3.615015482867872E+001  2.663271889489877E+003
    523  2.871308837134402E+002  2.156917208079466E+004
    524  2.210690159422977E+003  1.765337239044283E+005
    525  1.068150898566331E+002  7.942483373944168E+003
    526  4.964508316939266E+001  3.501102623861793E+003
    527  8.199213142922837E+002  6.546333034849784E+004
    528  7.687305852433065E+001  5.347643090157489E+003
    529  3.881309974930968E+001  2.664552460979780E+003
    530  1.035726205262221E+003  7.987767893737640E+004
    531  9.589846322358530E+002  6.795670535574028E+004
    532  2.298429719842484E+002  1.681183181276251E+004
    533  2.928919638446527E+002  2.189729305185175E+004
    534  1.729965248628266E+002  1.265959989125734E+004
    535  8.255419482328653E+003  6.162718516258502E+005
    536  1.260559211568534E+003  8.454248900199866E+004
    537  1.759462162930061E+004  1.289642826588528E+006
    538  1.345061151255255E+003  8.782906715871289E+004
    539  1.732718550988599E+004  1.312972932711846E+006
    540  8.532710764273511E+002  6.310141697931344E+004
    541  2.616786941722946E+002  2.040279195963262E+004
    542  8.245209960534028E+001  5.593462225106284E+003
    543  2.546234013335646E+002  1.735768394946477E+004
    544  4.625865682850664E+003  3.134747359273614E+005
    545  3.731224011207734E+002  2.808224553347933E+004
    546  6.642220220103369E+003  4.487649040793096E+005
    547  8.890544577198040E+004  6.020904558213538E+006
    548  2.192065584214453E+002  1.485290396842334E+004
    549  3.945995466313473E+003  2.654057500837512E+005
    550  1.677028704862376E+003  1.296960887171495E+005
    551  5.175331171898709E+003  3.409784108924140E+005
    552  4.327341947783043E+003  2.588011219040714E+005
    553  6.718508941659114E+002  4.804694811890480E+004
    554  3.276787830772768E+003  2.227776949908577E+005
    555  1.054953599305894E+002  7.515268826114348E+003
    556  1.554444961303194E+001  9.601325644324284E+002
    557  5.034350079385133E+002  3.497005989105940E+004
    558  4.792601722018735E+001  3.339143208031463E+003
    559  7.407533158139820E+002  5.652677122821379E+004
    560  2.087519585783353E+002  1.423224711994030E+004
    561  4.782039590842837E+001  3.451848856264765E+003
    562  2.479136485822156E+001  1.470287862409065E+003
    563  1.269546016972701E+004  8.812753577661774E+005
    564  3.341382908056077E+002  2.213538861149408E+004
    565  9.748576848196498E+001  6.836034732266158E+003
    566  1.552968137620019E+004  1.041687885317542E+006
    567  3.676089958817469E+001  2.445908439394436E+003
    568  4.028577281345368E+002  2.924975143872699E+004
    569  2.106317181070752E+001  1.433921985829294E+003
    570  1.167485349419112E+003  7.597313295449987E+004
    571  7.089146403057245E+001  4.837179924793804E+003
    572  2.279250984176655E+002  1.492145207586070E+004
    573  1.070446480737506E+002  7.299405271052169E+003
    574  1.401470041695050E+001  1.005616115213608E+003
    575  1.029209032222531E+003  7.648432128850675E+004
    576  2.483017248168036E+002  1.482192867335831E+004
    577  5.580485317536463E+001  3.810498421202555E+003
    578  5.310745197453981E+001  3.737741919359536E+003
    579  2.248408693126537E+001  1.601681520915467E+003
    580  3.359699755335336E+002  2.325918057253608E+004
    581  1.304175633621570E+000  9.469438069389248E+001
    582  2.411967625459641E+002  1.718479247411866E+004
    583  2.996246206102266E+001  1.982813204248736E+003
    584  6.279341932080523E+001  4.369400225306946E+003
    585  2.475370666556785E+002  1.856518017209641E+004
    586  9.699112070507416E+000  6.058378211830867E+002
    587  1.480946278241423E+002  1.116009365464078E+004
    588  2.145739232238379E+003  1.644551744596490E+005
    589  3.067558162055887E+001  2.020550895089754E+003
    590  5.513561096957589E+000  3.504716832799245E+002
    591  1.002564545547219E+001  6.660742947964087E+002
    592  9.382012416013860E+002  7.220043376835427E+004
    593  6.345053965259107E+002  4.860544756390781E+004
    594  4.446538573264777E+001  3.025567243287008E+003
    595  2.326941484338460E+001  1.512488543458153E+003
    596  3.203755275266435E+001  2.204542626309590E+003
    597  4.622925480562913E+001  3.582351139306439E+003
    598  8.490032500241371E-001  4.949258782814602E+001
    599  5.005802288001683E+002  3.968455159476618E+004
    600  1.612037680591572E+002  1.285010925653582E+004
    601  1.333498359276086E+001  9.392587353554841E+002
    602  6.225731215632433E+002  4.816082872175701E+004
    603  4.703730837529990E+000  3.432265583802828E+002
    604  2.074021877244683E+002  1.425934370407691E+004
    605  5.384030279709456E+001  3.622915394075260E+003
    606  1.256068172668002E+000  8.145750158207861E+001
    607  4.541026176734282E+001  3.356514464421720E+003
    608  1.667835937209663E+001  1.133765427911015E+003
    609  1.656613662113979E+002  1.253921338924188E+004
    610  3.276995017269487E+001  2.238484557156176E+003
    611  4.570884124866333E+001  3.400924003136991E+003
    612  9.717218797482412E-001  6.630193400428294E+001
    613  4.953484307429388E+002  3.755536904293822E+004
    614  3.677141809403528E+000  2.486927334139429E+002
    615  2.341865022047841E+002  1.832721424679190E+004
    616  3.979580228339847E+001  2.746499400190832E+003
    617  1.394664337337633E+002  1.062760137816774E+004
    618  2.684143979877917E+002  1.999433570819154E+004
    619  8.557514467955489E+000  5.806351327677511E+002
    620  2.451277881787226E-001  1.311455988714625E+001
    621  1.555239594833702E+002  1.205217851485024E+004
    622  2.520587533091656E+001  1.688742295054667E+003
    623  1.046769323835008E+002  7.855345002509101E+003
    624  2.838694510086470E+001  1.908706985166788E+003
    625  7.534631689501187E+000  4.863058517580200E+002
    626  3.813616089739585E+001  2.936647649395300E+003
    627  6.806387306572265E+000  4.525172576833612E+002
    628  1.045171706665275E+000  6.193118794425016E+001
    629  8.982393723091685E-001  5.905962277301999E+001
    630  2.316980217821202E+001  1.653359024397089E+003
    631  2.307397356539313E+001  1.708043056898485E+003
    632  3.416748218945152E+002  2.672742285049122E+004
    633  1.473183091618368E+001  9.705068789153519E+002
    634  1.122479363053413E+001  7.578277234252896E+002
    635  3.564168735026016E+001  2.488635592408706E+003
    636  4.196206696616463E+001  2.917034355041054E+003
    637  2.729040348416458E+001  1.998852247601206E+003
    638  1.537814571183546E+000  1.051525030904835E+002
    639  9.761216358598300E+001  7.084135429905517E+003
    640  9.145589280681943E+000  6.586095323656592E+002
    641  2.468182241147987E+001  1.692549824932462E+003
    642  6.257217529150825E+000  4.083229991406493E+002
    643  7.049885557934496E+001  5.013836566117686E+003
    644  4.068899017064661E+000  2.641844022016908E+002
    645  5.894818899163761E+001  4.492585824050338E+003
    646  2.203941305467342E+001  1.618468614560558E+003
    647  2.282221340638763E-001  1.257121182994190E+001
    648  7.504159026430725E+000  5.197487370666141E+002
    649  1.116578742029437E+002  8.727900460205112E+003
    650  5.649622144106420E+001  4.358604074544550E+003
    651  6.273568229892054E+000  4.203275500255704E+002
    652  1.285865642302209E-001  4.738720792867658E+000
    653  2.256015992958670E+000  1.579659213612952E+002
    654  1.957923375672801E+002  1.489932482712885E+004
    655  1.150756142482329E+002  9.006433135945952E+003
    656  2.394758653794410E+001  1.600511313177978E+003
    657  8.220990638677911E+000  5.553154757573303E+002
    658  1.127457371930922E+002  8.195310815552848E+003
    659  1.313838585920378E+002  9.933524152221320E+003
    660  7.138267516209268E+000  4.813286459402461E+002
    661  2.334514132803410E+002  1.807260278589097E+004
    662  2.578517700335699E+000  1.784292815890453E+002
    663  3.489679559495420E+002  2.696672605548618E+004
    664  4.904958240407871E+000  3.381427036951149E+002
    665  9.546654706055817E+000  6.328394210169894E+002
    666  8.526942673514799E+001  5.810933155345207E+003
    667  1.089575665978443E+002  7.804546903827625E+003
    668  6.566091824898081E+000  4.643416362163502E+002
    669  3.079462699869575E+002  2.360618707836261E+004
    670  1.950763321709875E+001  1.329170936217415E+003
    671  6.667052480717317E+001  5.217725807333509E+003
    672  3.390001559535297E+001  2.261961385418358E+003
    673  3.095406362698380E+001  2.131960614999547E+003
    674  3.866750788683135E+001  2.608956903176776E+003
    675  2.887283439342616E+001  2.249395999684816E+003
    676  2.995802081916017E+001  2.189684127848438E+003
    677  5.783551516211972E+000  3.785703803026051E+002
    678  1.895524198707955E+002  1.448651175720270E+004
    679  8.535513378321738E+000  5.797066478899237E+002
    680  4.355041661347412E+002  3.148540224750771E+004
    681  1.745915611899836E+002  1.278515955641327E+004
    682  2.106487132813017E+001  1.415488002802836E+003
    683  1.318792447367609E+002  9.879082465883594E+003
    684  1.907901603243783E+001  1.280869002393694E+003
    685  7.197898462966784E+000  4.940036020236190E+002
    686  1.541042000468293E+002  1.123199877130592E+004
    687  2.410133700249747E+002  1.800459579034413E+004
    688  3.061352244563846E+000  1.979128063424386E+002
    689  1.977611479855920E+002  1.502924184619064E+004
    690  1.381775385590919E+002  1.028968318932159E+004
    691  2.151719982008855E+002  1.556698655762930E+004
    692  7.395824688222238E-001  4.262862047548125E+001
    693  2.262591479745653E+000  1.581749663543483E+002
    694  3.573788002991707E+002  2.577673928978750E+004
    695  2.016359624472753E+001  1.365613138345983E+003
    696  5.624439927255978E+000  3.747052533855266E+002
    697  2.230707813118622E+002  1.575926945486580E+004
    698  5.967761405332469E+002  4.230530881513218E+004
    699  6.124894498017506E+000  4.152532833561327E+002
    700  8.773342276071699E+001  6.216689078066229E+003
    701  3.999098491667817E-001  2.052643492987847E+001
    702  5.020932748097456E+001  3.615602364500130E+003
    703  2.895151445149738E+000  1.858408143987279E+002
    704  3.961247357923129E-001  2.085786774147801E+001
    705  3.512334569803213E+000  2.249305400886906E+002
    706  1.745757576737392E+002  1.348603226361771E+004
    707  6.739195742484263E+000  4.485451548366170E+002
    708  2.726863357264793E+002  1.943324829046509E+004
    709  1.218788912561588E+001  8.263139435176287E+002
    710  4.209679367519197E+002  3.219984023312021E+004
    711  3.880258971820870E+000  2.801435083147342E+002
    712  5.360148950627495E+002  4.097009523177551E+004
    713  2.698282547643864E+001  1.834480901823950E+003
    714  4.362414478705211E+000  2.922733169411100E+002
    715  4.765954865831485E+000  3.206698178247269E+002
    716  2.307238861915743E+002  1.672201016442843E+004
    717  3.114693815041808E+002  2.356860119136249E+004
    718  6.954034954258477E-001  4.845048311994400E+001
    719  1.903771607000209E+002  1.415940798147633E+004
    720  7.961533515625389E-001  4.824774297805219E+001
    721  8.974879377595381E+001  6.975877726178479E+003
    722  5.300704188486452E+000  3.652379156373061E+002
    723  2.429549720651629E+000  1.881194161653327E+002
    724  2.117603219428624E+002  1.664002836988342E+004
    725  9.995451809084735E+002  7.400807092243175E+004
    726  1.322578222104893E+000  8.472950294503777E+001
    727  3.121225649244724E+002  2.345280559474651E+004
    728  2.285224995046918E+000  1.487676767056369E+002
    729  1.876640796005291E+000  1.204030070887800E+002
    730  1.159671491191231E+002  8.323742070574584E+003
    731  9.722495603230733E+001  7.518713475794208E+003
    732  5.966594277715553E+000  3.779853321868484E+002
    733  1.049980792136789E+002  8.120526114799435E+003
    734  3.193744893218706E-001  1.764049419169006E+001
    735  3.633920952641179E+000  2.752995375126948E+002
    736  4.770390628633619E-001  2.754516605743061E+001
    737  2.696991356901258E+001  2.079961400076224E+003
    738  1.006941104360272E+002  7.785825513807563E+003
    739  5.160920192806582E+000  3.819946815732790E+002
    740  1.815411160894840E+000  1.381304984112879E+002
    741  4.669371466712247E+002  3.683219381810405E+004
    742  1.167322062144807E+002  8.375281024602546E+003
    743  5.381098105787144E-001  3.717013894144586E+001
    744  1.038581685833651E+001  6.926960239350789E+002
    745  1.971824219707696E+002  1.457714771136631E+004
    746  7.382685842225814E+001  5.593750070646401E+003
    747  2.974816819301800E+000  2.124332109257469E+002
    748  6.381694065942968E+001  5.027266143282542E+003
    749  1.103474700705414E+002  8.075521414457956E+003
    750  1.206532478541456E+000  8.119531204952914E+001
    751  7.695032803833305E+001  6.019306659550047E+003
    752  2.689524220967260E-001  1.372267235178398E+001
    753  1.120635408308398E+000  7.546052949699028E+001
    754  5.358857455047452E+000  3.616018698360036E+002
    755  8.626929274965570E+001  6.600303010032424E+003
    756  8.196927801876446E+001  6.081005070314266E+003
    757  4.861919943866325E+001  3.430610506752605E+003
    758  4.302115969678311E+000  2.823219154477261E+002
    759  5.979578769640411E-001  4.114290399257342E+001
    760  8.818061077883034E+001  6.860484088580066E+003
    761  3.375468245189363E+000  2.246333989825965E+002
    762  1.621356744994130E+002  1.254544912660734E+004
    763  1.883637191787962E+002  1.445993075820328E+004
    764  3.937991317142482E+000  2.696191850532786E+002
    765  7.600471388123507E+002  5.899578265569534E+004
    766  4.007950241502472E+000  2.939983117994557E+002
    767  4.257461472880119E+000  2.791085667332788E+002
    768  4.375066118571076E+002  3.304160456388332E+004
    769  3.269478075298487E+002  2.475680267735245E+004
    770  5.824031691175356E+000  3.898405983306153E+002
    771  1.385485409408552E+002  1.044062896357843E+004
    772  3.241689016766857E+002  2.378566628410903E+004
    773  5.360886806708033E-001  3.417753108864051E+001
    774  9.544664067675649E+001  6.782733983227537E+003
    775  1.006493789582118E+000  7.459659870663793E+001
    776  1.850867699193114E+000  1.150342852788501E+002
    777  1.157573338000118E+003  9.140407869376971E+004
    778  8.255945485157575E+002  6.508341267480412E+004
    779  1.969370310545915E+000  1.325864267709787E+002
    780  1.184075306403168E+002  9.024530653236900E+003
    781  7.145783892641314E+000  4.906817545953590E+002
    782  9.473514857395690E+000  6.376982201289027E+002
    783  1.034543667968762E+003  8.094495990101776E+004
    784  3.450711061113060E+002  2.628795947552273E+004
    785  1.053663289042749E+003  8.167845437563954E+004
    786  4.601340816756340E+000  3.110515205213846E+002
    787  1.399467359645536E+001  9.470978463636294E+002
    788  1.295330038300557E+000  8.675458620967440E+001
    789  1.674184018604651E+002  1.272719777397259E+004
    790  1.087414003561705E+001  7.395089694134086E+002
    791  4.027683662464764E+002  3.087804862992725E+004
    792  5.759102970330023E+000  4.181388982789094E+002
    793  1.093762734270232E+002  8.294732232564440E+003
    794  5.879674526181838E+000  3.868442645908646E+002
    795  3.072248950130091E+002  2.429494267535152E+004
    796  4.812835760204369E+001  3.522902690683767E+003
    797  9.004410761396286E+001  7.024290743313398E+003
    798  1.430346855648916E+000  1.024279121471453E+002
    799  1.519486196710724E+002  1.132977995580891E+004
    800  1.826436828112283E+001  1.286034743223190E+003
    801  5.771284381504355E-001  4.038021696877340E+001
    802  1.943075601588504E+002  1.442920949140169E+004
    803  8.819962423801921E+001  6.829501514001101E+003
    804  8.278110429597280E+000  5.578630055608091E+002
    805  2.813387681501198E+000  1.946708308738489E+002
    806  3.103758227671504E-001  1.663005209749722E+001
    807  2.398481876924878E+002  1.859185966724554E+004
    808  8.357700910095153E+001  6.489945476209829E+003
    809  4.695829846446897E+000  3.118361351367302E+002
    810  8.104979699184272E+002  6.450991939069423E+004
    811  1.129906692310806E+000  7.777210201838071E+001
    812  1.578419746816580E+002  1.245641516519368E+004
    813  1.006043200029688E+003  7.950461698261811E+004
    814  6.298735659536766E-001  3.694896588658889E+001
    815  1.139551407991887E+001  8.124494459146422E+002
    816  1.083209410818107E+003  8.617114841638539E+004
    817  4.357113523705327E+002  3.448673964270142E+004
    818  2.937382385645854E+000  2.104112893050526E+002
    819  1.836935564217545E+000  1.372830422185573E+002
    820  1.158322134014355E+002  8.975535303465531E+003
    821  1.605594164233021E+002  1.242473107128701E+004
    822  1.103113673921052E+002  8.513970984580050E+003
    823  2.033094046691432E-001  1.108837003525806E+001
    824  1.625023855918246E+002  1.285523173626451E+004
    825  2.255194722651909E+002  1.757955738325300E+004
    826  2.641173169642969E+002  2.012866032558860E+004
    827  6.787448665547825E+001  5.117844020923786E+003
    828  4.281650659788916E+000  3.035426324274870E+002
    829  4.699176711419557E+001  3.593345510438805E+003
    830  1.801696278333651E+000  1.265437039809509E+002
    831  9.999504894185962E+001  7.706749112562753E+003
    832  1.213704367039258E+002  9.395660568885702E+003
    833  3.136781024736745E-001  1.934150158517496E+001
    834  1.232186012238798E+000  7.992980369860550E+001
    835  8.462291959040657E+001  6.181481617367369E+003
    836  3.231382029716920E+002  2.524599456807932E+004
    837  4.214272794667294E+000  3.255691228137559E+002
    838  5.471622993873832E+001  3.956982853885802E+003
    839  1.604948357537644E+000  1.077425451292350E+002
    840  1.587865501796119E-001  6.403207157279147E+000
    841  4.699084273245573E-001  2.680076551947916E+001
    842  4.611731165003897E+002  3.623026935995072E+004
    843  6.241252389681456E+001  4.697868161671085E+003
    844  2.337932654056295E+002  1.809419420547689E+004
    845  9.343498612767915E+000  6.587622153209217E+002
    846  5.424595848058337E+000  3.550005332220458E+002
    847  1.572803792102563E+002  1.164192668363468E+004
    848  2.707628986878219E+002  1.955546840931665E+004
    849  5.680901148703207E+000  3.879873844158337E+002
    850  1.956500722188205E-001  9.239011420482575E+000
    851  7.114125889996022E+001  5.084514906477430E+003
    852  7.681339415976934E+000  5.482758366974402E+002
    853  7.701221442366874E+001  6.087541158518990E+003
    854  2.464710253476839E+002  1.937450982436727E+004
    855  9.390773541199223E+001  6.742168981127601E+003
    856  2.692029341869264E+000  2.072216983516847E+002
    857  1.703217005106481E+000  1.258813621809575E+002
    858  2.401629418098155E+002  1.902888533843422E+004
    859  4.899455612114108E+000  3.510215974335717E+002
    860  1.239945421122134E+002  9.818136844111401E+003
    861  2.065984456894002E+000  1.559035894364804E+002
    862  6.462308197423856E+000  4.309605400690209E+002
    863  1.509977971803081E+002  1.196324683370574E+004
    864  4.001247115296216E-001  2.608025416362773E+001
    865  9.858409539562770E+001  7.779071660871236E+003
    866  2.232217347147423E+002  1.616867781323007E+004
    867  2.244738247717795E+000  1.669962737750469E+002
    868  1.951013215105915E+002  1.509084977945848E+004
    869  4.698839396264731E-001  2.971368780885471E+001
    870  7.467133116876564E+002  5.471907782653419E+004
    871  6.206453795058923E+001  4.458866844649567E+003
    872  6.328677151089609E-001  4.653183679357971E+001
    873  8.532856168820500E+001  6.519951968698905E+003
    874  4.054640112513116E-001  2.279400706198816E+001
    875  1.546257239023110E+002  1.116520508052893E+004
    876  1.403192909645319E+000  9.286653467267242E+001
    877  1.974681884221862E+002  1.450305351178955E+004
    878  1.318841127366034E+000  8.330166761385102E+001
    879  1.292131342989202E+001  9.219545116052744E+002
    880  5.497199512084977E+001  4.122595553067744E+003
    881  2.666832858486495E-001  1.740404149455473E+001
    882  2.078051626778283E+000  1.481655713525878E+002
    883  2.206491945727623E+001  1.702209927991715E+003
    884  5.331831140668058E+001  3.988969336333740E+003
    885  6.492798642147804E-002  1.328501134825167E+000
    886  2.254043583846207E+002  1.711040137483345E+004
    887  1.156146519661777E+002  8.381977460703389E+003
    888  1.624046893965222E+000  1.058474645004950E+002
    889  3.144650564574289E-001  2.106201686254207E+001
    890  1.778625485156356E+002  1.337032058558518E+004
    891  1.020883078564063E+000  7.691950407765073E+001
    892  1.764144514005233E+002  1.339913602675526E+004
    893  4.797054036841690E+000  3.180565017804569E+002
    894  2.942614846928934E+001  2.173180830875268E+003
    895  3.301500546729653E+002  2.585514233438603E+004
    896  3.816367820370260E+001  2.835424808429876E+003
    897  4.325153158514171E+002  3.276856918017814E+004
    898  3.069074122499567E+002  2.282249027148210E+004
    899  3.563896570110869E+001  2.441618058752411E+003
    900  1.756744541900666E+000  1.243230543309990E+002
    901  2.808251770727630E+000  1.803109938168128E+002
    902  4.047647146817509E+002  3.176449043871703E+004
    903  6.216755807505501E+001  4.287614106746624E+003
    904  8.127288606240853E-001  5.767863796474273E+001
    905  3.250097089872766E+002  2.340334992451155E+004
    906  1.450556045563306E+000  1.041274388087335E+002
    907  1.008204976861114E+002  7.336087739824164E+003
    908  3.244759617302032E+000  2.058028152941503E+002
    909  3.301552834842471E+002  2.594918022589764E+004
    910  1.633614463453772E+001  1.090069980191680E+003
    911  6.050679394154662E+002  4.449333126120533E+004
    912  1.134123990441855E+000  7.538567715989169E+001
    913  1.532547616215474E+001  1.150895546251672E+003
    914  2.667418061571853E-001  1.521034516667337E+001
    915  8.363508287147379E+000  5.875724359558805E+002
    916  5.445337207781390E+001  4.191605151049195E+003
    917  7.280113521563439E+001  5.368491041577102E+003
    918  2.506880229053193E+002  1.946846539588846E+004
    919  6.801314055459156E+001  4.830429900832817E+003
    920  2.600356466534318E+000  1.711654536787507E+002
    921  3.540259582870996E+001  2.714192270097697E+003
    922  1.260889710416153E+001  9.023058102054496E+002
    923  1.058797585824735E+001  7.415593383423787E+002
    924  4.225986943821069E+002  3.246069004678270E+004
    925  1.552981411056399E+000  9.964313598038109E+001
    926  1.983434229674247E+002  1.328421217283196E+004
    927  1.027859200300957E+001  7.012319603779752E+002
    928  4.623962821502790E+002  3.377980957275792E+004
    929  5.541234544859398E+002  4.063996757825142E+004
    930  5.477387640871056E+002  3.940292754231128E+004
    931  4.136365565794347E+000  2.806681316407621E+002
    932  4.749560615683745E+001  3.445431468207171E+003
    933  4.207549667927856E+000  2.975530059938999E+002
    934  3.906218619765203E+002  3.076952783343054E+004
    935  1.574822785622617E+000  1.024672414174087E+002
    936  5.892901062824463E+000  4.429702965974702E+002
    937  4.925379976432336E+002  3.564656169216782E+004
    938  1.179716506401188E+002  9.161836106008708E+003
    939  2.506929290124646E+000  1.629785266582373E+002
    940  1.307665656663290E+002  9.977225395584095E+003
    941  2.315555278260006E+000  1.739084096692945E+002
    942  1.143485201200079E+002  8.750112249881307E+003
    943  2.795659030661860E+001  2.111824033003657E+003
    944  8.778301925582070E+001  6.615991004905725E+003
    945  8.650633051992233E+001  6.428542160859329E+003
    946  7.925936631214329E-001  5.458694841667961E+001
    947  2.915191308615595E+002  2.137261341817037E+004
    948  1.336507883647943E+002  1.038530142892722E+004
    949  6.423339586898358E+000  4.529823756126905E+002
    950  6.269152558524387E+001  4.693866547311874E+003
    951  4.008782961790152E+000  2.868497058380998E+002
    952  2.084034490091057E+002  1.505275771734883E+004
    953  8.753036082604762E+000  6.643435472230912E+002
    954  8.051609825744290E+002  6.434971099730590E+004
    955  3.038813446292002E+002  2.429222447323749E+004
    956  2.888506173143673E+000  2.275642830438678E+002
    957  2.991230554441665E+000  2.019741420950787E+002
    958  2.349754751138372E+002  1.876752201181378E+004
    959  1.390514591847313E+000  9.784989657146990E+001
    960  1.599923065561984E+002  1.268218685163294E+004
    961  2.674617807635216E+000  1.837474437455133E+002
    962  7.837817382901891E+001  5.869185281998703E+003
    963  8.817189275693128E+000  5.946083695386806E+002
    964  3.730094866346127E+002  2.966103012099325E+004
    965  8.096682220378030E-001  6.082591647111417E+001
    966  8.656288801596281E+002  6.900276208708376E+004
    967  5.526360871412586E+001  3.943981797945689E+003
    968  9.096702694347753E+001  6.649358942680061E+003
    969  5.099865317015199E-001  3.375854273119345E+001
    970  4.237296283357397E+002  3.288755929482289E+004
    971  8.041342143562337E-001  5.715406548849857E+001
    972  1.160099483662127E+002  8.998054370718899E+003
    973  4.020722656199602E+002  2.982916757498842E+004
    974  1.102333264977778E+000  7.499985410346964E+001
    975  3.549462751847547E+001  2.645218232037810E+003
    976  9.396078616522911E+001  7.249775156323568E+003
    977  2.681103578810440E+001  1.976168714952753E+003
    978  9.634201430020871E+000  7.385635364664225E+002
    979  1.495781340562029E+002  1.117639632577132E+004
    980  2.464155502292884E+000  1.773029570263980E+002
    981  4.499631998304087E+002  3.589803628856227E+004
    982  7.849890224844250E+000  5.748377105946857E+002
    983  4.218319314895840E+001  3.009003472519926E+003
    984  4.377819413107394E+001  3.182353633545411E+003
    985  5.942233548993491E+000  4.342902030215457E+002
    986  7.748238106367538E+001  6.056946263336930E+003
    987  2.045656966897849E+000  1.355444102405080E+002
    988  4.938258011944017E+001  3.797491538163346E+003
    989  4.192989784388486E+002  3.322260271072216E+004
    990  3.876355269010765E+000  2.498272625838661E+002
    991  9.420144352472009E+002  7.402740878819225E+004
    992  2.208605506371259E+002  1.631443472017639E+004
    993  2.145689796819417E+000  1.598700510092577E+002
    994  6.294329496420917E+000  4.109209504622892E+002
    995  9.897798930234903E+001  6.658959334215998E+003
    996  1.526826030926791E+000  1.164686290967851E+002
    997  4.620927791749518E+002  3.624142924110167E+004
    998  8.179306018931997E+002  6.248172352044849E+004
    999  3.831348230377829E+000  3.035494104312978E+002
   1000  3.762283769170774E+002  2.788855382267673E+004
   1001  1.040995722792207E+003  8.055356685135253E+004
   1002  1.038416677823292E+001  7.749399759154580E+002
   1003  2.346554175885847E+000  1.667112626646158E+002
   1004  8.044643031411148E+000  5.325234005671051E+002
   1005  1.630718643423565E+002  1.239190598157628E+004
   1006  6.695170834248547E+002  4.939784304668474E+004
   1007  1.013291107518084E+000  7.071246983127507E+001
   1008  2.703687611693106E+002  1.951073178242012E+004
   1009  3.138000450377684E+002  2.267968046627882E+004
   1010  4.558539067662946E+000  3.109116916910197E+002
   1011  1.303945753616055E+002  9.315754619615096E+003
   1012  2.218980596334773E+000  1.535891131654098E+002
   1013  1.215784490501551E+002  9.310808475730448E+003
   1014  6.852456604095288E+001  4.878726097022782E+003
   1015  1.906619355094400E+000  1.497130895971097E+002
   1016  3.607182985103930E+002  2.809448334008500E+004
   1017  4.529847027963083E+000  2.921632454078924E+002
   1018  3.674259042476560E+002  2.862194872109011E+004
   1019  1.905787923802112E-001  1.201183618968174E+001
   1020  5.287303887558953E+002  4.196607704828375E+004
   1021  1.100071780518905E+002  8.641886065758203E+003
   1022  2.501716074497413E+002  1.967072543830071E+004
   1023  1.171872021242461E+000  7.187368983736354E+001
   1024  9.984930750565571E+002  7.790536599510646E+004
   1025  2.475148168668597E+000  1.683149398979538E+002
   1026  3.726202554287160E+002  2.821389822130433E+004
   1027  5.874985289300267E+002  4.462222358923480E+004
   1028  9.051600728529891E+000  6.003346103674922E+002
   1029  7.083634546521710E+002  5.097810345077357E+004
   1030  2.211601242195884E-001  1.373805704715608E+001
   1031  4.068054566182767E+002  3.048353361942092E+004
   1032  2.309624596280815E+002  1.694300191064605E+004
   1033  5.863291172556028E+002  4.172597256260127E+004
   1034  1.849399623414349E+002  1.425410057927409E+004
   1035  4.710848896774383E+000  3.076805809209413E+002
   1036  6.249717336987129E+002  4.145244405292135E+004
   1037  7.125731234658343E-001  4.726830897365839E+001
   1038  2.312726882016164E+003  1.414983266345198E+005
   1039  2.784223766895135E+003  1.979565081085051E+005
   1040  1.283862143303591E+001  8.812969650461474E+002
   1041  2.323970424830689E+003  1.450072811493761E+005
   1042  2.307095164855442E+003  1.822413133455865E+005
   1043  4.989166497715655E+000  3.216899949056299E+002
   1044  1.499339439356774E+003  1.106350324488589E+005
   1045  1.154449150026391E+003  8.882837487723517E+004
   1046  2.832516948144711E+001  2.029200949305317E+003
   1047  3.511677279327938E+003  2.198300836610955E+005
   1048  3.614718189677963E+003  2.512740279936261E+005
   1049  5.220552857850210E+000  3.919015555737478E+002
   1050  1.077623800477011E+003  8.052503461100521E+004
   1051  5.152772420796807E+000  3.346982340951774E+002
   1052  5.106294080585217E+003  3.829662931950195E+005
   1053  8.604767321735095E+002  5.851212206416461E+004
   1054  3.479375847340354E+000  2.325392339999327E+002
   1055  1.437751281369170E+003  1.125565994453373E+005
   1056  1.167976390561502E+001  8.845329883926953E+002
   1057  1.075941383819546E+003  8.040741671106943E+004
   1058  1.919756885966733E+003  1.438844963951404E+005
   1059  1.632814531682192E+000  1.214530805153773E+002
   1060  4.997353835455229E+003  3.602033251197880E+005
   1061  7.683538716514663E+002  5.397560094578031E+004
   1062  1.198357509187679E+003  8.818490875311043E+004
   1063  2.165581668781021E+001  1.505510384908707E+003
   1064  3.246781496764280E+002  2.248465480337725E+004
   1065  7.500655752426130E+000  5.250113715333727E+002
   1066  1.853207680381661E+003  1.453079008611124E+005
   1067  3.066429384923352E+003  2.325924691901975E+005
   1068  1.263670924596264E+001  8.497727985177472E+002
   1069  4.788350689298666E+003  3.350777386586302E+005
   1070  3.663820654704727E+004  2.630022394007154E+006
   1071  2.518717589182527E+003  1.929878967833264E+005
   1072  5.877126973353653E+003  3.884746137153950E+005
   1073  2.074948389580316E+000  1.494823414130605E+002
   1074  1.155163185917891E+004  8.805064044829513E+005
   1075  8.734697502318508E+002  5.894394238037921E+004
   1076  1.947359261720014E+002  1.511423097962975E+004
   1077  4.770705928776069E+001  3.447690319772145E+003
