# dt =   1.000000000000000E-003
# j, New nj, Rate of change (1/s)
      1  9.936043400654867E+002  3.145583509827941E+004
      2  3.601521667702957E+004  1.143765235106601E+006
      3  8.261432520967413E+002  2.515981333882122E+004
      4  1.643163393309465E+003  4.770266233311265E+004
      5  3.953727161712894E+003  1.151619352006181E+005
      6  5.310280748371315E+002  1.578608404061130E+004
      7  3.882147328655488E+004  1.129868001085050E+006
      8  1.975192603470682E+004  5.744626678423375E+005
      9  1.155426852917046E+004  3.602982618831456E+005
     10  8.669750976341489E+003  2.427591063248284E+005
     11  2.031412737663476E+003  5.918721255702675E+004
     12  1.781160416634312E+003  5.152701379552609E+004
     13  1.030156859410182E+002  3.009524936527218E+003
     14  7.553825302991371E+002  2.212846205355957E+004
     15  8.486442884622950E+001  2.450599989517625E+003
     16  6.910588035624598E+003  2.169594044085435E+005
     17  1.445434059713473E+003  4.238858637815323E+004
     18  6.621875081309789E+003  1.925686237946712E+005
     19  6.576394956754143E+001  1.838570905596867E+003
     20  1.721138929461358E+003  4.939973939527656E+004
     21  2.446430022229871E+002  6.855459266525792E+003
     22  1.916167002920736E+003  5.868799728078971E+004
     23  2.034041411445161E+004  5.931257953122986E+005
     24  1.513946429268106E+004  4.402672854420538E+005
     25  6.526376489793986E+001  1.867788518669465E+003
     26  1.729809373538322E+002  5.331940629366986E+003
     27  4.527155869391825E+004  1.391089384984872E+006
     28  7.523802046741877E+002  2.256315375808508E+004
     29  9.537010167838547E+003  2.877063617660108E+005
     30  2.281580926809569E+002  6.460748980428172E+003
     31  3.995975719237237E+003  1.175044731215817E+005
     32  2.189622046819658E+003  6.687606457470042E+004
     33  8.769386324767262E+002  2.520865583667250E+004
     34  4.437797176207276E+002  1.276881087934135E+004
     35  1.090512172329813E+004  3.287254116309271E+005
     36  1.058226254767696E+003  2.947732377363950E+004
     37  5.612281252943195E+003  1.713632794677687E+005
     38  1.590269475213480E+004  4.674290749419504E+005
     39  2.014342633218061E+003  6.101862827473426E+004
     40  5.908706191107032E+003  1.809995312080432E+005
     41  4.318983563902064E+003  1.333406464984764E+005
     42  1.686067305226624E+003  5.070816704054876E+004
     43  8.288037435723905E+002  2.476582833840808E+004
     44  5.632564014808711E+003  1.731002334840557E+005
     45  2.215090774082614E+003  6.878561852094576E+004
     46  8.495362644249967E+002  2.521427062307553E+004
     47  1.355301215557717E+001  3.919733599613946E+002
     48  2.023979698514382E+003  5.979178623425579E+004
     49  5.622909482459495E+002  1.669530122780482E+004
     50  4.837579171887177E+002  1.513033211422254E+004
     51  8.472361347768305E+003  2.705580126030322E+005
     52  8.131272089390882E+002  2.578285492042088E+004
     53  3.849531316626710E+002  1.121976125895481E+004
     54  4.738003511625135E+003  1.427595858972693E+005
     55  7.416861647913173E+003  2.233508273220967E+005
     56  1.732210638261612E+001  4.942735907508822E+002
     57  5.318938891026834E+003  1.598761374859161E+005
     58  5.047559277364448E+003  1.476544564024946E+005
     59  8.030800788810602E+001  2.427988225912718E+003
     60  1.555322775017495E+004  4.761720740640115E+005
     61  1.540426227114953E+002  4.161695122947655E+003
     62  4.633703456015086E+002  1.412314735861596E+004
     63  2.554132025838116E+002  7.930664545280558E+003
     64  8.907218969670150E+003  2.634497164107107E+005
     65  1.018140346792902E+005  3.078757944286160E+006
     66  1.209241168534779E+003  3.553482903682876E+004
     67  1.241916844616617E+004  3.736952829407595E+005
     68  2.955936422275332E+002  8.847423708564653E+003
     69  9.323285487988397E+002  2.891249859384271E+004
     70  2.184769732495531E+004  6.642684838344387E+005
     71  2.720022232496015E+004  8.202836311645863E+005
     72  1.626404494935404E+002  4.333942132751211E+003
     73  3.733420970684230E+003  1.120065408836168E+005
     74  1.073242302140170E+003  3.191710418585688E+004
     75  1.296339019266157E+002  3.734696740106302E+003
     76  1.514496404315372E+002  4.387609796382952E+003
     77  3.987260917212799E+002  1.182166321034557E+004
     78  4.521996515682379E+002  1.334671140386659E+004
     79  2.970972607433976E+003  9.344880476380610E+004
     80  9.438322847769459E+003  2.843165475552849E+005
     81  7.463317075803751E+002  2.272306292406173E+004
     82  1.090411856081530E+003  3.291983062154454E+004
     83  4.227619348379628E+002  1.300704135741710E+004
     84  2.247783552587890E+002  6.682461015439191E+003
     85  2.017977820204107E+003  5.762692321493939E+004
     86  1.546067166209547E+004  4.630467612199016E+005
     87  1.327295719018018E+002  3.964349305798805E+003
     88  1.350981298415331E+002  4.034432228089901E+003
     89  1.423993116518589E+003  4.263426275531560E+004
     90  2.048772794178486E+004  6.148250607734660E+005
     91  6.491300566055586E+003  1.996870522146187E+005
     92  3.171155602558446E+003  9.531227169626388E+004
     93  7.151941762331185E+002  2.154657515380017E+004
     94  3.614142561375285E+003  1.084665368130798E+005
     95  1.446160525791245E+003  4.193760655635272E+004
     96  2.998661701904527E+002  8.487086417321932E+003
     97  3.471843964457996E+003  1.086155385357321E+005
     98  4.113119215205908E+003  1.276787620873693E+005
     99  1.774513450168446E+002  5.412183670272388E+003
    100  8.762238249747215E+003  2.758667692416496E+005
    101  9.007554287048930E+002  2.664094565095602E+004
    102  2.394350564732325E+003  7.341406116288948E+004
    103  3.343670091555415E+004  1.031103398256071E+006
    104  2.444946809392775E+002  7.210307817644481E+003
    105  4.545699057809130E+003  1.440507565973593E+005
    106  9.061166483391249E+002  2.672199636800308E+004
    107  1.166452593306167E+002  3.498469260997805E+003
    108  2.574822689680576E+003  7.359065120289387E+004
    109  4.687199541668363E+002  1.362660126262772E+004
    110  2.797132444030934E+003  8.608027080021956E+004
    111  7.644575867690991E+002  2.200474992890910E+004
    112  6.060805655458661E+002  1.847371150597418E+004
    113  7.043159059572151E+002  2.140441086065241E+004
    114  8.040469309114468E+003  2.330035816747752E+005
    115  3.115173895387418E+003  9.573235366328542E+004
    116  4.941787602091937E+002  1.466670377560700E+004
    117  1.169038450685236E+003  3.445173219123451E+004
    118  1.953532324273569E+002  5.866364356145722E+003
    119  5.516995465451377E+002  1.705134284782892E+004
    120  3.051384350932726E+003  9.438503921911026E+004
    121  4.049641005509021E+002  1.182144518327014E+004
    122  2.623953360602882E+001  7.603378421724583E+002
    123  1.465639128021684E+002  4.366754685802019E+003
    124  9.182193364726034E+000  2.473634238021140E+002
    125  1.755561440783271E+003  5.229615464027409E+004
    126  1.349630895522347E+003  4.150317430528023E+004
    127  3.942111191130103E+002  1.216062343200894E+004
    128  1.796226111341696E+003  5.683441959474356E+004
    129  1.317204008935443E+001  3.786715212180115E+002
    130  3.891425810842908E+002  1.235253250486637E+004
    131  8.883912470611486E+002  2.571265704194797E+004
    132  1.498541882963702E+002  4.422888633460690E+003
    133  7.176932714452721E+002  2.063425514229104E+004
    134  5.025885414129606E+002  1.426954940528831E+004
    135  7.051677406090581E+002  2.170639297224169E+004
    136  1.111240793197850E+003  3.513324407864816E+004
    137  4.837517353081855E+002  1.450800021404073E+004
    138  8.191905478310607E+002  2.461517925157332E+004
    139  9.804062191359208E+002  3.059598622498221E+004
    140  6.582867671850306E+002  2.035356318471002E+004
    141  2.332985376793742E+002  7.053036877622584E+003
    142  2.390566295456837E+003  6.974737008849166E+004
    143  9.079985765921273E+002  2.686643726026971E+004
    144  1.480303796152919E+003  4.362072276881417E+004
    145  4.339738579186366E+002  1.335239269159413E+004
    146  6.231938471397597E+000  1.606827110541454E+002
    147  9.869817201350546E+001  2.833558230539542E+003
    148  6.345053799875026E+002  1.973902350891463E+004
    149  2.204837976767130E+003  6.796699124577710E+004
    150  2.770109731371346E+002  7.684190250550524E+003
    151  1.449874551043459E+004  4.536483422907677E+005
    152  5.018866678511310E+003  1.507743529422822E+005
    153  5.616853507881129E+002  1.603189886878550E+004
    154  3.270629778276277E+004  9.796291116290541E+005
    155  1.446524472582638E+003  4.359078490601479E+004
    156  3.874299518215220E+002  1.124626328200308E+004
    157  1.529338496129928E+003  4.464172054971777E+004
    158  9.144125776606728E+002  2.666949853012092E+004
    159  2.043474552444254E+002  6.089787880268986E+003
    160  2.021488213941922E+003  5.959638923496150E+004
    161  1.080124892188387E+003  3.137255683427518E+004
    162  5.318672468420776E+001  1.462120852567151E+003
    163  1.479535935816691E+004  4.513635846592614E+005
    164  1.660795017772763E+004  4.943406891220097E+005
    165  1.526809227071625E+004  4.597904682874459E+005
    166  2.391722546212762E+003  7.309834137219175E+004
    167  1.813779890697050E+002  5.313138989705378E+003
    168  2.911949926521450E+002  8.610370101017053E+003
    169  7.558282348125714E+002  2.141027323869809E+004
    170  9.987686029934414E+001  2.970860030803591E+003
    171  1.467826079639723E+002  4.303413690869199E+003
    172  1.674160347307811E+003  5.062426033759378E+004
    173  9.805101748669149E+002  2.902314082112450E+004
    174  4.427621611111914E+002  1.288875605896480E+004
    175  5.059966191659719E+001  1.506499477679280E+003
    176  1.828299945083005E+002  5.282604600549189E+003
    177  1.687551060403399E+003  5.306091425714691E+004
    178  1.733204372909211E+000  2.852505537056634E+001
    179  4.135824407801083E+001  1.126711457840414E+003
    180  8.274139442167314E+002  2.311825518129783E+004
    181  9.907064934240256E+001  3.028476258472691E+003
    182  7.568101642912794E+003  2.404241292810310E+005
    183  1.241149120463127E+003  3.677760546535577E+004
    184  4.727460478353270E+002  1.359059609979441E+004
    185  5.416625387422876E+003  1.676974670955944E+005
    186  4.759674235019490E+003  1.489429289559577E+005
    187  1.255895135801221E+002  3.629076310222614E+003
    188  3.523426084190872E+003  9.906799894505733E+004
    189  1.589660506860653E+002  4.746284289327409E+003
    190  1.100867026386849E+003  3.255918726507381E+004
    191  4.708382101863057E+002  1.378632677485283E+004
    192  7.884651083388993E+002  2.375741416857412E+004
    193  3.254662350416227E+003  1.002922828271265E+005
    194  5.690095073182104E+002  1.783143599583457E+004
    195  1.598080353818743E+003  4.851183295609599E+004
    196  6.616222695668321E+002  1.898783156416365E+004
    197  1.700616922448089E+003  5.347974592638409E+004
    198  3.499882283388621E+003  1.021727574116112E+005
    199  2.666381503561296E+003  7.835833000130387E+004
    200  1.945193434368477E+001  5.767782298063661E+002
    201  4.033653925470774E+002  1.178176207267093E+004
    202  8.025120039787190E+002  2.347797807154033E+004
    203  2.609184892845486E+002  8.094752758321910E+003
    204  6.776205141516549E+002  2.086499214778346E+004
    205  7.251959592719356E+002  2.151779506605181E+004
    206  5.424396838256222E+002  1.620316734397961E+004
    207  1.659338277706663E+003  4.870310484734570E+004
    208  2.405045816045008E+002  6.716352592816997E+003
    209  1.815400993449141E+002  5.485952659352147E+003
    210  1.766037999932500E+003  5.651697234312422E+004
    211  7.681780604254998E+002  2.453192486948511E+004
    212  8.547272975714105E+002  2.452284379400648E+004
    213  7.423353426093327E+002  2.331833943428722E+004
    214  1.971587227252581E+002  5.698585330499397E+003
    215  2.243185871901648E+002  6.647225321737100E+003
    216  4.814437489187953E+001  1.347807149832302E+003
    217  9.314403821969233E+002  2.907362871887723E+004
    218  4.824658097313493E+002  1.372402893562322E+004
    219  6.088576890383943E+001  1.783627437242742E+003
    220  6.100096576041337E+001  1.755658046455404E+003
    221  7.230678550361345E+002  2.130942842290319E+004
    222  5.413402853734730E+002  1.619360394089569E+004
    223  1.453049180417707E+003  4.164567042716794E+004
    224  1.732788709102201E+001  4.887275503967905E+002
    225  2.659294278610466E+001  7.741573980718739E+002
    226  5.319433452737914E+002  1.578699191936973E+004
    227  2.286547986726800E+001  6.571003622607686E+002
    228  1.320320487161996E+001  3.811086340611555E+002
    229  2.287253148744155E+003  6.619685981042671E+004
    230  2.309241788500709E+003  6.973083577047543E+004
    231  2.511248642391442E+002  7.001742934149949E+003
    232  9.882845912530707E+003  3.148104620834613E+005
    233  1.458037066721854E+003  4.322271824778110E+004
    234  1.242413104249323E+002  3.613268755242895E+003
    235  2.594328320993112E+001  7.829679730934287E+002
    236  1.954958273454364E+003  5.762601023430322E+004
    237  3.612815169517115E+002  1.054125401871534E+004
    238  9.821767681088212E+002  2.931994478397783E+004
    239  5.801654672640149E+002  1.759219511989584E+004
    240  1.336450425978193E+003  4.133683869503938E+004
    241  1.464219675271940E+003  4.333614644343813E+004
    242  1.442736606429845E+002  4.139363830505624E+003
    243  6.043340709735972E+001  1.824843041226075E+003
    244  5.993763285484010E+002  1.888160779068907E+004
    245  2.151568317781143E+003  6.315731870435309E+004
    246  6.955039257959709E+002  2.060824572224353E+004
    247  5.379995631011758E+002  1.632967270851923E+004
    248  9.843589795935290E+003  2.934439209248933E+005
    249  2.074978807322237E+003  6.249609752902683E+004
    250  3.861941739366695E+001  1.091886733900576E+003
    251  1.035978460866893E+003  2.941026892729105E+004
    252  1.190279448986949E+001  3.120097423827860E+002
    253  4.626234534953371E+003  1.381860836896105E+005
    254  2.079681713877001E+003  6.125595573479117E+004
    255  1.981027050990724E+003  5.746217076892844E+004
    256  7.209622483586065E+002  2.185987675918509E+004
    257  1.148015644729875E+002  3.394563033403947E+003
    258  4.313582141023870E+003  1.290764902299185E+005
    259  1.681373572336468E+003  5.248000926070270E+004
    260  7.179819168844791E+001  2.013833430446095E+003
    261  2.114350759664866E+002  6.238792138627829E+003
    262  2.465237564514496E+002  7.409140871552961E+003
    263  7.779863552225936E+000  2.203878814492860E+002
    264  1.406037923843059E+003  4.273638547723638E+004
    265  2.745620197747050E+001  8.069544670798105E+002
    266  1.809723865873284E+002  5.472383226743185E+003
    267  8.886040061907326E+001  2.658362694646820E+003
    268  1.154623751101268E+001  3.320230597036415E+002
    269  4.525093146347198E+001  1.303033262442660E+003
    270  2.006507552600395E+002  6.106367211827448E+003
    271  5.212899559489551E+001  1.553403236820124E+003
    272  1.891075846415062E+003  5.795589757574439E+004
    273  5.091367898913969E+002  1.584973295472121E+004
    274  1.639209689377182E+003  5.095473803740795E+004
    275  2.641011541214330E+002  7.287570440862917E+003
    276  3.071773755721781E+002  9.540127025658234E+003
    277  6.825853366840659E+001  2.084758148718276E+003
    278  1.928135897611434E+002  5.946091571401521E+003
    279  1.024756170253396E+003  3.141731497372461E+004
    280  2.214438923249147E+003  7.032943772560162E+004
    281  1.011191739930632E+003  3.129024819639556E+004
    282  9.754178350207781E+002  2.840113229851180E+004
    283  5.804439156497191E+002  1.752530519882700E+004
    284  3.815443484079127E+001  1.117096855791531E+003
    285  6.147148092906634E+002  1.898704400795415E+004
    286  2.470419263380786E+001  7.601355052382740E+002
    287  1.462850158028652E+002  4.560867045843448E+003
    288  7.152131822031107E+002  2.093186165713699E+004
    289  1.204966424141952E+003  3.723469922527873E+004
    290  4.918331764738332E+003  1.539685794214708E+005
    291  1.019743533347363E+004  3.216309249372424E+005
    292  2.767736391487729E+002  8.441243082431762E+003
    293  1.505063585683217E+004  4.718711439192451E+005
    294  1.969984544436393E+003  5.987834972112740E+004
    295  6.601462356412169E+002  1.873346335099942E+004
    296  2.838161532290423E+003  8.232958072790198E+004
    297  4.319838723728524E+003  1.243954506197763E+005
    298  2.260861248236052E+004  7.192218401958426E+005
    299  3.336277681611129E+003  1.052008187115403E+005
    300  5.138842161616997E+003  1.496518113971340E+005
    301  5.735054720372304E+003  1.691301455019203E+005
    302  6.212852344249142E+002  1.846719369624877E+004
    303  8.072607294391847E+002  2.419440234710218E+004
    304  2.233452736181576E+002  6.324085257450726E+003
    305  1.501752868511888E+002  4.360599369850165E+003
    306  1.588571446546843E+003  4.771738787724380E+004
    307  1.376581312166164E+002  3.917488818856567E+003
    308  4.414661031458880E+003  1.322494737156751E+005
    309  3.389546507576799E+002  9.992016881333133E+003
    310  1.270182610454418E+003  3.805133960910122E+004
    311  1.001898782177048E+002  2.862139380099432E+003
    312  2.607692589183041E+002  7.398678889847516E+003
    313  3.912955892653196E+001  1.118824576361858E+003
    314  1.617940442669212E+002  4.626217965243913E+003
    315  4.048918707967633E+001  1.175113552192412E+003
    316  7.818837237181729E+001  2.343922082727382E+003
    317  1.902144655251210E+002  5.493219839765973E+003
    318  2.068940447996304E+003  6.185645448794930E+004
    319  2.845006918056348E+002  8.752933931912312E+003
    320  6.422177645664016E+002  1.876705970000732E+004
    321  2.810508539000376E+002  8.040528615400206E+003
    322  1.295917705602208E+002  3.708836178090796E+003
    323  9.660778773834933E+001  2.733936760037432E+003
    324  2.480482925416928E+002  7.229110088373352E+003
    325  5.676529955392422E+002  1.602704724762111E+004
    326  1.157902555882149E+003  3.582394798661971E+004
    327  3.146469598695554E+002  8.832677511956967E+003
    328  2.697044178725818E+001  7.903192523220546E+002
    329  2.764574825801979E+003  8.399313934929368E+004
    330  2.900989687310248E+003  8.439992007546610E+004
    331  7.556253689076625E+002  2.190002848879345E+004
    332  4.009641510479269E+002  1.263456407225218E+004
    333  1.751267605465870E+003  5.485612948147978E+004
    334  1.686429871330183E+002  4.795765195024956E+003
    335  1.056933502733129E+003  3.014673014725634E+004
    336  3.529247244742883E+002  1.029730201663736E+004
    337  1.134672531593276E+002  3.273635304700707E+003
    338  3.715204703301426E+002  1.089903790017946E+004
    339  1.042122930784303E+002  3.034683912226241E+003
    340  1.354635108309777E+003  4.221947956180152E+004
    341  2.033895944252353E+003  5.907454360725403E+004
    342  3.269241509766056E+001  9.638101751588212E+002
    343  1.024779884424076E+003  3.129025565896300E+004
    344  3.096627519260725E+003  9.709059377708612E+004
    345  2.236862666501803E+002  7.051179243243304E+003
    346  1.012909861997739E+004  3.193920028133405E+005
    347  1.767885828353841E+003  5.161168048198146E+004
    348  1.048864003487421E+003  3.066395382598824E+004
    349  3.007190484964658E+002  9.082559469806725E+003
    350  2.548949138932463E+001  7.544932766140092E+002
    351  2.813997582016967E+002  8.213944628517023E+003
    352  4.718546870800571E+002  1.382358357927627E+004
    353  4.301296290219364E+001  1.290593028307731E+003
    354  3.236467990060375E+001  9.394115151928968E+002
    355  3.343061739144147E+002  1.020325445417742E+004
    356  2.380758512705322E+003  7.148122787646245E+004
    357  4.964881657950896E+002  1.448907823097993E+004
    358  6.555814955096580E+003  1.943797784152559E+005
    359  8.558718436137908E+002  2.660124495239441E+004
    360  1.793566964174995E+002  5.151267740454618E+003
    361  1.255850387113778E+002  3.687834579851044E+003
    362  1.390958177166676E+001  3.899916865294218E+002
    363  2.437520278157761E+000  6.098097487945156E+001
    364  2.957994155081716E+002  9.181253218679165E+003
    365  3.040276837366650E+002  9.244467196834175E+003
    366  3.578682342432654E+001  1.037782000307066E+003
    367  5.648792573792924E+002  1.769414103094446E+004
    368  2.063388832806833E+001  5.771373690403025E+002
    369  2.830024313836701E+002  9.032239190602535E+003
    370  4.712407707353116E+001  1.355487602443886E+003
    371  1.536741709111125E+001  4.459593976404031E+002
    372  1.219840804584103E+002  3.723106007288999E+003
    373  1.791127385537835E+001  5.339001294355107E+002
    374  1.611472782681868E+003  5.064955220905808E+004
    375  1.003603724988743E+002  3.149230022769304E+003
    376  2.203266667582571E+003  6.921639866282190E+004
    377  2.093948181186908E+002  6.262002872231988E+003
    378  1.722394524384126E+003  5.102905769118815E+004
    379  1.253708806466979E+003  3.689023722395869E+004
    380  1.119484801022483E+003  3.315842851140282E+004
    381  7.808340467590662E+002  2.361306343133525E+004
    382  2.968458797361214E+002  8.676250791084760E+003
    383  1.373431339782821E+003  4.226612481818053E+004
    384  3.979067059492745E+004  1.233487919312678E+006
    385  1.165693144127400E+003  3.432644276397027E+004
    386  1.356284320570713E+004  4.141030365906031E+005
    387  3.700849783702930E+003  1.139566209590947E+005
    388  4.905522585812064E+000  1.374690966958581E+002
    389  3.157042172741263E+002  9.195802533821645E+003
    390  2.051925311586573E+004  6.514502461465402E+005
    391  4.422687881135871E+003  1.322061704652892E+005
    392  9.613866060466302E+003  2.939643822848356E+005
    393  2.311374794476091E+004  7.254736745504140E+005
    394  3.144329691303562E+002  9.463716208923435E+003
    395  5.380752395175623E+003  1.700948079231466E+005
    396  1.020426340208595E+003  3.168612045713973E+004
    397  2.433375996792891E+002  7.477162610898642E+003
    398  4.539998432719944E+002  1.405864061465180E+004
    399  1.370786843365963E+003  4.276756899167844E+004
    400  3.183735510685280E+003  9.694990320255460E+004
    401  4.013485980312977E+002  1.160430993375403E+004
    402  4.551394979761491E+003  1.391033954616786E+005
    403  1.145045393137611E+003  3.313312604846838E+004
    404  4.604692610678538E+002  1.412936372210771E+004
    405  1.854382477205949E+003  5.604625863364051E+004
    406  4.847635466969589E+000  1.432460354966407E+002
    407  8.568501768036571E+003  2.708018751354750E+005
    408  2.072712458962116E+001  6.395749893527806E+002
    409  1.184182742579564E+003  3.570920384943242E+004
    410  7.350233485957324E+001  2.257709757767067E+003
    411  8.072866986861909E+002  2.498614302621974E+004
    412  8.266125699242258E+000  2.405572630975171E+002
    413  1.776231458417021E+003  5.176227381745016E+004
    414  1.107440456560944E+002  3.181366856485995E+003
    415  2.740430285812785E+003  8.247881982656973E+004
    416  9.494176165931239E+001  2.897796877408945E+003
    417  5.586237600250836E+002  1.661045548412574E+004
    418  4.338024809393609E+004  1.196558854311670E+006
    419  9.087728814223819E+003  2.877495115566207E+005
    420  1.219611617844548E+002  3.705877228963448E+003
    421  6.018305785910368E+002  1.846424654514212E+004
    422  4.118485122699263E+003  1.155769753081367E+005
    423  4.669936911097123E+003  1.404807106851013E+005
    424  1.738643281216386E+001  5.038429850774289E+002
    425  1.188887816218750E+004  3.341286724926288E+005
    426  2.137449094009168E+003  6.122129474783586E+004
    427  3.889686537378723E+003  1.168591805019128E+005
    428  1.062751879648263E+001  3.116062399975988E+002
    429  2.370272797555564E+001  6.969686789217394E+002
    430  3.310462644884854E+003  1.015087537738079E+005
    431  1.444972541360059E+003  4.073652187066351E+004
    432  5.054456275167627E+001  1.510370894127603E+003
    433  2.260659544547119E+002  6.879854169372641E+003
    434  2.808172313528251E+003  8.647028710645207E+004
    435  4.239858635986197E+001  1.217656369903512E+003
    436  4.875008813292022E+003  1.435573223834194E+005
    437  3.446277678885554E+001  1.018618713778718E+003
    438  6.456754681283323E+003  1.915309079905386E+005
    439  3.173157723429344E+000  7.908446630452379E+001
    440  1.669948067549080E+003  5.163666097977699E+004
    441  4.679037516093907E+001  1.333841117371352E+003
    442  4.875775875168108E+002  1.486993059432149E+004
    443  3.296530801519877E+000  9.370963893893627E+001
    444  2.077786833976378E+002  5.972706658496435E+003
    445  2.416122886592191E+003  7.180653504588075E+004
    446  1.364140874217232E+003  4.154213563415176E+004
    447  2.368087688098598E+001  6.917928606481350E+002
    448  6.321345965703798E+002  1.950105560712449E+004
    449  4.006992375992521E+002  1.189800365372058E+004
    450  4.393734285587182E+003  1.402641144919803E+005
    451  3.155634467550174E+002  9.502752221628778E+003
    452  4.341568274161594E+003  1.371855139449909E+005
    453  6.750624303435236E+003  2.119705767582726E+005
    454  1.333321544030258E+004  4.275423322220256E+005
    455  1.590504069030957E+002  4.926097845880164E+003
    456  4.489713566919112E+003  1.435086635400728E+005
    457  2.921056024683709E+001  8.129118338246627E+002
    458  3.190912450704484E+003  1.013927333490108E+005
    459  8.303609436415936E+002  2.482604628426326E+004
    460  2.628550885700697E+003  8.390928329906544E+004
    461  2.458189926081451E+001  7.136271815666181E+002
    462  3.872294116647784E+003  1.162819056390578E+005
    463  3.815605297576767E+001  1.107956540913804E+003
    464  2.730848337056893E+003  8.285157610725758E+004
    465  4.797071049472472E+001  1.384624091438441E+003
    466  1.030681615842406E+003  3.128554352078802E+004
    467  5.354773448339238E+002  1.601343396374106E+004
    468  1.013124805303533E+003  3.098637393557784E+004
    469  1.968800586050484E+001  5.644178568117426E+002
    470  6.027732682594032E+001  1.732214632303715E+003
    471  4.388166234351360E+001  1.275024702627652E+003
    472  3.295492796238843E+003  1.026999570323650E+005
    473  1.769752888322186E+002  5.498964220516923E+003
    474  1.248937971470569E+004  3.975915239268253E+005
    475  8.542203758191480E+002  2.709402427749550E+004
    476  4.539926773572487E+001  1.372584846834190E+003
    477  2.145342355776237E+003  6.842420171304971E+004
    478  3.358428880069912E+002  1.048561467977620E+004
    479  5.905251547286293E+003  1.861511858400584E+005
    480  5.451697874005461E+002  1.677829548828880E+004
    481  5.446151561917186E+001  1.501737907235262E+003
    482  7.478158515571731E+002  2.321211025664570E+004
    483  1.190244796539502E+003  3.633920607695001E+004
    484  7.137952441246745E+001  2.156834025837808E+003
    485  2.462905285733282E+003  7.801667856232850E+004
    486  1.211360285476192E+002  3.315518804841387E+003
    487  2.122679739449885E+003  6.754202481220901E+004
    488  1.214021366434659E+001  3.382370802924299E+002
    489  1.344630818265912E+003  4.260320180154437E+004
    490  6.390378846681505E+000  1.949100745430684E+002
    491  9.603509521656434E+002  3.027910489588947E+004
    492  1.349829929606426E+003  4.038519178002375E+004
    493  3.777126321772947E+002  1.099945398494830E+004
    494  8.463881421760885E+002  2.592817931479890E+004
    495  1.125864103738690E+003  3.500816663048410E+004
    496  1.134759782355735E+001  3.306584916721795E+002
    497  6.758704432993981E+002  2.017912836098815E+004
    498  5.504586580482015E+002  1.689103359157916E+004
    499  1.627584277385229E+000  4.219057147551381E+001
    500  8.716609995329088E+002  2.731938353389273E+004
    501  2.425575071614524E+000  6.876598605652001E+001
    502  1.467489293816054E+002  4.259582109396276E+003
    503  3.656905706140206E+003  1.161996640408378E+005
    504  2.169012490603060E+003  6.760852394475340E+004
    505  1.559372543233001E+003  4.924486329537209E+004
    506  1.185850478109311E+001  3.370386421830529E+002
    507  2.635972079624701E+003  7.930169444291522E+004
    508  3.482183609972718E+001  1.052342936001212E+003
    509  2.658930330207554E+001  8.170391871848275E+002
    510  2.540004795236202E+003  8.004608449300616E+004
    511  1.047386902707072E+002  3.222721857005318E+003
    512  3.468029216500308E+003  1.101549349697648E+005
    513  5.940063789398678E+001  1.767803568217020E+003
    514  8.387986897069895E+002  2.622561738157905E+004
    515  1.825420419894225E+002  5.382070244817606E+003
    516  2.973058647746830E+002  9.209330135921826E+003
    517  5.620650460855434E+002  1.781963483172620E+004
    518  1.488189705995711E+003  4.684670925173493E+004
    519  1.511384982353234E+003  4.827781179954347E+004
    520  6.601426180937418E+000  1.938273486329802E+002
    521  1.294814010009212E+002  3.752406259690211E+003
    522  6.532830927056891E+001  2.001019491253590E+003
    523  5.226309250761429E+002  1.612062881230453E+004
    524  4.145319932785331E+003  1.326998773974218E+005
    525  1.935246500550813E+002  5.934997929027871E+003
    526  8.797049353010827E+001  2.627118342404755E+003
    527  1.537225532116141E+003  4.919635083764439E+004
    528  1.354060739232255E+002  4.012050402195192E+003
    529  6.797461004696207E+001  1.998698754062347E+003
    530  1.909852056977037E+003  5.990971466376636E+004
    531  1.699157227299365E+003  5.059918269937706E+004
    532  4.133044717074636E+002  1.255430697277106E+004
    533  5.318089587489858E+002  1.634833869070475E+004
    534  3.109133331447318E+002  9.429409874258914E+003
    535  1.498094431970380E+004  4.602660077055558E+005
    536  2.185865819719329E+003  6.342107021003402E+004
    537  3.163656022215046E+004  9.597627623821994E+005
    538  2.303002891969235E+003  6.553493851172382E+004
    539  3.167998186205935E+004  9.831003909894406E+005
    540  1.543432743051371E+003  4.728765163827417E+004
    541  4.850990854518201E+002  1.531815981977824E+004
    542  1.436497259825131E+002  4.193702260362229E+003
    543  4.440299913270534E+002  1.296054939557386E+004
    544  8.055661026543210E+003  2.350376898500479E+005
    545  6.799170550394609E+002  2.100765156493726E+004
    546  1.155238323877067E+004  3.364892419197510E+005
    547  1.547820794354513E+005  4.514429675360444E+006
    548  3.813845798831198E+002  1.110163385938925E+004
    549  6.849941403451195E+003  1.990052595586102E+005
    550  3.097471659796822E+003  9.739514094528391E+004
    551  8.905795166927714E+003  2.556315413848612E+005
    552  7.157028229409459E+003  1.938403859991106E+005
    553  1.197430978496940E+003  3.601363352160802E+004
    554  5.714288344137808E+003  1.670391445621167E+005
    555  1.877383510762560E+002  5.636639087011264E+003
    556  2.604680225689742E+001  7.196026211584416E+002
    557  8.848813506785713E+002  2.609695073429722E+004
    558  8.446856683602803E+001  2.504517272072779E+003
    559  1.358916561789677E+003  4.235118113781042E+004
    560  3.644842903146311E+002  1.067260951394387E+004
    561  8.559572844574178E+001  2.589011371228091E+003
    562  4.087117726034337E+001  1.101644116519826E+003
    563  2.232495788306162E+004  6.594255727908670E+005
    564  5.763196751967731E+002  1.659597470503276E+004
    565  1.722842084710170E+002  5.125971114532092E+003
    566  2.691937220276944E+004  7.802347988541219E+005
    567  6.351864669626335E+001  1.833556496863286E+003
    568  7.224715475890847E+002  2.188714109439834E+004
    569  3.675121324178109E+001  1.075041194331639E+003
    570  1.997251069315157E+003  5.680678233698308E+004
    571  1.238258652277976E+002  3.627875177889993E+003
    572  3.906727037324383E+002  1.113382581684208E+004
    573  1.869071152329671E+002  5.472766598014660E+003
    574  2.501581588617587E+001  7.538370620724205E+002
    575  1.866013353835783E+003  5.734470491171232E+004
    576  4.102835383603638E+002  1.109308548541391E+004
    577  9.749340009899852E+001  2.856731912256688E+003
    578  9.391912479411577E+001  2.793628208590691E+003
    579  4.001527186646638E+001  1.201648823808621E+003
    580  5.891945677115139E+002  1.730551252744959E+004
    581  2.341906536530368E+000  7.117816753930042E+001
    582  4.282840465892776E+002  1.278532251202469E+004
    583  5.164991185859843E+001  1.485934790676936E+003
    584  1.106192406221037E+002  3.278161991764885E+003
    585  4.504393833030471E+002  1.389610271994824E+004
    586  1.632560441943940E+001  4.540177386685536E+002
    587  2.698759486557200E+002  8.333485152302255E+003
    588  3.944758395580765E+003  1.232743576241953E+005
    589  5.277778600384346E+001  1.514426690109079E+003
    590  9.346342420905525E+000  2.625832662240267E+002
    591  1.731359198287161E+001  4.994404852468142E+002
    592  1.727396306718187E+003  5.405385362986838E+004
    593  1.165824784300557E+003  3.639231955834691E+004
    594  7.756888586824583E+001  2.268527190712117E+003
    595  3.981306162672378E+001  1.133517493288604E+003
    596  5.616709965564510E+001  1.653908162784564E+003
    597  8.544496701543531E+001  2.688228374992661E+003
    598  1.390624735878150E+000  3.712071869296227E+001
    599  9.352616313127153E+002  2.980654460987554E+004
    600  3.020555367194822E+002  9.662230081629599E+003
    601  2.361223638613899E+001  7.043096198413236E+002
    602  1.149654303798661E+003  3.612582284720030E+004
    603  8.460201323416479E+000  2.574712082866196E+002
    604  3.629710492325027E+002  1.064424315172502E+004
    605  9.347447845644913E+001  2.715868910243947E+003
    606  2.146734433170692E+000  6.101408717297256E+001
    607  8.207272640509782E+001  2.510059278794088E+003
    608  2.908418187711114E+001  8.501876484196156E+002
    609  3.028191948551901E+002  9.398045635342041E+003
    610  5.726441801732767E+001  1.678658740129036E+003
    611  8.293077751078303E+001  2.551220570336435E+003
    612  1.697853760077484E+000  4.978822843292092E+001
    613  9.062207020240423E+002  2.815559168248964E+004
    614  6.399369848355692E+000  1.865972884715945E+002
    615  4.348574469959081E+002  1.375739006055366E+004
    616  6.985378764871763E+001  2.060125029335654E+003
    617  2.556357561498607E+002  7.957045625316845E+003
    618  4.866537639295320E+002  1.493643680717606E+004
    619  1.490981936001024E+001  4.352916707670847E+002
    620  3.885904396478944E-001  9.830354662553535E+000
    621  2.874770139132648E+002  9.045911043889631E+003
    622  4.368054400020760E+001  1.265949570989070E+003
    623  1.904702732228883E+002  5.873685113843431E+003
    624  4.927062279391454E+001  1.431123382780256E+003
    625  1.285339112276226E+001  3.644070593437411E+002
    626  7.027308348110321E+001  2.202594537095197E+003
    627  1.175730472546565E+001  3.392710271148250E+002
    628  1.722656944541723E+000  4.642221899197014E+001
    629  1.543679707264310E+000  4.420339646580560E+001
    630  4.119748302614460E+001  1.233092164162669E+003
    631  4.176256303307594E+001  1.280722945012391E+003
    632  6.340840401101875E+002  2.003795952439539E+004
    633  2.534967909455998E+001  7.275948283331441E+002
    634  1.951615143339414E+001  5.681850132008924E+002
    635  6.278735834792302E+001  1.857105967023624E+003
    636  7.388349269652061E+001  2.187729843471942E+003
    637  4.905975488509080E+001  1.488070802784842E+003
    638  2.688573337169639E+000  7.886922788638361E+001
    639  1.748859629525082E+002  5.286841334532902E+003
    640  1.635705588232388E+001  4.944019410538035E+002
    641  4.320538260416649E+001  1.269580823403999E+003
    642  1.072395431427752E+001  3.060672461904853E+002
    643  1.251248343605122E+002  3.734903923647155E+003
    644  6.956962151117923E+000  1.978232181465182E+002
    645  1.081274161199512E+002  3.371153725919126E+003
    646  3.974315567430668E+001  1.213047211340441E+003
    647  3.658602099055792E-001  9.435753368107868E+000
    648  1.319331464869354E+001  3.899623840406255E+002
    649  2.072032176791023E+002  6.549586914551790E+003
    650  1.041711927516986E+002  3.266661231747944E+003
    651  1.087115401452532E+001  3.150163618966129E+002
    652  1.804723299070940E-001  3.557154619360228E+000
    653  3.985158227843693E+000  1.185260211783331E+002
    654  3.585285503313505E+002  1.114191242925799E+004
    655  2.136859365330974E+002  6.760311386161219E+003
    656  4.145721752456067E+001  1.199828776409680E+003
    657  1.429661384880944E+001  4.163434409893512E+002
    658  2.023820511035111E+002  6.141537348294482E+003
    659  2.399019192640906E+002  7.430583939890726E+003
    660  1.240586735839930E+001  3.610300460012435E+002
    661  4.310607104714961E+002  1.353726388931447E+004
    662  4.531705825046271E+000  1.338853656309443E+002
    663  6.439460521044931E+002  2.021218217462297E+004
    664  8.606265168192072E+000  2.537058661381877E+002
    665  1.646952214670974E+001  4.743663302125306E+002
    666  1.486115605076759E+002  4.331938206581240E+003
    667  1.941743744365617E+002  5.833174008036742E+003
    668  1.165012382408373E+001  3.485380635465790E+002
    669  5.660221065800162E+002  1.767863582562163E+004
    670  3.404976023895306E+001  9.965255682560527E+002
    671  1.237971362919957E+002  3.916285744491215E+003
    672  5.864673786941870E+001  1.695775546431788E+003
    673  5.424691373770023E+001  1.594979886425965E+003
    674  6.721184308852041E+001  1.956059861369915E+003
    675  5.352662946351382E+001  1.691149665326435E+003
    676  5.388966039058798E+001  1.639053526144206E+003
    677  9.924847476229905E+000  2.837667471295461E+002
    678  3.481283407252830E+002  1.086990190347757E+004
    679  1.487806929819841E+001  4.346402128664833E+002
    680  7.779629405479378E+002  2.339339705863486E+004
    681  3.139975446322812E+002  9.535609293680998E+003
    682  3.655085750428927E+001  1.061181369189808E+003
    683  2.396040248579816E+002  7.368863856642386E+003
    684  3.309322016188816E+001  9.603697054570624E+002
    685  1.260303144268875E+001  3.704103709698587E+002
    686  2.764560246642873E+002  8.364678474268407E+003
    687  4.373038085033856E+002  1.342572676695298E+004
    688  5.225638688727068E+000  1.482715911050710E+002
    689  3.621364221417293E+002  1.126226060311029E+004
    690  2.505539478310313E+002  7.693442517306333E+003
    691  3.844992952334483E+002  1.156696809864208E+004
    692  1.205233215388723E+000  3.188158898847095E+001
    693  3.992518966676308E+000  1.185243125023803E+002
    694  6.380205118599475E+002  1.918063977523289E+004
    695  3.510240829331789E+001  1.023630102094248E+003
    696  9.722410083666276E+000  2.807611569075451E+002
    697  3.944434060488589E+002  1.170505471490639E+004
    698  1.056828079960735E+003  3.142260311316728E+004
    699  1.066786743852179E+001  3.113074566072627E+002
    700  1.556259649345951E+002  4.647931154241833E+003
    701  6.241545197729281E-001  1.535409306243133E+001
    702  8.971457725587187E+001  2.705287320602818E+003
    703  4.927566462729038E+000  1.392425010126906E+002
    704  6.241626457475010E-001  1.562026409915361E+001
    705  5.973128055581187E+000  1.686241513181035E+002
    706  3.220334562156886E+002  1.010140973926752E+004
    707  1.164687892730853E+001  3.363154943786056E+002
    708  4.839709254964419E+002  1.442960429947858E+004
    709  2.122545853398342E+001  6.192049541875905E+002
    710  7.726516911499251E+002  2.407777408227017E+004
    711  6.948757645505530E+000  2.104097957981915E+002
    712  9.835143996695523E+002  3.063873266252696E+004
    713  4.705915767922315E+001  1.375981846788719E+003
    714  7.560388892583714E+000  2.191568993978516E+002
    715  8.274248800717920E+000  2.404079633707734E+002
    716  4.126938819932280E+002  1.243366766658495E+004
    717  5.689122007380681E+002  1.762666939189325E+004
    718  1.226015788370345E+000  3.638187423839698E+001
    719  3.449090400263839E+002  1.057551030479893E+004
    720  1.323779809893723E+000  3.614720471939886E+001
    721  1.661610878172430E+002  5.239779161050877E+003
    722  9.297449591411700E+000  2.739161147735313E+002
    723  4.492277732202456E+000  1.415285658473382E+002
    724  3.939736241793708E+002  1.249291074081345E+004
    725  1.805981233861719E+003  5.514298078226596E+004
    726  2.249356191348767E+000  6.350026538742017E+001
    727  5.679228585262777E+002  1.750014659409676E+004
    728  3.912904280780137E+000  1.115403647699548E+002
    729  3.193961700459556E+000  9.027219829950174E+001
    730  2.066028137924893E+002  6.195084213760626E+003
    731  1.794879460789118E+002  5.637544310483757E+003
    732  1.009919738557769E+001  2.830842061232212E+002
    733  1.938303351390604E+002  6.087073774145207E+003
    734  5.119092553526541E-001  1.317650707109677E+001
    735  6.651262104383561E+000  2.069761938311528E+002
    736  7.775424014940322E-001  2.056046788363590E+001
    737  4.972815576033079E+001  1.559663884665558E+003
    738  1.858800909537401E+002  5.837799788228075E+003
    739  9.343077179466059E+000  2.867025316152368E+002
    740  3.328184030307682E+000  1.037253340654123E+002
    741  8.702063822552988E+002  2.764683412252469E+004
    742  2.079640709670972E+002  6.237144370636393E+003
    743  9.455744688573849E-001  2.795297509828957E+001
    744  1.796107526504322E+001  5.189799725718236E+002
    745  3.560862597694043E+002  1.086790242466496E+004
    746  1.349577099441504E+002  4.186560531714983E+003
    747  5.301734483870026E+000  1.595611699441987E+002
    748  1.189066462798962E+002  3.778518499140355E+003
    749  1.983223121936368E+002  6.014765567419887E+003
    750  2.095341577840044E+000  6.092546484555826E+001
    751  1.428287221630412E+002  4.515314581440597E+003
    752  4.191162198338694E-001  1.029120808593224E+001
    753  1.946566990653058E+000  5.661127595230705E+001
    754  9.314404910098141E+000  2.710429476074621E+002
    755  1.585215566076331E+002  4.952912107157327E+003
    756  1.483776792339153E+002  4.546360235333969E+003
    757  8.611034399106448E+001  2.567579370304622E+003
    758  7.390128956647504E+000  2.115797569706935E+002
    759  1.048906741384306E+000  3.093351913498516E+001
    760  1.633430983991614E+002  5.154658305238421E+003
    761  5.833789481772756E+000  1.684857059532305E+002
    762  2.995626050020386E+002  9.423964800484264E+003
    763  3.465671109247987E+002  1.084133452289409E+004
    764  6.888529351180938E+000  2.022176947575478E+002
    765  1.405232710356173E+003  4.420329183727173E+004
    766  7.228804550781319E+000  2.208807381599237E+002
    767  7.310281885697610E+000  2.091670395401364E+002
    768  7.989799305555684E+002  2.477014223860808E+004
    769  5.972137676444809E+002  1.849836452612684E+004
    770  1.008731602244006E+001  2.920777247199823E+002
    771  2.527269792995806E+002  7.822425077896595E+003
    772  5.834213941871304E+002  1.772973907280285E+004
    773  9.102147418400677E-001  2.564512653245028E+001
    774  1.696484709831382E+002  5.084617239324473E+003
    775  1.824358971223800E+000  5.611221398985009E+001
    776  3.108823361018512E+000  8.617953818683843E+001
    777  2.158324261741986E+003  6.860660499900016E+004
    778  1.538610949115648E+003  4.889743279187055E+004
    779  3.420587296619185E+000  9.947066977864013E+001
    780  2.169911503667724E+002  6.749987386457006E+003
    781  1.251674775822375E+001  3.681527242308086E+002
    782  1.645012705931943E+001  4.780708229398481E+002
    783  1.920448470202650E+003  6.072074735319990E+004
    784  6.325183079021986E+002  1.969198383451660E+004
    785  1.946863457008010E+003  6.119364227683889E+004
    786  8.004741159937934E+000  2.332343507913924E+002
    787  2.435547468080590E+001  7.099449128866742E+002
    788  2.244679088023326E+000  6.506322193357703E+001
    789  3.064358121345820E+002  9.518063354796670E+003
    790  1.896847490291979E+001  5.548113419352147E+002
    791  7.401368963916930E+002  2.310219165192530E+004
    792  1.033821046474668E+001  3.139606939594355E+002
    793  2.000449441569485E+002  6.210369717604520E+003
    794  1.011231940912932E+001  2.900583781117564E+002
    795  5.733603650700074E+002  1.825024658689179E+004
    796  8.651803238388091E+001  2.625062846766149E+003
    797  1.669852231209097E+002  5.276039449253188E+003
    798  2.551879452885168E+000  7.688944168773325E+001
    799  2.754955047252427E+002  8.451264038073701E+003
    800  3.234380333038631E+001  9.651739578003979E+002
    801  1.019680628135493E+000  3.035622169326788E+001
    802  3.517016214616857E+002  1.076839822350497E+004
    803  1.628958016439752E+002  5.118009705219615E+003
    804  1.438157532729687E+001  4.182509916293179E+002
    805  4.943803132086592E+000  1.460118194972507E+002
    806  4.923713055937293E-001  1.247345055511263E+001
    807  4.434599468806768E+002  1.396060614821115E+004
    808  1.546722342360031E+002  4.875401235840710E+003
    809  8.107082977071832E+000  2.337435585269693E+002
    810  1.517317976490865E+003  4.847635225931792E+004
    811  1.981517572764574E+000  5.838613044381014E+001
    812  2.942620158999784E+002  9.353782106203556E+003
    813  1.876380776498783E+003  5.966104511647121E+004
    814  1.033497935657453E+000  2.763517242946626E+001
    815  2.028905233119727E+001  6.096256616164429E+002
    816  2.027086229826008E+003  6.472324050305252E+004
    817  8.133750178745313E+002  2.589397106698697E+004
    818  5.242524711077910E+000  1.580828390357454E+002
    819  3.341526185867821E+000  1.032056706583362E+002
    820  2.140496807638099E+002  6.731342879027044E+003
    821  2.965440384060326E+002  9.320570668811326E+003
    822  2.034336632072533E+002  6.380659557634740E+003
    823  3.246099105234238E-001  8.311961160323653E+000
    824  3.033356909579992E+002  9.658058848576607E+003
    825  4.178687254333195E+002  1.318225794194549E+004
    826  4.840707818676362E+002  1.506332324240982E+004
    827  1.238253939564644E+002  3.832702198909190E+003
    828  7.605223015792662E+000  2.278531134815908E+002
    829  8.629824490161396E+001  2.693308040910621E+003
    830  3.186891174528058E+000  9.495091877350514E+001
    831  1.843834375043651E+002  5.785704619055669E+003
    832  2.243119193756061E+002  7.059987843479605E+003
    833  5.256151011981097E-001  1.453596734658275E+001
    834  2.106910031636446E+000  5.995073440424425E+001
    835  1.519533888921010E+002  4.602904240364688E+003
    836  5.995358805467312E+002  1.894795381994279E+004
    837  7.779796358035741E+000  2.444719028361404E+002
    838  9.793246456960449E+001  2.958650686664645E+003
    839  2.784182876540448E+000  8.082638007437495E+001
    840  2.287866087036035E-001  4.794634857094075E+000
    841  7.630374486549899E-001  2.008348354288074E+001
    842  8.576604048325258E+002  2.717440448032871E+004
    843  1.137777810975293E+002  3.518716403437225E+003
    844  4.320733585360875E+002  1.359969482407128E+004
    845  1.655597569795221E+001  4.944450456986595E+002
    846  9.306967658882153E+000  2.659843393305852E+002
    847  2.844046335827557E+002  8.702418051667550E+003
    848  4.838341048903471E+002  1.456866567253503E+004
    849  9.926786384421993E+000  2.909946598936351E+002
    850  2.967166340057018E-001  6.925115259927857E+000
    851  1.264767961677486E+002  3.781177705293569E+003
    852  1.368595681076610E+001  4.117103936445840E+002
    853  1.436933237887591E+002  4.572482066823463E+003
    854  4.587096733902629E+002  1.455458397242003E+004
    855  1.672975767721471E+002  5.015353412866561E+003
    856  4.963664645277417E+000  1.558412367082171E+002
    857  3.082468798188355E+000  9.459364182107971E+001
    858  4.485566308628427E+002  1.428838102660924E+004
    859  8.744323882160039E+000  2.636471698411121E+002
    860  2.315419092844230E+002  7.374937811748673E+003
    861  3.773245335402809E+000  1.170532998949274E+002
    862  1.117694833028149E+001  3.230621538041376E+002
    863  2.820604817764333E+002  8.988261745156269E+003
    864  6.858924220128844E-001  1.959934609729680E+001
    865  1.838314040266029E+002  5.847063181806711E+003
    866  3.991284176689754E+002  1.201778824094862E+004
    867  4.074874830648458E+000  1.255322014299091E+002
    868  3.601602182665048E+002  1.130960256248702E+004
    869  7.950643678130416E-001  2.228690854418968E+001
    870  1.342436201807910E+003  4.071458997345358E+004
    871  1.105955185007265E+002  3.316259992421587E+003
    872  1.143029840582876E+000  3.500116804366756E+001
    873  1.567630580309271E+002  4.899107599304146E+003
    874  6.544345641383578E-001  1.704563454120680E+001
    875  2.767257409306631E+002  8.365123885294028E+003
    876  2.418781708300482E+000  6.957877377317861E+001
    877  3.555955434648394E+002  1.081593257604107E+004
    878  2.230161711424579E+000  6.244692467390223E+001
    879  2.301166072014307E+001  6.915912857757329E+002
    880  1.001046946769647E+002  3.093925378285037E+003
    881  4.574783365791146E-001  1.308935549939882E+001
    882  3.700962713753849E+000  1.112848704231912E+002
    883  4.070101045829201E+001  1.277569512900683E+003
    884  9.684131782758341E+001  2.978159773660370E+003
    885  7.946648354350618E-002  9.964315448188463E-001
    886  4.122689371949140E+002  1.279314131958930E+004
    887  2.068179440653713E+002  6.231406747520839E+003
    888  2.781944053840159E+000  7.934058162666483E+001
    889  5.453503437852860E-001  1.583925991118826E+001
    890  3.242837692126730E+002  1.003916708395471E+004
    891  1.864071565876702E+000  5.784414902701567E+001
    892  3.229129624623341E+002  1.003564371150130E+004
    893  8.276297850279775E+000  2.383999131650244E+002
    894  5.323325055141139E+001  1.632619389048402E+003
    895  6.133973517116278E+002  1.942446416694567E+004
    896  6.921932745935636E+001  2.129457214593566E+003
    897  7.910503807591891E+002  2.457094717115901E+004
    898  5.560454278552845E+002  1.705214568850941E+004
    899  6.235714534802887E+001  1.831099814548609E+003
    900  3.118190571098839E+000  9.334417459155354E+001
    901  4.780845687115361E+000  1.351693798316673E+002
    902  7.524830630390542E+002  2.383546808510219E+004
    903  1.089224677622313E+002  3.198233132626840E+003
    904  1.444739496096741E+000  4.334684285981589E+001
    905  5.799179869381846E+002  1.742588023899486E+004
    906  2.591025411789148E+000  7.820070661618239E+001
    907  1.810479176511044E+002  5.496436470051980E+003
    908  5.495676963120579E+000  1.542188748618447E+002
    909  6.143690113498430E+002  1.948838452716641E+004
    910  2.826269098911125E+001  8.172963091333089E+002
    911  1.090015455744486E+003  3.316381686600466E+004
    912  1.959099823087778E+000  5.654048548108199E+001
    913  2.790109252602556E+001  8.611958446375016E+002
    914  4.331362905696460E-001  1.140177489198225E+001
    915  1.479655838597552E+001  4.410114470674543E+002
    916  1.003435524509559E+002  3.145953865754320E+003
    917  1.314661565436272E+002  4.017510095134417E+003
    918  4.639125814101392E+002  1.462034780003280E+004
    919  1.207268752538513E+002  3.607330215670759E+003
    920  4.472928448262819E+000  1.283163761131775E+002
    921  6.510684740314723E+001  2.035899083310760E+003
    922  2.248974220639998E+001  6.774460947810503E+002
    923  1.870495381993945E+001  5.563755383247403E+002
    924  7.772871668175309E+002  2.428929286808412E+004
    925  2.643071199170131E+000  7.469689957792802E+001
    926  3.435151212191875E+002  9.941729726785510E+003
    927  1.795237659724389E+001  5.259272133356322E+002
    928  8.304411611569350E+002  2.516461574799243E+004
    929  9.966636506259404E+002  3.024899985793654E+004
    930  9.761814821491888E+002  2.926200335904917E+004
    931  7.204995629949675E+000  2.102056731199617E+002
    932  8.506129202508340E+001  2.569501897993851E+003
    933  7.465227943373484E+000  2.233242551258251E+002
    934  7.274046836235033E+002  2.308420919993870E+004
    935  2.695662787884366E+000  7.679858034560039E+001
    936  1.073845540350745E+001  3.320278947269287E+002
    937  8.805772204520849E+002  2.651891207105720E+004
    938  2.183448421161934E+002  6.883498982201420E+003
    939  4.289636493971530E+000  1.221470058523755E+002
    940  2.398767009767981E+002  7.475320677928997E+003
    941  4.221427979368610E+000  1.307264129170731E+002
    942  2.099372973253852E+002  6.545226999027235E+003
    943  5.106822711647204E+001  1.584032210286103E+003
    944  1.601970316260794E+002  4.963463116979979E+003
    945  1.566796363629851E+002  4.802869325217233E+003
    946  1.390454130061019E+000  4.099396750370494E+001
    947  5.242100353129503E+002  1.590359896265816E+004
    948  2.473907112504139E+002  7.798723238732989E+003
    949  1.138177413623679E+001  3.398807275049920E+002
    950  1.140387573156637E+002  3.518440982545013E+003
    951  7.150361692552598E+000  2.154062876718760E+002
    952  3.723066226558971E+002  1.120284858418390E+004
    953  1.603453954850981E+001  4.994831142224487E+002
    954  1.510528821414438E+003  4.838825838002659E+004
    955  5.701049872635849E+002  1.826082928273667E+004
    956  5.382593421603936E+000  1.710804280435608E+002
    957  5.201358802515170E+000  1.514669544482105E+002
    958  4.406597724243319E+002  1.410850185284366E+004
    959  2.461731274531164E+000  7.343281741978336E+001
    960  2.989545188888650E+002  9.530767312303964E+003
    961  4.686009105529251E+000  1.378744196542804E+002
    962  1.425653693246888E+002  4.397602833840981E+003
    963  1.532273511807554E+001  4.458061124326323E+002
    964  6.979803876220212E+002  2.228682477484047E+004
    965  1.476533270915515E+000  4.575154742998441E+001
    966  1.621627103404247E+003  5.184670264346782E+004
    967  9.836349933710196E+001  2.951714324560668E+003
    968  1.634480699838881E+002  4.957078561550428E+003
    969  8.794961636018903E-001  2.532752437189838E+001
    970  7.840730882252838E+002  2.471377298717672E+004
    971  1.430175302507722E+000  4.292927581725172E+001
    972  2.145074877280461E+002  6.751927784233691E+003
    973  7.279371343603960E+002  2.231291964100445E+004
    974  1.923708003574650E+000  5.631786582013412E+001
    975  6.446461842124364E+001  1.986387142277867E+003
    976  1.733338358077894E+002  5.441453071106823E+003
    977  4.844767565835691E+001  1.483301829298881E+003
    978  1.772882315964384E+001  5.552467694679966E+002
    979  2.717141823352383E+002  8.364541545868271E+003
    980  4.405347983276733E+000  1.330766494080636E+002
    981  8.434623401791710E+002  2.699414278948983E+004
    982  1.414692535058620E+001  4.318193055868189E+002
    983  7.501390830251884E+001  2.246470000592015E+003
    984  7.848208390498219E+001  2.373989979934197E+003
    985  1.069872424376713E+001  3.261408615546230E+002
    986  1.438133404809005E+002  4.547978992346763E+003
    987  3.529289005521663E+000  1.016935097822437E+002
    988  9.089259637310036E+001  2.843240303622601E+003
    989  7.831895595167712E+002  2.495233891314860E+004
    990  6.608336919993411E+000  1.871627685355960E+002
    991  1.752506928845462E+003  5.556396175362146E+004
    992  3.991182737615244E+002  1.220670734106992E+004
    993  3.897771482059676E+000  1.201796551002486E+002
    994  1.078864239406283E+001  3.079236228079632E+002
    995  1.718083531873600E+002  4.989985983142051E+003
    996  2.803502746397434E+000  8.758027171404190E+001
    997  8.588608705018058E+002  2.719939683822525E+004
    998  1.501526993868843E+003  4.684561734167411E+004
    999  7.158945754520905E+000  2.282839088119268E+002
   1000  6.801501377758377E+002  2.078269464973635E+004
   1001  1.922272184127780E+003  6.039085666803971E+004
   1002  1.886749547080300E+001  5.815266916025708E+002
   1003  4.172079860130030E+000  1.251582260822572E+002
   1004  1.387011473993078E+001  3.991710596299444E+002
   1005  2.984532222184242E+002  9.269806348765766E+003
   1006  1.207844652384198E+003  3.681200648791622E+004
   1007  1.782735096941841E+000  5.257276329803873E+001
   1008  4.828523082354014E+002  1.452476336126988E+004
   1009  5.607461235739036E+002  1.687875014980833E+004
   1010  7.959651633243009E+000  2.330484392093636E+002
   1011  2.320057645617998E+002  6.951729976961985E+003
   1012  3.900342808472588E+000  1.152551944445333E+002
   1013  2.234227973329718E+002  6.978486394394451E+003
   1014  1.217879594280076E+002  3.645730728298013E+003
   1015  3.548011897210882E+000  1.126120400293255E+002
   1016  6.683017426527329E+002  2.108583704676405E+004
   1017  7.724708640576423E+000  2.188695117118054E+002
   1018  6.807387734728849E+002  2.147682477032141E+004
   1019  3.221060304526703E-001  9.017486926556737E+000
   1020  9.885309354635834E+002  3.153418342871787E+004
   1021  2.046615871816211E+002  6.490431786019582E+003
   1022  4.656506067031825E+002  1.477639076901990E+004
   1023  1.957768479791135E+000  5.383714337624198E+001
   1024  1.851233096574270E+003  5.845144989202102E+004
   1025  4.317168681380733E+000  1.262471427826711E+002
   1026  6.811432466703324E+002  2.113636438968782E+004
   1027  1.075051161097955E+003  3.338695722519820E+004
   1028  1.561626213712779E+001  4.497221735103374E+002
   1029  1.266111644961819E+003  3.822118013616294E+004
   1030  3.715441192436515E-001  1.030837552934484E+001
   1031  7.396684557407341E+002  2.278658698270844E+004
   1032  4.160326808153463E+002  1.267107813681839E+004
   1033  1.042859096974351E+003  3.128584746415742E+004
   1034  3.410831476065946E+002  1.070748824160196E+004
   1035  8.076383074253568E+000  2.306007494869492E+002
   1036  1.076678953689285E+003  3.088690500808486E+004
   1037  1.229979249771944E+000  3.546570102028602E+001
   1038  3.857659650712921E+003  1.057510654104137E+005
   1039  4.949976352446427E+003  1.484141101850078E+005
   1040  2.247905806344473E+001  6.605667854853306E+002
   1041  3.908572162132257E+003  1.085170273024933E+005
   1042  4.303083079378691E+003  1.368602919132970E+005
   1043  8.507509114239602E+000  2.410543418880311E+002
   1044  2.705217611725875E+003  8.246674001704792E+004
   1045  2.126244558953044E+003  6.659391880193865E+004
   1046  5.054435826070031E+001  1.523312377328160E+003
   1047  5.915595702576203E+003  1.646887053172853E+005
   1048  6.356063292406694E+003  1.875594065310844E+005
   1049  9.513619048553331E+000  2.943983167808544E+002
   1050  1.957509434252966E+003  6.025594073830356E+004
   1051  8.816488655828495E+000  2.511325722795752E+002
   1052  9.294083369265039E+003  2.868997316981924E+005
   1053  1.499677388820601E+003  4.376636524217064E+004
   1054  6.022076177616280E+000  1.741885053686893E+002
   1055  2.670485208649455E+003  8.452423057288578E+004
   1056  2.135529129362461E+001  6.629732426259358E+002
   1057  1.955186985396885E+003  6.023560062611024E+004
   1058  3.494785676669536E+003  1.079637870369763E+005
   1059  2.961532337893086E+000  9.105180055185065E+001
   1060  8.920676464224631E+003  2.682054050679140E+005
   1061  1.357537008459261E+003  4.032400405841449E+004
   1062  2.161961053255859E+003  6.598735328587781E+004
   1063  3.812612718246778E+001  1.128614520784263E+003
   1064  5.701022713410711E+002  1.679661448033007E+004
   1065  1.324736612259536E+001  3.939080249928743E+002
   1066  3.444549627267457E+003  1.091113408726528E+005
   1067  5.609159970721832E+003  1.741755829226594E+005
   1068  2.193499943823298E+001  6.372233501620806E+002
   1069  8.446088919247424E+003  2.503503281697276E+005
   1070  6.527364901216026E+004  1.957174799170768E+006
   1071  4.629913219737587E+003  1.446668887008371E+005
   1072  1.011998137033665E+004  2.904758626409897E+005
   1073  3.712330815751079E+000  1.122801007542339E+002
   1074  2.117799756416881E+004  6.594152502846731E+005
   1075  1.518376268102940E+003  4.419380292795430E+004
   1076  3.602034269922335E+002  1.134316598910918E+004
   1077  8.526027622247621E+001  2.567264938306861E+003
