# dt =   1.000000000000000E-003
# j, New nj, Rate of change (1/s)
      1  1.945750810511942E+002  6.479115168062309E+004
      2  6.922906208757796E+003  2.368147357220073E+006
      3  1.856410029985885E+002  5.295247694616861E+004
      4  4.227148957331427E+002  1.041417619509938E+005
      5  1.019231443772966E+003  2.471078380223511E+005
      6  1.292619891438006E+002  3.344325069115093E+004
      7  1.003337661143027E+004  2.424588403366225E+006
      8  5.116087981237799E+003  1.232679692816387E+006
      9  2.388984618761347E+003  7.505960479850880E+005
     10  2.482856401631042E+003  5.285109412675787E+005
     11  5.234082157286858E+002  1.269176851449090E+005
     12  4.566867401115164E+002  1.149240493311394E+005
     13  2.640017621575847E+001  6.397150587210883E+003
     14  1.915429036196941E+002  4.736285647119902E+004
     15  2.237078446506621E+001  5.261848815323996E+003
     16  1.386382304581425E+003  4.527849817025539E+005
     17  3.620387023584883E+002  9.186515952515574E+004
     18  1.715089255404824E+003  4.134236513201003E+005
     19  1.888111166058556E+001  3.983521655919259E+003
     20  4.623488859439629E+002  1.065245610089849E+005
     21  6.948397962779232E+001  1.504789199836515E+004
     22  4.211898148533990E+002  1.236996451370836E+005
     23  5.229206189552226E+003  1.271568702018820E+006
     24  3.921046035954606E+003  9.452743486531676E+005
     25  1.761106367089130E+001  4.026679959188428E+003
     26  3.730572671728068E+001  1.113758059715981E+004
     27  9.674569805878249E+003  2.987468949864162E+006
     28  1.754100398491071E+002  4.866725895616211E+004
     29  2.151515825198086E+003  6.298680737844446E+005
     30  6.348869779301768E+001  1.398656675015411E+004
     31  1.003794405473823E+003  2.506743072498423E+005
     32  4.826283322366614E+002  1.422954608868116E+005
     33  2.315263499091307E+002  5.541272095526013E+004
     34  1.184090548566369E+002  2.749211075286627E+004
     35  2.467868506558501E+003  7.193883557165641E+005
     36  3.066673811696279E+002  6.435517798354686E+004
     37  1.230889422694361E+003  3.674570887663940E+005
     38  3.992845897464179E+003  9.998128736052975E+005
     39  4.537323508268543E+002  1.313052962671591E+005
     40  1.278429197812201E+003  3.885595812259311E+005
     41  9.174106757521607E+002  2.821568153121393E+005
     42  3.911761747478735E+002  1.085975525227848E+005
     43  1.974730391514228E+002  5.277190457759021E+004
     44  1.205105376190794E+003  3.709028878258832E+005
     45  4.573685205472907E+002  1.463669755264814E+005
     46  2.070095155572044E+002  5.376557920504959E+004
     47  3.589637657296071E+000  8.116429659352216E+002
     48  4.984644278018216E+002  1.283933525375437E+005
     49  1.363790152368942E+002  3.575534264665615E+004
     50  9.914286151865431E+001  3.137791084672984E+004
     51  1.597580107394901E+003  5.566841606421991E+005
     52  1.580340116128728E+002  5.316096862413093E+004
     53  9.925642701815536E+001  2.399237889381659E+004
     54  1.102293400850476E+003  3.023695033659589E+005
     55  1.727922163060801E+003  4.732677052841557E+005
     56  4.736435481358609E+000  1.042833596449685E+003
     57  1.249824029141880E+003  3.380403236043130E+005
     58  1.285857645537872E+003  3.161523770626049E+005
     59  1.860853630215149E+001  5.068005586704722E+003
     60  3.422601772159595E+003  1.004457941627161E+006
     61  4.779821660641294E+001  9.213635809874804E+003
     62  1.039344102259090E+002  2.968539502645752E+004
     63  5.368781945230064E+001  1.652248189522038E+004
     64  2.197858786041911E+003  5.611987367506878E+005
     65  2.344061534497107E+004  6.500453317623407E+006
     66  3.040335199227901E+002  7.592146854486693E+004
     67  2.906533389426489E+003  7.902065735866152E+005
     68  7.033773232139434E+001  1.873219528302485E+004
     69  1.968577915812097E+002  6.032864526669108E+004
     70  4.923961833849214E+003  1.404873398298377E+006
     71  6.329894230791838E+003  1.729479375385470E+006
     72  5.201457146339069E+001  9.637989135844129E+003
     73  8.496002071241547E+002  2.486837152095640E+005
     74  2.593732198405407E+002  6.821421821261451E+004
     75  3.445363670414520E+001  8.029280006058686E+003
     76  3.938047418233683E+001  9.509678151262107E+003
     77  9.771280354989408E+001  2.512949149564225E+004
     78  1.122183783138121E+002  2.845556299670215E+004
     79  5.911813172203352E+002  1.950791457776376E+005
     80  2.124863749791275E+003  6.280035490798777E+005
     81  1.664873024323297E+002  4.833433721718605E+004
     82  2.457246184642173E+002  7.190191093820526E+004
     83  9.071831648307868E+001  2.762828002833622E+004
     84  5.474516168009129E+001  1.413821721089520E+004
     85  5.489547497827064E+002  1.247008512133272E+005
     86  3.539926314612534E+003  1.028247002133385E+006
     87  3.079409001086166E+001  8.746403089953665E+003
     88  3.223738573305501E+001  8.588273843254539E+003
     89  3.329421051648799E+002  9.231772978798773E+004
     90  4.653967160423950E+003  1.366466748621019E+006
     91  1.383475795112631E+003  4.279327666824663E+005
     92  7.288741837271506E+002  2.072907573682277E+005
     93  1.611282767833185E+002  4.751273529979002E+004
     94  8.212381789204632E+002  2.408767347228182E+005
     95  3.781312442610645E+002  8.991123575675726E+004
     96  8.337636788655981E+001  1.845414812629089E+004
     97  7.090191741813908E+002  2.260018998419639E+005
     98  8.490996951744609E+002  2.721767204379744E+005
     99  3.895431340777154E+001  1.163049737613724E+004
    100  1.740948635886123E+003  5.742835559049664E+005
    101  2.211400772384831E+002  5.714172425667730E+004
    102  5.137402364654267E+002  1.584876119608756E+005
    103  7.077585995483986E+003  2.202443735240721E+006
    104  6.065606772406281E+001  1.542974322833118E+004
    105  8.847525644739814E+002  2.974275051669599E+005
    106  2.258237768330271E+002  5.687781542072765E+004
    107  2.761332314583476E+001  7.376686308017517E+003
    108  6.977816507066748E+002  1.596196535082165E+005
    109  1.212880714837190E+002  2.932001257601292E+004
    110  5.961971153395004E+002  1.841311187315747E+005
    111  2.024754533369139E+002  4.784634573900078E+004
    112  1.347428674079050E+002  3.926201601022346E+004
    113  1.561350903999214E+002  4.627579595187606E+004
    114  2.104417000604651E+003  5.004765824874151E+005
    115  6.651448692748808E+002  2.056911797954057E+005
    116  1.204258371911028E+002  3.127246612206138E+004
    117  2.836593140635952E+002  7.630665601659869E+004
    118  4.558072735733813E+001  1.254889323410773E+004
    119  1.176154629274796E+002  3.573895557049073E+004
    120  6.383577026551601E+002  2.014499180654179E+005
    121  1.038478964701474E+002  2.529383855489551E+004
    122  6.896850335784829E+000  1.604951473281058E+003
    123  3.534862607860171E+001  9.263702406797040E+003
    124  2.860642604437587E+000  5.332590366241864E+002
    125  4.119253898509660E+002  1.153489631722808E+005
    126  2.869846105920329E+002  8.930345089887224E+004
    127  8.324480774010996E+001  2.598637269452459E+004
    128  3.489335553376001E+002  1.183823695053636E+005
    129  3.529073529373310E+000  7.957256556793305E+002
    130  7.511312287650442E+001  2.550658829410984E+004
    131  2.334014667406668E+002  5.521132261431780E+004
    132  3.693832578102765E+001  9.507309698361696E+003
    133  1.920049714080257E+002  4.442492555220736E+004
    134  1.388564700158627E+002  3.091529725638113E+004
    135  1.495725945258650E+002  4.663912755304030E+004
    136  2.180557350559153E+002  7.266110875747188E+004
    137  1.142181297873651E+002  3.076162702423712E+004
    138  1.925293706564330E+002  5.206922590307743E+004
    139  2.001880081191685E+002  6.442568260597696E+004
    140  1.385894417242260E+002  4.321837131186587E+004
    141  5.314010138539084E+001  1.507632310206168E+004
    142  6.130527336991075E+002  1.496782639994699E+005
    143  2.228766687506070E+002  5.753179077532661E+004
    144  3.592329351257812E+002  9.667511500022217E+004
    145  9.431410974761110E+001  2.792310349102151E+004
    146  2.127876463783999E+000  3.453780946360402E+002
    147  2.651833801796155E+001  6.085004027617692E+003
    148  1.325162561612511E+002  4.111250751019755E+004
    149  4.681157537716964E+002  1.449176612123594E+005
    150  8.109081416469937E+001  1.679076114254228E+004
    151  2.938987034366300E+003  9.511492831210670E+005
    152  1.160010331398813E+003  3.263916068248631E+005
    153  1.526762144111610E+002  3.480005952338570E+004
    154  7.472410810289263E+003  2.180387542775611E+006
    155  3.252542444986276E+002  9.626473992788319E+004
    156  1.006369074727908E+002  2.422417143614231E+004
    157  3.892764233807854E+002  9.664596852925634E+004
    158  2.344511806420702E+002  5.733536396124878E+004
    159  4.762055973128984E+001  1.351100414706007E+004
    160  4.964668941966784E+002  1.296944837674686E+005
    161  2.795127950780566E+002  6.780274618349230E+004
    162  1.590800126811768E+001  3.191128504189111E+003
    163  3.221688544991236E+003  9.801160532870063E+005
    164  3.894159576293583E+003  1.095330491021598E+006
    165  3.453793810537983E+003  1.011108283361154E+006
    166  5.288778914503287E+002  1.544945089531783E+005
    167  4.584880831763327E+001  1.141581729390258E+004
    168  7.167467738676133E+001  1.841182374758963E+004
    169  2.080775634675904E+002  4.715747971176310E+004
    170  2.419569763331223E+001  6.309386946818363E+003
    171  3.711217849453126E+001  9.205001277678468E+003
    172  3.815082950771007E+002  1.082824913440142E+005
    173  2.374069673270853E+002  6.322306583384611E+004
    174  1.143068644000886E+002  2.766099822696765E+004
    175  1.223214782657072E+001  3.187065419744904E+003
    176  4.824789444252075E+001  1.134316492655638E+004
    177  3.385159680322054E+002  1.100181049798919E+005
    178  1.006010438346955E+000  6.116793528427177E+001
    179  1.260467158299977E+001  2.473470571520138E+003
    180  2.376024119696516E+002  5.057189592931019E+004
    181  2.207825862674656E+001  6.320032082578280E+003
    182  1.460036240003376E+003  4.952598854370171E+005
    183  3.047400890563088E+002  7.821018169933134E+004
    184  1.264946255283931E+002  2.925959394168432E+004
    185  1.147736583567381E+003  3.512370753201495E+005
    186  9.617404433890370E+002  3.131777833578390E+005
    187  3.306662818195117E+001  7.812494371137230E+003
    188  9.835729552704412E+002  2.206671597870874E+005
    189  3.784124416382750E+001  1.015268591058237E+004
    190  2.649497297903964E+002  7.175655085851467E+004
    191  1.197504837683226E+002  2.944676651989728E+004
    192  1.808186820930312E+002  5.122853775843778E+004
    193  6.918540022217993E+002  2.138912416103467E+005
    194  1.143951491829404E+002  3.744346817699094E+004
    195  3.629564764599931E+002  1.023187920174068E+005
    196  1.775138125451412E+002  4.103843770011225E+004
    197  3.400700841549970E+002  1.111996146359987E+005
    198  8.725394933049724E+002  2.275698383470154E+005
    199  6.679444796400994E+002  1.682834229904817E+005
    200  4.784694646814773E+000  1.205215415651483E+003
    201  1.019239010415857E+002  2.568753788260674E+004
    202  2.047508355161865E+002  5.012979310818041E+004
    203  5.464920441446152E+001  1.700807411933290E+004
    204  1.444851606897284E+002  4.448376378693747E+004
    205  1.764031264399591E+002  4.604771495431496E+004
    206  1.292250890589987E+002  3.460103648395086E+004
    207  4.194386184902747E+002  1.038529576616480E+005
    208  6.861217748485990E+001  1.487289290762974E+004
    209  4.140557787207866E+001  1.173678333604901E+004
    210  3.305802104700393E+002  1.159997578284084E+005
    211  1.453369683799672E+002  5.030750097183132E+004
    212  2.295990814130370E+002  5.298082219710923E+004
    213  1.490271904489547E+002  4.849790086401592E+004
    214  5.185956437154254E+001  1.227991822144786E+004
    215  5.386867406244413E+001  1.454830169640956E+004
    216  1.364187999074238E+001  2.972883149455354E+003
    217  1.915207201446242E+002  6.066300409191969E+004
    218  1.326895079069199E+002  2.970104295582888E+004
    219  1.520758717436803E+001  3.885481454825857E+003
    220  1.629549456534093E+001  3.757602635771081E+003
    221  1.803063889805236E+002  4.546130354254274E+004
    222  1.264045237100535E+002  3.525503280226253E+004
    223  3.893645034852200E+002  9.074244539080118E+004
    224  4.878817771950284E+000  1.043831243316890E+003
    225  6.900129442329773E+000  1.635381090014437E+003
    226  1.265992558371965E+002  3.474803142316004E+004
    227  6.079761723988272E+000  1.416656518571040E+003
    228  3.511691649876465E+000  7.988001246036409E+002
    229  6.001503081828805E+002  1.424662351010193E+005
    230  5.209677351635996E+002  1.519797736268948E+005
    231  7.263272120799947E+001  1.526690058718447E+004
    232  1.885882710162332E+003  6.476864540802628E+005
    233  3.505773984602116E+002  9.439276276667598E+004
    234  3.219054761341331E+001  7.736796769064952E+003
    235  6.023706696952799E+000  1.635509394008125E+003
    236  4.756356273754132E+002  1.270782028646239E+005
    237  9.303204184598222E+001  2.247674978555669E+004
    238  2.328731066168253E+002  6.318190217235451E+004
    239  1.322853365479902E+002  3.710651148629122E+004
    240  2.845442102747319E+002  8.647129995421966E+004
    241  3.568556180802476E+002  9.361112828293175E+004
    242  3.878189917005465E+001  8.919359541500280E+003
    243  1.390633693872628E+001  3.866312201719573E+003
    244  1.188578560299718E+002  3.927481170110264E+004
    245  5.326832776988842E+002  1.385839586679979E+005
    246  1.709227854767595E+002  4.377013759511721E+004
    247  1.207128190938319E+002  3.498034149141419E+004
    248  2.309554619326846E+003  6.451938439006245E+005
    249  4.718132857433320E+002  1.364395142785821E+005
    250  1.071327956825419E+001  2.383184649243754E+003
    251  2.825954765516415E+002  6.503065555864263E+004
    252  3.930089380829674E+000  6.890124680654762E+002
    253  1.103029385416270E+003  2.948424721936074E+005
    254  5.184931298566426E+002  1.310592149361626E+005
    255  5.164709583537814E+002  1.236037867447664E+005
    256  1.620529986588390E+002  4.696557218468839E+004
    257  2.830692599324201E+001  7.235458343340055E+003
    258  9.900766090051595E+002  2.869019623728437E+005
    259  3.462149306147876E+002  1.093442614900997E+005
    260  2.045306383966192E+001  4.375226580110175E+003
    261  5.249671458252130E+001  1.330588806138303E+004
    262  5.747393208408695E+001  1.581239383659754E+004
    263  2.176985990260035E+000  4.599626086257868E+002
    264  3.101445536073521E+002  9.291563871668116E+004
    265  6.715671757164035E+000  1.777713208028918E+003
    266  4.079647951330810E+001  1.185316465537567E+004
    267  2.084087683171214E+001  5.742170662489266E+003
    268  3.090439637518321E+000  7.012736261370850E+002
    269  1.206930699629824E+001  2.787762859102616E+003
    270  4.490927691909202E+001  1.295734665357068E+004
    271  1.259387837385865E+001  3.278911418063693E+003
    272  4.064998726375358E+002  1.251026254863207E+005
    273  1.045477805975813E+002  3.354318333829188E+004
    274  3.379137560586342E+002  1.081041549129002E+005
    275  7.772054853404808E+001  1.616128378021714E+004
    276  6.396546210834588E+001  2.007806392421624E+004
    277  1.519190690521062E+001  4.371517505883629E+003
    278  4.156314505083976E+001  1.241916071327458E+004
    279  2.225642588965750E+002  6.687755888434495E+004
    280  4.251152132808613E+002  1.457464455057074E+005
    281  2.153435091209919E+002  6.529272719858956E+004
    282  2.520135908250991E+002  6.083909038544635E+004
    283  1.312445430742355E+002  3.809787113840303E+004
    284  9.714613034957202E+000  2.371262432428404E+003
    285  1.288686094786286E+002  4.068986764938004E+004
    286  5.360747824662599E+000  1.579796579523866E+003
    287  3.007927418400745E+001  9.549754951420118E+003
    288  1.784182797418096E+002  4.599915312490152E+004
    289  2.573177203997569E+002  7.796731583135136E+004
    290  9.921334439614677E+002  3.238217983973626E+005
    291  2.004306078261432E+003  6.717603948895988E+005
    292  6.166969121656781E+001  1.782737107716769E+004
    293  3.020280489889219E+003  9.910167438601769E+005
    294  4.430388197073693E+002  1.270692079656291E+005
    295  1.821732885715642E+002  4.076473284241158E+004
    296  7.254343580077601E+002  1.820298992796412E+005
    297  1.125402599808420E+003  2.764265178632279E+005
    298  4.335658402516528E+003  1.481121658090731E+006
    299  6.623596657942186E+002  2.176366828630499E+005
    300  1.294446778206592E+003  3.321664388584541E+005
    301  1.428139080694642E+003  3.605081347280115E+005
    302  1.464039061868910E+002  4.089796762956724E+004
    303  1.907186906723072E+002  5.142768536341048E+004
    304  6.210968440672215E+001  1.372106728587405E+004
    305  3.909892004970855E+001  9.343290478470934E+003
    306  3.619229076958312E+002  1.051699620830650E+005
    307  3.780676925614383E+001  8.471039714012830E+003
    308  1.011837435289453E+003  2.928513612472518E+005
    309  8.392609445557558E+001  2.149392306741701E+004
    310  2.912450836398473E+002  8.421377027440941E+004
    311  2.724935986323056E+001  6.175860360417147E+003
    312  7.157879504617642E+001  1.623494265010699E+004
    313  1.060884605102188E+001  2.407792805345321E+003
    314  4.389419527428890E+001  9.983975711317045E+003
    315  1.049699699564751E+001  2.529547057573268E+003
    316  1.835880681954483E+001  5.004509106530290E+003
    317  5.028332398448678E+001  1.179544363777582E+004
    318  4.778333657384875E+002  1.369336297212923E+005
    319  6.191778561832106E+001  1.828683072153302E+004
    320  1.637804714651191E+002  4.030021862063210E+004
    321  7.542094971430419E+001  1.761459447510772E+004
    322  3.478689845904761E+001  8.100939920365447E+003
    323  2.692370406264051E+001  5.919041069317082E+003
    324  6.384265560551062E+001  1.549943753327292E+004
    325  1.591864054457647E+002  3.477317514670688E+004
    326  2.420051898838960E+002  7.644217075716790E+004
    327  8.917492455872654E+001  1.931853048139996E+004
    328  6.806082923398756E+000  1.690122938146799E+003
    329  6.259917770649973E+002  1.772696131927728E+005
    330  7.506727016448464E+002  1.810839602355607E+005
    331  1.975754492399764E+002  4.707075368293565E+004
    332  7.973635059907706E+001  2.616489888743992E+004
    333  3.551070592446345E+002  1.144276785151833E+005
    334  4.643234117541783E+001  1.036717173724322E+004
    335  2.831346795360433E+002  6.716436225257683E+004
    336  9.058982270338549E+001  2.205665257693511E+004
    337  2.997599173608329E+001  7.063943133219069E+003
    338  9.391677839692971E+001  2.328298713000660E+004
    339  2.693785611299875E+001  6.483767983214454E+003
    340  2.792140238118341E+002  8.851619875341433E+004
    341  5.168987834994202E+002  1.310955763080918E+005
    342  8.161922540258354E+000  2.039057867385064E+003
    343  2.260015913355967E+002  6.665619635552444E+004
    344  6.257084470979196E+002  2.023825020838288E+005
    345  4.418423891713860E+001  1.467760396068756E+004
    346  1.997498825058623E+003  6.655530665427226E+005
    347  4.528877147479799E+002  1.106208673153804E+005
    348  2.671339641060417E+002  6.585248337686693E+004
    349  6.818909646523892E+001  1.964261728989122E+004
    350  6.247234373723363E+000  1.606008708770011E+003
    351  7.095670877602214E+001  1.801521943255581E+004
    352  1.197591091394154E+002  2.954895657637897E+004
    353  9.897891574293107E+000  2.807722860288788E+003
    354  8.427818645888712E+000  2.008160757136799E+003
    355  7.478556341036794E+001  2.138720823482445E+004
    356  5.488262468106582E+002  1.556527523387664E+005
    357  1.275359769983916E+002  3.097801962004228E+004
    358  1.573124934591498E+003  4.254045644040196E+005
    359  1.769041323750683E+002  5.629796514872481E+004
    360  4.803700856223394E+001  1.112096263376580E+004
    361  3.165923026188204E+001  7.867581657047472E+003
    362  3.969428381304010E+000  8.390293746376377E+002
    363  8.877811467721075E-001  1.270005222507331E+002
    364  6.119771914174390E+001  1.952496757250280E+004
    365  6.835344497463117E+001  1.960000843980940E+004
    366  9.358268758174560E+000  2.215607775379207E+003
    367  1.138424492987482E+002  3.712766927917115E+004
    368  5.921398443809212E+000  1.248339279551709E+003
    369  5.354139881793374E+001  1.856488529569523E+004
    370  1.258583525234317E+001  2.911284174515331E+003
    371  4.021020219209460E+000  9.427513498388859E+002
    372  2.666332716573007E+001  8.011997263108849E+003
    373  4.317399553450325E+000  1.123931119685896E+003
    374  3.220399599408330E+002  1.055550478216939E+005
    375  2.021032258501833E+001  6.549951297753920E+003
    376  4.380043038047142E+002  1.454429259052829E+005
    377  4.962224743645026E+001  1.339147973734041E+004
    378  4.132330726023601E+002  1.120656433341482E+005
    379  3.125292373105997E+002  7.930245287458051E+004
    380  2.670773728273679E+002  7.344406038897170E+004
    381  1.772751100500829E+002  5.071941052404997E+004
    382  7.575595765346638E+001  1.859218002141576E+004
    383  2.924655071143983E+002  9.047521296554280E+004
    384  8.259187639137015E+003  2.628987203004566E+006
    385  2.915996819563248E+002  7.318851430066123E+004
    386  3.016040026807958E+003  8.733640042813154E+005
    387  7.948498642740924E+002  2.407920741175883E+005
    388  1.401518054225753E+000  2.910107602565402E+002
    389  8.148472714120743E+001  1.969192342243578E+004
    390  3.959827157997999E+003  1.345412295272982E+006
    391  1.021674253217757E+003  2.925459518981169E+005
    392  2.088522497465191E+003  6.335264527612044E+005
    393  4.648977454137482E+003  1.512015334231127E+006
    394  7.360244256444253E+001  1.997064943923017E+004
    395  1.053793048826292E+003  3.528596495305983E+005
    396  2.117705548588291E+002  6.703449177205292E+004
    397  5.230928907940086E+001  1.594053458156472E+004
    398  9.612164128698608E+001  2.946861872053434E+004
    399  2.790147759743948E+002  9.046253597358585E+004
    400  7.080844191960770E+002  2.069446400887828E+005
    401  1.057500570751408E+002  2.492549454445069E+004
    402  9.881342204815824E+002  3.005989236725119E+005
    403  2.998535551903555E+002  7.158506395756629E+004
    404  1.003829067968969E+002  2.983085068908543E+004
    405  4.230093813394734E+002  1.199819980787535E+005
    406  1.210423526228410E+000  2.943073695514649E+002
    407  1.673244928484190E+003  5.639931244687991E+005
    408  4.476191872242133E+000  1.323776595004978E+003
    409  2.690931696377368E+002  7.754751270482468E+004
    410  1.612780650727287E+001  4.701312497254201E+003
    411  1.717422796753786E+002  5.216327882907761E+004
    412  2.136470705431303E+000  5.096449013336021E+002
    413  4.531942533370248E+002  1.125671822442817E+005
    414  2.970287039178644E+001  6.847186473312544E+003
    415  6.411783907513296E+002  1.742613712160429E+005
    416  2.118880426411278E+001  6.087092252522912E+003
    417  1.351745756822377E+002  3.546764398263155E+004
    418  1.285493736084487E+004  2.629581423812594E+006
    419  1.773036621481216E+003  5.948043514076221E+005
    420  2.769246277584138E+001  7.781104587595649E+003
    421  1.314511098206945E+002  3.890313694082147E+004
    422  1.169331374717223E+003  2.527655812412838E+005
    423  1.087083044954379E+003  2.995049102784343E+005
    424  4.534903378166181E+000  1.080696134766071E+003
    425  3.366966128280140E+003  7.286745137989532E+005
    426  5.781493803765336E+002  1.319224018650424E+005
    427  8.804990802803451E+002  2.595176369849599E+005
    428  2.646776401329969E+000  6.736468113744369E+002
    429  5.931786115770011E+000  1.487982796102875E+003
    430  7.081079799274230E+002  2.196108059111297E+005
    431  4.003724257164088E+002  9.075235472053452E+004
    432  1.195061128758903E+001  3.245095611481901E+003
    433  5.043516809256543E+001  1.465589572459594E+004
    434  5.951060653733668E+002  1.855468974496818E+005
    435  1.137371269393498E+001  2.617691186635048E+003
    436  1.189465197085137E+003  3.167298310869356E+005
    437  8.228601461763505E+000  2.268432996094536E+003
    438  1.527544364880208E+003  4.260308431087431E+005
    439  1.149833780366309E+000  1.755047671073033E+002
    440  3.516031812138650E+002  1.095902607449712E+005
    441  1.279626641853318E+001  2.878553602493697E+003
    442  1.065487991554075E+002  3.219190341155887E+004
    443  9.166851320611386E-001  1.934748367265044E+002
    444  5.553688649021177E+001  1.288549689193726E+004
    445  5.879496113724508E+002  1.525720409817476E+005
    446  3.003455026411376E+002  8.973424657192519E+004
    447  6.063067227156122E+000  1.473350403179398E+003
    448  1.333234614100220E+002  4.174416936067789E+004
    449  9.766950292779943E+001  2.531317629877921E+004
    450  8.308643581106757E+002  2.882731087979948E+005
    451  7.354260392196817E+001  2.012048393994190E+004
    452  8.538133598846872E+002  2.839913918478391E+005
    453  1.345744040707953E+003  4.451295713571421E+005
    454  2.480925443201406E+003  8.749951097427178E+005
    455  3.359816489175399E+001  1.033049947463156E+004
    456  8.444411798382595E+002  2.948287641754800E+005
    457  8.471406575965776E+000  1.774337105245013E+003
    458  6.164447272759168E+002  2.083880126636956E+005
    459  1.936098588659039E+002  5.427407114818590E+004
    460  4.976248769319066E+002  1.723289882793388E+005
    461  6.415490269583296E+000  1.521017471446986E+003
    462  8.791473842326313E+002  2.578365004142087E+005
    463  9.950646866697225E+000  2.364965767831043E+003
    464  6.024806102470533E+002  1.815372582411788E+005
    465  1.267072369613840E+001  2.980706814534266E+003
    466  2.329193209657363E+002  6.642298925590511E+004
    467  1.245891542037739E+002  3.508035446175557E+004
    468  2.194958348779728E+002  6.689723482319972E+004
    469  5.313986375089089E+000  1.209079522980140E+003
    470  1.598068860745681E+001  3.784811010208541E+003
    471  1.140214837294759E+001  2.728871797330588E+003
    472  6.718995429736711E+002  2.179798631179785E+005
    473  3.693366568940458E+001  1.151979207150955E+004
    474  2.379086472593961E+003  8.215725060213176E+005
    475  1.656648205876025E+002  5.591139119177068E+004
    476  1.049257489898320E+001  2.879593846529511E+003
    477  4.073227858143165E+002  1.406724834032898E+005
    478  6.866280424140530E+001  2.199936420378981E+004
    479  1.166746890255375E+003  3.875587304410664E+005
    480  1.175230496744672E+002  3.537757288555383E+004
    481  1.607809307506183E+001  3.317666700443915E+003
    482  1.560423044012884E+002  4.888896969996095E+004
    483  2.593257170431247E+002  7.854849722962525E+004
    484  1.640519245549452E+001  4.573167805473883E+003
    485  4.801317875471532E+002  1.610873674677608E+005
    486  3.646150151512639E+001  7.329793929748328E+003
    487  4.057385537084629E+002  1.394916626457103E+005
    488  3.518837350957362E+000  7.319251027464419E+002
    489  2.625395463901727E+002  8.774823237196570E+004
    490  1.442799625529827E+000  3.995407540841736E+002
    491  1.895982020435065E+002  6.304621028149398E+004
    492  3.213687876955278E+002  8.568913662443649E+004
    493  9.762919568542118E+001  2.353305270804944E+004
    494  1.822442854586510E+002  5.597576869900211E+004
    495  2.348827258266424E+002  7.315452465041517E+004
    496  2.905895553837715E+000  7.095234613550906E+002
    497  1.564654341783215E+002  4.481766140976807E+004
    498  1.177144858831305E+002  3.647235166556051E+004
    499  5.529247698080573E-001  8.838449353361189E+001
    500  1.763383555996797E+002  5.695967184734229E+004
    501  6.804341761557329E-001  1.407579914321578E+002
    502  3.821975098236180E+001  9.142704656173095E+003
    503  7.039234723316981E+002  2.396258475131861E+005
    504  4.464186092691856E+002  1.418765928639072E+005
    505  3.062056385079599E+002  1.024142701645496E+005
    506  3.261209873034651E+000  7.269031043906581E+002
    507  5.948676368923913E+002  1.756780289086025E+005
    508  8.019804064944825E+000  2.221447509803786E+003
    509  5.781306421759142E+000  1.713820838090666E+003
    510  5.018834406720240E+002  1.669069049036978E+005
    511  2.274421831108618E+001  6.744419547878875E+003
    512  6.677164809425786E+002  2.274918984578243E+005
    513  1.401273566811274E+001  3.882686945321761E+003
    514  1.702017231895051E+002  5.510323669998827E+004
    515  4.513243163654166E+001  1.159611738198473E+004
    516  6.267207910479901E+001  1.935419030310828E+004
    517  1.091906931736916E+002  3.678997125850616E+004
    518  2.969371191183723E+002  9.718313588878266E+004
    519  2.855078177088071E+002  9.907935967084300E+004
    520  1.673860672851034E+000  4.053826445685817E+002
    521  3.386176180167497E+001  8.062158149806561E+003
    522  1.447512278595289E+001  4.171922143449595E+003
    523  1.105593554572478E+002  3.442159692869662E+004
    524  7.752444195944857E+002  2.723807448600340E+005
    525  4.179328547334030E+001  1.268922818863475E+004
    526  2.110286306930472E+001  5.560675677402851E+003
    527  2.875519175102923E+002  1.010287820060480E+005
    528  3.326683631350848E+001  8.523273294439130E+003
    529  1.707910595162527E+001  4.258931047199753E+003
    530  3.845803466813729E+002  1.250236068185358E+005
    531  4.001359707219624E+002  1.112688781123065E+005
    532  9.211123372703533E+001  2.700253608520503E+004
    533  1.134168647204483E+002  3.512119002975325E+004
    534  6.894845961752991E+001  2.057321476798233E+004
    535  3.205899037243050E+003  9.878420795050287E+005
    536  5.709015715977160E+002  1.359051051972220E+005
    537  6.985160968024919E+003  2.102595733812435E+006
    538  6.240534184585946E+002  1.450384880390632E+005
    539  6.604418992793028E+003  2.073928500680472E+006
    540  3.382164477201422E+002  9.993126749312053E+004
    541  9.554347987983749E+001  3.175724397495014E+004
    542  3.679937877252832E+001  8.987848616474670E+003
    543  1.123360379749270E+002  2.828166118058343E+004
    544  2.067429963082823E+003  5.038351593632612E+005
    545  1.434782442036364E+002  4.463479144196695E+004
    546  2.979694004372864E+003  7.216172686329236E+005
    547  3.976610361167662E+004  9.677978581045093E+006
    548  9.754573440601560E+001  2.417606336094420E+004
    549  1.779851429880597E+003  4.271804186166543E+005
    550  6.212339618275037E+002  2.019231518479238E+005
    551  2.391506569762484E+003  5.515102509450963E+005
    552  2.210467431091901E+003  4.292446838138551E+005
    553  2.796842532979308E+002  7.652053790361791E+004
    554  1.458674359275715E+003  3.577852820214396E+005
    555  4.420215365455093E+001  1.194156940651146E+004
    556  7.699286339179227E+000  1.575210090922961E+003
    557  2.165353892316063E+002  5.698914416223893E+004
    558  2.068947072208827E+001  5.327947183603211E+003
    559  2.793604324608884E+002  8.904861194156857E+004
    560  9.261748956748235E+001  2.283339928615123E+004
    561  1.966964336472376E+001  5.470612351994372E+003
    562  1.277018012904518E+001  2.437607987875979E+003
    563  5.487436752235582E+003  1.421023196423664E+006
    564  1.534388405039574E+002  3.575265770340286E+004
    565  4.171230563826525E+001  1.090573938411787E+004
    566  7.017043695100613E+003  1.684951494384713E+006
    567  1.678940872248841E+001  3.949979206152949E+003
    568  1.637401108515884E+002  4.670181658930360E+004
    569  9.360032153742289E+000  2.301376557100471E+003
    570  5.453900043223324E+002  1.243975128661464E+005
    571  3.142676829913410E+001  7.754109352535645E+003
    572  1.054475141317675E+002  2.461259850576190E+004
    573  4.747069657015258E+001  1.171715555062470E+004
    574  5.808838644663986E+000  1.597583517636768E+003
    575  4.053222008934046E+002  1.207374091751154E+005
    576  1.269732956983763E+002  2.465016714157302E+004
    577  2.470382328011370E+001  6.115567410401232E+003
    578  2.250454645023644E+001  6.031217050820126E+003
    579  9.425239652699378E+000  2.541179326854981E+003
    580  1.446163038517792E+002  3.825077477823911E+004
    581  5.340064972336883E-001  1.471684991927680E+002
    582  9.985559475429396E+001  2.808891470251788E+004
    583  1.376850704857486E+001  3.206921510909279E+003
    584  2.716303557818767E+001  6.967561215534723E+003
    585  9.586379019115914E+001  2.940816129953583E+004
    586  4.749065599846749E+000  9.911085613492554E+002
    587  5.666746284781539E+001  1.784025960035089E+004
    588  8.042027360679984E+002  2.583240835722384E+005
    589  1.417526747344518E+001  3.269594718990297E+003
    590  2.649847955808606E+000  5.709200342627872E+002
    591  4.589213611755470E+000  1.073273288035066E+003
    592  3.485371005080111E+002  1.137625324415075E+005
    593  2.375866157591731E+002  7.660664172549969E+004
    594  1.977341369755776E+001  4.856964435954349E+003
    595  1.091567153781665E+001  2.454802292860235E+003
    596  1.405848031524678E+001  3.523218475666597E+003
    597  1.704198476067462E+001  5.592107569622823E+003
    598  4.449674737438237E-001  8.061574170086243E+001
    599  1.776595299918099E+002  6.144063688072574E+004
    600  5.675675678786873E+001  1.980145855053926E+004
    601  5.672332083074095E+000  1.495757712804277E+003
    602  2.300520102647357E+002  7.528874508193128E+004
    603  1.905616793557904E+000  5.410365465376580E+002
    604  9.046934279241034E+001  2.323378535174403E+004
    605  2.426446495153969E+001  5.833967954269177E+003
    606  5.905865638328821E-001  1.310854649162710E+002
    607  1.796039123368229E+001  5.346959915483420E+003
    608  7.426996684993231E+000  1.818542927745651E+003
    609  6.334682787420303E+001  1.975538260548566E+004
    610  1.450583979522043E+001  3.587420455847242E+003
    611  1.798545280131889E+001  5.353443459647168E+003
    612  4.317426738013145E-001  1.043244877717350E+002
    613  1.890473149802164E+002  5.905047591111839E+004
    614  1.649106172685195E+000  3.974146119811958E+002
    615  8.494885504302967E+001  2.850456511236118E+004
    616  1.739324298007782E+001  4.389661602436688E+003
    617  5.264900314437997E+001  1.679484076345077E+004
    618  1.046538934630014E+002  3.200667646761209E+004
    619  3.818276583632165E+000  9.319236128291464E+002
    620  1.381241893386146E-001  2.073987794485418E+001
    621  5.736379106897880E+001  1.878817957654500E+004
    622  1.141952505581180E+001  2.720992759718512E+003
    623  4.040876280131550E+001  1.251087741287823E+004
    624  1.280846346739273E+001  3.071167077614149E+003
    625  3.561918241682215E+000  7.898872320566094E+002
    626  1.419527448817573E+001  4.598840639651046E+003
    627  3.112640081412791E+000  7.288957783892389E+002
    628  5.392920500806662E-001  1.011033092781301E+002
    629  4.154402266773288E-001  9.465362843040633E+001
    630  9.602460593658456E+000  2.681430350531225E+003
    631  9.143882998183489E+000  2.694619552784641E+003
    632  1.237159643956584E+002  4.179576605752829E+004
    633  6.808689586653194E+000  1.568251885574989E+003
    634  5.039560027364889E+000  1.217676666744591E+003
    635  1.523369659110933E+001  4.041119707794038E+003
    636  1.816642099123622E+001  4.657573633582501E+003
    637  1.085864457564989E+001  3.247564150284403E+003
    638  6.803152397128985E-001  1.669111811361073E+002
    639  3.951156160675329E+001  1.144519690896155E+004
    640  3.779574085602213E+000  1.039708542876327E+003
    641  1.087545303065750E+001  2.708294207166301E+003
    642  2.922858313095671E+000  6.608223945127262E+002
    643  2.928958843512456E+001  8.187765547374525E+003
    644  1.909136172899352E+000  4.291551517916552E+002
    645  2.234272658987676E+001  7.032914724668633E+003
    646  8.833591905966921E+000  2.560731419518059E+003
    647  1.258391348326630E-001  1.958316933504502E+001
    648  3.266231954431725E+000  8.280645681427226E+002
    649  4.056118536616458E+001  1.359403663113177E+004
    650  2.093601927437245E+001  6.841381374544163E+003
    651  2.841279608127930E+000  6.769025324539465E+002
    652  8.998870212571586E-002  7.412981162568535E+000
    653  9.683607118847047E-001  2.500174155476910E+002
    654  7.391629104461296E+001  2.366178539831267E+004
    655  4.172804285787740E+001  1.401410753696268E+004
    656  1.088155856928566E+001  2.579925650555377E+003
    657  3.688715094322680E+000  8.917697720189908E+002
    658  4.585473019288638E+001  1.301134277963892E+004
    659  5.014833731366134E+001  1.577872398774871E+004
    660  3.211407636559706E+000  7.720662143190528E+002
    661  8.592885281367386E+001  2.840109052045757E+004
    662  1.123931585853614E+000  2.832777835583716E+002
    663  1.289751241188420E+002  4.230987275798560E+004
    664  2.147809468799478E+000  5.387465168625279E+002
    665  4.379704265170477E+000  1.021308536869741E+003
    666  3.754083896164892E+001  9.535848656127951E+003
    667  4.507378452148495E+001  1.254217802171899E+004
    668  2.782107873518852E+000  7.355269295804643E+002
    669  1.151469003419987E+002  3.724786584903580E+004
    670  8.659308590794518E+000  2.133162866709889E+003
    671  2.417723557825049E+001  8.118167217658501E+003
    672  1.543456802015776E+001  3.647621246438108E+003
    673  1.351329216653617E+001  3.443186662348036E+003
    674  1.737295081613541E+001  4.196310949612039E+003
    675  1.058290434466090E+001  3.483145072683983E+003
    676  1.206153466805283E+001  3.489441572131087E+003
    677  2.692428654918980E+000  6.120361997194066E+002
    678  7.151713506689359E+001  2.266841173298135E+004
    679  3.804293512299953E+000  9.300829068986856E+002
    680  1.759955220570872E+002  5.178387758242161E+004
    681  6.967910259146625E+001  2.065928728327963E+004
    682  9.510405120695879E+000  2.278586324766219E+003
    683  5.082824080966773E+001  1.589521746314484E+004
    684  8.624250146318699E+000  2.061698420789283E+003
    685  3.166837943370494E+000  7.904120339317751E+002
    686  6.177740360160687E+001  1.827389045593342E+004
    687  9.324876243325532E+001  2.901613488690992E+004
    688  1.444389340628506E+000  3.207651130035889E+002
    689  7.510904299370442E+001  2.367577666617868E+004
    690  5.398774015140776E+001  1.641121032956147E+004
    691  8.689034482250106E+001  2.557767182891698E+004
    692  3.905056907510004E-001  7.024851657994482E+001
    693  9.712426485972343E-001  2.518583083251948E+002
    694  1.452969342061072E+002  4.214404362204103E+004
    695  9.014987549930655E+000  2.195968039248164E+003
    696  2.563839695843196E+000  6.045637906791632E+002
    697  9.311276668606126E+001  2.606469312271776E+004
    698  2.479271015354639E+002  6.991741017364465E+004
    699  2.735517645144819E+000  6.663162319687799E+002
    700  3.684950455503934E+001  1.001158732757399E+004
    701  2.318152333224449E-001  3.405843530861782E+001
    702  2.064070613605114E+001  5.790026952704899E+003
    703  1.376928824407374E+000  3.014691341974141E+002
    704  2.255777656390177E-001  3.424978940615686E+001
    705  1.675776178305981E+000  3.646332114023733E+002
    706  6.450300630984587E+001  2.118754648688143E+004
    707  3.078266255582272E+000  7.221386447064214E+002
    708  1.123900217854971E+002  3.212184843193791E+004
    709  5.439959428517876E+000  1.329452149678863E+003
    710  1.575675882169671E+002  5.109944799886894E+004
    711  1.599268067892609E+000  4.404035647142923E+002
    712  2.009092816097577E+002  6.499875745794243E+004
    713  1.201716296833936E+001  2.941199401884034E+003
    714  1.977269110321051E+000  4.693389943156722E+002
    715  2.148694480001792E+000  5.148982888638847E+002
    716  9.301924487583918E+001  2.740573211802857E+004
    717  1.187009358109812E+002  3.744640279851713E+004
    718  3.009034228449016E-001  7.565379370122666E+001
    719  7.438575701625820E+001  2.268350442231432E+004
    720  4.019586495705110E-001  7.828615081538841E+001
    721  3.297914440920406E+001  1.083853655830654E+004
    722  2.320944651398671E+000  5.833649126805749E+002
    723  9.012758877456429E-001  2.895803899801670E+002
    724  7.626051166500258E+001  2.587252976946252E+004
    725  3.915346358209797E+002  1.198937035845239E+005
    726  6.306815778660811E-001  1.366599740990300E+002
    727  1.198049842360696E+002  3.764589334066539E+004
    728  1.070956650970895E+000  2.397329180581964E+002
    729  8.937520916560053E-001  1.944471933323490E+002
    730  4.748721640276900E+001  1.361937886232530E+004
    731  3.590415691012768E+001  1.178620706736951E+004
    732  2.876529637302077E+000  6.174879547977192E+002
    733  3.875776049167042E+001  1.273399003000473E+004
    734  1.747928125929234E-001  2.874373301365213E+001
    735  1.395348469364813E+000  4.272780902259285E+002
    736  2.510541219705504E-001  4.528067287047171E+001
    737  1.000913455264972E+001  3.258598572156573E+003
    738  3.720114288950165E+001  1.219904975146331E+004
    739  2.048570034956226E+000  5.998307185082491E+002
    740  6.909550667299663E-001  2.144703337293312E+002
    741  1.669576609405834E+002  5.726914472612556E+004
    742  4.787291928624214E+001  1.367414002538004E+004
    743  2.359756778519324E-001  5.752306816151074E+001
    744  4.727289720129309E+000  1.118834693102082E+003
    745  7.750776111654932E+001  2.356195122957500E+004
    746  2.811915365852195E+001  8.853029862298019E+003
    747  1.245169787526804E+000  3.343102226853263E+002
    748  2.293289837700250E+001  7.775939376783771E+003
    749  4.397472720368256E+001  1.312526993119170E+004
    750  5.445821986700191E-001  1.289992424021947E+002
    751  2.790065682342457E+001  9.384397802545338E+003
    752  1.569522192833116E-001  2.219190671593996E+001
    753  5.053545270785109E-001  1.198437741164875E+002
    754  2.406175532370102E+000  5.816764878643220E+002
    755  3.248159099037620E+001  1.033640037329938E+004
    756  3.220085569452020E+001  9.716655816101671E+003
    757  2.057239713344226E+001  5.505502328869268E+003
    758  1.996501383741535E+000  4.562348925367625E+002
    759  2.634094272755129E-001  6.394728106817414E+001
    760  3.236409232843600E+001  1.064977753097336E+004
    761  1.542772839654504E+000  3.606470442894036E+002
    762  6.004429647238525E+001  1.950633501777601E+004
    763  7.044438080466979E+001  2.267852246037983E+004
    764  1.738585363061998E+000  4.306491391336365E+002
    765  2.785911033778202E+002  9.261654463385108E+004
    766  1.615071513417581E+000  4.604403092946682E+002
    767  1.977989923776584E+000  4.512138539078599E+002
    768  1.679703915216960E+002  5.202642727613614E+004
    769  1.243028275794465E+002  3.942102248685131E+004
    770  2.639751016819181E+000  6.285676582763803E+002
    771  5.333815369031134E+001  1.646797943050060E+004
    772  1.288501768499610E+002  3.852214818438614E+004
    773  2.574854573643085E-001  5.419908572460627E+001
    774  4.009449455348243E+001  1.080530349247104E+004
    775  4.003325357822615E-001  1.151327522586169E+002
    776  9.108245009057675E-001  1.875980178388608E+002
    777  4.131961779930404E+002  1.420299228721317E+005
    778  2.961214727329786E+002  1.007806891617688E+005
    779  8.881352584813957E-001  2.116574750886695E+002
    780  4.462079393672196E+001  1.429920163903385E+004
    781  3.144379893483601E+000  7.835017627920594E+002
    782  4.268301569983346E+000  1.025459569690460E+003
    783  3.748882431911823E+002  1.262710858652777E+005
    784  1.304742293607709E+002  4.143307505263761E+004
    785  3.870382984051898E+002  1.282893544240141E+005
    786  2.062949964013802E+000  4.989082760476333E+002
    787  6.263193248676293E+000  1.522607453447369E+003
    788  5.876110617093542E-001  1.384238875820975E+002
    789  6.332827010104751E+001  2.019926142946035E+004
    790  4.843014554973272E+000  1.183750222350174E+003
    791  1.503422923910759E+002  4.887209475030627E+004
    792  2.353320978829754E+000  6.582576750221328E+002
    793  4.161256070839102E+001  1.312156793453491E+004
    794  2.722083729875684E+000  6.242903737077423E+002
    795  1.095418389536730E+002  3.762806262529815E+004
    796  1.919007454718713E+001  5.712916978484736E+003
    797  3.287645564211204E+001  1.091096915184967E+004
    798  5.959863996452810E-001  1.608496602631804E+002
    799  5.899831709490994E+001  1.824127486998698E+004
    800  7.781915030396100E+000  2.042763360273182E+003
    801  2.487596046134406E-001  6.265170610333231E+001
    802  7.599149011699117E+001  2.320338581610784E+004
    803  3.246724722115565E+001  1.072577087895186E+004
    804  3.724799816360162E+000  8.966727021445655E+002
    805  1.225677805511488E+000  3.098780922660927E+002
    806  1.746503536611537E-001  2.694477490494514E+001
    807  8.850011936716353E+001  2.893179231725869E+004
    808  3.076763522325775E+001  1.008176784042273E+004
    809  2.149841812680967E+000  5.026239814768466E+002
    810  2.857876446583706E+002  9.968752922192629E+004
    811  4.962944746727658E-001  1.228325497785564E+002
    812  5.644671086777259E+001  1.932512532271113E+004
    813  3.584258393001256E+002  1.236177397463604E+005
    814  3.273910476258244E-001  6.062162660447279E+001
    815  4.772806582913627E+000  1.287499761497293E+003
    816  3.820208789731569E+002  1.333459239964964E+005
    817  1.549514186777588E+002  5.350767573749428E+004
    818  1.224609592418459E+000  3.308158802644141E+002
    819  7.205711469637387E-001  2.131355469203985E+002
    820  4.266112274728486E+001  1.404077348034652E+004
    821  5.929970499648319E+001  1.941989460572435E+004
    822  4.083143089643431E+001  1.338074922291577E+004
    823  1.128327062058120E-001  1.754494952084134E+001
    824  5.792235540332336E+001  1.989334164667756E+004
    825  8.216021883865817E+001  2.751433625260356E+004
    826  9.957780718689075E+001  3.188952400577704E+004
    827  2.607198004201963E+001  8.098574706910703E+003
    828  1.808287799205702E+000  4.802270905398691E+002
    829  1.767751547498424E+001  5.646146333800159E+003
    830  7.701538598858101E-001  2.002173278896632E+002
    831  3.722895833763218E+001  1.202646215675281E+004
    832  4.492291798452634E+001  1.460369033763003E+004
    833  1.563030108295496E-001  3.028442064095384E+001
    834  5.800677886907748E-001  1.283170125900147E+002
    835  3.380528497608371E+001  1.005687788561253E+004
    836  1.175151810239457E+002  3.931121214885020E+004
    837  1.563949115216744E+000  5.059614554938660E+002
    838  2.233664088533133E+001  6.343721556882229E+003
    839  7.262349232912623E-001  1.720128036514135E+002
    840  1.064073011911949E-001  1.061043117528792E+001
    841  2.509562808711928E-001  4.366192214352952E+001
    842  1.658679026788487E+002  5.651804528340215E+004
    843  2.405327872053058E+001  7.425110962555776E+003
    844  8.662832217755545E+001  2.808095764422725E+004
    845  3.974543822887540E+000  1.045274569665556E+003
    846  2.524499748247141E+000  5.750925863257786E+002
    847  6.198930345942792E+001  1.861548637764271E+004
    848  1.100706150328134E+002  3.182996211262661E+004
    849  2.515763120370393E+000  6.207314787778446E+002
    850  1.201874485523052E-001  1.505408641775021E+001
    851  2.927332269588497E+001  8.350312742501877E+003
    852  3.215488891417697E+000  8.661624574902227E+002
    853  2.747594553691313E+001  9.429960192605162E+003
    854  8.880659093376947E+001  3.005476858115007E+004
    855  3.841158111586120E+001  1.104900367274845E+004
    856  1.007758107821712E+000  3.201725630278099E+002
    857  6.790379522913169E-001  1.961311159152801E+002
    858  8.527151652091257E+001  2.949771826775918E+004
    859  2.041070781995968E+000  5.533166404191878E+002
    860  4.410016074110596E+001  1.520753031241864E+004
    861  7.965947221467602E-001  2.428921806393188E+002
    862  2.944120979607927E+000  6.942844981503873E+002
    863  5.366162822507200E+001  1.852238349257339E+004
    864  1.879167265529078E-001  4.079772020074326E+001
    865  3.532694652099866E+001  1.202539138332487E+004
    866  9.002093411528897E+001  2.653698050249082E+004
    867  8.865029076383831E-001  2.599421953526135E+002
    868  7.196449102811788E+001  2.369503506685549E+004
    869  2.275521925083940E-001  4.728105100874296E+001
    870  2.964841881003674E+002  8.925849409430737E+004
    871  2.536573183968931E+001  7.300189325592676E+003
    872  2.547814189383397E-001  7.163446089617682E+001
    873  3.227891367316047E+001  1.015402865303380E+004
    874  2.187997215166029E-001  3.747335640644832E+001
    875  6.346159237417453E+001  1.777132616656162E+004
    876  6.446854249077658E-001  1.493481452297559E+002
    877  7.843836763675107E+001  2.344218256301060E+004
    878  6.386890793593956E-001  1.348907175127596E+002
    879  5.403653643018804E+000  1.462610281999672E+003
    880  2.138059956543668E+001  6.472227130795170E+003
    881  1.252474686686453E-001  2.681418055346635E+001
    882  8.716111335714278E-001  2.331683787190084E+002
    883  8.199266545221823E+000  2.656420751185913E+003
    884  2.062334840427050E+001  6.397769538415311E+003
    885  5.409841116767583E-002  2.080596512273821E+000
    886  8.540573118657917E+001  2.721129400783742E+004
    887  4.657451329886995E+001  1.374767745234703E+004
    888  7.598776769643620E-001  1.706027641082790E+002
    889  1.432779380979201E-001  3.252452598458292E+001
    890  6.898467826088215E+001  2.093944796056781E+004
    891  3.956896019716069E-001  1.187206482750128E+002
    892  6.700318899385833E+001  2.115167289312420E+004
    893  2.200164632815498E+000  5.130430717758336E+002
    894  1.173646312934697E+001  3.408537637940059E+003
    895  1.197839362210414E+002  4.010043482396611E+004
    896  1.507709743565650E+001  4.446900757642565E+003
    897  1.652453112027688E+002  5.155587246371064E+004
    898  1.200280247698600E+002  3.650972184225136E+004
    899  1.571818504261376E+001  3.911270871886797E+003
    900  7.440231239586306E-001  1.961026556837690E+002
    901  1.335898923293136E+000  2.923734630532299E+002
    902  1.460090151454569E+002  4.944875539736082E+004
    903  2.697518540897967E+001  7.005221893858819E+003
    904  3.434473685146909E-001  9.011262634592588E+001
    905  1.325877124688347E+002  3.818481994713331E+004
    906  6.026675193796740E-001  1.635112966367180E+002
    907  4.093036449840340E+001  1.165334392570258E+004
    908  1.563443383868214E+000  3.351502532256128E+002
    909  1.189488829908311E+002  4.027170659526966E+004
    910  7.438576286712505E+000  1.756736151916421E+003
    911  2.397369178249634E+002  7.199681111999338E+004
    912  5.191469919987185E-001  1.205676515818601E+002
    913  5.916691499995853E+000  1.827395498113080E+003
    914  1.425685183565279E-001  2.447561854705735E+001
    915  3.574636711504171E+000  9.330584902515787E+002
    916  2.030638941865774E+001  6.548383923758230E+003
    917  2.892176455342908E+001  8.543346506872831E+003
    918  9.220944889692649E+001  3.028668192021679E+004
    919  2.842456902099572E+001  7.811837421562926E+003
    920  1.203042784605639E+000  2.759821760650294E+002
    921  1.327943202562930E+001  4.249953161955590E+003
    922  5.258108807622681E+000  1.426483376395026E+003
    923  4.541411514304138E+000  1.180250415145875E+003
    924  1.572728219697380E+002  5.133575735927742E+004
    925  7.394046134052045E-001  1.612028350598708E+002
    926  8.970400004842928E+001  2.154096123746334E+004
    927  4.557637516452656E+000  1.123445556807823E+003
    928  1.848216307509546E+002  5.487858846156561E+004
    929  2.198554158983477E+002  6.620529518083515E+004
    930  2.227881826954419E+002  6.498701476470835E+004
    931  1.842988526964582E+000  4.520509527368997E+002
    932  1.921545182743658E+001  5.582003717834537E+003
    933  1.782472929272502E+000  4.715434018082910E+002
    934  1.399221514404552E+002  4.790443403591134E+004
    935  7.380964787528407E-001  1.654260722525358E+002
    936  2.278491047486762E+000  6.979888614867145E+002
    937  1.991532503716458E+002  5.832736894843065E+004
    938  4.342891762940939E+001  1.422801287501804E+004
    939  1.175953043028100E+000  2.637153659884413E+002
    940  4.933246979163660E+001  1.571392586260659E+004
    941  9.011383674455433E-001  2.704591556435088E+002
    942  4.279593156837877E+001  1.386802967860738E+004
    943  1.074160342721668E+001  3.315705808484523E+003
    944  3.386243233392583E+001  1.038546858512317E+004
    945  3.386345679865283E+001  1.028696516168155E+004
    946  3.480451805631249E-001  8.604019908143819E+001
    947  1.156726256750345E+002  3.485685190646972E+004
    948  4.911227921071194E+001  1.615296622938261E+004
    949  2.730260218110018E+000  7.194651479218551E+002
    950  2.439636344451453E+001  7.404154201906531E+003
    951  1.672487144295657E+000  4.525900552064281E+002
    952  8.456869303955104E+001  2.459964901466296E+004
    953  3.350869807245610E+000  1.032951352121520E+003
    954  2.821393066732626E+002  9.911734104339860E+004
    955  1.063748680944591E+002  3.745696278959943E+004
    956  1.038518501645266E+000  3.507911509272597E+002
    957  1.343293487786503E+000  3.237238532221772E+002
    958  8.240098199387100E+001  2.893073270160110E+004
    959  5.930386269104730E-001  1.546744501117898E+002
    960  5.684503423405853E+001  1.960496606167345E+004
    961  1.176454913884900E+000  2.928137565580361E+002
    962  3.047536047328017E+001  9.269035497775842E+003
    963  3.964004372924097E+000  9.559417599917755E+002
    964  1.317450279183927E+002  4.584157822541398E+004
    965  3.154032373469797E-001  9.379536203556042E+001
    966  3.043681893192962E+002  1.065919600197005E+005
    967  2.301393315763379E+001  6.323897174710578E+003
    968  3.636955884451818E+001  1.077329924340093E+004
    969  2.347743702403168E-001  5.350577055833267E+001
    970  1.561840436716377E+002  5.106191868371150E+004
    971  3.388168343242455E-001  8.955587157833237E+001
    972  4.268850896657560E+001  1.405477520628995E+004
    973  1.580966610913408E+002  4.755922659777308E+004
    974  4.913213155659119E-001  1.189648048071183E+002
    975  1.395155864206224E+001  4.151122487738427E+003
    976  3.489921407776974E+001  1.132455863819843E+004
    977  1.071063023229287E+001  3.109979446100780E+003
    978  3.628454109141128E+000  1.146548153079692E+003
    979  5.822318180857287E+001  1.775768304332614E+004
    980  1.019421532061666E+000  2.796347510508604E+002
    981  1.581964784511011E+002  5.530351894166160E+004
    982  3.170295502835044E+000  9.026415669276566E+002
    983  1.751466341391632E+001  4.867918005033363E+003
    984  1.766703402811070E+001  5.146968900814655E+003
    985  2.405697679669963E+000  6.827131562234558E+002
    986  2.816703064785772E+001  9.420506289135770E+003
    987  9.401450781054571E-001  2.174978875748841E+002
    988  1.836285011494049E+001  5.990208239589731E+003
    989  1.489171541991275E+002  5.148024052974938E+004
    990  1.834975891566348E+000  4.061605898215805E+002
    991  3.390557956079084E+002  1.152051297817096E+005
    992  8.749011486784322E+001  2.597241910014482E+004
    993  8.454558791165290E-001  2.489396922888267E+002
    994  2.937674601170208E+000  6.662612733218501E+002
    995  4.458980473424716E+001  1.074503142229707E+004
    996  5.800682746078647E-001  1.801092891404436E+002
    997  1.669093080163800E+002  5.640107696902152E+004
    998  3.083372892486590E+002  9.813608384610614E+004
    999  1.364396700554328E+000  4.673358301159510E+002
   1000  1.471725725961873E+002  4.512095488361331E+004
   1001  3.840246821802767E+002  1.262363581788559E+005
   1002  4.069494055628739E+000  1.217219751835460E+003
   1003  9.883776590368508E-001  2.633200571250076E+002
   1004  3.696598329750577E+000  8.600898892067893E+002
   1005  6.178200477408835E+001  1.961857261552239E+004
   1006  2.637807091584622E+002  8.000100037548316E+004
   1007  4.308988296196562E-001  1.159564869892445E+002
   1008  1.099128640542761E+002  3.185196684266378E+004
   1009  1.272158280939354E+002  3.706424904720205E+004
   1010  2.020498045369778E+000  4.987421261214529E+002
   1011  5.397695656951576E+001  1.510080448717257E+004
   1012  9.669670385100968E-001  2.441516839116275E+002
   1013  4.560303011489969E+001  1.464634016046474E+004
   1014  2.857490177620942E+001  7.860822016909613E+003
   1015  6.901513706010307E-001  2.302901379781899E+002
   1016  1.318913348090702E+002  4.377037744371345E+004
   1017  2.142499446556412E+000  4.750558193891370E+002
   1018  1.342531513220701E+002  4.462125626916025E+004
   1019  9.275872734373664E-002  1.869452880529640E+001
   1020  1.873810370777010E+002  6.487838588645079E+004
   1021  3.967529490087360E+001  1.340749326025822E+004
   1022  9.010862718432793E+001  3.049919718602062E+004
   1023  5.843593439677366E-001  1.176067727279888E+002
   1024  3.637206399602558E+002  1.215128345741594E+005
   1025  1.102221266163710E+000  2.690872001495232E+002
   1026  1.423174211939520E+002  4.450089378720252E+004
   1027  2.227236001751654E+002  7.072416424667231E+004
   1028  4.146711516126447E+000  9.714897098778421E+002
   1029  2.924721838137560E+002  8.094596256678776E+004
   1030  1.092044371081645E-001  2.160702914487316E+001
   1031  1.572966021183093E+002  4.864718909150175E+004
   1032  9.238124767605248E+001  2.705128281788146E+004
   1033  2.458523176771447E+002  6.644913689497551E+004
   1034  6.893283329768144E+001  2.218732672139628E+004
   1035  2.198052937711910E+000  4.982992499439092E+002
   1036  2.842075285072990E+002  6.857586634870019E+004
   1037  3.271783220731118E-001  7.528758890166625E+001
   1038  1.152712124363764E+003  2.354417666153493E+005
   1039  1.168756373448375E+003  3.154225102623340E+005
   1040  5.644177792279016E+000  1.413615203125109E+003
   1041  1.137149047442023E+003  2.390122634058610E+005
   1042  8.239041257464332E+002  2.824933078370439E+005
   1043  2.361141117100022E+000  5.228452667720277E+002
   1044  5.909901480087389E+002  1.788770750369894E+005
   1045  4.299182013623208E+002  1.393910865338733E+005
   1046  1.179128431309761E+001  3.210404552230380E+003
   1047  1.714601094772248E+003  3.606781683435769E+005
   1048  1.554782902821115E+003  4.079983160618754E+005
   1049  2.030750950612316E+000  6.122155524439914E+002
   1050  4.192867123919290E+002  1.280402243327067E+005
   1051  2.422412276796954E+000  5.406603730954204E+002
   1052  1.979853154936109E+003  6.053527460103654E+005
   1053  3.816662314735337E+002  9.484383158560352E+004
   1054  1.579425777422135E+000  3.754372737127176E+002
   1055  5.216016433443964E+002  1.747938999054205E+005
   1056  4.463008095773395E+000  1.392311937857325E+003
   1057  4.194371785572269E+002  1.272402776950895E+005
   1058  7.472167675299520E+002  2.260234730179454E+005
   1059  6.421492323174527E-001  1.909954696360766E+002
   1060  2.035654769101745E+003  5.877595383965906E+005
   1061  3.262403436744498E+002  8.725250750440882E+004
   1062  4.775404320977885E+002  1.404049090682469E+005
   1063  9.368909364312566E+000  2.407611307585054E+003
   1064  1.404588337137480E+002  3.647613783828137E+004
   1065  3.219777128995732E+000  8.356221606633985E+002
   1066  6.702376341696427E+002  2.258097804680212E+005
   1067  1.166656154321983E+003  3.676845404795602E+005
   1068  5.701866525804648E+000  1.366664224227072E+003
   1069  2.043075585420505E+003  5.427942076514201E+005
   1070  1.499873680596675E+004  4.304613556633012E+006
   1071  9.445287165703420E+002  3.030762185918579E+005
   1072  2.696178264922872E+003  6.343899214894930E+005
   1073  8.577433397322082E-001  2.352228685993932E+002
   1074  4.361256442382852E+003  1.389632884154157E+006
   1075  3.923668594407705E+002  9.483056633654794E+004
   1076  7.161673497005603E+001  2.357366450466245E+004
   1077  1.935952867288146E+001  5.623614057286628E+003
