# dt =   1.000000000000000E-003
# j, New nj, Rate of change (1/s)
      1  3.067144544059664E+002  5.372148968317659E+004
      2  1.101613034547618E+004  1.959918750640246E+006
      3  2.759810374213727E+002  4.319939468217655E+004
      4  5.966863482573497E+002  8.292155680696557E+004
      5  1.434293481991310E+003  1.981649238903659E+005
      6  1.859301111566899E+002  2.708458386235100E+004
      7  1.410467032028483E+004  1.943775213589305E+006
      8  7.185695498182560E+003  9.881101776618172E+005
      9  3.679198654587826E+003  6.174905613988888E+005
     10  3.359090425759936E+003  4.178527895869378E+005
     11  7.366565150223873E+002  1.018179487155070E+005
     12  6.472579557631304E+002  9.064125455541933E+004
     13  3.721368011858534E+001  5.166891095166452E+003
     14  2.712752653421300E+002  3.807443098058855E+004
     15  3.122206754202384E+001  4.225394439165282E+003
     16  2.165344412042425E+003  3.727267122776771E+005
     17  5.161441744340041E+002  7.350042267840570E+004
     18  2.409109610515095E+003  3.313358048027719E+005
     19  2.552421301890060E+001  3.169073766451584E+003
     20  6.404567477818422E+002  8.500166172610722E+004
     21  9.440895627426725E+001  1.187598152185507E+004
     22  6.322958840843653E+002  1.009305166967611E+005
     23  7.365874217467566E+003  1.020201389254147E+006
     24  5.507818580201271E+003  7.575444237083984E+005
     25  2.436735962194484E+001  3.224138849961906E+003
     26  5.641789145969991E+001  9.144891656688595E+003
     27  1.474602005536327E+004  2.420169851998894E+006
     28  2.575372614604327E+002  3.918142129865845E+004
     29  3.210594880749347E+003  5.045148021966944E+005
     30  8.680260523252586E+001  1.112293347727055E+004
     31  1.426395161204775E+003  2.018654094121761E+005
     32  7.246309904967424E+002  1.155982202869384E+005
     33  3.236929185952176E+002  4.390193855293949E+004
     34  1.644408103453551E+002  2.197130700107433E+004
     35  3.677440079765940E+003  5.762312229484241E+005
     36  4.131903497468018E+002  5.078637223525953E+004
     37  1.854176907425078E+003  2.974971006602479E+005
     38  5.676863737759821E+003  8.042086108061949E+005
     39  6.758951387868573E+002  1.060090113854111E+005
     40  1.937743999987542E+003  3.146535935392004E+005
     41  1.399065151349231E+003  2.301782647174227E+005
     42  5.749531514703330E+002  8.773996018501441E+004
     43  2.867937393139282E+002  4.266612538525203E+004
     44  1.835265697525517E+003  3.007908651688610E+005
     45  7.070723536485982E+002  1.192597733694685E+005
     46  2.978624254833533E+002  4.339702168689763E+004
     47  4.990063239395528E+000  6.705665773665859E+002
     48  7.147155200022925E+002  1.032273070845817E+005
     49  1.967321412502352E+002  2.881583743694262E+004
     50  1.532082152694695E+002  2.588576904274187E+004
     51  2.562783297896510E+003  4.624247417255605E+005
     52  2.500222043374734E+002  4.406286288184276E+004
     53  1.396153097186570E+002  1.927433199541332E+004
     54  1.615699538714988E+003  2.453681807397766E+005
     55  2.531396799380810E+003  3.839910770388952E+005
     56  6.512722040531041E+000  8.491941103916253E+002
     57  1.823784906782733E+003  2.743585848887594E+005
     58  1.817675722794824E+003  2.539542307365962E+005
     59  2.728135650217329E+001  4.150376447433379E+003
     60  5.135945590955350E+003  8.190913693082804E+005
     61  6.290355632593677E+001  7.192902589638014E+003
     62  1.546039485517632E+002  2.423241081499502E+004
     63  8.208352689657565E+001  1.358983987690182E+004
     64  3.145530989957536E+003  4.527276886407047E+005
     65  3.449696270578542E+004  5.285627567857718E+006
     66  4.319695697660994E+002  6.110295861882706E+004
     67  4.248584655054189E+003  6.415112268822206E+005
     68  1.021280695990214E+002  1.519443232103570E+004
     69  3.004042575011754E+002  4.955035110867309E+004
     70  7.314994760371518E+003  1.142835480146105E+006
     71  9.271199660950957E+003  1.406355991189377E+006
     72  6.774387777288567E+001  7.487410639078804E+003
     73  1.265549083380002E+003  1.978813858763304E+005
     74  3.745995859030859E+002  5.502619760732642E+004
     75  4.792150644280430E+001  6.428942692372778E+003
     76  5.530689795176905E+001  7.596130579443256E+003
     77  1.402141433731875E+002  2.030728065898288E+004
     78  1.602591250484959E+002  2.294847100898898E+004
     79  9.268713774121539E+002  1.606166859643492E+005
     80  3.177738659768346E+003  5.011318609067379E+005
     81  2.486558022408193E+002  3.925133353555649E+004
     82  3.667456190633941E+002  5.766359384273082E+004
     83  1.378060055744225E+002  2.249416268603523E+004
     84  7.871574251035702E+001  1.145826453704469E+004
     85  7.569961076001528E+002  9.925673494388803E+004
     86  5.259036120909911E+003  8.178373440343308E+005
     87  4.545889201906319E+001  6.980763056184062E+003
     88  4.679325360841726E+001  6.953328031491641E+003
     89  4.884750396653273E+002  7.417562018591625E+004
     90  6.938843140326402E+003  1.086885798957045E+006
     91  2.110589148127044E+003  3.470592473821678E+005
     92  1.077885707206872E+003  1.663718629661270E+005
     93  2.408448802611011E+002  3.794810688878719E+004
     94  1.224132451361584E+003  1.916664388854382E+005
     95  5.290478566732355E+002  7.206063203947684E+004
     96  1.140781406402548E+002  1.464144632698037E+004
     97  1.097894301160469E+003  1.861305240898900E+005
     98  1.313146939952586E+003  2.215948496527693E+005
     99  5.868669176266696E+001  9.416175446137442E+003
    100  2.730207625529398E+003  4.734568594052863E+005
    101  3.174497880642259E+002  4.597801902943376E+004
    102  7.822439363995647E+002  1.280689559311027E+005
    103  1.082537060369658E+004  1.789405948794857E+006
    104  8.668038113578771E+001  1.242683872245023E+004
    105  1.399049278182173E+003  2.463233642084227E+005
    106  3.218507355164883E+002  4.587870146005076E+004
    107  4.016541903901521E+001  6.001554045180514E+003
    108  9.639174816611269E+002  1.269420768737577E+005
    109  1.704890796121837E+002  2.348377931058755E+004
    110  9.092610021514125E+002  1.494542843855051E+005
    111  2.823356989618603E+002  3.808092251872422E+004
    112  2.015179458127440E+002  3.190004436030025E+004
    113  2.343767484284792E+002  3.731594612495918E+004
    114  2.943798069654557E+003  4.007237872986547E+005
    115  1.014287810503229E+003  1.666072198166489E+005
    116  1.732759665764981E+002  2.524456151416621E+004
    117  4.109445588597673E+002  6.057559467656087E+004
    118  6.683071258215875E+001  1.014603754468711E+004
    119  1.788311258698725E+002  2.928105393631259E+004
    120  9.814673337733253E+002  1.638291349229868E+005
    121  1.464044250937017E+002  2.032307211338907E+004
    122  9.622453320972859E+000  1.303120978623891E+003
    123  5.105486864705912E+001  7.505607714586085E+003
    124  3.759481036612104E+000  4.288647642308770E+002
    125  6.049711807042219E+002  9.190179919009453E+004
    126  4.385397400397561E+002  7.231019868742129E+004
    127  1.274814767306039E+002  2.111987563813244E+004
    128  5.530379560833882E+002  9.767464181071264E+004
    129  4.889800413242134E+000  6.507333568293769E+002
    130  1.192508489553125E+002  2.113925546898931E+004
    131  3.260009211609367E+002  4.420882806546476E+004
    132  5.296217931319641E+001  7.648022554518939E+003
    133  2.663519560999925E+002  3.548699851074765E+004
    134  1.903649736619784E+002  2.457266607841356E+004
    135  2.287713997960878E+002  3.779160795664215E+004
    136  3.436041547426747E+002  6.012373493076833E+004
    137  1.664090618971474E+002  2.494179540215425E+004
    138  2.809515875247827E+002  4.226567626218941E+004
    139  3.105704248704535E+002  5.277105387404564E+004
    140  2.123133219256132E+002  3.521874523970607E+004
    141  7.871560148496516E+001  1.221224013684393E+004
    142  8.645327004797826E+002  1.200621799387183E+005
    143  3.198976692470451E+002  4.632493793743855E+004
    144  5.204346854372911E+002  7.671084298004137E+004
    145  1.421410822066622E+002  2.288300392925470E+004
    146  2.710761440856188E+000  2.781901807147256E+002
    147  3.672274599123303E+001  4.871746883797906E+003
    148  2.031599435162584E+002  3.380983657077109E+004
    149  7.148392024780572E+002  1.178197649602276E+005
    150  1.088621898191749E+002  1.323945464383418E+004
    151  4.571701276208643E+003  7.808987240979049E+005
    152  1.710223307249147E+003  2.624022216579958E+005
    153  2.106881457868386E+002  2.766897363716637E+004
    154  1.111531841288463E+004  1.732662931160987E+006
    155  4.866761498694873E+002  7.683190185407270E+004
    156  1.412642168198408E+002  1.938980640730800E+004
    157  5.512381939936869E+002  7.725575213148296E+004
    158  3.307325605803232E+002  4.595856317128950E+004
    159  7.020984773088522E+001  1.074742704959435E+004
    160  7.139189987234905E+002  1.036643911373389E+005
    161  3.930922352775971E+002  5.418904582879835E+004
    162  2.119177682898614E+001  2.519165945497408E+003
    163  4.877429055047586E+003  7.893199121846155E+005
    164  5.724364248581090E+003  8.709114148752573E+005
    165  5.151093801458964E+003  8.082069516386325E+005
    166  7.921721903274093E+002  1.258496175448534E+005
    167  6.505447909966864E+001  9.167592820211881E+003
    168  1.027453016135573E+002  1.483741874798088E+004
    169  2.862120210849831E+002  3.721414451830452E+004
    170  3.488900820481874E+001  5.109460990784003E+003
    171  5.262476008678335E+001  7.407907155403197E+003
    172  5.649653167673208E+002  8.759159584308334E+004
    173  3.434749625741038E+002  5.055856157787148E+004
    174  1.607722124366539E+002  2.218366559336463E+004
    175  1.764950768140561E+001  2.589357514983883E+003
    176  6.727839891286179E+001  9.085430296850524E+003
    177  5.282107439333365E+002  9.082192598262861E+004
    178  1.108944084779112E+000  4.914424585419490E+001
    179  1.668794201590686E+001  1.945753352321317E+003
    180  3.213086422158019E+002  3.989895629297589E+004
    181  3.290762735642162E+001  5.182388594320998E+003
    182  2.317462407356096E+003  4.107532481926177E+005
    183  4.369401354918198E+002  6.316476789869516E+004
    184  1.754660561528298E+002  2.337490783565049E+004
    185  1.749596227169077E+003  2.879102995765857E+005
    186  1.498880041346905E+003  2.568326007828699E+005
    187  4.616836854266386E+001  6.253249774907769E+003
    188  1.347392740183361E+003  1.731001542310412E+005
    189  5.501406689830041E+001  8.199720789911580E+003
    190  3.848964251383411E+002  5.710914019656754E+004
    191  1.693453235746482E+002  2.368792345570789E+004
    192  2.673449384220656E+002  4.128006423049292E+004
    193  1.055952318162574E+003  1.738681473923454E+005
    194  1.786709495195564E+002  3.073660234276683E+004
    195  5.372186976766291E+002  8.331580815739660E+004
    196  2.460853783268163E+002  3.271813667435166E+004
    197  5.316294874907541E+002  9.168877721428026E+004
    198  1.250758969530864E+003  1.799100103219717E+005
    199  9.510475150554422E+002  1.351428391125513E+005
    200  6.848843258144486E+000  9.876717800652956E+002
    201  1.448999375447631E+002  2.048508253091537E+004
    202  2.891586621261944E+002  4.031722079554035E+004
    203  8.378892332933140E+001  1.393450627023459E+004
    204  2.202171534315261E+002  3.616552874468224E+004
    205  2.541265553784624E+002  3.711297195606459E+004
    206  1.877389062502182E+002  2.794413385400857E+004
    207  5.944793664608707E+002  8.361720578210871E+004
    208  9.315388731153568E+001  1.168373682682100E+004
    209  6.130468581175128E+001  9.500674898627623E+003
    210  5.319459566927113E+002  9.649421030275036E+004
    211  2.326544337751437E+002  4.184581646620121E+004
    212  3.181218053587985E+002  4.223916576529144E+004
    213  2.325714632242150E+002  3.998814387137782E+004
    214  7.243887022939299E+001  9.821394404805111E+003
    215  7.826366127209775E+001  1.162277423086430E+004
    216  1.856850807081935E+001  2.346145395365924E+003
    217  2.957748396248192E+002  4.988715795603152E+004
    218  1.822070230631987E+002  2.362505351792747E+004
    219  2.172889644752740E+001  3.108548015512634E+003
    220  2.261052707720270E+001  3.015764826612355E+003
    221  2.569941805384683E+002  3.663091544006384E+004
    222  1.857010628616107E+002  2.826427004660977E+004
    223  5.405644853631624E+002  7.208617494982666E+004
    224  6.638011780749231E+000  8.402359810068532E+002
    225  9.674898434133448E+000  1.326553445520572E+003
    226  1.847611689589633E+002  2.769527603329392E+004
    227  8.464692125817528E+000  1.137978284987151E+003
    228  4.875823762745828E+000  6.525752205812825E+002
    229  8.388976084122511E+002  1.139578156169849E+005
    230  7.769183952382211E+002  1.219801734825235E+005
    231  9.792478844713574E+001  1.205953232343753E+004
    232  3.008195354243817E+003  5.377000481679058E+005
    233  5.088637289282566E+002  7.543006963581358E+004
    234  4.520371767831624E+001  6.214083021166964E+003
    235  8.828979903193680E+000  1.342288621968571E+003
    236  6.878701244545485E+002  1.010462940054257E+005
    237  1.308769686323324E+002  1.807902356814647E+004
    238  3.394116562756700E+002  5.083478386547638E+004
    239  1.954733951688703E+002  3.021032820738851E+004
    240  4.327538351363480E+002  7.090749577230767E+004
    241  5.142997677726476E+002  7.511066760736755E+004
    242  5.371017687229843E+001  7.124885721704661E+003
    243  2.048885109444923E+001  3.145587648187925E+003
    244  1.865475970083387E+002  3.239806962408384E+004
    245  7.642821376481278E+002  1.103233131126215E+005
    246  2.449428086746741E+002  3.537094720452383E+004
    247  1.800127273738899E+002  2.830818577412176E+004
    248  3.390475474829763E+003  5.147474887920053E+005
    249  7.013811502009236E+002  1.093920632766822E+005
    250  1.468477915844373E+001  1.893096256173429E+003
    251  3.902992802834626E+002  5.127915081081948E+004
    252  5.065210984274787E+000  5.405900290917954E+002
    253  1.601685006302555E+003  2.381646709091456E+005
    254  7.393398477163971E+002  1.054620521904194E+005
    255  7.237365845625511E+002  9.893439532093203E+004
    256  2.415700459666636E+002  3.794827877901923E+004
    257  4.053548347280710E+001  5.841294879486547E+003
    258  1.469525078083240E+003  2.280691220763419E+005
    259  5.342076939083712E+002  8.997076509502895E+004
    260  2.772843132827832E+001  3.469945718160991E+003
    261  7.496022596694641E+001  1.073011818897434E+004
    262  8.426454806214669E+001  1.279465239016198E+004
    263  2.965068300879734E+000  3.771329805251408E+002
    264  4.669499833483775E+002  7.474452792317432E+004
    265  9.697194325815952E+000  1.419473109978343E+003
    266  6.081305669899650E+001  9.544886265305899E+003
    267  3.053329338303661E+001  4.623377436055908E+003
    268  4.284273980829798E+000  5.706851735833144E+002
    269  1.675707270340377E+001  2.238675216074002E+003
    270  6.695758575506534E+001  1.053464820151134E+004
    271  1.816868566579144E+001  2.665264680384740E+003
    272  6.184392128491274E+002  1.010913830010159E+005
    273  1.619038189536512E+002  2.740735701144495E+004
    274  5.225509364352442E+002  8.820913287578254E+004
    275  1.043024677633463E+002  1.265425027591210E+004
    276  9.835228578562324E+001  1.644114467307292E+004
    277  2.267329462169836E+001  3.578584785093350E+003
    278  6.285772428213283E+001  1.018942315503184E+004
    279  3.363677600495226E+002  5.435648089133875E+004
    280  6.769836095141382E+002  1.205896448673320E+005
    281  3.273581563133537E+002  5.360407005958976E+004
    282  3.542506626478269E+002  4.881977261981274E+004
    283  1.954666963338048E+002  3.061460195405497E+004
    284  1.372831302570659E+001  1.918045072903075E+003
    285  1.980725898827047E+002  3.303064635938619E+004
    286  8.084878984694063E+000  1.303970280936926E+003
    287  4.648508357427862E+001  7.847861821599233E+003
    288  2.552566432458276E+002  3.659985743774403E+004
    289  3.908806566219366E+002  6.389405253965401E+004
    290  1.547482751574015E+003  2.655297291077029E+005
    291  3.160633988988304E+003  5.532274272602204E+005
    292  9.206352526691545E+001  1.452915468943950E+004
    293  4.721170306966344E+003  8.133580009124697E+005
    294  6.591250356499693E+002  1.032503237261795E+005
    295  2.499869152363004E+002  3.233748514948045E+004
    296  1.028327724792503E+003  1.441955867116126E+005
    297  1.584025100447748E+003  2.182369695205693E+005
    298  6.900849145577156E+003  1.228892746117150E+006
    299  1.038102158984111E+003  1.799359886858376E+005
    300  1.846806625025971E+003  2.628401365942017E+005
    301  2.036412965165835E+003  2.905758163066705E+005
    302  2.147455006688132E+002  3.252241956469434E+004
    303  2.778773996761378E+002  4.164309435216893E+004
    304  8.495231541376093E+001  1.089592624455521E+004
    305  5.479967756463213E+001  7.497097705274985E+003
    306  5.382908459629347E+002  8.396559844458918E+004
    307  5.194352666894858E+001  6.745158997655919E+003
    308  1.501981818575338E+003  2.332471245084701E+005
    309  1.201033564418986E+002  1.726642394134968E+004
    310  4.322192143345914E+002  6.708899750762577E+004
    311  3.757303601474916E+001  4.926557172661603E+003
    312  9.853189562940304E+001  1.284234484653571E+004
    313  1.464624090432429E+001  1.927097635144074E+003
    314  6.058023051917105E+001  7.962836053040610E+003
    315  1.475140766408651E+001  2.030437789229681E+003
    316  2.684220918985749E+001  4.051339933807508E+003
    317  7.006594837583850E+001  9.444637103626324E+003
    318  7.069206709399489E+002  1.090190765240277E+005
    319  9.324374260046241E+001  1.498907769245800E+004
    320  2.315089238293387E+002  3.233260697240801E+004
    321  1.047233862796909E+002  1.396284176120389E+004
    322  4.828307008267802E+001  6.432817466927513E+003
    323  3.678997532054117E+001  4.707128689339007E+003
    324  8.989557026986735E+001  1.243929566844105E+004
    325  2.170189580731972E+002  2.758697759964435E+004
    326  3.722352524202627E+002  6.218467067794021E+004
    327  1.211988949498033E+002  1.526447029339075E+004
    328  9.663816591601137E+000  1.364571348879961E+003
    329  9.278100600441601E+002  1.442865650903331E+005
    330  1.054743917695422E+003  1.451766603577335E+005
    331  2.765179895147669E+002  3.768480732373741E+004
    332  1.249000301941819E+002  2.162582614070757E+004
    333  5.518652065503230E+002  9.415004480210920E+004
    334  6.372821482268530E+001  8.252802752861853E+003
    335  3.942023449523052E+002  5.283760478659211E+004
    336  1.276782203091000E+002  1.770996117081895E+004
    337  4.180755398607053E+001  5.645833230673200E+003
    338  1.331428609334388E+002  1.873495322755261E+004
    339  3.785211886088645E+001  5.212880581315257E+003
    340  4.310278642016470E+002  7.261048244737984E+004
    341  7.347513328119965E+002  1.036659474156892E+005
    342  1.162158233129003E+001  1.653745288022635E+003
    343  3.392939269734991E+002  5.410919083689264E+004
    344  9.738598191397566E+002  1.666047749470829E+005
    345  6.948462438986209E+001  1.210843055815435E+004
    346  3.143906046988658E+003  5.486051152470657E+005
    347  6.388378036417780E+002  8.878745220190055E+004
    348  3.778002069031055E+002  5.282985314077072E+004
    349  1.013588780438331E+002  1.581989177378244E+004
    350  8.971546536533282E+000  1.301381299795412E+003
    351  1.010390980780249E+002  1.433081359728028E+004
    352  1.695137411180435E+002  2.376236138428772E+004
    353  1.463819848660268E+001  2.259730498899670E+003
    354  1.181264166013461E+001  1.616492564726158E+003
    355  1.113266118078972E+002  1.748024005966819E+004
    356  8.107204993023903E+002  1.248282816698875E+005
    357  1.796503520007051E+002  2.488957988203910E+004
    358  2.285952126578877E+003  3.396187517400411E+005
    359  2.731338637453408E+002  4.598420680460297E+004
    360  6.663345374165894E+001  8.873859921202989E+003
    361  4.492874610619504E+001  6.338414523860029E+003
    362  5.376216370481803E+000  6.714992372364278E+002
    363  1.105609891606112E+000  1.042597861195606E+002
    364  9.451965787289321E+001  1.591571946371382E+004
    365  1.016936047269365E+002  1.593123563118515E+004
    366  1.309157162963653E+001  1.783184704220769E+003
    367  1.775861398411083E+002  3.048498607674623E+004
    368  8.004897761706820E+000  9.940782447302319E+002
    369  8.574524444347217E+001  1.543011645541687E+004
    370  1.747094678551075E+001  2.332154992161248E+003
    371  5.620291886706146E+000  7.645271471970378E+002
    372  4.025330074185991E+001  6.484512309329649E+003
    373  6.235343722148109E+000  9.171001648592228E+002
    374  5.037814507149608E+002  8.697438939138605E+004
    375  3.150052201343703E+001  5.403993023343209E+003
    376  6.877168655080633E+002  1.194049247586586E+005
    377  7.226806543329587E+001  1.081314754632460E+004
    378  6.008141304794026E+002  8.934188868474930E+004
    379  4.459440421668760E+002  6.368090710515270E+004
    380  3.896929874546753E+002  5.835075533728445E+004
    381  2.631027970720079E+002  4.096165798891275E+004
    382  1.070264988291401E+002  1.493111812352040E+004
    383  4.462824759563762E+002  7.342738942545885E+004
    384  1.274106731116371E+004  2.140322221398995E+006
    385  4.150451212492273E+002  5.896936449403869E+004
    386  4.505028541301420E+003  7.118629181872454E+005
    387  1.205962482502038E+003  1.965053977764264E+005
    388  1.897012405586797E+000  2.368012829606486E+002
    389  1.145851539944774E+002  1.580629374081757E+004
    390  6.286927665602137E+003  1.114531354202080E+006
    391  1.511303868839825E+003  2.330279927633116E+005
    392  3.161676395712509E+003  5.119588830841020E+005
    393  7.250890202434754E+003  1.245146207278335E+006
    394  1.075539740998013E+002  1.623250492983981E+004
    395  1.662773380531233E+003  2.915471134876839E+005
    396  3.263480153401944E+002  5.475485200150705E+004
    397  7.943860466056988E+001  1.295570737663663E+004
    398  1.465943338197714E+002  2.414130148546987E+004
    399  4.337823145309607E+002  7.395967202466447E+004
    400  1.059406299949214E+003  1.677657940563592E+005
    401  1.475404493005543E+002  1.995108969683107E+004
    402  1.496888417824483E+003  2.426440756359312E+005
    403  4.196713942428313E+002  5.716887357811394E+004
    404  1.512794579981517E+002  2.432913737831665E+004
    405  6.262193618571176E+002  9.701606296700118E+004
    406  1.720462911278096E+000  2.443944187059495E+002
    407  2.645425188239396E+003  4.652537358536858E+005
    408  6.758725478047961E+000  1.093038822234176E+003
    409  3.998441422876195E+002  6.233834129485858E+004
    410  2.419152904384340E+001  3.859641286877501E+003
    411  2.612112263030655E+002  4.281240706097848E+004
    412  3.002895886961546E+000  4.140490948451991E+002
    413  6.414868498192326E+002  8.977569237296445E+004
    414  4.116347343130651E+001  5.470330059081946E+003
    415  9.372435330982431E+002  1.415340676674040E+005
    416  3.158628399725530E+001  4.972733544553584E+003
    417  1.950964298945101E+002  2.861830056442994E+004
    418  1.718804326765821E+004  2.064630601483546E+006
    419  2.801045397904511E+003  4.923208096374785E+005
    420  4.097018379922923E+001  6.350713803674121E+003
    421  1.978768808047550E+002  3.175952465062986E+004
    422  1.588015912550671E+003  1.995645694579969E+005
    423  1.594449886278264E+003  2.423302045931476E+005
    424  6.355617295827930E+000  8.692301825334506E+002
    425  4.575499174045732E+003  5.762113657207683E+005
    426  7.986122315687148E+002  1.052232967263771E+005
    427  1.314640952825715E+003  2.065299593320707E+005
    428  3.785310890735820E+000  5.430873600136420E+002
    429  8.447109021623772E+000  1.201319134982735E+003
    430  1.080082757608575E+003  1.773957346523826E+005
    431  5.500664446779732E+002  7.121916578008539E+004
    432  1.743543692041522E+001  2.617751569085135E+003
    433  7.534057772369133E+001  1.189564946595276E+004
    434  9.104051642609645E+002  1.504811480906271E+005
    435  1.576167662107674E+001  2.094690942937696E+003
    436  1.718269074075743E+003  2.517601568840514E+005
    437  1.201503801931481E+001  1.800880096933374E+003
    438  2.238087436382210E+003  3.379937556932507E+005
    439  1.438571104250829E+000  1.374433882271741E+002
    440  5.385670803944313E+002  8.932171548431089E+004
    441  1.760748682171982E+001  2.295999419523464E+003
    442  1.609861637251940E+002  2.595892831360997E+004
    443  1.250628590170148E+000  1.599508493198447E+002
    444  7.708925808278642E+001  1.028522455422553E+004
    445  8.460221928513307E+002  1.233128188535078E+005
    446  4.521408021432606E+002  7.240195928528033E+004
    447  8.551445026361913E+000  1.188779470847566E+003
    448  2.043228882220511E+002  3.389187851315639E+004
    449  1.404723088155127E+002  2.044991376736839E+004
    450  1.330789299244794E+003  2.395367050332981E+005
    451  1.077163302449842E+002  1.633328729399830E+004
    452  1.344171727489241E+003  2.348027778700168E+005
    453  2.110028226922541E+003  3.654804222154767E+005
    454  4.001542524418177E+003  7.288622795030734E+005
    455  5.130014173216009E+001  8.466847094956544E+003
    456  1.355918827897442E+003  2.450786189296666E+005
    457  1.141393809122439E+001  1.402847617208602E+003
    458  9.774640229698015E+002  1.729837798789109E+005
    459  2.847688211847354E+002  4.343535023173688E+004
    460  7.965224278430974E+002  1.432235464029640E+005
    461  8.979742472327963E+000  1.224994160611955E+003
    462  1.310645623311681E+003  2.053046378475836E+005
    463  1.393249284499570E+001  1.901985496258321E+003
    464  9.080406551651369E+002  1.455458582736585E+005
    465  1.766887465726894E+001  2.385585673530092E+003
    466  3.458145479295491E+002  5.394097595628305E+004
    467  1.834674604969613E+002  2.804788547815843E+004
    468  3.327730890980110E+002  5.403097662989314E+004
    469  7.345026685779628E+000  9.698487706311748E+002
    470  2.229129950687829E+001  3.007677305870319E+003
    471  1.599293412368405E+001  2.192302946268011E+003
    472  1.044339577076786E+003  1.779220698521451E+005
    473  5.669244997940989E+001  9.451440918285132E+003
    474  3.800736205641793E+003  6.808383869679580E+005
    475  2.623836779645189E+002  4.632606026890121E+004
    476  1.540657550432481E+001  2.350597814544050E+003
    477  6.512012006244911E+002  1.168492833430442E+005
    478  1.064024204770375E+002  1.804883399319973E+004
    479  1.834517756177115E+003  3.195888136631208E+005
    480  1.779624594288083E+002  2.889514685090959E+004
    481  2.154467091702934E+001  2.603363867436442E+003
    482  2.397179775666903E+002  4.000498975468267E+004
    483  3.922465896263860E+002  6.339460633167537E+004
    484  2.417903732566037E+001  3.714779243869143E+003
    485  7.586671062242740E+002  1.334067074257546E+005
    486  4.850659232116605E+001  5.736153010220095E+003
    487  6.470708680863748E+002  1.155776475212215E+005
    488  4.739568566961700E+000  5.824166169022261E+002
    489  4.143795700134274E+002  7.274150520130953E+004
    490  2.136174075887053E+000  3.323055323293710E+002
    491  2.982231725042765E+002  5.198549750840935E+004
    492  4.665907768461668E+002  6.939748134122686E+004
    493  1.371907357980206E+002  1.889344041905993E+004
    494  2.770569596509799E+002  4.522319943166685E+004
    495  3.604392941850293E+002  6.007383904470490E+004
    496  4.103811011022742E+000  5.718201244449410E+002
    497  2.313493441519483E+002  3.562474938612484E+004
    498  1.795128366098760E+002  2.947541102194394E+004
    499  7.046068897734267E-001  7.255341145909757E+001
    500  2.743199026460938E+002  4.688756735821618E+004
    501  9.248895866028627E-001  1.171722798252206E+002
    502  5.356809622102555E+001  7.327711491289730E+003
    503  1.118674665693103E+003  1.986681286994783E+005
    504  6.896986970105030E+002  1.163487058705183E+005
    505  4.827435394627325E+002  8.449395943772049E+004
    506  4.479784865390759E+000  5.815048670420883E+002
    507  8.890627205184734E+002  1.399874764519104E+005
    508  1.180397593699746E+001  1.809018772706561E+003
    509  8.717773974251042E+000  1.404459286345982E+003
    510  7.892827288756898E+002  1.375242268412193E+005
    511  3.429427734341771E+001  5.525702374461875E+003
    512  1.061272836450305E+003  1.884905745986332E+005
    513  2.052387592826811E+001  3.100990546286978E+003
    514  2.647228826009350E+002  4.519876771397348E+004
    515  6.463834730027831E+001  9.308022838577490E+003
    516  9.580903863004869E+001  1.584614612341004E+004
    517  1.728135536278543E+002  3.047216588912339E+004
    518  4.645015631817477E+002  8.022175826563612E+004
    519  4.574135196248574E+002  8.237754678489882E+004
    520  2.367038473649435E+000  3.316629477778768E+002
    521  4.738821093367593E+001  6.457324703994983E+003
    522  2.162320690426803E+001  3.421057732244677E+003
    523  1.691422931138678E+002  2.797132288324206E+004
    524  1.247982128779485E+003  2.265286227468595E+005
    525  6.336688854266838E+001  1.030011113664324E+004
    526  3.053519700088170E+001  4.508470652659199E+003
    527  4.628954453845797E+002  8.402029431122968E+004
    528  4.768232128040490E+001  6.888321839274756E+003
    529  2.426676541225711E+001  3.433666454774080E+003
    530  5.996263267591871E+002  1.028983633136097E+005
    531  5.864945476374545E+002  8.874494016002493E+004
    532  1.378477526043945E+002  2.182565252207510E+004
    533  1.730396416867315E+002  2.845157930003879E+004
    534  1.036175493996599E+002  1.652020485904201E+004
    535  4.882890516681594E+003  8.003197980606473E+005
    536  7.990498964115819E+002  1.089430168352868E+005
    537  1.052368726360745E+004  1.685480948636214E+006
    538  8.641951731009781E+002  1.143171442115306E+005
    539  1.015274949602563E+004  1.696236138244933E+006
    540  5.085970901502533E+002  8.143795988819491E+004
    541  1.503450877645189E+002  2.623743217899678E+004
    542  5.190880219625823E+001  7.214482924818308E+003
    543  1.596369663623802E+002  2.254625619261751E+004
    544  2.914164820639570E+003  4.042956312925934E+005
    545  2.195837624508591E+002  3.635530112820066E+004
    546  4.191833327986296E+003  5.787500308737500E+005
    547  5.602907426536643E+004  7.765142822526994E+006
    548  1.379625662932995E+002  1.926797468173230E+004
    549  2.496802975658630E+003  3.422905112921283E+005
    550  9.694105222070037E+002  1.667040887603544E+005
    551  3.313341689507287E+003  4.399244494410548E+005
    552  2.913352799256943E+003  3.346975442928959E+005
    553  4.094393821539143E+002  6.199481103496053E+004
    554  2.060346889968159E+003  2.873030756855312E+005
    555  6.446568398406637E+001  9.684603378647031E+003
    556  1.030055584117003E+001  1.239902631668002E+003
    557  3.119876372522084E+002  4.548866358652658E+004
    558  2.969627117100205E+001  4.303252745180523E+003
    559  4.319580142702436E+002  7.296618476481915E+004
    560  1.310436927437065E+002  1.835062514121824E+004
    561  2.897482302181081E+001  4.448121475317530E+003
    562  1.676006252319898E+001  1.900093875133850E+003
    563  7.877942961837635E+003  1.140712140693171E+006
    564  2.132667612853775E+002  2.855490312368938E+004
    565  6.015983084649552E+001  8.813582315246096E+003
    566  9.838357707404668E+003  1.346175634981570E+006
    567  2.340326267112351E+001  3.156550102500351E+003
    568  2.429737721964067E+002  3.784038392722999E+004
    569  1.323308343722806E+001  1.849486487091974E+003
    570  7.520361719788106E+002  9.847959218999949E+004
    571  4.448238161579987E+001  6.235318265652662E+003
    572  1.462329614029270E+002  1.941789962656937E+004
    573  6.718606505397148E+001  9.414503618189998E+003
    574  8.522943111995730E+000  1.297061970228355E+003
    575  6.115555542828301E+002  9.860955802209441E+004
    576  1.672901580647071E+002  1.919187128790615E+004
    577  3.499679540114405E+001  4.915139572792267E+003
    578  3.266332108264124E+001  4.846596808765707E+003
    579  1.374099954527614E+001  2.062979073512916E+003
    580  2.084546840337845E+002  3.039071257997316E+004
    581  7.877702104439898E-001  1.215328427728665E+002
    582  1.469850409039567E+002  2.244788038586428E+004
    583  1.913267376193426E+001  2.559785663476830E+003
    584  3.894243846886827E+001  5.628439904333990E+003
    585  1.460762798648650E+002  2.399727897733718E+004
    586  6.390118159536173E+000  7.823905301328587E+002
    587  8.702191864513338E+001  1.449009512280230E+004
    588  1.247598242280847E+003  2.120815583985075E+005
    589  1.964047875902375E+001  2.607954438734175E+003
    590  3.599112588965062E+000  4.527138439435330E+002
    591  6.388704502578411E+000  8.590444619166478E+002
    592  5.436522928825179E+002  9.328888017334766E+004
    593  3.689111414187723E+002  6.278945462701269E+004
    594  2.794462470497956E+001  3.901945485428297E+003
    595  1.500865895325112E+001  1.952645293178332E+003
    596  2.000350521642467E+001  2.840136565280875E+003
    597  2.667590610627541E+001  4.611021767294395E+003
    598  5.787904832389704E-001  6.383049392550044E+001
    599  2.840876398173814E+002  5.098125025582583E+004
    600  9.114005198682538E+001  1.647875207510512E+004
    601  8.206486540215261E+000  1.210900739980959E+003
    602  3.596554088867469E+002  6.202239471551093E+004
    603  2.830032907925802E+000  4.420962836455653E+002
    604  1.293556340399732E+002  1.853383088678175E+004
    605  3.405571489792008E+001  4.674248848631584E+003
    606  8.110406208835957E-001  1.052345814484099E+002
    607  2.705805477647421E+001  4.345423861640732E+003
    608  1.048798684261902E+001  1.461822065699487E+003
    609  9.717520759080860E+001  1.617623313203188E+004
    610  2.054815878562690E+001  2.885835210625006E+003
    611  2.714323303752691E+001  4.380177073806612E+003
    612  6.099654996177474E-001  8.525872703217023E+001
    613  2.902698346332399E+002  4.841453348002097E+004
    614  2.319655182062758E+000  3.203487583168133E+002
    615  1.341747747444656E+002  2.356965147807151E+004
    616  2.480201163423950E+001  3.539312010037864E+003
    617  8.138736474199757E+001  1.373639120205423E+004
    618  1.590161662536939E+002  2.594844375354038E+004
    619  5.386784946006716E+000  7.489931421251171E+002
    620  1.735058739333624E-001  1.691476141639886E+001
    621  8.975071133284770E+001  1.550392347246671E+004
    622  1.598375097077162E+001  2.178815815790548E+003
    623  6.171829938690666E+001  1.017721074317358E+004
    624  1.796466191862792E+001  2.461748292744777E+003
    625  4.878375939209649E+000  6.279903466505634E+002
    626  2.210286424647785E+001  3.783476236246983E+003
    627  4.335376725816699E+000  5.837191229088246E+002
    628  7.069497156136061E-001  7.994832814538049E+001
    629  5.754413208830292E-001  7.639185371977176E+001
    630  1.411614244505003E+001  2.151802321898338E+003
    631  1.374769793607765E+001  2.201491268222851E+003
    632  1.957210723131350E+002  3.445389940810810E+004
    633  9.432172218102503E+000  1.252090723591530E+003
    634  7.086650313139813E+000  9.774510112668289E+002
    635  2.201922594395629E+001  3.235013639001721E+003
    636  2.603617802588774E+001  3.759763870620867E+003
    637  1.633434423810021E+001  2.609317734383346E+003
    638  9.637574440490450E-001  1.354807651487426E+002
    639  5.882968667492776E+001  9.212554981646248E+003
    640  5.551502850201610E+000  8.474069752292741E+002
    641  1.544178339093179E+001  2.181216283931431E+003
    642  4.027244115763843E+000  5.269981498434942E+002
    643  4.302343490300734E+001  6.542011085653197E+003
    644  2.625314105805551E+000  3.415905797349976E+002
    645  3.442692344725892E+001  5.782622228046387E+003
    646  1.320036862824341E+001  2.087547031541687E+003
    647  1.596170762819161E-001  1.617077212383579E+001
    648  4.667124735644081E+000  6.694304660758584E+002
    649  6.402142207560148E+001  1.123102763417689E+004
    650  3.269034359740792E+001  5.622387889181065E+003
    651  3.977845573313636E+000  5.425551103679014E+002
    652  1.027264961742515E-001  6.096006805363348E+000
    653  1.393787988505730E+000  2.034026224988853E+002
    654  1.143160400874941E+002  1.929903962160930E+004
    655  6.592491590321191E+001  1.158490689514974E+004
    656  1.520737134938222E+001  2.064941365059984E+003
    657  5.188667595704761E+000  7.162366251193704E+002
    658  6.798345112643854E+001  1.057532014097631E+004
    659  7.707074989240841E+001  1.286119986785505E+004
    660  4.510491434122151E+000  6.204084141996342E+002
    661  1.347157384046233E+002  2.333228426508659E+004
    662  1.604608067100843E+000  2.297625183204983E+002
    663  2.016863053139250E+002  3.478118110462584E+004
    664  3.059216697070152E+000  4.355237960238985E+002
    665  6.090621837651852E+000  8.166233820838958E+002
    666  5.344054519058326E+001  7.571959730913586E+003
    667  6.627144553028585E+001  1.011675679234052E+004
    668  4.032023657523157E+000  5.975914320997801E+002
    669  1.789525577390121E+002  3.050199594238227E+004
    670  1.224952170804577E+001  1.714417070567744E+003
    671  3.819552194583981E+001  6.711694188710947E+003
    672  2.154797290463696E+001  2.918171936505687E+003
    673  1.929873406765174E+001  2.760329679126161E+003
    674  2.442119213065788E+001  3.365148469133583E+003
    675  1.660704737255586E+001  2.885946630525169E+003
    676  1.799018965316275E+001  2.831837435671881E+003
    677  3.716115373419153E+000  4.885383260737506E+002
    678  1.104818778465601E+002  1.864639230332886E+004
    679  5.370000431278293E+000  7.476855122569553E+002
    680  2.627232581681293E+002  4.127094822888097E+004
    681  1.045777738586661E+002  1.664129105386063E+004
    682  1.333524990576036E+001  1.826013570612125E+003
    683  7.778092815911589E+001  1.285656490929339E+004
    684  1.208483509799224E+001  1.652135669422809E+003
    685  4.500483523502640E+000  6.370151096217696E+002
    686  9.254539405477266E+001  1.465992965566748E+004
    687  1.424040869014719E+002  2.344327855104533E+004
    688  1.980215035058313E+000  2.556423552861620E+002
    689  1.156673353103906E+002  1.939403578544453E+004
    690  8.190553026247372E+001  1.333184029608210E+004
    691  1.297522858706159E+002  2.039905889004739E+004
    692  5.064980418388151E-001  5.524997519066437E+001
    693  1.398588888878578E+000  2.041756187988819E+002
    694  2.160452151734969E+002  3.369203983744132E+004
    695  1.270570200993589E+001  1.762083178812408E+003
    696  3.577653205060022E+000  4.838684207908423E+002
    697  1.365742021734353E+002  2.067160792336748E+004
    698  3.645821042134050E+002  5.548839627988092E+004
    699  3.857267950016815E+000  5.356663057277666E+002
    700  5.373503725551588E+001  8.057297032879124E+003
    701  2.876877216350785E-001  2.659965281033962E+001
    702  3.044337844858094E+001  4.680086622175818E+003
    703  1.880019023003410E+000  2.400113182253960E+002
    704  2.821632828276044E-001  2.696719434903085E+001
    705  2.284038164249408E+000  2.902266401971347E+002
    706  1.009003930711214E+002  1.740800374536603E+004
    707  4.289990485614477E+000  5.784962414738851E+002
    708  1.660081413046952E+002  2.550255047186460E+004
    709  7.674505737197908E+000  1.066757010702930E+003
    710  2.448793322967113E+002  4.171110993503441E+004
    711  2.351919914460109E+000  3.600962267329842E+002
    712  3.119773430578228E+002  5.306231053490972E+004
    713  1.696775728508960E+001  2.364388277183562E+003
    714  2.766546884444225E+000  3.768933944209921E+002
    715  3.014889566530936E+000  4.136161331893336E+002
    716  1.389974279435138E+002  2.188853053629330E+004
    717  1.825942660646932E+002  3.052177855961125E+004
    718  4.310433283185693E-001  6.229371937937748E+001
    719  1.128975421496906E+002  1.838117048919209E+004
    720  5.325942829496189E-001  6.232071706315637E+001
    721  5.169365005427888E+001  8.962160867553997E+003
    722  3.306549273229356E+000  4.708444548773979E+002
    723  1.404126767975940E+000  2.410366494845731E+002
    724  1.209564308310593E+002  2.140050670037087E+004
    725  5.940252247918216E+002  9.651776726421987E+004
    726  8.598128714775041E-001  1.093667812063527E+002
    727  1.837227188473891E+002  3.049725398928969E+004
    728  1.472895225580632E+000  1.918778572855516E+002
    729  1.219174038447767E+000  1.553202949817835E+002
    730  7.033123483747745E+001  1.087817924238516E+004
    731  5.616664541251944E+001  9.693362852426177E+003
    732  3.901402274097266E+000  4.886273198627820E+002
    733  6.064891422215410E+001  1.047213923916396E+004
    734  2.228515221987385E-001  2.290724007836993E+001
    735  2.132755771237473E+000  3.532060037605345E+002
    736  3.262645797417073E-001  3.581969161092879E+001
    737  1.561246317176104E+001  2.680803000652058E+003
    738  5.817871623509556E+001  1.003610933240286E+004
    739  3.076115794816165E+000  4.915993433080121E+002
    740  1.061740571192215E+000  1.775618760687006E+002
    741  2.659247681495697E+002  4.738426853910744E+004
    742  7.082828895938647E+001  1.093411430872395E+004
    743  3.354569329643631E-001  4.766288340849992E+001
    744  6.601899133591842E+000  8.946219796837750E+002
    745  1.173354114959880E+002  1.898940860766646E+004
    746  4.325331356695255E+001  7.232919266528222E+003
    747  1.815909029484305E+000  2.730431263742953E+002
    748  3.640019387737846E+001  6.452080942813955E+003
    749  6.609051470152518E+001  1.053834363813458E+004
    750  7.633445095729531E-001  1.045612656432489E+002
    751  4.409138177225072E+001  7.749986458891730E+003
    752  1.940294173646997E-001  1.769534214111476E+001
    753  7.087137625497282E-001  9.720006970297963E+001
    754  3.383896659213144E+000  4.667558733256956E+002
    755  5.024157334548780E+001  8.497903920553124E+003
    756  4.871019890185055E+001  7.882235057566787E+003
    757  2.986840084705852E+001  4.437833475831606E+003
    758  2.760151347970156E+000  3.644418288477639E+002
    759  3.736185701416940E-001  5.278300695103930E+001
    760  5.075986223344378E+001  8.810357296604760E+003
    761  2.149098492994044E+000  2.895458860478979E+002
    762  9.369952146061367E+001  1.611628511018098E+004
    763  1.094043999997981E+002  1.863831533737228E+004
    764  2.465990013113840E+000  3.475063860844493E+002
    765  4.377753147752836E+002  7.613730867682279E+004
    766  2.404255781564342E+000  3.777011371851178E+002
    767  2.733023508458671E+000  3.603164545806350E+002
    768  2.570643349293493E+002  4.260730562102727E+004
    769  1.915197926881224E+002  3.210112992520840E+004
    770  3.694511929345151E+000  5.034382801560898E+002
    771  8.151735526797735E+001  1.347362742673467E+004
    772  1.938698727778915E+002  3.099524892502392E+004
    773  3.495414452544275E-001  4.400695001740753E+001
    774  5.840578265665498E+001  8.749003280463001E+003
    775  5.998410064207053E-001  9.561079955486292E+001
    776  1.222471046390517E+000  1.486131620597800E+002
    777  6.587456208863038E+002  1.175751611515783E+005
    778  4.705909750840510E+002  8.357631705773291E+004
    779  1.245622571189452E+000  1.707999284632449E+002
    780  6.906652211944498E+001  1.168099525437215E+004
    781  4.467360651973385E+000  6.320788120974172E+002
    782  5.991215662199560E+000  8.226073365981611E+002
    783  5.926590794997617E+002  1.042325002226374E+005
    784  2.014558236138535E+002  3.393918367667698E+004
    785  6.074664107585103E+002  1.054249151691898E+005
    786  2.902906397131128E+000  4.011256407092696E+002
    787  8.822510232611682E+000  1.221949085423983E+003
    788  8.216711597232159E-001  1.118262829360190E+002
    789  9.782531586363537E+001  1.648083043902765E+004
    790  6.837431301392368E+000  9.526882974941560E+002
    791  2.339591871845125E+002  3.995810448447386E+004
    792  3.477540560796477E+000  5.377797328083824E+002
    793  6.404580817780082E+001  1.072174499773191E+004
    794  3.767386403188264E+000  4.989482204084124E+002
    795  1.746933776689940E+002  3.120796466445864E+004
    796  2.882658345027659E+001  4.593121977429385E+003
    797  5.172339861004083E+001  9.025564521518334E+003
    798  8.713937393982016E-001  1.317662041616174E+002
    799  8.990789801565529E+001  1.474342618169932E+004
    800  1.124553977014265E+001  1.655578862765364E+003
    801  3.569321970089084E-001  5.181357879456155E+001
    802  1.153156137056963E+002  1.876043705775691E+004
    803  5.089420479815426E+001  8.813193092202424E+003
    804  5.231845946015750E+000  7.195675195001462E+002
    805  1.750610730613661E+000  2.508509693373226E+002
    806  2.195844331677055E-001  2.144201431937181E+001
    807  1.384099418716604E+002  2.389738420688573E+004
    808  4.817485391437054E+001  8.336347555258184E+003
    809  2.992826850522382E+000  4.023968416058644E+002
    810  4.586479751909098E+002  8.281921813663734E+004
    811  7.055150356391766E-001  1.000550900256019E+002
    812  8.987814881448570E+001  1.601085642021672E+004
    813  5.721050792733452E+002  1.023066194174703E+005
    814  4.278560907906773E-001  4.787256299460126E+001
    815  6.960998585687082E+000  1.046108130374460E+003
    816  6.131147837328691E+002  1.107021801496203E+005
    817  2.475339580550210E+002  4.433781459733396E+004
    818  1.789641894468597E+000  2.703408043771131E+002
    819  1.088333036399065E+000  1.761469805631512E+002
    820  6.682734440046339E+001  1.156370507633250E+004
    821  9.273251143927068E+001  1.599968077467842E+004
    822  6.380505789304721E+001  1.098708126972155E+004
    823  1.427523196536405E-001  1.430264482225567E+001
    824  9.238187838070669E+001  1.650797251704047E+004
    825  1.295238124888403E+002  2.266112443036626E+004
    826  1.540823371027264E+002  2.604406849900799E+004
    827  3.990873261625647E+001  6.613157297800812E+003
    828  2.625167750688858E+000  3.905968001002666E+002
    829  2.736679536805025E+001  4.634383881107915E+003
    830  1.110971018540224E+000  1.629512920545735E+002
    831  5.793878131000115E+001  9.913081915585992E+003
    832  7.012138908302809E+001  1.206699135769968E+004
    833  2.081918863182967E-001  2.483545244867765E+001
    834  7.958133908584065E-001  1.030281080658157E+002
    835  5.074207163742270E+001  8.069668878973371E+003
    836  1.853570964883946E+002  3.247894176048896E+004
    837  2.437911459963694E+000  4.184986451456518E+002
    838  3.307707394810247E+001  5.126985504074797E+003
    839  1.016788569544265E+000  1.388169634807975E+002
    840  1.237991809034360E-001  8.282295300290157E+000
    841  3.235236512470935E-001  3.460889943044079E+001
    842  2.633719620731632E+002  4.666709606500706E+004
    843  3.674544460856272E+001  6.067134063911599E+003
    844  1.351153035207728E+002  2.322384536918669E+004
    845  5.748306048405944E+000  8.479228153075870E+002
    846  3.485427526155953E+000  4.584808436513884E+002
    847  9.360314722577888E+001  1.509284610275949E+004
    848  1.636067416257302E+002  2.550871369537042E+004
    849  3.562672192406751E+000  5.000813948965474E+002
    850  1.451933722246607E-001  1.192610202662005E+001
    851  4.325299456670459E+001  6.654247104950688E+003
    852  4.689853638614941E+000  7.050941239104432E+002
    853  4.380283451733185E+001  7.820534093682814E+003
    854  1.407786761024653E+002  2.489120332065954E+004
    855  5.693358712914912E+001  8.818386058781060E+003
    856  1.562258681180019E+000  2.657019342756918E+002
    857  1.016635883914927E+000  1.616438429057721E+002
    858  1.363380587428525E+002  2.445833241793689E+004
    859  2.984433084366591E+000  4.512419090604817E+002
    860  7.043347228637971E+001  1.261352000508246E+004
    861  1.215295777364983E+000  2.004540734447625E+002
    862  4.108860554417801E+000  5.560177748714669E+002
    863  8.573973086576879E+001  1.536586557563191E+004
    864  2.578826435717354E-001  3.348990352584320E+001
    865  5.616166492966661E+001  9.982369550326575E+003
    866  1.345133811002623E+002  2.117764669258729E+004
    867  1.334064123478494E+000  2.143213099223227E+002
    868  1.126730575897033E+002  1.947078100162178E+004
    869  3.076684577111055E-001  3.828669997768575E+001
    870  4.466706806609179E+002  7.153306870682836E+004
    871  3.761206585574845E+001  5.831241313700434E+003
    872  3.792030978928466E-001  5.963829051226663E+001
    873  4.976614107322381E+001  8.373164178756228E+003
    874  2.808222090793570E-001  2.954772060062806E+001
    875  9.363324099346791E+001  1.441541588356704E+004
    876  8.958979731021428E-001  1.199269431505213E+002
    877  1.180404320294532E+002  1.888286960666281E+004
    878  8.639411643656454E-001  1.074860064689173E+002
    879  7.888334996475749E+000  1.187697377392578E+003
    880  3.247131726888058E+001  5.306066772866424E+003
    881  1.717995249654768E-001  2.231169278772050E+001
    882  1.269726597513240E+000  1.904572681402537E+002
    883  1.277489977952896E+001  2.190155609077979E+003
    884  3.148501399410389E+001  5.183088435545301E+003
    885  5.767502570872490E-002  1.711317955390661E+000
    886  1.318264665791503E+002  2.217191662682048E+004
    887  6.963167712162128E+001  1.097559127923069E+004
    888  1.045998385562536E+000  1.365803948409038E+002
    889  1.996345182987963E-001  2.700578680288694E+001
    890  1.049093187465655E+002  1.719208485844560E+004
    891  6.015089737853118E-001  9.863080826950579E+001
    892  1.032045275893491E+002  1.730637474519365E+004
    893  3.060062358419525E+000  4.104443291906985E+002
    894  1.757155287883669E+001  2.792299968352358E+003
    895  1.891157664812228E+002  3.320733242849347E+004
    896  2.269417694592142E+001  3.644917582817454E+003
    897  2.535779561919636E+002  4.224590973127918E+004
    898  1.820492335570675E+002  2.960714761184071E+004
    899  2.230830508296500E+001  3.147567463831165E+003
    900  1.078367954496395E+000  1.599114579009800E+002
    901  1.823579535940858E+000  2.326837280124201E+002
    902  2.313918619499358E+002  4.087646255851679E+004
    903  3.868956224620288E+001  5.581189676705463E+003
    904  4.981536885154434E-001  7.405950017779625E+001
    905  1.967333184741115E+002  3.055575134460878E+004
    906  8.824495197068611E-001  1.338667903501229E+002
    907  6.074701937744518E+001  9.469726133841343E+003
    908  2.120668371070067E+000  2.657606417999972E+002
    909  1.885816905665401E+002  3.334798315067907E+004
    910  1.038388043138335E+001  1.406011843829848E+003
    911  3.613359118074608E+002  5.797242728087564E+004
    912  7.225538519340692E-001  9.716464710162086E+001
    913  9.033896081722808E+000  1.489255658573312E+003
    914  1.836765714729531E-001  1.962552312497705E+001
    915  5.156837811345850E+000  7.563031607987522E+002
    916  3.157650750309920E+001  5.393938068661085E+003
    917  4.345728258655355E+001  6.943739670822139E+003
    918  1.444692021175871E+002  2.502298437472160E+004
    919  4.157936134715519E+001  6.273750789755803E+003
    920  1.665652876023136E+000  2.208251948427965E+002
    921  2.058515665529103E+001  3.495724675679732E+003
    922  7.685354421543160E+000  1.160703042066597E+003
    923  6.540111011319381E+000  9.551644632956982E+002
    924  2.451487552544698E+002  4.199681728391416E+004
    925  1.008835084890297E+000  1.285754269319656E+002
    926  1.257365497967501E+002  1.718787200168766E+004
    927  6.450150892818132E+000  9.038987998777989E+002
    928  2.772907954924984E+002  4.406548041994397E+004
    929  3.313195438424989E+002  5.309786847350916E+004
    930  3.314533057215113E+002  5.169472558843010E+004
    931  2.602870397269693E+000  3.626960808756630E+002
    932  2.862616276497643E+001  4.486324986525950E+003
    933  2.583616084706716E+000  3.830102617788741E+002
    934  2.226616669499446E+002  3.960937154567094E+004
    935  1.015196564153741E+000  1.322537135905867E+002
    936  3.473537619038296E+000  5.714441987718191E+002
    937  2.970573568015984E+002  4.661825155791350E+004
    938  6.799739888584071E+001  1.176631987576754E+004
    939  1.616810873949632E+000  2.103735521605642E+002
    940  7.626386271791483E+001  1.287789929471059E+004
    941  1.367184227008327E+000  2.231885955478534E+002
    942  6.650564388879189E+001  1.132844273777946E+004
    943  1.642757934566319E+001  2.720122580393866E+003
    944  5.166848867218801E+001  8.518706483847016E+003
    945  5.133571625241715E+001  8.340482426296083E+003
    946  4.947729854806562E-001  7.018429499600417E+001
    947  1.743287766900028E+002  2.793809266199783E+004
    948  7.698895872276782E+001  1.334818777306069E+004
    949  3.950770662414562E+000  5.833746810713557E+002
    950  3.705697127380351E+001  6.053768313579349E+003
    951  2.443706787311698E+000  3.688635618227000E+002
    952  1.258745149245518E+002  1.967158154117414E+004
    953  5.130553092609857E+000  8.523264172693447E+002
    954  4.543071776492957E+002  8.251691424336995E+004
    955  1.714114113781322E+002  3.116681340500296E+004
    956  1.647627027335976E+000  2.919089727483606E+002
    957  1.888487144106805E+000  2.603831710563655E+002
    958  1.326369496957396E+002  2.407504766732026E+004
    959  8.564618140372960E-001  1.259609607001295E+002
    960  9.082410840555332E+001  1.627954140430898E+004
    961  1.671671991514196E+000  2.366419447668869E+002
    962  4.631839211766920E+001  7.574410389637030E+003
    963  5.570301781340419E+000  7.669463438811139E+002
    964  2.112287012885317E+002  3.808128625317977E+004
    965  4.780774376541059E-001  7.796370045258215E+001
    966  4.892656133114508E+002  8.858962022474722E+004
    967  3.370477842627335E+001  5.103726519617908E+003
    968  5.454363494112165E+001  8.663487696285893E+003
    969  3.257148919604516E-001  4.347487796702949E+001
    970  2.443540605849323E+002  4.222757573256832E+004
    971  4.923256948822718E-001  7.346206280413234E+001
    972  6.689371124084033E+001  1.158428597593066E+004
    973  2.389755739952257E+002  3.862544227266525E+004
    974  6.931114522085070E-001  9.647095764076543E+001
    975  2.106129042794987E+001  3.401781125443911E+003
    976  5.439284699159447E+001  9.329714349765271E+003
    977  1.602639898445763E+001  2.542805584808695E+003
    978  5.606872201971016E+000  9.476114139849445E+002
    979  8.848625936281367E+001  1.445802155028466E+004
    980  1.496521172042654E+000  2.281795160936919E+002
    981  2.542387865510802E+002  4.603098502254690E+004
    982  4.714085275854663E+000  7.386888865725042E+002
    983  2.571418582475211E+001  3.910168721528843E+003
    984  2.635245647125090E+001  4.141361239355839E+003
    985  3.572769078972421E+000  5.583591758378316E+002
    986  4.443240036368947E+001  7.787919747518184E+003
    987  1.305779693005222E+000  1.746223633610140E+002
    988  2.862960805129559E+001  4.908035923266983E+003
    989  2.380473887954037E+002  4.269070495406344E+004
    990  2.511610678252463E+000  3.227402592480577E+002
    991  5.379995502986876E+002  9.524457496976717E+004
    992  1.316783344950331E+002  2.110789240900245E+004
    993  1.273897364013331E+000  2.051616745685396E+002
    994  4.049843243168090E+000  5.306125428088518E+002
    995  6.260528560167823E+001  8.598274954079016E+003
    996  8.918064294509204E-001  1.493646104499105E+002
    997  2.642996044550498E+002  4.662679699728962E+004
    998  4.767350961164801E+002  8.054975843912251E+004
    999  2.176386158755543E+000  3.891891373030826E+002
   1000  2.234332730857144E+002  3.635549416287318E+004
   1001  6.011001756177246E+002  1.038513034463600E+005
   1002  6.154514169508277E+000  9.974838956890858E+002
   1003  1.436844322193515E+000  2.144690584621149E+002
   1004  5.136444485163549E+000  6.871961008538656E+002
   1005  9.532864405823769E+001  1.603187405814307E+004
   1006  3.988764338841158E+002  6.439817860609214E+004
   1007  6.253823656549993E-001  9.258030167572785E+001
   1008  1.634155917951752E+002  2.548371527958939E+004
   1009  1.894536905447142E+002  2.964011560597939E+004
   1010  2.860572780107522E+000  4.011595826566943E+002
   1011  7.939292485742349E+001  1.211722820476369E+004
   1012  1.380699480469954E+000  1.977477267010172E+002
   1013  7.072292969095928E+001  1.201300883264094E+004
   1014  4.183703938068454E+001  6.327722268450765E+003
   1015  1.090458594155122E+000  1.918876183711770E+002
   1016  2.073915506707507E+002  3.614386400294554E+004
   1017  2.933816851712324E+000  3.774388825695691E+002
   1018  2.112034562003455E+002  3.683518098765922E+004
   1019  1.250290189257262E-001  1.544982873288452E+001
   1020  2.998376424659533E+002  5.387769517054052E+004
   1021  6.286065892040487E+001  1.110424016029294E+004
   1022  1.428655850344670E+002  2.526874602731364E+004
   1023  7.792122983990610E-001  9.289020131630407E+001
   1024  5.732428441279695E+002  1.002882742904174E+005
   1025  1.556271514500343E+000  2.169046093550402E+002
   1026  2.184910575598144E+002  3.642036135714030E+004
   1027  3.435596571579719E+002  5.773873427623176E+004
   1028  5.772016191331146E+000  7.755178979505148E+002
   1029  4.299976855338387E+002  6.572834902619738E+004
   1030  1.461751996585109E-001  1.768517090321710E+001
   1031  2.400671366469770E+002  3.952117784649605E+004
   1032  1.383222656229242E+002  2.193875110453897E+004
   1033  3.584765099550921E+002  5.381253475183793E+004
   1034  1.071809181110473E+002  1.831374708296609E+004
   1035  3.030427497426730E+000  3.971716087369683E+002
   1036  3.978511075227896E+002  5.407974652231167E+004
   1037  4.545663293582268E-001  6.087562087884266E+001
   1038  1.538716488997224E+003  1.836922038963576E+005
   1039  1.703191692060913E+003  2.553412286355098E+005
   1040  8.025550999597870E+000  1.137172995869496E+003
   1041  1.531337420807254E+003  1.877723698220300E+005
   1042  1.312834049850792E+003  2.341801344680116E+005
   1043  3.232052896477891E+000  4.154286057897525E+002
   1044  8.933010111110432E+002  1.441374702303702E+005
   1045  6.693532391707031E+002  1.145345610365050E+005
   1046  1.725176889929916E+001  2.610974549613176E+003
   1047  2.310735091892374E+003  2.841222982431382E+005
   1048  2.239501488318122E+003  3.264620574712782E+005
   1049  3.082680770931564E+000  5.035416617551878E+002
   1050  6.374200950238476E+002  1.042024520145893E+005
   1051  3.325853922254726E+000  4.312422135029219E+002
   1052  3.014152973353548E+003  4.944293992790485E+005
   1053  5.405626179022519E+002  7.578805740176774E+004
   1054  2.208962840587645E+000  3.004328086455847E+002
   1055  8.236577157910176E+002  1.446526500449911E+005
   1056  6.848798124983383E+000  1.140948041289211E+003
   1057  6.366593528784218E+002  1.038280480454840E+005
   1058  1.134398478679748E+003  1.852267649064058E+005
   1059  9.695672599357252E-001  1.565972745310930E+002
   1060  3.023010707824695E+003  4.703171407964497E+005
   1061  4.730651355280288E+002  7.003464006371111E+004
   1062  7.163316698372289E+002  1.140686496489397E+005
   1063  1.343441860210087E+001  1.941917274144465E+003
   1064  2.016614427467219E+002  2.918405027684204E+004
   1065  4.634836489149658E+000  6.762437800523838E+002
   1066  1.060357439015761E+003  1.868065321179896E+005
   1067  1.795443496168026E+003  3.005489216073774E+005
   1068  7.996889255356043E+000  1.095782196719405E+003
   1069  2.955099632989591E+003  4.349264673052261E+005
   1070  2.221802825988513E+004  3.437672728135280E+006
   1071  1.464781196586554E+003  2.488508712532417E+005
   1072  3.752724440172815E+003  5.036003799514637E+005
   1073  1.259433389224824E+000  1.921630926204185E+002
   1074  6.740511335788296E+003  1.137426776665109E+006
   1075  5.516067347944655E+002  7.602698756302797E+004
   1076  1.122459029004515E+002  1.944811077254856E+004
   1077  2.880972669413729E+001  4.501605015710003E+003
