# dt =   1.000000000000000E-004
# j, New nj, Rate of change (1/s)
      1  3.521989040028750E+001  3.105780522271492E+004
      2  2.306840453962949E+002  2.805855435076992E+005
      3  1.838278852881462E+001  1.365897355430531E+004
      4  6.379117239714184E+001  5.483552649060803E+004
      5  1.289480346420977E+002  9.706129078166303E+004
      6  1.704022942879980E+001  1.183093468697940E+004
      7  1.207427442740275E+003  9.248156267324231E+005
      8  6.000705615537549E+002  4.596909067590305E+005
      9  9.494930779383118E+001  1.055885203706194E+005
     10  8.334190276633193E+001  6.966709688078029E+004
     11  6.379054293707959E+001  4.791608237500232E+004
     12  4.609092898607106E+001  4.070385203636406E+004
     13  4.869380708726921E+000  2.641366099411518E+003
     14  1.033173802615387E+002  8.254228775751688E+004
     15  4.986846689069677E+000  2.738059288213401E+003
     16  4.311317884883200E+002  3.633189389825827E+005
     17  7.509017935557887E+001  6.103081778152939E+004
     18  2.100874791941731E+002  1.601660589403279E+005
     19  3.815206568046210E+000  1.873066079738474E+003
     20  6.534859752896566E+001  4.840485880385615E+004
     21  1.954346081064269E+001  1.316628926858312E+004
     22  2.515675536452028E+001  2.267712004638890E+004
     23  6.458686174364323E+002  4.940106438415474E+005
     24  4.890336148977960E+002  3.725023757160308E+005
     25  3.475482763321673E+000  1.709672896957707E+003
     26  3.692642991015369E+001  2.908210925966784E+004
     27  5.288629725438016E+002  5.670426271033247E+005
     28  1.984845662508139E+001  1.613120161226748E+004
     29  2.643806815546089E+002  2.440825793429018E+005
     30  9.757528528153200E+000  6.352696071190188E+003
     31  1.173994334222095E+002  9.030633596422915E+004
     32  1.141526944155641E+002  9.725007565392002E+004
     33  3.011263692864601E+001  2.470668867209475E+004
     34  1.587305319891715E+001  1.116003413465408E+004
     35  1.088407413020428E+002  1.197046904112199E+005
     36  3.699989710558845E+001  2.649518028045245E+004
     37  6.657819821329043E+001  6.644653678710177E+004
     38  4.799044389054229E+002  3.721233782693880E+005
     39  5.540339943354468E+001  5.173641346457193E+004
     40  7.582641720120876E+001  7.771128695012898E+004
     41  4.224443773320825E+001  4.498907702318830E+004
     42  2.822868498130908E+001  2.590088444199776E+004
     43  2.324608778369371E+001  1.769283200416199E+004
     44  5.678699429297272E+001  6.205446480972814E+004
     45  3.271586045992472E+001  3.231680215797521E+004
     46  2.552607557735785E+001  1.919685519532606E+004
     47  1.284828875172470E+000  1.689110490212877E+002
     48  2.294914795480016E+001  2.023419134375276E+004
     49  7.365377840211419E+000  5.831836657440900E+003
     50  8.956980901598063E+000  7.103695476508920E+003
     51  6.696184732884406E+001  7.592999790510582E+004
     52  1.683670426839596E+001  1.525719786240059E+004
     53  1.599916470723407E+001  1.273703637682809E+004
     54  3.815585420741822E+001  3.940270046012605E+004
     55  7.173992137891130E+001  7.059583331945953E+004
     56  1.333483646750158E+000  2.380964416137907E+002
     57  5.617759539455452E+001  5.637901968862430E+004
     58  1.714798260280135E+002  1.304941954303656E+005
     59  2.438374507939170E+000  1.281779190698666E+003
     60  1.721332431724811E+002  1.725259669520723E+005
     61  5.568705007176202E+000  3.345552316883345E+003
     62  1.348889435288216E+001  1.009557277032146E+004
     63  1.309772092602465E+001  9.977444048703495E+003
     64  2.713857279769778E+002  2.104882384933688E+005
     65  6.873554714264116E+002  7.460592974129269E+005
     66  4.252229442139858E+001  3.185851939540197E+004
     67  1.296264735795234E+002  1.268960810569327E+005
     68  1.084848853718358E+001  7.712892940051887E+003
     69  3.099814089250726E+001  2.797215137716786E+004
     70  1.690871907822087E+002  1.805353449447560E+005
     71  1.836399638820814E+002  1.955054777733261E+005
     72  5.105228682322624E+000  2.978570484609643E+003
     73  4.970481901000974E+001  5.317801138721148E+004
     74  3.003971291895032E+001  2.322263507895268E+004
     75  7.245218153596660E+000  4.713016658092472E+003
     76  6.182769188813021E+000  4.101453550457822E+003
     77  9.398016172770836E+000  7.052059874299020E+003
     78  1.231239691663924E+001  9.128445661278516E+003
     79  4.769442221183484E+001  4.640085610449388E+004
     80  1.262148934802374E+002  1.388780296016033E+005
     81  1.515118471853208E+001  1.373638372056762E+004
     82  2.026182148015525E+001  2.080089568428689E+004
     83  7.488406213964112E+000  6.695900418922497E+003
     84  7.279856295976476E+000  5.017751989549415E+003
     85  6.559998645088372E+001  4.845578179144070E+004
     86  1.792470085106245E+002  2.019545539239235E+005
     87  2.612007212476208E+000  1.809584830522748E+003
     88  4.098796475308603E+000  2.563961395864821E+003
     89  2.983645780779338E+001  2.535736038609387E+004
     90  2.678992997359060E+002  2.961520002725951E+005
     91  1.200248806032529E+002  1.226312956505088E+005
     92  5.418142808796448E+001  5.065615827546146E+004
     93  1.121352852576292E+001  1.108733373548629E+004
     94  5.027770347693262E+001  5.379147686019909E+004
     95  4.654719174944569E+001  3.489739391206529E+004
     96  1.500901989829252E+001  1.088437239573580E+004
     97  3.944931921762938E+001  3.816256594843952E+004
     98  3.948955227287252E+001  4.422274949926319E+004
     99  4.192074400584012E+000  3.206799138030015E+003
    100  1.083188653383134E+002  1.179041763698666E+005
    101  2.273030028435198E+001  1.764576884187083E+004
    102  4.491886561690690E+001  4.598602006530925E+004
    103  2.836648187274858E+002  3.259324935176998E+005
    104  8.984097396879953E+000  6.244808414411665E+003
    105  3.914828332171960E+001  4.557592277442771E+004
    106  2.311275282652310E+001  1.759259739694126E+004
    107  5.381218547988022E+000  3.430796862694416E+003
    108  4.496321794581964E+001  4.256775585521825E+004
    109  1.461755296922994E+001  1.084827548930512E+004
    110  4.353913683375786E+001  4.508796034299734E+004
    111  9.393018963155257E+000  7.451825353768113E+003
    112  1.238858285318845E+001  1.138553455493989E+004
    113  1.218426724782055E+001  1.215983203562590E+004
    114  2.660023043159684E+002  2.011266920372770E+005
    115  5.322612085464174E+001  5.344165680527622E+004
    116  1.327251517830110E+001  1.001997249611226E+004
    117  4.261554508976040E+001  3.694004695441676E+004
    118  7.541127247737600E+000  5.405255854779308E+003
    119  2.598586445653797E+001  2.096481966610092E+004
    120  4.187165402507375E+001  4.152284304547266E+004
    121  1.330429923577735E+001  9.506712845457156E+003
    122  2.032303354018793E+000  8.966515598888262E+002
    123  4.442443712000643E+000  2.898848799023470E+003
    124  1.063287279835577E+000  1.499439542864656E+002
    125  2.317931316558207E+001  2.332222796330141E+004
    126  1.827827190190719E+001  1.822448382129878E+004
    127  5.645929179454729E+000  4.908690985452956E+003
    128  1.781865738535706E+001  1.879671424037678E+004
    129  1.870537551715798E+000  7.495354143253775E+002
    130  9.531264718242193E+000  7.644544444640091E+003
    131  2.618293464570938E+001  1.945631126468039E+004
    132  1.154457888955646E+001  8.476612588555850E+003
    133  2.229522468353111E+001  1.631317098669998E+004
    134  2.114581123698939E+001  1.505827431099707E+004
    135  1.921718226592268E+001  1.765184856183035E+004
    136  1.464274930902449E+001  1.418504781432477E+004
    137  2.114866623699431E+001  1.583527332003010E+004
    138  1.925015900490509E+001  1.519252894746660E+004
    139  1.464868493857731E+001  1.481257423547443E+004
    140  9.833109012490489E+000  9.663892493284808E+003
    141  1.028516585354085E+001  7.606553746172999E+003
    142  7.617311255214514E+001  5.806433995674681E+004
    143  2.661504937491319E+001  2.060865219763490E+004
    144  3.411966193530978E+001  3.166927298520680E+004
    145  6.823511976884431E+000  5.684217688602767E+003
    146  1.011902795875305E+000  1.256220095285593E+002
    147  4.560257211661260E+000  2.784106003301109E+003
    148  2.328278874080794E+001  2.046152780579677E+004
    149  3.485687320452361E+001  3.322832833056818E+004
    150  1.152124659586633E+001  7.917240765743724E+003
    151  1.089334028620513E+002  1.226804476029206E+005
    152  5.673463858644448E+001  5.889658551333482E+004
    153  2.000152074381105E+001  1.457220674951130E+004
    154  3.498472442801942E+002  4.017935571062018E+005
    155  2.991992645348699E+001  2.867133999633648E+004
    156  1.756247135399892E+001  1.276944994462729E+004
    157  2.534728491474448E+001  2.296329320653570E+004
    158  2.577287892409394E+001  1.947723864019560E+004
    159  3.472867435553317E+000  2.858155456592385E+003
    160  4.165035377444515E+001  3.560411150799963E+004
    161  3.793625849773596E+001  2.864544183487054E+004
    162  3.255370034394700E+000  1.793809021264319E+003
    163  1.539498395730337E+002  1.745288173780741E+005
    164  1.801723583926518E+002  1.949949078392454E+005
    165  1.513800489688012E+002  1.699214763274746E+005
    166  2.580228725851142E+001  2.529176385507801E+004
    167  6.443914738644286E+000  4.442805608583665E+003
    168  1.231734260352402E+001  8.785738969870223E+003
    169  1.895180213778901E+001  1.489856806837543E+004
    170  3.209239626466137E+000  1.966695126050149E+003
    171  3.967482644620079E+000  2.589282779271492E+003
    172  1.341043257779408E+001  1.384397805372101E+004
    173  1.119390386850304E+001  1.072968712555722E+004
    174  1.424595927878138E+001  1.046400257716554E+004
    175  1.619493388588566E+000  8.211046427160780E+002
    176  6.003885474247951E+000  4.035271489045763E+003
    177  2.581065353214905E+001  2.622046286516328E+004
    178  8.221313541387393E-001  4.497809527683949E+001
    179  2.286388678215098E+000  1.153672954246608E+003
    180  1.989435493601571E+001  1.592574142334441E+004
    181  2.329483768028032E+000  1.388785687178395E+003
    182  7.767261783266780E+001  8.495720088988009E+004
    183  3.293825185343267E+001  2.547041238807575E+004
    184  2.064799264479432E+001  1.481809424883134E+004
    185  5.876104573032431E+001  5.844285441056948E+004
    186  4.560042097991478E+001  5.013610803599080E+004
    187  5.142006626987453E+000  3.369941451960639E+003
    188  4.787226728135809E+001  4.326052776739973E+004
    189  6.339338030817017E+000  4.497181238511455E+003
    190  2.307856480817591E+001  2.204873956098398E+004
    191  1.133544189276093E+001  8.315448546805330E+003
    192  1.868037045931095E+001  1.669081776903517E+004
    193  3.445285501582016E+001  3.577102067651394E+004
    194  6.670892202135788E+000  6.275169376275985E+003
    195  2.504783878620594E+001  2.114628218021474E+004
    196  1.846405488275189E+001  1.378101146403455E+004
    197  3.015706248027340E+001  2.722230220498856E+004
    198  3.464890989315118E+001  3.572902426128102E+004
    199  8.068699727675245E+001  6.278375626079781E+004
    200  1.761779008618783E+000  7.884743869256866E+002
    201  7.964038752830366E+000  6.444891282571553E+003
    202  2.315435584132503E+001  1.763745363624956E+004
    203  4.323794604977103E+000  3.922150059460505E+003
    204  1.037420994327217E+001  1.048942287265941E+004
    205  3.643039818887344E+001  2.789080477124049E+004
    206  1.520091748519651E+001  1.292655480546205E+004
    207  4.779641698182355E+001  3.714521847552342E+004
    208  1.193669162090796E+001  8.420542375700243E+003
    209  2.906434785204047E+001  2.331021399431370E+004
    210  1.727106192903859E+001  1.818585459503306E+004
    211  1.800196312867510E+001  1.612033751861732E+004
    212  2.858046708513636E+001  2.127325511878224E+004
    213  7.045343632751787E+000  6.895051583712752E+003
    214  8.487392949346773E+000  5.888302952133003E+003
    215  1.461904745122669E+001  1.065327251847298E+004
    216  2.728376477118537E+000  1.594207573867709E+003
    217  2.444994541266225E+001  2.049091339260754E+004
    218  1.632300485051137E+001  1.177672855191309E+004
    219  1.086768430391968E+001  7.474193877741090E+003
    220  2.120023668022540E+000  1.110869898524840E+003
    221  2.334516140414279E+001  1.756821769724061E+004
    222  1.669853156543721E+001  1.442962651096448E+004
    223  1.460423790713180E+001  1.375192945380887E+004
    224  1.412961983149327E+000  5.394522813098359E+002
    225  1.440753674278140E+000  5.782801454626926E+002
    226  1.157339714843532E+001  1.001715075610053E+004
    227  1.521745649382690E+000  6.424287064377944E+002
    228  1.017856490295964E+000  2.596608253292079E+002
    229  7.513529320190172E+001  5.679425696915334E+004
    230  3.886581748793654E+001  3.746052389462422E+004
    231  1.282324091837237E+001  8.931856843739977E+003
    232  8.879836203035813E+001  9.937252839780734E+004
    233  2.117135569867331E+001  2.021969871771134E+004
    234  4.533370558047672E+000  2.959297855958169E+003
    235  1.084829708074993E+000  3.659745715112119E+002
    236  3.743226561950723E+001  3.471188929453569E+004
    237  1.031663873578631E+001  7.533425715811419E+003
    238  1.075467245451231E+001  1.058876992282322E+004
    239  1.563526339831228E+001  1.216879566389607E+004
    240  1.259642694141153E+001  1.249077395130660E+004
    241  2.566625163494447E+001  2.280480411826577E+004
    242  5.214652551667711E+000  3.472641791858367E+003
    243  1.969115971359953E+000  1.123716233571287E+003
    244  1.112526937456973E+001  9.827234702866112E+003
    245  3.722597644917417E+001  3.385155154835365E+004
    246  1.798462626289803E+001  1.371427391258675E+004
    247  8.295884437204624E+000  8.064603125912953E+003
    248  1.561578729646585E+002  1.525028906253459E+005
    249  4.784663040602033E+001  4.227288220134380E+004
    250  2.723795436416806E+000  1.541886721640058E+003
    251  2.724570755086157E+001  2.064995580589809E+004
    252  1.102412204167430E+000  3.637737647462359E+002
    253  7.390422269240864E+001  6.916683639461380E+004
    254  1.885956051415165E+001  1.674103608049343E+004
    255  6.405541886220011E+001  4.853396558179343E+004
    256  9.921239910703006E+000  9.682361676611263E+003
    257  3.780476623772664E+000  2.490142871829314E+003
    258  7.069128640897729E+001  7.124797957340402E+004
    259  1.616929900949612E+001  1.681358937355866E+004
    260  3.501845253423642E+000  2.134591049192019E+003
    261  6.800362797894326E+000  4.947493199887253E+003
    262  1.196488587585224E+001  1.114693214370140E+004
    263  7.684579882433846E-001  1.365284197031768E+002
    264  2.529860308401974E+001  2.511171268666838E+004
    265  1.466903623945494E+000  7.826509952935594E+002
    266  7.318669057960128E+000  6.039774199595347E+003
    267  4.040209046796553E+000  2.895341550940666E+003
    268  1.548483498867417E+000  7.236872596367856E+002
    269  3.204033940295885E+000  2.124566955177645E+003
    270  7.139533242625661E+000  6.007580709477170E+003
    271  2.225703541109662E+000  1.356642266270860E+003
    272  2.598142601792209E+001  2.736765066486615E+004
    273  1.157649104686752E+001  1.053530471842511E+004
    274  2.312160303493523E+001  2.389728928265811E+004
    275  1.332217454416942E+001  9.397725521082795E+003
    276  4.415158911838653E+000  3.958409088901306E+003
    277  1.992909271126734E+000  1.171289375868806E+003
    278  3.939508874847311E+000  3.051003954853562E+003
    279  3.431948440481231E+001  3.072921071101236E+004
    280  1.743109277452437E+001  1.963641495119634E+004
    281  1.683171084466645E+001  1.424586738871249E+004
    282  2.909666212285086E+001  2.189717983380684E+004
    283  1.423001090849010E+001  1.280260726390095E+004
    284  1.466126234697253E+000  6.954570211604363E+002
    285  2.140907945860907E+001  1.870032456426872E+004
    286  9.965605331652634E-001  3.727610760816765E+002
    287  3.595154213508742E+000  2.780874357545938E+003
    288  2.123678263377219E+001  1.751067108309524E+004
    289  2.981320083596172E+001  2.502370253806699E+004
    290  1.533777221204386E+002  1.378197184185570E+005
    291  2.498709413488084E+002  2.363247138419358E+005
    292  4.547470161852811E+001  3.453887942625891E+004
    293  1.349859931028937E+002  1.525226298468729E+005
    294  6.105755195430949E+001  5.287149298834361E+004
    295  3.990200830251619E+001  2.874364216597571E+004
    296  6.178814319996175E+001  5.099818500645488E+004
    297  8.695338538379681E+001  7.075203508658454E+004
    298  4.838808128794918E+002  4.657541359487860E+005
    299  1.105035480153823E+002  9.647740715884365E+004
    300  4.685965978268963E+002  3.806119065167397E+005
    301  1.889158734234000E+002  1.447810537286781E+005
    302  1.366828572545699E+002  1.067890746832073E+005
    303  1.056575749220529E+002  8.904584482948501E+004
    304  8.838205009265739E+000  6.235886414394859E+003
    305  5.160628262464432E+000  3.569294747646363E+003
    306  5.501900370982153E+001  4.614077491814125E+004
    307  5.402129704004365E+000  3.634570873668199E+003
    308  1.735278188452104E+002  1.501585433814096E+005
    309  1.280175458068283E+001  9.427277523538738E+003
    310  3.776186923039786E+001  3.409880575793281E+004
    311  1.561804550752408E+001  1.210435104805154E+004
    312  2.138426981809105E+001  1.620125028802511E+004
    313  3.506786313252775E+000  2.187366118833238E+003
    314  6.281885472016859E+000  4.300193887891224E+003
    315  1.560213713462996E+000  8.216852688716602E+002
    316  1.202462444560691E+001  9.015002140324430E+003
    317  6.110797223460907E+000  4.248168069062730E+003
    318  3.382828239292122E+001  3.335218471496728E+004
    319  1.054475000757986E+001  9.217601996096570E+003
    320  2.049973694959179E+001  1.533967667841606E+004
    321  1.174691605782949E+001  9.577614150777104E+003
    322  3.352675298007690E+000  2.449202708703697E+003
    323  3.742163771411860E+000  2.395318640808089E+003
    324  9.128350340486417E+000  6.506815254083281E+003
    325  1.639104518816915E+001  1.234870564093557E+004
    326  4.529557834605952E+001  3.803589070890850E+004
    327  1.420456758867991E+001  1.041701383061968E+004
    328  1.492383774635062E+000  7.233992181514958E+002
    329  4.313768691901838E+001  3.994735977918373E+004
    330  9.200822036486120E+001  7.004827464222380E+004
    331  2.362285468573131E+001  1.776327887689635E+004
    332  2.469379386817484E+001  1.926798138513854E+004
    333  1.715650573116163E+001  1.735859288932060E+004
    334  5.778079477268030E+000  3.942749545203396E+003
    335  6.505832776268211E+001  5.388063764685867E+004
    336  1.115903642281885E+001  8.213580843103360E+003
    337  3.604063980315356E+000  2.477027911071649E+003
    338  1.164932915146109E+001  8.613000187947264E+003
    339  3.557781428242953E+000  2.340083499567590E+003
    340  1.325293786947340E+001  1.404034871369552E+004
    341  3.472619388537056E+001  3.262908749277244E+004
    342  1.242329888355574E+000  5.913972786013655E+002
    343  1.733079548086022E+001  1.690038505265845E+004
    344  6.725935506929348E+001  5.950354368464351E+004
    345  2.481395266714880E+000  2.182285986613319E+003
    346  9.278569041688354E+001  1.011628668486158E+005
    347  5.632576463872511E+001  4.283898174444204E+004
    348  3.295618256403965E+001  2.516116054411699E+004
    349  6.676373287500231E+000  5.776858063976643E+003
    350  1.143593062366737E+000  5.406987481422420E+002
    351  5.569583123142550E+000  4.974652708272371E+003
    352  1.469266177777861E+001  1.098735764499006E+004
    353  2.364013209859218E+000  1.585721539222982E+003
    354  1.575670539229956E+000  8.498711250467741E+002
    355  9.060891387938595E+000  7.844310960087907E+003
    356  3.937849251258098E+001  3.763008555430638E+004
    357  1.483949607658013E+001  1.110427289363308E+004
    358  1.831298998773122E+002  1.605038010336657E+005
    359  1.506336497158684E+001  1.459769704184829E+004
    360  5.870920895617199E+000  4.612403928932912E+003
    361  4.158354830886934E+000  2.885821710119348E+003
    362  9.211299289592039E-001  3.477785524974523E+002
    363  5.438036381289003E-001  6.725377347231310E+001
    364  7.351756572987634E+000  6.317324697919260E+003
    365  5.291426816012467E+000  4.890290171820491E+003
    366  1.452930664040822E+000  7.846749544420392E+002
    367  8.596709806397650E+000  8.103807143246361E+003
    368  1.266440595532782E+000  6.042788263800888E+002
    369  3.601015044657805E+000  3.479016979773036E+003
    370  1.952620884565487E+000  1.147671779668931E+003
    371  9.816627853285873E-001  4.148267229697589E+002
    372  7.888849795433070E+000  6.175890753487281E+003
    373  8.260808155414662E-001  3.293256930126234E+002
    374  2.426478847823516E+001  2.256831298663138E+004
    375  2.509954473081985E+000  1.844660213127431E+003
    376  1.987629692198350E+001  2.176312607988338E+004
    377  5.515968378090585E+000  4.349911957531683E+003
    378  5.734070522579212E+001  5.080116997185935E+004
    379  5.100518577784349E+001  3.913991051864948E+004
    380  4.293698981716511E+001  3.658454034536719E+004
    381  5.902431979448146E+001  5.067656098243953E+004
    382  9.699942756213877E+000  7.129137899489565E+003
    383  4.361991861762225E+001  3.789194706517667E+004
    384  7.852158543975202E+002  7.229438116189372E+005
    385  3.367277136517378E+001  2.587749354853484E+004
    386  1.404558609627175E+002  1.346183118098935E+005
    387  1.266557801828949E+002  1.029762598854195E+005
    388  4.760265565941147E-001  6.932642227971893E+001
    389  1.094687691357873E+001  8.036631358910035E+003
    390  6.378654239872923E+002  5.596696645031370E+005
    391  1.341874588536855E+002  1.130812678341984E+005
    392  5.008181078378191E+002  4.192615267872526E+005
    393  1.846443074858602E+002  2.081654221371332E+005
    394  9.921395361387066E+000  7.432598787340496E+003
    395  6.368354765878705E+001  6.510973916294020E+004
    396  4.844410575957566E+001  4.284896045141615E+004
    397  1.219172572963740E+001  1.104017636167443E+004
    398  8.745324263172821E+000  8.349667125989350E+003
    399  2.294688062225785E+001  2.176526534124953E+004
    400  3.255076945304477E+001  3.386072217605713E+004
    401  1.410777283512389E+001  1.042852087467622E+004
    402  1.347062108978354E+002  1.238346986458491E+005
    403  3.938122329848638E+001  3.055738433981102E+004
    404  2.319332495554452E+001  1.892495112051588E+004
    405  7.727144736666597E+001  6.313740528895938E+004
    406  4.161136712927978E-001  6.838870722831176E+001
    407  7.964949338407138E+001  8.552171440402079E+004
    408  7.796195976623407E-001  3.987801060298482E+002
    409  1.886513371754583E+001  1.731891513315025E+004
    410  2.585795684038904E+000  1.835732768235765E+003
    411  2.379580678383808E+001  2.089963836999643E+004
    412  5.392124178551647E-001  1.771354800478832E+002
    413  3.712757819785232E+001  3.210918182970703E+004
    414  2.632316806951700E+000  1.930108230588321E+003
    415  3.847179984795312E+001  3.454442809871064E+004
    416  2.074542672654714E+000  1.565318159651402E+003
    417  2.010886500413989E+001  1.540400399551555E+004
    418  1.049997851582813E+003  8.112255249293186E+005
    419  1.502788661218552E+002  1.492681750294534E+005
    420  3.277852817653664E+000  2.429349278243221E+003
    421  3.107327665592317E+001  2.690960359211026E+004
    422  1.698684608514674E+002  1.283105721337375E+005
    423  7.226328446307051E+001  6.766224454621006E+004
    424  7.908036086729262E-001  3.661904369840969E+002
    425  1.206301514437194E+002  1.004611439237693E+005
    426  3.102217281106528E+001  2.732363654429941E+004
    427  1.690634561317982E+002  1.439248199098897E+005
    428  6.938000597360272E-001  2.949020819877285E+002
    429  1.583671249065463E+000  9.954204278012994E+002
    430  8.693308285438516E+001  7.579330975962433E+004
    431  3.599113346502440E+001  3.081456315138620E+004
    432  4.813009260366880E+000  3.851580362015082E+003
    433  1.762813121113876E+001  1.499860832378893E+004
    434  6.688844332097948E+001  5.888882020194386E+004
    435  2.110804023527291E+000  1.404196712762501E+003
    436  3.151444050562636E+002  2.695398971778922E+005
    437  1.534673932361168E+000  1.041858241164740E+003
    438  1.169561730407261E+002  1.155330242593563E+005
    439  5.262417589153666E-001  1.710044394076274E+002
    440  3.275430454981000E+001  3.156205743965664E+004
    441  1.982069196519203E+000  1.244472374434932E+003
    442  9.568190873205916E+000  9.551367651583862E+003
    443  3.564615127183929E-001  4.217565381391022E+001
    444  6.943908684180494E+000  5.069804146208284E+003
    445  2.796414271676564E+001  2.703555288247159E+004
    446  3.207147255714646E+001  3.047948740137450E+004
    447  9.853648176122468E-001  5.434310339303721E+002
    448  3.481641912138477E+001  2.856520401547199E+004
    449  9.391916548342252E+000  7.305685451390512E+003
    450  6.822778842414070E+001  6.623780347346382E+004
    451  6.545171455971756E+000  5.257501416107773E+003
    452  2.389094142383132E+002  2.085569170666833E+005
    453  9.316563182441962E+001  9.399094829105523E+004
    454  2.201268114497201E+002  2.315206844768088E+005
    455  1.821884701182121E+001  1.571365191415020E+004
    456  1.127625983155244E+002  1.087532992946142E+005
    457  1.385663246751395E+000  8.301600999590270E+002
    458  9.003464098419555E+001  8.409167534367331E+004
    459  4.085479416589001E+001  3.328451169291510E+004
    460  4.289222034778399E+001  4.392643026083563E+004
    461  9.878040346974043E-001  5.479278621163821E+002
    462  5.312682283487678E+001  5.651081733455317E+004
    463  1.864152772035554E+000  1.178842919030315E+003
    464  5.683129866206249E+001  5.321300371946693E+004
    465  1.804793544298535E+000  1.155721576945389E+003
    466  7.381382763175615E+001  6.311684173902382E+004
    467  1.381627700088148E+001  1.233844821967681E+004
    468  3.200503649419497E+001  2.753202457720857E+004
    469  1.224736162593482E+000  6.932976066502779E+002
    470  2.395420767111146E+000  1.623887471717090E+003
    471  1.777671135761259E+000  1.142172724753509E+003
    472  3.109890510181474E+001  3.519150874827317E+004
    473  3.599738391246083E+000  2.962145952751345E+003
    474  1.040867742826055E+002  1.170780999937600E+005
    475  4.945571396323501E+001  3.945657533129199E+004
    476  1.616963848766665E+000  1.073877894435400E+003
    477  2.647438640136818E+001  2.678206881898439E+004
    478  2.908998960641913E+001  2.349534447986477E+004
    479  4.606183821288340E+001  5.131762185453705E+004
    480  1.289059670866192E+001  1.110427722935462E+004
    481  3.107837962459313E+000  2.050205490499891E+003
    482  2.386924057005529E+001  2.182063402109273E+004
    483  1.890735483737860E+001  1.812400140011725E+004
    484  2.070002187679256E+000  1.494511068858733E+003
    485  6.582655023139375E+001  6.040996903711085E+004
    486  7.112524145640147E+000  4.997829538623725E+003
    487  3.481987178884840E+001  3.520814453238263E+004
    488  9.798501473685458E-001  5.065374041709810E+002
    489  1.792263971593776E+001  1.888954760144717E+004
    490  5.321420044702531E-001  2.103333434311203E+002
    491  5.649675140783700E+001  4.532369835601840E+004
    492  2.694276643381909E+001  2.440633029999998E+004
    493  1.160310884300211E+001  8.734702109893853E+003
    494  1.508440041207506E+001  1.467594425770816E+004
    495  1.496613323324850E+001  1.500967995080903E+004
    496  5.808165785031087E-001  2.600961682598915E+002
    497  2.572332162812457E+001  2.398117628918032E+004
    498  1.561904493084876E+001  1.446962540784064E+004
    499  3.033465797892140E-001  2.619938417642153E+001
    500  1.309464736741013E+001  1.237207127187364E+004
    501  3.030674293028656E-001  2.898358187193124E+001
    502  4.765371309854385E+000  3.476598674681908E+003
    503  3.122986126594448E+001  3.454586153214479E+004
    504  3.448770107945995E+001  3.346505223560210E+004
    505  3.850138562252072E+001  3.646905464895457E+004
    506  6.471490850619925E-001  2.905934355091192E+002
    507  4.493572575340576E+001  4.559488394465480E+004
    508  1.002555365088943E+000  6.357030025202149E+002
    509  7.485936883276346E-001  4.387306568133538E+002
    510  2.992332768351151E+001  3.114353035894480E+004
    511  2.144242342565186E+000  1.667947661592681E+003
    512  2.821821333361254E+001  3.247882265783000E+004
    513  2.342139964444304E+000  1.866386962749109E+003
    514  1.190221674760991E+001  1.165823672696202E+004
    515  4.746803559851752E+000  3.822772323818508E+003
    516  7.308053060011299E+000  6.252880696381079E+003
    517  9.189871541355258E+000  9.131894035408079E+003
    518  2.682581748484471E+001  2.845544862426446E+004
    519  2.238721971240302E+001  2.335813584616215E+004
    520  5.644419389724706E-001  2.846067411323779E+002
    521  4.763564754350000E+000  3.402700377760330E+003
    522  1.494025187284689E+000  1.052242701606879E+003
    523  6.859200746021890E+000  7.057315474126989E+003
    524  3.311533356583895E+001  4.129468515136033E+004
    525  9.911383303898253E+000  7.774106238731839E+003
    526  2.751828155961125E+000  1.977368599844374E+003
    527  1.141546690640464E+001  1.364539517335971E+004
    528  4.037892445781369E+000  2.953432914720453E+003
    529  2.215710108043207E+000  1.519814797962845E+003
    530  7.457903943556279E+001  6.209716052202105E+004
    531  7.228089072294728E+001  6.098355734332607E+004
    532  1.052130223865857E+001  8.420681216545121E+003
    533  2.439824935406955E+001  1.932778522118097E+004
    534  7.916095637974481E+000  7.327643023568532E+003
    535  1.488945055542203E+002  1.737765022009457E+005
    536  6.396071535539892E+001  4.884860477424740E+004
    537  3.825322440353928E+002  4.342471552242651E+005
    538  4.204640617984404E+001  3.590950513695250E+004
    539  7.795799217637007E+002  6.813762006095733E+005
    540  1.352953297749044E+001  1.412455217932315E+004
    541  1.171843203010438E+001  1.015014918365842E+004
    542  4.894012936068576E+000  3.683774336336033E+003
    543  2.804266216653588E+001  2.314257492526073E+004
    544  2.611957566283685E+002  1.998633891091071E+005
    545  1.349962544874963E+001  1.254103419843100E+004
    546  3.694742988873509E+002  2.826984392213656E+005
    547  4.875582667828811E+003  3.742388228937276E+006
    548  6.246026158075718E+001  5.153412951139620E+004
    549  2.022345282531737E+002  1.555477893713380E+005
    550  2.401328253326874E+001  2.802193997386172E+004
    551  2.380178020535432E+002  1.828857926474689E+005
    552  1.747611804144751E+002  1.352634059913372E+005
    553  5.581365318991024E+001  4.732196074528917E+004
    554  1.855498994144202E+002  1.422827790425070E+005
    555  7.322339775858726E+000  5.570603960544780E+003
    556  4.275308856179829E-001  2.775473591951166E+002
    557  1.645023890031050E+001  1.541628280713357E+004
    558  2.965550567568812E+000  2.234171795757156E+003
    559  1.012288907548572E+001  1.128489918053688E+004
    560  1.104301704036356E+001  8.482099394408804E+003
    561  4.119490263620365E+000  3.088143594427498E+003
    562  6.579945068079763E-001  4.401874737337384E+002
    563  2.304250178962347E+002  2.219968234802128E+005
    564  1.507846146903576E+001  1.160580377205278E+004
    565  6.227883065100433E+000  4.758489055856165E+003
    566  3.129010365219472E+002  2.838042807977164E+005
    567  2.103645695069797E+000  1.556360656074939E+003
    568  1.885280574555259E+001  1.659203068287272E+004
    569  1.392139191110173E+000  1.008558362357455E+003
    570  2.284204014648650E+001  1.886909369520245E+004
    571  3.928269297491068E+000  2.985923957713803E+003
    572  3.798502643763505E+001  3.057439323436161E+004
    573  5.863162830546798E+000  4.472642937839809E+003
    574  1.434735650071072E+000  1.028354016832801E+003
    575  1.897078333880291E+001  1.910730029746838E+004
    576  1.801638138572568E+001  1.438745092349694E+004
    577  3.458281702927172E+000  2.575729858648449E+003
    578  1.274897363726956E+001  9.855370836913144E+003
    579  1.528116898828301E+000  1.127948875432304E+003
    580  2.030692777593453E+001  1.612642606044577E+004
    581  1.282669965923764E-001  4.858496626074287E+001
    582  2.496468823525072E+001  1.742871271990770E+004
    583  1.951305230095053E+000  1.418330635682772E+003
    584  2.893149932618186E+000  2.232617200955226E+003
    585  1.597822925756171E+001  1.251120089746027E+004
    586  3.823196704119773E-001  2.414229945338194E+002
    587  5.231576831642766E+000  4.922692466015493E+003
    588  5.646745248299028E+001  5.631682195352227E+004
    589  1.643512987607148E+000  1.198247688713353E+003
    590  4.547363749912499E-001  2.861419740704920E+002
    591  5.838033512094415E-001  3.984569643122824E+002
    592  4.094009746175698E+001  3.871236230757781E+004
    593  3.946407518407102E+001  3.561759092633897E+004
    594  2.624783667730023E+000  1.963373085302239E+003
    595  1.362362515242644E+000  9.786919613846868E+002
    596  1.515865357494658E+000  1.143163786415486E+003
    597  8.634886366303620E+000  7.089885269657595E+003
    598  8.102117308206289E-002  1.045157392440980E+001
    599  8.348949292736116E+000  8.999227333956429E+003
    600  5.299579364580380E+000  5.296315302914743E+003
    601  6.756420632438271E-001  4.871685069417324E+002
    602  1.681657839132313E+001  1.636930860938984E+004
    603  2.502490339852437E-001  1.573225547931442E+002
    604  6.387295850996450E+000  5.875485651206654E+003
    605  3.128381949601112E+000  2.334865861822658E+003
    606  1.634969112814834E-001  7.239457698100864E+001
    607  7.086625483283112E+000  6.066038506341734E+003
    608  9.280547751337552E-001  6.651986109013377E+002
    609  5.154672649052572E+000  4.819477253832581E+003
    610  1.871800470771540E+000  1.389915894250947E+003
    611  5.554273607758563E+000  4.734277581964011E+003
    612  1.037459104597586E-001  3.087960558801147E+001
    613  7.619697029999230E+000  8.147693963279820E+003
    614  2.571156598943236E-001  1.502488042359874E+002
    615  4.743948619769197E+000  4.908365837230417E+003
    616  2.091253934488363E+000  1.578299377856601E+003
    617  1.203714968915730E+001  1.049086407539258E+004
    618  1.115971156803582E+001  9.813754787362459E+003
    619  4.970083654783511E-001  3.358163229421601E+002
    620  8.054879307808627E-002  1.052175143820681E+001
    621  6.964825016847718E+000  6.144490216154168E+003
    622  1.618294796151391E+000  1.173010771919680E+003
    623  6.750257720642012E+000  5.889601174591105E+003
    624  1.752657909295215E+000  1.282785796374797E+003
    625  5.182237226275055E-001  3.423130169650444E+002
    626  3.294894395480598E+000  2.739258446638676E+003
    627  4.130825661157539E-001  2.679443171285620E+002
    628  9.895203508859299E-002  2.448192387938342E+001
    629  1.000301667834009E-001  2.844625281394843E+001
    630  3.088403699731887E+000  2.413950542787806E+003
    631  2.336333092935913E+000  1.941507081918316E+003
    632  5.528477217407671E+000  6.190342277841792E+003
    633  9.265362009935503E-001  6.507925832410027E+002
    634  7.125382180266725E-001  4.944481392516918E+002
    635  2.802313399266875E+000  2.200273226510559E+003
    636  2.127170486562661E+000  1.651108303563839E+003
    637  1.423565969123145E+000  1.219113187687326E+003
    638  1.421065739285359E-001  5.960702070066515E+001
    639  3.471867822986781E+000  3.213101798050333E+003
    640  4.659164893451802E-001  3.260929241802949E+002
    641  1.318734741646702E+000  9.799257328798238E+002
    642  4.130306764877439E-001  2.633728228312195E+002
    643  1.960735229047137E+000  1.866095632125813E+003
    644  2.828120827757495E-001  1.680491965058109E+002
    645  2.392302965366748E+000  2.236833156260677E+003
    646  1.199580067891582E+000  1.004203669723258E+003
    647  7.103482758793343E-002  4.228426022586595E+000
    648  4.044751049243046E-001  2.696576776748994E+002
    649  2.680266660741273E+000  2.647591013118990E+003
    650  4.557326673280724E+000  3.932007966410146E+003
    651  4.139594603907288E-001  2.665889609877966E+002
    652  7.473121472431524E-002  6.508688837191968E+000
    653  1.478494103647586E-001  6.762437159256102E+001
    654  4.770171703939558E+000  4.847679269191231E+003
    655  4.677575889398437E+000  4.153547814361640E+003
    656  1.421590700772547E+000  1.038097497819886E+003
    657  4.993605719621916E-001  3.332352839174700E+002
    658  7.519406786765088E+000  6.257991594344676E+003
    659  1.008759279984729E+001  9.107818042119858E+003
    660  3.976679255852156E-001  2.633405689776762E+002
    661  6.650055953737517E+000  6.337059316260667E+003
    662  2.368251589225906E-001  1.321608083732464E+002
    663  7.028485870757701E+000  7.300056544104539E+003
    664  2.979932884626378E-001  1.847174702688289E+002
    665  5.883334433656783E-001  3.999799816848953E+002
    666  1.429693266668428E+001  1.144119119160374E+004
    667  5.162935741949188E+000  4.304360680185390E+003
    668  4.085418929185435E-001  2.712943498102225E+002
    669  1.524448422512963E+001  1.360834105502776E+004
    670  9.468481992968777E-001  6.923738240701892E+002
    671  6.175721303670795E+000  5.002500009380486E+003
    672  1.943607748160131E+000  1.431388675908174E+003
    673  1.357439630627611E+001  1.077605072250685E+004
    674  2.275729673917870E+000  1.689906830382352E+003
    675  8.584565952855828E+000  6.455719375642228E+003
    676  5.924794234494537E+000  4.730876353214431E+003
    677  3.778624535630145E-001  2.374489435503554E+002
    678  7.307126333131497E+000  6.474222958622870E+003
    679  5.260078330574557E-001  3.562912580520088E+002
    680  1.145922011848539E+001  1.225954540090166E+004
    681  7.959090023966089E+000  6.959155424478250E+003
    682  1.224140463826241E+000  8.887258582551148E+002
    683  4.319466660565698E+000  4.150286092066367E+003
    684  1.011487351711035E+000  7.323717626379488E+002
    685  4.337254893269241E-001  2.879748863345221E+002
    686  1.151577934670638E+001  9.510288251966274E+003
    687  8.780945786588211E+000  8.448277089588100E+003
    688  2.421493680722347E-001  1.382502819294552E+002
    689  8.372959857988215E+000  7.681328486711039E+003
    690  9.898229093764220E+000  8.555863106595081E+003
    691  8.973930660874839E+000  8.570075587144047E+003
    692  1.236930164679124E-001  5.024412501840430E+001
    693  2.185910175152592E-001  1.223010494846360E+002
    694  1.599625329948376E+001  1.456475878217593E+004
    695  1.072063446249722E+000  7.843892749138604E+002
    696  3.328697473243023E-001  2.148855787285371E+002
    697  9.033626862744851E+000  8.333989076808206E+003
    698  3.019347639180367E+001  2.757357193316253E+004
    699  3.870179024378360E-001  2.518535721930184E+002
    700  6.895099732303350E+000  6.094480100184122E+003
    701  8.384555007773889E-002  1.652581621224613E+001
    702  7.694485746908537E+000  6.373213082287213E+003
    703  2.435462763975761E-001  1.368331808862268E+002
    704  9.689485402570286E-002  2.488335652864993E+001
    705  2.418196152039759E-001  1.389806003820650E+002
    706  9.076966158535821E+000  8.112919408616842E+003
    707  4.344540137867031E-001  2.831669849330385E+002
    708  1.312099940330972E+001  1.232471463064643E+004
    709  7.484688492531282E-001  5.312892677392617E+002
    710  3.241377258241779E+001  2.832082561190485E+004
    711  2.437637484378331E-001  1.476693289307964E+002
    712  1.122633780983449E+001  1.202401312944950E+004
    713  1.436023298312048E+000  1.064742046553787E+003
    714  3.513507142391843E-001  2.193862319050959E+002
    715  3.244957541320669E-001  2.012176038739185E+002
    716  2.068473484142718E+001  1.834611814880416E+004
    717  1.305531770545159E+001  1.219536897827291E+004
    718  8.027957038455512E-002  1.805548459300628E+001
    719  4.368237950785098E+000  4.405474901455526E+003
    720  1.184162405494168E-001  4.272353933486415E+001
    721  1.020766648019079E+001  8.932618798606272E+003
    722  3.559963542823376E-001  2.386229785528141E+002
    723  9.637965930089000E-002  4.143386414658030E+001
    724  5.873126466351925E+000  5.950674048426314E+003
    725  2.336206789674049E+001  2.517289675281848E+004
    726  1.427100576333322E-001  6.413572485692009E+001
    727  7.489190203969166E+000  7.893687672789126E+003
    728  1.926068962644860E-001  1.011669136487625E+002
    729  1.480843877847880E-001  6.750446292985832E+001
    730  5.655572713446273E+000  4.998892121135643E+003
    731  2.934136819065733E+000  3.122249559407773E+003
    732  3.964701484309103E-001  2.528370694291490E+002
    733  4.423279527062670E+000  4.114080283204135E+003
    734  7.972696089782162E-002  1.628861122128625E+001
    735  1.459005875160721E-001  8.308647386040172E+001
    736  9.320993589422176E-002  2.582211646560073E+001
    737  1.163491054943271E+000  1.089030761056623E+003
    738  4.362983353902090E+000  3.953966537867023E+003
    739  2.419204191800455E-001  1.586044962473594E+002
    740  1.067899299324746E-001  4.625365027942500E+001
    741  7.172210038965795E+000  8.453732487957717E+003
    742  4.188942933039951E+000  4.024142700344009E+003
    743  6.987197208979688E-002  1.028417421844738E+001
    744  6.770512982102728E-001  4.696269757947534E+002
    745  8.818370437882793E+000  8.404644932583751E+003
    746  6.747273471036434E+000  5.421760152242376E+003
    747  1.676369371335382E-001  9.049693598796988E+001
    748  3.630022756366594E+000  3.112462536797599E+003
    749  1.243685010230375E+001  1.071338580976442E+004
    750  1.245272501889975E-001  5.082398992970632E+001
    751  3.747922935300213E+000  3.168321930046153E+003
    752  7.278295015906378E-002  1.089481168801072E+001
    753  1.091287295905883E-001  4.028036986048885E+001
    754  3.311223126438562E-001  2.298056617223314E+002
    755  3.807402432249054E+000  3.544430465309140E+003
    756  2.303182334239440E+000  2.244862088696208E+003
    757  4.454605303570158E+000  3.925379545285591E+003
    758  3.423683179668267E-001  2.141562915207533E+002
    759  7.536631065493152E-002  1.490016801879524E+001
    760  5.360835187402638E+000  4.895870832944313E+003
    761  2.424222195386765E-001  1.390272420217503E+002
    762  3.953576885890806E+001  3.424467654981747E+004
    763  1.528575485458737E+001  1.355772769568015E+004
    764  2.341342011773742E-001  1.387646138390020E+002
    765  1.252329500238889E+001  1.401955319405714E+004
    766  1.815919905336333E-001  1.078489407203037E+002
    767  2.967185831536412E-001  1.839280242635148E+002
    768  1.796303053427619E+001  1.657060592322829E+004
    769  9.960514737751499E+000  9.117816015114657E+003
    770  3.912214834836790E-001  2.517914365176237E+002
    771  1.115358948875241E+001  1.083771115865859E+004
    772  1.469339164850071E+001  1.353504822730680E+004
    773  7.609879217432426E-002  1.551553774953017E+001
    774  8.116027136472884E+000  6.432909595130840E+003
    775  8.005735752286459E-002  2.350213100428352E+001
    776  1.672623629563377E-001  8.656362025546123E+001
    777  2.755898793016776E+001  2.848420358527910E+004
    778  1.820672592067527E+001  1.912618068544232E+004
    779  1.402901379469577E-001  6.681152308542607E+001
    780  5.947282706204662E+000  5.298236023344620E+003
    781  4.433400407708107E-001  3.002752989432198E+002
    782  5.317606958896367E-001  3.649457594485955E+002
    783  2.455612936532166E+001  2.494503243612305E+004
    784  8.782335903958799E+000  8.793019963120330E+003
    785  4.434627888689808E+001  4.114996394049543E+004
    786  2.959719624948566E-001  1.854939702261853E+002
    787  8.219025823825946E-001  5.955188298257690E+002
    788  1.284213693911937E-001  5.663808098730035E+001
    789  6.231926588694971E+000  5.807112056716735E+003
    790  6.011015211341608E-001  4.245331943197872E+002
    791  8.502958129085345E+000  9.229525664656741E+003
    792  2.915077644853767E-001  1.956809549002702E+002
    793  3.129358566141214E+000  3.243875787542538E+003
    794  3.903218241288746E-001  2.581933362715491E+002
    795  5.152101881683221E+000  5.992258870702324E+003
    796  1.846961024478226E+000  1.723870313751566E+003
    797  6.158920217295178E+000  5.604209999321512E+003
    798  1.239811550162116E-001  6.285789889724945E+001
    799  5.254657431917338E+000  4.882524154388182E+003
    800  8.685479932902098E-001  6.506116823888045E+002
    801  7.695971212462627E-002  1.939088723370493E+001
    802  6.824126539488637E+000  6.788461307882124E+003
    803  5.325804935491507E+000  4.952674857276677E+003
    804  4.948272325166085E-001  3.404883819243134E+002
    805  1.741833082638858E-001  9.548646232878347E+001
    806  6.199274231070982E-002  6.201965647462308E+000
    807  4.033449152845392E+000  4.218555977242774E+003
    808  5.553487424055612E+000  5.135162173209307E+003
    809  3.266664008159396E-001  2.077215238482804E+002
    810  1.378032599131991E+001  1.605006994833871E+004
    811  1.063771535592546E-001  4.235092053743639E+001
    812  4.135125807046546E+000  4.254121492476601E+003
    813  1.390501504360001E+001  1.622183791685575E+004
    814  9.879865003416440E-002  3.360305362996787E+001
    815  4.822802946224093E-001  3.511177315151210E+002
    816  1.940002092640018E+001  2.089192684590748E+004
    817  7.536344952040334E+000  8.619328240925273E+003
    818  1.577106633746564E-001  8.826345894865456E+001
    819  9.949307650521606E-002  4.358276301844671E+001
    820  2.948442682907526E+000  2.829800692970108E+003
    821  4.179833876326204E+000  4.135848723471673E+003
    822  6.897399577896332E+000  5.964371526932890E+003
    823  5.980910194254051E-002  6.112395439119859E+000
    824  3.176647873007980E+000  3.452502679290395E+003
    825  5.783238448987199E+000  6.073024060937804E+003
    826  1.148396114553088E+001  1.089505851625647E+004
    827  2.465986716861375E+000  2.357584274791150E+003
    828  2.402331339200989E-001  1.511180688799493E+002
    829  8.519331481666098E+000  6.732648976391833E+003
    830  2.672027280655148E-001  1.776882554005546E+002
    831  3.220921450578626E+000  2.975275196115862E+003
    832  5.877150257473430E+000  5.253785227703416E+003
    833  6.294844394522327E-002  8.890383111801762E+000
    834  1.040608984814080E-001  4.094062655763451E+001
    835  6.353601572362164E+000  5.330508533677800E+003
    836  2.096400413609150E+001  1.808857375446536E+004
    837  2.845906319474912E-001  2.126169881404381E+002
    838  1.132533939758967E+001  9.766488500699656E+003
    839  1.309993512892619E-001  6.121047395460615E+001
    840  7.367277360866231E-002  1.722190528611377E+001
    841  8.067805401847435E-002  2.219150534914657E+001
    842  8.617915366667770E+000  9.356623472337500E+003
    843  5.301345804593043E+000  4.419491170729440E+003
    844  6.734153167412953E+000  6.598164658519440E+003
    845  4.439495220238459E-001  3.174378231789604E+002
    846  3.937328519358310E-001  2.595454354020089E+002
    847  6.743348627975812E+000  6.629014920431292E+003
    848  7.938006609834648E+000  7.916197237577625E+003
    849  3.490110889680553E-001  2.301260921698751E+002
    850  6.070695099495158E-002  7.245443800300779E+000
    851  3.237928400081405E+000  3.081255230911875E+003
    852  3.374718804012163E-001  2.368631970813747E+002
    853  1.669189702616333E+000  1.699338352234236E+003
    854  5.492552602592506E+000  6.005453122398262E+003
    855  3.228504951248482E+000  3.348107773225018E+003
    856  1.139010060565877E-001  6.255628584882816E+001
    857  9.575553936963851E-002  4.213039855212108E+001
    858  3.805481239328963E+000  4.214947746814553E+003
    859  2.234038841999544E-001  1.466026485522162E+002
    860  2.531023840547372E+000  2.752040987873756E+003
    861  1.001431858266829E-001  4.762282987057571E+001
    862  3.958459036064895E-001  2.639588391688299E+002
    863  2.777916016885242E+000  3.239766509905984E+003
    864  6.506219771279358E-002  1.363818517912225E+001
    865  3.552259504835446E+000  3.522590288005851E+003
    866  5.702624060388423E+000  6.094679689405853E+003
    867  1.089008516952150E-001  5.558526660183961E+001
    868  7.706320033725642E+000  7.281371838361170E+003
    869  7.973582282037681E-002  2.362635586910203E+001
    870  1.842288535745146E+001  1.949021233154743E+004
    871  4.285307982563035E+000  3.695173276347627E+003
    872  6.228017387620261E-002  1.380218834868325E+001
    873  4.734676951040296E+000  4.299925084637390E+003
    874  9.146935675676091E-002  3.538235341928155E+001
    875  3.077635308682672E+001  2.522043598094312E+004
    876  9.520743552622631E-002  3.914267631622912E+001
    877  6.458814571164409E+000  6.454787907494209E+003
    878  1.289463454316141E-001  6.048391818414188E+001
    879  2.430756747377638E+000  2.000636870992729E+003
    880  1.541869554699246E+000  1.466942245433045E+003
    881  5.129133580834425E-002  3.943765122904644E+000
    882  1.233719253553709E-001  6.358240385947113E+001
    883  2.089151743045470E+000  1.806073490872672E+003
    884  1.326181016614261E+000  1.352095244300908E+003
    885  5.314266712919253E-002  4.238397497153405E+000
    886  5.118274771763891E+000  5.461490274929732E+003
    887  5.590179468337696E+000  5.086153722246219E+003
    888  1.458598628022292E-001  7.539669646579216E+001
    889  6.490583643305556E-002  1.533622399128843E+001
    890  1.270129087392917E+001  1.272351810787462E+004
    891  6.899137249816502E-002  2.485230797655690E+001
    892  8.318288727576011E+000  7.589443860796268E+003
    893  3.097203771631101E-001  2.001924188647370E+002
    894  5.451031115613809E+000  4.568328479064719E+003
    895  7.900137766180030E+000  9.073506258477153E+003
    896  1.201085217377292E+000  1.045628551776148E+003
    897  1.455578247471645E+001  1.443670545078557E+004
    898  1.271151153928000E+001  1.188176851918620E+004
    899  1.881464737174319E+000  1.422965207666328E+003
    900  1.175080301962135E-001  5.990954180390904E+001
    901  2.126145654766911E-001  1.264769076646292E+002
    902  9.376047310750200E+000  9.517847014111898E+003
    903  2.465468503371541E+000  2.144889920413630E+003
    904  6.727169190626422E-002  2.119918335215964E+001
    905  1.073398361499072E+001  1.070130986222652E+004
    906  9.400697891950534E-002  4.434035372192815E+001
    907  6.743796419344985E+000  6.548629096958920E+003
    908  2.275460114272644E-001  1.394522749717851E+002
    909  1.012530577653459E+001  1.028114947798482E+004
    910  9.772914780637723E-001  7.093825339398903E+002
    911  1.768536337993084E+001  1.761549021857169E+004
    912  9.427783549427486E-002  4.097975293980795E+001
    913  1.232509492058988E+000  1.106994850813175E+003
    914  5.711992067862241E-002  1.149561552616135E+001
    915  4.038333100744330E-001  2.928979099390677E+002
    916  3.193696079871013E+000  2.668979750195358E+003
    917  4.375473986264907E+000  3.981024154990221E+003
    918  8.617837274476232E+000  8.899063536855640E+003
    919  5.161352707940668E+000  4.386988236549564E+003
    920  2.001621442337277E-001  1.207352712162994E+002
    921  4.921801316927942E+000  3.957268310270407E+003
    922  5.665476571970627E-001  4.275436414387145E+002
    923  5.146276488213561E-001  3.776419856120517E+002
    924  1.048264799234832E+001  1.069050163779479E+004
    925  1.305148047322268E-001  6.739285791041159E+001
    926  3.940139169201948E+001  3.261968085499571E+004
    927  5.713059370398430E-001  4.108227592698765E+002
    928  2.232100238712903E+001  2.062755127054009E+004
    929  1.479650983708259E+001  1.518593578246151E+004
    930  1.266201683730708E+001  1.388664733325711E+004
    931  2.582883694548659E-001  1.688072095177704E+002
    932  1.837792573525234E+000  1.652179456769425E+003
    933  2.186862599449327E-001  1.450926778457295E+002
    934  7.741044389945036E+000  8.363727533738402E+003
    935  1.543707845502295E-001  8.443805842867890E+001
    936  1.777537664849271E-001  1.363182257447069E+002
    937  1.403141152843447E+001  1.410460176403279E+004
    938  5.932009137195783E+000  5.655578665040074E+003
    939  1.818460083412084E-001  1.073702912581581E+002
    940  5.495614166154476E+000  5.335445051031061E+003
    941  1.052009447401859E-001  5.922840035700391E+001
    942  2.796783388650003E+000  3.032453963363805E+003
    943  1.976212915936680E+000  1.847413726156758E+003
    944  5.606677789638788E+000  5.307970627195879E+003
    945  3.031895757585447E+000  2.858489569774532E+003
    946  7.849903566044517E-002  3.053917899612814E+001
    947  8.636897011988308E+000  8.560041251881956E+003
    948  5.617470585231285E+000  5.087990153903136E+003
    949  3.204260374587456E-001  2.247833025347114E+002
    950  4.386863903466987E+000  3.856422903394441E+003
    951  1.808026668258814E-001  1.195877733511075E+002
    952  1.171641809755935E+001  1.109126204684367E+004
    953  3.756213310517373E-001  3.043737160693510E+002
    954  1.650446274681402E+001  1.848747327972186E+004
    955  4.817899921286474E+000  5.863723174565199E+003
    956  9.723569540769669E-002  6.489211556635128E+001
    957  2.130394957109210E-001  1.324744959594743E+002
    958  4.542343217809747E+000  5.043518064879142E+003
    959  1.022581823700243E-001  5.298694449992026E+001
    960  6.347525030292839E+000  6.275205822775049E+003
    961  1.716939480663799E-001  1.040254437050518E+002
    962  3.251500127394811E+000  3.236897302315605E+003
    963  5.438816541642382E-001  3.882590903566122E+002
    964  7.319080187563356E+000  7.967839466402843E+003
    965  5.576828685648870E-002  1.721406993192853E+001
    966  2.216106950238814E+001  2.180903298383749E+004
    967  1.405274200442414E+001  1.058928312262346E+004
    968  7.813473963052859E+000  6.434671499069756E+003
    969  6.776147574083173E-002  2.322812669710218E+001
    970  1.617791151981471E+001  1.559415696179533E+004
    971  7.601851722708348E-002  3.217294757524875E+001
    972  5.093052229012171E+000  4.883702104210402E+003
    973  1.754904683516543E+001  1.608574577328174E+004
    974  1.146110352248776E-001  5.959749410020907E+001
    975  4.392451068553352E+000  3.396151460617421E+003
    976  8.521364282560343E+000  7.392315330427135E+003
    977  2.153303303880294E+000  1.846023311284768E+003
    978  2.832811976921169E-001  2.321646495232530E+002
    979  2.991536924267429E+000  3.180295482825870E+003
    980  1.266760740192581E-001  7.433862591996696E+001
    981  1.204836831135494E+001  1.265680690173042E+004
    982  3.167904583119534E-001  2.376716263448691E+002
    983  2.847112677999266E+000  2.749159833619352E+003
    984  4.504584633664770E+000  3.723158953344485E+003
    985  2.271487029092921E-001  1.631329483932888E+002
    986  3.970311707116212E+000  3.617759689195286E+003
    987  1.651928880359992E-001  9.596485951828096E+001
    988  1.753912696724050E+000  1.670834718173843E+003
    989  8.330366449086888E+000  9.410720855418633E+003
    990  2.791193799712577E-001  1.806990189844376E+002
    991  2.805812825685075E+001  2.952773306643669E+004
    992  1.826498143679480E+001  1.544373254439185E+004
    993  1.073596034906893E-001  6.309491670127093E+001
    994  4.463393979123481E-001  3.052149919529553E+002
    995  3.057511505420348E+000  2.654867303366934E+003
    996  8.409482685234815E-002  4.577478704018042E+001
    997  9.132083399088852E+000  9.906016010198678E+003
    998  3.075798702245991E+001  2.850755685076865E+004
    999  1.072546354250913E-001  7.587781511921662E+001
   1000  9.286906829941984E+000  9.510798816334522E+003
   1001  2.368824423063816E+001  2.464297205187606E+004
   1002  3.461443174643541E-001  2.781629668828248E+002
   1003  1.381678293624733E-001  8.128376447408461E+001
   1004  4.504112648824107E-001  3.139096313482652E+002
   1005  1.236096619128106E+001  1.016984074945016E+004
   1006  1.444946330311103E+001  1.577429966217369E+004
   1007  6.733508367163345E-002  3.043994864568122E+001
   1008  8.895335056442146E+000  8.896336261739134E+003
   1009  1.060097714098661E+001  9.926673164132813E+003
   1010  2.591490432458710E-001  1.766069972539935E+002
   1011  7.824910255425208E+000  7.103531440734520E+003
   1012  1.722307549972027E-001  1.031004099382385E+002
   1013  8.632999337948489E+000  7.317651694117322E+003
   1014  1.674606930148965E+000  1.523639102563869E+003
   1015  6.549174065076284E-002  3.449705757581997E+001
   1016  1.414632816081903E+001  1.330145932687331E+004
   1017  3.246829541920415E-001  2.151190307514374E+002
   1018  1.416266672853244E+001  1.280163921530491E+004
   1019  5.030187035633245E-002  1.054863690702252E+001
   1020  1.597495164282707E+001  1.539497221727559E+004
   1021  4.266085542724825E+000  4.290835648347637E+003
   1022  1.410593352852862E+001  1.380047212734251E+004
   1023  1.210701719907560E-001  6.174160343160594E+001
   1024  1.999253574955711E+001  2.235585671095451E+004
   1025  1.465462822589415E-001  8.782232911498123E+001
   1026  2.326376039297463E+001  1.994450550895818E+004
   1027  1.333061285556994E+001  1.345164300804680E+004
   1028  5.722878908499560E-001  4.068405216147089E+002
   1029  1.493613189979031E+001  1.417952230158458E+004
   1030  5.188372135987197E-002  1.326638642425062E+001
   1031  1.266685789954826E+001  1.277787065705608E+004
   1032  1.507077868673853E+001  1.207997253216310E+004
   1033  1.674955102295971E+001  1.518790177111799E+004
   1034  1.285812665802058E+001  1.064538661658483E+004
   1035  2.483707759667653E-001  1.625491870517953E+002
   1036  3.385864709509031E+001  2.773064623852486E+004
   1037  7.555559942000936E-002  2.999839842116060E+001
   1038  8.709589208189345E+001  6.897607251535168E+004
   1039  1.359613651990663E+002  1.143067919179991E+005
   1040  6.702014355555904E-001  5.046420838145923E+002
   1041  1.472909177026291E+002  1.135789020677361E+005
   1042  5.206505681553120E+001  5.309998859682099E+004
   1043  2.930696025177018E-001  1.964249486593873E+002
   1044  8.922954523990951E+001  8.451625919095542E+004
   1045  3.198416802387908E+002  2.520355562672174E+005
   1046  1.142397425717677E+000  9.151540800296394E+002
   1047  8.447663073599534E+001  7.124135248984589E+004
   1048  2.044066048474446E+002  1.720288781605265E+005
   1049  1.377667593168875E-001  1.011893837502052E+002
   1050  1.159969488017631E+002  9.432265311539827E+004
   1051  2.353202402806856E-001  1.603915873891336E+002
   1052  1.432613427522662E+002  1.367657216678591E+005
   1053  7.088236179204054E+001  6.162528358060978E+004
   1054  2.707579441891464E-001  1.826864991717057E+002
   1055  5.070961773887466E+001  4.954657989345322E+004
   1056  6.752811102520033E-001  5.757473658546327E+002
   1057  5.105258106698824E+001  4.565847653225208E+004
   1058  2.341253823620435E+002  1.948201439238478E+005
   1059  1.111996048233212E-001  6.677596858743034E+001
   1060  3.149229048424980E+002  2.827410813810888E+005
   1061  3.954620022783936E+001  3.371033203681736E+004
   1062  5.504217428627557E+001  4.807708147014290E+004
   1063  1.161974317622180E+000  8.821768561881909E+002
   1064  9.458474666412715E+001  7.484925022237131E+004
   1065  7.271317915070433E-001  5.283950160668545E+002
   1066  1.557511110827357E+002  1.399794501123335E+005
   1067  8.252478490065374E+001  8.403121113276901E+004
   1068  1.233187247817688E+000  9.052973247627951E+002
   1069  8.235502238254261E+001  8.552943017796504E+004
   1070  5.826914197396657E+002  6.613536168618283E+005
   1071  1.231241715751159E+002  1.120760006087056E+005
   1072  1.653970384428530E+002  1.442935911185651E+005
   1073  1.266574257489351E-001  8.315032296120579E+001
   1074  2.048841801030515E+002  2.195487614326386E+005
   1075  4.846449260287136E+001  3.711460576817713E+004
   1076  2.677775470511789E+000  3.057393753683204E+003
   1077  9.855548406031126E-001  1.041339818518528E+003
