# dt =   1.000000000000000E-004
# j, New nj, Rate of change (1/s)
      1  5.259211457682589E+001  2.765556239129182E+004
      2  3.930145135310117E+002  2.630166103460463E+005
      3  2.592604437022297E+001  1.192597740675398E+004
      4  9.425048327167137E+001  4.832728426525179E+004
      5  1.817364231964391E+002  8.275651518307580E+004
      6  2.351699150044941E+001  1.019188993532684E+004
      7  1.710701100740832E+003  7.892557003178153E+005
      8  8.503390607692018E+002  3.925821491738717E+005
      9  1.556642806654323E+002  9.808671476543466E+004
     10  1.217911583527615E+002  6.077293173402860E+004
     11  8.987556078121614E+001  4.091597853009641E+004
     12  6.848406202731273E+001  3.530501977774881E+004
     13  6.310989090912384E+000  2.264566742059939E+003
     14  1.481815998480925E+002  7.030414831338513E+004
     15  6.473647333960720E+000  2.328604147941819E+003
     16  6.304028076488534E+002  3.138820471073216E+005
     17  1.084138779616643E+002  5.234180312645936E+004
     18  2.972206762632061E+002  1.366215314657964E+005
     19  4.830344691681036E+000  1.588220789203952E+003
     20  9.160134626078548E+001  4.109283736738603E+004
     21  2.663877022152949E+001  1.106454041584840E+004
     22  3.786278520558301E+001  2.024442116461671E+004
     23  9.146922408484426E+002  4.215730184179781E+005
     24  6.916010151880635E+002  3.175461876308867E+005
     25  4.403627951825334E+000  1.453213532552722E+003
     26  5.280746510663569E+001  2.495333817731326E+004
     27  8.466417469699262E+002  5.059588218769305E+005
     28  2.870715242260467E+001  1.395621770964121E+004
     29  3.985350585048407E+002  2.113831338238313E+005
     30  1.319965509544382E+001  5.385001671106325E+003
     31  1.667086150857050E+002  7.747820666308577E+004
     32  1.678219588517171E+002  8.482060433392956E+004
     33  4.369996109480987E+001  2.142831860066583E+004
     34  2.193438332899897E+001  9.495343981075162E+003
     35  1.754278011840123E+002  1.055112092487789E+005
     36  5.132578240007891E+001  2.238568569252824E+004
     37  1.034837646881493E+002  5.847108727184010E+004
     38  6.827679032770602E+002  3.184469459467113E+005
     39  8.431805369043867E+001  4.600811828168194E+004
     40  1.190521913938957E+002  6.853962603550419E+004
     41  6.778418575135771E+001  4.096416558673788E+004
     42  4.274417594355249E+001  2.313139977691914E+004
     43  3.292363698185427E+001  1.521824396872982E+004
     44  9.172721654826243E+001  5.577090270589366E+004
     45  5.080088795107067E+001  2.877781111296796E+004
     46  3.600797424953696E+001  1.646808440637672E+004
     47  1.380490308582567E+000  1.533133905091146E+002
     48  3.415368003398403E+001  1.773138271481425E+004
     49  1.060054573947719E+001  5.124973515929193E+003
     50  1.293190814009076E+001  6.330513124899803E+003
     51  1.107705633451237E+002  7.090386541539586E+004
     52  2.541833909137959E+001  1.370439476501591E+004
     53  2.301155028677842E+001  1.106780221657262E+004
     54  6.063494131968234E+001  3.616181252205397E+004
     55  1.112241427243294E+002  6.283188337282473E+004
     56  1.466897567092513E+000  2.126044394906247E+002
     57  8.821272307513478E+001  5.143419745332386E+004
     58  2.424811296791322E+002  1.113377187122661E+005
     59  3.159403487956870E+000  1.151809258495610E+003
     60  2.695020023302760E+002  1.557275050456050E+005
     61  7.374303781967559E+000  2.818130293903866E+003
     62  1.904031846213779E+001  8.756851603534524E+003
     63  1.855625325173122E+001  8.584634888492010E+003
     64  3.862416552731817E+002  1.803982349338166E+005
     65  1.113236183166691E+003  6.852861919183586E+005
     66  5.986165090125170E+001  2.719477503895131E+004
     67  2.007262736266431E+002  1.132618893559679E+005
     68  1.506159621464572E+001  6.621124490818472E+003
     69  4.679218760694074E+001  2.528530401026147E+004
     70  2.716170806662834E+002  1.645061739489995E+005
     71  2.950020550154782E+002  1.790108628764063E+005
     72  6.706443536309183E+000  2.493570832739311E+003
     73  7.900699962791094E+001  4.617689687576997E+004
     74  4.273847377727920E+001  1.996590180593062E+004
     75  9.803832430650736E+000  4.006969004192793E+003
     76  8.393166828882588E+000  3.445204806562544E+003
     77  1.323874477237084E+001  6.023263556262921E+003
     78  1.731560192806392E+001  7.877801896377285E+003
     79  7.361084117563658E+001  4.121547106641209E+004
     80  2.038390600605367E+002  1.233605567430983E+005
     81  2.283629186932957E+001  1.223452697543456E+004
     82  3.200475550600211E+001  1.877642865860879E+004
     83  1.126851585549681E+001  6.045846697825063E+003
     84  1.003374650015624E+001  4.339847833242839E+003
     85  9.187830719103823E+001  4.113019471209768E+004
     86  2.915695603877558E+002  1.779458736495768E+005
     87  3.616361502473996E+000  1.589555555027423E+003
     88  5.507473180066856E+000  2.220525668267499E+003
     89  4.376821159688120E+001  2.194925750996700E+004
     90  4.317672125142244E+002  2.588607660850299E+005
     91  1.887764479392697E+002  1.095354088578333E+005
     92  8.215720246648385E+001  4.418815108311288E+004
     93  1.735817878175985E+001  9.718482352589413E+003
     94  8.000354002331201E+001  4.692801090531942E+004
     95  6.554674743579838E+001  2.980533097180760E+004
     96  2.093569490258971E+001  9.298537335408879E+003
     97  6.106304974671138E+001  3.463967139679504E+004
     98  6.445668417035820E+001  3.990384044163189E+004
     99  5.985778512970332E+000  2.854383717631603E+003
    100  1.757251531999237E+002  1.085711592518217E+005
    101  3.238467139964894E+001  1.518264892813270E+004
    102  7.082664359392903E+001  4.138571494791719E+004
    103  4.676589927728251E+002  2.940504401785869E+005
    104  1.238403917953850E+001  5.332753615640014E+003
    105  6.569421954234660E+001  4.318188279169970E+004
    106  3.274959605787074E+001  1.516942886595446E+004
    107  7.252674431620163E+000  2.938977992869970E+003
    108  6.903130144436174E+001  3.854982885722528E+004
    109  2.055259660283982E+001  9.335511669634738E+003
    110  6.914000090832430E+001  4.107660896046229E+004
    111  1.348644099786826E+001  6.448768222549154E+003
    112  1.884434976883234E+001  1.035439356064546E+004
    113  1.908184910710484E+001  1.105976680073928E+004
    114  3.753028399945557E+002  1.712809293449552E+005
    115  8.315227851946506E+001  4.764751039172979E+004
    116  1.876997933010854E+001  8.660295864780657E+003
    117  6.290594640676213E+001  3.196540075608775E+004
    118  1.049916263482931E+001  4.652060360566603E+003
    119  3.752572112798755E+001  1.821079746458619E+004
    120  6.500606013549303E+001  3.672204557033734E+004
    121  1.848072421532888E+001  8.120560546781374E+003
    122  2.523185883559617E+000  7.723950969036451E+002
    123  6.035552983673795E+000  2.512063730054032E+003
    124  1.145683789645673E+000  1.298529270591862E+002
    125  3.612304490897981E+001  2.049078390849681E+004
    126  2.844725464013497E+001  1.615065307049322E+004
    127  8.386843422071834E+000  4.355276451805775E+003
    128  2.849610044197158E+001  1.713240660253527E+004
    129  2.276956522966942E+000  6.360096453419226E+002
    130  1.377667170665362E+001  6.732717592976413E+003
    131  3.677778172530387E+001  1.662165186605353E+004
    132  1.616322094826117E+001  7.247146823420858E+003
    133  3.116515036793905E+001  1.390389911476842E+004
    134  2.929282765953335E+001  1.273482430487804E+004
    135  2.903071301117793E+001  1.556526954715337E+004
    136  2.267468318688787E+001  1.286969892129522E+004
    137  2.977728061882500E+001  1.354028285921085E+004
    138  2.761413814049007E+001  1.320149383847892E+004
    139  2.308652417156812E+001  1.356267769471033E+004
    140  1.532929170406599E+001  8.825695424530661E+003
    141  1.443585802045317E+001  6.517992461699209E+003
    142  1.077795836724792E+002  4.957311257103807E+004
    143  3.788769626849697E+001  1.772709316097501E+004
    144  5.165681980015857E+001  2.774808089217529E+004
    145  1.000504855916241E+001  5.066702916171515E+003
    146  1.080469602032962E+000  1.076680319437549E+002
    147  6.071139760373388E+000  2.365821355857307E+003
    148  3.473839818966709E+001  1.825195818723086E+004
    149  5.345818796742139E+001  2.961111113137668E+004
    150  1.579825114359397E+001  6.679863337693718E+003
    151  1.785997750393726E+002  1.117451284489981E+005
    152  8.969346161031457E+001  5.243747171814192E+004
    153  2.790386203358841E+001  1.236727770807794E+004
    154  5.724668023148311E+002  3.518261702972561E+005
    155  4.572454557789296E+001  2.493175001503914E+004
    156  2.449594007337587E+001  1.085949973188869E+004
    157  3.811573251414004E+001  2.025764144980045E+004
    158  3.639180826189333E+001  1.666889640009045E+004
    159  5.056189736924014E+000  2.503158814027695E+003
    160  6.118961786038268E+001  3.076726154455746E+004
    161  5.350065982380058E+001  2.438383484184481E+004
    162  4.224202424264642E+000  1.512965486846360E+003
    163  2.519293733151229E+002  1.560771581905858E+005
    164  2.880533697150094E+002  1.704007900012591E+005
    165  2.458253081249867E+002  1.495701150149256E+005
    166  4.001554870240550E+001  2.267820483416561E+004
    167  8.868592873861180E+000  3.808189419299397E+003
    168  1.709177301031525E+001  7.481052411322548E+003
    169  2.704970217906456E+001  1.268385434353244E+004
    170  4.290756677003923E+000  1.705918224592228E+003
    171  5.386914257657486E+000  2.234945354059449E+003
    172  2.121544278306293E+001  1.246787300872348E+004
    173  1.717210791114170E+001  9.486912193714674E+003
    174  1.994232897544094E+001  8.934813180144703E+003
    175  2.082411145910207E+000  7.403246801830787E+002
    176  8.200816629138080E+000  3.446191258561566E+003
    177  4.082731590452580E+001  2.422031698190514E+004
    178  8.465311181311718E-001  3.819569069166376E+001
    179  2.909220295433591E+000  9.722712445947221E+002
    180  2.855612713467935E+001  1.357390573966307E+004
    181  3.105559625715017E+000  1.235166094251227E+003
    182  1.264426526472210E+002  7.872811615191688E+004
    183  4.688009056038438E+001  2.193615479527679E+004
    184  2.868084385769625E+001  1.257088170793880E+004
    185  9.168462984566422E+001  5.260696063991270E+004
    186  7.391551212467874E+001  4.527848699751971E+004
    187  6.975345325893917E+000  2.874498717324814E+003
    188  7.142900538282264E+001  3.691342337651885E+004
    189  8.794015060730990E+000  3.855304378755957E+003
    190  3.530409918627321E+001  1.935506023489886E+004
    191  1.588309372775492E+001  7.151752121035020E+003
    192  2.793070663555907E+001  1.464656597701371E+004
    193  5.450699903544724E+001  3.193600711795190E+004
    194  1.021757334377618E+001  5.675117224261809E+003
    195  3.672408127826524E+001  1.845506338032277E+004
    196  2.596631652807644E+001  1.176720728590051E+004
    197  4.535322925765303E+001  2.416457794489375E+004
    198  5.434850226039568E+001  3.106445502555267E+004
    199  1.149159728953437E+002  5.372890680513801E+004
    200  2.190314663459475E+000  6.715879219122675E+002
    201  1.150883616784337E+001  5.588748529260090E+003
    202  3.279610629268866E+001  1.515987656385741E+004
    203  6.570647496520956E+000  3.623126928755482E+003
    204  1.634632700216114E+001  9.595586871615507E+003
    205  5.166883242530322E+001  2.395126744645188E+004
    206  2.241854030710718E+001  1.148173716907685E+004
    207  6.811373548630715E+001  3.195572547967175E+004
    208  1.648752409048735E+001  7.107309614955194E+003
    209  4.178790492091562E+001  1.998883327998626E+004
    210  2.772751614584579E+001  1.689289537986048E+004
    211  2.702462136066299E+001  1.437135954598503E+004
    212  4.014249588930141E+001  1.811894620820873E+004
    213  1.095952024629507E+001  6.279335643721081E+003
    214  1.168388067114079E+001  5.005746081293107E+003
    215  2.037609726848614E+001  8.989697684936158E+003
    216  3.594972952462162E+000  1.357919103789041E+003
    217  3.578895065709455E+001  1.794714996366203E+004
    218  2.271119993390587E+001  1.000025098574452E+004
    219  1.490353946772526E+001  6.301083632275193E+003
    220  2.728041591211674E+000  9.566722050782045E+002
    221  3.293253870723767E+001  1.505945070385708E+004
    222  2.469208388849084E+001  1.265582506330332E+004
    223  2.237225695070752E+001  1.243445504317075E+004
    224  1.706424874140661E+000  4.601452421412342E+002
    225  1.758068856702762E+000  4.999923577618733E+002
    226  1.707175470623269E+001  8.654961954422504E+003
    227  1.870922856077125E+000  5.470795721255614E+002
    228  1.161138355521117E+000  2.264683876728773E+002
    229  1.059945120392296E+002  4.835204604423796E+004
    230  5.941350790299581E+001  3.232080804752925E+004
    231  1.763435526187896E+001  7.500965201810373E+003
    232  1.460573265194554E+002  9.261112688156766E+004
    233  3.238574017404748E+001  1.775597111791849E+004
    234  6.144372632560272E+000  2.526950351155119E+003
    235  1.289830457067723E+000  3.266716964759244E+002
    236  5.643291238588280E+001  2.985765922740106E+004
    237  1.444276813257138E+001  6.494948316012810E+003
    238  1.671608613038701E+001  9.518193181470868E+003
    239  2.232507149841333E+001  1.055089883274340E+004
    240  1.970425328073190E+001  1.141826508763736E+004
    241  3.819336769170729E+001  1.973481798814912E+004
    242  7.101025919423336E+000  2.955268713287635E+003
    243  2.590464394331020E+000  9.828867654349797E+002
    244  1.660523618924710E+001  8.708164384362588E+003
    245  5.566707076421104E+001  2.890249825965773E+004
    246  2.549738506041029E+001  1.182626900119218E+004
    247  1.286132472738424E+001  7.313435054904511E+003
    248  2.394759750696913E+002  1.307437243462556E+005
    249  7.100828971252309E+001  3.642963511587497E+004
    250  3.556902750936000E+000  1.301071440291435E+003
    251  3.811469602483421E+001  1.670470072475607E+004
    252  1.299674576862512E+000  3.086912005110144E+002
    253  1.126275227580284E+002  6.168168597614724E+004
    254  2.812481283619756E+001  1.466135179871365E+004
    255  9.044141057956014E+001  4.135607995720411E+004
    256  1.535800724487349E+001  8.669510885044621E+003
    257  5.142885505304498E+000  2.142872964460906E+003
    258  1.097941878965949E+002  6.150288630285934E+004
    259  2.578472443146903E+001  1.549019842248055E+004
    260  4.655939479321498E+000  1.803231566795990E+003
    261  9.511075227890684E+000  4.267333270243206E+003
    262  1.829915860970980E+001  1.017624829305215E+004
    263  8.454401179519240E-001  1.231240028558481E+002
    264  3.930368627485021E+001  2.224184352056853E+004
    265  1.899131568214210E+000  6.829324569995138E+002
    266  1.065970694957448E+001  5.285540638760942E+003
    267  5.609919492857609E+000  2.454513533013385E+003
    268  1.940139461711076E+000  6.121358286247518E+002
    269  4.382912246851610E+000  1.869534821583241E+003
    270  1.049248482078404E+001  5.332077141361732E+003
    271  2.974924715796358E+000  1.184727097615772E+003
    272  4.129201108944049E+001  2.435129673560063E+004
    273  1.745551606110687E+001  9.343517056556529E+003
    274  3.659630333512015E+001  2.153249095676917E+004
    275  1.839930341951256E+001  7.928367390124406E+003
    276  6.646085415491704E+000  3.564842907022531E+003
    277  2.640234813631134E+000  1.023830477566863E+003
    278  5.648562550735901E+000  2.723442407728925E+003
    279  5.142429795260082E+001  2.716140799453712E+004
    280  2.867972163488860E+001  1.813028661841161E+004
    281  2.475669526394984E+001  1.258025930565303E+004
    282  4.101713653597913E+001  1.869823150079320E+004
    283  2.128973952772391E+001  1.114462750368134E+004
    284  1.847645497986613E+000  6.010085374086982E+002
    285  3.172143285204063E+001  1.628484994378487E+004
    286  1.206101843557174E+000  3.344830300847268E+002
    287  5.156163595921167E+000  2.490238146903151E+003
    288  3.088726396801762E+001  1.524075900746388E+004
    289  4.368256379347952E+001  2.197321600444227E+004
    290  2.297792182071727E+002  1.210343569955667E+005
    291  3.823414186380815E+002  2.111466361663121E+005
    292  6.413661014731125E+001  2.914333375115846E+004
    293  2.216851792879553E+002  1.391281434556247E+005
    294  9.042695566231814E+001  4.659036593812433E+004
    295  5.542904465331303E+001  2.424948013310382E+004
    296  8.947870874734284E+001  4.335058907414254E+004
    297  1.255185039418744E+002  6.051627762925197E+004
    298  7.454563456659253E+002  4.172911104676579E+005
    299  1.639943150311817E+002  8.474418032693233E+004
    300  6.753146614528303E+002  3.237426809925084E+005
    301  2.678150078686530E+002  1.238337664749676E+005
    302  1.945856405552362E+002  9.060868884260576E+004
    303  1.546381314385971E+002  7.726678636305484E+004
    304  1.221567728592021E+001  5.282470744377089E+003
    305  7.108903352582485E+000  3.060714357454608E+003
    306  8.017037249257659E+001  3.944951673593220E+004
    307  7.372070856247984E+000  3.082341703580583E+003
    308  2.562204281409060E+002  1.304823632375474E+005
    309  1.792467277090070E+001  8.026304054089832E+003
    310  5.658297116697468E+001  2.972733823383405E+004
    311  2.220800784062168E+001  1.033856881559514E+004
    312  3.014020285360851E+001  1.367506954041062E+004
    313  4.689861881018352E+000  1.848999447350026E+003
    314  8.613367058156314E+000  3.648746714794319E+003
    315  2.010722321156659E+000  7.093098959321878E+002
    316  1.693524592468160E+001  7.706070657735415E+003
    317  8.423575327835584E+000  3.627973393348080E+003
    318  5.218403618300712E+001  2.892458916649828E+004
    319  1.574721825979030E+001  8.325083749272137E+003
    320  2.884780776788765E+001  1.309141338545083E+004
    321  1.698541888577344E+001  8.237163267571545E+003
    322  4.706826123367213E+000  2.141812185994539E+003
    323  5.040916814290201E+000  2.032578489414041E+003
    324  1.266559119939945E+001  5.543988752077181E+003
    325  2.310787753195167E+001  1.053116264187216E+004
    326  6.612711571186442E+001  3.277568624531508E+004
    327  1.984846735907135E+001  8.828652259128556E+003
    328  1.886360227442194E+000  6.180168512413443E+002
    329  6.548429338179584E+001  3.557814181648229E+004
    330  1.301179687628209E+002  5.975726850970488E+004
    331  3.328939118172648E+001  1.515937385161803E+004
    332  3.522087295540021E+001  1.654638025576836E+004
    333  2.704553760405980E+001  1.589614606186281E+004
    334  7.918109437032205E+000  3.351275446736374E+003
    335  9.445208403042993E+001  4.614869498041648E+004
    336  1.563404205494549E+001  7.022570579642139E+003
    337  4.943348567186898E+000  2.089684497310640E+003
    338  1.634738614403167E+001  7.377483032527151E+003
    339  4.834150569814399E+000  2.004322895563374E+003
    340  2.122759335758506E+001  1.279516198839622E+004
    341  5.263747762409547E+001  2.819156081702490E+004
    342  1.567156139673546E+000  5.120586667739666E+002
    343  2.682035333401203E+001  1.513453455656304E+004
    344  1.000723756920936E+002  5.181891911988072E+004
    345  3.726642064801245E+000  2.003061416244116E+003
    346  1.503913260089841E+002  9.255912538723061E+004
    347  7.964145987019019E+001  3.656731636942925E+004
    348  4.666093991547899E+001  2.150190181455728E+004
    349  9.856221730238971E+000  5.014207563613483E+003
    350  1.441517333530984E+000  4.704026258086008E+002
    351  8.350119052000878E+000  4.422930407224497E+003
    352  2.068451996939245E+001  9.408028451742624E+003
    353  3.229654850605882E+000  1.359403921003412E+003
    354  2.038581578723250E+000  7.262915769698037E+002
    355  1.342156798941348E+001  6.921143907299652E+003
    356  6.011092501071497E+001  3.269825654808562E+004
    357  2.089082460555602E+001  9.497867727507224E+003
    358  2.704514548450675E+002  1.367810132914552E+005
    359  2.319961965727157E+001  1.292038357019432E+004
    360  8.428845358364311E+000  4.054110211451641E+003
    361  5.733430295627074E+000  2.474229807526131E+003
    362  1.109905443807183E+000  2.956168968454127E+002
    363  5.807269904859004E-001  5.818953809134127E+001
    364  1.084044192328983E+001  5.512754434650063E+003
    365  8.067146829141826E+000  4.453347592220841E+003
    366  1.881702323599005E+000  6.739792876619683E+002
    367  1.314183846722890E+001  7.243945211907755E+003
    368  1.593435655397730E+000  5.111588274954622E+002
    369  5.602902961222688E+000  3.235844766462882E+003
    370  2.576448887655191E+000  9.776520175345440E+002
    371  1.206988995715050E+000  3.527907930084825E+002
    372  1.126205409630324E+001  5.299001794673178E+003
    373  1.008603183971592E+000  2.891222319293406E+002
    374  3.694106363163506E+001  2.022607365925724E+004
    375  3.538882024427180E+000  1.635666050099361E+003
    376  3.221763817438155E+001  1.977867088627054E+004
    377  7.914185737775540E+000  3.787594651521935E+003
    378  8.525612336334893E+001  4.398416989513607E+004
    379  7.231221951770623E+001  3.341568014047164E+004
    380  6.286357404373391E+001  3.124183314055784E+004
    381  8.672543225864132E+001  4.353568849242599E+004
    382  1.358022119911063E+001  6.085662377548553E+003
    383  6.459879393969280E+001  3.320678217687589E+004
    384  1.186537267465019E+003  6.360032895346790E+005
    385  4.780621523388529E+001  2.221075759595383E+004
    386  2.155283812039233E+002  1.192782977311621E+005
    387  1.816179309560576E+002  8.516243619578279E+004
    388  5.146012382432918E-001  6.122617010500834E+001
    389  1.531439640880627E+001  6.844258974778641E+003
    390  9.413614043920979E+002  4.746780497744072E+005
    391  1.952748553605727E+002  9.530387580941363E+004
    392  7.286427907106961E+002  3.568007801434959E+005
    393  3.041145258594439E+002  1.927945134549724E+005
    394  1.398173285022311E+001  6.381599937400722E+003
    395  1.005262874777028E+002  5.901200465014914E+004
    396  7.228747147440079E+001  3.785576414653961E+004
    397  1.837253726933814E+001  9.845834817991325E+003
    398  1.346288853217497E+001  7.551822322225734E+003
    399  3.501652431964840E+001  1.911382113164273E+004
    400  5.154024952076880E+001  3.025077849186006E+004
    401  1.977464971994399E+001  8.880208524213735E+003
    402  2.031845280888614E+002  1.082719328261874E+005
    403  5.601801083640721E+001  2.609560765151316E+004
    404  3.356593233521660E+001  1.632985967816661E+004
    405  1.117265545872127E+002  5.410876436683937E+004
    406  4.546266397265378E-001  6.153029419395466E+001
    407  1.282836938157970E+002  7.809281478418013E+004
    408  1.002123410033524E+000  3.537926248391238E+002
    409  2.843562391787713E+001  1.512437700399088E+004
    410  3.596115237978924E+000  1.594584598389812E+003
    411  3.537871527770506E+001  1.834799955585009E+004
    412  6.372344048258206E-001  1.551398151851531E+002
    413  5.473801200633773E+001  2.772183636547189E+004
    414  3.688925753214313E+000  1.662265816005594E+003
    415  5.766549229129053E+001  3.044415653679653E+004
    416  2.942195038840713E+000  1.374326496287501E+003
    417  2.849899685611193E+001  1.316329499708426E+004
    418  1.489646407202869E+003  6.878264690739984E+005
    419  2.341628566301419E+002  1.338674295332639E+005
    420  4.618286429378518E+000  2.118474410408183E+003
    421  4.600305361156446E+001  2.367196240563976E+004
    422  2.391207336281805E+002  1.080883481549101E+005
    423  1.099835675643915E+002  5.992545004224426E+004
    424  9.909693556196841E-001  3.146246492230762E+002
    425  1.758711300116688E+002  8.712957402934432E+004
    426  4.620449775415686E+001  2.408663963172167E+004
    427  2.474679338200251E+002  1.229431652213386E+005
    428  8.544830532827650E-001  2.521051957379552E+002
    429  2.124132914925424E+000  8.464017921485255E+002
    430  1.285491427519571E+002  6.554953285901748E+004
    431  5.273589887270830E+001  2.621910164664140E+004
    432  6.951653277279619E+000  3.392378735869461E+003
    433  2.596442155094455E+001  1.323068186674112E+004
    434  9.944041760355606E+001  5.147078796505892E+004
    435  2.872268640652889E+000  1.191723869666341E+003
    436  4.614713106122649E+002  2.290509815122508E+005
    437  2.101886418457560E+000  8.888954952257631E+002
    438  1.805071611243465E+002  1.001220808887716E+005
    439  6.187397630222160E-001  1.445198237724699E+002
    440  5.043723634183952E+001  2.816898375244334E+004
    441  2.656565276799770E+000  1.055378546606110E+003
    442  1.490803036038652E+001  8.492222440010069E+003
    443  3.804757018530895E-001  3.860638364503792E+001
    444  9.696572663522508E+000  4.311231332657720E+003
    445  4.320794334692214E+001  2.437052916169773E+004
    446  4.899694898647977E+001  2.682223508755002E+004
    447  1.282429669652364E+000  4.670309294236704E+002
    448  5.037552802886945E+001  2.439736759435095E+004
    449  1.339824476932748E+001  6.309695793449128E+003
    450  1.055770703224202E+002  5.971768194287873E+004
    451  9.441603142028029E+000  4.572951581869530E+003
    452  3.537902492669553E+002  1.813513919827496E+005
    453  1.458841957227616E+002  8.401740929325543E+004
    454  3.520184260173141E+002  2.120431907118684E+005
    455  2.679536270714263E+001  1.346570543182042E+004
    456  1.733197506264140E+002  9.615120724054279E+004
    457  1.834920632663848E+000  7.022401961557854E+002
    458  1.371902484932345E+002  7.518665947574131E+004
    459  5.894033437327155E+001  2.832608223168741E+004
    460  6.791426638723968E+001  4.022961463163178E+004
    461  1.286809166418089E+000  4.695858264982251E+002
    462  8.434317539265038E+001  4.927073572631801E+004
    463  2.504278158970838E+000  1.002683880087096E+003
    464  8.607738576090890E+001  4.606696680637304E+004
    465  2.432987028977576E+000  9.844890109197062E+002
    466  1.084029879872843E+002  5.444928669005967E+004
    467  2.060378395811676E+001  1.069949173085585E+004
    468  4.715247870826308E+001  2.388583725902991E+004
    469  1.600168854547959E+000  5.870411682114194E+002
    470  3.276975695737240E+000  1.380243259837801E+003
    471  2.399676884974638E+000  9.758491366890290E+002
    472  5.103312726780806E+001  3.192099981472203E+004
    473  5.243482925735853E+000  2.605186162625720E+003
    474  1.712232669064882E+002  1.082867424852995E+005
    475  7.112922721051814E+001  3.416665551455360E+004
    476  2.204862304204066E+000  9.247061917171887E+002
    477  4.180042788619134E+001  2.470397396385807E+004
    478  4.188812873202300E+001  2.007888052848562E+004
    479  7.527665417913849E+001  4.693145782827019E+004
    480  1.906270367383651E+001  9.794318890003673E+003
    481  4.209330538424693E+000  1.714625019870818E+003
    482  3.605239336203270E+001  1.937862370328228E+004
    483  2.893271992891615E+001  1.584927179699510E+004
    484  2.895471582968848E+000  1.305130633059746E+003
    485  9.963190667648618E+001  5.383672372529255E+004
    486  9.810127790466661E+000  4.210677688185852E+003
    487  5.473369554185037E+001  3.188875818865775E+004
    488  1.253921911390629E+000  4.284043081023265E+002
    489  2.881424257100756E+001  1.763018331275116E+004
    490  6.487170161968724E-001  1.847046029545493E+002
    491  8.132422858002197E+001  3.907879676645278E+004
    492  4.055488206051441E+001  2.163909050539754E+004
    493  1.636314834544629E+001  7.471227757359218E+003
    494  2.324775939963535E+001  1.294639228087663E+004
    495  2.353990758735263E+001  1.380777678317479E+004
    496  7.239224399444436E-001  2.257508660155082E+002
    497  3.906933126138751E+001  2.118834568725896E+004
    498  2.369389929370050E+001  1.284015832362042E+004
    499  3.180676580531933E-001  2.349892137475175E+001
    500  2.009583544006379E+001  1.121761490390401E+004
    501  3.196802658653063E-001  2.680010873486346E+001
    502  6.657732580051738E+000  2.968036411555246E+003
    503  5.103604904776711E+001  3.194791808203057E+004
    504  5.331131090453469E+001  3.005346995153208E+004
    505  5.899773800894071E+001  3.271199656344301E+004
    506  8.050982810181445E-001  2.475119730260771E+002
    507  7.011679681661062E+001  3.975534377968956E+004
    508  1.353907956021307E+000  5.556533683247247E+002
    509  9.928513939473491E-001  3.878169710329833E+002
    510  4.758175537215803E+001  2.831293592576188E+004
    511  3.074830346782066E+000  1.479630539028992E+003
    512  4.699348009551919E+001  3.041856613912285E+004
    513  3.376437422304098E+000  1.637661276984278E+003
    514  1.846122888961599E+001  1.047116241473838E+004
    515  6.850610084568113E+000  3.319196736907888E+003
    516  1.078271118956498E+001  5.511376977501299E+003
    517  1.438418664116050E+001  8.343832507763564E+003
    518  4.319842983642801E+001  2.646980808652764E+004
    519  3.577502240602808E+001  2.159373892550138E+004
    520  7.268197781379910E-001  2.614252365289619E+002
    521  6.610088755908794E+000  2.891082803037869E+003
    522  2.079662236342509E+000  9.299843303328597E+002
    523  1.080969657769577E+001  6.286029757303847E+003
    524  5.730784462911388E+001  3.946397223153812E+004
    525  1.414354855172582E+001  6.636095830535250E+003
    526  3.835163751129584E+000  1.705394152870554E+003
    527  1.936790537152144E+001  1.293826481673646E+004
    528  5.652460140450351E+000  2.538577874495529E+003
    529  3.045710172912909E+000  1.304259296204254E+003
    530  1.085544486432579E+002  5.343666195200419E+004
    531  1.055608278613784E+002  5.224503367620472E+004
    532  1.506392199967622E+001  7.085264926524723E+003
    533  3.483711879555746E+001  1.628999514732645E+004
    534  1.199818567395069E+001  6.479771355528203E+003
    535  2.474654479274714E+002  1.579490150205050E+005
    536  9.056234604455440E+001  4.173694068363679E+004
    537  6.258774863436623E+002  3.872422543855981E+005
    538  6.161940835438109E+001  3.069711482647269E+004
    539  1.154407675671489E+003  5.912386874689390E+005
    540  2.152618427286901E+001  1.280836950002745E+004
    541  1.735474256168339E+001  8.938545480626326E+003
    542  6.896930204484220E+000  3.139504264948357E+003
    543  4.056124156487184E+001  1.955648566795292E+004
    544  3.699222329033514E+002  1.704774383510617E+005
    545  2.047829210295842E+001  1.107504550833407E+004
    546  5.232677388232286E+002  2.411455701801910E+005
    547  6.912372821054954E+003  3.194393475633235E+006
    548  9.066696877853229E+001  4.438102679459065E+004
    549  2.869379590695418E+002  1.328865001698139E+005
    550  4.022477304036811E+001  2.627428620806806E+004
    551  3.375601442365136E+002  1.561235255092249E+005
    552  2.480442144229388E+002  1.146289373685747E+005
    553  8.154663082092942E+001  4.032044956537872E+004
    554  2.629771565806657E+002  1.214239705445282E+005
    555  1.035633855098382E+001  4.760307262799911E+003
    556  5.790370135322098E-001  2.380128619519677E+002
    557  2.496262732369168E+001  1.344748310287835E+004
    558  4.183242602682308E+000  1.911332914800110E+003
    559  1.651448659410931E+001  1.023673735254758E+004
    560  1.566633911303680E+001  7.257156414724060E+003
    561  5.797580823912823E+000  2.629492133595603E+003
    562  8.962805412317016E-001  3.725835045896183E+002
    563  3.536802307267826E+002  1.953129306793159E+005
    564  2.140217588285720E+001  9.924241896931817E+003
    565  8.819426140490522E+000  4.065897954166741E+003
    566  4.695535032323888E+002  2.475068911556446E+005
    567  2.948418608147053E+000  1.322834060097864E+003
    568  2.796037814966175E+001  1.434785237134641E+004
    569  1.940064823293703E+000  8.584524400184332E+002
    570  3.301558542661958E+001  1.585867529551576E+004
    571  5.556119848448202E+000  2.555514268177905E+003
    572  5.438682689508678E+001  2.549960364122406E+004
    573  8.299183339501372E+000  3.822072777283759E+003
    574  1.992076539064250E+000  8.720130001930726E+002
    575  2.963929511476686E+001  1.696017904558797E+004
    576  2.589089710858748E+001  1.238863718203876E+004
    577  4.858278311918239E+000  2.194032479789490E+003
    578  1.799895762263630E+001  8.127786110415476E+003
    579  2.143399966875861E+000  9.662392963720910E+002
    580  2.901137008166369E+001  1.357742965017922E+004
    581  1.551793187559653E-001  4.261882434188536E+001
    582  3.384834343901841E+001  1.338131271633368E+004
    583  2.720332055938160E+000  1.203517123111856E+003
    584  4.116225538566294E+000  1.925312269868981E+003
    585  2.254615177051464E+001  1.007668967595368E+004
    586  5.136009901369091E-001  2.057817728166368E+002
    587  7.970661484952577E+000  4.346342792135141E+003
    588  8.813278830184252E+001  5.053701663168174E+004
    589  2.294440095747288E+000  1.019771901986939E+003
    590  6.093642488551155E-001  2.415221302671468E+002
    591  8.010181296022462E-001  3.409789391636403E+002
    592  6.267240471346277E+001  3.466215563965825E+004
    593  5.923525200368764E+001  3.134602277067419E+004
    594  3.692914906662370E+000  1.674809214977226E+003
    595  1.893184914863415E+000  8.308873650504383E+002
    596  2.141943181281344E+000  9.854030293773526E+002
    597  1.249975611322450E+001  6.065428035400789E+003
    598  8.680797466742375E-002  9.162371569456523E+000
    599  1.349403833342111E+001  8.286669299975925E+003
    600  8.308894799895805E+000  4.832111341544211E+003
    601  9.426080647334878E-001  4.202877665837695E+002
    602  2.601830893173416E+001  1.468616503774501E+004
    603  3.372854909664710E-001  1.377400856684864E+002
    604  9.622397994047018E+000  5.102646179925902E+003
    605  4.397584102687980E+000  1.989159630351261E+003
    606  2.027661431714514E-001  6.146703673496753E+001
    607  1.044936540554479E+001  5.329066376201073E+003
    608  1.290570885979829E+000  5.689776130697331E+002
    609  7.840945317444039E+000  4.267393786290060E+003
    610  2.628414187982798E+000  1.186772901196868E+003
    611  8.188950770992120E+000  4.184176351919748E+003
    612  1.209045481448323E-001  2.722266699332299E+001
    613  1.224719865159783E+001  7.425490184468087E+003
    614  3.393196672190053E-001  1.293113840497128E+002
    615  7.524472797895010E+000  4.456224332680013E+003
    616  2.952975550206062E+000  1.353918099374900E+003
    617  1.780861954579947E+001  9.104794228664588E+003
    618  1.656023663591973E+001  8.516645330138828E+003
    619  6.799941292485028E-001  2.871625954128259E+002
    620  8.628786120978807E-002  9.010156057239493E+000
    621  1.038462212608193E+001  5.430458593658990E+003
    622  2.255258690660885E+000  9.976933597988022E+002
    623  1.000762465063342E+001  5.153456885760016E+003
    624  2.449960543428202E+000  1.092873839859422E+003
    625  7.038355327823012E-001  2.904871122460730E+002
    626  4.791129378468279E+000  2.350463560568989E+003
    627  5.590918753925503E-001  2.291461867550707E+002
    628  1.122518669164087E-001  2.083355707042919E+001
    629  1.155572060013691E-001  2.435608471742779E+001
    630  4.396972919969547E+000  2.046800556176627E+003
    631  3.406327701382569E+000  1.689861667684111E+003
    632  9.056392454437480E+000  5.670101014277129E+003
    633  1.279760622069766E+000  5.531147545116551E+002
    634  9.815177406770825E-001  4.217434729450429E+002
    635  4.012836385410944E+000  1.910071656513604E+003
    636  3.031438366471878E+000  1.423213952006788E+003
    637  2.090664256621640E+000  1.048453979929814E+003
    638  1.746814946784936E-001  5.120527884584965E+001
    639  5.250393763075162E+000  2.813099831144810E+003
    640  6.455449791655022E-001  2.836377729966673E+002
    641  1.853982552773569E+000  8.411781279941800E+002
    642  5.561364383026242E-001  2.242322590947082E+002
    643  2.990655162460610E+000  1.625994268058881E+003
    644  3.741688512560576E-001  1.431479201711273E+002
    645  3.653380868049964E+000  2.016696281334555E+003
    646  1.756877632774442E+000  8.835028405914204E+002
    647  7.341226748917835E-002  3.794052304181986E+000
    648  5.521756112015186E-001  2.324741074294849E+002
    649  4.182414348415524E+000  2.409768687761970E+003
    650  6.743992602654116E+000  3.470399151254343E+003
    651  5.590888193036353E-001  2.276342730065330E+002
    652  7.825833755700921E-002  5.517350373573913E+000
    653  1.850923451493372E-001  5.879284321279547E+001
    654  7.498497616512235E+000  4.355300297676207E+003
    655  6.991879265804731E+000  3.676640288968205E+003
    656  1.985707429436377E+000  8.839551941552221E+002
    657  6.807339379960897E-001  2.844591683321953E+002
    658  1.095747292093978E+001  5.420197751618269E+003
    659  1.513139393387085E+001  7.985494334793421E+003
    660  5.417513721123488E-001  2.266395848387620E+002
    661  1.018706753939034E+001  5.623355805586332E+003
    662  3.088222764193702E-001  1.129777661134190E+002
    663  1.117592525673778E+001  6.656476820439856E+003
    664  3.990876197089186E-001  1.590507632157063E+002
    665  8.056606348416190E-001  3.405129334560931E+002
    666  2.049855928591150E+001  9.701406202405109E+003
    667  7.530441133820709E+000  3.734352659951768E+003
    668  5.572761285559487E-001  2.342406081748210E+002
    669  2.280097689345905E+001  1.197966502017604E+004
    670  1.324948419024212E+000  5.940986906363756E+002
    671  8.915666815786141E+000  4.312074493038025E+003
    672  2.721526257311723E+000  1.219051029825092E+003
    673  1.947398610883887E+001  9.283190916336380E+003
    674  3.194865417796355E+000  1.440997711996606E+003
    675  1.207561814496102E+001  5.455495887657496E+003
    676  8.482475792579235E+000  3.994532574108133E+003
    677  5.067209652726741E-001  2.017581864500936E+002
    678  1.090247400623308E+001  5.701139809578634E+003
    679  7.200402563429643E-001  3.043984975448614E+002
    680  1.826797822860766E+001  1.078178286070697E+004
    681  1.177628200787874E+001  6.008487919584045E+003
    682  1.707543444831076E+000  7.578752328254517E+002
    683  6.615755122204458E+000  3.630635152404809E+003
    684  1.410868550289637E+000  6.270654259017850E+002
    685  5.907248208070178E-001  2.464587823563883E+002
    686  1.666397007614060E+001  8.043586064318940E+003
    687  1.345352214267617E+001  7.386316841969288E+003
    688  3.171276019575648E-001  1.173478033799205E+002
    689  1.265969769172802E+001  6.816259709661658E+003
    690  1.458151975970297E+001  7.365404011646563E+003
    691  1.368527162521963E+001  7.422233295755119E+003
    692  1.509109068391093E-001  4.256396155177686E+001
    693  2.851107590628760E-001  1.042618603381120E+002
    694  2.398676570352248E+001  1.257704540540576E+004
    695  1.499559493915778E+000  6.709666219832956E+002
    696  4.500175340684218E-001  1.838818401209011E+002
    697  1.359684600352429E+001  7.172082523429989E+003
    698  4.525302398089367E+001  2.364031607057935E+004
    699  5.243387828756934E-001  2.155794154178476E+002
    700  1.025507217292765E+001  5.306084578714989E+003
    701  9.275105666632671E-002  1.388430765077439E+001
    702  1.115649374506613E+001  5.422396055553553E+003
    703  3.176116824428062E-001  1.157951691392640E+002
    704  1.102823488047172E-001  2.085579934310712E+001
    705  3.172963961825884E-001  1.182224556054661E+002
    706  1.357706116235120E+001  7.131791503828218E+003
    707  5.883852523629008E-001  2.412572340050511E+002
    708  1.986705519631488E+001  1.060151308209824E+004
    709  1.037370381996284E+000  4.528331226340662E+002
    710  4.798474254132135E+001  2.455283042608921E+004
    711  3.251440668918932E-001  1.285411794139918E+002
    712  1.800419029705376E+001  1.082782375328017E+004
    713  2.017033097834454E+000  9.125940582809162E+002
    714  4.705272066852570E-001  1.867152447121403E+002
    715  4.339473931843487E-001  1.715988163489270E+002
    716  3.074595325178117E+001  1.583885639667940E+004
    717  1.983710040748373E+001  1.075958469787600E+004
    718  9.044418308589154E-002  1.624020991387250E+001
    719  6.833871375461645E+000  3.923842182891368E+003
    720  1.415645460582884E-001  3.621041505002748E+001
    721  1.518735006816580E+001  7.916395021409530E+003
    722  4.870714387183128E-001  2.066471745503042E+002
    723  1.206407357982254E-001  3.958110307304261E+001
    724  9.251349128862731E+000  5.420867020170187E+003
    725  3.743438346761373E+001  2.236899100410178E+004
    726  1.775444103030286E-001  5.456407843030754E+001
    727  1.192015053437806E+001  7.061426511703251E+003
    728  2.475875095636359E-001  8.615772055958814E+001
    729  1.847596095801493E-001  5.744998727342548E+001
    730  8.397345859641993E+000  4.315004042553900E+003
    731  4.717858214609994E+000  2.871727106121833E+003
    732  5.333777849267491E-001  2.140891273433981E+002
    733  6.732003353221201E+000  3.682066914245826E+003
    734  8.866582695361522E-002  1.408071760773250E+001
    735  1.931778795942217E-001  7.598701357612030E+001
    736  1.071979578415670E-001  2.187005856412100E+001
    737  1.776290003136438E+000  9.782959977110945E+002
    738  6.563161761628215E+000  3.492369647905600E+003
    739  3.301711255430435E-001  1.401050243645122E+002
    740  1.329593310779847E-001  4.191558730917501E+001
    741  1.206289589953062E+001  7.924870330976472E+003
    742  6.419880615598926E+000  3.531782061363725E+003
    743  7.577513491305135E-002  9.531188603004388E+000
    744  9.318085072626661E-001  3.987738410256734E+002
    745  1.350437878933197E+001  7.444128400049706E+003
    746  9.704930223834154E+000  4.642947726462168E+003
    747  2.178184865522431E-001  7.953542137532531E+001
    748  5.355929944581216E+000  2.734642211119496E+003
    749  1.829570483785148E+001  9.209722857203158E+003
    750  1.523481027977484E-001  4.377390500996529E+001
    751  5.505330516079491E+000  2.785469630267317E+003
    752  7.870941443360568E-002  9.287855550361153E+000
    753  1.312253609538332E-001  3.480592868990306E+001
    754  4.573645450229700E-001  1.990048313319253E+002
    755  5.787843014196177E+000  3.151089144008273E+003
    756  3.554317964532889E+000  1.986754561142589E+003
    757  6.664506074532537E+000  3.532489577937529E+003
    758  4.583800678721085E-001  1.814618767574049E+002
    759  8.376181202881569E-002  1.342126646065397E+001
    760  8.101852168754434E+000  4.366428453067219E+003
    761  3.180930718783905E-001  1.186822889009585E+002
    762  5.846319583363728E+001  2.994804986321263E+004
    763  2.279476401485116E+001  1.189179055697390E+004
    764  3.100796055335767E-001  1.194811446563584E+002
    765  2.047936025988579E+001  1.275644725547642E+004
    766  2.419216462886641E-001  9.607841262131409E+001
    767  3.966210077024406E-001  1.564967728281796E+002
    768  2.722039817560503E+001  1.472705607648193E+004
    769  1.502991976094389E+001  8.042119643183210E+003
    770  5.279870247577587E-001  2.142429538600143E+002
    771  1.733157759980483E+001  9.941476199799943E+003
    772  2.213056043549286E+001  1.171638806529430E+004
    773  8.461853001748375E-002  1.342647898557228E+001
    774  1.163433682049907E+001  5.532671228294537E+003
    775  9.347996593891622E-002  2.161554676351100E+001
    776  2.141393672500942E-001  7.329816826989247E+001
    777  4.370250548553627E+001  2.588095846307558E+004
    778  2.910103471558589E+001  1.751248681430185E+004
    779  1.768332132228582E-001  5.747019505953813E+001
    780  8.900492735983299E+000  4.692635928745970E+003
    781  6.071412950154448E-001  2.572009849416654E+002
    782  7.301166466339452E-001  3.108009737919254E+002
    783  3.858894963089472E+001  2.240364971677748E+004
    784  1.371486439013737E+001  7.862742639782329E+003
    785  6.714754388804904E+001  3.610570067878663E+004
    786  3.970582083830203E-001  1.586438748562455E+002
    787  1.145628139087151E+000  5.073232813950351E+002
    788  1.592734549763871E-001  4.840879225843901E+001
    789  9.442532854048736E+000  5.076528238399288E+003
    790  8.329398622607187E-001  3.643137588434086E+002
    791  1.372213391924181E+001  8.352536778663132E+003
    792  3.998094707167944E-001  1.714592882691381E+002
    793  4.972357333948739E+000  2.958282065033376E+003
    794  5.307089472239631E-001  2.200582469948255E+002
    795  8.625733994278484E+000  5.636029770065725E+003
    796  2.801126093625462E+000  1.509088470495623E+003
    797  9.287504874503313E+000  4.975695335412194E+003
    798  1.589129013091218E-001  5.541555652664214E+001
    799  7.949139699674436E+000  4.254200803861378E+003
    800  1.225879278550992E+000  5.633159476999144E+002
    801  8.774680331407538E-002  1.712513431622514E+001
    802  1.062911561660671E+001  6.061443793728163E+003
    803  8.077126620705227E+000  4.363007196615871E+003
    804  6.802832064501765E-001  2.909819223808537E+002
    805  2.264500611219383E-001  8.223318740398048E+001
    806  6.537410175566417E-002  5.304305971221759E+000
    807  6.429031053861082E+000  3.843206059469492E+003
    808  8.445214717514435E+000  4.622408190982555E+003
    809  4.395240096177974E-001  1.768238026439533E+002
    810  2.306898400361113E+001  1.505702266688370E+004
    811  1.296415770007506E-001  3.667510943370564E+001
    812  6.556233661829745E+000  3.890555834148892E+003
    813  2.321578463474847E+001  1.502237319550372E+004
    814  1.169271056951382E-001  2.828471955230942E+001
    815  6.755807608294520E-001  3.051078968337457E+002
    816  3.133077258955548E+001  1.920435969485066E+004
    817  1.248644166403598E+001  7.990428373867479E+003
    818  2.067396808091385E-001  7.777920629183033E+001
    819  1.242003184866019E-001  3.963209913236368E+001
    820  4.536853028533999E+000  2.532854500852078E+003
    821  6.519737729660570E+000  3.747150161273842E+003
    822  1.020290297317060E+001  5.235120599808500E+003
    823  6.320921950492041E-002  5.395064432536969E+000
    824  5.167908391838417E+000  3.222143340789547E+003
    825  9.238444889493824E+000  5.549754240337454E+003
    826  1.755219503034774E+001  9.635143860104608E+003
    827  3.791670956804941E+000  2.116403535735314E+003
    828  3.233102922642005E-001  1.310352442203630E+002
    829  1.219462694951034E+001  5.774410530313421E+003
    830  3.649157641228173E-001  1.541599870369043E+002
    831  4.895623909268625E+000  2.675414776151462E+003
    832  8.790081137471429E+000  4.615182924577834E+003
    833  6.783931816481384E-002  7.709697156195619E+000
    834  1.264549885662461E-001  3.521755331179477E+001
    835  9.263781822325560E+000  4.569067912836652E+003
    836  3.098852218969222E+001  1.588207299038783E+004
    837  4.035929807361030E-001  1.895740384393863E+002
    838  1.670244966007666E+001  8.488342876683242E+003
    839  1.644675476497514E-001  5.262467917036518E+001
    840  8.297789055606336E-002  1.453053342212896E+001
    841  9.272342479695701E-002  1.886178042563667E+001
    842  1.393849659772778E+001  8.542349375470023E+003
    843  7.725139930100702E+000  3.817094651351815E+003
    844  1.046066047720147E+001  5.964280865182437E+003
    845  6.187248230404475E-001  2.759035705384984E+002
    846  5.344268513763046E-001  2.201506824044919E+002
    847  1.047450647887743E+001  5.959809541026785E+003
    848  1.232909040350478E+001  6.951593072473262E+003
    849  4.744811713289110E-001  1.969761223670732E+002
    850  6.462140074589334E-002  6.111616267197924E+000
    851  4.947164034045011E+000  2.707089784877792E+003
    852  4.684546660589322E-001  2.072719264345670E+002
    853  2.634886998427478E+000  1.550391649384786E+003
    854  8.952229034531573E+000  5.595440209924406E+003
    855  5.108889394683625E+000  2.998222452660157E+003
    856  1.496494859216250E-001  5.758521158226028E+001
    857  1.194525506089056E-001  3.783958803386034E+001
    858  6.218495824988843E+000  3.888807582527937E+003
    859  3.048052790871728E-001  1.291091172554614E+002
    860  4.114725528395533E+000  2.559800522693866E+003
    861  1.269843631652440E-001  4.290843870456257E+001
    862  5.392577199034265E-001  2.246935084838859E+002
    863  4.662218409608564E+000  3.062364665828159E+003
    864  7.267154843929378E-002  1.209950089651749E+001
    865  5.542683366101446E+000  3.186294285640488E+003
    866  9.089414965398980E+000  5.364576239364159E+003
    867  1.403457441054466E-001  5.038294592387739E+001
    868  1.175798510502078E+001  6.430341237593355E+003
    869  9.257323072060376E-002  2.011118325893941E+001
    870  2.923644598041408E+001  1.711355611096420E+004
    871  6.315043790679437E+000  3.198958871171768E+003
    872  7.020567492932886E-002  1.279979303259501E+001
    873  7.142469169289669E+000  3.836747978252074E+003
    874  1.106866775512222E-001  3.009678875164375E+001
    875  4.446922944210171E+001  2.144148437372902E+004
    876  1.167692927621939E-001  3.403760344319124E+001
    877  1.005531456026758E+001  5.709317080462998E+003
    878  1.617661760975177E-001  5.138603284188238E+001
    879  3.523713286847117E+000  1.717405137038302E+003
    880  2.369303645887688E+000  1.323388158192894E+003
    881  5.359512614443718E-002  3.753896252048867E+000
    882  1.586959818492655E-001  5.604450209741410E+001
    883  3.095216114458232E+000  1.598930351309904E+003
    884  2.084013232910541E+000  1.206639923430175E+003
    885  5.543143400408355E-002  3.571863929107030E+000
    886  8.202607458492498E+000  4.932421790177600E+003
    887  8.380880843908042E+000  4.392502647742182E+003
    888  1.867710887239132E-001  6.405197116411172E+001
    889  7.336062339299074E-002  1.335079764698681E+001
    890  2.000717020612484E+001  1.180416601245446E+004
    891  8.341913115145956E-002  2.343723212007936E+001
    892  1.253850614785163E+001  6.695960101136756E+003
    893  4.185398109222411E-001  1.705434202009419E+002
    894  7.979336944857688E+000  4.003838914913303E+003
    895  1.318512564506861E+001  8.599473257344851E+003
    896  1.787806308294776E+000  9.359202578187436E+002
    897  2.271897572060899E+001  1.307461654433701E+004
    898  1.935636642958371E+001  1.057640353036931E+004
    899  2.657932073619412E+000  1.219569179901144E+003
    900  1.506181268114715E-001  5.237702360359766E+001
    901  2.812657873804543E-001  1.075088976179764E+002
    902  1.473904317190966E+001  8.571115940977308E+003
    903  3.646492592891259E+000  1.863210489464924E+003
    904  7.916992411062222E-002  1.898208185445018E+001
    905  1.672713263313876E+001  9.542328355792220E+003
    906  1.186706920281057E-001  3.915298632110650E+001
    907  1.045510276204358E+001  5.953164674037114E+003
    908  3.030311118518829E-001  1.180208149727484E+002
    909  1.599698469667130E+001  9.454551575502037E+003
    910  1.362686438357001E+000  6.038269694975201E+002
    911  2.751720050081243E+001  1.562210892871017E+004
    912  1.166893424246034E-001  3.524454277929161E+001
    913  1.844297695904626E+000  9.674751924606313E+002
    914  6.336749802118531E-002  9.789889184910583E+000
    915  5.649336354832259E-001  2.541728956281804E+002
    916  4.670771729855374E+000  2.338465706104799E+003
    917  6.578624334078824E+000  3.486861830333684E+003
    918  1.369549601842249E+001  8.172462584492310E+003
    919  7.547693674927795E+000  3.739475432164942E+003
    920  2.656747062455372E-001  1.025672746037079E+002
    921  7.075254690087052E+000  3.376178946952833E+003
    922  8.023129189003102E-001  3.725094722035529E+002
    923  7.218874349216096E-001  3.265928148283418E+002
    924  1.648659698944562E+001  9.573307053749055E+003
    925  1.671003243987667E-001  5.729690298248889E+001
    926  5.709524614340126E+001  2.769166422183508E+004
    927  7.955326312641575E-001  3.522236156340964E+002
    928  3.366132257845697E+001  1.787108963709049E+004
    929  2.319333239859578E+001  1.326498432400367E+004
    930  2.035270330977235E+001  1.215520218216180E+004
    931  3.501328220767901E-001  1.439955773051143E+002
    932  2.746063145608179E+000  1.431060973528618E+003
    933  2.985567715982941E-001  1.260684799302431E+002
    934  1.249970155105321E+001  7.643057311587946E+003
    935  2.000493673573168E-001  7.138300014504311E+001
    936  2.545233716277446E-001  1.226400467782890E+002
    937  2.180015970556586E+001  1.224764186231515E+004
    938  9.109995197521760E+000  5.072360784588947E+003
    939  2.400693581005159E-001  9.112281469839353E+001
    940  8.475726041398083E+000  4.738793689518297E+003
    941  1.385968405256648E-001  5.341501663149280E+001
    942  4.517965096921997E+000  2.760036440535951E+003
    943  3.016071192851068E+000  1.661539350581539E+003
    944  8.593351100686791E+000  4.771310180919484E+003
    945  4.615914909288442E+000  2.507494251650494E+003
    946  9.526499373741838E-002  2.641797546531201E+001
    947  1.336408167387663E+001  7.463020634157940E+003
    948  8.412602979625996E+000  4.405145583405262E+003
    949  4.438585384793000E-001  1.945542393436997E+002
    950  6.505628598623063E+000  3.339347248725574E+003
    951  2.471106523066545E-001  1.050766755806074E+002
    952  1.779357440732916E+001  9.557639512207092E+003
    953  5.460823338206868E-001  2.715956909325338E+002
    954  2.716781731778497E+001  1.725641749825514E+004
    955  8.236898816473404E+000  5.563605109227570E+003
    956  1.346533564365836E-001  6.054199392214154E+001
    957  2.851856585269811E-001  1.131943700852878E+002
    958  7.444107978501769E+000  4.689970435452481E+003
    959  1.315159656059959E-001  4.625130305818967E+001
    960  9.874997264634988E+000  5.630585452120285E+003
    961  2.286195188127695E-001  8.955605367742395E+001
    962  5.078717983616343E+000  2.922718438176391E+003
    963  7.552981277682901E-001  3.316498440639635E+002
    964  1.188704393289431E+001  7.368571770532854E+003
    965  6.566342371269494E-002  1.598851839133241E+001
    966  3.448762484976163E+001  1.973466248214694E+004
    967  1.976339365202718E+001  8.908931928765714E+003
    968  1.131313134189573E+001  5.483735971701378E+003
    969  8.048349518608088E-002  2.001978871548835E+001
    970  2.491449592546558E+001  1.392028602113853E+004
    971  9.390022301463698E-002  2.837186355862739E+001
    972  7.831604298099136E+000  4.365716367958648E+003
    973  2.648042171156441E+001  1.415851347511372E+004
    974  1.471625543960042E-001  5.115669320674309E+001
    975  6.223429277633361E+000  2.855470385547815E+003
    976  1.260655936639317E+001  6.462165838131474E+003
    977  3.167430849516473E+000  1.598587921526373E+003
    978  4.150146575013864E-001  2.114122073385508E+002
    979  4.792491862794045E+000  2.884796918351830E+003
    980  1.678448507699867E-001  6.519403734911913E+001
    981  1.926087080822274E+001  1.159840335231136E+004
    982  4.490611462282706E-001  2.100565669370611E+002
    983  4.396154297741191E+000  2.476165072131919E+003
    984  6.529616372720111E+000  3.173454298554628E+003
    985  3.180350717762417E-001  1.444120106951790E+002
    986  5.997212206064606E+000  3.230388769501152E+003
    987  2.173087420239125E-001  8.163453752763272E+001
    988  2.683702807519138E+000  1.474950002172762E+003
    989  1.375626195089013E+001  8.778797703675795E+003
    990  3.769791560050231E-001  1.530439041348996E+002
    991  4.491416977395765E+001  2.713308622154553E+004
    992  2.671502452688838E+001  1.329014394713255E+004
    993  1.427204663721061E-001  5.636474175906623E+001
    994  6.115455817824065E-001  2.582896623862742E+002
    995  4.521802894955700E+000  2.313270264453550E+003
    996  1.099402564676004E-001  4.136374739625785E+001
    997  1.478482002717072E+001  9.095080898140417E+003
    998  4.653651263155373E+001  2.496902976102639E+004
    999  1.512734877694618E-001  7.146933380451830E+001
   1000  1.457846751728953E+001  8.390659685258715E+003
   1001  3.763630121831412E+001  2.234144497159743E+004
   1002  5.011740487349718E-001  2.463252867312424E+002
   1003  1.829643196157854E-001  7.075811501941500E+001
   1004  6.211072375222492E-001  2.675768578932603E+002
   1005  1.792415293838940E+001  8.748772154171893E+003
   1006  2.327608842893516E+001  1.403631589766131E+004
   1007  8.401358697139454E-002  2.618976104595258E+001
   1008  1.380944612959022E+001  7.761175305317429E+003
   1009  1.604953582146331E+001  8.575291712876782E+003
   1010  3.555994179080763E-001  1.515434716799516E+002
   1011  1.174653449410416E+001  6.196269300250009E+003
   1012  2.283919891317289E-001  8.812525656841665E+001
   1013  1.266413344836127E+001  6.364469585407470E+003
   1014  2.517366319040015E+000  1.332786168541944E+003
   1015  8.573366179967204E-002  3.305285205228919E+001
   1016  2.156454602867365E+001  1.178950347438508E+004
   1017  4.410852207496481E-001  1.819499164885887E+002
   1018  2.130854793409923E+001  1.136554121980844E+004
   1019  5.606044229961763E-002  9.042721336755653E+000
   1020  2.469629929913080E+001  1.398367964846513E+004
   1021  6.700744950673091E+000  3.906714460727525E+003
   1022  2.191020745392642E+001  1.250124707349688E+004
   1023  1.544299947793375E-001  5.210522638777033E+001
   1024  3.281252179921555E+001  2.068058559461579E+004
   1025  1.945602357453879E-001  7.549089733052371E+001
   1026  3.419663274978865E+001  1.721053807248694E+004
   1027  2.087677180888051E+001  1.202604956472093E+004
   1028  7.928985386577581E-001  3.452539607163299E+002
   1029  2.287252992647261E+001  1.263776352160072E+004
   1030  5.915927086383341E-002  1.145700439840806E+001
   1031  1.985579663623766E+001  1.147712826803597E+004
   1032  2.166612517824252E+001  1.036038781507260E+004
   1033  2.520642024549778E+001  1.343013177370052E+004
   1034  1.870735092369330E+001  9.222669955369618E+003
   1035  3.367948070546935E-001  1.386300308863882E+002
   1036  4.893585787116467E+001  2.361928699298756E+004
   1037  9.184000359018123E-002  2.548898699361086E+001
   1038  1.244509164280024E+002  5.840179442681588E+004
   1039  1.988988647328081E+002  9.934133067240461E+004
   1040  9.454677254420063E-001  4.322035623747026E+002
   1041  2.086901752713582E+002  9.591561720626774E+004
   1042  8.204140061138010E+001  4.795566117732043E+004
   1043  3.998452678418014E-001  1.673348464075614E+002
   1044  1.364004764259713E+002  7.499313925681780E+004
   1045  4.571971675886680E+002  2.155793324298591E+005
   1046  1.647887763268666E+000  7.993846484259005E+002
   1047  1.236080732646532E+002  6.167076846292653E+004
   1048  2.981346035896484E+002  1.470285905705621E+005
   1049  1.955096854333863E-001  9.294498511808111E+001
   1050  1.675511593739181E+002  8.103268955088111E+004
   1051  3.231257583524496E-001  1.381778126635136E+002
   1052  2.192500730695712E+002  1.204830973569789E+005
   1053  1.048403708444046E+002  5.362107363459220E+004
   1054  3.699629787804491E-001  1.553769762100351E+002
   1055  7.851272016072373E+001  4.433329902396563E+004
   1056  9.959118424772139E-001  5.093245637885971E+002
   1057  7.646689069682671E+001  4.035698898677779E+004
   1058  3.407835726183113E+002  1.678227304345388E+005
   1059  1.479805345325506E-001  5.803666207992492E+001
   1060  4.697476391656933E+002  2.434731198607754E+005
   1061  5.808718826952864E+001  2.924512229510180E+004
   1062  8.151460043541155E+001  4.178212300047508E+004
   1063  1.642997508917192E+000  7.551609633584935E+002
   1064  1.351180065110046E+002  6.337860672246811E+004
   1065  1.014008836209139E+000  4.492545789429842E+002
   1066  2.332360127292091E+002  1.226320134339105E+005
   1067  1.298186339271825E+002  7.550639422064631E+004
   1068  1.723693444168945E+000  7.672237132167870E+002
   1069  1.302084256521246E+002  7.613130770157324E+004
   1070  9.501497488755545E+002  5.817545083979591E+005
   1071  1.855169799718262E+002  9.905387218321541E+004
   1072  2.448050543259562E+002  1.252542368767988E+005
   1073  1.724438960239496E-001  7.226132092992202E+001
   1074  3.286427013246595E+002  1.977199714282919E+005
   1075  6.865567269193716E+001  3.165935958733345E+004
   1076  4.429545508362418E+000  2.823985048968672E+003
   1077  1.561912892711270E+000  9.108769639403748E+002
