# dt =   1.000000000000000E-005
# j, New nj, Rate of change (1/s)
      1  2.448477873273710E+002  1.485598434851235E+006
      2  8.939082663076060E+003  5.416781651766936E+007
      3  2.239573590204846E+002  1.256101876908425E+006
      4  5.219074520227369E+002  2.837029521978312E+006
      5  1.149170711513405E+003  6.072197173273470E+006
      6  1.487797084708509E+002  8.056337826462984E+005
      7  1.129807086363265E+004  5.968459712067085E+007
      8  5.758681009652862E+003  3.038321181900333E+007
      9  3.021941611342535E+003  1.765016965729048E+007
     10  2.847618661601740E+003  1.416897464403451E+007
     11  5.917726412738012E+002  3.125550718748294E+006
     12  5.261098260999634E+002  2.778255795598970E+006
     13  3.012694976581144E+001  1.557448039342946E+005
     14  2.079953819545220E+002  1.147194496854439E+006
     15  2.529075982397841E+001  1.276834432949866E+005
     16  1.782878053107602E+003  1.064539069801977E+007
     17  4.307210744965797E+002  2.355301281735408E+006
     18  1.927436861967606E+003  1.017057245972124E+007
     19  2.004136241380206E+001  9.656974500736187E+004
     20  5.081204139471487E+002  2.633596967259986E+006
     21  7.247444997943836E+001  3.649679623714943E+005
     22  5.147686790726013E+002  2.931599086390860E+006
     23  5.890782931187023E+003  3.121437965401142E+007
     24  4.401100428684539E+003  2.323119619072992E+007
     25  1.981919138933412E+001  9.837732096210304E+004
     26  4.650500787876751E+001  2.654627600968520E+005
     27  1.165162660525045E+004  6.777487251606558E+007
     28  2.080934983449072E+002  1.147099659378466E+006
     29  2.517443507000826E+003  1.422528451753489E+007
     30  6.943612484660210E+001  3.500318024628160E+005
     31  1.142622131003203E+003  6.125787009764742E+006
     32  5.662521325863402E+002  3.260353210594132E+006
     33  2.583376424740180E+002  1.352129794548491E+006
     34  1.303640019421483E+002  6.760805414137674E+005
     35  2.881294396043979E+003  1.626652588526424E+007
     36  3.254146100096234E+002  1.624109999321170E+006
     37  1.469610247372892E+003  8.415229060946666E+006
     38  4.533075610056844E+003  2.430407377393815E+007
     39  5.208997078604730E+002  2.996343479516879E+006
     40  1.534441325041400E+003  8.837699957012279E+006
     41  1.130186589832838E+003  6.547858634984210E+006
     42  4.601246207895172E+002  2.564981087698999E+006
     43  2.284347358360263E+002  1.253318756191266E+006
     44  1.457542484094544E+003  8.443728827161243E+006
     45  5.608302137109656E+002  3.303123616126265E+006
     46  2.384397891590605E+002  1.293423103883530E+006
     47  4.261733302521694E+000  1.887320998634779E+004
     48  5.750641566009143E+002  3.104083452056896E+006
     49  1.592856782798715E+002  8.622693700062032E+005
     50  1.234436916184814E+002  7.273189330952725E+005
     51  2.092678862837228E+003  1.279183882296843E+007
     52  2.015307739190934E+002  1.227589534678360E+006
     53  1.113458165225675E+002  5.908554066702006E+005
     54  1.322339223384922E+003  7.331447580031511E+006
     55  2.073067024066616E+003  1.147215874085840E+007
     56  5.420548039969477E+000  2.465886665176566E+004
     57  1.517142531787477E+003  8.386638254379570E+006
     58  1.442000336452219E+003  7.691514957657871E+006
     59  2.233666206718543E+001  1.219108360588536E+005
     60  4.226391920007878E+003  2.412241029290624E+007
     61  5.089052534170737E+001  2.411379388136402E+005
     62  1.232914667067032E+002  6.974451813372810E+005
     63  6.822792678377050E+001  3.997740322568349E+005
     64  2.504764743974125E+003  1.356328143840659E+007
     65  2.867289775935861E+004  1.594383267114832E+008
     66  3.399130296640951E+002  1.827837427785506E+006
     67  3.534101723543834E+003  1.949754056418768E+007
     68  8.158052530478804E+001  4.469013364307079E+005
     69  2.405164046388192E+002  1.410029089889370E+006
     70  6.062905006315708E+003  3.409615946729995E+007
     71  7.775292337792269E+003  4.301064765970968E+007
     72  5.582108383724115E+001  2.611075977621674E+005
     73  9.786005841037438E+002  5.506621878920500E+006
     74  2.971257883973439E+002  1.623013728961188E+006
     75  3.803259204454687E+001  1.950373159476511E+005
     76  4.549578695457279E+001  2.360780758382195E+005
     77  1.173024863973423E+002  6.302855699554499E+005
     78  1.288183028570207E+002  6.924519391265264E+005
     79  7.421660734234810E+002  4.452391628268297E+006
     80  2.461516939752459E+003  1.396124140327477E+007
     81  1.993327305168698E+002  1.132857463394336E+006
     82  2.852621964137622E+002  1.622046177010260E+006
     83  1.099066541900253E+002  6.339784651820663E+005
     84  6.311107494398721E+001  3.414735136726484E+005
     85  6.118842751674300E+002  3.138608016981588E+006
     86  4.098243872023986E+003  2.301924433535316E+007
     87  3.561127077269136E+001  1.956744694962069E+005
     88  3.773936333960262E+001  2.039679567876334E+005
     89  3.871241841225832E+002  2.141607102142443E+006
     90  5.361872669417423E+003  3.024564683187962E+007
     91  1.654768836231278E+003  9.671714174839178E+006
     92  8.515651849944079E+002  4.755895501641405E+006
     93  1.869505440802767E+002  1.057411872703717E+006
     94  9.475853915659288E+002  5.344243534674344E+006
     95  4.234786302227523E+002  2.224597772287114E+006
     96  8.950391423436294E+001  4.584045162420077E+005
     97  8.935427416410594E+002  5.262140398173477E+006
     98  1.045020389812227E+003  6.146128028446454E+006
     99  4.638617867392934E+001  2.638533250799819E+005
    100  2.206627349892360E+003  1.322865928473019E+007
    101  2.538370474016708E+002  1.371403883135112E+006
    102  6.143897240095256E+002  3.569188434300926E+006
    103  8.660829141676742E+003  5.034199616652807E+007
    104  6.928331462558832E+001  3.706266618750141E+005
    105  1.136490101339887E+003  6.887327695597604E+006
    106  2.592677055110190E+002  1.391782403108040E+006
    107  3.250178944658758E+001  1.763613761233276E+005
    108  7.916380503170774E+002  4.097842378876195E+006
    109  1.357381128486484E+002  7.172112475571157E+005
    110  7.200568146757324E+002  4.211714371933948E+006
    111  2.409872857814184E+002  1.250877376076669E+006
    112  1.608889947738575E+002  9.173056843393686E+005
    113  1.837013426350785E+002  1.053661421617841E+006
    114  2.355362060370874E+003  1.236538407996806E+007
    115  8.118057490501928E+002  4.719633802180104E+006
    116  1.382799601811307E+002  7.508320906797824E+005
    117  3.321886275233520E+002  1.817374454579010E+006
    118  5.494069568628133E+001  3.005589646252040E+005
    119  1.385584516919152E+002  8.162413758135810E+005
    120  7.833702719735907E+002  4.590249706264354E+006
    121  1.178682411407996E+002  6.216073612223315E+005
    122  7.992643810893497E+000  3.924130569312450E+004
    123  4.081435460824733E+001  2.209330996275980E+005
    124  3.238234734434366E+000  1.281868990966399E+004
    125  4.802338896047817E+002  2.659609890715423E+006
    126  3.457546559852999E+002  2.005451086167191E+006
    127  1.018256394936968E+002  5.888780449280330E+005
    128  4.489203530715055E+002  2.701748105617112E+006
    129  4.123084196439446E+000  1.869899384713720E+004
    130  9.711790322270683E+001  5.850405521684253E+005
    131  2.633266459488480E+002  1.374361725352339E+006
    132  4.178723684947926E+001  2.304468182694431E+005
    133  2.152904350747418E+002  1.113125171539947E+006
    134  1.518103868113893E+002  7.736631718667593E+005
    135  1.799896027937612E+002  1.048405747960653E+006
    136  2.810530934446202E+002  1.680701906060905E+006
    137  1.332062483037929E+002  7.348431175150479E+005
    138  2.256463456475522E+002  1.246722601949722E+006
    139  2.470647112849310E+002  1.471752597783937E+006
    140  1.688617477591415E+002  9.898447221632785E+005
    141  6.537012218170391E+001  3.668560681375370E+005
    142  6.895067968634943E+002  3.658582458331708E+006
    143  2.537784096949889E+002  1.376552640758045E+006
    144  4.117170396912175E+002  2.238588022540497E+006
    145  1.176096951840336E+002  6.702308430631921E+005
    146  2.369567697857004E+000  8.303811038903999E+003
    147  2.924252462213812E+001  1.493096187793096E+005
    148  1.680548475575812E+002  9.889188686280479E+005
    149  5.733216195693243E+002  3.330138733186492E+006
    150  8.583109674153633E+001  4.247668997956592E+005
    151  3.676015558375882E+003  2.183460948815482E+007
    152  1.356932752677315E+003  7.600396551703609E+006
    153  1.667884935028131E+002  8.570195087021166E+005
    154  8.595442283884038E+003  4.829772001618136E+007
    155  3.784771405169427E+002  2.139632586937574E+006
    156  1.096505270191631E+002  5.805750948170729E+005
    157  4.599204402955688E+002  2.431147897614602E+006
    158  2.674480282124856E+002  1.412538816442596E+006
    159  5.416646367189193E+001  2.993671635936879E+005
    160  5.725235464688892E+002  3.092048853717746E+006
    161  3.064040523127519E+002  1.622722188530750E+006
    162  1.643592906790111E+001  7.877926354559451E+004
    163  3.816419539457079E+003  2.195431551104184E+007
    164  4.495064341234541E+003  2.489376893731491E+007
    165  4.024030157867920E+003  2.275517179169022E+007
    166  6.274255490703653E+002  3.593879963214472E+006
    167  5.149495298399029E+001  2.736465007307918E+005
    168  8.056211405394579E+001  4.360788152866154E+005
    169  2.428878230766650E+002  1.238459206551265E+006
    170  2.849890748860275E+001  1.527759694579744E+005
    171  4.308055590284918E+001  2.266739257992776E+005
    172  4.515524135627051E+002  2.544379680766293E+006
    173  2.789076418343768E+002  1.514120070171212E+006
    174  1.284010052541092E+002  6.767382314095609E+005
    175  1.462064574648032E+001  7.741918003386752E+004
    176  5.419138469504239E+001  2.807529955590664E+005
    177  4.272663881114113E+002  2.561065526867241E+006
    178  1.016589226350624E+000  1.393543710288369E+003
    179  1.302107687890838E+001  6.110706453863902E+004
    180  2.569562786980948E+002  1.286964051568893E+006
    181  2.703876626996985E+001  1.506947859735018E+005
    182  1.886761233023483E+003  1.143979818071406E+007
    183  3.512402082986153E+002  1.900418902306857E+006
    184  1.384328168297232E+002  7.199756376922721E+005
    185  1.440926830939963E+003  8.328929224410745E+006
    186  1.204504198967121E+003  7.142184031674176E+006
    187  3.687600296499399E+001  1.911530543269809E+005
    188  1.135203629434822E+003  5.788867367060973E+006
    189  4.220346377349507E+001  2.340477570879452E+005
    190  3.067675342191091E+002  1.672260116496301E+006
    191  1.408801401090099E+002  7.424734869923558E+005
    192  2.062576315059073E+002  1.176092698230299E+006
    193  8.402629646744617E+002  4.872533103959090E+006
    194  1.433987046498612E+002  8.516621529597392E+005
    195  4.489874046056340E+002  2.512250010615279E+006
    196  1.987018713327182E+002  1.026088585322524E+006
    197  4.300629084458380E+002  2.585589891194295E+006
    198  1.032883939813218E+003  5.631952413943090E+006
    199  7.520340395679975E+002  4.049091141009612E+006
    200  5.587429288908856E+000  2.817706248625450E+004
    201  1.158203108597440E+002  6.192018298769783E+005
    202  2.323074169731872E+002  1.233568619382678E+006
    203  6.665699318701766E+001  3.912327890380593E+005
    204  1.749278186775088E+002  1.015692155496428E+006
    205  2.051986704559907E+002  1.115771868661902E+006
    206  1.491269277721275E+002  8.306864511142280E+005
    207  4.736815842792934E+002  2.535235189983822E+006
    208  7.341982332410853E+001  3.662356683605250E+005
    209  5.214767919369981E+001  2.959951312815626E+005
    210  4.345255221866381E+002  2.665607886836638E+006
    211  1.892049990455139E+002  1.160696851039662E+006
    212  2.546249685386684E+002  1.318881388164712E+006
    213  1.919768107425702E+002  1.143434293014476E+006
    214  5.765005097251981E+001  3.003594106917167E+005
    215  6.406863075395313E+001  3.557490056961970E+005
    216  1.469994405158628E+001  7.224684803140316E+004
    217  2.413794560613840E+002  1.413159683682858E+006
    218  1.466894173915937E+002  7.483451660454093E+005
    219  1.790757539587932E+001  9.698060832999415E+004
    220  1.837792787853461E+001  9.328791054051059E+004
    221  2.042896897091735E+002  1.099993136370594E+006
    222  1.492528939444054E+002  8.425817634716830E+005
    223  4.694215212423348E+002  2.465945232181929E+006
    224  5.379915047635091E+000  2.518091599797006E+004
    225  7.893463524686881E+000  3.951223916645643E+004
    226  1.489206589635324E+002  8.203467771674617E+005
    227  6.846541869005081E+000  3.361116639010376E+004
    228  4.078434624251321E+000  1.909790460145787E+004
    229  6.686335668581526E+002  3.505767891316879E+006
    230  6.010111346782575E+002  3.412357422712484E+006
    231  7.540591878502484E+001  3.771356703496698E+005
    232  2.427143551503749E+003  1.485121288906478E+007
    233  4.178750139531820E+002  2.298463521340159E+006
    234  3.661814729819459E+001  1.908905879595610E+005
    235  7.294298155805465E+000  3.850255430591954E+004
    236  5.583161550729529E+002  3.047942487049789E+006
    237  1.050478481392120E+002  5.547648576015524E+005
    238  2.778859265909096E+002  1.523148852633540E+006
    239  1.561962717951729E+002  8.774204920091453E+005
    240  3.577061852727319E+002  2.061207372323229E+006
    241  4.221943415787555E+002  2.329368310446704E+006
    242  4.299189785630688E+001  2.206222302219995E+005
    243  1.627983256235538E+001  8.955172360618071E+004
    244  1.505549407142460E+002  9.008164305719462E+005
    245  6.231852938207370E+002  3.388272582977117E+006
    246  1.990144449174892E+002  1.074375907936875E+006
    247  1.428473125786615E+002  8.144219911624849E+005
    248  2.678730639223745E+003  1.493716455153087E+007
    249  5.495808291833348E+002  3.115882267943029E+006
    250  1.158699385193139E+001  5.767189881537604E+004
    251  3.148659767645877E+002  1.685125150107137E+006
    252  4.511931096990020E+000  1.932496611426128E+004
    253  1.340490969839992E+003  7.341194417492352E+006
    254  6.167459479218721E+002  3.315170715902573E+006
    255  5.786595202951788E+002  3.042484825136262E+006
    256  1.895692718891596E+002  1.081690887220300E+006
    257  3.277261117986915E+001  1.751339636284929E+005
    258  1.135224885856402E+003  6.373294742311521E+006
    259  4.401557966805688E+002  2.575363999342166E+006
    260  2.203759196893587E+001  1.090721494706391E+005
    261  5.987395208220896E+001  3.218001430935355E+005
    262  6.685537497671773E+001  3.851720000051234E+005
    263  2.505500817849799E+000  1.088941498083697E+004
    264  3.673774719144894E+002  2.097048159043868E+006
    265  7.709657889788321E+000  4.012153210271276E+004
    266  4.844734932131654E+001  2.733745294189974E+005
    267  2.467710658528559E+001  1.354826542040102E+005
    268  3.605619589372310E+000  1.687514510820897E+004
    269  1.347786128331763E+001  6.844453789954116E+004
    270  5.298095430712458E+001  3.055764592407228E+005
    271  1.474848542921670E+001  7.935632886734851E+004
    272  4.918416226014614E+002  2.850193693784109E+006
    273  1.300324651103175E+002  7.690234073710832E+005
    274  4.176007007871127E+002  2.464828727760039E+006
    275  8.321163193171935E+001  4.094101817172007E+005
    276  7.874447206062597E+001  4.600317037877496E+005
    277  1.840395924632578E+001  1.024646236880632E+005
    278  5.170592138094629E+001  2.958207601447482E+005
    279  2.776692039332017E+002  1.606142570181685E+006
    280  5.508964570568465E+002  3.333063119408869E+006
    281  2.661176099581945E+002  1.536095066996394E+006
    282  2.858790048406577E+002  1.506253796589128E+006
    283  1.552337718072991E+002  8.816523488500789E+005
    284  1.114683805371246E+001  5.743115175038431E+004
    285  1.570148315673684E+002  9.150609996830794E+005
    286  6.591121025431180E+000  3.609165777571464E+004
    287  3.717284515830490E+001  2.189715903474885E+005
    288  2.128337101705489E+002  1.187397963565857E+006
    289  3.152906772468248E+002  1.824514744728875E+006
    290  1.245890183649082E+003  7.413666319440775E+006
    291  2.554966517801481E+003  1.536156463649573E+007
    292  7.176682090272402E+001  4.113523601750965E+005
    293  3.816475816164821E+003  2.275476165285024E+007
    294  5.447285653811845E+002  3.156278320556411E+006
    295  2.024197120412012E+002  1.035183602335820E+006
    296  8.740814926636824E+002  4.829255640431869E+006
    297  1.372405961486669E+003  7.559925449597836E+006
    298  5.617639275462867E+003  3.418086674104614E+007
    299  8.356413210851388E+002  5.030814033267085E+006
    300  1.502320043504729E+003  8.133505497145205E+006
    301  1.638799476413505E+003  8.829007364868809E+006
    302  1.628578841908407E+002  9.071758120353384E+005
    303  2.172997270687837E+002  1.228969673099337E+006
    304  6.667443423807636E+001  3.385175780341603E+005
    305  4.392165311088190E+001  2.299480013755530E+005
    306  4.163754705800001E+002  2.350402403130971E+006
    307  4.158553461055297E+001  2.113036540763911E+005
    308  1.159596152450820E+003  6.518952243514445E+006
    309  9.509593843915657E+001  5.122145073709554E+005
    310  3.369031228693960E+002  1.888696125422410E+006
    311  3.173459832589599E+001  1.615394263919480E+005
    312  7.631113637947534E+001  3.910543507380549E+005
    313  1.142877648053201E+001  5.774307189716492E+004
    314  4.831853520369157E+001  2.475744682236466E+005
    315  1.208192225419973E+001  6.167465819203541E+004
    316  2.055860673540084E+001  1.149321561103951E+005
    317  5.656517598642520E+001  2.935058457144680E+005
    318  5.459108199208376E+002  3.052925472956752E+006
    319  7.242533691879605E+001  4.207531538982229E+005
    320  1.856883400537879E+002  9.855106034701938E+005
    321  8.308665557487640E+001  4.323525162744828E+005
    322  3.862818074512954E+001  2.001485545205581E+005
    323  2.954699305172600E+001  1.485514614980717E+005
    324  7.203324175460934E+001  3.797938058520467E+005
    325  1.740542335562506E+002  8.802409114572840E+005
    326  2.943072619436969E+002  1.726936764557930E+006
    327  9.586865015498502E+001  4.822156846358821E+005
    328  7.810035389884740E+000  4.004609310027784E+004
    329  7.518119349161902E+002  4.234210861408127E+006
    330  8.429096341506670E+002  4.451350008239175E+006
    331  2.217167649709413E+002  1.162951874186505E+006
    332  1.006271214290442E+002  6.044850591958353E+005
    333  4.430430295631531E+002  2.634303737909811E+006
    334  5.107505365891096E+001  2.597096366619593E+005
    335  3.206813933550734E+002  1.662128169995776E+006
    336  1.020837799204084E+002  5.399489222408951E+005
    337  3.488033793739017E+001  1.817033638718345E+005
    338  1.066679656224726E+002  5.686211811299726E+005
    339  3.077281423214190E+001  1.606227945079473E+005
    340  3.436736516587009E+002  2.031518492453346E+006
    341  5.943016662169808E+002  3.152945663389317E+006
    342  9.599806700847406E+000  4.977263795921446E+004
    343  2.681301962399311E+002  1.535130104035591E+006
    344  7.759012382540458E+002  4.627792011715510E+006
    345  5.624313555962043E+001  3.356743958248192E+005
    346  2.537540161396096E+003  1.523184157959683E+007
    347  5.107046642353606E+002  2.709430915867801E+006
    348  3.019831861535793E+002  1.606731695928745E+006
    349  7.989287571652304E+001  4.486737174898425E+005
    350  7.084044111082769E+000  3.723829863835754E+004
    351  8.140319917291686E+001  4.362302434189228E+005
    352  1.357954258485538E+002  7.228448391813900E+005
    353  1.163276861050654E+001  6.408120945462587E+004
    354  9.591218299836477E+000  4.901157919309368E+004
    355  9.247735692140954E+001  5.182259272488685E+005
    356  6.461836596703315E+002  3.605926807211281E+006
    357  1.457493590324495E+002  7.692597898765818E+005
    358  1.792157845601339E+003  9.878442051613847E+006
    359  2.166795126723772E+002  1.276166279874335E+006
    360  5.437157838420747E+001  2.805604386170994E+005
    361  3.614904399697541E+001  1.920058329198967E+005
    362  4.398794313294617E+000  2.069553769388705E+004
    363  9.874606089388046E-001  3.034937433975492E+003
    364  7.528718303525088E+001  4.410981336832992E+005
    365  8.169299768565166E+001  4.624552334113556E+005
    366  1.058897365176672E+001  5.425624069008971E+004
    367  1.434382667884354E+002  8.500071258539078E+005
    368  6.465392551399189E+000  3.101640707848746E+004
    369  6.992981015291517E+001  4.260878975126822E+005
    370  1.409566961456089E+001  7.182256952231155E+004
    371  4.563476134836836E+000  2.261151594625416E+004
    372  3.239030704312368E+001  1.852130249862748E+005
    373  5.052545068107420E+000  2.632194402851864E+004
    374  4.100624631206234E+002  2.436124485201088E+006
    375  2.572060468507920E+001  1.510814840068838E+005
    376  5.532620008019729E+002  3.301536250937577E+006
    377  5.699048568281876E+001  3.150142397517309E+005
    378  4.679975078210670E+002  2.591449604360922E+006
    379  3.656712709975392E+002  1.960691486318198E+006
    380  3.065825363714703E+002  1.689124532784208E+006
    381  2.082432180404952E+002  1.185376565797969E+006
    382  8.549186390042571E+001  4.533464323865864E+005
    383  3.511460047445673E+002  2.044479291302643E+006
    384  1.011592239873390E+004  5.941044200381752E+007
    385  3.360162244903418E+002  1.801482203161168E+006
    386  3.693489806655485E+003  2.089373788365696E+007
    387  9.895875087727586E+002  5.773071357698806E+006
    388  1.592674244380946E+000  6.800169479693724E+003
    389  9.219880557245916E+001  4.861640006229340E+005
    390  5.033716551040378E+003  3.080606977163656E+007
    391  1.190823601092441E+003  6.718380425407947E+006
    392  2.459557951610086E+003  1.426570070752452E+007
    393  5.857815516943645E+003  3.491132956032450E+007
    394  8.666551456089049E+001  4.790575028229528E+005
    395  1.354920402064052E+003  8.127455979294376E+006
    396  2.595159317703584E+002  1.530033453879644E+006
    397  6.208488290770548E+001  3.630348799071491E+005
    398  1.189364337697978E+002  6.935631849065324E+005
    399  3.483431757980738E+002  2.060336435471434E+006
    400  8.605020247587108E+002  4.868553963933546E+006
    401  1.177069703728876E+002  6.158514957644359E+005
    402  1.180972035435558E+003  6.803646419469480E+006
    403  3.316442623793121E+002  1.750358013109214E+006
    404  1.218549450864464E+002  7.064335825111092E+005
    405  5.075004336506759E+002  2.867016181579756E+006
    406  1.451686618090447E+000  6.757941525660762E+003
    407  2.142125977994565E+003  1.288133467818841E+007
    408  5.495747497547423E+000  3.072696132576076E+004
    409  3.183315435869193E+002  1.793070147841716E+006
    410  1.966923469757475E+001  1.117503260679075E+005
    411  2.113094103423965E+002  1.234022151447141E+006
    412  2.370697317008079E+000  1.176670570475081E+004
    413  5.268187017104578E+002  2.783883247781809E+006
    414  3.390573328539583E+001  1.744810193103269E+005
    415  7.783508108679144E+002  4.279014409473084E+006
    416  2.608648695284739E+001  1.460833295512721E+005
    417  1.494477257915019E+002  8.265201705337940E+005
    418  1.455489290570675E+004  7.136034216018543E+007
    419  2.313785528251063E+003  1.393293502508264E+007
    420  3.301025924380129E+001  1.852987224062865E+005
    421  1.535968496436308E+002  9.030984413016780E+005
    422  1.328323176519149E+003  6.730724808317423E+006
    423  1.308707656224587E+003  7.236348372069749E+006
    424  5.223508567092819E+000  2.642248220627214E+004
    425  3.861720213177814E+003  1.936910819495840E+007
    426  6.710608363046539E+002  3.445613506913155E+006
    427  1.016374780415763E+003  5.736881978502122E+006
    428  3.033346671399715E+000  1.540573179124423E+004
    429  6.659002782939154E+000  3.506726975870469E+004
    430  8.449103554137364E+002  4.910384934555474E+006
    431  4.512305512739418E+002  2.293354196268290E+006
    432  1.328533810799549E+001  7.475790199166177E+004
    433  5.721129829023608E+001  3.340474598113953E+005
    434  7.151521337891563E+002  4.180660225862433E+006
    435  1.242465461067092E+001  6.369300733592531E+004
    436  1.282068067474692E+003  7.037139781916221E+006
    437  9.297061110012484E+000  5.024991568923765E+004
    438  1.726696795222097E+003  9.561239199936187E+006
    439  1.088107715687180E+000  3.895707206908365E+003
    440  4.273191366544202E+002  2.504544398901618E+006
    441  1.398722666808811E+001  7.100015927408291E+004
    442  1.256111445388207E+002  7.262023992778324E+005
    443  1.063655064384936E+000  4.484790755712701E+003
    444  6.139794228325072E+001  3.181321576806257E+005
    445  7.034569425531654E+002  3.811842506114531E+006
    446  3.546624349860550E+002  2.034594290270769E+006
    447  6.916872337685176E+000  3.580087545256655E+004
    448  1.612473866853748E+002  9.418473984297634E+005
    449  1.133789203845094E+002  6.146501955418225E+005
    450  1.084574023539236E+003  6.628950182227257E+006
    451  8.643635594587835E+001  4.792272400038476E+005
    452  1.073153543986676E+003  6.485725893996909E+006
    453  1.693011692622692E+003  1.011336263220323E+007
    454  3.245020038413815E+003  2.006668730747383E+007
    455  4.102542096520444E+001  2.378177493154058E+005
    456  1.098667581019435E+003  6.744390679394405E+006
    457  8.881675421602614E+000  4.351964144428744E+004
    458  7.799814819032390E+002  4.794316983074675E+006
    459  2.206965026688683E+002  1.237586663021213E+006
    460  6.410093792098527E+002  3.950566960653109E+006
    461  7.275973880152955E+000  3.737678897851465E+004
    462  1.016638193665689E+003  5.726740360951143E+006
    463  1.124214955880659E+001  5.831387142788451E+004
    464  7.086938383262953E+002  4.052411267575959E+006
    465  1.436793290647380E+001  7.404803264213946E+004
    466  2.630956559766864E+002  1.509621666718905E+006
    467  1.425591964241663E+002  7.963981234548778E+005
    468  2.634080599916621E+002  1.523818040542888E+006
    469  5.972164208310606E+000  3.008584196052693E+004
    470  1.782924949343889E+001  9.212054029032712E+004
    471  1.289775057998756E+001  6.709462776066131E+004
    472  8.322272599243502E+002  4.922511773041573E+006
    473  4.526565545660451E+001  2.643690043126427E+005
    474  3.088340640272902E+003  1.878062757918615E+007
    475  2.137380787564018E+002  1.293904270845343E+006
    476  1.216357778631221E+001  6.736182324596560E+004
    477  5.272944034758499E+002  3.234286046355852E+006
    478  8.407869994104919E+001  4.988384797563120E+005
    479  1.482643472668906E+003  8.899667537749695E+006
    480  1.436175965182173E+002  8.311099994261948E+005
    481  1.603421190713053E+001  7.936488019471732E+004
    482  1.900569226156533E+002  1.128323227596066E+006
    483  3.047426975920141E+002  1.761694989640940E+006
    484  1.964208134461976E+001  1.088122834787435E+005
    485  6.234758976720982E+002  3.753921914276225E+006
    486  3.766530033091988E+001  1.838463812356369E+005
    487  5.191301345690862E+002  3.183514911318509E+006
    488  3.949817139268917E+000  1.873638948562363E+004
    489  3.308499727872367E+002  2.020166764771892E+006
    490  1.782996732706560E+000  9.221350509979922E+003
    491  2.404534997801488E+002  1.444798492811113E+006
    492  3.968501107966875E+002  2.176819217066079E+006
    493  1.097164803482441E+002  5.798907269957996E+005
    494  2.182817391907447E+002  1.266473874183194E+006
    495  2.909411432284773E+002  1.713494246428868E+006
    496  3.304566960302895E+000  1.674195200939607E+004
    497  1.792949375537260E+002  1.002911125575920E+006
    498  1.409787719174264E+002  8.186364306249893E+005
    499  6.225339318354861E-001  2.043381828216810E+003
    500  2.196824767976331E+002  1.312957609498080E+006
    501  8.029925127818587E-001  3.248489026188956E+003
    502  4.242658051607695E+001  2.229605568242432E+005
    503  9.141211711710631E+002  5.540287010260980E+006
    504  5.555381431285141E+002  3.278761820325287E+006
    505  3.861205835066759E+002  2.343785068301153E+006
    506  3.658866776646330E+000  1.790336157070521E+004
    507  6.895530477937593E+002  3.902920611859746E+006
    508  9.419772800589683E+000  5.206925869758762E+004
    509  7.008302009180035E+000  3.955922673419941E+004
    510  6.338233381424483E+002  3.810028603707539E+006
    511  2.749569970479281E+001  1.577004058638669E+005
    512  8.649335503489161E+002  5.237201227546253E+006
    513  1.618430811440869E+001  8.901597478779714E+004
    514  2.128903055543389E+002  1.265047235352835E+006
    515  5.017348165158138E+001  2.732536840727010E+005
    516  7.758755646640066E+001  4.531175437115919E+005
    517  1.388488841379364E+002  8.444488747665090E+005
    518  3.675891201952484E+002  2.231955111901240E+006
    519  3.712150634300264E+002  2.282159564749560E+006
    520  1.875214187964294E+000  9.441326183618168E+003
    521  3.809685188566466E+001  1.990638748408937E+005
    522  1.750542878935753E+001  9.901782470573287E+004
    523  1.330693426698075E+002  7.774886135279221E+005
    524  1.009260143164903E+003  6.236342932502297E+006
    525  5.035255334939126E+001  2.904523461352791E+005
    526  2.488010812625038E+001  1.353892136489627E+005
    527  3.772665150490798E+002  2.315447631050559E+006
    528  3.821809910198463E+001  2.063237592292191E+005
    529  1.953719272749737E+001  1.038951144217461E+005
    530  4.855631551909616E+002  2.905838532313836E+006
    531  4.576176671360085E+002  2.547834105136497E+006
    532  1.052122522351727E+002  6.101856971808086E+005
    533  1.351494441057081E+002  7.878406837008460E+005
    534  8.058672527277521E+001  4.607326009407690E+005
    535  3.859574779785969E+003  2.241752091219440E+007
    536  6.420097929519270E+002  3.371450830600364E+006
    537  8.183126583831158E+003  4.682155894025677E+007
    538  7.086570128246266E+002  3.629830851300610E+006
    539  8.258108014957887E+003  4.882259451224508E+007
    540  4.184004708707477E+002  2.388812326984141E+006
    541  1.199831228681694E+002  7.270448313685781E+005
    542  4.144874325828313E+001  2.199427825777453E+005
    543  1.258402028795518E+002  6.929624677386287E+005
    544  2.325796821020962E+003  1.234184596034361E+007
    545  1.750876851551415E+002  1.028715212444792E+006
    546  3.347597043025917E+003  1.771697986241511E+007
    547  4.478027610877761E+004  2.374260949198747E+008
    548  1.126753864219428E+002  5.958240488181351E+005
    549  2.006517603713151E+003  1.056511778516229E+007
    550  7.944408410833036E+002  4.734130183496115E+006
    551  2.687808624842666E+003  1.388813443617631E+007
    552  2.482261980233345E+003  1.192322158514484E+007
    553  3.359558854706142E+002  1.862828258860732E+006
    554  1.641566151413913E+003  8.738594463713516E+006
    555  5.014421532457630E+001  2.797748935912492E+005
    556  8.690127811574181E+000  4.227915265174834E+004
    557  2.472642232584940E+002  1.345863471433768E+006
    558  2.332723777267487E+001  1.270829536989050E+005
    559  3.440551735870579E+002  2.032413048865593E+006
    560  1.048181773612490E+002  5.585496862996052E+005
    561  2.159016653205496E+001  1.236919607215906E+005
    562  1.412486319328469E+001  6.693032829421951E+004
    563  6.570782207230507E+003  3.542009732698340E+007
    564  1.730524016717257E+002  8.978248289849301E+005
    565  4.699752910494115E+001  2.579483478573317E+005
    566  8.340481023788883E+003  4.366008565024783E+007
    567  1.829670446586467E+001  9.632803328079834E+004
    568  2.079226730026436E+002  1.187021475531154E+006
    569  1.035028724506034E+001  5.515689945483211E+004
    570  6.387115301772380E+002  3.285174045968360E+006
    571  3.537708717104669E+001  1.887824988525805E+005
    572  1.202939255030186E+002  6.245420749810687E+005
    573  5.381603265203778E+001  2.867556323016441E+005
    574  6.402489452071228E+000  3.622555539805516E+004
    575  5.033360837533747E+002  2.878109012133756E+006
    576  1.426298502616053E+002  6.834413884648500E+005
    577  2.810309239202516E+001  1.497350674054589E+005
    578  2.430487458393689E+001  1.357241356541521E+005
    579  1.079565132677753E+001  5.994703661846487E+004
    580  1.726005697386408E+002  9.565079498096431E+005
    581  6.324445330867583E-001  3.367658878585734E+003
    582  1.174796071991777E+002  6.661624499351989E+005
    583  1.525769816970941E+001  7.922417175394417E+004
    584  3.143873970597181E+001  1.700167762580647E+005
    585  1.190333605352723E+002  6.931151774711334E+005
    586  5.336135766560019E+000  2.612633855865091E+004
    587  6.854443715680560E+001  4.013735194373536E+005
    588  1.014280725509958E+003  5.981266612321287E+006
    589  1.588174252428319E+001  8.190336591110931E+004
    590  2.857300565032848E+000  1.421921040265973E+004
    591  5.179616822868200E+000  2.676113077929809E+004
    592  4.320769347400138E+002  2.587771833552421E+006
    593  2.926399927830525E+002  1.744797548526611E+006
    594  2.218265889925179E+001  1.180563909284583E+005
    595  1.202207889027960E+001  6.140916270682726E+004
    596  1.604875355087912E+001  8.598691908943043E+004
    597  2.136932380084243E+001  1.284460943208049E+005
    598  4.984688782903650E-001  2.145307251099352E+003
    599  2.330354316234404E+002  1.415002145015652E+006
    600  7.419553805397598E+001  4.558953224129197E+005
    601  6.604824825461021E+000  3.596575477338467E+004
    602  2.934441703219609E+002  1.744795170151388E+006
    603  2.255314467953178E+000  1.259055660735906E+004
    604  1.072514617697002E+002  5.858291959870617E+005
    605  2.727583027032430E+001  1.436107900178815E+005
    606  6.560533106313547E-001  3.167608525421841E+003
    607  2.174604686926243E+001  1.259854544022485E+005
    608  8.366207947591295E+000  4.430401903495469E+004
    609  7.988387305930907E+001  4.700307843633433E+005
    610  1.627997984279289E+001  8.690193815347897E+004
    611  2.119843114838573E+001  1.249802681184354E+005
    612  4.993975175912875E-001  2.463644934838641E+003
    613  2.421348609825044E+002  1.417365587181836E+006
    614  1.870345884638806E+000  9.717491059702454E+003
    615  1.101205358430287E+002  6.623077334674908E+005
    616  1.979889386626816E+001  1.065057665369535E+005
    617  6.494236142733301E+001  3.841983597440438E+005
    618  1.275433045913358E+002  7.337918570452193E+005
    619  4.274439667487994E+000  2.251770758214492E+004
    620  1.496877826375145E-001  4.745804200528463E+002
    621  7.357931037898101E+001  4.372045604861426E+005
    622  1.264165719296712E+001  6.636637084225196E+004
    623  4.896701576777275E+001  2.857524421167304E+005
    624  1.435145272973791E+001  7.550424579720564E+004
    625  3.858329828988089E+000  1.952203905096814E+004
    626  1.807066061101206E+001  1.071360863854988E+005
    627  3.508971637964361E+000  1.808016178592312E+004
    628  6.006946259394248E-001  2.661606696986558E+003
    629  4.655150121596290E-001  2.217726193292905E+003
    630  1.097595510715446E+001  6.129898986667296E+004
    631  1.051474761457982E+001  6.210185713987338E+004
    632  1.583992624292756E+002  9.523233231952358E+005
    633  7.577836840188136E+000  3.905086595369808E+004
    634  5.709719261343705E+000  2.997986894156596E+004
    635  1.825233627670960E+001  1.016343329711033E+005
    636  2.089396721891071E+001  1.133517264506418E+005
    637  1.280111464991540E+001  7.303570555253138E+004
    638  7.722710925406904E-001  3.928803182826920E+003
    639  4.663888631663528E+001  2.625652892361943E+005
    640  4.447304423954434E+000  2.469086226574673E+004
    641  1.231926705243598E+001  6.587595861959444E+004
    642  3.261912500286041E+000  1.655481147760521E+004
    643  3.287147302178555E+001  1.844105093375536E+005
    644  2.137171414870790E+000  1.070714095260427E+004
    645  2.746510465093626E+001  1.629124976290117E+005
    646  1.080725868080365E+001  6.096740578361880E+004
    647  1.415220675785165E-001  4.501328478983799E+002
    648  3.725306379602968E+000  1.993504493292685E+004
    649  5.170440390121842E+001  3.115959294200325E+005
    650  2.622071597154958E+001  1.569869974432217E+005
    651  3.186476742479281E+000  1.653473179727164E+004
    652  9.483840802221835E-002  1.697352268208118E+002
    653  1.146765220540079E+000  6.021616654759011E+003
    654  9.110906909402590E+001  5.377890912138375E+005
    655  5.335637303029827E+001  3.221877059989518E+005
    656  1.209396281315960E+001  6.329463543007515E+004
    657  4.178313168776614E+000  2.187467326899685E+004
    658  5.621635203534832E+001  3.208777479684629E+005
    659  6.262604033939435E+001  3.691699202369169E+005
    660  3.607024613218160E+000  1.888842311566163E+004
    661  1.084538657846570E+002  6.480257369771416E+005
    662  1.306025739422843E+000  6.850672974753070E+003
    663  1.634726324861303E+002  9.768614360351870E+005
    664  2.424983993102836E+000  1.288818421440647E+004
    665  4.845237707325181E+000  2.506842079803802E+004
    666  3.943511269558572E+001  2.144199105448661E+005
    667  5.478555773672231E+001  3.063884920683375E+005
    668  3.218435754623437E+000  1.756219021976349E+004
    669  1.433065806488620E+002  8.531166889295303E+005
    670  9.886871505579718E+000  5.238780659376874E+004
    671  3.064519054854481E+001  1.851266249869858E+005
    672  1.743790003126602E+001  9.093528763261133E+004
    673  1.467677500975957E+001  8.155370636486902E+004
    674  1.944769636392833E+001  1.026798108181100E+005
    675  1.326609612566020E+001  8.022846521982177E+004
    676  1.425817510219632E+001  8.168986787700979E+004
    677  3.007953749632562E+000  1.528154371062607E+004
    678  9.045139931206197E+001  5.305192627113302E+005
    679  4.331115816740899E+000  2.280253571449355E+004
    680  2.029848917049978E+002  1.148490938178916E+006
    681  8.230794409627489E+001  4.688796159171488E+005
    682  1.065442545779839E+001  5.595061730626310E+004
    683  6.138695401230856E+001  3.565340900616946E+005
    684  9.774959488410126E+000  5.116993161327069E+004
    685  3.637447475874508E+000  1.927293766115083E+004
    686  7.196640755034747E+001  4.097657731133775E+005
    687  1.122445806547959E+002  6.506668231015380E+005
    688  1.542963766374117E+000  7.720654286693047E+003
    689  9.271687755055395E+001  5.471631722974493E+005
    690  6.446748528671331E+001  3.727168501030132E+005
    691  1.006337413135621E+002  5.689658629496176E+005
    692  3.782932788357882E-001  1.602363594525062E+003
    693  1.150677361441964E+000  6.045894510034118E+003
    694  1.671299609475375E+002  9.459068259976060E+005
    695  1.020038666927637E+001  5.386489486727707E+004
    696  2.828517361230560E+000  1.463809910911815E+004
    697  1.071332265360679E+002  5.922335971810286E+005
    698  2.784270727577739E+002  1.551650814464140E+006
    699  3.088525456127418E+000  1.619955058860369E+004
    700  4.187219986835228E+001  2.329205083512573E+005
    701  2.265749296376712E-001  8.078504428674609E+002
    702  2.406868428292347E+001  1.352424811940017E+005
    703  1.528334851485666E+000  7.566903882554731E+003
    704  2.199010274465359E-001  7.955806233946987E+002
    705  1.808990551150475E+000  8.988144051016288E+003
    706  8.109810148383077E+001  4.839182801919198E+005
    707  3.445655959611379E+000  1.780519105105889E+004
    708  1.274763957221752E+002  7.135182595615600E+005
    709  6.078140432794195E+000  3.211915992803585E+004
    710  1.958473971421107E+002  1.156089870709057E+006
    711  1.930920980018523E+000  1.059692035374658E+004
    712  2.491710441772153E+002  1.470897589329391E+006
    713  1.355934283250532E+001  7.194773863607859E+004
    714  2.252652977763135E+000  1.164245801409106E+004
    715  2.405529003331195E+000  1.250203320263643E+004
    716  1.076459071638685E+002  6.096372974972686E+005
    717  1.438438200289179E+002  8.504996796825443E+005
    718  3.537044599545502E-001  1.739147857688753E+003
    719  9.003088359066365E+001  5.202546254271105E+005
    720  4.298838872460800E-001  1.911755080461389E+003
    721  4.160698649495791E+001  2.509169275443645E+005
    722  2.660113619612147E+000  1.415091364345184E+004
    723  1.149246359374375E+000  6.688095905725935E+003
    724  9.693106262537296E+001  5.902567321452545E+005
    725  4.635165874898804E+002  2.675601647046667E+006
    726  6.748356609796089E-001  3.257203744062151E+003
    727  1.443516478676522E+002  8.449027196569295E+005
    728  1.158694395799990E+000  5.786691461957210E+003
    729  1.006623279530949E+000  4.911906644260311E+003
    730  5.415828284502860E+001  3.048519907361507E+005
    731  4.501651248641350E+001  2.701469307338028E+005
    732  3.143868013481606E+000  1.560160239643048E+004
    733  4.863866948067442E+001  2.911830033465366E+005
    734  1.829467322232132E-001  6.660165391697138E+002
    735  1.736654693818370E+000  9.994039859361281E+003
    736  2.725873237167877E-001  1.105864614325237E+003
    737  1.245616863734559E+001  7.427394449288907E+004
    738  4.731751610007534E+001  2.816628508143516E+005
    739  2.484086993326424E+000  1.404492447524362E+004
    740  8.713283834337868E-001  4.921988349889864E+003
    741  2.144129012604052E+002  1.306999721515353E+006
    742  5.671363363343630E+001  3.190092205761967E+005
    743  2.813714758365570E-001  1.332540875722103E+003
    744  5.266075411500657E+000  2.738880580120135E+004
    745  9.233381791454364E+001  5.321581186041564E+005
    746  3.426720348196881E+001  2.022483697449227E+005
    747  1.454233150601988E+000  7.908290230040034E+003
    748  2.938232309718873E+001  1.793403702148566E+005
    749  5.236480978641597E+001  2.990810294212371E+005
    750  6.223196843192421E-001  3.102548177845615E+003
    751  3.561152845298064E+001  2.146772930166595E+005
    752  1.623636729415834E-001  5.337463740048826E+002
    753  5.935466226039944E-001  2.941239698904352E+003
    754  2.724019577303216E+000  1.437049546150459E+004
    755  4.159482576815122E+001  2.487075353533220E+005
    756  3.893752993368670E+001  2.256397562135224E+005
    757  2.448381389670052E+001  1.377883696551614E+005
    758  2.173518205676013E+000  1.108975774656229E+004
    759  3.162351272117894E-001  1.511873456637262E+003
    760  4.087588870397415E+001  2.471790137823365E+005
    761  1.753641369385757E+000  8.955869536971295E+003
    762  7.567334931739532E+001  4.533298652307239E+005
    763  8.895658533891712E+001  5.261113203861731E+005
    764  2.010219677599982E+000  1.054484587808925E+004
    765  3.534153901376082E+002  2.110261455742149E+006
    766  1.963072515157959E+000  1.095922533879651E+004
    767  2.154543291312533E+000  1.097810761939493E+004
    768  2.087651564479674E+002  1.223127443049573E+006
    769  1.507459256542003E+002  8.903297465143291E+005
    770  2.991495560651609E+000  1.549502908404705E+004
    771  6.347691515236370E+001  3.789006982701023E+005
    772  1.518025069306599E+002  8.725832991743131E+005
    773  2.966828728524751E-001  1.319567701502730E+003
    774  4.958076781642202E+001  2.734253366010454E+005
    775  4.933362403814848E-001  2.658538432358567E+003
    776  9.524039184957379E-001  4.561294743274083E+003
    777  5.362384501966948E+002  3.251296790411042E+006
    778  3.852552322634750E+002  2.332582257573134E+006
    779  1.023194887303207E+000  5.207421200075210E+003
    780  5.496193922542982E+001  3.247318490819246E+005
    781  3.622277941106364E+000  1.924857626944616E+004
    782  4.838506429198199E+000  2.528398125488610E+004
    783  4.818497395379082E+002  2.895648578944451E+006
    784  1.626827466980197E+002  9.553389362710012E+005
    785  4.876031290299286E+002  2.917451975989013E+006
    786  2.380348014779037E+000  1.237763300486269E+004
    787  6.985077445773161E+000  3.687303248527820E+004
    788  6.775443007600939E-001  3.381320557491671E+003
    789  7.760819006793145E+001  4.564425816155474E+005
    790  5.471137162253826E+000  2.894585260917781E+004
    791  1.872666345445830E+002  1.108882976888989E+006
    792  2.805211879219347E+000  1.563885921440850E+004
    793  5.102731248614933E+001  3.004427357028987E+005
    794  2.972017808566383E+000  1.526701723423755E+004
    795  1.417926843678415E+002  8.661594695653548E+005
    796  2.234421297135624E+001  1.278556832095493E+005
    797  4.122672707953407E+001  2.504793547967146E+005
    798  7.085982414035481E-001  3.766811731118603E+003
    799  7.138924505362861E+001  4.125751827617556E+005
    800  9.085527010995708E+000  4.957660375514496E+004
    801  2.993301056635760E-001  1.463426985570477E+003
    802  9.002217504764697E+001  5.227411495220396E+005
    803  4.076231634589814E+001  2.447298516282959E+005
    804  4.193025261828089E+000  2.196520614541242E+004
    805  1.430112588924451E+000  7.522708422565833E+003
    806  1.936652301185682E-001  7.080122608392312E+002
    807  1.138187664403834E+002  6.750491276991653E+005
    808  3.875299406912760E+001  2.333957783619814E+005
    809  2.399983891640088E+000  1.236072432767631E+004
    810  3.719958863645580E+002  2.285416614491430E+006
    811  5.738823334235837E-001  2.925418317998288E+003
    812  7.267919348975208E+001  4.424531277871598E+005
    813  4.656757723986738E+002  2.823198433981632E+006
    814  3.362238897809536E-001  1.447718621470130E+003
    815  5.651393582486101E+000  3.102437286102374E+004
    816  5.000074600330572E+002  3.054610924852252E+006
    817  2.008837694740286E+002  1.224198609323397E+006
    818  1.452154017504131E+000  7.917486514079427E+003
    819  8.896780562993611E-001  4.979953726477564E+003
    820  5.442097423880171E+001  3.234167528729195E+005
    821  7.570843076372165E+001  4.497636538184003E+005
    822  5.097404528234547E+001  3.050076410835737E+005
    823  1.234563071640146E-001  4.049203700742834E+002
    824  7.538086914788350E+001  4.580521078336263E+005
    825  1.034773379032860E+002  6.259784645517934E+005
    826  1.212128945373379E+002  7.204013278402617E+005
    827  3.116316680264474E+001  1.840162475599742E+005
    828  2.121992176905430E+000  1.151973458389429E+004
    829  2.155287465222563E+001  1.285969452612677E+005
    830  8.748796055147496E-001  4.697462179807878E+003
    831  4.706219274665742E+001  2.802794508732150E+005
    832  5.593908111301783E+001  3.365254714271933E+005
    833  1.775783294054341E-001  7.181053855417390E+002
    834  6.521210019073468E-001  3.170981660964731E+003
    835  3.961899961750347E+001  2.259652205056319E+005
    836  1.498221273545174E+002  9.019160531008594E+005
    837  1.956224078646003E+000  1.156855192425723E+004
    838  2.501275243689764E+001  1.436355604938524E+005
    839  8.212792320802288E-001  4.164122775908184E+003
    840  1.011044460312709E-001  2.409765964564835E+002
    841  2.580289117476142E-001  1.053580573802055E+003
    842  2.133982831131843E+002  1.289165047114485E+006
    843  2.900189298720614E+001  1.696045772325917E+005
    844  1.103598405999144E+002  6.578197535519436E+005
    845  4.652323880370261E+000  2.533687974395568E+004
    846  2.765483079694636E+000  1.413524771862024E+004
    847  7.311986372448935E+001  4.248192123593683E+005
    848  1.284304741317594E+002  7.226258721845150E+005
    849  2.887194907390209E+000  1.522335723413485E+004
    850  1.280732536549530E-001  3.880224759873818E+002
    851  3.356056526686162E+001  1.895553191958859E+005
    852  3.815440443098907E+000  2.096401338568038E+004
    853  3.563111987492217E+001  2.162228119908108E+005
    854  1.129101162431905E+002  6.884868343731110E+005
    855  4.342017644956662E+001  2.467717131066121E+005
    856  1.276083199269388E+000  7.437428149507574E+003
    857  8.299692513655853E-001  4.590379216755950E+003
    858  1.111423898692775E+002  6.756256962685755E+005
    859  2.404099091060661E+000  1.324684235542268E+004
    860  5.730174161716958E+001  3.499904778992599E+005
    861  1.008124452530549E+000  5.681572118729043E+003
    862  3.304657915754203E+000  1.712377493455933E+004
    863  6.906983435465239E+001  4.239498933706014E+005
    864  2.177002470650596E-001  9.697044942274588E+002
    865  4.513790665989170E+001  2.759312338507858E+005
    866  1.039708711546585E+002  5.897853678749617E+005
    867  1.087821913157091E+000  6.113098207064689E+003
    868  8.969544014742766E+001  5.377491599863473E+005
    869  2.495407131971558E-001  1.106948007710848E+003
    870  3.488807727743072E+002  1.992442380148811E+006
    871  2.870424079309134E+001  1.622513240887638E+005
    872  3.157433593668817E-001  1.647501991437731E+003
    873  3.932310778188787E+001  2.359965383273781E+005
    874  2.209816728016267E-001  8.832719042455971E+002
    875  7.082124518531245E+001  4.021836276860358E+005
    876  7.351163839964828E-001  3.669959249867150E+003
    877  9.215505307436615E+001  5.287892820338224E+005
    878  7.073153026602176E-001  3.397234099882760E+003
    879  6.455582970551070E+000  3.565309573754601E+004
    880  2.623655124518620E+001  1.522783169654668E+005
    881  1.483618007557881E-001  6.183591238774909E+002
    882  1.036184679899405E+000  5.588820878060033E+003
    883  1.046863220455951E+001  6.223649783626534E+004
    884  2.492797128059772E+001  1.451128669675349E+005
    885  5.598347297426125E-002  4.981492818109680E+001
    886  1.050656545254304E+002  6.199789407252300E+005
    887  5.426430788234716E+001  3.075041624621396E+005
    888  8.511970746346421E-001  4.225984606272258E+003
    889  1.710242016058827E-001  7.562587392238584E+002
    890  8.063267824442397E+001  4.854475219810199E+005
    891  4.897039283821854E-001  2.731752097069066E+003
    892  8.287029667133903E+001  4.891515132259388E+005
    893  2.476844176678420E+000  1.273976334734429E+004
    894  1.428706965639678E+001  8.182524997655467E+004
    895  1.510222074332929E+002  9.216226925063409E+005
    896  1.830127028616615E+001  1.052745651054496E+005
    897  2.061503150322482E+002  1.212312022337548E+006
    898  1.449382860375172E+002  8.389224258851110E+005
    899  1.794642365520879E+001  9.584153960569330E+004
    900  8.900168656829179E-001  4.747766753913592E+003
    901  1.483871189979157E+000  7.403796312481115E+003
    902  1.870991041015142E+002  1.133599109561251E+006
    903  3.118817399941559E+001  1.674249936828838E+005
    904  4.124192116847467E-001  2.138688824875049E+003
    905  1.538078443119574E+002  8.665554588818770E+005
    906  7.180639575991976E-001  3.872925715391979E+003
    907  4.609588505930932E+001  2.696215734388097E+005
    908  1.664924283299490E+000  8.266180200237130E+003
    909  1.510046430998730E+002  9.245234619324389E+005
    910  8.249460046650574E+000  4.310125740152062E+004
    911  2.835367442653052E+002  1.625698849295830E+006
    912  5.846573806987584E-001  2.923593214928550E+003
    913  7.243571213447819E+000  4.199904906528694E+004
    914  1.556229893757237E-001  6.020278887692460E+002
    915  4.098218449010293E+000  2.234268626190363E+004
    916  2.606735530479672E+001  1.560157149862970E+005
    917  3.404725863596435E+001  1.980879322633084E+005
    918  1.143129562475221E+002  6.957406020238848E+005
    919  3.205492125948069E+001  1.793974370758354E+005
    920  1.316407408138598E+000  6.708846576195469E+003
    921  1.633559273923837E+001  9.690415886313854E+004
    922  6.175081750044990E+000  3.420887604032881E+004
    923  5.281825608679581E+000  2.865333718767534E+004
    924  1.961806351441350E+002  1.163472005663187E+006
    925  8.270153744706012E-001  4.065936158705294E+003
    926  9.232492105100626E+001  4.971788784481257E+005
    927  5.219491386965212E+000  2.765936314435883E+004
    928  2.155765624847333E+002  1.232124496501551E+006
    929  2.579757156418412E+002  1.474656674187657E+006
    930  2.560975305764583E+002  1.441988055089908E+006
    931  2.100526846458448E+000  1.100513026502499E+004
    932  2.276160875297371E+001  1.293156308094660E+005
    933  2.091345624834596E+000  1.137335123554349E+004
    934  1.806508175508237E+002  1.094628439687497E+006
    935  8.216645366633353E-001  4.090757083843165E+003
    936  2.760811997715454E+000  1.599464354040699E+004
    937  2.317348319715418E+002  1.308184376953536E+006
    938  5.401877909434052E+001  3.264047424265103E+005
    939  1.291631583611628E+000  6.504255156160787E+003
    940  6.113038755681472E+001  3.605172323298622E+005
    941  1.112992109828944E+000  6.343175997185709E+003
    942  5.278901223131677E+001  3.136150974791949E+005
    943  1.286483459248356E+001  7.647590607044905E+004
    944  4.076278711096238E+001  2.406956834078147E+005
    945  4.003124484988642E+001  2.320953207596017E+005
    946  4.056652160225767E-001  2.057729054364261E+003
    947  1.359754305690743E+002  7.768946611988578E+005
    948  6.193939937217357E+001  3.704862768853076E+005
    949  3.225258998344652E+000  1.750944757677173E+004
    950  3.037629704622742E+001  1.756358983323039E+005
    951  1.976983455702633E+000  1.086514298218137E+004
    952  9.769844252707554E+001  5.522017172152571E+005
    953  4.205505409127002E+000  2.445395487708470E+004
    954  3.686820117611610E+002  2.276169888652651E+006
    955  1.392600384584139E+002  8.584248364353551E+005
    956  1.347338276282132E+000  8.056728216324472E+003
    957  1.507784746105131E+000  7.864984424763849E+003
    958  1.081322187410669E+002  6.647369400797943E+005
    959  6.969670204810376E-001  3.684539328443254E+003
    960  7.336361128292610E+001  4.496265445847881E+005
    961  1.348148706339600E+000  7.114946675974948E+003
    962  3.659904695793921E+001  2.151887624789460E+005
    963  4.455812087655785E+000  2.342912232564098E+004
    964  1.720128713107339E+002  1.052079287597161E+006
    965  3.902889706257952E-001  2.149635105816648E+003
    966  3.992611395576562E+002  2.443845830881450E+006
    967  2.701685038718886E+001  1.513111434932924E+005
    968  4.261506890248826E+001  2.424211541032374E+005
    969  2.736089088602409E-001  1.297938971884959E+003
    970  1.950434913594112E+002  1.174913942320503E+006
    971  4.069254816641700E-001  2.128745197201429E+003
    972  5.302362954249693E+001  3.212443005844418E+005
    973  1.920030263288602E+002  1.107233013732561E+006
    974  5.802270847379395E-001  2.957292743524606E+003
    975  1.616743440259282E+001  9.456158831129171E+004
    976  4.287201004348143E+001  2.582088408426993E+005
    977  1.293021821378444E+001  7.397929410239022E+004
    978  4.529584819653871E+000  2.675462875765200E+004
    979  7.148122411691637E+001  4.139890853007567E+005
    980  1.209516630640994E+000  6.631073155391098E+003
    981  2.061035078679841E+002  1.270567469698039E+006
    982  3.808518534249187E+000  2.149799367562080E+004
    983  1.976115100920921E+001  1.123249768849751E+005
    984  2.149347090990876E+001  1.233606486508439E+005
    985  2.908789573509381E+000  1.631681518021398E+004
    986  3.548139582415049E+001  2.160455072208061E+005
    987  1.055690366075555E+000  5.378575062720570E+003
    988  2.274509520523870E+001  1.358937940710769E+005
    989  1.926721500012335E+002  1.178711607048937E+006
    990  1.992178995383985E+000  1.005241921109807E+004
    991  4.323020835570831E+002  2.631695715222083E+006
    992  1.035653840963416E+002  5.958142656577172E+005
    993  1.020933033014716E+000  5.793097277773718E+003
    994  3.255496536768361E+000  1.662337170934286E+004
    995  5.226313750740961E+001  2.768478423162304E+005
    996  7.148060008898710E-001  4.119950038325157E+003
    997  2.143438153813993E+002  1.295786699096020E+006
    998  3.836261488636111E+002  2.259923058664990E+006
    999  1.768567309155175E+000  1.072525885849127E+004
   1000  1.755270616840050E+002  1.014579187919475E+006
   1001  4.846414134940549E+002  2.896304203798287E+006
   1002  4.988085480068844E+000  2.858171964989131E+004
   1003  1.174829464502660E+000  6.363411307577145E+003
   1004  4.144863022394197E+000  2.143613089129364E+004
   1005  7.532644041610358E+001  4.449640972357271E+005
   1006  3.149315744371479E+002  1.809595499838257E+006
   1007  4.941540551217012E-001  2.591401837817304E+003
   1008  1.285111752744498E+002  7.237662870026588E+005
   1009  1.483904565461475E+002  8.360174978651227E+005
   1010  2.280949997229246E+000  1.204938883108567E+004
   1011  6.314680759424111E+001  3.535848472511556E+005
   1012  1.125922658052518E+000  5.937774185150426E+003
   1013  5.599263916989350E+001  3.340505714553464E+005
   1014  3.468477862309872E+001  1.927959896736585E+005
   1015  8.925473324696896E-001  5.305764737689327E+003
   1016  1.661041940696672E+002  9.986555797858607E+005
   1017  2.339267295089289E+000  1.179584137530872E+004
   1018  1.710493849150037E+002  1.025973531878958E+006
   1019  1.085184847264249E-001  4.297251582741230E+002
   1020  2.442732775260853E+002  1.493970955767192E+006
   1021  5.086252214045864E+001  3.079441496349751E+005
   1022  1.162167122294069E+002  7.045812401756239E+005
   1023  6.291946426947277E-001  2.982385743539089E+003
   1024  4.631716917690451E+002  2.786341821078872E+006
   1025  1.259561985074924E+000  6.581474797817132E+003
   1026  1.776911957548351E+002  1.040533747638376E+006
   1027  2.751024376685443E+002  1.613682031717470E+006
   1028  4.597683025881491E+000  2.385547241883382E+004
   1029  3.551403487234401E+002  1.972300575767762E+006
   1030  1.224375354704610E-001  4.995272796519100E+002
   1031  1.890633517724589E+002  1.108762906205656E+006
   1032  1.114265409081326E+002  6.365465727247074E+005
   1033  2.943436927614193E+002  1.623795319351151E+006
   1034  8.632869593484577E+001  5.166897609818210E+005
   1035  2.427352882036940E+000  1.238458223435963E+004
   1036  3.226282016329215E+002  1.674082918251429E+006
   1037  3.751547665520811E-001  1.836563529659319E+003
   1038  1.287332547821102E+003  6.287528468840543E+006
   1039  1.403879450265887E+003  7.763545157240947E+006
   1040  6.345526781159984E+000  3.396829601346078E+004
   1041  1.279781383130609E+003  6.363468673912494E+006
   1042  1.069287390810895E+003  6.484216017217062E+006
   1043  2.638275452693603E+000  1.330330499075605E+004
   1044  7.043332696261236E+002  4.066858303599877E+006
   1045  5.452049225144979E+002  3.275513164263735E+006
   1046  1.396740127915250E+001  7.749155317460139E+004
   1047  1.947863497982969E+003  9.682873313532932E+006
   1048  1.818881090799508E+003  9.941105188474035E+006
   1049  2.510063520946424E+000  1.446732899258991E+004
   1050  5.062093028050305E+002  2.939079306643018E+006
   1051  2.708473250675534E+000  1.375167801595377E+004
   1052  2.455304737714575E+003  1.416879728588731E+007
   1053  4.397000532021935E+002  2.396601380173735E+006
   1054  1.763642960469899E+000  9.162115939602782E+003
   1055  6.757137620125602E+002  4.052153622764735E+006
   1056  5.539564070977373E+000  3.271436450887438E+004
   1057  5.172341941513413E+002  3.023487553266769E+006
   1058  9.521728463548263E+002  5.504814381627835E+006
   1059  7.925235176721529E-001  4.430414868543504E+003
   1060  2.365415802705685E+003  1.344798794109419E+007
   1061  3.827511051879662E+002  2.114456273807650E+006
   1062  5.999526155010255E+002  3.452800327261735E+006
   1063  1.054338755486340E+001  5.738652042200478E+004
   1064  1.594204549325208E+002  8.854638517127745E+005
   1065  3.739060476427160E+000  2.028731336508151E+004
   1066  8.511835123805450E+002  5.171496480033253E+006
   1067  1.440849975009275E+003  8.460205827084005E+006
   1068  6.309522638479152E+000  3.325074244996966E+004
   1069  2.369992068293202E+003  1.292541132208400E+007
   1070  1.741888468791027E+004  9.775392864242466E+007
   1071  1.181715546515125E+003  6.987271087737358E+006
   1072  3.142257754671262E+003  1.635048483200099E+007
   1073  1.037974240554873E+000  5.666385110367230E+003
   1074  5.349342563550375E+003  3.157454237070439E+007
   1075  4.406349202250832E+002  2.329473222432249E+006
   1076  9.146163244997730E+001  5.453026006596036E+005
   1077  2.269960205870029E+001  1.279173206334057E+005
