# dt =   1.000000000000000E-005
# j, New nj, Rate of change (1/s)
      1  1.828073445006819E+002  1.680169409006819E+006
      2  6.675419110197977E+003  6.139026981353914E+007
      3  1.714307127215758E+002  1.426412622209455E+006
      4  4.030549041129242E+002  3.239576041478655E+006
      5  8.950695063250002E+002  6.910229296023521E+006
      6  1.150902190442343E+002  9.148753098088624E+005
      7  8.800563130288409E+003  6.791400401741813E+007
      8  4.487322763132910E+003  3.456999571672098E+007
      9  2.284121768404360E+003  2.002176875670333E+007
     10  2.254485675410921E+003  1.614164759999605E+007
     11  4.609864081507391E+002  3.556282710804010E+006
     12  4.095856107829199E+002  3.183667862660711E+006
     13  2.361231358514425E+001  1.770113608650019E+005
     14  1.599767099094259E+002  1.306549555553677E+006
     15  1.994686081285835E+001  1.453702080723385E+005
     16  1.337771424431037E+003  1.208442652487538E+007
     17  3.320715575273296E+002  2.687679849272781E+006
     18  1.501836636548650E+003  1.157386738236287E+007
     19  1.599883577551311E+001  1.100131241731346E+005
     20  3.979036350202581E+002  2.997841941216538E+006
     21  5.718656725407696E+001  4.165985970446500E+005
     22  3.921632236599601E+002  3.330282865976008E+006
     23  4.584670397088763E+003  3.551363244360480E+007
     24  3.428959482956253E+003  2.643676794932280E+007
     25  1.570111569937842E+001  1.120641690939111E+005
     26  3.540642951804654E+001  3.012640867665473E+005
     27  8.813622458931568E+003  7.728591540822652E+007
     28  1.600610975899756E+002  1.307955563041456E+006
     29  1.921170138823989E+003  1.627179724008869E+007
     30  5.478462349285372E+001  3.986549253223778E+005
     31  8.863669281619194E+002  6.963909390927919E+006
     32  4.298114229027432E+002  3.710904697286936E+006
     33  2.016796287417359E+002  1.545060182602728E+006
     34  1.020703691696626E+002  7.695433418848971E+005
     35  2.199484394556267E+003  1.860460018732832E+007
     36  2.574153647885382E+002  1.851183033538615E+006
     37  1.117291151723840E+003  9.591132399186941E+006
     38  3.516165761024757E+003  2.764728507094840E+007
     39  3.954238106327828E+002  3.417366994218223E+006
     40  1.164384753064435E+003  1.007677854606860E+007
     41  8.562519096704387E+002  7.445889706871704E+006
     42  3.527607429340101E+002  2.921334738456829E+006
     43  1.759969607007998E+002  1.425528879465586E+006
     44  1.103994008440207E+003  9.626582163392117E+006
     45  4.225992384858552E+002  3.759716126609743E+006
     46  1.843248279082375E+002  1.471075604090105E+006
     47  3.473355421174610E+000  2.136250891877220E+004
     48  4.451431380714913E+002  3.534644814389346E+006
     49  1.231975833415576E+002  9.817013760556673E+005
     50  9.305359587675052E+001  8.239242247029539E+005
     51  1.558301980982481E+003  1.448149455250733E+007
     52  1.502601636006696E+002  1.388785869398038E+006
     53  8.663125204183078E+001  6.715184046147800E+005
     54  1.015766558473203E+003  8.324919426556933E+006
     55  1.593209304573033E+003  1.303791592327001E+007
     56  4.389516047407096E+000  2.799165268211863E+004
     57  1.166489559544023E+003  9.519474479169086E+006
     58  1.120177721833384E+003  8.749599523694346E+006
     59  1.724266615623224E+001  1.381125772246361E+005
     60  3.217571996994409E+003  2.740070386026356E+007
     61  4.078954598821145E+001  2.752550936480887E+005
     62  9.413205048845217E+001  7.915325773682174E+005
     63  5.151565097875819E+001  4.535557686897108E+005
     64  1.937377796341756E+003  1.541940881658048E+007
     65  2.200588200558490E+004  1.810362573081707E+008
     66  2.634400875099062E+002  2.078785293930982E+006
     67  2.718764815617004E+003  2.214156829515712E+007
     68  6.289110804021674E+001  5.075991731917703E+005
     69  1.815734032823620E+002  1.599525910730230E+006
     70  4.636851054301280E+003  3.874003136025948E+007
     71  5.976926649854163E+003  4.882415454490787E+007
     72  4.488295411283945E+001  2.981026298953519E+005
     73  7.475794055707017E+002  6.315745910337332E+006
     74  2.292120909660422E+002  1.846701695018419E+006
     75  2.987061247191094E+001  2.219813425870486E+005
     76  3.561077130110146E+001  2.691561460782390E+005
     77  9.093770098742768E+001  7.164055239562690E+005
     78  9.984718974857962E+001  7.875488518016174E+005
     79  5.560194205314691E+002  5.052854665342498E+006
     80  1.875958206075083E+003  1.599914819885848E+007
     81  1.519312396507004E+002  1.288841379187377E+006
     82  2.172816578006918E+002  1.854580464271273E+006
     83  8.338608839444774E+001  7.207397707091286E+005
     84  4.883163163957477E+001  3.877679122998829E+005
     85  4.805086026528601E+002  3.574688677114340E+006
     86  3.132550816957188E+003  2.639815904809809E+007
     87  2.740513928356158E+001  2.241704752756549E+005
     88  2.920588367453842E+001  2.319650754719730E+005
     89  2.974255073334965E+002  2.443853094945601E+006
     90  4.092881575194999E+003  3.469695529707831E+007
     91  1.249797172783293E+003  1.102715063851166E+007
     92  6.523071732283618E+002  5.432371458728856E+006
     93  1.426048944260632E+002  1.211426588841290E+006
     94  7.233705456464476E+002  6.130004329488457E+006
     95  3.304021166286983E+002  2.530331636901794E+006
     96  7.031036906789903E+001  5.225663159646624E+005
     97  6.736086438682181E+002  5.966234810607710E+006
     98  7.877638342268704E+002  6.999825398764554E+006
     99  3.533651065935576E+001  3.009685587681387E+005
    100  1.653615549778441E+003  1.500806784673809E+007
    101  1.964423030031978E+002  1.561198615464297E+006
    102  4.648971355412280E+002  4.073121524575196E+006
    103  6.553480241355854E+003  5.735069679670957E+007
    104  5.377359335053967E+001  4.218003965682000E+005
    105  8.487863749390885E+002  7.796020292290499E+006
    106  2.010510542959080E+002  1.581815933914404E+006
    107  2.512737430016998E+001  2.002297689062286E+005
    108  6.200906077800712E+002  4.668910419230903E+006
    109  1.057214973666978E+002  8.165069101791754E+005
    110  5.437479908497277E+002  4.798409733175537E+006
    111  1.886045797906356E+002  1.426645320162158E+006
    112  1.225081873491220E+002  1.043492391428887E+006
    113  1.395666773215310E+002  1.202658780222965E+006
    114  1.837930141243148E+003  1.407041726568744E+007
    115  6.141815713619686E+002  5.381499107307047E+006
    116  1.068670595148755E+002  8.538913784788518E+005
    117  2.559745584967537E+002  2.081803539539318E+006
    118  4.236053735540798E+001  3.422778109382127E+005
    119  1.044355595026777E+002  9.260975172254121E+005
    120  5.912145468867388E+002  5.229722776066989E+006
    121  9.185985322506561E+001  7.070812522004686E+005
    122  6.351780533516959E+000  4.455357245776896E+004
    123  3.157328675669470E+001  2.510756263516167E+005
    124  2.701507373846425E+000  1.461372554342322E+004
    125  3.687149076022152E+002  3.045337146444579E+006
    126  2.617628240691736E+002  2.288178679207691E+006
    127  7.717197056946031E+001  6.710998191965277E+005
    128  3.359656908342546E+002  3.066057207210356E+006
    129  3.341002725895314E+000  2.124625649218744E+004
    130  7.267090184482274E+001  6.629024957509110E+005
    131  2.058170561141004E+002  1.563798631888288E+006
    132  3.213875192084984E+001  2.626744844920654E+005
    133  1.687079282950236E+002  1.266903791687242E+006
    134  1.194262737808342E+002  8.811677867909088E+005
    135  1.360955396860461E+002  1.194978769839603E+006
    136  2.108176257661666E+002  1.904718239536100E+006
    137  1.024642815682631E+002  8.355392882033318E+005
    138  1.735054645295859E+002  1.416289118525717E+006
    139  1.855172493582180E+002  1.671600855912199E+006
    140  1.274488003208891E+002  1.125789463099232E+006
    141  5.001387059124384E+001  4.178675585172986E+005
    142  5.364077944968442E+002  4.163479573934317E+006
    143  1.961716857617793E+002  1.566766359935945E+006
    144  3.178374869250866E+002  2.564433379226760E+006
    145  8.958890247571591E+001  7.605774607251656E+005
    146  2.021936354720483E+000  9.462048134281362E+003
    147  2.299501765894183E+001  1.698658587038982E+005
    148  1.267322011853957E+002  1.120445497838758E+006
    149  4.339465515613642E+002  3.791559280909328E+006
    150  6.804637137002936E+001  4.841818344471471E+005
    151  2.762893886363018E+003  2.480041474604341E+007
    152  1.038619684309115E+003  8.671409290897176E+006
    153  1.309089254205721E+002  9.766355109217000E+005
    154  6.568932368388068E+003  5.541597643471649E+007
    155  2.887400672004154E+002  2.451725222328315E+006
    156  8.535086363111408E+001  6.610782376253103E+005
    157  3.581328076511561E+002  2.771052097505281E+006
    158  2.083318298448473E+002  1.608004903137296E+006
    159  4.160827869415200E+001  3.432498272886697E+005
    160  4.430023792966225E+002  3.529611108469865E+006
    161  2.384736471898345E+002  1.848753935537479E+006
    162  1.313772931930953E+001  8.977905066252337E+004
    163  2.896584121990665E+003  2.507869214942408E+007
    164  3.450971785544876E+003  2.852767642260917E+007
    165  3.069973364875057E+003  2.604883499077285E+007
    166  4.771061082035552E+002  4.083982017358371E+006
    167  4.004216567810544E+001  3.115483088974454E+005
    168  6.231413437499933E+001  4.962295345104458E+005
    169  1.909964294577610E+002  1.414870819839777E+006
    170  2.210852053192616E+001  1.736335412908387E+005
    171  3.359601031601041E+001  2.578765245778135E+005
    172  3.450660002384122E+002  2.896682818187373E+006
    173  2.154824368715993E+002  1.728484349865676E+006
    174  1.000815633833775E+002  7.701531971290096E+005
    175  1.138252993261541E+001  8.797131091026269E+004
    176  4.244328584536727E+001  3.194603107567590E+005
    177  3.202619212233207E+002  2.900732220562862E+006
    178  9.582798029372668E-001  1.585409438068164E+003
    179  1.046191358734648E+001  6.970843756727170E+004
    180  2.030661876172942E+002  1.467469234941204E+006
    181  2.074101206672371E+001  1.708065268197591E+005
    182  1.408932499240494E+003  1.294537446369814E+007
    183  2.717484866149453E+002  2.159856185333826E+006
    184  1.083035415144209E+002  8.193939823057648E+005
    185  1.092664465068417E+003  9.455774287154000E+006
    186  9.057584396546472E+002  8.117317171653307E+006
    187  2.887630910742031E+001  2.175836377902708E+005
    188  8.925227915704090E+002  6.624047961831722E+006
    189  3.240840308608825E+001  2.664332896829189E+005
    190  2.366616035746083E+002  1.913707744917090E+006
    191  1.098163478679276E+002  8.444260634045922E+005
    192  1.570090107886223E+002  1.341205880221548E+006
    193  6.363184341345903E+002  5.548992137592695E+006
    194  1.077815244228252E+002  9.674127563026642E+005
    195  3.439111761081184E+002  2.854607804767305E+006
    196  1.557538265005468E+002  1.168500470553816E+006
    197  3.220178607877609E+002  2.929847593488317E+006
    198  7.966498296464359E+002  6.455570199083507E+006
    199  5.825769239574660E+002  4.609295352523261E+006
    200  4.409796793741083E+000  3.194364096595961E+004
    201  8.988365100853407E+001  7.067600464872983E+005
    202  1.807045176240954E+002  1.402340942176429E+006
    203  5.029689025728848E+001  4.442752795854210E+005
    204  1.324131191228017E+002  1.156860348913958E+006
    205  1.585044711546496E+002  1.270010241333376E+006
    206  1.143636812661535E+002  9.455010661172160E+005
    207  3.676312141193721E+002  2.881755680403536E+006
    208  5.807285219020580E+001  4.185417027296815E+005
    209  3.975486363728038E+001  3.373859463922774E+005
    210  3.231981858587949E+002  3.015400657654554E+006
    211  1.407438937676146E+002  1.311807041497829E+006
    212  1.994259393977608E+002  1.501587706306890E+006
    213  1.441770553133085E+002  1.297199738408919E+006
    214  4.507901141604808E+001  3.419794742020302E+005
    215  4.915803495012840E+001  4.068250385986070E+005
    216  1.167243185512934E+001  8.256846011409316E+004
    217  1.823025668833810E+002  1.603330961280112E+006
    218  1.153669263393414E+002  8.521794792177001E+005
    219  1.384374400604354E+001  1.108248892784325E+005
    220  1.447532185946776E+001  1.060649763887962E+005
    221  1.582726637461339E+002  1.250651184786350E+006
    222  1.139457905728829E+002  9.628750655139581E+005
    223  3.661567156813659E+002  2.812376287496569E+006
    224  4.326297687580846E+000  2.864618227123535E+004
    225  6.241478976271932E+000  4.484401036250084E+004
    226  1.145289510791617E+002  9.388228272810996E+005
    227  5.439253906288973E+000  3.831463254638950E+004
    228  3.280138809292072E+000  2.166039421955681E+004
    229  5.219140890216547E+002  3.990822119324469E+006
    230  4.580169956521924E+002  3.899962760270674E+006
    231  5.961843580552677E+001  4.296465461424429E+005
    232  1.806934547013566E+003  1.679664515656840E+007
    233  3.215745890879803E+002  2.625515589205272E+006
    234  2.863060165628440E+001  2.171868334200628E+005
    235  5.685068458214714E+000  4.365377888185253E+004
    236  4.305409335092100E+002  3.487731982027279E+006
    237  8.184666340605303E+001  6.301829101718632E+005
    238  2.141115080033224E+002  1.736366272745826E+006
    239  1.195042279104463E+002  9.964520647634369E+005
    240  2.715298308746755E+002  2.339235634454012E+006
    241  3.246668557169049E+002  2.655164036273576E+006
    242  3.375823494832531E+001  2.511818831786232E+005
    243  1.253390805023630E+001  1.017881173809279E+005
    244  1.129049729289609E+002  1.021344120216226E+006
    245  4.811854842075911E+002  3.873590399341227E+006
    246  1.540760983616743E+002  1.220940724855474E+006
    247  1.087525170329350E+002  9.280091246025792E+005
    248  2.052518151822956E+003  1.709419747684400E+007
    249  4.189929536194870E+002  3.562546106452182E+006
    250  9.171775157242854E+000  6.578491717801422E+004
    251  2.442326890433329E+002  1.927362289697950E+006
    252  3.702355015266751E+000  2.206581048538489E+004
    253  1.033298848862289E+003  8.353479940177646E+006
    254  4.780129453637025E+002  3.773066786321727E+006
    255  4.513323658868056E+002  3.463156044914210E+006
    256  1.442773301380836E+002  1.233244623914809E+006
    257  2.544590960624667E+001  1.991354861344586E+005
    258  8.678357465718591E+002  7.310437542908940E+006
    259  3.324953704417979E+002  2.921737851655792E+006
    260  1.747155243582321E+001  1.242681547902974E+005
    261  4.640999152593940E+001  3.660231384845634E+005
    262  5.073146650257998E+001  4.388144687531535E+005
    263  2.050404412146137E+000  1.234371358682993E+004
    264  2.795114878354729E+002  2.395848900593802E+006
    265  6.027220153572681E+000  4.595066403915082E+004
    266  3.699649211561056E+001  3.120364016996847E+005
    267  1.900280786940879E+001  1.545845034935475E+005
    268  2.899749928748634E+000  1.917978287264637E+004
    269  1.061449689425857E+001  7.782425591380976E+004
    270  4.019516980497259E+001  3.476304552458645E+005
    271  1.142967853040413E+001  9.014434049926962E+004
    272  3.724604812758294E+002  3.252853988268914E+006
    273  9.786276249446378E+001  8.742636799256260E+005
    274  3.144681878332277E+002  2.804117463856615E+006
    275  6.605645780190584E+001  4.677956533414116E+005
    276  5.950277237813327E+001  5.227843433633193E+005
    277  1.411932336318906E+001  1.163451914957084E+005
    278  3.934022381253169E+001  3.355425454215919E+005
    279  2.104537403101984E+002  1.828188622697194E+006
    280  4.115870904827609E+002  3.779226989507416E+006
    281  2.019038023067046E+002  1.742594486810114E+006
    282  2.228535056932206E+002  1.713615865278407E+006
    283  1.182924650215309E+002  1.007284942803769E+006
    284  8.744526514989117E+000  6.527541071454275E+004
    285  1.187001053951824E+002  1.043267236350723E+006
    286  5.082468095621766E+000  4.093574125860290E+004
    287  2.801565832797091E+001  2.486946595653386E+005
    288  1.630571525593141E+002  1.358567817876764E+006
    289  2.390160672219827E+002  2.070131702731330E+006
    290  9.358294876622449E+002  8.422553932406010E+006
    291  1.912684190154136E+003  1.743683719847696E+007
    292  5.455908839136109E+001  4.676320294215803E+005
    293  2.864809335664946E+003  2.585101975422538E+007
    294  4.126706483960160E+002  3.590135478003702E+006
    295  1.590790136092546E+002  1.179846198892268E+006
    296  6.716116227823669E+002  5.527458820795447E+006
    297  1.055373279715331E+003  8.659317001557251E+006
    298  4.189908579145397E+003  3.868185340803312E+007
    299  6.254621312866836E+002  5.696805693962179E+006
    300  1.161240170326362E+003  9.316000094386563E+006
    301  1.269447834700005E+003  1.003819858227950E+007
    302  1.248072360449609E+002  1.039763031190699E+006
    303  1.658857932585976E+002  1.397408322718337E+006
    304  5.250334150391124E+001  3.856695769944089E+005
    305  3.430015261992670E+001  2.615961611436833E+005
    306  3.178118251056503E+002  2.692098892730353E+006
    307  3.274098190153453E+001  2.406465393903718E+005
    308  8.861518460419351E+002  7.472756189276807E+006
    309  7.365548138109129E+001  5.834095064347594E+005
    310  2.576854248746653E+002  2.164573897055155E+006
    311  2.497411612429814E+001  1.838837934379501E+005
    312  5.993040531878581E+001  4.463826052665042E+005
    313  9.011955172620997E+000  6.575072275959206E+004
    314  3.795644842595895E+001  2.818999327270548E+005
    315  9.500089003191855E+000  7.026591765770463E+004
    316  1.574727222004664E+001  1.309447723411451E+005
    317  4.428342944706848E+001  3.339709379579467E+005
    318  4.178630848109100E+002  3.498769779490152E+006
    319  5.484492892885096E+001  4.766245998550504E+005
    320  1.444445060133361E+002  1.121816318954173E+006
    321  6.497399814552838E+001  4.936978543941951E+005
    322  3.024449562508330E+001  2.284478607862603E+005
    323  2.332863741360493E+001  1.692149138670641E+005
    324  5.614104453855400E+001  4.321355768929764E+005
    325  1.372070330377567E+002  1.002711194581795E+006
    326  2.220276738468680E+002  1.966436023691985E+006
    327  7.567730941197232E+001  5.497731187284820E+005
    328  6.134060026432239E+000  4.558867193699601E+004
    329  5.747833276881368E+002  4.805559030103324E+006
    330  6.566458274612110E+002  5.064828990535225E+006
    331  1.730499981106741E+002  1.323543720690373E+006
    332  7.537108193922700E+001  6.846447413498746E+005
    333  3.329439195977767E+002  2.986576472837120E+006
    334  4.020507501415618E+001  2.957158768643640E+005
    335  2.509873814025585E+002  1.903144222816196E+006
    336  7.949159088638910E+001  6.142311045383721E+005
    337  2.727415479955926E+001  2.069893189573488E+005
    338  8.287880451508752E+001  6.466242050908569E+005
    339  2.405302680508048E+001  1.826464249423199E+005
    340  2.587393233804868E+002  2.305526661468832E+006
    341  4.621012662870344E+002  3.609805052088492E+006
    342  7.518152617953921E+000  5.654560152659108E+004
    343  2.038885326950180E+002  1.747200260354612E+006
    344  5.824713833019839E+002  5.247788359179904E+006
    345  4.221133369275671E+001  3.807662956531754E+005
    346  1.900785290859827E+003  1.728095995755692E+007
    347  3.973314727401545E+002  3.082748576047063E+006
    348  2.347439278939756E+002  1.828729983813285E+006
    349  6.109961564713917E+001  5.120906551132559E+005
    350  5.525877878888593E+000  4.236750379963421E+004
    351  6.312273648437734E+001  4.985801390529191E+005
    352  1.055537360917417E+002  8.220319979693890E+005
    353  8.947229231341618E+000  7.325255882198182E+004
    354  7.540568110686926E+000  5.574957630157549E+004
    355  7.081077962397363E+001  5.881430387774883E+005
    356  4.951021268543047E+002  4.119168198175037E+006
    357  1.135656829264529E+002  8.748226379358826E+005
    358  1.378198023129568E+003  1.129038165936505E+007
    359  1.632865572310821E+002  1.451499271499768E+006
    360  4.262841097603024E+001  3.195019420695810E+005
    361  2.811638780322293E+001  2.183277236120252E+005
    362  3.532647491563768E+000  2.356061034690539E+004
    363  8.606454212279798E-001  3.438403930441181E+003
    364  5.682621387013198E+001  5.022051060558558E+005
    365  6.234993282818140E+001  5.255399309671635E+005
    366  8.319230185131065E+000  6.168653176324881E+004
    367  1.078874620498630E+002  9.657583875734807E+005
    368  5.167165375373793E+000  3.532119324173981E+004
    369  5.213249846317770E+001  4.821685529831951E+005
    370  1.109007203766500E+001  8.173998959111572E+004
    371  3.617977887876792E+000  2.567285297548445E+004
    372  2.463326607796620E+001  2.113173283779249E+005
    373  3.951785610656910E+000  2.989508784806020E+004
    374  3.082135895856354E+002  2.764522207553804E+006
    375  1.940486685691707E+001  1.713950917206455E+005
    376  4.151620066796464E+002  3.752476525387859E+006
    377  4.380903905459301E+001  3.584297769397850E+005
    378  3.593790812994690E+002  2.963733941657154E+006
    379  2.836000531148049E+002  2.233199536695845E+006
    380  2.357437196163808E+002  1.935168697122090E+006
    381  1.586250057142038E+002  1.350201961414940E+006
    382  6.652202545814667E+001  5.158155473691616E+005
    383  2.655459599882321E+002  2.330493978587597E+006
    384  7.629187350083394E+003  6.766257787168808E+007
    385  2.606559505255772E+002  2.047982347583534E+006
    386  2.819653448032202E+003  2.373665035068169E+007
    387  7.480574848941139E+002  6.565469377682450E+006
    388  1.308270504265919E+000  7.725588789597371E+003
    389  7.185748845984493E+001  5.530098943615417E+005
    390  3.747138904378910E+003  3.484726438827694E+007
    391  9.090207038312135E+002  7.700685383782749E+006
    392  1.862158125971542E+003  1.627093001217951E+007
    393  4.398668340279442E+003  3.958352877129816E+007
    394  6.663220980387153E+001  5.440455764483602E+005
    395  1.015241833940979E+003  9.213887818002982E+006
    396  1.954990071029015E+002  1.740443106261189E+006
    397  4.688990365302117E+001  4.134192625483123E+005
    398  8.994678179569475E+001  7.865354074405794E+005
    399  2.621326814592072E+002  2.344147243296668E+006
    400  6.567333715387565E+002  5.543638504809794E+006
    401  9.193722778300210E+001  7.007124829000352E+005
    402  8.960208119467608E+002  7.763073081774325E+006
    403  2.583687853111843E+002  1.994322536447911E+006
    404  9.230702625688544E+001  8.028001731261507E+005
    405  3.874890456820087E+002  3.265806477827652E+006
    406  1.169496852908057E+000  7.640536298891503E+003
    407  1.603610030896626E+003  1.461597929425487E+007
    408  4.212186875762539E+000  3.478137044481954E+004
    409  2.432150984185045E+002  2.047423229940863E+006
    410  1.499982995273699E+001  1.265982675945665E+005
    411  1.597199712909449E+002  1.400193585107684E+006
    412  1.878433946376895E+000  1.337998945109617E+004
    413  4.102298057094546E+002  3.175858065563000E+006
    414  2.660324169190589E+001  1.986489073367295E+005
    415  5.993802263192327E+002  4.862003571784406E+006
    416  1.997777203963252E+001  1.658841800700337E+005
    417  1.148628874748456E+002  9.404131086806827E+005
    418  1.156631755654820E+004  8.140576681814198E+007
    419  1.731541937474894E+003  1.578967249959368E+007
    420  2.526441551382223E+001  2.101893900843348E+005
    421  1.158253609141864E+002  1.026084129443740E+006
    422  1.046429845859288E+003  7.679137790275292E+006
    423  1.005918412994350E+003  8.232940811296654E+006
    424  4.117752164201825E+000  3.007453354252973E+004
    425  3.050747682795497E+003  2.207857260987031E+007
    426  5.268683432027881E+002  3.921566096452761E+006
    427  7.756837469733575E+002  6.580654025237791E+006
    428  2.388087963668855E+000  1.757983117056702E+004
    429  5.191777570424631E+000  3.988880982195679E+004
    430  6.391912801834853E+002  5.607784770216214E+006
    431  3.550852154596776E+002  2.624515596809116E+006
    432  1.015507489145253E+001  8.523425397189906E+004
    433  4.323152443288210E+001  3.802404351456966E+005
    434  5.401200608744658E+002  4.764866766915671E+006
    435  9.759111485867885E+000  7.249978421145648E+004
    436  9.870488219148841E+002  8.053309509104806E+006
    437  7.188652878145014E+000  5.765457869749427E+004
    438  1.325588258312542E+003  1.096460031995592E+007
    439  9.248561618886146E-001  4.452343466043003E+003
    440  3.225254721410213E+002  2.849221825216837E+006
    441  1.101552214412491E+001  8.084678059067752E+004
    442  9.519190844429191E+001  8.289680354691677E+005
    443  8.763828960527871E-001  5.070672769418313E+003
    444  4.808296206243401E+001  3.622199253993722E+005
    445  5.440259593065175E+002  4.331193954317974E+006
    446  2.694588459461903E+002  2.320699074288635E+006
    447  5.419286590253240E+000  4.069554703294463E+004
    448  1.218106515988850E+002  1.073835627953720E+006
    449  8.766611556020034E+001  6.987991109880981E+005
    450  8.076971042354249E+002  7.500748522842400E+006
    451  6.639148295719014E+001  5.446108268290929E+005
    452  8.021892601869604E+002  7.344475503166693E+006
    453  1.270001403100093E+003  1.149290570551588E+007
    454  2.407347249068614E+003  2.266706985656847E+007
    455  3.108187856181394E+001  2.699557646295070E+005
    456  8.170028221187212E+002  7.628585857877622E+006
    457  7.059444689386693E+000  4.961479409042797E+004
    458  5.797937850509983E+002  5.419851463027368E+006
    459  1.688261339234194E+002  1.415192064892966E+006
    460  4.760666504663816E+002  4.464864218008198E+006
    461  5.712589795191373E+000  4.247655022637327E+004
    462  7.764002689815451E+002  6.566703532869338E+006
    463  8.802909057649057E+000  6.627911001840535E+004
    464  5.387974765876609E+002  4.638179241445455E+006
    465  1.126890411241695E+001  8.429780061360680E+004
    466  1.999533007633316E+002  1.715496443078110E+006
    467  1.091794702593435E+002  9.107599280120780E+005
    468  1.995888330472544E+002  1.738572681494700E+006
    469  4.713384502042103E+000  3.422049873227256E+004
    470  1.397085147105653E+001  1.051227976781387E+005
    471  1.009019009884395E+001  7.634388117542431E+004
    472  6.262263136981577E+002  5.602978560629661E+006
    473  3.421112715849988E+001  3.001634560262735E+005
    474  2.303549968556841E+003  2.128066195939666E+007
    475  1.596790086963366E+002  1.465351589159073E+006
    476  9.347719423490940E+000  7.641016786964015E+004
    477  3.922453390417390E+002  3.656340852633495E+006
    478  6.321745871437920E+001  5.665893944823536E+005
    479  1.110626004950713E+003  1.009470931097748E+007
    480  1.088488602755718E+002  9.449556643270891E+005
    481  1.270891144085723E+001  9.066013337298862E+004
    482  1.428685653799609E+002  1.281747502271447E+006
    483  2.309483323913597E+002  2.011003340512725E+006
    484  1.509052332635915E+001  1.236772295859730E+005
    485  4.666171770376493E+002  4.253015805833503E+006
    486  2.996401492991825E+001  2.098735561248986E+005
    487  3.861775723328167E+002  3.600940944267810E+006
    488  3.165576566031918E+000  2.133745883755349E+004
    489  2.464759598886585E+002  2.285518438386462E+006
    490  1.398013042496636E+000  1.041991521055797E+004
    491  1.800676739020595E+002  1.638106611920574E+006
    492  3.057861649373500E+002  2.474897336122746E+006
    493  8.545529644249267E+001  6.594816310171435E+005
    494  1.652346936271257E+002  1.445435538005707E+006
    495  2.193141715463665E+002  1.943635672164940E+006
    496  2.603838901639152E+000  1.906403780202977E+004
    497  1.372213369497337E+002  1.150115941285386E+006
    498  1.066915650821878E+002  9.341597394146537E+005
    499  5.370938279293838E-001  2.319781706820193E+003
    500  1.648134281499854E+002  1.488089146767485E+006
    501  6.673957798548493E-001  3.668655198179047E+003
    502  3.309692221322744E+001  2.536904158285301E+005
    503  6.826595869846733E+002  6.273510841776617E+006
    504  4.184463717235871E+002  3.721990927095082E+006
    505  2.881836036585063E+002  2.655564571113741E+006
    506  2.909399350097234E+000  2.039676931626725E+004
    507  5.258352969990993E+002  4.474503990599611E+006
    508  7.242465568554581E+000  5.912284509981986E+004
    509  5.354339380766070E+000  4.489942480834644E+004
    510  4.745564341057676E+002  4.321915589985247E+006
    511  2.090384975594783E+001  1.788570451803139E+005
    512  6.461012700368840E+002  5.933030020113748E+006
    513  1.245263740370836E+001  1.018569602000089E+005
    514  1.599882027814468E+002  1.436708506567589E+006
    515  3.873579219978497E+001  3.112161666958356E+005
    516  5.864205903702135E+001  5.143456841471668E+005
    517  1.035762993021869E+002  9.556595929331370E+005
    518  2.743312492567757E+002  2.528311265930546E+006
    519  2.759287498347780E+002  2.579457567520970E+006
    520  1.480633905787148E+000  1.070250726395306E+004
    521  2.976637815841581E+001  2.265627061314121E+005
    522  1.336803934414607E+001  1.121740325071999E+005
    523  1.005277741412071E+002  8.853564196329586E+005
    524  7.489023568888450E+002  7.046613010671520E+006
    525  3.819521717165011E+001  3.307855448792484E+005
    526  1.921838590801435E+001  1.537560765225037E+005
    527  2.805587976509151E+002  2.619667545166446E+006
    528  2.958800839840058E+001  2.344792141678484E+005
    529  1.519109045466184E+001  1.181050900881952E+005
    530  3.640779549962808E+002  3.297482933484160E+006
    531  3.508045304392649E+002  2.915760594870285E+006
    532  7.965699893576274E+001  6.961491751303471E+005
    533  1.021624081108964E+002  8.981570640213726E+005
    534  6.127786237358031E+001  5.267344067696492E+005
    535  2.921140472075351E+003  2.554076425680828E+007
    536  5.009554193844096E+002  3.834290063833408E+006
    537  6.220419574452088E+003  5.356732637066745E+007
    538  5.565297481860511E+002  4.150040825180253E+006
    539  6.215890598055081E+003  5.549152503074634E+007
    540  3.184884666130778E+002  2.714285069872605E+006
    541  8.960519504329564E+001  8.235631269445190E+005
    542  3.224542411688330E+001  2.502518950042907E+005
    543  9.680503598935789E+001  7.916679246793143E+005
    544  1.809371400372478E+003  1.404188545030461E+007
    545  1.320443017208454E+002  1.170334310903858E+006
    546  2.606254748592020E+003  2.015763398698815E+007
    547  3.484557089337907E+004  2.701287523806925E+008
    548  8.772357730321635E+001  6.796088222513243E+005
    549  1.564427459616777E+003  1.202116869630934E+007
    550  5.966092535976111E+002  5.364754319522590E+006
    551  2.106564582139864E+003  1.581075712089155E+007
    552  1.982828730168225E+003  1.360889274316231E+007
    553  2.580304181496135E+002  2.117672704977877E+006
    554  1.275924299395149E+003  9.941387399769966E+006
    555  3.844244501736797E+001  3.179035188087896E+005
    556  6.919938129846819E+000  4.819224316944997E+004
    557  1.908737578809609E+002  1.537513918939314E+006
    558  1.801138857933106E+001  1.444447817299587E+005
    559  2.590521100577033E+002  2.309121481890172E+006
    560  8.144903608720961E+001  6.352812251774985E+005
    561  1.641699037270143E+001  1.405234126629429E+005
    562  1.132161224641317E+001  7.636827675823733E+004
    563  5.087975847787630E+003  4.035840164909440E+007
    564  1.354791253413239E+002  1.021923472779966E+006
    565  3.620659132768000E+001  2.932734206264171E+005
    566  6.512905474817188E+003  4.973138553270108E+007
    567  1.426490210314995E+001  1.096892695766531E+005
    568  1.582336657300740E+002  1.352199615282028E+006
    569  8.042314037636345E+000  6.275603724692509E+004
    570  5.011016080095630E+002  3.749856475639649E+006
    571  2.747925081149021E+001  2.146648751104410E+005
    572  9.411843076704463E+001  7.141055762185288E+005
    573  4.181750349869905E+001  3.262293585730914E+005
    574  4.887007178253621E+000  4.118953815567202E+004
    575  3.829693591944812E+002  3.269382802542431E+006
    576  1.139988198398256E+002  7.803448830167536E+005
    577  2.183774942955802E+001  1.703532569708997E+005
    578  1.862139018362516E+001  1.547797205430841E+005
    579  8.288667444084812E+000  6.808866598336351E+004
    580  1.324900511880197E+002  1.095467204719700E+006
    581  4.918032012248122E-001  3.809029148730842E+003
    582  8.954696703752327E+001  7.627325055223601E+005
    583  1.194162725314783E+001  9.022427608169401E+004
    584  2.432755392940794E+001  1.931965858977324E+005
    585  9.003136805698838E+001  7.885660764932992E+005
    586  4.242237935256378E+000  2.978125030033831E+004
    587  5.173970509493968E+001  4.574943004332958E+005
    588  7.641786213302614E+002  6.790877057756926E+006
    589  1.245362858666717E+001  9.326716553508320E+004
    590  2.262004805917565E+000  1.620378836677232E+004
    591  4.059761701576567E+000  3.045372106837544E+004
    592  3.238660836543565E+002  2.938441212551784E+006
    593  2.196750004575183E+002  1.981567231795748E+006
    594  1.724293707682978E+001  1.343045766005511E+005
    595  9.451524787407591E+000  6.994895446194847E+004
    596  1.245212097653049E+001  9.771936507184705E+004
    597  1.600080564288225E+001  1.456378061338667E+005
    598  4.086797040997454E-001  2.442639501076849E+003
    599  1.739106105215122E+002  1.603006330963988E+006
    600  5.516141163407695E+001  5.152223852974828E+005
    601  5.100324139789316E+000  4.088454282863500E+004
    602  2.204989358228813E+002  1.979953697902669E+006
    603  1.728870495214408E+000  1.429293290751029E+004
    604  8.270656119248650E+001  6.691701422277853E+005
    605  2.126593285770165E+001  1.634525161994712E+005
    606  5.234623805681893E-001  3.607855067165867E+003
    607  1.647249637861931E+001  1.434953007544942E+005
    608  6.512543467267557E+000  5.039275902948253E+004
    609  6.022324021017583E+001  5.342052145191344E+005
    610  1.264405290574369E+001  9.884315770035355E+004
    611  1.597229840132290E+001  1.419103310585983E+005
    612  3.964330005456302E-001  2.792884755708737E+003
    613  1.828565871746752E+002  1.610213179424824E+006
    614  1.463915762030414E+000  1.104094801251678E+004
    615  8.243876103670380E+001  7.509453991679231E+005
    616  1.534357860896848E+001  1.210731082974762E+005
    617  4.887193247093607E+001  4.366614475906059E+005
    618  9.681987695011773E+001  8.364810609875215E+005
    619  3.332218204880789E+000  2.561971130704424E+004
    620  1.298368617212612E-001  5.393673268482856E+002
    621  5.530521816033497E+001  4.957750717689383E+005
    622  9.864341793828329E+000  7.553424574566890E+004
    623  3.700646452613444E+001  3.254315697679718E+005
    624  1.119198778952327E+001  8.591340645361644E+004
    625  3.041143904791826E+000  2.223720829006458E+004
    626  1.359086708202844E+001  1.216367226732284E+005
    627  2.752366720424058E+000  2.057629795279922E+004
    628  4.892700178206215E-001  3.032664310414193E+003
    629  3.727025632229430E-001  2.524498811272976E+003
    630  8.407699122629975E+000  7.001732924539082E+004
    631  7.917294385652721E+000  7.056557123894892E+004
    632  1.185816780364498E+002  1.080974179138902E+006
    633  5.943534578420135E+000  4.445296099638359E+004
    634  4.455247369786160E+000  3.411039646340034E+004
    635  1.399399049631806E+001  1.160994481843692E+005
    636  1.615182017844419E+001  1.288929661441471E+005
    637  9.739789365883817E+000  8.353451510904734E+004
    638  6.079387562596291E-001  4.464825952080405E+003
    639  3.563970912478337E+001  2.997861355204564E+005
    640  3.415094922937637E+000  2.801437703373161E+004
    641  9.563608418183422E+000  7.488263700193785E+004
    642  2.569067601675023E+000  1.884630190252915E+004
    643  2.514163426855993E+001  2.109390744191587E+005
    644  1.688936934543860E+000  1.219951283907918E+004
    645  2.065440400160349E+001  1.848498339797689E+005
    646  8.257017238811788E+000  6.929582683536336E+004
    647  1.227119093329801E-001  5.100802045845880E+002
    648  2.891529354104050E+000  2.265015450931747E+004
    649  3.868240601173457E+001  3.531782968767244E+005
    650  1.965660940366682E+001  1.782218663017477E+005
    651  2.494523661563282E+000  1.881926293093125E+004
    652  8.774212612092561E-002  1.926206596559044E+002
    653  8.949351733898522E-001  6.839929112640018E+003
    654  6.860555421057080E+001  6.119416227441565E+005
    655  3.989132587187168E+001  3.652183267899162E+005
    656  9.445164594144734E+000  7.204058318578805E+004
    657  3.262968567904250E+000  2.489052307389274E+004
    658  4.279206554996583E+001  3.648893129883246E+005
    659  4.717864960021037E+001  4.200450641777956E+005
    660  2.816891405408841E+000  2.147184697451443E+004
    661  8.135259785033979E+001  7.361160640928304E+005
    662  1.019518696129363E+000  7.782063403673866E+003
    663  1.226279892147137E+002  1.108919164535759E+006
    664  1.885948723501706E+000  1.464278688007194E+004
    665  3.796106926758751E+000  2.853645283395968E+004
    666  3.044780949891160E+001  2.452249226514435E+005
    667  4.195604356096314E+001  3.493525537895692E+005
    668  2.484157170970084E+000  1.993317930264140E+004
    669  1.076325707677678E+002  9.687470200753122E+005
    670  7.694842302794560E+000  5.959943813432017E+004
    671  2.290842330264148E+001  2.098386737979912E+005
    672  1.363229824198936E+001  1.035070951996348E+005
    673  1.126173105263825E+001  9.300019201530765E+004
    674  1.515112352558660E+001  1.168313949260232E+005
    675  9.915836575771396E+000  9.072183417910396E+004
    676  1.083927306254447E+001  9.300432794470018E+004
    677  2.368337781682428E+000  1.740161420877657E+004
    678  6.827201213714217E+001  6.020013699842718E+005
    679  3.377021709357937E+000  2.594004385067617E+004
    680  1.548099822976094E+002  1.316570623750007E+006
    681  6.266469633845940E+001  5.354539210597993E+005
    682  8.313103826530854E+000  6.367034041132123E+004
    683  4.645297463029548E+001  4.069410862110560E+005
    684  7.633892569128053E+000  5.821360584950459E+004
    685  2.831089403513630E+000  2.192049355507587E+004
    686  5.479207549792408E+001  4.685815841134920E+005
    687  8.498738652628829E+001  7.429074553771819E+005
    688  1.219775359272662E+000  8.794836410950709E+003
    689  6.983352158212170E+001  6.215708247793432E+005
    690  4.886664361789443E+001  4.244921239075733E+005
    691  7.676865937052894E+001  6.521502770680102E+005
    692  3.111729296374373E-001  1.829039594072835E+003
    693  8.977307943865421E-001  6.875945396578674E+003
    694  1.274731697712456E+002  1.082620677240634E+006
    695  7.946313755010211E+000  6.129949127955367E+004
    696  2.215877580145354E+000  1.666536349660498E+004
    697  8.228695196750731E+001  6.792575637375807E+005
    698  2.133278179496217E+002  1.779826633828094E+006
    699  2.410710114771161E+000  1.842856659829067E+004
    700  3.212171782354488E+001  2.653656921616733E+005
    701  1.927277921344649E-001  9.227522553586547E+002
    702  1.840822745173505E+001  1.539964043540341E+005
    703  1.211562340297962E+000  8.621340363241865E+003
    704  1.865853762878003E-001  9.072932521428528E+002
    705  1.432800651690974E+000  1.023401255787254E+004
    706  6.085821613935483E+001  5.498416153065155E+005
    707  2.700568974447240E+000  2.026238369055024E+004
    708  9.753899930831700E+001  8.185993229389675E+005
    709  4.733923892738724E+000  3.656342545180814E+004
    710  1.474646672154780E+002  1.316051113282713E+006
    711  1.488034462358222E+000  1.201330673189792E+004
    712  1.876162423985220E+002  1.674188099623267E+006
    713  1.054941398495945E+001  8.180766855740720E+004
    714  1.765505951455580E+000  1.324502193851275E+004
    715  1.882387710504198E+000  1.422519850544380E+004
    716  8.208091536186009E+001  6.982707392899493E+005
    717  1.082602122705148E+002  9.673406896580468E+005
    718  2.810450128179288E-001  1.969448326498898E+003
    719  6.825077976532499E+001  5.928397393562879E+005
    720  3.498560635642228E-001  2.177847187943479E+003
    721  3.112223132191728E+001  2.842864857800080E+005
    722  2.068236367761715E+000  1.607999215679818E+004
    723  8.701140089834618E-001  7.549960605116014E+003
    724  7.227483386250117E+001  6.680988423450746E+005
    725  3.514154827444081E+002  3.056351213924373E+006
    726  5.385214649357081E-001  3.707652044555865E+003
    727  1.089735747155437E+002  9.633563388422414E+005
    728  9.165460444047270E-001  6.584840166092753E+003
    729  8.010616135768884E-001  5.591016005392081E+003
    730  4.137832513190378E+001  3.488470495206368E+005
    731  3.372519305996604E+001  3.063324327851862E+005
    732  2.490583256194255E+000  1.778860893633363E+004
    733  3.646592375416000E+001  3.303624220860231E+005
    734  1.550451338870290E-001  7.605212587861124E+002
    735  1.319321704975400E+000  1.130046499026621E+004
    736  2.262436598809570E-001  1.264052866031935E+003
    737  9.351226115727785E+000  8.426464859976505E+004
    738  3.554169361970421E+001  3.196499383193020E+005
    739  1.897030141846009E+000  1.592765563936823E+004
    740  6.657008341770183E-001  5.573198764946687E+003
    741  1.598084925630586E+002  1.480054500501336E+006
    742  4.334284648909159E+001  3.648253079819687E+005
    743  2.257387177509876E-001  1.505760731705104E+003
    744  4.119636668557797E+000  3.119433865480545E+004
    745  7.003882149190726E+001  6.077892111321125E+005
    746  2.580464608184486E+001  2.300948033425575E+005
    747  1.123726598761021E+000  8.964335853000628E+003
    748  2.189271656737404E+001  2.028400345483109E+005
    749  3.982888675279350E+001  3.420666137542601E+005
    750  4.925781915613656E-001  3.523337971841339E+003
    751  2.663800746629804E+001  2.434802046200298E+005
    752  1.400291919136846E-001  6.073228116071485E+002
    753  4.705265912969616E-001  3.342134335478427E+003
    754  2.122758386577299E+000  1.634630698462400E+004
    755  3.120015324157706E+001  2.819776424479913E+005
    756  2.949416932138687E+001  2.568840741536425E+005
    757  1.871551264141996E+001  1.569995060490374E+005
    758  1.709351469977864E+000  1.262828861603367E+004
    759  2.530887873055696E-001  1.710596321284840E+003
    760  3.054876621147133E+001  2.799346847495068E+005
    761  1.378937990185774E+000  1.018611140745846E+004
    762  5.672964832450798E+001  5.136998587315008E+005
    763  6.695827841465942E+001  5.972675381445690E+005
    764  1.569095723217775E+000  1.198840189525360E+004
    765  2.651611423888930E+002  2.397177410925653E+006
    766  1.505172330115217E+000  1.241347020045722E+004
    767  1.695054307917390E+000  1.250078054583560E+004
    768  1.576312696179295E+002  1.387837669588600E+006
    769  1.134847046143627E+002  1.013548824572407E+006
    770  2.342950556353011E+000  1.764425671610858E+004
    771  4.762991347918064E+001  4.304757192637750E+005
    772  1.152424928000688E+002  9.968203253169000E+005
    773  2.414921762784763E-001  1.499304310426890E+003
    774  3.814185738107703E+001  3.109147854432295E+005
    775  3.823630780479452E-001  3.002547247596218E+003
    776  7.614382507730002E-001  5.198263868311765E+003
    777  4.003630772603523E+002  3.685155715081114E+006
    778  2.878121128153454E+002  2.640680594171641E+006
    779  8.053639427136418E-001  5.919312549250625E+003
    780  4.137271677218780E+001  3.695793705348293E+005
    781  2.817176298676667E+000  2.187322215028182E+004
    782  3.780422822781531E+000  2.877614424069294E+004
    783  3.608062057368654E+002  3.284622716142985E+006
    784  1.227224920466534E+002  1.085762612959137E+006
    785  3.656012639080875E+002  3.313262873142019E+006
    786  1.862450948644095E+000  1.408051332667343E+004
    787  5.442004628930864E+000  4.196682053357839E+004
    788  5.360845401891804E-001  3.844926356846417E+003
    789  5.850608368948971E+001  5.195784526363242E+005
    790  4.260283428049211E+000  3.290484201733326E+004
    791  1.408688505071080E+002  1.261536294478682E+006
    792  2.151578302217711E+000  1.773126275055370E+004
    793  3.845913927513158E+001  3.415610918247715E+005
    794  2.333161843144923E+000  1.737252834227986E+004
    795  1.056110090254930E+002  9.804104704088074E+005
    796  1.698637258450502E+001  1.461307302596717E+005
    797  3.076451476489681E+001  2.834409556831021E+005
    798  5.511408255169489E-001  4.272575505138052E+003
    799  5.410700182476239E+001  4.709779864509174E+005
    800  7.012408878334231E+000  5.629531872136297E+004
    801  2.382189666245974E-001  1.654816343379801E+003
    802  6.813104515449157E+001  5.962537649391611E+005
    803  3.053121046107500E+001  2.776887376450631E+005
    804  3.273914013317312E+000  2.499177726703689E+004
    805  1.115423717190284E+000  8.551733357677384E+003
    806  1.640387131304224E-001  8.056062688379908E+002
    807  8.560629526957212E+001  7.652372829861414E+005
    808  2.900047037251534E+001  2.644277173091696E+005
    809  1.882686579614613E+000  1.407013079524735E+004
    810  2.765561104273286E+002  2.584582494229736E+006
    811  4.515880165305977E-001  3.318882665944633E+003
    812  5.419191643498318E+001  5.012187836845751E+005
    813  3.476763804792628E+002  3.201144851432872E+006
    814  2.755794076425960E-001  1.652665096772451E+003
    815  4.353942284151071E+000  3.523884726247269E+004
    816  3.723916675424909E+002  3.458916029370170E+006
    817  1.497364446660616E+002  1.386462208238872E+006
    818  1.121307693925685E+000  8.971104987612998E+003
    819  6.817170229110715E-001  5.631517497668980E+003
    820  4.089887170084370E+001  3.670835193477536E+005
    821  5.690566384059240E+001  5.103292664814054E+005
    822  3.822373620176045E+001  3.460236436304008E+005
    823  1.065231220226801E-001  4.598737603462799E+002
    824  5.624565099384759E+001  5.185697278407476E+005
    825  7.731759090056642E+001  7.094781153103238E+005
    826  9.108019312449383E+001  8.187369734655143E+005
    827  2.346692845787136E+001  2.090719513124508E+005
    828  1.640366591328145E+000  1.307356917403712E+004
    829  1.617479731965764E+001  1.460767898535839E+005
    830  6.784481189015735E-001  5.334119638506193E+003
    831  3.535233909468862E+001  3.174066850610717E+005
    832  4.188298601414841E+001  3.808007755428977E+005
    833  1.475781266772276E-001  8.130818710647399E+002
    834  5.194591845110850E-001  3.605873131864990E+003
    835  3.014819315656781E+001  2.584014614791964E+005
    836  1.121226375020061E+002  1.022877131492489E+006
    837  1.472828369799547E+000  1.310670347553997E+004
    838  1.899933744292470E+001  1.636902001021468E+005
    839  6.471009259028597E-001  4.732529061339023E+003
    840  9.101091193168655E-002  2.750121399084642E+002
    841  2.139232992717160E-001  1.200366122643037E+003
    842  1.595076293304581E+002  1.462441543456060E+006
    843  2.190674124614144E+001  1.928318076013875E+005
    844  8.288445161115504E+001  7.443058762293890E+005
    845  3.592895509638583E+000  2.876479002548369E+004
    846  2.173759978947094E+000  1.610342259164079E+004
    847  5.533502179663047E+001  4.840968730618330E+005
    848  9.814405689244333E+001  8.262885294789792E+005
    849  2.250300743723304E+000  1.731176128247025E+004
    850  1.118298155684687E-001  4.420661818074332E+002
    851  2.561103359766049E+001  2.171613955085199E+005
    852  2.939102482816717E+000  2.378010346850461E+004
    853  2.659672120417396E+001  2.449265946542746E+005
    854  8.415295627163609E+001  7.790886425234099E+005
    855  3.307185749272600E+001  2.826476934565445E+005
    856  9.655953776864172E-001  8.402589379639696E+003
    857  6.382171830020897E-001  5.195885688819558E+003
    858  8.290978294000824E+001  7.655670503880942E+005
    859  1.850469880680055E+000  1.501677743987393E+004
    860  4.268187062812981E+001  3.961476011282962E+005
    861  7.706721873404372E-001  6.440767440650116E+003
    862  2.588005486413380E+000  1.949358170034076E+004
    863  5.136665745530594E+001  4.793577738782731E+005
    864  1.771893688111843E-001  1.097927644932480E+003
    865  3.361391792159474E+001  3.121325503083561E+005
    866  7.923595550783313E+001  6.757323276848596E+005
    867  8.325146335231353E-001  6.915112993655511E+003
    868  6.721349546806751E+001  6.102458702653461E+005
    869  2.032380091827864E-001  1.258118639733187E+003
    870  2.653476035722591E+002  2.280504156190701E+006
    871  2.190030471401341E+001  1.858314833708740E+005
    872  2.469806180853049E-001  1.860064465294872E+003
    873  2.946485555284015E+001  2.671322463030132E+005
    874  1.839829485136122E-001  1.008221727588880E+003
    875  5.399452946191476E+001  4.574227961865621E+005
    876  5.815318244818239E-001  4.177233261699340E+003
    877  7.000264091506867E+001  6.038193245580704E+005
    878  5.651263033499538E-001  3.868225888515202E+003
    879  4.964221452092694E+000  4.052404833735877E+004
    880  1.987149620213880E+001  1.726953860753369E+005
    881  1.225507857460462E-001  6.983217263286729E+002
    882  8.026140097514437E-001  6.335173947754040E+003
    883  7.867004225944726E+000  7.059889254095740E+004
    884  1.885250282751062E+001  1.653967048990238E+005
    885  5.390040498196047E-002  5.656528746635046E+001
    886  7.912376988469508E+001  7.053996488742005E+005
    887  4.136759644500318E+001  3.523452990460023E+005
    888  6.743313481799839E-001  4.811053579957648E+003
    889  1.394507274769482E-001  8.545787596682371E+002
    890  6.034181825294618E+001  5.505091993516902E+005
    891  3.756591373444353E-001  3.086521354017833E+003
    892  6.241495183339043E+001  5.555178048056635E+005
    893  1.943657976836022E+000  1.450372493331264E+004
    894  1.086802857216333E+001  9.270017839800635E+004
    895  1.125236799512061E+002  1.043189464431588E+006
    896  1.390180966459336E+001  1.193150627418127E+005
    897  1.554641405784020E+002  1.375949245861571E+006
    898  1.098192195257100E+002  9.558112874119963E+005
    899  1.393672050545693E+001  1.089907540582867E+005
    900  6.915549437454886E-001  5.385188740830919E+003
    901  1.173981934372172E+000  8.430963764703925E+003
    902  1.397214509738926E+002  1.285130700014422E+006
    903  2.417320486893303E+001  1.912658855452810E+005
    904  3.230761343614049E-001  2.421165510766408E+003
    905  1.174862106270591E+002  9.911037720107371E+005
    906  5.562170303801214E-001  4.389136715152243E+003
    907  3.481435183813260E+001  3.067341153674645E+005
    908  1.318864158644477E+000  9.419178335258675E+003
    909  1.123906812009179E+002  1.045999967441579E+006
    910  6.445783656032606E+000  4.905228966290381E+004
    911  2.154306386804238E+002  1.856447357471516E+006
    912  4.623518363017787E-001  3.324025118521160E+003
    913  5.486439000141399E+000  4.776540877720565E+004
    914  1.304307524479454E-001  6.850639081546100E+002
    915  3.164003117016548E+000  2.536426545210682E+004
    916  1.954572232059202E+001  1.769651265608791E+005
    917  2.575726480397152E+001  2.254861198223949E+005
    918  8.524736658631129E+001  7.877375217930296E+005
    919  2.454107264006509E+001  2.047155245856451E+005
    920  1.035646194194594E+000  7.636240741930486E+003
    921  1.228424799235518E+001  1.099679835378958E+005
    922  4.744995892830605E+000  3.881123368153454E+004
    923  4.083466241743833E+000  3.255121450713270E+004
    924  1.475006712693727E+002  1.323481030082813E+006
    925  6.568436156347643E-001  4.629211440176660E+003
    926  7.150953402232945E+001  5.666310661702458E+005
    927  4.062338374310576E+000  3.145201529605993E+004
    928  1.639366619115098E+002  1.408848282615123E+006
    929  1.961585326629313E+002  1.687213037772208E+006
    930  1.956014530057475E+002  1.653857031079049E+006
    931  1.639884823536157E+000  1.253351055148723E+004
    932  1.734394989925142E+001  1.476872137033431E+005
    933  1.615795528170906E+000  1.291114708190201E+004
    934  1.348968800786143E+002  1.241367850279023E+006
    935  6.504513368696093E-001  4.657694192806949E+003
    936  2.092067362451650E+000  1.815491559639973E+004
    937  1.768840520627896E+002  1.497743594379647E+006
    938  4.038257591098136E+001  3.695782063256425E+005
    939  1.019378898671008E+000  7.407782691606501E+003
    940  4.605359423228284E+001  4.094859446437824E+005
    941  8.480720516067040E-001  7.175689858302478E+003
    942  3.966838804393149E+001  3.566557284196582E+005
    943  9.667470451259263E+000  8.679197465349227E+004
    944  3.069970870063796E+001  2.731536890335215E+005
    945  3.031379943734738E+001  2.645533563495515E+005
    946  3.196617065337825E-001  2.333010325622187E+003
    947  1.034044118043977E+002  8.891934045149479E+005
    948  4.645660374616251E+001  4.199015434474842E+005
    949  2.492989704097307E+000  1.988948496823584E+004
    950  2.303003225243532E+001  1.995891655825211E+005
    951  1.522800946327007E+000  1.232446492896167E+004
    952  7.454729973692979E+001  6.320416973994687E+005
    953  3.184145913048263E+000  2.766758754748977E+004
    954  2.736570036011170E+002  2.571758437475125E+006
    955  1.034162356038817E+002  9.704364945595652E+005
    956  1.010928698119480E+000  9.107858193804588E+003
    957  1.178737267536517E+000  8.944172976530856E+003
    958  8.037441196393929E+001  7.515961105469937E+005
    959  5.429138922554921E-001  4.182131718932576E+003
    960  5.458679543065218E+001  5.085037996482631E+005
    961  1.050578102412085E+000  8.083180430613872E+003
    962  2.760075916215161E+001  2.443415827808949E+005
    963  3.475424674692307E+000  2.665905125754102E+004
    964  1.280680629651748E+002  1.190584688489942E+006
    965  3.005590370118539E-001  2.427750677264019E+003
    966  2.971759609385112E+002  2.766149513680381E+006
    967  2.068217092525285E+001  1.724328881230288E+005
    968  3.245709973296020E+001  2.770087031157867E+005
    969  2.193211124623990E-001  1.474870429221334E+003
    970  1.459728797069532E+002  1.329191041509179E+006
    971  3.179795523101971E-001  2.411428402403545E+003
    972  3.960064826713261E+001  3.639372943409176E+005
    973  1.456648977724826E+002  1.260438883563304E+006
    974  4.565782494676943E-001  3.356868350810462E+003
    975  1.221429244657718E+001  1.072891945460042E+005
    976  3.208051365071393E+001  2.927232801404069E+005
    977  9.837237280652722E+000  8.395820407985126E+004
    978  3.412327669839651E+000  3.025463381308355E+004
    979  5.416215476537552E+001  4.707302454230930E+005
    980  9.322991751609300E-001  7.523929762607341E+003
    981  1.530608314843610E+002  1.435507945535485E+006
    982  2.910170766581891E+000  2.436013630473674E+004
    983  1.505604384056999E+001  1.282198945018054E+005
    984  1.632537060957448E+001  1.408794798087423E+005
    985  2.226814912198047E+000  1.850033675144191E+004
    986  2.645608793617053E+001  2.445897744496324E+005
    987  8.306692905739491E-001  6.116371248433654E+003
    988  1.706206138974763E+001  1.543514381745955E+005
    989  1.434349382702657E+002  1.334148632121922E+006
    990  1.571346307876863E+000  1.145399388792484E+004
    991  3.223461426793434E+002  2.980793522441637E+006
    992  7.863498890767470E+001  6.778525695857862E+005
    993  7.789957561797856E-001  6.552667134356993E+003
    994  2.559600549813273E+000  1.893933157868070E+004
    995  4.067725031749576E+001  3.151197732257880E+005
    996  5.428087619434706E-001  4.654846267064994E+003
    997  1.601835821117845E+002  1.469343526190548E+006
    998  2.891255300004970E+002  2.566124474782683E+006
    999  1.320910496158501E+000  1.210994789675853E+004
   1000  1.330177602450710E+002  1.159023420778348E+006
   1001  3.635564898582043E+002  3.286539598341513E+006
   1002  3.793189108593743E+000  3.243139698906225E+004
   1003  9.088151551200905E-001  7.219106914640052E+003
   1004  3.247712895486961E+000  2.440440267821020E+004
   1005  5.670676289552663E+001  5.063270522621577E+005
   1006  2.391125847416816E+002  2.067206847732436E+006
   1007  3.854796927885994E-001  2.968541581745969E+003
   1008  9.817064143845026E+001  8.281199396858126E+005
   1009  1.133405626189082E+002  9.568712309801116E+005
   1010  1.776757376021590E+000  1.370956375619842E+004
   1011  4.833523962174228E+001  4.036637863295279E+005
   1012  8.775704235217063E-001  6.747022301341771E+003
   1013  4.202558763116367E+001  3.791894557267175E+005
   1014  2.661097605033665E+001  2.198994143941946E+005
   1015  6.710984557976193E-001  5.990261262082735E+003
   1016  1.243677850881865E+002  1.132034088027250E+006
   1017  1.845436727300659E+000  1.344140189718367E+004
   1018  1.281669735366268E+002  1.163353615507974E+006
   1019  9.055690007929328E-002  4.873110243787291E+002
   1020  1.818732764481673E+002  1.690457362432081E+006
   1021  3.799452864641010E+001  3.489241518516700E+005
   1022  8.677528275499932E+001  7.982850597436456E+005
   1023  5.043191312064603E-001  3.399970899651965E+003
   1024  3.466973325036847E+002  3.160638464500068E+006
   1025  9.842135875604244E-001  7.484465482064464E+003
   1026  1.341648897697908E+002  1.182790826992455E+006
   1027  2.075838204017529E+002  1.835743235150008E+006
   1028  3.599075281462634E+000  2.717553809212348E+004
   1029  2.726361253685695E+002  2.242036193001873E+006
   1030  1.015517160210821E-001  5.670070625690652E+002
   1031  1.426566256921845E+002  1.262569309271397E+006
   1032  8.478606133192180E+001  7.246658622718818E+005
   1033  2.264299462075767E+002  1.844903948619565E+006
   1034  6.474038432393283E+001  5.852466858274817E+005
   1035  1.908997660196216E+000  1.410218753381734E+004
   1036  2.524450938525631E+002  1.915819989226149E+006
   1037  2.983290152765090E-001  2.087689252423454E+003
   1038  1.023843162586757E+003  7.186557988551860E+006
   1039  1.079158929405300E+003  8.822138088310199E+006
   1040  4.924118317204771E+000  3.865219721410040E+004
   1041  1.013226130235728E+003  7.263674798175488E+006
   1042  7.983543133206074E+002  7.345319975305255E+006
   1043  2.081396913310101E+000  1.515411546794553E+004
   1044  5.339421412825623E+002  4.645462320435548E+006
   1045  4.082854534010860E+002  3.715295634853234E+006
   1046  1.072766720271198E+001  8.793667979260990E+004
   1047  1.542417695454361E+003  1.103991355737334E+007
   1048  1.402459144258252E+003  1.134779008826802E+007
   1049  1.905689503990094E+000  1.637864380326394E+004
   1050  3.832280192607119E+002  3.344070060525740E+006
   1051  2.133147484227865E+000  1.563828248266531E+004
   1052  1.862604904256803E+003  1.610666299724620E+007
   1053  3.393439936164315E+002  2.732891903235314E+006
   1054  1.380107390938362E+000  1.043753044858625E+004
   1055  5.063743729261224E+002  4.592450388542338E+006
   1056  4.171213625397868E+000  3.717759213616268E+004
   1057  3.907480864129806E+002  3.437822982079459E+006
   1058  7.220085266509242E+002  6.248598523643885E+006
   1059  6.072415547615171E-001  5.032373551261107E+003
   1060  1.801681292786440E+003  1.538610992480961E+007
   1061  2.941976376922079E+002  2.412136051950432E+006
   1062  4.554333488071555E+002  3.931948916139660E+006
   1063  8.142438860968683E+000  6.526658336077352E+004
   1064  1.223292615204063E+002  1.010788045153154E+006
   1065  2.890597518080167E+000  2.304657257579851E+004
   1066  6.351506890847696E+002  5.854192830630946E+006
   1067  1.086981193480863E+003  9.614731398993840E+006
   1068  4.918297317822501E+000  3.782259744671012E+004
   1069  1.828656116632177E+003  1.474709418558218E+007
   1070  1.332052315860046E+004  1.118885338325533E+008
   1071  8.895171209377285E+002  7.935590276024512E+006
   1072  2.457450227979139E+003  1.865651451762314E+007
   1073  8.010269620064365E-001  6.434320781569117E+003
   1074  4.028553707538519E+003  3.589191636060599E+007
   1075  3.431586820620404E+002  2.650598791532793E+006
   1076  6.866991943049742E+001  6.183086802017185E+005
   1077  1.733765207294738E+001  1.463290883154997E+005
