# dt =   1.000000000000000E-005
# j, New nj, Rate of change (1/s)
      1  3.529177744344055E+002  1.266553912413358E+006
      2  1.287494534763325E+004  4.609492303602273E+007
      3  3.151233260071595E+002  1.066955371005849E+006
      4  7.271785364931644E+002  2.397874733445471E+006
      5  1.589343739792367E+003  5.147687300944782E+006
      6  2.072504984724105E+002  6.843012330356499E+005
      7  1.562487891588378E+004  5.060264835118806E+007
      8  7.961387061739246E+003  2.576159544109619E+007
      9  4.303737184140561E+003  1.500691118214814E+007
     10  3.874103061837605E+003  1.199996506165089E+007
     11  8.183664050563201E+002  2.650107542566381E+006
     12  7.267458012534196E+002  2.341063485675252E+006
     13  4.142511924055729E+001  1.321874240393126E+005
     14  2.911190484180755E+002  9.718485912141422E+005
     15  3.454434927775025E+001  1.082029125475662E+005
     16  2.555673472583850E+003  9.045608104776014E+006
     17  6.012007137732634E+002  1.991907012481550E+006
     18  2.664713293558422E+003  8.622307814914472E+006
     19  2.703748565136200E+001  8.178736814534788E+004
     20  6.990004828057610E+002  2.232072273697341E+006
     21  9.888649330333696E+001  3.085669164361659E+005
     22  7.274997936686084E+002  2.489411983698533E+006
     23  8.153822857168047E+003  2.646777563936355E+007
     24  6.085148363038928E+003  1.969456336016121E+007
     25  2.694678345817803E+001  8.332866542508564E+004
     26  6.577884010906705E+001  2.256197018914443E+005
     27  1.655957790283943E+004  5.736297597914230E+007
     28  2.911631128640352E+002  9.709032384479124E+005
     29  3.545817702991262E+003  1.200702699436181E+007
     30  9.479827903097588E+001  2.965188652255106E+005
     31  1.586943683639197E+003  5.198084949095885E+006
     32  8.025886698028394E+002  2.763884992606364E+006
     33  3.561335860731917E+002  1.142151335821398E+006
     34  1.793670965434309E+002  5.730328709626216E+005
     35  4.057304094430665E+003  1.373126428156213E+007
     36  4.430385165079467E+002  1.374800899605093E+006
     37  2.079174868270116E+003  7.125641723376796E+006
     38  6.295284679848623E+003  2.061144024323344E+007
     39  7.378559991232753E+002  2.535533888975574E+006
     40  2.174461302316512E+003  7.480617853753039E+006
     41  1.605077665240686E+003  5.555501365890457E+006
     42  6.459817699465932E+002  2.173006719747264E+006
     43  3.193174984143261E+002  1.063065425221568E+006
     44  2.069061958726038E+003  7.147703784122825E+006
     45  8.002760337133406E+002  2.800353336814459E+006
     46  3.322321990295388E+002  1.097107934100271E+006
     47  5.634063785666665E+000  1.607917781766139E+004
     48  8.000092989850446E+002  2.630193847941704E+006
     49  2.217783615315381E+002  7.307460997257413E+005
     50  1.763036955376153E+002  6.191581833124437E+005
     51  3.022700129021911E+003  1.089589050251334E+007
     52  2.908181395006991E+002  1.046332558265512E+006
     53  1.542095796166464E+002  5.015144846135357E+005
     54  1.854475365130236E+003  6.228074360247062E+006
     55  2.905331522713368E+003  9.737752382023409E+006
     56  7.210676157940133E+000  2.095381335281225E+004
     57  2.125995177472780E+003  7.126859868279333E+006
     58  1.999681966082516E+003  6.522802962656241E+006
     59  3.119659429811018E+001  1.037759565024325E+005
     60  5.976927642629947E+003  2.048576833741482E+007
     61  6.834023779042126E+001  2.038520835525329E+005
     62  1.739281788629073E+002  5.927461928519505E+005
     63  9.725851369826682E+001  3.398698712510619E+005
     64  3.488536320343745E+003  1.150897853445267E+007
     65  4.024547937842338E+004  1.354448776786341E+008
     66  4.724605748312210E+002  1.550444291566045E+006
     67  4.949193814107598E+003  1.656139234465629E+007
     68  1.140121832920095E+002  3.795351217681298E+005
     69  3.429153607312838E+002  1.198857086782617E+006
     70  8.536852046353770E+003  2.894886684516063E+007
     71  1.089757708745785E+004  3.654595456300426E+007
     72  7.471388101161864E+001  2.206959549649060E+005
     73  1.376096268003245E+003  4.636910237897827E+006
     74  4.147924455162859E+002  1.376189630265205E+006
     75  5.216992280181626E+001  1.653254086418360E+005
     76  6.259210288738889E+001  1.998181280230141E+005
     77  1.630237997659674E+002  5.349267572667439E+005
     78  1.790310653687393E+002  5.873439869296580E+005
     79  1.065439253020078E+003  3.784329228863105E+006
     80  3.469776940253007E+003  1.176494903460215E+007
     81  2.814713492527407E+002  9.607281158037145E+005
     82  4.025519401485247E+002  1.369647569993008E+006
     83  1.558949529658935E+002  5.380565784059844E+005
     84  8.789441136615291E+001  2.900467454205356E+005
     85  8.392959723860604E+002  2.658754071737880E+006
     86  5.760005024282275E+003  1.938576485482038E+007
     87  4.974488463278684E+001  1.649351390154494E+005
     88  5.253104296700138E+001  1.730290399151008E+005
     89  5.421441086138894E+002  1.811355442772761E+006
     90  7.544911101249895E+003  2.546410583238413E+007
     91  2.355210697784302E+003  8.187007830466206E+006
     92  1.195640706255645E+003  4.019160009934539E+006
     93  2.633271819777578E+002  8.912908529402657E+005
     94  1.333342258902081E+003  4.499848949315976E+006
     95  5.847847853427194E+002  1.886744818827136E+006
     96  1.227015327489276E+002  3.880079208658786E+005
     97  1.275800626078912E+003  4.476155424743689E+006
     98  1.490408497157330E+003  5.207812309184879E+006
     99  6.548994554120814E+001  2.232563284581460E+005
    100  3.167269820982022E+003  1.124661193802518E+007
    101  3.532345185442861E+002  1.162323142287447E+006
    102  8.727511781419350E+002  3.018954235915493E+006
    103  1.230831124042376E+004  4.264452786668175E+007
    104  9.614972948519697E+001  3.141941336166160E+005
    105  1.637272239695842E+003  5.867368044221007E+006
    106  3.602315418166361E+002  1.181265298867421E+006
    107  4.530329539607836E+001  1.498317222055844E+005
    108  1.088496756809032E+003  3.470308328890229E+006
    109  1.877182231047759E+002  6.078191473839042E+005
    110  1.025204454240904E+003  3.567586588317340E+006
    111  3.315537668849656E+002  1.058376976581208E+006
    112  2.274036966113237E+002  7.780202375110505E+005
    113  2.599628005585730E+002  8.910436370776159E+005
    114  3.251778579424101E+003  1.048366368355489E+007
    115  1.153599094959309E+003  3.994940703008937E+006
    116  1.927290170356823E+002  6.369197722303913E+005
    117  4.634612094195803E+002  1.531919082802919E+006
    118  7.672097202476570E+001  2.546664261417498E+005
    119  1.978310879634441E+002  6.939202015797835E+005
    120  1.115938918925656E+003  3.888132307733759E+006
    121  1.629397542230570E+002  5.271772748394142E+005
    122  1.084098121840113E+001  3.333710172788177E+004
    123  5.684257863824836E+001  1.875371065789714E+005
    124  4.166595493319691E+000  1.085094107826278E+004
    125  6.723907358622148E+002  2.242775502200262E+006
    126  4.909349637176251E+002  1.696513021428728E+006
    127  1.444839786344135E+002  4.986817691230487E+005
    128  6.450869848608662E+002  2.296395092282508E+006
    129  5.479825466985996E+000  1.587574826535643E+004
    130  1.396323643944781E+002  4.979447294144004E+005
    131  3.629621018848048E+002  1.165261741147298E+006
    132  5.847791885516631E+001  1.950925070402226E+005
    133  2.959745612655983E+002  9.435295656680673E+005
    134  2.078663710862686E+002  6.553649793992968E+005
    135  2.559322812862250E+002  8.877620302315931E+005
    136  4.031744200843766E+002  1.430223368946659E+006
    137  1.865013640684589E+002  6.234594026728660E+005
    138  3.161118915618965E+002  1.058615788523106E+006
    139  3.538796073759182E+002  1.250107765819693E+006
    140  2.406474647867268E+002  8.397644128364323E+005
    141  9.195057525904095E+001  3.107607695162271E+005
    142  9.547195951179107E+002  3.101603784719126E+006
    143  3.535590000645759E+002  1.166872106562568E+006
    144  5.734128597712511E+002  1.886946210802619E+006
    145  1.662728352564775E+002  5.696592934771267E+005
    146  2.971109874579091E+000  7.032120305025043E+003
    147  4.006771346533029E+001  1.266095039022078E+005
    148  2.399231961442306E+002  8.417828919386528E+005
    149  8.146829695892042E+002  2.822440081988113E+006
    150  1.165933056639599E+002  3.595453415853537E+005
    151  5.260601234554140E+003  1.854429630353944E+007
    152  1.907153794852611E+003  6.429655118138287E+006
    153  2.288660871562058E+002  7.256400978736965E+005
    154  1.208105994610868E+004  4.065547560787836E+007
    155  5.330073510197477E+002  1.803214387511677E+006
    156  1.517232156865843E+002  4.919347474175393E+005
    157  6.360060279975465E+002  2.058240878077994E+006
    158  3.698256900245810E+002  1.197157740111532E+006
    159  7.577998668939891E+001  2.521545578831492E+005
    160  7.962977166184724E+002  2.614413526318211E+006
    161  4.239633798853676E+002  1.374319207521123E+006
    162  2.214195729045646E+001  6.669666173680100E+004
    163  5.404753623830465E+003  1.855359250992763E+007
    164  6.292821891156575E+003  2.097693427572433E+007
    165  5.668343338487693E+003  1.919359533310729E+007
    166  8.881700148657326E+002  3.050962953418960E+006
    167  7.132723095878303E+001  2.319031869625424E+005
    168  1.121753513814382E+002  3.697229880104305E+005
    169  3.324716124057949E+002  1.046304271873227E+006
    170  3.958209792938335E+001  1.296757692998967E+005
    171  5.951529162791397E+001  1.922224569368114E+005
    172  6.359680658496718E+002  2.156544736611228E+006
    173  3.884838947427895E+002  1.280200435418613E+006
    174  1.774571589832599E+002  5.736929553298078E+005
    175  2.023767513318154E+001  6.572492901578132E+004
    176  7.454452963387813E+001  2.380334542538360E+005
    177  6.134207437734281E+002  2.180621105149005E+006
    178  1.117625595713994E+000  1.181727021384942E+003
    179  1.744464623789614E+001  5.168888483415369E+004
    180  3.501449023882098E+002  1.089078744033373E+006
    181  3.798745697716875E+001  1.282189731046600E+005
    182  2.718685393406438E+003  9.748058947703693E+006
    183  4.891042764288896E+002  1.613012223816190E+006
    184  1.906213204279306E+002  6.103091599901234E+005
    185  2.045520349617909E+003  7.076495319890782E+006
    186  1.722653322910545E+003  6.062635385026757E+006
    187  5.073113861731593E+001  1.620213644602491E+005
    188  1.553568035305190E+003  4.883703067533224E+006
    189  5.916743372507898E+001  1.983760059669803E+005
    190  4.276249053418064E+002  1.410851205976480E+006
    191  1.947204017032138E+002  6.297758628774491E+005
    192  2.914213704689506E+002  9.953444506666019E+005
    193  1.193364422086048E+003  4.128753895348923E+006
    194  2.052043625148561E+002  7.233013597028897E+005
    195  6.312598682088636E+002  2.132765931832284E+006
    196  2.730544956440082E+002  8.693293991789717E+005
    197  6.179549846810233E+002  2.200668465962846E+006
    198  1.439540282309664E+003  4.744499632033819E+006
    199  1.045509477529695E+003  3.431821225314193E+006
    200  7.634423905965466E+000  2.397074879439380E+004
    201  1.606342752947505E+002  5.235846945772628E+005
    202  3.217815198491666E+002  1.046747511984194E+006
    203  9.505345906930864E+001  3.323500925836842E+005
    204  2.485268769249826E+002  8.605387804804253E+005
    205  2.860736519136960E+002  9.457618855839423E+005
    206  2.093403383924642E+002  7.041657511512240E+005
    207  6.575812323137366E+002  2.151507100466320E+006
    208  9.990600505420488E+001  3.093082528868070E+005
    209  7.358645853806870E+001  2.505973456784056E+005
    210  6.284103713511716E+002  2.272102873626569E+006
    211  2.736731666123462E+002  9.901832784561949E+005
    212  3.502066125698322E+002  1.117629413547792E+006
    213  2.750121154152347E+002  9.721327930362006E+005
    214  7.941733538997953E+001  2.545215889104894E+005
    215  8.978882756082109E+001  3.003151621741634E+005
    216  1.992478022722537E+001  6.101591092205939E+004
    217  3.439972126159194E+002  1.201359706750582E+006
    218  2.009166056119248E+002  6.340246136229556E+005
    219  2.492175837910085E+001  8.191714253054488E+004
    220  2.514385867825892E+001  7.915033160205213E+004
    221  2.840701687274791E+002  9.333094781034011E+005
    222  2.101950391621541E+002  7.117508826194382E+005
    223  6.479659852881580E+002  2.086539142103119E+006
    224  7.205626136229752E+000  2.135357617603587E+004
    225  1.076208162433750E+001  3.357883346884188E+004
    226  2.082070155652821E+002  6.920770581932154E+005
    227  9.280813567867629E+000  2.845280066030344E+004
    228  5.465485130562396E+000  1.623999758841583E+004
    229  9.227222381905311E+002  2.971173139498021E+006
    230  8.478124409151951E+002  2.882397532193526E+006
    231  1.027276091127993E+002  3.193980767584977E+005
    232  3.507487950921332E+003  1.266132620773884E+007
    233  5.841566038240477E+002  1.942296861201295E+006
    234  5.045751956853695E+001  1.618594210490086E+005
    235  1.009125303432140E+001  3.275178901200083E+004
    236  7.786046789766460E+002  2.571629734748577E+006
    237  1.453039105426728E+002  4.710756540628974E+005
    238  3.881985438726050E+002  1.289381895776242E+006
    239  2.198757764450721E+002  7.452525583598331E+005
    240  5.073580140549024E+002  1.751816527322467E+006
    241  5.909072468606778E+002  1.972067268675468E+006
    242  5.898065857365766E+001  1.869538493569039E+005
    243  2.277618938536486E+001  7.600785932587263E+004
    244  2.159943009188995E+002  7.662933795724899E+005
    245  8.681920346383732E+002  2.861028627920526E+006
    246  2.769571882420365E+002  9.119523398358268E+005
    247  2.018469351437043E+002  6.897289203314389E+005
    248  3.758259620877798E+003  1.260204195612496E+007
    249  7.748854998016953E+002  2.630945320658541E+006
    250  1.576231179303452E+001  4.879188531583759E+004
    251  4.366807104351115E+002  1.422190623692740E+006
    252  5.910173930954469E+000  1.633344166743714E+004
    253  1.872704758033956E+003  6.224501363778831E+006
    254  8.570522307298419E+002  2.810244704703367E+006
    255  7.991818379121006E+002  2.578749181958869E+006
    256  2.679071940062048E+002  9.156368678012514E+005
    257  4.547441974835855E+001  1.485899292850923E+005
    258  1.595257263559162E+003  5.366247927731452E+006
    259  6.271730062745886E+002  2.189464616277258E+006
    260  2.993903424266360E+001  9.236781341101103E+004
    261  8.320816531948094E+001  2.729363556321168E+005
    262  9.476043481353324E+001  3.262312605972168E+005
    263  3.296634293146162E+000  9.264643984245762E+003
    264  5.190792174582481E+002  1.771951505151183E+006
    265  1.060813235324957E+001  3.382779927267058E+004
    266  6.823360499967342E+001  2.311850361895555E+005
    267  3.448471693852816E+001  1.146038601738301E+005
    268  4.829822555769888E+000  1.432342172225905E+004
    269  1.844186863155555E+001  5.807035670667965E+004
    270  7.513793926317365E+001  2.591648342961337E+005
    271  2.050696854097931E+001  6.738620382616286E+004
    272  6.981471660852578E+002  2.410602103076989E+006
    273  1.858172525043917E+002  6.526782436107746E+005
    274  5.963264632615864E+002  2.090560719513066E+006
    275  1.128228351322215E+002  3.458198824854754E+005
    276  1.121205804009800E+002  3.905319157921556E+005
    277  2.584110191349451E+001  8.704302426837728E+004
    278  7.319009723644234E+001  2.515380602422656E+005
    279  3.940944520752908E+002  1.361560099414159E+006
    280  7.930151362593698E+002  2.835124344218435E+006
    281  3.776674656298870E+002  1.305956412141605E+006
    282  3.950849967578121E+002  1.277254323826059E+006
    283  2.190115283478561E+002  7.449412452595077E+005
    284  1.531295120079326E+001  4.874226241311654E+004
    285  2.232871115277579E+002  7.746302422572001E+005
    286  9.212374895256858E+000  3.069031104133757E+004
    287  5.306420839382341E+001  1.859744615781509E+005
    288  2.986507592594415E+002  1.001787387391761E+006
    289  4.477759076750476E+002  1.550997290329400E+006
    290  1.783860930067048E+003  6.295479779494174E+006
    291  3.670199012614518E+003  1.305441567872811E+007
    292  1.016038713897965E+002  3.490658869899617E+005
    293  5.467666342034428E+003  1.932261544184064E+007
    294  7.735975890370649E+002  2.677080920309439E+006
    295  2.773958056325361E+002  8.763654873200426E+005
    296  1.223040948970803E+003  4.073135021511307E+006
    297  1.918450310903619E+003  6.371893051785026E+006
    298  8.103242367793811E+003  2.912432183822709E+007
    299  1.201351101154954E+003  4.284197982729071E+006
    300  2.089835001348779E+003  6.856212896429741E+006
    301  2.279149677839512E+003  7.491096055410077E+006
    302  2.283657515195297E+002  7.643297434980614E+005
    303  3.064315259410125E+002  1.042686843161863E+006
    304  9.119773897732435E+001  2.866791561524078E+005
    305  6.059369950132230E+001  1.949967480726199E+005
    306  5.861622458823615E+002  1.981466656752734E+006
    307  5.689627733248032E+001  1.790066566845860E+005
    308  1.630293335426847E+003  5.491670644319857E+006
    309  1.322094803777127E+002  4.339154135345083E+005
    310  4.732925405959052E+002  1.591393649865294E+006
    311  4.344290183131956E+001  1.369134732941946E+005
    312  1.046102252790396E+002  3.306058028987927E+005
    313  1.561317665677196E+001  4.892534522515558E+004
    314  6.625935267507137E+001  2.097702230387428E+005
    315  1.654994499997742E+001  5.223271771466185E+004
    316  2.888482570338280E+001  9.733621786310444E+004
    317  7.784273198078056E+001  2.488434755975168E+005
    318  7.663790221859334E+002  2.572474080119689E+006
    319  1.030058961255151E+002  3.582050231819800E+005
    320  2.571180273222890E+002  8.352798192007028E+005
    321  1.143692613817690E+002  3.654284025519434E+005
    322  5.311325464308965E+001  1.692318934718348E+005
    323  4.030949250468419E+001  1.258209713727242E+005
    324  9.956724122802538E+001  3.220217647381846E+005
    325  2.378261559202152E+002  7.455281921840315E+005
    326  4.194628825152323E+002  1.463480904703040E+006
    327  1.307878089458415E+002  4.081067461071939E+005
    328  1.071253252551771E+001  3.394106163492418E+004
    329  1.059233016013252E+003  3.598685226895638E+006
    330  1.165618001313998E+003  3.774189591530039E+006
    331  3.060157212449619E+002  9.858264372763020E+005
    332  1.445647502019052E+002  5.146846854763305E+005
    333  6.344209615593728E+002  2.241114335788245E+006
    334  6.989529765111246E+001  2.200529505694917E+005
    335  4.407653747262607E+002  1.401516593355269E+006
    336  1.412331992541164E+002  4.579015323884216E+005
    337  4.804478123059882E+001  1.539036070202932E+005
    338  1.479043945346677E+002  4.823696185973070E+005
    339  4.242147899601222E+001  1.362639224879513E+005
    340  4.911772509488740E+002  1.726742520578822E+006
    341  8.221099720944949E+002  2.658919523661887E+006
    342  1.321127776823664E+001  4.225964336347450E+004
    343  3.794145371828608E+002  1.301488580573096E+006
    344  1.112058654490834E+003  3.936217715202119E+006
    345  8.062168418460367E+001  2.854273946148696E+005
    346  3.643655076910524E+003  1.294979199205452E+007
    347  7.071333590854911E+002  2.297332102483416E+006
    348  4.184476742342139E+002  1.361969063914872E+006
    349  1.123673422394919E+002  3.794360109160680E+005
    350  9.783924303908215E+000  3.157803656922065E+004
    351  1.129517255772198E+002  3.684355082952203E+005
    352  1.882151326629939E+002  6.131803788716929E+005
    353  1.626636299692324E+001  5.410593791558532E+004
    354  1.314505275865825E+001  4.156819245623719E+004
    355  1.301015083597485E+002  4.404168151178476E+005
    356  9.070530069860266E+002  3.047168740504865E+006
    357  2.015343049691037E+002  6.525388193067445E+005
    358  2.506595919875329E+003  8.343695430609041E+006
    359  3.092258421322280E+002  1.082592183104647E+006
    360  7.470174724527109E+001  2.377016786051925E+005
    361  5.007393642167164E+001  1.628930492570913E+005
    362  5.898689452831266E+000  1.753849993878369E+004
    363  1.208021822022411E+000  2.583391702266228E+003
    364  1.072575896967011E+002  3.738611213778777E+005
    365  1.152451265509216E+002  3.925936437016418E+005
    366  1.452408717023303E+001  4.603479953998057E+004
    367  2.051144735493729E+002  7.217160760128009E+005
    368  8.712885148520359E+000  2.627738988344067E+004
    369  1.009155194860383E+002  3.630727213714609E+005
    370  1.930188783457717E+001  6.088370035843847E+004
    371  6.204717225211406E+000  1.920900921061102E+004
    372  4.579778816042342E+001  1.566668467969242E+005
    373  6.962816395633971E+000  2.235583356972319E+004
    374  5.869401038410549E+002  2.070552605003337E+006
    375  3.669195101717934E+001  1.284455265770427E+005
    376  7.927740119974744E+002  2.802374093110400E+006
    377  7.982940236806805E+001  2.671238081121605E+005
    378  6.553517355492910E+002  2.187574105864888E+006
    379  5.077365522056391E+002  1.660957447511622E+006
    380  4.285843734134943E+002  1.423690851204545E+006
    381  2.941353216332540E+002  1.004253614643169E+006
    382  1.183585790478221E+002  3.843926957960807E+005
    383  4.992260401336230E+002  1.730911804896220E+006
    384  1.442106669101247E+004  5.033776082817289E+007
    385  4.666821551343169E+002  1.528644179160519E+006
    386  5.209589622497740E+003  1.774126724378739E+007
    387  1.408245967452116E+003  4.897324134342903E+006
    388  2.086114587003545E+000  5.774250878271942E+003
    389  1.274497307187163E+002  4.123121354707449E+005
    390  7.274482291803569E+003  2.625966455070609E+007
    391  1.675927000662763E+003  5.659742232877729E+006
    392  3.492517313720376E+003  1.207234502466928E+007
    393  8.393877989589746E+003  2.969681128620513E+007
    394  1.214329366299071E+002  4.068833925520689E+005
    395  1.945364239614686E+003  6.914265053026830E+006
    396  3.704637365012726E+002  1.297782433977102E+006
    397  8.839373756151195E+001  3.076284928006500E+005
    398  1.693159564530559E+002  5.899212131313235E+005
    399  4.977298058113489E+002  1.747307939647297E+006
    400  1.213337425532775E+003  4.125779019396019E+006
    401  1.623544739494601E+002  5.221696777527619E+005
    402  1.673504567997285E+003  5.755517749228063E+006
    403  4.584434078521769E+002  1.482283672895635E+006
    404  1.731082541061309E+002  5.997153832855283E+005
    405  7.152337259098133E+002  2.428737780822648E+006
    406  1.943383450870647E+000  5.763203048040075E+003
    407  3.077475509203420E+003  1.094999300247015E+007
    408  7.729896129298992E+000  2.617594498764575E+004
    409  4.480746716561368E+002  1.515658307911463E+006
    410  2.779082462982561E+001  9.512818151268689E+004
    411  3.009143135987168E+002  1.048981016112808E+006
    412  3.224105747200431E+000  9.983668626144761E+003
    413  7.283587393219574E+002  2.355122207803257E+006
    414  4.655090180718656E+001  1.478610257768494E+005
    415  1.088811863079549E+003  3.632720733655620E+006
    416  3.668927095627197E+001  1.240912039462082E+005
    417  2.093700640889231E+002  7.008349870006813E+005
    418  1.972073188553070E+004  6.036263137087487E+007
    419  3.326186179131932E+003  1.185690095725556E+007
    420  4.646736935847020E+001  1.575543497780644E+005
    421  2.191237123923149E+002  7.667592016891140E+005
    422  1.815545158605333E+003  5.693057355477698E+006
    423  1.833372164210549E+003  6.136600038618256E+006
    424  7.138703851840767E+000  2.239650867681527E+004
    425  5.264476666388814E+003  1.639547972503268E+007
    426  9.208181679390950E+002  2.920729500754822E+006
    427  1.430464666618997E+003  4.830299524199699E+006
    428  4.148387997416762E+000  1.302784540713212E+004
    429  9.201718926563258E+000  2.974134127187332E+004
    430  1.200187929403998E+003  4.150153033007387E+006
    431  6.169638032001043E+002  1.934602069982257E+006
    432  1.869916514504033E+001  6.327590709128071E+004
    433  8.142423288964437E+001  2.831511039133107E+005
    434  1.017972817020421E+003  3.539799344188938E+006
    435  1.704111462373173E+001  5.398335282117756E+004
    436  1.790642459146010E+003  5.936820044979866E+006
    437  1.292358489612976E+001  4.229900439041150E+004
    438  2.416916561233065E+003  8.051880348983310E+006
    439  1.369832294620144E+000  3.289900117715219E+003
    440  6.089237689265253E+002  2.124216771241012E+006
    441  1.913223585022655E+001  6.015636220254123E+004
    442  1.781700034035791E+002  6.140897582863960E+005
    443  1.389957093432713E+000  3.824579617194538E+003
    444  8.445268727907239E+001  2.695706567872000E+005
    445  9.800243688634873E+002  3.236148644517051E+006
    446  5.019783280286785E+002  1.721651392908696E+006
    447  9.513754380428121E+000  3.038174488061070E+004
    448  2.294577261903969E+002  7.972671491135187E+005
    449  1.579595914788221E+002  5.215341670075431E+005
    450  1.566666333238486E+003  5.649066417438078E+006
    451  1.212031647501898E+002  4.067856808987742E+005
    452  1.544628075156432E+003  5.523237757418696E+006
    453  2.426756098155494E+003  8.585521820758061E+006
    454  4.705779749785288E+003  1.712691583207759E+007
    455  5.829008898335273E+001  2.020871582497010E+005
    456  1.589257053827713E+003  5.749361541981988E+006
    457  1.203319088249318E+001  3.683300715149024E+004
    458  1.128831199298168E+003  4.089051899008873E+006
    459  3.101748000435534E+002  1.044785819335854E+006
    460  9.285075642288724E+002  3.370222322926565E+006
    461  9.987518865707635E+000  3.172565441435037E+004
    462  1.430074301965445E+003  4.823216926612196E+006
    463  1.547227750818606E+001  4.949107464054231E+004
    464  1.001549562279078E+003  3.418579371960443E+006
    465  1.973459479799427E+001  6.275385968062774E+004
    466  3.726210875633961E+002  1.281542306410235E+006
    467  2.001387617295015E+002  6.723253594895953E+005
    468  3.737251666019397E+002  1.289145695932629E+006
    469  8.153716724357345E+000  2.551709244995953E+004
    470  2.449707020375338E+001  7.790818448601504E+004
    471  1.776179140036389E+001  5.688592365633499E+004
    472  1.189055965234484E+003  4.173086719622197E+006
    473  6.445529880601917E+001  2.246010799392835E+005
    474  4.453087408374787E+003  1.598419067491253E+007
    475  3.077918805046929E+002  1.101780830016240E+006
    476  1.705558504098255E+001  5.727434813252766E+004
    477  7.626289769802225E+002  2.758464318668285E+006
    478  1.202815017864920E+002  4.236883518611291E+005
    479  2.128994500741685E+003  7.567590812941734E+006
    480  2.038963312482778E+002  7.051690826512143E+005
    481  2.177502654105371E+001  6.704907009143620E+004
    482  2.719361227525633E+002  9.581867355555248E+005
    483  4.322426082122146E+002  1.489663369403321E+006
    484  2.753567704682602E+001  9.235549197940614E+004
    485  8.962854333091529E+002  3.195338744511129E+006
    486  5.096872507051621E+001  1.554113393680064E+005
    487  7.507067498835141E+002  2.713988607970305E+006
    488  5.307460775839788E+000  1.587324264046542E+004
    489  4.777791439569930E+002  1.721773690410989E+006
    490  2.454138656403873E+000  7.868002809378801E+003
    491  3.454107404841341E+002  1.229052351362957E+006
    492  5.547348605562387E+002  1.847044034796134E+006
    493  1.517682551190945E+002  4.918922762691283E+005
    494  3.099520554756992E+002  1.071128787268670E+006
    495  4.153833979886563E+002  1.456970108355088E+006
    496  4.517846407249363E+000  1.418670444382426E+004
    497  2.516951532166120E+002  8.446048420961336E+005
    498  2.002392145022749E+002  6.924735062469915E+005
    499  7.708680654725343E-001  1.736238388584446E+003
    500  3.150808330120690E+002  1.117248439521568E+006
    501  1.039495853292723E+000  2.773126178387325E+003
    502  5.859043461722514E+001  1.890416294531896E+005
    503  1.316873881134730E+003  4.718197299081527E+006
    504  7.935620745012368E+002  2.786126693815922E+006
    505  5.564539355267711E+002  1.995114248449122E+006
    506  4.955886532204747E+000  1.516264908063681E+004
    507  9.713516920104142E+002  3.287735304477138E+006
    508  1.319917906313085E+001  4.423440019941916E+004
    509  9.880390977553287E+000  3.362030322137501E+004
    510  9.105281282612400E+002  3.239698694195604E+006
    511  3.894954910109712E+001  1.341079779550907E+005
    512  1.245554646570065E+003  4.458224170086578E+006
    513  2.261801235834978E+001  7.510739110699687E+004
    514  3.047038187149492E+002  1.074532099495853E+006
    515  6.997373875302748E+001  2.315052962683817E+005
    516  1.104825440057943E+002  3.850471263370453E+005
    517  2.002571038452126E+002  7.195405275362408E+005
    518  5.298101307006858E+002  1.900184794753081E+006
    519  5.372900991477793E+002  1.946783504730601E+006
    520  2.561133612890996E+000  8.032473361958987E+003
    521  5.252602008502380E+001  1.687377729655949E+005
    522  2.470163629563783E+001  8.428884824666832E+004
    523  1.894158143871049E+002  6.588786182762421E+005
    524  1.463166838913189E+003  5.321431462183054E+006
    525  7.139994508612970E+001  2.460940084243488E+005
    526  3.470602105061197E+001  1.149936858986761E+005
    527  5.456683459862132E+002  1.973372438861379E+006
    528  5.318599428923485E+001  1.751268591435142E+005
    529  2.707320475218781E+001  8.816465329359756E+004
    530  6.965530239198674E+002  2.469949331469507E+006
    531  6.417532910412199E+002  2.149537034863630E+006
    532  1.493837773579962E+002  5.161464035548638E+005
    533  1.922106078863767E+002  6.669852856476597E+005
    534  1.139041734924649E+002  3.890785561605974E+005
    535  5.483790634655981E+003  1.898951533919165E+007
    536  8.864923615221817E+002  2.859756888863230E+006
    537  1.156765662719868E+004  3.951497006485571E+007
    538  9.711157635180970E+002  3.064699661059459E+006
    539  1.179983686768457E+004  4.143812808259958E+007
    540  5.917263567894988E+002  2.028169916178929E+006
    541  1.728262012238405E+002  6.189848736737831E+005
    542  5.739403618760668E+001  1.864871636754696E+005
    543  1.759645268832724E+002  5.854220596363409E+005
    544  3.220574150501700E+003  1.046498507560869E+007
    545  2.496790327970961E+002  8.724864266091659E+005
    546  4.632059268984682E+003  1.502252234217701E+007
    547  6.199360504147814E+004  2.013211672255985E+008
    548  1.558137324497126E+002  5.041224382150413E+005
    549  2.772455031919185E+003  8.957918068505757E+006
    550  1.138442485392858E+003  4.028889804866315E+006
    551  3.694340758054937E+003  1.176951694803526E+007
    552  3.345129579068976E+003  1.008066956413169E+007
    553  4.710784352175713E+002  1.580848175115779E+006
    554  2.275142893634150E+003  7.410317497401107E+006
    555  7.044271070520443E+001  2.375110072555564E+005
    556  1.175210213263679E+001  3.578854657630157E+004
    557  3.446242861210858E+002  1.137195435686337E+006
    558  3.254589107049047E+001  1.078551909746532E+005
    559  4.915298226726405E+002  1.725732426481941E+006
    560  1.453202195649726E+002  4.737504026749628E+005
    561  3.056543782668413E+001  1.050268209406314E+005
    562  1.896931914342260E+001  5.660201086428601E+004
    563  9.136715017408114E+003  2.999632183276990E+007
    564  2.381286641183925E+002  7.609964541330038E+005
    565  6.570622180308595E+001  2.188643618697148E+005
    566  1.150383294545189E+004  3.698353675295867E+007
    567  2.527728155853466E+001  8.162034646079186E+004
    568  2.939244847395022E+002  1.005453113300784E+006
    569  1.434907864411046E+001  4.676799304788117E+004
    570  8.764519338974894E+002  2.777455237989642E+006
    571  4.906811335114918E+001  1.601565350426550E+005
    572  1.654493234233638E+002  5.272521384573675E+005
    573  7.460664379848028E+001  2.431664478585225E+005
    574  9.029824380314826E+000  3.073568288009502E+004
    575  7.121908383953479E+002  2.444087523387257E+006
    576  1.920792256230819E+002  5.776299873302594E+005
    577  3.895908436589805E+001  1.269697159934643E+005
    578  3.413234634548293E+001  1.148513360102319E+005
    579  1.514599604594108E+001  5.091020169291459E+004
    580  2.416914979072496E+002  8.062553554510061E+005
    581  8.774139090007319E-001  2.870900307365274E+003
    582  1.656046598899727E+002  5.616378083635097E+005
    583  2.099825623760128E+001  6.711695767537229E+004
    584  4.377352928023770E+001  1.443249996462793E+005
    585  1.692854144097511E+002  5.877430330680166E+005
    586  7.228238286751219E+000  2.211470642719972E+004
    587  9.761627466094858E+001  3.398250610549192E+005
    588  1.448453342722586E+003  5.081787250656337E+006
    589  2.181672041154264E+001  6.939206007604227E+004
    590  3.887243388900335E+000  1.203909075565998E+004
    591  7.119554430883353E+000  2.268714832435804E+004
    592  6.199018546077874E+002  2.198261725720087E+006
    593  4.192670224561173E+002  1.481915455740356E+006
    594  3.074217652582279E+001  1.001124618144181E+005
    595  1.647126711568674E+001  5.201499871492688E+004
    596  2.228680445828015E+001  7.298680075834265E+004
    597  3.070008488652824E+001  1.092621871441466E+005
    598  6.539366965829024E-001  1.817825170836489E+003
    599  3.358720916207149E+002  1.204522000205624E+006
    600  1.073734499643586E+002  3.889347833335313E+005
    601  9.213623812553248E+000  3.052090213484319E+004
    602  4.201305543510983E+002  1.483037921482003E+006
    603  3.169292150274195E+000  1.069793365335947E+004
    604  1.496314911057993E+002  4.950130681376829E+005
    605  3.768537221072773E+001  1.217307135937750E+005
    606  8.855648582246400E-001  2.683305063059197E+003
    607  3.087436719811063E+001  1.067220530407503E+005
    608  1.157872243440730E+001  3.757590000164638E+004
    609  1.139833113430847E+002  3.989802749883945E+005
    610  2.258133691033461E+001  7.370543726739184E+004
    611  3.026989070055033E+001  1.061714792820590E+005
    612  6.783786474134061E-001  2.095932067305414E+003
    613  3.449821163230990E+002  1.203506771169923E+006
    614  2.575407552929429E+000  8.250066636114700E+003
    615  1.582315764868139E+002  5.633614069038845E+005
    616  2.752424121588495E+001  9.037945768310541E+004
    617  9.281535551481508E+001  3.261334333738361E+005
    618  1.806903546723099E+002  6.212318164061988E+005
    619  5.906957386403454E+000  1.909331189388228E+004
    620  1.841165933032221E-001  4.028261391467724E+002
    621  1.053363478000838E+002  3.718468996379222E+005
    622  1.745223708458424E+001  5.625600399246442E+004
    623  6.967439617885850E+001  2.421240284009209E+005
    624  1.982514730868050E+001  6.401597984786864E+004
    625  5.272722756331744E+000  1.653547144563421E+004
    626  2.584765314500821E+001  9.102713243750902E+004
    627  4.819570613490887E+000  1.532683603533729E+004
    628  7.934988055920378E-001  2.253816301792887E+003
    629  6.262582513752942E-001  1.879721206317197E+003
    630  1.541058184664395E+001  5.179911559961492E+004
    631  1.502042949677925E+001  5.272072993835553E+004
    632  2.275365562410841E+002  8.092867464424520E+005
    633  1.040816734932389E+001  3.309651230367153E+004
    634  7.883215798218938E+000  2.542022767044697E+004
    635  2.560428381843871E+001  8.586905956491652E+004
    636  2.911454258824362E+001  9.616365730239474E+004
    637  1.808097374516611E+001  6.164492839250906E+004
    638  1.057291900920965E+000  3.334810497767041E+003
    639  6.563933879745973E+001  2.219780222677450E+005
    640  6.240194285453842E+000  2.098910531317300E+004
    641  1.709768630708017E+001  5.590411364116133E+004
    642  4.461731027064156E+000  1.402982249927286E+004
    643  4.620265458842221E+001  1.556489279564129E+005
    644  2.912817982848531E+000  9.067337325243307E+003
    645  3.929458466687117E+001  1.384852775256029E+005
    646  1.522989694838464E+001  5.174368091380082E+004
    647  1.742310060924329E-001  3.830842566889385E+002
    648  5.171700265075079E+000  1.692442918580749E+004
    649  7.434356238859540E+001  2.651268863246499E+005
    650  3.761683310516778E+001  1.333910183973532E+005
    651  4.384999924084971E+000  1.401584441465912E+004
    652  1.071622976365373E-001  1.442662266366984E+002
    653  1.583732966350687E+000  5.113497117333603E+003
    654  1.300996868066889E+002  4.560404027243329E+005
    655  7.676401005553238E+001  2.741194486023664E+005
    656  1.668179612578270E+001  5.365049123063627E+004
    657  5.764117417221291E+000  1.854627966812592E+004
    658  7.948737050052077E+001  2.722254302780222E+005
    659  8.939254196540749E+001  3.130729517095933E+005
    660  4.977098051028436E+000  1.602869950369902E+004
    661  1.554794926214857E+002  5.503144381276175E+005
    662  1.803140041139599E+000  5.817237240666371E+003
    663  2.343882701911112E+002  8.300819661568957E+005
    664  3.360117704673132E+000  1.094230734166181E+004
    665  6.662142143286929E+000  2.124596235889545E+004
    666  5.493638254725455E+001  1.809883858018765E+005
    667  7.697174623160956E+001  2.592922232528849E+005
    668  4.493430362187601E+000  1.492433521619281E+004
    669  2.052309549289647E+002  7.247897233233164E+005
    670  1.368514698607859E+001  4.442462909536924E+004
    671  4.409539406842607E+001  1.575132346507225E+005
    672  2.402900574066133E+001  7.707533606590376E+004
    673  2.058197296324596E+001  6.901309848324892E+004
    674  2.689164441775458E+001  8.705963829446609E+004
    675  1.910293289737371E+001  6.841094149219745E+004
    676  2.017881970087396E+001  6.923391666859311E+004
    677  4.115307541811837E+000  1.294726215150611E+004
    678  1.289717928330136E+002  4.509355322386869E+005
    679  5.984422031949535E+000  1.933744783790208E+004
    680  2.859123590636567E+002  9.675412712958843E+005
    681  1.162341895429674E+002  3.963229425298228E+005
    682  1.471035330956644E+001  4.743332942108912E+004
    683  8.719266247178921E+001  3.015208813405649E+005
    684  1.348494421814427E+001  4.339203835697655E+004
    685  5.034993827847963E+000  1.634712599369158E+004
    686  1.015935820426930E+002  3.459490201929384E+005
    687  1.593305072553838E+002  5.501012129876070E+005
    688  2.102321324542050E+000  6.539288292327863E+003
    689  1.324227191986981E+002  4.646537426840696E+005
    690  9.147574793237257E+001  3.157890922390720E+005
    691  1.417182213693067E+002  4.793566659933783E+005
    692  4.942518870842261E-001  1.354707344735404E+003
    693  1.589114809094146E+000  5.128654148163225E+003
    694  2.354877136848076E+002  7.979545409856718E+005
    695  1.410503662988278E+001  4.566362668077727E+004
    696  3.889391383395608E+000  1.240492042346331E+004
    697  1.498828415136876E+002  4.986797786724158E+005
    698  3.904251055394897E+002  1.306430625056943E+006
    699  4.263077919972593E+000  1.373781999992605E+004
    700  5.874687242426639E+001  1.972782134625108E+005
    701  2.850132315799291E-001  6.825437158184395E+002
    702  3.386996941237837E+001  1.146080804450639E+005
    703  2.076491791291124E+000  6.407900167499488E+003
    704  2.775028042515491E-001  6.731348812988970E+002
    705  2.460338829457335E+000  7.615859277042295E+003
    706  1.162087330615794E+002  4.108331719384249E+005
    707  4.736349918304123E+000  1.509422404694022E+004
    708  1.789728324681646E+002  6.006572871020790E+005
    709  8.406065666224247E+000  2.722165797157048E+004
    710  2.796457863885618E+002  9.799757357805799E+005
    711  2.700759734814280E+000  9.014944397127581E+003
    712  3.557958446960728E+002  1.246972072404694E+006
    713  1.877733840151064E+001  6.104073518398657E+004
    714  3.096763925317032E+000  9.872680637418724E+003
    715  3.311878939993991E+000  1.060003430219918E+004
    716  1.516853198998321E+002  5.139635077914282E+005
    717  2.055210956358337E+002  7.214886387786595E+005
    718  4.801290414798365E-001  1.481029993206543E+003
    719  1.277194997917930E+002  4.405928402464741E+005
    720  5.683857100129297E-001  1.619157337076068E+003
    721  5.984154545207774E+001  2.135732883086598E+005
    722  3.686792580638593E+000  1.201302786583780E+004
    723  1.636282558744171E+000  5.711576182078018E+003
    724  1.398513514618836E+002  5.028916103519779E+005
    725  6.570919778750566E+002  2.261214405316851E+006
    726  9.109173915487465E-001  2.760670996324518E+003
    727  2.055397382382956E+002  7.151806436402785E+005
    728  1.578183541327014E+000  4.905868769197466E+003
    729  1.362642339925070E+000  4.163211732332903E+003
    730  7.619193564387295E+001  2.572263046676032E+005
    731  6.464047377179499E+001  2.297932113739152E+005
    732  4.273607092132332E+000  1.320325172622736E+004
    733  6.978383679486038E+001  2.475555737800744E+005
    734  2.311366063527840E-001  5.629382512388825E+002
    735  2.463764306113680E+000  8.522208960614242E+003
    736  3.525567539341221E-001  9.338494070387483E+002
    737  1.784993655889780E+001  6.314817015547257E+004
    738  6.776828398515536E+001  2.394045075771193E+005
    739  3.504235121203298E+000  1.194489289197227E+004
    740  1.229146879744022E+000  4.191912640220984E+003
    741  3.094259587119529E+002  1.113078726607121E+006
    742  7.977825566911088E+001  2.693165050308650E+005
    743  3.783542865855046E-001  1.136948734573218E+003
    744  7.250579986639463E+000  2.320174116109365E+004
    745  1.308373582252610E+002  4.497893371864196E+005
    746  4.893126493649888E+001  1.715159448901682E+005
    747  2.028782926569266E+000  6.728304678289289E+003
    748  4.242812500954403E+001  1.528915135124135E+005
    749  7.398732393724219E+001  2.524679620926372E+005
    750  8.474918223715526E-001  2.635240285739348E+003
    751  5.120335187055895E+001  1.825550523187995E+005
    752  2.010577320687472E-001  4.525343063164724E+002
    753  8.069392758344631E-001  2.496865050717973E+003
    754  3.766066765493318E+000  1.218896662247930E+004
    755  5.966311990022629E+001  2.115892505112479E+005
    756  5.529229556963589E+001  1.912566819254481E+005
    757  3.446555103233223E+001  1.166883092336570E+005
    758  2.977122450934305E+000  9.395819255373566E+003
    759  4.261907195380423E-001  1.288469050988045E+003
    760  5.884330851825066E+001  2.104772915103764E+005
    761  2.403059356940239E+000  7.596223021725521E+003
    762  1.086148731344231E+002  3.858106135878406E+005
    763  1.271477847608149E+002  4.470184492880902E+005
    764  2.775041593293921E+000  8.947409711743969E+003
    765  5.065527295574010E+002  1.792094921588954E+006
    766  2.759617625392997E+000  9.330440192349532E+003
    767  2.950071652503630E+000  9.301504400978056E+003
    768  2.975806564788300E+002  1.039757857061040E+006
    769  2.152766792246569E+002  7.546120400710682E+005
    770  4.114346475911583E+000  1.312868326828931E+004
    771  9.096969008949969E+001  3.217083542980429E+005
    772  2.149284990026813E+002  7.373608238309836E+005
    773  3.924238561692686E-001  1.120271269113896E+003
    774  6.941072595348270E+001  2.319736444722364E+005
    775  6.868829007338378E-001  2.269393371928870E+003
    776  1.282779206950292E+000  3.861682281410525E+003
    777  7.724664902291433E+002  2.766495503206981E+006
    778  5.548441941709941E+002  1.986862632992632E+006
    779  1.400924929724251E+000  4.419178231020616E+003
    780  7.850173622205220E+001  2.752942772850524E+005
    781  5.018764500831293E+000  1.633977086878456E+004
    782  6.671234639337705E+000  2.143241197219523E+004
    783  6.921457668346935E+002  2.462152332747750E+006
    784  2.319893047376372E+002  8.109132558053335E+005
    785  6.993468433246642E+002  2.478151737501686E+006
    786  3.277800898498093E+000  1.049687259359221E+004
    787  9.657822817678388E+000  3.125566031738793E+004
    788  9.227685162851952E-001  2.868631458606087E+003
    789  1.106929870309575E+002  3.869048566042488E+005
    790  7.570702032864299E+000  2.456287226053925E+004
    791  2.676703012914964E+002  9.404661487259991E+005
    792  3.941266931724290E+000  1.330294724249808E+004
    793  7.282068890200783E+001  2.549744834440764E+005
    794  4.078771165105437E+000  1.294346665747455E+004
    795  2.047726431945244E+002  7.379053651179782E+005
    796  3.159116126853519E+001  1.079927126522037E+005
    797  5.944233439072907E+001  2.134434328397561E+005
    798  9.821653679861598E-001  3.202936759199578E+003
    799  1.012483713426123E+002  3.488615567276264E+005
    800  1.268380291431701E+001  4.211267687277296E+004
    801  4.057975717410733E-001  1.247847239396855E+003
    802  1.278711965805068E+002  4.423310724382559E+005
    803  5.853366930527984E+001  2.080553737298671E+005
    804  5.785460321153875E+000  1.862432339506129E+004
    805  1.975764417280089E+000  6.383591091391741E+003
    806  2.449931180768126E-001  6.002928239882481E+002
    807  1.628605635988238E+002  5.742960412420573E+005
    808  5.571460151181083E+001  1.986664039945233E+005
    809  3.295886339572237E+000  1.047640928529668E+004
    810  5.382561368587610E+002  1.948587554120320E+006
    811  7.863180565285488E-001  2.487030875839156E+003
    812  1.048362065464057E+002  3.766648661738479E+005
    813  6.707555918755251E+002  2.401400480761151E+006
    814  4.409840367426501E-001  1.223821730429845E+003
    815  7.902777723360344E+000  2.634658256319810E+004
    816  7.220616748372770E+002  2.601326145336756E+006
    817  2.898698435495108E+002  1.042413038567059E+006
    818  2.027506813220232E+000  6.738677793292351E+003
    819  1.251968652578874E+000  4.246121892012919E+003
    820  7.790121344509186E+001  2.748519502454586E+005
    821  1.083670489698055E+002  3.823295700537493E+005
    822  7.312492179542841E+001  2.593454942354502E+005
    823  1.528437618681312E-001  3.439293362481455E+002
    824  1.086827243062514E+002  3.901525961280375E+005
    825  1.489623848123305E+002  5.327142739677476E+005
    826  1.734798067979485E+002  6.115850167572418E+005
    827  4.451592789621111E+001  1.562558304396769E+005
    828  2.958360524807800E+000  9.790380015090070E+003
    829  3.088485440597463E+001  1.092069502127534E+005
    830  1.215824331178010E+000  3.990300412293614E+003
    831  6.743648970814219E+001  2.386790462229032E+005
    832  8.041303216744130E+001  2.867834861909592E+005
    833  2.297834081812303E-001  6.115917382328159E+002
    834  8.820838614588163E-001  2.690047688732299E+003
    835  5.595683679533472E+001  1.907724412750247E+005
    836  2.153299560855239E+002  7.670104825002501E+005
    837  2.796951787271725E+000  9.847249171033940E+003
    838  3.541720189753934E+001  1.216241277223230E+005
    839  1.123364407408241E+000  3.534424751435441E+003
    840  1.185443071599438E-001  2.037490757645186E+002
    841  3.343523999458615E-001  8.922174260369837E+002
    842  3.070211247464949E+002  1.096124247151420E+006
    843  4.130360383090485E+001  1.439170926249703E+005
    844  1.582009410461763E+002  5.605999483574707E+005
    845  6.491487693188066E+000  2.152628302487684E+004
    846  3.789521685341265E+000  1.197136822706013E+004
    847  1.038947766065087E+002  3.597689435351958E+005
    848  1.806799606830291E+002  6.101145508544586E+005
    849  3.991188690937289E+000  1.291410182859319E+004
    850  1.561829066307857E-001  3.286039572635847E+002
    851  4.725205108674885E+001  1.597743286000745E+005
    852  5.337912847499676E+000  1.782478667520087E+004
    853  5.134636379872150E+001  1.840799346434727E+005
    854  1.629799620685243E+002  5.867095880882676E+005
    855  6.124641618364214E+001  2.080392218946949E+005
    856  1.817444279841095E+000  6.346935380091199E+003
    857  1.163741374709833E+000  3.910622335730540E+003
    858  1.602381752032053E+002  5.750156521670966E+005
    859  3.366471948290040E+000  1.126972706515941E+004
    860  8.275063662602871E+001  2.981762012008550E+005
    861  1.420886181732185E+000  4.833592487567061E+003
    862  4.545718677057359E+000  1.451209463922088E+004
    863  9.991520686624158E+001  3.615391685495590E+005
    864  2.881971279636556E-001  8.258899449975097E+002
    865  6.520827028421587E+001  2.352034574035400E+005
    866  1.465691308983596E+002  4.970942818976904E+005
    867  1.532469758256721E+000  5.210807538984604E+003
    868  1.287415393160619E+002  4.571018971141377E+005
    869  3.298407927669116E-001  9.394939495708201E+002
    870  4.928688487994302E+002  1.680817844844375E+006
    871  4.042453006802405E+001  1.367755468005330E+005
    872  4.357075662243458E-001  1.406781222118147E+003
    873  5.648259299726003E+001  2.010476585795767E+005
    874  2.849023192162890E-001  7.467717158371917E+002
    875  9.998622520187890E+001  3.411553116614664E+005
    876  1.001128254016520E+000  3.110776805592549E+003
    877  1.304188443847825E+002  4.470159464109865E+005
    878  9.535011112508394E-001  2.878493464208483E+003
    879  9.041871438769393E+000  3.025870241254221E+004
    880  3.729709069088242E+001  1.295066283355904E+005
    881  1.933815108372623E-001  5.278842914753063E+002
    882  1.442221646570001E+000  4.754931666510161E+003
    883  1.498847076938061E+001  5.291785333244660E+004
    884  3.543943883687056E+001  1.228777732603776E+005
    885  5.959916447041850E-002  4.231763389171130E+001
    886  1.500179800165342E+002  5.257909665485797E+005
    887  7.647345491310536E+001  2.591608572044435E+005
    888  1.157470737293493E+000  3.581289517773107E+003
    889  2.260646616586915E-001  6.452482707806899E+002
    890  1.158930628808012E+002  4.128624355788324E+005
    891  6.885350025656543E-001  2.331032685077800E+003
    892  1.183720595524215E+002  4.154965755682310E+005
    893  3.400140130324327E+000  1.079616966681545E+004
    894  2.023374834839329E+001  6.965307581127707E+004
    895  2.180348407670967E+002  7.851526872350440E+005
    896  2.595033049517825E+001  8.958000740301532E+004
    897  2.941690252459402E+002  1.030355710872068E+006
    898  2.057171334906346E+002  7.105602300877562E+005
    899  2.489678690313444E+001  8.130246098095780E+004
    900  1.234828336665541E+000  4.037082345924538E+003
    901  2.020377019719446E+000  6.272877139166439E+003
    902  2.694520913421149E+002  9.643688361178426E+005
    903  4.329954933250783E+001  1.414626354569684E+005
    904  5.679122212810953E-001  1.821726471754531E+003
    905  2.164555361482775E+002  7.314721972663739E+005
    906  9.994762756702263E-001  3.295780032832767E+003
    907  6.564474199755897E+001  2.286479157733949E+005
    908  2.263693580348433E+000  6.999226174966735E+003
    909  2.182453612614681E+002  7.879475009565015E+005
    910  1.137375810017244E+001  3.653687824252995E+004
    911  4.011686033274438E+002  1.374183784804760E+006
    912  7.966990716175688E-001  2.480552385745500E+003
    913  1.028944236019885E+001  3.563112171368955E+004
    914  1.992658696564811E-001  5.104040942238307E+002
    915  5.720080583838065E+000  1.898319180619963E+004
    916  3.739844977563696E+001  1.326687455544213E+005
    917  4.840506597967671E+001  1.679007634618036E+005
    918  1.648931923863294E+002  5.925646673554187E+005
    919  4.504054927682600E+001  1.517323268751671E+005
    920  1.802674657291311E+000  5.686334867840259E+003
    921  2.337151220731913E+001  8.236430444225918E+004
    922  8.659181126919989E+000  2.908148466568124E+004
    923  7.360959742969237E+000  2.432953724554257E+004
    924  2.805482195807708E+002  9.868721997680947E+005
    925  1.121677013512441E+000  3.445419905125380E+003
    926  1.283354750799367E+002  4.209198972889683E+005
    927  7.225409364740238E+000  2.346497138898085E+004
    928  3.046673990580737E+002  1.040326864379951E+006
    929  3.645681074867695E+002  1.244451972154060E+006
    930  3.601878488863483E+002  1.214248198890421E+006
    931  2.897962694094278E+000  9.323507544425804E+003
    932  3.211821346174825E+001  1.093025028022653E+005
    933  2.916955812163810E+000  9.663529972363525E+003
    934  2.601579816426644E+002  9.309401051101591E+005
    935  1.118118016415464E+000  3.466325315849158E+003
    936  3.922035425863501E+000  1.359301471469432E+004
    937  3.262584443972506E+002  1.103296385587362E+006
    938  7.774784616216168E+001  2.779903750078869E+005
    939  1.762910510919797E+000  5.509928268417300E+003
    940  8.729397284509683E+001  3.061911553999329E+005
    941  1.574363623977339E+000  5.406709291326698E+003
    942  7.553387118408835E+001  2.660788800153935E+005
    943  1.841725862544943E+001  6.499614646743488E+004
    944  5.823841107784505E+001  2.045694751758016E+005
    945  5.684199868778719E+001  1.965029064824541E+005
    946  5.551445813223156E-001  1.750361426123343E+003
    947  1.921204723559235E+002  6.554073786157002E+005
    948  8.885809025318419E+001  3.152499030844064E+005
    949  4.495841870611151E+000  1.486854707717115E+004
    950  4.311892537079955E+001  1.490995266321174E+005
    951  2.766051483621251E+000  9.238295231910230E+003
    952  1.376039901467755E+002  4.658254755032068E+005
    953  5.984015447489409E+000  2.084088569953176E+004
    954  5.343542321995034E+002  1.942294982417068E+006
    955  2.017216078245849E+002  7.321445978305006E+005
    956  1.933573514374215E+000  6.871587165488433E+003
    957  2.078142101045118E+000  6.671757161722769E+003
    958  1.564956721366526E+002  5.668577447785881E+005
    959  9.644558330881169E-001  3.131038561800917E+003
    960  1.060723092558968E+002  3.833426022004053E+005
    961  1.864405674585729E+000  6.040997807918371E+003
    962  5.221812324421271E+001  1.828045344395550E+005
    963  6.154316983722146E+000  1.986442049373333E+004
    964  2.485204549303063E+002  8.964643881666968E+005
    965  5.467878770843367E-001  1.835006500831458E+003
    966  5.769571995182768E+002  2.081969665128416E+006
    967  3.797773677741211E+001  1.281327258004666E+005
    968  6.015024129411219E+001  2.048069722475372E+005
    969  3.677754276411578E-001  1.101810996185638E+003
    970  2.804991756131335E+002  1.001426069555719E+006
    971  5.616427250935658E-001  1.812268511131888E+003
    972  7.637120709406865E+001  2.734790959980456E+005
    973  2.722596928944549E+002  9.385540563120894E+005
    974  7.949123979765217E-001  2.512906749591869E+003
    975  2.303420550769053E+001  8.039151674896743E+004
    976  6.163108066486359E+001  2.196810886314902E+005
    977  1.830137050331286E+001  6.287405783939880E+004
    978  6.475999270033951E+000  2.281254233544309E+004
    979  1.015079835125935E+002  3.512807678397405E+005
    980  1.691013183591981E+000  5.636752213287738E+003
    981  2.985842021366821E+002  1.084229508902379E+006
    982  5.370702002308391E+000  1.829636429619490E+004
    983  2.789031694832590E+001  9.497634351182471E+004
    984  3.041937617408314E+001  1.042721380964764E+005
    985  4.094071545026845E+000  1.387920518996416E+004
    986  5.118906117028946E+001  1.840301985031737E+005
    987  1.445742207170289E+000  4.562662235353199E+003
    988  3.260751058786282E+001  1.154221839215130E+005
    989  2.783804763081463E+002  1.004219979601798E+006
    990  2.720364150925386E+000  8.512234417558326E+003
    991  6.235915639227329E+002  2.240794312783045E+006
    992  1.467643484638609E+002  5.052636336004907E+005
    993  1.442320422442525E+000  4.938324967519680E+003
    994  4.459741164718968E+000  1.407769789335456E+004
    995  7.233003174543350E+001  2.346650597726167E+005
    996  1.014682258080529E+000  3.515687355261316E+003
    997  3.084676491230108E+002  1.102127071629826E+006
    998  5.476603445049922E+002  1.919867094308908E+006
    999  2.549508558549851E+000  9.157667178418660E+003
   1000  2.489261825124958E+002  8.573641387051563E+005
   1001  6.949454505648486E+002  2.461972840277018E+006
   1002  7.063429884057578E+000  2.429527339238784E+004
   1003  1.636927972228853E+000  5.409922107501889E+003
   1004  5.698408341791918E+000  1.816567103154126E+004
   1005  1.075837650937334E+002  3.772538574594415E+005
   1006  4.458468437015412E+002  1.529211572794007E+006
   1007  6.813407549739336E-001  2.184480205362441E+003
   1008  1.808249223877342E+002  6.107374496002930E+005
   1009  2.088071590318318E+002  7.052626054836799E+005
   1010  3.154514683163109E+000  1.021683804675261E+004
   1011  8.873533716113860E+001  2.989552377538988E+005
   1012  1.556718360815455E+000  5.040632423757582E+003
   1013  8.024465932648671E+001  2.838878036709534E+005
   1014  4.864348487455705E+001  1.631236514581214E+005
   1015  1.278895032264155E+000  4.530608855396701E+003
   1016  2.386582657012184E+002  8.496535356752491E+005
   1017  3.193704539600339E+000  9.987777014735986E+003
   1018  2.455750212008774E+002  8.726471713588281E+005
   1019  1.397327058176998E-001  3.654975704032022E+002
   1020  3.529229066671343E+002  1.273138431175222E+006
   1021  7.324047546175110E+001  2.620970747492725E+005
   1022  1.674203342450171E+002  5.997305150265419E+005
   1023  8.451703893351442E-001  2.524217251113002E+003
   1024  6.655292803094515E+002  2.369208775027437E+006
   1025  1.736842565159235E+000  5.582997197186950E+003
   1026  2.531706108262318E+002  8.830816488257437E+005
   1027  3.921103132442489E+002  1.368628322953255E+006
   1028  6.325968151315560E+000  2.020467291057460E+004
   1029  4.982025344254303E+002  1.673716375306815E+006
   1030  1.587012682122801E-001  4.244724520908352E+002
   1031  2.694185127706186E+002  9.396225553799475E+005
   1032  1.575615729088730E+002  5.394815109214952E+005
   1033  4.121650048339391E+002  1.378700438330175E+006
   1034  1.238837000616299E+002  4.399116314934642E+005
   1035  3.324806849527019E+000  1.049328215471164E+004
   1036  4.436112985490688E+002  1.412260261456163E+006
   1037  5.083708372237653E-001  1.558515599429489E+003
   1038  1.742007126936426E+003  5.309444203283010E+006
   1039  1.967146018502717E+003  6.590782030788019E+006
   1040  8.808052868424220E+000  2.879973242958023E+004
   1041  1.740287752553416E+003  5.379949510145403E+006
   1042  1.540549389509657E+003  5.519983543520210E+006
   1043  3.602094742987808E+000  1.126773970348410E+004
   1044  9.985530959943153E+002  3.436749760219116E+006
   1045  7.831018391715531E+002  2.785416136899399E+006
   1046  1.959381082436599E+001  6.586383506615557E+004
   1047  2.649038674620302E+003  8.194818839614436E+006
   1048  2.538268159430284E+003  8.404179000103334E+006
   1049  3.561892055184356E+000  1.232291204680769E+004
   1050  7.193052781957276E+002  2.492454541446690E+006
   1051  3.705730846329192E+000  1.166544676681596E+004
   1052  3.483079421164674E+003  1.202449522921799E+007
   1053  6.132386874014692E+002  2.028147531771330E+006
   1054  2.427420673701208E+000  7.759976874728752E+003
   1055  9.701389308483526E+002  3.448099395872114E+006
   1056  7.913004432152928E+000  2.777111327174250E+004
   1057  7.365256994521858E+002  2.565436820096422E+006
   1058  1.351798434450553E+003  4.677669814159907E+006
   1059  1.114039195828814E+000  3.762599886729468E+003
   1060  3.337462246763293E+003  1.134835546293657E+007
   1061  5.358223842226226E+002  1.788675137469667E+006
   1062  8.501594266107019E+002  2.925501249973947E+006
   1063  1.470479462858774E+001  4.867687357668110E+004
   1064  2.234989261382054E+002  7.486146748811412E+005
   1065  5.211165071980244E+000  1.722639711467262E+004
   1066  1.227196087380819E+003  4.405454564871809E+006
   1067  2.054648773555231E+003  7.182036915155668E+006
   1068  8.720482002783911E+000  2.819981097746372E+004
   1069  3.305679695160022E+003  1.093377222775436E+007
   1070  2.448313703553583E+004  8.246194759764789E+007
   1071  1.688818298398330E+003  5.934718374901555E+006
   1072  4.325779570982172E+003  1.382882436831863E+007
   1073  1.449252546245936E+000  4.813540460851505E+003
   1074  7.639774114396148E+003  2.679771099928509E+007
   1075  6.095113595861095E+002  1.975050891181397E+006
   1076  1.310728703659723E+002  4.638313180591945E+005
   1077  3.194666092627321E+001  1.079637629928310E+005
