# dt =   1.000000000000000E-005
# j, New nj, Rate of change (1/s)
      1  3.402522353102719E+002  1.287238314443345E+006
      2  1.241399611727302E+004  4.685507202224009E+007
      3  3.044537722971010E+002  1.084718731432472E+006
      4  7.031997891587097E+002  2.438817590482352E+006
      5  1.537866866782919E+003  5.234270517997351E+006
      6  2.004074861420540E+002  6.956960729121875E+005
      7  1.511885243237190E+004  5.145332863632488E+007
      8  7.703771107328284E+003  2.619453064200750E+007
      9  4.153668072319079E+003  1.525550561805619E+007
     10  3.754103411221096E+003  1.220281902904951E+007
     11  7.918653296306563E+002  2.694644486879349E+006
     12  7.033351663966671E+002  2.381633760129783E+006
     13  4.010324500016416E+001  1.343973667258256E+005
     14  2.814005625059340E+002  9.882531439705490E+005
     15  3.346232015227459E+001  1.100261864782369E+005
     16  2.465217391536090E+003  9.195915124795834E+006
     17  5.812816436484479E+002  2.025816688751508E+006
     18  2.578490215409277E+003  8.767313651962083E+006
     19  2.621961196990852E+001  8.316990875067895E+004
     20  6.766797600687876E+002  2.269664032755362E+006
     21  9.580082413897530E+001  3.138279757383938E+005
     22  7.026056738316231E+002  2.530917932364294E+006
     23  7.889145100774411E+003  2.691245225280534E+007
     24  5.888202729437317E+003  2.002579014495349E+007
     25  2.611349680392717E+001  8.473614470383911E+004
     26  6.352264309015261E+001  2.293646499976424E+005
     27  1.598594814304801E+004  5.833523192164823E+007
     28  2.814540804795561E+002  9.873593934996622E+005
     29  3.425747433047644E+003  1.221332951137869E+007
     30  9.183309037872077E+001  3.015254854459743E+005
     31  1.534962834148238E+003  5.285086456001957E+006
     32  7.749498198767757E+002  2.810364676074776E+006
     33  3.447120727149777E+002  1.161709484402372E+006
     34  1.736367678338047E+002  5.826811821460758E+005
     35  3.919991451615044E+003  1.396708466374284E+007
     36  4.292905075118958E+002  1.398102501187094E+006
     37  2.007918451036348E+003  7.246148165786394E+006
     38  6.089170277416288E+003  2.095744225185332E+007
     39  7.125006602335195E+002  2.578557926805197E+006
     40  2.099655123778982E+003  7.607363112036119E+006
     41  1.549522651581781E+003  5.648516315928455E+006
     42  6.242517027491206E+002  2.209674663015120E+006
     43  3.086868441621104E+002  1.080894689628133E+006
     44  1.997584920884809E+003  7.268764862548466E+006
     45  7.722725003451959E+002  2.847414869689960E+006
     46  3.212611196885362E+002  1.115506796299851E+006
     47  5.473272007490052E+000  1.634271294849801E+004
     48  7.737073605056275E+002  2.674535989053182E+006
     49  2.144709005342806E+002  7.430556189038265E+005
     50  1.701121137044908E+002  6.293492053532996E+005
     51  2.913741223996778E+003  1.107468714194159E+007
     52  2.803548139180440E+002  1.063441093036664E+006
     53  1.491944347705110E+002  5.098955545814178E+005
     54  1.792194621527765E+003  6.331700634685843E+006
     55  2.807953998893134E+003  9.900464419474078E+006
     56  7.001138024412011E+000  2.130192410940390E+004
     57  2.054726578789986E+003  7.245236502276257E+006
     58  1.934453936455954E+003  6.632312315567479E+006
     59  3.015883473308586E+001  1.054844713312771E+005
     60  5.772069959255798E+003  2.082715246234205E+007
     61  6.630171695489592E+001  2.073303873146714E+005
     62  1.680007169343878E+002  6.025866924734066E+005
     63  9.385981498575620E+001  3.455024995886285E+005
     64  3.373446534999218E+003  1.170162718940319E+007
     65  3.889103060163704E+004  1.376984713559177E+008
     66  4.569561319155605E+002  1.576444352993873E+006
     67  4.783579890661035E+003  1.683712589150057E+007
     68  1.102168320743282E+002  3.858599835009584E+005
     69  3.309267898634577E+002  1.218716581074617E+006
     70  8.247363377902164E+003  2.943189703490254E+007
     71  1.053211754182781E+004  3.715338217645877E+007
     72  7.250692146196958E+001  2.244650580343833E+005
     73  1.329727165624266E+003  4.717516391073089E+006
     74  4.010305492136338E+002  1.399308950553581E+006
     75  5.051666871539790E+001  1.681075618072348E+005
     76  6.059392160715875E+001  2.032054450153378E+005
     77  1.576745321933000E+002  5.438712681852590E+005
     78  1.731576254994427E+002  5.971953231587799E+005
     79  1.027595960731447E+003  3.847118429038275E+006
     80  3.352127449906985E+003  1.196872584335040E+007
     81  2.718640680947036E+002  9.768523962253882E+005
     82  3.888554644485947E+002  1.393134580039764E+006
     83  1.505143871818336E+002  5.470498828566964E+005
     84  8.499394391194755E+001  2.948766795595154E+005
     85  8.127084316686816E+002  2.703646387006818E+006
     86  5.566147375734072E+003  1.972257905385524E+007
     87  4.809553324263234E+001  1.677882932519398E+005
     88  5.080075256785037E+001  1.759288221427070E+005
     89  5.240305541861618E+002  1.842168280809782E+006
     90  7.290270042926054E+003  2.590714877362244E+007
     91  2.273340619479640E+003  8.325680829332609E+006
     92  1.155449106156299E+003  4.087808339678930E+006
     93  2.544142734483551E+002  9.067092626503017E+005
     94  1.288343769408922E+003  4.578100719875939E+006
     95  5.659173371544480E+002  1.918407310646920E+006
     96  1.188214535402688E+002  3.945859992346046E+005
     97  1.231039071831475E+003  4.550124351508733E+006
     98  1.438330374065481E+003  5.295575981543195E+006
     99  6.325738225662668E+001  2.270458857737614E+005
    100  3.054803701601770E+003  1.143298176579215E+007
    101  3.416112871214116E+002  1.181894079754335E+006
    102  8.425616357827801E+002  3.070282044948560E+006
    103  1.188186596175694E+004  4.336425057903353E+007
    104  9.300778814903082E+001  3.194785963348196E+005
    105  1.578598559253632E+003  5.963569664888915E+006
    106  3.484188888279619E+002  1.201014472661949E+006
    107  4.380497817402252E+001  1.523239823951410E+005
    108  1.053793673520130E+003  3.528986047056077E+006
    109  1.816400316309369E+002  6.180585931045698E+005
    110  9.895285883577309E+002  3.627806183102211E+006
    111  3.209699971191536E+002  1.076352469972273E+006
    112  2.196234942362132E+002  7.910695343944087E+005
    113  2.510523641877969E+002  9.062100212166435E+005
    114  3.146941942588552E+003  1.065991951329923E+007
    115  1.113649687929219E+003  4.062618341009662E+006
    116  1.863598193133784E+002  6.475968158330538E+005
    117  4.481420185915511E+002  1.558420504533775E+006
    118  7.417430776334820E+001  2.589599010002615E+005
    119  1.908918859476462E+002  7.054205364782722E+005
    120  1.077057595848319E+003  3.953773953845649E+006
    121  1.576679814746629E+002  5.360261450436001E+005
    122  1.050761020112231E+001  3.389173827396131E+004
    123  5.496720757245864E+001  1.906703505259724E+005
    124  4.058086082537063E+000  1.103477250189699E+004
    125  6.499629808402121E+002  2.281492438363022E+006
    126  4.739698335033378E+002  1.725339893447597E+006
    127  1.394971609431830E+002  5.071112557979687E+005
    128  6.221230339380411E+002  2.334494106995035E+006
    129  5.321067984332432E+000  1.614068044191390E+004
    130  1.346529171003341E+002  5.061482061261162E+005
    131  3.513094844733318E+002  1.184848794584146E+006
    132  5.652699378476408E+001  1.983962418629244E+005
    133  2.865392656089176E+002  9.594104684950988E+005
    134  2.013127212922756E+002  6.664322222743591E+005
    135  2.470546609839091E+002  9.027709085300834E+005
    136  3.888721863949100E+002  1.453810909544931E+006
    137  1.802667700417302E+002  6.339024489903275E+005
    138  3.055257336766655E+002  1.076273069251457E+006
    139  3.413785297177212E+002  1.270914711611325E+006
    140  2.322498206583625E+002  8.538272770605884E+005
    141  8.884296756387867E+001  3.160076511701019E+005
    142  9.237035572707194E+002  3.153766399211431E+006
    143  3.418902789989502E+002  1.186504272609112E+006
    144  5.545433976632249E+002  1.919589025614509E+006
    145  1.605762423217062E+002  5.791131189733283E+005
    146  2.900788671528841E+000  7.151000581106696E+003
    147  3.880161842630821E+001  1.287362876594865E+005
    148  2.315053672248441E+002  8.556423935463795E+005
    149  7.864585687693231E+002  2.869946537254220E+006
    150  1.129978522481063E+002  3.656408155606543E+005
    151  5.075158271518746E+003  1.885318855680374E+007
    152  1.842857243671228E+003  6.538908978156924E+006
    153  2.216096861774688E+002  7.379220579937776E+005
    154  1.167450519002989E+004  4.136342114693926E+007
    155  5.149752071446310E+002  1.834431162270608E+006
    156  1.468038682124089E+002  5.002298202336055E+005
    157  6.154236192167666E+002  2.093088871701894E+006
    158  3.578541126234657E+002  1.217319642947986E+006
    159  7.325844111056742E+001  2.565319948470548E+005
    160  7.701535813552903E+002  2.658958793619314E+006
    161  4.102201878101563E+002  1.397547494148514E+006
    162  2.147499067308845E+001  6.782618710347808E+004
    163  5.219217698731189E+003  1.887041613220156E+007
    164  6.083052548399332E+003  2.134035566523813E+007
    165  5.476407385156620E+003  1.952450253489333E+007
    166  8.576603853315430E+002  3.101899975086376E+006
    167  6.900819908915761E+001  2.358101176945768E+005
    168  1.084781215013339E+002  3.759376438503484E+005
    169  3.220085696870627E+002  1.064207762887570E+006
    170  3.828534023638439E+001  1.318427683277213E+005
    171  5.759306705854586E+001  1.954501607217119E+005
    172  6.144026184835595E+002  2.192841122308881E+006
    173  3.756818903886034E+002  1.302013918556507E+006
    174  1.717202294299618E+002  5.833431416059651E+005
    175  1.958042584302373E+001  6.682223959681566E+004
    176  7.216419509133976E+001  2.420349440618095E+005
    177  5.916145327219380E+002  2.216473948610006E+006
    178  1.105808325500145E+000  1.201570998232187E+003
    179  1.692775738955460E+001  5.256818989689570E+004
    180  3.392541149478761E+002  1.107563585549317E+006
    181  3.670526724612215E+001  1.303350749394269E+005
    182  2.621204803929401E+003  9.907688113262072E+006
    183  4.729741541907277E+002  1.639975074200037E+006
    184  1.845182288280294E+002  6.205791214832669E+005
    185  1.974755396419001E+003  7.194154073457562E+006
    186  1.662026969060277E+003  6.163897512933875E+006
    187  4.911092497271344E+001  1.647487225114947E+005
    188  1.504731004629858E+003  4.967865067916539E+006
    189  5.718367366540917E+001  2.017149997436730E+005
    190  4.135163932820416E+002  1.435149983941611E+006
    191  1.884226430744393E+002  6.403389007127496E+005
    192  2.814679259622845E+002  1.012221998546854E+006
    193  1.152076883132559E+003  4.198330003828474E+006
    194  1.979713489178272E+002  7.353501409465964E+005
    195  6.099322088905408E+002  2.168376112594880E+006
    196  2.643612016522184E+002  8.839971107232868E+005
    197  5.959483000213949E+002  2.236919327321239E+006
    198  1.392095285989325E+003  4.826824408042663E+006
    199  1.011191265276554E+003  3.489604699179789E+006
    200  7.394716418021528E+000  2.436666602854135E+004
    201  1.553984283489779E+002  5.325034581538063E+005
    202  3.113140447293247E+002  1.064268147399148E+006
    203  9.172995814347180E+001  3.378794673824054E+005
    204  2.399214891201784E+002  8.750499366711917E+005
    205  2.766160330578566E+002  9.616789937261614E+005
    206  2.022986808809520E+002  7.160106593380725E+005
    207  6.360661613090733E+002  2.187499950216173E+006
    208  9.681292252533682E+001  3.146102893560666E+005
    209  7.108048508128464E+001  2.548394606229140E+005
    210  6.056893426149060E+002  2.309250616415423E+006
    211  2.637713338277842E+002  1.006300077293121E+006
    212  3.390303184343543E+002  1.136465722966929E+006
    213  2.652907874848727E+002  9.882409343637465E+005
    214  7.687211950087463E+001  2.588115865415498E+005
    215  8.678567593907945E+001  3.054728886999530E+005
    216  1.931462111800478E+001  6.206184574461054E+004
    217  3.319836155484136E+002  1.221273801247929E+006
    218  1.945763594756953E+002  6.447221541763857E+005
    219  2.410258695379540E+001  8.332007009318624E+004
    220  2.435235536223840E+001  8.047596881945631E+004
    221  2.747370739464451E+002  9.489385763439186E+005
    222  2.030775303359598E+002  7.239345595146784E+005
    223  6.271005938671268E+002  2.121968166191461E+006
    224  6.992090374469393E+000  2.171218712835962E+004
    225  1.042629328964908E+001  3.413649915750519E+004
    226  2.012862449833500E+002  7.039998733771277E+005
    227  8.996285561264594E+000  2.893477884488428E+004
    228  5.303085154678238E+000  1.650884565979897E+004
    229  8.930105067955509E+002  3.021219749501817E+006
    230  8.189884655932599E+002  2.931739485367874E+006
    231  9.953362834521432E+001  3.247979042418189E+005
    232  3.380874688843944E+003  1.286810996869853E+007
    233  5.647336352120348E+002  1.975482825643608E+006
    234  4.883892535804686E+001  1.645790914434936E+005
    235  9.763735144201391E+000  3.329300440460334E+004
    236  7.528883816291602E+002  2.615910034851233E+006
    237  1.405931540020438E+002  4.789321919038838E+005
    238  3.753047249148426E+002  1.311222179205977E+006
    239  2.124232508614738E+002  7.576637982195406E+005
    240  4.898398487816777E+002  1.780896114151870E+006
    241  5.711865741739231E+002  2.005453310747998E+006
    242  5.711112008008863E+001  1.901052265113601E+005
    243  2.201611079210614E+001  7.727814571604862E+004
    244  2.083313671231745E+002  7.789529063701076E+005
    245  8.395817483591679E+002  2.910104236642271E+006
    246  2.678376648436782E+002  9.271919677389478E+005
    247  1.949496459403900E+002  7.013851594538252E+005
    248  3.632239201316548E+003  1.281909140858448E+007
    249  7.485760465951099E+002  2.676073781332935E+006
    250  1.527439293987614E+001  4.962091107533390E+004
    251  4.224588041981841E+002  1.446653070508776E+006
    252  5.746839514280097E+000  1.661238319348029E+004
    253  1.810459744396168E+003  6.329089049716230E+006
    254  8.289497836828082E+002  2.857525272394996E+006
    255  7.733943460925119E+002  2.622166463530076E+006
    256  2.587508253281923E+002  9.311477268520436E+005
    257  4.398852045550763E+001  1.510785047567955E+005
    258  1.541594784281848E+003  5.459571884443183E+006
    259  6.052783601118160E+002  2.225752255274878E+006
    260  2.901535610855349E+001  9.392990709889350E+004
    261  8.047880176315977E+001  2.775156370353230E+005
    262  9.149812220756107E+001  3.317426952781081E+005
    263  3.203987853303704E+000  9.417599104243032E+003
    264  5.013597024067362E+002  1.802233182640939E+006
    265  1.026985436052286E+001  3.441219129427036E+004
    266  6.592175463777787E+001  2.351196307348413E+005
    267  3.333867833678985E+001  1.165521596025383E+005
    268  4.686588338547297E+000  1.456277491244009E+004
    269  1.786116506448875E+001  5.904298666205726E+004
    270  7.254629092021231E+001  2.635127334611285E+005
    271  1.983310650271768E+001  6.850991184337076E+004
    272  6.740411450544880E+002  2.451605615116937E+006
    273  1.792904700682840E+002  6.635862686921889E+005
    274  5.754208560664557E+002  2.125618395770300E+006
    275  1.093646363073668E+002  3.517440920821291E+005
    276  1.082152612430584E+002  3.970520248447640E+005
    277  2.497067167081073E+001  8.849153207254437E+004
    278  7.067471663401969E+001  2.557032054269698E+005
    279  3.804788510811492E+002  1.384455475959604E+006
    280  7.646638928171855E+002  2.881981533909911E+006
    281  3.646079015084710E+002  1.327599519382772E+006
    282  3.823124535195515E+002  1.298709701169726E+006
    283  2.115621158952611E+002  7.576758345269827E+005
    284  1.482552857666210E+001  4.955735217637895E+004
    285  2.155408091051859E+002  7.877468233168555E+005
    286  8.905471784843481E+000  3.119838985251834E+004
    287  5.120446377804190E+001  1.890727945722956E+005
    288  2.886328853855239E+002  1.019048440282263E+006
    289  4.322659347717536E+002  1.576712853833401E+006
    290  1.720906132272106E+003  6.400417638673884E+006
    291  3.539654855827237E+003  1.327119463114041E+007
    292  9.811321251989692E+001  3.549070449063070E+005
    293  5.274440187616022E+003  1.964472187679921E+007
    294  7.468267798339706E+002  2.721984245146508E+006
    295  2.686321507593356E+002  8.912097005380142E+005
    296  1.182309598755690E+003  4.143415531170821E+006
    297  1.854731380385768E+003  6.482218257209214E+006
    298  7.811999149411540E+003  2.960140790082628E+007
    299  1.158509121327664E+003  4.354581767446813E+006
    300  2.021272872384481E+003  6.974818394416074E+006
    301  2.204238717285411E+003  7.616547739425260E+006
    302  2.207224540845491E+002  7.775811039877682E+005
    303  2.960046575093939E+002  1.060151258939553E+006
    304  8.833094741580027E+001  2.915269955609696E+005
    305  5.864373202059610E+001  1.982714740410272E+005
    306  5.663475793148342E+002  2.015721868147797E+006
    307  5.510621076563447E+001  1.820284726478816E+005
    308  1.575376628983648E+003  5.586953662123338E+006
    309  1.278703262423676E+002  4.412395481167458E+005
    310  4.573786040972523E+002  1.618976252020365E+006
    311  4.207376709837762E+001  1.392188849465653E+005
    312  1.013041672500517E+002  3.362445108380755E+005
    313  1.512392320452041E+001  4.975052507072669E+004
    314  6.416165044468394E+001  2.133082031788372E+005
    315  1.602761782283080E+001  5.311564080840116E+004
    316  2.791146352475175E+001  9.898155266958835E+004
    317  7.535429722480539E+001  2.530270076042071E+005
    318  7.406542813847366E+002  2.617048902166756E+006
    319  9.942384589369529E+001  3.640983504222678E+005
    320  2.487652291302820E+002  8.493442701967073E+005
    321  1.107149773562496E+002  3.716678308423106E+005
    322  5.142093570837130E+001  1.721159495078788E+005
    323  3.905128279095695E+001  1.279471744637942E+005
    324  9.634702358064354E+001  3.274334590233451E+005
    325  2.303708739983749E+002  7.581287747995945E+005
    326  4.048280734682019E+002  1.488129999828593E+006
    327  1.267067414847696E+002  4.150309455347676E+005
    328  1.037312190916847E+001  3.451250292751335E+004
    329  1.023246163744296E+003  3.658410970990254E+006
    330  1.127876105398697E+003  3.837622023766767E+006
    331  2.961574568721989E+002  1.002413300987898E+006
    332  1.394179033471419E+002  5.231478543885355E+005
    333  6.120098182014904E+002  2.278117893850978E+006
    334  6.769476814541754E+001  2.237643337986737E+005
    335  4.267502087927080E+002  1.425726631971651E+006
    336  1.366541839302321E+002  4.655893866393096E+005
    337  4.650574516039589E+001  1.565035869664700E+005
    338  1.430806983486947E+002  4.904550537585579E+005
    339  4.105883977113270E+001  1.385475921638173E+005
    340  4.739098257430858E+002  1.755385657163390E+006
    341  7.955207768578761E+002  2.704816075041571E+006
    342  1.278868133460189E+001  4.296483817051815E+004
    343  3.663996513771299E+002  1.323361955130924E+006
    344  1.072696477338813E+003  4.001284876059292E+006
    345  7.776741023845497E+001  2.901529455862735E+005
    346  3.514157156989979E+003  1.316436031306967E+007
    347  6.841600380606569E+002  2.335936431144586E+006
    348  4.048279835950652E+002  1.384886980846091E+006
    349  1.085729821303312E+002  3.858941080442296E+005
    350  9.468143938216008E+000  3.210825280774471E+004
    351  1.092673704942676E+002  3.747480266931912E+005
    352  1.820833288742769E+002  6.234601496223563E+005
    353  1.572530361776739E+001  5.503471903230399E+004
    354  1.272937083409588E+001  4.226569617137935E+004
    355  1.256973402085700E+002  4.477300490172720E+005
    356  8.765813195809779E+002  3.099226559645548E+006
    357  1.950089167760362E+002  6.634801486722141E+005
    358  2.423158965569239E+003  8.486588486717207E+006
    359  2.983999203011815E+002  1.100730201051774E+006
    360  7.232473045921917E+001  2.417117662304473E+005
    361  4.844500592910072E+001  1.656224392459575E+005
    362  5.723304453443429E+000  1.783402283339863E+004
    363  1.182187904999749E+000  2.625930411517758E+003
    364  1.035189784829223E+002  3.801527514245265E+005
    365  1.113191901139052E+002  3.991475570307013E+005
    366  1.406373917483322E+001  4.680570501195358E+004
    367  1.978973127892449E+002  7.337551252271668E+005
    368  8.450111249685952E+000  2.672082340810007E+004
    369  9.728479227232374E+001  3.690186851644383E+005
    370  1.869305083099279E+001  6.190808063512666E+004
    371  6.012627133105295E+000  1.952863677422729E+004
    372  4.423111969245418E+001  1.593309658566558E+005
    373  6.739258059936739E+000  2.272822663368878E+004
    374  5.662345777910216E+002  2.104916784410488E+006
    375  3.540749575140892E+001  1.305742080087456E+005
    376  7.647502710663704E+002  2.849193049863643E+006
    377  7.715816428694644E+001  2.716092635833645E+005
    378  6.334759944906422E+002  2.225146567041282E+006
    379  4.911269777305229E+002  1.688995543931629E+006
    380  4.143474649014489E+002  1.448327767557683E+006
    381  2.840927854868223E+002  1.021192417731205E+006
    382  1.145146520898613E+002  3.908519639321131E+005
    383  4.819169220846608E+002  1.760208788521542E+006
    384  1.391768908273074E+004  5.118640857407915E+007
    385  4.513957133427117E+002  1.554231041481284E+006
    386  5.032176950059866E+003  1.803714972855349E+007
    387  1.359272726108687E+003  4.979406370493904E+006
    388  2.028372078220825E+000  5.870534280130989E+003
    389  1.233266093640089E+002  4.192327224738544E+005
    390  7.011885646296508E+003  2.668886804405831E+007
    391  1.619329578333986E+003  5.757952218837004E+006
    392  3.371793863473683E+003  1.227709682926693E+007
    393  8.096909876727695E+003  3.018751904590215E+007
    394  1.173641027043864E+002  4.136611943610880E+005
    395  1.876221589084418E+003  7.028454683053753E+006
    396  3.574859121615016E+002  1.319542015915693E+006
    397  8.531745263350545E+001  3.128117356765748E+005
    398  1.634167443217426E+002  5.996708110807117E+005
    399  4.802567264148759E+002  1.776626940965114E+006
    400  1.172079635338815E+003  4.195277863763277E+006
    401  1.571327771719324E+002  5.309455979672584E+005
    402  1.615949390505004E+003  5.853311228874234E+006
    403  4.436205711232205E+002  1.507349525195587E+006
    404  1.671111002732757E+002  6.097269464997418E+005
    405  6.909463481015869E+002  2.469726106971415E+006
    406  1.885751420390246E+000  5.857178949476341E+003
    407  2.967975579178719E+003  1.113156257972529E+007
    408  7.468136679422535E+000  2.660519238271244E+004
    409  4.329180885770222E+002  1.541520706652921E+006
    410  2.683954281469874E+001  9.669426278826327E+004
    411  2.904245034375887E+002  1.066377755257677E+006
    412  3.124269060938983E+000  1.015080472672826E+004
    413  7.048075172439248E+002  2.395142628343396E+006
    414  4.507229154941806E+001  1.503525341040138E+005
    415  1.052484655742992E+003  3.693370497287130E+006
    416  3.544835891680989E+001  1.261566291186402E+005
    417  2.023617142189163E+002  7.126079729750152E+005
    418  1.911710557182195E+004  6.138936029011492E+007
    419  3.207617169559377E+003  1.205240304130234E+007
    420  4.489182586068956E+001  1.601637722337926E+005
    421  2.114561203754238E+002  7.795540367805179E+005
    422  1.758614585050556E+003  5.789911759159117E+006
    423  1.772006163824367E+003  6.239617732336521E+006
    424  6.914738765072615E+000  2.277345104573210E+004
    425  5.100521869138487E+003  1.667337370788845E+007
    426  8.916108729315469E+002  2.969879475511909E+006
    427  1.382161671377000E+003  4.914309086297721E+006
    428  4.018109543345441E+000  1.324975142469969E+004
    429  8.904305513844525E+000  3.024040989589772E+004
    430  1.158686399073925E+003  4.221012964976259E+006
    431  5.976177825002817E+002  1.967953260022805E+006
    432  1.806640607412752E+001  6.434847064700187E+004
    433  7.859272185051127E+001  2.879157151580515E+005
    434  9.825748235785312E+002  3.599688149815713E+006
    435  1.650128109551995E+001  5.489244552163995E+004
    436  1.731274258696212E+003  6.039100154301290E+006
    437  1.250059485222564E+001  4.303557793513424E+004
    438  2.336397757743232E+003  8.191800440739938E+006
    439  1.336933293442992E+000  3.346321075028585E+003
    440  5.876816012141152E+002  2.159844940427451E+006
    441  1.853067222820114E+001  6.117116299251915E+004
    442  1.720291058207151E+002  6.245442850584426E+005
    443  1.351711297260767E+000  3.886948057482547E+003
    444  8.175698071120040E+001  2.741156444304842E+005
    445  9.476628824183168E+002  3.290172004562890E+006
    446  4.847618140995916E+002  1.750863919183644E+006
    447  9.209936931622014E+000  3.089001456913122E+004
    448  2.214850546992617E+002  8.107711947520598E+005
    449  1.527442498087466E+002  5.302657967666258E+005
    450  1.510175669064105E+003  5.741537127676903E+006
    451  1.171353079412021E+002  4.135822235308422E+005
    452  1.489395697582245E+003  5.613966223925906E+006
    453  2.340900879947913E+003  8.728855345588667E+006
    454  4.534510591464512E+003  1.740498590979458E+007
    455  5.626921740085572E+001  2.054443410462931E+005
    456  1.531763438407894E+003  5.843307832210603E+006
    457  1.166486081097828E+001  3.745778150259416E+004
    458  1.087940680308079E+003  4.155690155642100E+006
    459  2.997269418501948E+002  1.062725909183393E+006
    460  8.948053409996068E+002  3.425076265937056E+006
    461  9.670262321564131E+000  3.225586461911833E+004
    462  1.381842132699323E+003  4.906981842513467E+006
    463  1.497736676178063E+001  5.031872002069475E+004
    464  9.673637685594732E+002  3.477483523394832E+006
    465  1.910705620118799E+001  6.381108890798833E+004
    466  3.598056644992938E+002  1.302941259883049E+006
    467  1.934155081346055E+002  6.838683271846807E+005
    468  3.608337096426134E+002  1.311043583590111E+006
    469  7.898545799857749E+000  2.594525649514953E+004
    470  2.371798835889323E+001  7.923431002156714E+004
    471  1.719293216380055E+001  5.784218423459662E+004
    472  1.147325098038262E+003  4.243238838273832E+006
    473  6.220928800662634E+001  2.283365117134324E+005
    474  4.293245501625662E+003  1.624757780173742E+007
    475  2.967740722045305E+002  1.119889572615534E+006
    476  1.648284155965728E+001  5.822313535528341E+004
    477  7.350443337935397E+002  2.803422077238893E+006
    478  1.160446182678807E+002  4.307431619398217E+005
    479  2.053318592612268E+003  7.692879629758275E+006
    480  1.968446404217657E+002  7.169775321092689E+005
    481  2.110453584013935E+001  6.819689031467676E+004
    482  2.623542553970080E+002  9.741562033075712E+005
    483  4.173459745181814E+002  1.515031271510331E+006
    484  2.661212212703196E+001  9.389907787917764E+004
    485  8.643320458640417E+002  3.247961059087158E+006
    486  4.941461167683615E+001  1.580636589313266E+005
    487  7.235668638038111E+002  2.758314289498552E+006
    488  5.148728349435133E+000  1.614113846647488E+004
    489  4.605614070528831E+002  1.749938212679893E+006
    490  2.375458628310084E+000  7.995953053138649E+003
    491  3.331202169705045E+002  1.249355375281077E+006
    492  5.362644202082773E+002  1.877965761629371E+006
    493  1.468493323564032E+002  5.001409622500766E+005
    494  2.992407676030125E+002  1.089348929975167E+006
    495  4.008136969051054E+002  1.481096969383628E+006
    496  4.375979362811120E+000  1.442579147228555E+004
    497  2.432491047956506E+002  8.592797276902964E+005
    498  1.933144794398050E+002  7.042434092623511E+005
    499  7.535056815866898E-001  1.765091942577862E+003
    500  3.039083486168533E+002  1.135675068978154E+006
    501  1.011764591508850E+000  2.818103794281387E+003
    502  5.670001832269324E+001  1.922189271112256E+005
    503  1.269691908143915E+003  4.795699823023948E+006
    504  7.657008075630775E+002  2.832409869280437E+006
    505  5.365027930422799E+002  2.027954737213638E+006
    506  4.804260041398378E+000  1.541894805900119E+004
    507  9.384743389656428E+002  3.344782409874013E+006
    508  1.275683506113666E+001  4.497027007534104E+004
    509  9.544187945339536E+000  3.417839534661971E+004
    510  8.781311413192840E+002  3.293333989616949E+006
    511  3.760846932154621E+001  1.363273178271061E+005
    512  1.200972404869199E+003  4.531616977764330E+006
    513  2.186693844727981E+001  7.640044685829700E+004
    514  2.939584977199906E+002  1.092420262107188E+006
    515  6.765868579034365E+001  2.354105586808700E+005
    516  1.066320727424238E+002  3.914428906836492E+005
    517  1.930616985698501E+002  7.313249886880458E+005
    518  5.108082827531550E+002  1.931444690082115E+006
    519  5.178222641004733E+002  1.978479546689545E+006
    520  2.480808879271406E+000  8.165096617000740E+003
    521  5.083864235536785E+001  1.715774962814397E+005
    522  2.385874781317115E+001  8.567657441241686E+004
    523  1.828270282043425E+002  6.699745822949532E+005
    524  1.409952524291358E+003  5.407933050601533E+006
    525  6.893900500188622E+001  2.502436047775721E+005
    526  3.355608419162520E+001  1.169089622040443E+005
    527  5.259346215975994E+002  2.005658842605958E+006
    528  5.143472569779971E+001  1.780537824672774E+005
    529  2.619155821925183E+001  8.963995564258688E+004
    530  6.718535306051723E+002  2.510922292787473E+006
    531  6.202579206925835E+002  2.186558562446409E+006
    532  1.442223133224475E+002  5.249237665390368E+005
    533  1.855407550299001E+002  6.782743835301275E+005
    534  1.100133879308589E+002  3.957469937453003E+005
    535  5.293895481264065E+003  1.930997657827631E+007
    536  8.578947926335494E+002  2.907719830299091E+006
    537  1.117250692655012E+004  4.019431433175033E+007
    538  9.404687669075024E+002  3.117299124800116E+006
    539  1.138545558685857E+004  4.213079537165224E+007
    540  5.714446576277095E+002  2.062010001106005E+006
    541  1.666363524871026E+002  6.291667471585232E+005
    542  5.552916455085199E+001  1.896211217450445E+005
    543  1.701103062869090E+002  5.954423691537353E+005
    544  3.115924299745613E+003  1.064081252613992E+007
    545  2.409541685310045E+002  8.871204284469095E+005
    546  4.481834045562911E+003  1.527494094738162E+007
    547  5.998039336922215E+004  2.047035684568131E+008
    548  1.507725080675622E+002  5.126837442602188E+005
    549  2.682875851234127E+003  9.108471385735573E+006
    550  1.098153587344195E+003  4.095307574442605E+006
    551  3.576645588574585E+003  1.196783743183055E+007
    552  3.244322883427659E+003  1.025257225541753E+007
    553  4.552699534664135E+002  1.607290872526263E+006
    554  2.201039718660139E+003  7.534767513079014E+006
    555  6.806760063264886E+001  2.414769710366994E+005
    556  1.139421666687377E+001  3.639514271104391E+004
    557  3.332523317642224E+002  1.156636121529003E+006
    558  3.146733916074394E+001  1.096588111839123E+005
    559  4.742724984078210E+002  1.754512204521457E+006
    560  1.405827155382229E+002  4.816979027063203E+005
    561  2.951516961727782E+001  1.067786861162665E+005
    562  1.840329903477974E+001  5.756603602672987E+004
    563  8.836751799080415E+003  3.050339958861773E+007
    564  2.305186995770625E+002  7.738078412205827E+005
    565  6.351757818438881E+001  2.225291353292908E+005
    566  1.113399757792230E+004  3.760803087411826E+007
    567  2.446107809392674E+001  8.299658492439914E+004
    568  2.838699536064943E+002  1.022433777077137E+006
    569  1.388139871363165E+001  4.755385603045290E+004
    570  8.486773815175929E+002  2.824817374983352E+006
    571  4.746654800072263E+001  1.628402517095130E+005
    572  1.601768020387902E+002  5.363067958737107E+005
    573  7.217497931989506E+001  2.472503529921710E+005
    574  8.722467551513876E+000  3.125037861712422E+004
    575  6.877499631614753E+002  2.484829167949002E+006
    576  1.863029257497793E+002  5.874973908635173E+005
    577  3.768938720596341E+001  1.291025213246357E+005
    578  3.298383298538061E+001  1.168006023082988E+005
    579  1.463689402901193E+001  5.175866733300660E+004
    580  2.336289443527396E+002  8.202112459655106E+005
    581  8.487049059270791E-001  2.917804314670552E+003
    582  1.599882818063376E+002  5.713501033503823E+005
    583  2.032708666084755E+001  6.824975404001099E+004
    584  4.233027928377491E+001  1.467357525541504E+005
    585  1.634079840790709E+002  5.976144944090127E+005
    586  7.007091222479223E+000  2.248961190869477E+004
    587  9.421802405039938E+001  3.455762654753572E+005
    588  1.397635470216023E+003  5.166277690087796E+006
    589  2.112279981078222E+001  7.056280559165346E+004
    590  3.766852481343736E+000  1.224290619000610E+004
    591  6.892682947639773E+000  2.306870224281789E+004
    592  5.979192373505865E+002  2.234844373459277E+006
    593  4.044478678987138E+002  1.506600367521389E+006
    594  2.974105190767860E+001  1.017937015579159E+005
    595  1.595111712853747E+001  5.289374514797508E+004
    596  2.155693645069672E+001  7.420650172466481E+004
    597  2.960746301508677E+001  1.110674012913473E+005
    598  6.357584448745376E-001  1.848474236427923E+003
    599  3.238268716186587E+002  1.224352980419183E+006
    600  1.034841021310233E+002  3.952643420074203E+005
    601  8.908414791204816E+000  3.103155259429842E+004
    602  4.053001751362783E+002  1.507643389556952E+006
    603  3.062312813740600E+000  1.087575278098094E+004
    604  1.446813604244224E+002  5.034761720586973E+005
    605  3.646806507478998E+001  1.237794959229736E+005
    606  8.587318075940481E-001  2.728609860840421E+003
    607  2.980714666770313E+001  1.085240930154332E+005
    608  1.120296343439084E+001  3.820643306149754E+004
    609  1.099935085932008E+002  4.056449508800199E+005
    610  2.184428253766069E+001  7.494220275412477E+004
    611  2.920817590772975E+001  1.079381226621026E+005
    612  6.574193267403520E-001  2.130544256611857E+003
    613  3.329470486113998E+002  1.223579306338902E+006
    614  2.492906886568282E+000  8.387782416077735E+003
    615  1.525979624177750E+002  5.726730785049720E+005
    616  2.662044663905390E+001  9.189188759080721E+004
    617  8.955402118107672E+001  3.315795701781767E+005
    618  1.744780365082479E+002  6.317477415238786E+005
    619  5.716024267464632E+000  1.941410798341261E+004
    620  1.800883319117544E-001  4.095573789972627E+002
    621  1.016178788037046E+002  3.779966342694251E+005
    622  1.688967704465959E+001  5.720273283984311E+004
    623  6.725315589484929E+001  2.462051564697661E+005
    624  1.918498751020181E+001  6.509207966796365E+004
    625  5.107368041875402E+000  1.681483244321353E+004
    626  2.493738182063312E+001  9.254027877925122E+004
    627  4.666302253137514E+000  1.558467891685043E+004
    628  7.709606425741089E-001  2.291946586205404E+003
    629  6.074610393121223E-001  1.911362371756624E+003
    630  1.489259069064780E+001  5.268441006928214E+004
    631  1.449322219739570E+001  5.360102436762172E+004
    632  2.194436887766595E+002  8.227266718135710E+005
    633  1.007720222628718E+001  3.365395270069217E+004
    634  7.629013521514469E+000  2.584736506832396E+004
    635  2.474559322278954E+001  8.733821953334323E+004
    636  2.815290601521967E+001  9.777504346682930E+004
    637  1.746452446124102E+001  6.270457912813096E+004
    638  1.023943795943294E+000  3.390541703797888E+003
    639  6.341955857478227E+001  2.257619215633115E+005
    640  6.030303232322112E+000  2.133715397234584E+004
    641  1.653864517066855E+001  5.683939132524381E+004
    642  4.321432802071427E+000  1.426618310541233E+004
    643  4.464616530885808E+001  1.583239634290136E+005
    644  2.822144609596097E+000  9.220663114012088E+003
    645  3.790973189161514E+001  1.407817886166651E+005
    646  1.471246013924663E+001  5.260890316332014E+004
    647  1.704001635255435E-001  3.893989914644221E+002
    648  5.002455973217004E+000  1.720697388359689E+004
    649  7.169229352534890E+001  2.695019556053044E+005
    650  3.628292292119425E+001  1.356076448410597E+005
    651  4.244841479938380E+000  1.425169820701540E+004
    652  1.057196353701703E-001  1.466601730848747E+002
    653  1.532597995177351E+000  5.198752942489216E+003
    654  1.255392827794455E+002  4.636958381504423E+005
    655  7.402281556950872E+001  2.786444316439705E+005
    656  1.614529121347634E+001  5.455352583363136E+004
    657  5.578654620540032E+000  1.885804520695926E+004
    658  7.676511619774054E+001  2.767860118099720E+005
    659  8.626181244831156E+001  3.183266341675804E+005
    660  4.816811055991447E+000  1.629689968094204E+004
    661  1.499763482402096E+002  5.594865903432384E+005
    662  1.744967668732935E+000  5.914251184867397E+003
    663  2.260874505295422E+002  8.438719287119006E+005
    664  3.250694631256513E+000  1.112493885663305E+004
    665  6.449682519697975E+000  2.160381318427009E+004
    666  5.312649868923579E+001  1.840987593354809E+005
    667  7.437882399908071E+001  2.636915488238790E+005
    668  4.344187010025673E+000  1.517223795827380E+004
    669  1.979830576957316E+002  7.368398172782935E+005
    670  1.324090069512489E+001  4.517069810060962E+004
    671  4.252026172191884E+001  1.601129303801263E+005
    672  2.325825238000230E+001  7.837300934613995E+004
    673  1.989184197841347E+001  7.018431498162310E+004
    674  2.602104803480992E+001  8.852283372220979E+004
    675  1.841882348245174E+001  6.952707038283331E+004
    676  1.948648053418803E+001  7.039961485408737E+004
    677  3.985834920296776E+000  1.316569671081135E+004
    678  1.244624375106268E+002  4.584169670862821E+005
    679  5.791047553570514E+000  1.966211512906629E+004
    680  2.762369463506978E+002  9.843229061475206E+005
    681  1.122709601176692E+002  4.030856771016331E+005
    682  1.423602001535555E+001  4.823103534670334E+004
    683  8.417745365838356E+001  3.066516774062312E+005
    684  1.305102383457451E+001  4.412075362574837E+004
    685  4.871522567911047E+000  1.662133541508313E+004
    686  9.813409184076363E+001  3.518864679139999E+005
    687  1.538294951255078E+002  5.594764071852976E+005
    688  2.036928441618771E+000  6.649785635309341E+003
    689  1.277761817718574E+002  4.723981967073095E+005
    690  8.831785700998185E+001  3.211141035945041E+005
    691  1.369246547093729E+002  4.876689658424721E+005
    692  4.807048136368721E-001  1.377809401011029E+003
    693  1.537828267612514E+000  5.214621514349150E+003
    694  2.275081682749509E+002  8.117047704273401E+005
    695  1.364840036307501E+001  4.643168541320266E+004
    696  3.765342179160975E+000  1.261394351525460E+004
    697  1.448960437269634E+002  5.073507414184711E+005
    698  3.773607992889203E+002  1.329155784011155E+006
    699  4.125699719973333E+000  1.396847542505811E+004
    700  5.677409028964129E+001  2.006108410428357E+005
    701  2.781877944217447E-001  6.942232218360126E+002
    702  3.272388860792773E+001  1.165387615480352E+005
    703  2.012412789616129E+000  6.516279945338122E+003
    704  2.707714554385601E-001  6.845713622025661E+002
    705  2.384180236686912E+000  7.744292564472187E+003
    706  1.121004013421952E+002  4.176917754028934E+005
    707  4.585407677834721E+000  1.534811978663641E+004
    708  1.729662595971438E+002  6.111137801167817E+005
    709  8.133849086508542E+000  2.768012676500992E+004
    710  2.698460290307560E+002  9.964590966419936E+005
    711  2.610610290843004E+000  9.163852777018006E+003
    712  3.433261239720258E+002  1.267934259445132E+006
    713  1.816693104967077E+001  6.206335037128998E+004
    714  2.998037118942845E+000  1.003849576257567E+004
    715  3.205878596971999E+000  1.077820054234136E+004
    716  1.465456848219179E+002  5.228461362752682E+005
    717  1.983062092480471E+002  7.335773849838533E+005
    718  4.653187415477710E-001  1.505361075591073E+003
    719  1.233135713893283E+002  4.480389544133540E+005
    720  5.521941366421690E-001  1.646523268511408E+003
    721  5.770581256899114E+001  2.170911667636182E+005
    722  3.566662301980215E+000  1.221363030937077E+004
    723  1.579166796923390E+000  5.804025963748910E+003
    724  1.348224353583639E+002  5.111319173491198E+005
    725  6.344798338218881E+002  2.299819562965495E+006
    726  8.833106815855013E-001  2.807157661021572E+003
    727  1.983879318018928E+002  7.272958438556115E+005
    728  1.529124853635039E+000  4.988370581972506E+003
    729  1.321010222601741E+000  4.233309921121720E+003
    730  7.361967259719692E+001  2.616532843545250E+005
    731  6.234254165805584E+001  2.335897835284241E+005
    732  4.141574574870059E+000  1.342731176331315E+004
    733  6.730828105705963E+001  2.516574389995222E+005
    734  2.255072238403952E-001  5.725479235804052E+002
    735  2.378542216507538E+000  8.661235732845793E+003
    736  3.432182598637346E-001  9.498654172199663E+002
    737  1.721845485734308E+001  6.419426162259933E+004
    738  6.537423890938418E+001  2.433761361083123E+005
    739  3.384786192283575E+000  1.214246559210416E+004
    740  1.187227753341812E+000  4.260740849208119E+003
    741  2.982951714458817E+002  1.131357853132349E+006
    742  7.708509061880223E+001  2.739392847055880E+005
    743  3.669847992397724E-001  1.155440576821502E+003
    744  7.018562575028526E+000  2.359344831659676E+004
    745  1.263394648533968E+002  4.574648810776550E+005
    746  4.721610548759720E+001  1.743948993200943E+005
    747  1.961499879786373E+000  6.839391769646802E+003
    748  4.089920987441989E+001  1.553888622896092E+005
    749  7.146264431631582E+001  2.568038101786566E+005
    750  8.211394195141591E-001  2.679125242652321E+003
    751  4.937780134737095E+001  1.855768327605905E+005
    752  1.965323890055825E-001  4.601416216703332E+002
    753  7.819706253272833E-001  2.538563959318692E+003
    754  3.644177099268525E+000  1.239337090844836E+004
    755  5.754722739511381E+001  2.150821395763663E+005
    756  5.337972875038141E+001  1.944742405379917E+005
    757  3.329866793999566E+001  1.186609931075630E+005
    758  2.883164258380570E+000  9.554331669621859E+003
    759  4.133060290281618E-001  1.309553262569606E+003
    760  5.673853560314689E+001  2.139365397955177E+005
    761  2.327097126722983E+000  7.723652655715855E+003
    762  1.047567669985447E+002  3.921696980410350E+005
    763  1.226776002679340E+002  4.544490620727320E+005
    764  2.685567496176482E+000  9.097205386507936E+003
    765  4.886317803415114E+002  1.821959140891144E+006
    766  2.666313223469502E+000  9.483928832258627E+003
    767  2.857056608493850E+000  9.458400024164392E+003
    768  2.871830779082196E+002  1.056996423857369E+006
    769  2.077305588239462E+002  7.673153169082709E+005
    770  3.983059643228690E+000  1.335012100574138E+004
    771  8.775260654651926E+001  3.270761275577279E+005
    772  2.075548907643715E+002  7.499581335036115E+005
    773  3.812211434781296E-001  1.138974980867639E+003
    774  6.709098950876033E+001  2.358595344724426E+005
    775  6.641889670145491E-001  2.306210961148210E+003
    776  1.244162384136187E+000  3.927082744613446E+003
    777  7.448015351970736E+002  2.812139077039702E+006
    778  5.349755678410678E+002  2.019465738085329E+006
    779  1.356733147414045E+000  4.493110904976339E+003
    780  7.574879344920167E+001  2.799232497912364E+005
    781  4.855366792143447E+000  1.661270669560717E+004
    782  6.456910519615753E+000  2.179308312288967E+004
    783  6.675242435072161E+002  2.502922190994803E+006
    784  2.238801721795839E+002  8.244612444282050E+005
    785  6.745653259496473E+002  2.519400228673065E+006
    786  3.172832172562171E+000  1.067309705602318E+004
    787  9.345266214504509E+000  3.178166546834139E+004
    788  8.940822016991343E-001  2.916695328619975E+003
    789  1.068239384649150E+002  3.934138978599401E+005
    790  7.325073310258906E+000  2.497394336214659E+004
    791  2.582656398042364E+002  9.562421664536372E+005
    792  3.808237459299309E+000  1.352278324406604E+004
    793  7.027094406756707E+001  2.592375892446306E+005
    794  3.949336498530691E+000  1.316110162103041E+004
    795  1.973935895433446E+002  7.500026576396237E+005
    796  3.051123414201315E+001  1.098420261332100E+005
    797  5.730790006233151E+001  2.169380681770308E+005
    798  9.501360003941640E-001  3.255974854659546E+003
    799  9.775975577533600E+001  3.548027069205085E+005
    800  1.226267614558928E+001  4.281370587607904E+004
    801  3.933190993471047E-001  1.268209016458030E+003
    802  1.234478858561243E+002  4.498371716333306E+005
    803  5.645311556798117E+001  2.115027685273160E+005
    804  5.599217087203262E+000  1.893728572653191E+004
    805  1.911928506366171E+000  6.490423475558098E+003
    806  2.389901898369301E-001  6.103830912486860E+002
    807  1.571176031864032E+002  5.837804839210258E+005
    808  5.372793747186559E+001  2.019381085757061E+005
    809  3.191122246719270E+000  1.065282402698249E+004
    810  5.187702613175578E+002  1.980396349324711E+006
    811  7.614477477701572E-001  2.528254507821259E+003
    812  1.010695578846672E+002  3.828634062130239E+005
    813  6.467415870679135E+002  2.441092223613731E+006
    814  4.287458194383517E-001  1.244705915163034E+003
    815  7.639311897728363E+000  2.678576989622525E+004
    816  6.960484133839094E+002  2.644058788487507E+006
    817  2.794457131638402E+002  1.059546037896433E+006
    818  1.960120035287309E+000  6.849713736459588E+003
    819  1.209507433658744E+000  4.315429280239391E+003
    820  7.515269394263727E+001  2.794156641105912E+005
    821  1.045437532692680E+002  3.886692213042540E+005
    822  7.053146685307391E+001  2.636386530509354E+005
    823  1.494044685056497E-001  3.496559948261941E+002
    824  1.047811983449710E+002  3.965555839059984E+005
    825  1.436352420726531E+002  5.414944705474804E+005
    826  1.673639566303761E+002  6.217912180679104E+005
    827  4.295336959181434E+001  1.588607411931246E+005
    828  2.860456724656899E+000  9.952926438586674E+003
    829  2.979278490384710E+001  1.110271177143318E+005
    830  1.175921327055074E+000  4.056716029366096E+003
    831  6.504969924591316E+001  2.426001205615170E+005
    832  7.754519730553172E+001  2.914770128394320E+005
    833  2.236674907989021E-001  6.216343034258748E+002
    834  8.551833845714933E-001  2.735133501774457E+003
    835  5.404911238258448E+001  1.940466931704654E+005
    836  2.076598512605214E+002  7.797017324982951E+005
    837  2.698479295561386E+000  1.000940310348617E+004
    838  3.420096062031610E+001  1.236814908658181E+005
    839  1.088020159893887E+000  3.593500177587214E+003
    840  1.165068164022986E-001  2.072230282945278E+002
    841  3.254302256854917E-001  9.073073487396363E+002
    842  2.960598822749807E+002  1.114277361915590E+006
    843  3.986443290465515E+001  1.463254934954563E+005
    844  1.525949415626016E+002  5.697749113985670E+005
    845  6.276224862939298E+000  2.188427822461363E+004
    846  3.669808003070664E+000  1.217373787932870E+004
    847  1.002970871711567E+002  3.658491193528898E+005
    848  1.745788151744845E+002  6.205836673058799E+005
    849  3.862047672651357E+000  1.313057682344079E+004
    850  1.528968670581498E-001  3.341607677297801E+002
    851  4.565430780074811E+001  1.625385574698689E+005
    852  5.159664980747667E+000  1.812004308917963E+004
    853  4.950556445228677E+001  1.871087164976577E+005
    854  1.571128661876416E+002  5.963126401843691E+005
    855  5.916602396469519E+001  2.116354104238608E+005
    856  1.753974926040183E+000  6.450060369031020E+003
    857  1.124635151352528E+000  3.974739523324546E+003
    858  1.544880186815344E+002  5.844918550642808E+005
    859  3.253774677638446E+000  1.145583934512107E+004
    860  7.976887461402016E+001  3.030635405908727E+005
    861  1.372550256856514E+000  4.913413531348711E+003
    862  4.400597730665151E+000  1.475658188278150E+004
    863  9.629981518074598E+001  3.674342414047746E+005
    864  2.799382285136805E-001  8.394499399266006E+002
    865  6.285623571018048E+001  2.390483583694683E+005
    866  1.415981880793827E+002  5.056967657709958E+005
    867  1.480361682866875E+000  5.295987962855217E+003
    868  1.241705203449205E+002  4.646816782985948E+005
    869  3.204458532712034E-001  9.552028393899591E+002
    870  4.760606703509864E+002  1.709776210162181E+006
    871  3.905677460001873E+001  1.391413187701452E+005
    872  4.216397540031643E-001  1.429566488463920E+003
    873  5.447211641146426E+001  2.043440212139738E+005
    874  2.774346020579171E-001  7.595045140022676E+002
    875  9.657467208526423E+001  3.468746825034184E+005
    876  9.700204859605944E-001  3.163131057567276E+003
    877  1.259486849206726E+002  4.546381425521275E+005
    878  9.247161766087545E-001  2.927041228937291E+003
    879  8.739284414643970E+000  3.076470995736087E+004
    880  3.600202440752652E+001  1.316489363490759E+005
    881  1.881026679225093E-001  5.364450709998678E+002
    882  1.394672329904900E+000  4.833434796678284E+003
    883  1.445929223605615E+001  5.379422759816967E+004
    884  3.421066110426678E+001  1.249552993885987E+005
    885  5.917598813150138E-002  4.302176743138909E+001
    886  1.447600703510484E+002  5.346121319803521E+005
    887  7.388184634106092E+001  2.636469519583975E+005
    888  1.121657842115762E+000  3.641637794062978E+003
    889  2.196121789508846E-001  6.557432645222951E+002
    890  1.117644385250129E+002  4.196916806876471E+005
    891  6.652246757148762E-001  2.368923158156923E+003
    892  1.142170937967392E+002  4.224123639347230E+005
    893  3.292178433656172E+000  1.097810022951124E+004
    894  1.953721759028052E+001  7.079982639253016E+004
    895  2.101833138947463E+002  7.980249885533022E+005
    896  2.505453042114810E+001  9.105780004241387E+004
    897  2.838654681372195E+002  1.047454065316245E+006
    898  1.986115311897571E+002  7.225612269139070E+005
    899  2.408376229332486E+001  8.266536392427282E+004
    900  1.194457513206295E+000  4.103930082785370E+003
    901  1.957648248327782E+000  6.378704132083857E+003
    902  2.598084029809365E+002  9.802977130722083E+005
    903  4.188492297793815E+001  1.438815302681480E+005
    904  5.496949565635501E-001  1.851617537115299E+003
    905  2.091408141756138E+002  7.440377968913177E+005
    906  9.665184753418987E-001  3.350128802443233E+003
    907  6.335826283982502E+001  2.324866242656143E+005
    908  2.193701318598766E+000  7.117684107017712E+003
    909  2.103658862519030E+002  8.008376628607371E+005
    910  1.100838931774714E+001  3.715161760457887E+004
    911  3.874267654793962E+002  1.397627732008425E+006
    912  7.718935477601138E-001  2.522094355932152E+003
    913  9.933131143061960E+000  3.622786448025321E+004
    914  1.941618287142428E-001  5.189857247908851E+002
    915  5.530248665776069E+000  1.929882880302578E+004
    916  3.607176232009275E+001  1.348645671885613E+005
    917  4.672605834505868E+001  1.707266460139214E+005
    918  1.589675457127752E+002  6.022927784867751E+005
    919  4.352322600807432E+001  1.543135378501262E+005
    920  1.745811308612908E+000  5.782072879531122E+003
    921  2.254786916289654E+001  8.373100596902131E+004
    922  8.368366280263176E+000  2.956361826061099E+004
    923  7.117664370513811E+000  2.473539386343807E+004
    924  2.706794975830898E+002  1.003417350012404E+006
    925  1.087222814461187E+000  3.503498698902062E+003
    926  1.241262761070470E+002  4.280480021702175E+005
    927  6.990759650850429E+000  2.385819052087034E+004
    928  2.942641304142742E+002  1.058173499416464E+006
    929  3.521235877652289E+002  1.265854505806927E+006
    930  3.480453668974441E+002  1.235355676237505E+006
    931  2.804727618650020E+000  9.480832139790584E+003
    932  3.102518843372559E+001  1.111675789384937E+005
    933  2.820320512440175E+000  9.824177485708004E+003
    934  2.508485805915628E+002  9.463402538312454E+005
    935  1.083454763256972E+000  3.524766491395116E+003
    936  3.786105278716557E+000  1.381867460691994E+004
    937  3.152254805413770E+002  1.122329178475300E+006
    938  7.496794241208281E+001  2.825549966035236E+005
    939  1.707811228235624E+000  5.602955192120964E+003
    940  8.423206129109751E+001  3.112912356737133E+005
    941  1.520296531064072E+000  5.495110903321591E+003
    942  7.287308238393442E+001  2.705337760331556E+005
    943  1.776729716077509E+001  6.607512066907475E+004
    944  5.619271632608704E+001  2.079651685311991E+005
    945  5.487696962296265E+001  1.998285900854452E+005
    946  5.376409670610821E-001  1.779289465396539E+003
    947  1.855663985697664E+002  6.666970735968217E+005
    948  8.570559122234012E+001  3.204509165579655E+005
    949  4.347156399839439E+000  1.511646784705462E+004
    950  4.162793010447838E+001  1.515892225566143E+005
    951  2.673668531302148E+000  9.391309639006304E+003
    952  1.329457353917434E+002  4.738522519884944E+005
    953  5.775606590494092E+000  2.118188681546785E+004
    954  5.149312823753327E+002  1.973865075734526E+006
    955  1.944001618462799E+002  7.440761867369820E+005
    956  1.864857642719331E+000  6.983568674971942E+003
    957  2.011424529427890E+000  6.783609416030882E+003
    958  1.508270946888667E+002  5.761040014498692E+005
    959  9.331454474701077E-001  3.183052772240377E+003
    960  1.022388832338928E+002  3.896019189253389E+005
    961  1.803995696506545E+000  6.141800360361194E+003
    962  5.039007789981716E+001  1.858461611885425E+005
    963  5.955672778784812E+000  2.019832329864276E+004
    964  2.395558110486393E+002  9.111472388347379E+005
    965  5.284378120760221E-001  1.864774768155850E+003
    966  5.561375028669926E+002  2.116104657977088E+006
    967  3.669640951940745E+001  1.302991098416867E+005
    968  5.810217157163682E+001  2.083099086014497E+005
    969  3.567573176793014E-001  1.120215077001142E+003
    970  2.704849149175763E+002  1.017801521650088E+006
    971  5.435200399822470E-001  1.842087388727065E+003
    972  7.363641613408819E+001  2.779787125449196E+005
    973  2.628741523313340E+002  9.543415213776469E+005
    974  7.697833304806030E-001  2.554663803941725E+003
    975  2.223029034020085E+001  8.172371235224787E+004
    976  5.943426977854869E+001  2.233071848991349E+005
    977  1.767262992491888E+001  6.391784885962503E+004
    978  6.247873846679520E+000  2.318486344850796E+004
    979  9.799517583419608E+001  3.571589288138000E+005
    980  1.634645661459104E+000  5.730235594028728E+003
    981  2.877419070476583E+002  1.101850120831056E+006
    982  5.187738359346442E+000  1.859791440460172E+004
    983  2.694055351320765E+001  9.659427313057882E+004
    984  2.937665479311838E+001  1.060511882731939E+005
    985  3.955279493127204E+000  1.410860844194737E+004
    986  4.934875918525772E+001  1.870490529289948E+005
    987  1.400115584816757E+000  4.639150155506803E+003
    988  3.145328874864769E+001  1.173439359168119E+005
    989  2.683382765121283E+002  1.020678928110139E+006
    990  2.635241806749803E+000  8.656245073501270E+003
    991  6.011836207949025E+002  2.277630056675285E+006
    992  1.417117121278560E+002  5.137463910816945E+005
    993  1.392937172767328E+000  5.019027787776237E+003
    994  4.318964185785422E+000  1.431575175235631E+004
    995  6.998338114770733E+001  2.386143266726836E+005
    996  9.795253845279164E-001  3.572827052073488E+003
    997  2.974463784067125E+002  1.120349318893857E+006
    998  5.284616735619031E+002  1.951804407556767E+006
    999  2.457931886765664E+000  9.306028877348761E+003
   1000  2.403525411254442E+002  8.720103022776752E+005
   1001  6.703257221620784E+002  2.502800511861932E+006
   1002  6.820477150133699E+000  2.469825005439129E+004
   1003  1.582828751153834E+000  5.499586400319050E+003
   1004  5.516751631476505E+000  1.847179995421887E+004
   1005  1.038112265191390E+002  3.835957800136193E+005
   1006  4.305547279736011E+002  1.555332234086832E+006
   1007  6.594959529203093E-001  2.222253473227956E+003
   1008  1.747175478917313E+002  6.212459239048812E+005
   1009  2.017545329769951E+002  7.174137217571749E+005
   1010  3.052346302695582E+000  1.038850518138248E+004
   1011  8.574578478359962E+001  3.040490410981993E+005
   1012  1.506312036577879E+000  5.124820857953905E+003
   1013  7.740578128977718E+001  2.886006078375119E+005
   1014  4.701224835997584E+001  1.658940971661324E+005
   1015  1.233588943710188E+000  4.603980945377077E+003
   1016  2.301617303444659E+002  8.636802473946423E+005
   1017  3.093826769452980E+000  1.015682314903749E+004
   1018  2.368485494872891E+002  8.870752292814573E+005
   1019  1.360777301136677E-001  3.715402498251709E+002
   1020  3.401915223553821E+002  1.293977832779269E+006
   1021  7.061950471425838E+001  2.664155289215188E+005
   1022  1.614230290947517E+002  6.096075303270771E+005
   1023  8.199282168240142E-001  2.567028854351091E+003
   1024  6.418371925591771E+002  2.408439594321537E+006
   1025  1.681012593187366E+000  5.676595813644567E+003
   1026  2.443397943379743E+002  8.978484340818332E+005
   1027  3.784240300147163E+002  1.391584994702310E+006
   1028  6.123921422209814E+000  2.054612581398106E+004
   1029  4.814653706723621E+002  1.701719326673431E+006
   1030  1.544565436913717E-001  4.315253084342635E+002
   1031  2.600222872168191E+002  9.554461390393339E+005
   1032  1.521667577996580E+002  5.485668472001612E+005
   1033  3.983780004506373E+002  1.401701256193548E+006
   1034  1.194845837466953E+002  4.471467267201167E+005
   1035  3.219874027979902E+000  1.067027121055706E+004
   1036  4.294886959345072E+002  1.436599344970318E+006
   1037  4.927856812294704E-001  1.584594270493820E+003
   1038  1.688912684903596E+003  5.400523871994709E+006
   1039  1.901238198194837E+003  6.700814478269341E+006
   1040  8.520055544128418E+000  2.928384347683802E+004
   1041  1.686488257451962E+003  5.471693975871060E+006
   1042  1.485349554074454E+003  5.610838362657440E+006
   1043  3.489417345952967E+000  1.145813530338746E+004
   1044  9.641855983921241E+002  3.495460766086516E+006
   1045  7.552476778025591E+002  2.831510390670055E+006
   1046  1.893517247370443E+001  6.695686571590560E+004
   1047  2.567090486224158E+003  8.333835757749036E+006
   1048  2.454226369429251E+003  8.547544304834671E+006
   1049  3.438662934716279E+000  1.252513198881312E+004
   1050  6.943807327812607E+002  2.534284040400125E+006
   1051  3.589076378661033E+000  1.186101626199642E+004
   1052  3.362834468872495E+003  1.222558355127916E+007
   1053  5.929572120837558E+002  2.062560040898486E+006
   1054  2.349820904953920E+000  7.891107851357197E+003
   1055  9.356579368896315E+002  3.504980218562380E+006
   1056  7.635293299435503E+000  2.823486040046659E+004
   1057  7.108713312512216E+002  2.608376981683191E+006
   1058  1.305021736308954E+003  4.755392140646263E+006
   1059  1.076413196961519E+000  3.825292431782942E+003
   1060  3.223978692133927E+003  1.154357598533464E+007
   1061  5.179356328479259E+002  1.819086922092208E+006
   1062  8.209044141109624E+002  2.974837827520740E+006
   1063  1.421802589282093E+001  4.949320193094335E+004
   1064  2.160127793893940E+002  7.613782673695660E+005
   1065  5.038901100833518E+000  1.751371957423322E+004
   1066  1.183141541732100E+003  4.477698862311092E+006
   1067  1.982828404403674E+003  7.301934423960933E+006
   1068  8.438483893009273E+000  2.867312706494100E+004
   1069  3.196341972882479E+003  1.111963685993162E+007
   1070  2.365851755955935E+004  8.388299857443739E+007
   1071  1.629471114649315E+003  6.033546767443367E+006
   1072  4.187491327298986E+003  1.406414932908607E+007
   1073  1.401117141637421E+000  4.893637059326174E+003
   1074  7.371797004403297E+003  2.724567210367302E+007
   1075  5.897608506742955E+002  2.008249722533995E+006
   1076  1.264345571853804E+002  4.714977221575609E+005
   1077  3.086702329634490E+001  1.098193466989542E+005
