# dt =   1.000000000000000E-005
# j, New nj, Rate of change (1/s)
      1  4.424154187051156E+001  2.538769072961992E+006
      2  1.583197527774531E+003  9.519320768552892E+007
      3  5.214494981024433E+001  2.437923385396154E+006
      4  1.278669335689249E+002  5.962380750728588E+006
      5  3.122270641357969E+002  1.296290536780169E+007
      6  3.846537571166765E+001  1.625049681776727E+006
      7  3.073404632057882E+003  1.276156047136449E+008
      8  1.572404907598948E+003  6.502350773813324E+007
      9  6.168987435758720E+002  3.267676846435064E+007
     10  8.849317493676632E+002  3.275993922104429E+007
     11  1.611703834421664E+002  6.659789334038635E+006
     12  1.361476228626992E+002  6.200396283999887E+006
     13  8.749461025598908E+000  3.195349770071991E+005
     14  4.983901682150345E+001  2.319177171087548E+006
     15  7.677340121109712E+000  2.698231392787996E+005
     16  3.306321575026307E+002  1.926396705452334E+007
     17  1.042171194576214E+002  4.897695182080845E+006
     18  5.255914389559462E+002  2.177197490468374E+007
     19  6.685345161368135E+000  2.130628927925664E+005
     20  1.446530701014239E+002  5.756484287759040E+006
     21  2.171903619506032E+001  8.234966407116974E+005
     22  1.134966926287547E+002  5.645822171769369E+006
     23  1.591263437429911E+003  6.644015640835241E+007
     24  1.198985744158977E+003  4.973801262185029E+007
     25  6.225489471279974E+000  2.107914612129840E+005
     26  1.029754332791503E+001  4.902490234959695E+005
     27  2.286068927788547E+003  1.312393910299234E+008
     28  4.938378708757087E+001  2.350292960011482E+006
     29  5.339400788874625E+002  2.912972006422313E+007
     30  2.104253946448917E+001  7.789566910703253E+005
     31  3.009148563997723E+002  1.278190341162735E+007
     32  1.178930595487629E+002  6.282451226773690E+006
     33  6.991864002810715E+001  2.987336690748856E+006
     34  3.709579273037004E+001  1.464573097877508E+006
     35  6.138079233580571E+002  3.331759324790514E+007
     36  1.002318792416812E+002  3.735800365333559E+006
     37  3.077835340444308E+002  1.653121404387686E+007
     38  1.187986283146516E+003  5.096015445545401E+007
     39  1.066434514715380E+002  5.862801212768905E+006
     40  3.132518525618527E+002  1.728558536780554E+007
     41  2.318887319162295E+002  1.247137643809474E+007
     42  1.064995425272219E+002  5.153988301961163E+006
     43  5.614510215991941E+001  2.539677551193692E+006
     44  2.913930921380627E+002  1.637929195147987E+007
     45  1.067140600018983E+002  6.209266779233880E+006
     46  6.059435074719628E+001  2.656993103806440E+006
     47  1.705838068177705E+000  3.336236280004785E+004
     48  1.468032477737064E+002  6.488150420174408E+006
     49  4.040720597136137E+001  1.783062507002477E+006
     50  2.473302951339576E+001  1.305562800880223E+006
     51  3.610829449311497E+002  2.203017087947422E+007
     52  3.562407823650885E+001  2.102744490596021E+006
     53  3.019724920359871E+001  1.234269484009733E+006
     54  3.188412750529893E+002  1.460209957686758E+007
     55  4.994903811851586E+002  2.301115068085559E+007
     56  2.050631541269218E+000  4.762954578018530E+004
     57  3.702054166567850E+002  1.672740343322223E+007
     58  3.832174824055555E+002  1.621684390544404E+007
     59  5.766791670674889E+000  2.296362178258074E+005
     60  9.249980894510514E+002  4.646723329668742E+007
     61  1.728708131166467E+001  5.826203387138619E+005
     62  2.806254696731289E+001  1.335587399460470E+006
     63  1.376216778054307E+001  7.244581376923536E+005
     64  6.416194919410028E+002  2.798149902415164E+007
     65  6.855407613662236E+003  3.164320807460224E+008
     66  8.854510493637369E+001  3.799660927202480E+006
     67  8.645280882361171E+002  3.909171649818052E+007
     68  2.037692381722302E+001  8.908419417900890E+005
     69  4.841318038396178E+001  2.587073620980149E+006
     70  1.391093145204681E+003  6.701681201489552E+007
     71  1.893007267193765E+003  8.572242247612588E+007
     72  1.939729090384075E+001  6.429307153852208E+005
     73  2.053273166198791E+002  1.153173832070871E+007
     74  7.375603220223944E+001  3.321085075674536E+006
     75  1.113632597335785E+001  4.192747047600430E+005
     76  1.279775247149478E+001  5.090327148819480E+005
     77  3.075503313129466E+001  1.299170484640273E+006
     78  3.359893337603312E+001  1.431857669155084E+006
     79  1.352482595814195E+002  7.993678183624438E+006
     80  5.058187704359225E+002  2.881724852447176E+007
     81  4.366524299912172E+001  2.204025512963322E+006
     82  5.942228910519514E+001  3.275206668579922E+006
     83  2.297859170336026E+001  1.202186788659367E+006
     84  1.636163819404403E+001  6.871222576513692E+005
     85  1.779202258699891E+002  6.978929264817789E+006
     86  8.666011376226227E+002  4.830496988381090E+007
     87  8.218085455089644E+000  4.051672959935070E+005
     88  9.712965605751091E+000  4.101482187578637E+005
     89  9.022986491118557E+001  4.408736574141667E+006
     90  1.112535045707263E+003  6.331109266953950E+007
     91  3.191426869754252E+002  1.857898603649653E+007
     92  1.907090206027429E+002  9.764857629850758E+006
     93  3.893963561352720E+001  2.173879722179583E+006
     94  1.970204390975333E+002  1.116757653181584E+007
     95  1.171960969541057E+002  4.765353998461383E+006
     96  2.599537241942591E+001  1.015202941683292E+006
     97  1.775834302819639E+002  9.607143398613295E+006
     98  1.987513105885384E+002  1.163137810632587E+007
     99  9.898737472282901E+000  5.126734646607366E+005
    100  4.048697115907880E+002  2.373237931395677E+007
    101  6.477933522473261E+001  2.852203509743651E+006
    102  1.201648981504867E+002  6.952162805667966E+006
    103  1.721892172704238E+003  9.687769191718858E+007
    104  1.823053815782871E+001  7.691408611460333E+005
    105  2.041403467156465E+002  1.199005958826573E+007
    106  6.817872383888046E+001  2.885948926382741E+006
    107  8.381693829485263E+000  3.475924623862203E+005
    108  2.246404952559794E+002  9.042332760876844E+006
    109  3.679776707705545E+001  1.526070232733714E+006
    110  1.395301590357913E+002  8.038837955765110E+006
    111  6.748639601708761E+001  2.759861913264350E+006
    112  3.488526635558433E+001  1.775595862538188E+006
    113  3.770157975461929E+001  2.076412660350389E+006
    114  6.510243254600747E+002  2.663068186434053E+007
    115  1.597342057952913E+002  9.131836635470470E+006
    116  3.507055260293349E+001  1.536336901156895E+006
    117  7.764711176686566E+001  3.885596961253511E+006
    118  1.349939932764897E+001  6.080534751396261E+005
    119  2.731282931500882E+001  1.487744038844338E+006
    120  1.507264056654705E+002  8.740260445477447E+006
    121  3.229938525307151E+001  1.317162980262258E+006
    122  2.623607559001139E+000  7.830785941411105E+004
    123  1.051425966066545E+001  4.431340664836033E+005
    124  1.464768938175163E+000  2.668798973543014E+004
    125  1.082114748989747E+002  5.602227417225755E+006
    126  6.821786154172591E+001  3.900636253726386E+006
    127  2.059194223578046E+001  1.131090788490833E+006
    128  8.070312027865101E+001  4.826317404657609E+006
    129  1.563238143146768E+000  3.554938308455087E+004
    130  1.772267505326726E+001  1.022514337497573E+006
    131  7.389802299333837E+001  2.969530520076454E+006
    132  9.957986827307982E+000  4.611145405560302E+005
    133  6.171469996784842E+001  2.434116150940457E+006
    134  4.483049764941941E+001  1.724717211708343E+006
    135  3.528406499463665E+001  2.011884220285670E+006
    136  5.279155505675622E+001  2.989636827416662E+006
    137  3.231042143807971E+001  1.471844920234581E+006
    138  5.484197357924974E+001  2.487600240010974E+006
    139  4.593461330147056E+001  2.680498892250532E+006
    140  3.304344060289313E+001  1.854204342376893E+006
    141  1.481395765183327E+001  7.213939363139424E+005
    142  1.852955053586192E+002  7.776962517251532E+006
    143  6.413298504453900E+001  2.846209797669237E+006
    144  9.802380093284229E+001  4.830714733013788E+006
    145  2.614041513609633E+001  1.272409518119235E+006
    146  1.222356517625584E+000  1.714059534946484E+004
    147  8.673747010253672E+000  3.206527864768652E+005
    148  3.373463752033714E+001  1.792028746724220E+006
    149  1.149852698961621E+002  6.379830507640752E+006
    150  2.692346848768964E+001  9.801059214889255E+005
    151  6.920945879221744E+002  3.999582633682577E+007
    152  3.040560225908577E+002  1.544118416564086E+007
    153  4.814319571593618E+001  1.900513055826257E+006
    154  1.805862597130641E+003  1.016796212450583E+008
    155  7.879450010349599E+001  4.423480316615602E+006
    156  2.953308310715579E+001  1.232152677360871E+006
    157  1.233881708743730E+002  5.247086062568431E+006
    158  7.258334695803015E+001  3.020087502405747E+006
    159  1.215482695376664E+001  6.285005727396007E+005
    160  1.431328674243254E+002  6.573130366042390E+006
    161  8.210021529545399E+001  3.476978136474145E+006
    162  5.520235555939559E+000  1.796012163026599E+005
    163  7.675130888104809E+002  4.364151702053810E+007
    164  1.005285074019169E+003  5.283006599697920E+007
    165  8.449883782611246E+002  4.680293134396835E+007
    166  1.351227626665161E+002  6.902296629778630E+006
    167  1.375695078213847E+001  5.725975098285031E+005
    168  2.052818516961377E+001  8.955124788007094E+005
    169  7.023594566956368E+001  2.822283641797921E+006
    170  7.537295513886511E+000  3.083391346442014E+005
    171  1.187283121614115E+001  4.762291093300412E+005
    172  1.011277024237326E+002  5.050836632432560E+006
    173  6.864208017232622E+001  3.196781672416711E+006
    174  3.512424915418801E+001  1.442032026038981E+006
    175  4.008911606078962E+000  1.534107019359599E+005
    176  1.549650595126437E+001  6.042360521025495E+005
    177  7.990672480883666E+001  4.537341034346743E+006
    178  8.248680915744437E-001  2.850616434955374E+003
    179  4.528708140753785E+000  1.421193486150329E+005
    180  7.833566421022715E+001  2.959232420823711E+006
    181  6.532542524451766E+000  2.844321141376312E+005
    182  3.393533614745202E+002  1.986500279662492E+007
    183  9.038328652994342E+001  3.909729638035282E+006
    184  3.914263084031539E+001  1.559848758115020E+006
    185  3.032059356816824E+002  1.571722993010796E+007
    186  2.268275321585005E+002  1.316560202371954E+007
    187  1.051036497778705E+001  4.091786852471226E+005
    188  3.248144516407506E+002  1.335332996260294E+007
    189  9.982506697280215E+000  4.636140410789025E+005
    190  7.308531678268119E+001  3.571856018153898E+006
    191  3.870489427203567E+001  1.577643947719862E+006
    192  4.364045999451648E+001  2.322862199027645E+006
    193  1.692126850245841E+002  9.372860423904965E+006
    194  2.699249356038297E+001  1.553048702018349E+006
    195  1.047188724902793E+002  4.955998535095965E+006
    196  5.691477693745930E+001  2.256624363714165E+006
    197  7.896428038239264E+001  4.582159012984726E+006
    198  2.426802820244497E+002  1.216011737652038E+007
    199  1.938045114384973E+002  8.479379650131749E+006
    200  1.752476638591433E+000  5.258631223948602E+004
    201  2.984393291675244E+001  1.323137518129173E+006
    202  6.276855791085876E+001  2.597440754405018E+006
    203  1.321454779427212E+001  7.172007940242320E+005
    204  3.502211270135219E+001  1.944180352191727E+006
    205  5.148529383381158E+001  2.299432760405152E+006
    206  3.477166752750529E+001  1.661542098793515E+006
    207  1.254320764520014E+002  5.292937498110483E+006
    208  2.229827614654546E+001  8.506686606602323E+005
    209  1.129027229571390E+001  5.774668831218876E+005
    210  7.442567742048143E+001  4.539640804073438E+006
    211  3.276669220415563E+001  1.959607662771990E+006
    212  7.249347781285999E+001  2.889619798722481E+006
    213  3.623945952914077E+001  2.058827437060283E+006
    214  1.619172988679532E+001  6.459717832867408E+005
    215  1.450268356705794E+001  7.313008721479499E+005
    216  4.623385956880194E+000  1.629619860642032E+005
    217  4.874596101801257E+001  2.605553126969642E+006
    218  4.325449068443894E+001  1.666651081160665E+006
    219  4.425391158895516E+000  1.970006847230489E+005
    220  5.548381534269869E+000  1.986620613202901E+005
    221  5.313124601316995E+001  2.278301792310166E+006
    222  3.210126625630549E+001  1.704247472159917E+006
    223  1.275147892851692E+002  5.378588562580352E+006
    224  1.914698753940039E+000  5.244283690436620E+004
    225  2.491444425658114E+000  7.922370508267368E+004
    226  3.433617569756184E+001  1.725161800570131E+006
    227  2.198385126848455E+000  6.970235237757585E+004
    228  1.474521601685894E+000  3.675043045084467E+004
    229  1.849082903053258E+002  7.574509867542257E+006
    230  1.263527932630998E+002  6.901205436353620E+006
    231  2.319298986838674E+001  8.577353877685289E+005
    232  4.215398901437811E+002  2.539851801765542E+007
    233  9.830757455886776E+001  4.802818189963802E+006
    234  1.032587798045993E+001  4.051885206012671E+005
    235  2.053723773622926E+000  7.142749822730404E+004
    236  1.325167472286799E+002  6.501806262007605E+006
    237  2.894036629227215E+001  1.166234557077559E+006
    238  6.722668500954916E+001  3.148215453731128E+006
    239  3.614639146646476E+001  1.711170058193097E+006
    240  7.638991918127523E+001  3.888736253810428E+006
    241  1.001767285406237E+002  4.778430190025616E+006
    242  1.253363490261474E+001  4.808348678057647E+005
    243  4.005093423796097E+000  1.722177479874667E+005
    244  2.805835238359863E+001  1.605627085353902E+006
    245  1.509528077436750E+002  7.214961480733387E+006
    246  5.157653024542194E+001  2.211215690144513E+006
    247  3.049083041410051E+001  1.596292549449628E+006
    248  5.927749115496622E+002  3.114472713515262E+007
    249  1.157504094139587E+002  6.323151064309967E+006
    250  3.587814483105242E+000  1.255530037937621E+005
    251  7.970114828346468E+001  3.652031006151834E+006
    252  1.819709717843609E+000  4.508524636941795E+004
    253  3.299349819275781E+002  1.503821426364649E+007
    254  1.599416385548188E+002  6.943525941773471E+006
    255  1.589756013211466E+002  6.549160330268742E+006
    256  4.011349539616520E+001  2.130384798822493E+006
    257  8.706595312150869E+000  3.593700246832825E+005
    258  2.399579482524684E+002  1.339735424395523E+007
    259  8.916001361144262E+001  4.756183422838339E+006
    260  6.939444657586205E+000  2.454386493591329E+005
    261  1.561709889333020E+001  6.637701931439877E+005
    262  1.378222461086406E+001  7.386236144021139E+005
    263  1.023860730154760E+000  2.032055745512682E+004
    264  7.598790171653376E+001  4.203051941255932E+006
    265  2.097558646101394E+000  8.271142504029218E+004
    266  1.055196321351271E+001  5.446667231642005E+005
    267  5.910588553317114E+000  2.735394597642949E+005
    268  1.291980316789309E+000  3.300442250565419E+004
    269  4.064880221614105E+000  1.445099799458442E+005
    270  1.102616451858864E+001  5.787700533347501E+005
    271  3.883235577626637E+000  1.557644165388601E+005
    272  9.708692316651798E+001  5.570737531952372E+006
    273  2.465747455149912E+001  1.421311797590732E+006
    274  7.922011336486659E+001  4.604934851822955E+006
    275  2.605962517084593E+001  9.676881316003358E+005
    276  1.577453450653711E+001  8.553896844491906E+005
    277  4.401304200569912E+000  1.943600664957026E+005
    278  1.139173620280838E+001  5.539195313017073E+005
    279  5.677085511211253E+001  3.080963497244101E+006
    280  9.774165141686730E+001  5.880395335717853E+006
    281  5.672101801362754E+001  2.880055483430326E+006
    282  7.841696936623005E+001  3.218617052373555E+006
    283  3.272788572891186E+001  1.771284931065411E+006
    284  3.264529730991309E+000  1.173267989950770E+005
    285  3.064944619053843E+001  1.757711782927730E+006
    286  1.680306149907203E+000  6.403759011100465E+004
    287  7.271202313272108E+000  3.958158916527964E+005
    288  4.724694480574166E+001  2.449931473249467E+006
    289  6.645095104378872E+001  3.419556806401079E+006
    290  2.320666958348062E+002  1.358303393484735E+007
    291  4.598568384816903E+002  2.759338661277006E+007
    292  1.539298853695343E+001  7.825671593037877E+005
    293  7.052140448838796E+002  4.157880542281633E+007
    294  1.115555604295808E+002  6.006451081760310E+006
    295  5.902171408481671E+001  2.315805254591989E+006
    296  1.996224415076464E+002  1.014020730366267E+007
    297  3.145615729160319E+002  1.599891357370008E+007
    298  9.939875758846930E+002  5.912009739398363E+007
    299  1.538301945669650E+002  8.853810985416606E+006
    300  3.631553306490765E+002  1.761654524364265E+007
    301  4.254838238673245E+002  1.833962965765871E+007
    302  3.567819508704016E+001  1.905724154137663E+006
    303  4.866833007928574E+001  2.398576239862647E+006
    304  1.982992970294973E+001  7.564773765703825E+005
    305  1.225659108786824E+001  4.885348424379526E+005
    306  8.758730861493058E+001  4.849492190739681E+006
    307  1.237885611884945E+001  4.678036536663772E+005
    308  2.456302189431785E+002  1.360128845166374E+007
    309  2.438963099851293E+001  1.069347954973739E+006
    310  7.222105635356995E+001  3.944065308639059E+006
    311  9.435160200914920E+000  3.543540844287612E+005
    312  2.194604123873126E+001  8.753086091285903E+005
    313  3.460102307929653E+000  1.228434052089467E+005
    314  1.412309170217047E+001  5.433634034306949E+005
    315  3.560180159668254E+000  1.305694883514285E+005
    316  4.717719874464463E+000  2.230663658411748E+005
    317  1.611074511691170E+001  6.333746709015451E+005
    318  1.180168559564821E+002  6.401976979486693E+006
    319  1.528885994248961E+001  7.707603218362941E+005
    320  4.978499449566407E+001  2.093122730641512E+006
    321  2.294428286884894E+001  9.545507584764479E+005
    322  1.082212635771369E+001  4.386683922786195E+005
    323  9.000424501561438E+000  3.311850429804727E+005
    324  1.971419156033318E+001  8.061472096489904E+005
    325  5.224931821694849E+001  1.987525997831422E+006
    326  5.666685353195540E+001  3.264723840866087E+006
    327  2.899190294284650E+001  1.097460450117924E+006
    328  2.292870268997743E+000  8.133842028873709E+004
    329  1.732559452338195E+002  8.249239152564478E+006
    330  2.295964536339724E+002  9.512495964513604E+006
    331  6.135754092435128E+001  2.503759087148267E+006
    332  1.866769257901163E+001  1.061757052900808E+006
    333  8.471643400317532E+001  4.756239032408617E+006
    334  1.519220208916169E+001  5.760606259718224E+005
    335  8.772159904281075E+001  3.776117707016246E+006
    336  2.774493988982449E+001  1.143819241913997E+006
    337  9.768611861438295E+000  3.906914881689726E+005
    338  2.847016351377269E+001  1.191201154991092E+006
    339  8.680535771351568E+000  3.399970078425035E+005
    340  6.656403665244574E+001  3.720937058937727E+006
    341  1.527914841953780E+002  6.980545875032893E+006
    342  2.777446012689331E+000  1.007720591567159E+005
    343  5.695653662401620E+001  2.983326765803976E+006
    344  1.461664912585027E+002  8.335790012170740E+006
    345  1.054464203521723E+001  5.986912753163371E+005
    346  4.627449547801787E+002  2.731324405310738E+007
    347  1.374865222991125E+002  5.754755344279484E+006
    348  8.048242603612083E+001  3.406471345646846E+006
    349  1.769566063869434E+001  9.046918061983659E+005
    350  1.965449088220033E+000  7.323088783010238E+004
    351  2.062633414746258E+001  9.377103020872880E+005
    352  3.636995033738911E+001  1.519828769569013E+006
    353  2.727287071138701E+000  1.269214300752015E+005
    354  2.847464087111098E+000  1.022100885534486E+005
    355  2.169079731164027E+001  1.007874056995093E+006
    356  1.449607388773314E+002  7.421881892463832E+006
    357  3.990872416216418E+001  1.634543477184914E+006
    358  4.166759491209314E+002  2.070654456823921E+007
    359  4.158933154473603E+001  2.383391419167954E+006
    360  1.560594404031167E+001  6.141554216626207E+005
    361  9.753528978784002E+000  3.999162617064388E+005
    362  1.542956158290165E+000  4.463142784422133E+004
    363  5.750315892458139E-001  5.658809653727695E+003
    364  1.460634221752463E+001  8.312810263563549E+005
    365  1.831343401801684E+001  8.976055317049851E+005
    366  3.131283770446073E+000  1.135656865582180E+005
    367  2.719114295269089E+001  1.558729887328565E+006
    368  2.179171965262567E+000  6.850472804596997E+004
    369  1.231615721263730E+001  7.291062438796071E+005
    370  4.192846299915161E+000  1.543566448450830E+005
    371  1.469203804599346E+000  4.539197248976626E+004
    372  6.770986561638517E+000  3.599399114326555E+005
    373  1.452039393521028E+000  5.046102172456223E+004
    374  7.800851915680313E+001  4.419149476689581E+006
    375  5.147051665403303E+000  2.716454400975258E+005
    376  1.013781957616163E+002  6.036345913254347E+006
    377  1.365221805482171E+001  6.326601094339439E+005
    378  1.066505987107849E+002  5.419073484750465E+006
    379  9.494310001952579E+001  4.139090890630450E+006
    380  6.992952174633940E+001  3.594076279860621E+006
    381  4.481940348912030E+001  2.331824665458925E+006
    382  2.304985731165353E+001  9.587768099488231E+005
    383  6.897465392236073E+001  3.932980201168625E+006
    384  1.936705825092167E+003  1.125639496791781E+008
    385  8.848185218118911E+001  3.757960144198271E+006
    386  8.322038328513431E+002  4.072572839712936E+007
    387  1.978196754647328E+002  1.088777509044637E+007
    388  6.615274142132634E-001  1.313348760788406E+004
    389  2.526716666084569E+001  1.034515359136736E+006
    390  8.717899354920279E+002  5.273637168000966E+007
    391  2.494773431137010E+002  1.392466789184477E+007
    392  4.868005549934564E+002  2.778061036256756E+007
    393  1.108961904102419E+003  6.288967702905694E+007
    394  2.109022840071542E+001  9.528130407252008E+005
    395  2.500502030089154E+002  1.449821916783268E+007
    396  4.955791086807498E+001  2.856746334869092E+006
    397  1.211507412329896E+001  6.867782480142162E+005
    398  2.444868355744372E+001  1.285892762121839E+006
    399  6.547339868007951E+001  3.840900883004661E+006
    400  1.897582347898239E+002  9.641468822181573E+006
    401  3.283952867490123E+001  1.326885016830984E+006
    402  2.389541799809155E+002  1.339210728531857E+007
    403  8.962322085989196E+001  3.773332131746814E+006
    404  2.510797780767997E+001  1.335487519382910E+006
    405  1.121409655624203E+002  5.696755540766235E+006
    406  5.397938585879992E-001  1.156792710390285E+004
    407  3.872618495116254E+002  2.304557838131988E+007
    408  1.333854255385617E+000  5.468849753147216E+004
    409  6.953815820162457E+001  3.627797049813965E+006
    410  4.486685720682767E+000  2.080050819008209E+005
    411  4.305074150343910E+001  2.286504628517225E+006
    412  7.565723224601205E-001  2.244011454607795E+004
    413  1.405379456562321E+002  6.055298576637753E+006
    414  9.811367017068951E+000  3.819885179652325E+005
    415  1.916331493456079E+002  8.638740880780200E+006
    416  6.107522687726016E+000  2.827915540060575E+005
    417  3.575178234290532E+001  1.667376165288941E+006
    418  4.630247975616229E+003  1.692811389112119E+008
    419  4.217571969037446E+002  2.466331317562923E+007
    420  7.736140260215453E+000  3.565174701762628E+005
    421  3.007303004101762E+001  1.672320639446772E+006
    422  3.930327664783915E+002  1.537011922117900E+007
    423  3.131971868093089E+002  1.465006120257003E+007
    424  1.582288326010935E+000  5.518007955171669E+004
    425  1.175614108134060E+003  4.452206208666713E+007
    426  1.954736002397757E+002  7.634117522408843E+006
    427  2.105599054083795E+002  1.199192892627083E+007
    428  9.011061929564532E-001  3.060204526973645E+004
    429  1.838534051865652E+000  7.071952727485845E+004
    430  1.640300874996318E+002  9.581764616036879E+006
    431  1.300293213498508E+002  5.316196371973660E+006
    432  2.960897568734454E+000  1.456517460309031E+005
    433  1.129894038913624E+001  6.292616124411119E+005
    434  1.384931998157494E+002  7.993970066813824E+006
    435  3.639474873311290E+000  1.370617471976280E+005
    436  2.989513822110333E+002  1.493473053998165E+007
    437  2.232889129684313E+000  1.062193709190557E+005
    438  3.839029787397707E+002  2.038806831693327E+007
    439  5.443945311610541E-001  8.997689421548437E+003
    440  8.347308202715183E+001  4.718170363338710E+006
    441  4.180557777741561E+000  1.555501346644232E+005
    442  2.497223375172216E+001  1.423431180331314E+006
    443  4.580287881298000E-001  7.878655347961724E+003
    444  1.746835570158941E+001  6.945928940572897E+005
    445  1.804838842809605E+002  7.838740756571136E+006
    446  7.319915407538420E+001  4.010434144898875E+006
    447  2.000298019370254E+000  7.383846253032728E+004
    448  3.118895115862366E+001  1.807375323443069E+006
    449  2.894504614695188E+001  1.263210069090203E+006
    450  1.883365254816496E+002  1.138487121355822E+007
    451  2.072515452174900E+001  9.548264151518355E+005
    452  1.941293977060993E+002  1.137377583926506E+007
    453  3.093487498600643E+002  1.846229209059634E+007
    454  5.444877911771430E+002  3.355589262996019E+007
    455  8.558748724312059E+000  4.432141108925159E+005
    456  1.877715856600964E+002  1.148986957516055E+007
    457  2.846809491321510E+000  9.881939877142517E+004
    458  1.333829103818968E+002  8.122108081992024E+006
    459  4.830209856797926E+001  2.541636466704533E+006
    460  1.085863226826113E+002  6.657695521019300E+006
    461  2.144135936442567E+000  7.808450933831572E+004
    462  2.129577809830574E+002  1.196788592792887E+007
    463  3.231580290429536E+000  1.226731795436634E+005
    464  1.430700332464520E+002  8.207687141943878E+006
    465  4.150037791748797E+000  1.596205521280045E+005
    466  5.632686280393030E+001  2.891985716099713E+006
    467  3.155595348739404E+001  1.646116626874829E+006
    468  5.250523329543029E+001  2.979134421826872E+006
    469  1.830680652159010E+000  6.401631469766389E+004
    470  5.036187077760768E+000  2.021290801524212E+005
    471  3.655316635860200E+000  1.421486635851681E+005
    472  1.556228134484679E+002  9.213539667181097E+006
    473  9.162731873619437E+000  4.892319874748884E+005
    474  5.396222197100127E+002  3.280196621264412E+007
    475  3.836213610957032E+001  2.261134738136264E+006
    476  2.976845029049291E+000  1.294296303391762E+005
    477  9.104879848708104E+001  5.493683677062093E+006
    478  1.590417206434901E+001  9.122933207798830E+005
    479  2.711973153633636E+002  1.591915219792902E+007
    480  2.968994963869959E+001  1.576324565730204E+006
    481  4.972137157186974E+000  1.833870907878310E+005
    482  3.581447363929319E+001  2.066427984822403E+006
    483  6.061970867083941E+001  3.456462370733484E+006
    484  4.718906789107848E+000  2.144857931782819E+005
    485  1.140829686320468E+002  6.629121626662285E+006
    486  1.205620238891034E+001  4.359634540692011E+005
    487  8.901540322221682E+001  5.442102811804209E+006
    488  1.359444179867937E+000  4.186719297937999E+004
    489  5.781657283606487E+001  3.467973576147478E+006
    490  5.407415159010673E-001  1.554725541185302E+004
    491  4.398546020571571E+001  2.572674093782789E+006
    492  9.788625113080691E+001  4.422968721033938E+006
    493  2.992881118196494E+001  1.231272362829897E+006
    494  4.286074839818549E+001  2.472847252364548E+006
    495  5.754557774956441E+001  3.137140749414863E+006
    496  9.963532978580778E-001  3.405648274476176E+004
    497  3.849128892903396E+001  2.110931422606335E+006
    498  2.764103132879728E+001  1.593832589835748E+006
    499  3.435688436121620E-001  3.762817247098570E+003
    500  4.128290006839502E+001  2.346991788577670E+006
    501  3.659781303630808E-001  5.462865706002122E+003
    502  1.170726310164171E+001  4.759467732650579E+005
    503  1.634877968435197E+002  9.668252150961326E+006
    504  1.080042215047960E+002  6.030923349499281E+006
    505  6.799348284042975E+001  4.108829832520030E+006
    506  1.183979227202899E+000  3.858648184117275E+004
    507  1.421826321967330E+002  8.100029875319851E+006
    508  2.299811188012984E+000  1.004673555878113E+005
    509  1.609889340632704E+000  7.324636419095742E+004
    510  1.150518095876044E+002  6.812633066964009E+006
    511  6.009076256062467E+000  2.951483897893896E+005
    512  1.545384324982753E+002  9.177631108741624E+006
    513  3.759929580686266E+000  1.847220873181602E+005
    514  4.006888567417697E+001  2.311088988607832E+006
    515  1.246698461623635E+001  5.637910392066517E+005
    516  1.573516481125976E+001  8.408181953277191E+005
    517  2.460679054903250E+001  1.459666669996547E+006
    518  6.487662143772704E+001  3.898225223938034E+006
    519  6.355351188645489E+001  3.860550442797456E+006
    520  5.911391176810025E-001  1.730344848706121E+004
    521  1.064592387242112E+001  4.282887033418934E+005
    522  4.049933201903049E+000  1.859004384645935E+005
    523  2.603179957625419E+001  1.480394389290809E+006
    524  1.692381922098259E+002  1.046906865825445E+007
    525  1.035766156994714E+001  5.582820938156092E+005
    526  6.339881312720326E+000  2.725682204533021E+005
    527  6.435658031632775E+001  3.949338301375527E+006
    528  9.904176507553540E+000  4.229902273750965E+005
    529  5.265008860752464E+000  2.156503619425258E+005
    530  8.951931443573650E+001  5.233379073613116E+006
    531  1.017967747683876E+002  5.320657485311275E+006
    532  2.084004244473647E+001  1.180534514377622E+006
    533  2.636190523920306E+001  1.516372376481036E+006
    534  1.646028942622392E+001  9.245515947458447E+005
    535  7.681118600571019E+002  4.328727558633407E+007
    536  1.779489327263155E+002  7.236398769386135E+006
    537  1.653532352092496E+003  9.469519744488239E+007
    538  2.015845509729775E+002  8.303229508215877E+006
    539  1.575090220325862E+003  9.021919611255352E+007
    540  9.118947040091378E+001  4.612197560074066E+006
    541  2.137505743365949E+001  1.273044445337693E+006
    542  1.115196150465983E+001  4.665568684562650E+005
    543  2.952262915719481E+001  1.442396429549806E+006
    544  6.258395540094506E+002  2.623162184943312E+007
    545  3.384136524592322E+001  1.934447458183991E+006
    546  9.069887599843673E+002  3.777901981181986E+007
    547  1.207689070847090E+004  5.051494361271908E+008
    548  3.004201889364197E+001  1.293100489882166E+006
    549  5.506472262939606E+002  2.267695798858780E+007
    550  1.514307271979848E+002  8.491105254867747E+006
    551  7.701074848532057E+002  3.059031608651592E+007
    552  8.205065797905627E+002  2.905130399096981E+007
    553  8.024397600985637E+001  3.738289900479668E+006
    554  4.383317780753248E+002  1.849171708618257E+007
    555  1.180126935804721E+001  5.539120742276197E+005
    556  2.822268676166426E+000  9.975699694976407E+004
    557  6.003027683614670E+001  2.852689921293390E+006
    558  5.884511021648610E+000  2.590506176769572E+005
    559  6.604355687892986E+001  3.757478481207847E+006
    560  2.795928684089171E+001  1.178016976096356E+006
    561  4.661544803388875E+000  2.361823926875013E+005
    562  4.801796366352861E+000  1.643693794179829E+005
    563  1.675296251413620E+003  7.464950434057733E+007
    564  4.915644763745050E+001  1.965019751143915E+006
    565  1.157430376165970E+001  5.229663490693804E+005
    566  2.305324263546880E+003  9.507766073109734E+007
    567  4.996836685671767E+000  2.068825723340940E+005
    568  4.431156926884196E+001  2.325474830474614E+006
    569  2.755740082208344E+000  1.156532347579312E+005
    570  1.819590153136084E+002  7.386747503349972E+006
    571  9.418071276697205E+000  3.962705886168475E+005
    572  3.308741349375123E+001  1.404754959639207E+006
    573  1.433357542809478E+001  6.052367907296891E+005
    574  1.433393643604416E+000  6.994873951609842E+004
    575  1.094428566884528E+002  5.531307521539073E+006
    576  4.728845616558674E+001  1.671770609119605E+006
    577  7.485714348628203E+000  3.156452421523197E+005
    578  5.532504492988250E+000  2.742998115715867E+005
    579  2.588539955762983E+000  1.183434935617120E+005
    580  3.885315335697997E+001  2.005683809298564E+006
    581  1.772769119035079E-001  5.924459105666753E+003
    582  2.448493009172267E+001  1.354812910472701E+006
    583  4.312196398363368E+000  1.728655918144321E+005
    584  8.110476005122335E+000  3.496414060744973E+005
    585  2.388478081784547E+001  1.312004206417897E+006
    586  1.711510943230741E+000  6.083885279627703E+004
    587  1.317392827133612E+001  7.658831213243228E+005
    588  1.975636554768842E+002  1.102598477831311E+007
    589  4.565696358783043E+000  1.801453159883239E+005
    590  8.880960140137218E-001  3.198132895491608E+004
    591  1.489810569442188E+000  5.787613853481473E+004
    592  7.886565052313203E+001  4.672055768018971E+006
    593  5.437265230127754E+001  3.169400344485728E+006
    594  5.929398047449020E+000  2.489312431503536E+005
    595  3.529213739049792E+000  1.366045965717707E+005
    596  4.244562226040797E+000  1.785078890799801E+005
    597  3.901815539131433E+000  2.281347554131734E+005
    598  2.017336457564188E-001  4.929408748719064E+003
    599  4.112243923785442E+001  2.469980359376940E+006
    600  1.275789937407255E+001  7.704455746049819E+005
    601  1.667825120878920E+000  7.276672705998046E+004
    602  5.560711537867272E+001  3.167751598950485E+006
    603  5.355496330586952E-001  2.387761776434469E+004
    604  2.581397875292952E+001  1.232318384652963E+006
    605  7.473083793985117E+000  3.078596041776110E+005
    606  2.187902399641192E-001  6.649153099249414E+003
    607  4.402986057994874E+000  2.407401633017793E+005
    608  2.269483936537694E+000  9.330571275058501E+004
    609  1.552817125688387E+001  8.744423117939531E+005
    610  4.323986071800956E+000  1.820663673824380E+005
    611  4.134009789554587E+000  2.293070686232023E+005
    612  1.639533392659520E-001  4.678497943464455E+003
    613  4.827514521016719E+001  2.644772486352901E+006
    614  5.371211862493124E-001  2.010358724932861E+004
    615  2.007037908544578E+001  1.177083816763111E+006
    616  5.169111731386783E+000  2.206041672720669E+005
    617  1.233682965479205E+001  7.108037932306520E+005
    618  2.620811943620414E+001  1.434806970978641E+006
    619  1.173703783701051E+000  4.736522633339526E+004
    620  8.468614645339803E-002  9.016249378994685E+002
    621  1.409461074643293E+001  7.894958349817708E+005
    622  3.490722434480987E+000  1.422652433314609E+005
    623  9.622192216815300E+000  5.448533758194958E+005
    624  3.947497700650714E+000  1.613310347446034E+005
    625  1.158521267161583E+000  4.331244116016190E+004
    626  3.445176520128438E+000  1.953631657774889E+005
    627  1.015952490572600E+000  3.896824823508177E+004
    628  2.318947990926494E-001  6.143810122647777E+003
    629  1.601236895078717E-001  4.463976541816153E+003
    630  2.462972950072064E+000  1.247529694759144E+005
    631  2.021917988866933E+000  1.137175267937543E+005
    632  2.852260838340802E+001  1.709686877771246E+006
    633  2.188013070681758E+000  8.533478279798479E+004
    634  1.580156482431656E+000  6.364268072430659E+004
    635  4.136977325455307E+000  2.077624756369650E+005
    636  5.317118585664201E+000  2.328073557830986E+005
    637  2.630041878650746E+000  1.463544565619648E+005
    638  2.336467607487799E-001  7.810207960616329E+003
    639  1.020172230689093E+001  5.325090582234882E+005
    640  1.076894953919469E+000  4.792580689609508E+004
    641  3.270037608625248E+000  1.370976176583611E+005
    642  9.761795472220368E-001  3.635540303701843E+004
    643  7.157508411473406E+000  3.797544662869860E+005
    644  6.554605446607710E-001  2.369305117817866E+004
    645  5.263948078184188E+000  2.956331939613223E+005
    646  2.450953341432394E+000  1.184932774442200E+005
    647  8.040653121669669E-002  7.982273285916750E+002
    648  9.914028499517772E-001  4.069465060894896E+004
    649  9.377577043296750E+000  5.506434710966751E+005
    650  4.800624033541675E+000  2.829290119772593E+005
    651  9.066027176177625E-001  3.529431790511792E+004
    652  7.169907063240788E-002  3.078125095951036E+002
    653  3.221594630499128E-001  1.193337219439347E+004
    654  1.724335989223995E+001  1.006559442401358E+006
    655  9.580282772993069E+000  5.686282238740285E+005
    656  3.364929554451930E+000  1.361955170255296E+005
    657  1.164777900355917E+000  4.638453384410864E+004
    658  1.218373009568652E+001  6.212790964994648E+005
    659  1.192572137500826E+001  6.916493147881733E+005
    660  1.011218607213651E+000  3.971857106090336E+004
    661  1.990161358643404E+001  1.177242505812219E+006
    662  3.674653795657984E-001  1.373377842620442E+004
    663  3.019263686673485E+001  1.768604354540739E+006
    664  6.578668517323337E-001  2.622164886342542E+004
    665  1.386352129389539E+000  5.420671564523629E+004
    666  9.525830389258166E+000  4.569811949057467E+005
    667  1.243228476066028E+001  6.178921837376758E+005
    668  8.180323652454414E-001  3.467808053462150E+004
    669  2.676512660792663E+001  1.559330504590539E+006
    670  2.673456394237114E+000  1.106378057142066E+005
    671  5.498659936656630E+000  3.258248595862752E+005
    672  4.892272335581920E+000  1.970397000150895E+005
    673  3.397435201201580E+000  1.653755425591884E+005
    674  5.301368729011342E+000  2.187911597911166E+005
    675  2.432930300768061E+000  1.384151479706651E+005
    676  3.015393331760423E+000  1.581810747776304E+005
    677  8.968603540197679E-001  3.352001499032987E+004
    678  1.811324388597345E+001  9.788830595774279E+005
    679  1.192018648887726E+000  4.803549648811456E+004
    680  4.194650588686967E+001  2.383547294554318E+006
    681  1.723728847928446E+001  9.387975843516475E+005
    682  2.942731600486307E+000  1.197068333871291E+005
    683  1.199778881641575E+001  6.956321204922951E+005
    684  2.726114868385673E+000  1.096934904592353E+005
    685  9.864415100005068E-001  4.010125749669936E+004
    686  1.489399665331600E+001  8.289354609079038E+005
    687  2.202790018206920E+001  1.275845247359021E+006
    688  4.756370187150581E-001  1.686537031308141E+004
    689  1.789869598458107E+001  1.011048927560239E+006
    690  1.313046930670017E+001  7.189645572635909E+005
    691  2.089326606866638E+001  1.178927872391415E+006
    692  1.553891779399917E-001  3.657406115598962E+003
    693  3.199696355412384E-001  1.212731462971470E+004
    694  3.507012012725813E+001  1.938377372486268E+006
    695  2.776808495942182E+000  1.144763309847277E+005
    696  8.086103750129933E-001  3.134712403841369E+004
    697  2.392325501424738E+001  1.266048551843655E+006
    698  6.041948543482716E+001  3.289476997225347E+006
    699  8.585799715102980E-001  3.404363711959997E+004
    700  9.724571971427322E+000  4.714296772931653E+005
    701  1.138859285963454E-001  1.919040877639998E+003
    702  5.433189770431205E+000  2.693589993443243E+005
    703  4.813718128779023E-001  1.675958339598550E+004
    704  1.094794694372953E-001  1.818728993996223E+003
    705  5.672583916987131E-001  1.991173993434415E+004
    706  1.494105859033204E+001  8.802586003191393E+005
    707  9.911134968119264E-001  3.827656167211018E+004
    708  2.719171180970120E+001  1.506563369309091E+006
    709  1.648749878370943E+000  6.800694650299927E+004
    710  3.688921247412031E+001  2.170629744932907E+006
    711  4.877205279491691E-001  2.031282975014483E+004
    712  4.700299834481985E+001  2.758729374222099E+006
    713  3.666143593835363E+000  1.515600138526144E+005
    714  6.494828421380410E-001  2.469075559555161E+004
    715  6.835523687685984E-001  2.641534440637514E+004
    716  2.235654022837329E+001  1.255928360782477E+006
    717  2.717473330417057E+001  1.583101576545840E+006
    718  1.178582609531264E-001  3.116115043449177E+003
    719  1.826816351166798E+001  1.008593818070024E+006
    720  1.654980952724270E-001  4.210857330517223E+003
    721  7.559259175563359E+000  4.416268108701566E+005
    722  7.186305177375840E-001  2.895786194649021E+004
    723  2.504261441281629E-001  1.123013284175633E+004
    724  1.703494470143175E+001  1.022530886953636E+006
    725  9.196221609381844E+001  5.299989360824947E+006
    726  2.256425212946264E-001  6.946169485201288E+003
    727  2.766100043335595E+001  1.621324018994393E+006
    728  3.611819280016050E-001  1.240808023281583E+004
    729  3.287579769900482E-001  1.074726655511483E+004
    730  1.160156202891017E+001  6.284823343106771E+005
    731  8.258487344480525E+000  4.831151526684382E+005
    732  9.795937149697610E-001  3.554086623308127E+004
    733  8.969989197543457E+000  5.233922638302445E+005
    734  9.041412215020135E-002  1.408055607070130E+003
    735  3.866300252066014E-001  1.766431971492625E+004
    736  1.183203866628944E-001  2.473263276210520E+003
    737  2.338026403017676E+000  1.335795533460119E+005
    738  8.909352233993022E+000  5.112046020734080E+005
    739  5.708765602210928E-001  2.626290957768065E+004
    740  2.044540301284416E-001  8.585884077524590E+003
    741  3.729717770798293E+001  2.269325982867378E+006
    742  1.224940403380779E+001  6.556049151187451E+005
    743  1.017268643285555E-001  2.312616589724876E+003
    744  1.482279012212591E+000  5.919621030340032E+004
    745  1.847066792639761E+001  1.053406667889473E+006
    746  6.511719947700023E+000  3.765521257446371E+005
    747  3.775406000413750E-001  1.513618521819582E+004
    748  5.160075969170719E+000  3.070982361919107E+005
    749  1.069328510888623E+001  6.035145271250824E+005
    750  1.975313435647447E-001  6.221668754666341E+003
    751  6.405935353329586E+000  3.804626145333790E+005
    752  8.877503193538865E-002  1.163735042969567E+003
    753  1.902402522260022E-001  5.927400054164643E+003
    754  7.460283761165893E-001  2.999778505172983E+004
    755  7.759436606299288E+000  4.467283810785609E+005
    756  7.883656258009115E+000  4.334972102037058E+005
    757  5.471459354116607E+000  2.745749120472047E+005
    758  6.420921567825737E-001  2.401957785942300E+004
    759  1.115910224738880E-001  2.730193378635135E+003
    760  7.369144772754421E+000  4.327522902143090E+005
    761  5.208909975206882E-001  1.909644018967540E+004
    762  1.411608306378490E+001  8.068179810164979E+005
    763  1.715268674768413E+001  9.639670108618591E+005
    764  5.613946332938312E-001  2.183358495031261E+004
    765  6.497795480264362E+001  3.844746987463717E+006
    766  4.744136945485835E-001  2.051065325434236E+004
    767  6.385279950117703E-001  2.382528992596395E+004
    768  4.197895156711070E+001  2.263028924218123E+006
    769  2.837121012239485E+001  1.665169229677217E+006
    770  8.523300062127649E-001  3.328428938567136E+004
    771  1.168860841605283E+001  6.885222469440319E+005
    772  3.061610566953220E+001  1.734952514129878E+006
    773  1.157872294018691E-001  2.657108828240041E+003
    774  1.201993422278659E+001  5.522784466057550E+005
    775  1.355242587208052E-001  4.534713571832716E+003
    776  3.205793324629977E-001  1.028464957907336E+004
    777  9.462553753034906E+001  5.713625249197434E+006
    778  6.939907819689013E+001  4.069665310705939E+006
    779  3.079430812012857E-001  1.081549651907058E+004
    780  1.035746221826914E+001  6.056871761615581E+005
    781  9.805568927363322E-001  3.980559887560341E+004
    782  1.352702633772857E+000  5.407780619730756E+004
    783  8.764212613123289E+001  5.175688736271118E+006
    784  3.188824369982545E+001  1.780996019461536E+006
    785  8.912883325050183E+001  5.291800640519853E+006
    786  6.762183668212725E-001  2.618862240876501E+004
    787  1.902332043385581E+000  7.826266763820325E+004
    788  2.128294769166080E-001  6.959759476020892E+003
    789  1.485985067414649E+001  8.589957887933291E+005
    790  1.493814042989924E+000  6.067740865335054E+004
    791  3.506110906929620E+001  2.064489046289857E+006
    792  6.748343874013878E-001  2.989187081511732E+004
    793  9.854895557106470E+000  5.602055160855553E+005
    794  8.673640258300466E-001  3.302088253191501E+004
    795  2.457762137924768E+001  1.492659926452048E+006
    796  4.565272706511812E+000  2.556265521316646E+005
    797  7.348641550004781E+000  4.333206863196408E+005
    798  1.951926702282825E-001  7.096700969759880E+003
    799  1.420735796004337E+001  8.106215919502174E+005
    800  2.298213862112999E+000  9.994006109494680E+004
    801  1.016406904760577E-001  2.576483361734987E+003
    802  1.773746157450660E+001  1.015260995580475E+006
    803  7.407804347390687E+000  4.394694878334549E+005
    804  1.167232203899060E+000  4.669313555919095E+004
    805  3.972492042180556E-001  1.533569406695631E+004
    806  9.595882994442309E-002  1.589526016557873E+003
    807  2.204368363748145E+001  1.219714225382713E+006
    808  7.082498624812037E+000  4.115628012489246E+005
    809  6.949271596624557E-001  2.657660032321185E+004
    810  6.344643531099697E+001  3.887855374421891E+006
    811  1.746169143971119E-001  5.690780391583064E+003
    812  1.267535599629132E+001  7.698356162039563E+005
    813  8.184939330980478E+001  4.973999086008520E+006
    814  1.348772635708288E-001  3.272682736450945E+003
    815  1.402570338661920E+000  6.189307571168364E+004
    816  8.624165733869755E+001  5.277251859733111E+006
    817  3.495581529487956E+001  2.126005512478232E+006
    818  3.751798995366574E-001  1.516180421624392E+004
    819  2.167858321245205E-001  8.822400999119724E+003
    820  1.030755657289033E+001  5.883322266022062E+005
    821  1.441176438503727E+001  8.167974665006249E+005
    822  9.414734878489375E+000  5.499364076134306E+005
    823  6.807551909461847E-002  7.717351565321231E+002
    824  1.335909514890801E+001  7.950441585723474E+005
    825  1.842397362528040E+001  1.105861624078427E+006
    826  2.257632724087622E+001  1.327983900095515E+006
    827  5.986917875982145E+000  3.403036277592021E+005
    828  5.478849082490623E-001  2.274036601249120E+004
    829  3.981222335580321E+000  2.334271991606778E+005
    830  2.326347269493692E-001  9.008679913196627E+003
    831  9.049601886575868E+000  5.009703878885660E+005
    832  1.040279263863674E+001  5.908151239332359E+005
    833  8.012397403507344E-002  1.342377222331107E+003
    834  2.158685536874842E-001  6.746918091143839E+003
    835  8.147952707508567E+000  4.559689602731890E+005
    836  2.711256301069520E+001  1.604984385870211E+006
    837  3.867621668129457E-001  2.020747212504811E+004
    838  5.197052793017212E+000  2.797813760726053E+005
    839  2.496836036734855E-001  8.580176058489424E+003
    840  6.756973783088932E-002  5.687502630081983E+002
    841  1.122191351987638E-001  2.357363050995011E+003
    842  3.787933518227440E+001  2.291025958369391E+006
    843  5.756056081575147E+000  3.181898646209080E+005
    844  2.135515786076198E+001  1.167116875003614E+006
    845  1.185691272600364E+000  5.081271553626369E+004
    846  8.107728037803078E-001  3.096053273050103E+004
    847  1.452701759066593E+001  8.185017780943201E+005
    848  2.776314092465397E+001  1.482447892529651E+006
    849  7.938057525355664E-001  3.181307712332116E+004
    850  7.434314109375646E-002  8.857698038820341E+002
    851  7.026343299655150E+000  3.917299710373444E+005
    852  9.543290929618601E-001  4.125070828291224E+004
    853  6.311162857887700E+000  3.771400312696081E+005
    854  1.978234170575561E+001  1.188588093210395E+006
    855  8.905764698585644E+000  5.054530314290269E+005
    856  2.741138805768532E-001  1.277163499692133E+004
    857  2.080036021665660E-001  8.302326195590695E+003
    858  1.945641924495110E+001  1.179633147422706E+006
    859  5.997107073272129E-001  2.562379563215538E+004
    860  9.939083624484935E+000  6.030346407160014E+005
    861  2.355895837451383E-001  1.027810161108694E+004
    862  9.420185990864768E-001  3.688704800945586E+004
    863  1.185144820281433E+001  7.214153525857647E+005
    864  8.614194642067736E-002  1.797225871335827E+003
    865  7.858883711314028E+000  4.724125823786455E+005
    866  2.140195571340984E+001  1.215019422438265E+006
    867  2.608398382631440E-001  1.101252918976980E+004
    868  1.638358203502675E+001  9.684668849627236E+005
    869  9.769353129152729E-002  2.223838323054921E+003
    870  7.071575181879976E+001  4.047230333767526E+006
    871  6.019860426111518E+000  3.330662062006057E+005
    872  9.428683396581038E-002  2.753459358799715E+003
    873  7.366454806094554E+000  4.158290716730928E+005
    874  9.814163037119902E-002  1.997084583621214E+003
    875  1.559598481499701E+001  7.851765172225571E+005
    876  2.291633746778265E-001  7.756906520619141E+003
    877  1.879054205940923E+001  1.050620666238024E+006
    878  2.379875867832135E-001  7.509245998229005E+003
    879  1.565257825120052E+000  7.105158337992668E+004
    880  5.494420032694384E+000  2.835124381364736E+005
    881  6.518133419980765E-002  1.039137262974555E+003
    882  2.751623825671330E-001  1.074164121749594E+004
    883  1.993442233574658E+000  1.121690822153164E+005
    884  4.899147606826171E+000  2.794867833211297E+005
    885  4.918277314388859E-002  9.035542366850461E+001
    886  1.992230105976105E+001  1.161240811413021E+006
    887  1.120107308807762E+001  6.346421356958225E+005
    888  2.680426351250746E-001  9.113070209904354E+003
    889  6.909914240222181E-002  1.295603506477975E+003
    890  1.460279897806132E+001  8.626461285261875E+005
    891  1.217988707788047E-001  4.595824746067911E+003
    892  1.602952266408374E+001  9.022236661965473E+005
    893  7.185443068286020E-001  2.758519572004103E+004
    894  3.166349902883057E+000  1.536096352910906E+005
    895  2.629978472903274E+001  1.590168021077401E+006
    896  3.981199963741172E+000  1.971739879575626E+005
    897  4.071011474667465E+001  2.240248957505942E+006
    898  2.927856495504974E+001  1.621430843535888E+006
    899  4.765335518787429E+000  2.009636164492300E+005
    900  2.423330972104019E-001  9.243678212483755E+003
    901  4.606606746305801E-001  1.643396477200501E+004
    902  3.306009632503385E+001  1.994558821244946E+006
    903  7.888281019992506E+000  3.600546162479958E+005
    904  1.223727180397650E-001  3.954129394069521E+003
    905  3.302542710269820E+001  1.777365132007099E+006
    906  1.912298100454938E-001  7.302000107298747E+003
    907  9.092005085717398E+000  5.073730374331473E+005
    908  5.203421236126832E-001  1.860623981621868E+004
    909  2.604507673455846E+001  1.583346982022282E+006
    910  2.306379781002199E+000  9.291239013419504E+004
    911  5.799671081039190E+001  3.230491778172026E+006
    912  1.828725641802029E-001  6.074335910332696E+003
    913  1.480068821795481E+000  7.959760550334494E+004
    914  7.266098485350765E-002  1.283399007813551E+003
    915  1.041675603568492E+000  4.478349897788089E+004
    916  4.825852859735544E+000  2.799472449342994E+005
    917  6.813144285771066E+000  3.768792494956266E+005
    918  2.008455491621158E+001  1.206713354878712E+006
    919  7.194721041653537E+000  3.646011055184717E+005
    920  3.910904538562529E-001  1.443790531879556E+004
    921  3.125362330914558E+000  1.759647946378136E+005
    922  1.504488094827963E+000  6.725699519291140E+004
    923  1.353998924999769E+000  5.820954223222926E+004
    924  3.653776376909788E+001  2.160488488595418E+006
    925  2.654846013348671E-001  8.946467946906221E+003
    926  2.359012900189224E+001  1.047444818358362E+006
    927  1.415766152153283E+000  5.814850244783394E+004
    928  4.401877200697502E+001  2.482378165396769E+006
    929  5.229960158760014E+001  2.985339987472117E+006
    930  5.360764986190342E+001  3.020350797881130E+006
    931  5.810710026144685E-001  2.335364950264642E+004
    932  4.807964331842184E+000  2.598814657498974E+005
    933  5.358695671617563E-001  2.260245588023339E+004
    934  3.177746127937481E+001  1.930713080566452E+006
    935  2.568866811866379E-001  8.872681267416012E+003
    936  5.776906064500893E-001  2.958389668445778E+004
    937  4.889465125616852E+001  2.698993449735129E+006
    938  9.797598593400533E+000  5.713906914691691E+005
    939  3.927879354941614E-001  1.425550676625211E+004
    940  1.185053256436689E+001  6.660832486417042E+005
    941  2.549205503779363E-001  1.136567920768828E+004
    942  9.784478335958651E+000  5.800377610829986E+005
    943  2.439142897838356E+000  1.383847621270232E+005
    944  7.944113120829713E+000  4.402780054869384E+005
    945  7.998565379794662E+000  4.486411418467974E+005
    946  1.252827521017481E-001  3.982775676581902E+003
    947  2.751779186447879E+001  1.577214028610729E+006
    948  1.160773650220400E+001  6.613555633703087E+005
    949  8.260688759225069E-001  3.531667851983386E+004
    950  6.325989722569656E+000  3.331953745620925E+005
    951  4.945679868301848E-001  2.118647640991213E+004
    952  2.058196624950574E+001  1.134797590525077E+006
    953  8.954167562298342E-001  4.427997660418069E+004
    954  6.214923734752384E+001  3.821678501975864E+006
    955  2.349063642530221E+001  1.449450490123203E+006
    956  2.608319285383515E-001  1.361376108991454E+004
    957  4.261148113012701E-001  1.647876751612309E+004
    958  1.844611849775229E+001  1.126960955459915E+006
    959  1.934119640734952E-001  7.220958587245240E+003
    960  1.265250335403568E+001  7.669208202415821E+005
    961  3.725607332475044E-001  1.455468364251374E+004
    962  7.211207644848900E+000  3.973583799856994E+005
    963  1.227841082823827E+000  4.984516455089143E+004
    964  2.973227830860005E+001  1.806760390538527E+006
    965  1.010442749302660E-001  3.636090054603203E+003
    966  6.860465211516079E+001  4.198520684612784E+006
    967  6.121187339072037E+000  3.045041209846910E+005
    968  8.912397656112191E+000  4.887182676098107E+005
    969  9.566889695499160E-002  2.599299214572802E+003
    970  3.617465877459583E+001  2.056020161834082E+006
    971  1.177331989715962E-001  3.960336080106266E+003
    972  9.431730498699658E+000  5.639095801376817E+005
    973  3.964174576942273E+001  2.140235715188625E+006
    974  1.756276354833072E-001  5.987463508685167E+003
    975  3.273669084191340E+000  1.749277715370699E+005
    976  7.768277940914642E+000  4.585723610890505E+005
    977  2.831746111749903E+000  1.405894953234273E+005
    978  9.146862353265109E-001  4.735468744953397E+004
    979  1.469074547181536E+001  7.894529654087499E+005
    980  3.043997775039913E-001  1.279821167969965E+004
    981  3.500984428050478E+001  2.136167370871603E+006
    982  8.846441962324205E-001  4.078822887210867E+004
    983  4.190584416912261E+000  2.243694110312148E+005
    984  4.375707370642810E+000  2.446734459753104E+005
    985  6.859977263685261E-001  3.119800766683714E+004
    986  6.224178310140799E+000  3.744229758563288E+005
    987  3.157100249208958E-001  1.144760217083352E+004
    988  4.175162419590668E+000  2.469646705508142E+005
    989  3.317041236506479E+001  2.028355697422150E+006
    990  6.008669328236136E-001  2.236748222069528E+004
    991  7.545828444414173E+001  4.585486366238725E+006
    992  2.172999718109023E+001  1.146627722213203E+006
    993  2.374218945734676E-001  1.041627197159043E+004
    994  9.555825080115652E-001  3.678615759621563E+004
    995  1.408084498959150E+001  5.912973665804263E+005
    996  1.597579643878237E-001  7.049076779521216E+003
    997  3.813574537148844E+001  2.291838077943262E+006
    998  7.493663290838718E+001  4.175106373261754E+006
    999  3.267342329733663E-001  1.784348403492989E+004
   1000  3.464639019948444E+001  2.004277573074898E+006
   1001  8.988419328688795E+001  5.229917320680951E+006
   1002  1.088955701228868E+000  5.385477757283547E+004
   1003  3.062522801492101E-001  1.245396776165714E+004
   1004  1.185783012928650E+000  4.665698892074302E+004
   1005  1.425176559051019E+001  8.276389331549387E+005
   1006  6.360285225532155E+001  3.601843638100030E+006
   1007  1.315019682457979E-001  5.334806624368327E+003
   1008  2.751895559419925E+001  1.489911494425589E+006
   1009  3.162967864460781E+001  1.724931916403490E+006
   1010  6.218199190460511E-001  2.524737769040021E+004
   1011  1.408387712048420E+001  7.217476286983878E+005
   1012  3.115126861566927E-001  1.210752326188463E+004
   1013  1.040904297369280E+001  6.067670253423633E+005
   1014  8.001059514380046E+000  3.932076751744822E+005
   1015  1.794601179193301E-001  8.808424644832061E+003
   1016  3.039688377232104E+001  1.774173338582854E+006
   1017  7.062250007339360E-001  2.637318038692746E+004
   1018  3.151936771891546E+001  1.831213316791293E+006
   1019  5.005395891450585E-002  7.659474917661097E+002
   1020  4.228220192092580E+001  2.564829041263874E+006
   1021  9.071944427147324E+000  5.401465017367369E+005
   1022  2.061426146782624E+001  1.234316031708516E+006
   1023  2.155592634184188E-001  6.826393366232761E+003
   1024  8.385205900544011E+001  4.974318260468166E+006
   1025  3.546159079147879E-001  1.370600638457511E+004
   1026  3.516423141687636E+001  1.948431753702931E+006
   1027  5.357803252378518E+001  3.038012682274017E+006
   1028  1.299768377548938E+000  5.197222166384213E+004
   1029  8.449956776983839E+001  3.943589293939113E+006
   1030  5.425335375025686E-002  9.340560010861585E+002
   1031  3.644108546980014E+001  2.105205074323014E+006
   1032  2.383663547760256E+001  1.240346686088772E+006
   1033  7.171107886355234E+001  3.269213925677748E+006
   1034  1.623685705400640E+001  9.187565958628319E+005
   1035  7.164407697382809E-001  2.723513800451419E+004
   1036  8.830656536597841E+001  3.793515419066883E+006
   1037  1.229512216349052E-001  3.782893322935109E+003
   1038  4.083288426813196E+002  1.515302195209511E+007
   1039  3.390863962896116E+002  1.560132140809558E+007
   1040  1.667539370859998E+000  7.100688188732680E+004
   1041  3.938334631748433E+002  1.490027097623815E+007
   1042  1.899322994776043E+002  1.133720225110053E+007
   1043  7.977977959582909E-001  2.978426021588908E+004
   1044  1.398410628715342E+002  8.028435994720302E+006
   1045  9.927843409821307E+001  5.861162129159614E+006
   1046  3.380165053239803E+000  1.531031755016843E+005
   1047  6.036582908611642E+002  2.254057093390002E+007
   1048  4.398745911886423E+002  2.075956494614631E+007
   1049  5.485103048677448E-001  2.643524046274555E+004
   1050  1.023944604321307E+002  5.614174525774673E+006
   1051  8.144493213951555E-001  3.027660701052028E+004
   1052  5.131479778053842E+002  2.705927351570489E+007
   1053  1.079578905069789E+002  5.003985631740781E+006
   1054  4.974313469198859E-001  1.966053799396814E+004
   1055  1.253284613474069E+002  7.210825141828313E+006
   1056  1.063078238865210E+000  6.009328092837462E+004
   1057  1.026944348444114E+002  5.693644619120289E+006
   1058  2.005349418912319E+002  1.037867918813749E+007
   1059  1.867086258699295E-001  8.283849184597404E+003
   1060  4.898078466790594E+002  2.736937572963385E+007
   1061  8.994703497803432E+001  4.349115539220117E+006
   1062  1.246020806909635E+002  6.681852061710439E+006
   1063  2.654500695759062E+000  1.175197681421258E+005
   1064  3.660931846515618E+001  1.818034451712034E+006
   1065  9.583155916356579E-001  4.113906081638241E+004
   1066  1.509888150485455E+002  8.990822609355221E+006
   1067  2.823715080486945E+002  1.581077590588806E+007
   1068  1.731822963240131E+000  7.071985222198763E+004
   1069  5.778765199181964E+002  2.711742573247358E+007
   1070  3.763796907743008E+003  2.026693366089523E+008
   1071  2.269957114764337E+002  1.285973591713716E+007
   1072  8.715196401633242E+002  3.624164602904946E+007
   1073  2.627606241538101E-001  1.107005670860492E+004
   1074  1.024436505078493E+003  5.865837018379167E+007
   1075  1.196560495071472E+002  4.976478978484573E+006
   1076  1.727997234977090E+001  9.820135982842515E+005
   1077  4.858985468778555E+000  2.630191197342825E+005
