# dt =   1.000000000000000E-005
# j, New nj, Rate of change (1/s)
      1  9.044895657612778E+001  2.211102209357997E+006
      2  3.292337181153620E+003  8.152697143446968E+007
      3  9.263285766526286E+001  1.914690936503694E+006
      4  2.229033605494693E+002  4.454258535289431E+006
      5  5.123450752318513E+002  9.380610111049935E+006
      6  6.454834418458751E+001  1.229594871090147E+006
      7  5.039622781407719E+003  9.215864057931568E+007
      8  2.573066613678444E+003  4.689967944703392E+007
      9  1.179552363991389E+003  2.672179949525687E+007
     10  1.359253177386817E+003  2.206692313646467E+007
     11  2.640614979858063E+002  4.824161114670587E+006
     12  2.317562431969716E+002  4.450513799039627E+006
     13  1.382372551465479E+001  2.387898021804664E+005
     14  8.755257980966385E+001  1.775478625261494E+006
     15  1.189106933058167E+001  1.976455371453931E+005
     16  6.705258740637757E+002  1.616447547084914E+007
     17  1.827334351936159E+002  3.684335499034809E+006
     18  8.608365082903889E+002  1.571117811763083E+007
     19  9.898062375548259E+000  1.501057952969731E+005
     20  2.318131261176450E+002  4.076871863688016E+006
     21  3.402766625749508E+001  5.734377617374917E+005
     22  2.081094959789941E+002  4.476121600830346E+006
     23  2.618308964340172E+003  4.816002406453354E+007
     24  1.964786509595433E+003  3.588847788657574E+007
     25  9.486913291646209E+000  1.527590430481026E+005
     26  1.877760179199816E+001  4.027338623275628E+005
     27  4.522240244075787E+003  1.055340767919480E+008
     28  8.744232154193801E+001  1.788199050624579E+006
     29  1.014236746170997E+003  2.253312720105858E+007
     30  3.268387491923786E+001  5.435534632502015E+005
     31  5.011516592416502E+002  9.408509166616062E+006
     32  2.242444284341277E+002  5.026440784587695E+006
     33  1.156767000059218E+002  2.134621917162183E+006
     34  5.943867192363419E+001  1.045934766619192E+006
     35  1.162676561895609E+003  2.575135526900684E+007
     36  1.546908139514911E+002  2.534516539156265E+006
     37  5.850659396671132E+002  1.307475804436291E+007
     38  1.985642294787129E+003  3.745337659896465E+007
     39  2.056484333970591E+002  4.668894901603674E+006
     40  6.049433684196939E+002  1.375648342292220E+007
     41  4.442190860064543E+002  1.004808560035424E+007
     42  1.908122648907429E+002  3.970770785782257E+006
     43  9.709411438427375E+001  1.928265437121675E+006
     44  5.696294059623674E+002  1.313160787402019E+007
     45  2.142948525456832E+002  5.093115435414744E+006
     46  1.029056441691954E+002  1.990242196492628E+006
     47  2.297816723063508E+000  2.824080566782778E+004
     48  2.492247859668269E+002  4.807945682720118E+006
     49  6.879583041698206E+001  1.333947052169204E+006
     50  4.767329476640302E+001  1.092800484060668E+006
     51  7.613447335642051E+002  1.913340331355391E+007
     52  7.388870532342879E+001  1.830305083206240E+006
     53  4.949471296172861E+001  9.066519779611621E+005
     54  5.558744670053134E+002  1.118493618445528E+007
     55  8.722615381282527E+002  1.757465031131958E+007
     56  2.843794541385414E+000  3.752583081031613E+004
     57  6.408440567562773E+002  1.277139238371831E+007
     58  6.358082185644215E+002  1.185479925323593E+007
     59  9.634432576244073E+000  1.835351758735382E+005
     60  1.703331419256881E+003  3.682195713999883E+007
     61  2.548769101702952E+001  3.797093876602207E+005
     62  5.043778695336813E+001  1.059563304850417E+006
     63  2.648925079849193E+001  6.053688005756770E+005
     64  1.084425387781601E+003  2.082599130101514E+007
     65  1.200579543758138E+004  2.431210542110241E+008
     66  1.483948244371598E+002  2.812586319686074E+006
     67  1.495514647669658E+003  2.975889334878374E+007
     68  3.484245571179405E+001  6.825221803382260E+005
     69  9.332743866397841E+001  2.134518098353859E+006
     70  2.495263984006218E+003  5.214611722022273E+007
     71  3.280873237525860E+003  6.550111300482056E+007
     72  2.830723547334876E+001  4.117910804698160E+005
     73  3.944206292901030E+002  8.844561058782499E+006
     74  1.269509145245941E+002  2.502452458614869E+006
     75  1.757412963473541E+001  3.015715311408644E+005
     76  2.066915777106556E+001  3.683179216683215E+005
     77  5.131556473065196E+001  9.670831083256620E+005
     78  5.626101141907112E+001  1.065460203646789E+006
     79  2.771087886851484E+002  6.751102295079026E+006
     80  9.822591489722251E+002  2.231973763427235E+007
     81  8.057160860765346E+001  1.743308402368687E+006
     82  1.139704680643228E+002  2.562560714630365E+006
     83  4.351127108234404E+001  9.719731633591708E+005
     84  2.741073492428604E+001  5.210050472815262E+005
     85  2.823234822616743E+002  4.874893950934819E+006
     86  1.656674306813092E+003  3.695074670690135E+007
     87  1.488754210205410E+001  3.124039674510155E+005
     88  1.636822596540273E+001  3.135925166448582E+005
     89  1.616148257012034E+002  3.351677611760718E+006
     90  2.152245974837688E+003  4.862814417082738E+007
     91  6.376420182347983E+002  1.504242612757724E+007
     92  3.500558591593665E+002  7.479572134062295E+006
     93  7.495761113951518E+001  1.688056331510037E+006
     94  3.805669429850989E+002  8.586369478960095E+006
     95  1.903432698207616E+002  3.428521853828697E+006
     96  4.130800937421307E+001  7.149979832706904E+005
     97  3.446523713502763E+002  7.944732411957413E+006
     98  3.996782185984138E+002  9.505060636544446E+006
     99  1.861953838665087E+001  4.114236201545982E+005
    100  8.255227877833103E+002  2.002405231110914E+007
    101  1.099369388324649E+002  2.120965627994277E+006
    102  2.385179110948085E+002  5.580598059964389E+006
    103  3.372809916690381E+003  7.799021707478715E+007
    104  3.041044851438508E+001  5.722710918115865E+005
    105  4.197946187478765E+002  1.030044299815280E+007
    106  1.135779216360859E+002  2.134544721934217E+006
    107  1.406910570187609E+001  2.686573185321593E+005
    108  3.611201574714109E+002  6.375662496961344E+006
    109  6.047747045430411E+001  1.110084818547821E+006
    110  2.776012603054021E+002  6.526259476096950E+006
    111  1.093759213619548E+002  1.956029013748041E+006
    112  6.473945453015945E+001  1.410779367008051E+006
    113  7.271121705402092E+001  1.649232166992184E+006
    114  1.058732988708714E+003  1.909792004369675E+007
    115  3.153920119276603E+002  7.346635231623168E+006
    116  5.961140061732968E+001  1.154765186397643E+006
    117  1.397486966718656E+002  2.901771199850554E+006
    118  2.338660357174787E+001  4.653428422484655E+005
    119  5.332948122337291E+001  1.236823985033231E+006
    120  3.011498349584645E+002  7.111695373272234E+006
    121  5.271894385012028E+001  9.579650352637778E+005
    122  3.891065879928806E+000  5.980973039958369E+004
    123  1.769068810129292E+001  3.383557570062287E+005
    124  1.890332202356449E+000  1.997176388377092E+004
    125  1.987719489494065E+002  4.237160308377066E+006
    126  1.346223041240664E+002  3.131949637272438E+006
    127  3.993701570156630E+001  9.138472579402928E+005
    128  1.667289137912396E+002  4.095552327191992E+006
    129  2.166524423632330E+000  2.856778191008257E+004
    130  3.614955854637368E+001  8.794334857710585E+005
    131  1.192206299754923E+002  2.122439166937039E+006
    132  1.756289531632930E+001  3.581403720967916E+005
    133  9.852876566107609E+001  1.721996891163530E+006
    134  7.057311115721329E+001  1.201746379578319E+006
    135  6.977464401600177E+001  1.629038075041868E+006
    136  1.058614343918236E+002  2.529397849714373E+006
    137  5.623798436667600E+001  1.128065077429159E+006
    138  9.523105603453629E+001  1.905437516550409E+006
    139  9.314529510575595E+001  2.242943350262633E+006
    140  6.513359687124817E+001  1.520209050819873E+006
    141  2.684721142869149E+001  5.677138458480296E+005
    142  3.058127452305525E+002  5.651284465031925E+006
    143  1.093790360806302E+002  2.126391152261083E+006
    144  1.746489962076995E+002  3.577263915457084E+006
    145  4.760902219121022E+001  1.017401488976566E+006
    146  1.497030542051198E+000  1.290265153267726E+004
    147  1.359022150892544E+001  2.303720320059586E+005
    148  6.500266322208347E+001  1.488095192637395E+006
    149  2.238099536861466E+002  5.144029801472841E+006
    150  4.117657863570513E+001  6.631341402161553E+005
    151  1.392523083257034E+003  3.326796805989475E+007
    152  5.568243515617174E+002  1.188115005524333E+007
    153  7.672705474970657E+001  1.334666455722595E+006
    154  3.468776607769264E+003  7.773400737965287E+007
    155  1.518003497369479E+002  3.419662745491872E+006
    156  4.871209367570972E+001  8.992531959312352E+005
    157  2.043504379702122E+002  3.788408966988699E+006
    158  1.192347746401646E+002  2.186102691280591E+006
    159  2.242155027116505E+001  4.801717215648061E+005
    160  2.467689377842444E+002  4.852217689171929E+006
    161  1.359384984119557E+002  2.521532465307899E+006
    162  8.156740302548810E+000  1.228081377494499E+005
    163  1.501060949016733E+003  3.451652237758913E+007
    164  1.857414406520051E+003  3.983047372645488E+007
    165  1.616776993124548E+003  3.618373253288864E+007
    166  2.513033320395732E+002  5.496592252651333E+006
    167  2.277760771907397E+001  4.234603397057603E+005
    168  3.483257897862978E+001  6.727129345656798E+005
    169  1.122581204848761E+002  1.955196350869435E+006
    170  1.250659811171832E+001  2.341528585689650E+005
    171  1.931846203429476E+001  3.495202561059856E+005
    172  1.845423535611632E+002  3.932205992582105E+006
    173  1.193760724205979E+002  2.376549385672303E+006
    174  5.742528921062765E+001  1.045521640809456E+006
    175  6.519000179457132E+000  1.184658038917511E+005
    176  2.475231251392243E+001  4.335848474364940E+005
    177  1.605222314742497E+002  3.844130378588791E+006
    178  8.705027549284088E-001  2.147052799103782E+003
    179  6.589783909693387E+000  9.579296170885234E+004
    180  1.215920164684474E+002  2.012749517968857E+006
    181  1.132645402437410E+001  2.274087735446709E+005
    182  6.968471174161605E+002  1.708151784158768E+007
    183  1.523131167400583E+002  2.913693238933958E+006
    184  6.291792590839190E+001  1.113055891486005E+006
    185  5.704793213716320E+002  1.266915297842125E+007
    186  4.568889550987802E+002  1.091823897778938E+007
    187  1.682158475089332E+001  2.957234401905322E+005
    188  5.231861760545848E+002  9.214131453721289E+006
    189  1.764626307145726E+001  3.613942450883267E+005
    190  1.299407306355338E+002  2.657808682774493E+006
    191  6.308166264713972E+001  1.143418335494359E+006
    192  8.253307191976394E+001  1.832670222753413E+006
    193  3.286978769402881E+002  7.535653402107968E+006
    194  5.431933398506454E+001  1.298226201239045E+006
    195  1.861028549596308E+002  3.842621785438487E+006
    196  9.098050849838842E+001  1.592221750393576E+006
    197  1.605804705668823E+002  3.890592403872444E+006
    198  4.359697314122491E+002  9.022248997525446E+006
    199  3.271932907651308E+002  6.261716789748338E+006
    200  2.648721935276497E+000  4.254851106431827E+004
    201  5.059575388004152E+001  9.712571863136035E+005
    202  1.031325977950724E+002  1.895127519917793E+006
    203  2.575366276929409E+001  5.955611240087085E+005
    204  6.827075476834268E+001  1.571535108249138E+006
    205  8.814891076194124E+001  1.723555836258278E+006
    206  6.198415235969620E+001  1.282283136574603E+006
    207  2.082486863154662E+002  3.891380910566890E+006
    208  3.477232245650151E+001  5.793658634342971E+005
    209  2.103313420142931E+001  4.597231946212811E+005
    210  1.574012660924633E+002  3.971135944879323E+006
    211  6.869276502895067E+001  1.721211112100009E+006
    212  1.162104567948360E+002  2.044145978323062E+006
    213  7.260504639933338E+001  1.730656100194379E+006
    214  2.612678071887304E+001  4.652978164415490E+005
    215  2.649275105456020E+001  5.625147863005426E+005
    216  7.075696198913699E+000  1.141955933511866E+005
    217  9.382809004200470E+001  2.141447246904761E+006
    218  6.813037084455216E+001  1.161444302041233E+006
    219  7.675261295255697E+000  1.526855854302038E+005
    220  8.607231117939300E+000  1.434672483218371E+005
    221  8.908145155174174E+001  1.690141596988770E+006
    222  6.034599420100517E+001  1.327204491895927E+006
    223  2.099758935123813E+002  3.854332900494853E+006
    224  2.740459588141451E+000  3.879702227025883E+004
    225  3.765814152153983E+000  6.012165333788027E+004
    226  6.217482777049791E+001  1.303108773463683E+006
    227  3.312827325419395E+000  5.232445642996428E+004
    228  2.085362974432873E+000  2.892417343777763E+004
    229  3.007992821994690E+002  5.426120014563770E+006
    230  2.408725286535177E+002  5.380276257844845E+006
    231  3.579047685400191E+001  5.869689494590893E+005
    232  8.835938142565576E+002  2.210809122336317E+007
    233  1.754850869045345E+002  3.617410146231808E+006
    234  1.660498673205673E+001  2.945101306326959E+005
    235  3.278160442333053E+000  5.815489050438014E+004
    236  2.360663047178671E+002  4.841492209477455E+006
    237  4.701838169309103E+001  8.491443572716651E+005
    238  1.177360970848938E+002  2.371929323799791E+006
    239  6.445365569076644E+001  1.338101927560725E+006
    240  1.424032380922422E+002  3.129728449218777E+006
    241  1.773131979734490E+002  3.624747012004519E+006
    242  1.983910519255471E+001  3.417780323773128E+005
    243  6.904405215910585E+000  1.371363630373351E+005
    244  5.659152084487184E+001  1.359272405960490E+006
    245  2.654433379470656E+002  5.356328344547638E+006
    246  8.656884635130130E+001  1.646385067792081E+006
    247  5.727384047183554E+001  1.263402830941388E+006
    248  1.099241687091720E+003  2.372304585779696E+007
    249  2.205499587624819E+002  4.921750120119576E+006
    250  5.517758395520945E+000  9.021502053358720E+004
    251  1.368426668279579E+002  2.669427698676941E+006
    252  2.475218718278546E+000  3.044433585752180E+004
    253  5.706824932696132E+002  1.132386285148547E+007
    254  2.690175072620345E+002  5.120982851826203E+006
    255  2.594705093900111E+002  4.706856867655602E+006
    256  7.581871319711379E+001  1.683125052804760E+006
    257  1.442767095663572E+001  2.691549900227622E+005
    258  4.590108374879492E+002  1.024233998538470E+007
    259  1.712863753507716E+002  3.900911295442646E+006
    260  1.057921867135584E+001  1.697508674577036E+005
    261  2.615074409307885E+001  4.953200074953016E+005
    262  2.639764947770097E+001  5.962709694699008E+005
    263  1.369984841363569E+000  1.643334962141753E+004
    264  1.461694508574166E+002  3.300025063687739E+006
    265  3.462266221771166E+000  6.395504197625526E+004
    266  1.964933569628969E+001  4.281563741248553E+005
    267  1.041359927704323E+001  2.117740426087456E+005
    268  1.839076619510508E+000  2.584450886075871E+004
    269  6.308327446702761E+000  1.052900901005912E+005
    270  2.094949724638163E+001  4.697361393733000E+005
    271  6.448162360003892E+000  1.211749569838000E+005
    272  1.916580769320896E+002  4.458026079559899E+006
    273  4.949542664737602E+001  1.178106736749498E+006
    274  1.592078428736408E+002  3.789723808156421E+006
    275  4.001973308937124E+001  6.474227645042441E+005
    276  3.059756509683685E+001  7.030432014007145E+005
    277  7.693277776509700E+000  1.559772238965565E+005
    278  2.083019970516887E+001  4.478685073023926E+005
    279  1.091694714351805E+002  2.477108173031085E+006
    280  2.032092935708088E+002  5.028309438048574E+006
    281  1.057624887994682E+002  2.326834828702433E+006
    282  1.279796905956598E+002  2.323420452053831E+006
    283  6.223361735495846E+001  1.387233633543713E+006
    284  5.134800008242853E+000  8.804627725618902E+004
    285  6.078499778932485E+001  1.423218585446295E+006
    286  2.824613384730401E+000  5.452902054088283E+004
    287  1.427689660114082E+001  3.331641488684361E+005
    288  8.733710689846491E+001  1.880461954523053E+006
    289  1.247746205295377E+002  2.766824890137535E+006
    290  4.702810631337180E+002  1.131179326773247E+007
    291  9.499410621797190E+002  2.331887069871029E+007
    292  2.869485886617663E+001  6.297977976288813E+005
    293  1.435980855720934E+003  3.470980723279070E+007
    294  2.139629124765728E+002  4.846881315821178E+006
    295  9.361139337383301E+001  1.613764049008272E+006
    296  3.633801101692781E+002  7.668264657369060E+006
    297  5.720880221121256E+002  1.204824458630773E+007
    298  2.062004695933034E+003  5.104548329699403E+007
    299  3.118424648511490E+002  7.539934190927054E+006
    300  6.412262398342114E+002  1.298112211589645E+007
    301  7.141018277878162E+002  1.356588450937058E+007
    302  6.671693094729409E+001  1.451979522719984E+006
    303  8.857356519737273E+001  1.885281432538939E+006
    304  3.111394698865289E+001  5.266040710226174E+005
    305  1.981732962581775E+001  3.546065161811153E+005
    306  1.675364116497146E+002  3.746754946455412E+006
    307  1.940059419493613E+001  3.280105819926585E+005
    308  4.686080550434413E+002  1.043661159588504E+007
    309  4.130910875986489E+001  7.942589207223296E+005
    310  1.367665693224751E+002  3.021045140856984E+006
    311  1.478567072873409E+001  2.501713286989816E+005
    312  3.511705397542822E+001  6.141063059564227E+005
    313  5.367912870558034E+000  8.943756745023320E+004
    314  2.233288998584356E+001  3.838340993789064E+005
    315  5.603144288424454E+000  9.578569323419692E+004
    316  8.485959019552991E+000  1.779592888092856E+005
    317  2.578913198989740E+001  4.532854810154188E+005
    318  2.224104906957173E+002  4.884236128095113E+006
    319  2.859205606905481E+001  6.326781931133402E+005
    320  8.229251733202251E+001  1.524269170609396E+006
    321  3.751708593769384E+001  6.800963093284732E+005
    322  1.754624142054905E+001  3.140690891634163E+005
    323  1.394591913638966E+001  2.308658163673650E+005
    324  3.221185077105486E+001  5.861531992224450E+005
    325  8.160535838940530E+001  1.368822628741042E+006
    326  1.130354016963028E+002  2.667315874608261E+006
    327  4.516091638450039E+001  7.531581462371849E+005
    328  3.608023399439920E+000  6.189109890554402E+004
    329  3.094674870997545E+002  6.440198221723179E+006
    330  3.761849026751791E+002  6.871253894793254E+006
    331  9.973836653250838E+001  1.797738663647327E+006
    332  3.767113243126845E+001  9.068312532134722E+005
    333  1.682751745654388E+002  3.976447065070639E+006
    334  2.381565843361021E+001  4.027952781771229E+005
    335  1.447877353025012E+002  2.653302736320512E+006
    336  4.548783883855797E+001  8.323826351987893E+005
    337  1.579574381047409E+001  2.822144476331316E+005
    338  4.709670491544733E+001  8.747934490432348E+005
    339  1.394665110261364E+001  2.471132132018712E+005
    340  1.314641339847072E+002  3.083504430341123E+006
    341  2.606843726083553E+002  5.027584126465905E+006
    342  4.392843718893331E+000  7.611887633356474E+004
    343  1.070970661446266E+002  2.367896148424243E+006
    344  2.930627471937534E+002  6.991470016048108E+006
    345  2.120534213201170E+001  5.077094720116358E+005
    346  9.472315580187447E+002  2.306191654931287E+007
    347  2.266333785422584E+002  4.180945499274341E+006
    348  1.334404028542563E+002  2.483633494354903E+006
    349  3.263467039843493E+001  7.025023584010947E+005
    350  3.180045741083297E+000  5.732541476537317E+004
    351  3.536245704420170E+001  6.889421015403704E+005
    352  6.006311067272037E+001  1.112382615306058E+006
    353  4.869380820813078E+000  1.008622902307180E+005
    354  4.454556492838289E+000  7.549504593655703E+004
    355  3.834380900328464E+001  7.876338947825864E+005
    356  2.658866077281019E+002  5.674548983498228E+006
    357  6.515345428445029E+001  1.184182437729532E+006
    358  7.495385404366895E+002  1.559328476042620E+007
    359  8.294294814065979E+001  1.959637619107721E+006
    360  2.491698603858963E+001  4.353566659868811E+005
    361  1.603607437017178E+001  2.952151307169877E+005
    362  2.227156455998659E+000  3.203953545218824E+004
    363  6.712271473859116E-001  4.568453277752536E+003
    364  2.899395308080980E+001  6.809590988540703E+005
    365  3.328968414774305E+001  7.078628244962310E+005
    366  4.906512055439402E+000  8.338625325322380E+004
    367  5.450472620542497E+001  1.297020659204436E+006
    368  3.209256431482826E+000  4.812974165481301E+004
    369  2.561041544418775E+001  6.359234589482020E+005
    370  6.562528780952034E+000  1.110129367576219E+005
    371  2.200039053742842E+000  3.447047140658618E+004
    372  1.289428178455726E+001  2.889175588650454E+005
    373  2.300039978943567E+000  4.013830179166031E+004
    374  1.556385087894047E+002  3.692192195033637E+006
    375  9.949007355756114E+000  2.285755165220565E+005
    376  2.076511644867475E+002  5.046643241535818E+006
    377  2.395988087425918E+001  4.855955383498196E+005
    378  1.942337486818907E+002  4.102696350916556E+006
    379  1.597848088494142E+002  3.041109702547632E+006
    380  1.276806572194169E+002  2.699181518350252E+006
    381  8.375478421282524E+001  1.836267524975948E+006
    382  3.795986403200637E+001  6.995189856168072E+005
    383  1.362116139320495E+002  3.175757077638246E+006
    384  3.878118855087520E+003  9.184459546014352E+007
    385  1.473686228482996E+002  2.766966517963469E+006
    386  1.507684720967655E+003  3.192477569388527E+007
    387  3.847541249336776E+002  8.854633122655334E+006
    388  8.812373314334858E-001  1.039079828498226E+004
    389  4.124530905778612E+001  7.493265167957767E+005
    390  1.831155665980133E+003  4.589658013580170E+007
    391  4.788347747885173E+002  1.074321121265241E+007
    392  9.584325279969840E+002  2.224467626593221E+007
    393  2.216093983848759E+003  5.269984715175086E+007
    394  3.657612188897826E+001  7.308993087336702E+005
    395  5.073008508091741E+002  1.225551444261668E+007
    396  9.915285974334181E+001  2.350252647226406E+006
    397  2.397280132643784E+001  5.610269241002215E+005
    398  4.656010642043918E+001  1.049777174773841E+006
    399  1.323324793718144E+002  3.168300915308683E+006
    400  3.494651060400354E+002  7.529608682137690E+006
    401  5.313682615762309E+001  9.507723312858650E+005
    402  4.646331500661946E+002  1.063324197223207E+007
    403  1.477522144490787E+002  2.721088789968655E+006
    404  4.791709209919949E+001  1.080360834183357E+006
    405  2.063975022185232E+002  4.442123235204305E+006
    406  7.496591619600115E-001  1.004273789197482E+004
    407  7.970305881266487E+002  1.950892520436019E+007
    408  2.298218585058938E+000  4.598508049889887E+004
    409  1.293594476125539E+002  2.812273581954388E+006
    410  8.026341855489271E+000  1.681365073679868E+005
    411  8.244930095358264E+001  1.870757913627259E+006
    412  1.138068874814463E+000  1.805261605480241E+004
    413  2.337905726323226E+002  4.358693526270927E+006
    414  1.559446038970711E+001  2.704245219915325E+005
    415  3.306006174312705E+002  6.549095877132163E+006
    416  1.081430563326522E+001  2.226322273929855E+005
    417  6.279047861968407E+001  1.273532320470850E+006
    418  7.044078299121863E+003  1.119769585675396E+008
    419  8.614879287300879E+002  2.096553470244160E+007
    420  1.366828677602246E+001  2.808668223278457E+005
    421  5.911075897623753E+001  1.378014819750789E+006
    422  6.197839879384619E+002  1.055473086756695E+007
    423  5.500484639859817E+002  1.115160570140750E+007
    424  2.451721088966581E+000  4.082765470487007E+004
    425  1.825432465030666E+003  3.024186280399167E+007
    426  3.096296850035725E+002  5.333298334767823E+006
    427  4.076562041766696E+002  9.219682369923128E+006
    428  1.411473179378619E+000  2.404451674139501E+004
    429  2.983821757934700E+000  5.395391936956843E+004
    430  3.273074534055954E+002  7.697720583236133E+006
    431  2.087259563108856E+002  3.653455923210969E+006
    432  5.424073564442057E+000  1.162325782823327E+005
    433  2.216787670112791E+001  5.146509691093249E+005
    434  2.757438618509771E+002  6.486718985331983E+006
    435  5.742703843641485E+000  9.851680667432969E+004
    436  5.379628135177567E+002  1.117986737252460E+007
    437  3.963396705085298E+000  8.087009886904596E+004
    438  7.125905493244766E+002  1.535288467529232E+007
    439  6.769876125512033E-001  6.161791697716436E+003
    440  1.647801393941947E+002  3.850161731811689E+006
    441  6.534691201684202E+000  1.100810761979344E+005
    442  4.910371093227140E+001  1.137165765554486E+006
    443  5.977305287255851E-001  6.671777489507179E+003
    444  2.800904101685154E+001  4.930364972883891E+005
    445  3.045766978835674E+002  5.838757997614994E+006
    446  1.405568575380855E+002  3.174002982660031E+006
    447  3.168424448603827E+000  5.494238784973609E+004
    448  6.219912746131416E+001  1.464722156952790E+006
    449  4.900854194251780E+001  9.439011629597136E+005
    450  3.951518646646199E+002  9.890533885771610E+006
    451  3.627898287212651E+001  7.337460040376214E+005
    452  3.978382631828346E+002  9.722360410220357E+006
    453  6.345643334180688E+002  1.544662761614221E+007
    454  1.163159381234759E+003  2.966976220198080E+007
    455  1.617596058845896E+001  3.614245348851316E+005
    456  3.976075972913171E+002  1.004272418707268E+007
    457  4.305542241012611E+000  6.796088793294645E+004
    458  2.820214768802786E+002  7.118677641597178E+006
    459  8.998911420613639E+001  1.956047205631394E+006
    460  2.308360670044012E+002  5.857796307313114E+006
    461  3.363886728598598E+000  5.731483463172443E+004
    462  4.093130019850522E+002  9.186818604105776E+006
    463  5.137473068258493E+000  8.949811542199868E+004
    464  2.801137289351927E+002  6.433902325090191E+006
    465  6.597991175204691E+000  1.146345944062675E+005
    466  1.051063175191716E+002  2.308370952192554E+006
    467  5.843265129914973E+001  1.260180762530068E+006
    468  1.029882160476223E+002  2.380002731484040E+006
    469  2.819207410871832E+000  4.635975469899728E+004
    470  8.128841306537945E+000  1.444399735178124E+005
    471  5.862659924874105E+000  1.035461593472273E+005
    472  3.158145288107232E+002  7.587041246585204E+006
    473  1.763322572383203E+001  4.020996066480537E+005
    474  1.131118338994176E+003  2.823143961529109E+007
    475  7.899833000594012E+001  1.939948165619695E+006
    476  5.132379335813969E+000  1.020754684203006E+005
    477  1.913575598952662E+002  4.803079161481696E+006
    478  3.190870093828818E+001  7.601889157352761E+005
    479  5.537762606868120E+002  1.345598375545075E+007
    480  5.657604309242790E+001  1.273194371991972E+006
    481  7.665089702948271E+000  1.251800286649653E+005
    482  7.203363623176040E+001  1.720214532636454E+006
    483  1.191475067391353E+002  2.758065634582834E+006
    484  8.250587919421832E+000  1.667238918785555E+005
    485  2.323435853759094E+002  5.640346988187575E+006
    486  1.829593245873535E+001  2.894095269404227E+005
    487  1.881827245337285E+002  4.744004020831113E+006
    488  1.982738543942412E+000  2.909194182705422E+004
    489  1.207922222700660E+002  3.011998386348042E+006
    490  8.258265111943441E-001  1.366112568603199E+004
    491  8.974732074266736E+001  2.180144342429807E+006
    492  1.688690367859734E+002  3.342451622520143E+006
    493  4.895913598827500E+001  8.927290673104416E+005
    494  8.488949659424020E+001  1.981289526787169E+006
    495  1.120927973239038E+002  2.592838511619081E+006
    496  1.547152643624448E+000  2.591305707187052E+004
    497  7.292139532326718E+001  1.609891220080260E+006
    498  5.477604045934567E+001  1.279558944034738E+006
    499  4.089852615297557E-001  3.106474513014744E+003
    500  8.280040948372054E+001  1.977767772029677E+006
    501  4.660740392581645E-001  4.798836256483776E+003
    502  1.904892151941965E+001  3.441676645615477E+005
    503  3.373099265249920E+002  8.299818430297267E+006
    504  2.129186655746959E+002  4.982725729044429E+006
    505  1.418730491291965E+002  3.524578125326506E+006
    506  1.778211325409358E+000  2.781854925770665E+004
    507  2.757636367275768E+002  6.253829456501412E+006
    508  3.976668424251930E+000  7.933418680513093E+004
    509  2.875476031238287E+000  6.008084862050268E+004
    510  2.361157302866324E+002  5.764248281697858E+006
    511  1.103831789347379E+001  2.386564737129036E+005
    512  3.193198874516131E+002  7.864011361456674E+006
    513  6.773612794456969E+000  1.412335857305682E+005
    514  8.061272300638737E+001  1.926200876065252E+006
    515  2.148125579994307E+001  4.235523980926636E+005
    516  3.024195177729441E+001  6.885466660238296E+005
    517  5.100170318625216E+001  1.261478169063383E+006
    518  1.350798813367254E+002  3.350978974119716E+006
    519  1.342380503602469E+002  3.385810647789859E+006
    520  8.906773162946375E-001  1.424156557869607E+004
    521  1.721639318636424E+001  3.077721713702240E+005
    522  7.189088180161138E+000  1.490129205019952E+005
    523  5.144895672023959E+001  1.201869691343459E+006
    524  3.619602197215743E+002  9.237643696904855E+006
    525  1.985862485926719E+001  4.490184223712094E+005
    526  1.072362787457488E+001  2.066840795318740E+005
    527  1.364968235160133E+002  3.451962676371251E+006
    528  1.662274726069300E+001  3.162028218030558E+005
    529  8.658322784153595E+000  1.595141840644309E+005
    530  1.820815212142453E+002  4.404310654701338E+006
    531  1.882028992639768E+002  4.046744561201584E+006
    532  4.098975076232071E+001  9.511789599365597E+005
    533  5.230615549321513E+001  1.225094837774848E+006
    534  3.193835668755082E+001  7.274925750497467E+005
    535  1.504361912558848E+003  3.476483731692681E+007
    536  2.887532641231596E+002  5.192975138443135E+006
    537  3.234057069514857E+003  7.421477323106258E+007
    538  3.253523905422035E+002  5.754445249270667E+006
    539  3.147451308181578E+003  7.461901358364789E+007
    540  1.684299564720581E+002  3.652765217844486E+006
    541  4.424691249111378E+001  1.091534302261310E+006
    542  1.838819156233390E+001  3.394103484202604E+005
    543  5.275891451071596E+001  1.089820336675945E+006
    544  1.031874667762678E+003  1.904203050221873E+007
    545  6.724465708381635E+001  1.581872734804229E+006
    546  1.490114466690542E+003  2.733941506786823E+007
    547  1.988868791601389E+004  3.663221693121009E+008
    548  4.997509771196314E+001  9.319633244267347E+005
    549  8.987602841488555E+002  1.631132118018118E+007
    550  3.010099208578253E+002  7.124730195828803E+006
    551  1.230466112005199E+003  2.151737271138076E+007
    552  1.226337580746928E+003  1.877585291410875E+007
    553  1.408864950678681E+002  2.858383758908651E+006
    554  7.255334376472906E+002  1.347462980647233E+007
    555  2.086804902529718E+001  4.279760403082255E+005
    556  4.245354532081691E+000  6.606980074289704E+004
    557  1.053136868123918E+002  2.119951153785837E+006
    558  1.002317722549756E+001  1.948619515226292E+005
    559  1.314132558369132E+002  3.102109009250971E+006
    560  4.628722439807117E+001  8.602135929739313E+005
    561  8.650375478748355E+000  1.888439296723490E+005
    562  7.078139134122516E+000  1.052518554985329E+005
    563  2.849249746032005E+003  5.505308382953752E+007
    564  7.886547454695574E+001  1.389485996459184E+006
    565  1.998231292023037E+001  3.960068522359974E+005
    566  3.755292348993288E+003  6.781859696013887E+007
    567  8.185005463471846E+000  1.493217649495371E+005
    568  8.325760233811657E+001  1.837801260603828E+006
    569  4.567512990893096E+000  8.506677543119811E+004
    570  2.926599424193353E+002  5.159380158678537E+006
    571  1.560132410102098E+001  2.903546357968728E+005
    572  5.433870338214206E+001  9.895877548088687E+005
    573  2.375598851175330E+001  4.421643869858000E+005
    574  2.608232051288669E+000  5.555056571081372E+004
    575  2.022899219912702E+002  4.393364087150207E+006
    576  7.060326835804405E+001  1.078157058325423E+006
    577  1.240588001316015E+001  2.309106733068892E+005
    578  1.002772045106154E+001  2.114829533690364E+005
    579  4.526411364398544E+000  9.151050721956074E+004
    580  7.136484572084785E+001  1.522453588197852E+006
    581  2.823940980193601E-001  5.018817157504624E+003
    582  4.700595960576843E+001  1.057481018303791E+006
    583  6.940112651742940E+000  1.229153583296231E+005
    584  1.364614872566997E+001  2.604688165183295E+005
    585  4.637713206270906E+001  1.065000154466636E+006
    586  2.589430668456327E+000  4.080967715332742E+004
    587  2.635364627446350E+001  6.229690490470295E+005
    588  3.891271874061781E+002  9.096102794260236E+006
    589  7.283920296436572E+000  1.270541796551855E+005
    590  1.363067860042983E+000  2.215116668218434E+004
    591  2.373087255701097E+000  4.135719147572462E+004
    592  1.615708722063164E+002  3.933753745304348E+006
    593  1.102107338755271E+002  2.654550831847287E+006
    594  9.807491187299435E+000  1.820055323477089E+005
    595  5.573023105227437E+000  9.542584095041599E+004
    596  7.048781396903613E+000  1.318357455667460E+005
    597  7.970306407595542E+000  1.938565624003844E+005
    598  2.732950852500763E-001  3.331760427895308E+003
    599  8.562123914371674E+001  2.124326779257496E+006
    600  2.686485659364020E+001  6.758491770128434E+005
    601  2.838949269502679E+000  5.517097195778030E+004
    602  1.112225262636679E+002  2.644799029484799E+006
    603  9.396262154103593E-001  1.914714580016590E+004
    604  4.547867580736555E+001  9.214162370049101E+005
    605  1.221163244752395E+001  2.220299602595860E+005
    606  3.234426498059095E-001  4.910975890464425E+003
    607  8.518583118158949E+000  1.946438194448164E+005
    608  3.723261450355692E+000  6.824061915912091E+004
    609  3.068284464458849E+001  7.187085055307517E+005
    610  7.173229348729473E+000  1.338077547587008E+005
    611  8.134572427492783E+000  1.900466601609975E+005
    612  2.424603624119263E-001  3.721898716173149E+003
    613  9.386489452588518E+001  2.162264663055242E+006
    614  8.535639646611484E-001  1.488241911156340E+004
    615  4.103577383280041E+001  9.990759269720219E+005
    616  8.646688268546978E+000  1.635062603627646E+005
    617  2.472349639650694E+001  5.876185784314665E+005
    618  5.039373074033784E+001  1.140799388637063E+006
    619  1.913652787342874E+000  3.473230788905401E+004
    620  1.000131734574660E-001  7.257928843984586E+002
    621  2.796661870474597E+001  6.602136889373161E+005
    622  5.680291958103384E+000  1.025958353007207E+005
    623  1.896563206140371E+001  4.417972493389404E+005
    624  6.434391090082015E+000  1.165714335371254E+005
    625  1.808117083881929E+000  3.033639742245646E+004
    626  6.872982422822399E+000  1.628924993295535E+005
    627  1.612666194141830E+000  2.794718742449277E+004
    628  3.210452189285887E-001  4.147996534173642E+003
    629  2.328386505985684E-001  3.424794699066826E+003
    630  4.512651664304289E+000  9.630166288084419E+004
    631  4.016720869818628E+000  9.474931168452975E+004
    632  5.889897416816417E+001  1.445451623779240E+006
    633  3.480603589313723E+000  6.046046903709118E+004
    634  2.566493810430021E+000  4.626072614402878E+004
    635  7.535583188335269E+000  1.596498072717588E+005
    636  9.020060185037293E+000  1.742068438951853E+005
    637  5.085444258259568E+000  1.154373664415164E+005
    638  3.610837528517098E-001  6.013392155181890E+003
    639  1.896817635942080E+001  4.119638378371862E+005
    640  1.869102475571220E+000  3.747821165814379E+004
    641  5.421808280083789E+000  1.011301402620634E+005
    642  1.524764706294628E+000  2.564717327765882E+004
    643  1.338530471314404E+001  2.920705894339336E+005
    644  1.012243654786812E+000  1.666268816335403E+004
    645  1.045355878391870E+001  2.468148009087311E+005
    646  4.425118478329320E+000  9.331939963271837E+004
    647  9.460803246142216E-002  6.770575890471340E+002
    648  1.639456210185634E+000  3.051367172211496E+004
    649  1.921780121781451E+001  4.691967701676220E+005
    650  9.814672927223354E+000  2.385000537809971E+005
    651  1.452017705624240E+000  2.556418296403041E+004
    652  7.711043930013302E-002  2.573514424692465E+002
    653  5.169635264815879E-001  9.196025037433834E+003
    654  3.471557861664114E+001  8.276458056881091E+005
    655  1.976048287996164E+001  4.854112955549401E+005
    656  5.454468384530402E+000  9.787540412918141E+004
    657  1.884618925146656E+000  3.376427333695059E+004
    658  2.260159069161796E+001  4.924380569108115E+005
    659  2.391763875675552E+001  5.680116859967788E+005
    660  1.629173626562100E+000  2.901597963198676E+004
    661  4.067538472421083E+001  9.873374847533558E+005
    662  5.894513065511526E-001  1.046895869115255E+004
    663  6.139526560187107E+001  1.483741766258508E+006
    664  1.076564072967555E+000  1.972034903550965E+004
    665  2.215050462781341E+000  3.879802338830700E+004
    666  1.678428629242551E+001  3.395239374230537E+005
    667  2.256426206287594E+001  4.768435440193529E+005
    668  1.383658639233530E+000  2.671763812212304E+004
    669  5.411275103968217E+001  1.299008801048857E+006
    670  4.395108388939848E+000  8.078623398311932E+004
    671  1.134330737503990E+001  2.787648726736208E+005
    672  7.897998307013715E+000  1.406996875907186E+005
    673  6.098519817877625E+000  1.270490791748622E+005
    674  8.681659998684303E+000  1.584882889097781E+005
    675  4.929509205938367E+000  1.193806626264338E+005
    676  5.685518775043302E+000  1.261323111801869E+005
    677  1.403805217943531E+000  2.370145165409811E+004
    678  3.504801313626363E+001  8.043688628729475E+005
    679  1.940945169993092E+000  3.515077877550686E+004
    680  8.123690366585620E+001  1.839510859983214E+006
    681  3.288186455042766E+001  7.359331266472087E+005
    682  4.786837184979195E+000  8.642787708296337E+004
    683  2.383158683953276E+001  5.578887517034928E+005
    684  4.410824419760734E+000  7.895010573223435E+004
    685  1.617842371198575E+000  2.966852427982664E+004
    686  2.868529906809237E+001  6.477793529440097E+005
    687  4.367368440630086E+001  1.019919479460411E+006
    688  7.320987283138274E-001  1.199315920203402E+004
    689  3.548174669716849E+001  8.345067392648006E+005
    690  2.533337064490523E+001  5.764981896098173E+005
    691  4.033288405511716E+001  9.103916230039388E+005
    692  2.094975086570422E-001  2.518311873497873E+003
    693  5.171904494684657E-001  9.294971198295922E+003
    694  6.709397194623280E+001  1.502096031364546E+006
    695  4.551190123316519E+000  8.320609943005625E+004
    696  1.292374403252808E+000  2.266562347218966E+004
    697  4.430483817072039E+001  9.517513258860400E+005
    698  1.137946324343203E+002  2.494056140023503E+006
    699  1.390481869771420E+000  2.496997730626554E+004
    700  1.740400312033692E+001  3.613613535190213E+005
    701  1.413918591598075E-001  1.275308251551773E+003
    702  9.872553207470830E+000  2.092043633968008E+005
    703  7.333942603579312E-001  1.177048932675197E+004
    704  1.362078311657598E-001  1.244398838982532E+003
    705  8.656195329413393E-001  1.393788123628869E+004
    706  3.046787682211443E+001  7.379105036331271E+005
    707  1.578344328553542E+000  2.751057899202377E+004
    708  5.175009786351467E+001  1.147814972811302E+006
    709  2.708090666172093E+000  4.968449488669131E+004
    710  7.454455605507552E+001  1.782943972076017E+006
    711  8.257326948378486E-001  1.601317118093470E+004
    712  9.486834281852533E+001  2.266748173339406E+006
    713  6.023049606728259E+000  1.106447341494039E+005
    714  1.032213117320642E+000  1.795337492078102E+004
    715  1.094687988548226E+000  1.929086383368668E+004
    716  4.309989930208992E+001  9.721356861745227E+005
    717  5.471806182769679E+001  1.305614076497148E+006
    718  1.726123624431676E-001  2.608946762921945E+003
    719  3.536266824864863E+001  8.070401042672177E+005
    720  2.290849914515955E-001  2.971334961496460E+003
    721  1.546213250240772E+001  3.770153821495824E+005
    722  1.179194739466740E+000  2.167867214519366E+004
    723  4.560065839373337E-001  9.859196210444543E+003
    724  3.551119497062296E+001  8.827357373753834E+005
    725  1.813395843141045E+002  4.206577763328810E+006
    726  3.331131471930666E-001  5.037687948471054E+003
    727  5.549065066677512E+001  1.314424992099723E+006
    728  5.518832669656337E-001  8.936450585248416E+003
    729  4.913130640389701E-001  7.602788563229690E+003
    730  2.192517867668364E+001  4.839708701553301E+005
    731  1.683060425849458E+001  4.081596899221865E+005
    732  1.503077236829758E+000  2.438020534736013E+004
    733  1.823595777432733E+001  4.409746449010368E+005
    734  1.127498374339591E-001  1.046226221092842E+003
    735  6.982635292133093E-001  1.487541503663471E+004
    736  1.558568453181915E-001  1.749057254718821E+003
    737  4.701485860653603E+000  1.124730444860610E+005
    738  1.789651234716448E+001  4.273142136781106E+005
    739  1.018564763453261E+000  2.124633673872343E+004
    740  3.588987854738717E-001  7.374254687950164E+003
    741  7.832060120132249E+001  1.959193730051567E+006
    742  2.301354799596703E+001  5.048877315654823E+005
    743  1.430496675394672E-001  1.975899797441556E+003
    744  2.390222065626688E+000  4.249998013315417E+004
    745  3.622534843865923E+001  8.357953230674762E+005
    746  1.306628530495800E+001  3.107104712862886E+005
    747  6.295860537942269E-001  1.194277603659899E+004
    748  1.074172043752130E+001  2.670353600786342E+005
    749  2.076674490921777E+001  4.731959171250698E+005
    750  2.979272884291514E-001  4.735048711009620E+003
    751  1.320944299126205E+001  3.242457596590141E+005
    752  1.063974050319898E-001  8.245864575455730E+002
    753  2.857596054836938E-001  4.502170062842748E+003
    754  1.217770705546636E+000  2.215363909825099E+004
    755  1.565086948564054E+001  3.756205780933952E+005
    756  1.525793352618803E+001  3.484937500368213E+005
    757  1.000745510039283E+001  2.137220290928023E+005
    758  1.009405038995469E+000  1.719225854105374E+004
    759  1.590043509521935E-001  2.258795651572994E+003
    760  1.513526333549459E+001  3.706817552144392E+005
    761  8.151487263198315E-001  1.379777661949978E+004
    762  2.842582511136732E+001  6.820023750160681E+005
    763  3.397744549147223E+001  7.993733555314410E+005
    764  9.058958692249154E-001  1.619710498928947E+004
    765  1.326833646731108E+002  3.216829557689013E+006
    766  8.215026139246051E-001  1.648068968325190E+004
    767  1.002192738640596E+000  1.701855308736342E+004
    768  8.103806893397004E+001  1.854696211630671E+006
    769  5.733241168822630E+001  1.372038647500221E+006
    770  1.365010952312906E+000  2.401332852248761E+004
    771  2.383942206223690E+001  5.775258644182142E+005
    772  5.977230501179877E+001  1.371959219486658E+006
    773  1.586139023776788E-001  2.018837109420168E+003
    774  2.093801354800017E+001  4.201052689604503E+005
    775  2.175831185549291E-001  3.929876539366511E+003
    776  4.730337164721253E-001  7.108316821057434E+003
    777  1.972608374742080E+002  4.895587932835585E+006
    778  1.424860172192005E+002  3.490320654553012E+006
    779  4.779729500487015E-001  7.992715151208017E+003
    780  2.090354666098064E+001  4.997779896370308E+005
    781  1.607807750177381E+000  2.949913982444450E+004
    782  2.186493828929039E+000  3.907729553598864E+004
    783  1.796065619487445E+002  4.379258618402296E+006
    784  6.268549592337902E+001  1.460445880518390E+006
    785  1.825543632289890E+002  4.440957953144071E+006
    786  1.082941318634130E+000  1.908233794241374E+004
    787  3.117376765140691E+000  5.698193862007588E+004
    788  3.233356280643108E-001  5.197680102296628E+003
    789  2.972036954421068E+001  7.036003481354570E+005
    790  2.440221990269012E+000  4.445285949785834E+004
    791  7.102221975071384E+001  1.704385877058647E+006
    792  1.173889662438631E+000  2.364595127823777E+004
    793  1.956371947054937E+001  4.602437724893421E+005
    794  1.371068738829710E+000  2.358552398982813E+004
    795  5.166464555600779E+001  1.294787644313562E+006
    796  8.850145396472474E+000  2.015049005950680E+005
    797  1.517332799594928E+001  3.739728181466255E+005
    798  3.154485094678885E-001  5.703616238159128E+003
    799  2.792137649845965E+001  6.461465494680749E+005
    800  3.902637405628136E+000  7.564098367402481E+004
    801  1.472671734507419E-001  2.178516260515304E+003
    802  3.501337071074129E+001  8.150471041203868E+005
    803  1.520446319479484E+001  3.709953382829637E+005
    804  1.890053504681019E+000  3.389718983052084E+004
    805  6.424114402413306E-001  1.154249441381594E+004
    806  1.194240203856771E-001  1.095084019499917E+003
    807  4.342510901452166E+001  1.017739449043675E+006
    808  1.443456054478023E+001  3.506852561401410E+005
    809  1.103175675042432E+000  1.912307512869934E+004
    810  1.344891626479775E+002  3.400576195346402E+006
    811  2.684535472924752E-001  4.438700655913498E+003
    812  2.658624512924650E+001  6.642130451841370E+005
    813  1.711718302218028E+002  4.259028640755345E+006
    814  1.837058585749979E-001  2.274702086085800E+003
    815  2.406750684721630E+000  4.737899199273971E+004
    816  1.819819945685356E+002  4.574918685443947E+006
    817  7.339404000830227E+001  1.835739511980116E+006
    818  6.270207617867578E-001  1.193437944165144E+004
    819  3.721818734043019E-001  7.416101808024768E+003
    820  2.063313578602492E+001  4.908780789370203E+005
    821  2.874267127347747E+001  6.815019820066282E+005
    822  1.912863856368262E+001  4.621004356850568E+005
    823  8.111427869594634E-002  6.174101625602422E+002
    824  2.770600322651798E+001  6.854002492625434E+005
    825  3.821151121861764E+001  9.432478048582310E+005
    826  4.580080952906875E+001  1.101940584605843E+006
    827  1.190921839729158E+001  2.809980223226364E+005
    828  9.186751175112644E-001  1.751573392135079E+004
    829  8.102857597306601E+000  1.959096993941709E+005
    830  3.838018852933326E-001  7.155861789715473E+003
    831  1.787539255698023E+001  4.205806596537090E+005
    832  2.093525230385717E+001  5.027774765065287E+005
    833  1.028179472389528E-001  1.077854517301329E+003
    834  3.199239215645412E-001  4.880446924967800E+003
    835  1.575137080177703E+001  3.572046102495074E+005
    836  5.570899265943152E+001  1.362379144455428E+006
    837  7.508475420298767E-001  1.737843987977872E+004
    838  9.918377616864477E+000  2.228371860717436E+005
    839  3.854040156287102E-001  6.384536142674232E+003
    840  7.572772578985852E-002  3.786221119640210E+002
    841  1.473484993414811E-001  1.639229565578771E+003
    842  7.882186781447457E+001  1.950322478878346E+006
    843  1.123912769838882E+001  2.598322833242413E+005
    844  4.194687840182510E+001  9.823433718059743E+005
    845  2.004301790833089E+000  3.861343773235335E+004
    846  1.280713304452302E+000  2.197013535733285E+004
    847  2.847879336041799E+001  6.589685822767077E+005
    848  5.211160855299882E+001  1.142414675853716E+006
    849  1.292327501788998E+000  2.341810715669984E+004
    850  8.731210657796074E-002  6.040752344928213E+002
    851  1.348503251391068E+001  3.025894609934207E+005
    852  1.627136936623779E+000  3.179765538275459E+004
    853  1.310802933357492E+001  3.244942242731656E+005
    854  4.129508742184824E+001  1.028218959112514E+006
    855  1.729398412760901E+001  3.933266220981667E+005
    856  5.042720238107747E-001  1.101488850933388E+004
    857  3.523003668417213E-001  6.872239775781004E+003
    858  4.073236974060545E+001  1.015532006399329E+006
    859  1.022610847764123E+000  2.002009661905051E+004
    860  2.088425567642853E+001  5.231845000658629E+005
    861  4.156267010217921E-001  8.568316773920717E+003
    862  1.507925055052267E+000  2.650325146818394E+004
    863  2.502208051665009E+001  6.304221801960439E+005
    864  1.167514945073728E-001  1.454836957669130E+003
    865  1.645208794287026E+001  4.111028134423367E+005
    866  4.150018630061621E+001  9.417933790276023E+005
    867  4.522751389121056E-001  9.122767203302612E+003
    868  3.352778043721445E+001  8.156083504554451E+005
    869  1.336671547695420E-001  1.695908983945087E+003
    870  1.381476700074440E+002  3.164772454980746E+006
    871  1.152909307944672E+001  2.583575499553891E+005
    872  1.449419169263720E-001  2.429972352407821E+003
    873  1.476520868297483E+001  3.530716621656194E+005
    874  1.279359442196324E-001  1.387826920823180E+003
    875  2.867837187786903E+001  6.179177228700063E+005
    876  3.501174711629410E-001  5.673850171773664E+003
    877  3.641864470528289E+001  8.296960143120255E+005
    878  3.507395466348909E-001  5.268206589685567E+003
    879  2.723208427495226E+000  5.462385690049432E+004
    880  1.034655170212005E+001  2.303494908445138E+005
    881  8.423074154760136E-002  9.133362639244248E+002
    882  4.533912925692999E-001  8.442030056694199E+003
    883  3.972155214344453E+000  9.416315575745916E+004
    884  9.673512530729839E+000  2.254482641326278E+005
    885  5.077607724665756E-002  7.575098084805401E+001
    886  4.006090808610866E+001  9.538880002529690E+005
    887  2.168861948054911E+001  4.913303481673735E+005
    888  4.077514597497895E-001  6.542336638027900E+003
    889  9.252124390193613E-002  1.121035390080961E+003
    890  2.998360477809126E+001  7.328990133796878E+005
    891  2.061894795150181E-001  4.044803385331748E+003
    892  3.172329725378481E+001  7.450306593445656E+005
    893  1.139983448983113E+000  1.972785052514439E+004
    894  5.761413922008829E+000  1.231783687655939E+005
    895  5.512329722250196E+001  1.377690500544966E+006
    896  7.326009893978171E+000  1.587698923316802E+005
    897  7.949653543972974E+001  1.841446328359403E+006
    898  5.680662620279395E+001  1.300067463550925E+006
    899  7.905416888569666E+000  1.474614980192196E+005
    900  3.944744163122552E-001  7.196750650777581E+003
    901  7.066584612181990E-001  1.148893892092806E+004
    902  6.887889160639530E+001  1.708311586960721E+006
    903  1.352981183570003E+001  2.638006777674432E+005
    904  1.898182687891401E-001  3.206400274343524E+003
    905  6.225698169302628E+001  1.371441990568619E+006
    906  3.143348584481941E-001  5.840490228805541E+003
    907  1.783469389678779E+001  4.141456890022392E+005
    908  7.963668054755279E-001  1.287251858274190E+004
    909  5.486660548396946E+001  1.378671591685132E+006
    910  3.728837590606645E+000  6.662142279286355E+004
    911  1.121785969006023E+002  2.550389889935996E+006
    912  2.784533868409666E-001  4.492440979243943E+003
    913  2.842706926125521E+000  6.449942031853987E+004
    914  9.249145422251119E-002  9.296934617546225E+002
    915  1.763296794194548E+000  3.404095044435391E+004
    916  9.783278115170075E+000  2.359847118477655E+005
    917  1.326591754822712E+001  3.053053506647709E+005
    918  4.188830433285855E+001  1.041622120246033E+006
    919  1.316492842609931E+001  2.806170726727205E+005
    920  6.126153736360074E-001  1.037620098953294E+004
    921  6.214738258082134E+000  1.469120421422007E+005
    922  2.603301980037112E+000  5.193082892637954E+004
    923  2.284353187458228E+000  4.382501480905507E+004
    924  7.423486592441203E+001  1.787116669377154E+006
    925  4.003056039512576E-001  6.301948833995608E+003
    926  4.007333635792232E+001  7.731028449287331E+005
    927  2.321976997076592E+000  4.254785037507964E+004
    928  8.545154502197033E+001  1.946784169749570E+006
    929  1.020923778067351E+002  2.337892347200025E+006
    930  1.031232875006149E+002  2.315995643676674E+006
    931  9.450634746537656E-001  1.706453868416934E+004
    932  9.128059590674901E+000  2.031322770010185E+005
    933  9.028160792049542E-001  1.732211603985540E+004
    934  6.643881332458200E+001  1.652503329703896E+006
    935  3.923247455731567E-001  6.338667064716308E+003
    936  1.089638239033458E+000  2.430328137807877E+004
    937  9.331434206138886E+001  2.081859280906491E+006
    938  2.003893785989546E+001  4.889039009001688E+005
    939  6.087080557273736E-001  1.009518158049758E+004
    940  2.342670621926867E+001  5.494589857228331E+005
    941  4.534876616668769E-001  9.466415164638480E+003
    942  1.992982137820952E+001  4.811449739866233E+005
    943  4.876852625146174E+000  1.159549919630655E+005
    944  1.562322093634334E+001  3.649835296261141E+005
    945  1.563292265099068E+001  3.604690705448279E+005
    946  1.910247086908374E-001  3.111938271905436E+003
    947  5.380850753629097E+001  1.233936115591109E+006
    948  2.331621125578916E+001  5.578679924706394E+005
    949  1.393825580967284E+000  2.676171562422209E+004
    950  1.199516373117780E+001  2.684867013816435E+005
    951  8.428723626308234E-001  1.647363132506036E+004
    952  3.929369341358629E+001  8.773944234517749E+005
    953  1.662438829020915E+000  3.653405208913339E+004
    954  1.324517040754205E+002  3.370037061806506E+006
    955  5.009855005142540E+001  1.274602066172797E+006
    956  5.105393769366581E-001  1.196142281355742E+004
    957  6.837819347493674E-001  1.210117310697203E+004
    958  3.907330747099326E+001  9.877758860084648E+005
    959  3.120102757923857E-001  5.605304711215703E+003
    960  2.663480608144241E+001  6.691566060611410E+005
    961  6.037985815250029E-001  1.088632005555310E+004
    962  1.410521999946967E+001  3.273293366171283E+005
    963  1.999140156384456E+000  3.616740056220553E+004
    964  6.257622638191870E+001  1.570618907929710E+006
    965  1.673286529225707E-001  3.176456754255998E+003
    966  1.449797457146386E+002  3.651889211581705E+006
    967  1.111529982289518E+001  2.350661954814666E+005
    968  1.703714911666881E+001  3.818381970149584E+005
    969  1.377855557800088E-001  1.986215220647128E+003
    970  7.287755820522155E+001  1.752813915387416E+006
    971  1.851537305172986E-001  3.202518382231504E+003
    972  1.955210605207778E+001  4.828051493517163E+005
    973  7.582312532738608E+001  1.709240599055187E+006
    974  2.712163363135294E-001  4.505440415746493E+003
    975  6.293274132749360E+000  1.433795600514569E+005
    976  1.594202035377837E+001  3.894763344161892E+005
    977  5.202737040767839E+000  1.123480311352845E+005
    978  1.749415294576587E+000  3.983930455516295E+004
    979  2.811479046638517E+001  6.351910629191875E+005
    980  5.170688573665955E-001  1.006546670719264E+004
    981  7.424707651503761E+001  1.880770406399246E+006
    982  1.567919018898172E+000  3.240300854531124E+004
    983  7.928075631968533E+000  1.758923952890788E+005
    984  8.488974270584823E+000  1.936236324432325E+005
    985  1.206710072797176E+000  2.467184867021960E+004
    986  1.299387758216100E+001  3.234037601114819E+005
    987  4.922105650093564E-001  8.278265712785094E+003
    988  8.532740947023964E+000  2.070722880840981E+005
    989  7.002558205752277E+001  1.761865905954496E+006
    990  9.360081687761073E-001  1.564539622145336E+004
    991  1.581886994948077E+002  3.949557586552263E+006
    992  4.110728549734079E+001  9.162128907322293E+005
    993  4.187196969022752E-001  8.641350806261289E+003
    994  1.509175477967035E+000  2.585655150847630E+004
    995  2.321894954665442E+001  4.282568451441040E+005
    996  2.872334249596410E-001  6.102307086973692E+003
    997  7.916134645232303E+001  1.955551381447901E+006
    998  1.473811227378192E+002  3.439109355844308E+006
    999  6.565205636853821E-001  1.582434653613826E+004
   1000  6.852224172197403E+001  1.594859708521544E+006
   1001  1.821666488629431E+002  4.390009624217241E+006
   1002  2.003337361336614E+000  4.335937671103527E+004
   1003  5.104777384886849E-001  9.655746814245280E+003
   1004  1.895400306006277E+000  3.320231868394927E+004
   1005  2.867300949433105E+001  6.837602768361314E+005
   1006  1.240782376421762E+002  2.845383511884101E+006
   1007  2.197340572563643E-001  4.134943550737594E+003
   1008  5.200037020976075E+001  1.147985355289428E+006
   1009  5.996962854998025E+001  1.328428157233106E+006
   1010  1.017640311275814E+000  1.858521051518534E+004
   1011  2.588996059377074E+001  5.545551559939211E+005
   1012  5.045746599200981E-001  9.091118978243912E+003
   1013  2.108663950826167E+001  5.075476654741826E+005
   1014  1.439916042827189E+001  3.007540059250724E+005
   1015  3.424889720138828E-001  7.824332695101075E+003
   1016  6.197042600025969E+001  1.504775962309304E+006
   1017  1.099811496399101E+000  1.836604351702312E+004
   1018  6.402124057757852E+001  1.548298471027409E+006
   1019  6.368166174014872E-002  6.491079988281314E+002
   1020  8.889557504149090E+001  2.229204639112975E+006
   1021  1.877201701504855E+001  4.628470184765736E+005
   1022  4.280000465756134E+001  1.058706265777480E+006
   1023  3.156075444110057E-001  4.657871020659887E+003
   1024  1.723367309164099E+002  4.213906859675848E+006
   1025  5.700489774751782E-001  1.012313009602132E+004
   1026  6.875043021157140E+001  1.592077512256380E+006
   1027  1.059520393758369E+002  2.480285519117413E+006
   1028  2.092112434510434E+000  3.706097916979694E+004
   1029  1.486292767529544E+002  3.024124967925016E+006
   1030  7.024749050443357E-002  7.588005127482938E+002
   1031  7.267002829610347E+001  1.713545326143069E+006
   1032  4.463608830320436E+001  9.822344989919442E+005
   1033  1.244404515648838E+002  2.485273149281127E+006
   1034  3.250996895812976E+001  7.757659624782313E+005
   1035  1.127367451145366E+000  1.920780630961991E+004
   1036  1.456056282500474E+002  2.665291736080701E+006
   1037  1.828605279315211E-001  2.818218699007254E+003
   1038  6.236732292874756E+002  9.967410295574265E+006
   1039  5.913605933560460E+002  1.189130786021389E+007
   1040  2.783654469926821E+000  5.241395550891373E+004
   1041  6.094245352337732E+002  1.001079995441831E+007
   1042  3.938196155025421E+002  9.732454349719172E+006
   1043  1.241068681158933E+000  2.068375940321320E+004
   1044  2.754853966815683E+002  6.387496143601236E+006
   1045  2.033286453680120E+002  4.954025443249402E+006
   1046  5.873768434404525E+000  1.177888238307416E+005
   1047  9.295224971241179E+002  1.514555945634446E+007
   1048  7.717520992202942E+002  1.556858415540206E+007
   1049  1.004214975141964E+000  2.168442378299266E+004
   1050  1.980451909164223E+002  4.524002264139363E+006
   1051  1.267708350152122E+000  2.119489119433528E+004
   1052  9.717185628641314E+002  2.170197798000964E+007
   1053  1.876132925547247E+002  3.737407542385018E+006
   1054  8.012897980246318E-001  1.423050699887100E+004
   1055  2.533050646658425E+002  6.099375089718316E+006
   1056  2.115679200284830E+000  4.997317690129860E+004
   1057  2.005405445368835E+002  4.634991850093655E+006
   1058  3.770042065590140E+002  8.366261020833244E+006
   1059  3.291596827031323E-001  6.755237903350466E+003
   1060  9.439334972149386E+002  2.131546053162466E+007
   1061  1.602217168621308E+002  3.301178258037811E+006
   1062  2.375115619999536E+002  5.334266266357616E+006
   1063  4.530400272715726E+000  8.826704803574561E+004
   1064  6.614195572307854E+001  1.387031802281844E+006
   1065  1.616837708308746E+000  3.102487020822102E+004
   1066  3.129793842302108E+002  7.737480094861972E+006
   1067  5.553079106781379E+002  1.293847683986544E+007
   1068  2.824598316172296E+000  5.124970524968187E+004
   1069  1.009272528029965E+003  2.022464650275175E+007
   1070  7.079594594252701E+003  1.553674993210339E+008
   1071  4.510898756599906E+002  1.064086706648002E+007
   1072  1.420772027597189E+003  2.563146754023761E+007
   1073  4.455778718501026E-001  8.640069801432675E+003
   1074  2.043365151996634E+003  4.832283792430351E+007
   1075  1.963784509811923E+002  3.596368293539343E+006
   1076  3.457582161106611E+001  8.232961769627221E+005
   1077  9.181188542008524E+000  2.027053780680081E+005
