# dt =   1.000000000000000E-005
# j, New nj, Rate of change (1/s)
      1  1.485240773804421E+002  1.828933484727236E+006
      2  5.422232357968118E+003  6.695564536254629E+007
      3  1.423009554146820E+002  1.558554540599624E+006
      4  3.368219068399049E+002  3.557838010551118E+006
      5  7.538899462060629E+002  7.565047014875983E+006
      6  9.640692599389072E+001  9.996277163563794E+005
      7  7.413077304365605E+003  7.434181118476756E+007
      8  3.781066894221820E+003  3.783938893132300E+007
      9  1.875333705982273E+003  2.185479141061288E+007
     10  1.924631877877311E+003  1.768855803579073E+007
     11  3.883323203164946E+002  3.892653598263504E+006
     12  3.444473047417557E+002  3.508194401979964E+006
     13  1.999682897022382E+001  1.935568230040595E+005
     14  1.332788955076368E+002  1.431391346785171E+006
     15  1.697658750358412E+001  1.592147408289048E+005
     16  1.091004222287459E+003  1.319976979743375E+007
     17  2.771297420488454E+002  2.949865457024407E+006
     18  1.265378061864584E+003  1.267025090674624E+007
     19  1.375073148201770E+001  1.205531435754898E+005
     20  3.366530018447166E+002  3.282682578669721E+006
     21  4.866990177926062E+001  4.573654829682856E+005
     22  3.241479525741651E+002  3.640077375601303E+006
     23  3.859144772781123E+003  3.887021754134317E+007
     24  2.888845178676676E+003  2.894132837379124E+007
     25  1.341111467279950E+001  1.227978293947477E+005
     26  2.925490952983007E+001  3.289790095375559E+005
     27  7.233925037469099E+003  8.478192288123704E+007
     28  1.333276284004792E+002  1.434642886736632E+006
     29  1.588366738535771E+003  1.790164171657910E+007
     30  4.663860519648109E+001  4.367418975150368E+005
     31  7.441210822174186E+002  7.616503370984501E+006
     32  3.539921146415303E+002  4.063463150289570E+006
     33  1.700862410058623E+002  1.698003630647655E+006
     34  8.634757323190055E+001  8.426157039939538E+005
     35  1.818977889617347E+003  2.046586611027270E+007
     36  2.195826929797363E+002  2.029494734239449E+006
     37  9.212734076135964E+002  1.051613806927353E+007
     38  2.951362499424828E+003  3.025636298780613E+007
     39  3.255722775257022E+002  3.749197869570362E+006
     40  9.584242404745219E+002  1.105280920049520E+007
     41  7.041494098205357E+002  8.146572213121618E+006
     42  2.930660242889029E+002  3.200658194249479E+006
     43  1.468756644664893E+002  1.559899846309983E+006
     44  9.072396660492790E+002  1.055787234182514E+007
     45  3.457809729413779E+002  4.117390241498418E+006
     46  1.542734401851762E+002  1.609651259970609E+006
     47  3.037385462440167E+000  2.327231454384402E+004
     48  3.729188284492545E+002  3.871955716391382E+006
     49  1.031389428995711E+002  1.075211764526361E+006
     50  7.623608194843455E+001  8.982272939984951E+005
     51  1.262752816830264E+003  1.577789540760084E+007
     52  1.219206173032175E+002  1.512204837612428E+006
     53  7.291538235755027E+001  7.342935621135161E+005
     54  8.457591529171983E+002  9.095863194308169E+006
     55  1.326909725172737E+003  1.425619294337255E+007
     56  3.817920086376764E+000  3.057523474939710E+004
     57  9.721028700588436E+002  1.039735395622726E+007
     58  9.414331367296475E+002  9.575288891316013E+006
     59  1.442354177452524E+001  1.505789495923760E+005
     60  2.657968055636554E+003  2.994778077998040E+007
     61  3.516246036028364E+001  3.021767960240722E+005
     62  7.796960960708100E+001  8.643807538216771E+005
     63  4.225501284232995E+001  4.951550824044847E+005
     64  1.622416847486592E+003  1.686479547781720E+007
     65  1.830889101376136E+004  1.977902870070552E+008
     66  2.209748834063158E+002  2.274459750217216E+006
     67  2.266594217408118E+003  2.419343910509523E+007
     68  5.252463957675700E+001  5.547287658596698E+005
     69  1.489153916600139E+002  1.746015990045542E+006
     70  3.845622497016303E+003  4.235124436524501E+007
     71  4.979931909091387E+003  5.332878431789983E+007
     72  3.878858199478380E+001  3.273096370658496E+005
     73  6.183330307858793E+002  6.965726917767395E+006
     74  1.914840216706774E+002  2.021468293017369E+006
     75  2.533530267615454E+001  2.430448639680329E+005
     76  3.010962449419756E+001  2.951827462919519E+005
     77  7.630471881105368E+001  7.834424716873737E+005
     78  8.375911439400663E+001  8.617057811039704E+005
     79  4.528443491187095E+002  5.517899722840883E+006
     80  1.548606746480135E+003  1.763174530346990E+007
     81  1.256006844481334E+002  1.410714311019106E+006
     82  1.793538131067832E+002  2.039501506919194E+006
     83  6.866368363857734E+001  7.884148153148623E+005
     84  4.091281209181538E+001  4.236755906256616E+005
     85  4.074637252286606E+002  3.916354917452201E+006
     86  2.592349870185808E+003  2.911127813455055E+007
     87  2.281876910650652E+001  2.469772915542331E+005
     88  2.446731025999353E+001  2.538058416284857E+005
     89  2.474672023650318E+002  2.682504490244600E+006
     90  3.382807462916578E+003  3.827513039770835E+007
     91  1.024414112295824E+003  1.209469064660067E+007
     92  5.412334745386742E+002  5.968396957998182E+006
     93  1.178198276810580E+002  1.334708424561645E+006
     94  5.979231402741045E+002  6.761367063964867E+006
     95  2.787115763703283E+002  2.768796957376481E+006
     96  5.963030943647890E+001  5.729902231345671E+005
     97  5.518071451552255E+002  6.509536661861890E+006
     98  6.447268059070643E+002  7.669831854619510E+006
     99  2.918446291610643E+001  3.302438070406910E+005
    100  1.347183879926125E+003  1.638434065361208E+007
    101  1.645437386241080E+002  1.709747554401929E+006
    102  3.816306273077882E+002  4.471415656603171E+006
    103  5.381490615587074E+003  6.285540907166638E+007
    104  4.515585354287619E+001  4.618058484763351E+005
    105  6.896831976970888E+002  8.493062531320194E+006
    106  1.687422920304767E+002  1.729651991592780E+006
    107  2.103853616613828E+001  2.187324727627809E+005
    108  5.246788807286382E+002  5.117021283488494E+006
    109  8.903847271516022E+001  8.942117169486753E+005
    110  4.456884397824027E+002  5.259402674271389E+006
    111  1.594441337902241E+002  1.565062175686817E+006
    112  1.011904649373843E+002  1.142062089006239E+006
    113  1.149799537916265E+002  1.320462705086512E+006
    114  1.550470931569704E+003  1.540212473262493E+007
    115  5.041872862248679E+002  5.903061484538800E+006
    116  8.942389310854763E+001  9.342625239644077E+005
    117  2.133837192418324E+002  2.293243341285399E+006
    118  3.536652148315540E+001  3.749831058819310E+005
    119  8.552635709906090E+001  1.011109527065895E+006
    120  4.843407987124861E+002  5.732120682091415E+006
    121  7.741513888362923E+001  7.737666468623448E+005
    122  5.441958928468395E+000  4.867187222672452E+004
    123  2.644511837744081E+001  2.745228240768164E+005
    124  2.402827789152380E+000  1.602616125025351E+004
    125  3.064164165468788E+002  3.353473283551785E+006
    126  2.149877401434965E+002  2.511438953770019E+006
    127  6.345670637715065E+001  7.357580317761545E+005
    128  2.733596219911387E+002  3.348180374180390E+006
    129  2.907066269910388E+000  2.322707849361622E+004
    130  5.913939061821437E+001  7.228511241854485E+005
    131  1.738688860734838E+002  1.711733763255635E+006
    132  2.677034363477247E+001  2.880082251527294E+005
    133  1.428238299963408E+002  1.387100024754506E+006
    134  1.014205480808838E+002  9.653920550847022E+005
    135  1.116727246467750E+002  1.310379498853161E+006
    136  1.719362843525263E+002  2.077256385167232E+006
    137  8.539675773556587E+001  9.139978393809851E+005
    138  1.445802930734502E+002  1.548009861738986E+006
    139  1.513784365479821E+002  1.826951375138816E+006
    140  1.044504727525315E+002  1.231991783685892E+006
    141  4.147497349764499E+001  4.578598267790410E+005
    142  4.513457556618712E+002  4.558019776962321E+006
    143  1.641606379277878E+002  1.715533540358161E+006
    144  2.653719239488422E+002  2.825101591370996E+006
    145  7.405884990042264E+001  8.304999976204430E+005
    146  1.828567658167322E+000  1.037187537974412E+004
    147  1.952478412667059E+001  1.859109549616058E+005
    148  1.038613377372507E+002  1.221723298233978E+006
    149  3.564733866434377E+002  4.153275137552175E+006
    150  5.815102287909772E+001  5.308471280032842E+005
    151  2.256401012231374E+003  2.710442942830350E+007
    152  8.613610936710382E+002  9.516776666382222E+006
    153  1.109501317097164E+002  1.070538998954250E+006
    154  5.434800533799702E+003  6.114105423269266E+007
    155  2.385772635812285E+002  2.701708060400580E+006
    156  7.184308613297509E+001  7.241098359006849E+005
    157  3.014997232092439E+002  3.038274191995590E+006
    158  1.754771600942827E+002  1.760941886389299E+006
    159  3.458440572869759E+001  3.784684676917475E+005
    160  3.708436749759567E+002  3.875467383216237E+006
    161  2.006937227657991E+002  2.026104011204880E+006
    162  1.130297195515510E+001  9.841267804056291E+004
    163  2.383797856352196E+003  2.755630568506789E+007
    164  2.867280909693287E+003  3.143836107100437E+007
    165  2.537118105796700E+003  2.867831098376241E+007
    166  3.936918907944327E+002  4.465335368201758E+006
    167  3.367646370210072E+001  3.412194531089832E+005
    168  5.217598917819817E+001  5.432353085957319E+005
    169  1.620665033246702E+002  1.554601119089058E+006
    170  1.856202249143588E+001  1.898660035595807E+005
    171  2.832777725610394E+001  2.822379557450154E+005
    172  2.858792589005997E+002  3.172686201141609E+006
    173  1.801450896687993E+002  1.897991426016432E+006
    174  8.434685557413371E+001  8.431528240180888E+005
    175  9.585772542728916E+000  9.617766242934822E+004
    176  3.591671547308711E+001  3.496921258279672E+005
    177  2.610555175430874E+002  3.161902603922209E+006
    178  9.258908295826321E-001  1.735225306780240E+003
    179  9.037035326323716E+000  7.648225262002321E+004
    180  1.730729035162439E+002  1.609454983858858E+006
    181  1.725419758622611E+001  1.863069649848990E+005
    182  1.144756250533467E+003  1.409887651080554E+007
    183  2.276333262956752E+002  2.361684988111947E+006
    184  9.156271789903325E+001  8.970816851075470E+005
    185  8.995714814748942E+002  1.032936901385784E+007
    186  7.399590623526102E+002  8.876599144399729E+006
    187  2.443073691878796E+001  2.382578345675927E+005
    188  7.570359030560954E+002  7.289005576231524E+006
    189  2.696461079402534E+001  2.917850934873822E+005
    190  1.975175484226877E+002  2.106207681278701E+006
    191  9.256645956011835E+001  9.239216999013736E+005
    192  1.295950284330844E+002  1.471333561764783E+006
    193  5.229301393282158E+002  6.079653413820066E+006
    194  8.802390476130721E+001  1.057386450811225E+006
    195  2.856080660900685E+002  3.120783433471352E+006
    196  1.318773845055098E+002  1.280044175090835E+006
    197  2.622113053808801E+002  3.195071280813318E+006
    198  6.645605466112268E+002  7.115357821072165E+006
    199  4.884003046748373E+002  5.047625714931070E+006
    200  3.757678276183356E+000  3.484892124220917E+004
    201  7.543510677632553E+001  7.759319363460621E+005
    202  1.520601364733729E+002  1.533744438095682E+006
    203  4.122395279866371E+001  4.854580919428913E+005
    204  1.087731484901765E+002  1.267646499016288E+006
    205  1.325563308779027E+002  1.390643664787669E+006
    206  9.504564202472517E+001  1.035340831935480E+006
    207  3.087695763702671E+002  3.151434216545115E+006
    208  4.951437758498665E+001  4.600021377500261E+005
    209  3.285951841302798E+001  3.699324756712557E+005
    210  2.616672212261913E+002  3.283047369768124E+006
    211  1.139806983943210E+002  1.427054933741233E+006
    212  1.687447957112217E+002  1.644592057562465E+006
    213  1.176912886171604E+002  1.416108007672677E+006
    214  3.809147406286719E+001  3.745603530722086E+005
    215  4.083787527405021E+001  4.474358068757555E+005
    216  9.984027820962403E+000  9.075188634822164E+004
    217  1.495657519635767E+002  1.750441972042922E+006
    218  9.795416740404978E+001  9.334849111367547E+005
    219  1.157756717532151E+001  1.218014206052445E+005
    220  1.230876859600787E+001  1.160175391182296E+005
    221  1.327259843095544E+002  1.368018249336465E+006
    222  9.425641336570555E+001  1.058318280347214E+006
    223  3.086722910072868E+002  3.085201584388737E+006
    224  3.741084041175388E+000  3.135031087907000E+004
    225  5.325798358677623E+000  4.897191419466311E+004
    226  9.532565964559042E+001  1.033272781352171E+006
    227  4.656185470367778E+000  4.201333957082879E+004
    228  2.837910841579175E+000  2.363956474836520E+004
    229  4.403744590603129E+002  4.370215261908985E+006
    230  3.782660211568580E+002  4.287187754619778E+006
    231  5.083862047922624E+001  4.708215491972158E+005
    232  1.464203075738453E+003  1.828430705961295E+007
    233  2.678912486979392E+002  2.884672130210398E+006
    234  2.419356835916457E+001  2.377178362085691E+005
    235  4.793873602376116E+000  4.762830959530632E+004
    236  3.592022705916639E+002  3.838219038405413E+006
    237  6.897648268461776E+001  6.887515210440955E+005
    238  1.786234705143894E+002  1.904107879212809E+006
    239  9.915472012821043E+001  1.088828466380421E+006
    240  2.237646852101372E+002  2.554497581322092E+006
    241  2.704014625623341E+002  2.911395230361829E+006
    242  2.862600391107152E+001  2.750931174199192E+005
    243  1.045480977882997E+001  1.113180126713543E+005
    244  9.205402545202111E+001  1.114371048478793E+006
    245  4.019698920672205E+002  4.259088930547823E+006
    246  1.291388147419010E+002  1.334911731734311E+006
    247  8.978745973754353E+001  1.017252397434658E+006
    248  1.702862107285749E+003  1.881408354412428E+007
    249  3.461361815198495E+002  3.917615767048104E+006
    250  7.827096375332145E+000  7.217827783425187E+004
    251  2.048146751036354E+002  2.119886527223388E+006
    252  3.251228228361272E+000  2.423180968883044E+004
    253  8.626350582512056E+002  9.144631640492456E+006
    254  4.009254874275055E+002  4.131033707195245E+006
    255  3.805750030884765E+002  3.792125149188379E+006
    256  1.190714111005686E+002  1.352565392335006E+006
    257  2.137815120090757E+001  2.178428188072018E+005
    258  7.182310543189866E+002  8.063461948490400E+006
    259  2.728403184954395E+002  3.189564745896107E+006
    260  1.493209668862931E+001  1.361867016505907E+005
    261  3.893272861380584E+001  4.005200998936205E+005
    262  4.176413354101669E+001  4.809092419167635E+005
    263  1.798417728247925E+000  1.346490560079704E+004
    264  2.305218996319592E+002  2.632888576820121E+006
    265  5.087159551572086E+000  5.061172905459232E+004
    266  3.061729505686142E+001  3.426121353265205E+005
    267  1.584280067711141E+001  1.696617644286913E+005
    268  2.507994723897537E+000  2.097394376666976E+004
    269  9.024777328349813E+000  8.513457973459426E+004
    270  3.309328000209878E+001  3.804852332189311E+005
    271  9.588665078136133E+000  9.852220997578349E+004
    272  3.059617631352135E+002  3.571138510238748E+006
    273  8.000433844503196E+001  9.563580844989880E+005
    274  2.571808293659948E+002  3.069380262151657E+006
    275  5.649122094525981E+001  5.140378246448354E+005
    276  4.882494467419243E+001  5.716251672961203E+005
    277  1.174341185792254E+001  1.271098692963613E+005
    278  3.248949983635112E+001  3.662365447051923E+005
    279  1.731005404687363E+002  2.002032659279004E+006
    280  3.344327618569891E+002  4.123583062940107E+006
    281  1.663246267930445E+002  1.902199996339260E+006
    282  1.878456778886492E+002  1.875458999880984E+006
    283  9.769586891309929E+001  1.106921703750519E+006
    284  7.411259283204503E+000  7.137819548328646E+004
    285  9.737692605963569E+001  1.144252874941983E+006
    286  4.246698938251777E+000  4.467766041162179E+004
    287  2.293676311705879E+001  2.717618308399534E+005
    288  1.352700759972712E+002  1.494723583170032E+006
    289  1.967477535758780E+002  2.260162335909507E+006
    290  7.638087781575957E+002  9.207251750437049E+006
    291  1.556622838904068E+003  1.904548494500763E+007
    292  4.500715012906466E+001  5.114546908550308E+005
    293  2.336835352142627E+003  2.825875022456619E+007
    294  3.393290488751985E+002  3.928719807100439E+006
    295  1.349666178835424E+002  1.293463823508279E+006
    296  5.585482459754495E+002  6.083661599109150E+006
    297  8.782218249851421E+002  9.536981845796911E+006
    298  3.400518101325637E+003  4.213093371874022E+007
    299  5.091911355670676E+002  6.208329977378982E+006
    300  9.706529938171361E+002  1.026078983593716E+007
    301  1.064401039302185E+003  1.098009336579270E+007
    302  1.035324908954507E+002  1.146006853484186E+006
    303  1.373408036532332E+002  1.528673206035624E+006
    304  4.462212304106495E+001  4.226459271793955E+005
    305  2.895597221312837E+001  2.862975941701636E+005
    306  2.627362260833751E+002  2.965273002463435E+006
    307  2.782370534059426E+001  2.636288753133331E+005
    308  7.332467727774165E+002  8.237226991810650E+006
    309  6.173391975542709E+001  6.392285369248224E+005
    310  2.133964893546913E+002  2.385570130730947E+006
    311  2.121705493569816E+001  2.013630016601126E+005
    312  5.080487079156691E+001  4.900561178421372E+005
    313  7.668474176475971E+000  7.201950348440190E+004
    314  3.219644303381573E+001  3.087673240831313E+005
    315  8.064181277872676E+000  7.700603827037824E+004
    316  1.307136079067160E+001  1.435065022642616E+005
    317  3.746041907228821E+001  3.655723985019166E+005
    318  3.462755789645250E+002  3.855964608490816E+006
    319  4.511632699206927E+001  5.196093984367062E+005
    320  1.215239355605800E+002  1.228431517082139E+006
    321  5.488036059392721E+001  5.422050762342865E+005
    322  2.557430951544884E+001  2.507909092653090E+005
    323  1.987082712945168E+001  1.854085112061946E+005
    324  4.731259104742193E+001  4.730135142409822E+005
    325  1.167170907550913E+002  1.098696473108603E+006
    326  1.818465819469277E+002  2.154209263352946E+006
    327  6.444099158018351E+001  6.028715095801026E+005
    328  5.202584056097880E+000  4.992737656333844E+004
    329  4.766564161082703E+002  5.248234951249936E+006
    330  5.531723653005637E+002  5.543906546300926E+006
    331  1.460089347143283E+002  1.449056133073214E+006
    332  6.139699779097748E+001  7.462601840042638E+005
    333  2.719728738932701E+002  3.258504884369449E+006
    334  3.416277992242370E+001  3.238982304305501E+005
    335  2.120554339582181E+002  2.095522193397633E+006
    336  6.694351677996350E+001  6.721994831364376E+005
    337  2.304435993636500E+001  2.268207075442295E+005
    338  6.966990459171585E+001  7.074260996820525E+005
    339  2.032207176740890E+001  1.998082836909078E+005
    340  2.116620033943503E+002  2.517837754571707E+006
    341  3.882577289701379E+002  3.974488467208028E+006
    342  6.363299153726262E+000  6.180696541856330E+004
    343  1.681906528318513E+002  1.913212583064239E+006
    344  4.753331029423562E+002  5.726663982179678E+006
    345  3.443715348961909E+001  4.156302790310116E+005
    346  1.547943909352170E+003  1.886629809750421E+007
    347  3.343518756473634E+002  3.374259098545611E+006
    348  1.973808433736063E+002  2.002314892211768E+006
    349  5.063078161942961E+001  5.622105745637523E+005
    350  4.660321086885387E+000  4.637459128468035E+004
    351  5.292725359974817E+001  5.480623049382879E+005
    352  8.876158300829965E+001  8.993552270315773E+005
    353  7.449267413785003E+000  8.052335344127852E+004
    354  6.401680769486159E+000  6.100731942162782E+004
    355  5.880138980225297E+001  6.422696332749324E+005
    356  4.108773721838456E+002  4.526029931288962E+006
    357  9.569515174394853E+001  9.571076751140710E+005
    358  1.147318754971651E+003  1.241145494748749E+007
    359  1.336343008577261E+002  1.588445952968882E+006
    360  3.609987129584862E+001  3.500090247154001E+005
    361  2.365657632393765E+001  2.388394076923956E+005
    362  3.051255395307263E+000  2.580201806895675E+004
    363  7.904608949317695E-001  3.748895634709648E+003
    364  4.656466073851630E+001  5.501072830016682E+005
    365  5.161579174759473E+001  5.746500188552284E+005
    366  7.059182615044976E+000  6.747428450874847E+004
    367  8.816278864291519E+001  1.055772415738278E+006
    368  4.445435248764545E+000  3.869227363299976E+004
    369  4.229287748188349E+001  5.251328009565185E+005
    370  9.420061232936009E+000  8.949065725248685E+004
    371  3.093715864390363E+000  2.804604543150279E+004
    372  2.031360784258847E+001  2.319050550840471E+005
    373  3.341258288572729E+000  3.266919270412657E+004
    374  2.517654964232971E+002  3.018645070756093E+006
    375  1.590541312415394E+001  1.870973109989952E+005
    376  3.385155220375473E+002  4.103634050934699E+006
    377  3.648627096363186E+001  3.923680327924518E+005
    378  2.987652033445689E+002  3.259912726481267E+006
    379  2.379663632597819E+002  2.446821631921039E+006
    380  1.961514451073905E+002  2.132064789294255E+006
    381  1.310338658782148E+002  1.479582805086613E+006
    382  5.598404328314263E+001  5.645998576161726E+005
    383  2.179155336304498E+002  2.555525489264345E+006
    384  6.246555177100392E+003  7.413585992694913E+007
    385  2.188234682479368E+002  2.239921684685061E+006
    386  2.334867139530220E+003  2.594626007842641E+007
    387  6.139388500464972E+002  7.183438539359962E+006
    388  1.150485287152830E+000  8.445135118892882E+003
    389  6.056025944936950E+001  6.051612679234190E+005
    390  3.036064871929813E+003  3.793940299308374E+007
    391  7.514561609636236E+002  8.487301608505465E+006
    392  1.529570645201982E+003  1.785286026361575E+007
    393  3.590558943277869E+003  4.318973321561574E+007
    394  5.552178465674769E+001  5.944660093260992E+005
    395  8.271432645406203E+002  1.005191377961346E+007
    396  1.599433071221580E+002  1.904807324681851E+006
    397  3.844215111378287E+001  4.529374129304013E+005
    398  7.388856797063892E+001  8.584190843732427E+005
    399  2.142417129525626E+002  2.566046991774743E+006
    400  5.434584673799006E+002  6.072804073545747E+006
    401  7.762189124214250E+001  7.669717225423288E+005
    402  7.373260252925030E+002  8.520959008441938E+006
    403  2.176135797239814E+002  2.185758754432335E+006
    404  7.590984920485508E+001  8.778176761405858E+005
    405  3.207527312537087E+002  3.578748463689916E+006
    406  1.013604891443061E+000  8.314523619768517E+003
    407  1.305175825618114E+003  1.595823342601851E+007
    408  3.502359222375897E+000  3.789129879809936E+004
    409  2.013555292814961E+002  2.248605494612722E+006
    410  1.241575166923777E+001  1.380204551052137E+005
    411  1.311304300379558E+002  1.528754458067688E+006
    412  1.605113828279437E+000  1.463846761913013E+004
    413  3.453116295880010E+002  3.485011105658571E+006
    414  2.254435945691153E+001  2.175665744153805E+005
    415  5.000782910703596E+002  5.315207817601609E+006
    416  1.659015766792885E+001  1.812468245938464E+005
    417  9.565037272605632E+001  1.029383795532207E+006
    418  9.902331264094655E+003  8.931881936515561E+007
    419  1.409225398212294E+003  1.721983618083571E+007
    420  2.097296758840207E+001  2.294273424272646E+005
    421  9.486869879460865E+001  1.121686276876423E+006
    422  8.894585576853935E+002  8.426761945045643E+006
    423  8.377218390692057E+002  9.011615020688647E+006
    424  3.503289079203186E+000  3.293043542405860E+004
    425  2.599519486755681E+003  2.420729408289695E+007
    426  4.467469271249081E+002  4.293627575399810E+006
    427  6.410127067989484E+002  7.258760224304944E+006
    428  2.028723108983116E+000  1.929342086513678E+004
    429  4.376901486685856E+000  4.365113897142689E+004
    430  5.245365025864090E+002  6.159662307377580E+006
    431  3.014025625461938E+002  2.888318645445632E+006
    432  8.413005048854178E+000  9.347767732126474E+004
    433  3.546255628544164E+001  4.163829622421417E+005
    434  4.427392859331333E+002  5.224166873730202E+006
    435  8.277838870756241E+000  7.938513622990450E+004
    436  8.223221476677943E+002  8.863265549508670E+006
    437  6.008714172214757E+000  6.360886815595658E+004
    438  1.101214485891888E+003  1.209116374663413E+007
    439  8.338125366687467E-001  4.893522181442204E+003
    440  2.643172842621477E+002  3.118575144348315E+006
    441  9.363586343587214E+000  8.855430046019670E+004
    442  7.824441588917198E+001  9.102603349640165E+005
    443  7.729237121503600E-001  5.518198341179188E+003
    444  4.068186778155501E+001  3.967254642817155E+005
    445  4.555650748262466E+002  4.735003912831814E+006
    446  2.220220612157265E+002  2.546393152934933E+006
    447  4.588047447858673E+000  4.450577134095880E+004
    448  9.986264500727950E+001  1.177784469895630E+006
    449  7.339210612154770E+001  7.643402824368310E+005
    450  6.546320103428911E+002  8.168452297186007E+006
    451  5.526791826793109E+001  5.954694957719693E+005
    452  6.522883511685127E+002  8.004276615735439E+006
    453  1.035259715392804E+003  1.256661191491107E+007
    454  1.944949671109227E+003  2.464621906437143E+007
    455  2.556934401747482E+001  2.948649187446969E+005
    456  6.613405667626432E+002  8.304898567668207E+006
    457  6.045418670131417E+000  5.440537810814646E+004
    458  4.692135485426193E+002  5.897352008490376E+006
    459  1.398837933309160E+002  1.556364844966909E+006
    460  3.849755906238827E+002  4.857094190716322E+006
    461  4.845017223262411E+000  4.644267371020123E+004
    462  6.420247344230617E+002  7.240937900690280E+006
    463  7.449139189171212E+000  7.247641234864890E+004
    464  4.439224969135824E+002  5.105457904263183E+006
    465  9.546528572567482E+000  9.231677808194047E+004
    466  1.649148158272409E+002  1.875663516855258E+006
    467  9.055288388788979E+001  1.001742689028935E+006
    468  1.640490477233581E+002  1.908161745008671E+006
    469  4.014315000040376E+000  3.744575104269094E+004
    470  1.182190136299930E+001  1.153838386479655E+005
    471  8.530491196934779E+000  8.356699372124787E+004
    472  5.117471057502490E+002  6.135846863462716E+006
    473  2.808146848851596E+001  3.279260019630029E+005
    474  1.869156353268483E+003  2.320548613522135E+007
    475  1.297706973524399E+002  1.597095573283032E+006
    476  7.787655996641658E+000  8.340155742760489E+004
    477  3.176454238377013E+002  3.978535433062653E+006
    478  5.164610527585547E+001  6.192400721582274E+005
    479  9.045231164909911E+002  1.101828107536141E+007
    480  8.954646038632485E+001  1.033642859072803E+006
    481  1.085525307784872E+001  9.959354243158533E+004
    482  1.166910512329256E+002  1.400991846070537E+006
    483  1.898353696451880E+002  2.208157448603245E+006
    484  1.256434458915372E+001  1.352512059439756E+005
    485  3.798048254332631E+002  4.637030671281806E+006
    486  2.567345919019010E+001  2.304189003160497E+005
    487  3.126989070909702E+002  3.920484697601554E+006
    488  2.729578105510869E+000  2.337463819735018E+004
    489  1.998375680073975E+002  2.488644415978481E+006
    490  1.185436479932497E+000  1.133337262917512E+004
    491  1.466253726806493E+002  1.787318051569182E+006
    492  2.552323097102370E+002  2.707125985983632E+006
    493  7.198360905735160E+001  7.215252799506243E+005
    494  1.356851558749396E+002  1.586925226810969E+006
    495  1.796309398493966E+002  2.121502587724283E+006
    496  2.214297055916449E+000  2.088376621194755E+004
    497  1.136859084452954E+002  1.268303590415549E+006
    498  8.759486129507297E+001  1.025446855660512E+006
    499  4.897223096019865E-001  2.534139905485475E+003
    500  1.344360679687550E+002  1.623079945531065E+006
    501  5.925602672562524E-001  3.988184497733831E+003
    502  2.791406932751342E+001  2.776885411845724E+005
    503  5.546190470319149E+002  6.836588601642825E+006
    504  3.424418994631619E+002  4.065655403546203E+006
    505  2.339769005873169E+002  2.895746290355137E+006
    506  2.492587272118631E+000  2.235262521361875E+004
    507  4.342764156438588E+002  4.933046959466583E+006
    508  6.035097661682440E+000  6.459544037545208E+004
    509  4.437507994735313E+000  4.903746940836721E+004
    510  3.863145440303757E+002  4.717773710281314E+006
    511  1.725222328487465E+001  1.952013606419893E+005
    512  5.249985375270406E+002  6.468254989177708E+006
    513  1.036925153444170E+001  1.120890124735745E+005
    514  1.306473611509451E+002  1.570011694265421E+006
    515  3.237634890877268E+001  3.409854650129622E+005
    516  4.813905360958656E+001  5.618045364182858E+005
    517  8.407376733564664E+001  1.040912458291491E+006
    518  2.227248068837053E+002  2.756301861805660E+006
    519  2.233024035177775E+002  2.806276475852643E+006
    520  1.262149821936538E+000  1.167491643330786E+004
    521  2.513747928848505E+001  2.480573128111773E+005
    522  1.107838599087131E+001  1.222940736905107E+005
    523  8.243658430337017E+001  9.699794178570901E+005
    524  6.051452771655357E+002  7.664201763904206E+006
    525  3.143595528099025E+001  3.624091620226965E+005
    526  1.607839079204841E+001  1.680088236771793E+005
    527  2.271014389644899E+002  2.852559498816811E+006
    528  2.479881098360977E+001  2.563774687620682E+005
    529  1.277867720008465E+001  1.291683350247442E+005
    530  2.967473109336213E+002  3.600669371635173E+006
    531  2.911636046502766E+002  3.209130303148644E+006
    532  6.542684525594808E+001  7.639106543692597E+005
    533  8.380536006246430E+001  9.850393822821969E+005
    534  5.050584712921769E+001  5.792137510175481E+005
    535  2.399188420701933E+003  2.799599013725805E+007
    536  4.226293144068171E+002  4.195119983933483E+006
    537  5.124773663271202E+003  5.894402606037045E+007
    538  4.716597952035244E+002  4.563281648065967E+006
    539  5.082452491278994E+003  6.068171892888802E+007
    540  2.630510346960168E+002  2.967487230162024E+006
    541  7.279516959521874E+001  8.978105934578157E+005
    542  2.713283647776614E+001  2.739207705170884E+005
    543  8.061789879681821E+001  8.698010463104715E+005
    544  1.522502073879902E+003  1.536922128369131E+007
    545  1.081346894835226E+002  1.281041078747030E+006
    546  2.194442721353377E+003  2.206324778987953E+007
    547  2.932697134555590E+004  2.956613127782475E+008
    548  7.383208017929181E+001  7.456456119715752E+005
    549  1.318837399400881E+003  1.315823503237425E+007
    550  4.870990112173512E+002  5.850397090866379E+006
    551  1.783518329259821E+003  1.731485940858021E+007
    552  1.704624407228784E+003  1.493891526472099E+007
    553  2.147742181404246E+002  2.316216486269316E+006
    554  1.072830067975249E+003  1.088020436236314E+007
    555  3.194951322101096E+001  3.475466653791214E+005
    556  5.935021238172891E+000  5.283728229221954E+004
    557  1.594360072049821E+002  1.689404413633339E+006
    558  1.506104265941202E+001  1.579554823762985E+005
    559  2.118906851134663E+002  2.524324486071699E+006
    560  6.847138739190305E+001  6.951264937314035E+005
    561  1.354700712234224E+001  1.536032354241852E+005
    562  9.760536594470310E+000  8.380552024739794E+004
    563  4.263213892510130E+003  4.423605388929617E+007
    564  1.145999235047026E+002  1.118950188582944E+006
    565  3.021599976689584E+001  3.207907176989486E+005
    566  5.496669902468809E+003  5.449202028025947E+007
    567  1.202360098458130E+001  1.201547371406400E+005
    568  1.306016102275028E+002  1.481760086168530E+006
    569  6.760230775658944E+000  6.868948196036195E+004
    570  4.244425883642147E+002  4.116642459566696E+006
    571  2.309425175440147E+001  2.348347674466032E+005
    572  7.951451974712860E+001  7.852476522926363E+005
    573  3.515288953101535E+001  3.570420658229754E+005
    574  4.045627208078708E+000  4.505812131853573E+004
    575  3.161984094383113E+002  3.573383356248380E+006
    576  9.804521263017108E+001  8.568834650281467E+005
    577  1.835753886758840E+001  1.864491992994215E+005
    578  1.545776920413197E+001  1.697822830918079E+005
    579  6.898127280609146E+000  7.440935833293869E+004
    580  1.100798046364506E+002  1.206314655119451E+006
    581  4.140800311968178E-001  4.146599925136721E+003
    582  7.394451395085217E+001  8.396716636137847E+005
    583  1.009802267549234E+001  9.884034912903357E+004
    584  2.038163098554994E+001  2.112196970671331E+005
    585  7.392138068635140E+001  8.630844281423037E+005
    586  3.633587871924262E+000  3.265240396010004E+004
    587  4.238963753553669E+001  5.016281022474871E+005
    588  6.255022249311611E+002  7.418864214111456E+006
    589  1.054788238402524E+001  1.021653429156235E+005
    590  1.930861138814252E+000  1.776136214535952E+004
    591  3.437579557814944E+000  3.333883357008878E+004
    592  2.638589468080121E+002  3.210440599544448E+006
    593  1.792073176501167E+002  2.165289081788533E+006
    594  1.449921256987687E+001  1.469862029570090E+005
    595  8.022163842500223E+000  7.664173249816913E+004
    596  1.045622464964877E+001  1.068445996439598E+005
    597  1.302754961691528E+001  1.589107277380386E+005
    598  3.587700550165580E-001  2.675391517251059E+003
    599  1.411906913335824E+002  1.747603759615563E+006
    600  4.465008240180251E+001  5.604561150138982E+005
    601  4.265217054676919E+000  4.471425542537621E+004
    602  1.800707829673685E+002  2.161962675739220E+006
    603  1.437004195144985E+000  1.561231368522385E+004
    604  6.902444652169264E+001  7.351450731267616E+005
    605  1.792642285217730E+001  1.789631321268519E+005
    606  4.497389791089339E-001  3.952875808592536E+003
    607  1.354030326571974E+001  1.572131660832982E+005
    608  5.483101173960880E+000  5.514202171868456E+004
    609  4.931190216330376E+001  5.841705676997189E+005
    610  1.062485734092212E+001  1.081560421225274E+005
    611  1.307431502749231E+001  1.550401598280631E+005
    612  3.394175607159626E-001  3.046821932074703E+003
    613  1.499704208037881E+002  1.760074711041586E+006
    614  1.238416743295735E+000  1.206962240982674E+004
    615  6.710806426683334E+001  8.193342913712063E+005
    616  1.287054088494635E+001  1.324141680833133E+005
    617  3.995287087812395E+001  4.775294529355049E+005
    618  7.972377640833622E+001  9.172977063603719E+005
    619  2.808817556177162E+000  2.804185191353531E+004
    620  1.188202067789292E-001  5.897807853317061E+002
    621  4.518363083862751E+001  5.409841821089807E+005
    622  8.321102638808457E+000  8.270043007060367E+004
    623  3.035656721246162E+001  3.565559194441076E+005
    624  9.436780095838051E+000  9.404315270693344E+004
    625  2.586739326713994E+000  2.436534130792585E+004
    626  1.110692268916307E+001  1.328862128374536E+005
    627  2.331978552835884E+000  2.252705664482794E+004
    628  4.272956437763883E-001  3.323776412986067E+003
    629  3.211223871913537E-001  2.764542760965616E+003
    630  6.976101910397535E+000  7.691946330825619E+004
    631  6.476046253086154E+000  7.714518889032956E+004
    632  9.650816536776102E+001  1.180685226753820E+006
    633  5.035285378511558E+000  4.867796215299334E+004
    634  3.758383255031940E+000  3.733579022000886E+004
    635  1.162017086604321E+001  1.275449128837080E+005
    636  1.351889678529027E+001  1.410041609722163E+005
    637  8.031341354411598E+000  9.188354538072283E+004
    638  5.167460283845495E-001  4.881638923546591E+003
    639  2.951061228184025E+001  3.292421457088225E+005
    640  2.843095916034828E+000  3.058512342377160E+004
    641  8.034070416275123E+000  8.189379853188148E+004
    642  2.183999325908558E+000  2.063914556055779E+004
    643  2.082737465658546E+001  2.320586735002628E+005
    644  1.439632102551187E+000  1.337068250542518E+004
    645  1.688008592250905E+001  2.018226266729500E+005
    646  6.841624482737438E+000  7.577606391506015E+004
    647  1.122997569435018E-001  5.562371470621628E+002
    648  2.428925680928312E+000  2.476025108594670E+004
    649  3.147269537530349E+001  3.852242597242213E+005
    650  1.601719621557569E+001  1.946904736563865E+005
    651  2.110024591828116E+000  2.060550638248222E+004
    652  8.380901372618328E-002  2.103378375594628E+002
    653  7.552448726134354E-001  7.475331189930370E+003
    654  5.610325037213838E+001  6.699489781538900E+005
    655  3.243567117346563E+001  3.983966787480200E+005
    656  7.973294726765997E+000  7.887764163136213E+004
    657  2.754455322949566E+000  2.724601641523189E+004
    658  3.533826897823074E+001  3.992076973246064E+005
    659  3.859700608897303E+001  4.598367871183910E+005
    660  2.378307121195243E+000  2.348339170179876E+004
    661  6.631884069647010E+001  8.045548450222024E+005
    662  8.605856939774387E-001  8.505404615608555E+003
    663  9.998343712462392E+001  1.211306561049428E+006
    664  1.586889492095113E+000  1.600617869594220E+004
    665  3.213058065952549E+000  3.124884788038953E+004
    666  2.543254543344445E+001  2.697178256234383E+005
    667  3.481572025804378E+001  3.831457833061771E+005
    668  2.077131388577781E+000  2.176934065966016E+004
    669  8.784888664914141E+001  1.058572121036844E+006
    670  6.477270220074402E+000  6.522913501955194E+004
    671  1.862479101988693E+001  2.288850606536099E+005
    672  1.151750418046822E+001  1.133373990732228E+005
    673  9.360872431844451E+000  1.020095844528822E+005
    674  1.276427862135367E+001  1.278829745849785E+005
    675  8.064741167920443E+000  9.874275057575847E+004
    676  8.938946831771899E+000  1.018667203269919E+005
    677  2.012768175564227E+000  1.906156557985056E+004
    678  5.598001500146703E+001  6.573133161637341E+005
    679  2.847092003926832E+000  2.838885537574574E+004
    680  1.278703388960903E+002  1.451373765554364E+006
    681  5.171697628611579E+001  5.881635732074626E+005
    682  7.012294786224506E+000  6.970163447771240E+004
    683  3.813363787605542E+001  4.467985386209706E+005
    684  6.444633282413187E+000  6.371220103393667E+004
    685  2.383293142635194E+000  2.398550544052808E+004
    686  4.520888264855397E+001  5.153685004459475E+005
    687  6.979865250359202E+001  8.159204194509350E+005
    688  1.040056281479248E+000  9.636898838066189E+003
    689  5.713896041797499E+001  6.794063836692133E+005
    690  4.019247854054507E+001  4.651022032850094E+005
    691  6.342480171256639E+001  7.188137323614912E+005
    692  2.737813980802370E-001  2.007982556508063E+003
    693  7.572686983543937E-001  7.523469084774192E+003
    694  1.053280424562852E+002  1.191659418084285E+006
    695  6.693929955620408E+000  6.710913353638527E+004
    696  1.875365125420806E+000  1.825197848990335E+004
    697  6.838656274871991E+001  7.491509169433293E+005
    698  1.769045385652508E+002  1.963143428237319E+006
    699  2.034232396505767E+000  2.016829864703611E+004
    700  2.669882571440401E+001  2.908365279608229E+005
    701  1.738612455269698E-001  1.013621620507924E+003
    702  1.526156837957823E+001  1.686965761722087E+005
    703  1.035381898706651E+000  9.448396309391121E+003
    704  1.680409890387043E-001  9.951698698453465E+002
    705  1.223692446288826E+000  1.120908575935479E+004
    706  4.962825558697116E+001  6.010750521347927E+005
    707  2.286599088616256E+000  2.218216958731348E+004
    708  8.078609405921659E+001  9.030752985088486E+005
    709  3.986864591302909E+000  4.004019668380806E+004
    710  1.205747115533189E+002  1.441355966203481E+006
    711  1.242788139817209E+000  1.310561564854097E+004
    712  1.534097152688247E+002  1.833351032212988E+006
    713  8.878331500344444E+000  8.949004081879772E+004
    714  1.494921123540035E+000  1.449582837087512E+004
    715  1.591769205500068E+000  1.557083316246432E+004
    716  6.779541390278885E+001  7.691601260894680E+005
    717  8.849877420494326E+001  1.058583613813195E+006
    718  2.408484385106271E-001  2.146400909819761E+003
    719  5.613519999497294E+001  6.498860447157534E+005
    720  3.053521471290581E-001  2.386476289087916E+003
    721  2.531935319300851E+001  3.099636728594130E+005
    722  1.739811987228945E+000  1.758024227937878E+004
    723  7.161185544578307E-001  8.204344784980747E+003
    724  5.864015623114468E+001  7.278272836006457E+005
    725  2.889219086285804E+002  3.358332828482708E+006
    726  4.627683634875718E-001  4.059916481718335E+003
    727  8.928338972527246E+001  1.056674155154243E+006
    728  7.820167586177932E-001  7.208218634022159E+003
    729  6.868292720946227E-001  6.122033855809951E+003
    730  3.424284242275711E+001  3.839329400255131E+005
    731  2.747112478514702E+001  3.342940195258681E+005
    732  2.127011778265508E+000  1.950821808406283E+004
    733  2.972056973097473E+001  3.606794061819944E+005
    734  1.394962149698391E-001  8.352657290653682E+002
    735  1.088749950126213E+000  1.229862080308181E+004
    736  2.003947032012589E-001  1.389563583570617E+003
    737  7.630717565757836E+000  9.199515276070319E+004
    738  2.901468420602037E+001  3.490771880356431E+005
    739  1.571849720648375E+000  1.738179769449851E+004
    740  5.519536938282982E-001  6.073407189019747E+003
    741  1.296003974836748E+002  1.613063684509321E+006
    742  3.588147864636196E+001  4.012907700304741E+005
    743  1.950196636347426E-001  1.637775703680629E+003
    744  3.482212429074135E+000  3.417630603150955E+004
    745  5.761174796847438E+001  6.677255401393254E+005
    746  2.110391379560411E+001  2.518454869823760E+005
    747  9.407279386212239E-001  9.778376585878330E+003
    748  1.775378348762372E+001  2.208130667257709E+005
    749  3.283286045549742E+001  3.762833562438830E+005
    750  4.206252598290687E-001  3.849841314581465E+003
    751  2.166701491920772E+001  2.657245461543958E+005
    752  1.276216536273451E-001  6.647819028779994E+002
    753  4.022659513833515E-001  3.653811344142181E+003
    754  1.788820764945306E+000  1.788947394490456E+004
    755  2.544347555172351E+001  3.076786183529792E+005
    756  2.424531180486975E+001  2.813750713719631E+005
    757  1.550708179141607E+001  1.720821986931904E+005
    758  1.451315748728026E+000  1.383293246067887E+004
    759  2.181816811223539E-001  1.862781675381774E+003
    760  2.483518076692698E+001  3.051096737128494E+005
    761  1.170854503941391E+000  1.114559141953829E+004
    762  4.624360438699070E+001  5.601872033818463E+005
    763  5.476177733729504E+001  6.524258172158633E+005
    764  1.324215220782115E+000  1.311271861498005E+004
    765  2.162029195288676E+002  2.620185493051776E+006
    766  1.251800675124654E+000  1.353165689594473E+004
    767  1.439625385271351E+000  1.369293718629378E+004
    768  1.292938416313621E+002  1.515316553693357E+006
    769  9.277571884117658E+001  1.109992266016484E+006
    770  1.982424136781947E+000  1.932709519258763E+004
    771  3.883804287240987E+001  4.705489364901443E+005
    772  9.486025894730898E+001  1.095331630878686E+006
    773  2.108705482266963E-001  1.638985873191656E+003
    774  3.179069571974088E+001  3.401413211041876E+005
    775  3.211146649750245E-001  3.264202068292610E+003
    776  6.552042053733265E-001  5.698258807301987E+003
    777  3.251349385964841E+002  4.019574683367524E+006
    778  2.339191667014421E+002  2.877072165080836E+006
    779  6.844576696427767E-001  6.473413677267090E+003
    780  3.382180927513857E+001  4.046515960454848E+005
    781  2.370427133474291E+000  2.391426098466806E+004
    782  3.192500817300910E+000  3.150545431794312E+004
    783  2.937436313393364E+002  3.585306235624437E+006
    784  1.005455301668171E+002  1.187275515252084E+006
    785  2.979371809033937E+002  3.620622975136730E+006
    786  1.574800706742806E+000  1.540955669375184E+004
    787  4.584580527278112E+000  4.594843460942173E+004
    788  4.575432492227535E-001  4.206265273341315E+003
    789  4.789005022335445E+001  5.690071749650618E+005
    790  3.588170850139506E+000  3.598674101619564E+004
    791  1.150960706811862E+002  1.380849275326792E+006
    792  1.789592913915778E+000  1.934581103764010E+004
    793  3.148216783568699E+001  3.736224285630173E+005
    794  1.978238821456859E+000  1.901714439626855E+004
    795  8.560266218860383E+001  1.068038484045686E+006
    796  1.399811036869405E+001  1.606415637207326E+005
    797  2.498034026661650E+001  3.086965325960840E+005
    798  4.639084734751844E-001  4.663359568872433E+003
    799  4.447823350332025E+001  5.171755849078174E+005
    800  5.862779170722712E+000  6.150672876149294E+004
    801  2.044541451770327E-001  1.801074329606308E+003
    802  5.594317869195560E+001  6.542396304072344E+005
    803  2.486117411256571E+001  3.032181434735807E+005
    804  2.763339114709988E+000  2.735521956479975E+004
    805  9.407457654761815E-001  9.352847045783858E+003
    806  1.475802648944281E-001  8.818297932806228E+002
    807  6.998450224412595E+001  8.347650061921887E+005
    808  2.360297599694026E+001  2.883057991540555E+005
    809  1.595211959323038E+000  1.540693243138659E+004
    810  2.238191305647604E+002  2.813310671711845E+006
    811  3.838242307208016E-001  3.623119622713346E+003
    812  4.396128236440551E+001  5.464241008145688E+005
    813  2.823237068033098E+002  3.492849935131340E+006
    814  2.417931053491374E-001  1.814442010899572E+003
    815  3.634274445223880E+000  3.851070854288857E+004
    816  3.017960027855486E+002  3.769412282558693E+006
    817  1.214379841904168E+002  1.511193342434044E+006
    818  9.381858674461006E-001  9.782183054113104E+003
    819  5.668106935939782E-001  6.129486067603247E+003
    820  3.340313732810777E+001  4.009148950798286E+005
    821  4.648558465592689E+001  5.571954088160265E+005
    822  3.115862939807644E+001  3.777798604809902E+005
    823  9.713144170485229E-002  5.025476229972194E+002
    824  4.566223032270709E+001  5.650082331433471E+005
    825  6.283435559071201E+001  7.738949268556116E+005
    826  7.435703989504164E+001  8.953692079419940E+005
    827  1.919680862063689E+001  2.285690703332949E+005
    828  1.373416597432976E+000  1.427643026764041E+004
    829  1.319146645608255E+001  1.596560648764550E+005
    830  5.695174072779812E-001  5.828016663971037E+003
    831  2.887397374871752E+001  3.459445238156480E+005
    832  3.411198873098634E+001  4.147361622171896E+005
    833  1.309836008640561E-001  8.860094871367701E+002
    834  4.458007518147682E-001  3.944829007184189E+003
    835  2.486348673456775E+001  2.842049186947676E+005
    836  9.123928656297187E+001  1.116301699677590E+006
    837  1.205294095583463E+000  1.429037677616486E+004
    838  1.565404748668322E+001  1.794468729295819E+005
    839  5.504390107687492E-001  5.174718745391305E+003
    840  8.538906281729869E-002  3.018425290351245E+002
    841  1.893935011916343E-001  1.315482221185566E+003
    842  1.296482476849811E+002  1.596448734038063E+006
    843  1.796779332543354E+001  2.109361511495374E+005
    844  6.769577141568080E+001  8.105408276114337E+005
    845  3.005502080097636E+000  3.142183720485453E+004
    846  1.844686261278041E+000  1.764682520733542E+004
    847  4.544172153749476E+001  5.306912964517635E+005
    848  8.124550536316947E+001  9.087227681122627E+005
    849  1.896665020630980E+000  1.893959886942592E+004
    850  1.027961444425547E-001  4.844454501465305E+002
    851  2.116806765322989E+001  2.392535716118412E+005
    852  2.453583643960078E+000  2.595641035336446E+004
    853  2.159746851366488E+001  2.669993179671227E+005
    854  6.825401263376352E+001  8.485384001015290E+005
    855  2.728936850789292E+001  3.113330533956447E+005
    856  7.941806551518187E-001  9.137683895136886E+003
    857  5.321789225339526E-001  5.660290764281668E+003
    858  6.728258098871927E+001  8.348074052343866E+005
    859  1.543911596203437E+000  1.638158860467250E+004
    860  3.459725855569864E+001  4.315510626316334E+005
    861  6.391874613568984E-001  7.026203652699868E+003
    862  2.189714668859006E+000  2.134723652246572E+004
    863  4.158594961185459E+001  5.217058157556889E+005
    864  1.547814443279640E-001  1.196368921088799E+003
    865  2.724470425670197E+001  3.398310016682096E+005
    866  6.541071791951589E+001  7.445345877016674E+005
    867  6.914083884184393E-001  7.528814164655226E+003
    868  5.475280717553285E+001  6.664120576028853E+005
    869  1.775406929383747E-001  1.375721825410928E+003
    870  2.186989520123739E+002  2.510377157395049E+006
    871  1.809860194936209E+001  2.046644300274930E+005
    872  2.090400680842598E-001  2.021542903183077E+003
    873  2.401315704989481E+001  2.910156480198219E+005
    874  1.633715621869426E-001  1.106874520789911E+003
    875  4.465017248585258E+001  5.005239376633333E+005
    876  4.961851505835304E-001  4.573968047567459E+003
    877  5.765727877001480E+001  6.632318682666098E+005
    878  4.860877291705015E-001  4.236873650847222E+003
    879  4.136500402856626E+000  4.431439041560693E+004
    880  1.634571499826098E+001  1.884658741124501E+005
    881  1.083060571606865E-001  7.591259684795313E+002
    882  6.732869426731530E-001  6.910556619644548E+003
    883  6.425568307821862E+000  7.706395276939293E+004
    884  1.547217235019116E+001  1.813625894616664E+005
    885  5.274525832764973E-002  6.180242777827641E+001
    886  6.471229567125719E+001  7.722145815160796E+005
    887  3.415859785297790E+001  3.882563173314761E+005
    888  5.760315017536162E-001  5.268754176821410E+003
    889  1.220163900482136E-001  9.295161969283641E+002
    890  4.910266735575048E+001  6.007401434324692E+005
    891  3.126923029487413E-001  3.356799100265121E+003
    892  5.107004171402095E+001  6.070575681069794E+005
    893  1.647315616122298E+000  1.588381672433610E+004
    894  8.975849825191586E+000  1.010681392320509E+005
    895  9.123414555725677E+001  1.136424050892340E+006
    896  1.146617081082284E+001  1.301336612332298E+005
    897  1.273676501896678E+002  1.502784952278473E+006
    898  9.028646086984834E+001  1.047614107199493E+006
    899  1.171030779124029E+001  1.192407236358745E+005
    900  5.816067804652585E-001  5.877709834150631E+003
    901  1.001710709543265E+000  9.235262535776525E+003
    902  1.134860024572391E+002  1.401988277102136E+006
    903  2.026238349910872E+001  2.101558601314030E+005
    904  2.736631881181079E-001  2.637932933234035E+003
    905  9.721601475975777E+001  1.090215509353636E+006
    906  4.666206233885984E-001  4.786817365456836E+003
    907  2.854799519822890E+001  3.357069646351131E+005
    908  1.126375209908222E+000  1.032381999271974E+004
    909  9.104576492238445E+001  1.139011773213625E+006
    910  5.443610473301955E+000  5.370276607241312E+004
    911  1.774746408671629E+002  2.039111836658780E+006
    912  3.944529951508448E-001  3.635956300376412E+003
    913  4.510669438845262E+000  5.226824267357453E+004
    914  1.164347451069492E-001  7.499329016579236E+002
    915  2.646055711853805E+000  2.770589602306897E+004
    916  1.593262110217240E+001  1.931617549382772E+005
    917  2.115017520381494E+001  2.469233677143722E+005
    918  6.917018710734607E+001  8.583660980513328E+005
    919  2.035619473000179E+001  2.247047584922400E+005
    920  8.796277984585735E-001  8.361297453672438E+003
    921  1.003882632082235E+001  1.200803499213102E+005
    922  3.952556638191741E+000  4.237022618203556E+004
    923  3.418662900710406E+000  3.557939885632480E+004
    924  1.204630442101504E+002  1.448493169580946E+006
    925  5.622576058964680E-001  5.070007184229308E+003
    926  5.992947100353989E+001  6.211635397776980E+005
    927  3.419859840356845E+000  3.440784895188725E+004
    928  1.351241278852067E+002  1.549396237310969E+006
    929  1.616485731209398E+002  1.856640046937436E+006
    930  1.617567277345347E+002  1.824049377428542E+006
    931  1.383777371823303E+000  1.373121760489737E+004
    932  1.432432118151484E+001  1.622421231194469E+005
    933  1.352146266138876E+000  1.410287781280311E+004
    934  1.095530599615902E+002  1.354673721772786E+006
    935  5.552823493192727E-001  5.101440677684485E+003
    936  1.721343973766647E+000  1.982966818038637E+004
    937  1.462453029028511E+002  1.649148040368603E+006
    938  3.283968434235140E+001  4.027282183776151E+005
    939  8.680097903293664E-001  8.115578143708673E+003
    940  3.769076044790022E+001  4.475290762806591E+005
    941  7.016473135335405E-001  7.812821514325114E+003
    942  3.238256078437499E+001  3.902605356404668E+005
    943  7.895254053638848E+000  9.477822972625558E+004
    944  2.512219948252699E+001  2.982757222541078E+005
    945  2.490693894971317E+001  2.900841095740983E+005
    946  2.720333498887528E-001  2.545375155057198E+003
    947  8.521566294590384E+001  9.788089801401192E+005
    948  3.788493379464217E+001  4.579740194633594E+005
    949  2.086788510669384E+000  2.173788545165011E+004
    950  1.895348129432999E+001  2.182245479642665E+005
    951  1.271172876973405E+000  1.345217888710361E+004
    952  6.161863538874830E+001  6.957476593104078E+005
    953  2.619552872616548E+000  3.012842179315655E+004
    954  2.211916718962468E+002  2.796952042569233E+006
    955  8.361654130564804E+001  1.055948641369193E+006
    956  8.251030174204533E-001  9.910210457345467E+003
    957  9.960293867223163E-001  9.785421642535775E+003
    958  6.503922058128211E+001  8.179346612822684E+005
    959  4.575160323770274E-001  4.567562545766473E+003
    960  4.421098424457022E+001  5.535212180688132E+005
    961  8.854916433173076E-001  8.835422805184222E+003
    962  2.261098349660116E+001  2.669541119938184E+005
    963  2.930781146450809E+000  2.918176015638912E+004
    964  1.037716345000428E+002  1.296710050308620E+006
    965  2.510359876005606E-001  2.639265638562456E+003
    966  2.407244104932069E+002  3.013275468979205E+006
    967  1.715820379747032E+001  1.890349700481642E+005
    968  2.679272534958041E+001  3.044593564834828E+005
    969  1.891979442044735E-001  1.612411418211097E+003
    970  1.188494675496427E+002  1.447304026021008E+006
    971  2.687587982343413E-001  2.628903600511342E+003
    972  3.217195897228025E+001  3.968095861338102E+005
    973  1.199112185447683E+002  1.380454283188546E+006
    974  3.880311750445818E-001  3.666457787591145E+003
    975  1.002363634987190E+001  1.171406014365727E+005
    976  2.610461482190151E+001  3.193623430286713E+005
    977  8.122886329575227E+000  9.168357212444278E+004
    978  2.795009426149561E+000  3.292948185156267E+004
    979  4.454633466377991E+001  5.150006890797687E+005
    980  7.786739189621464E-001  8.214671236145188E+003
    981  1.237759267972682E+002  1.561139609232038E+006
    982  2.412916345507696E+000  2.656382098639719E+004
    983  1.243473641222194E+001  1.407842075204175E+005
    984  1.344496784198916E+001  1.547545326174361E+005
    985  1.849127671829338E+000  2.018514114021047E+004
    986  2.146424643908454E+001  2.665059913560768E+005
    987  7.057276956759003E-001  6.691378900927383E+003
    988  1.390976083511517E+001  1.686970471457221E+005
    989  1.162075734649282E+002  1.453369433903021E+006
    990  1.337276007619382E+000  1.255364870075234E+004
    991  2.615050610918693E+002  3.249324511518938E+006
    992  6.478679382654185E+001  7.419225563257262E+005
    993  6.452874344179725E-001  7.133703995916636E+003
    994  2.172569305740622E+000  2.075593098580437E+004
    995  3.423888199736321E+001  3.450579512118839E+005
    996  4.478478829122653E-001  5.062295510901110E+003
    997  1.301859846079299E+002  1.603321609477680E+006
    998  2.367214538232707E+002  2.803738351918214E+006
    999  1.073894347823972E+000  1.316229690612315E+004
   1000  1.093189431600433E+002  1.273559185571669E+006
   1001  2.964496509168101E+002  3.588648233684277E+006
   1002  3.130992054458789E+000  3.541009921141977E+004
   1003  7.614187546666482E-001  7.880678482205702E+003
   1004  2.749077482514419E+000  2.672681262083425E+004
   1005  4.636243742923102E+001  5.542506613893481E+005
   1006  1.968439602999684E+002  2.271489552873605E+006
   1007  3.247464169051122E-001  3.270317773275921E+003
   1008  8.123238225486318E+001  9.112824075969931E+005
   1009  9.376746324688253E+001  1.053299437112647E+006
   1010  1.496675066176826E+000  1.500601325363007E+004
   1011  4.008257333055558E+001  4.432780529104324E+005
   1012  7.397681003257507E-001  7.376055594473587E+003
   1013  3.428241287060329E+001  4.142012075220731E+005
   1014  2.211619009596578E+001  2.412507067182759E+005
   1015  5.489125580409470E-001  6.510284361655780E+003
   1016  1.012582007743465E+002  1.234864499050482E+006
   1017  1.570749143252830E+000  1.473259758262248E+004
   1018  1.044165845201203E+002  1.269371996276412E+006
   1019  8.060794680426049E-002  5.317947911466900E+002
   1020  1.473766425012149E+002  1.840959875753120E+006
   1021  3.087214433592188E+001  3.804679933160991E+005
   1022  7.048057178469985E+001  8.704038126567393E+005
   1023  4.348311249159669E-001  3.728131597011427E+003
   1024  2.821661190469895E+002  3.449983504192591E+006
   1025  8.313244781484952E-001  8.188293235462815E+003
   1026  1.100052953453671E+002  1.293566518598868E+006
   1027  1.700806266199759E+002  2.009250316476738E+006
   1028  3.043748996144285E+000  2.977860532720472E+004
   1029  2.268403473656313E+002  2.452041233759854E+006
   1030  8.997353489861615E-002  6.192758055729701E+002
   1031  1.168576681267553E+002  1.383214331857931E+006
   1032  6.997953896437836E+001  7.936287417556256E+005
   1033  1.887497105055566E+002  2.016842561209213E+006
   1034  5.279489390906020E+001  6.379651137541650E+005
   1035  1.620847685944608E+000  1.544695922547711E+004
   1036  2.132581242081238E+002  2.108445560122958E+006
   1037  2.556862604503027E-001  2.283153280785195E+003
   1038  8.768859593624875E+002  7.899475259403877E+006
   1039  8.989697896081930E+002  9.645821001799455E+006
   1040  4.134449605650762E+000  4.231116095342518E+004
   1041  8.647329232542303E+002  7.974335235649413E+006
   1042  6.484263603165032E+002  8.007476219762587E+006
   1043  1.771728891674584E+000  1.660497774673386E+004
   1044  4.389576548021593E+002  5.103910211107621E+006
   1045  3.324302534641431E+002  4.055322891171057E+006
   1046  8.932111575516021E+000  9.602074275251530E+004
   1047  1.316779306255241E+003  1.210717375843103E+007
   1048  1.170472951650541E+003  1.245784333417991E+007
   1049  1.571419941953388E+000  1.784548797485429E+004
   1050  3.149080537996773E+002  3.660764661840506E+006
   1051  1.813696751785014E+000  1.710882519921814E+004
   1052  1.533607270892053E+003  1.761626621295200E+007
   1053  2.834858524472917E+002  2.997600276354339E+006
   1054  1.166816739114934E+000  1.143782313832184E+004
   1055  4.126271542155422E+002  5.008626082843870E+006
   1056  3.411863292391469E+000  4.065093695976715E+004
   1057  3.205228283015032E+002  3.760926633064226E+006
   1058  5.944123750434665E+002  6.824860306081521E+006
   1059  5.044661051626218E-001  5.500007044661190E+003
   1060  1.486979453166926E+003  1.693030862689246E+007
   1061  2.448915995671686E+002  2.646688382601969E+006
   1062  3.750900955006233E+002  4.307297053879701E+006
   1063  6.809173713453273E+000  7.141153948975097E+004
   1064  1.016650469751607E+002  1.109774052491968E+006
   1065  2.419912317278778E+000  2.519010767162809E+004
   1066  5.156749217342754E+002  6.378093725371636E+006
   1067  8.905980116188429E+002  1.051381088524716E+007
   1068  4.145633542425005E+000  4.138953873670480E+004
   1069  1.527200408518006E+003  1.618461441184993E+007
   1070  1.103179712387216E+004  1.231665465655776E+008
   1071  7.274542019228220E+002  8.671894928868035E+006
   1072  2.076076750517189E+003  2.047553063391813E+007
   1073  6.696279583538010E-001  7.030293015315601E+003
   1074  3.295420035271221E+003  3.925577883858736E+007
   1075  2.890071217465322E+002  2.901400474254714E+006
   1076  5.604685922061253E+001  6.746636610318820E+005
   1077  1.434478009889730E+001  1.609945818935009E+005
