# dt =   1.000000000000000E-004
# j, New nj, Rate of change (1/s)
      1  1.890407619587537E+001  3.519341837973792E+004
      2  8.976878424348509E+001  2.689888506237766E+005
      3  1.109167272300940E+001  1.633976471678870E+004
      4  3.465826230481333E+001  6.485586211944252E+004
      5  7.615706170949215E+001  1.234809063881106E+005
      6  1.065145527391443E+001  1.473025574443945E+004
      7  7.047367963247076E+002  1.174441226920099E+006
      8  3.503189747959040E+002  5.829691831090371E+005
      9  4.138400730046430E+001  1.057088804984785E+005
     10  4.609997167601382E+001  8.384583678885132E+004
     11  3.775774110252437E+001  6.075067584372070E+004
     12  2.436798177295965E+001  4.809062584962458E+004
     13  3.438335158990068E+000  3.320927459735247E+003
     14  5.841313057888410E+001  1.049180283787023E+005
     15  3.495668949127198E+000  3.493894134673805E+003
     16  2.354658281997482E+002  4.477625292138497E+005
     17  4.210673489451576E+001  7.579894601327296E+004
     18  1.229982236278411E+002  2.036029925343628E+005
     19  2.792589639221800E+000  2.409500423339459E+003
     20  3.893240652858601E+001  6.225420039955063E+004
     21  1.230966307164703E+001  1.727138373126378E+004
     22  1.327846679321372E+001  2.537809868064443E+004
     23  3.773241719635044E+002  6.275558218513509E+005
     24  2.863952315581195E+002  4.742134018753045E+005
     25  2.544924775518317E+000  2.174089642117754E+003
     26  2.118315364129690E+001  3.644504820595794E+004
     27  2.337103504799807E+002  6.113808304756031E+005
     28  1.120570222865090E+001  1.939209931333101E+004
     29  1.340230446801715E+002  2.887843020545900E+005
     30  6.286514585944863E+000  8.202789899792026E+003
     31  6.849318687118145E+001  1.134202021485829E+005
     32  6.218943491542662E+001  1.167304528696748E+005
     33  1.687431290446825E+001  2.982813699337313E+004
     34  9.792455772378799E+000  1.428216901087460E+004
     35  4.629981378845996E+001  1.289653907208942E+005
     36  2.248621528559532E+001  3.449257790753168E+004
     37  3.161904626922007E+001  7.430855062035630E+004
     38  2.780924315371640E+002  4.689720914720965E+005
     39  2.821240445990566E+001  5.858940906122616E+004
     40  3.501302688902901E+001  8.638129845503184E+004
     41  1.912752399251746E+001  4.672165497054908E+004
     42  1.465905552402171E+001  2.904012317515218E+004
     43  1.369569034770478E+001  2.192969010246491E+004
     44  2.468302414322687E+001  6.543524964258940E+004
     45  1.584030327852848E+001  3.537627168542993E+004
     46  1.513779776398979E+001  2.400970923763733E+004
     47  1.197427842039469E+000  1.818653699988517E+002
     48  1.222421044366020E+001  2.342431468049021E+004
     49  4.280336473029158E+000  6.710073701223373E+003
     50  5.221835895650833E+000  8.097942999850061E+003
     51  2.859011401186584E+001  7.505589403083450E+004
     52  8.871647601980230E+000  1.693386684616661E+004
     53  9.176379415603154E+000  1.539094213271186E+004
     54  1.798023399751385E+001  4.072474952712058E+004
     55  3.474822475790336E+001  7.873559598890468E+004
     56  1.208638909216967E+000  2.681848751243907E+002
     57  2.712944424443671E+001  5.971384989582566E+004
     58  1.005302424790498E+002  1.658754602065523E+005
     59  1.767926936841628E+000  1.439776868694376E+003
     60  8.263504232910788E+001  1.864092476541176E+005
     61  3.733603916688069E+000  4.365929268180237E+003
     62  8.068525879605382E+000  1.232601886244405E+004
     63  7.713060490013922E+000  1.235761259000503E+004
     64  1.573295756542118E+002  2.647104188079222E+005
     65  3.058284623820076E+002  7.664152284154211E+005
     66  2.520660172321904E+001  4.045488427300064E+004
     67  6.325644092383498E+001  1.407017643107740E+005
     68  6.674907555208412E+000  9.654251139820799E+003
     69  1.641998316070561E+001  3.109724430140700E+004
     70  7.627746409365726E+001  1.883662758363827E+005
     71  8.330462185982984E+001  2.037532513791533E+005
     72  3.463829224920494E+000  3.943555413419080E+003
     73  2.165392480623092E+001  5.892868586087024E+004
     74  1.750157916452354E+001  2.879722923832391E+004
     75  4.676664029093665E+000  6.033286239505156E+003
     76  3.938472767731824E+000  5.259166120758182E+003
     77  5.581644958020042E+000  8.750776241238380E+003
     78  7.391961185671346E+000  1.128647102416911E+004
     79  2.333369394165043E+001  5.205809641308817E+004
     80  5.392912906280986E+001  1.484456971230861E+005
     81  7.944948719721726E+000  1.543421377884596E+004
     82  9.509818596983870E+000  2.200432895396458E+004
     83  4.019705914278110E+000  7.182170769728273E+003
     84  4.577560110923555E+000  6.197184739145489E+003
     85  3.915718208866855E+001  6.229776731122188E+004
     86  7.381070557805899E+001  2.164877758036647E+005
     87  1.663729298428852E+000  1.971457621282932E+003
     88  2.722805949652348E+000  3.115351436253847E+003
     89  1.627933056189641E+001  3.015877155654177E+004
     90  1.123449449506026E+002  3.241013001899390E+005
     91  5.602928446551670E+001  1.343960267041169E+005
     92  2.732898789090105E+001  5.821353384043765E+004
     93  5.387119978114994E+000  1.222649175161099E+004
     94  2.196287895666319E+001  5.939727391772731E+004
     95  2.758182503063588E+001  4.432808909587251E+004
     96  9.093419426952021E+000  1.383092305758639E+004
     97  1.970973148355656E+001  4.098428096176445E+004
     98  1.671260208847171E+001  4.577212922851744E+004
     99  2.512775777336529E+000  3.563392950421438E+003
    100  4.806128357065823E+001  1.211774794099532E+005
    101  1.321452638076392E+001  2.176967624662982E+004
    102  2.106339967566930E+001  4.939300205800106E+004
    103  1.157844516179144E+002  3.373153499600038E+005
    104  5.594062227099597E+000  7.885139290742674E+003
    105  1.636991934874387E+001  4.339593494256933E+004
    106  1.362099875760085E+001  2.183418985700712E+004
    107  3.520950525020496E+000  4.326868917806639E+003
    108  2.284394458578782E+001  4.674851897822101E+004
    109  8.757835898168283E+000  1.350205853764854E+004
    110  2.033637548855767E+001  4.728620206791248E+004
    111  5.405242328264429E+000  8.908672338786257E+003
    112  6.502145373527682E+000  1.223377473035082E+004
    113  5.925370576100280E+000  1.272947168150754E+004
    114  1.564859670340887E+002  2.569267219285849E+005
    115  2.529860846743642E+001  5.885156587846483E+004
    116  7.880980592850635E+000  1.230489356825152E+004
    117  2.284760812218554E+001  4.412547101733849E+004
    118  4.628502341539907E+000  6.646064343577797E+003
    119  1.475103968994282E+001  2.540522838010208E+004
    120  2.007859129064059E+001  4.621106849291037E+004
    121  8.140161388808480E+000  1.204977236268583E+004
    122  1.548418731401608E+000  1.112584564113515E+003
    123  2.885399244652105E+000  3.541417780347298E+003
    124  9.830249818113975E-001  1.796287673527542E+002
    125  1.093267786110743E+001  2.572394891285211E+004
    126  8.748409990221472E+000  1.993447288418281E+004
    127  3.079600784666627E+000  5.375355018235059E+003
    128  8.163408742635511E+000  1.952468358372770E+004
    129  1.461634023578442E+000  9.615842498478384E+002
    130  5.478107967747325E+000  8.940627056450883E+003
    131  1.561442050155545E+001  2.466113256774395E+004
    132  6.948613452071674E+000  1.065200093033493E+004
    133  1.341782260338194E+001  2.079996554677073E+004
    134  1.290397261563724E+001  1.954777310181230E+004
    135  9.902050855519688E+000  2.014811590859889E+004
    136  7.307769963325908E+000  1.519187686969158E+004
    137  1.256036907831067E+001  1.993621355852895E+004
    138  1.110658469342589E+001  1.843960104824214E+004
    139  7.052622875630403E+000  1.536859710071346E+004
    140  4.872775418708693E+000  1.003069768302122E+004
    141  6.168473141059451E+000  9.503837843361396E+003
    142  4.462675023682210E+001  7.359888506856152E+004
    143  1.548992586078066E+001  2.555283325616376E+004
    144  1.736016138569699E+001  3.632002584794732E+004
    145  3.840122238353392E+000  6.415250567619726E+003
    146  9.440428827888778E-001  1.554527624959827E+002
    147  3.041621569998004E+000  3.576987036489294E+003
    148  1.251999322298787E+001  2.341534459424698E+004
    149  1.747986501130003E+001  3.675113143341485E+004
    150  7.179860873874290E+000  1.033887154991404E+004
    151  4.598151065409247E+001  1.264435222246064E+005
    152  2.601478313145349E+001  6.400488791818094E+004
    153  1.205290280238502E+001  1.868616661279997E+004
    154  1.395998709646201E+002  4.315942442015197E+005
    155  1.471240260837891E+001  3.287996696810035E+004
    156  1.060412908228219E+001  1.633980059996816E+004
    157  1.321230325232252E+001  2.644750044580854E+004
    158  1.521545047351651E+001  2.448255173067981E+004
    159  1.972032215576529E+000  3.134547972946459E+003
    160  2.257700850241642E+001  4.268226244104714E+004
    161  2.235333331821086E+001  3.638756507449813E+004
    162  2.271398683536725E+000  2.345671184666942E+003
    163  6.361516631735867E+001  1.828124329035843E+005
    164  7.775142116216873E+001  2.133843978003215E+005
    165  6.260835299405041E+001  1.824891305881031E+005
    166  1.261896626184280E+001  2.775203365553331E+004
    167  4.039095163344260E+000  5.556963278863965E+003
    168  7.536307775608738E+000  1.118567328267806E+004
    169  1.087144087770826E+001  1.863457204438544E+004
    170  2.153925713208149E+000  2.393841668033836E+003
    171  2.573203379709391E+000  3.185885048815415E+003
    172  6.256277832501049E+000  1.455789500554500E+004
    173  5.573172659921004E+000  1.181342908686426E+004
    174  8.561544767282108E+000  1.325707254139600E+004
    175  1.191447356451249E+000  9.100367034054951E+002
    176  3.811636674696336E+000  5.115926057359323E+003
    177  1.239620711270490E+001  2.727613602225976E+004
    178  7.975970336151140E-001  5.774201580624528E+001
    179  1.653817223321196E+000  1.503449209273223E+003
    180  1.125500438779786E+001  1.996947453096282E+004
    181  1.597755429608196E+000  1.596051565715244E+003
    182  3.444839104541476E+001  8.613413723253130E+004
    183  1.918730025642090E+001  3.166115863319760E+004
    184  1.255395675586760E+001  1.912691926434285E+004
    185  2.836636602895058E+001  6.374355390881755E+004
    186  1.971988998091159E+001  5.266582880178787E+004
    187  3.310239633561195E+000  4.276511377365755E+003
    188  2.455620294405877E+001  5.250272592381077E+004
    189  3.906684312528299E+000  5.606216203525153E+003
    190  1.143899987308341E+001  2.501910026935362E+004
    191  6.841430779173557E+000  1.037125925375309E+004
    192  9.838997001009286E+000  1.930190873380776E+004
    193  1.584272959129624E+001  3.850629682230423E+004
    194  3.428932271796667E+000  6.644687381293672E+003
    195  1.377155915065408E+001  2.513831568810724E+004
    196  1.097937972231298E+001  1.744029190049163E+004
    197  1.582956891312025E+001  3.096924787001308E+004
    198  1.577237183316375E+001  4.005020319038655E+004
    199  4.666001257170592E+001  7.885594680913717E+004
    200  1.332491607211405E+000  1.006830646525472E+003
    201  4.520383464359158E+000  7.661954609627949E+003
    202  1.361537879402847E+001  2.205986462495009E+004
    203  2.323148025176331E+000  4.011648322457275E+003
    204  4.995877018233383E+000  1.085607848747885E+004
    205  2.134043749664148E+001  3.490248367735508E+004
    206  8.384021746279931E+000  1.489445187741457E+004
    207  2.771848968574940E+001  4.638099678215341E+004
    208  7.328921896119891E+000  1.089183318869389E+004
    209  1.643575068007264E+001  2.928403282889574E+004
    210  8.037631434199211E+000  1.831580689675593E+004
    211  9.529719781547790E+000  1.833957300952467E+004
    212  1.700118821240768E+001  2.712786412257142E+004
    213  3.496673561372730E+000  7.229721253383247E+003
    214  5.278382891105588E+000  7.535266508245403E+003
    215  8.792905183607095E+000  1.373500233491552E+004
    216  1.861956389558640E+000  2.016556214976415E+003
    217  1.353789232031666E+001  2.432040275506489E+004
    218  9.896869212513975E+000  1.514251497303740E+004
    219  6.769297088293381E+000  9.749410573779596E+003
    220  1.520013601142481E+000  1.384036693370584E+003
    221  1.382624759906239E+001  2.209138183989289E+004
    222  9.040896589194704E+000  1.684083890131633E+004
    223  7.456867944961084E+000  1.506571347734159E+004
    224  1.119567166841867E+000  6.865436220883897E+002
    225  1.129279849315963E+000  7.144927165864959E+002
    226  6.224610310986932E+000  1.179419344907288E+004
    227  1.172664345373375E+000  8.116783477226237E+002
    228  8.789442328562425E-001  3.136987700725878E+002
    229  4.421191082796458E+001  7.249293796995613E+004
    230  1.890142244166234E+001  4.349692647830857E+004
    231  7.912132735399470E+000  1.174478742774116E+004
    232  3.849508263106883E+001  9.882452779479283E+004
    233  1.050383286773824E+001  2.288532105323893E+004
    234  2.925553216405023E+000  3.752452764804058E+003
    235  8.926481539303768E-001  4.154512384159281E+002
    236  1.885771797956307E+001  4.104515624842609E+004
    237  6.249642879743537E+000  9.378768915145551E+003
    238  5.260295441079322E+000  1.137134263562193E+004
    239  9.100768729413485E+000  1.485897977624832E+004
    240  6.180505197514249E+000  1.305818925982861E+004
    241  1.346910085814494E+001  2.715588385416579E+004
    242  3.323193019913330E+000  4.437864544504841E+003
    243  1.370811454219417E+000  1.329513466214313E+003
    244  5.949280242320807E+000  1.119394592560171E+004
    245  1.900229464695014E+001  4.084446793431892E+004
    246  1.058554181143451E+001  1.702076512261679E+004
    247  4.130893206491433E+000  8.559720683084446E+003
    248  7.456845158101838E+001  1.790591020894150E+005
    249  2.520097204553117E+001  5.041535489724371E+004
    250  1.879582591676654E+000  1.998025827224962E+003
    251  1.566733308916974E+001  2.834956112732329E+004
    252  9.040660309733786E-001  4.652315884502358E+002
    253  3.759187360254639E+001  7.824033889496553E+004
    254  9.965469989143104E+000  1.960652603895583E+004
    255  3.764862893899370E+001  6.180212370585089E+004
    256  4.877615493511503E+000  1.054398576746256E+004
    257  2.436177764829067E+000  3.090816288608752E+003
    258  3.284080643333498E+001  8.140526130652566E+004
    259  7.577739682359859E+000  1.728853744344342E+004
    260  2.332850548353325E+000  2.774717162794010E+003
    261  4.132359906897468E+000  6.126396513902059E+003
    262  6.197360992013772E+000  1.210846831433043E+004
    263  6.972682232881460E-001  1.517321258160197E+002
    264  1.214045528993211E+001  2.776185520452129E+004
    265  1.051032112493918E+000  9.118623456866029E+002
    266  4.108087658498616E+000  7.085887073910555E+003
    267  2.467773332598700E+000  3.622632433790057E+003
    268  1.153298531044456E+000  9.283560959835849E+002
    269  2.073002464163895E+000  2.536030620407830E+003
    270  3.972677807484412E+000  6.893770074362051E+003
    271  1.500723657560989E+000  1.632607879528323E+003
    272  1.171627829475702E+001  2.959852516102809E+004
    273  6.041204705992905E+000  1.186288980719931E+004
    274  1.074428547166530E+001  2.550082099856711E+004
    275  8.175317887986495E+000  1.219670058359024E+004
    276  2.360551719151759E+000  4.272081094876279E+003
    277  1.368291885251792E+000  1.396100721984083E+003
    278  2.337801128104581E+000  3.455015539526570E+003
    279  1.806904278613427E+001  3.563774800031615E+004
    280  7.447323347997926E+000  1.967895037281319E+004
    281  9.291835189433431E+000  1.658027346530800E+004
    282  1.719812062200053E+001  2.778552766161415E+004
    283  7.416923356732642E+000  1.498035699623901E+004
    284  1.091720397770203E+000  8.562105972165838E+002
    285  1.143662332030957E+001  2.214468112339363E+004
    286  8.019292657594252E-001  4.134929715233987E+002
    287  2.138940085882552E+000  3.125416943403163E+003
    288  1.186320461829996E+001  2.115307154435065E+004
    289  1.650533529327087E+001  2.960864344405620E+004
    290  8.020851163586498E+001  1.614856386491387E+005
    291  1.260007928985207E+002  2.658647985397593E+005
    292  2.656406857147106E+001  4.476115403187033E+004
    293  5.684596672807123E+001  1.562686281208576E+005
    294  3.299738702884260E+001  6.222799828636673E+004
    295  2.414005881713015E+001  3.754341217153295E+004
    296  3.408549825789913E+001  6.411082686346903E+004
    297  4.864889504949723E+001  8.826056382036094E+004
    298  2.405306754375846E+002  5.176511016038465E+005
    299  5.927438766774503E+001  1.133268634734478E+005
    300  2.615953740839600E+002  4.821446365973018E+005
    301  1.103369167059047E+002  1.830590037650694E+005
    302  7.843761056659694E+001  1.368065846165256E+005
    303  5.789854317318967E+001  1.081552588535206E+005
    304  5.430226528199712E+000  8.052525999221013E+003
    305  3.226919365902104E+000  4.487731657584140E+003
    306  3.012322090605626E+001  5.652031247326629E+004
    307  3.417154980683188E+000  4.685037242668294E+003
    308  9.333890590318060E+001  1.785782179912307E+005
    309  7.674330319502684E+000  1.196703313880520E+004
    310  1.963760882627381E+001  3.973319459138996E+004
    311  9.038161728026271E+000  1.537996177009892E+004
    312  1.251984853324293E+001  2.092653782355516E+004
    313  2.309107829337417E+000  2.842814770156445E+003
    314  3.934214453440881E+000  5.537294535160069E+003
    315  1.118248692493622E+000  1.004676189076193E+003
    316  7.127095091586335E+000  1.143868527584041E+004
    317  3.802322174114003E+000  5.392553143432394E+003
    318  1.613197260645191E+001  3.814212428459909E+004
    319  5.744875750150542E+000  1.019377790825327E+004
    320  1.216545557398999E+001  1.943597942643136E+004
    321  6.578669419508859E+000  1.184083484127545E+004
    322  2.048974314065898E+000  2.893194292447809E+003
    323  2.434535422816781E+000  3.083711067205177E+003
    324  5.587237322497138E+000  8.294794161939484E+003
    325  9.673717359710784E+000  1.572292753141948E+004
    326  2.482281156101619E+001  4.655322723860669E+004
    327  8.514619208717521E+000  1.342305333458934E+004
    328  1.100013450543222E+000  9.099863515709562E+002
    329  2.215112184397426E+001  4.527441754082326E+004
    330  5.391968749716481E+001  8.906303944550392E+004
    331  1.396784003214657E+001  2.255268255558428E+004
    332  1.426678850537409E+001  2.413639734099401E+004
    333  8.254546371754568E+000  1.802659864961425E+004
    334  3.628003669104715E+000  5.060691956493552E+003
    335  3.591001231315904E+001  6.707770766122827E+004
    336  6.700600907526616E+000  1.038553741376772E+004
    337  2.255787399068817E+000  3.135368448056516E+003
    338  6.980068340381264E+000  1.084867953198669E+004
    339  2.288863489335267E+000  2.951218225084503E+003
    340  6.040175589350954E+000  1.458225086236799E+004
    341  1.732287232491635E+001  3.817476410186127E+004
    342  9.243532984307395E-001  7.253325058245697E+002
    343  8.514719744316723E+000  1.856701337448263E+004
    344  3.551300844037728E+001  7.065426631905466E+004
    345  1.365886499623496E+000  2.232520517136665E+003
    346  4.094600464629092E+001  1.043840066856317E+005
    347  3.304503612739981E+001  5.436250684015441E+004
    348  1.930018094133934E+001  3.176975565203949E+004
    349  3.597997488897011E+000  6.777743621897159E+003
    350  8.543115434750201E-001  6.507945404303158E+002
    351  2.962464962670951E+000  5.541985993055165E+003
    352  8.734600123098867E+000  1.385172733087174E+004
    353  1.507584976612337E+000  1.959688505536867E+003
    354  1.114379063326846E+000  1.073380996449550E+003
    355  4.900851313263377E+000  9.198868680904328E+003
    356  1.939786336186645E+001  4.335643413661156E+004
    357  8.811995351228482E+000  1.404820938007704E+004
    358  9.648873226126737E+001  1.959241291415175E+005
    359  7.393423166939015E+000  1.637026161702367E+004
    360  3.418445650723203E+000  5.460942919683926E+003
    361  2.595078502722299E+000  3.625851357005085E+003
    362  7.315447761089506E-001  4.456059944905547E+002
    363  5.076345503809506E-001  8.250220655991625E+001
    364  3.991787066245490E+000  7.400395067498127E+003
    365  2.768930016795734E+000  5.206134550982672E+003
    366  1.028443041034932E+000  9.816667923872993E+002
    367  4.363952088962985E+000  8.945700571302443E+003
    368  9.358637115525866E-001  7.829237633630286E+002
    369  1.835186671384535E+000  3.503746311445680E+003
    370  1.328030200015491E+000  1.462769789617844E+003
    371  7.562543367765091E-001  5.247686659131401E+002
    372  4.554023897240895E+000  7.639470639520467E+003
    373  6.510983389595729E-001  3.876824766636122E+002
    374  1.246781681112910E+001  2.514814188630510E+004
    375  1.537009982986519E+000  2.120949793758164E+003
    376  8.695068551794369E+000  2.251445071061022E+004
    377  3.191566382005155E+000  5.208210452255105E+003
    378  3.017825887099004E+001  6.049006797500824E+004
    379  2.976125717500547E+001  4.936822855130717E+004
    380  2.317481301077186E+001  4.499324600746459E+004
    381  3.168892487813437E+001  6.243314501288764E+004
    382  5.826363671523183E+000  9.038475560843510E+003
    383  2.348685936359789E+001  4.446260229885756E+004
    384  4.030509005227067E+002  8.300209128269037E+005
    385  1.966319575537918E+001  3.246621872455074E+004
    386  6.967282369281369E+001  1.517924002047920E+005
    387  6.984213122185695E+001  1.343647338986171E+005
    388  4.394136439343263E-001  7.971744466693349E+001
    389  6.571010167336072E+000  1.026366443035338E+004
    390  3.341987277920822E+002  6.951841451265061E+005
    391  7.264123390044783E+001  1.417179250302893E+005
    392  2.734427824129682E+002  5.233248117449945E+005
    393  7.887911258344904E+001  2.090428770015512E+005
    394  5.898631919262243E+000  9.316868212043393E+003
    395  2.999732854484186E+001  6.980617203730762E+004
    396  2.577481939668144E+001  4.976358018807226E+004
    397  6.393764976210722E+000  1.250885053822107E+004
    398  4.410043638700172E+000  9.100421128678325E+003
    399  1.143839590725824E+001  2.494356289431294E+004
    400  1.491898680556436E+001  3.668316316195075E+004
    401  8.427943577964747E+000  1.333583830734057E+004
    402  6.900993829928605E+001  1.435707088098754E+005
    403  2.278923323233397E+001  3.862405280971422E+004
    404  1.300287337507115E+001  2.326157166844621E+004
    405  4.311362707136134E+001  7.870556586425737E+004
    406  3.804813581537778E-001  7.549365289657335E+001
    407  3.573166348119994E+001  8.902620267043768E+004
    408  5.692744652270637E-001  4.590847805550588E+002
    409  9.678068361056333E+000  2.002662328185589E+004
    410  1.600611383875007E+000  2.241069066368166E+003
    411  1.268800597171191E+001  2.463562430194070E+004
    412  4.449231082828843E-001  2.096586279198494E+002
    413  1.990454910095240E+001  3.871070789546641E+004
    414  1.591711275838885E+000  2.381183813271193E+003
    415  2.017858497614156E+001  4.017869865731627E+004
    416  1.243674882947929E+000  1.832273934478654E+003
    417  1.174934649056815E+001  1.943611438574295E+004
    418  6.071262584974808E+002  1.043250080069829E+006
    419  7.233822919774967E+001  1.655230736201028E+005
    420  1.978519679173051E+000  2.931124682384281E+003
    421  1.676216978119566E+001  3.189689458524685E+004
    422  9.949375372740010E+001  1.673697618559015E+005
    423  3.662937122666475E+001  7.701759063945313E+004
    424  5.930235442374627E-001  4.548685358537475E+002
    425  6.671529037566783E+001  1.223416538017611E+005
    426  1.653336933834578E+001  3.203044451985116E+004
    427  9.131197036983131E+001  1.771651180932829E+005
    428  5.339764071833338E-001  3.698326291130011E+002
    429  1.041516001052147E+000  1.269918949476825E+003
    430  4.634353564833360E+001  9.084917848343360E+004
    431  1.929844706121907E+001  3.824653026265857E+004
    432  2.766073280141250E+000  4.563042822513530E+003
    433  9.665274408574026E+000  1.771185184560617E+004
    434  3.557431277533567E+001  6.911764269641328E+004
    435  1.344696788691914E+000  1.802131996511988E+003
    436  1.687090318497046E+002  3.389708913195845E+005
    437  9.723457034394589E-001  1.274113001902830E+003
    438  5.557389052741890E+001  1.329428874773760E+005
    439  4.328219392875203E-001  2.195337728583152E+002
    440  1.623682100930619E+001  3.512853333506759E+004
    441  1.302346457598327E+000  1.605093915784723E+003
    442  4.574278029653823E+000  1.050639194635140E+004
    443  3.347459279471498E-001  4.482199160611941E+001
    444  4.181208380424960E+000  6.487491285762645E+003
    445  1.390578638279409E+001  2.957110574041794E+004
    446  1.598337628257172E+001  3.475475064530360E+004
    447  6.916127452046061E-001  6.776702540401910E+002
    448  1.936297611514869E+001  3.548053690424078E+004
    449  5.457918469102968E+000  8.997983243784935E+003
    450  3.376726200145178E+001  7.266411209697001E+004
    451  3.731311282035179E+000  6.339037768695853E+003
    452  1.273183648834940E+002  2.508947837210546E+005
    453  4.410735401128973E+001  1.033255392073083E+005
    454  1.012080107876301E+002  2.428021983623330E+005
    455  9.737647184961860E+000  1.933425388798067E+004
    456  5.540051935555000E+001  1.243397504335101E+005
    457  9.318264681141384E-001  1.071779918854644E+003
    458  4.593784546408422E+001  9.499033598991790E+004
    459  2.278322391142002E+001  4.183018437693940E+004
    460  2.031213794548831E+001  4.628652583595136E+004
    461  6.910724396737735E-001  6.876011079845398E+002
    462  2.336298964257906E+001  6.255894325186222E+004
    463  1.221540882340788E+000  1.512125445135021E+003
    464  2.847321185817111E+001  6.217852520888863E+004
    465  1.175821869766398E+000  1.472854037743134E+003
    466  3.982405439215617E+001  7.759469329929141E+004
    467  7.236850628115573E+000  1.450645241881847E+004
    468  1.729683704147761E+001  3.272450493071798E+004
    469  8.459379722233864E-001  8.946285510769063E+002
    470  1.511787424216215E+000  2.061184134783102E+003
    471  1.157340360673242E+000  1.446959752543745E+003
    472  1.302828134272677E+001  3.614385062699959E+004
    473  2.029580606253929E+000  3.452646314834121E+003
    474  4.455012685999394E+001  1.179196747396948E+005
    475  2.823242544499022E+001  4.857073410968659E+004
    476  1.038315072848204E+000  1.323928478573378E+003
    477  1.277297394445706E+001  2.782070042131695E+004
    478  1.634509573625262E+001  2.956341624730462E+004
    479  1.976505496351902E+001  5.291729462813128E+004
    480  7.003378675294742E+000  1.301252956461917E+004
    481  1.977736272644346E+000  2.714948284021136E+003
    482  1.237127841679774E+001  2.501109965280755E+004
    483  9.318481909923850E+000  2.068907220459130E+004
    484  1.272404600323244E+000  1.786959570192127E+003
    485  3.406734255493028E+001  6.885817993780349E+004
    486  4.370771278094768E+000  6.529636568126269E+003
    487  1.659407883940023E+001  3.782533094328944E+004
    488  7.026939903560554E-001  6.567628363886521E+002
    489  8.336036526342147E+000  1.913539827811059E+004
    490  4.202090926188283E-001  2.497983027300843E+002
    491  3.205378461704991E+001  5.611434131484062E+004
    492  1.406284029362279E+001  2.813374179103551E+004
    493  6.861497409258170E+000  1.105480557877821E+004
    494  7.366216477679751E+000  1.644990990221504E+004
    495  7.267538114634692E+000  1.573593475180897E+004
    496  4.415328445794628E-001  3.133057531018238E+002
    497  1.305994270656788E+001  2.750254008694935E+004
    498  8.000037138409384E+000  1.645330652230246E+004
    499  2.896458165564148E-001  2.923689346186403E+001
    500  6.679880841119823E+000  1.344227026865363E+004
    501  2.882732310930391E-001  2.986012387030852E+001
    502  2.876285754469393E+000  4.409366175680023E+003
    503  1.363956012050706E+001  3.504620844737770E+004
    504  1.704572017566605E+001  3.680566097405663E+004
    505  1.945212120032706E+001  4.057131378650186E+004
    506  4.890792049846172E-001  3.693347793463172E+002
    507  2.084702788918121E+001  5.138493252659002E+004
    508  6.638080396794256E-001  7.551986121738699E+002
    509  5.169621209077179E-001  5.046700415640512E+002
    510  1.386198883403890E+001  3.294427278883690E+004
    511  1.264420918406917E+000  1.920321018963742E+003
    512  1.184334189436630E+001  3.184187663559769E+004
    513  1.352560624584702E+000  2.171895509363532E+003
    514  5.833505444699720E+000  1.274599206147807E+004
    515  2.699851702824550E+000  4.608303658709626E+003
    516  3.997458990726158E+000  7.272255963518182E+003
    517  4.490640393297138E+000  9.643797789707909E+003
    518  1.235781776550546E+001  2.895563195291463E+004
    519  1.047435038733632E+001  2.394137824734243E+004
    520  4.178183303039928E-001  3.055848117136796E+002
    521  2.908332567798479E+000  4.361780556594052E+003
    522  9.368825131418745E-001  1.230026312701299E+003
    523  3.181114634323758E+000  7.636161234006465E+003
    524  1.266097104954367E+001  3.787609505615217E+004
    525  5.698173814667365E+000  9.721041057472341E+003
    526  1.685331217235764E+000  2.451061214090459E+003
    527  4.607660299638622E+000  1.287052601810095E+004
    528  2.440874951462263E+000  3.690483468567834E+003
    529  1.392925216933090E+000  1.906225872648662E+003
    530  4.106768690067791E+001  7.689792585360982E+004
    531  3.937783079082061E+001  7.485704925351408E+004
    532  5.919443931738875E+000  1.072500935438426E+004
    533  1.384697680914067E+001  2.462090053296420E+004
    534  4.063759673697962E+000  8.245935066882248E+003
    535  5.987798006191542E+001  1.765259366197813E+005
    536  3.741963108672376E+001  6.201257854068766E+004
    537  1.573304223603905E+002  4.577359539252573E+005
    538  2.267683964834429E+001  4.390679671249932E+004
    539  4.145582612268353E+002  8.221393865823237E+005
    540  6.241788372008868E+000  1.492292015056779E+004
    541  6.333638086478710E+000  1.190879430541367E+004
    542  2.889684345544357E+000  4.692355264420168E+003
    543  1.541359975989507E+001  2.954324183073073E+004
    544  1.525138049902004E+002  2.541500806385324E+005
    545  6.885416345650595E+000  1.431383729942936E+004
    546  2.157464666363731E+002  3.595313033437378E+005
    547  2.841603026697935E+003  4.751085945239781E+006
    548  3.462948323584481E+001  6.412249148952970E+004
    549  1.177457258976090E+002  1.971155141810877E+005
    550  9.903905480741237E+000  2.732419334639916E+004
    551  1.386260641854654E+002  2.321417157267909E+005
    552  1.008866537081573E+002  1.741962716378082E+005
    553  3.014647516920800E+001  5.925952991426320E+004
    554  1.082079957367613E+002  1.807167371307840E+005
    555  4.297309421621863E+000  7.053147558187858E+003
    556  2.772128426019025E-001  3.484515446594273E+002
    557  8.261355505709417E+000  1.791775783104100E+004
    558  1.753215306343122E+000  2.822675547265299E+003
    559  4.318152027887126E+000  1.170437769424095E+004
    560  6.440955665369679E+000  1.071077372558150E+004
    561  2.438075730216489E+000  3.942324420724022E+003
    562  4.172309916674427E-001  5.701418469315180E+002
    563  1.132497557935996E+002  2.527384536772574E+005
    564  8.779083111450106E+000  1.467296732614561E+004
    565  3.644027003559791E+000  6.021703421311519E+003
    566  1.617421258764643E+002  3.345453573515287E+005
    567  1.255320591545240E+000  1.992675825495735E+003
    568  9.945015924888743E+000  2.013409545763123E+004
    569  8.429166820195279E-001  1.287911810037456E+003
    570  1.253278475424300E+001  2.401155689662290E+004
    571  2.308499570152571E+000  3.768897629983750E+003
    572  2.116209873511403E+001  3.986072730175294E+004
    573  3.434537544132888E+000  5.660737881388937E+003
    574  8.731942134627686E-001  1.324387423514540E+003
    575  8.950746152713638E+000  2.126475595264524E+004
    576  1.024701246528862E+001  1.791012825596003E+004
    577  2.056292283993664E+000  3.285187165005188E+003
    578  7.285450099105963E+000  1.314389559473476E+004
    579  9.166027477617436E-001  1.421323364461198E+003
    580  1.149793624058716E+001  2.059776799733663E+004
    581  1.024126558582512E-001  5.768566451413889E+001
    582  1.489572607812538E+001  2.583642807890504E+004
    583  1.177157248834828E+000  1.824339232344588E+003
    584  1.688793984388694E+000  2.769001096691164E+003
    585  8.956400263229218E+000  1.713105971947976E+004
    586  2.510180752727841E-001  3.069632778596406E+002
    587  2.636086526886453E+000  5.607984840725374E+003
    588  2.713668479564778E+001  6.160633300959656E+004
    589  9.909573131438888E-001  1.530399025681401E+003
    590  2.979626586157582E-001  3.724227815735696E+002
    591  3.676690087944506E-001  5.026454020440454E+002
    592  2.070253395342770E+001  4.309740777562500E+004
    593  2.057083605259088E+001  4.170706531180052E+004
    594  1.557230625527406E+000  2.495722632766643E+003
    595  8.283481144780344E-001  1.257706393062014E+003
    596  8.989618892119861E-001  1.419747529239015E+003
    597  4.795274226720831E+000  8.862531772886530E+003
    598  7.545587080786600E-002  1.242776590688064E+001
    599  3.750926337723099E+000  9.243476854143219E+003
    600  2.567121545712754E+000  5.658295421247493E+003
    601  4.130850524455525E-001  6.016759182377784E+002
    602  8.279279269957987E+000  1.803649555244694E+004
    603  1.664506393781456E-001  1.868406101069174E+002
    604  3.253642294871015E+000  6.938649329973796E+003
    605  1.857677556133656E+000  2.976310092826306E+003
    606  1.240148205397070E-001  9.282150797267288E+001
    607  3.857423489951139E+000  7.219079051093245E+003
    608  5.670825031921934E-001  8.403554453915466E+002
    609  2.615671556650083E+000  5.490700878669602E+003
    610  1.116538353738137E+000  1.763494024862658E+003
    611  3.045450446905932E+000  5.555922583782759E+003
    612  8.737035787568551E-002  3.623146541798786E+001
    613  3.428229342236494E+000  8.539234211712994E+003
    614  1.759372858950292E-001  1.872895603718828E+002
    615  2.208009227257291E+000  5.236979012545667E+003
    616  1.236543762777359E+000  1.981453468742908E+003
    617  6.414412064064185E+000  1.269311714663638E+004
    618  5.920015990066599E+000  1.163673426332183E+004
    619  3.148132541146675E-001  4.236031414585521E+002
    620  7.485262300433687E-002  1.315031916088848E+001
    621  3.713549687837229E+000  7.145810366318553E+003
    622  9.791146919890936E-001  1.501183259667014E+003
    623  3.614899334447685E+000  6.966101251042637E+003
    624  1.054410915155886E+000  1.636640201363238E+003
    625  3.313924531587303E-001  4.402209026517828E+002
    626  1.816705821785882E+000  3.373843639290379E+003
    627  2.676965171641351E-001  3.382228355292370E+002
    628  8.562858923265780E-002  3.117284849605943E+001
    629  8.473272490467333E-002  3.452832635560156E+001
    630  1.773920605830864E+000  3.064079668703655E+003
    631  1.296970416087167E+000  2.345262492734033E+003
    632  2.363457414049037E+000  6.315612969703209E+003
    633  5.717167553612080E-001  8.344135764540689E+002
    634  4.436671432291411E-001  6.287216058847602E+002
    635  1.620944227098287E+000  2.691922124357598E+003
    636  1.236299401033846E+000  2.048703441586091E+003
    637  7.690487506105048E-001  1.468233624427907E+003
    638  1.098722282504993E-001  7.445276940857464E+001
    639  1.770611865307489E+000  3.696063992005886E+003
    640  2.911357118085401E-001  3.962674634782913E+002
    641  7.883000332829332E-001  1.228658571677500E+003
    642  2.696153410825058E-001  3.363666455659491E+002
    643  9.717699965475599E-001  2.136636544828526E+003
    644  1.914896617472079E-001  2.127257590158042E+002
    645  1.226477293214531E+000  2.476927833301859E+003
    646  6.664381745331740E-001  1.181138953153649E+003
    647  6.883061460913660E-002  4.662878211976121E+000
    648  2.590133143123603E-001  3.342949410661744E+002
    649  1.313416951899826E+000  2.826903071190804E+003
    650  2.474127693724539E+000  4.604898860778119E+003
    651  2.691647963070103E-001  3.375045924304490E+002
    652  7.117898034622937E-002  8.359528466598027E+000
    653  1.116231270960954E-001  8.189630868888538E+001
    654  2.253977747080628E+000  5.211787498391386E+003
    655  2.484689552913788E+000  4.788657044789910E+003
    656  8.564158675724391E-001  1.324801995976950E+003
    657  3.182857103306045E-001  4.226482715347832E+002
    658  4.157347205578698E+000  7.644313927864037E+003
    659  5.246074811269702E+000  1.072221614301567E+004
    660  2.554386632035983E-001  3.277547514064831E+002
    661  3.317363293301965E+000  7.170335644383551E+003
    662  1.650708395466527E-001  1.672725055319506E+002
    663  3.273000460476386E+000  7.665167125521813E+003
    664  1.982428805782366E-001  2.298281261500028E+002
    665  3.705663877927675E-001  5.103817190837528E+002
    666  8.060343897137370E+000  1.459559745417508E+004
    667  2.855308340522472E+000  5.215162234884002E+003
    668  2.622852525753121E-001  3.360406952976102E+002
    669  8.040579818924423E+000  1.577764809990068E+004
    670  5.721318152221573E-001  8.667774091029564E+002
    671  3.478584721918338E+000  6.183425878805748E+003
    672  1.164391055514098E+000  1.826336914273881E+003
    673  7.756900857848755E+000  1.340289417363015E+004
    674  1.356578137327444E+000  2.150488865553805E+003
    675  5.049562451111619E+000  8.386287665221820E+003
    676  3.341757686574560E+000  6.043818887246319E+003
    677  2.483987676246966E-001  3.043753497755092E+002
    678  3.876085706559681E+000  7.553569660285567E+003
    679  3.325671553204186E-001  4.506152392972938E+002
    680  5.031613989314287E+000  1.342619740471916E+004
    681  4.230319079220172E+000  8.341203402389036E+003
    682  7.408362150237903E-001  1.130200243139924E+003
    683  2.124467617003840E+000  4.732015049080422E+003
    684  6.143622352862823E-001  9.230894978867186E+002
    685  2.775630495797782E-001  3.628162647702157E+002
    686  6.342397251213578E+000  1.194979639080753E+004
    687  4.309589757536877E+000  9.666715274388860E+003
    688  1.667448622346565E-001  1.772332037362068E+002
    689  4.326147507104191E+000  8.781492172896385E+003
    690  5.293108628302814E+000  1.045567858724340E+004
    691  4.407700717236922E+000  1.000814044087596E+004
    692  9.628256897135874E-002  6.426197375139162E+001
    693  1.521641010176287E-001  1.545467783722905E+002
    694  8.203314455694116E+000  1.732215076889546E+004
    695  6.465288558471677E-001  9.895816063698652E+002
    696  2.163976601191887E-001  2.699637702463716E+002
    697  4.575056706300383E+000  9.850989279241430E+003
    698  1.537746302958213E+001  3.316653915437911E+004
    699  2.504618853590788E-001  3.171652529440807E+002
    700  3.639576835803075E+000  7.282347005003722E+003
    701  7.477591815591512E-002  2.155235241772080E+001
    702  4.228983472291903E+000  8.066868679884416E+003
    703  1.687268090587779E-001  1.769239709388246E+002
    704  8.319868157766896E-002  3.283483440665830E+001
    705  1.661171385580847E-001  1.775532920728284E+002
    706  4.769332726375447E+000  9.531541826994770E+003
    707  2.803364688248300E-001  3.611213076448847E+002
    708  6.522015348916599E+000  1.461970122169319E+004
    709  4.595931590952142E-001  6.744906340997012E+002
    710  1.723611059385500E+001  3.419480456920775E+004
    711  1.646246559032490E-001  1.795591541273039E+002
    712  5.002782797509133E+000  1.276528333348445E+004
    713  8.590269574504839E-001  1.339806231236028E+003
    714  2.318369492258512E-001  2.806610222506337E+002
    715  2.150836503528281E-001  2.557378699382035E+002
    716  1.083912402212006E+001  2.216165388706238E+004
    717  6.614478531412840E+000  1.400079427199512E+004
    718  7.086116318415628E-002  2.001386816545989E+001
    719  2.067295044366711E+000  4.828800472440375E+003
    720  9.508411490409754E-002  5.501706693215615E+001
    721  5.482000951284753E+000  1.042900027614418E+004
    722  2.276728494711329E-001  2.930054896186803E+002
    723  7.577736402570345E-002  3.890418616164179E+001
    724  2.804818487144979E+000  6.318013544939596E+003
    725  1.024712809393984E+001  2.708408901993792E+004
    726  1.077894031199468E-001  8.177332554302978E+001
    727  3.386805361585589E+000  8.477525807157021E+003
    728  1.375322377503458E-001  1.290881405095860E+002
    729  1.113572655099762E-001  8.588124753950865E+001
    730  2.979491643576317E+000  5.960359749908690E+003
    731  1.337650882176862E+000  3.213109918960663E+003
    732  2.582901588936036E-001  3.263294114002140E+002
    733  2.270253809933162E+000  4.602062458500009E+003
    734  7.097720660849846E-002  1.982365932988897E+001
    735  1.030559908407679E-001  8.892130934425076E+001
    736  7.913806863688093E-002  3.286808427974196E+001
    737  5.970069430346105E-001  1.186801358167041E+003
    738  2.274253177769607E+000  4.554041383336379E+003
    739  1.580083193072082E-001  1.843301554876116E+002
    740  8.284126763814247E-002  4.982706843852142E+001
    741  2.922565486762027E+000  8.156853640668967E+003
    742  2.063421161362617E+000  4.579241361028041E+003
    743  6.462906550800022E-002  1.055942242058436E+001
    744  4.209731559322749E-001  6.016683971335059E+002
    745  4.398791723582429E+000  9.479991577978841E+003
    746  3.814777620130674E+000  6.749828423364884E+003
    747  1.194837272179897E-001  1.075621645912112E+002
    748  1.976841113264511E+000  3.664573952270246E+003
    749  6.663830839247322E+000  1.313954986674096E+004
    750  9.708994577403239E-002  6.317851071245726E+001
    751  2.064292569042752E+000  3.740525187498291E+003
    752  6.687143692034613E-002  1.370506333468936E+001
    753  8.744905018990114E-002  4.953363277475051E+001
    754  2.076836525806828E-001  2.803956120815325E+002
    755  1.942382879143075E+000  4.038456407081540E+003
    756  1.123788544903496E+000  2.514816476153464E+003
    757  2.400281153040647E+000  4.434240476293453E+003
    758  2.253636693400847E-001  2.762514981138310E+002
    759  6.759569452185188E-002  1.654023387494672E+001
    760  2.789328596350163E+000  5.553812231694992E+003
    761  1.668645072190520E-001  1.765335716764959E+002
    762  2.123496911641861E+001  4.128734935924183E+004
    763  8.069975309849113E+000  1.607137806939475E+004
    764  1.592149020173279E-001  1.724700113002463E+002
    765  5.324927289999082E+000  1.448011239959902E+004
    766  1.248104821904476E-001  1.237956580381296E+002
    767  1.965530331037574E-001  2.347984982639039E+002
    768  9.246018978608857E+000  1.885787285279173E+004
    769  5.143271644298909E+000  1.048408808655419E+004
    770  2.541078056430082E-001  3.213750365378550E+002
    771  5.568196953025952E+000  1.161902964842333E+004
    772  7.464243485522087E+000  1.600603831000397E+004
    773  6.776067733135259E-002  1.897728301875430E+001
    774  4.640455642778579E+000  8.014312778157276E+003
    775  6.799560361731728E-002  2.473230658232374E+001
    776  1.199874012427703E-001  1.113479705111876E+002
    777  1.284413365887466E+001  3.041694617802433E+004
    778  8.385163732530284E+000  2.002190112720002E+004
    779  1.041937194994730E-001  8.322750172247505E+001
    780  3.151138359158438E+000  6.100584312541025E+003
    781  2.806434165404905E-001  3.775005493339475E+002
    782  3.332671280588831E-001  4.638810005458210E+002
    783  1.156478087184336E+001  2.732140061167900E+004
    784  4.187231721058553E+000  9.742113596925707E+003
    785  2.251026496892598E+001  4.803584511904771E+004
    786  1.953452313419281E-001  2.339702309856308E+002
    787  4.979764633014574E-001  7.570594002668264E+002
    788  9.767742894869566E-002  7.157933290293477E+001
    789  3.147322995271754E+000  6.775036611650005E+003
    790  3.712196641004292E-001  5.330421732166536E+002
    791  3.742184829069610E+000  9.694776591533295E+003
    792  1.872074959346946E-001  2.336273439408800E+002
    793  1.459796848985303E+000  3.413824534746280E+003
    794  2.498308787866576E-001  3.290086180188304E+002
    795  2.141136419184495E+000  5.806921727839352E+003
    796  9.350917525205714E-001  1.969555272499197E+003
    797  3.205485752075505E+000  6.431658592158780E+003
    798  9.068307933812242E-002  7.331356429802278E+001
    799  2.663785649317677E+000  5.635306527342290E+003
    800  5.185700218314802E-001  8.000620575544749E+002
    801  6.668786957858214E-002  2.269133320644853E+001
    802  3.279343657298994E+000  7.467499699186169E+003
    803  2.704933019991317E+000  5.733771415487457E+003
    804  3.099680116034121E-001  4.306832509899336E+002
    805  1.226466284802337E-001  1.185087070174006E+002
    806  5.863930084342521E-002  7.726286515553973E+000
    807  1.863128322932301E+000  4.430641942364303E+003
    808  2.869525410134248E+000  5.759990428794629E+003
    809  2.135587838079154E-001  2.651935862664322E+002
    810  5.702611508048333E+000  1.562636871054456E+004
    811  8.361071565371582E-002  5.194726942061086E+001
    812  1.946927130115842E+000  4.485129628390870E+003
    813  5.677163335856367E+000  1.612151123730447E+004
    814  8.036859078708347E-002  4.380322410526096E+001
    815  2.940345078709227E-001  4.266451022980514E+002
    816  8.708810973938942E+000  2.158722544891163E+004
    817  3.162407143399209E+000  8.610914027692668E+003
    818  1.108536884220987E-001  1.041286500966804E+002
    819  7.691554902061354E-002  4.739325253227216E+001
    820  1.471090330057046E+000  3.123356700483811E+003
    821  2.039147378807737E+000  4.451447536704595E+003
    822  3.729986342756786E+000  7.006564713195279E+003
    823  5.658109443331417E-002  7.032035232763064E+000
    824  1.430011593253087E+000  3.438452775346350E+003
    825  2.665250379280732E+000  6.324497582836611E+003
    826  5.743661935377131E+000  1.239343869115215E+004
    827  1.236149345255102E+000  2.602561770975595E+003
    828  1.590410262074743E-001  1.850960967715297E+002
    829  4.871253276006594E+000  8.471503568882361E+003
    830  1.717171347358371E-001  2.179131543261776E+002
    831  1.668869018155963E+000  3.296967522572731E+003
    832  3.086949751451792E+000  6.173277407864182E+003
    833  5.819731106048581E-002  1.063737219606186E+001
    834  8.195050589405641E-002  5.090559459109306E+001
    835  3.480066871592567E+000  6.526361079596013E+003
    836  1.133787253527625E+001  2.147342908861427E+004
    837  1.727401382887820E-001  2.431746834306291E+002
    838  6.087317906988184E+000  1.188310129386707E+004
    839  9.791665989768004E-002  7.633500213554866E+001
    840  6.424609594553501E-002  2.227911050592359E+001
    841  6.858252593372743E-002  2.840756413037270E+001
    842  3.815732693830849E+000  9.704203312630443E+003
    843  2.923413401495645E+000  5.419570268268191E+003
    844  3.305660462453847E+000  7.217562314904979E+003
    845  2.736903608935839E-001  3.867252984942272E+002
    846  2.520505896945144E-001  3.338489887699657E+002
    847  3.289448800217486E+000  7.286998253253581E+003
    848  3.766964707548436E+000  8.900788671425709E+003
    849  2.242058908176425E-001  2.901764235718574E+002
    850  5.674124162980400E-002  9.386613496360761E+000
    851  1.610274002930811E+000  3.514884121732312E+003
    852  2.110713625147405E-001  2.840419437624316E+002
    853  7.941932240558874E-001  1.794739693795555E+003
    854  2.449965455917880E+000  6.003066961379409E+003
    855  1.487079735181829E+000  3.617403823587960E+003
    856  8.182306949825945E-002  6.564475506612790E+001
    857  7.375717973722520E-002  4.691218022537289E+001
    858  1.657114007876878E+000  4.282794223862244E+003
    859  1.455291285482820E-001  1.732756718131286E+002
    860  1.135036401224624E+000  2.762626685703628E+003
    861  7.534562996096919E-002  5.243777508114491E+001
    862  2.521241186855411E-001  3.368829623896390E+002
    863  1.157659489128082E+000  3.083447758942105E+003
    864  5.786589207464189E-002  1.573334440051098E+001
    865  1.723781500005996E+000  3.834637373205562E+003
    866  2.509470629406476E+000  6.659346770284214E+003
    867  8.003049829072408E-002  6.097692146550943E+001
    868  3.863524091381390E+000  8.339718832798804E+003
    869  6.688089741855840E-002  3.006104482818590E+001
    870  8.191994696563196E+000  2.143541680139218E+004
    871  2.303663923627561E+000  4.461354459560462E+003
    872  5.524397619106384E-002  1.418865232909582E+001
    873  2.473504117373094E+000  4.913595778338569E+003
    874  7.222502601258195E-002  4.483794344640211E+001
    875  1.704841232447566E+001  3.205869972233702E+004
    876  7.426356463539589E-002  4.712675117307042E+001
    877  3.070414004557056E+000  7.191753111017759E+003
    878  9.595659803457135E-002  7.766452949438029E+001
    879  1.349655860743577E+000  2.485758073703966E+003
    880  7.785648478295515E-001  1.610856826233712E+003
    881  4.932477384325952E-002  3.740454201695683E+000
    882  8.961990858180358E-002  7.497885121647322E+001
    883  1.132229551127525E+000  2.119952363481176E+003
    884  6.225715085423907E-001  1.457081603482543E+003
    885  5.082402919542447E-002  5.468404256970648E+000
    886  2.297165072135315E+000  5.762004307759111E+003
    887  2.870927467571629E+000  6.024173604556691E+003
    888  1.047463088617118E-001  9.666645025237113E+001
    889  5.670955675209761E-002  1.841265626636546E+001
    890  6.194107540038700E+000  1.332692870902681E+004
    891  5.648530051356703E-002  2.444340056025949E+001
    892  4.306469676256571E+000  8.759555348758999E+003
    893  2.007729690475053E-001  2.551451708729235E+002
    894  3.011489916214327E+000  5.505837603363586E+003
    895  3.356126189015750E+000  8.750102049815730E+003
    896  6.527680209656453E-001  1.183415395690659E+003
    897  7.062910379177835E+000  1.572868712414055E+004
    898  6.473316245890185E+000  1.340344970907140E+004
    899  1.110384090645078E+000  1.789944395353719E+003
    900  8.552059277671406E-002  7.193321609824078E+001
    901  1.436487877386533E-001  1.623062937031955E+002
    902  4.423205099251717E+000  1.042352263115278E+004
    903  1.320507351951680E+000  2.544478720898545E+003
    904  5.615831837271427E-002  2.397865653291469E+001
    905  5.143932548191198E+000  1.176282468725608E+004
    906  7.051755773081567E-002  5.187359003266508E+001
    907  3.346891082695656E+000  7.162872926168410E+003
    908  1.512822517204221E-001  1.804625373889180E+002
    909  4.852410289275674E+000  1.077446269113484E+004
    910  5.909389925520261E-001  9.065624563159749E+002
    911  8.456534338714436E+000  1.950938356247753E+004
    912  7.213259484059062E-002  5.108559316372200E+001
    913  6.428249472519059E-001  1.310356714199625E+003
    914  5.086360360587137E-002  1.464965963760834E+001
    915  2.465463692394197E-001  3.582020564414194E+002
    916  1.770504941826887E+000  3.192727150526152E+003
    917  2.257345185060169E+000  4.700568422687832E+003
    918  4.047105286406238E+000  9.377393754391966E+003
    919  2.783893862330040E+000  5.473702383339053E+003
    920  1.343269723290477E-001  1.548075748135159E+002
    921  2.774336994049640E+000  4.980231409337454E+003
    922  3.376346433815829E-001  5.180892313159757E+002
    923  3.113571664843867E-001  4.650949203245443E+002
    924  4.918166250512281E+000  1.161297963834731E+004
    925  9.377569233955887E-002  8.640028502499439E+001
    926  2.162870281025697E+001  4.157654659048643E+004
    927  3.487757544666355E-001  5.160597997422293E+002
    928  1.130743158132211E+001  2.438908236384758E+004
    929  6.786063518560114E+000  1.702200079518684E+004
    930  5.374041272785480E+000  1.516802464411783E+004
    931  1.666075038145780E-001  2.133122635721782E+002
    932  9.563900312651464E-001  1.944951672369148E+003
    933  1.408624704946547E-001  1.767060088900058E+002
    934  3.447942007343892E+000  8.700512797239600E+003
    935  1.081912613718290E-001  1.092178188668599E+002
    936  1.068559567125861E-001  1.485866431832266E+002
    937  6.552909604315273E+000  1.610061502133197E+004
    938  2.975222196084749E+000  6.315929964469317E+003
    939  1.232560010383019E-001  1.379639809518761E+002
    940  2.695078124333982E+000  5.989134833260571E+003
    941  7.431228662880450E-002  6.589177397705383E+001
    942  1.238859033443215E+000  3.147886984644771E+003
    943  1.011267006394320E+000  2.061518302720594E+003
    944  2.833184183890419E+000  5.930017515812663E+003
    945  1.519054018136395E+000  3.287321451319834E+003
    946  6.208013232773483E-002  3.745967654867216E+001
    947  4.111706564900989E+000  9.687607382390472E+003
    948  2.889880014171601E+000  6.135586519407890E+003
    949  1.995255841088847E-001  2.760853489847155E+002
    950  2.319360950977873E+000  4.656457313153048E+003
    951  1.172150537371495E-001  1.415922841566560E+002
    952  5.776945767520908E+000  1.320429574106372E+004
    953  2.157384289349535E-001  3.460757054316084E+002
    954  7.152478040140042E+000  1.838656989633515E+004
    955  1.895414234580556E+000  5.505686961558819E+003
    956  6.440614003873868E-002  6.449496252506707E+001
    957  1.410829397466205E-001  1.679342103379999E+002
    958  1.982481373255491E+000  5.076694191395598E+003
    959  7.397221043005336E-002  6.338605695998243E+001
    960  3.071380485057428E+000  6.957368985145458E+003
    961  1.155020512406135E-001  1.296147013619761E+002
    962  1.571465506008623E+000  3.515480145857358E+003
    963  3.330522111065881E-001  4.912769805801267E+002
    964  3.259104104893278E+000  8.121141686168289E+003
    965  4.700793821467045E-002  1.757399039269331E+001
    966  1.084761529832584E+001  2.367787669730419E+004
    967  8.240649595805358E+000  1.383331811503109E+004
    968  4.325778686749335E+000  8.031751640910239E+003
    969  5.524215420518170E-002  2.866655470821236E+001
    970  8.000744320416116E+000  1.756724560775156E+004
    971  5.897024644820368E-002  3.760671433636272E+001
    972  2.535030024398464E+000  5.478704446204941E+003
    973  9.036318339933526E+000  1.859628937707831E+004
    974  8.234631539444073E-002  7.476233524164593E+001
    975  2.530099598911114E+000  4.410127464356614E+003
    976  4.575643573265826E+000  8.845418213743189E+003
    977  1.162006475910097E+000  2.248945120235714E+003
    978  1.631453976495144E-001  2.514722418332912E+002
    979  1.352283112555747E+000  3.340184632142757E+003
    980  8.710282198136753E-002  8.827062306644613E+001
    981  5.546118695621782E+000  1.330066174680486E+004
    982  1.908904739167774E-001  2.783347844151929E+002
    983  1.414640570356565E+000  3.033301680063960E+003
    984  2.485310485196735E+000  4.663444930169277E+003
    985  1.408822761607136E-001  1.897684034109885E+002
    986  2.070474445630216E+000  4.109179523849294E+003
    987  1.129024211636570E-001  1.228654122110647E+002
    988  8.746251067415722E-001  1.886662196024037E+003
    989  3.569454976976692E+000  9.346090444821077E+003
    990  1.803629267528124E-001  2.333390169531062E+002
    991  1.291810359761580E+001  3.082796553913750E+004
    992  9.932567366669627E+000  1.909948237427794E+004
    993  7.423480984365174E-002  7.167846208370685E+001
    994  2.794373972749738E-001  3.947765605733484E+002
    995  1.638819423812073E+000  3.182652808932150E+003
    996  6.028247282399635E-002  5.037011165054380E+001
    997  4.059215155186602E+000  1.025188281375365E+004
    998  1.561272286660361E+001  3.339847763902276E+004
    999  6.908408720780998E-002  7.430714434213479E+001
   1000  4.297734199434417E+000  1.050654006493615E+004
   1001  1.095293191135457E+001  2.627108455198114E+004
   1002  1.993424833965765E-001  3.202064525691448E+002
   1003  9.460543752909403E-002  9.885394697589312E+001
   1004  2.796360431416863E-001  3.997107951974863E+002
   1005  6.871570496059306E+000  1.260344632420028E+004
   1006  6.245317251268483E+000  1.685156677410339E+004
   1007  5.116708925180395E-002  3.476858330870171E+001
   1008  4.186966520019356E+000  1.013309882146592E+004
   1009  5.306515108604537E+000  1.160845027731350E+004
   1010  1.636223570290598E-001  2.204574366786605E+002
   1011  4.043391327358453E+000  8.354449106659509E+003
   1012  1.162431292804648E-001  1.306077405672682E+002
   1013  4.715902490303212E+000  8.824803860890654E+003
   1014  8.659494020406466E-001  1.772337974319445E+003
   1015  4.841071653399139E-002  3.175903451926172E+001
   1016  7.137373560173469E+000  1.520115399381268E+004
   1017  2.070164423238223E-001  2.784625425282548E+002
   1018  7.411846964442958E+000  1.473187968493238E+004
   1019  4.460238537591707E-002  1.309516141327880E+001
   1020  7.997083156978193E+000  1.672815302521992E+004
   1021  2.048094828073756E+000  4.614717946172511E+003
   1022  6.938703050789297E+000  1.510661878176603E+004
   1023  8.722795979331134E-002  8.050832456415277E+001
   1024  8.615891651898870E+000  2.261209314688834E+004
   1025  9.908136280111030E-002  1.094484872144484E+002
   1026  1.253675161652016E+001  2.436546491688142E+004
   1027  6.316595633571394E+000  1.470960785567487E+004
   1028  3.503193056882087E-001  5.222586746179991E+002
   1029  7.497407095052353E+000  1.596572918979404E+004
   1030  4.474730380365930E-002  1.624781782143750E+001
   1031  6.018175624893513E+000  1.391918659166079E+004
   1032  8.536384730078568E+000  1.507345864922468E+004
   1033  8.726012430335976E+000  1.753376570762780E+004
   1034  7.138154057933074E+000  1.301724892634618E+004
   1035  1.600151075881881E-001  2.062746614172945E+002
   1036  1.882917356505548E+001  3.457592635415788E+004
   1037  5.923934564477971E-002  3.807432254305479E+001
   1038  4.948090431494543E+001  8.800918096356851E+004
   1039  7.471895138212825E+001  1.384164600724427E+005
   1040  3.968682442226345E-001  6.325522185634786E+002
   1041  8.512946997484151E+001  1.470434409476927E+005
   1042  2.450155102912645E+001  5.763564407317530E+004
   1043  1.862016809151390E-001  2.500692939598648E+002
   1044  4.477150424421144E+001  9.582459060223047E+004
   1045  1.830959044210292E+002  3.181102672750347E+005
   1046  6.534809091613337E-001  1.100554051907146E+003
   1047  4.625380226734288E+001  8.635838571958781E+004
   1048  1.112943559213604E+002  2.139957801508679E+005
   1049  8.578769594983483E-002  1.067806553670999E+002
   1050  6.505555163942209E+001  1.170048095608615E+005
   1051  1.486858209909974E-001  1.999285257931573E+002
   1052  7.103466133156748E+001  1.565300343512105E+005
   1053  3.790155315674244E+001  7.432227710814765E+004
   1054  1.712738677915083E-001  2.329962950843013E+002
   1055  2.480210289132846E+001  5.516097161101136E+004
   1056  3.707524869921409E-001  6.694348639418037E+002
   1057  2.689961344373633E+001  5.305540417666733E+004
   1058  1.290145711025744E+002  2.413068539638581E+005
   1059  7.553302672915212E-002  7.972597716148543E+001
   1060  1.631352846954751E+002  3.408393173019321E+005
   1061  2.147362589915785E+001  4.083254060947188E+004
   1062  2.929852146061228E+001  5.801609890372097E+004
   1063  6.837374507118013E-001  1.110060533038794E+003
   1064  5.371572032206102E+001  9.612628573258704E+004
   1065  4.392412128948318E-001  6.759136306039114E+002
   1066  8.134016959392262E+001  1.647162677849861E+005
   1067  3.886418675428961E+001  9.090808265241161E+004
   1068  7.388646241803728E-001  1.165824432827118E+003
   1069  3.771463096271232E+001  9.325711391042788E+004
   1070  2.372622867088142E+002  7.086056190469161E+005
   1071  6.396626186414183E+001  1.287293566066423E+005
   1072  8.824404676414532E+001  1.725415106926568E+005
   1073  8.215263147671802E-002  1.001380249223627E+002
   1074  9.118309570459786E+001  2.339355342341506E+005
   1075  2.828294817086818E+001  4.719086012686758E+004
   1076  1.122802241648785E+000  3.072653091664738E+003
   1077  4.376130810439634E-001  1.153083153536690E+003
