# dt =   1.000000000000000E-005
# j, New nj, Rate of change (1/s)
      1  6.502337656647915E+000  3.652793419637340E+004
      2  1.044375420812516E+001  1.252830871132292E+005
      3  5.019762825987802E+000  1.997860273088352E+004
      4  1.126082944259400E+001  7.830333788787456E+004
      5  2.816767745228040E+001  1.732650599077464E+005
      6  5.028863637237408E+000  2.014349926915241E+004
      7  2.494969833362616E+002  1.645167541446090E+006
      8  1.245278709747175E+002  8.154070175714964E+005
      9  8.422935155655852E+000  7.021189272522704E+004
     10  1.614049976938323E+001  1.045890958033867E+005
     11  1.437180691701268E+001  8.468758735363372E+004
     12  7.800851504081376E+000  5.002283915891754E+004
     13  2.156841812944513E+000  4.579109341689753E+003
     14  1.942743538092677E+001  1.422692598131027E+005
     15  2.161335247837075E+000  4.881162740270141E+003
     16  7.280488421356756E+001  5.776932646422227E+005
     17  1.384741939211687E+001  9.608632832823011E+004
     18  4.416713928700136E+001  2.854170633030403E+005
     19  1.870435613605770E+000  3.406268763410058E+003
     20  1.471973044079860E+001  8.923820693557781E+004
     21  5.409311004199469E+000  2.557579673541519E+004
     22  4.551004232556914E+000  2.514224242067356E+004
     23  1.340858492224817E+002  8.804587845302386E+005
     24  1.020777543669760E+002  6.670153724394905E+005
     25  1.716448445293604E+000  2.976206662238268E+003
     26  7.523225110088153E+000  4.869948254839314E+004
     27  4.057509805883065E+001  4.239989100236678E+005
     28  4.287104180607187E+000  2.226854448065804E+004
     29  3.449466630804388E+001  2.951024028356824E+005
     30  3.043672955834443E+000  1.187765919471146E+004
     31  2.477313667812743E+001  1.566853604855985E+005
     32  2.013275469217556E+001  1.436788618734808E+005
     33  6.023133941952924E+000  3.611655515096187E+004
     34  4.241451978127125E+000  2.031886664447023E+004
     35  6.959192944893609E+000  6.922378973878092E+004
     36  8.862166792512184E+000  5.072721351340174E+004
     37  7.414592204904097E+000  5.930007753292805E+004
     38  9.743150798394997E+001  6.447156648191250E+005
     39  8.207467460859315E+000  6.028413292807133E+004
     40  7.152204512075638E+000  6.603582227676564E+004
     41  4.466451309980923E+000  3.189083303400798E+004
     42  4.623775843795557E+000  2.913020840519737E+004
     43  5.389668777105020E+000  2.875626834110519E+004
     44  4.470769079170901E+000  3.995384535346284E+004
     45  4.339779209453341E+000  2.812976594027846E+004
     46  5.936438461828659E+000  3.234033508067645E+004
     47  1.135211753721235E+000  1.694752339080353E+002
     48  4.177475713562757E+000  2.376928021963731E+004
     49  1.974394749641740E+000  6.704957680775362E+003
     50  2.345848681895611E+000  9.016119622676584E+003
     51  5.348373093896512E+000  4.821266806899090E+004
     52  3.126847503013007E+000  1.702883038988665E+004
     53  3.508489672520772E+000  1.872073491070661E+004
     54  4.974392609690002E+000  3.211587867376249E+004
     55  8.403279835518545E+000  7.061263868719232E+004
     56  1.114309996485933E+000  2.818111937556702E+002
     57  7.406334113128308E+000  5.236108234782136E+004
     58  3.616509881866008E+001  2.331072269072022E+005
     59  1.262314998334415E+000  1.600412332571336E+003
     60  2.093061950435864E+001  1.628699641135789E+005
     61  1.999015040790096E+000  6.338923338391931E+003
     62  3.414530351696490E+000  1.601432931399626E+004
     63  3.117503799374819E+000  1.587509231009401E+004
     64  5.549546959409524E+001  3.644877323031765E+005
     65  6.351400703663719E+001  5.614675390676464E+005
     66  9.523452213017929E+000  5.670766776402134E+004
     67  1.565045381248156E+001  1.258909437341990E+005
     68  3.013307593642470E+000  1.317717578101741E+004
     69  5.619077225946522E+000  3.467259630070549E+004
     70  1.608583235801560E+001  1.379230815480002E+005
     71  1.807050410524469E+001  1.587465658699455E+005
     72  1.906004367269855E+000  5.885804101956162E+003
     73  3.506566714084937E+000  3.208335794905902E+004
     74  6.567570559244197E+000  3.769804123011948E+004
     75  2.306639426008563E+000  8.557236252717523E+003
     76  1.934727402495309E+000  6.660685067040956E+003
     77  2.373066447410471E+000  1.052242214727565E+004
     78  3.141190542784732E+000  1.494205329308794E+004
     79  6.001590507337076E+000  4.723415814623722E+004
     80  8.458242772577785E+000  8.553139955090107E+004
     81  2.715377440528262E+000  1.518673160762215E+004
     82  2.549167408360182E+000  1.567885843063935E+004
     83  1.669616945636927E+000  5.977863588126711E+003
     84  2.210650347653952E+000  8.348962795727299E+003
     85  1.470490434832853E+001  8.932318293289292E+004
     86  8.638118010049828E+000  1.065274869967788E+005
     87  1.058769431913705E+000  1.116358814395176E+003
     88  1.548963950255506E+000  3.879653749565954E+003
     89  5.416973034983825E+000  3.232735406274274E+004
     90  1.340288146988288E+001  1.738609160916102E+005
     91  1.220246830785080E+001  1.104705154814266E+005
     92  7.425167846783455E+000  5.229597737390195E+004
     93  1.578719356113958E+000  7.659714068857123E+003
     94  3.628575006480793E+000  3.450257853278152E+004
     95  1.039534036437107E+001  6.261439597891607E+004
     96  3.779954661744618E+000  1.953674718878673E+004
     97  5.789763283984189E+000  3.691631007634421E+004
     98  2.834569617274666E+000  2.406538738476978E+004
     99  1.317362947132524E+000  3.194124565165205E+003
    100  9.491723008628790E+000  8.957999814027354E+004
    101  5.010352898740922E+000  2.783283842016092E+004
    102  5.156080750251983E+000  3.908934565851919E+004
    103  1.411918746084228E+001  1.756402309649511E+005
    104  2.551634135729846E+000  1.076857829410946E+004
    105  3.242724812842021E+000  2.640502779709974E+004
    106  5.291377168390011E+000  2.945377780568694E+004
    107  1.853286957930696E+000  6.050579220265526E+003
    108  6.834178048003391E+000  4.911830491168853E+004
    109  3.583039818863873E+000  1.818045459438930E+004
    110  5.100042293997043E+000  3.704889880455830E+004
    111  2.185209191799551E+000  9.707647424481593E+003
    112  2.309585316648561E+000  1.151961887207541E+004
    113  1.888373015421536E+000  9.426454257993888E+003
    114  5.635915525484707E+001  3.652339284110986E+005
    115  6.100883475597057E+000  4.971164532256129E+004
    116  3.209482810656636E+000  1.592555488762737E+004
    117  7.034113963496100E+000  4.786184686751248E+004
    118  2.123928036407833E+000  8.368780606673150E+003
    119  5.413385705462132E+000  3.195187195353670E+004
    120  4.977425874428330E+000  3.778775310825239E+004
    121  3.446674203936019E+000  1.683641865565245E+004
    122  1.110848342108978E+000  1.471608672258224E+003
    123  1.555034470514018E+000  4.562189843612970E+003
    124  9.193446820962767E-001  2.029157135019842E+002
    125  2.737779277060491E+000  1.752252465945569E+004
    126  2.303116424877512E+000  1.421310313879568E+004
    127  1.343493153795227E+000  3.997133303485820E+003
    128  2.014574753712336E+000  1.305625524530499E+004
    129  1.085670044393838E+000  1.347958836685672E+003
    130  2.265447721909375E+000  1.020299903755889E+004
    131  6.057228602441860E+000  3.446667048120718E+004
    132  2.852063397858267E+000  1.412398305180323E+004
    133  5.330209404556186E+000  2.944756569514087E+004
    134  5.215472190480387E+000  2.855734597769822E+004
    135  3.085225645220289E+000  1.967443644243006E+004
    136  2.260971960138964E+000  1.277744125516918E+004
    137  4.791627888596286E+000  2.680394079791532E+004
    138  4.248188586450073E+000  2.344609373491894E+004
    139  2.155061576457680E+000  1.179638821297860E+004
    140  1.690317026926317E+000  7.414035335588898E+003
    141  2.604740220739004E+000  1.244515625488440E+004
    142  1.618195708743185E+001  1.023684969490892E+005
    143  5.750681097301438E+000  3.349835070615545E+004
    144  5.075815877397662E+000  3.435264728308243E+004
    145  1.632718794201749E+000  6.501724653540732E+003
    146  8.854911870832385E-001  1.957824568305589E+002
    147  1.638752676188507E+000  5.151619453176209E+003
    148  4.287537350650219E+000  2.693653602747574E+004
    149  5.048388245189439E+000  3.285901713985929E+004
    150  3.127141068435124E+000  1.527085001673338E+004
    151  6.970613326499186E+000  7.592940316301146E+004
    152  5.487028281263171E+000  4.678562581560227E+004
    153  4.762848594026312E+000  2.631742233667867E+004
    154  1.160598297918897E+001  1.829469652992208E+005
    155  3.779601441096884E+000  2.761029126448155E+004
    156  4.242435200124272E+000  2.310717299527102E+004
    157  4.100616536760548E+000  2.781061911238107E+004
    158  5.823677912512996E+000  3.328484821241124E+004
    159  9.950647401974487E-001  1.866257327868056E+003
    160  7.240801564106259E+000  4.748644760398322E+004
    161  8.329868066577271E+000  5.004887576045075E+004
    162  1.343403699525226E+000  3.484417992153173E+003
    163  8.312463521605249E+000  9.328204416888054E+004
    164  1.177686574608056E+001  1.182492016846104E+005
    165  7.617843789565630E+000  9.023065602608940E+004
    166  3.382526111795180E+000  2.461552304622549E+004
    167  1.892022015202023E+000  7.427174925761919E+003
    168  3.151844711382946E+000  1.559535056033931E+004
    169  3.944083926399650E+000  2.313775333439243E+004
    170  1.235803672080266E+000  3.056205057658567E+003
    171  1.381526400276840E+000  4.134130263632700E+003
    172  1.714735450468646E+000  9.290833797124998E+003
    173  1.773888069729145E+000  8.950009069974785E+003
    174  3.469091388622738E+000  1.836554317682612E+004
    175  8.762021090301492E-001  9.461894405481631E+002
    176  1.837370404766574E+000  7.143767281097868E+003
    177  3.508103367922836E+000  2.456200886425362E+004
    178  7.746850124477304E-001  8.228550661677214E+001
    179  1.072100857922070E+000  2.168215042002395E+003
    180  3.878642491482289E+000  2.505904134269157E+004
    181  1.023843727243433E+000  1.851043133581831E+003
    182  6.996556753535028E+000  6.322744640703598E+004
    183  7.120638523934579E+000  4.268941390084885E+004
    184  4.992063297773980E+000  2.782129632175230E+004
    185  7.054543991955674E+000  5.622160738366953E+004
    186  3.338110064750526E+000  3.283040648593257E+004
    187  1.652605841163305E+000  5.962737984591845E+003
    188  6.537047106762811E+000  5.375470632915549E+004
    189  1.784555000326346E+000  7.328656744083510E+003
    190  3.115257387075280E+000  2.173502194529186E+004
    191  2.845282004373109E+000  1.404164367909914E+004
    192  3.197740822337581E+000  1.963685346233346E+004
    193  3.566390197754590E+000  2.681128561078414E+004
    194  1.288470663933331E+000  4.937567546083346E+003
    195  4.611935868419780E+000  2.885285806508384E+004
    196  4.298272927170161E+000  2.408861815481539E+004
    197  4.965566265619660E+000  3.222307073143497E+004
    198  3.085046628438540E+000  2.577551417391172E+004
    199  1.651274752816250E+001  1.065072650341161E+005
    200  9.386534769082283E-001  1.428742308182177E+003
    201  1.816589719959191E+000  8.354416765164009E+003
    202  5.184817745444835E+000  3.020661597095482E+004
    203  1.041166701785883E+000  3.110379181861481E+003
    204  1.548929430387627E+000  7.914350530806875E+003
    205  7.921235011083262E+000  4.757897143408315E+004
    206  2.977905933647873E+000  1.715904028196933E+004
    207  1.002212838641530E+001  6.334665694404262E+004
    208  3.075367993294421E+000  1.549512706767134E+004
    209  5.640811073926476E+000  3.920607492223552E+004
    210  2.166735265495837E+000  1.343423772600601E+004
    211  3.175853145810098E+000  2.001488571080893E+004
    212  6.502653622228640E+000  3.831568124220616E+004
    213  1.178251805820011E+000  5.092760476320394E+003
    214  2.332517915434287E+000  1.065944088233610E+004
    215  3.547032844015796E+000  1.913966798403294E+004
    216  1.096699597706539E+000  2.704142174355246E+003
    217  4.797497553728161E+000  2.908885236161739E+004
    218  4.010143428471618E+000  2.176989237289733E+004
    219  2.895989495476450E+000  1.422435740205301E+004
    220  9.928078595300456E-001  1.888903269522715E+003
    221  5.285019625321481E+000  3.047157178101153E+004
    222  3.021681257882084E+000  1.813861351001841E+004
    223  2.384250839176253E+000  1.473193706035580E+004
    224  8.508124637945346E-001  9.626034392338698E+002
    225  8.553098147556517E-001  9.684369479589559E+002
    226  2.065522553996528E+000  1.124058041208234E+004
    227  8.654937125241958E-001  1.082838402100635E+003
    228  7.620864125505943E-001  4.000182255729106E+002
    229  1.603378451546348E+001  1.021966981879600E+005
    230  4.450965693910971E+000  3.535798317131897E+004
    231  3.286261561227396E+000  1.731402087458952E+004
    232  7.603401065719083E+000  6.752568612443756E+004
    233  2.865996459543107E+000  1.962216641781926E+004
    234  1.471578022611210E+000  5.234643897866350E+003
    235  7.440430668320924E-001  4.602491316273673E+002
    236  4.836765005928708E+000  3.802618077535378E+004
    237  2.647211964500554E+000  1.294751730460695E+004
    238  1.609396028680425E+000  8.685048080894318E+003
    239  3.483996009663349E+000  1.919405894242314E+004
    240  1.847341309003232E+000  1.017223214212353E+004
    241  3.955818970525558E+000  2.841598075561077E+004
    242  1.602772109211445E+000  6.262861813736814E+003
    243  8.866954438595008E-001  1.543230410364652E+003
    244  2.087337962795088E+000  1.136643955437598E+004
    245  5.073077833677568E+000  4.003620083938745E+004
    246  4.076572856941199E+000  2.295046628821254E+004
    247  1.379998981279988E+000  6.784053415389707E+003
    248  1.543178150771520E+001  1.473156591998231E+005
    249  7.434462136572718E+000  5.207142168611527E+004
    250  1.092346784402632E+000  2.848405861203410E+003
    251  5.149132936937627E+000  3.750439451562710E+004
    252  7.269719026057178E-001  6.308806821717004E+002
    253  1.060101817665833E+001  8.211138541753545E+004
    254  3.125790973030224E+000  2.079703851019234E+004
    255  1.368169917769517E+001  8.674258042984204E+004
    256  1.464570126931509E+000  8.454437444143176E+003
    257  1.256799719771649E+000  4.118939150335674E+003
    258  6.602157447295924E+000  5.861251399723293E+004
    259  1.995613539441438E+000  1.295399129276664E+004
    260  1.240262315054572E+000  4.048691804804203E+003
    261  1.799325563173381E+000  8.140559394136202E+003
    262  2.050026667865025E+000  1.273738356088075E+004
    263  6.442348533782963E-001  1.638666345225950E+002
    264  3.031386639984170E+000  2.208363642842535E+004
    265  7.369266474926499E-001  9.190579980505194E+002
    266  1.603868677251318E+000  7.738315445971544E+003
    267  1.170658429791648E+000  4.296622206472200E+003
    268  7.981939136997196E-001  1.252215568613729E+003
    269  1.121510942526974E+000  3.330778337405616E+003
    270  1.575545105918795E+000  7.601368738371340E+003
    271  9.039387907615664E-001  2.062612084075910E+003
    272  2.369560151553688E+000  1.985630245360263E+004
    273  1.970211664529684E+000  1.132866792056573E+004
    274  2.556228898441260E+000  1.905767706842769E+004
    275  3.337054341998712E+000  1.752398462847511E+004
    276  9.729857920188708E-001  3.468281499032564E+003
    277  8.535654782193439E-001  1.670975332183772E+003
    278  1.096770727789761E+000  3.657878014592598E+003
    279  5.616738459429304E+000  4.020891033487695E+004
    280  1.422665275199581E+000  1.114659940577014E+004
    281  3.281703087537095E+000  1.900755813144287E+004
    282  6.438691488801318E+000  3.887049335028871E+004
    283  2.288218571736556E+000  1.492512259955064E+004
    284  7.720071951826818E-001  1.116737232212243E+003
    285  3.703511110217985E+000  2.436023524965415E+004
    286  6.597847286100382E-001  4.004045442836559E+002
    287  1.042125766835817E+000  3.303137206227922E+003
    288  4.084120507294394E+000  2.611557042806930E+004
    289  5.772589733768270E+000  3.585911719532737E+004
    290  2.349889870596451E+001  1.810101650252865E+005
    291  3.496897837594143E+001  2.763143456612906E+005
    292  9.380286310500871E+000  6.270734582008179E+004
    293  8.479101361099506E+000  9.192315055667899E+004
    294  1.023486675563936E+001  7.432930812430747E+004
    295  9.337847584613785E+000  5.580638446108176E+004
    296  1.080147567170376E+001  7.973570238611982E+004
    297  1.589266927541242E+001  1.114386813798385E+005
    298  6.085255641204576E+001  5.037595486688235E+005
    299  1.786383097174192E+001  1.296256643649567E+005
    300  8.398147544515847E+001  6.377714346170154E+005
    301  3.925748751775948E+001  2.552423446049670E+005
    302  2.743397544849622E+001  1.903605265406589E+005
    303  1.742001378281946E+001  1.326134406459535E+005
    304  2.293705194829295E+000  1.156005731720252E+004
    305  1.499095441865945E+000  6.191226033886320E+003
    306  9.547576595605229E+000  6.490225534669151E+004
    307  1.593100311122407E+000  6.739375386381333E+003
    308  2.870591645071721E+001  2.003098221849077E+005
    309  3.053212542158831E+000  1.641919553118760E+004
    310  5.557033286112768E+000  3.943471830319471E+004
    311  3.328220625344630E+000  2.121607912471401E+004
    312  4.520957611026001E+000  2.880265639299829E+004
    313  1.204435197710936E+000  4.152058543938783E+003
    314  1.771516675262023E+000  7.950856021112716E+003
    315  7.388023116683705E-001  1.222667903393648E+003
    316  2.836003616148094E+000  1.596873612384240E+004
    317  1.708848038963099E+000  7.570355964172494E+003
    318  3.671796914143427E+000  3.012524151971993E+004
    319  2.116383871052767E+000  1.094531819226182E+004
    320  4.639610056264766E+000  2.691762350024871E+004
    321  2.293176986842118E+000  1.485186328341561E+004
    322  1.002165696327780E+000  3.302045642960910E+003
    323  1.232263471449376E+000  4.418065344964753E+003
    324  2.358178006316689E+000  1.172115931238132E+004
    325  3.669189459050013E+000  2.200033544314140E+004
    326  7.881691392040910E+000  5.671765623694457E+004
    327  3.251433163593015E+000  1.896734928881952E+004
    328  7.525474486722276E-001  1.223636881722642E+003
    329  6.617266457815809E+000  4.839217622417249E+004
    330  1.939545059773196E+001  1.251620594028307E+005
    331  5.255765480954814E+000  3.152138243538250E+004
    332  5.222195269612871E+000  3.284820170740556E+004
    333  2.367437549489005E+000  1.422530177155117E+004
    334  1.651968357184432E+000  7.259224338145046E+003
    335  1.147310419940964E+001  8.516821368222368E+004
    336  2.698814861437586E+000  1.443146815382356E+004
    337  1.088717878211573E+000  4.134891495663959E+003
    338  2.789083533230123E+000  1.500294886215452E+004
    339  1.142562730174501E+000  4.105703424283756E+003
    340  1.472458389653982E+000  9.964013127534368E+003
    341  4.476616600359746E+000  3.483971717273595E+004
    342  6.527641228472926E-001  9.426970623641154E+002
    343  2.358696456380266E+000  1.625830054877498E+004
    344  1.060815919443412E+001  7.900163549730570E+004
    345  6.604577186142172E-001  1.493466073711738E+003
    346  7.851245525827224E+000  7.212804570161999E+004
    347  1.195562117232161E+001  7.597982946268813E+004
    348  7.076047281495308E+000  4.370811934476058E+004
    349  1.261644179774819E+000  6.666925677648233E+003
    350  6.156556998174924E-001  7.943882415059047E+002
    351  1.095585230683312E+000  5.006033721660396E+003
    352  3.381697404839153E+000  1.919650174961779E+004
    353  7.843527052002232E-001  2.357132588245233E+003
    354  7.067580300569771E-001  1.472429973554847E+003
    355  1.665398315996629E+000  1.050546889269834E+004
    356  4.838089616565612E+000  3.740982622059306E+004
    357  3.396465081273788E+000  1.960923020658865E+004
    358  2.695058768983249E+001  2.075956226926006E+005
    359  1.925391373813171E+000  1.421125965684029E+004
    360  1.417095723771855E+000  6.699477855928441E+003
    361  1.204931533450878E+000  4.981058771983156E+003
    362  5.584055436416563E-001  6.333148222487717E+002
    363  4.767745522157615E-001  1.063088773411795E+002
    364  1.430787568717544E+000  7.722537205542764E+003
    365  1.029961803837234E+000  4.719502388112677E+003
    366  6.552831442421722E-001  1.337365902729460E+003
    367  1.310297392333911E+000  7.825689409038342E+003
    368  6.293020143322923E-001  1.137187067865734E+003
    369  7.149713124367468E-001  2.596491388283584E+003
    370  7.632686021101772E-001  2.057552297694644E+003
    371  5.565644084130786E-001  7.176059919657540E+002
    372  1.710933037987225E+000  9.468127695863215E+003
    373  5.126023211054516E-001  4.492216974676712E+002
    374  3.682967121042356E+000  2.498633345200679E+004
    375  7.626753784939366E-001  2.312548728534826E+003
    376  1.628970526095601E+000  1.358784402461204E+004
    377  1.299781764864118E+000  6.219545683022262E+003
    378  8.957816797147842E+000  6.526220919076817E+004
    379  1.034510384310065E+001  6.655476813213096E+004
    380  7.131173215930848E+000  5.194825154174111E+004
    381  8.959457850571990E+000  7.555962213268154E+004
    382  2.327155821903529E+000  1.257284961704796E+004
    383  7.270751926380127E+000  4.966583902134978E+004
    384  1.089303178474852E+002  8.217905725518706E+005
    385  7.156665292931100E+000  4.474542700732828E+004
    386  1.768426881927397E+001  1.402208626817640E+005
    387  1.978157134347710E+001  1.572184861320446E+005
    388  4.111944389564668E-001  8.414115207976256E+001
    389  2.593710547618138E+000  1.456606512075139E+004
    390  8.664006696285051E+001  7.524630383066180E+005
    391  2.188939281367485E+001  1.604255304796938E+005
    392  8.386047727672084E+001  6.346377789698677E+005
    393  1.302610334736096E+001  1.358078633677973E+005
    394  2.297668938506465E+000  1.280806727068145E+004
    395  6.835678361390268E+000  5.900806509280860E+004
    396  7.890889460872001E+000  5.634908060351390E+004
    397  1.992426793399715E+000  1.323787200289926E+004
    398  1.329312586091965E+000  8.652285954753273E+003
    399  3.029557252445209E+000  2.359623914402891E+004
    400  3.158386398922359E+000  2.712892348971237E+004
    401  3.219470052540705E+000  1.902731006733839E+004
    402  1.850345159243859E+001  1.423856120822630E+005
    403  8.069646230977117E+000  5.288503217540704E+004
    404  4.364587560501570E+000  2.950257036371433E+004
    405  1.403426203954042E+001  1.017874717624210E+005
    406  3.540573282443258E-001  7.686743450599597E+001
    407  7.008482678742639E+000  6.410868198776049E+004
    408  4.059864440694421E-001  5.132666860512714E+002
    409  2.673052090286113E+000  1.903214165030068E+004
    410  7.619143143434688E-001  2.939258435242089E+003
    411  3.759696487767998E+000  2.819132326016435E+004
    412  3.680733517519052E-001  2.406434832780082E+002
    413  6.183887336149460E+000  4.393026196790666E+004
    414  7.207069057672115E-001  2.988513533832000E+003
    415  5.988349790070824E+000  4.411840704785691E+004
    416  5.846521037839005E-001  1.999275022424667E+003
    417  4.192298829694590E+000  2.644218589026805E+004
    418  2.149827680388894E+002  1.472960396995084E+006
    419  1.594174041458334E+001  1.555455529429842E+005
    420  8.780088728132379E-001  3.741628426571096E+003
    421  5.248447819381332E+000  3.881537208482529E+004
    422  3.622706103306987E+001  2.422051290870983E+005
    423  9.946815442870133E+000  7.853793512319443E+004
    424  4.168630435663161E-001  6.014357105069093E+002
    425  2.157676058819169E+001  1.541162302615983E+005
    426  5.160265708252482E+000  3.750902753009345E+004
    427  2.820039306614469E+001  2.087737647201923E+005
    428  3.898448061798345E-001  4.830358980686133E+002
    429  5.575266271871624E-001  1.743686217805080E+003
    430  1.346791912895080E+001  1.009330115933974E+005
    431  5.597372950082230E+000  4.455986081710402E+004
    432  1.100653348545054E+000  5.731992693355894E+003
    433  3.198399998232154E+000  2.198449500884195E+004
    434  1.049991767662265E+001  7.475500254331491E+004
    435  6.610060475067547E-001  2.512042054984781E+003
    436  4.578668675041682E+001  4.185375477196291E+005
    437  5.006047888199410E-001  1.408036749519760E+003
    438  1.162959860861672E+001  1.095986067847175E+005
    439  3.518074227053727E-001  2.918268027784227E+002
    440  4.249132994503121E+000  3.315959459845993E+004
    441  6.695523162841209E-001  2.317453440567313E+003
    442  1.145790314602797E+000  8.493723116557268E+003
    443  3.199137943146717E-001  4.296843094244344E+001
    444  1.674417528802832E+000  9.175127560274213E+003
    445  3.783774192533215E+000  2.810817647291759E+004
    446  4.178058625146387E+000  3.330775887222544E+004
    447  4.366496770090933E-001  9.086022476076369E+002
    448  6.344941034582235E+000  4.437720623626422E+004
    449  2.035874566131838E+000  1.177124386013917E+004
    450  9.135197958495995E+000  7.048625347800158E+004
    451  1.385453377094972E+000  7.770871945575887E+003
    452  3.733862858131522E+001  2.961615779007947E+005
    453  9.955229012643361E+000  8.798909561631091E+004
    454  2.227827925086751E+001  2.028487613661952E+005
    455  2.806036978126506E+000  2.228267470605988E+004
    456  1.282810693553339E+001  1.224565283612344E+005
    457  5.191060229531811E-001  1.521693343384851E+003
    458  1.311885507062655E+001  1.028786595189388E+005
    459  7.388682088835019E+000  5.324263224070426E+004
    460  4.815552611720227E+000  4.053186591064650E+004
    461  4.305016634372738E-001  9.431358426485214E+002
    462  3.694919660088387E+000  3.728813626991644E+004
    463  6.252504613533542E-001  2.180188838265231E+003
    464  6.915095880927429E+000  5.720504759919868E+004
    465  6.020262460446613E-001  2.067535013580013E+003
    466  1.151188862021671E+001  9.710618374869872E+004
    467  2.149612284138795E+000  1.441862173479118E+004
    468  5.164071660005559E+000  3.553001581680082E+004
    469  4.897450626417713E-001  1.295901414747517E+003
    470  7.124427487864938E-001  2.796851291302538E+003
    471  5.915888202341738E-001  2.015097354054653E+003
    472  1.907964187957883E+000  1.936024369260780E+004
    473  7.970873024981930E-001  3.812802568849611E+003
    474  7.467023272081180E+000  7.636287516666191E+004
    475  9.694367665931946E+000  6.525026437941671E+004
    476  5.339289583617934E-001  1.727531391553249E+003
    477  3.415347939567326E+000  2.467320468843991E+004
    478  5.442229058745542E+000  3.893016358454793E+004
    479  3.188589142810695E+000  3.506938011703220E+004
    480  2.270751991112397E+000  1.514226125753128E+004
    481  9.021317700061668E-001  4.037823719058432E+003
    482  3.543256080993472E+000  2.721737396611287E+004
    483  2.337963572988704E+000  1.795844090040334E+004
    484  6.015519817487337E-001  2.187764914516748E+003
    485  9.407607946143678E+000  7.521512172207654E+004
    486  1.772343457850229E+000  9.599671047397624E+003
    487  4.042910628851573E+000  3.314181570400886E+004
    488  4.367753701733004E-001  9.561208781188974E+002
    489  2.154314551254112E+000  1.642843415075949E+004
    490  3.287620162646777E-001  3.084302868015246E+002
    491  1.125249309005824E+001  7.459162327005425E+004
    492  3.954679725531064E+000  3.089756712951539E+004
    493  2.585946319306097E+000  1.546596435087043E+004
    494  1.904424830987621E+000  1.403813944802574E+004
    495  1.946070461298447E+000  1.408523109604973E+004
    496  3.272534827452699E-001  3.704116973851567E+002
    497  3.617407137931016E+000  2.771039356720740E+004
    498  2.302387141527848E+000  1.638478491259863E+004
    499  2.796157753137892E-001  2.882517239739473E+001
    500  1.979434825692955E+000  1.310524919605708E+004
    501  2.782656094328577E-001  2.595432413019787E+001
    502  1.182165636695917E+000  6.142176744864652E+003
    503  2.546628315998708E+000  2.432553829055647E+004
    504  4.342534313452020E+000  3.408581252257473E+004
    505  5.293804147208212E+000  4.126748163052302E+004
    506  3.456507599063003E-001  5.106993952108101E+002
    507  4.084510716720919E+000  3.811420550699907E+004
    508  3.917357806841085E-001  9.024852527550734E+002
    509  3.375345260800308E-001  5.440994340343099E+002
    510  3.037207862445105E+000  2.606339189698311E+004
    511  5.678276603290006E-001  2.173816307627338E+003
    512  2.009618508684497E+000  1.997317907022676E+004
    513  5.847466866215141E-001  2.373596255332617E+003
    514  1.548275169184428E+000  1.135921568839411E+004
    515  1.021651447239834E+000  5.592669537069837E+003
    516  1.333196024596452E+000  8.147929829710047E+003
    517  1.244539582069527E+000  8.357001574949596E+003
    518  2.930428560937960E+000  2.443420935904292E+004
    519  2.548196009520381E+000  1.947660431239826E+004
    520  3.117706125859138E-001  3.360326931941497E+002
    521  1.204788656714158E+000  6.204728321693401E+003
    522  4.820102334998741E-001  1.500742458799366E+003
    523  7.677692962394514E-001  5.290825622835782E+003
    524  1.689394825744991E+000  1.794860267252454E+004
    525  1.996418307589936E+000  1.233348175895227E+004
    526  7.518914390888237E-001  3.303733615515799E+003
    527  7.755344336274890E-001  6.778109316351375E+003
    528  1.013773822303277E+000  5.027256198210585E+003
    529  6.556410023563455E-001  2.621460994774289E+003
    530  1.307368109699961E+001  9.877551450387736E+004
    531  1.250372997811230E+001  8.873981795984042E+004
    532  1.933021513125043E+000  1.281017576615033E+004
    533  4.745295354544434E+000  3.147709328218063E+004
    534  1.222819132661633E+000  7.738561275877443E+003
    535  7.089719466280392E+000  8.750953225015233E+004
    536  1.340980975266254E+001  8.764301245329021E+004
    537  1.900412134575464E+001  2.381337167469537E+005
    538  6.967814206208470E+000  5.001727886113854E+004
    539  1.168853532727133E+002  9.660930482956846E+005
    540  1.394215586655176E+000  1.144515833861060E+004
    541  1.971366300018199E+000  1.395311026400313E+004
    542  1.073574899893625E+000  6.604944802758085E+003
    543  4.568115075562124E+000  3.820724219924942E+004
    544  5.394328652798101E+001  3.571235455834519E+005
    545  1.955901080943012E+000  1.442926573426995E+004
    546  7.623571670457082E+001  5.056435591324457E+005
    547  1.000848692575446E+003  6.654328749791455E+006
    548  1.114288323301601E+001  8.551129356941085E+004
    549  4.149405865155079E+001  2.754916367928571E+005
    550  1.530886388466499E+000  1.659998614945478E+004
    551  4.886190851880017E+001  3.251744677128631E+005
    552  3.508938082224839E+001  2.461752494978452E+005
    553  8.683432267460605E+000  7.374343071883240E+004
    554  3.816564092893050E+001  2.532979966839021E+005
    555  1.557243202479011E+000  9.830062233431368E+003
    556  1.445828821409242E-001  4.787236453519893E+002
    557  2.148141449978786E+000  1.747908336253488E+004
    558  6.616453077692933E-001  3.925103506286620E+003
    559  6.867317272131191E-001  6.979891473594231E+003
    560  2.306155342644031E+000  1.487207734564748E+004
    561  9.024692849561919E-001  5.559689391294705E+003
    562  1.956479101971912E-001  8.280276297101135E+002
    563  2.753730496830513E+001  2.333865194509675E+005
    564  3.124754321796722E+000  2.040671765820419E+004
    565  1.318146453406573E+000  8.350291943162787E+003
    566  4.390450100189920E+001  3.571258322733571E+005
    567  4.845974382764023E-001  2.806601464856217E+003
    568  2.672654889114129E+000  2.322035797929843E+004
    569  3.425700966997969E-001  1.814937732261895E+003
    570  3.748348826812449E+000  2.872011464487793E+004
    571  8.539804903656647E-001  5.233610417179370E+003
    572  6.227462473784289E+000  5.077034164353477E+004
    573  1.250552424851184E+000  7.871828683039213E+003
    574  3.561944765639047E-001  1.893701651408745E+003
    575  1.920442579114669E+000  1.774569439498343E+004
    576  3.492746977193649E+000  2.420816890440088E+004
    577  7.774123832961076E-001  4.641776587572614E+003
    578  2.227784372580439E+000  1.740513604009220E+004
    579  3.674648192108748E-001  1.972336540132470E+003
    580  3.625172147049591E+000  2.602724604655965E+004
    581  8.103899694705322E-002  7.241622325936437E+001
    582  4.758895374609967E+000  3.528206367489778E+004
    583  4.638026725118615E-001  2.608535165565117E+003
    584  6.298952693251432E-001  3.734158479979296E+003
    585  2.579971789078992E+000  2.116473055585013E+004
    586  1.324694248870943E-001  4.277371861390891E+002
    587  7.083208153425380E-001  5.446166348664628E+003
    588  6.334684410062200E+000  5.375152048712348E+004
    589  3.954349585391260E-001  2.161432930702183E+003
    590  1.520489918400867E-001  5.446997371939859E+002
    591  1.718863786321802E-001  6.928659787963024E+002
    592  5.306656151900031E+000  4.188397654826962E+004
    593  5.560800146857941E+000  4.674349216908559E+004
    594  5.924671157983304E-001  3.497729714482024E+003
    595  3.381470611578364E-001  1.796072328706606E+003
    596  3.565307789395472E-001  1.922348630384040E+003
    597  1.548589534926652E+000  1.138035530398896E+004
    598  7.096280138101224E-002  1.537840444252782E+001
    599  7.729854147348818E-001  6.753300817811642E+003
    600  6.769773799455556E-001  5.260682866249254E+003
    601  1.854610125709652E-001  7.927353899487974E+002
    602  2.033251643847927E+000  1.645370159883793E+004
    603  9.879467010372231E-002  2.229634593086344E+002
    604  8.509643518839078E-001  7.154133165741069E+003
    605  7.000849573282383E-001  4.191891880949059E+003
    606  8.806741290144740E-002  1.311545167729824E+002
    607  1.200408435259610E+000  8.885885684934578E+003
    608  2.420561185328000E-001  1.164805212786335E+003
    609  7.182162819389851E-001  5.450095116007788E+003
    610  4.340295959297631E-001  2.461115468002574E+003
    611  1.047662326844419E+000  6.900917539851565E+003
    612  7.428590574058898E-002  4.371359572417679E+001
    613  6.781202334203175E-001  6.273775443430270E+003
    614  1.048137357936608E-001  2.542480039783621E+002
    615  4.785316927841562E-001  4.244065363868191E+003
    616  4.754942020880260E-001  2.725332550153104E+003
    617  1.851231005939598E+000  1.530166552340456E+004
    618  1.817319694047382E+000  1.264126578682147E+004
    619  1.528028517035905E-001  5.800859587035321E+002
    620  6.991705505274223E-002  1.705820603483707E+001
    621  1.088806726105056E+000  8.012781682402611E+003
    622  3.907479062884493E-001  2.130954872420903E+003
    623  1.141359189680347E+000  8.080097158486892E+003
    624  4.176077796782506E-001  2.317821623929362E+003
    625  1.605781262189381E-001  6.285347135772057E+002
    626  5.721192344273986E-001  4.021469483688366E+003
    627  1.365410368552161E-001  4.653202799839947E+002
    628  7.368892844413273E-002  4.357554796029077E+001
    629  7.228639204924979E-002  4.046910641139453E+001
    630  6.087717635105065E-001  3.994240182547446E+003
    631  4.396236895209740E-001  2.891617368777583E+003
    632  3.993842872067042E-001  3.822299848443300E+003
    633  2.468740865854922E-001  1.190829573506568E+003
    634  1.999973543078959E-001  8.831176992515760E+002
    635  5.732289279319733E-001  3.535226119705123E+003
    636  4.630944175465014E-001  2.742111351298847E+003
    637  2.488325461571046E-001  1.561018900661761E+003
    638  8.156156261143672E-002  1.002542449255429E+002
    639  4.929687632698063E-001  3.543488395662173E+003
    640  1.424602665536231E-001  5.146528855800243E+002
    641  3.180865477701540E-001  1.688786465129420E+003
    642  1.390698927232255E-001  4.773642026622276E+002
    643  2.686746423065918E-001  1.832318784696980E+003
    644  1.097052722889765E-001  2.908369994491551E+002
    645  3.728748772082206E-001  2.556211826677210E+003
    646  2.381462388841298E-001  1.365634965653579E+003
    647  6.718937160991337E-002  4.558122475936664E+000
    648  1.321295155014414E-001  4.475347128496685E+002
    649  3.502492147173201E-001  2.484012770786912E+003
    650  8.173159177367556E-001  5.576067649394692E+003
    651  1.372315169911672E-001  4.677688163015812E+002
    652  6.801158478627503E-002  1.174049314724222E+001
    653  8.107199393890402E-002  1.031175084874307E+002
    654  5.259007128095881E-001  4.021080246525980E+003
    655  7.937773049797265E-001  5.323941764990344E+003
    656  3.445697187302786E-001  1.868570002654421E+003
    657  1.545248761924473E-001  5.888363699282659E+002
    658  1.368655320562190E+000  9.651639380522070E+003
    659  1.443635450140057E+000  1.211398217329032E+004
    660  1.307525190807897E-001  4.439754066419728E+002
    661  8.577274740230599E-001  6.889863697231158E+003
    662  1.006410280045839E-001  2.334361606309736E+002
    663  7.535036744667123E-001  6.092522436116861E+003
    664  1.108854115001629E-001  3.102166444235636E+002
    665  1.728264260837950E-001  7.186212003606302E+002
    666  2.596316129698772E+000  1.946526554995763E+004
    667  9.192603676242826E-001  6.320649703276144E+003
    668  1.334209522894745E-001  4.555243498095413E+002
    669  2.482849571072653E+000  1.733423901815724E+004
    670  2.396131087824012E-001  1.175588885536988E+003
    671  1.168627114324806E+000  8.036564051989580E+003
    672  4.556034863759697E-001  2.582266961703987E+003
    673  2.668093876716853E+000  1.814117097284530E+004
    674  5.203186151446245E-001  3.025405297238502E+003
    675  1.875084960549554E+000  1.216815722385611E+004
    676  1.092360922134230E+000  7.765622042526072E+003
    677  1.294041910521194E-001  4.324039334570741E+002
    678  1.190635704600091E+000  8.496926185491113E+003
    679  1.581470150661993E-001  6.254015945730923E+002
    680  8.264899955796906E-001  8.504144472554426E+003
    681  1.272761148307025E+000  9.162636623324599E+003
    682  3.018986832693812E-001  1.586098408560139E+003
    683  5.384540941575573E-001  4.105487027631888E+003
    684  2.567960188573979E-001  1.280033084509952E+003
    685  1.380854533658554E-001  4.985896283776481E+002
    686  2.000714810547965E+000  1.436105340361274E+004
    687  1.063292675957928E+000  8.633216758161814E+003
    688  9.883655547798542E-002  2.483904122412073E+002
    689  1.281563448701221E+000  9.432212464085111E+003
    690  1.503598450735903E+000  1.232962975985173E+004
    691  1.003506002302765E+000  9.133177365320838E+003
    692  7.269710659981429E-002  8.526372031131679E+001
    693  9.320923172248757E-002  2.096962722279017E+002
    694  2.129619620649602E+000  1.782312253701494E+004
    695  2.655616209511625E-001  1.362074236554005E+003
    696  1.141366075203296E-001  3.627730706508196E+002
    697  1.209087380857778E+000  9.427461558169753E+003
    698  3.909083591346111E+000  3.420699195601681E+004
    699  1.279981446958773E-001  4.353699604716306E+002
    700  1.017728910926819E+000  8.379534111224304E+003
    701  6.662895562082072E-002  3.051063202674537E+001
    702  1.281090040355931E+000  1.047969526278821E+004
    703  1.001565543624988E-001  2.541453347164038E+002
    704  6.986783810314498E-002  4.908191832380690E+001
    705  9.797460632973505E-002  2.489920139309991E+002
    706  1.336274807992681E+000  1.076832621102469E+004
    707  1.389936325652202E-001  5.098533988538707E+002
    708  1.539460471057427E+000  1.395909836822823E+004
    709  2.006289900043978E-001  9.328884521813475E+002
    710  5.045114465333618E+000  4.050677482918104E+004
    711  9.680474030918229E-002  2.360809477025834E+002
    712  9.448456904934042E-001  8.870130020016886E+003
    713  3.405308875161658E-001  1.854024379431215E+003
    714  1.222510470958171E-001  3.999593866776755E+002
    715  1.152608795647806E-001  3.572718476412430E+002
    716  3.017071093360383E+000  2.510785918886957E+004
    717  1.756940543577116E+000  1.436035468651732E+004
    718  6.386661211793558E-002  2.050983856415274E+001
    719  4.702315859239354E-001  3.815743926671111E+003
    720  7.275121921592885E-002  7.799338507042859E+001
    721  1.747530800866436E+000  1.266769857801161E+004
    722  1.153610805544712E-001  3.846639424083195E+002
    723  6.383365630751528E-002  2.600589960624960E+001
    724  6.984832605022894E-001  5.514213957229117E+003
    725  1.739521720783545E+000  1.729380109088463E+004
    726  7.668298374554013E-002  1.132146409909220E+002
    727  6.771051175792305E-001  5.945481628184432E+003
    728  8.718267077898756E-002  1.812586654309696E+002
    729  7.825269873520199E-002  1.198903860264101E+002
    730  8.732359548260075E-001  6.346178787926103E+003
    731  3.171023522992573E-001  2.448438172688815E+003
    732  1.304006313328399E-001  4.667439518801872E+002
    733  6.647939903959710E-001  4.698393051861897E+003
    734  6.362284635801792E-002  2.412416230512950E+001
    735  7.265671288982151E-002  8.977711885694204E+001
    736  6.662390100799045E-002  4.372504379429028E+001
    737  1.895803345256299E-001  1.040287497712538E+003
    738  6.825395765902889E-001  4.842926363320661E+003
    739  9.113397146595544E-002  2.133539864058572E+002
    740  6.603275497205702E-002  4.528712599518709E+001
    741  4.603611928166055E-001  4.471096789408691E+003
    742  5.294864003949576E-001  4.083136748313026E+003
    743  6.119634457729430E-002  9.147280428982961E+000
    744  1.876633102469553E-001  8.476569144456394E+002
    745  1.191217596832744E+000  9.102763424242721E+003
    746  1.276243926676243E+000  8.688323182915052E+003
    747  7.956237645481955E-002  1.357215502902380E+002
    748  6.297724259970434E-001  4.327598208440008E+003
    749  1.972818149547630E+000  1.574759033373489E+004
    750  7.281404605637216E-002  8.563879426282428E+001
    751  6.756110362276325E-001  4.441536272449531E+003
    752  6.182510664879364E-002  1.790199349948741E+001
    753  6.862632338925771E-002  6.425091410529345E+001
    754  1.055646556368689E-001  3.503472644747710E+002
    755  5.344784228815211E-001  4.177118862688501E+003
    756  2.987466034426555E-001  2.201840551704850E+003
    757  8.165103097935007E-001  5.265923235779464E+003
    758  1.183240782153609E-001  3.959016652242861E+002
    759  6.161850144449736E-002  1.748166293314304E+001
    760  7.935711114234349E-001  5.894224551145094E+003
    761  9.739985490843026E-002  2.487913035544638E+002
    762  6.286087630771132E+000  5.222623324779267E+004
    763  2.268660130653287E+000  1.883340709409206E+004
    764  9.317930524093107E-002  2.318637526077898E+002
    765  8.168739828021473E-001  8.780841032840144E+003
    766  7.983452695633184E-002  1.462086871493289E+002
    767  1.058978586824047E-001  3.284883008218135E+002
    768  2.609082722411941E+000  1.995162351564662E+004
    769  1.380105532906311E+000  1.069665321399857E+004
    770  1.270951682659928E-001  4.513678463237600E+002
    771  1.547942852280776E+000  1.200674307336152E+004
    772  1.913794902240720E+000  1.614144923585450E+004
    773  6.065678638787084E-002  2.437534563166169E+001
    774  1.559405760402017E+000  1.069140841658092E+004
    775  5.956672497302951E-002  2.353854413246771E+001
    776  7.739458849796169E-002  1.550886711629095E+002
    777  2.850596237841872E+000  2.594782437080583E+004
    778  1.781635684216666E+000  1.618646009941213E+004
    779  7.261400131921891E-002  1.124381148146766E+002
    780  9.352104368960450E-001  6.726290657000271E+003
    781  1.348929392361864E-001  5.230600569910061E+002
    782  1.528485675991710E-001  6.460679412709216E+002
    783  2.527057234132772E+000  2.414635505394403E+004
    784  9.352062827574136E-001  8.818378810163174E+003
    785  5.788944299389716E+000  5.135578646804536E+004
    786  1.044766732837450E-001  3.228467457468390E+002
    787  2.076043728635698E-001  1.047184781538892E+003
    788  7.013526463253458E-002  9.882919811985454E+001
    789  8.040405798619119E-001  6.877530588955902E+003
    790  1.646969288214362E-001  7.348568166265180E+002
    791  6.899363888403295E-001  6.566324380878249E+003
    792  9.945460979680024E-002  2.953870579978738E+002
    793  3.556018253180017E-001  2.795852215197801E+003
    794  1.231608486563410E-001  4.632853851308619E+002
    795  3.659294446438945E-001  3.582680186333066E+003
    796  2.618412209497403E-001  1.752505209696443E+003
    797  9.352176479443395E-001  7.164264566777006E+003
    798  6.468992156948358E-002  8.304493093759444E+001
    799  7.233625445148526E-001  5.202286741752153E+003
    800  2.145867170255902E-001  1.067894333551496E+003
    801  5.849901682632876E-002  2.754310610004559E+001
    802  7.839096777569036E-001  6.458624653826602E+003
    803  7.200196251939323E-001  6.064083695168209E+003
    804  1.433349296916010E-001  5.966580644186255E+002
    805  7.746103884271871E-002  1.575743549134682E+002
    806  5.573458777852922E-002  1.051733953781670E+001
    807  4.157571359903394E-001  3.460892644377161E+003
    808  8.451111841792519E-001  6.393782145277658E+003
    809  1.103148057200895E-001  3.743192556198803E+002
    810  9.249525489105702E-001  9.729395555410236E+003
    811  6.388493885187967E-002  6.885886827809098E+001
    812  4.775295168653925E-001  3.814791547324915E+003
    813  7.466592726951454E-001  8.897237147581016E+003
    814  6.297942200610532E-002  6.308966854521535E+001
    815  1.332302844162739E-001  5.457961075875327E+002
    816  1.800057731144563E+000  1.647508310371423E+004
    817  5.094509306367770E-001  5.377632960360424E+003
    818  7.239910043491360E-002  1.305204645786803E+002
    819  6.021951082364323E-002  4.975573176156809E+001
    820  3.972706313134745E-001  2.827684998630567E+003
    821  5.304640201980043E-001  4.005438603559084E+003
    822  1.212531561979903E+000  8.192500459026493E+003
    823  5.410396361598595E-002  7.579113717901310E+000
    824  3.260200994739583E-001  2.510712174435341E+003
    825  6.177778874331150E-001  4.890517516097564E+003
    826  1.521663399825078E+000  1.232241779043796E+004
    827  3.557272564972407E-001  2.516597436557709E+003
    828  8.928128772809210E-002  2.448637496568617E+002
    829  1.718316915054591E+000  1.169334994101499E+004
    830  9.136811864978026E-002  2.872831679670562E+002
    831  5.135740768015983E-001  3.380574337716868E+003
    832  8.851072211613561E-001  7.070287066229466E+003
    833  5.428602088006473E-002  1.280050457107074E+001
    834  6.242629156463807E-002  6.798599334464095E+001
    835  1.103640316161008E+000  7.682983816671381E+003
    836  3.603222464036508E+000  2.625634504548748E+004
    837  8.744668302894316E-002  2.760401766604821E+002
    838  1.798042408324572E+000  1.493471110516442E+004
    839  6.802028127400034E-002  1.032729325849521E+002
    840  5.582985473951423E-002  3.045546756925970E+001
    841  5.761003825111892E-002  3.977082972746454E+001
    842  6.944940973623019E-001  6.642977697992363E+003
    843  9.499632863316922E-001  6.853510241236750E+003
    844  8.562068453730993E-001  7.039599934833179E+003
    845  1.271952056017589E-001  5.069066173229640E+002
    846  1.224932782335057E-001  4.752396494776470E+002
    847  8.562505103525538E-001  6.935886947434597E+003
    848  8.540431663356924E-001  7.306091815306746E+003
    849  1.116920567883587E-001  4.011626642634649E+002
    850  5.298675496220425E-002  1.345549928427845E+001
    851  4.314890147900168E-001  3.278702425630755E+003
    852  1.049742517661380E-001  3.644721554841003E+002
    853  2.083105102222626E-001  1.475110316207932E+003
    854  5.410565978074290E-001  4.438612835481095E+003
    855  3.265555172079168E-001  2.763476236378507E+003
    856  5.924204784157455E-002  6.302080560068527E+001
    857  5.732474977609362E-002  5.033386293043446E+001
    858  3.133245508511568E-001  2.874919262315696E+003
    859  8.166031522665300E-002  2.168451730815120E+002
    860  2.617300748232466E-001  2.034110183833787E+003
    861  5.715429880789596E-002  5.205568601872395E+001
    862  1.212955382769561E-001  4.737742278331352E+002
    863  2.272892830648227E-001  1.833169159408386E+003
    864  5.227183113034040E-002  1.791531714623822E+001
    865  4.407698775743801E-001  3.615151940699591E+003
    866  4.140439151999210E-001  4.124242217929922E+003
    867  5.872393338393321E-002  6.534274669000752E+001
    868  1.003575841121308E+000  8.458478492994751E+003
    869  5.535214272155723E-002  4.174724691563717E+001
    870  1.401698323764837E+000  1.367275939012020E+004
    871  6.805822595827083E-001  5.084844954811694E+003
    872  5.045989104617593E-002  1.274361293057782E+001
    873  7.457449303787079E-001  5.580112828680249E+003
    874  5.564555148261715E-002  5.873782550052369E+001
    875  5.206907030416955E+000  4.244984613833839E+004
    876  5.670046373971286E-002  5.764441247443667E+001
    877  6.985634626380615E-001  5.969048038999339E+003
    878  6.536707223951350E-002  1.112568824629783E+002
    879  4.343472666685024E-001  3.165278037904793E+003
    880  2.264552191092786E-001  1.561311776647854E+003
    881  4.816378615551026E-002  2.546721494527933E+000
    882  6.153777236170908E-002  9.309823696537853E+001
    883  3.707510033730194E-001  2.576647018149898E+003
    884  1.599500644659365E-001  1.033188755129339E+003
    885  4.866132133490206E-002  7.479989508469097E+000
    886  4.674594305282302E-001  4.006240708264068E+003
    887  8.084213771643581E-001  6.070855664736242E+003
    888  6.759813234433465E-002  1.367127294930620E+002
    889  4.973716605577836E-002  2.257551465490365E+001
    890  1.729331733740610E+000  1.375019398400040E+004
    891  4.872687680662775E-002  1.977694828013225E+001
    892  1.247384668955383E+000  9.388196372906676E+003
    893  1.005871309413015E-001  3.588691128256765E+002
    894  1.000106325478764E+000  7.210766293760047E+003
    895  6.539252344077661E-001  6.251199142233931E+003
    896  2.296635038972643E-001  1.331311714841421E+003
    897  1.727600126766894E+000  1.517936581560056E+004
    898  1.827131699635511E+000  1.364936970999779E+004
    899  4.169495851458234E-001  2.469907341078330E+003
    900  5.807186329007705E-002  9.172875562544858E+001
    901  7.943424560209202E-002  2.332355474471768E+002
    902  9.480336439586682E-001  9.408440638378121E+003
    903  4.097792895973898E-001  2.782858804401785E+003
    904  4.723130554629535E-002  2.719323919243321E+001
    905  1.230742854373411E+000  9.978171741618413E+003
    906  5.163407992462866E-002  6.250090700041007E+001
    907  8.973770368831330E-001  7.575755163421945E+003
    908  8.156408168594043E-002  2.608480880834214E+002
    909  1.217878945774444E+000  9.786567826445340E+003
    910  2.369243923781175E-001  1.285755498647979E+003
    911  1.980745354157601E+000  1.626935706342253E+004
    912  5.235740222165695E-002  6.897457760238811E+001
    913  1.883398144665367E-001  1.450632606325211E+003
    914  4.506661218803711E-002  2.051734038567815E+001
    915  1.111577933432434E-001  4.721969146499111E+002
    916  6.153545824047110E-001  4.037969917407276E+003
    917  6.015718224376740E-001  5.293114204270442E+003
    918  9.473687949531661E-001  8.623281185623546E+003
    919  7.977053937892704E-001  6.678080901764944E+003
    920  7.422846806541292E-002  2.197152477168474E+002
    921  8.950212584474919E-001  6.493719085002765E+003
    922  1.420299530438929E-001  6.748219027005289E+002
    923  1.338941858970475E-001  6.187793180554085E+002
    924  1.105572979320346E+000  9.344983208887634E+003
    925  5.995004560912221E-002  1.236704365379894E+002
    926  6.175699860592385E+000  5.471774943611180E+004
    927  1.487071019223324E-001  7.103794663746193E+002
    928  2.900870227184662E+000  2.502051350394692E+004
    929  1.282245834737552E+000  1.238651038486967E+004
    930  7.165654148378190E-001  8.317648836956212E+003
    931  8.452392694904788E-002  2.900940969823969E+002
    932  2.857652202122808E-001  1.960812835831475E+003
    933  7.463997543097045E-002  2.304247302112124E+002
    934  6.355618935727827E-001  6.251296822139772E+003
    935  6.494961331875447E-002  1.577018608902285E+002
    936  5.686191387701277E-002  1.342327233268536E+002
    937  1.305640654210160E+000  1.266476163666393E+004
    938  7.943310353430862E-001  6.495390764374798E+003
    939  6.966556738827831E-002  1.961746638980626E+002
    940  6.736340691277076E-001  5.551344566008046E+003
    941  5.080740568242901E-002  7.309596868802340E+001
    942  2.423695218163596E-001  2.143424771890366E+003
    943  3.031027796636787E-001  2.190119805246551E+003
    944  8.008517365650292E-001  6.311021840540085E+003
    945  3.968016354545843E-001  3.128613218166323E+003
    946  4.750154153191277E-002  4.964629826258193E+001
    947  9.328314624050051E-001  7.692502015089557E+003
    948  7.372657256735957E-001  6.852847921591361E+003
    949  9.446448700793471E-002  3.641748450535727E+002
    950  6.629016114954362E-001  5.342379806444992E+003
    951  6.468515691030990E-002  1.742050580022205E+002
    952  1.289980960969008E+000  1.295805426157110E+004
    953  9.205497706199349E-002  3.868375071557814E+002
    954  1.360432584009230E+000  1.320067021858472E+004
    955  2.622544866691734E-001  2.853891832446584E+003
    956  4.400695197723611E-002  4.470306627926865E+001
    957  7.522254378187250E-002  2.354225972266355E+002
    958  3.815367137446761E-001  3.727418869218234E+003
    959  5.012908168177397E-002  7.662409169446165E+001
    960  7.352666669400172E-001  6.731402533335861E+003
    961  6.601519531752816E-002  1.768644269700325E+002
    962  3.881068306781063E-001  3.190061140871806E+003
    963  1.425422354949669E-001  6.812758329875847E+002
    964  6.422893778355478E-001  6.058668927684820E+003
    965  4.125304213460435E-002  1.530235119072358E+001
    966  2.754926860232136E+000  2.193948045743547E+004
    967  2.976313763604554E+000  1.990427512000574E+004
    968  1.418576378975310E+000  1.000942621095533E+004
    969  4.445696166627910E-002  3.721623906482932E+001
    970  1.999254217720948E+000  1.816196123285660E+004
    971  4.501186569631650E-002  4.396557085554195E+001
    972  6.582033571915415E-001  5.617121082498653E+003
    973  2.559696950437667E+000  1.959843885520042E+004
    974  5.406880648524843E-002  1.027248434339697E+002
    975  8.627942117977098E-001  6.017551970900589E+003
    976  1.382829001367991E+000  1.065841059853340E+004
    977  3.581616526650198E-001  2.757428802442559E+003
    978  7.579041559914258E-002  2.617499195676682E+002
    979  2.830234655262450E-001  2.394280082788757E+003
    980  5.454886142552010E-002  1.083488573841969E+002
    981  1.200395174790952E+000  1.143064488930522E+004
    982  8.862848886590761E-002  3.413895998864817E+002
    983  3.787585419250380E-001  3.024576715462104E+003
    984  7.973482039359291E-001  5.865327450445996E+003
    985  7.136262630086602E-002  2.262470540768076E+002
    986  6.334462663520454E-001  4.557269888165698E+003
    987  6.508460582791001E-002  1.757762133073617E+002
    988  2.361186573018087E-001  1.759208327517830E+003
    989  6.555767322852656E-001  6.428236107342273E+003
    990  8.898833871075693E-002  3.359408345231514E+002
    991  2.905657540476829E+000  2.643510784581455E+004
    992  2.873565520025497E+000  2.413366078840212E+004
    993  4.874145402463551E-002  8.143142774990007E+001
    994  1.245916089789060E-001  5.689325977315503E+002
    995  5.074742750792888E-001  3.796992846059060E+003
    996  4.327431515993010E-002  5.148426498405539E+001
    997  7.633661627156979E-001  7.701563915485550E+003
    998  3.958586883665561E+000  3.565848338125418E+004
    999  4.496910010971135E-002  5.715767999854591E+001
   1000  8.833427870390939E-001  7.751573465349250E+003
   1001  2.316178319113440E+000  2.148963770343930E+004
   1002  8.532600489989695E-002  3.526711510469715E+002
   1003  5.704116906612566E-002  1.302173456676152E+002
   1004  1.225522336225372E-001  5.620539215033095E+002
   1005  2.185954484662135E+000  1.616967419127336E+004
   1006  9.741036912679797E-001  1.002368435895357E+004
   1007  3.995673099933254E-002  2.622993718416831E+001
   1008  8.685167281737609E-001  8.246147939931117E+003
   1009  1.392831016330162E+000  1.070762233438597E+004
   1010  7.903347413047168E-002  2.922008072060313E+002
   1011  1.042876586645666E+000  8.747070306547152E+003
   1012  6.523157361840969E-002  1.829158428817235E+002
   1013  1.499046342207758E+000  1.082023008477191E+004
   1014  2.437693620737022E-001  1.781085925470355E+003
   1015  3.895445052792957E-002  1.771151945368162E+001
   1016  1.783962834258811E+000  1.562247213020771E+004
   1017  9.770922347189390E-002  4.012996434447979E+002
   1018  2.176872834995427E+000  1.646797142833790E+004
   1019  3.960364907726382E-002  1.696941396021525E+001
   1020  2.291322593551313E+000  1.681130372773608E+004
   1021  5.071239487042642E-001  4.290952494216052E+003
   1022  1.756474776146582E+000  1.508040471955624E+004
   1023  5.533298511419295E-002  1.187882443562743E+002
   1024  1.451182816058135E+000  1.543302886170121E+004
   1025  5.745234441270818E-002  1.456799325146571E+002
   1026  3.769513491212378E+000  2.929688734075607E+004
   1027  1.465007116379679E+000  1.221363231782409E+004
   1028  1.477067268549773E-001  7.390146715164866E+002
   1029  1.951518786871681E+000  1.583563405724798E+004
   1030  3.881796087511546E-002  2.002686917413543E+001
   1031  1.409381817439271E+000  1.208146562537068E+004
   1032  2.841576646684586E+000  1.981020979121518E+004
   1033  2.632929346476046E+000  1.956395794047931E+004
   1034  2.403591936806965E+000  1.670744800547497E+004
   1035  7.960449099339773E-002  2.868588499102506E+002
   1036  6.223426320696185E+000  4.310848223464966E+004
   1037  4.425121661686213E-002  5.247943284410417E+001
   1038  1.699653336500862E+001  1.181317261303847E+005
   1039  2.457939819392116E+001  1.742944931428071E+005
   1040  1.557116280946553E-001  8.437801268950144E+002
   1041  2.964314513830792E+001  2.071672856239576E+005
   1042  5.226328941592232E+000  5.044910560252919E+004
   1043  8.881081752849411E-002  3.511179465314722E+002
   1044  1.155334401369329E+001  9.641707466385486E+004
   1045  6.227331135509993E+001  4.364596156971555E+005
   1046  2.432277420697511E-001  1.405038567581153E+003
   1047  1.481406785228115E+001  1.051321205724971E+005
   1048  3.243119862606137E+001  2.589565017583105E+005
   1049  4.887521847350391E-002  1.019489386655584E+002
   1050  2.139318058631336E+001  1.509806042066161E+005
   1051  7.363305261649709E-002  2.735709556040841E+002
   1052  1.716361774108168E+001  1.509109571968508E+005
   1053  1.081135438433253E+001  9.031799691212173E+004
   1054  8.240168449284754E-002  3.237905728174233E+002
   1055  5.922641272639120E+000  5.293853270088678E+004
   1056  1.349199775294264E-001  7.766601113672915E+002
   1057  8.170355881457796E+000  6.104920018761087E+004
   1058  4.078323352430972E+001  3.129405592336430E+005
   1059  4.682431270775902E-002  9.342218978764159E+001
   1060  4.273708571363561E+001  3.702902558109272E+005
   1061  6.563049264218775E+000  4.963477119450855E+004
   1062  8.512807557899377E+000  6.921948384574983E+004
   1063  2.574904173388065E-001  1.513758280911091E+003
   1064  1.738762127044815E+001  1.310178276235245E+005
   1065  1.789630280862597E-001  9.628204827386313E+002
   1066  2.242872972297722E+001  1.842093098393354E+005
   1067  8.664947684514834E+000  7.451437267109957E+004
   1068  2.901795098460045E-001  1.682880181711290E+003
   1069  7.887612517065005E+000  7.098978040768138E+004
   1070  2.474208503834011E+001  3.319908081270358E+005
   1071  1.729266552594671E+001  1.343957500046116E+005
   1072  2.707095606261218E+001  1.979865082441474E+005
   1073  4.614372488938557E-002  1.174277310521238E+002
   1074  1.657743813956908E+001  1.685285546111043E+005
   1075  9.982381330044870E+000  6.628549313517848E+004
   1076  1.759954871807262E-001  1.893126109387115E+003
   1077  7.472359249799775E-002  7.549244047217653E+002
