# dt =   1.000000000000000E-005
# j, New nj, Rate of change (1/s)
      1  6.137058314684182E+000  3.650356567968007E+004
      2  9.190923336992869E+000  1.135960337071975E+005
      3  4.819976798678967E+000  2.031242898504290E+004
      4  1.047779606371526E+001  7.909000965396788E+004
      5  2.643502685320294E+001  1.776267331741372E+005
      6  4.827428644545884E+000  2.063871875502747E+004
      7  2.330453079218007E+002  1.686482156176529E+006
      8  1.163738007990025E+002  8.358388172300818E+005
      9  7.720816228403581E+000  6.714991579240502E+004
     10  1.509460881134936E+001  1.063216572232607E+005
     11  1.352493104347634E+001  8.677215028891314E+004
     12  7.300623112492201E+000  5.009937003998216E+004
     13  2.111050719527615E+000  4.689916819178907E+003
     14  1.800474278279574E+001  1.448303345360420E+005
     15  2.112523620434374E+000  5.001021407963357E+003
     16  6.702795156714534E+001  5.866069132657211E+005
     17  1.288655610883457E+001  9.738670299758126E+004
     18  4.131296865397096E+001  2.925582794069596E+005
     19  1.836372925971669E+000  3.487920703423948E+003
     20  1.382734837144283E+001  9.156821929264774E+004
     21  5.153553036845318E+000  2.632616052940996E+004
     22  4.299581808350179E+000  2.514049164871644E+004
     23  1.252812613771793E+002  9.027142520422456E+005
     24  9.540760064258106E+001  6.839394954501280E+005
     25  1.686686378671221E+000  3.044323734020715E+003
     26  7.036230284604222E+000  4.955464360869291E+004
     27  3.633510895859397E+001  4.077512151069346E+005
     28  4.064418735800607E+000  2.251226785499118E+004
     29  3.154364227968705E+001  2.944272525508092E+005
     30  2.924896363887329E+000  1.219880311910822E+004
     31  2.320628307327144E+001  1.605507815952588E+005
     32  1.869596607344075E+001  1.459110389819520E+005
     33  5.661968390443305E+000  3.665615724957164E+004
     34  4.038263311682423E+000  2.084397320038679E+004
     35  6.266955047505800E+000  6.431115738186753E+004
     36  8.354894657378166E+000  5.213140190975984E+004
     37  6.821591429574816E+000  5.796305557498231E+004
     38  9.098435133575872E+001  6.601187778261886E+005
     39  7.604626131578601E+000  6.037358253554795E+004
     40  6.491846289307982E+000  6.394906219022928E+004
     41  4.147542979640843E+000  3.073805384000004E+004
     42  4.332473759743584E+000  2.909323700191394E+004
     43  5.102106093693968E+000  2.936196766824575E+004
     44  4.071230625636272E+000  3.774046966559088E+004
     45  4.058481550050557E+000  2.755543153029325E+004
     46  5.613035111021894E+000  3.307497864626702E+004
     47  1.133517001382154E+000  1.687502608071027E+002
     48  3.939782911366384E+000  2.380195943973337E+004
     49  1.907345172833987E+000  6.703730399137407E+003
     50  2.255687485668845E+000  9.109107255745768E+003
     51  4.866246413206603E+000  4.593090965898873E+004
     52  2.956559199114141E+000  1.703958867594042E+004
     53  3.321282323413706E+000  1.895633700725605E+004
     54  4.653233822952378E+000  3.166512943417260E+004
     55  7.697153448646621E+000  6.952311887059080E+004
     56  1.111491884548376E+000  2.833647005955335E+002
     57  6.882723289650095E+000  5.201290313367129E+004
     58  3.383402654958805E+001  2.390156469750698E+005
     59  1.246310875008702E+000  1.616454059365750E+003
     60  1.930191986322285E+001  1.612154531262441E+005
     61  1.935625807406177E+000  6.505377602062827E+003
     62  3.254387058556528E+000  1.635018840359976E+004
     63  2.958752876273879E+000  1.612437175900900E+004
     64  5.185059227106348E+001  3.732787806020904E+005
     65  5.789933164596072E+001  5.471304159555413E+005
     66  8.956375535377715E+000  5.812631975118581E+004
     67  1.439154437513957E+001  1.242846917944169E+005
     68  2.881535835832296E+000  1.349581247050062E+004
     69  5.272351262939467E+000  3.510681181762148E+004
     70  1.470660154253560E+001  1.340325456731952E+005
     71  1.648303844654524E+001  1.551812536624399E+005
     72  1.847146326250294E+000  6.051953357269544E+003
     73  3.185733134594347E+000  2.964131046735587E+004
     74  6.190590146943002E+000  3.848346466741864E+004
     75  2.221067063481387E+000  8.778484509289903E+003
     76  1.868120551824899E+000  6.760923447125537E+003
     77  2.267842225937715E+000  1.063865097454692E+004
     78  2.991770009853852E+000  1.525222707515027E+004
     79  5.529248925874703E+000  4.661059965786005E+004
     80  7.602928777068774E+000  8.040616087541032E+004
     81  2.563510124452040E+000  1.515140575082907E+004
     82  2.392378824053788E+000  1.518342095985661E+004
     83  1.609838309755659E+000  5.893946328842429E+003
     84  2.127160719696679E+000  8.539498142144377E+003
     85  1.381167251899960E+001  9.172108251748297E+004
     86  7.572843140082040E+000  9.743573123416874E+004
     87  1.047605843769754E+000  1.040204697622398E+003
     88  1.510167412759847E+000  3.950082150092307E+003
     89  5.093699494356398E+000  3.251148218873048E+004
     90  1.166427230896678E+001  1.604162280684160E+005
     91  1.109776315303654E+001  1.081684501678229E+005
     92  6.902208073044435E+000  5.174357413741225E+004
     93  1.502122215425387E+000  7.234967602142076E+003
     94  3.283549221152978E+000  3.223578554461122E+004
     95  9.769196404581910E+000  6.422897899905860E+004
     96  3.584587189856751E+000  2.002542572940823E+004
     97  5.420600183220746E+000  3.666485567876901E+004
     98  2.593915743426968E+000  2.225659058846207E+004
     99  1.285421701480872E+000  3.162975775969339E+003
    100  8.595923027226055E+000  8.680647138276452E+004
    101  4.732024514539312E+000  2.836380863789765E+004
    102  4.765187293666791E+000  3.832192565228293E+004
    103  1.236278515119277E+001  1.620830879944605E+005
    104  2.443948352788752E+000  1.102186993070749E+004
    105  2.978674534871024E+000  2.520802354028050E+004
    106  4.996839390333141E+000  3.013046229420496E+004
    107  1.792781165728041E+000  6.207451915049832E+003
    108  6.342994998886506E+000  4.939302252465432E+004
    109  3.401235272919981E+000  1.859189558873500E+004
    110  4.729553305951460E+000  3.641037144587795E+004
    111  2.088132717554736E+000  9.737978348339710E+003
    112  2.194389127927807E+000  1.149944112204145E+004
    113  1.794108472841597E+000  9.187459610163338E+003
    114  5.270681597073609E+001  3.747837941118944E+005
    115  5.603767022371445E+000  4.890068475329942E+004
    116  3.050227261780363E+000  1.623946557857347E+004
    117  6.555495494820976E+000  4.804241232047556E+004
    118  2.040240230341102E+000  8.519710078891423E+003
    119  5.093866985926765E+000  3.251016774654502E+004
    120  4.599548343345806E+000  3.698965833349177E+004
    121  3.278310017379495E+000  1.725825917288490E+004
    122  1.096132255386396E+000  1.500494261231274E+003
    123  1.509412572077888E+000  4.651980478539397E+003
    124  9.173155249612569E-001  2.047810352801251E+002
    125  2.562554030465934E+000  1.685240976003525E+004
    126  2.160985393489556E+000  1.369856706935097E+004
    127  1.303521820760368E+000  3.880740321416542E+003
    128  1.884012201259286E+000  1.244423771576490E+004
    129  1.072190456026981E+000  1.379874705976390E+003
    130  2.163417731533786E+000  1.029802999318457E+004
    131  5.712561897629788E+000  3.532468465876015E+004
    132  2.710823567340234E+000  1.438923714339351E+004
    133  5.035733747604777E+000  3.020644754060508E+004
    134  4.929898730703405E+000  2.934059761872988E+004
    135  2.888481280795988E+000  1.959976869109925E+004
    136  2.133197547587272E+000  1.251288276799717E+004
    137  4.523588480617133E+000  2.735750582737489E+004
    138  4.013727649100884E+000  2.388718100582385E+004
    139  2.037097694327894E+000  1.155593689453095E+004
    140  1.616176673570428E+000  7.241979161020946E+003
    141  2.480288658190160E+000  1.266448224072457E+004
    142  1.515827211794095E+001  1.048840283516314E+005
    143  5.415697590239883E+000  3.418703375226490E+004
    144  4.732289404566838E+000  3.421101685255545E+004
    145  1.567701547666342E+000  6.488754540934085E+003
    146  8.835333625149329E-001  1.993696078758095E+002
    147  1.587236481656745E+000  5.290631675625689E+003
    148  4.018171990375461E+000  2.723467471540558E+004
    149  4.719798073790845E+000  3.262692335343865E+004
    150  2.974432568267790E+000  1.569499842484622E+004
    151  6.211319294869071E+000  7.136102810317048E+004
    152  5.019172023107148E+000  4.532615132423641E+004
    153  4.499674370659525E+000  2.697481832376003E+004
    154  9.776513326196756E+000  1.619872080740878E+005
    155  3.503498528452068E+000  2.707755151485700E+004
    156  4.011363470171562E+000  2.368596762700194E+004
    157  3.822510345636738E+000  2.787287659723664E+004
    158  5.490829430388883E+000  3.406996541627416E+004
    159  9.764021669187681E-001  1.761287997267697E+003
    160  6.765937088066426E+000  4.789231197224362E+004
    161  7.829379308972763E+000  5.124715130908552E+004
    162  1.308559519603694E+000  3.583091412046574E+003
    163  7.379643079916444E+000  8.615608001902436E+004
    164  1.059437372923445E+001  1.104519149982979E+005
    165  6.715537229304736E+000  8.269927845018001E+004
    166  3.136370881332925E+000  2.428786183065798E+004
    167  1.817750265944403E+000  7.589978562185069E+003
    168  2.995891205779552E+000  1.598180910052851E+004
    169  3.712706393055726E+000  2.345097790412319E+004
    170  1.205241621503680E+000  3.116958494545226E+003
    171  1.340185097640513E+000  4.218726920475467E+003
    172  1.621827112497396E+000  8.894426701990285E+003
    173  1.684387979029398E+000  8.727463784969988E+003
    174  3.285435956854477E+000  1.880334508945588E+004
    175  8.667402146246675E-001  9.494058754228367E+002
    176  1.765932731955595E+000  7.321829350482728E+003
    177  3.262483279280300E+000  2.444118572234526E+004
    178  7.738621573815626E-001  8.441499183066388E+001
    179  1.050418707502046E+000  2.222757170928626E+003
    180  3.628052078055374E+000  2.535608875935886E+004
    181  1.005333295907614E+000  1.878721278080851E+003
    182  6.364282289464668E+000  6.130905192310486E+004
    183  6.693744384926091E+000  4.367526358480530E+004
    184  4.713850334556456E+000  2.858338277941871E+004
    185  6.492327918118979E+000  5.542462593627349E+004
    186  3.009805999891201E+000  3.091631514345438E+004
    187  1.592978461317387E+000  6.113811858804074E+003
    188  5.999500043471256E+000  5.345080682016719E+004
    189  1.711268432885511E+000  7.471163673901639E+003
    190  2.897907167622361E+000  2.139251372887866E+004
    191  2.704865567582118E+000  1.436475178945176E+004
    192  3.001372287714246E+000  1.963603734732277E+004
    193  3.298277341646749E+000  2.586241527376377E+004
    194  1.239094988472497E+000  4.805032911551437E+003
    195  4.323407287768942E+000  2.909437752941617E+004
    196  4.057386745622007E+000  2.466971113389141E+004
    197  4.643335558305311E+000  3.236405265038056E+004
    198  2.827291486699423E+000  2.439586119034108E+004
    199  1.544767487782134E+001  1.089323457128751E+005
    200  9.243660538264066E-001  1.465867606553382E+003
    201  1.733045552307551E+000  8.409663436760173E+003
    202  4.882751585735286E+000  3.092325830116325E+004
    203  1.010062909967268E+000  3.046595779568826E+003
    204  1.469785925079558E+000  7.697795585312451E+003
    205  7.445445296742430E+000  4.870430973411528E+004
    206  2.806315530828180E+000  1.736216862186791E+004
    207  9.388661816974871E+000  6.483050026589528E+004
    208  2.920416722617708E+000  1.590148575227431E+004
    209  5.248750324704121E+000  3.989287275934615E+004
    210  2.032392888235777E+000  1.305367721950282E+004
    211  2.975704288702009E+000  2.013425037417518E+004
    212  6.119496809806578E+000  3.930986333912938E+004
    213  1.127324201056807E+000  4.863992740434195E+003
    214  2.225923506610926E+000  1.093348026587502E+004
    215  3.355636164175467E+000  1.960445388883412E+004
    216  1.069658175962987E+000  2.760191916356277E+003
    217  4.506609030111987E+000  2.950802282798709E+004
    218  3.792444504742645E+000  2.235235227542357E+004
    219  2.753745921455920E+000  1.460720999853171E+004
    220  9.739188268348185E-001  1.933829848383592E+003
    221  4.980303907511366E+000  3.121542965715254E+004
    222  2.840295122781900E+000  1.821507912372659E+004
    223  2.236931468572695E+000  1.466596428104232E+004
    224  8.411864294021959E-001  9.857033639412102E+002
    225  8.456254452760622E-001  9.920634658317234E+002
    226  1.953116749875704E+000  1.114339362838050E+004
    227  8.546653285031894E-001  1.105748020963928E+003
    228  7.580862302948652E-001  4.073296860568693E+002
    229  1.501181753358389E+001  1.047774443373226E+005
    230  4.097385862197781E+000  3.443913171510443E+004
    231  3.113121352481500E+000  1.778830843370141E+004
    232  6.928144204474708E+000  6.525054601582229E+004
    233  2.669774795364915E+000  1.929513867005075E+004
    234  1.419231583632546E+000  5.364166839337669E+003
    235  7.394405755158188E-001  4.650905830691866E+002
    236  4.456503198175170E+000  3.752148664110994E+004
    237  2.517736791454484E+000  1.328047607728160E+004
    238  1.522545547871482E+000  8.455432234042906E+003
    239  3.292055420239118E+000  1.958022936965534E+004
    240  1.745618987581997E+000  9.919893683017754E+003
    241  3.671659162969450E+000  2.836317108268851E+004
    242  1.540143491074077E+000  6.418825283034344E+003
    243  8.712631397558543E-001  1.562553693969058E+003
    244  1.973673567251328E+000  1.136061824250897E+004
    245  4.672715825283694E+000  3.966381080809844E+004
    246  3.847068194059073E+000  2.347364224906755E+004
    247  1.312158447126091E+000  6.644172558588859E+003
    248  1.395862491571697E+001  1.434005458944353E+005
    249  6.913747919711565E+000  5.218292807325154E+004
    250  1.063862725790598E+000  2.924255933757507E+003
    251  4.774088991781356E+000  3.793560169706332E+004
    252  7.206630957840008E-001  6.422433451928908E+002
    253  9.779904322482977E+000  8.236991776958690E+004
    254  2.917820587928301E+000  2.078614253472717E+004
    255  1.281427337339674E+001  8.892635618592867E+004
    256  1.380025752490077E+000  8.258362640318639E+003
    257  1.215610328268292E+000  4.213034768868657E+003
    258  6.016032307323594E+000  5.646331080412978E+004
    259  1.866073626513772E+000  1.257778817730423E+004
    260  1.199775397006530E+000  4.159229405010116E+003
    261  1.717919969232019E+000  8.311945710712118E+003
    262  1.922652832256217E+000  1.278807026413931E+004
    263  6.425961870330704E-001  1.650634393118785E+002
    264  2.810550275699916E+000  2.159251076073586E+004
    265  7.277360675121447E-001  9.185339265956895E+002
    266  1.526485522791603E+000  7.783751896623365E+003
    267  1.127692207726926E+000  4.333033391644749E+003
    268  7.856717580135824E-001  1.275865580866617E+003
    269  1.088203159152918E+000  3.410778842678732E+003
    270  1.499531418535082E+000  7.660826016739401E+003
    271  8.833126699208073E-001  2.099288289220578E+003
    272  2.170997127017662E+000  1.895336977523723E+004
    273  1.856924985324026E+000  1.126846086888519E+004
    274  2.365652127756984E+000  1.851052367666485E+004
    275  3.161814495713961E+000  1.799337272918575E+004
    276  9.383029770285451E-001  3.390228587195637E+003
    277  8.368557248975061E-001  1.693518095738668E+003
    278  1.060191947643835E+000  3.671307205538335E+003
    279  5.214649356080534E+000  4.056422633696716E+004
    280  1.311199281141879E+000  1.035581533678861E+004
    281  3.091627506222666E+000  1.921689368327277E+004
    282  6.049986555298431E+000  3.983183945965295E+004
    283  2.138967345741049E+000  1.485475900155878E+004
    284  7.608398228605594E-001  1.138169445489850E+003
    285  3.459908757721443E+000  2.450956371816352E+004
    286  6.557806831672016E-001  3.980125924173971E+002
    287  1.009094394773537E+000  3.314861029332227E+003
    288  3.822964803013700E+000  2.646410467109926E+004
    289  5.413998561814997E+000  3.645109354453830E+004
    290  2.168879705571165E+001  1.824996181375018E+005
    291  3.220583491932852E+001  2.772280063082359E+005
    292  8.753212852300052E+000  6.404070127821873E+004
    293  7.559869855532717E+000  8.628579935562929E+004
    294  9.491573674396284E+000  7.522126856795499E+004
    295  8.779783740002967E+000  5.744452533305754E+004
    296  1.000411864784256E+001  8.067391166468753E+004
    297  1.477828246161403E+001  1.130124116546268E+005
    298  5.581496092535752E+001  5.008848218844088E+005
    299  1.656757432809235E+001  1.307116496115770E+005
    300  7.760376109898831E+001  6.489330955874565E+005
    301  3.670506407170981E+001  2.616210605149841E+005
    302  2.553037018308963E+001  1.947209253298641E+005
    303  1.609387937635993E+001  1.340246082725051E+005
    304  2.178104621657270E+000  1.185653893759149E+004
    305  1.437183181527082E+000  6.339796583415144E+003
    306  8.898554042138313E+000  6.555341079783655E+004
    307  1.525706557258594E+000  6.916769142482073E+003
    308  2.670281822886814E+001  2.023516199428027E+005
    309  2.889020586846955E+000  1.680983394525801E+004
    310  5.162686103080821E+000  3.933793178029048E+004
    311  3.116059834097490E+000  2.164374776446455E+004
    312  4.232931047096018E+000  2.937903959082522E+004
    313  1.162914612271548E+000  4.264413719024892E+003
    314  1.692008115050896E+000  8.158931745978589E+003
    315  7.265756326344340E-001  1.236102687610427E+003
    316  2.676316254909670E+000  1.633331129926609E+004
    317  1.633144479321374E+000  7.760040242858853E+003
    318  3.370544498946228E+000  2.937502577646059E+004
    319  2.006930689130149E+000  1.105283328930604E+004
    320  4.370433821262279E+000  2.757674103180496E+004
    321  2.144658354007961E+000  1.502963031358764E+004
    322  9.691452398981706E-001  3.332907708385180E+003
    323  1.188082817999728E+000  4.531646728262592E+003
    324  2.240966413192876E+000  1.202540352463109E+004
    325  3.449186104618599E+000  2.251009811107008E+004
    326  7.314514829671464E+000  5.742244667917735E+004
    327  3.061759670704820E+000  1.940127804187015E+004
    328  7.403110798550011E-001  1.251422100070808E+003
    329  6.133344695574084E+000  4.873931348974162E+004
    330  1.814383000370366E+001  1.283293614200797E+005
    331  4.940551656600989E+000  3.230157694276764E+004
    332  4.893713252538816E+000  3.357048555385914E+004
    333  2.225184531773493E+000  1.402337621841035E+004
    334  1.579376113802982E+000  7.451894623615549E+003
    335  1.062142206258740E+001  8.643228010128443E+004
    336  2.554500179899350E+000  1.478650407263161E+004
    337  1.047368963254933E+000  4.206549102728761E+003
    338  2.639054044608578E+000  1.537091509800118E+004
    339  1.101505695931664E+000  4.207842569628857E+003
    340  1.372818258378639E+000  9.578073226982668E+003
    341  4.128219428632386E+000  3.444100283223422E+004
    342  6.433371522236514E-001  9.609302595267737E+002
    343  2.196113450892516E+000  1.604637905312157E+004
    344  9.818142839461066E+000  7.954932979854822E+004
    345  6.455230578770998E-001  1.432225222668843E+003
    346  7.129965068811024E+000  6.944589302368784E+004
    347  1.119582287769473E+001  7.787693914995623E+004
    348  6.638966088047702E+000  4.476623724174787E+004
    349  1.194974922998336E+000  6.628518927032885E+003
    350  6.077118174024333E-001  8.066929461492301E+002
    351  1.045524893466708E+000  4.960909088963898E+003
    352  3.189732387342975E+000  1.967027382775680E+004
    353  7.607813793177708E-001  2.374643081424002E+003
    354  6.920337303214287E-001  1.506465641910708E+003
    355  1.560343627069645E+000  1.055877846590243E+004
    356  4.463991354359681E+000  3.679317734499653E+004
    357  3.200372779207902E+000  2.009247135775191E+004
    358  2.487463146290649E+001  2.077319301358827E+005
    359  1.783278777244768E+000  1.393945338926635E+004
    360  1.350100945212571E+000  6.813502766044253E+003
    361  1.155120945731046E+000  5.099935062819254E+003
    362  5.520723954191685E-001  6.496912092847813E+002
    363  4.757114634423498E-001  1.081736128096032E+002
    364  1.353562196662117E+000  7.734193745818166E+003
    365  9.827667799561075E-001  4.697508181025570E+003
    366  6.419094852148776E-001  1.368329663189837E+003
    367  1.232040498243528E+000  7.686664600051198E+003
    368  6.179301436536350E-001  1.167942989871908E+003
    369  6.890063985539110E-001  2.521998884139537E+003
    370  7.426930791332308E-001  2.109153121925941E+003
    371  5.493883484934211E-001  7.334541270518622E+002
    372  1.616251761028593E+000  9.583033170948396E+003
    373  5.081101041307748E-001  4.539558139848013E+002
    374  3.433103786522288E+000  2.492100005395336E+004
    375  7.395498912085884E-001  2.323050532105162E+003
    376  1.493092085849480E+000  1.276576475805182E+004
    377  1.237586308033895E+000  6.306934848468867E+003
    378  8.305194705240160E+000  6.554043728308332E+004
    379  9.679556161779345E+000  6.799004128006540E+004
    380  6.611690700513437E+000  5.239193717361000E+004
    381  8.203861629245175E+000  7.613466431953198E+004
    382  2.201427325733050E+000  1.288235010055518E+004
    383  6.774093536166629E+000  5.011071022738443E+004
    384  1.007124121219665E+002  8.202188550458850E+005
    385  6.709211022857818E+000  4.584175427011734E+004
    386  1.628206019245633E+001  1.388282378407676E+005
    387  1.820938648215666E+001  1.576403979694081E+005
    388  4.103530274356692E-001  8.443186872804363E+001
    389  2.448049896410624E+000  1.494419982875175E+004
    390  7.911543657978433E+001  7.502954959021414E+005
    391  2.028513750887791E+001  1.613779970336046E+005
    392  7.751409948702216E+001  6.419644820503388E+005
    393  1.166802471368298E+001  1.296176966989635E+005
    394  2.169588265799651E+000  1.312023380222708E+004
    395  6.245597710462182E+000  5.795288710783363E+004
    396  7.327398654836862E+000  5.690803523589636E+004
    397  1.860048073370722E+000  1.328585202890959E+004
    398  1.242789726544432E+000  8.604913348210210E+003
    399  2.793594861004919E+000  2.340056981879035E+004
    400  2.887097164025235E+000  2.626229908113802E+004
    401  3.029196951867322E+000  1.952520193092688E+004
    402  1.707959547161596E+001  1.419880387129283E+005
    403  7.540795909223046E+000  5.410028184170378E+004
    404  4.069561856864427E+000  2.998508079092361E+004
    405  1.301638732191621E+001  1.035702517132448E+005
    406  3.532886538992658E-001  7.704205908985496E+001
    407  6.367395858865033E+000  6.185084114044043E+004
    408  4.008537772089293E-001  5.170478146618153E+002
    409  2.482730673783107E+000  1.887092036822972E+004
    410  7.325217299910479E-001  3.000570180112429E+003
    411  3.477783255166354E+000  2.835178217775299E+004
    412  3.656669169191251E-001  2.421748798728115E+002
    413  5.744584716470393E+000  4.428731422476892E+004
    414  6.908217704288915E-001  3.025957486983756E+003
    415  5.547165719592255E+000  4.431140729674642E+004
    416  5.646593535596539E-001  2.003516192705788E+003
    417  3.927876970791910E+000  2.702849531167974E+004
    418  2.002531640689386E+002  1.508554790065767E+006
    419  1.438628488515349E+001  1.533105703103340E+005
    420  8.405925885475269E-001  3.816628324845713E+003
    421  4.860294098533079E+000  3.933850343754122E+004
    422  3.380500974219888E+001  2.484628298731280E+005
    423  9.161436091638189E+000  7.860616177058050E+004
    424  4.108486864612470E-001  6.141964011765891E+002
    425  2.003559828557571E+001  1.566005501308939E+005
    426  4.785175432951548E+000  3.790804897253552E+004
    427  2.611265541894277E+001  2.113946367979995E+005
    428  3.850144471991484E-001  4.910533665852647E+002
    429  5.400897650091115E-001  1.779292687758276E+003
    430  1.245858901301682E+001  1.015107141838281E+005
    431  5.151774341911190E+000  4.484795459655263E+004
    432  1.043333421611495E+000  5.836076144224618E+003
    433  2.978555048143734E+000  2.233900224050129E+004
    434  9.752367651189502E+000  7.511023083205515E+004
    435  6.358856269569069E-001  2.565401389351386E+003
    436  4.160131127322053E+001  4.219855729654652E+005
    437  4.865244213247434E-001  1.415848484601662E+003
    438  1.053361254076955E+001  1.072735473168708E+005
    439  3.488891546775885E-001  2.959428084617479E+002
    440  3.917537048518521E+000  3.298026079684597E+004
    441  6.463777818784477E-001  2.379466715282146E+003
    442  1.060853083437224E+000  8.303307967664236E+003
    443  3.194841100052473E-001  4.302436124235726E+001
    444  1.582666253200089E+000  9.406211174108981E+003
    445  3.502692427804039E+000  2.799003896461775E+004
    446  3.844981036424133E+000  3.312807896925011E+004
    447  4.275636545330169E-001  9.280232534259603E+002
    448  5.901168972219593E+000  4.503475107506428E+004
    449  1.918162127530447E+000  1.201351999685351E+004
    450  8.430335423715979E+000  7.028367817852006E+004
    451  1.307744657639213E+000  7.887660289569671E+003
    452  3.437701280230727E+001  2.984840966267980E+005
    453  9.075338056480252E+000  8.633782180299399E+004
    454  2.024979163720556E+001  1.993374045886800E+005
    455  2.583210231065907E+000  2.232212407515531E+004
    456  1.160354165192105E+001  1.212499179109292E+005
    457  5.038890895193325E-001  1.558860312084930E+003
    458  1.209006847543716E+001  1.035050188417001E+005
    459  6.856255766427976E+000  5.405005133040802E+004
    460  4.410233952613762E+000  4.004298877606588E+004
    461  4.210703050107886E-001  9.652330739296625E+002
    462  3.322038297389222E+000  3.502000293523410E+004
    463  6.034485729707019E-001  2.239291681849155E+003
    464  6.343045404935442E+000  5.652296780482317E+004
    465  5.813508959088611E-001  2.118960751983119E+003
    466  1.054082678272973E+001  9.823828116302738E+004
    467  2.005426066790883E+000  1.438204779832226E+004
    468  4.808771501837551E+000  3.572784934351218E+004
    469  4.767860484942961E-001  1.331399986131598E+003
    470  6.844742358734685E-001  2.862502444984054E+003
    471  5.714378466936273E-001  2.063928700460589E+003
    472  1.714361751031805E+000  1.794781290959255E+004
    473  7.589592768096969E-001  3.839328867924889E+003
    474  6.703394520414561E+000  7.271488385143064E+004
    475  9.041865022137779E+000  6.668053056847407E+004
    476  5.166536444462609E-001  1.761045433620858E+003
    477  3.168615892682927E+000  2.454186494074509E+004
    478  5.052927422900063E+000  3.958818931034716E+004
    479  2.837895341640372E+000  3.336841450474579E+004
    480  2.119329378537084E+000  1.528088434607036E+004
    481  8.617535328155825E-001  4.150580130535208E+003
    482  3.271082341332343E+000  2.732757465204233E+004
    483  2.158379163984671E+000  1.767146501578887E+004
    484  5.796743326035663E-001  2.223825716611755E+003
    485  8.655456728922912E+000  7.548960247374522E+004
    486  1.676346747376253E+000  9.868022042593988E+003
    487  3.711492471811485E+000  3.277942216058842E+004
    488  4.272141613921114E-001  9.824707254196619E+002
    489  1.990030209746517E+000  1.629864550401502E+004
    490  3.256777133966624E-001  3.135997000601893E+002
    491  1.050657685735769E+001  7.622322482752371E+004
    492  3.645704054235910E+000  3.098810876395608E+004
    493  2.431286675797393E+000  1.584939256259466E+004
    494  1.764043436507364E+000  1.383396166501839E+004
    495  1.805218150337950E+000  1.396330907268389E+004
    496  3.235493657714184E-001  3.744133872716273E+002
    497  3.340303202258943E+000  2.770810810733396E+004
    498  2.138539292401861E+000  1.637903025116455E+004
    499  2.793275235898152E-001  2.871110244792545E+001
    500  1.848382333732385E+000  1.310044199030786E+004
    501  2.780060661915558E-001  2.580578224613015E+001
    502  1.120743869247270E+000  6.291694869428365E+003
    503  2.303372933093143E+000  2.335872876112904E+004
    504  4.001676188226273E+000  3.380005414820257E+004
    505  4.881129330902981E+000  4.130295807524331E+004
    506  3.405437659541922E-001  5.229182479018926E+002
    507  3.703368661650928E+000  3.687876937449026E+004
    508  3.827109281565578E-001  9.156713793959310E+002
    509  3.320935317396876E-001  5.472209480839971E+002
    510  2.776573943475274E+000  2.547546766038224E+004
    511  5.460894972527272E-001  2.198653817435344E+003
    512  1.809886717982229E+000  1.898802841170220E+004
    513  5.610107240681879E-001  2.393230486897353E+003
    514  1.434683012300487E+000  1.121516543940190E+004
    515  9.657247518691356E-001  5.675917426024363E+003
    516  1.251716726299352E+000  8.209269327772799E+003
    517  1.160969566320031E+000  8.255490674758372E+003
    518  2.686086467347530E+000  2.416872976701739E+004
    519  2.353429966396398E+000  1.917088100150277E+004
    520  3.084102856539723E-001  3.406991528002514E+002
    521  1.142741373497224E+000  6.365504676439256E+003
    522  4.670028089118805E-001  1.528695069019768E+003
    523  7.148610400110936E-001  5.090074168732609E+003
    524  1.509908799019746E+000  1.661920096405353E+004
    525  1.873083490000413E+000  1.252965776836662E+004
    526  7.188541029336657E-001  3.380912907891834E+003
    527  7.077533404639752E-001  6.301909907314661E+003
    528  9.635012603211707E-001  5.145563501294469E+003
    529  6.294263924086025E-001  2.685703197465084E+003
    530  1.208592595196083E+001  1.003297486827948E+005
    531  1.161633179851389E+001  8.994390373531736E+004
    532  1.804919755463539E+000  1.292065213031713E+004
    533  4.430524421722628E+000  3.205813249177355E+004
    534  1.145433519902858E+000  7.711432264072515E+003
    535  6.214624143778869E+000  8.064827072837665E+004
    536  1.253337962812964E+001  8.991492419779318E+004
    537  1.662278417828510E+001  2.202561509539049E+005
    538  6.467641417597084E+000  5.053229918972024E+004
    539  1.072244227897565E+002  9.731757268589725E+005
    540  1.279764003269070E+000  1.118564716256181E+004
    541  1.831835197378167E+000  1.412104915823689E+004
    542  1.007525451866044E+000  6.772320891722428E+003
    543  4.186042653569630E+000  3.869130112739816E+004
    544  5.037205107214649E+001  3.661775221088506E+005
    545  1.811608423600313E+000  1.444778186461546E+004
    546  7.117928111324636E+001  5.184710980575320E+005
    547  9.343054050775310E+002  6.821417941972145E+006
    548  1.028777029732190E+001  8.713990166389903E+004
    549  3.873914228362222E+001  2.823983066206825E+005
    550  1.364886526971951E+000  1.572201029840757E+004
    551  4.561016384167154E+001  3.333441805545728E+005
    552  3.262762832726993E+001  2.519364166685344E+005
    553  7.945997960272280E+000  7.453919320944393E+004
    554  3.563266096209148E+001  2.596645270085777E+005
    555  1.458942580144697E+000  1.007439338068863E+004
    556  1.397956456874044E-001  4.903827517863829E+002
    557  1.973350616353437E+000  1.738851184820755E+004
    558  6.223942727064271E-001  4.022116743010741E+003
    559  6.169328124771768E-001  6.566070165159347E+003
    560  2.157434569187556E+000  1.523973043216619E+004
    561  8.468723910432449E-001  5.698642170291100E+003
    562  1.873676339000900E-001  8.502821300126971E+002
    563  2.520343977379545E+001  2.311952566086006E+005
    564  2.920687145214680E+000  2.091185601179384E+004
    565  1.234643533974945E+000  8.552725953752668E+003
    566  4.033324267916563E+001  3.576516990856091E+005
    567  4.565314236278401E-001  2.875138804144210E+003
    568  2.440451309321145E+000  2.327379094821289E+004
    569  3.244207193771780E-001  1.860337423329154E+003
    570  3.461147680363670E+000  2.895347212607148E+004
    571  8.016443861938710E-001  5.362639334736656E+003
    572  5.719759057348941E+000  5.131095202844354E+004
    573  1.171834138020792E+000  8.065856969677986E+003
    574  3.372574600498172E-001  1.942721479149277E+003
    575  1.742985635164835E+000  1.737570339558988E+004
    576  3.250665288149641E+000  2.472229430184043E+004
    577  7.309946174203815E-001  4.761446527130997E+003
    578  2.053733012179517E+000  1.762831402796198E+004
    579  3.477414538095501E-001  2.021339997139096E+003
    580  3.364899686583995E+000  2.633634209744704E+004
    581  8.031483471445958E-002  7.388098791124428E+001
    582  4.406074737860989E+000  3.570378405081546E+004
    583  4.377173208562103E-001  2.676604372845044E+003
    584  5.925536845253502E-001  3.821560320573103E+003
    585  2.368324483520491E+000  2.127158188325790E+004
    586  1.281920530257034E-001  4.380080547425146E+002
    587  6.538591518558917E-001  5.410692315238040E+003
    588  5.797169205190966E+000  5.295826821220524E+004
    589  3.738206292321042E-001  2.216555795051400E+003
    590  1.466019944681469E-001  5.596503013146211E+002
    591  1.649577188442171E-001  7.091991287704924E+002
    592  4.887816386417335E+000  4.161707979520055E+004
    593  5.093365225167085E+000  4.689770916417350E+004
    594  5.574898186535102E-001  3.584996161678813E+003
    595  3.201863378707704E-001  1.842569928924343E+003
    596  3.373072926357068E-001  1.967791286617965E+003
    597  1.434785981886762E+000  1.155129330907344E+004
    598  7.080901733658697E-002  1.564618182558319E+001
    599  7.054524065567653E-001  6.524197087945220E+003
    600  6.243705512830631E-001  5.230344942074547E+003
    601  1.775336586714772E-001  8.095651546617073E+002
    602  1.868714627859548E+000  1.625903189206906E+004
    603  9.656503551063597E-002  2.259449294041673E+002
    604  7.794230202264971E-001  7.117307005625041E+003
    605  6.581660385187477E-001  4.298023742860441E+003
    606  8.675586773371757E-002  1.344508342900945E+002
    607  1.111549578410265E+000  9.000917993319988E+003
    608  2.304080664049367E-001  1.193059259421794E+003
    609  6.637153307789072E-001  5.418774894924881E+003
    610  4.094184412497374E-001  2.520976944176324E+003
    611  9.786531514459035E-001  7.031932477554389E+003
    612  7.384876978334722E-002  4.443821130517457E+001
    613  6.153824789860147E-001  6.047490892384737E+003
    614  1.022712557538772E-001  2.600675598384520E+002
    615  4.360910391454743E-001  4.128914464471047E+003
    616  4.482408765864949E-001  2.791199707830878E+003
    617  1.698214350705553E+000  1.545984657987607E+004
    618  1.690907036179167E+000  1.273574132867214E+004
    619  1.470019921165552E-001  5.934612606120910E+002
    620  6.974647299239387E-002  1.733485738469347E+001
    621  1.008678909281030E+000  8.059083460187624E+003
    622  3.694383575642403E-001  2.186017225445819E+003
    623  1.060558218095478E+000  8.174224441344696E+003
    624  3.944295634389570E-001  2.377642785760271E+003
    625  1.542927790831660E-001  6.446753184988664E+002
    626  5.319045395905150E-001  4.054679742290602E+003
    627  1.318878340553762E-001  4.762518406470816E+002
    628  7.325317296452982E-002  4.465712864393016E+001
    629  7.188170098513584E-002  4.086843936186250E+001
    630  5.688293616850321E-001  4.059611095395575E+003
    631  4.107075158331981E-001  2.929519713313080E+003
    632  3.611612887222712E-001  3.600900998833407E+003
    633  2.349657908504265E-001  1.222043817218283E+003
    634  1.911661773153802E-001  9.054699308184385E+002
    635  5.378766667349221E-001  3.603673900189955E+003
    636  4.356733040335130E-001  2.801374887908641E+003
    637  2.332223571504870E-001  1.558479797889066E+003
    638  8.055902016218129E-002  1.024337764633097E+002
    639  4.575338793131845E-001  3.523370575170578E+003
    640  1.373137376978229E-001  5.255705405428745E+002
    641  3.011986831188598E-001  1.729663389677595E+003
    642  1.342962506966032E-001  4.898933335131122E+002
    643  2.503514544596220E-001  1.804385738172979E+003
    644  1.067969022944849E-001  2.975897546629063E+002
    645  3.473127589414485E-001  2.560998070125376E+003
    646  2.244898892275940E-001  1.375435400571178E+003
    647  6.714379038515400E-002  4.543668462318531E+000
    648  1.276541683729448E-001  4.574604671124752E+002
    649  3.254090870094510E-001  2.449912746169065E+003
    650  7.615552412428087E-001  5.662182149598422E+003
    651  1.325538288281514E-001  4.792883190173538E+002
    652  6.789417985480260E-002  1.201243919313961E+001
    653  8.004081885402971E-002  1.049266865331047E+002
    654  4.856899103443283E-001  3.923879363760427E+003
    655  7.405378873298231E-001  5.371995264107411E+003
    656  3.258840187037343E-001  1.915686486183536E+003
    657  1.486365124931647E-001  6.033493961086837E+002
    658  1.272138926756969E+000  9.803851619448740E+003
    659  1.322495628407154E+000  1.218351842190047E+004
    660  1.263127650143700E-001  4.543361184316224E+002
    661  7.888288370507484E-001  6.834268776353601E+003
    662  9.830666639827414E-002  2.392213850108169E+002
    663  6.925784501055436E-001  5.968977215434616E+003
    664  1.077832450559273E-001  3.172485008621467E+002
    665  1.656402140801887E-001  7.366600723901876E+002
    666  2.401663474199196E+000  1.980309530956272E+004
    667  8.560538705915212E-001  6.390139706979334E+003
    668  1.288657087913791E-001  4.664633354544588E+002
    669  2.309507180891081E+000  1.749750409476945E+004
    670  2.278572199270313E-001  1.202761712515082E+003
    671  1.088261473804911E+000  8.178122882693976E+003
    672  4.297808167589298E-001  2.648925781584518E+003
    673  2.486682166988400E+000  1.853801470566954E+004
    674  4.900645621722395E-001  3.102184699638105E+003
    675  1.753403388310993E+000  1.249128440816133E+004
    676  1.014704701708969E+000  7.875951892979591E+003
    677  1.250801517175487E-001  4.435401857330467E+002
    678  1.105666442745180E+000  8.563023937802453E+003
    679  1.518929991204684E-001  6.409099489828523E+002
    680  7.414485508541463E-001  8.080748531589336E+003
    681  1.181134782073779E+000  9.224405694142883E+003
    682  2.860376991837798E-001  1.625966293036214E+003
    683  4.973992238812384E-001  4.042607985524037E+003
    684  2.439956880122984E-001  1.312090901982396E+003
    685  1.330995570820789E-001  5.105434494005296E+002
    686  1.857104276511838E+000  1.453576816899992E+004
    687  9.769605083763102E-001  8.523610177286180E+003
    688  9.635265135557335E-002  2.542393495122708E+002
    689  1.187241324060370E+000  9.494541496137050E+003
    690  1.380302153137386E+000  1.241350926143451E+004
    691  9.121742286495567E-001  8.998478143386879E+003
    692  7.184446939670112E-002  8.646683917927395E+001
    693  9.111226900020855E-002  2.143545926244591E+002
    694  1.951388395279453E+000  1.780314606279448E+004
    695  2.519408785856225E-001  1.394439679272156E+003
    696  1.105088768138214E-001  3.704417826352538E+002
    697  1.114812765276080E+000  9.382654676537868E+003
    698  3.567013671785944E+000  3.416657680278531E+004
    699  1.236444450911610E-001  4.457631619276062E+002
    700  9.339335698145758E-001  8.427326304547456E+003
    701  6.632384930055327E-002  3.119529095223883E+001
    702  1.176293087728049E+000  1.061532078353120E+004
    703  9.761510101533478E-002  2.606942283782862E+002
    704  6.937701891990691E-002  5.049383283671556E+001
    705  9.548468619042506E-002  2.549138782592874E+002
    706  1.228591545882433E+000  1.081055957680089E+004
    707  1.338950985766815E-001  5.228196070147170E+002
    708  1.399869487375145E+000  1.381774072528786E+004
    709  1.913001054825843E-001  9.552432676915760E+002
    710  4.640046717041807E+000  4.091840961540360E+004
    711  9.444393083215646E-002  2.413705038032293E+002
    712  8.561443902932353E-001  8.538758230415464E+003
    713  3.219906437218537E-001  1.899775474835051E+003
    714  1.182514532290403E-001  4.104308617865464E+002
    715  1.116881610883682E-001  3.660794637678564E+002
    716  2.765992501471687E+000  2.524567817627058E+004
    717  1.613336996711942E+000  1.435567305300111E+004
    718  6.366151373229405E-002  2.058044274296482E+001
    719  4.320741466572243E-001  3.720284198585556E+003
    720  7.197128536522457E-002  7.990747118914742E+001
    721  1.620853815086320E+000  1.286124605967928E+004
    722  1.115144411303880E-001  3.924336194364869E+002
    723  6.357359731145279E-002  2.541282779641270E+001
    724  6.433411209299982E-001  5.462154209813468E+003
    725  1.566583709874699E+000  1.652050420449688E+004
    726  7.555083733563091E-002  1.157413506252608E+002
    727  6.176503012973862E-001  5.728904972560683E+003
    728  8.537008412467786E-002  1.855989276893262E+002
    729  7.705379487493789E-002  1.228033107916350E+002
    730  8.097741669467464E-001  6.380089444150116E+003
    731  2.926179705723692E-001  2.392620364243432E+003
    732  1.257331918140380E-001  4.787988972734590E+002
    733  6.178100598773520E-001  4.709110726920926E+003
    734  6.338160473496662E-002  2.443992377274985E+001
    735  7.175894170125209E-002  9.050233072051788E+001
    736  6.618665057004755E-002  4.459235029665960E+001
    737  1.791774595485045E-001  1.026232800758223E+003
    738  6.341103129570822E-001  4.861449466272622E+003
    739  8.900043160189686E-002  2.163616935288212E+002
    740  6.557988371210514E-002  4.500503102068770E+001
    741  4.156502249225186E-001  4.205061860207923E+003
    742  4.886550329118274E-001  4.033683348361130E+003
    743  6.110487177300447E-002  9.076608473333453E+000
    744  1.791867411024989E-001  8.689697719607634E+002
    745  1.100189962590317E+000  9.089324390169932E+003
    746  1.189360694847093E+000  8.837331231732665E+003
    747  7.820516095191717E-002  1.384274213014013E+002
    748  5.864964439126433E-001  4.380192806155037E+003
    749  1.815342246210282E+000  1.590224760051928E+004
    750  7.195765811374392E-002  8.769222245124534E+001
    751  6.311956735031372E-001  4.495331076310048E+003
    752  6.164608671379877E-002  1.816040774564978E+001
    753  6.798381424820478E-002  6.543506819874847E+001
    754  1.020611829921212E-001  3.553582987087142E+002
    755  4.927072342546361E-001  4.162111057494551E+003
    756  2.767281979256070E-001  2.171353571377962E+003
    757  7.638510774357060E-001  5.360850837770532E+003
    758  1.143650615631180E-001  4.061376349725890E+002
    759  6.144368481516593E-002  1.759784119023849E+001
    760  7.346288659119840E-001  5.906678522414368E+003
    761  9.491194187288561E-002  2.552940442605988E+002
    762  5.763825298293206E+000  5.294912027857635E+004
    763  2.080326059712367E+000  1.897556801838518E+004
    764  9.086066771485317E-002  2.371655101809374E+002
    765  7.290655724737458E-001  8.263289454241525E+003
    766  7.837244008483854E-002  1.487722481603614E+002
    767  1.026129756741865E-001  3.363279921417898E+002
    768  2.409566487255475E+000  2.001669725503252E+004
    769  1.273139000766325E+000  1.066867192882059E+004
    770  1.225814898027552E-001  4.627662935991839E+002
    771  1.427875421547161E+000  1.206732691152695E+004
    772  1.752380409882175E+000  1.607788355243761E+004
    773  6.041303293155422E-002  2.483684713233675E+001
    774  1.452491676236207E+000  1.089833303944604E+004
    775  5.933133953170484E-002  2.357681405783552E+001
    776  7.584370178633260E-002  1.583778261964029E+002
    777  2.591117994133814E+000  2.552090916014523E+004
    778  1.619771083222544E+000  1.582872961949204E+004
    779  7.148962017107215E-002  1.150054549081825E+002
    780  8.679475303260423E-001  6.774404516278458E+003
    781  1.296623386662763E-001  5.362603910604558E+002
    782  1.463878881864617E-001  6.618686288794141E+002
    783  2.285593683593331E+000  2.376384990808950E+004
    784  8.470224946557818E-001  8.681863129618581E+003
    785  5.275386434709262E+000  5.139001866555234E+004
    786  1.012482058262766E-001  3.307655595488884E+002
    787  1.971325250481808E-001  1.071360219652390E+003
    788  6.914697265133604E-002  1.012032262625183E+002
    789  7.352652739723529E-001  6.841866976623513E+003
    790  1.573483606551710E-001  7.525421739319959E+002
    791  6.242731450315470E-001  6.295111358022387E+003
    792  9.650073921682149E-002  3.015100360848334E+002
    793  3.276433031660236E-001  2.751660118793734E+003
    794  1.185279948050324E-001  4.747731714228136E+002
    795  3.301026427805638E-001  3.410313314606568E+003
    796  2.443161688527759E-001  1.729554165267689E+003
    797  8.635750022765695E-001  7.218231141389507E+003
    798  6.385947226010764E-002  8.361237983405935E+001
    799  6.713396770973311E-001  5.161505436548464E+003
    800  2.039077736900752E-001  1.092669095850155E+003
    801  5.822358576532831E-002  2.801434004094434E+001
    802  7.193234312186375E-001  6.372054773333045E+003
    803  6.593787882422502E-001  6.061714234872754E+003
    804  1.373683490474147E-001  6.110802816078486E+002
    805  7.588529529358402E-002  1.609411438264972E+002
    806  5.562941438315105E-002  1.077884546108314E+001
    807  3.811482095465678E-001  3.365656550179638E+003
    808  7.811733627264753E-001  6.447672890462803E+003
    809  1.065716131638907E-001  3.838581481078284E+002
    810  8.276585933564679E-001  9.286781496466512E+003
    811  6.319635016909876E-002  7.040498617215515E+001
    812  4.393816013921434E-001  3.755706821143653E+003
    813  6.576869012193353E-001  8.249899395924227E+003
    814  6.234852532065316E-002  6.470117345420739E+001
    815  1.277723233403986E-001  5.563200864774290E+002
    816  1.635306900107421E+000  1.602634821338998E+004
    817  4.556746010331728E-001  5.099477147566969E+003
    818  7.109389578912680E-002  1.332180688508962E+002
    819  5.972195350602755E-002  5.027281551711184E+001
    820  3.689937813271688E-001  2.797011320777831E+003
    821  4.904096341624135E-001  3.965334832069459E+003
    822  1.130606557389638E+000  8.307892781594308E+003
    823  5.402817247880694E-002  7.628398618116376E+000
    824  3.009129777296048E-001  2.441457371900147E+003
    825  5.688727122721393E-001  4.795906417387677E+003
    826  1.398439221920698E+000  1.230244511051661E+004
    827  3.305612821316636E-001  2.514882724034499E+003
    828  8.683265023152348E-002  2.503931182367774E+002
    829  1.601383415644441E+000  1.196584354421044E+004
    830  8.849528697010969E-002  2.929213201529442E+002
    831  4.797683334244296E-001  3.398153790350348E+003
    832  8.144043504990615E-001  7.127454215840145E+003
    833  5.415801583435402E-002  1.296675941442680E+001
    834  6.174643163119166E-002  6.943620325014639E+001
    835  1.026810477994294E+000  7.772371124619487E+003
    836  3.340659013581634E+000  2.665780781957218E+004
    837  8.468628126233835E-002  2.788398175799883E+002
    838  1.648695297272928E+000  1.512232967737779E+004
    839  6.698755194815081E-002  1.056719352699896E+002
    840  5.552530006382163E-002  3.094426667326780E+001
    841  5.721232995384427E-002  4.066232387303904E+001
    842  6.280643203823784E-001  6.358327176467024E+003
    843  8.814281839193248E-001  6.961383172402868E+003
    844  7.858108460247676E-001  7.016182342704124E+003
    845  1.221261394285292E-001  5.181114900549284E+002
    846  1.177408817387292E-001  4.873552830172939E+002
    847  7.868916408782078E-001  6.916656081833029E+003
    848  7.809822481826250E-001  7.159542356263369E+003
    849  1.076804301457240E-001  4.109269839717235E+002
    850  5.285219996936147E-002  1.379713981669167E+001
    851  3.987019905337092E-001  3.255388287930333E+003
    852  1.013295302112970E-001  3.723180537156887E+002
    853  1.935594070601833E-001  1.443918979398661E+003
    854  4.966704694526180E-001  4.340163576677644E+003
    855  2.989207548441317E-001  2.692695382394186E+003
    856  5.861183978556769E-002  6.336480277166680E+001
    857  5.682141114678928E-002  5.082864908109312E+001
    858  2.845753582279998E-001  2.744968274666051E+003
    859  7.949186349583788E-002  2.211602186163879E+002
    860  2.413889729849087E-001  1.981762478006043E+003
    861  5.663374194770873E-002  5.208442787030273E+001
    862  1.165577959986247E-001  4.855882833853395E+002
    863  2.089575914707389E-001  1.754468327451425E+003
    864  5.209267795887802E-002  1.807438939079793E+001
    865  4.046183581673842E-001  3.588053975483033E+003
    866  3.728014930206217E-001  3.896520354267452E+003
    867  5.807050591703314E-002  6.611003393928102E+001
    868  9.189910561913600E-001  8.438676345803180E+003
    869  5.493467025240086E-002  4.272299218175758E+001
    870  1.264970729863635E+000  1.298383780138887E+004
    871  6.297338100345914E-001  5.113555984218691E+003
    872  5.033245491687015E-002  1.273269739114048E+001
    873  6.899438020919054E-001  5.633054524352588E+003
    874  5.505817322761191E-002  5.955519628947982E+001
    875  4.782408569033572E+000  4.307546169353081E+004
    876  5.612401961496849E-002  5.855554263667193E+001
    877  6.388729822480681E-001  5.854560446992004E+003
    878  6.425450341488372E-002  1.142024630006333E+002
    879  4.026944862894544E-001  3.206526989027464E+003
    880  2.108421013428000E-001  1.554592070719867E+003
    881  4.813831894056499E-002  2.486287568610493E+000
    882  6.060678999205529E-002  9.490854757843006E+001
    883  3.449845331915204E-001  2.611459311630589E+003
    884  1.496181769146431E-001  9.997627308093946E+002
    885  4.858652143981736E-002  7.616779752495276E+000
    886  4.273970234455895E-001  3.863923290175038E+003
    887  7.477128205169957E-001  6.065776439707824E+003
    888  6.623100504940403E-002  1.400952422589439E+002
    889  4.951141090922932E-002  2.288532256087136E+001
    890  1.591829793900606E+000  1.386699071986808E+004
    891  4.852910732382643E-002  1.957937841283847E+001
    892  1.153502705226316E+000  9.426916128738083E+003
    893  9.699843981304476E-002  3.679316135262411E+002
    894  9.279986625411636E-001  7.354067729115081E+003
    895  5.914132429854267E-001  6.095248626734116E+003
    896  2.163503867488501E-001  1.347854420591861E+003
    897  1.575806468610888E+000  1.512953631995383E+004
    898  1.690638002535533E+000  1.368571054313941E+004
    899  3.922505117350401E-001  2.530250537259156E+003
    900  5.715457573382257E-002  9.360832327373697E+001
    901  7.710189012762025E-002  2.395313076165303E+002
    902  8.539492375748869E-001  9.252939431588156E+003
    903  3.819507015533720E-001  2.800977141137864E+003
    904  4.695937315437102E-002  2.758097913169964E+001
    905  1.130961136957227E+000  9.851633388759054E+003
    906  5.100907085462456E-002  6.353833989270318E+001
    907  8.216194852489135E-001  7.613189354909909E+003
    908  7.895560080510622E-002  2.677970017785707E+002
    909  1.120013267509991E+000  9.735180134323404E+003
    910  2.240668373916378E-001  1.319000898265308E+003
    911  1.818051783523376E+000  1.600218182950348E+004
    912  5.166765644563307E-002  7.053967535038379E+001
    913  1.738334884032846E-001  1.451502596001684E+003
    914  4.486143878418032E-002  2.101667755343663E+001
    915  1.064358241967443E-001  4.826015249341380E+002
    916  5.749748832306382E-001  4.114225912616347E+003
    917  5.486406803949696E-001  5.308005944124214E+003
    918  8.611359830969306E-001  8.565000833913467E+003
    919  7.309245847716209E-001  6.735022293628689E+003
    920  7.203131558824444E-002  2.252784724094150E+002
    921  8.300840675974642E-001  6.595829759323736E+003
    922  1.352817340168876E-001  6.896573849866681E+002
    923  1.277063927164934E-001  6.328297975048644E+002
    924  1.012123147231470E+000  9.150247549550231E+003
    925  5.871334124374232E-002  1.269605106805621E+002
    926  5.628522366231267E+000  5.539160566257456E+004
    927  1.416033072585862E-001  7.277788455538511E+002
    928  2.650665092145192E+000  2.497912665459935E+004
    929  1.158380730888856E+000  1.196614578156242E+004
    930  6.333889264682568E-001  7.721940288834026E+003
    931  8.162298597922391E-002  2.968622365895117E+002
    932  2.661570918539661E-001  1.960152054220847E+003
    933  7.233572812885833E-002  2.353873212708663E+002
    934  5.730489253513850E-001  6.006308321699442E+003
    935  6.337259470985218E-002  1.619799946068062E+002
    936  5.551958664374424E-002  1.333986874435435E+002
    937  1.178993037843521E+000  1.233085751854542E+004
    938  7.293771276993383E-001  6.497000019719672E+003
    939  6.770382074929768E-002  2.011635729533084E+002
    940  6.181206234676272E-001  5.486228794100211E+003
    941  5.007644599554877E-002  7.412484066175693E+001
    942  2.209352740974559E-001  2.058479441644926E+003
    943  2.812015816112132E-001  2.199806298911230E+003
    944  7.377415181596283E-001  6.339825427793593E+003
    945  3.655155032729210E-001  3.098724051628138E+003
    946  4.700507854928695E-002  5.075896072762185E+001
    947  8.559064422541096E-001  7.527979380211623E+003
    948  6.687372464576821E-001  6.847424611954331E+003
    949  9.082273855739897E-002  3.722295391725151E+002
    950  6.094778134309863E-001  5.361695443816462E+003
    951  6.294310633028770E-002  1.772556297703739E+002
    952  1.160400418353297E+000  1.280759651418960E+004
    953  8.818660199043568E-002  3.908532064823685E+002
    954  1.228425881823383E+000  1.281814137701055E+004
    955  2.337155683447076E-001  2.654806371704248E+003
    956  4.355992131444342E-002  4.312984849063988E+001
    957  7.286831780960615E-002  2.413664759338500E+002
    958  3.442625250524938E-001  3.614400213274677E+003
    959  4.936284076482935E-002  7.766457746438248E+001
    960  6.679526416066586E-001  6.681405856966589E+003
    961  6.424655104782782E-002  1.811176082224927E+002
    962  3.562062192693882E-001  3.148911725753145E+003
    963  1.357294771650910E-001  6.979912615180460E+002
    964  5.817026885586997E-001  5.880231515451008E+003
    965  4.110001862269711E-002  1.524350626748083E+001
    966  2.535532055657782E+000  2.177004424016672E+004
    967  2.777271012404497E+000  2.040288226637595E+004
    968  1.318482116865757E+000  1.016165975400420E+004
    969  4.408479927563080E-002  3.791555433613595E+001
    970  1.817634605392382E+000  1.815594472972763E+004
    971  4.457220998776108E-002  4.451023566672401E+001
    972  6.020321463665550E-001  5.619342925855013E+003
    973  2.363712561885663E+000  1.967128418219467E+004
    974  5.304155805090873E-002  1.051743742941671E+002
    975  8.026186920887038E-001  6.131810907672460E+003
    976  1.276244895382657E+000  1.078089795841988E+004
    977  3.305873646405942E-001  2.785163414305122E+003
    978  7.317291640346590E-002  2.644548634383225E+002
    979  2.590806646983574E-001  2.317681582772721E+003
    980  5.346537285167813E-002  1.102813920392605E+002
    981  1.086088725897899E+000  1.126572152639716E+004
    982  8.521459286704280E-002  3.478975734331872E+002
    983  3.485127747704170E-001  3.023588438134355E+003
    984  7.386949294314691E-001  5.943243369916308E+003
    985  6.910015576009795E-002  2.300069037257676E+002
    986  5.878735674703884E-001  4.598118583601771E+003
    987  6.332684369483639E-002  1.804421970804956E+002
    988  2.185265740266304E-001  1.741595334368713E+003
    989  5.912943712118428E-001  6.206546252822463E+003
    990  8.562893036552541E-002  3.448716508856806E+002
    991  2.641306462018684E+000  2.614371584290195E+004
    992  2.632228912141475E+000  2.442946794235277E+004
    993  4.792713974713651E-002  8.243766917124231E+001
    994  1.189022830015905E-001  5.840596991645806E+002
    995  4.695043466186982E-001  3.838553565369923E+003
    996  4.275947251008955E-002  5.151893277904339E+001
    997  6.863505235608424E-001  7.461777696235731E+003
    998  3.602002049853019E+000  3.562798293345200E+004
    999  4.439752330972589E-002  5.652937275800068E+001
   1000  8.058270523856014E-001  7.517817685669131E+003
   1001  2.101281942079047E+000  2.104682568676865E+004
   1002  8.179929338942724E-002  3.554933830126058E+002
   1003  5.573899560944950E-002  1.331605810932178E+002
   1004  1.169316944075041E-001  5.762129568073480E+002
   1005  2.024257742749402E+000  1.641059443109569E+004
   1006  8.738668476784440E-001  9.450310395769053E+003
   1007  3.969443162749085E-002  2.536388034191669E+001
   1008  7.860552487744498E-001  8.040146672698355E+003
   1009  1.285754792986303E+000  1.063625028318429E+004
   1010  7.611146605841136E-002  2.980190585533848E+002
   1011  9.554058835801946E-001  8.729037986016021E+003
   1012  6.340241518959246E-002  1.875347022126041E+002
   1013  1.390844041360039E+000  1.098621700666799E+004
   1014  2.259585028189987E-001  1.770957230711081E+003
   1015  3.877733533339275E-002  1.687853995273074E+001
   1016  1.627738112956734E+000  1.556443674213483E+004
   1017  9.369622703744591E-002  4.118089426763884E+002
   1018  2.012193120712048E+000  1.659089405999676E+004
   1019  3.943395493766166E-002  1.728461050709293E+001
   1020  2.123209556273952E+000  1.688031114443661E+004
   1021  4.642144237621038E-001  4.251546575404852E+003
   1022  1.605670728951020E+000  1.503896820007976E+004
   1023  5.414510267063021E-002  1.221753045986305E+002
   1024  1.296852527441123E+000  1.480247135789447E+004
   1025  5.599554508756160E-002  1.486070778287796E+002
   1026  3.476544617804817E+000  2.956220432858427E+004
   1027  1.342870793201438E+000  1.200092944889553E+004
   1028  1.403165801398125E-001  7.577015092645923E+002
   1029  1.793162446299201E+000  1.575440315558507E+004
   1030  3.861769218337410E-002  2.021618506573235E+001
   1031  1.288567161185564E+000  1.193955481238516E+004
   1032  2.643474548772434E+000  2.017873165529831E+004
   1033  2.437289767071253E+000  1.976884470413745E+004
   1034  2.236517456752215E+000  1.702180944420931E+004
   1035  7.673590249429522E-002  2.939178946949805E+002
   1036  5.792341498349688E+000  4.386387755748219E+004
   1037  4.372642228842109E-002  5.371135453358725E+001
   1038  1.581521610370477E+001  1.206419988478246E+005
   1039  2.283645326249309E+001  1.774792310788225E+005
   1040  1.472738268257051E-001  8.608925416424771E+002
   1041  2.757147228206835E+001  2.119535337842003E+005
   1042  4.721837885566941E+000  4.953502142030315E+004
   1043  8.529963806317939E-002  3.599634641322123E+002
   1044  1.058917326705474E+001  9.633050900076605E+004
   1045  5.790871519812837E+001  4.462054790047258E+005
   1046  2.291773563939396E-001  1.434202635040417E+003
   1047  1.376274664655618E+001  1.067757124253786E+005
   1048  2.984163360847826E+001  2.607796318091932E+005
   1049  4.785572908684833E-002  1.021660799857800E+002
   1050  1.988337454424720E+001  1.536573778905046E+005
   1051  7.089734306045625E-002  2.799512167168344E+002
   1052  1.565450816911317E+001  1.496512525877162E+005
   1053  9.908174415211315E+000  9.127399114295719E+004
   1054  7.916377876467331E-002  3.314945236610595E+002
   1055  5.393255945630252E+000  5.250256482208719E+004
   1056  1.271533764157535E-001  7.855578346679061E+002
   1057  7.559863879581687E+000  6.176038141880093E+004
   1058  3.765382793197329E+001  3.180845499736611E+005
   1059  4.589009080988260E-002  9.445286644544102E+001
   1060  3.903418315552634E+001  3.707395916960940E+005
   1061  6.066701552273690E+000  5.023540147793384E+004
   1062  7.820612719441879E+000  6.981382578926250E+004
   1063  2.423528345296956E-001  1.548256382279141E+003
   1064  1.607744299421290E+001  1.333974112095795E+005
   1065  1.693348232588734E-001  9.880913661361152E+002
   1066  2.058663662458387E+001  1.850053238237747E+005
   1067  7.919803957803839E+000  7.312242969015690E+004
   1068  2.733507080288916E-001  1.728856632911953E+003
   1069  7.177714712988191E+000  6.929750098001234E+004
   1070  2.142217695706975E+001  3.011910448314761E+005
   1071  1.594870802590060E+001  1.344459581013696E+005
   1072  2.509109098017070E+001  2.000903869613018E+005
   1073  4.496944757886433E-002  1.180501100924203E+002
   1074  1.489215259345804E+001  1.626829651846622E+005
   1075  9.319526398693085E+000  6.796059743952566E+004
   1076  1.570642260868551E-001  1.793661862556737E+003
   1077  6.717434845078009E-002  7.218420634862729E+002
