# dt =   1.000000000000000E-005
# j, New nj, Rate of change (1/s)
      1  4.676965634168796E+000  3.659976059526916E+004
      2  5.372944220873136E+000  6.586990784421856E+004
      3  3.979872451967161E+000  2.255981300366178E+004
      4  7.266450465028832E+000  8.209877662834805E+004
      5  1.899722387433434E+001  2.033775153742661E+005
      6  3.963626544967904E+000  2.361710111934696E+004
      7  1.624365519326165E+002  1.930008133153254E+006
      8  8.138265667208887E+001  9.562564944581446E+005
      9  5.227210245209186E+000  5.444704931006150E+004
     10  1.070681400738281E+001  1.169145305598957E+005
     11  9.895500604542825E+000  9.901017998796997E+004
     12  5.282461747029295E+000  5.151112395098519E+004
     13  1.914980580237202E+000  5.346568448357973E+003
     14  1.203999081523677E+001  1.567878824004847E+005
     15  1.903348149495643E+000  5.707462715109706E+003
     16  4.295793090519886E+001  6.292345352643542E+005
     17  8.900648627619439E+000  1.039363456188021E+005
     18  2.906758704111975E+001  3.344773663155867E+005
     19  1.690834692836138E+000  3.942554846757993E+003
     20  9.989475919433744E+000  1.049786045592370E+005
     21  4.043072647322476E+000  3.077827652333494E+004
     22  3.288206947810306E+000  2.586508138601316E+004
     23  8.747526081525572E+001  1.034012692123327E+006
     24  6.675994436493826E+001  7.837089698075135E+005
     25  1.559706404565157E+000  3.447529667671305E+003
     26  4.996336304932141E+000  5.360416144501771E+004
     27  2.098586925373607E+001  3.456284433214953E+005
     28  3.142278149180698E+000  2.431973780077981E+004
     29  1.978779014941599E+001  2.935801313724391E+005
     30  2.412681472918785E+000  1.406486273762605E+004
     31  1.648785753377465E+001  1.835390689421177E+005
     32  1.268841585373414E+001  1.590481640257760E+005
     33  4.152531739325964E+000  4.005141628227698E+004
     34  3.164821641631411E+000  2.389439748051206E+004
     35  3.975447050117773E+000  4.677279356500653E+004
     36  6.164641062121449E+000  6.014460516780778E+004
     37  4.575358130591264E+000  5.365501766907324E+004
     38  6.339927167530978E+001  7.516647963673919E+005
     39  5.177361537762081E+000  6.148550724653522E+004
     40  4.064623118415749E+000  5.507301972666784E+004
     41  2.982683220142764E+000  2.683068614055750E+004
     42  3.168100070038177E+000  2.929613613105951E+004
     43  3.879908985075467E+000  3.312713739991481E+004
     44  2.695663347721625E+000  2.898176002934854E+004
     45  2.984646269811656E+000  2.606322127693653E+004
     46  4.233088998259368E+000  3.752409069530889E+004
     47  1.126785685742187E+000  1.688402014386255E+002
     48  2.978815982192075E+000  2.479339283479468E+004
     49  1.637382951822220E+000  6.937583658517698E+003
     50  1.882974910699755E+000  9.816112281036809E+003
     51  3.173714217568537E+000  3.627308990642461E+004
     52  2.272079392291940E+000  1.734141569506060E+004
     53  2.545934809741835E+000  2.021781290679134E+004
     54  3.403005274167406E+000  3.118769336270970E+004
     55  4.986070258661817E+000  6.477596119420227E+004
     56  1.099998336052100E+000  2.972300906495005E+002
     57  4.809892828606324E+000  5.222907923598240E+004
     58  2.382367524371791E+001  2.737471854802147E+005
     59  1.180372723433419E+000  1.715349557739210E+003
     60  1.291735793302714E+001  1.592305745917578E+005
     61  1.663015531730318E+000  7.447933351466042E+003
     62  2.573934159485719E+000  1.843513779299926E+004
     63  2.295813679675290E+000  1.746055064576583E+004
     64  3.624632747880158E+001  4.254614699681976E+005
     65  3.675949287926126E+001  5.059368567157280E+005
     66  6.523697903131265E+000  6.641737245687497E+004
     67  9.506540335607236E+000  1.194561114262114E+005
     68  2.316955029154230E+000  1.543218653152272E+004
     69  3.831842386514230E+000  3.801037259957597E+004
     70  9.558250522258614E+000  1.215720829313774E+005
     71  1.047454109303688E+001  1.434020406054925E+005
     72  1.592655885872005E+000  6.998894615344439E+003
     73  2.145475738361265E+000  2.028007084180775E+004
     74  4.589511365230700E+000  4.334469302038483E+004
     75  1.853068679101280E+000  1.008259984595936E+004
     76  1.589684315800152E+000  7.399334075181237E+003
     77  1.832930497215227E+000  1.138898674272319E+004
     78  2.358064166968502E+000  1.707569887159011E+004
     79  3.702894187805213E+000  4.411377791211651E+004
     80  4.681209389018632E+000  6.189260075918073E+004
     81  1.958186367751848E+000  1.515752275162178E+004
     82  1.813151685305427E+000  1.342498666755713E+004
     83  1.378068390765821E+000  5.686062666862891E+003
     84  1.771065101254086E+000  9.659149666055846E+003
     85  9.959709895817747E+000  1.059048793968162E+005
     86  4.204765775514565E+000  6.374824987572120E+004
     87  1.010569974046983E+000  7.420846818252811E+002
     88  1.346370179405319E+000  4.418990693552531E+003
     89  3.771451287204107E+000  3.456185091222329E+004
     90  6.055206789982993E+000  1.077889291961829E+005
     91  6.908367323638456E+000  9.922519426426919E+004
     92  4.852893071016867E+000  5.117163702849601E+004
     93  1.238533449637311E+000  5.534651412306582E+003
     94  2.130218490496389E+000  2.336531102848652E+004
     95  7.077384650139044E+000  7.368931056775224E+004
     96  2.747423342992161E+000  2.275202979106826E+004
     97  3.959171409722348E+000  3.699067721261518E+004
     98  1.811387598212491E+000  1.534220984847352E+004
     99  1.160302995894098E+000  3.095059808781956E+003
    100  5.298910490958747E+000  7.503893112934864E+004
    101  3.555151917952085E+000  3.172175705372186E+004
    102  3.272038034747564E+000  3.603650762315289E+004
    103  6.692000013317212E+000  1.096264609546692E+005
    104  1.983457050935732E+000  1.255481498210326E+004
    105  2.043163889211551E+000  2.042453915717317E+004
    106  3.739537360183322E+000  3.418095726427004E+004
    107  1.532363604157261E+000  7.153338001357389E+003
    108  4.343820828083535E+000  5.123657543569130E+004
    109  2.626145023269157E+000  2.101507997613572E+004
    110  3.302808772068191E+000  3.490697062826164E+004
    111  1.695004400031636E+000  1.009202871570335E+004
    112  1.733510641939076E+000  1.165787359917632E+004
    113  1.439681595588200E+000  8.391927538175245E+003
    114  3.698893900103643E+001  4.309028437458071E+005
    115  3.692546123281824E+000  4.612822477278969E+004
    116  2.376276591396350E+000  1.814108189869647E+004
    117  4.613592805985876E+000  4.991420312349038E+004
    118  1.687189024445211E+000  9.505200790661185E+003
    119  3.749507363503636E+000  3.597964285640283E+004
    120  3.163723400008680E+000  3.440145977689609E+004
    121  2.555719049064721E+000  1.975905956580493E+004
    122  1.033941375304828E+000  1.667434743282228E+003
    123  1.316316990076945E+000  5.202222258471407E+003
    124  9.089520710234086E-001  2.194685289439060E+002
    125  1.924351503789174E+000  1.475627688705847E+004
    126  1.642976672082321E+000  1.180956881066676E+004
    127  1.154416281374349E+000  3.539210680043403E+003
    128  1.425264078876992E+000  9.821619916852467E+003
    129  1.014604393805362E+000  1.563000467307763E+003
    130  1.743402523664492E+000  1.097390293812180E+004
    131  4.234176585639486E+000  4.038373113859646E+004
    132  2.115693652853984E+000  1.586882518316983E+004
    133  3.769758283164699E+000  3.466538952173448E+004
    134  3.697404359989775E+000  3.385049017987242E+004
    135  2.107000731397867E+000  1.951405049615343E+004
    136  1.649242019575637E+000  1.144421646548600E+004
    137  3.387480167147854E+000  3.058209904153481E+004
    138  3.023421374983704E+000  2.663929918684642E+004
    139  1.587326015472690E+000  1.084299251939041E+004
    140  1.335136087909288E+000  6.765996116561520E+003
    141  1.957370964316368E+000  1.391802520263351E+004
    142  1.077105454177434E+001  1.197171284077811E+005
    143  3.994708623733076E+000  3.836655344085035E+004
    144  3.363624208690833E+000  3.468608783996262E+004
    145  1.308371208476702E+000  6.514861555581939E+003
    146  8.752637754945730E-001  2.232160326650799E+002
    147  1.365082143723097E+000  6.101153557806738E+003
    148  2.905822322551609E+000  2.900183615855932E+004
    149  3.418143650248901E+000  3.301695688463574E+004
    150  2.315042330639880E+000  1.809855072170974E+004
    151  3.643443360559601E+000  5.231593972818659E+004
    152  3.289849230235814E+000  4.004088486540065E+004
    153  3.370856005005565E+000  3.080972328668815E+004
    154  4.529320286656326E+000  8.318768088709663E+004
    155  2.449713682263198E+000  2.528465832708744E+004
    156  3.020556357348939E+000  2.699591134067952E+004
    157  2.700684331216690E+000  2.846859319762353E+004
    158  4.066984287630918E+000  3.884879432782397E+004
    159  9.118040737528079E-001  1.405136667414835E+003
    160  4.810846403095796E+000  5.130843491555154E+004
    161  5.686997557559755E+000  5.845177812233134E+004
    162  1.157889912479324E+000  4.141510304943208E+003
    163  4.343616459911884E+000  6.039979977807647E+004
    164  6.610378986381513E+000  8.409148957172439E+004
    165  3.841008369183934E+000  5.540824511075829E+004
    166  2.184501105811837E+000  2.299295100117709E+004
    167  1.501574277742057E+000  8.569035712100585E+003
    168  2.327020738767357E+000  1.827687037684364E+004
    169  2.750210137135586E+000  2.537921167745062E+004
    170  1.075712861221669E+000  3.502411739651949E+003
    171  1.164746610228946E+000  4.747748587337096E+003
    172  1.287536982217864E+000  7.625238294655622E+003
    173  1.346283069714926E+000  8.143253537768291E+003
    174  2.500165378030240E+000  2.135178213370718E+004
    175  8.284684267502124E-001  9.728936069323513E+002
    176  1.459464181875696E+000  8.374382330111033E+003
    177  2.289083848213379E+000  2.428599528672842E+004
    178  7.703244460612001E-001  9.681677022567867E+001
    179  9.574985325522594E-001  2.524741377678350E+003
    180  2.593323650933753E+000  2.683186339746059E+004
    181  9.277916253720296E-001  2.077488043661661E+003
    182  4.031067769636223E+000  5.345772279783941E+004
    183  4.870369136837167E+000  4.964088388030822E+004
    184  3.513165757461824E+000  3.297882104069822E+004
    185  4.320715819066525E+000  5.272339076453420E+004
    186  1.895307205614237E+000  2.269106541776820E+004
    187  1.336790427159562E+000  7.018717912166326E+003
    188  3.879786582389468E+000  5.222801064555799E+004
    189  1.401502900039016E+000  8.315370934876952E+003
    190  2.060819583610163E+000  2.028358313011644E+004
    191  2.105269636118345E+000  1.632152423732327E+004
    192  2.211980525406581E+000  2.013216915211776E+004
    193  2.315578262833785E+000  2.280483087045533E+004
    194  1.053885593852133E+000  4.412965864135070E+003
    195  3.138767486036721E+000  3.086746428137297E+004
    196  3.026189217107047E+000  2.810520982036017E+004
    197  3.331610464545171E+000  3.398509285969644E+004
    198  1.933609360845683E+000  1.914643697154323E+004
    199  1.090288562305200E+001  1.235424864779409E+005
    200  8.629142491385509E-001  1.682926575143716E+003
    201  1.391024115415771E+000  8.905375710812894E+003
    202  3.591152718765593E+000  3.514860345706085E+004
    203  8.918597225715771E-001  2.813773007127658E+003
    204  1.173917596448057E+000  6.964900238589483E+003
    205  5.410445525777492E+000  5.547828849193667E+004
    206  2.095902799428269E+000  1.859177357980426E+004
    207  6.682643519770513E+000  7.352610367985780E+004
    208  2.253265228693889E+000  1.830671642626845E+004
    209  3.606703700529969E+000  4.314165621162045E+004
    210  1.532514883913815E+000  1.167898695311826E+004
    211  2.160403020147657E+000  2.092796846987628E+004
    212  4.471244971079584E+000  4.517119368501896E+004
    213  9.479184683984434E-001  3.829953550192320E+003
    214  1.767723634533359E+000  1.254429476472797E+004
    215  2.535821834024312E+000  2.236539983974688E+004
    216  9.550499138450004E-001  3.079398828516014E+003
    217  3.291519464278005E+000  3.234306952287862E+004
    218  2.854222624760850E+000  2.575015063710932E+004
    219  2.140645780893102E+000  1.682112070694684E+004
    220  8.931310932274863E-001  2.199499806228001E+003
    221  3.674731676218337E+000  3.562766869143105E+004
    222  2.104031272765886E+000  1.888574354572372E+004
    223  1.654185053290453E+000  1.442483521088016E+004
    224  8.000375531055988E-001  1.116768187050459E+003
    225  8.041037235910704E-001  1.136063700792759E+003
    226  1.511726333321996E+000  1.095505442318895E+004
    227  8.086566634083093E-001  1.244878758288048E+003
    228  7.412359969336276E-001  4.502941542737001E+002
    229  1.062492048039802E+001  1.198693113737377E+005
    230  2.773050024869522E+000  3.113424517030835E+004
    231  2.366226253129116E+000  2.048054960443080E+004
    232  4.449817117358920E+000  5.706916088251430E+004
    233  1.915384639593001E+000  1.828737679082333E+004
    234  1.194774108883989E+000  6.130548581021704E+003
    235  7.203974527852333E-001  5.025079297102802E+002
    236  2.984607419497083E+000  3.572113282691914E+004
    237  1.960775590537411E+000  1.528482670691115E+004
    238  1.197195445714746E+000  7.683053657920853E+003
    239  2.478556658478134E+000  2.196258006028058E+004
    240  1.363260369772621E+000  9.063953110312656E+003
    241  2.538653586861520E+000  2.836193072745361E+004
    242  1.271646758001927E+000  7.319620532224780E+003
    243  8.070998518190858E-001  1.699565023163440E+003
    244  1.517707961478720E+000  1.158281729242465E+004
    245  3.107162826531888E+000  3.840209032078546E+004
    246  2.867835274950978E+000  2.661226226702825E+004
    247  1.054264117780211E+000  6.157589561530891E+003
    248  8.459025363793920E+000  1.280839068135613E+005
    249  4.804713550308001E+000  5.443596639949067E+004
    250  9.410629864792118E-001  3.376639910648395E+003
    251  3.228369073079910E+000  3.991041687654403E+004
    252  6.941883024322850E-001  6.988473713899853E+002
    253  6.457741858856377E+000  8.479615165484873E+004
    254  2.085467405279570E+000  2.097262316913853E+004
    255  9.090846908700447E+000  1.017823422676347E+005
    256  1.061767849343803E+000  7.444112565209735E+003
    257  1.039675136093367E+000  4.798029678870140E+003
    258  3.878538571344836E+000  4.904553816763693E+004
    259  1.385609302682205E+000  1.114839264133555E+004
    260  1.025099451005873E+000  4.795171143610252E+003
    261  1.372413984142980E+000  9.316251482980688E+003
    262  1.408080128460507E+000  1.295351419547159E+004
    263  6.358953711712659E-001  1.727645002669213E+002
    264  1.973192043258017E+000  2.004855186617827E+004
    265  6.908314249821684E-001  9.400574002252828E+002
    266  1.210883498823390E+000  8.142945411933462E+003
    267  9.514310550264748E-001  4.570030812423642E+003
    268  7.328941617988426E-001  1.408595216005566E+003
    269  9.455222375602583E-001  3.898957143394813E+003
    270  1.188040873897940E+000  8.070214219376373E+003
    271  7.965545137952108E-001  2.313151222010513E+003
    272  1.468016684974846E+000  1.532343110015988E+004
    273  1.408278147942301E+000  1.121787083105902E+004
    274  1.656905592319261E+000  1.651885427363342E+004
    275  2.406127239190222E+000  2.078349045920322E+004
    276  8.074094446063198E-001  3.085326383879323E+003
    277  7.672671210170081E-001  1.843659587116074E+003
    278  9.118888488168668E-001  3.806389412836132E+003
    279  3.563475923881253E+000  4.280356269059584E+004
    280  9.481192602887691E-001  6.894449635431640E+003
    281  2.304601365639896E+000  2.077162941660896E+004
    282  4.383658533159736E+000  4.547461945957684E+004
    283  1.548025384738909E+000  1.468680539988652E+004
    284  7.136802315196560E-001  1.264527156904202E+003
    285  2.465146773280480E+000  2.575115763973308E+004
    286  6.399806005691984E-001  3.923288648463022E+002
    287  8.752547978398740E-001  3.431643035480573E+003
    288  2.738910080832024E+000  2.839186610207634E+004
    289  3.906952738677191E+000  4.043557184116915E+004
    290  1.426040308919878E+001  1.929997549470862E+005
    291  2.100715119242100E+001  2.875054233599119E+005
    292  6.096467215155845E+000  7.108641988148873E+004
    293  4.455395175661144E+000  6.363996363219260E+004
    294  6.416450570380168E+000  8.023400909521546E+004
    295  6.357456660535590E+000  6.706559491225112E+004
    296  6.707924286136004E+000  8.593918067709125E+004
    297  1.013729343062229E+001  1.224814942908165E+005
    298  3.592598101877579E+001  4.938271015034930E+005
    299  1.124954670722840E+001  1.380823820623465E+005
    300  5.085258253981666E+001  7.069961662360937E+005
    301  2.575207235267753E+001  2.994881523210187E+005
    302  1.741893563026031E+001  2.190998737123830E+005
    303  1.063853364991883E+001  1.407150502986501E+005
    304  1.681762315867071E+000  1.353593309932342E+004
    305  1.172320381928325E+000  7.207497721680076E+003
    306  6.216786025723516E+000  7.061812500533802E+004
    307  1.235689391306960E+000  7.939747944019674E+003
    308  1.841760365777195E+001  2.187073995866990E+005
    309  2.186430365280281E+000  1.916427221032028E+004
    310  3.587750194342444E+000  3.982958447484894E+004
    311  2.220842307121610E+000  2.374752994025500E+004
    312  3.016636029861353E+000  3.241743177870420E+004
    313  9.839278894040350E-001  4.907265562086274E+003
    314  1.350002071814279E+000  9.358205282146128E+003
    315  6.761525480762767E-001  1.310077417580733E+003
    316  1.996465199529227E+000  1.832082179754148E+004
    317  1.308360901911132E+000  8.868278514216729E+003
    318  2.236710599872703E+000  2.686209363631766E+004
    319  1.554655069771887E+000  1.193159405635642E+004
    320  3.216680616565116E+000  3.151871349357084E+004
    321  1.532328349271974E+000  1.574555499820398E+004
    322  8.332911935146867E-001  3.535400575075186E+003
    323  9.983047434492409E-001  5.182895204082309E+003
    324  1.736684308354228E+000  1.382827434900653E+004
    325  2.511517151602045E+000  2.530452021407575E+004
    326  4.965413475342754E+000  6.132579640717263E+004
    327  2.254630768353192E+000  2.169604924833388E+004
    328  6.880805874090172E-001  1.422157573647680E+003
    329  4.151308227422332E+000  5.143857828640818E+004
    330  1.276957174399110E+001  1.469511984445032E+005
    331  3.589248278279906E+000  3.686829613152775E+004
    332  3.497128097775698E+000  3.765864971022387E+004
    333  1.671084895333074E+000  1.388414126006466E+004
    334  1.266719221849853E+000  8.574120390832270E+003
    335  7.073499096180710E+000  9.306763217314596E+004
    336  1.935955440822301E+000  1.688096554222848E+004
    337  8.739569890742040E-001  4.589479583179545E+003
    338  1.996023470067867E+000  1.755760568080484E+004
    339  9.253823667521877E-001  4.813135005690808E+003
    340  1.012702417556516E+000  8.102159073031551E+003
    341  2.769373022017143E+000  3.349059340578430E+004
    342  6.035027482893714E-001  1.069395341822813E+003
    343  1.565291020925096E+000  1.542961529155621E+004
    344  6.586439163525696E+000  8.377440639944580E+004
    345  5.918862588154657E-001  1.200494073788963E+003
    346  4.509957778060870E+000  5.957185506003676E+004
    347  7.935933453893566E+000  8.908599175940808E+004
    348  4.766758664405928E+000  5.111370389817988E+004
    349  9.316178951568553E-001  6.538668891354795E+003
    350  5.744588843015744E-001  8.848414977879070E+002
    351  8.489701518446747E-001  4.883159995252729E+003
    352  2.366634950053523E+000  2.248381761695079E+004
    353  6.646468882410080E-001  2.456692887051813E+003
    354  6.291927226013931E-001  1.705419660684979E+003
    355  1.134959233291258E+000  1.073425730030558E+004
    356  3.022983031373438E+000  3.517966711265861E+004
    357  2.360072295741428E+000  2.291022698855663E+004
    358  1.651622774530105E+001  2.133975905978203E+005
    359  1.243079605559239E+000  1.275523141266666E+004
    360  1.068471513168940E+000  7.534035374440195E+003
    361  9.420348214555816E-001  5.803812288313471E+003
    362  5.248409790934382E-001  7.456754725058922E+002
    363  4.712456899718453E-001  1.187420821442398E+002
    364  1.041968071608666E+000  7.968685965440171E+003
    365  7.951691177776811E-001  4.731721337679063E+003
    366  5.848161754020430E-001  1.550665125969877E+003
    367  9.334249973124993E-001  7.096075678187074E+003
    368  5.688984485415046E-001  1.345300713804703E+003
    369  5.927761036738068E-001  2.213951446159811E+003
    370  6.544101580968107E-001  2.411298867762333E+003
    371  5.188716239518361E-001  8.229731095635074E+002
    372  1.224512580200468E+000  1.022411065603231E+004
    373  4.895664684517242E-001  4.849028112696276E+002
    374  2.436598359542021E+000  2.517597128240843E+004
    375  6.456206939040625E-001  2.414973712596469E+003
    376  1.034069241154506E+000  9.349867876711358E+003
    377  9.782267899041371E-001  6.869177232223567E+003
    378  5.650692162188593E+000  6.866395453247598E+004
    379  6.849898552388096E+000  7.654721440719825E+004
    380  4.478491926638333E+000  5.542484576326893E+004
    381  5.127996834386945E+000  7.772486104904560E+004
    382  1.662483658906346E+000  1.471369118204202E+004
    383  4.729213023511207E+000  5.354208374307503E+004
    384  6.781277430815038E+001  8.377520910697203E+005
    385  4.791363703371808E+000  5.237890106992442E+004
    386  1.079177453405649E+001  1.363140876128221E+005
    387  1.187312215125406E+001  1.601310332982997E+005
    388  4.069437734023159E-001  8.731124677950196E+001
    389  1.821575171058869E+000  1.715712848992132E+004
    390  4.926603032369470E+001  7.383870875658797E+005
    391  1.373265307971233E+001  1.702232504360828E+005
    392  5.127086566788443E+001  6.856347070311068E+005
    393  6.872510907333043E+000  1.036784311702414E+005
    394  1.620666966406623E+000  1.500276357418882E+004
    395  3.989963521638392E+000  5.405081071989040E+004
    396  5.003658008132104E+000  6.079078738513111E+004
    397  1.323912656237112E+000  1.369196656358521E+004
    398  9.011615432590279E-001  8.446940999611312E+003
    399  1.866999151610069E+000  2.292495748441467E+004
    400  1.886864147564807E+000  2.314579919293651E+004
    401  2.210579652589509E+000  2.241498409652857E+004
    402  1.139582878725876E+001  1.440062457418181E+005
    403  5.284532213011832E+000  6.120711665287230E+004
    404  2.833921642378741E+000  3.275033128043420E+004
    405  8.740085614977163E+000  1.137184543008750E+005
    406  3.501838550354607E-001  7.923788087076201E+001
    407  4.030833011417232E+000  5.306323846510896E+004
    408  3.798736469791437E-001  5.402673998022722E+002
    409  1.735747392599450E+000  1.848742246221316E+004
    410  6.078155583088881E-001  3.362224821149803E+003
    411  2.333093918789335E+000  2.910456775495813E+004
    412  3.558781865854626E-001  2.492368708665998E+002
    413  3.940400135369254E+000  4.709607760513025E+004
    414  5.671672490557323E-001  3.218471336606113E+003
    415  3.756621769545520E+000  4.593474178285850E+004
    416  4.841346873259282E-001  2.038385119056826E+003
    417  2.802516041613929E+000  3.041876637411134E+004
    418  1.372436857835964E+002  1.713139287194999E+006
    419  8.423695274095026E+000  1.404531222555481E+005
    420  6.820060889277412E-001  4.283296952874181E+003
    421  3.249593283523674E+000  4.203130515571482E+004
    422  2.339788999043810E+001  2.843910776153510E+005
    423  5.998470046845870E+000  8.066992577023567E+004
    424  3.852868045288456E-001  6.922815980484971E+002
    425  1.358051115433158E+001  1.715529053625012E+005
    426  3.237889350285934E+000  4.034176517452976E+004
    427  1.743135653224564E+001  2.298084523242662E+005
    428  3.647893528214438E-001  5.350654563839125E+002
    429  4.663969781832420E-001  1.963450315236592E+003
    430  8.343799463970214E+000  1.062188341681674E+005
    431  3.337279103856935E+000  4.631094965982588E+004
    432  8.020849077695392E-001  6.425952016056222E+003
    433  2.059341796665192E+000  2.422368557933062E+004
    434  6.710084529655141E+000  7.860642511338121E+004
    435  5.295030503177811E-001  2.840443701825070E+003
    436  2.454539140436673E+001  4.304945475206824E+005
    437  4.291221675946924E-001  1.481164966925149E+003
    438  6.371226123386081E+000  9.934349376924400E+004
    439  3.368045318691777E-001  3.112843409893554E+002
    440  2.603983116546576E+000  3.290364586057977E+004
    441  5.465133341310794E-001  2.740040543950191E+003
    442  7.402406585863219E-001  7.531740424704039E+003
    443  3.177494806945524E-001  4.444015820766801E+001
    444  1.188994802621411E+000  1.074302321289402E+004
    445  2.385363457402358E+000  2.815616750348269E+004
    446  2.526501761945053E+000  3.289914325428508E+004
    447  3.889736727916950E-001  1.040918135129152E+003
    448  4.049068020232366E+000  4.898736247089382E+004
    449  1.418703289055419E+000  1.350031756498334E+004
    450  5.619459940072851E+000  7.105013133290091E+004
    451  9.829636209057335E-001  8.624056391411441E+003
    452  2.227872307976735E+001  3.100588953204449E+005
    453  5.721601690170256E+000  7.995332282659922E+004
    454  1.248952208296232E+001  1.855446479949842E+005
    455  1.690227126646569E+000  2.219684708737547E+004
    456  6.847994903088342E+000  1.138565127820658E+005
    457  4.387791364784548E-001  1.767730104392588E+003
    458  7.897088661787453E+000  1.077459179413122E+005
    459  4.634439442256515E+000  5.856806468321034E+004
    460  2.837337719212601E+000  3.820763312231469E+004
    461  3.807889583202477E-001  1.093780085380930E+003
    462  2.053500020008656E+000  2.667946271980322E+004
    463  5.094126359672718E-001  2.582209167429689E+003
    464  4.118272589980703E+000  5.444501604898021E+004
    465  4.926968121191119E-001  2.418950962993873E+003
    466  6.541569246097347E+000  1.026547043384906E+005
    467  1.428887803440354E+000  1.467620762673369E+004
    468  3.358315611871974E+000  3.767514205967273E+004
    469  4.208448925169738E-001  1.537852765512647E+003
    470  5.648472431433046E-001  3.263780334700461E+003
    471  4.851836743167807E-001  2.348746955981175E+003
    472  1.081569144499503E+000  1.245202547531600E+004
    473  6.028880594057764E-001  4.057235243156473E+003
    474  4.022585662238769E+000  5.778925599381488E+004
    475  6.267357061097361E+000  7.487639100333695E+004
    476  4.436694494208643E-001  1.956753904755971E+003
    477  2.188923895131769E+000  2.476054756769771E+004
    478  3.422932159750977E+000  4.299259532449837E+004
    479  1.613960257051895E+000  2.578779967098343E+004
    480  1.497712665993400E+000  1.608510828225633E+004
    481  6.873018282303610E-001  4.794151226945110E+003
    482  2.169645391989272E+000  2.794830084462130E+004
    483  1.466755097703768E+000  1.679787148615466E+004
    484  4.878150876644629E-001  2.455731671992683E+003
    485  5.615766237872112E+000  7.702965522750696E+004
    486  1.261330013228720E+000  1.143096941125750E+004
    487  2.418770971410361E+000  3.174730535094165E+004
    488  3.859092138428046E-001  1.137881380821203E+003
    489  1.343762138653473E+000  1.602908487923657E+004
    490  3.127284811788922E-001  3.454536391094223E+002
    491  7.330634851019934E+000  8.618930573129682E+004
    492  2.400336275764620E+000  3.139610578084420E+004
    493  1.768304513218689E+000  1.808087523068942E+004
    494  1.220194508327592E+000  1.336523850500123E+004
    495  1.253218363331529E+000  1.359070215674533E+004
    496  3.082601478240226E-001  3.987450615784633E+002
    497  2.226448451620522E+000  2.836863644483493E+004
    498  1.479974500611946E+000  1.680583784186333E+004
    499  2.781838517973683E-001  2.853335214862152E+001
    500  1.322054227711038E+000  1.340850069960872E+004
    501  2.769752656490494E-001  2.615344192670988E+001
    502  8.577562064464190E-001  7.162509290001344E+003
    503  1.430439855159404E+000  1.926727877143407E+004
    504  2.664056303970840E+000  3.305417410068239E+004
    505  3.222130666904246E+000  4.200342222765100E+004
    506  3.186914704147841E-001  5.955039754476312E+002
    507  2.299204227924184E+000  3.240114974410362E+004
    508  3.450133575401539E-001  1.001019867716544E+003
    509  3.099087989060698E-001  5.724236307967419E+002
    510  1.792174605119118E+000  2.327567713030093E+004
    511  4.559907895584372E-001  2.376783154417971E+003
    512  1.112710102291721E+000  1.482810132877771E+004
    513  4.634325070600258E-001  2.550409752375878E+003
    514  9.944059027540283E-001  1.069956945413828E+004
    515  7.321177353610974E-001  6.188460697054891E+003
    516  9.183280264677049E-001  8.610397502048576E+003
    517  8.360752894774706E-001  7.962083102216989E+003
    518  1.733720017770510E+000  2.327712141777575E+004
    519  1.602581945086857E+000  1.828796078614132E+004
    520  2.944046411492293E-001  3.701627358691510E+002
    521  8.759235986080806E-001  7.305921873510216E+003
    522  4.035635858962438E-001  1.713207142858477E+003
    523  5.228954311836860E-001  4.354413209313150E+003
    524  9.232397992920878E-001  1.164605719959203E+004
    525  1.356791000307832E+000  1.370648391861857E+004
    526  5.776490130173901E-001  3.845999031655424E+003
    527  4.854796418628533E-001  4.328562625963018E+003
    528  7.485667834672339E-001  5.855223721822354E+003
    529  5.170427500609596E-001  3.071751854003936E+003
    530  7.961396777972072E+000  1.085459892605897E+005
    531  7.915122778130123E+000  9.841687797123806E+004
    532  1.279511063137593E+000  1.359371871003987E+004
    533  3.101059981101947E+000  3.581996091309073E+004
    534  8.364558399949346E-001  7.861337708112475E+003
    535  3.387801132800039E+000  5.535396454335315E+004
    536  8.763998125911829E+000  1.032520141100433E+005
    537  8.853452039035949E+000  1.542221136287941E+005
    538  4.398050023082916E+000  5.466270157293390E+004
    539  6.781933272627356E+001  1.007059107654590E+006
    540  8.456210912569465E-001  1.046622586039634E+004
    541  1.253596921149916E+000  1.518303544321427E+004
    542  7.238955629709388E-001  7.756174745360600E+003
    543  2.608411863811973E+000  4.062259191496349E+004
    544  3.503470249739848E+001  4.195566205105378E+005
    545  1.228679688281111E+000  1.500497521320912E+004
    546  4.946399711904698E+001  5.938982937126884E+005
    547  6.487134979877274E+002  7.805981825125759E+006
    548  6.687661532617741E+000  9.541861070102318E+004
    549  2.691613849456354E+001  3.231735706604905E+005
    550  7.909313165201165E-001  1.210031699146169E+004
    551  3.165388927870394E+001  3.814569680846022E+005
    552  2.212791002092319E+001  2.837919232254894E+005
    553  4.913022144935480E+000  7.797404477160040E+004
    554  2.476111972525693E+001  2.971419428041093E+005
    555  1.037303876861509E+000  1.151946263511737E+004
    556  1.192819461840193E-001  5.602790781141063E+002
    557  1.280802203463560E+000  1.733664589436078E+004
    558  4.541121135294257E-001  4.593927227438401E+003
    559  3.794825924328991E-001  4.934857558509672E+003
    560  1.519723328585240E+000  1.741839843010966E+004
    561  6.084532563901196E-001  6.502396174690700E+003
    562  1.516865619060621E-001  9.780265983265327E+002
    563  1.605346747539642E+001  2.269256077777614E+005
    564  2.045639072647050E+000  2.389646475734861E+004
    565  8.771125693574657E-001  9.744630566240312E+003
    566  2.595251361639862E+001  3.651975679414020E+005
    567  3.363900628972659E-001  3.267902867175538E+003
    568  1.508426771260214E+000  2.322391633582033E+004
    569  2.465731726833250E-001  2.124555478128016E+003
    570  2.284428767464123E+000  3.044816132355671E+004
    571  5.772981034076429E-001  6.123282049750375E+003
    572  3.633373188000043E+000  5.354124666585163E+004
    573  8.343827360105127E-001  9.212764550202030E+003
    574  2.558492091520434E-001  2.227054774292001E+003
    575  1.069926790992962E+000  1.597538529105412E+004
    576  2.223824328723740E+000  2.759738001822569E+004
    577  5.313965388403454E-001  5.469645589158259E+003
    578  1.334304098091702E+000  1.859770435549980E+004
    579  2.631363489081670E-001  2.312080838361646E+003
    580  2.288911789112960E+000  2.806762534219750E+004
    581  7.724203080051356E-002  8.322836175798530E+001
    582  2.949125852103104E+000  3.781826314030089E+004
    583  3.255057268739196E-001  3.072540095394476E+003
    584  4.329077973348670E-001  4.351868331320426E+003
    585  1.511147428251170E+000  2.168309110645640E+004
    586  1.098967498331331E-001  4.975231664413389E+002
    587  4.393048498521413E-001  5.307053786724714E+003
    588  3.721913457456171E+000  5.054293170545865E+004
    589  2.809658941238440E-001  2.540315225992261E+003
    590  1.230920073219922E-001  6.457541424672937E+002
    591  1.353543102255817E-001  8.041505039646499E+002
    592  3.237818840958040E+000  4.084021817759873E+004
    593  3.209552863242557E+000  4.732310020851938E+004
    594  4.074599866366830E-001  4.096473439070694E+003
    595  2.429791063418238E-001  2.111427378164405E+003
    596  2.550820461599662E-001  2.241688536935603E+003
    597  9.604419178988484E-001  1.246547390048111E+004
    598  7.016212660267639E-002  1.729683597569543E+001
    599  4.585739871332392E-001  5.625394093143318E+003
    600  4.165217680041128E-001  5.167949035053019E+003
    601  1.438375644191646E-001  9.127284068453636E+002
    602  1.229304636327095E+000  1.563273502766345E+004
    603  8.728767956842465E-002  2.450334791683274E+002
    604  4.972772977713997E-001  6.936550739722822E+003
    605  4.781726073678552E-001  4.921476621356082E+003
    606  8.112773307970572E-002  1.537521641024907E+002
    607  7.436778759077251E-001  9.555396786036306E+003
    608  1.805342028046243E-001  1.359298737012035E+003
    609  4.486066837952472E-001  5.337939093553893E+003
    610  3.040524349557969E-001  2.869366240343992E+003
    611  6.870384060542617E-001  7.844238885139221E+003
    612  7.201251254281855E-002  4.912199280282356E+001
    613  3.879301225198623E-001  5.085843544671290E+003
    614  9.142879567957635E-002  2.937589148228312E+002
    615  2.786812478371570E-001  3.591206058112467E+003
    616  3.315433892460670E-001  3.182947611767214E+003
    617  1.069199450497343E+000  1.618647604009660E+004
    618  1.171227835099045E+000  1.367430061007958E+004
    619  1.222462676423803E-001  6.719850691254197E+002
    620  6.903297244244211E-002  1.884454510695406E+001
    621  6.826641260470502E-001  8.351284877940385E+003
    622  2.778153654032657E-001  2.508726259897003E+003
    623  7.257840592599047E-001  8.801612604811635E+003
    624  2.947790849341290E-001  2.728262637240236E+003
    625  1.272959031568503E-001  7.370697932994308E+002
    626  3.673319054620502E-001  4.233052069698701E+003
    627  1.120052354675613E-001  5.406266846704242E+002
    628  7.138437539055156E-002  5.104245717860792E+001
    629  7.021586443856036E-002  4.328270471902911E+001
    630  4.016972787314932E-001  4.414207170994940E+003
    631  2.908322554125080E-001  3.127230185197486E+003
    632  2.308446083544114E-001  2.703622381931048E+003
    633  1.837186650502880E-001  1.404197689145926E+003
    634  1.532443749861865E-001  1.037087828917646E+003
    635  3.886407879317045E-001  3.991381627205403E+003
    636  3.191085374849766E-001  3.149552455443561E+003
    637  1.710024505179621E-001  1.552836522859971E+003
    638  7.629514932261028E-002  1.153628455869197E+002
    639  3.172324253735838E-001  3.514960046952536E+003
    640  1.154341593756704E-001  5.928889432918344E+002
    641  2.288843954471541E-001  1.971772797322532E+003
    642  1.137457778201118E-001  5.636286391024860E+002
    643  1.795289761082681E-001  1.732329789474573E+003
    644  9.437681861882213E-002  3.375554437666892E+002
    645  2.443387384577239E-001  2.608722674641748E+003
    646  1.687848617346963E-001  1.426720903431559E+003
    647  6.696246818724834E-002  4.546479213056735E+000
    648  1.085935975561265E-001  5.166118108376235E+002
    649  2.294726684923137E-001  2.319069177342044E+003
    650  5.283486512079940E-001  6.186120353694489E+003
    651  1.124975976864403E-001  5.479884467677003E+002
    652  6.739365143149130E-002  1.352806612614932E+001
    653  7.570095151199309E-002  1.162439486598069E+002
    654  3.339589273962892E-001  3.622268290265477E+003
    655  5.212016422724658E-001  5.758641907214453E+003
    656  2.456913112496403E-001  2.189920007576905E+003
    657  1.233936296914150E-001  6.892824495328906E+002
    658  8.685653835858985E-001  1.067967643002885E+004
    659  8.305313188430369E-001  1.248876810434146E+004
    660  1.073480167374284E-001  5.153531747179899E+002
    661  5.186811113334969E-001  6.638775158139603E+003
    662  8.829799618274896E-002  2.731700587323742E+002
    663  4.605974668873822E-001  5.571841820887785E+003
    664  9.455562796188599E-002  3.588555481904196E+002
    665  1.348065741730665E-001  8.419760837652740E+002
    666  1.585870516401166E+000  2.151885345043405E+004
    667  5.952469899219632E-001  6.796191034393210E+003
    668  1.093616287159236E-001  5.323077484452706E+002
    669  1.593789324452214E+000  1.888049326415547E+004
    670  1.776528878096790E-001  1.365715549723821E+003
    671  7.506723022223676E-001  8.972513574950231E+003
    672  3.187392228552030E-001  3.042313387992237E+003
    673  1.715604029438400E+000  2.078793322922411E+004
    674  3.601342491475096E-001  3.553380645588236E+003
    675  1.229572630238387E+000  1.433968490051383E+004
    676  6.915664950524574E-001  8.491668801112379E+003
    677  1.064927542695074E-001  5.088309332941501E+002
    678  7.573421829708518E-001  9.056418599640721E+003
    679  1.250649035772239E-001  7.335391617903462E+002
    680  4.427945475391610E-001  6.517471133258737E+003
    681  8.058276266536274E-001  9.787028417050880E+003
    682  2.179661210577770E-001  1.860164887325268E+003
    683  3.388231374897181E-001  3.877649430364914E+003
    684  1.890486396272546E-001  1.503334211801169E+003
    685  1.117577905711635E-001  5.821609933186442E+002
    686  1.261043674345448E+000  1.572175689229038E+004
    687  6.412140103706988E-001  8.270030662850848E+003
    688  8.574946917324494E-002  2.870923543570555E+002
    689  8.013993726361294E-001  1.001881135372249E+004
    690  8.784893618637482E-001  1.275505741432182E+004
    691  5.607574121000433E-001  8.405464429822221E+003
    692  6.831444945452952E-002  9.082080349067468E+001
    693  8.218368216864499E-002  2.416698117275756E+002
    694  1.238238723978315E+000  1.797422371425316E+004
    695  1.936913592863139E-001  1.585815954044873E+003
    696  9.511498648321305E-002  4.144185053503602E+002
    697  7.396362143830317E-001  9.514106700240254E+003
    698  2.198519254060985E+000  3.446316713893808E+004
    699  1.050148339333104E-001  5.079111798631975E+002
    700  5.940242277313533E-001  8.592929742602486E+003
    701  6.502731953344881E-002  3.476456936970596E+001
    702  7.435105583907612E-001  1.112523539980196E+004
    703  8.669697634694369E-002  2.981746981167146E+002
    704  6.725146686949815E-002  5.857985158026739E+001
    705  8.484914113654461E-002  2.881720976581501E+002
    706  7.937519534624533E-001  1.096163914293859E+004
    707  1.119971254865554E-001  5.988898476432673E+002
    708  8.556909090475405E-001  1.323421162142209E+004
    709  1.513808104525338E-001  1.087724738020899E+003
    710  2.972723883594536E+000  4.320003268279000E+004
    711  8.437583379352853E-002  2.737518372846806E+002
    712  5.337835741796595E-001  7.343485321657497E+003
    713  2.424946012988700E-001  2.171514328457895E+003
    714  1.010395830351537E-001  4.717184729591502E+002
    715  9.637376612246362E-002  4.180241519955154E+002
    716  1.746073124843015E+000  2.596414364901588E+004
    717  1.037910782346479E+000  1.450873477558106E+004
    718  6.282974123145234E-002  2.137901370072770E+001
    719  2.888829419578398E-001  3.362732070670330E+003
    720  6.863227144209959E-002  9.078183706382556E+001
    721  1.091796119889593E+000  1.397381723564670E+004
    722  9.523640133850980E-002  4.364315018811737E+002
    723  6.258410436562067E-002  2.406337936997690E+001
    724  4.271102375775939E-001  5.361600193211542E+003
    725  9.482869271513185E-001  1.395486726767707E+004
    726  7.073564965562613E-002  1.296942432568591E+002
    727  4.009421382486254E-001  4.957329568206001E+003
    728  7.762350709094150E-002  2.101256090070878E+002
    729  7.192207905046628E-002  1.396429257485051E+002
    730  5.505906402455244E-001  6.743203318359528E+003
    731  2.000538179209057E-001  2.199036160444468E+003
    732  1.056733998932975E-001  5.483872659554598E+002
    733  4.278492020234912E-001  4.868577975618010E+003
    734  6.237998408903404E-002  2.627538064079420E+001
    735  6.806097280993130E-002  9.745338427576884E+001
    736  6.433665377490808E-002  4.972726998847217E+001
    737  1.388279981905553E-001  9.922511933096175E+002
    738  4.375347353716630E-001  5.060485427690396E+003
    739  8.008259322076654E-002  2.383951336671400E+002
    740  6.378580103751565E-002  4.530055445250897E+001
    741  2.630533990377807E-001  3.217769290620616E+003
    742  3.296161068207725E-001  3.920670906252125E+003
    743  6.074491819347282E-002  8.918756331574039E+000
    744  1.428042019781857E-001  9.945430552941099E+002
    745  7.348863189343321E-001  9.338341351053319E+003
    746  8.245172032131938E-001  9.716217581575153E+003
    747  7.245460859054280E-002  1.551968186048841E+002
    748  4.072497819074629E-001  4.689823046846353E+003
    749  1.168264400425341E+000  1.669358955206730E+004
    750  6.829015001464463E-002  1.002110807997456E+002
    751  4.470813402555159E-001  4.841653017567808E+003
    752  6.090319667988933E-002  1.925583833897729E+001
    753  6.527702353933570E-002  7.230975008308742E+001
    754  8.747911489195086E-002  3.830394879472365E+002
    755  3.273637733813329E-001  4.079504007752349E+003
    756  1.914660479208317E-001  2.080700737717179E+003
    757  5.417102951904077E-001  5.974978623540014E+003
    758  9.735063341306453E-002  4.650117236369758E+002
    759  6.072829839956227E-002  1.860789427966042E+001
    760  4.971371572287682E-001  6.017618780863984E+003
    761  8.420005502701902E-002  2.942135408361748E+002
    762  3.600385341933467E+000  5.589936601123142E+004
    763  1.312503231120298E+000  1.954077520428022E+004
    764  8.096242253593351E-002  2.693771230457032E+002
    765  4.307538472673341E-001  6.143924131609053E+003
    766  7.220472414850575E-002  1.664820831451453E+002
    767  8.857464608488894E-002  3.808915423772200E+002
    768  1.601846153566308E+000  2.066815820098703E+004
    769  8.475782702860895E-001  1.063016607571460E+004
    770  1.031967704732225E-001  5.307161337082854E+002
    771  9.399995119935941E-001  1.247943485380652E+004
    772  1.112099887650479E+000  1.593408221546986E+004
    773  5.938332614254656E-002  2.769996608346580E+001
    774  1.001491909100532E+000  1.202880427195205E+004
    775  5.838004813486054E-002  2.441329102679929E+001
    776  6.927633233145822E-002  1.753165988247194E+002
    777  1.595649291110060E+000  2.392043522973818E+004
    778  1.008563573054337E+000  1.441629279230126E+004
    779  6.669188735004505E-002  1.303693934572221E+002
    780  5.928042595732538E-001  7.118661711525329E+003
    781  1.071967671328985E-001  6.150897404669399E+002
    782  1.187062368457958E-001  7.554319807729503E+002
    783  1.359531824311024E+000  2.210273127061450E+004
    784  5.091249494406944E-001  8.008996105412076E+003
    785  3.216903439776869E+000  5.157417521858274E+004
    786  8.740638755177674E-002  3.784161380428543E+002
    787  1.524626034134670E-001  1.210343918754729E+003
    788  6.491721428262100E-002  1.152853523157543E+002
    789  4.640570708808435E-001  6.657945544183950E+003
    790  1.259016458628839E-001  8.562981696252995E+002
    791  3.886683866863240E-001  5.259216334382876E+003
    792  8.394664390338974E-002  3.408959123973202E+002
    793  2.199216772645083E-001  2.613212662395551E+003
    794  9.867585634351660E-002  5.405419843543631E+002
    795  2.044442213011187E-001  2.694890581593503E+003
    796  1.762225740636446E-001  1.676816036202988E+003
    797  5.704827360414660E-001  7.562993646621675E+003
    798  6.047277997666752E-002  8.678139953964917E+001
    799  4.658881428164821E-001  5.184373391410447E+003
    800  1.582685465238828E-001  1.244026461515458E+003
    801  5.706561686842593E-002  3.094968579165646E+001
    802  4.688982616618251E-001  6.120017703018101E+003
    803  4.172084627292755E-001  6.024786100170691E+003
    804  1.118271287060820E-001  6.958850358563383E+002
    805  6.918701569189946E-002  1.813403732634558E+002
    806  5.517796433975302E-002  1.236213166097738E+001
    807  2.524470014816695E-001  2.983162903651004E+003
    808  5.191929633793005E-001  6.753029508272928E+003
    809  9.049137387101901E-002  4.399390046203784E+002
    810  4.831947266216350E-001  7.516100962540994E+003
    811  6.026022903574524E-002  7.975784721080531E+001
    812  2.925899664815743E-001  3.544921307280624E+003
    813  3.688039504021213E-001  5.516268041517095E+003
    814  5.963998450834371E-002  7.391119289105070E+001
    815  1.046882937488406E-001  6.221579223376809E+002
    816  1.021264857163387E+000  1.432152845601925E+004
    817  2.693229756523103E-001  3.918080360880138E+003
    818  6.554899524538065E-002  1.503399171352049E+002
    819  5.766041797464789E-002  5.467117339004600E+001
    820  2.585652324873325E-001  2.732169820601584E+003
    821  3.337574967207055E-001  3.871004872075051E+003
    822  7.884644432857981E-001  9.114787016409928E+003
    823  5.371788287681247E-002  8.098021183745226E+000
    824  2.072788920526731E-001  2.194489821921150E+003
    825  3.816307664330990E-001  4.557576783387057E+003
    826  9.058818209431748E-001  1.241477614173482E+004
    827  2.295802086309722E-001  2.563133246200897E+003
    828  7.638412485517300E-002  2.843765067297248E+002
    829  1.102490526407645E+000  1.350308876131615E+004
    830  7.636966023993617E-002  3.232332880494627E+002
    831  3.417474797015554E-001  3.595634253347358E+003
    832  5.253502417589934E-001  7.399365111918595E+003
    833  5.362715696932521E-002  1.386500920228379E+001
    834  5.885905571266482E-002  7.788610583344622E+001
    835  7.082940700680840E-001  8.397245085324836E+003
    836  2.243343660679253E+000  2.906589385330867E+004
    837  7.331275700881236E-002  2.958810787902599E+002
    838  1.032251187266608E+000  1.585454176352341E+004
    839  6.257494759397146E-002  1.201809332482851E+002
    840  5.425770546802120E-002  3.284537687536447E+001
    841  5.552203517257362E-002  4.535906472605691E+001
    842  3.916130730546389E-001  5.177103685694437E+003
    843  5.950112067362584E-001  7.559346218644275E+003
    844  5.062576739236023E-001  6.958353999477022E+003
    845  1.005222129595180E-001  5.872339661488826E+002
    846  9.733405594443074E-002  5.573512537462418E+002
    847  5.102931235459311E-001  6.962684204012699E+003
    848  5.023044427978316E-001  6.721047538043486E+003
    849  9.049473730425324E-002  4.690713003711683E+002
    850  5.227477908995937E-002  1.574866316755452E+001
    851  2.693540611547522E-001  3.225863932280423E+003
    852  8.581256281451168E-002  4.217259720092299E+002
    853  1.377085789588143E-001  1.322805661379853E+003
    854  3.282969469051154E-001  4.036584879240486E+003
    855  1.952844028211384E-001  2.432250362593101E+003
    856  5.603043349101121E-002  6.786897441367988E+001
    857  5.474088611884342E-002  5.492731584500986E+001
    858  1.830298612296724E-001  2.197859701960407E+003
    859  7.030275129503467E-002  2.481441790953166E+002
    860  1.651273031504434E-001  1.795246862564298E+003
    861  5.453574168606727E-002  5.387090445755369E+001
    862  9.623695658433601E-002  5.548790316383821E+002
    863  1.431771775966020E-001  1.484841821674129E+003
    864  5.135800951285150E-002  1.893194116606884E+001
    865  2.628045195568985E-001  3.469999830087694E+003
    866  2.304911226470475E-001  3.023637690674097E+003
    867  5.535389598351526E-002  7.227937311506973E+001
    868  5.822328409558717E-001  8.405384275172986E+003
    869  5.315249644800730E-002  4.833574582191244E+001
    870  7.851903381766950E-001  1.053311770325005E+004
    871  4.229498421494118E-001  5.289014239411837E+003
    872  4.981959334412035E-002  1.319464922785222E+001
    873  4.606074955033498E-001  5.936928524387306E+003
    874  5.262516734182108E-002  6.285223154155739E+001
    875  3.019862118676390E+000  4.569599565882554E+004
    876  5.370799219742928E-002  6.447697502338987E+001
    877  4.109538434414253E-001  5.480641431678243E+003
    878  5.946260904448313E-002  1.314909264872523E+002
    879  2.717592796713577E-001  3.386947295745567E+003
    880  1.489896474335996E-001  1.537135245062497E+003
    881  4.804182636037869E-002  2.327623443602616E+000
    882  5.666446110823611E-002  1.065464054157337E+002
    883  2.380671513917870E-001  2.788748675630419E+003
    884  1.114001613213795E-001  8.981929289102303E+002
    885  4.827240304115490E-002  8.300618575075200E+000
    886  2.809199200104860E-001  3.368739274075840E+003
    887  5.039602762909428E-001  6.217923591407426E+003
    888  6.037326157205394E-002  1.595457195049039E+002
    889  4.857319472586769E-002  2.459943175489562E+001
    890  1.027549741912946E+000  1.460046922138095E+004
    891  4.775491596324783E-002  1.909535658355788E+001
    892  7.724056383159987E-001  9.790907313939726E+003
    893  8.159019596595078E-002  4.214082042377215E+002
    894  6.236018639923852E-001  8.100274839545833E+003
    895  3.568804599365893E-001  5.485941374604542E+003
    896  1.610050417368016E-001  1.465849063334953E+003
    897  9.731053061528939E-001  1.496514338495676E+004
    898  1.137665235151543E+000  1.423990961114851E+004
    899  2.864080451911931E-001  2.890078283027589E+003
    900  5.326108895581257E-002  1.054047814121635E+002
    901  6.704268658584608E-002  2.763690837744289E+002
    902  4.951238556987116E-001  8.411969407922265E+003
    903  2.681133946064166E-001  2.957729873604436E+003
    904  4.582217881321239E-002  3.040693142655216E+001
    905  7.422343651011547E-001  9.622901315597306E+003
    906  4.838399845646852E-002  7.016416789608438E+001
    907  5.145730405014283E-001  7.770875669676053E+003
    908  6.772006510999112E-002  3.079851385895336E+002
    909  7.323741895751685E-001  9.692787028140177E+003
    910  1.687789361122369E-001  1.514196348250325E+003
    911  1.190710417925871E+000  1.537155374900494E+004
    912  4.872599267544468E-002  7.985678390937331E+001
    913  1.159161772235834E-001  1.427791995136656E+003
    914  4.398320574052070E-002  2.389615260099856E+001
    915  8.632499545660396E-002  5.454578083209407E+002
    916  4.044265535002304E-001  4.585145436899125E+003
    917  3.360030721531090E-001  5.282796583774649E+003
    918  5.222740122452204E-001  8.288837462250931E+003
    919  4.581232839484399E-001  6.942363876970765E+003
    920  6.260130361992891E-002  2.574033183484805E+002
    921  5.591050564237886E-001  7.115124253219794E+003
    922  1.065255264594971E-001  7.818659155137651E+002
    923  1.012962607163512E-001  7.188567926791952E+002
    924  6.563897924153347E-001  8.577627615397059E+003
    925  5.338514291318427E-002  1.462194769079049E+002
    926  3.376203052139098E+000  5.742181420004550E+004
    927  1.111494920244810E-001  8.324516208667878E+002
    928  1.651639983431111E+000  2.507397717153085E+004
    929  7.034604972829445E-001  1.050185347488997E+004
    930  3.594486580047613E-001  5.495600846538768E+003
    931  6.922102895978390E-002  3.382499992393225E+002
    932  1.873229606705065E-001  2.013712162258458E+003
    933  6.253076470963305E-002  2.659941135837818E+002
    934  3.487658338844858E-001  4.923986261350413E+003
    935  5.656718953696874E-002  1.872410461033973E+002
    936  5.020163897330341E-002  1.339852710781551E+002
    937  7.048505734022124E-001  1.112220658655081E+004
    938  4.690732358119789E-001  6.539755297359107E+003
    939  5.928061697291917E-002  2.301269147939103E+002
    940  4.024844137429498E-001  5.255800510935970E+003
    941  4.701911541756146E-002  8.186465940187597E+001
    942  1.437650270436115E-001  1.719761956144874E+003
    943  1.924041101181230E-001  2.263015667650461E+003
    944  4.817221446745522E-001  6.532953784583865E+003
    945  2.432562285760830E-001  2.997698844970262E+003
    946  4.488852951414542E-002  5.747949790014899E+001
    947  5.624667627265211E-001  7.153484561961228E+003
    948  3.963474151932931E-001  6.671997921483261E+003
    949  7.530034346937199E-002  4.221568110189460E+002
    950  3.939388552618776E-001  5.428406538922077E+003
    951  5.560888752801878E-002  1.966258367265425E+002
    952  6.593520684253751E-001  1.193314328834961E+004
    953  7.220473718774877E-002  4.197099626789816E+002
    954  7.386486943100985E-001  1.133586452119779E+004
    955  1.398291642291538E-001  1.844224512481566E+003
    956  4.193215889910447E-002  3.671311319470865E+001
    957  6.276141115626110E-002  2.762776056306795E+002
    958  2.069392648606298E-001  3.118684545083663E+003
    959  4.617474529679061E-002  8.407323915274615E+001
    960  4.042569844067613E-001  6.412137830211995E+003
    961  5.667460980465868E-002  2.065483507284547E+002
    962  2.329152579248697E-001  2.969238070444803E+003
    963  1.065255701809352E-001  7.979113684736275E+002
    964  3.576984839502385E-001  5.136850071425559E+003
    965  4.048909858615606E-002  1.557782719830435E+001
    966  1.672121416907143E+000  2.150299654911433E+004
    967  1.924003731593708E+000  2.324071566515604E+004
    968  8.999877289588368E-001  1.111008105053898E+004
    969  4.251414508014598E-002  4.214798927054789E+001
    970  1.092010509017361E+000  1.806641438871656E+004
    971  4.274821956457828E-002  4.795278251266993E+001
    972  3.769297696271867E-001  5.638991467838540E+003
    973  1.568133883337107E+000  2.049219499265105E+004
    974  4.864812924389565E-002  1.195781246113310E+002
    975  5.491337955755107E-001  6.744054895780476E+003
    976  8.363658050394421E-001  1.140803318633034E+004
    977  2.174835998175328E-001  2.892995353340396E+003
    978  6.232294371309747E-002  2.883258819871200E+002
    979  1.708066878834029E-001  2.038983154414367E+003
    980  4.889547330758488E-002  1.231032943539688E+002
    981  6.459337938343834E-001  1.054052610310714E+004
    982  7.076749078267412E-002  3.905080887051121E+002
    983  2.274463748695375E-001  3.034625231561906E+003
    984  4.952833725413653E-001  6.370691226660158E+003
    985  5.958536012274988E-002  2.556390912478440E+002
    986  4.005122764859173E-001  4.877282856708179E+003
    987  5.575504468373870E-002  2.077546720632677E+002
    988  1.498682131337231E-001  1.680318849065526E+003
    989  3.565104538456690E-001  5.325216039162004E+003
    990  7.115919926854762E-002  3.967403219478811E+002
    991  1.610704035701864E+000  2.525449181184026E+004
    992  1.636682516719395E+000  2.560786922069620E+004
    993  4.454746926251914E-002  8.893283108101700E+001
    994  9.439351521573652E-002  6.724620324338920E+002
    995  3.128458219091749E-001  4.075595745024323E+003
    996  4.069754088303538E-002  5.137185671000515E+001
    997  4.033875481886534E-001  6.404031755972795E+003
    998  2.180206154664648E+000  3.529542320330526E+004
    999  4.215296416560790E-002  5.654416906095171E+001
   1000  5.177161479904600E-001  6.779930911478833E+003
   1001  1.286172197225166E+000  1.931681656663125E+004
   1002  6.731424558781619E-002  3.785941067882011E+002
   1003  5.018303652565637E-002  1.511154513756855E+002
   1004  9.280735812433689E-002  6.592287158019054E+002
   1005  1.350718068820336E+000  1.768136571207478E+004
   1006  5.290781207368794E-001  7.366115262721938E+003
   1007  3.873180377503761E-002  2.197367079777407E+001
   1008  4.766306925653478E-001  7.262658051913436E+003
   1009  8.610523051288679E-001  1.078850179300993E+004
   1010  6.375277202480142E-002  3.315640852914028E+002
   1011  6.074259768180313E-001  8.639197707222840E+003
   1012  5.554708010885118E-002  2.150468118584346E+002
   1013  9.386043569845445E-001  1.197055541834883E+004
   1014  1.557093776034176E-001  1.735613282724052E+003
   1015  3.814858092923130E-002  1.404377191384851E+001
   1016  1.009570504615128E+000  1.522452857522857E+004
   1017  7.643438149726342E-002  4.722974894263997E+002
   1018  1.338397384221422E+000  1.741973207930638E+004
   1019  3.871807385410159E-002  1.921470149776972E+001
   1020  1.438693392785036E+000  1.779848715678269E+004
   1021  2.967454613919044E-001  4.072624158592928E+003
   1022  1.006882827091369E+000  1.484007690444177E+004
   1023  4.900166773432484E-002  1.419229554294315E+002
   1024  7.450561706077220E-001  1.207996346871271E+004
   1025  4.983197050644687E-002  1.653738871431209E+002
   1026  2.275140403454292E+000  3.098696122891988E+004
   1027  8.735331074888958E-001  1.143952308954265E+004
   1028  1.085902517057016E-001  8.671145779304444E+002
   1029  1.167148199606852E+000  1.556223475008908E+004
   1030  3.779853760057918E-002  2.080447491850407E+001
   1031  8.177850823991403E-001  1.158209890076822E+004
   1032  1.808762695977764E+000  2.229060340609873E+004
   1033  1.628335602462237E+000  2.128332417448049E+004
   1034  1.531324670335090E+000  1.892144331541583E+004
   1035  6.443939207660429E-002  3.357324837650303E+002
   1036  3.975292817663684E+000  4.890802193016727E+004
   1037  4.148372861119785E-002  6.103770465242388E+001
   1038  1.079572873855384E+001  1.357377326794520E+005
   1039  1.548591910824267E+001  1.972783754958523E+005
   1040  1.115526580962881E-001  9.591848666676259E+002
   1041  1.874004908713884E+001  2.387636247526651E+005
   1042  2.801916701577194E+000  4.525229180885766E+004
   1043  7.022752905462647E-002  4.120130520880749E+002
   1044  6.729526286450408E+000  9.735439825185931E+004
   1045  3.933657974411571E+001  5.011467352383205E+005
   1046  1.694812320569942E-001  1.618956306152145E+003
   1047  9.355447951445957E+000  1.178511873997940E+005
   1048  1.929853492027966E+001  2.684328747268608E+005
   1049  4.372708981967285E-002  1.064790994071078E+002
   1050  1.353391385844114E+001  1.693541373489320E+005
   1051  5.922418352891308E-002  3.158946333700610E+002
   1052  9.739390868506542E+000  1.454859578157503E+005
   1053  6.194705753778916E+000  9.550963391323469E+004
   1054  6.531982415260534E-002  3.765245652069530E+002
   1055  3.319270364289076E+000  5.089851146729434E+004
   1056  9.502349463217173E-002  8.412856661483337E+002
   1057  5.030473509869331E+000  6.652645412538857E+004
   1058  2.456362330341415E+001  3.450757989174576E+005
   1059  4.202781085698805E-002  1.012365106693771E+002
   1060  2.416430884499619E+001  3.736335558784322E+005
   1061  4.012718567716755E+000  5.362839812596284E+004
   1062  4.986127864267361E+000  7.295113576058461E+004
   1063  1.777941000348952E-001  1.751511424391579E+003
   1064  1.057818617883525E+001  1.451264545773769E+005
   1065  1.278964638484354E-001  1.135465791417285E+003
   1066  1.312782675183893E+001  1.894847805890699E+005
   1067  5.067951588800654E+000  6.908160444025409E+004
   1068  2.007003426447486E-001  1.998794382727733E+003
   1069  4.489587090691569E+000  6.482502263679742E+004
   1070  1.114478682875592E+001  1.902423172530325E+005
   1071  1.055028834153706E+001  1.370185302007439E+005
   1072  1.689855849160180E+001  2.161316284141423E+005
   1073  4.021514100143638E-002  1.198338710099914E+002
   1074  8.733263539598349E+000  1.404099512537498E+005
   1075  6.473567803641458E+000  7.781296094826722E+004
   1076  9.143974746952302E-002  1.394599322063729E+003
   1077  4.011861354052290E-002  6.122247575070284E+002
