# dt =   1.000000000000000E-003
# j, New nj, Rate of change (1/s)
      1  5.668211319109204E+001  2.671068106950024E+004
      2  3.950973955223188E+002  2.387357980994587E+005
      3  3.253368909145539E+001  1.237693306762334E+004
      4  1.013240001013432E+002  4.740807482419218E+004
      5  2.408814174970398E+002  8.922499426729798E+004
      6  3.058498240058489E+001  1.089277806865627E+004
      7  2.267850523530757E+003  8.494409382949765E+005
      8  1.125736041619387E+003  4.221319846654779E+005
      9  1.610159578922560E+002  9.048683158914979E+004
     10  1.511812158753353E+002  6.234993762189095E+004
     11  1.177526632924606E+002  4.383099462777026E+004
     12  7.680538354310714E+001  3.530004154765962E+004
     13  7.867267282332344E+000  2.423686699708319E+003
     14  1.670533581519657E+002  7.098290559159160E+004
     15  8.121409791482906E+000  2.506945356565468E+003
     16  7.045479822912515E+002  3.131553233699451E+005
     17  1.246033009669008E+002  5.317521282723590E+004
     18  3.924944913065334E+002  1.468809188386301E+005
     19  5.789362753901958E+000  1.689290543911776E+003
     20  1.208547004687010E+002  4.439635962462399E+004
     21  3.664557000428152E+001  1.238008713706865E+004
     22  4.317940744544575E+001  1.982573987538900E+004
     23  1.215803456937417E+003  4.542483263085076E+005
     24  9.199733222680763E+002  3.426637588273755E+005
     25  5.341001038656614E+000  1.550675902463448E+003
     26  6.041252726567863E+001  2.536400773127459E+004
     27  8.553263345683033E+002  4.793697847323346E+005
     28  3.480572852215769E+001  1.434389674348885E+004
     29  4.215851995032194E+002  2.074477961111826E+005
     30  1.733426646168299E+001  5.875867759765613E+003
     31  2.201442254884095E+002  8.297414960214611E+004
     32  1.986095532998869E+002  8.588745998952175E+004
     33  5.143787629408643E+001  2.180720653793799E+004
     34  2.871722909538602E+001  1.024498731285285E+004
     35  1.778963422580668E+002  1.009628462460893E+005
     36  6.823398116879014E+001  2.440205267383107E+004
     37  1.078401098803565E+002  5.617095092118433E+004
     38  8.968484075662840E+002  3.406303863538550E+005
     39  9.143945368049674E+001  4.462396545031713E+004
     40  1.165270736065740E+002  6.467928937533042E+004
     41  7.261034194414825E+001  3.882110811717703E+004
     42  4.684484049242027E+001  2.245798708267520E+004
     43  4.249105315805507E+001  1.612650051233492E+004
     44  9.167302155465829E+001  5.230231734406482E+004
     45  5.586814025611019E+001  2.793712616625271E+004
     46  4.673464873540137E+001  1.753682956313756E+004
     47  1.406316887634657E+000  1.471664840505300E+002
     48  3.986530620889920E+001  1.765347586182764E+004
     49  1.221522415586238E+001  5.088530295399753E+003
     50  1.549506265981089E+001  6.342987343132973E+003
     51  1.131293636931893E+002  6.492894819972079E+004
     52  2.794589726331623E+001  1.321810667747996E+004
     53  2.604289898340184E+001  1.109805964340956E+004
     54  6.912135037599955E+001  3.482119436931969E+004
     55  1.144275492660949E+002  5.960759309448595E+004
     56  1.524464014322193E+000  2.096678572723168E+002
     57  9.945717157128645E+001  4.961357054232930E+004
     58  3.215072320168865E+002  1.199292910894408E+005
     59  3.433514255815722E+000  1.123967147524702E+003
     60  3.079336080507095E+002  1.513848592584871E+005
     61  9.337168269000545E+000  3.060815623375394E+003
     62  2.435148850544969E+001  9.207783091670548E+003
     63  2.141198098847634E+001  8.721261489306418E+003
     64  5.078910956964576E+002  1.927936430631887E+005
     65  1.229605237974368E+003  6.499290009011766E+005
     66  7.855248917401640E+001  2.919405857975223E+004
     67  2.212773111993816E+002  1.097550988090081E+005
     68  1.982412628057917E+001  7.110814344539852E+003
     69  5.567659540776589E+001  2.506971098458700E+004
     70  2.959290571697944E+002  1.563855062088833E+005
     71  3.185988567689330E+002  1.686966995775863E+005
     72  8.720520492561878E+000  2.752135846960761E+003
     73  7.881281126721495E+001  4.451219132976659E+004
     74  5.495317350565101E+001  2.112499055112662E+004
     75  1.279604636040907E+001  4.357997106726216E+003
     76  1.009755887203489E+001  3.637642786359333E+003
     77  1.521179361292443E+001  6.107847688437586E+003
     78  2.163760111420170E+001  8.217494771066102E+003
     79  7.672104613892556E+001  3.930724942197796E+004
     80  2.086145234070524E+002  1.180883101554556E+005
     81  2.431552486366745E+001  1.177453840639842E+004
     82  3.327421814774569E+001  1.788075971410218E+004
     83  1.225541928701798E+001  5.845537546285176E+003
     84  1.261041743127585E+001  4.564900499368284E+003
     85  1.242169535790727E+002  4.493012180298621E+004
     86  2.887920833605270E+002  1.698124046731736E+005
     87  3.559898560271596E+000  1.512715828971049E+003
     88  6.834647668678956E+000  2.338541765791201E+003
     89  5.272386769042648E+001  2.251732719290814E+004
     90  4.214783763385154E+002  2.472939508717628E+005
     91  1.941042819037378E+002  1.041793336076475E+005
     92  9.275050019650010E+001  4.402602270551076E+004
     93  1.703934583860547E+001  9.263563339420343E+003
     94  7.855941519568886E+001  4.493326730622386E+004
     95  8.692410442630784E+001  3.210700861254986E+004
     96  2.637255332503028E+001  9.826975253742361E+003
     97  7.177909790320892E+001  3.383523679717642E+004
     98  6.500012061001387E+001  3.749739589079961E+004
     99  6.314301870636398E+000  2.749744309034920E+003
    100  1.793317702562984E+002  1.006703044856304E+005
    101  4.110120101711129E+001  1.597700744333043E+004
    102  7.553242374397297E+001  3.973132974319040E+004
    103  4.688694856774424E+002  2.754947742363691E+005
    104  1.606749658142828E+001  5.728609895573164E+003
    105  6.766603332833189E+001  3.955639240521951E+004
    106  4.241121971044200E+001  1.606484640591740E+004
    107  9.536462335377147E+000  3.187498260803025E+003
    108  7.661050251339833E+001  3.728533296320477E+004
    109  2.603656987498077E+001  9.843412040762689E+003
    110  7.499123690031489E+001  3.929070555313217E+004
    111  1.560877607053657E+001  6.512497180905717E+003
    112  2.049615090565942E+001  9.944375568475198E+003
    113  2.002553100065658E+001  1.051306246085646E+004
    114  5.028194077932039E+002  1.855857388117413E+005
    115  8.663615864721037E+001  4.567387165420994E+004
    116  2.338687057131033E+001  9.038721924453772E+003
    117  7.232244125323005E+001  3.236233315845340E+004
    118  1.311597507177815E+001  4.897355283659704E+003
    119  4.695347735960792E+001  1.888221442704003E+004
    120  6.925359603593047E+001  3.545543613153388E+004
    121  2.425833823347742E+001  8.747143196296422E+003
    122  2.929451996236870E+000  8.078635164787048E+002
    123  7.425777062484375E+000  2.621239738842350E+003
    124  1.199180787312121E+000  1.327772619346228E+002
    125  3.849628081994980E+001  1.996508157646754E+004
    126  2.923783142173862E+001  1.544968612603949E+004
    127  9.177038649229011E+000  4.236628759255546E+003
    128  2.847714366701252E+001  1.585312131895700E+004
    129  2.703753039346765E+000  6.849780448070891E+002
    130  1.653855155162832E+001  6.818306978317461E+003
    131  4.838776977865268E+001  1.786416758699521E+004
    132  1.944106401634289E+001  7.502256895231941E+003
    133  4.130607655450891E+001  1.502499222432056E+004
    134  3.908942405870125E+001  1.390559107778391E+004
    135  3.080488431298004E+001  1.510567030849564E+004
    136  2.429902982922524E+001  1.220965980044736E+004
    137  3.759013859040187E+001  1.432547617755967E+004
    138  3.485188570421256E+001  1.372601443585263E+004
    139  2.481602329874823E+001  1.288688603567438E+004
    140  1.662404063960447E+001  8.440465892659171E+003
    141  1.783867600308465E+001  6.832332638919827E+003
    142  1.417685555738022E+002  5.319117984504018E+004
    143  4.805260149409276E+001  1.865518171293037E+004
    144  5.833322631126201E+001  2.759164360061788E+004
    145  1.097045081494793E+001  4.892991870058820E+003
    146  1.147195851839100E+000  1.141642928713686E+002
    147  7.870143811773422E+000  2.574133934769404E+003
    148  4.033745928243520E+001  1.810599520907233E+004
    149  6.174781051991487E+001  2.929674704033828E+004
    150  2.080820598752478E+001  7.275835189262877E+003
    151  1.782066118882536E+002  1.031282580081435E+005
    152  9.224353419769281E+001  5.000619279782871E+004
    153  3.649611697598822E+001  1.335145052216954E+004
    154  5.625381324302421E+002  3.364115358510718E+005
    155  4.772061790701399E+001  2.430831030763500E+004
    156  3.170058799810745E+001  1.165496628971011E+004
    157  4.189643774435196E+001  1.987431414014472E+004
    158  4.791351311887091E+001  1.787560222851941E+004
    159  5.245964025235947E+000  2.429480414086369E+003
    160  7.293566646228710E+001  3.141113770241122E+004
    161  7.049744303187470E+001  2.625589526408048E+004
    162  5.385998514481519E+000  1.655317348827704E+003
    163  2.553304687317909E+002  1.481434167803818E+005
    164  2.994812371938050E+002  1.653123318274001E+005
    165  2.455672400224317E+002  1.426584946034651E+005
    166  4.121293703522674E+001  2.145748100932047E+004
    167  1.120316325642459E+001  4.042471996536206E+003
    168  2.239234792373194E+001  8.080975951511683E+003
    169  3.286288980150695E+001  1.324825623707923E+004
    170  5.296674032625668E+000  1.793556775558708E+003
    171  6.747444745047477E+000  2.353777669231336E+003
    172  2.236132495312178E+001  1.184172549662998E+004
    173  1.873411248252420E+001  9.256583550645833E+003
    174  2.567627649963269E+001  9.520644251094269E+003
    175  2.180144038124579E+000  7.102246960624417E+002
    176  1.062735628557454E+001  3.704645174929834E+003
    177  4.415313431369301E+001  2.294289224322015E+004
    178  8.746276453440337E-001  4.152791002924251E+001
    179  3.524004116919254E+000  1.043210657043193E+003
    180  3.171973425927228E+001  1.358790126273660E+004
    181  3.751427483830798E+000  1.263464128283980E+003
    182  1.319984498300762E+002  7.327464460271366E+004
    183  6.138979441119195E+001  2.332755713741038E+004
    184  3.821667287722437E+001  1.369483138420495E+004
    185  9.898621959445242E+001  5.022551143607198E+004
    186  7.284663540198193E+001  4.199780165432240E+004
    187  9.085034444162796E+000  3.110222571717413E+003
    188  7.421669604352307E+001  3.632202405115114E+004
    189  1.078999221377948E+001  4.034921324454889E+003
    190  3.755311553050181E+001  1.888244006316130E+004
    191  2.068432789038401E+001  7.621458168673777E+003
    192  3.207881742232487E+001  1.457736847584531E+004
    193  5.806632783799736E+001  3.059506526306918E+004
    194  1.113390368381359E+001  5.427133547704604E+003
    195  4.385086620383190E+001  1.866332192184113E+004
    196  3.385895546454822E+001  1.259261828506316E+004
    197  5.322514277988018E+001  2.406929878069091E+004
    198  5.603494891588966E+001  3.024139726710677E+004
    199  1.497120680349520E+002  5.728580006248707E+004
    200  2.677259650297312E+000  7.279254831892043E+002
    201  1.341292181886288E+001  5.655997217798210E+003
    202  4.258777435308298E+001  1.611274524019348E+004
    203  6.823587312617334E+000  3.392234229306052E+003
    204  1.734804127779676E+001  9.098414302858140E+003
    205  6.875403640611242E+001  2.574536256170431E+004
    206  2.581221617209451E+001  1.142606570656239E+004
    207  8.810304204655392E+001  3.383805703026889E+004
    208  2.192921137133900E+001  7.785745759554845E+003
    209  4.721124029757232E+001  2.016401428371291E+004
    210  2.991503017654426E+001  1.580825256244842E+004
    211  3.045151051880298E+001  1.405175025420921E+004
    212  5.339322454152840E+001  1.960840698459504E+004
    213  1.113817819229057E+001  5.818149764266833E+003
    214  1.534734364074842E+001  5.428120977062040E+003
    215  2.664221372780323E+001  9.732272501261679E+003
    216  4.284717709091796E+000  1.426889971335134E+003
    217  4.489294826575065E+001  1.845166987067987E+004
    218  3.028075760658423E+001  1.086840777581170E+004
    219  2.000467278105397E+001  6.950546177225056E+003
    220  3.346563598541906E+000  1.015797176548504E+003
    221  4.315246345470477E+001  1.611907544441814E+004
    222  2.801602006567483E+001  1.262667659567335E+004
    223  2.481904404492635E+001  1.211610570342425E+004
    224  1.998240653925987E+000  4.912746357344551E+002
    225  2.109562986870429E+000  5.345511595114307E+002
    226  1.871463683110986E+001  8.626234249338491E+003
    227  2.212664196703896E+000  5.823161918426290E+002
    228  1.269166602628644E+000  2.328605523076816E+002
    229  1.399506554731825E+002  5.209050779011571E+004
    230  6.285817882987629E+001  3.176444497110988E+004
    231  2.326264437164669E+001  8.207091928778345E+003
    232  1.566106538556477E+002  8.651092274151693E+004
    233  3.484164340349172E+001  1.738417019727360E+004
    234  7.931182202719180E+000  2.717334259452256E+003
    235  1.431414512043791E+000  3.294932462166105E+002
    236  5.928909210612343E+001  2.937898330727610E+004
    237  1.913253769474518E+001  6.974627219457378E+003
    238  1.806445324768244E+001  9.147668450371953E+003
    239  2.837218819072731E+001  1.104525753964915E+004
    240  2.163277064529898E+001  1.086556699700416E+004
    241  4.110376161516054E+001  1.944272166831782E+004
    242  9.100921618692370E+000  3.171428988537282E+003
    243  3.020653358923775E+000  1.004467761812762E+003
    244  1.896337088579784E+001  8.588486516932728E+003
    245  5.904274035570153E+001  2.854780933104660E+004
    246  3.313371818551400E+001  1.253367216599791E+004
    247  1.369852931101433E+001  6.980494296989749E+003
    248  2.457543395800138E+002  1.276813981837081E+005
    249  8.261255086701350E+001  3.695696436059960E+004
    250  4.588448436202965E+000  1.432342847239972E+003
    251  4.163895114310008E+001  1.720471227006348E+004
    252  1.407016961857221E+000  3.162885714209800E+002
    253  1.264545745883526E+002  6.040222952592676E+004
    254  3.115004088045978E+001  1.431992380124414E+004
    255  1.197407307158015E+002  4.457289373436882E+004
    256  1.560746577640826E+001  8.208473497341418E+003
    257  6.612741742911306E+000  2.290359999507620E+003
    258  1.151056890012935E+002  6.032796512797999E+004
    259  2.747827954060309E+001  1.450954953248868E+004
    260  6.025695214853158E+000  1.968814872110875E+003
    261  1.186121152497719E+001  4.465822265354243E+003
    262  1.920694282130022E+001  9.663621281338135E+003
    263  8.721894423131951E-001  1.196195600255454E+002
    264  4.180470087403124E+001  2.153480430700165E+004
    265  2.079034165767111E+000  6.827480595350648E+002
    266  1.209519454629638E+001  5.277493476458010E+003
    267  6.469707159432472E+000  2.514762379834729E+003
    268  2.272638329755067E+000  6.460033831101376E+002
    269  5.605491210748166E+000  1.974704886426309E+003
    270  1.201747529427773E+001  5.287698710256821E+003
    271  3.503520816332555E+000  1.210423406921856E+003
    272  4.135755957643617E+001  2.308955522082502E+004
    273  1.914017812908126E+001  9.121659354095224E+003
    274  3.818225392332997E+001  2.047606769721877E+004
    275  2.484255769515578E+001  8.741204283704692E+003
    276  6.856412007595709E+000  3.363130807862748E+003
    277  3.106228274061987E+000  1.045675997299174E+003
    278  6.439730982295496E+000  2.688058313512538E+003
    279  5.850217843371406E+001  2.690973096803396E+004
    280  2.822780659172825E+001  1.652283845304808E+004
    281  3.041165336616758E+001  1.273850683905096E+004
    282  5.397200838216315E+001  2.006419511989568E+004
    283  2.246500141505319E+001  1.087477864627750E+004
    284  2.158296470892502E+000  6.232553731072811E+002
    285  3.669168830185163E+001  1.635203349434064E+004
    286  1.282197461667586E+000  3.252878193756033E+002
    287  5.998239599350696E+000  2.470271008291126E+003
    288  3.705930295000883E+001  1.563221789969966E+004
    289  5.584105504228094E+001  2.272996330180044E+004
    290  2.643635709503020E+002  1.205715288106162E+005
    291  4.382271258119947E+002  2.074245887234683E+005
    292  8.043111779218754E+001  3.102745401999606E+004
    293  2.267940361029411E+002  1.298451266594719E+005
    294  1.038314452360744E+002  4.646308283258868E+004
    295  7.739128364392873E+001  2.704116103694773E+004
    296  1.046189029929901E+002  4.448996548193434E+004
    297  1.557420273619209E+002  6.356156298311643E+004
    298  8.285132395961691E+002  4.057313204312473E+005
    299  1.942893223607802E+002  8.554288362260308E+004
    300  7.989213066807722E+002  3.335534631999597E+005
    301  3.565854487355708E+002  1.333014208960190E+005
    302  2.492169779286737E+002  9.639851288637742E+004
    303  1.748060259741536E+002  7.778218413411612E+004
    304  1.576871718388742E+001  5.684512599482458E+003
    305  9.062583595128446E+000  3.254127008738822E+003
    306  9.790278398095046E+001  4.108793897339676E+004
    307  9.603658812868520E+000  3.336595406197215E+003
    308  3.170563720129006E+002  1.352252148728571E+005
    309  2.353679012495206E+001  8.652672273285729E+003
    310  6.390620970809442E+001  2.980088620872402E+004
    311  2.589014809069214E+001  1.058891448357662E+004
    312  3.665685849731318E+001  1.439911276759262E+004
    313  6.124220813182536E+000  2.017989308333559E+003
    314  1.123680662785469E+001  3.946909835384241E+003
    315  2.224950042363289E+000  7.159751342182871E+002
    316  2.155365330831770E+001  8.152709786550568E+003
    317  1.090349880778280E+001  3.889916046879049E+003
    318  5.374432914015652E+001  2.812722053951687E+004
    319  1.933586926670767E+001  8.378473419315093E+003
    320  3.812986154238047E+001  1.409816137626951E+004
    321  1.775768029442963E+001  8.080954952813508E+003
    322  5.357478544996646E+000  2.152801608036601E+003
    323  6.462924334384994E+000  2.191487689331294E+003
    324  1.681695749165711E+001  6.009623960196205E+003
    325  2.875280893355100E+001  1.106037392088724E+004
    326  7.668944861898299E+001  3.326521771718965E+004
    327  2.450587684422560E+001  9.364735493731747E+003
    328  2.307465749855405E+000  6.622951704944395E+002
    329  7.506386050351124E+001  3.510005555992345E+004
    330  1.725329556648032E+002  6.435771915348214E+004
    331  4.359434438324976E+001  1.625092071080724E+004
    332  4.478760718198612E+001  1.743056462296483E+004
    333  3.118541097054251E+001  1.536962645283297E+004
    334  1.041460470688312E+001  3.635080037778926E+003
    335  1.096926907913814E+002  4.707250014666599E+004
    336  2.044557953279890E+001  7.526220084978184E+003
    337  5.780858456081980E+000  2.154742199194324E+003
    338  2.143642544742982E+001  7.907426053912193E+003
    339  6.241022713279644E+000  2.152887391100815E+003
    340  2.206128281287345E+001  1.203480161948731E+004
    341  5.690376448104310E+001  2.788118733918268E+004
    342  1.836519900255733E+000  5.315979650906152E+002
    343  2.925257940268686E+001  1.464639350396678E+004
    344  1.161132167234100E+002  5.186761757227589E+004
    345  3.885278600444392E+000  1.872398040926097E+003
    346  1.591904947992956E+002  8.685225226418434E+004
    347  1.054694326151660E+002  3.935918200756947E+004
    348  6.163947560478008E+001  2.309426745826703E+004
    349  1.041690465930712E+001  4.898651423702416E+003
    350  1.651847474159538E+000  4.817928360052783E+002
    351  9.178046967042922E+000  4.328526045770979E+003
    352  2.722391277340295E+001  1.009465440031106E+004
    353  3.550122332831048E+000  1.363301114682147E+003
    354  2.496638329364060E+000  7.712067440389948E+002
    355  1.394064893421011E+001  6.650043550035684E+003
    356  6.621790380720219E+001  3.237040696316640E+004
    357  2.725896037277199E+001  1.015119211077135E+004
    358  3.125587288746271E+002  1.392095327947325E+005
    359  2.363334095440408E+001  1.231594602505122E+004
    360  1.047609960565268E+001  4.178031992244470E+003
    361  7.369216413926798E+000  2.637162699040070E+003
    362  1.327709686877746E+000  3.200660007771375E+002
    363  6.061420810450820E-001  5.970938385386412E+001
    364  1.241535792906057E+001  5.499415188770767E+003
    365  8.978162179384848E+000  4.306259731392413E+003
    366  2.305218870146979E+000  7.139997630508711E+002
    367  1.370405129280375E+001  6.892952849760859E+003
    368  1.979252763420467E+000  5.566251131066372E+002
    369  5.810753058812320E+000  2.999300805808753E+003
    370  3.264847439797069E+000  1.052118990630307E+003
    371  1.396406070584541E+000  3.701243320577057E+002
    372  1.331560636912575E+001  5.451512273636723E+003
    373  1.105383412382875E+000  2.888811641451401E+002
    374  4.325778937134885E+001  1.991574398484587E+004
    375  4.104939107070936E+000  1.632913051265847E+003
    376  3.274186167078668E+001  1.843543843584923E+004
    377  9.444277807212917E+000  3.858710072189875E+003
    378  1.010451596090629E+002  4.464806346037258E+004
    379  9.252261875877191E+001  3.555315478703361E+004
    380  7.344493110494922E+001  3.191397986023207E+004
    381  8.825933742114398E+001  4.235462436162485E+004
    382  1.781023224689750E+001  6.540159700622127E+003
    383  7.783199775068297E+001  3.385804058844065E+004
    384  1.395574207334294E+003  6.399785728644655E+005
    385  6.312851120914640E+001  2.377228802504240E+004
    386  2.454351854452238E+002  1.169752757166746E+005
    387  2.000879193332463E+002  8.620397490337436E+004
    388  5.302019907629363E-001  6.056964318121457E+001
    389  2.027830929290995E+001  7.389149057838405E+003
    390  1.006586148885079E+003  4.683888533682115E+005
    391  2.382562251175231E+002  9.955043334189900E+004
    392  8.692872868096104E+002  3.671040546697764E+005
    393  3.160418371070506E+002  1.794844034395619E+005
    394  1.850769901023909E+001  6.844950823706648E+003
    395  1.074878392129272E+002  5.597017026094002E+004
    396  8.616792412170572E+001  3.818900391663066E+004
    397  2.067697312780312E+001  9.693091442995026E+003
    398  1.450445354591301E+001  7.254162547892588E+003
    399  3.771112234761922E+001  1.854435289664643E+004
    400  5.489259662438971E+001  2.896067118479621E+004
    401  2.618862252391860E+001  9.596349648711001E+003
    402  2.338218685867781E+002  1.085822707506675E+005
    403  7.237627429355923E+001  2.773272316084549E+004
    404  4.064663570707641E+001  1.686032770723018E+004
    405  1.342589288994060E+002  5.577263866862920E+004
    406  4.663119539632641E-001  5.951303591892065E+001
    407  1.364133394427504E+002  7.339015026423527E+004
    408  1.080947327647867E+000  3.462983160311787E+002
    409  3.209189375496930E+001  1.510457654070193E+004
    410  4.453321753437990E+000  1.657463843751075E+003
    411  3.879494245503961E+001  1.801325496246850E+004
    412  6.647012075107108E-001  1.522451910488994E+002
    413  6.621476588567359E+001  2.837195262304911E+004
    414  4.226187076766005E+000  1.674614080211331E+003
    415  6.722623205990296E+001  3.016569844379801E+004
    416  3.237674222185105E+000  1.346252530376542E+003
    417  3.597516763804311E+001  1.389734776728944E+004
    418  1.982568909675601E+003  7.420346680715320E+005
    419  2.321534196010097E+002  1.245202946740718E+005
    420  5.799913891460458E+000  2.205872570781673E+003
    421  5.233542145869052E+001  2.351081392634347E+004
    422  3.254210238205367E+002  1.183605077860506E+005
    423  1.229955886342383E+002  5.871357722408598E+004
    424  1.193419964565407E+000  3.351711020028696E+002
    425  2.184231211190677E+002  9.006996522451339E+004
    426  5.444638323607126E+001  2.411103225773733E+004
    427  2.975481224242056E+002  1.268313097176706E+005
    428  9.627035360368300E-001  2.619161807642800E+002
    429  2.467231063155592E+000  8.755882625251371E+002
    430  1.494968008434656E+002  6.647230218870001E+004
    431  5.709878227398544E+001  2.620637001339209E+004
    432  8.343688949475588E+000  3.450463421372840E+003
    433  3.022810261760837E+001  1.328031804644465E+004
    434  1.202078173143721E+002  5.256989025963302E+004
    435  3.402031910016698E+000  1.238193403155860E+003
    436  4.549001928663818E+002  2.227272279247942E+005
    437  2.305097828848328E+000  9.000435270576533E+002
    438  1.841584974330957E+002  9.719186882015003E+004
    439  6.272261090079093E-001  1.424339331031230E+002
    440  5.521370368621233E+001  2.733534092467327E+004
    441  3.462322288734337E+000  1.149709249465143E+003
    442  1.491255544797976E+001  8.051255867523364E+003
    443  3.895191560303178E-001  3.728831680612917E+001
    444  1.265614753038364E+001  4.633838712000679E+003
    445  4.906652138925750E+001  2.372563220555241E+004
    446  5.321510373768535E+001  2.617885055074987E+004
    447  1.545709766262096E+000  4.897232199562862E+002
    448  6.144105744717842E+001  2.526657198059470E+004
    449  1.715031995170820E+001  6.634443109364421E+003
    450  1.223598385479125E+002  5.822236908002535E+004
    451  1.148663170684662E+001  4.678214419467726E+003
    452  4.054306372082848E+002  1.809670873797309E+005
    453  1.572838955901478E+002  8.051565926786514E+004
    454  3.794380582989837E+002  2.003681930376283E+005
    455  2.780541322798895E+001  1.308894108470905E+004
    456  1.725644517369278E+002  9.050940507138379E+004
    457  2.273539934005980E+000  7.504883368126125E+002
    458  1.574979140300861E+002  7.385168850346741E+004
    459  7.061768412369410E+001  2.926235427952377E+004
    460  7.274352395883334E+001  3.813565919187621E+004
    461  1.582869224928988E+000  4.978689706467874E+002
    462  8.691908781042582E+001  4.786367116350345E+004
    463  3.266022865699779E+000  1.092261980809716E+003
    464  9.285412699200496E+001  4.562299785498583E+004
    465  3.120573791766482E+000  1.060563421813587E+003
    466  1.124940780522225E+002  5.324175945939538E+004
    467  2.395638505875698E+001  1.083000259351602E+004
    468  5.569352887566231E+001  2.441810064334097E+004
    469  2.050498610252931E+000  6.413976181537463E+002
    470  4.224583949650075E+000  1.489651817534566E+003
    471  3.048034725847769E+000  1.044310609202654E+003
    472  5.215776865526200E+001  2.999076108342367E+004
    473  6.181552330690085E+000  2.614839659213318E+003
    474  1.779626419020354E+002  1.002161286800281E+005
    475  9.042347643437662E+001  3.593226775151378E+004
    476  2.658340069360842E+000  9.596409448427611E+002
    477  4.823302753171282E+001  2.388751130215074E+004
    478  5.034297990688286E+001  2.072004017521583E+004
    479  7.434274536500588E+001  4.306236460171923E+004
    480  2.239735356912656E+001  9.817760532838771E+003
    481  5.594096279946829E+000  1.891781031351007E+003
    482  3.929311185385544E+001  1.884851896211820E+004
    483  3.129667234422530E+001  1.552179753566861E+004
    484  3.550096384825759E+000  1.350814664483769E+003
    485  1.087064787526435E+002  5.209572804190411E+004
    486  1.331625089666947E+001  4.657573376421617E+003
    487  5.949715130572149E+001  3.059466933178171E+004
    488  1.617194308635390E+000  4.747910878323314E+002
    489  3.155985517808434E+001  1.661032591284245E+004
    490  7.382464899465285E-001  1.894680928727776E+002
    491  1.076683672340370E+002  4.164661080755999E+004
    492  4.344869987510434E+001  2.090461755324723E+004
    493  2.139361100380890E+001  7.989444212276928E+003
    494  2.545207130633259E+001  1.265491070106826E+004
    495  2.605424613922519E+001  1.320069475812437E+004
    496  7.892821495865994E-001  2.263147815048874E+002
    497  4.312943281565323E+001  2.079688097973888E+004
    498  2.641591184293607E+001  1.259872688202326E+004
    499  3.211476720270244E-001  2.250764254203437E+001
    500  2.336423034105996E+001  1.101819632306490E+004
    501  3.269008547254276E-001  2.587499663078259E+001
    502  8.623877400271422E+000  3.172000403853994E+003
    503  5.233685498733416E+001  2.945877480163893E+004
    504  5.869835182239181E+001  2.909588607285611E+004
    505  6.530243017510780E+001  3.181688225881867E+004
    506  9.748016582737452E-001  2.660348399123835E+002
    507  7.164100069079372E+001  3.849134665189399E+004
    508  1.592171467326435E+000  5.660804618147946E+002
    509  1.092082342240648E+000  3.825291316819841E+002
    510  4.966741488694269E+001  2.661915560738802E+004
    511  3.659486993170667E+000  1.489728714582617E+003
    512  4.789972283268076E+001  2.780663612036636E+004
    513  3.989926540663157E+000  1.661849026448304E+003
    514  1.989893419284362E+001  1.005776513959269E+004
    515  8.148390247318353E+000  3.384073179666292E+003
    516  1.233442383776846E+001  5.491749913943858E+003
    517  1.575880400154772E+001  7.973406165010150E+003
    518  4.587604251169596E+001  2.484356339517553E+004
    519  3.957679715758236E+001  2.056305012115324E+004
    520  8.177615560871082E-001  2.580821491240279E+002
    521  8.719349256457752E+000  3.129842842533160E+003
    522  2.598805435512620E+000  9.619262466808788E+002
    523  1.110871814441493E+001  5.976156349529709E+003
    524  6.042622161596413E+001  3.628479919295205E+004
    525  1.741684595502972E+001  6.954983521723526E+003
    526  4.950995549459670E+000  1.811536085278194E+003
    527  1.975770020381521E+001  1.175312225598124E+004
    528  7.344755902579117E+000  2.707436080832802E+003
    529  3.960606213792418E+000  1.399356718817832E+003
    530  1.277498669456336E+002  5.434201063315951E+004
    531  1.306066669736011E+002  5.445327926035286E+004
    532  1.766443342797506E+001  7.318157241172573E+003
    533  4.442299749910433E+001  1.738217377275643E+004
    534  1.359038984478515E+001  6.432329384738531E+003
    535  2.538354552627615E+002  1.492024596231743E+005
    536  1.207878030186596E+002  4.500126561079518E+004
    537  6.325093498487879E+002  3.683071312066644E+005
    538  7.543341931918485E+001  3.183495059832660E+004
    539  1.268156351633376E+003  5.848079809134592E+005
    540  2.386497048927230E+001  1.233176732554504E+004
    541  2.079954017090872E+001  9.066306989902270E+003
    542  9.139600289824321E+000  3.383416689288101E+003
    543  4.274027216065640E+001  1.936364197617723E+004
    544  4.922022142782212E+002  1.838116680014721E+005
    545  2.421315319606172E+001  1.108359444622733E+004
    546  6.949899180326267E+002  2.598314532892355E+005
    547  9.165502982887449E+003  3.437318427998086E+006
    548  1.061304624079477E+002  4.518563387142357E+004
    549  3.804497856345283E+002  1.428866559089457E+005
    550  4.162338141218654E+001  2.413635818118766E+004
    551  4.471857583152815E+002  1.678756570377589E+005
    552  3.198987598187929E+002  1.221455768629810E+005
    553  8.585241127509117E+001  3.962317570613630E+004
    554  3.486073728738582E+002  1.306726824249264E+005
    555  1.369749741444271E+001  5.119121428402846E+003
    556  7.409894498351257E-001  2.544642436458347E+002
    557  2.773558718248964E+001  1.329355304404457E+004
    558  5.495287751031626E+000  2.049247396394164E+003
    559  1.690622433826894E+001  9.545186682087673E+003
    560  2.071456123795113E+001  7.788726449028967E+003
    561  7.586418664144952E+000  2.824967326779880E+003
    562  1.166155356717660E+000  4.037572308427330E+002
    563  3.900373269139307E+002  1.907196060915752E+005
    564  2.824423431162829E+001  1.064243813912372E+004
    565  1.156505908548150E+001  4.353982199057550E+003
    566  5.268809576078155E+002  2.441761158529979E+005
    567  3.814812850303681E+000  1.416827575927882E+003
    568  2.862128356363698E+001  1.383166092419642E+004
    569  2.533018016370189E+000  9.232249576738009E+002
    570  3.823559323899080E+001  1.621760260648696E+004
    571  7.302999579444458E+000  2.738231624781006E+003
    572  5.873243112293851E+001  2.570309294042741E+004
    573  1.094636315519219E+001  4.100984277633595E+003
    574  2.628441496803800E+000  9.448065825099852E+002
    575  3.041007392766767E+001  1.596922439320705E+004
    576  3.277990487877290E+001  1.301087182025132E+004
    577  6.506651190619353E+000  2.378954472252187E+003
    578  1.948886733864163E+001  8.256758126579234E+003
    579  2.816736319149562E+000  1.036665077896356E+003
    580  3.531106269836125E+001  1.429248378208465E+004
    581  1.803255964307957E-001  4.445294049150187E+001
    582  4.065588008997551E+001  1.479221418477454E+004
    583  3.598253791594408E+000  1.304129945351174E+003
    584  5.399478866818376E+000  2.048681828327461E+003
    585  2.409528709397301E+001  1.022280949521711E+004
    586  6.439719137735063E-001  2.193045931993974E+002
    587  8.780323149098560E+000  4.255091329594151E+003
    588  9.705942233471131E+001  4.880866048746937E+004
    589  3.027267873922959E+000  1.101232142210288E+003
    590  7.955630557120172E-001  2.638594739515515E+002
    591  1.013101086076693E+000  3.627150501134041E+002
    592  7.119338000653104E+001  3.415221209674096E+004
    593  6.394861211711569E+001  3.067433614189358E+004
    594  4.855917419518762E+000  1.799251822079252E+003
    595  2.482706118653882E+000  8.974365086423663E+002
    596  2.799455160067489E+000  1.049203529766606E+003
    597  1.469697742238230E+001  6.188857125461092E+003
    598  9.101201936082479E-002  9.361971342376798E+000
    599  1.439733566366433E+001  7.736939316018305E+003
    600  9.134551544346360E+000  4.625861877481550E+003
    601  1.202675267796248E+000  4.435950633360080E+002
    602  2.870741169872375E+001  1.418558164905187E+004
    603  3.921861753169184E-001  1.393810480165343E+002
    604  9.962421151311139E+000  4.919952499755656E+003
    605  5.817093020170971E+000  2.145501545303333E+003
    606  2.473669155429646E-001  6.649767259027981E+001
    607  1.191823353610469E+001  5.328189192864858E+003
    608  1.672279830334049E+000  6.085949098271718E+002
    609  8.733708363059330E+000  4.161462657549568E+003
    610  3.421752842776084E+000  1.269359610486080E+003
    611  1.041146286423586E+001  4.318314319946883E+003
    612  1.338391137364075E-001  2.781680595614941E+001
    613  1.264696482032010E+001  6.917751872058328E+003
    614  4.139808342494908E-001  1.359880989496037E+002
    615  7.596898444721573E+000  4.148574371109825E+003
    616  3.870648016556250E+000  1.446678674863218E+003
    617  1.874198959718158E+001  8.898350416681280E+003
    618  2.048215636980635E+001  8.767749639985281E+003
    619  8.611264525645880E-001  3.050792367884812E+002
    620  8.973600414234023E-002  9.199187509569867E+000
    621  1.171367032256286E+001  5.367472934852845E+003
    622  2.984868554276056E+000  1.080656000730193E+003
    623  1.198946088335149E+001  5.230762364252131E+003
    624  3.242156093316815E+000  1.180643240056329E+003
    625  9.027153701743910E-001  3.127713968490484E+002
    626  5.354397377616973E+000  2.355792818150193E+003
    627  7.092384277974546E-001  2.447971846287570E+002
    628  1.268857775874822E-001  2.240497729422959E+001
    629  1.225873118384140E-001  2.455691851807994E+001
    630  5.268697077665239E+000  2.136785825748796E+003
    631  3.920636645849437E+000  1.695213505064628E+003
    632  9.226541991754903E+000  5.252721159824237E+003
    633  1.686029306498670E+000  5.990038666420051E+002
    634  1.281173496784904E+000  4.542034939387292E+002
    635  4.959331654764743E+000  1.991056732736389E+003
    636  3.857863807739659E+000  1.494208176247301E+003
    637  2.248160828285557E+000  1.037816008668038E+003
    638  2.064768806002630E-001  5.414132395748162E+001
    639  5.795086615067932E+000  2.774983916530530E+003
    640  8.143503035367479E-001  2.972075674045460E+002
    641  2.414332148636434E+000  8.971850549739302E+002
    642  7.222384038253923E-001  2.429464356745974E+002
    643  3.177553113696101E+000  1.585355073507774E+003
    644  4.671937240506100E-001  1.531744374288569E+002
    645  4.025466443621006E+000  1.945425976861814E+003
    646  1.987043688996435E+000  8.761084165937592E+002
    647  7.424031142766727E-002  3.688458256799859E+000
    648  6.935111193044177E-001  2.452130398217631E+002
    649  4.520475239295111E+000  2.298622722966345E+003
    650  8.122639093262425E+000  3.514946182398491E+003
    651  7.176288605326367E-001  2.450814938097981E+002
    652  8.165067809004607E-002  5.865363474621438E+000
    653  2.156933010697487E-001  6.081788232174500E+001
    654  8.180616974054740E+000  4.211338418310440E+003
    655  8.555291579796256E+000  3.711535874620719E+003
    656  2.597667978964950E+000  9.500892025171770E+002
    657  8.795355047029882E-001  3.056794679791923E+002
    658  1.338266119485600E+001  5.579377599154558E+003
    659  1.571627631214129E+001  7.718360063801910E+003
    660  6.796056344031970E-001  2.396255455414725E+002
    661  1.108696552490034E+001  5.454806657958164E+003
    662  3.871404057429524E-001  1.211600005520780E+002
    663  1.217790139322646E+001  6.354226711258128E+003
    664  4.967523480604061E-001  1.679924554089581E+002
    665  1.042952616771588E+000  3.663531414479926E+002
    666  2.381674068854755E+001  9.966736439979462E+003
    667  9.092431367016450E+000  3.827401312654011E+003
    668  7.131637523043609E-001  2.492799867729290E+002
    669  2.847861742326387E+001  1.226763164565645E+004
    670  1.709247996007147E+000  6.319824624922782E+002
    671  1.090229439063778E+001  4.453113467157404E+003
    672  3.620058174181798E+000  1.318705100846693E+003
    673  2.479863798310090E+001  9.794338059559894E+003
    674  4.219418816854556E+000  1.553473475433114E+003
    675  1.642126208319326E+001  5.965108125612792E+003
    676  1.008509425022061E+001  4.131318592807706E+003
    677  6.540138551178608E-001  2.184005493924368E+002
    678  1.303233940225569E+001  5.727159159437756E+003
    679  9.365307134357087E-001  3.276448085514368E+002
    680  1.839167313007590E+001  1.032681922030284E+004
    681  1.396027704626015E+001  6.126619155655593E+003
    682  2.242202439056011E+000  8.162484916903040E+002
    683  7.260907479588099E+000  3.575590713144129E+003
    684  1.852492156100521E+000  6.742825278448448E+002
    685  7.605569305185670E-001  2.639604036943310E+002
    686  2.015780258114611E+001  8.381361130776038E+003
    687  1.474531840677609E+001  7.258013141528311E+003
    688  3.868091393652572E-001  1.246094737008647E+002
    689  1.483404665580269E+001  6.779911684670216E+003
    690  1.537119227729615E+001  7.229834677370687E+003
    691  1.374286825342744E+001  7.177061701068556E+003
    692  1.533636709165096E-001  4.193389147425913E+001
    693  3.449337708773119E-001  1.101751803718880E+002
    694  2.543776019929298E+001  1.238033378660470E+004
    695  1.945523868311452E+000  7.167677696122895E+002
    696  5.470509232538111E-001  1.926248167012743E+002
    697  1.518262826501889E+001  7.184739998956645E+003
    698  4.715781322904702E+001  2.322323118405981E+004
    699  6.714942574235732E-001  2.309934080229517E+002
    700  1.060759515307513E+001  5.158315828667895E+003
    701  9.893515390146304E-002  1.450500878799040E+001
    702  1.173077244644706E+001  5.359843290369711E+003
    703  3.990884891672973E-001  1.249466392572936E+002
    704  1.273259756598470E-001  2.312058053427909E+001
    705  3.881910037773560E-001  1.255627461699100E+002
    706  1.470664757831572E+001  6.975986941535804E+003
    707  7.615466140782124E-001  2.605219347285976E+002
    708  2.025802522226986E+001  1.034142010976290E+004
    709  1.346216572390958E+000  4.855959388797433E+002
    710  5.372917630421403E+001  2.445930136468674E+004
    711  4.065481472436808E-001  1.355643156694093E+002
    712  1.877488218452240E+001  1.026043080347348E+004
    713  2.648149373362216E+000  9.786708952069554E+002
    714  6.099895613807925E-001  2.024907646261917E+002
    715  5.538431170593956E-001  1.846405642414719E+002
    716  3.343023365006804E+001  1.572695270072686E+004
    717  2.164261614103766E+001  1.052295321399025E+004
    718  9.487542041069670E-002  1.595010890116004E+001
    719  7.241094558913448E+000  3.777324596536746E+003
    720  1.645188201051749E-001  3.895563212433080E+001
    721  1.827370706918832E+001  7.992228725356031E+003
    722  5.852113388528960E-001  2.145162845025777E+002
    723  1.273067722660949E-001  3.706246643574354E+001
    724  1.010528277624341E+001  5.197821534489614E+003
    725  3.879413875786062E+001  2.149635384763856E+004
    726  2.067101522889827E-001  5.734870887474765E+001
    727  1.275286179310019E+001  6.804828163033270E+003
    728  3.012108354444230E-001  9.187120015381218E+001
    729  2.214211812113065E-001  6.124263323491726E+001
    730  9.560324067152157E+000  4.347031587002856E+003
    731  5.034390561481580E+000  2.716928467359462E+003
    732  6.837958808284563E-001  2.314930749221340E+002
    733  7.812742449101314E+000  3.638012767639726E+003
    734  9.320573711989816E-002  1.425710733204210E+001
    735  2.209518684149206E-001  7.493928975850734E+001
    736  1.196680928109529E-001  2.320717799715099E+001
    737  2.004932593051191E+000  9.525707152893469E+002
    738  7.664510063709576E+000  3.481135641559836E+003
    739  4.025634310268099E-001  1.438549129505936E+002
    740  1.449397348920223E-001  4.092850927385009E+001
    741  1.266369858261128E+001  7.353095043308948E+003
    742  7.015607259945947E+000  3.472017975782283E+003
    743  7.700383941717741E-002  9.005718297700493E+000
    744  1.220030270771460E+000  4.311540168383331E+002
    745  1.541326355181793E+001  7.379075031288477E+003
    746  1.199877777637840E+001  4.834998556197318E+003
    747  2.601610120218160E-001  8.218396590948306E+001
    748  6.158672632675027E+000  2.723532887046206E+003
    749  2.034935213023599E+001  9.221099867807436E+003
    750  1.829544702744926E-001  4.685953986872185E+001
    751  6.706625927680702E+000  2.841330462841934E+003
    752  8.008089781369257E-002  9.209397440103514E+000
    753  1.472938186873113E-001  3.585902295699981E+001
    754  5.325470669253707E-001  2.025293491780646E+002
    755  6.209639293795305E+000  3.036528607116321E+003
    756  3.789207582633732E+000  1.920123802790235E+003
    757  8.508824618026448E+000  3.614966572076093E+003
    758  5.871976382727533E-001  1.959567918330148E+002
    759  8.809666157477423E-002  1.327235705025201E+001
    760  9.048935567860136E+000  4.275286445602138E+003
    761  4.088158193209006E-001  1.289634896714516E+002
    762  6.333515980831194E+001  2.947669685708546E+004
    763  2.430973259334229E+001  1.161208849790102E+004
    764  3.885899208635634E-001  1.270361573636785E+002
    765  2.085886623376286E+001  1.187773813316241E+004
    766  2.940777023412780E-001  9.873475928787450E+001
    767  4.929258487404612E-001  1.666362364379423E+002
    768  3.165574147047417E+001  1.463629717607352E+004
    769  1.688048170450493E+001  7.978192837354573E+003
    770  6.874885704716455E-001  2.326926768930802E+002
    771  1.963067891887756E+001  9.631709325450813E+003
    772  2.381953916678163E+001  1.156789613688832E+004
    773  9.211814388493311E-002  1.399087260301539E+001
    774  1.435859048795721E+001  5.784214508337082E+003
    775  9.845348033154103E-002  2.086886739587858E+001
    776  2.451262383218910E-001  7.618542504791095E+001
    777  4.641957997288352E+001  2.444727565586316E+004
    778  3.071551648959272E+001  1.643177899711447E+004
    779  2.132847279000186E-001  6.081684961293096E+001
    780  1.026410515318923E+001  4.672837498448619E+003
    781  7.886126717911950E-001  2.763230713350582E+002
    782  9.470535490193777E-001  3.343674285306828E+002
    783  3.955800710807527E+001  2.109052027430368E+004
    784  1.380914788463074E+001  7.404898896155558E+003
    785  6.999533754456536E+001  3.482629730847882E+004
    786  5.089339129507605E-001  1.705840993305083E+002
    787  1.456476285602551E+000  5.388162417871752E+002
    788  1.919910596136210E-001  5.178352630344049E+001
    789  9.769482423691148E+000  4.899995897549573E+003
    790  1.069253264865525E+000  3.881153408272102E+002
    791  1.432703318072343E+001  7.894224974527770E+003
    792  5.042930253796770E-001  1.796920830451841E+002
    793  5.257404473364004E+000  2.800513686488284E+003
    794  6.739046837773541E-001  2.351536267532931E+002
    795  8.859936155029496E+000  5.177661288104678E+003
    796  3.059076317505534E+000  1.483597544650762E+003
    797  1.030713811276469E+001  4.857229895520439E+003
    798  1.668327137999122E-001  5.374256079069400E+001
    799  9.205052654945064E+000  4.271545561243308E+003
    800  1.593835320664528E+000  5.970372299539954E+002
    801  9.548413409460782E-002  1.741799346187123E+001
    802  1.144409711764159E+001  5.867432388480153E+003
    803  8.368761125435988E+000  4.201401249943746E+003
    804  8.751924864569828E-001  3.115048499242880E+002
    805  2.770084292912365E-001  8.677450665464806E+001
    806  6.913728526803055E-002  5.695481548486320E+000
    807  6.772469974369296E+000  3.597239566138844E+003
    808  9.497843821996467E+000  4.513124701113356E+003
    809  5.666497107254331E-001  1.909477964922839E+002
    810  2.394019637156699E+001  1.391647507733390E+004
    811  1.520949206452414E-001  3.863898057084338E+001
    812  7.118286040692392E+000  3.685806078918014E+003
    813  2.344066785483943E+001  1.375108177059492E+004
    814  1.373699968406089E-001  3.083171685311142E+001
    815  8.490571686304401E-001  3.183223757759420E+002
    816  3.379850824544707E+001  1.803135167387890E+004
    817  1.269098614803636E+001  7.362889477087700E+003
    818  2.507425606581552E-001  8.070181761485229E+001
    819  1.406565340103530E-001  3.959163851726009E+001
    820  5.059018248524006E+000  2.453981154211125E+003
    821  7.229504463608654E+000  3.602504000047364E+003
    822  1.286337880607826E+001  5.406074005795230E+003
    823  6.533894730406907E-002  5.448299782112099E+000
    824  5.587961412995796E+000  3.012891957486676E+003
    825  1.024785251428461E+001  5.336314328419053E+003
    826  1.952511852049757E+001  9.460375238008148E+003
    827  4.212897043952625E+000  2.059999125421130E+003
    828  4.078158729218876E-001  1.384964793787149E+002
    829  1.572217701318021E+001  6.108241904351526E+003
    830  4.280973689367042E-001  1.575514205010670E+002
    831  5.930398758084650E+000  2.679201885306579E+003
    832  9.392438085586120E+000  4.500299812549337E+003
    833  6.966995422469444E-002  7.681700475608308E+000
    834  1.456512621942678E-001  3.693947198240090E+001
    835  1.127343443088828E+001  4.740029293095776E+003
    836  3.778141460389544E+001  1.614673577198177E+004
    837  4.579277913724975E-001  1.872636379294140E+002
    838  1.776085504515524E+001  8.328835755500126E+003
    839  1.992515731335550E-001  5.618715954295439E+001
    840  8.455999722289709E-002  1.445250161929257E+001
    841  1.009681498705290E-001  1.962135181176352E+001
    842  1.440165782559731E+001  7.977744953141396E+003
    843  9.094791818405623E+000  3.882142499099468E+003
    844  1.131446560461430E+001  5.715960330506286E+003
    845  7.898198012805486E-001  2.905755354736214E+002
    846  6.888568263215595E-001  2.374704145840348E+002
    847  1.141951366245208E+001  5.750152545638583E+003
    848  1.327294952884754E+001  6.778357630817195E+003
    849  6.109031678434461E-001  2.112651596988279E+002
    850  6.885950733467799E-002  6.626516394988026E+000
    851  5.412029476885849E+000  2.657730487503362E+003
    852  5.945299984715128E-001  2.170220147887798E+002
    853  2.813148257237407E+000  1.460040331548171E+003
    854  9.773155592651595E+000  5.278464899736767E+003
    855  5.241010828783194E+000  2.855455181759924E+003
    856  1.709055548965430E-001  5.675744105801144E+001
    857  1.347214018603324E-001  3.781889929300242E+001
    858  6.387586028311167E+000  3.583236674786539E+003
    859  3.729170853214568E-001  1.331910890044515E+002
    860  4.390540025983990E+000  2.395062129067688E+003
    861  1.409984394067458E-001  4.221200414607492E+001
    862  6.977466354096029E-001  2.419952772085442E+002
    863  4.968407838444119E+000  2.847138668172911E+003
    864  7.499228966897517E-002  1.181607944934594E+001
    865  5.811457182663307E+000  3.016147598918634E+003
    866  9.172404635008249E+000  5.141874278852498E+003
    867  1.622312437693399E-001  5.047710246491223E+001
    868  1.245823981985743E+001  6.198982959881439E+003
    869  1.055684468813044E-001  2.146795071735347E+001
    870  3.086615103748890E+001  1.662686359642502E+004
    871  7.025666476846659E+000  3.191450459638320E+003
    872  7.388857217755194E-002  1.240315408908105E+001
    873  8.086668048105979E+000  3.761369475992957E+003
    874  1.155648867643675E-001  2.998759013858738E+001
    875  4.869981688914283E+001  2.145817342820236E+004
    876  1.336832092780799E-001  3.518619338710189E+001
    877  1.067181955859234E+001  5.519991211141448E+003
    878  2.013903521926547E-001  5.602210723230104E+001
    879  3.848510326729683E+000  1.708507622067744E+003
    880  2.549013135457436E+000  1.272252984061217E+003
    881  5.422932060455341E-002  3.520520098576535E+000
    882  1.897937271824481E-001  5.811580828936176E+001
    883  3.508293674632342E+000  1.584806016216128E+003
    884  2.268583914729284E+000  1.170222047899000E+003
    885  5.674389462982889E-002  3.687262434996315E+000
    886  8.826698926545850E+000  4.725582449108419E+003
    887  9.694363361691456E+000  4.433329178284527E+003
    888  2.300264446869682E-001  6.865305363016280E+001
    889  7.728941404411369E-002  1.338169628900873E+001
    890  2.264238989017310E+001  1.134140167469848E+004
    891  8.605083204112730E-002  2.186414406667648E+001
    892  1.467955789227668E+001  6.682708098355933E+003
    893  5.406328703702399E-001  1.842217833045596E+002
    894  9.528830495305225E+000  4.073483578454832E+003
    895  1.376885238443622E+001  7.930248568601186E+003
    896  2.166849847226536E+000  9.388221587342554E+002
    897  2.398749006276962E+001  1.249470496193077E+004
    898  2.289776108966300E+001  1.056750737002247E+004
    899  3.499547994677318E+000  1.307377380247754E+003
    900  1.810568382112915E-001  5.480656669434916E+001
    901  3.623799428502392E-001  1.169618005374069E+002
    902  1.452708906576420E+001  7.975243749670663E+003
    903  4.286692717359759E+000  1.892215905998173E+003
    904  8.831715300168357E-002  1.934789128565824E+001
    905  1.868095024969838E+001  9.369913338166942E+003
    906  1.371625603685237E-001  4.002900042147768E+001
    907  1.098512598938056E+001  5.652039501719238E+003
    908  3.906835833304430E-001  1.280855986839825E+002
    909  1.786390483588011E+001  9.079379479927111E+003
    910  1.803438902346011E+000  6.533043747938673E+002
    911  3.100262086244826E+001  1.539300323386419E+004
    912  1.382936695205974E-001  3.733128047092000E+001
    913  1.780981343510610E+000  9.169398609630890E+002
    914  6.990876092195242E-002  1.053123620145476E+001
    915  7.150270986521550E-001  2.667750071744964E+002
    916  5.982667034714899E+000  2.425523750648551E+003
    917  6.490328970851710E+000  3.319642489345921E+003
    918  1.412522245111502E+001  7.661324697981829E+003
    919  7.707856702020341E+000  3.656401802066726E+003
    920  3.370011541409641E-001  1.104800303853597E+002
    921  8.244033199921143E+000  3.457115863183949E+003
    922  1.036073573188440E+000  3.922300482166101E+002
    923  9.326395835290457E-001  3.460916477430862E+002
    924  1.810037542004434E+001  9.246333645426444E+003
    925  2.098258607908827E-001  6.219137297409279E+001
    926  5.681537378107673E+001  2.695703018686617E+004
    927  1.045139471472980E+000  3.785792012163226E+002
    928  3.574658225071821E+001  1.746338918845488E+004
    929  2.382484732238381E+001  1.281587142356201E+004
    930  2.052421716587688E+001  1.170429767164099E+004
    931  4.515169098279807E-001  1.549401813995022E+002
    932  3.129774282805825E+000  1.435242555308326E+003
    933  3.750320898385656E-001  1.323633519154220E+002
    934  1.281195379124848E+001  7.108406535430212E+003
    935  2.579431355851801E-001  7.844673634464654E+001
    936  2.814973107841578E-001  1.192814152716511E+002
    937  2.213183569632043E+001  1.182319866981052E+004
    938  9.812485728687875E+000  4.875865874790115E+003
    939  3.052378320757226E-001  9.845971925437151E+001
    940  9.275079040853793E+000  4.587700121834559E+003
    941  1.637564578345564E-001  5.396794065845085E+001
    942  4.636766918047011E+000  2.595841410023351E+003
    943  3.347778390622216E+000  1.609950754427363E+003
    944  9.611179805223403E+000  4.633097953345501E+003
    945  4.999247385127793E+000  2.448561525140278E+003
    946  1.114692441667589E-001  2.793822091009807E+001
    947  1.472242962340171E+001  7.368061084521391E+003
    948  8.135751014779759E+000  4.175462471894042E+003
    949  5.701923019946524E-001  2.060832500258932E+002
    950  7.010890268151828E+000  3.267349610615617E+003
    951  2.988694758665403E-001  1.078694044336215E+002
    952  1.710794882361883E+001  9.121565716052397E+003
    953  6.496305486837595E-001  2.722532556866860E+002
    954  2.861678178291898E+001  1.605878190404930E+004
    955  8.513237333775963E+000  5.094525396083845E+003
    956  1.387519531463313E-001  5.611245084173274E+001
    957  3.642117832364853E-001  1.218410181401243E+002
    958  7.522866932370832E+000  4.315152059430548E+003
    959  1.497121452472890E-001  4.709187562870786E+001
    960  1.003484271809133E+001  5.311692595205886E+003
    961  2.891748477269535E-001  9.549276641942025E+001
    962  5.409981388917977E+000  2.787612425346344E+003
    963  9.923607268322899E-001  3.572621264507744E+002
    964  1.235524014081701E+001  6.856803257690058E+003
    965  6.993366468697537E-002  1.540904371018991E+001
    966  3.918375693531841E+001  1.907723016478914E+004
    967  2.655085739452544E+001  9.720028576046088E+003
    968  1.415819623913363E+001  5.741560251435054E+003
    969  9.175600282329742E-002  2.097014589717017E+001
    970  2.560122515003737E+001  1.325078963160445E+004
    971  1.041319535103392E-001  2.860826876751833E+001
    972  8.095619236116853E+000  4.163332905789820E+003
    973  3.097128773507339E+001  1.416569461759104E+004
    974  1.822424361679000E-001  5.470330215108871E+001
    975  7.681597415185265E+000  3.012071799175224E+003
    976  1.441637947842236E+001  6.457745979010261E+003
    977  3.376059214622803E+000  1.570097948502700E+003
    978  5.059478377508408E-001  2.111451281739259E+002
    979  5.035494661447250E+000  2.737959430760579E+003
    980  2.047704726428003E-001  6.768191506685002E+001
    981  1.983971475768556E+001  1.086809071216868E+004
    982  5.658200676985893E-001  2.171548934480659E+002
    983  4.604969200278722E+000  2.362006980960517E+003
    984  7.716974300365703E+000  3.251038647680617E+003
    985  3.933792171491643E-001  1.482851991082727E+002
    986  7.108928434253516E+000  3.215334900469999E+003
    987  2.791268514803446E-001  8.857698346054724E+001
    988  2.880892624049179E+000  1.428987304244699E+003
    989  1.435254845539478E+001  8.149761010272505E+003
    990  4.909641449013077E-001  1.664104150758306E+002
    991  4.792361142226022E+001  2.566679993483123E+004
    992  2.794166024444616E+001  1.305793211393576E+004
    993  1.618528421520703E-001  5.614891808879135E+001
    994  8.114596893970804E-001  2.819943853592897E+002
    995  5.121222418277616E+000  2.305414984807192E+003
    996  1.114199219387240E-001  3.911358782170635E+001
    997  1.492073501340602E+001  8.411025884800556E+003
    998  4.818526771448287E+001  2.406699010816768E+004
    999  1.682142949126392E-001  6.828244118544229E+001
   1000  1.567456592222788E+001  8.170168580307306E+003
   1001  3.975157966607057E+001  2.118721225116552E+004
   1002  5.951158816135429E-001  2.470398470861265E+002
   1003  2.271770133258180E-001  7.458023292968643E+001
   1004  8.070869175355069E-001  2.880363817406327E+002
   1005  2.143667627660510E+001  8.974437555387578E+003
   1006  2.415791952152741E+001  1.345658156250348E+004
   1007  8.358353668280573E-002  2.520228476246842E+001
   1008  1.415343417544145E+001  7.481015762437449E+003
   1009  1.864149801751047E+001  8.654049185108051E+003
   1010  4.337749490737270E-001  1.584774647287257E+002
   1011  1.222634522322939E+001  6.028590238058555E+003
   1012  2.934963848656863E-001  9.523718828641377E+001
   1013  1.526679332982819E+001  6.503326656037328E+003
   1014  2.714938109460570E+000  1.303616382593102E+003
   1015  8.959295458474489E-002  3.059258026909960E+001
   1016  2.244724348389477E+001  1.129898439881093E+004
   1017  5.760326928756273E-001  1.979980013058934E+002
   1018  2.506989812635710E+001  1.131551540107020E+004
   1019  6.139892167829861E-002  9.539745102077321E+000
   1020  2.992384626510004E+001  1.382879718987730E+004
   1021  7.152795889043120E+000  3.701325583103897E+003
   1022  2.364511907359378E+001  1.198270449199799E+004
   1023  1.984180375071693E-001  5.760043486523836E+001
   1024  3.332542367843097E+001  1.909283876511507E+004
   1025  2.324058507546437E-001  7.836826549270931E+001
   1026  4.010106912419997E+001  1.742518515420719E+004
   1027  2.327881363862050E+001  1.168123074802082E+004
   1028  1.042841692742559E+000  3.735765964872417E+002
   1029  2.571384530768304E+001  1.230849354015002E+004
   1030  5.953977266343211E-002  1.111362323546199E+001
   1031  2.158382063386863E+001  1.109748484054148E+004
   1032  2.736157341036800E+001  1.089785992372594E+004
   1033  3.043687379890596E+001  1.352072811312795E+004
   1034  2.403386396348107E+001  9.633351079338798E+003
   1035  4.324985427332776E-001  1.490792662333017E+002
   1036  6.307421221167910E+001  2.509909009778622E+004
   1037  1.093328299282225E-001  2.742582274965550E+001
   1038  1.629102727665075E+002  6.263844245382648E+004
   1039  2.530568008439965E+002  1.034379888179217E+005
   1040  1.168441851294261E+000  4.518833591884396E+002
   1041  2.719399844416165E+002  1.032101776220757E+005
   1042  8.447296486559206E+001  4.505693885221676E+004
   1043  5.182071642967481E-001  1.804822296960973E+002
   1044  1.500835401805185E+002  7.339501995028429E+004
   1045  5.811164617757980E+002  2.280421443475795E+005
   1046  2.126878180958999E+000  8.362829061699121E+002
   1047  1.551177481496439E+002  6.385798423495355E+004
   1048  3.411527897481085E+002  1.489026105081299E+005
   1049  2.235803638952628E-001  9.095434486079216E+001
   1050  2.121824589857293E+002  8.508008006299978E+004
   1051  3.979634953108160E-001  1.446082897833002E+002
   1052  2.346522644764690E+002  1.165616938693626E+005
   1053  1.129393567745441E+002  5.294185922045540E+004
   1054  4.734025997143664E-001  1.663275450617413E+002
   1055  8.263211050346096E+001  4.214092217585697E+004
   1056  1.162355068601059E+000  5.081466131515634E+002
   1057  9.233544238392744E+001  4.072944153796764E+004
   1058  4.023441387903894E+002  1.710596631438497E+005
   1059  1.677440101752169E-001  5.836015369413673E+001
   1060  5.007313744943737E+002  2.406660214838331E+005
   1061  6.922133605647490E+001  2.986727712300967E+004
   1062  9.165740403824159E+001  4.150513434675519E+004
   1063  2.126202145926917E+000  8.040576764720221E+002
   1064  1.609828496215935E+002  6.589413468759647E+004
   1065  1.348752300350647E+000  4.868967628758126E+002
   1066  2.598734827333744E+002  1.214731901416996E+005
   1067  1.428488349835974E+002  7.298012456494391E+004
   1068  2.343162883813110E+000  8.392024575858113E+002
   1069  1.417061211624338E+002  7.362873361826481E+004
   1070  9.577758628432001E+002  5.566860229665431E+005
   1071  2.110646658064404E+002  9.818378448492796E+004
   1072  3.032156249094658E+002  1.290751645387690E+005
   1073  1.799206109554916E-001  7.030878842722026E+001
   1074  3.391547762098377E+002  1.859876847847642E+005
   1075  9.110838717990146E+001  3.410060740937063E+004
   1076  4.540564811020788E+000  2.600072171056888E+003
   1077  1.629288894027716E+000  8.820198479656556E+002
