# dt =   1.000000000000000E-005
# j, New nj, Rate of change (1/s)
      1  1.208763960142302E+001  1.221299815259704E+005
      2  3.986454572466068E+002  4.860295480158719E+006
      3  1.500504558387666E+001  1.202801298681098E+005
      4  3.791010905792813E+001  2.795151074149094E+005
      5  8.496080597642305E+001  6.276675970773461E+005
      6  1.134888573898610E+001  7.722676814975408E+004
      7  8.177149855064988E+002  6.135089266848210E+006
      8  4.172123498314795E+002  3.112300130871952E+006
      9  1.562723490324587E+002  1.627950764874497E+006
     10  2.175749524384058E+002  1.420007040733472E+006
     11  4.400744540506552E+001  3.199448120281388E+005
     12  4.199537378369831E+001  3.257932568077784E+005
     13  3.397318190018554E+000  1.545638547688016E+004
     14  1.819437226740117E+001  1.299591198316604E+005
     15  3.124863525887977E+000  1.333361806519919E+004
     16  8.892831170592989E+001  9.813479257860103E+005
     17  3.181143842729867E+001  2.442520844981568E+005
     18  1.411985956493523E+002  1.049799459269155E+006
     19  2.874827894536601E+000  1.063413426800360E+004
     20  3.982201518335264E+001  2.760826801140720E+005
     21  7.408362337677322E+000  4.214290368127904E+004
     22  3.058925331469512E+001  2.802575540237744E+005
     23  4.239668548251424E+002  3.199816350143408E+006
     24  3.211875989505435E+002  2.401199764651438E+006
     25  2.623473450228853E+000  1.038558940149874E+004
     26  3.648634151965437E+000  2.440465297438470E+004
     27  7.097661533345678E+002  7.251348789573341E+006
     28  1.474375254861860E+001  1.211891345977379E+005
     29  1.732412264451362E+002  1.643831370573927E+006
     30  6.556752066570990E+000  3.720939645131650E+004
     31  7.943791805745082E+001  6.092353810406317E+005
     32  3.627310012368854E+001  3.396530292314822E+005
     33  2.139206318983997E+001  1.535031977735730E+005
     34  1.092721022939046E+001  7.102702900095757E+004
     35  1.987165050778834E+002  1.877190240606342E+006
     36  2.833587507158568E+001  1.788338354741464E+005
     37  9.242286232855710E+001  8.928235028983577E+005
     38  3.180156423515058E+002  2.480630563914112E+006
     39  3.675644486112040E+001  3.328336359714426E+005
     40  9.593145005163579E+001  9.485963595614969E+005
     41  6.418058276731136E+001  6.448239944069623E+005
     42  3.137183366737043E+001  2.678619211841209E+005
     43  1.603645447671591E+001  1.271066139555684E+005
     44  9.000090107710523E+001  9.037700849053659E+005
     45  3.162674023994574E+001  3.326772613952947E+005
     46  1.704880757266118E+001  1.309528808167504E+005
     47  1.247515973807979E+000  1.556244137629907E+003
     48  4.065335829292814E+001  3.217867066320481E+005
     49  1.172989464534272E+001  8.879443071391998E+004
     50  6.937799799217197E+000  6.417881551048512E+004
     51  8.707459387443505E+001  1.102076223238450E+006
     52  9.208873575517485E+000  1.006652002505642E+005
     53  8.681509001680253E+000  5.758891790235152E+004
     54  7.778447049262221E+001  6.700199038613957E+005
     55  1.279054152709056E+002  1.105245021210718E+006
     56  1.326675226053176E+000  2.291439932267293E+003
     57  8.749258068989937E+001  7.406182923544393E+005
     58  1.040694888904061E+002  7.902787326067132E+005
     59  2.178980445547703E+000  1.047678027035086E+004
     60  2.347975397557449E+002  2.237062492943293E+006
     61  5.368921252393044E+000  2.689077917826327E+004
     62  8.091673907929428E+000  6.584276425224908E+004
     63  4.441942728137099E+000  3.563589609523548E+004
     64  1.713348535197156E+002  1.361854461308087E+006
     65  1.641413225197939E+003  1.450769645315529E+007
     66  2.501912001324947E+001  1.878362447557219E+005
     67  2.077741471125687E+002  1.781217673657360E+006
     68  6.071823533792934E+000  4.319095213014831E+004
     69  1.406061007978037E+001  1.329557360229610E+005
     70  3.455910615987797E+002  3.170841317836316E+006
     71  4.459984518121478E+002  3.853116026999468E+006
     72  5.781673062339468E+000  2.859124408334955E+004
     73  7.205890042119715E+001  6.801179195829021E+005
     74  2.097363590728311E+001  1.666538079447884E+005
     75  3.735621856928657E+000  2.047688302548043E+004
     76  4.181539761540243E+000  2.471732607242223E+004
     77  8.319303033849401E+000  5.950298558679759E+004
     78  9.793482330042604E+000  7.039241718941092E+004
     79  3.785909561934979E+001  4.208082530666373E+005
     80  1.766037487920953E+002  1.695411337225874E+006
     81  1.297550447164235E+001  1.136805204115591E+005
     82  2.053046275687908E+001  1.870415333424990E+005
     83  6.826255379316479E+000  6.048868380927211E+004
     84  4.977711819407071E+000  3.293260113345952E+004
     85  4.746150937959875E+001  3.288675559362504E+005
     86  2.976253852872241E+002  2.810740761305183E+006
     87  3.433713386639608E+000  2.352882530434820E+004
     88  3.292038234425705E+000  2.033180622377133E+004
     89  2.725842945987021E+001  2.352965337610792E+005
     90  3.917847637003418E+002  3.749256501315076E+006
     91  1.038775404378905E+002  1.051006608229728E+006
     92  5.878281307649240E+001  5.333459884279178E+005
     93  1.411750488613718E+001  1.275587236542318E+005
     94  6.985689099048159E+001  6.605784057641475E+005
     95  3.153119142834016E+001  2.259302769625106E+005
     96  8.238991020670333E+000  5.093831255905728E+004
     97  4.459533991774550E+001  4.754097072722128E+005
     98  5.908467326839087E+001  6.314044761878944E+005
     99  3.816852985082645E+000  2.881318192235785E+004
    100  1.099983132482857E+002  1.239293400526558E+006
    101  1.826002685559143E+001  1.416878242259842E+005
    102  3.875044253972815E+001  3.877673977579970E+005
    103  5.034482968273022E+002  5.208588509936214E+006
    104  5.650471269204575E+000  3.836897992628392E+004
    105  4.824992916332074E+001  5.766424326326278E+005
    106  1.830011592391322E+001  1.370203852739825E+005
    107  2.830600998782833E+000  1.678249272032438E+004
    108  6.013421248848196E+001  4.207370403519298E+005
    109  1.077788525826367E+001  7.487377348795008E+004
    110  4.341692437159990E+001  4.368031469666163E+005
    111  1.801688238191525E+001  1.269199886241481E+005
    112  1.059391405698942E+001  9.221402384737159E+004
    113  1.283577233891083E+001  1.161131832420998E+005
    114  1.731605155380380E+002  1.273147671013683E+006
    115  4.869093008438063E+001  4.924113226936323E+005
    116  1.010951510757655E+001  7.580117295041207E+004
    117  2.509726337231475E+001  2.102571560530684E+005
    118  4.301728857193065E+000  3.062496300345720E+004
    119  8.539071063479808E+000  7.778606991757995E+004
    120  4.596639694865465E+001  4.767175748462704E+005
    121  9.154515905562738E+000  6.318832282472362E+004
    122  1.336982712236953E+000  3.703469677330040E+003
    123  3.466674427347753E+000  2.188091817713362E+004
    124  1.047968405337206E+000  1.345455950416682E+003
    125  3.525472274025957E+001  3.119341472933723E+005
    126  2.203790312330958E+001  2.192557142724376E+005
    127  6.788641894762943E+000  6.213465322635785E+004
    128  2.204471836489700E+001  2.533698549874937E+005
    129  1.074565464526089E+000  1.849650515535706E+003
    130  5.189389786362548E+000  5.268422722304257E+004
    131  1.991266227069217E+001  1.402451595369656E+005
    132  3.872106215964024E+000  2.495331605197405E+004
    133  1.676491000741245E+001  1.144868642002259E+005
    134  1.267624068165582E+001  8.219073813382091E+004
    135  1.118043600978394E+001  1.088251825519062E+005
    136  1.381829838034782E+001  1.516109783825169E+005
    137  9.594777291809333E+000  7.486552861611726E+004
    138  1.498839608769354E+001  1.215602861356128E+005
    139  1.333755601350526E+001  1.386030053116911E+005
    140  1.000464288293276E+001  9.666385220439018E+004
    141  4.811521816673844E+000  3.645744272878739E+004
    142  5.048786993522351E+001  3.783412177123781E+005
    143  1.841661028016870E+001  1.432510902469672E+005
    144  3.168461782034849E+001  2.675658205385334E+005
    145  7.182890183010152E+000  6.181862602042310E+004
    146  9.563206607331208E-001  8.634802907441609E+002
    147  2.945458359498857E+000  1.540124588699587E+004
    148  8.473676190313151E+000  8.132819761525794E+004
    149  3.331335102108085E+001  3.361459912253032E+005
    150  7.989479328342168E+000  4.682200227977618E+004
    151  1.921890851245457E+002  2.105502552815589E+006
    152  9.139385008630076E+001  8.209064053369792E+005
    153  1.376623810612580E+001  9.269680542315077E+004
    154  6.313693384097047E+002  6.005371696065326E+006
    155  2.737146177351128E+001  2.578595852943405E+005
    156  9.053874935142767E+000  6.251949347233256E+004
    157  3.267632925138528E+001  2.486389635908724E+005
    158  1.977352918434567E+001  1.451938721976566E+005
    159  4.741280058905537E+000  3.692857522727177E+004
    160  4.173077202854997E+001  3.401668120212862E+005
    161  2.383697380898725E+001  1.758387814241140E+005
    162  2.148273265062445E+000  8.811367254203053E+003
    163  2.447329589372180E+002  2.451193885068904E+006
    164  3.293167802519233E+002  2.994380195325479E+006
    165  2.799685011127688E+002  2.667957051824104E+006
    166  3.789348938723175E+001  3.536042130908738E+005
    167  4.396359181310648E+000  2.870445514729786E+004
    168  6.367730891823846E+000  4.571459186083996E+004
    169  1.917928420264448E+001  1.316517796557938E+005
    170  2.509640656573295E+000  1.474553051527745E+004
    171  3.634785800003656E+000  2.265465127639417E+004
    172  2.884296835368115E+001  2.579217565413465E+005
    173  1.985384597716907E+001  1.627901349814359E+005
    174  1.000194927377376E+001  7.017716669470830E+004
    175  1.599406142029248E+000  7.387883774260575E+003
    176  4.642813899752311E+000  2.877858129927628E+004
    177  1.993492771673466E+001  2.191592215472792E+005
    178  7.814701701439649E-001  1.529717970428907E+002
    179  1.823733988137380E+000  7.008793710045892E+003
    180  2.184433900170884E+001  1.406232870510591E+005
    181  2.118169882922854E+000  1.326452562740904E+004
    182  7.808838928213876E+001  9.564728510248809E+005
    183  2.400515598750544E+001  1.872611327580847E+005
    184  1.120829620253674E+001  7.555720747492848E+004
    185  7.763594054078084E+001  7.792895914512138E+005
    186  6.398102210974853E+001  7.024012880090117E+005
    187  3.370667587651858E+000  1.976778718659657E+004
    188  8.998004964965587E+001  6.361699049717439E+005
    189  3.579907699475125E+000  2.484810417151019E+004
    190  2.297358333655761E+001  1.941534755108770E+005
    191  1.018565614215621E+001  7.267518398543740E+004
    192  1.465128565571205E+001  1.279044652053249E+005
    193  4.973216222840853E+001  5.042539290901909E+005
    194  7.898739376232454E+000  8.161925884103042E+004
    195  2.702158093357524E+001  2.374725349434735E+005
    196  1.551600135831069E+001  1.067551713103078E+005
    197  1.985292039839646E+001  2.217874669942065E+005
    198  7.724963447468070E+001  6.416470154751759E+005
    199  5.398996167025602E+001  4.217722524499213E+005
    200  9.842980868446373E-001  2.560360209092580E+003
    201  9.135470867000146E+000  6.759270851615665E+004
    202  1.676619276410930E+001  1.224463110256406E+005
    203  4.237981456108762E+000  3.736513727473437E+004
    204  1.112075364216162E+001  1.064371802113898E+005
    205  1.450313052737684E+001  1.139564887505875E+005
    206  1.082166517110489E+001  8.592999760466348E+004
    207  3.352659377290036E+001  2.531631824976197E+005
    208  6.829780268254739E+000  4.240260021390868E+004
    209  3.832589318450596E+000  2.894127634231214E+004
    210  1.741846220377137E+001  2.213550623968446E+005
    211  7.539257740762848E+000  9.109469221787165E+004
    212  1.973020503448884E+001  1.367030116464317E+005
    213  1.000601444074134E+001  1.040517507174217E+005
    214  4.923029576666208E+000  3.149989942097545E+004
    215  5.155341527837586E+000  3.899393905632837E+004
    216  1.872698749254646E+000  8.411915549416588E+003
    217  1.285985305716106E+001  1.307822203437092E+005
    218  1.190246037663072E+001  7.818851000197938E+004
    219  1.953008790220637E+000  1.053881255945720E+004
    220  1.945190372504187E+000  9.201305105234094E+003
    221  1.469319344180048E+001  1.106201460693972E+005
    222  1.112244392263768E+001  9.371079188622646E+004
    223  3.338202972690632E+001  2.379916921606577E+005
    224  1.045995843387814E+000  2.637366759552831E+003
    225  1.153621316027799E+000  3.697718654308100E+003
    226  1.120808340014132E+001  9.335448790596914E+004
    227  1.141686063843101E+000  3.634977471480335E+003
    228  8.963129003584294E-001  1.743339666252964E+003
    229  5.031705335335710E+001  3.671978995410839E+005
    230  4.174554659375481E+001  3.911178678677697E+005
    231  6.940645141870460E+000  4.136270177012917E+004
    232  9.490010499462636E+001  1.211573734581720E+006
    233  2.893266874744651E+001  2.440832131927460E+005
    234  3.233080037975487E+000  1.949634296609689E+004
    235  1.014140914961744E+000  3.417031179019482E+003
    236  4.047531893993959E+001  3.420023460849267E+005
    237  7.749452658585760E+000  5.317688675705645E+004
    238  1.900869655590176E+001  1.590337556408795E+005
    239  1.006453647156961E+001  8.488422325018646E+004
    240  1.949472247368260E+001  1.896013412097774E+005
    241  2.853966310396867E+001  2.324559394497550E+005
    242  3.863809414952903E+000  2.324357729432283E+004
    243  1.599157527480636E+000  8.836888212544727E+003
    244  7.633256753187921E+000  8.125225623359451E+004
    245  4.541906442040191E+001  3.721352890696006E+005
    246  1.374016688459982E+001  1.050010693447108E+005
    247  9.753499628589866E+000  8.586835211842485E+004
    248  1.917976721818695E+002  1.727000717151557E+006
    249  3.847904932433860E+001  3.561092233032233E+005
    250  1.498371981804205E+000  6.292472858405989E+003
    251  2.568342070731711E+001  1.835782125580950E+005
    252  9.407487285882279E-001  1.951953497376495E+003
    253  8.536064865571437E+001  7.161031024788722E+005
    254  4.197110169317094E+001  3.269742889461435E+005
    255  4.299173314334828E+001  3.160454386110251E+005
    256  1.312407853402780E+001  1.172618132741875E+005
    257  2.742436669661360E+000  1.733290919793679E+004
    258  8.398408424422635E+001  7.880935051813191E+005
    259  2.294676282701662E+001  2.375742074636995E+005
    260  2.339458670129304E+000  1.178035529444923E+004
    261  4.728411252769465E+000  3.297236877923709E+004
    262  5.281175845200488E+000  4.104163416740743E+004
    263  7.252171515218765E-001  9.813259092325330E+002
    264  2.437053412687606E+001  2.343999597153805E+005
    265  1.127940782191475E+000  4.792145884971084E+003
    266  3.692138771801808E+000  2.958606173052480E+004
    267  2.202625073384547E+000  1.448882439162258E+004
    268  8.044687497622242E-001  1.658307302305404E+003
    269  1.534928987266420E+000  6.911610000419240E+003
    270  3.877887327086603E+000  3.084506259643449E+004
    271  1.513559986397840E+000  7.730673051613900E+003
    272  3.054942450985551E+001  3.060887034153082E+005
    273  7.211287502730326E+000  7.315616037602170E+004
    274  2.289305559958362E+001  2.429405174956515E+005
    275  7.674425816271737E+000  4.687531243958091E+004
    276  4.866436318822128E+000  4.526653575346692E+004
    277  1.631274798760842E+000  9.925429599176336E+003
    278  3.303291944507390E+000  2.684667406444901E+004
    279  1.628781292593058E+001  1.554009590904034E+005
    280  2.561640524828824E+001  3.054380174170889E+005
    281  1.493447586438378E+001  1.435931115440552E+005
    282  2.103953343052157E+001  1.536451404589751E+005
    283  1.088862221665599E+001  9.751310873127008E+004
    284  1.313408636656149E+000  5.721066355847151E+003
    285  9.773281420448484E+000  9.741147365034938E+004
    286  9.073591395705414E-001  3.394010503389331E+003
    287  2.576996590806509E+000  2.140012506314748E+004
    288  1.624354142812773E+001  1.283737619194355E+005
    289  1.733796858315269E+001  1.687662599958497E+005
    290  6.317141249308315E+001  7.047767330118711E+005
    291  1.233850893721299E+002  1.439451402062685E+006
    292  5.072550887853879E+000  4.224540992650322E+004
    293  1.924091848703492E+002  2.168212813523001E+006
    294  3.227442652089080E+001  2.940090953933461E+005
    295  1.616430796693415E+001  1.088771353255751E+005
    296  6.382583035527271E+001  5.057196794236978E+005
    297  1.012732851350010E+002  7.888601254165618E+005
    298  2.294783198448329E+002  2.866370329459600E+006
    299  3.778051305863787E+001  4.329984322539098E+005
    300  1.139667576937098E+002  9.313988310596586E+005
    301  1.122731358228870E+002  8.803649246408925E+005
    302  1.306769827336354E+001  1.131843745200010E+005
    303  1.507270594707878E+001  1.246099141362547E+005
    304  5.893062523515863E+000  3.695538108374267E+004
    305  3.706397728350879E+000  2.354822946302194E+004
    306  3.051043115724227E+001  2.831413037054552E+005
    307  3.750330340115866E+000  2.242568183787779E+004
    308  8.556689710047712E+001  7.994016063732853E+005
    309  7.246918650690361E+000  5.424944779833996E+004
    310  2.480953422152972E+001  2.282077565158347E+005
    311  2.771783974598952E+000  1.568566663359163E+004
    312  6.747662184468509E+000  4.449224791931951E+004
    313  1.418964883779074E+000  6.306253910283707E+003
    314  4.236569307371714E+000  2.623936237854774E+004
    315  1.388408255340092E+000  6.489017141626155E+003
    316  2.046272668236464E+000  1.304333733008115E+004
    317  4.660268180632245E+000  3.006505924181465E+004
    318  4.041668072771233E+001  3.718651557500000E+005
    319  4.311602211970796E+000  3.715919625165265E+004
    320  1.382920201450222E+001  1.022397140426947E+005
    321  7.095143984821163E+000  4.846501208062499E+004
    322  3.544133370573348E+000  2.209625324875725E+004
    323  2.845473242562408E+000  1.588238785403975E+004
    324  5.676694080947943E+000  3.895552282950350E+004
    325  1.433825860278596E+001  9.388290105105739E+004
    326  1.711478671636953E+001  1.759748419043675E+005
    327  8.245102138127859E+000  5.224806717445332E+004
    328  1.052588179360530E+000  4.164089710682927E+003
    329  4.245912306280317E+001  3.836003059758186E+005
    330  6.151467463327616E+001  4.578124651465925E+005
    331  1.672307532196056E+001  1.201123793256035E+005
    332  5.008636173117382E+000  5.216520928352465E+004
    333  2.147064649200555E+001  2.343001671942537E+005
    334  4.446259152307309E+000  2.731327735369383E+004
    335  2.591564343494436E+001  1.921009436206901E+005
    336  7.763662024123848E+000  5.509618837253033E+004
    337  2.996216638681742E+000  1.835996904567493E+004
    338  7.902536410196031E+000  5.727507792142720E+004
    339  2.621717759291866E+000  1.600293779289052E+004
    340  1.787907534410920E+001  1.882163589326950E+005
    341  4.544642562345922E+001  3.644953639882186E+005
    342  1.091079761457538E+000  4.807211434427122E+003
    343  1.681999309331005E+001  1.575107480427873E+005
    344  3.844762853203908E+001  4.239939056117015E+005
    345  3.126227149564730E+000  3.089358416980341E+004
    346  1.217845337995837E+002  1.411815561093229E+006
    347  3.706820701980978E+001  2.785573858918263E+005
    348  2.199197490490806E+001  1.657829463665343E+005
    349  5.772814399485000E+000  4.965079263643870E+004
    350  9.403254257547609E-001  3.897021348401131E+003
    351  6.566316113699140E+000  4.924374800827193E+004
    352  9.930924816560363E+000  7.283205709007000E+004
    353  1.257114469545450E+000  7.310130384238852E+003
    354  1.116882792788799E+000  4.944755421526978E+003
    355  5.665909323098634E+000  4.795999048108825E+004
    356  4.401879484932325E+001  3.998663458040829E+005
    357  1.064550167152895E+001  7.693621214354414E+004
    358  1.300606810220520E+002  1.125193957532902E+006
    359  1.236128776992265E+001  1.280245264876613E+005
    360  4.460555655405299E+000  2.904900541294194E+004
    361  2.913177661188835E+000  1.927886982968831E+004
    362  7.531714552981835E-001  2.164552514483194E+003
    363  4.888249197171452E-001  2.621640450703225E+002
    364  4.626804700029523E+000  4.527166217871963E+004
    365  5.193140166455321E+000  4.436452711466426E+004
    366  1.157042147629168E+000  5.409780635891128E+003
    367  7.901339538182563E+000  8.295220769903631E+004
    368  9.183766315326667E-001  3.276523350710899E+003
    369  3.227719335078104E+000  3.604022841458524E+004
    370  1.451597112376590E+000  7.437846677220973E+003
    371  7.163583589538323E-001  2.180317630344809E+003
    372  2.445768338619039E+000  1.988058273580386E+004
    373  7.275707289868664E-001  2.578062133063723E+003
    374  2.089901905138906E+001  2.292916455287290E+005
    375  1.690661872304298E+000  1.410694280744495E+004
    376  2.897864571823710E+001  3.254691453952733E+005
    377  4.138624772592931E+000  3.198930047710463E+004
    378  3.460825803085142E+001  2.984151428506732E+005
    379  2.562565235803737E+001  2.012147811927813E+005
    380  2.305387118380455E+001  2.011919704889637E+005
    381  1.322671303111926E+001  1.195954116896314E+005
    382  6.486932858377080E+000  4.660065720395170E+004
    383  2.190030722395446E+001  2.198782183325852E+005
    384  5.758197963728724E+002  6.144319157993712E+006
    385  2.312635290237630E+001  1.776326298346152E+005
    386  2.137816963492237E+002  1.995679911533786E+006
    387  5.597864229096208E+001  5.539525087675077E+005
    388  4.691603516955126E-001  6.499167083193174E+002
    389  6.934444898034728E+000  4.932422081427844E+004
    390  1.956703764283659E+002  2.476105244825215E+006
    391  8.752332575469617E+001  8.048757415791467E+005
    392  1.537437987000348E+002  1.536826836700576E+006
    393  2.768765408711249E+002  3.117552051586375E+006
    394  5.718686556910913E+000  4.638027805032706E+004
    395  6.275487698030026E+001  7.348048820186034E+005
    396  1.504379688505988E+001  1.556138500801081E+005
    397  4.194355285083002E+000  3.860761754834481E+004
    398  6.318834770111335E+000  6.157833739525676E+004
    399  1.928144170680187E+001  2.081174109531933E+005
    400  5.268796385442205E+001  4.965586306611752E+005
    401  8.992690305900510E+000  6.344744089713900E+004
    402  7.277074056153816E+001  7.297244374709093E+005
    403  2.574444034718096E+001  1.896335454283569E+005
    404  7.402149466674827E+000  6.874422744721662E+004
    405  3.249810237266329E+001  2.936460013046214E+005
    406  3.878590137776221E-001  5.470396819789427E+002
    407  1.024190893786042E+002  1.203830970513580E+006
    408  5.763065082140476E-001  2.609871588893701E+003
    409  2.148295152249043E+001  1.966312781649527E+005
    410  1.330102129029233E+000  9.704977255271680E+003
    411  1.200019875512974E+001  1.163899565271715E+005
    412  4.742612238733327E-001  1.231251376416359E+003
    413  3.833085682367977E+001  2.972176174563249E+005
    414  2.827708176426377E+000  1.801676344931969E+004
    415  4.835126488852934E+001  4.124207592869778E+005
    416  1.806075437065738E+000  1.386445814749262E+004
    417  1.091264742646721E+001  8.797707893861736E+004
    418  1.168823668773388E+003  7.479164786990731E+006
    419  1.054833918373959E+002  1.235970815946710E+006
    420  2.179704005095608E+000  1.692787206358137E+004
    421  9.924543225177272E+000  9.170845912891395E+004
    422  1.055238077724320E+002  7.119473556752504E+005
    423  8.178259463952465E+001  7.147998064823406E+005
    424  6.587730277119003E-001  2.670317736254526E+003
    425  2.955988634127076E+002  1.983866768365419E+006
    426  4.872999933515970E+001  3.405787364241012E+005
    427  7.405459069608969E+001  7.104385695680567E+005
    428  5.060841792625552E-001  1.696676092853671E+003
    429  7.525670547546431E-001  3.602476972589789E+003
    430  5.434496448677333E+001  5.496498185149216E+005
    431  3.667890698852265E+001  2.620650999323400E+005
    432  1.284590895128597E+000  8.530750023962450E+003
    433  4.162092251846174E+000  3.606240393544167E+004
    434  4.265782538626843E+001  4.376359117050454E+005
    435  1.241595012983309E+000  6.804284915361703E+003
    436  9.990987860319608E+001  8.562012949657395E+005
    437  9.920182838800206E-001  6.282499466200068E+003
    438  1.312503620230523E+002  1.183892913599720E+006
    439  3.929645153894231E-001  5.078866074367288E+002
    440  2.440649130418669E+001  2.508335873957158E+005
    441  1.372023693460585E+000  7.583772452331726E+003
    442  8.253259909473520E+000  7.932385547225217E+004
    443  3.456910752514337E-001  3.563106954147887E+002
    444  4.925250287572220E+000  3.351139904244956E+004
    445  4.407634635812130E+001  3.553909351910625E+005
    446  2.228791953580119E+001  2.164166844279835E+005
    447  7.494488385140475E-001  3.545895162832713E+003
    448  1.011206670279667E+001  1.019064495089643E+005
    449  7.811022968744326E+000  6.123586413505370E+004
    450  4.376121925017668E+001  5.579071625402175E+005
    451  5.727528834302117E+000  4.741441492254558E+004
    452  4.802065788908504E+001  5.644667992976477E+005
    453  8.794615620649881E+001  9.942344560189545E+005
    454  1.097157910171340E+002  1.535099733070193E+006
    455  2.481527243036578E+000  2.260095726599424E+004
    456  4.254960708288220E+001  5.569959115468141E+005
    457  1.016030756859344E+000  4.884547217146667E+003
    458  3.136209370289167E+001  3.874494493763475E+005
    459  1.638493516957384E+001  1.450966846978539E+005
    460  2.347991620585570E+001  3.093554938822594E+005
    461  7.670482744857872E-001  3.657704971678284E+003
    462  7.373257008329352E+001  7.030728794100652E+005
    463  1.047013385462547E+000  5.731838178195486E+003
    464  4.886846409798421E+001  4.782282100743196E+005
    465  1.306613273490704E+000  7.600680617421924E+003
    466  1.664674893170659E+001  1.514762622026034E+005
    467  1.034857096114525E+001  9.205712428170115E+004
    468  1.631370493815965E+001  1.619354661362265E+005
    469  6.976476633827979E-001  3.033677736755223E+003
    470  1.616811583006059E+000  1.006484719393923E+004
    471  1.197987859718745E+000  6.945029664811169E+003
    472  4.580508721271020E+001  5.016141980209479E+005
    473  2.715071945962491E+000  2.558837522839324E+004
    474  1.356837041356978E+002  1.683920810950122E+006
    475  9.611396995484716E+000  1.124812470485656E+005
    476  9.920976825345411E-001  6.390378799361869E+003
    477  1.958614694925712E+001  2.546496285152104E+005
    478  4.798953639209858E+000  4.905863043713703E+004
    479  7.098558367237166E+001  8.177182014258715E+005
    480  8.862969032465992E+000  8.372874128385802E+004
    481  1.745100002744328E+000  9.729748359699886E+003
    482  1.057995036660550E+001  1.082038199491605E+005
    483  2.001430779257642E+001  1.961697156870590E+005
    484  1.440790794226453E+000  1.052243390738538E+004
    485  2.869080767261098E+001  3.340507575570483E+005
    486  3.596782439024789E+000  2.122111133567851E+004
    487  1.963615120142480E+001  2.542449286230075E+005
    488  5.603298779249536E-001  1.923090477607038E+003
    489  1.450829930351841E+001  1.706077696641473E+005
    490  3.402603281529148E-001  7.209169242829121E+002
    491  1.128172284284528E+001  1.291835733432937E+005
    492  2.470754139919626E+001  2.051228685970623E+005
    493  8.119892124394656E+000  5.881951458675866E+004
    494  1.380851373424683E+001  1.376719608889105E+005
    495  1.532459696876583E+001  1.565625057640202E+005
    496  4.816353499203386E-001  1.740932878885659E+003
    497  1.355372193115721E+001  1.237657595108738E+005
    498  8.818860649641371E+000  8.826617327223856E+004
    499  2.940668249773540E-001  1.923263402892336E+002
    500  1.049420202916759E+001  1.147163684313170E+005
    501  2.928132327694460E-001  2.440526815491368E+002
    502  3.356745884802872E+000  2.313789161104932E+004
    503  3.932025699766567E+001  4.785561598693605E+005
    504  2.846530006645941E+001  3.041951557224671E+005
    505  1.711967617450075E+001  2.024765876845802E+005
    506  5.200358724846004E-001  1.904924930612687E+003
    507  4.950915666159638E+001  4.754579525346963E+005
    508  8.012656690463532E-001  4.948962365546347E+003
    509  6.235606311487358E-001  3.710479570096659E+003
    510  3.033825019235695E+001  3.504704451413946E+005
    511  1.724220607961097E+000  1.444690320506893E+004
    512  3.842374670476631E+001  4.642418754421863E+005
    513  1.411449565986618E+000  1.041695442017623E+004
    514  1.097890808009430E+001  1.190025048892529E+005
    515  3.812059450683948E+000  2.894227263467149E+004
    516  4.241333900677017E+000  4.136563886550325E+004
    517  6.000328644817683E+000  7.066941102351803E+004
    518  1.757140727009127E+001  1.976887336777004E+005
    519  1.366956196067371E+001  1.789703635989217E+005
    520  3.632306586658282E-001  8.957667923050300E+002
    521  3.025175166759539E+000  2.060361141273502E+004
    522  1.154448449620609E+000  8.603714929094418E+003
    523  7.896278486846676E+000  7.983583574713691E+004
    524  3.430277516370016E+001  4.766849879045037E+005
    525  3.213773648756696E+000  2.972506037460062E+004
    526  1.780562586306122E+000  1.277244059290315E+004
    527  1.494556488285905E+001  1.940363760707256E+005
    528  2.788626851248024E+000  2.046804944232037E+004
    529  1.563280809902289E+000  1.031077264036557E+004
    530  2.427367769704389E+001  2.679507414320238E+005
    531  3.385764352998934E+001  3.012571642036198E+005
    532  7.658547702251765E+000  6.960167210493652E+004
    533  8.331571638811605E+000  8.361218002321818E+004
    534  5.624030149420587E+000  5.279347333820363E+004
    535  2.222822925457989E+002  2.290171351560652E+006
    536  4.619674373467776E+001  3.394568611507134E+005
    537  5.476373231187135E+002  5.422786736048175E+006
    538  5.559924341190163E+001  4.078336406349294E+005
    539  4.392406145592521E+002  4.607371141395488E+006
    540  2.310087807542750E+001  2.229586425852882E+005
    541  5.474278822054686E+000  6.358279260977957E+004
    542  3.051493338348642E+000  2.266425081449785E+004
    543  9.935441319259107E+000  7.838212234318846E+004
    544  1.671742195865552E+002  1.268338217030222E+006
    545  9.739775400070096E+000  1.009087565233653E+005
    546  2.415950716477573E+002  1.820316926916537E+006
    547  3.214666015155624E+003  2.435798005704569E+007
    548  8.102423885273652E+000  6.260192507575257E+004
    549  1.448157871116024E+002  1.079537642274492E+006
    550  3.696610207093963E+001  4.152102621566123E+005
    551  2.001352298109074E+002  1.430933832601639E+006
    552  2.056098398498874E+002  1.257132067744408E+006
    553  2.054867239397172E+001  1.782928643655932E+005
    554  1.173884045556255E+002  8.968192628521655E+005
    555  3.369767504847720E+000  2.829668354095603E+004
    556  7.508109884552046E-001  4.345614939444406E+003
    557  1.820199546374244E+001  1.520456391940334E+005
    558  1.654915611133690E+000  1.283481944563441E+004
    559  1.856406966017640E+001  1.988684441693414E+005
    560  7.435627772993862E+000  5.659693219857170E+004
    561  1.519082593668544E+000  1.295349668830012E+004
    562  1.249397641986447E+000  7.111070381029917E+003
    563  4.377482276624390E+002  3.573091179041209E+006
    564  1.278083445372135E+001  9.186631537346815E+004
    565  3.283433500341828E+000  2.650912121253232E+004
    566  5.772394266961661E+002  4.311796294399508E+006
    567  1.480620967894965E+000  1.039508108402391E+004
    568  1.256019439694778E+001  1.143001775400686E+005
    569  8.209160711410144E-001  5.811516887792363E+003
    570  4.797316032298333E+001  3.419158686753821E+005
    571  2.544288646104067E+000  1.905893992517533E+004
    572  9.505093393300053E+000  6.971108156334232E+004
    573  3.872574015185484E+000  2.929615924892864E+004
    574  5.080662059334702E-001  3.892574053074455E+003
    575  2.800356859386357E+001  2.721849404289210E+005
    576  1.192523081122595E+001  7.260022178604513E+004
    577  2.044115950237405E+000  1.528076023471625E+004
    578  1.895013772282464E+000  1.562532940446529E+004
    579  7.572560461012338E-001  5.919440617796709E+003
    580  1.283521733478704E+001  1.072736442608172E+005
    581  9.559516216314835E-002  2.808904551607435E+002
    582  8.730372870860537E+000  7.741823072882836E+004
    583  1.223956463837091E+000  8.415963784791515E+003
    584  2.130643718633204E+000  1.657068302097088E+004
    585  6.949404161781835E+000  6.908925816036986E+004
    586  4.847258900195036E-001  2.735571344623357E+003
    587  4.161746770756729E+000  4.276305097465451E+004
    588  5.128047613724416E+001  5.603416730556461E+005
    589  1.257280514029562E+000  8.557175237315236E+003
    590  2.935583556623196E-001  1.546876190065907E+003
    591  4.403971310379709E-001  2.734106037104375E+003
    592  2.142606580340238E+001  2.398428679284882E+005
    593  1.506605926649631E+001  1.643602817094637E+005
    594  1.651656937633530E+000  1.217203373431240E+004
    595  9.954275883582843E-001  6.524814744746499E+003
    596  1.142573372108633E+000  8.427522677911878E+003
    597  1.096130742558802E+000  1.172135500438378E+004
    598  1.010296999629728E-001  2.122562428822397E+002
    599  1.019730163928239E+001  1.259498768997848E+005
    600  2.716284400959205E+000  3.575171142387079E+004
    601  4.934819008433770E-001  3.577362328936383E+003
    602  1.459091324080074E+001  1.630187733690433E+005
    603  1.944878017178648E-001  1.210471820886291E+003
    604  7.720400770005232E+000  6.227841855322739E+004
    605  2.054430171894393E+000  1.490925885995136E+004
    606  1.116951006733820E-001  3.405327522243891E+002
    607  1.437559758582873E+000  1.316180619304651E+004
    608  6.554349077090600E-001  4.526184675575125E+003
    609  4.419551698949523E+000  4.503213007942278E+004
    610  1.221088682481242E+000  8.951436224653897E+003
    611  1.333589028992676E+000  1.228725713715584E+004
    612  9.188160611620960E-002  2.208737084486653E+002
    613  1.277015544793901E+001  1.322932256286315E+005
    614  1.883186572262562E-001  9.410551371782049E+002
    615  5.175885210451165E+000  6.004462807660972E+004
    616  1.412397444932554E+000  1.064420420478057E+004
    617  3.473186600709693E+000  3.704756429497313E+004
    618  7.765477311220084E+000  7.764951743531605E+004
    619  3.686895319767746E-001  2.339519356966498E+003
    620  7.272312651457043E-002  4.876558237775287E+001
    621  3.591408198779563E+000  3.980769699805556E+004
    622  9.993668674488172E-001  6.961324743580237E+003
    623  2.974006649759660E+000  2.985253683929562E+004
    624  1.105747378794936E+000  7.784100293007603E+003
    625  3.649087770065300E-001  2.095620932275746E+003
    626  9.935688850378768E-001  1.019400920504898E+004
    627  3.170486489822487E-001  1.857820253889371E+003
    628  1.084323858547322E-001  2.737339892196788E+002
    629  9.380956406815508E-002  2.306045573825992E+002
    630  8.394035045998166E-001  6.984846635645503E+003
    631  7.438634601376437E-001  6.461059936526181E+003
    632  7.693572776148775E+000  9.020032988713833E+004
    633  6.285886293586729E-001  4.055569404683539E+003
    634  4.687297751164422E-001  3.062107195927746E+003
    635  1.342428900526720E+000  1.075379228995678E+004
    636  1.482073030050565E+000  1.141972484872929E+004
    637  9.344158198080665E-001  8.475689822542785E+003
    638  1.131047881561731E-001  3.991853766666259E+002
    639  3.191877578565525E+000  2.934105945982154E+004
    640  3.230775006416508E-001  2.299293344806918E+003
    641  9.047708828210952E-001  6.546863489551346E+003
    642  3.039882638691723E-001  1.701956270951684E+003
    643  2.487285726087807E+000  2.187450977196348E+004
    644  2.209196612249280E-001  1.119539982967210E+003
    645  1.544367484530868E+000  1.556807478149814E+004
    646  7.025853492584465E-001  5.973999026921782E+003
    647  7.005947404271574E-002  3.988877841138636E+001
    648  3.087679903124297E-001  1.966273638028709E+003
    649  2.421363765445939E+000  2.789797958686631E+004
    650  1.371420825855160E+000  1.473777475409199E+004
    651  2.911238944712944E-001  1.711268293691601E+003
    652  6.796062611916820E-002  1.680558345294384E+001
    653  1.324517557748832E-001  5.825062239913136E+002
    654  4.978160016535234E+000  5.346409699821394E+004
    655  2.523327661798486E+000  2.912292909123451E+004
    656  9.563302231034103E-001  6.613644399675300E+003
    657  3.595962275849304E-001  2.253709066216796E+003
    658  3.400737319720609E+000  3.049707793010134E+004
    659  3.432992657246734E+000  3.571073751709443E+004
    660  3.104113517222817E-001  1.865869716556396E+003
    661  5.536269989659684E+000  6.219001097286574E+004
    662  1.445357696400454E-001  6.643729749447817E+002
    663  8.009097670211638E+000  9.027851988116196E+004
    664  2.228035673278448E-001  1.278326915663831E+003
    665  4.224931385761386E-001  2.632848306593065E+003
    666  3.268654896126354E+000  2.616880637372805E+004
    667  3.651868748343837E+000  3.176013015916999E+004
    668  2.585847512030586E-001  1.659735799012465E+003
    669  6.974473130377197E+000  7.787514045088926E+004
    670  7.517071428810627E-001  5.316886726147642E+003
    671  1.495400207431697E+000  1.690403535060794E+004
    672  1.335489362755953E+000  9.369619290327639E+003
    673  1.225473919240861E+000  9.389841302368341E+003
    674  1.467445770564535E+000  1.059500039351160E+004
    675  6.152844561298649E-001  6.563682634034135E+003
    676  9.881129893401845E-001  8.638089207460884E+003
    677  2.857060664073990E-001  1.606366183636882E+003
    678  4.714252184654770E+000  4.960310167136966E+004
    679  3.621365063431150E-001  2.314401062716116E+003
    680  1.467242675248332E+001  1.404721462676757E+005
    681  5.491742096144497E+000  5.253062222899975E+004
    682  8.335961511467024E-001  5.782921509443921E+003
    683  3.809532407506043E+000  3.904891864692080E+004
    684  7.513279968424496E-001  5.142302561163630E+003
    685  3.077822838868350E-001  1.948288578070270E+003
    686  4.967545159923347E+000  4.742046843105403E+004
    687  7.019913398248000E+000  7.189812709090269E+004
    688  1.798535029129793E-001  8.485543677319716E+002
    689  5.057873296993302E+000  5.288149863992730E+004
    690  3.982443455326573E+000  3.931431363811103E+004
    691  7.289065723158619E+000  6.934591289922665E+004
    692  9.184477161236461E-002  1.972690997163275E+002
    693  1.307066599845462E-001  5.993156800099908E+002
    694  1.189864694706580E+001  1.115924114653459E+005
    695  7.886982617444654E-001  5.550994840276038E+003
    696  2.674517460999655E-001  1.547202918509142E+003
    697  8.017026244884903E+000  7.229002414147196E+004
    698  2.127310905100705E+001  1.944267259177464E+005
    699  2.751762056618093E-001  1.654847758817589E+003
    700  2.895290400449011E+000  2.462083915746436E+004
    701  7.807188867968906E-002  1.001724289766915E+002
    702  1.624364468562904E+000  1.409623939917648E+004
    703  1.753116517444097E-001  8.064223234858182E+002
    704  7.675996904823103E-002  9.628406063517565E+001
    705  1.983887158436260E-001  9.589915005148126E+002
    706  4.321686130532420E+000  4.742417408821741E+004
    707  3.095385665139314E-001  1.844215965405160E+003
    708  9.644299610052926E+000  8.916353623799574E+004
    709  4.998653153765196E-001  3.391724250991625E+003
    710  1.082051991031184E+001  1.183340353202615E+005
    711  1.627285644802692E-001  9.341378966598294E+002
    712  1.375436941996512E+001  1.500557490039973E+005
    713  1.004808018330470E+000  7.221230595653687E+003
    714  2.161182880625526E-001  1.176219875790110E+003
    715  2.301061213417944E-001  1.299638601723690E+003
    716  7.647884414092740E+000  7.307169071883592E+004
    717  7.897481089597249E+000  8.338650247133196E+004
    718  7.494774965154472E-002  1.495768825949281E+002
    719  5.381631545542216E+000  5.358508699292268E+004
    720  8.994991230231317E-002  2.075277490718712E+002
    721  2.053040288149927E+000  2.267140162006489E+004
    722  2.299203642284931E-001  1.365825299293879E+003
    723  9.672306199975227E-002  4.893057883377422E+002
    724  3.925995435063328E+000  4.872613021256468E+004
    725  2.912813176088723E+001  2.956972982078642E+005
    726  1.074975474665327E-001  3.509637242233844E+002
    727  8.482012496307796E+000  8.865809370562015E+004
    728  1.435452829152296E-001  6.128666719643116E+002
    729  1.298513273732017E-001  5.003811233242173E+002
    730  3.886012250938754E+000  3.579380028795228E+004
    731  2.091790301542231E+000  2.370011592713608E+004
    732  3.082147267120003E-001  1.698696810456982E+003
    733  2.369622247306311E+000  2.650852325990043E+004
    734  7.027178391697472E-002  7.839921949552381E+001
    735  1.301106387234381E-001  7.907698049430279E+002
    736  7.733188972647234E-002  1.272695213144099E+002
    737  6.641035360432620E-001  6.858104467739397E+003
    738  2.342980153870087E+000  2.597504443003189E+004
    739  1.873747812413863E-001  1.272479572586960E+003
    740  9.410529227406657E-002  4.194157882968837E+002
    741  8.744383799927379E+000  1.104194212304388E+005
    742  3.879567000305456E+000  3.549237509259418E+004
    743  6.881499932374784E-002  1.032889811265602E+002
    744  4.500151767863479E-001  2.920589834099512E+003
    745  5.952783410025327E+000  5.905154974645941E+004
    746  2.049378465685249E+000  2.079592026220378E+004
    747  1.383854077913138E-001  7.127577750073214E+002
    748  1.229050755189118E+000  1.467243783714572E+004
    749  3.582782987371394E+000  3.433585571809630E+004
    750  9.523758500296735E-002  2.969729199047491E+002
    751  1.740674470147140E+000  1.981723629352815E+004
    752  6.771865813351742E-002  5.709764576640987E+001
    753  9.310840346843995E-002  2.836455910481363E+002
    754  2.438923032610337E-001  1.422641434784913E+003
    755  2.019383400396408E+000  2.127854114538748E+004
    756  2.303553633998007E+000  2.244021067321619E+004
    757  1.708434892231433E+000  1.401787097732851E+004
    758  2.217909149709654E-001  1.194996788843158E+003
    759  7.076801778166537E-002  1.237655883680739E+002
    760  1.973690284109124E+000  2.189276246163514E+004
    761  1.779354838276331E-001  8.970557174936017E+002
    762  3.808030940720854E+000  4.152852583514177E+004
    763  4.617322245766614E+000  4.971995830679309E+004
    764  1.886584927223769E-001  1.043015516378161E+003
    765  1.788187189430807E+001  2.044831734313563E+005
    766  1.539888372423151E-001  9.334892527545175E+002
    767  2.186359607134410E-001  1.177830232587756E+003
    768  1.041126276762025E+001  1.081886966906889E+005
    769  8.575954431657340E+000  9.026118805184448E+004
    770  2.708920395257580E-001  1.618214777501205E+003
    771  3.796203829843255E+000  3.784768158809601E+004
    772  9.976758976249812E+000  9.724743442683482E+004
    773  7.218287151303183E-002  1.284828288967318E+002
    774  3.030450783833008E+000  2.540090651101711E+004
    775  7.246012695326801E-002  2.009529370379773E+002
    776  1.305182604164317E-001  5.100977408315173E+002
    777  2.379926343540586E+001  2.926655591177951E+005
    778  1.619125816577739E+001  1.987385317957185E+005
    779  1.206072842595259E-001  5.126128916063709E+002
    780  3.182310824425284E+000  3.346090168402602E+004
    781  2.919206875598354E-001  1.865135313067840E+003
    782  4.007665378209240E-001  2.618150805318309E+003
    783  2.265767796091094E+001  2.672033366111473E+005
    784  8.855621833407049E+000  9.373008308257164E+004
    785  2.428733471143408E+001  2.781990913132738E+005
    786  2.157246531863118E-001  1.239741838987267E+003
    787  5.624167598720352E-001  3.888972442239974E+003
    788  9.689899998682062E-002  3.382244280508560E+002
    789  4.463680509898531E+000  4.719959415420754E+004
    790  4.310821745595099E-001  2.890981279264783E+003
    791  1.014851162828326E+001  1.115559367048504E+005
    792  2.057012888874430E-001  1.396385634939393E+003
    793  2.846506511947447E+000  2.961641099284026E+004
    794  2.740129392651566E-001  1.592635361052638E+003
    795  5.827719711541097E+000  7.297277153025765E+004
    796  1.562457924038600E+000  1.470176965117351E+004
    797  1.805117805565510E+000  2.090755540669155E+004
    798  9.089450186551454E-002  3.509959480637796E+002
    799  4.475417909037700E+000  4.527967723210724E+004
    800  6.201418932242285E-001  4.696892001461424E+003
    801  6.476412832983408E-002  1.161103224352491E+002
    802  5.657020879741742E+000  5.648740698258584E+004
    803  1.932235190661507E+000  2.200588584516966E+004
    804  3.507526989512161E-001  2.255895471920876E+003
    805  1.441968986179361E-001  7.485764792954806E+002
    806  6.410237709942440E-002  6.815651537237132E+001
    807  5.490992496581931E+000  6.115547890054833E+004
    808  1.931255703663340E+000  2.119895658220788E+004
    809  2.265351555258088E-001  1.289949958429058E+003
    810  1.381290294458431E+001  1.838427100790489E+005
    811  8.427478479091395E-002  2.708300133046152E+002
    812  3.248153565085472E+000  3.927018080956149E+004
    813  2.110409156690117E+001  2.590264681142128E+005
    814  7.804951926051383E-002  1.716148749480947E+002
    815  4.001022837756656E-001  2.996681673076876E+003
    816  2.076942717020325E+001  2.655240652484137E+005
    817  8.407246447823411E+000  1.058078717258478E+005
    818  1.287652637414652E-001  6.872577211056291E+002
    819  8.840706561909900E-002  3.969406658608229E+002
    820  2.750582695843691E+000  3.055356279189307E+004
    821  3.761938678719873E+000  4.180439246110659E+004
    822  2.396794324850841E+000  2.718638254714520E+004
    823  5.715483875853241E-002  3.917109974847056E+001
    824  3.212644091035468E+000  3.947210200213035E+004
    825  4.462551632375710E+000  5.374410452515580E+004
    826  6.297402287602423E+000  6.885458845419485E+004
    827  1.750005867146643E+000  1.778261368958376E+004
    828  1.764296005675018E-001  1.074544380284509E+003
    829  1.254725855797490E+000  1.284586696567568E+004
    830  1.052829307522732E-001  4.656507393225852E+002
    831  2.089893127961345E+000  2.325768480165822E+004
    832  2.489438252554531E+000  2.811394268184529E+004
    833  5.897940425078164E-002  6.073918041259136E+001
    834  9.438574216760845E-002  3.154838223291528E+002
    835  2.719702380033446E+000  2.596050646201425E+004
    836  7.347246035610509E+000  8.448789279037942E+004
    837  1.410076201464220E-001  1.041517637128365E+003
    838  1.807726633797463E+000  1.604464752972491E+004
    839  1.039820128854672E-001  4.122320841754859E+002
    840  5.714514021603337E-002  3.115173635806207E+001
    841  6.931499282042414E-002  1.181243240203643E+002
    842  9.963956825032147E+000  1.194443764465398E+005
    843  1.731547516069238E+000  1.720519964248949E+004
    844  4.748452950045001E+000  5.383687978206941E+004
    845  3.353798553982605E-001  2.379179920759399E+003
    846  2.624204425378183E-001  1.531008830762227E+003
    847  4.743304841324868E+000  4.600002193364833E+004
    848  8.945873230847637E+000  8.335970390476943E+004
    849  2.458929819584415E-001  1.529187648547058E+003
    850  5.696995003055341E-002  4.056010993626584E+001
    851  2.527289659457626E+000  2.291542186091089E+004
    852  2.691628678451597E-001  1.895585743264010E+003
    853  1.613768632239771E+000  1.926517788630588E+004
    854  4.672221969705895E+000  5.735744196871889E+004
    855  3.301525691683659E+000  3.028431402726940E+004
    856  9.542553776904332E-002  5.643670393704955E+002
    857  8.629488925283746E-002  3.842317708069433E+002
    858  4.945095356599597E+000  6.083800063716017E+004
    859  1.825731379108821E-001  1.175382830759966E+003
    860  2.340384867140371E+000  2.931048859579382E+004
    861  9.567262371135311E-002  5.089258497955164E+002
    862  2.904884032128050E-001  1.796187655865380E+003
    863  2.553004310403719E+000  3.334511587977418E+004
    864  5.842839384018649E-002  8.156717633091766E+001
    865  1.898920657065151E+000  2.307419395802814E+004
    866  7.420609444061758E+000  7.098818819843380E+004
    867  9.551645841609335E-002  4.921516930550593E+002
    868  4.332250976034692E+000  4.948097381216538E+004
    869  6.286134392091901E-002  1.141668891283610E+002
    870  2.377163271437447E+001  2.342867049317924E+005
    871  2.196688782734138E+000  1.992756716503831E+004
    872  5.754243200097010E-002  1.217568863636132E+002
    873  1.903863661963869E+000  2.007377955014261E+004
    874  6.359328650449325E-002  1.045780724251259E+002
    875  4.783819656789413E+000  4.279784074627046E+004
    876  9.621383553641820E-002  3.736979596511584E+002
    877  6.062137381815980E+000  5.894735627026774E+004
    878  9.825757480245974E-002  3.537557038833545E+002
    879  4.567412542053104E-001  3.518651928466535E+003
    880  1.395503257327083E+000  1.363050830257814E+004
    881  5.125100803595461E-002  4.610242637350577E+001
    882  1.018263774090759E-001  4.922795721757826E+002
    883  5.637806104311242E-001  5.738556903646270E+003
    884  1.481909372012038E+000  1.495507738504906E+004
    885  4.808169519632900E-002  4.708724765519793E+000
    886  5.629964653822129E+000  6.056807400676194E+004
    887  3.893897500390819E+000  3.708787675116474E+004
    888  1.066518646577250E-001  4.415340457178113E+002
    889  5.136172723378315E-002  5.842474434743225E+001
    890  4.779374851207614E+000  4.690836164494002E+004
    891  6.323540295142015E-002  2.134411230534392E+002
    892  4.253882519311579E+000  4.513179148803133E+004
    893  2.249411612905426E-001  1.325069889970986E+003
    894  7.814946456610592E-001  7.004715103261052E+003
    895  6.671440434348916E+000  7.920011035798040E+004
    896  1.003027153109591E+000  9.304493533343595E+003
    897  1.048040010992272E+001  1.099576722330175E+005
    898  8.744197092434405E+000  8.703418668728656E+004
    899  1.281735379314918E+000  9.620890053728350E+003
    900  9.175698268566604E-002  4.241422353344051E+002
    901  1.534241636845633E-001  7.694750772788151E+002
    902  8.619859843161647E+000  1.025493833948501E+005
    903  2.276208606034552E+000  1.845227522128811E+004
    904  6.097892941635949E-002  1.780893226193556E+002
    905  1.076541197930924E+001  1.000442448543001E+005
    906  7.834381816936027E-002  3.395047276521342E+002
    907  3.279196356762826E+000  2.930820845010908E+004
    908  1.745705204314408E-001  9.100436703762525E+002
    909  6.064870678336871E+000  7.521289407028719E+004
    910  6.511151482007046E-001  4.502212897641529E+003
    911  1.820573296440697E+001  1.787258427527894E+005
    912  7.937419724455327E-002  2.942485020750429E+002
    913  4.361125902432574E-001  4.112993198614431E+003
    914  5.012822522458189E-002  6.161570766864636E+001
    915  2.977903391709861E-001  2.128540853915086E+003
    916  1.284553065250619E+000  1.374789865052186E+004
    917  2.214362202719084E+000  2.079911084177378E+004
    918  5.239187508879129E+000  6.007370746548683E+004
    919  2.304204525373160E+000  2.005489417740776E+004
    920  1.375234639597599E-001  7.116820685257139E+002
    921  8.931297336271825E-001  9.299503628406494E+003
    922  4.043987691672457E-001  3.153636409390846E+003
    923  3.769226141916200E-001  2.762562626655411E+003
    924  1.054210470682133E+001  1.168386361450773E+005
    925  9.976707143450886E-002  4.194015496684358E+002
    926  7.509574990896168E+000  5.659858393496762E+004
    927  3.966234946861779E-001  2.753921564406260E+003
    928  1.478189333601085E+001  1.429903434161810E+005
    929  1.744866825383307E+001  1.722314825529259E+005
    930  1.873158317469456E+001  1.779796351673189E+005
    931  1.875999838418658E-001  1.155852819237880E+003
    932  1.525988966680617E+000  1.409142080790099E+004
    933  1.653101541233069E-001  1.067174647058601E+003
    934  8.343074592431639E+000  1.006777301376474E+005
    935  9.869228719585929E-002  4.293939206379980E+002
    936  1.811135496513050E-001  1.487695771165972E+003
    937  1.625061480225399E+001  1.549019233467968E+005
    938  2.560937432700926E+000  2.887417697975734E+004
    939  1.365638774718963E-001  6.969514342125793E+002
    940  3.220417991955762E+000  3.440566106315701E+004
    941  8.747763014928799E-002  5.142942641577546E+002
    942  2.803126738564998E+000  3.069071524538849E+004
    943  7.636570843812130E-001  7.403585390164211E+003
    944  2.337398251347394E+000  2.323056802719884E+004
    945  2.555292521200132E+000  2.511578503451110E+004
    946  6.055875405977066E-002  1.836829225386543E+002
    947  9.300113421437402E+000  9.156408298752767E+004
    948  3.027736223646573E+000  3.402253037623211E+004
    949  2.385581214436863E-001  1.673584247820805E+003
    950  1.734431708804742E+000  1.693062663082291E+004
    951  1.522995275118833E-001  9.946171931488470E+002
    952  6.951716790911249E+000  6.543970402066011E+004
    953  2.259738417968227E-001  1.991775402963386E+003
    954  1.281124046519452E+001  1.761583100948517E+005
    955  5.053991558634463E+000  6.844375055288583E+004
    956  8.723408145977639E-002  6.435363370624343E+002
    957  1.427645482383476E-001  7.988595720047423E+002
    958  4.031644899480388E+000  5.366890981521118E+004
    959  7.815948520648024E-002  3.458718460951366E+002
    960  2.850353628106099E+000  3.653518065728521E+004
    961  1.254078192038824E-001  6.912915605637991E+002
    962  2.007801495506486E+000  1.993971831787689E+004
    963  3.579754584924828E-001  2.416684261486247E+003
    964  6.911580244521780E+000  8.874989884507329E+004
    965  5.189764083026258E-002  1.641208657281901E+002
    966  1.621159961218365E+001  2.095744011852855E+005
    967  1.908145422515279E+000  1.627872542991632E+004
    968  2.906329192283951E+000  2.772517832372434E+004
    969  5.381534355641140E-002  1.271983002038075E+002
    970  8.316420846446922E+000  9.705400422252348E+004
    971  5.721966294026455E-002  1.805610521453436E+002
    972  2.405366286100215E+000  2.774706617401399E+004
    973  1.129435294246358E+001  1.114049581670797E+005
    974  7.179632778756800E-002  2.702700404193710E+002
    975  1.015378934713215E+000  9.478530178361560E+003
    976  2.184285738702999E+000  2.384172275366912E+004
    977  7.747313159368545E-001  6.951144211852057E+003
    978  2.281275346242885E-001  2.136786027449185E+003
    979  3.937826437477210E+000  3.960838721606077E+004
    980  1.055431791533565E-001  6.151992025624958E+002
    981  7.185007494593894E+000  9.798948980162363E+004
    982  2.386268446710041E-001  1.874694725382558E+003
    983  1.477102774615783E+000  1.281750172639763E+004
    984  1.410292235566205E+000  1.302620213647278E+004
    985  1.943844167021718E-001  1.457374362839467E+003
    986  1.550182534931128E+000  1.823836716466046E+004
    987  1.109554220131610E-001  5.429482827597523E+002
    988  1.164295416741071E+000  1.274161449326236E+004
    989  7.737536322569490E+000  9.896565796823015E+004
    990  1.924250396292159E-001  1.088014453975726E+003
    991  1.826087433690295E+001  2.258578477614415E+005
    992  6.273637846028079E+000  6.041586289123321E+004
    993  8.268719203552592E-002  4.736722726428923E+002
    994  2.872008726997961E-001  1.784552823455728E+003
    995  3.587936490052926E+000  2.658708529765542E+004
    996  6.380260568671220E-002  3.215547122448496E+002
    997  1.008671481893249E+001  1.192431962826419E+005
    998  2.018434080085092E+001  2.167238027027571E+005
    999  9.276665510094535E-002  7.899455982947942E+002
   1000  1.114804219367082E+001  1.126073054766787E+005
   1001  2.335685815366508E+001  2.662566104040656E+005
   1002  3.047182319029441E-001  2.662546956151330E+003
   1003  1.030243048356008E-001  5.763723190789740E+002
   1004  3.426198233889545E-001  2.226931748048870E+003
   1005  4.421038237698211E+000  4.601503342815827E+004
   1006  1.997828580342908E+001  1.995248217774364E+005
   1007  6.972033201440667E-002  3.100360380057593E+002
   1008  8.957897219864847E+000  8.406229723088689E+004
   1009  1.039671853414315E+001  9.826284392093903E+004
   1010  1.953435007061228E-001  1.244680420540094E+003
   1011  4.287215564090749E+000  3.840007439259734E+004
   1012  1.081905025510668E-001  5.841963819417369E+002
   1013  2.883892810595313E+000  3.135407649754483E+004
   1014  2.306579704751469E+000  1.994420447175828E+004
   1015  6.419798728545040E-002  3.885072854813621E+002
   1016  7.883075775077022E+000  9.112818529475639E+004
   1017  2.182652699151700E-001  1.275506559766241E+003
   1018  8.142159357956901E+000  9.370492458799023E+004
   1019  4.056466072016078E-002  3.999037396842049E+001
   1020  9.687944756263146E+000  1.243266921342693E+005
   1021  2.384261757868106E+000  2.791536501222392E+004
   1022  5.358969349030330E+000  6.326736305104785E+004
   1023  8.519590932608150E-002  3.235527413519897E+002
   1024  2.252631752426707E+001  2.607323151228613E+005
   1025  1.212570500466053E-001  6.664077941397330E+002
   1026  9.809471166394644E+000  1.015414788563767E+005
   1027  1.517645139408537E+001  1.616263551964320E+005
   1028  3.830691676909611E-001  2.557953273883653E+003
   1029  2.175718497405141E+001  1.909712769394350E+005
   1030  4.153408087633029E-002  4.859788698913348E+001
   1031  1.101861081689460E+001  1.132826755207850E+005
   1032  6.801263862149220E+000  6.394876734504109E+004
   1033  1.765737242268754E+001  1.509570376838420E+005
   1034  4.106718020415078E+000  4.513919760668292E+004
   1035  2.177586079588388E-001  1.299439336126278E+003
   1036  2.518092155252797E+001  1.928947310301826E+005
   1037  5.898469886570359E-002  1.837090699852725E+002
   1038  1.073791543587906E+002  6.948836379741173E+005
   1039  8.411961089036618E+001  7.187586558672405E+005
   1040  4.844090374725579E-001  3.546435227912605E+003
   1041  1.033820704570644E+002  6.814686300639475E+005
   1042  4.683056574231193E+001  5.752486481220842E+005
   1043  2.343581105845140E-001  1.383821123662697E+003
   1044  4.544583130806653E+001  4.504384904158307E+005
   1045  2.472462199512731E+001  2.808115747788284E+005
   1046  8.599163021489159E-001  7.141373920054771E+003
   1047  1.515637612484471E+002  9.910639569403738E+005
   1048  1.290511261651520E+002  1.064994428860659E+006
   1049  1.497665582355426E-001  1.190643687813616E+003
   1050  2.950347093165897E+001  2.969789391619872E+005
   1051  2.287503802846003E-001  1.347558645636578E+003
   1052  1.375675852239832E+002  1.387915691705778E+006
   1053  3.156693257341297E+001  2.470141397903953E+005
   1054  1.645615341211263E-001  9.866295610579773E+002
   1055  3.111844507708160E+001  3.649284431148090E+005
   1056  3.386195556984139E-001  3.178638553076471E+003
   1057  2.943221859986653E+001  2.932153316449575E+005
   1058  4.965175944172098E+001  4.949823791211417E+005
   1059  7.534657578331469E-002  4.289047328965953E+002
   1060  1.663120528068687E+002  1.559316513425527E+006
   1061  2.654582337390300E+001  2.244390588835815E+005
   1062  3.559825982161798E+001  3.381464573145164E+005
   1063  7.600487029687101E-001  5.893415740136803E+003
   1064  1.171338360329729E+001  9.672710666431910E+004
   1065  2.713170436760195E-001  1.953199774207439E+003
   1066  3.505850392948582E+001  4.327493714665656E+005
   1067  7.634500219350659E+001  8.128850564606466E+005
   1068  4.892824143144550E-001  3.417403163678209E+003
   1069  1.661221800788858E+002  1.404022588811008E+006
   1070  1.224962109457501E+003  1.141988387377038E+007
   1071  6.222772516541491E+001  6.747624770998703E+005
   1072  2.307575087435070E+002  1.701531411921233E+006
   1073  9.394346417804847E-002  5.538044220204885E+002
   1074  2.935277423480372E+002  3.151006344123864E+006
   1075  3.188750550106949E+001  2.398077843244952E+005
   1076  4.342987766911336E+000  4.949909591301098E+004
   1077  1.563526837797172E+000  1.477353003538764E+004
