# dt =   1.000000000000000E-005
# j, New nj, Rate of change (1/s)
      1  2.194182862739262E+001  1.220063463128512E+005
      2  7.820689491169011E+002  4.688543080499194E+006
      3  2.417784897342394E+001  1.102131141864368E+005
      4  5.813329477690667E+001  2.359567957787329E+005
      5  1.312150023777427E+002  5.454284938827186E+005
      6  1.718796450012725E+001  6.987422543842830E+004
      7  1.270085199172855E+003  5.336535183232553E+006
      8  6.467871855599934E+002  2.708968191011756E+006
      9  2.825247309384179E+002  1.530153189683323E+006
     10  3.203075167468112E+002  1.199127562356385E+006
     11  6.762428754140414E+001  2.787751955093814E+005
     12  6.516370923339252E+001  2.674360368117021E+005
     13  4.552635906910222E+000  1.373475929978490E+004
     14  2.760799401713368E+001  1.098897299068717E+005
     15  4.108282318536505E+000  1.159975736086762E+004
     16  1.649980800503564E+002  9.216622864938114E+005
     17  4.957674059229198E+001  2.078608192312130E+005
     18  2.185361161191415E+002  9.118563158342988E+005
     19  3.647473739870107E+000  9.037328698733536E+003
     20  6.002927118433085E+001  2.374071493430162E+005
     21  1.042425655435180E+001  3.496554708320657E+004
     22  5.195910849637503E+001  2.567457326294957E+005
     23  6.602721131371925E+002  2.790134878687029E+006
     24  4.980647869846844E+002  2.085372030765909E+006
     25  3.385162865467297E+000  8.956028303176221E+003
     26  5.532920780489114E+000  2.278765823044408E+004
     27  1.249931666006497E+003  6.404712824783571E+006
     28  2.370102875020561E+001  1.057638889250493E+005
     29  2.929011788581582E+002  1.400188066137174E+006
     30  9.261705006019906E+000  3.165298022708335E+004
     31  1.248481190049125E+002  5.390535392397830E+005
     32  6.177514531640267E+001  3.037192767055260E+005
     33  3.240264871407955E+001  1.277924746422426E+005
     34  1.613351951622838E+001  6.121355777779994E+004
     35  3.353935161149254E+002  1.599511672236209E+006
     36  4.117850673133344E+001  1.492254896441024E+005
     37  1.589406401763232E+002  7.888240870600996E+005
     38  5.019791889333666E+002  2.177125422215891E+006
     39  6.127234720091187E+001  2.888823872730715E+005
     40  1.665337655420497E+002  8.366788016145448E+005
     41  1.131847995672546E+002  5.875704631391286E+005
     42  5.128044225973296E+001  2.357938669309455E+005
     43  2.554569489837736E+001  1.130701837895788E+005
     44  1.573771082570805E+002  7.990847174551602E+005
     45  5.686349421040405E+001  3.023421184915122E+005
     46  2.681537438636911E+001  1.159379195728586E+005
     47  1.372140702536037E+000  1.537295953145602E+003
     48  6.444004050261250E+001  2.809323476763220E+005
     49  1.831637369441919E+001  7.793192618505337E+004
     50  1.199377465064145E+001  6.181244118882897E+004
     51  1.751184226661557E+002  1.083613173452271E+006
     52  1.731272199670085E+001  1.002265779106937E+005
     53  1.297460187549596E+001  5.099048609572165E+004
     54  1.289196679204584E+002  6.151745413976028E+005
     55  2.113705159823611E+002  9.976495674866115E+005
     56  1.502234948302318E+000  2.116174857503585E+003
     57  1.441778193675045E+002  6.831362364600692E+005
     58  1.625404444590161E+002  6.911235627582845E+005
     59  2.997012031441697E+000  9.963722903740048E+003
     60  4.058807192183023E+002  2.059346849299268E+006
     61  7.272730238602986E+000  2.193467954793002E+004
     62  1.313992952354976E+001  6.085047422374473E+004
     63  7.202445409749234E+000  3.345436205514819E+004
     64  2.729876870526775E+002  1.207458007994741E+006
     65  2.749338174014956E+003  1.332920794055706E+007
     66  3.895971885225335E+001  1.650632832177627E+005
     67  3.433680899148150E+002  1.628555570865182E+006
     68  9.340758688493628E+000  3.913356448775761E+004
     69  2.430699611214355E+001  1.238060913460779E+005
     70  5.870543540848917E+002  2.899870067793325E+006
     71  7.405527525120697E+002  3.545804474153667E+006
     72  7.796014436553707E+000  2.314319994998019E+004
     73  1.208767209030163E+002  5.664349660021544E+005
     74  3.338229554081814E+001  1.471649133797977E+005
     75  5.242262921177545E+000  1.775066773434553E+004
     76  5.986508203366808E+000  2.117312405320655E+004
     77  1.278750753515510E+001  5.325930929850481E+004
     78  1.502520070019424E+001  6.198343264551563E+004
     79  7.049439632970875E+001  3.955478166076616E+005
     80  2.988295393430432E+002  1.421868597814197E+006
     81  2.153411304500407E+001  1.021098991005670E+005
     82  3.415953209119395E+001  1.595876015718534E+005
     83  1.145296591424314E+001  5.571051189471417E+004
     84  7.464716364575879E+000  2.973777682165286E+004
     85  7.142124362430920E+001  2.807178831022948E+005
     86  4.993439787524218E+002  2.340490583166119E+006
     87  5.131749652898494E+000  1.976648244383797E+004
     88  4.819527452713060E+000  1.820594957976083E+004
     89  4.454795535855323E+001  2.034281813668519E+005
     90  6.606087512130359E+002  3.117186228551889E+006
     91  1.820377126539742E+002  9.257530105078458E+005
     92  9.783064822884046E+001  4.584441121170561E+005
     93  2.332811007604605E+001  1.072509923908168E+005
     94  1.172403341128790E+002  5.495701463640589E+005
     95  4.821169598561000E+001  1.969584128217159E+005
     96  1.190517993963805E+001  4.265176737478416E+004
     97  8.175188843745306E+001  4.522702361625663E+005
     98  1.067599636114274E+002  5.695587450801701E+005
     99  5.953696782257094E+000  2.526953222665981E+004
    100  2.062613984543877E+002  1.167554343314500E+006
    101  2.876125315963008E+001  1.242180355862375E+005
    102  6.750938149526590E+001  3.401926396881941E+005
    103  8.947127511226876E+002  4.660922913619528E+006
    104  8.495639604021749E+000  3.366231879807640E+004
    105  9.440907243237704E+001  5.690533823945668E+005
    106  2.854487300138584E+001  1.218178382147619E+005
    107  4.107805163536722E+000  1.533340140191667E+004
    108  9.072146466594276E+001  3.580274760162829E+005
    109  1.627928223227889E+001  6.477274837761830E+004
    110  7.614953837070554E+001  3.894891011395538E+005
    111  2.724055699773959E+001  1.078894169436180E+005
    112  1.753595388337007E+001  8.282973254910925E+004
    113  2.139381315417709E+001  1.008772978211190E+005
    114  2.668797302602035E+002  1.104603136077550E+006
    115  8.546277300792615E+001  4.366794700163053E+005
    116  1.576763435231900E+001  6.720409382146911E+004
    117  4.017513290838561E+001  1.748935268312675E+005
    118  6.583991536559595E+000  2.707064688221726E+004
    119  1.453038313341962E+001  7.240559314434006E+004
    120  8.178510750741093E+001  4.267173941306281E+005
    121  1.383317615764274E+001  5.532079948606412E+004
    122  1.617476258721649E+000  3.359332973984276E+003
    123  5.112928759358706E+000  1.963976508538985E+004
    124  1.147193864781217E+000  1.170048629712072E+003
    125  5.773842419675374E+001  2.615705300780568E+005
    126  3.832744272315103E+001  1.928184711591726E+005
    127  1.144576741976506E+001  5.539902437982320E+004
    128  4.177447922237089E+001  2.395768048828272E+005
    129  1.214933681619064E+000  1.681598793795353E+003
    130  9.342134886195037E+000  5.075680793391879E+004
    131  3.024179333212494E+001  1.217772030566049E+005
    132  5.695903549623186E+000  2.139943364417613E+004
    133  2.516127404920615E+001  9.875444452162056E+004
    134  1.864947644458036E+001  6.988996174230777E+004
    135  1.934684317730653E+001  9.727034028873466E+004
    136  2.573895588403600E+001  1.454953898940436E+005
    137  1.519545333526852E+001  6.657921217668011E+004
    138  2.417239391240949E+001  1.098102733360208E+005
    139  2.402752546457016E+001  1.292684138194580E+005
    140  1.736246923694689E+001  8.834462214193837E+004
    141  7.536836169811102E+000  3.238050053520961E+004
    142  7.839127250850679E+001  3.292050229290585E+005
    143  2.902805014288126E+001  1.254853952327740E+005
    144  5.084360152674939E+001  2.220374781670586E+005
    145  1.194106815646349E+001  5.744988729554721E+004
    146  1.020181509985778E+000  7.542971717109357E+002
    147  4.080153874145525E+000  1.338181075391861E+004
    148  1.490412956696878E+001  7.883681559284187E+004
    149  5.867837459366514E+001  3.029803914117409E+005
    150  1.134794122017719E+001  3.899824525085604E+004
    151  3.541549664513482E+002  1.954456599145191E+006
    152  1.518091006793914E+002  7.117067446311523E+005
    153  2.049870896955425E+001  7.873211835533139E+004
    154  1.061444576959129E+003  4.983452357251870E+006
    155  4.598953017069476E+001  2.167910038693952E+005
    156  1.363671623912659E+001  5.388007835743463E+004
    157  5.088373443314321E+001  2.139193627903040E+005
    158  3.047135424726446E+001  1.261390910180485E+005
    159  7.391911528635434E+000  3.075809502654410E+004
    160  6.650172724455405E+001  2.900175304112383E+005
    161  3.670138257356982E+001  1.510647181099771E+005
    162  2.781534051177232E+000  7.362638157094523E+003
    163  4.253025563456698E+002  2.127632238347838E+006
    164  5.443765024329645E+002  2.496542064863883E+006
    165  4.734585536510494E+002  2.259147562508853E+006
    166  6.474690466118545E+001  3.219439024532629E+005
    167  6.514989132969419E+000  2.500473551951925E+004
    168  9.758443247837331E+000  4.012498709473505E+004
    169  2.859986820938649E+001  1.092004451078333E+005
    170  3.620852399395818E+000  1.327042221862686E+004
    171  5.318067771058632E+000  1.994199065490244E+004
    172  4.814373924091906E+001  2.295501399186146E+005
    173  3.174987664685068E+001  1.395706572883781E+005
    174  1.517461101218678E+001  6.100334565121152E+004
    175  2.158336147409705E+000  6.688179614173354E+003
    176  6.762806492082709E+000  2.499696472571638E+004
    177  3.730676490697347E+001  2.131133578653604E+005
    178  7.927734024177948E-001  1.335156955697384E+002
    179  2.324325673160641E+000  5.797250909789752E+003
    180  3.193338880919050E+001  1.171577661674289E+005
    181  3.152318168337935E+000  1.257864605875942E+004
    182  1.548620689838034E+002  9.476315003678785E+005
    183  3.803355447878244E+001  1.669780473061858E+005
    184  1.674544457882794E+001  6.510170104146630E+004
    185  1.375774518031769E+002  7.233628310873745E+005
    186  1.178080871387152E+002  6.481034557528216E+005
    187  4.825469435619798E+000  1.714634210097766E+004
    188  1.350667745388072E+002  5.195813370259669E+005
    189  5.428099450105097E+000  2.190593760898862E+004
    190  3.696784503295802E+001  1.628224696003079E+005
    191  1.558651202423286E+001  6.399020468125058E+004
    192  2.408788668104141E+001  1.113339760979023E+005
    193  8.766101342445747E+001  4.521572329447009E+005
    194  1.419542235826644E+001  7.610806705744522E+004
    195  4.502610452053507E+001  2.156279387603410E+005
    196  2.331806794692821E+001  9.158089306895393E+004
    197  3.739796059300490E+001  2.150356374772540E+005
    198  1.229485943260564E+002  5.279833483567614E+005
    199  8.514847178981586E+001  3.679403436721411E+005
    200  1.183097113674687E+000  2.412921823566836E+003
    201  1.404860040160116E+001  5.747393642469592E+004
    202  2.587819832618046E+001  1.080750441938111E+005
    203  7.109833405450667E+000  3.465596509409972E+004
    204  1.909921116418568E+001  9.492682127871261E+004
    205  2.296518641182930E+001  1.001901521438732E+005
    206  1.718739436972277E+001  7.529395139772547E+004
    207  5.238495933846082E+001  2.237917087581685E+005
    208  9.847676140426380E+000  3.486829380152538E+004
    209  5.982758981198095E+000  2.546249225764799E+004
    210  3.528682131691409E+001  2.211329116351512E+005
    211  1.498971713369084E+001  9.286915968556063E+004
    212  2.973310135925577E+001  1.175176481890992E+005
    213  1.810004332652837E+001  9.825721478734376E+004
    214  7.234453379168549E+000  2.719346319360003E+004
    215  7.976958603576588E+000  3.290902971137530E+004
    216  2.473018771655613E+000  6.946524502017412E+003
    217  2.300887657190475E+001  1.230534865924405E+005
    218  1.759853670574553E+001  6.674256104449637E+004
    219  2.714830181125166E+000  8.880049474851650E+003
    220  2.628727021948793E+000  8.100300746338366E+003
    221  2.293674790903985E+001  9.784067575659962E+004
    222  1.792621043674342E+001  7.950466076657025E+004
    223  5.067471284689817E+001  2.023579165211103E+005
    224  1.240959144157809E+000  2.302771998936424E+003
    225  1.434872903816903E+000  3.376982729450737E+003
    226  1.795132277076172E+001  7.855436949510391E+004
    227  1.408726097109916E+000  3.142089618084598E+003
    228  1.030622685115313E+000  1.623374553364575E+003
    229  7.725795836418651E+001  3.169012297099527E+005
    230  7.034017025913737E+001  3.354659863704596E+005
    231  9.924756983752848E+000  3.477839303816630E+004
    232  1.930087887525947E+002  1.216614273495222E+006
    233  4.673103664045322E+001  2.085777628578011E+005
    234  4.673593082534731E+000  1.701144406224373E+004
    235  1.280819293361995E+000  3.245216728149466E+003
    236  6.514060910302226E+001  2.871269452904537E+005
    237  1.173298080372095E+001  4.744286536070801E+004
    238  3.074459864119761E+001  1.384393604651969E+005
    239  1.651619034698954E+001  7.739212900462798E+004
    240  3.412437020173332E+001  1.768650068510536E+005
    241  4.569424532756034E+001  2.024926493041359E+005
    242  5.564689604258184E+000  1.997625813518860E+004
    243  2.269611892715330E+000  8.034758998351782E+003
    244  1.401024095280056E+001  7.779296554311334E+004
    245  7.231454166735919E+001  3.134977093259759E+005
    246  2.160798135308766E+001  9.365668626557356E+004
    247  1.613813313137060E+001  7.563325152895889E+004
    248  3.166668343918199E+002  1.455471904440196E+006
    249  6.443812335355621E+001  3.039910997820926E+005
    250  1.955035084378421E+000  5.338719258934197E+003
    251  3.877529881195949E+001  1.514566153062327E+005
    252  1.079820168270573E+000  1.608465925654004E+003
    253  1.387957361945344E+002  6.344548666404862E+005
    254  6.619636104398981E+001  2.865068831427371E+005
    255  6.622115502628468E+001  2.735344127186129E+005
    256  2.179398846739257E+001  1.023868028202969E+005
    257  4.039443287754526E+000  1.542830077585584E+004
    258  1.404692823321070E+002  6.548651826405417E+005
    259  4.136581495633656E+001  2.231864155281783E+005
    260  3.192447907853098E+000  9.959050142259375E+003
    261  7.177461995749021E+000  2.900537284283555E+004
    262  8.295104362385841E+000  3.545730630141935E+004
    263  8.013489916330501E-001  9.236647519938573E+002
    264  4.159984725567467E+001  2.027510678885908E+005
    265  1.473615854778681E+000  4.023142451941661E+003
    266  5.872453850763014E+000  2.570225639697569E+004
    267  3.270147728765607E+000  1.258077795191850E+004
    268  9.293986310625528E-001  1.491152842772818E+003
    269  2.046743227003683E+000  6.054067860832998E+003
    270  6.192288695538585E+000  2.756639940460297E+004
    271  2.096393424913231E+000  6.960999394452118E+003
    272  5.326199036972078E+001  2.687263142017482E+005
    273  1.282377061786354E+001  6.767286214712240E+004
    274  4.139807676937228E+001  2.221919056013443E+005
    275  1.099666137320602E+001  3.829264727476234E+004
    276  8.327362228695117E+000  4.162692223475929E+004
    277  2.390112841769978E+000  9.127178042894338E+003
    278  5.381462795136822E+000  2.517359048638247E+004
    279  2.801017091832719E+001  1.400216446432524E+005
    280  4.958821042818661E+001  2.922791140926756E+005
    281  2.602210041051045E+001  1.340797265439845E+005
    282  3.238440109556262E+001  1.339303452879695E+005
    283  1.803246581004227E+001  8.391320740395773E+004
    284  1.741919072615139E+000  5.098676251290394E+003
    285  1.706215488154376E+001  8.662942706344515E+004
    286  1.171563007842032E+000  3.207972590663441E+003
    287  4.220643924107256E+000  1.981395195888086E+004
    288  2.545446941430265E+001  1.068833283835079E+005
    289  3.038658675310613E+001  1.579604819091415E+005
    290  1.175083783859754E+002  6.566273575216312E+005
    291  2.352192367614905E+002  1.356660418968257E+006
    292  8.260606342907460E+000  3.807183930191861E+004
    293  3.595408852683300E+002  2.019170505611212E+006
    294  5.449736571673550E+001  2.658101493100813E+005
    295  2.405667145458699E+001  9.221013953675352E+004
    296  1.000418071975822E+002  4.198950813362268E+005
    297  1.573899106690638E+002  6.479975330882435E+005
    298  4.595523759615507E+002  2.839523730299920E+006
    299  7.219051116754819E+001  4.225723862332968E+005
    300  1.804760103670797E+002  7.695999721624921E+005
    301  1.778652704262503E+002  7.783477791355186E+005
    302  2.117612786536974E+001  9.398517451735539E+004
    303  2.438701983246805E+001  1.107005777615880E+005
    304  8.571180028202740E+000  3.127973557127992E+004
    305  5.444549506274395E+000  2.051839891477507E+004
    306  5.095900662859732E+001  2.381239955382313E+005
    307  5.383353644051510E+000  1.912683935402112E+004
    308  1.430584902990489E+002  6.678033606548851E+005
    309  1.124839374571868E+001  4.720098546627233E+004
    310  4.124430489152421E+001  1.910700189993438E+005
    311  3.923584775795383E+000  1.356096604653644E+004
    312  9.951234108292644E+000  3.726680987618698E+004
    313  1.880116287609860E+000  5.413435399106143E+003
    314  6.151730573684872E+000  2.246077565985953E+004
    315  1.865605751546248E+000  5.618209596925466E+003
    316  3.004676751010225E+000  1.127477031952958E+004
    317  6.872885006666691E+000  2.607446910363111E+004
    318  6.717167003616456E+001  3.109000164782252E+005
    319  7.225963329199951E+000  3.557809578846688E+004
    320  2.136421446739708E+001  8.885287917129835E+004
    321  1.058056601883906E+001  4.051824979256193E+004
    322  5.137436966489323E+000  1.855191138692064E+004
    323  3.998464422406149E+000  1.347958333157583E+004
    324  8.554155065835209E+000  3.397892251475016E+004
    325  2.113762825918704E+001  7.939118018653816E+004
    326  3.041986301549865E+001  1.590921951927285E+005
    327  1.201790137001078E+001  4.397936565511900E+004
    328  1.362101385621017E+000  3.666507020126231E+003
    329  7.194537870649641E+001  3.561037770959950E+005
    330  9.527850150972490E+001  3.983598803697100E+005
    331  2.555728364140508E+001  1.040682654083798E+005
    332  9.149294027528008E+000  5.082068476434689E+004
    333  3.985400790365652E+001  2.243308911121719E+005
    334  6.436765322170427E+000  2.332710632125559E+004
    335  3.955096773367902E+001  1.572505844877842E+005
    336  1.184024441773743E+001  4.818660311679754E+004
    337  4.338587634528150E+000  1.575993563880882E+004
    338  1.215889528881594E+001  5.043675515388944E+004
    339  3.810082394812105E+000  1.407613493747367E+004
    340  3.247481295720180E+001  1.769958535987082E+005
    341  7.150294687610005E+001  3.017445953879952E+005
    342  1.453573114231630E+000  4.329275948776177E+003
    343  2.865124168620648E+001  1.409787395543270E+005
    344  7.155816696612162E+001  4.029268752074249E+005
    345  5.540852982606073E+000  2.938566098579157E+004
    346  2.318544658126707E+002  1.337774112079215E+006
    347  5.764124367634158E+001  2.429118217144564E+005
    348  3.422551784657207E+001  1.443786065496313E+005
    349  9.428981648925125E+000  4.306826304846449E+004
    350  1.231437722889686E+000  3.458212126186553E+003
    351  1.011147343760918E+001  4.122816690681628E+004
    352  1.533937946010069E+001  6.406368113721471E+004
    353  1.792815684071674E+000  6.288997655342504E+003
    354  1.484172047172150E+000  4.350914170974926E+003
    355  9.341293812858579E+000  4.427653296043690E+004
    356  7.327049310172370E+001  3.433245245552253E+005
    357  1.634963331382947E+001  6.750325027372445E+004
    358  2.116746284383450E+002  9.532980539989056E+005
    359  2.209892601720929E+001  1.168080046825382E+005
    360  6.582546912889017E+000  2.489871405762226E+004
    361  4.348150028664377E+000  1.701811926972461E+004
    362  9.120207406407235E-001  1.868617072234993E+003
    363  5.093443681353379E-001  2.501644351845918E+002
    364  8.049179180553907E+000  4.090999215225143E+004
    365  8.562331075249629E+000  4.040840980369948E+004
    366  1.559728419239662E+000  4.776579112087008E+003
    367  1.426998142687681E+001  7.675613569582271E+004
    368  1.157348594877495E+000  2.801719708453104E+003
    369  6.122101482848417E+000  3.572439079470590E+004
    370  1.998764768889740E+000  6.446053931381096E+003
    371  8.814024860210808E-001  1.975921505431039E+003
    372  3.921283745869933E+000  1.745268706295736E+004
    373  9.235890662652189E-001  2.351431894471943E+003
    374  3.869385646476345E+001  2.156849782472618E+005
    375  2.788568987600915E+000  1.332751104271055E+004
    376  5.394990770996338E+001  3.008279411222843E+005
    377  6.528794998483202E+000  2.841109153447106E+004
    378  5.620118961531740E+001  2.518579936473535E+005
    379  4.045928305459728E+001  1.749097504456368E+005
    380  3.749279165277415E+001  1.675628090058584E+005
    381  2.217769307977967E+001  1.064895241940612E+005
    382  9.932698998606103E+000  4.071155361810448E+004
    383  3.831210643900782E+001  1.947673753687157E+005
    384  1.039371768014916E+003  5.534580869762827E+006
    385  3.637524735312624E+001  1.573267529132336E+005
    386  3.655683234392569E+002  1.821160544628482E+006
    387  9.807179716431263E+001  5.046353247022433E+005
    388  5.187298104614386E-001  5.958949072455293E+002
    389  1.058167085275659E+001  4.309731147642658E+004
    390  3.965589734171169E+002  2.494497504361183E+006
    391  1.453629917286722E+002  6.714947656228613E+005
    392  2.679335763855888E+002  1.352457317716422E+006
    393  5.214364621226349E+002  2.983273846962802E+006
    394  9.231892734490048E+000  4.206268500929642E+004
    395  1.204560070182118E+002  7.038862269439184E+005
    396  2.682728948257698E+001  1.409832849808903E+005
    397  7.076281948011744E+000  3.421555739868360E+004
    398  1.109997328376948E+001  5.805673494844879E+004
    399  3.508397234872142E+001  1.893323331930314E+005
    400  8.985331097384649E+001  4.419079190922762E+005
    401  1.366164041066359E+001  5.502226350349752E+004
    402  1.269588703294449E+002  6.415215503758179E+005
    403  3.955211011220266E+001  1.616959087261596E+005
    404  1.261084796010426E+001  6.237294052842935E+004
    405  5.434431131925807E+001  2.589137505634623E+005
    406  4.322497019026876E-001  5.511055431277240E+002
    407  1.962432819373079E+002  1.139859203310758E+006
    408  7.838911578529199E-001  2.551318776082451E+003
    409  3.594120927247599E+001  1.701683466198920E+005
    410  2.089926786190161E+000  9.264595077882846E+003
    411  2.093897354439254E+001  1.078066095344159E+005
    412  5.662785742048423E-001  1.093767206302914E+003
    413  5.993256429735879E+001  2.526813470947694E+005
    414  4.142538736229342E+000  1.541931256633435E+004
    415  7.944482844870581E+001  3.712553795700276E+005
    416  2.863612332830797E+000  1.270646423947195E+004
    417  1.744026261273331E+001  7.726482180105509E+004
    418  1.702149251977071E+003  6.171090653220959E+006
    419  2.027184028421119E+002  1.187299839947100E+006
    420  3.483055177151618E+000  1.575081822310320E+004
    421  1.684316707159173E+001  8.264471953037083E+004
    422  1.564503610826489E+002  5.903215985352496E+005
    423  1.353348667890754E+002  6.373034885462249E+005
    424  8.568468987987065E-001  2.344273070785529E+003
    425  4.387413544111594E+002  1.667819373585266E+006
    426  7.366788617522246E+001  2.930968948903201E+005
    427  1.250327663340497E+002  5.913846426543290E+005
    428  6.315099812219782E-001  1.480277136568207E+003
    429  1.021410660535715E+000  3.192853880443693E+003
    430  9.498295545710457E+001  4.796193538998064E+005
    431  5.524591655480349E+001  2.139058176164019E+005
    432  1.908104071015043E+000  7.314593986136187E+003
    433  6.845485270112459E+000  3.180598314018062E+004
    434  7.550553396055159E+001  3.911554177770671E+005
    435  1.740252580852695E+000  5.861229911909883E+003
    436  1.616238583300448E+002  7.180934804493892E+005
    437  1.441362765499279E+000  5.202882289514343E+003
    438  2.158788566173694E+002  9.796661537869183E+005
    439  4.289801324634981E-001  4.152372811830458E+002
    440  4.342800472394675E+001  2.278352037224136E+005
    441  1.925356632409375E+000  6.487851231264333E+003
    442  1.411835604166989E+001  6.926875535156832E+004
    443  3.745612673309542E-001  3.583723822570370E+002
    444  7.376898058730244E+000  2.879200264149292E+004
    445  7.085850501553224E+001  3.199163980389317E+005
    446  3.838150019454060E+001  1.907082631088533E+005
    447  1.014589831700992E+000  3.152747244413484E+003
    448  1.770726371989412E+001  9.006283164332988E+004
    449  1.238931539094064E+001  5.442434095201201E+004
    450  8.858806026001511E+001  5.534722149896495E+005
    451  9.302524579700780E+000  4.269020492686076E+004
    452  9.284025372185755E+001  5.502387304631771E+005
    453  1.642641014867858E+002  9.196876990458089E+005
    454  2.365797284818277E+002  1.589493973288173E+006
    455  4.223857798769183E+000  2.105551338367238E+004
    456  8.759876885150250E+001  5.581483250859194E+005
    457  1.367642482900285E+000  4.090798255002521E+003
    458  6.275429400524265E+001  3.895424374360456E+005
    459  2.690733493751431E+001  1.228425399677783E+005
    460  4.882127570087543E+001  3.161676347713504E+005
    461  1.040340348935532E+000  3.249018456625594E+003
    462  1.242521686974370E+002  5.865514591792270E+005
    463  1.474219948782259E+000  5.071994691197372E+003
    464  8.363391507927345E+001  4.063833650557706E+005
    465  1.865506021626044E+000  6.582748785684501E+003
    466  2.812943986232959E+001  1.375777639633605E+005
    467  1.704061576193356E+001  7.825077780954003E+004
    468  2.834959181821497E+001  1.425674655832771E+005
    469  9.216481735828879E-001  2.645275884963068E+003
    470  2.346153158148399E+000  8.517731372518921E+003
    471  1.710174608699502E+000  6.041622936202417E+003
    472  8.383577640503660E+001  4.553067938679545E+005
    473  4.682759791988276E+000  2.374022536988978E+004
    474  2.687503909102698E+002  1.628368185810325E+006
    475  1.853676607639643E+001  1.094973018974290E+005
    476  1.482394621039199E+000  5.912235295476802E+003
    477  4.039478211194615E+001  2.592759272764591E+005
    478  8.559782051143820E+000  4.530761882698676E+004
    479  1.348659809953547E+002  7.772166128333135E+005
    480  1.518911955063587E+001  7.558803768209017E+004
    481  2.434243706811905E+000  7.939378542108817E+003
    482  1.887339303017196E+001  9.993489782170508E+004
    483  3.449757597894097E+001  1.708649945232348E+005
    484  2.237605025114243E+000  9.539540632170812E+003
    485  5.499943395318118E+001  3.214180860555592E+005
    486  5.102088683886442E+000  1.736286973983867E+004
    487  4.029616948236457E+001  2.567878196973958E+005
    488  7.005230492281068E-001  1.643228741979033E+003
    489  2.815900140886596E+001  1.682682441052090E+005
    490  3.992636138945542E-001  7.358175739025511E+002
    491  2.143723097043110E+001  1.240116927415098E+005
    492  4.009655104856378E+001  1.832778737951922E+005
    493  1.247197381163160E+001  5.144744216705077E+004
    494  2.400646152449485E+001  1.205482439953354E+005
    495  2.746647818252062E+001  1.472399162368485E+005
    496  6.108962549239141E-001  1.530611715945633E+003
    497  2.241662747965733E+001  1.026999646347129E+005
    498  1.537997120894153E+001  7.771716265539896E+004
    499  3.089173972495549E-001  1.796120268568204E+002
    500  1.953479374741696E+001  1.105933934233217E+005
    501  3.130347186961723E-001  2.537398670723373E+002
    502  5.062493350262063E+000  2.012078471524529E+004
    503  7.739932111460459E+001  4.677847389174879E+005
    504  5.200833677723590E+001  2.851684120856228E+005
    505  3.315880611142300E+001  1.967465962306669E+005
    506  6.592542267986068E-001  1.633572826924633E+003
    507  8.372998348633780E+001  3.977262453487306E+005
    508  1.179377512834332E+000  4.549802841060653E+003
    509  9.100144008105421E-001  3.465204078833442E+003
    510  5.770907347484991E+001  3.330206056720524E+005
    511  2.843536321379728E+000  1.356802408494866E+004
    512  7.515137225113705E+001  4.497567557624524E+005
    513  2.164848081751036E+000  8.782090544040017E+003
    514  2.017674395032387E+001  1.113045480046429E+005
    515  5.947129213284573E+000  2.519713286580220E+004
    516  7.442271657845503E+000  3.877568530836923E+004
    517  1.166835461011308E+001  6.995516712708939E+004
    518  3.313941684112024E+001  1.903484457384245E+005
    519  2.831036101386342E+001  1.825263741954390E+005
    520  4.319480731276481E-001  8.289003746034435E+002
    521  4.540749906492636E+000  1.785340765849296E+004
    522  1.828006661026780E+000  8.212692636247650E+003
    523  1.391377680614880E+001  7.184117613090598E+004
    524  7.363889383369852E+001  4.925960949322389E+005
    525  5.451169676811790E+000  2.668657051650414E+004
    526  2.748091483744887E+000  1.158913458939974E+004
    527  3.058105174336606E+001  1.933155564295816E+005
    528  4.321941190637621E+000  1.824905159648670E+004
    529  2.332983672378667E+000  9.144128629405701E+003
    530  4.508668804295966E+001  2.525018263852060E+005
    531  5.557975019639493E+001  2.527856223076626E+005
    532  1.277632388613286E+001  6.022306018831874E+004
    533  1.458168547009149E+001  7.427009857157645E+004
    534  9.483771310777538E+000  4.528231600214318E+004
    535  3.944391153053933E+002  2.052750553561789E+006
    536  7.130093369624406E+001  2.967033275672398E+005
    537  9.431986285839547E+002  4.634373534072498E+006
    538  8.468935680722930E+001  3.365335360936064E+005
    539  7.924457150141296E+002  4.255343864170738E+006
    540  4.013304910576790E+001  2.048874445387226E+005
    541  1.050747936629487E+001  6.169889156098411E+004
    542  4.724832894528371E+000  1.975390667081793E+004
    543  1.557681338322871E+001  6.558931290494736E+004
    544  2.608392884450923E+002  1.105910190556815E+006
    545  1.740600669902859E+001  9.193568148122577E+004
    546  3.759334142241531E+002  1.585576708615739E+006
    547  5.013468334655639E+003  2.123877840703401E+007
    548  1.266824498573301E+001  5.352751853311554E+004
    549  2.244157968890788E+002  9.390875409795279E+005
    550  6.965585255767530E+001  3.994478912727539E+005
    551  3.048433522227320E+002  1.229959074457517E+006
    552  2.944955926258482E+002  1.023390326310801E+006
    553  3.399167724093738E+001  1.605813986480287E+005
    554  1.837003211844022E+002  7.835030942605516E+005
    555  5.498477471919919E+000  2.539221965830615E+004
    556  1.062962550068214E+000  3.628157995959527E+003
    557  2.922084224229977E+001  1.286386196074983E+005
    558  2.614903838371637E+000  1.141628016024330E+004
    559  3.380502182788305E+001  1.835618232278618E+005
    560  1.163221210475345E+001  4.966578981058072E+004
    561  2.494356342353361E+000  1.163829098297423E+004
    562  1.752848222806581E+000  5.801147063469948E+003
    563  7.012952479559494E+002  3.108887192887991E+006
    564  1.952035604108418E+001  7.928404621286417E+004
    565  5.263017322001689E+000  2.351607339304027E+004
    566  8.935730818425800E+002  3.721224548747800E+006
    567  2.238818337979021E+000  8.888987039017136E+003
    568  2.108281630529412E+001  1.011182188687097E+005
    569  1.250184368258168E+000  5.068255472315046E+003
    570  7.258693751728211E+001  2.863044323180096E+005
    571  3.960353930066496E+000  1.677929766242146E+004
    572  1.447427442183943E+001  5.746004398813783E+004
    573  6.040458862478614E+000  2.562516805985182E+004
    574  7.990743599251384E-001  3.458268685280929E+003
    575  4.879932569053364E+001  2.500963382924631E+005
    576  1.704907589775833E+001  5.892475588073756E+004
    577  3.175295582674581E+000  1.337319045031667E+004
    578  3.039941346896266E+000  1.345101997121720E+004
    579  1.204531760704423E+000  5.348929389004661E+003
    580  2.052394716204832E+001  8.912995901900770E+004
    581  1.181219073439286E-001  2.781370228383465E+002
    582  1.431750075237398E+001  6.500907251554960E+004
    583  1.838474448945387E+000  7.208268848316618E+003
    584  3.373925205517854E+000  1.481238838960613E+004
    585  1.217635127369421E+001  6.249248390371331E+004
    586  6.815471181707515E-001  2.289291564914950E+003
    587  7.364520335508728E+000  3.808199673593463E+004
    588  9.461039877816756E+001  5.243958634974449E+005
    589  1.882330913569999E+000  7.333772830491286E+003
    590  4.054270166232714E-001  1.305064788720736E+003
    591  6.415415622294449E-001  2.369986481839156E+003
    592  4.007105154692978E+001  2.263519335508307E+005
    593  2.779196960305463E+001  1.541433337612570E+005
    594  2.551975266264394E+000  1.063921986270230E+004
    595  1.469881922017302E+000  5.552551866732808E+003
    596  1.773260275247481E+000  7.504198026776440E+003
    597  2.011757210908996E+000  1.114430898203724E+004
    598  1.164519570011796E-001  1.805057646619052E+002
    599  2.016586733744489E+001  1.220703806032629E+005
    600  5.645729732070159E+000  3.654372456259937E+004
    601  7.618474260441339E-001  3.196065019755898E+003
    602  2.724494061524968E+001  1.534080605857938E+005
    603  2.871675448428305E-001  1.116055049432595E+003
    604  1.223183618190835E+001  5.265861629178974E+004
    605  3.151161694104662E+000  1.291958554225255E+004
    606  1.366675454329514E-001  2.935720116544735E+002
    607  2.420032710611584E+000  1.165854844239729E+004
    608  9.908637909943500E-001  3.968193002169920E+003
    609  7.851260138910033E+000  4.120895279288368E+004
    610  1.884526851346187E+000  7.848267402965957E+003
    611  2.268163747198618E+000  1.121436403695413E+004
    612  1.090073055986725E-001  2.077826682374919E+002
    613  2.292014871516829E+001  1.223060235749650E+005
    614  2.588590840985671E-001  8.402616501668836E+002
    615  9.882590398940680E+000  5.735245148429802E+004
    616  2.206823419497157E+000  9.436413878176869E+003
    617  6.313934910472183E+000  3.423344348433366E+004
    618  1.355983118338747E+001  6.876022585940333E+004
    619  5.417154156580711E-001  2.044369724777262E+003
    620  7.640986932713885E-002  4.407416073341606E+001
    621  6.702859772973776E+000  3.786147083308580E+004
    622  1.511142348383262E+000  6.026990492627127E+003
    623  5.214451949447143E+000  2.667373842924173E+004
    624  1.679406816485886E+000  6.765547790338192E+003
    625  5.172617609652124E-001  1.782925183853756E+003
    626  1.778095110423741E+000  9.469828920778273E+003
    627  4.537478186871045E-001  1.610701554918761E+003
    628  1.282092060948988E-001  2.306305052908667E+002
    629  1.109812364220112E-001  2.036545194436283E+002
    630  1.349953227384535E+000  5.987669742395370E+003
    631  1.229839766024237E+000  5.794646280670690E+003
    632  1.469775172245331E+001  8.492595762878050E+004
    633  9.256313986083679E-001  3.491129349254288E+003
    634  6.949241935917112E-001  2.671106233074467E+003
    635  2.124749676669035E+000  9.151190018258569E+003
    636  2.332916565732054E+000  1.009484007881899E+004
    637  1.553499024484213E+000  7.255435571671992E+003
    638  1.431207581540142E-001  3.578394090536176E+002
    639  5.344326236581620E+000  2.529989513381328E+004
    640  4.993351996369323E-001  2.124851770435603E+003
    641  1.393283837796236E+000  5.802872164526853E+003
    642  4.286230814580068E-001  1.464882522218810E+003
    643  4.070182264550419E+000  1.846072046665152E+004
    644  3.025827284235167E-001  9.574994423933671E+002
    645  2.743409425835857E+000  1.448096960175367E+004
    646  1.155228178302473E+000  5.417707464391703E+003
    647  7.320731253417420E-002  3.851077028337344E+001
    648  4.564357245598941E-001  1.760125498624499E+003
    649  4.619374473429002E+000  2.686401340198520E+004
    650  2.512501780526623E+000  1.382089889895010E+004
    651  4.172664608053965E-001  1.487805486923468E+003
    652  6.924739774399286E-002  1.549062531499764E+001
    653  1.765562628092740E-001  5.278727552986180E+002
    654  9.045323231976829E+000  4.879669751083405E+004
    655  4.811509654937717E+000  2.792296861142400E+004
    656  1.442265358747412E+000  5.720822972385690E+003
    657  5.260117506269558E-001  1.964466213403635E+003
    658  5.701397460223305E+000  2.748278042509628E+004
    659  6.145657821683390E+000  3.252755081253941E+004
    660  4.494120012905545E-001  1.650013145825595E+003
    661  1.033611895703535E+001  5.801677587484571E+004
    662  1.946476700691293E-001  5.987018359463276E+002
    663  1.502000254361789E+001  8.504925461630411E+004
    664  3.188058834456069E-001  1.144342795794165E+003
    665  6.156153487664262E-001  2.271412699110843E+003
    666  5.150209546340603E+000  2.186302029953145E+004
    667  5.998206401000728E+000  2.768698712749797E+004
    668  3.849592190559806E-001  1.518102055745863E+003
    669  1.302104095335556E+001  7.339413234234616E+004
    670  1.145470264309566E+000  4.656497793053245E+003
    671  2.823038863183375E+000  1.619777351725249E+004
    672  2.023461355835949E+000  8.096441189594301E+003
    673  1.905375501253115E+000  7.933066498606866E+003
    674  2.249115575783400E+000  9.224278749698007E+003
    675  1.144129984622012E+000  6.544885868937749E+003
    676  1.630414210758981E+000  7.608441173138247E+003
    677  4.030427043114145E-001  1.376603080523881E+003
    678  8.552313078433542E+000  4.645482718517428E+004
    679  5.335988354496221E-001  2.028113255217514E+003
    680  2.478055392685427E+001  1.174633258768810E+005
    681  9.354515124578494E+000  4.545873724230489E+004
    682  1.259624720309238E+000  5.023264153639126E+003
    683  6.706905318715793E+000  3.427289213224366E+004
    684  1.131392056165599E+000  4.490562632772162E+003
    685  4.526458313302107E-001  1.716773139300401E+003
    686  8.427593035879239E+000  4.054001356168392E+004
    687  1.234130480408560E+001  6.285562952862983E+004
    688  2.416680127210780E-001  7.240735114307626E+002
    689  9.109168530421181E+000  4.878986035538409E+004
    690  6.930210537063160E+000  3.507435084164054E+004
    691  1.228514424836211E+001  5.809262593651773E+004
    692  1.059393477957077E-001  1.632674934326278E+002
    693  1.757288128334308E-001  5.365105620477977E+002
    694  1.999081710504408E+001  9.447353542141865E+004
    695  1.198242068873706E+000  4.832521280464170E+003
    696  3.811087132327345E-001  1.337889336421667E+003
    697  1.318504439268099E+001  5.982844541479306E+004
    698  3.516954079817994E+001  1.608457938504861E+005
    699  3.978340534513872E-001  1.451205103693043E+003
    700  4.719806316548323E+000  2.158181269938030E+004
    701  8.515127867670846E-002  8.146496155745153E+001
    702  2.673456363731495E+000  1.243855437508378E+004
    703  2.339026436097807E-001  6.852579438542753E+002
    704  8.365031878507476E-002  7.989224328470328E+001
    705  2.683095030417712E-001  8.196100881579226E+002
    706  7.967221228623470E+000  4.395623986473958E+004
    707  4.452442367513560E-001  1.598946079232349E+003
    708  1.601908264157739E+001  7.379610075627017E+004
    709  7.495887907585638E-001  2.942874278210914E+003
    710  1.978289730728286E+001  1.072252030796302E+005
    711  2.352007028510474E-001  8.794518369464498E+002
    712  2.512830561501212E+001  1.361417940682384E+005
    713  1.541406818773431E+000  6.358972955197233E+003
    714  3.030883222118229E-001  1.027615373949227E+003
    715  3.261158254059130E-001  1.133619959999304E+003
    716  1.293286057801482E+001  6.160165426242584E+004
    717  1.425618577667661E+001  7.641596686194623E+004
    718  8.680284538657491E-002  1.454754127343423E+002
    719  9.399730466113073E+000  4.782918842608091E+004
    720  1.050526898305359E-001  1.768177517251931E+002
    721  3.831624500072356E+000  2.168998087807414E+004
    722  3.325774749098913E-001  1.224632626801531E+003
    723  1.375618816321638E-001  5.143785594323183E+002
    724  7.847237424528849E+000  4.849100463982378E+004
    725  5.095471120353928E+001  2.575226463858393E+005
    726  1.332681666645589E-001  3.032748508598749E+002
    727  1.512613519315171E+001  7.906192151292281E+004
    728  1.886112149326309E-001  5.308111746786475E+002
    729  1.665469197073882E-001  4.316006808268140E+002
    730  6.482159339995213E+000  3.031991952312054E+004
    731  3.957098749877153E+000  2.280398115644874E+004
    732  4.305769748638729E-001  1.424037410727005E+003
    733  4.440446771517482E+000  2.520575158404001E+004
    734  7.592749846397143E-002  6.585866772599361E+001
    735  1.940916085493051E-001  7.936460013995006E+002
    736  8.643241321584140E-002  1.054168490297424E+002
    737  1.198553751058335E+000  6.496541683862603E+003
    738  4.362239422126247E+000  2.450868187300305E+004
    739  2.861997195503321E-001  1.199517748779065E+003
    740  1.275914894772648E-001  4.122167387103565E+002
    741  1.758099378176701E+001  1.089312760156248E+005
    742  6.461692885608958E+000  3.021454526281607E+004
    743  7.725940888135760E-002  1.052889871241873E+002
    744  6.636681922218730E-001  2.508523444709267E+003
    745  1.030294417307102E+001  5.125799027404536E+004
    746  3.621795325921987E+000  1.879442934732545E+004
    747  1.935797022178773E-001  6.691630721121620E+002
    748  2.413483540186001E+000  1.466622417478805E+004
    749  6.084221830421368E+000  2.928056594609435E+004
    750  1.177150128602164E-001  2.691224825480926E+002
    751  3.291200132201765E+000  1.887579827977246E+004
    752  7.190226647677074E-002  4.919011778488874E+001
    753  1.144621822031029E-001  2.548131255468648E+002
    754  3.491758253627165E-001  1.245515592960003E+003
    755  3.679786851952798E+000  2.021612988682032E+004
    756  3.993753100193090E+000  2.017819253601838E+004
    757  2.740765805951958E+000  1.216654874707233E+004
    758  3.091237887548005E-001  1.024884254301430E+003
    759  8.065597981208500E-002  1.218438359971200E+002
    760  3.697097078884193E+000  2.106150025482092E+004
    761  2.443708871785565E-001  7.857663072068409E+002
    762  7.048738857444886E+000  3.941029291419737E+004
    763  8.456456542439840E+000  4.641887910443205E+004
    764  2.665597703623451E-001  9.256288571565547E+002
    765  3.363811876225343E+001  1.902630030058856E+005
    766  2.273645006057857E-001  8.966974113660535E+002
    767  3.047507234135044E-001  1.010895016725932E+003
    768  1.883986206721523E+001  1.024941085490520E+005
    769  1.542060673845211E+001  8.196592470044698E+004
    770  3.897211362442810E-001  1.398215454778273E+003
    771  6.673539934125555E+000  3.450960234301273E+004
    772  1.712351173316365E+001  8.409934685697743E+004
    773  8.186601809504429E-002  1.155945945115739E+002
    774  4.942664743686867E+000  2.282051748897316E+004
    775  8.904806619722157E-002  2.078125144974529E+002
    776  1.673798126447950E-001  4.298098129280149E+002
    777  4.687150271243809E+001  2.820046574502728E+005
    778  3.206320600909228E+001  1.953572617604999E+005
    779  1.589073847847858E-001  4.551773522692866E+002
    780  5.715130700047125E+000  3.028719006750123E+004
    781  4.316482384430128E-001  1.663638264313686E+003
    782  5.936163954485216E-001  2.273170460084718E+003
    783  4.353774120789802E+001  2.540342045279223E+005
    784  1.602287124338290E+001  8.619748295636800E+004
    785  4.580266060907621E+001  2.603771980207879E+005
    786  3.076208729389044E-001  1.087291090831478E+003
    787  8.488580115429447E-001  3.376171265895443E+003
    788  1.221238554618995E-001  2.994370896439411E+002
    789  8.033042885311922E+000  4.266436302365161E+004
    790  6.463378989479608E-001  2.553705128876389E+003
    791  1.863623498269886E+001  1.018071445974945E+005
    792  3.139338015373606E-001  1.312827307026240E+003
    793  5.103455498161110E+000  2.710583937158426E+004
    794  3.910457305492869E-001  1.378190232376186E+003
    795  1.167597117568013E+001  7.212716451373608E+004
    796  2.638686027656019E+000  1.263323999433068E+004
    797  3.480833421804575E+000  2.067874226293202E+004
    798  1.179835779823960E-001  3.276184721794399E+002
    799  7.827308766350909E+000  3.959514532095679E+004
    800  9.757892012446135E-001  4.259234688334900E+003
    801  7.415798053102143E-002  1.165130904025669E+002
    802  9.855116034961291E+000  4.971871013505189E+004
    803  3.654011944198633E+000  2.098101100780957E+004
    804  5.173673226742274E-001  1.967342445591624E+003
    805  2.002704787663435E-001  6.671547991316338E+002
    806  6.910822637417031E-002  5.895600730648786E+001
    807  1.027906469430911E+001  5.831194334181427E+004
    808  3.591917978851905E+000  2.023654580570862E+004
    809  3.212984550560306E-001  1.115481793513150E+003
    810  2.876238866707985E+001  1.857774288333809E+005
    811  1.050389389572073E-001  2.503728970243274E+002
    812  6.355188046245651E+000  3.805590038311544E+004
    813  4.143954683029321E+001  2.479706811688384E+005
    814  9.032247458514758E-002  1.421944180529916E+002
    815  6.268884476883124E-001  2.713918964019148E+003
    816  4.193843689348108E+001  2.602601427417835E+005
    817  1.683772493590393E+001  1.036476316934524E+005
    818  1.823234989944868E-001  6.516796862069516E+002
    819  1.204717143403300E-001  3.973917710176584E+002
    820  5.117824503346092E+000  2.867018590571819E+004
    821  7.010941694023362E+000  3.941735615490301E+004
    822  4.526895408185544E+000  2.598171629781880E+004
    823  6.014728218384987E-002  3.600037226112162E+001
    824  6.361469550018235E+000  3.872997770439645E+004
    825  8.726764376170575E+000  5.235686222761506E+004
    826  1.158910554890807E+001  6.387740185011013E+004
    827  3.112090346678879E+000  1.641205216390468E+004
    828  2.584996673500903E-001  9.874332347090209E+002
    829  2.236029432229556E+000  1.179677398558774E+004
    830  1.404775561798491E-001  4.210154149829525E+002
    831  3.944271008391576E+000  2.282657794085382E+004
    832  4.736957586552156E+000  2.770464021773539E+004
    833  6.376466552058067E-002  5.856201410225659E+001
    834  1.178094105719385E-001  2.774631279616074E+002
    835  4.615639359889713E+000  2.222683576635969E+004
    836  1.392896002500154E+001  7.993940320856623E+004
    837  2.230190176523323E-001  1.002168182374730E+003
    838  2.992336668287483E+000  1.397679096467417E+004
    839  1.348388233853038E-001  3.671490323253848E+002
    840  5.934872288834795E-002  2.537462109547566E+001
    841  7.785841564378011E-002  9.968113354100859E+001
    842  1.929670866270399E+001  1.135436311148618E+005
    843  3.037046020987245E+000  1.563668887374243E+004
    844  9.068078262834753E+000  5.333039233684281E+004
    845  5.160342665427828E-001  2.166902812522015E+003
    846  3.738117052240647E-001  1.303823959383406E+003
    847  8.160106729669401E+000  4.044711329543216E+004
    848  1.501516545733489E+001  7.102555226563860E+004
    849  3.596049562605566E-001  1.347752053269465E+003
    850  5.990631648122377E-002  3.428032877355181E+001
    851  4.172716588633830E+000  1.909911916442159E+004
    852  4.147271253413555E-001  1.756920724748999E+003
    853  3.138271076004078E+000  1.867004888898874E+004
    854  9.276548466792192E+000  5.686111767167069E+004
    855  5.478930452672059E+000  2.529205953180225E+004
    856  1.418425300730448E-001  5.804761835492310E+002
    857  1.168645019733769E-001  3.758625304467201E+002
    858  9.748631334258940E+000  5.874951364336769E+004
    859  2.735453590525593E-001  1.102867421432677E+003
    860  4.692846288609537E+000  2.903591599662793E+004
    861  1.355572157235261E-001  4.860889327192045E+002
    862  4.222961754447068E-001  1.550350291911146E+003
    863  5.275958420889192E+000  3.392513398027738E+004
    864  6.486266107446477E-002  7.879212737334295E+001
    865  3.754341477950760E+000  2.292567537128133E+004
    866  1.254779626618246E+001  5.971577379719619E+004
    867  1.350235912776799E-001  4.881408983869362E+002
    868  8.189851632335163E+000  4.690769917601579E+004
    869  7.141412852089833E-002  1.017682611687815E+002
    870  4.080877587604321E+001  1.991997097749165E+005
    871  3.633994659354292E+000  1.672145046129058E+004
    872  6.768817593488174E-002  1.276774787121239E+002
    873  3.495491261666800E+000  1.953854535424379E+004
    874  7.107899324915465E-002  8.680395770056667E+001
    875  7.990648112888733E+000  3.815551172983544E+004
    876  1.238360346431998E-001  3.262907628327316E+002
    877  1.040168564870110E+001  5.111526627525489E+004
    878  1.240740024103082E-001  3.027788927887623E+002
    879  7.208481408055724E-001  3.145655445840004E+003
    880  2.456357342567902E+000  1.289081071120510E+004
    881  5.507824158604176E-002  4.807380492316216E+001
    882  1.400319351142788E-001  4.637812932539519E+002
    883  1.009377641878061E+000  5.404144372529322E+003
    884  2.604127655405423E+000  1.336606429555814E+004
    885  4.844243667953918E-002  4.343145774646285E+000
    886  1.024628650922149E+001  5.546013886498633E+004
    887  6.568556172587443E+000  3.112169451434076E+004
    888  1.390442991254764E-001  3.809546589785630E+002
    889  5.614529652567202E-002  5.967371582059386E+001
    890  8.371981363571960E+000  4.328334500151813E+004
    891  8.069659847635090E-002  2.177659627571107E+002
    892  7.743568225612385E+000  4.225644724810187E+004
    893  3.221418160406439E-001  1.143159194562292E+003
    894  1.329517114586103E+000  6.681274405674139E+003
    895  1.297682236861221E+001  7.751871319536143E+004
    896  1.728252791679124E+000  8.821618620554464E+003
    897  1.899231725138850E+001  1.031401121849177E+005
    898  1.526295034166314E+001  7.753693472844209E+004
    899  1.996823381110244E+000  8.474189569859647E+003
    900  1.244460140216129E-001  3.953021925888043E+002
    901  2.094760272254837E-001  6.567737995006881E+002
    902  1.668149410957172E+001  9.840180051960966E+004
    903  3.616124212408861E+000  1.566237476311609E+004
    904  7.508774211906091E-002  1.731341113196283E+002
    905  1.804078810115942E+001  8.508687796723301E+004
    906  1.048313142350123E-001  3.224126967927157E+002
    907  5.453078527524529E+000  2.571794680291361E+004
    908  2.403823777689924E-001  7.677062401024572E+002
    909  1.213929124054484E+001  7.525479420330412E+004
    910  9.819997017737846E-001  3.896001004765981E+003
    911  3.140205514823854E+001  1.556997685230316E+005
    912  1.013001300053374E-001  2.601944613018725E+002
    913  7.491449325190249E-001  3.757410894214565E+003
    914  5.467529857552603E-002  5.366948796717903E+001
    915  4.592593887032495E-001  1.935854252937840E+003
    916  2.357088131846292E+000  1.304772360440515E+004
    917  3.769253058689313E+000  1.847245573722413E+004
    918  1.000583000747176E+001  5.851425092214683E+004
    919  3.774740679997727E+000  1.728333620434024E+004
    920  1.897519182727428E-001  6.144241994680430E+002
    921  1.612320081739387E+000  8.702452713248813E+003
    922  6.459376196416119E-001  2.910953970612469E+003
    923  5.850895266934575E-001  2.486113513030013E+003
    924  1.944198836941277E+001  1.068147829845904E+005
    925  1.304302197923000E-001  3.600147516294910E+002
    926  1.163604054213768E+001  4.836059168532938E+004
    927  6.014273892826125E-001  2.427956539688775E+003
    928  2.521231778367333E+001  1.221835042118794E+005
    929  3.000018445546972E+001  1.469488624717840E+005
    930  3.150026733518981E+001  1.481162015240657E+005
    931  2.726285039880637E-001  1.001438014436939E+003
    932  2.560929188418131E+000  1.217653957609677E+004
    933  2.465021873143388E-001  9.748768867954183E+002
    934  1.623536903174312E+001  9.617009068583463E+004
    935  1.301421925166111E-001  3.695560775907159E+002
    936  2.962578059682703E-001  1.395042434807094E+003
    937  2.747026444013883E+001  1.308912757084342E+005
    938  4.842730415597970E+000  2.794117729477424E+004
    939  1.873811880623679E-001  5.955609928409740E+002
    940  5.870455242619565E+000  3.200680290397441E+004
    941  1.287452536790891E-001  5.097154492138627E+002
    942  5.150611265543448E+000  2.825215945984026E+004
    943  1.331511229775793E+000  6.844171395030528E+003
    944  4.119654705788313E+000  2.148180137954303E+004
    945  4.427066881381928E+000  2.219617720806409E+004
    946  7.476686700570301E-002  1.721627066069839E+002
    947  1.595662460105865E+001  7.781690870675752E+004
    948  5.693133866687899E+000  3.247421485675382E+004
    949  3.650109713730312E-001  1.512280580262456E+003
    950  3.024349915692300E+000  1.548615446516891E+004
    951  2.286575764418864E-001  9.213809551443592E+002
    952  1.169220336886380E+001  5.530904673671024E+004
    953  3.852300146044020E-001  1.963315490883047E+003
    954  2.730626819156220E+001  1.812226110170765E+005
    955  1.064170972930618E+001  6.957169616268332E+004
    956  1.397253836885447E-001  6.532536870255386E+002
    957  2.020837016818156E-001  7.025911531075958E+002
    958  8.398117706659850E+000  5.426283094260003E+004
    959  1.046034364877019E-001  3.182794836421276E+002
    960  5.811863899084226E+000  3.674458830218734E+004
    961  1.773629758286334E-001  6.196323355835247E+002
    962  3.546803853209162E+000  1.861896208492015E+004
    963  5.362675313547897E-001  2.103853881495992E+003
    964  1.404080443229925E+001  8.801063361613087E+004
    965  6.544808210297903E-002  1.697485700091283E+002
    966  3.299141932193160E+001  2.067545855594306E+005
    967  3.103720977023698E+000  1.406676815344223E+004
    968  4.935840160032600E+000  2.382404067982224E+004
    969  6.339951333616445E-002  1.143881116114525E+002
    970  1.611534468233486E+001  9.637248324990300E+004
    971  7.141961390258576E-002  1.736001271654429E+002
    972  4.602676860973505E+000  2.695287128492048E+004
    973  1.967761908118563E+001  9.999743802038982E+004
    974  9.231388294173563E-002  2.461230585884236E+002
    975  1.737495535658857E+000  8.673060027712389E+003
    976  4.041561907477684E+000  2.257847624969464E+004
    977  1.307307005927356E+000  6.416271334735832E+003
    978  4.007039706970883E-001  2.138616638855704E+003
    979  6.956937779025496E+000  3.627694773993352E+004
    980  1.528003935011521E-001  5.702688991199027E+002
    981  1.525588159232939E+001  1.009539663144096E+005
    982  3.848855072560636E-001  1.780362765045469E+003
    983  2.410722529780279E+000  1.093135090055847E+004
    984  2.366902753900348E+000  1.125475066921491E+004
    985  3.073123041034802E-001  1.369304740960036E+003
    986  3.006060508445349E+000  1.792970852967860E+004
    987  1.511438256319431E-001  4.751874822413324E+002
    988  2.150340120320982E+000  1.194443347082735E+004
    989  1.568378060183190E+001  9.810209021221202E+004
    990  2.713534162900765E-001  9.224173226634572E+002
    991  3.624274217126149E+001  2.210835009221277E+005
    992  1.083783226634907E+001  5.455173221302775E+004
    993  1.206540056374025E-001  4.687517307636476E+002
    994  4.168133205068540E-001  1.515622547895789E+003
    995  5.552684408086879E+000  2.321772437797479E+004
    996  9.014475157225045E-002  3.287658254714693E+002
    997  1.941793944306940E+001  1.136078821624757E+005
    998  3.687017629137442E+001  2.014517499462260E+005
    999  1.586900535939169E-001  8.302024968334127E+002
   1000  1.945117713665452E+001  9.788200747291294E+004
   1001  4.410725784812865E+001  2.522036815079884E+005
   1002  5.101619195103435E-001  2.483993687871322E+003
   1003  1.472912235999482E-001  5.342998876689421E+002
   1004  5.057416125210017E-001  1.917105494467595E+003
   1005  7.906880478427322E+000  4.169664268888035E+004
   1006  3.468176777782819E+001  1.732928728925946E+005
   1007  9.211948594106015E-002  2.609302206693351E+002
   1008  1.506136931061723E+001  7.130762957415887E+004
   1009  1.752049348497260E+001  8.315294715199710E+004
   1010  2.875512784784340E-001  1.090452401944208E+003
   1011  7.103160930376593E+000  3.310354872041510E+004
   1012  1.520647597679561E-001  5.228166042239367E+002
   1013  5.308414448487835E+000  2.935852014529652E+004
   1014  3.776611457259500E+000  1.732667375022119E+004
   1015  9.665641263378462E-002  4.089774318162785E+002
   1016  1.503624769138361E+001  8.725003567731040E+004
   1017  3.108044264282582E-001  1.081409361292778E+003
   1018  1.548093603834652E+001  8.940065302706248E+004
   1019  4.367973037837841E-002  3.784265285670347E+001
   1020  1.969656262229275E+001  1.237120490821740E+005
   1021  4.580066956976458E+000  2.680881474843134E+004
   1022  1.033817037254790E+001  6.081682508587668E+004
   1023  1.084737807920771E-001  2.707716645958517E+002
   1024  4.282183350235894E+001  2.464231980191696E+005
   1025  1.707878773059573E-001  5.868266063490155E+002
   1026  1.755468161015061E+001  9.302703880152594E+004
   1027  2.746152038266612E+001  1.472909803650300E+005
   1028  5.697399881718822E-001  2.188647055382301E+003
   1029  3.615818367290878E+001  1.719619200722183E+005
   1030  4.525647332195476E-002  4.482612793192911E+001
   1031  1.954672866975530E+001  1.017544524900200E+005
   1032  1.160769578969322E+001  5.728632019482212E+004
   1033  2.909752551522793E+001  1.370909159762663E+005
   1034  7.665174384927726E+000  4.352784349227016E+004
   1035  3.126828843243564E-001  1.113940853308927E+003
   1036  3.893701894087290E+001  1.590836887576726E+005
   1037  7.270988354543879E-002  1.630683904684414E+002
   1038  1.563796752046518E+002  5.631024228917725E+005
   1039  1.385231407788784E+002  6.515287164777435E+005
   1040  7.468595371940173E-001  3.101731669480005E+003
   1041  1.519157291385227E+002  5.611260136871079E+005
   1042  9.239481096005520E+001  5.582672653020727E+005
   1043  3.349765868887772E-001  1.177663410538994E+003
   1044  7.862281435300279E+001  3.908340154962515E+005
   1045  4.680956059077606E+001  2.699042794683825E+005
   1046  1.405884947802444E+000  6.573175160491835E+003
   1047  2.227499476274344E+002  8.274551289838544E+005
   1048  2.068909493349673E+002  9.130501536469789E+005
   1049  2.445062869668650E-001  1.165217478496018E+003
   1050  5.193062806771677E+001  2.680315416335878E+005
   1051  3.281252898354284E-001  1.173214780685878E+003
   1052  2.431791784498895E+002  1.266948185219545E+006
   1053  4.959195687913210E+001  2.113754813309442E+005
   1054  2.366277459951743E-001  8.453530294520156E+002
   1055  5.981625054961643E+001  3.502758989410323E+005
   1056  5.809406975618134E-001  2.910263263317531E+003
   1057  5.166577405026483E+001  2.663106166309384E+005
   1058  8.783028675368215E+001  4.615258168139365E+005
   1059  1.082235758327203E-001  3.959593164225514E+002
   1060  2.793789713775699E+002  1.320065610435903E+006
   1061  4.301771183134769E+001  1.936873915749867E+005
   1062  6.095651342557515E+001  3.017733768150460E+005
   1063  1.199073426885854E+000  5.208249413207278E+003
   1064  1.875338840467910E+001  8.238544139091736E+004
   1065  4.185062142858924E-001  1.758023437252391E+003
   1066  6.976586105372323E+001  4.283434852875355E+005
   1067  1.386358842798821E+002  7.504185869090324E+005
   1068  7.418560739014485E-001  2.984026399246477E+003
   1069  2.688036936767196E+002  1.205176680465804E+006
   1070  2.052160156317168E+003  9.651637629647730E+006
   1071  1.141054075547601E+002  6.257539020950341E+005
   1072  3.538797634699238E+002  1.436657416367691E+006
   1073  1.358066852368915E-001  5.006245617397022E+002
   1074  5.340072602181846E+002  2.889426500380484E+006
   1075  4.957212522700247E+001  2.086402731393560E+005
   1076  8.216665582269549E+000  4.717511743851142E+004
   1077  2.637109045440881E+000  1.255007332418170E+004
