# dt =   1.000000000000000E-005
# j, New nj, Rate of change (1/s)
      1  2.192249092745794E+000  8.811920055376944E+002
      2  2.521215870803738E+000  3.838998158477514E+004
      3  2.143036824073790E+000  4.375744275919386E+003
      4  2.188150484218947E+000  1.308835337099087E+004
      5  2.402975614511526E+000  3.843049621825519E+004
      6  2.036820998605109E+000  3.896206855228952E+003
      7  5.829425773940942E+000  3.839083112592147E+005
      8  3.957366384257234E+000  1.974648867305299E+005
      9  2.378064607628021E+000  4.123655636807200E+004
     10  3.393553352972993E+000  1.449525493790967E+005
     11  1.953397549563957E+000  1.987713037637163E+004
     12  1.874044189518592E+000  1.442411553713230E+004
     13  1.477787873979556E+000  8.280415859633032E+002
     14  1.504352451850174E+000  4.282089956436875E+003
     15  1.441665633288104E+000  7.084877380056110E+002
     16  1.548713717440349E+000  1.200514383649354E+004
     17  1.523840170021474E+000  1.021501206676361E+004
     18  2.046964836369540E+000  6.535568206495757E+004
     19  1.388480480753439E+000  6.263552510444364E+002
     20  1.559642371639041E+000  1.847421651299217E+004
     21  1.396440871999588E+000  2.389005146830045E+003
     22  1.464320686326560E+000  9.208126788259766E+003
     23  3.321605847696692E+000  1.958244192439293E+005
     24  2.847395941006519E+000  1.488235161177056E+005
     25  1.285317621943008E+000  5.929945498629481E+002
     26  1.279712600200007E+000  5.721360046510136E+002
     27  2.111978931447897E+000  8.477910230481128E+004
     28  1.296905635301180E+000  4.330830045315482E+003
     29  1.537515981991773E+000  2.846553348493744E+004
     30  1.255579014936390E+000  2.708824845808570E+003
     31  1.577883567704206E+000  3.569711362054850E+004
     32  1.243844904891875E+000  4.744154180900704E+003
     33  1.279245706870986E+000  8.383375071527067E+003
     34  1.235706203066095E+000  4.520216386201350E+003
     35  1.532795082826432E+000  3.497530271635128E+004
     36  1.322922526286515E+000  1.414472269695799E+004
     37  1.368426517682343E+000  1.898699598697239E+004
     38  2.551967026680718E+000  1.374892719040762E+005
     39  1.225434562027042E+000  5.092792534207717E+003
     40  1.328945713813203E+000  1.608662122377039E+004
     41  1.302163608987045E+000  1.374232075323275E+004
     42  1.254525795551994E+000  9.473339049714137E+003
     43  1.186045699992538E+000  5.320342959091889E+003
     44  1.258230422963359E+000  1.268978859250289E+004
     45  1.152381555375681E+000  3.206740932333041E+003
     46  1.181925991846729E+000  6.362847517839687E+003
     47  1.115132836662677E+000  2.812053478824268E+001
     48  1.273245299089234E+000  1.621988625578757E+004
     49  1.152746577160764E+000  4.222294116768860E+003
     50  1.120351182728826E+000  1.153583702681843E+003
     51  1.175760858234423E+000  6.855427742080803E+003
     52  1.111594841831536E+000  7.276824007798797E+002
     53  1.137270898970606E+000  3.298672168805746E+003
     54  1.450108689137836E+000  3.485943844642079E+004
     55  1.603718252383201E+000  5.183021025040597E+004
     56  1.078941682144298E+000  8.390463734174485E+001
     57  1.480493978948601E+000  4.156987225505610E+004
     58  1.512688894019814E+000  4.493336799927388E+004
     59  1.065222382085067E+000  4.437031162952273E+002
     60  1.837029089179841E+000  7.787931512805521E+004
     61  1.077788921787516E+000  2.552046816853121E+003
     62  1.069920282105480E+000  2.145994404935288E+003
     63  1.052567067559564E+000  5.812017151549077E+002
     64  1.757382275220443E+000  7.129487189124440E+004
     65  8.487949979553600E+000  7.447624500588742E+005
     66  1.132949399367646E+000  9.666985158077427E+003
     67  2.009536906807579E+000  9.790959297144890E+004
     68  1.048526381915492E+000  1.915193635942380E+003
     69  1.054086543671042E+000  2.576040926022338E+003
     70  2.365758225996670E+000  1.345562373712963E+005
     71  3.170572692116665E+000  2.154427001843849E+005
     72  1.043831226423538E+000  3.016935463319160E+003
     73  1.095664793549424E+000  8.643207981849015E+003
     74  1.080935328943394E+000  7.293656104540827E+003
     75  1.014792218160443E+000  1.218122313518744E+003
     76  1.016380089420463E+000  1.466613235354130E+003
     77  1.037068775510875E+000  3.634297056944031E+003
     78  1.036160892347838E+000  3.697513022561794E+003
     79  1.032818344606176E+000  3.573577743307914E+003
     80  1.189572269697394E+000  1.972996087318175E+004
     81  1.021557893802248E+000  2.936889532584982E+003
     82  1.014966636113612E+000  2.624653558943562E+003
     83  1.000856564930785E+000  1.236569994485661E+003
     84  1.003429732612622E+000  1.653684845967323E+003
     85  1.226149734638173E+000  2.438979075309182E+004
     86  1.391266843291501E+000  4.103098327354038E+004
     87  9.778305234675631E-001  3.354870931836340E+002
     88  9.813654979316854E-001  8.352875033764572E+002
     89  1.039804377252383E+000  7.218028779452246E+003
     90  1.407941300887911E+000  4.426079924560733E+004
     91  1.062862274178717E+000  9.917403515440945E+003
     92  1.096543581640833E+000  1.334607429972068E+004
     93  9.751860292863795E-001  1.444077263553216E+003
     94  1.038136772030384E+000  7.797506665288551E+003
     95  1.107471187558841E+000  1.487764973677004E+004
     96  9.906620317163041E-001  3.267906804549238E+003
     97  1.056623962152260E+000  9.960117719361673E+003
     98  1.018878948459113E+000  6.205701104675100E+003
     99  9.586539254861097E-001  3.345812784641686E+002
    100  1.080933771180134E+000  1.262790402555818E+004
    101  1.022446419165557E+000  6.851898910364403E+003
    102  9.826870111751739E-001  3.939640361659505E+003
    103  1.726048381882641E+000  7.901699851531081E+004
    104  9.505497274869976E-001  1.870712920399020E+003
    105  9.937055196568145E-001  6.615463713342632E+003
    106  1.006811726669040E+000  7.938657846208548E+003
    107  9.315102239185039E-001  7.238680550764298E+002
    108  1.241604891373806E+000  3.191931578997443E+004
    109  9.640816459444409E-001  4.354186331175341E+003
    110  9.672127657570666E-001  4.756266457727987E+003
    111  1.010484862843580E+000  9.147351249783600E+003
    112  9.421452210111393E-001  2.377274114820008E+003
    113  9.337588516339096E-001  1.602569862346500E+003
    114  1.743319641640279E+000  8.295093288640081E+004
    115  9.746865015968009E-001  6.322554664536652E+003
    116  9.468260559894194E-001  3.599363533557216E+003
    117  9.696408248722546E-001  6.104261564621081E+003
    118  9.151370562889600E-001  1.204228253519446E+003
    119  9.112359283144342E-001  8.741385069777180E+002
    120  9.502966212195764E-001  5.041277322558336E+003
    121  9.374775698557750E-001  3.845769187409167E+003
    122  8.983679661563785E-001  1.869551038843873E+002
    123  9.046716045161172E-001  9.420724893769515E+002
    124  8.926934169678318E-001  6.019992153230320E+001
    125  9.651425080959050E-001  7.398117281160455E+003
    126  9.130836406603295E-001  2.306228678458956E+003
    127  8.976482553244747E-001  7.769734807399726E+002
    128  9.051118177660511E-001  1.808640645619972E+003
    129  8.862582349421581E-001  4.445473348337345E+001
    130  8.886551155330846E-001  3.395430161452121E+002
    131  9.774431706717377E-001  9.544394453565312E+003
    132  8.874725969755590E-001  6.076283372007375E+002
    133  9.623753669364945E-001  8.208857424326423E+003
    134  9.366479350434325E-001  5.985049367010623E+003
    135  8.871853020172331E-001  1.118981817369068E+003
    136  8.938939801445470E-001  1.965329456599665E+003
    137  9.042177405910533E-001  3.044025794285636E+003
    138  9.266838091390813E-001  5.394877864805922E+003
    139  8.840884602044647E-001  1.239986124727586E+003
    140  8.834800022331486E-001  1.222872763688751E+003
    141  8.808341077402425E-001  1.075443505173965E+003
    142  1.089881075251782E+000  2.224859248909586E+004
    143  9.293933559594548E-001  6.604740589272893E+003
    144  9.431497731521621E-001  8.040632104582780E+003
    145  8.787774079157485E-001  2.107043004411029E+003
    146  8.568394043120968E-001  3.764724638620491E+001
    147  8.634037118063189E-001  9.785027797812736E+002
    148  8.698006496615971E-001  2.028241388679900E+003
    149  9.009124601731371E-001  5.487051733849741E+003
    150  8.712307438842780E-001  3.736757164455293E+003
    151  1.091223501777610E+000  2.581648708186674E+004
    152  1.065285874623986E+000  2.362353952357199E+004
    153  8.852338974552260E-001  6.054301215011122E+003
    154  1.611725439533934E+000  7.904328756811064E+004
    155  8.533245715999555E-001  3.243274982417315E+003
    156  8.504020886345276E-001  3.136526243806590E+003
    157  9.749899432720113E-001  1.567419810479138E+004
    158  9.069449121044489E-001  8.967973079914331E+003
    159  8.219136517415998E-001  5.168807214583593E+002
    160  9.641440624861731E-001  1.475023856308087E+004
    161  9.072571641253958E-001  9.109024980020788E+003
    162  8.222537513236737E-001  6.263512594405139E+002
    163  1.126450003212891E+000  3.129415822773855E+004
    164  1.485019047411920E+000  6.743273132712966E+004
    165  1.217869773384597E+000  4.214462272005187E+004
    166  8.895240890996942E-001  9.409829779424452E+003
    167  8.058905310093735E-001  1.380003032827678E+003
    168  8.054417518620208E-001  1.928435007163453E+003
    169  8.838072482032181E-001  9.836625239739364E+003
    170  7.871373228077367E-001  7.244916053867483E+002
    171  7.895542932139475E-001  1.347544720986623E+003
    172  8.570150948413020E-001  8.198905322937608E+003
    173  8.396966722831268E-001  6.921732592142573E+003
    174  8.086140930434880E-001  4.135267193530369E+003
    175  7.685625174305988E-001  3.270931294827080E+002
    176  7.839622828482392E-001  1.900152943665254E+003
    177  7.981787414136075E-001  3.411184985980126E+003
    178  7.621936603696124E-001  4.082212412591399E+000
    179  7.640508180399814E-001  5.027452467944198E+002
    180  8.761127580789967E-001  1.190871797733633E+004
    181  7.612272774115819E-001  5.091190307829331E+002
    182  8.715623554943228E-001  1.166186221859160E+004
    183  8.554714349608513E-001  1.020868513471142E+004
    184  7.985546370446684E-001  4.865568469629146E+003
    185  9.732490552792501E-001  2.236413404790105E+004
    186  8.247134141001981E-001  7.712606134285218E+003
    187  7.584657901300522E-001  1.204589076177374E+003
    188  1.191843513326485E+000  4.469826568825586E+004
    189  7.491194464526956E-001  6.002122537797787E+002
    190  8.049379406958284E-001  6.301906673923738E+003
    191  7.852420853668661E-001  5.005271170493329E+003
    192  7.575890176106168E-001  2.251036864313789E+003
    193  8.127017143019675E-001  8.222809098362537E+003
    194  7.379207882103662E-001  7.685112657672870E+002
    195  8.298073353641784E-001  1.030602571984162E+004
    196  8.013452151754079E-001  7.562379343200890E+003
    197  7.499183824315487E-001  2.574851052413700E+003
    198  9.308940537311825E-001  2.076784066548507E+004
    199  9.358397632357740E-001  2.129789311221931E+004
    200  7.229604462469386E-001  6.897450953474548E+001
    201  7.537670488863928E-001  3.175892554247061E+003
    202  7.978564984774167E-001  7.609779373008086E+003
    203  7.262949582363502E-001  4.821725977637690E+002
    204  7.358400465114361E-001  1.472895719298324E+003
    205  7.746265338272066E-001  5.395670533018353E+003
    206  7.497869755729476E-001  2.929795400463806E+003
    207  8.670193870984355E-001  1.467071370715859E+004
    208  7.487355680582450E-001  2.877929563104444E+003
    209  7.263961071414716E-001  6.558416187359595E+002
    210  7.323228824022554E-001  1.283073725578078E+003
    211  7.257549198727385E-001  6.581508394161973E+002
    212  8.128193898621129E-001  9.445223250833360E+003
    213  7.312111484369551E-001  1.330734705713937E+003
    214  7.360441835761445E-001  1.884174525834487E+003
    215  7.254332709980537E-001  8.780427591475674E+002
    216  7.211686960511996E-001  4.829845348963866E+002
    217  7.441876195855184E-001  2.789960342179011E+003
    218  7.740365652616746E-001  5.837714772043971E+003
    219  7.176835046990770E-001  2.492109622038638E+002
    220  7.196707410028690E-001  6.147968122227805E+002
    221  7.715221986352581E-001  5.897217108431571E+003
    222  7.304954523575488E-001  1.813221391941319E+003
    223  8.769359885800323E-001  1.668768048082308E+004
    224  7.100831896316807E-001  1.307516181456520E+002
    225  7.100868346997741E-001  1.929831715588964E+002
    226  7.330702564117556E-001  2.572852458007803E+003
    227  7.086785666307444E-001  1.430967347476885E+002
    228  7.066923271807161E-001  7.060491266013949E+001
    229  9.338699158359391E-001  2.316443568142977E+004
    230  7.523584062817669E-001  5.898927333902609E+003
    231  7.177267563866031E-001  3.094799046674428E+003
    232  7.884549912785119E-001  1.022032553967263E+004
    233  7.729884598770365E-001  8.846465660189662E+003
    234  6.951540219885617E-001  1.203005275799346E+003
    235  6.807049106956994E-001  9.930693598984270E+001
    236  7.948180336793308E-001  1.166080391317105E+004
    237  7.134494700157131E-001  3.606361378351353E+003
    238  7.436111514626956E-001  6.641609123164223E+003
    239  7.071336927123244E-001  3.074129805368031E+003
    240  7.334139386406626E-001  5.818283083946905E+003
    241  7.708502052911994E-001  9.687411001885093E+003
    242  6.885955529063773E-001  1.523707101376843E+003
    243  6.740790339175952E-001  2.180644211575437E+002
    244  6.801896544023681E-001  8.743502341769664E+002
    245  8.130431246422741E-001  1.424210659420517E+004
    246  7.228273751391505E-001  5.993107901049366E+003
    247  6.803976835788071E-001  1.796558038577400E+003
    248  1.047039817936819E+000  3.856965444056625E+004
    249  7.156484319664952E-001  6.136208753521532E+003
    250  6.572625710946419E-001  3.503119133840681E+002
    251  7.284948227409278E-001  8.160002158871487E+003
    252  6.456815075042672E-001  1.838495384969478E+002
    253  1.008843573630731E+000  3.673810109790813E+004
    254  8.339539803147774E-001  1.942392746946773E+004
    255  8.360954078321239E-001  1.987597804103138E+004
    256  6.578279819571624E-001  2.120490156954836E+003
    257  6.436563014214929E-001  9.036678294860112E+002
    258  7.394001006378045E-001  1.073146127291853E+004
    259  6.868144322979467E-001  5.615937199399644E+003
    260  6.353849919563083E-001  8.567107098907433E+002
    261  6.418893699624594E-001  1.654642315976792E+003
    262  6.302647837449371E-001  5.772231251020856E+002
    263  6.242738883712557E-001  3.040902893733935E+001
    264  6.580872965994863E-001  3.511971083754081E+003
    265  6.231788797629083E-001  6.430311405578225E+001
    266  6.272445203913407E-001  4.962268428882140E+002
    267  6.256625258654847E-001  3.518622368098131E+002
    268  6.222522568974090E-001  5.377592529172791E+001
    269  6.255735829320102E-001  4.114238403807357E+002
    270  6.252494327217462E-001  4.016945940474229E+002
    271  6.237791956359020E-001  3.029610419232663E+002
    272  6.564683645425335E-001  3.610266136540380E+003
    273  6.276770251273974E-001  7.403273174179534E+002
    274  6.464276349869243E-001  2.621346549502143E+003
    275  6.564109644272802E-001  3.629967168487891E+003
    276  6.259230153427303E-001  6.400283483748517E+002
    277  6.221706825652134E-001  2.707117606145394E+002
    278  6.273665940075596E-001  8.112470364833929E+002
    279  6.510441592446140E-001  3.206214609730358E+003
    280  6.398299351678802E-001  2.104648662140763E+003
    281  6.593426255674930E-001  4.085293481796239E+003
    282  7.161043240618749E-001  9.847514413321493E+003
    283  6.336690369265847E-001  1.605587478708574E+003
    284  6.173237491036124E-001  2.837923760120025E+002
    285  6.240206664105364E-001  9.703490238845733E+002
    286  6.116713789143805E-001  2.326405230460728E+001
    287  6.131718162944571E-001  1.790242455238464E+002
    288  6.420621483735788E-001  3.537967094780033E+003
    289  6.480997300724830E-001  4.321389893769523E+003
    290  6.798270757153518E-001  7.534543592004008E+003
    291  7.166797273610656E-001  1.123972432353839E+004
    292  6.115444848514128E-001  7.977097332322495E+002
    293  8.286831889758015E-001  2.257438190550645E+004
    294  6.758124686491999E-001  7.378013555177447E+003
    295  6.805955440437712E-001  7.872142197821867E+003
    296  7.777223719948304E-001  1.764313768831250E+004
    297  8.829507322814574E-001  2.824887983246389E+004
    298  8.779241719808872E-001  2.799931024208774E+004
    299  6.487856503127359E-001  5.094251190665892E+003
    300  9.394933890370025E-001  3.440481719671390E+004
    301  1.087277218289274E+000  4.925793756373355E+004
    302  6.116870025790605E-001  1.716814774182435E+003
    303  6.260280158866379E-001  3.553695649134285E+003
    304  6.126320814673996E-001  2.476553248078594E+003
    305  5.984035874767779E-001  1.442894068966331E+003
    306  6.210990356588739E-001  3.794578317952613E+003
    307  5.985315438168513E-001  1.580936149157005E+003
    308  6.950391388033055E-001  1.124122839866354E+004
    309  6.060020720862939E-001  2.441730535206188E+003
    310  6.175691772293704E-001  3.698841419158192E+003
    311  5.920045477987099E-001  1.273790874017344E+003
    312  6.026627623066955E-001  2.366274569187365E+003
    313  5.820387601566298E-001  3.243844512855155E+002
    314  5.956709770455985E-001  1.761576738960129E+003
    315  5.811445904924921E-001  3.521119379683469E+002
    316  5.795055712791944E-001  2.220760215859512E+002
    317  5.967122543899579E-001  2.044311187976510E+003
    318  6.359651179578498E-001  5.983048576529498E+003
    319  5.837921824280898E-001  8.275911175245595E+002
    320  6.342350875107721E-001  5.943366729862467E+003
    321  6.001048289357478E-001  2.562885750136482E+003
    322  5.864716510865156E-001  1.269890157087596E+003
    323  5.852782381716710E-001  1.155770913568751E+003
    324  5.964822424426170E-001  2.337087095738467E+003
    325  6.434971730184897E-001  7.355627545917193E+003
    326  5.891061788259713E-001  1.925562598861697E+003
    327  6.077104620135867E-001  3.799086592839158E+003
    328  5.708490370369430E-001  1.636370226035916E+002
    329  7.335085245208245E-001  1.670251515275214E+004
    330  8.496546276214181E-001  2.844800427503315E+004
    331  6.351408045795079E-001  7.738986897420946E+003
    332  5.620543843982259E-001  4.790771131447415E+002
    333  5.931516565141648E-001  3.905481693211843E+003
    334  5.729822042688106E-001  2.006561695261717E+003
    335  6.600707130769911E-001  1.090596971906717E+004
    336  5.750060349789149E-001  3.297800971247552E+003
    337  5.499887611573868E-001  1.198308993052245E+003
    338  5.674226601224143E-001  3.322401834262927E+003
    339  5.330021801445386E-001  1.034425434664697E+003
    340  5.529455028395514E-001  3.110189210507717E+003
    341  6.866011063675769E-001  1.655967189443871E+004
    342  5.212416373069004E-001  2.526776896078556E+002
    343  5.546868564796787E-001  3.687271121798967E+003
    344  5.710211992629097E-001  5.430711020969540E+003
    345  5.155484690216159E-001  2.645358940140937E+002
    346  6.465945347165341E-001  1.342595626310499E+004
    347  6.788004519848513E-001  1.665722128407537E+004
    348  6.024791991335466E-001  9.541435711646964E+003
    349  5.175711637702993E-001  1.069301690769767E+003
    350  5.063807141097020E-001  1.030304334731855E+002
    351  5.252521663536602E-001  2.062358056096544E+003
    352  5.374099251367332E-001  4.314759245513029E+003
    353  4.935132551647244E-001  9.897835595913760E+001
    354  4.944904479851580E-001  2.764396488894542E+002
    355  5.115924053264045E-001  2.116217956160195E+003
    356  5.922853001883073E-001  1.081766698218141E+004
    357  5.320091585933931E-001  5.041373764857791E+003
    358  8.105206368366947E-001  3.297771887893049E+004
    359  4.915782315000671E-001  1.487380510326327E+003
    360  4.868058212337430E-001  2.079990382958706E+003
    361  4.755681816105584E-001  1.091227961225434E+003
    362  4.641204996722726E-001  1.369114324345208E+002
    363  4.622507117862690E-001  9.452676198515904E+000
    364  4.657667918104244E-001  4.526467616398775E+002
    365  4.738409359710425E-001  1.451734390888481E+003
    366  4.623125240357259E-001  3.207994320373346E+002
    367  4.673920992747306E-001  9.170832374882276E+002
    368  4.595764992705096E-001  2.274366515203654E+002
    369  4.586181836930536E-001  2.093943562446269E+002
    370  4.602900601798890E-001  4.710823194378880E+002
    371  4.556524915286986E-001  1.014160603728054E+002
    372  4.570553847065617E-001  2.724415898758829E+002
    373  4.544236576233007E-001  7.408891575525509E+001
    374  4.863118836993169E-001  3.319566121517895E+003
    375  4.546778392001579E-001  1.733840368022269E+002
    376  4.786619464306249E-001  2.581185485255607E+003
    377  4.640586216182008E-001  1.162940091537514E+003
    378  5.240409415596655E-001  7.634486084633547E+003
    379  5.562670378087937E-001  1.086568969263047E+004
    380  4.944463687435151E-001  4.877512929516305E+003
    381  4.714974840243814E-001  2.614842303377490E+003
    382  4.660584775403754E-001  2.682949413500022E+003
    383  4.615977143896063E-001  2.302338058512738E+003
    384  1.099533115228403E+000  6.654228329395370E+004
    385  5.345614876300665E-001  1.085135470733315E+004
    386  1.182289208424681E+000  7.613796890450989E+004
    387  5.130220628026642E-001  1.021634714174965E+004
    388  4.007470901672794E-001  2.009222697054862E+001
    389  4.306642277590338E-001  3.127192264302596E+003
    390  5.999691758314608E-001  2.013474290668935E+004
    391  5.219747312712071E-001  1.240988172446486E+004
    392  5.706949588588781E-001  1.784702212529658E+004
    393  8.609336610573289E-001  4.878134189969280E+004
    394  3.740596966277405E-001  2.083766662003903E+003
    395  4.459087942892164E-001  9.313277818411872E+003
    396  3.678567171648625E-001  1.668641760331245E+003
    397  3.547383208023556E-001  3.655661983361262E+002
    398  3.662161997429401E-001  1.585531736976207E+003
    399  3.702539757335898E-001  2.003146387985099E+003
    400  4.999132284467325E-001  1.502065890789501E+004
    401  3.903453248702426E-001  4.142431334726386E+003
    402  4.561165492454413E-001  1.086835339318688E+004
    403  4.549208842329157E-001  1.085434776826862E+004
    404  3.598171224773576E-001  1.351604245439283E+003
    405  4.349318870542345E-001  8.958259174908744E+003
    406  3.446607144835506E-001  4.519061225142271E+000
    407  4.504579904596993E-001  1.067703403188090E+004
    408  3.425684167588211E-001  4.760291510991402E+001
    409  3.891686276999160E-001  4.816155096893696E+003
    410  3.441439674450791E-001  3.375949089618553E+002
    411  3.658574625389375E-001  2.629764986013826E+003
    412  3.387509168029206E-001  2.214494994832662E+001
    413  5.149849500935588E-001  1.774307945723999E+004
    414  3.511083075304425E-001  1.362846046913538E+003
    415  5.582976514417133E-001  2.209705790613047E+004
    416  3.423715764607176E-001  5.312291372073038E+002
    417  3.640808787130562E-001  2.933868234974226E+003
    418  8.099097457029995E+000  7.765306143497523E+005
    419  4.841575063786703E-001  1.511216705581536E+004
    420  3.380024277477509E-001  6.862235968688123E+002
    421  3.427109282673584E-001  1.221158797491003E+003
    422  9.337816539411334E-001  6.042222738832726E+004
    423  6.556124155893295E-001  3.275059957840612E+004
    424  3.281635629306570E-001  1.489779677328918E+002
    425  2.202679175729292E+000  1.876940074143674E+005
    426  6.207025687985829E-001  2.958663716266996E+004
    427  4.072880638977410E-001  8.349217155048720E+003
    428  3.231777029564143E-001  3.700617739421401E+001
    429  3.238600659082124E-001  1.379135017854717E+002
    430  3.757536854394231E-001  5.343795018354361E+003
    431  5.020628614887069E-001  1.799202624023276E+004
    432  3.227535271041358E-001  1.199184193187112E+002
    433  3.246564153134636E-001  3.225555891099305E+002
    434  3.722887801332961E-001  5.134029117904007E+003
    435  3.245014981218703E-001  3.873798303864946E+002
    436  4.825707168338741E-001  1.622024492894433E+004
    437  3.206003067744334E-001  8.159021102331711E+001
    438  5.434257135953524E-001  2.237601516817947E+004
    439  3.184361867202771E-001  1.627919344173181E+001
    440  3.533079168183029E-001  3.590511005554994E+003
    441  3.210312660241533E-001  4.941288045361812E+002
    442  3.245696580676615E-001  8.793195207183161E+002
    443  3.147633834938471E-001  6.863817093711551E+000
    444  3.339666676227011E-001  2.193001410746635E+003
    445  5.371915742339733E-001  2.262068711143953E+004
    446  3.466841416848245E-001  3.637633625831214E+003
    447  3.086117446960093E-001  1.914087020741859E+002
    448  3.152120907532892E-001  9.997231422646278E+002
    449  3.368831449909909E-001  3.233337743116184E+003
    450  3.476347946628734E-001  4.401791501758876E+003
    451  3.226850987109412E-001  1.946265102850944E+003
    452  3.620646505879874E-001  5.939262865833552E+003
    453  3.835909771625306E-001  8.116408869223259E+003
    454  4.002026718948288E-001  9.964123724805218E+003
    455  3.058772919949601E-001  5.742133926533696E+002
    456  3.374754778185000E-001  3.740560863585885E+003
    457  3.021727857483483E-001  3.248754079462406E+002
    458  3.232769583520582E-001  2.543032240239300E+003
    459  3.249337392748318E-001  2.871173521349765E+003
    460  3.129295151387871E-001  1.904124073901017E+003
    461  2.951197014280630E-001  2.261014434541912E+002
    462  3.863537302280906E-001  9.372628102482182E+003
    463  2.957163370188677E-001  3.646739150342348E+002
    464  3.450279864068820E-001  5.309279282846696E+003
    465  2.966021515287629E-001  4.999567099922861E+002
    466  3.171463997068011E-001  2.586944616643532E+003
    467  3.095707873865316E-001  1.843159893096690E+003
    468  3.119455588180741E-001  2.083979522037424E+003
    469  2.924849444562131E-001  2.032889401257043E+002
    470  2.961091333869660E-001  5.818350871327215E+002
    471  2.943231026732402E-001  4.124846530054023E+002
    472  3.339322125405161E-001  4.381126302168649E+003
    473  2.938119449630104E-001  4.085530330444058E+002
    474  3.990208510361309E-001  1.094508120151053E+004
    475  2.998316945188385E-001  1.068297306085195E+003
    476  2.908843619203951E-001  2.051411327916862E+002
    477  3.110027653386913E-001  2.227925092752021E+003
    478  2.927630383839859E-001  4.516380698690160E+002
    479  3.727283434370010E-001  8.501789274019162E+003
    480  3.055110290476404E-001  1.789354914220225E+003
    481  2.930533673398757E-001  5.664218107053683E+002
    482  2.988806249963041E-001  1.158037678229746E+003
    483  3.084992200691765E-001  2.142079424634277E+003
    484  2.910036957997193E-001  4.090512638030891E+002
    485  3.278431397323712E-001  4.115071227563244E+003
    486  3.033234917526152E-001  1.673499313281965E+003
    487  3.037857639910392E-001  1.748037871354915E+003
    488  2.875949077119861E-001  1.581770551894671E+002
    489  2.983697306125941E-001  1.258598485423579E+003
    490  2.855519688052714E-001  5.629721974023506E+000
    491  2.989411095064589E-001  1.407416663513793E+003
    492  3.959710593519698E-001  1.114073410679652E+004
    493  3.178841531567544E-001  3.675700423817113E+003
    494  2.960877819127687E-001  1.515614288774005E+003
    495  3.112190948226636E-001  3.138352455802995E+003
    496  2.798684447280220E-001  6.443458533042237E+001
    497  2.975645749323613E-001  1.898117602356968E+003
    498  2.858318895947877E-001  9.165063311802322E+002
    499  2.763281128156633E-001  3.278594738248556E+000
    500  2.926112574544448E-001  1.686084640878007E+003
    501  2.749472450353049E-001  2.594464120664187E+000
    502  2.879241376516457E-001  1.367269282459381E+003
    503  3.206134595647167E-001  4.900173409286296E+003
    504  3.235676547790117E-001  5.290956549554008E+003
    505  2.835065348592962E-001  1.421015257317826E+003
    506  2.701819961770804E-001  1.156422019782294E+002
    507  3.245503260560814E-001  5.601575887626580E+003
    508  2.698552580442793E-001  1.599239403765024E+002
    509  2.686527825758381E-001  6.839062411186167E+001
    510  2.992311599160255E-001  3.142069345737593E+003
    511  2.716332340810178E-001  3.977811442527511E+002
    512  3.113482219796120E-001  4.388057393563663E+003
    513  2.695712446815721E-001  2.210204242919787E+002
    514  2.818504782020159E-001  1.452761498415512E+003
    515  2.788894348566714E-001  1.165478839472520E+003
    516  2.760175392108027E-001  8.930516218355796E+002
    517  2.727608683195381E-001  5.794790298295726E+002
    518  2.805710870074088E-001  1.362931323618453E+003
    519  2.805039965375164E-001  1.357089069280335E+003
    520  2.670142849481292E-001  1.546815457004020E+001
    521  2.797626888963607E-001  1.315940444432248E+003
    522  2.639829021699117E-001  3.233174338223986E+002
    523  2.696035244940185E-001  9.325324659198010E+002
    524  2.881452840762336E-001  2.800863972791714E+003
    525  2.647160561664776E-001  4.984044448892462E+002
    526  2.662802795821274E-001  6.874993516869728E+002
    527  2.699537322070089E-001  1.100741973148328E+003
    528  2.696113939439708E-001  1.071701701673963E+003
    529  2.646520119678514E-001  5.885533502546001E+002
    530  2.836278330821616E-001  2.917344746790522E+003
    531  3.208314077122050E-001  6.757592229178841E+003
    532  2.585914992765068E-001  6.832325678613703E+002
    533  2.563773804201996E-001  8.198842591153508E+002
    534  2.538745035909259E-001  6.387093663849906E+002
    535  5.420344243511920E-001  3.536831329075704E+004
    536  4.180077927036669E-001  2.302075073580862E+004
    537  7.958750032350072E-001  6.138792621170273E+004
    538  3.963388520004438E-001  2.773365853771485E+004
    539  6.986541106759093E-001  6.145422215697975E+004
    540  1.551727106154549E-001  7.459087550785786E+003
    541  8.545284426163351E-002  5.084604326001381E+002
    542  9.363109640021573E-002  1.344378621389959E+003
    543  1.035186921912077E-001  2.436460072222123E+003
    544  8.397784678043603E-001  7.630181767415226E+004
    545  8.985953944179476E-002  1.343474350640282E+003
    546  1.195460058779358E+000  1.119040061217854E+005
    547  1.490501521104522E+001  1.482890970496151E+006
    548  1.136155529159793E-001  3.765265799340599E+003
    549  7.784419100379770E-001  7.030299288621021E+004
    550  1.519920353955021E-001  7.668308122260704E+003
    551  1.138543907847285E+000  1.063338733444419E+005
    552  1.506581980345417E+000  1.431427365080382E+005
    553  1.594891491924829E-001  8.450706025220852E+003
    554  6.001392602840382E-001  5.257974900979485E+004
    555  8.435621948161111E-002  1.012158885269507E+003
    556  7.807728220230147E-002  4.563483328427519E+002
    557  1.335714106183351E-001  6.010250460444570E+003
    558  7.923433419933966E-002  5.953485337672058E+002
    559  1.015779759107434E-001  2.834345594844224E+003
    560  1.062273838816926E-001  3.357682329241816E+003
    561  7.503493996171580E-002  2.468762455977612E+002
    562  8.071500191672816E-002  8.208729564082752E+002
    563  2.040649776886939E+000  1.968241739062911E+005
    564  1.392395677112414E-001  6.695031096417723E+003
    565  8.320127607853520E-002  1.103522765196883E+003
    566  3.252448309114949E+000  3.180350901945855E+005
    567  7.818170408055919E-002  6.276605782322613E+002
    568  1.046171762993034E-001  3.324151671452673E+003
    569  7.426976798426731E-002  2.921370306494009E+002
    570  3.302088505063035E-001  2.589448800719504E+004
    571  8.197069819291579E-002  1.095937834705453E+003
    572  1.138551263327520E-001  4.295872218813755E+003
    573  8.812172699750086E-002  1.725745786298502E+003
    574  7.155254697695333E-002  7.981033162402434E+001
    575  1.593156685319143E-001  8.866667645092175E+003
    576  1.516091149256541E-001  8.106623879803592E+003
    577  7.948493854965399E-002  8.957556780108407E+002
    578  7.344907414908765E-002  3.003835545999571E+002
    579  7.270845648442935E-002  2.285024520911947E+002
    580  1.012723753225752E-001  3.089761776591622E+003
    581  7.039560124685595E-002  4.049952614963096E+000
    582  8.424483327159150E-002  1.402774901488940E+003
    583  7.559989278748031E-002  5.466259426930410E+002
    584  7.928997247672949E-002  9.364625158418415E+002
    585  8.306354571515875E-002  1.319660544187608E+003
    586  7.234871353453297E-002  2.613548146130870E+002
    587  7.382251117271504E-002  4.115748792668408E+002
    588  1.690756453569760E-001  9.940980175218434E+003
    589  7.567943206557527E-002  6.101449493254830E+002
    590  7.065508730991502E-002  1.103235982305760E+002
    591  7.132152883158367E-002  1.881133908789984E+002
    592  9.344101322018887E-002  2.400826352620191E+003
    593  8.744784949055218E-002  1.813268579903203E+003
    594  7.603338807806838E-002  6.837868160718048E+002
    595  7.380169444731524E-002  4.692637683180578E+002
    596  7.391381871899697E-002  4.913456731319118E+002
    597  7.004518186952688E-002  1.055485741731939E+002
    598  6.907236572138717E-002  2.176993815828922E+001
    599  7.915846672633260E-002  1.035477573366356E+003
    600  7.159133935280063E-002  2.944389337772756E+002
    601  7.032532183882537E-002  1.683909289013451E+002
    602  9.125553086564839E-002  2.263533390799934E+003
    603  6.891109931677059E-002  3.179829681528453E+001
    604  9.365471664450813E-002  2.514004163882015E+003
    605  7.769418455963292E-002  9.286635322142620E+002
    606  6.852919525484731E-002  1.732441996124705E+001
    607  7.049969066233516E-002  2.148983214227308E+002
    608  7.083503102974179E-002  2.582507337198459E+002
    609  7.537697806885231E-002  7.165096264986105E+002
    610  7.295744971752370E-002  4.749095839727658E+002
    611  6.984089005201180E-002  1.643725031703282E+002
    612  6.823461170198390E-002  7.993676663375219E+000
    613  9.631257347594536E-002  2.824806610233676E+003
    614  6.858400184642467E-002  5.517907563545942E+001
    615  7.454542500409060E-002  6.540338597906157E+002
    616  7.376268834217828E-002  5.804903900792573E+002
    617  7.199925493763509E-002  4.072330299390801E+002
    618  8.208709837650367E-002  1.433953173451839E+003
    619  6.895014692787658E-002  1.243241166059004E+002
    620  6.763459785510688E-002  8.240312638864209E-001
    621  7.436268054283217E-002  6.759886399473748E+002
    622  7.168701878453852E-002  4.123350614795269E+002
    623  7.129584956423793E-002  3.781751817667169E+002
    624  7.230891749568261E-002  4.835622579765648E+002
    625  6.882678461234987E-002  1.416677723184256E+002
    626  6.858643850945850E-002  1.234667940929492E+002
    627  6.854676739790461E-002  1.224685929096659E+002
    628  6.746665337915519E-002  2.614536893061977E+001
    629  6.720473913371498E-002  7.935974950872293E+000
    630  6.852274757807213E-002  1.402494391968200E+002
    631  6.761545802241439E-002  5.187462869886981E+001
    632  7.400274137835085E-002  6.931251735084674E+002
    633  6.987977823069665E-002  2.815267936039434E+002
    634  6.889317392087986E-002  1.890621123469947E+002
    635  7.043742509431575E-002  3.488039154382299E+002
    636  7.256672360348408E-002  5.619064561486774E+002
    637  6.791742138872793E-002  1.023650197090061E+002
    638  6.702740863795310E-002  1.454379216222597E+001
    639  7.367193271710029E-002  6.817406172706702E+002
    640  6.775604151210120E-002  9.202522925376415E+001
    641  7.053155162254521E-002  3.715456322734442E+002
    642  6.801492715642654E-002  1.237452647369242E+002
    643  7.078765860044035E-002  4.042795282616243E+002
    644  6.749899740335651E-002  7.849226810018011E+001
    645  6.885504629145593E-002  2.151716374624803E+002
    646  6.871094637693378E-002  2.058556441134449E+002
    647  6.662709110687323E-002  4.551112805762481E-001
    648  6.759108434841155E-002  9.909200737035441E+001
    649  6.930027552456521E-002  2.741484781270569E+002
    650  6.771788107066316E-002  1.250146364297066E+002
    651  6.746777519404201E-002  1.011325620049798E+002
    652  6.633587612794344E-002  2.226271136368377E-001
    653  6.657263336238704E-002  2.608649370204805E+001
    654  7.163264938330000E-002  5.473324985865564E+002
    655  6.873797447195723E-002  2.639693738559887E+002
    656  7.012816769378583E-002  4.078119484845855E+002
    657  6.733988657664317E-002  1.343080912993885E+002
    658  7.465637227407187E-002  8.672546454145827E+002
    659  7.034626643498584E-002  4.436996700533951E+002
    660  6.691256862122195E-002  1.139030658054967E+002
    661  7.162514548261521E-002  5.871434077722822E+002
    662  6.603517372021379E-002  3.286625017472847E+001
    663  7.535120569048771E-002  9.841156203665105E+002
    664  6.603726009502482E-002  6.088492681761243E+001
    665  6.701286780346732E-002  1.642435076025802E+002
    666  7.021664967084006E-002  4.981922499833125E+002
    667  7.570784143047873E-002  1.069739088399004E+003
    668  6.572992403557233E-002  7.419223647497675E+001
    669  7.450583938381683E-002  9.629219920680221E+002
    670  6.803631867009653E-002  3.199631143691091E+002
    671  6.584550109995793E-002  1.226987821393807E+002
    672  7.101176252379146E-002  6.404153950794545E+002
    673  6.664063684349697E-002  2.132192023679652E+002
    674  7.078153518734435E-002  6.366829034887193E+002
    675  6.521288942216713E-002  8.514963273729980E+001
    676  6.598865363008510E-002  1.807569317874199E+002
    677  6.509736288763747E-002  1.113465373043760E+002
    678  7.449337586424082E-002  1.071619016843466E+003
    679  6.498039965886265E-002  1.375933667520048E+002
    680  7.987475252144810E-002  1.635785172457285E+003
    681  7.252279446481034E-002  9.064693727464164E+002
    682  6.690879910249543E-002  3.561360420484070E+002
    683  6.732507481998125E-002  3.987740340621390E+002
    684  6.676064901055727E-002  3.457846266968545E+002
    685  6.435721738277482E-002  1.080695430437160E+002
    686  6.965868470323774E-002  6.401462483127042E+002
    687  7.079751074015599E-002  7.567060564127941E+002
    688  6.367076600327047E-002  4.701171043763882E+001
    689  7.036002736549760E-002  7.217546561120054E+002
    690  6.855225031601617E-002  5.505557795290698E+002
    691  7.137240990159208E-002  8.392159223446779E+002
    692  6.305468237012216E-002  8.271783848247749E+000
    693  6.319289382857678E-002  2.562024614628184E+001
    694  7.887904171784847E-002  1.594414407392583E+003
    695  6.622200746392105E-002  3.320425002883314E+002
    696  6.364503235108504E-002  8.634323524267900E+001
    697  7.772369267997661E-002  1.495193754804952E+003
    698  9.065971838645423E-002  2.795169465652734E+003
    699  6.360033308109331E-002  9.279961535337866E+001
    700  7.009268363686053E-002  7.493863080812889E+002
    701  6.257818199494462E-002  5.857424516914658E+000
    702  6.679386135299617E-002  4.297205677847369E+002
    703  6.297357374155180E-002  5.729460920881536E+001
    704  6.232570405574229E-002  4.787836801512696E+000
    705  6.278690084854968E-002  6.421544983399856E+001
    706  6.658479578443613E-002  4.568576286023571E+002
    707  6.304926000832257E-002  1.173758040724161E+002
    708  7.376316860740108E-002  1.191683855734259E+003
    709  6.358530332469892E-002  1.793653166730644E+002
    710  7.304564070184433E-002  1.127532345552869E+003
    711  6.207433689397106E-002  4.239282765883017E+001
    712  7.624945065697514E-002  1.470659905133335E+003
    713  6.583535591965139E-002  4.337618878287756E+002
    714  6.224285016611578E-002  7.642012706357137E+001
    715  6.215804505282731E-002  7.220582365976054E+001
    716  7.095468616926345E-002  9.550483164143922E+002
    717  7.047431872884544E-002  9.167547937663663E+002
    718  6.126463062453107E-002  2.516527546210719E+000
    719  7.070649541924853E-002  9.475862155128053E+002
    720  6.117064842797273E-002  1.274877273672924E+001
    721  6.322650196099505E-002  2.250234506537001E+002
    722  6.169561907972477E-002  7.337095749866437E+001
    723  6.097807103679915E-002  5.902158921296848E+000
    724  6.471299236979995E-002  3.830909567156798E+002
    725  9.377752810552201E-002  3.291982090462574E+003
    726  6.092498408096914E-002  1.752925451950366E+001
    727  6.935216633091711E-002  8.693972024837217E+002
    728  6.099083349015164E-002  3.446034702520929E+001
    729  6.099396613575318E-002  3.737614737486672E+001
    730  6.615031445121197E-002  5.629620163611361E+002
    731  6.317550060367513E-002  2.673793942217490E+002
    732  6.179245841331223E-002  1.293185990667711E+002
    733  6.339390830186331E-002  2.960277613710618E+002
    734  6.045646151307879E-002  2.534641931192017E+000
    735  6.059423195103644E-002  1.948988492510798E+001
    736  6.042762023635092E-002  7.363619612351900E+000
    737  6.110157469590903E-002  7.502201118630691E+001
    738  6.374368851294493E-002  3.478985794656692E+002
    739  6.062929212167426E-002  3.675884930491630E+001
    740  6.030047237337074E-002  4.111374742551111E+000
    741  6.805181482981473E-002  7.808976558118375E+002
    742  6.760191202448679E-002  7.385587476754096E+002
    743  6.020380563113880E-002  1.890572567984478E+000
    744  6.183693084747358E-002  1.749497391381435E+002
    745  6.727406359535842E-002  7.219253867609003E+002
    746  6.197823826383120E-002  2.022147397172815E+002
    747  6.021832064161184E-002  2.736674529506247E+001
    748  6.122253344868529E-002  1.315368124986761E+002
    749  6.431104262129878E-002  4.470020160107877E+002
    750  5.996805621591621E-002  1.459646255172959E+001
    751  6.136450257287692E-002  1.602532210370128E+002
    752  5.971803828190584E-002  3.223917258537265E+000
    753  5.973933184070426E-002  1.459708298158181E+001
    754  6.034212391042389E-002  7.701419491722018E+001
    755  6.262083948662171E-002  3.049545885328445E+002
    756  6.332551953371465E-002  3.831659114964543E+002
    757  6.360302389384163E-002  4.179194026604939E+002
    758  6.004054476820513E-002  6.951712471533813E+001
    759  5.929032547711488E-002  3.738900458701495E+000
    760  6.128199532842239E-002  2.208535885654619E+002
    761  5.961248051987103E-002  5.980672157280348E+001
    762  6.434175325129880E-002  5.404487930452302E+002
    763  6.659216449317409E-002  7.983425670061218E+002
    764  5.909804853900930E-002  5.984697871863517E+001
    765  7.756453478485387E-002  1.918539277697925E+003
    766  5.869801479410291E-002  3.627096643946232E+001
    767  5.880100076808103E-002  6.969169800774898E+001
    768  8.432947906993417E-002  2.633856906117004E+003
    769  6.660399747052043E-002  8.766513389568082E+002
    770  5.881291242312696E-002  1.000396039321275E+002
    771  6.061979218369101E-002  2.945163078296613E+002
    772  6.960522277752440E-002  1.222523545738024E+003
    773  5.719924249654315E-002  6.544061474138185E+000
    774  6.997001108299054E-002  1.302927542469049E+003
    775  5.664109208295566E-002  2.850638749078583E+000
    776  5.676712967688888E-002  3.200567571704708E+001
    777  7.871598228969000E-002  2.228428796913744E+003
    778  8.001191055334027E-002  2.394711938014598E+003
    779  5.634274489163599E-002  3.043751070254118E+001
    780  5.919890519504709E-002  3.197379902735982E+002
    781  5.690059202520308E-002  1.129426498761512E+002
    782  5.730093662209702E-002  1.626836526162218E+002
    783  8.259255616821197E-002  2.693539669408809E+003
    784  7.025373744454047E-002  1.464716506443616E+003
    785  8.036878955084124E-002  2.482197115246788E+003
    786  5.631887931412823E-002  7.966486161630341E+001
    787  5.757478042584125E-002  2.110253073174261E+002
    788  5.557062630583045E-002  1.848495503089353E+001
    789  5.985848090700929E-002  4.523925872609707E+002
    790  5.702486438992516E-002  1.718191326783135E+002
    791  6.594022979907468E-002  1.067402157717791E+003
    792  5.579725299629561E-002  5.576510765483692E+001
    793  5.921216306486186E-002  4.026672236091302E+002
    794  5.612664248290090E-002  9.938853772036818E+001
    795  6.026206164628123E-002  5.150966916890101E+002
    796  5.675400635214276E-002  1.784903288093102E+002
    797  5.687528450805199E-002  2.026767901421344E+002
    798  5.494802957988957E-002  1.008625487914983E+001
    799  6.037163089386040E-002  5.586577032565914E+002
    800  5.726317138768679E-002  2.501052776394370E+002
    801  5.469989039788553E-002  2.609587799387033E+000
    802  6.093573886039438E-002  6.359058144090222E+002
    803  5.637647872893942E-002  1.929348608195027E+002
    804  5.575194104974537E-002  1.355596603529773E+002
    805  5.461167306491985E-002  3.808525307299976E+001
    806  5.422929234800529E-002  6.577892991914808E+000
    807  6.581214743533879E-002  1.166825994673039E+003
    808  5.631813963166855E-002  2.232145697697447E+002
    809  5.462378789922785E-002  8.034399391782431E+001
    810  6.572014006405069E-002  1.193866024792995E+003
    811  5.381070562937015E-002  1.141310524880123E+001
    812  5.604965818691955E-002  2.406056790267008E+002
    813  7.057232784361434E-002  1.703115060810075E+003
    814  5.358282351943855E-002  9.322348708199554E+000
    815  5.484941398813479E-002  1.399026769856925E+002
    816  6.977435271515427E-002  1.632539839823023E+003
    817  6.065937123659107E-002  7.338021626944141E+002
    818  5.356462083107181E-002  3.085761417314373E+001
    819  5.329438826444059E-002  9.753980623763036E+000
    820  5.730539146274084E-002  4.185942699029106E+002
    821  5.935544103776766E-002  6.243521059521597E+002
    822  5.624889721104401E-002  3.160668719784132E+002
    823  5.308997744277613E-002  9.472131792349806E-001
    824  5.666604099182167E-002  3.644835446021976E+002
    825  5.763675696104082E-002  4.658749375772651E+002
    826  5.928857362862184E-002  6.364557954102796E+002
    827  5.504741047874234E-002  2.176958136723974E+002
    828  5.333620012594956E-002  4.967680091488000E+001
    829  5.378094721331184E-002  9.843325413873788E+001
    830  5.293090810195952E-002  1.363162072092870E+001
    831  5.753242333887355E-002  4.794459760629599E+002
    832  5.646926436226156E-002  3.773931139390305E+002
    833  5.267644004182433E-002  2.341513394955289E+000
    834  5.283115923719423E-002  2.064962193353043E+001
    835  5.619391339706505E-002  3.585402670929380E+002
    836  6.004288889183222E-002  7.578874491329243E+002
    837  5.253175169562938E-002  7.079919055847156E+000
    838  5.441570544738902E-002  1.991682962263108E+002
    839  5.259250733734616E-002  2.210652858196750E+001
    840  5.221316654883913E-002  1.299838797025986E+000
    841  5.221902757282143E-002  7.094879094383432E+000
    842  6.047861725447994E-002  8.375026806779651E+002
    843  5.420256170529388E-002  2.194297548285788E+002
    844  6.400117397806171E-002  1.215804365454514E+003
    845  5.302346281437563E-002  1.247750639352269E+002
    846  5.259050894105149E-002  9.548488996636554E+001
    847  5.727679018313277E-002  5.649611589362099E+002
    848  6.837783433235141E-002  1.698740241899980E+003
    849  5.214458221326308E-002  8.976551145571183E+001
    850  5.099685130834129E-002  3.492596887353164E+000
    851  5.392998362302102E-002  3.031457054647857E+002
    852  5.183677352089922E-002  9.658871965467428E+001
    853  5.229608315078206E-002  1.512481824423422E+002
    854  5.516944589324645E-002  4.519916455646571E+002
    855  5.370322307569647E-002  3.242515625427055E+002
    856  5.055228286748258E-002  1.013332766557281E+001
    857  5.047621084256599E-002  1.021476948741241E+001
    858  5.440437766369949E-002  4.039107872189927E+002
    859  5.089079466363195E-002  5.355839448003663E+001
    860  5.237715016463277E-002  2.087927367154210E+002
    861  5.038544079087221E-002  9.766884214527197E+000
    862  5.131818884130429E-002  1.125453664728572E+002
    863  5.252818648502341E-002  2.396412049237391E+002
    864  5.011177763876035E-002  3.002961268800681E+000
    865  5.173063257197658E-002  1.659443105571479E+002
    866  5.829715253037115E-002  8.692811897318952E+002
    867  4.966139311069372E-002  1.474605928310874E+001
    868  5.370623085891411E-002  4.268223808640216E+002
    869  4.928576282482691E-002  4.161695491067529E+000
    870  7.675273239585773E-002  2.779139616285604E+003
    871  5.130332424721971E-002  2.474739145965694E+002
    872  4.879258260733731E-002  1.019981147151040E+000
    873  5.162678351382188E-002  2.897558031892926E+002
    874  4.864522406929391E-002  5.402809820552744E+000
    875  5.621937355038072E-002  7.633503874875851E+002
    876  4.869874924935631E-002  2.209738106514783E+001
    877  5.670279560954928E-002  8.263356339860957E+002
    878  4.858607398171475E-002  2.652002342105161E+001
    879  4.979689893962697E-002  1.485741008165725E+002
    880  5.203396219061942E-002  3.875113154116281E+002
    881  4.788318760487460E-002  4.865468466618869E-001
    882  4.802135801965037E-002  2.202992891861182E+001
    883  4.855182489555709E-002  7.782855066083739E+001
    884  4.967843961165327E-002  1.916539179007857E+002
    885  4.764331780008890E-002  4.883212193497551E-002
    886  5.439505979341569E-002  6.834630927616455E+002
    887  5.194395884684513E-002  4.482363885458985E+002
    888  4.772996077244986E-002  2.818528224078331E+001
    889  4.673894279891540E-002  7.852494994967490E-001
    890  4.987093269847407E-002  3.285718526490733E+002
    891  4.659046178505465E-002  1.454569217460181E+000
    892  5.408328980244403E-002  7.606836701822664E+002
    893  4.701516242458585E-002  8.783254546914419E+001
    894  4.889035010209830E-002  2.870742717901180E+002
    895  5.082601817168035E-002  5.423136632824003E+002
    896  4.858874012159825E-002  3.191220080002204E+002
    897  6.802602139081768E-002  2.277169407746671E+003
    898  5.997042398976362E-002  1.509182327155440E+003
    899  5.041409024684692E-002  5.709813789520259E+002
    900  4.461693076852620E-002  2.094905384046656E+001
    901  4.428714728700194E-002  5.936652990943158E+001
    902  5.132961630226828E-002  7.695136740710327E+002
    903  5.191827374965631E-002  8.565128285017023E+002
    904  4.328657472534480E-002  6.472990113644587E+000
    905  6.237374424314247E-002  1.944084773461845E+003
    906  4.295633183621442E-002  1.254417173691430E+001
    907  4.584071227884504E-002  3.113819985862628E+002
    908  4.316631074854048E-002  6.178034887135962E+001
    909  4.812311436301035E-002  5.610750205106162E+002
    910  4.512228456113233E-002  2.798861199200242E+002
    911  7.048538018599163E-002  2.823141825128948E+003
    912  4.230091929642262E-002  1.599304720433496E+001
    913  4.268853614225258E-002  6.576320788779144E+001
    914  4.202681687468773E-002  3.824634996984997E+000
    915  4.297541723765071E-002  1.018567375420629E+002
    916  4.372697679205470E-002  1.795739904136439E+002
    917  4.448932474658384E-002  2.638664831644501E+002
    918  4.575409179594309E-002  4.039476788955501E+002
    919  4.547731992958270E-002  3.857639891075701E+002
    920  4.191637885713059E-002  4.134657401480291E+001
    921  4.245340898702114E-002  1.018471371584388E+002
    922  4.280292160089996E-002  1.470026743902626E+002
    923  4.279803932874805E-002  1.472665732822025E+002
    924  5.177101295239722E-002  1.047842705541002E+003
    925  4.146482867776462E-002  3.141162043783460E+001
    926  5.815707282146099E-002  1.711436968411597E+003
    927  4.261712635408784E-002  1.702946446018446E+002
    928  5.851532010382298E-002  1.767044867581337E+003
    929  6.056131312671860E-002  1.977765655326649E+003
    930  6.361759776640380E-002  2.285835209365343E+003
    931  4.137226807075024E-002  6.350488914280613E+001
    932  4.335612725833958E-002  2.633660397844603E+002
    933  4.123394481173782E-002  5.197546124238468E+001
    934  4.715659107345545E-002  6.556526056749916E+002
    935  4.082902537720883E-002  2.774255871463726E+001
    936  4.064794592275105E-002  2.556002966283324E+001
    937  6.404738205821028E-002  2.365632613353278E+003
    938  4.272656859448084E-002  2.364514456801944E+002
    939  4.075430098946671E-002  4.502153158650636E+001
    940  4.534721649860168E-002  5.071361049195916E+002
    941  4.039750600608405E-002  1.415120425403017E+001
    942  4.286948009658655E-002  2.683453595102957E+002
    943  4.090826270636375E-002  7.604607195072418E+001
    944  4.352008187722180E-002  3.373199092837054E+002
    945  4.299203194760391E-002  2.917478210978490E+002
    946  4.012849549009535E-002  8.109254186195244E+000
    947  5.025458304584542E-002  1.029450976786386E+003
    948  4.371144457223181E-002  3.804719047670351E+002
    949  4.075952289184524E-002  8.848231536686023E+001
    950  4.406039900356305E-002  4.240912018400688E+002
    951  4.018756046667360E-002  4.491810246243349E+001
    952  4.919655477083918E-002  9.462712476689763E+002
    953  4.030089505263691E-002  6.369946641654411E+001
    954  5.127061656198403E-002  1.160804987206812E+003
    955  4.357519111063887E-002  3.933050503206462E+002
    956  3.967880557595733E-002  4.009797824389438E+000
    957  4.007190006915722E-002  4.488008658273060E+001
    958  4.326473553097825E-002  3.652304670315092E+002
    959  3.971986822227953E-002  1.407080901120589E+001
    960  4.199910021238382E-002  2.426932601402422E+002
    961  3.993774646414229E-002  3.776815170190550E+001
    962  4.296191774146944E-002  3.440023317871748E+002
    963  4.095450994115608E-002  1.460427338585488E+002
    964  4.569395317248556E-002  6.236966896795802E+002
    965  3.933916451710365E-002  1.486450324849659E+000
    966  5.204397185053362E-002  1.282731703314785E+003
    967  4.427644849822952E-002  5.123059357966939E+002
    968  4.341200469445194E-002  4.275500126019097E+002
    969  3.916270759706202E-002  6.128885083249147E+000
    970  5.176864169146431E-002  1.268869127326663E+003
    971  3.907666581710062E-002  6.604167208652914E+000
    972  4.118894654062281E-002  2.217485652947873E+002
    973  6.228403129459360E-002  2.339618830960235E+003
    974  3.904705181146472E-002  1.683205635837885E+001
    975  4.029818358351430E-002  1.428441271786377E+002
    976  4.085896687285625E-002  2.069913431291637E+002
    977  4.084177952584623E-002  2.071495500873619E+002
    978  3.924854873232009E-002  5.107402657250297E+001
    979  4.780406863296562E-002  9.097843344400117E+002
    980  3.891606594536464E-002  2.353842749151898E+001
    981  4.545699728066049E-002  6.813526085707014E+002
    982  3.935162472747024E-002  7.636736072650531E+001
    983  4.064742932017067E-002  2.107313713420224E+002
    984  4.052034422838125E-002  1.988059659267738E+002
    985  3.906751735532328E-002  6.042510287315304E+001
    986  3.980646171431378E-002  1.376177983950643E+002
    987  3.873600537409965E-002  3.503675276191322E+001
    988  3.952430738965319E-002  1.139823635515406E+002
    989  4.467674936653034E-002  6.456955528540659E+002
    990  3.891788582642338E-002  7.378142506927894E+001
    991  5.409347079179554E-002  1.602018377681993E+003
    992  5.033352764338184E-002  1.234663253112479E+003
    993  3.805984596177587E-002  1.200887579005371E+001
    994  3.914903158284371E-002  1.234081168436492E+002
    995  5.639075942533360E-002  1.854292089701446E+003
    996  3.786137645649410E-002  3.200769412257573E+000
    997  4.650804023367406E-002  8.699775246608718E+002
    998  7.053913764482045E-002  3.275967480545456E+003
    999  3.782249009604455E-002  5.297026340374692E+000
   1000  5.014156072781074E-002  1.237546669233543E+003
   1001  6.922045313990947E-002  3.150744817789453E+003
   1002  3.845509953970431E-002  7.468986471997395E+001
   1003  3.790709802051291E-002  2.821514589790968E+001
   1004  3.914749255270501E-002  1.526170642779147E+002
   1005  4.179356869540013E-002  4.185479121829675E+002
   1006  6.534956845717023E-002  2.779230226964627E+003
   1007  3.754557826778170E-002  3.765473969623065E+000
   1008  5.258044663329544E-002  1.508072361958291E+003
   1009  5.438655981992499E-002  1.694175791648293E+003
   1010  3.804457442436977E-002  6.532650590555376E+001
   1011  4.766104997078425E-002  1.031318781922929E+003
   1012  3.763174401978646E-002  3.105076988969870E+001
   1013  4.052546964655343E-002  3.236789906818431E+002
   1014  4.428607384968704E-002  7.035634097474205E+002
   1015  3.726407094000529E-002  2.482237011223262E+000
   1016  4.539942748548490E-002  8.169097876268670E+002
   1017  3.808910706962118E-002  8.819809669323483E+001
   1018  4.860729998463021E-002  1.143999889149323E+003
   1019  3.712892359880079E-002  3.850885878821610E-001
   1020  4.664778685918826E-002  9.566215272686715E+002
   1021  3.936336649212610E-002  2.329179527354100E+002
   1022  4.183488010847690E-002  4.877460882142438E+002
   1023  3.718335396779000E-002  2.588245568955087E+001
   1024  6.069016357513505E-002  2.382070346708833E+003
   1025  3.720376357561543E-002  3.683749836119014E+001
   1026  5.509716338804131E-002  1.827783600935352E+003
   1027  6.025179323134701E-002  2.347384091925367E+003
   1028  3.825815626799602E-002  1.577689873196876E+002
   1029  1.267874186329339E-001  9.012334068564409E+003
   1030  3.656690474953270E-002  8.037170465434479E-001
   1031  4.905963395877910E-002  1.251490928847850E+003
   1032  5.396435508012593E-002  1.746261477753866E+003
   1033  1.166561798010547E-001  8.021710366368187E+003
   1034  4.414038673462736E-002  7.706518823961687E+002
   1035  3.733608532638410E-002  9.067020270832695E+001
   1036  1.476681543132689E-001  1.112907982784224E+004
   1037  3.641903506541300E-002  9.949927441144743E+000
   1038  7.043760228656957E-001  6.681509103347652E+004
   1039  4.154944516117963E-001  3.793301004702089E+004
   1040  3.786847929164637E-002  1.755186853518678E+002
   1041  6.672366939790216E-001  6.311500049667598E+004
   1042  8.595722011668815E-002  4.999727830561656E+003
   1043  3.703973971906374E-002  1.102841272069554E+002
   1044  9.026145628549566E-002  5.438649406107512E+003
   1045  6.894972171716052E-002  3.320802776466272E+003
   1046  3.922652095117337E-002  3.531442180058885E+002
   1047  1.023536310952376E+000  9.880235245516793E+004
   1048  4.916137676661117E-001  4.561568880763646E+004
   1049  3.577774368697460E-002  3.847255784743052E+001
   1050  9.406814684440473E-002  5.874197062664999E+003
   1051  3.612606798224032E-002  1.123512604996103E+002
   1052  3.839860836229041E-001  3.490496554695003E+004
   1053  1.414379560129096E-001  1.066027823880003E+004
   1054  3.537143234113747E-002  5.462266316426076E+001
   1055  8.554687447506637E-002  5.074128633833131E+003
   1056  3.511754605792176E-002  3.584537757743760E+001
   1057  9.035209229737075E-002  5.559847907048114E+003
   1058  1.876685770271649E-001  1.530519186495905E+004
   1059  3.461065964602589E-002  8.245182454962707E+000
   1060  2.576659959621636E-001  2.232264634642495E+004
   1061  1.211969078092321E-001  8.693024516096981E+003
   1062  1.181515801504967E-001  8.391174271515631E+003
   1063  3.681334144153495E-002  2.580080058752473E+002
   1064  5.948566339611428E-002  2.530398725641305E+003
   1065  3.505594334490451E-002  1.036226183844282E+002
   1066  6.960809545049229E-002  3.561991159584832E+003
   1067  1.708532035219935E-001  1.369127033536447E+004
   1068  3.593310165321924E-002  2.016456603133682E+002
   1069  6.236029141923518E-001  5.901527948204087E+004
   1070  2.282790551434839E+000  2.249615083250133E+005
   1071  1.335838415403924E-001  1.006392642093717E+004
   1072  1.207066696403659E+000  1.174215911895450E+005
   1073  3.293698176630312E-002  2.044194441235177E+001
   1074  4.077776076442985E-001  3.752326692176443E+004
   1075  1.572078090345031E-001  1.481703384406116E+004
   1076  1.661644705576305E-002  7.726440143093686E+002
   1077  2.746158143612329E-003  2.746014823401079E+002
