# dt =   1.000000000000000E-005
# j, New nj, Rate of change (1/s)
      1  5.227110891345615E+000  9.126309964130957E+004
      2  1.189669049321198E+002  3.890920793197436E+006
      3  7.725540640196903E+000  1.170920021161684E+005
      4  1.979644081246851E+001  3.385726607592934E+005
      5  4.514856843743995E+001  7.170966306924991E+005
      6  6.596883928560157E+000  8.055837832441561E+004
      7  4.286207903091272E+002  7.016362209787614E+006
      8  2.198609592204584E+002  3.560237303954516E+006
      9  6.021747612059504E+001  1.440109502227968E+006
     10  1.251373062409910E+002  1.768840060271213E+006
     11  2.374531597463212E+001  3.641816561502667E+005
     12  2.057288601414783E+001  4.032934707921266E+005
     13  2.433565277805996E+000  1.676727435066405E+004
     14  9.790624692499586E+000  1.564970873866826E+005
     15  2.281635300867668E+000  1.500348350034149E+004
     16  3.104646273946323E+001  8.622914212222033E+005
     17  1.611219246718322E+001  2.875840828321060E+005
     18  7.455330551758333E+001  1.203890174423784E+006
     19  2.188313359775290E+000  1.282688080349069E+004
     20  2.213376513666062E+001  3.265442968710719E+005
     21  4.638786762632558E+000  5.337184372685433E+004
     22  1.363142957633785E+001  2.717772760310392E+005
     23  2.214168359358835E+002  3.638287785964133E+006
     24  1.687360280661737E+002  2.754312152048477E+006
     25  1.961936286026041E+000  1.194663168214353E+004
     26  2.197727438232559E+000  2.226978610371289E+004
     27  2.596251726833260E+002  7.495130951682642E+006
     28  7.125585221063647E+000  1.317419875691128E+005
     29  6.833393356257062E+001  1.845519015146137E+006
     30  4.153372695428166E+000  4.508781992188515E+004
     31  4.128325702424833E+001  6.714368256057984E+005
     32  1.536174835497602E+001  3.455849268344583E+005
     33  1.136323660189098E+001  1.889879218387685E+005
     34  6.387479110405650E+000  8.329310655712169E+004
     35  7.893477903088997E+001  2.108218021378310E+006
     36  1.660482286562648E+001  2.272433151744576E+005
     37  3.694984532135312E+001  9.299513023756974E+005
     38  1.619264131119777E+002  2.762288659371808E+006
     39  1.576081334049130E+001  3.649354864232738E+005
     40  3.698710155020643E+001  9.847382539060457E+005
     41  2.509190539069177E+001  6.224093419183962E+005
     42  1.464044698813737E+001  2.871326770380919E+005
     43  8.143135478257831E+000  1.348257959261207E+005
     44  3.399858905428812E+001  9.287101239188464E+005
     45  1.141922264833248E+001  3.210399539375742E+005
     46  8.876796230432577E+000  1.415571514351314E+005
     47  1.159094775933166E+000  1.214897126606288E+003
     48  2.036819873265194E+001  3.576190567323806E+005
     49  6.161931188481668E+000  9.683636157312886E+004
     50  3.219113129504865E+000  5.362465752807075E+004
     51  2.475921648926068E+001  8.268132173910899E+005
     52  3.534787118414637E+000  7.611404973436244E+004
     53  5.064264921924568E+000  6.444250175086798E+004
     54  3.702696243247630E+001  6.719570870612287E+005
     55  6.005795416646138E+001  1.131828476547454E+006
     56  1.188172530958634E+000  2.241456559893111E+003
     57  4.252624511140199E+001  7.424269654013519E+005
     58  5.416180490643650E+001  8.918304206375345E+005
     59  1.559525878681952E+000  9.622315469574984E+003
     60  9.969296700884351E+001  2.164646365111088E+006
     61  3.575223364629656E+000  3.581762550610852E+004
     62  4.125774694462930E+000  6.342100369681211E+004
     63  2.327846434833746E+000  3.241006255804841E+004
     64  8.631123628185787E+001  1.481483702208850E+006
     65  7.613555949754702E+002  1.437616000951482E+007
     66  1.320443834150594E+001  2.092392388378809E+005
     67  9.921101439700476E+001  1.796041166569643E+006
     68  3.421679179950013E+000  4.442607495876138E+004
     69  6.130070765329589E+000  1.228842749815605E+005
     70  1.529420317997574E+002  3.135467840549151E+006
     71  2.123990768955702E+002  3.825013400816096E+006
     72  3.861407977287123E+000  3.894814301936363E+004
     73  2.801005938348825E+001  7.926927133162640E+005
     74  1.055648469810847E+001  1.806337374886723E+005
     75  2.434252394698091E+000  2.353550653094597E+004
     76  2.598362439235068E+000  2.885573970624611E+004
     77  4.629807257944182E+000  6.340911187894834E+004
     78  5.380040693280440E+000  7.738788099179756E+004
     79  1.305209282994762E+001  3.683515790343012E+005
     80  6.733003328279345E+001  1.950383573841250E+006
     81  5.987393325206814E+000  1.156289573514277E+005
     82  8.599587704103316E+000  2.100758522086249E+005
     83  3.174452529495254E+000  5.794764998609876E+004
     84  2.949446608741030E+000  3.442882116364004E+004
     85  2.628617098884220E+001  3.942189891345826E+005
     86  1.154499904241152E+002  3.288223604633408E+006
     87  1.918562504849751E+000  2.703037887853422E+004
     88  2.036254896802523E+000  2.116438063176831E+004
     89  1.237914070408239E+001  2.597783093605796E+005
     90  1.486598912936233E+002  4.383946860640577E+006
     91  3.853834248509076E+001  1.090981002816382E+006
     92  2.494567935977221E+001  5.916152051465834E+005
     93  5.910302517884826E+000  1.460205119151120E+005
     94  2.704171035537493E+001  7.714964158587987E+005
     95  1.720394564349917E+001  2.593291709157903E+005
     96  4.910820569524442E+000  6.365007484159772E+004
     97  1.680439025183153E+001  4.075876836782123E+005
     98  2.056398985500519E+001  6.160996947739482E+005
     99  2.019541791671974E+000  3.023042787695810E+004
    100  3.713998644056403E+001  1.074715873455678E+006
    101  9.353507566242762E+000  1.562007671609977E+005
    102  1.453913069775076E+001  4.076279090265283E+005
    103  1.834672909311370E+002  5.214376532647539E+006
    104  3.240531826445189E+000  4.223712970618135E+004
    105  1.556583047191978E+001  4.428828678281563E+005
    106  9.755198167535333E+000  1.489689526898492E+005
    107  1.809281087581372E+000  1.677656455707884E+004
    108  3.293354346710148E+001  5.110020070887746E+005
    109  6.008789909883178E+000  8.659822357377238E+004
    110  1.646037216273041E+001  4.450424632949126E+005
    111  9.837241327119978E+000  1.514146741729646E+005
    112  4.921565599807050E+000  9.403870100367085E+004
    113  5.524720941167428E+000  1.258141314735162E+005
    114  9.220652677680100E+001  1.469966278787508E+006
    115  1.819045716619766E+001  5.061347405419922E+005
    116  5.381989192933990E+000  8.185515541445998E+004
    117  1.142288300655524E+001  2.511586821006303E+005
    118  2.396416861964897E+000  3.231842217855654E+004
    119  3.882265363584240E+000  7.308553987467340E+004
    120  1.670417124519600E+001  4.751505962984104E+005
    121  5.169312867147599E+000  7.099642093769119E+004
    122  1.109765396574337E+000  3.821839000320497E+003
    123  2.115591225688227E+000  2.289738042089088E+004
    124  9.631488760751243E-001  1.479910369891490E+003
    125  1.510771454710364E+001  3.636175083905069E+005
    126  8.403230393834169E+000  2.269114868160108E+005
    127  2.966322253076338E+000  6.222067652636788E+004
    128  7.225296454925863E+000  2.141537027744135E+005
    129  9.622008408134411E-001  1.807250823423996E+003
    130  2.154821165415156E+000  4.233063037173228E+004
    131  1.100086916281461E+001  1.616455496410065E+005
    132  2.278056509976090E+000  2.881188462190738E+004
    133  9.449443450858864E+000  1.343136205406628E+005
    134  7.364380352147688E+000  9.979612486544326E+004
    135  4.472036262054508E+000  1.101847748039518E+005
    136  5.057003039794784E+000  1.235873471333458E+005
    137  4.950712966008194E+000  7.906249410281901E+004
    138  7.524703880048920E+000  1.249106832329943E+005
    139  5.073272089826603E+000  1.268937174556008E+005
    140  4.141368895504567E+000  9.363948400317710E+004
    141  2.551534309692965E+000  3.814316730958485E+004
    142  2.650960285886397E+001  4.310985197800374E+005
    143  9.403883031088796E+000  1.585192187802441E+005
    144  1.425843370023958E+001  3.203030795572257E+005
    145  3.489843989909894E+000  5.752868734661847E+004
    146  9.020438343800991E-001  9.430689299098144E+002
    147  1.966468692047256E+000  1.779525907088545E+004
    148  3.753588095799605E+000  6.940272911924931E+004
    149  1.274972614144277E+001  3.331148956331941E+005
    150  4.912892307297027E+000  5.981778613809462E+004
    151  6.674133284367630E+001  1.911971447986254E+006
    152  3.949692383775712E+001  9.074231660901331E+005
    153  7.779672570073518E+000  1.117865762299529E+005
    154  2.413945675579815E+002  7.052206349655371E+006
    155  1.077977180773880E+001  2.950344340360143E+005
    156  5.062320395124982E+000  7.275762488844962E+004
    157  1.680747034075251E+001  2.870869135635248E+005
    158  1.056435267032130E+001  1.655326228474585E+005
    159  2.347662376227100E+000  4.323934024617921E+004
    160  1.993798713056828E+001  3.929873120240907E+005
    161  1.259369329109891E+001  2.049255113013404E+005
    162  1.570329121494647E+000  1.120582323399004E+004
    163  9.050198137045216E+001  2.634534628216573E+006
    164  1.352229587130229E+002  3.519175837803776E+006
    165  1.089992659664077E+002  3.029012138092013E+006
    166  1.637367244120001E+001  3.496392897999955E+005
    167  2.580996259471612E+000  3.233218067784304E+004
    168  3.496341218368632E+000  5.034767074171125E+004
    169  1.053866785696858E+001  1.652547465280257E+005
    170  1.600386906706225E+000  1.537267183251435E+004
    171  2.213158571177242E+000  2.497853461539405E+004
    172  1.284396830331603E+001  2.705474603074380E+005
    173  9.468230531886482E+000  1.854496439871861E+005
    174  5.552325273351862E+000  8.005339481142578E+004
    175  1.146706847264432E+000  7.525577068529798E+003
    176  2.814765481774892E+000  3.311141033600571E+004
    177  7.324761862876063E+000  1.788264819874285E+005
    178  7.717941652555957E-001  1.730926607682887E+002
    179  1.361492440820483E+000  9.016211288968370E+003
    180  1.261731756131331E+001  1.783002310166234E+005
    181  1.336004069447471E+000  1.192353749123891E+004
    182  2.415605383175141E+001  7.179449072636808E+005
    183  1.236345141589872E+001  2.011809181628402E+005
    184  6.373936294047882E+000  8.906110358325334E+004
    185  3.111255813051533E+001  7.191504030134684E+005
    186  2.198019224372982E+001  6.426322413445914E+005
    187  2.113122312093433E+000  2.281433418898254E+004
    188  4.779621535274926E+001  8.196426596698924E+005
    189  2.025775114519019E+000  2.687695124374565E+004
    190  1.042017008683117E+001  2.279499969051197E+005
    191  5.623617373566601E+000  8.050063098653969E+004
    192  6.583128847615035E+000  1.407699123266506E+005
    193  1.880035006787337E+001  5.029356650381848E+005
    194  3.053675028566623E+000  7.298224157506741E+004
    195  1.253975573762675E+001  2.373707954563253E+005
    196  8.667724202145353E+000  1.264684151028276E+005
    197  7.052736869533626E+000  1.826816176608274E+005
    198  3.513516575378874E+001  7.899049502894125E+005
    199  2.733739615302298E+001  4.744554464085716E+005
    200  8.324665463213078E-001  2.345588038086308E+003
    201  4.787695223038316E+000  7.944890907545954E+004
    202  9.077569991068298E+000  1.363183022473089E+005
    203  2.001154459935211E+000  3.477158963037960E+004
    204  4.564411879861419E+000  1.076029929649232E+005
    205  7.362353853177424E+000  1.243339543361654E+005
    206  5.412743571156897E+000  9.511183396884739E+004
    207  1.765437058948987E+001  2.803293070744653E+005
    208  4.029449842857699E+000  5.421800802617295E+004
    209  2.023343496977298E+000  3.109111475313366E+004
    210  5.065605984129914E+000  1.582683373756520E+005
    211  2.526069957577354E+000  6.242901430275253E+004
    212  1.096341413276901E+001  1.621770913021399E+005
    213  3.894157285849339E+000  9.033200892228173E+004
    214  2.913352231063872E+000  3.663085444356049E+004
    215  2.641613598607555E+000  4.567211566828193E+004
    216  1.319518553830745E+000  1.058681377144652E+004
    217  5.149456070383213E+000  1.151499214299686E+005
    218  6.862752815095337E+000  9.423995954381762E+004
    219  1.272212316496323E+000  1.248542805974303E+004
    220  1.365625894744031E+000  1.036500520652235E+004
    221  7.767675236031320E+000  1.215420291766585E+005
    222  5.109465891171333E+000  1.080248355011080E+005
    223  1.798696335910007E+001  2.892005412538532E+005
    224  8.795260663741656E-001  2.962323055460485E+003
    225  9.276201142396003E-001  3.785221815498131E+003
    226  5.187224654997446E+000  1.088453234477272E+005
    227  9.112335853151484E-001  4.084719935385389E+003
    228  7.918141090831892E-001  1.661448538780464E+003
    229  2.689205841726892E+001  4.272447915658534E+005
    230  1.689421761348799E+001  4.346833521686044E+005
    231  4.237500300902636E+000  5.214914272257010E+004
    232  2.734162503935848E+001  8.728016641484647E+005
    233  1.331409998984581E+001  2.806247594505769E+005
    234  2.000678829364197E+000  2.203811839689246E+004
    235  8.131399586452678E-001  3.031009789071257E+003
    236  1.834480957890266E+001  4.042357119498643E+005
    237  4.427873330388276E+000  5.866306879370362E+004
    238  8.989237292843807E+000  1.746916105601181E+005
    239  4.896028535520988E+000  8.465633939749737E+004
    240  8.212010600638720E+000  1.735584769681939E+005
    241  1.382489113226224E+001  2.620905496046508E+005
    242  2.376324377123284E+000  2.731615658809331E+004
    243  1.060388901732429E+000  8.790961897972544E+003
    244  2.913158944225861E+000  6.777302846195329E+004
    245  2.136933690473840E+001  4.407591419914379E+005
    246  7.215409131423804E+000  1.126919270894289E+005
    247  4.399030884920139E+000  9.095388305270730E+004
    248  8.057713961266660E+001  2.002187747155906E+006
    249  1.578350839496675E+001  3.994872884844511E+005
    250  1.091639960887561E+000  7.580155741431427E+003
    251  1.357794327651149E+001  2.342075249841004E+005
    252  8.115416722509657E-001  2.538023184599768E+003
    253  4.074442032677773E+001  7.674901562363188E+005
    254  2.138757407080162E+001  3.641057154046480E+005
    255  2.287119333546569E+001  3.654277198386036E+005
    256  5.759568607346985E+000  1.268600360460638E+005
    257  1.663959805400154E+000  1.860827913984903E+004
    258  3.283264122219869E+001  9.254718828145652E+005
    259  8.930408974492755E+000  2.097775828179180E+005
    260  1.574731868537297E+000  1.448824089502447E+004
    261  2.659665876908426E+000  3.630651477895281E+004
    262  2.676493160656001E+000  4.635534033787545E+004
    263  6.669403904543045E-001  9.046287062824146E+002
    264  9.581394754695003E+000  2.542990106116688E+005
    265  8.189826964523313E-001  5.534548525214833E+003
    266  1.827466316720891E+000  3.218240418194848E+004
    267  1.289029598070620E+000  1.587123736185170E+004
    268  7.024850323116884E-001  1.699994413445558E+003
    269  1.098260769955089E+000  7.831975176476820E+003
    270  1.970685519802679E+000  3.209609952386737E+004
    271  1.037431202485682E+000  8.032597449027714E+003
    272  1.145499747321923E+001  3.209269177564448E+005
    273  2.822058457039109E+000  6.816027770881673E+004
    274  8.208616660834791E+000  2.312202526006696E+005
    275  4.559503684865275E+000  6.125985407529914E+004
    276  2.146991041837723E+000  4.230095637816778E+004
    277  1.034017811965536E+000  9.419032809076123E+003
    278  1.709488797787855E+000  2.449889409516679E+004
    279  6.756497450938604E+000  1.566303506960419E+005
    280  7.944084443738880E+000  2.484811040348396E+005
    281  6.402354794888900E+000  1.308056671772393E+005
    282  1.131489843089460E+001  1.746634659197920E+005
    283  4.704101566932566E+000  1.080547639299719E+005
    284  9.582633776026183E-001  6.098552676075709E+003
    285  3.767306256243889E+000  9.812978376429244E+004
    286  7.084516654819292E-001  2.912216277781252E+003
    287  1.300092684491487E+000  1.956651536020172E+004
    288  7.876704829249499E+000  1.564598543287479E+005
    289  7.306655602645677E+000  1.543201061080838E+005
    290  2.126298985490604E+001  6.351584793489621E+005
    291  3.879537582492570E+001  1.241782214421616E+006
    292  2.487465730030293E+000  4.239334419276617E+004
    293  6.355751777284610E+001  1.947756658252603E+006
    294  1.422785770714950E+001  3.012613914901684E+005
    295  9.106300794388508E+000  1.332166384053577E+005
    296  3.073029253415483E+001  6.256652747273062E+005
    297  4.925196394659720E+001  9.981748141975362E+005
    298  6.799401155290840E+001  2.139142120028863E+006
    299  1.300480435949462E+001  3.447296227555083E+005
    300  5.299904713676258E+001  1.140574051169286E+006
    301  5.716043644277220E+001  9.670625764911287E+005
    302  5.708750488576721E+000  1.343214433672144E+005
    303  7.322500143607283E+000  1.331550907178505E+005
    304  3.498434613165144E+000  4.514107294864050E+004
    305  2.214160565302155E+000  2.689159465986535E+004
    306  1.229213098233783E+001  3.250853826650030E+005
    307  2.305663711509102E+000  2.692384167030197E+004
    308  3.389804811833518E+001  9.289003747460918E+005
    309  3.818300780144655E+000  6.072761073661486E+004
    310  1.007740258512614E+001  2.643429985758677E+005
    311  1.769108931880256E+000  1.847994770074564E+004
    312  3.849509485532904E+000  5.473452412142866E+004
    313  1.015402926395658E+000  7.390190645383563E+003
    314  2.551338558704592E+000  3.120470640020967E+004
    315  9.771971688329035E-001  7.317148312527866E+003
    316  1.221135994269883E+000  1.451502887542240E+004
    317  2.748049248093339E+000  3.475044192487076E+004
    318  1.637407867003328E+001  4.329642084071958E+005
    319  2.130087574940247E+000  3.313162226608935E+004
    320  7.349479274289677E+000  1.162152274242163E+005
    321  3.934908087275214E+000  5.961994217787532E+004
    322  2.107277912420493E+000  2.700230897192991E+004
    323  1.818731746634204E+000  1.926850147344869E+004
    324  3.211930524257460E+000  4.419013091408816E+004
    325  8.246088767846301E+000  1.154353597874977E+005
    326  6.381767215251643E+000  1.724214578044327E+005
    327  4.841857594266353E+000  6.490600088844297E+004
    328  7.921974819765447E-001  4.493912972539918E+003
    329  1.935027958577954E+001  3.718369710933937E+005
    330  3.248318654284126E+001  5.235972660000422E+005
    331  9.080462565302348E+000  1.387916308422020E+005
    332  2.018305760018621E+000  4.180787199602735E+004
    333  7.806238844425804E+000  1.998338009820708E+005
    334  2.686970215484911E+000  3.284413613727823E+004
    335  1.322762439193844E+001  2.428085012957322E+005
    336  4.283891163990130E+000  6.222213301468960E+004
    337  1.819710983348974E+000  2.163364163317671E+004
    338  4.304648053570933E+000  6.361188354361949E+004
    339  1.615152846871578E+000  1.787552737732793E+004
    340  6.736689534200855E+000  1.687893569505480E+005
    341  2.160817921917575E+001  4.450497536027057E+005
    342  7.952570291337339E-001  4.981072486327491E+003
    343  7.113763074044979E+000  1.609134234150482E+005
    344  1.361262531025305E+001  3.657874349060243E+005
    345  1.324705277658866E+000  2.598144105900351E+004
    346  3.916468201116717E+001  1.203171004677027E+006
    347  1.944403780412026E+001  3.159393863918207E+005
    348  1.149397494038260E+001  1.881686598606289E+005
    349  2.644814851999263E+000  5.392323716461048E+004
    350  6.981856736470395E-001  4.119415799086739E+003
    351  3.369097149678988E+000  5.913871005040980E+004
    352  5.350563503990061E+000  8.122185556499334E+004
    353  7.952213777370939E-001  7.993959957037504E+003
    354  8.062753361061421E-001  5.476784257460961E+003
    355  2.781081098406794E+000  4.585305103115301E+004
    356  1.860364138062333E+001  4.465550466349848E+005
    357  5.797073057916255E+000  8.644571801184431E+004
    358  5.771537899782646E+001  1.306599244132066E+006
    359  4.615682229900784E+000  1.221652501290739E+005
    360  2.597328051927055E+000  3.435035267986111E+004
    361  1.705127765620720E+000  2.122314427941257E+004
    362  6.152062434993839E-001  2.508935268062345E+003
    363  4.734200274559238E-001  2.336663945257527E+002
    364  1.869891310404879E+000  4.391620327272793E+004
    365  2.487243721311963E+000  4.432587042258937E+004
    366  8.176863379579992E-001  5.991928217900349E+003
    367  2.953632779783618E+000  7.527862961158571E+004
    368  7.076298698779687E-001  3.917458474200641E+003
    369  1.202606727751224E+000  2.645718655919285E+004
    370  9.786803440226099E-001  8.568008401922052E+003
    371  5.825485492005121E-001  2.251566404909580E+003
    372  1.207848963740160E+000  2.076511479650812E+004
    373  5.709321971558938E-001  2.539521028121116E+003
    374  7.419189330129207E+000  1.985795091705528E+005
    375  8.644632739130498E-001  1.205193763988288E+004
    376  9.565437054991877E+000  2.943281693573731E+005
    377  2.145405371319880E+000  3.429847719215634E+004
    378  1.537113163291040E+001  3.488178769271224E+005
    379  1.290081615399294E+001  2.259843217288170E+005
    380  9.986321167108793E+000  2.387085920190071E+005
    381  5.801463514861776E+000  1.258753687552703E+005
    382  3.543556293121252E+000  5.252830789856680E+004
    383  8.299706095905908E+000  2.246283329087586E+005
    384  2.007321745028086E+002  6.015784355024659E+006
    385  1.201415778867770E+001  1.949731859868640E+005
    386  9.258423632248645E+001  1.962034186862230E+006
    387  2.236784606859651E+001  5.400711732094701E+005
    388  4.297382638580834E-001  6.382861819497194E+002
    389  3.815824902042973E+000  5.595277456689864E+004
    390  5.754011893516740E+001  1.802273910525854E+006
    391  3.543329338086934E+001  9.421134590930212E+005
    392  5.784329966718332E+001  1.620612022571326E+006
    393  9.531760271243721E+001  2.638889359732494E+006
    394  2.881669521806620E+000  4.709037048714605E+004
    395  2.018774107827681E+001  6.041847814605802E+005
    396  5.582701129157618E+000  1.508378002568042E+005
    397  1.800825732384135E+000  3.995500380794905E+004
    398  2.662576085648312E+000  5.634056264436986E+004
    399  6.687224689619610E+000  1.977436998762052E+005
    400  2.197674516776907E+001  5.125252566396126E+005
    401  4.954833534138787E+000  7.353860698910368E+004
    402  2.724209481937185E+001  7.669915572245735E+005
    403  1.354571485619711E+001  2.253424597912085E+005
    404  3.206701408357928E+000  6.845161886223088E+004
    405  1.417468306630003E+001  3.131860642382643E+005
    406  3.574189468943256E-001  3.924244323634000E+002
    407  3.205773947982566E+001  1.017648433046080E+006
    408  4.266986029000223E-001  2.110081323636462E+003
    409  9.069506155904058E+000  2.153503035624904E+005
    410  7.600924267068084E-001  8.641534216935570E+003
    411  5.025105446357781E+000  1.093878203492280E+005
    412  3.976308798378826E-001  1.313883892528473E+003
    413  1.920759924596756E+001  3.501623474560032E+005
    414  1.670564057435900E+000  2.140474155299829E+004
    415  2.300317115680985E+001  4.238449720908490E+005
    416  9.679458733709554E-001  1.341557549020876E+004
    417  5.387884377975939E+000  9.683813308256923E+004
    418  6.742136161891282E+002  9.717230406063348E+006
    419  3.404359317959032E+001  1.010564319281550E+006
    420  1.163181475887362E+000  1.624803306380366E+004
    421  4.295329694296520E+000  9.334549693562515E+004
    422  5.865955262042237E+001  9.096647678754246E+005
    423  3.748686518251743E+001  7.507282927806472E+005
    424  4.909306175440182E-001  2.953484133205692E+003
    425  1.662582761200431E+002  2.472144356568837E+006
    426  2.689749661124913E+001  4.044986148455064E+005
    427  2.803326542137335E+001  8.278606951578328E+005
    428  3.997534676284715E-001  1.823098699608568E+003
    429  5.278171264474744E-001  3.892536349669459E+003
    430  1.998028089691248E+001  5.790436255551290E+005
    431  1.931157408885046E+001  3.360423584895654E+005
    432  7.408621559163536E-001  9.705697073874575E+003
    433  1.911907046626786E+000  3.850118235191698E+004
    434  1.572237653612820E+001  4.418356609716057E+005
    435  8.071210959930653E-001  7.937522502111363E+003
    436  4.450211504598079E+001  1.011146389869801E+006
    437  5.832626405996538E-001  7.433568955145161E+003
    438  5.409494316421738E+001  1.412826777769246E+006
    439  3.592485289222506E-001  6.612407879537873E+002
    440  9.150430829274564E+000  2.446196687274813E+005
    441  8.848566220042016E-001  9.021676944573743E+003
    442  3.275862713663406E+000  8.495811764810294E+004
    443  3.257093127323771E-001  2.681811630478504E+002
    444  2.779106901389860E+000  3.949050658132078E+004
    445  2.211356986704564E+001  3.757456106498384E+005
    446  8.790666813492301E+000  2.282264626084286E+005
    447  5.284516341092097E-001  3.840092214032285E+003
    448  3.798893361560165E+000  1.044049084256386E+005
    449  3.999952180957790E+000  6.577509105989571E+004
    450  1.240718799871162E+001  4.108944286847594E+005
    451  2.812975340283448E+000  4.870765367466072E+004
    452  1.566787673916393E+001  4.516569747366832E+005
    453  2.865057758396619E+001  9.001899228545581E+005
    454  2.651350502374844E+001  9.865193050139627E+005
    455  1.134994198041585E+000  2.071522750504413E+004
    456  1.151032539986997E+001  3.974337037970023E+005
    457  6.969118233793896E-001  6.111313205570281E+003
    458  9.701604188009314E+000  2.851014701665380E+005
    459  7.077911175185103E+000  1.664967374823990E+005
    460  6.473022391318358E+000  2.118443058108487E+005
    461  5.384213543953290E-001  4.018953949049980E+003
    462  2.825185171700157E+001  8.168760972867655E+005
    463  6.874916168796539E-001  6.373273573673570E+003
    464  1.835547922239563E+001  5.342114881247276E+005
    465  8.230303603906410E-001  8.767903830450536E+003
    466  7.382807036105251E+000  1.531067410476248E+005
    467  4.457201142023543E+000  1.047425927585080E+005
    468  6.217985946527516E+000  1.700197617246247E+005
    469  5.052369680067446E-001  3.483528823382343E+003
    470  9.660499729179142E-001  1.207755565995956E+004
    471  7.582085046283275E-001  7.884858867216407E+003
    472  1.538286507938549E+001  4.798184833233684E+005
    473  1.188661068847381E+000  2.343217000510929E+004
    474  3.909950487730066E+001  1.329273864625140E+006
    475  3.175946428979714E+000  8.888319030517874E+004
    476  6.072676386871938E-001  6.175933745361949E+003
    477  5.545755279307818E+000  1.761768937482474E+005
    478  1.859064502864760E+000  4.550478383457034E+004
    479  2.324742733583673E+001  6.925812610754950E+005
    480  3.753066956881864E+000  8.296698365916563E+004
    481  1.098120400574457E+000  1.275841564147629E+004
    482  4.076322576549886E+000  1.022156961942501E+005
    483  7.700639065804210E+000  2.099826543947962E+005
    484  7.972024229321339E-001  1.061333288590294E+004
    485  9.414407858022962E+000  2.714395545951454E+005
    486  2.185196846658570E+000  2.798739315708184E+004
    487  5.479796304126559E+000  1.829650308205660E+005
    488  4.365342309446392E-001  2.306685805120811E+003
    489  4.820032998158933E+000  1.326353535733551E+005
    490  3.005759574027771E-001  4.968587363543422E+002
    491  3.787311438807831E+000  1.073629756221350E+005
    492  1.200433331338130E+001  2.165830110554564E+005
    493  4.401836380842263E+000  6.678596836838232E+004
    494  5.198817735229284E+000  1.455445209820479E+005
    495  6.049969879233959E+000  1.416483896859708E+005
    496  3.725030316860246E-001  1.894962513767766E+003
    497  5.510246491555059E+000  1.461053867263341E+005
    498  3.321063050793573E+000  9.211262559460454E+004
    499  2.826429610724551E-001  1.736503235071716E+002
    500  3.834338428579205E+000  9.676179676845430E+004
    501  2.796066626786353E-001  1.570484196433775E+002
    502  1.888666889405566E+000  2.651066236725104E+004
    503  1.206691042664532E+001  3.708243106133593E+005
    504  1.042025395243743E+001  2.744528654688263E+005
    505  5.451301891462186E+000  1.654033721167987E+005
    506  3.981730206436199E-001  2.222030201410984E+003
    507  1.880466012215191E+001  5.497774498499987E+005
    508  5.015438876647498E-001  4.853892255861671E+003
    509  4.025871292497059E-001  3.403031159797370E+003
    510  9.852443226776657E+000  2.980970172905758E+005
    511  8.662563148251083E-001  1.323946063578804E+004
    512  1.181083684918008E+001  3.673367489962258E+005
    513  7.412799796086993E-001  1.202269218511532E+004
    514  3.920236294063115E+000  1.067698063388304E+005
    515  1.978980168438315E+000  3.270598192357416E+004
    516  1.782436636960011E+000  3.782028585205090E+004
    517  2.002393935586640E+000  5.394109327107724E+004
    518  6.091850602702954E+000  1.666342921711094E+005
    519  3.818838740904174E+000  1.228258805076010E+005
    520  3.091357681757007E-001  8.779139846321551E+002
    521  1.715151118390308E+000  2.372798819989799E+004
    522  6.488351545424336E-001  7.691608149464766E+003
    523  3.003202269596752E+000  7.955447257069890E+004
    524  8.371563035844995E+000  3.117344999768957E+005
    525  1.389248030466762E+000  2.987021730231594E+004
    526  9.970529001059979E-001  1.316656055868976E+004
    527  4.094485512505481E+000  1.397410367288993E+005
    528  1.516840128384531E+000  2.193397923855278E+004
    529  9.191674879274441E-001  1.125726969424658E+004
    530  8.487163312467001E+000  2.354318895547963E+005
    531  1.439292554432159E+001  3.525486411016653E+005
    532  3.266530396396546E+000  7.629020193473699E+004
    533  3.156695921554383E+000  8.575669990055308E+004
    534  2.271074897634003E+000  5.840835530565348E+004
    535  8.127368223291730E+001  2.318597140281979E+006
    536  2.471335441835605E+001  3.874825295998239E+005
    537  2.025118992087077E+002  6.021501940824632E+006
    538  2.877209860637120E+001  5.120380196202777E+005
    539  1.627853632739064E+002  4.322663325140285E+006
    540  9.624155982750567E+000  2.157171453752759E+005
    541  1.812911379451662E+000  5.177850005995730E+004
    542  1.617015734572348E+000  2.573058475127818E+004
    543  4.840231328662658E+000  9.514552906937311E+004
    544  8.689580859386028E+001  1.441252444948008E+006
    545  3.608529005650046E+000  9.831072513713721E+004
    546  1.262603661362565E+002  2.076345258431455E+006
    547  1.672827347909636E+003  2.769108373564512E+007
    548  4.085373030528903E+000  7.339675873675139E+004
    549  7.631851256151856E+001  1.237827638547153E+006
    550  1.292491665955571E+001  3.444746197451490E+005
    551  1.084499166599064E+002  1.692121378800260E+006
    552  1.215691952194643E+002  1.687742029342908E+006
    553  9.567514239020042E+000  1.847658528018071E+005
    554  6.071655468825805E+001  1.013837425055704E+006
    555  1.622892552497406E+000  2.957906219119795E+004
    556  4.655629060812487E-001  5.542511345324964E+003
    557  8.411281291862366E+000  1.779585035903956E+005
    558  8.556078344117110E-001  1.385188081740157E+004
    559  6.649328938276330E+000  1.842550030319684E+005
    560  3.870296220154422E+000  6.342025932406587E+004
    561  7.207362909303578E-001  1.343649191337189E+004
    562  7.745753955058063E-001  9.529993818485222E+003
    563  2.118969237116308E+002  3.998370276502727E+006
    564  6.912659810650529E+000  1.076338911414115E+005
    565  1.631521392916662E+000  2.855996586880712E+004
    566  3.021094989433332E+002  5.012949392576934E+006
    567  8.125129134489981E-001  1.236762160702506E+004
    568  5.449417485570344E+000  1.211310184076306E+005
    569  4.536002798181893E-001  6.557893433653801E+003
    570  2.568523839342852E+001  4.222318897115677E+005
    571  1.346073698959164E+000  2.125100117289662E+004
    572  4.916531408021394E+000  8.777837010590511E+004
    573  2.023540270676035E+000  3.296922121262050E+004
    574  2.664136813703851E-001  4.114332607263494E+003
    575  1.158921439276530E+001  2.605260134965629E+005
    576  7.064415679569834E+000  9.773749597205584E+004
    577  1.080396191199818E+000  1.714580679486601E+004
    578  9.017379552343507E-001  1.767300611929229E+004
    579  3.935648970856188E-001  6.106802511977975E+003
    580  5.853972660418536E+000  1.292820258930951E+005
    581  7.962958937824935E-002  2.220219488727508E+002
    582  3.744600176666959E+000  8.997050221256704E+004
    583  6.840553240778932E-001  9.952920959162040E+003
    584  1.101913504813332E+000  1.774759016775330E+004
    585  2.744040917616358E+000  6.766465683004762E+004
    586  3.058072313964988E-001  3.441448714963397E+003
    587  1.528115606063023E+000  4.306534478132556E+004
    588  1.809217724177667E+001  4.999249665557643E+005
    589  7.082685739344348E-001  1.013768015559759E+004
    590  1.930546347512450E-001  1.904931437184778E+003
    591  2.664129087361603E-001  3.163638836927948E+003
    592  7.290509283112989E+000  2.113887829730523E+005
    593  5.333448751327928E+000  1.472602307894930E+005
    594  8.830356959102085E-001  1.372048381235788E+004
    595  5.743449344303460E-001  7.874514222750043E+003
    596  6.171500878433170E-001  9.170144925023293E+003
    597  4.099633044232690E-001  1.008049866819516E+004
    598  8.726431607259134E-002  2.622401340197068E+002
    599  2.995088870119771E+000  9.824058740643140E+004
    600  7.560233184045131E-001  2.407048350720277E+004
    601  2.719125116084557E-001  3.776423581411645E+003
    602  5.003540829784352E+000  1.414680011330845E+005
    603  1.215794314520034E-001  1.159713829559610E+003
    604  3.702253672156152E+000  7.380241648203311E+004
    605  1.106567877070097E+000  1.715796903612613E+004
    606  9.001696472713189E-002  3.906875044979953E+002
    607  6.227277184562497E-001  1.361787992843892E+004
    608  3.702627760280663E-001  5.069787959630808E+003
    609  1.698452684310545E+000  4.312978855149456E+004
    610  6.574970310192580E-001  9.995249008223500E+003
    611  5.868390653316595E-001  1.213705923831841E+004
    612  7.872115858833292E-002  2.071829696413160E+002
    613  4.853931241411282E+000  1.226629463916859E+005
    614  1.296864468121708E-001  1.024634242055870E+003
    615  1.692709201004745E+000  4.957589369713506E+004
    616  7.474077198220872E-001  1.162045420438916E+004
    617  1.251627992590061E+000  3.446101383008924E+004
    618  2.958795365728407E+000  7.957734460860779E+004
    619  2.210420791554732E-001  2.627401477980327E+003
    620  6.974527177372686E-002  4.856116589081043E+001
    621  1.270579215848534E+000  3.358110547100203E+004
    622  5.563308664152832E-001  8.042890669691899E+003
    623  1.138160403084467E+000  3.002739217567572E+004
    624  6.116395955934416E-001  8.930866721478027E+003
    625  2.295727650135880E-001  2.535776246533362E+003
    626  3.863848694163554E-001  9.251314884831963E+003
    627  1.989124181817601E-001  2.142016636064469E+003
    628  9.059964228953538E-002  3.410459082948434E+002
    629  7.940671706397914E-002  2.485082176565321E+002
    630  3.954607170712546E-001  7.813116043096223E+003
    631  3.460258615921821E-001  6.640722456057633E+003
    632  2.397392590069968E+000  7.730507403198778E+004
    633  3.690391939057890E-001  4.777255631268295E+003
    634  2.749965253430995E-001  3.473770347801581E+003
    635  6.532472789730599E-001  1.247108671607351E+004
    636  7.681157237210775E-001  1.245291366041668E+004
    637  3.967904950063558E-001  9.329909505463800E+003
    638  8.849545488820347E-002  4.140298526621314E+002
    639  1.335301208267680E+000  3.225791942667044E+004
    640  1.842654859313971E-001  2.245616888194796E+003
    641  4.951964676372145E-001  7.194705652750220E+003
    642  1.949561670059168E-001  2.013100701437372E+003
    643  1.079063767682973E+000  2.536354719873858E+004
    644  1.489633054913593E-001  1.330917266855340E+003
    645  6.163648973381838E-001  1.428703091820394E+004
    646  3.387910723031858E-001  5.904373557918040E+003
    647  6.775835138282271E-002  3.257098396826268E+001
    648  1.868969968988005E-001  2.093484709547904E+003
    649  8.105250433542722E-001  2.275043606505623E+004
    650  4.994280232718089E-001  1.310357759622956E+004
    651  1.825986964586896E-001  1.952817638714189E+003
    652  6.695131866477977E-002  1.582053772073685E+001
    653  9.683554428295041E-002  5.887467610815114E+002
    654  1.742692616057848E+000  5.104810123249760E+004
    655  8.366479425568870E-001  2.396463054808773E+004
    656  5.350904620273592E-001  7.661709814190704E+003
    657  2.170806720908073E-001  2.547902366653964E+003
    658  1.527135022801366E+000  3.123987851346473E+004
    659  1.263807712108417E+000  3.470594121356247E+004
    660  1.932555114163418E-001  2.080612959564548E+003
    661  1.850654087402684E+000  5.528170181331960E+004
    662  1.036160162027846E-001  6.916831900502799E+002
    663  2.690472972048949E+000  7.903219982084272E+004
    664  1.435499558529392E-001  1.362946397560680E+003
    665  2.544449922663550E-001  3.070023410257922E+003
    666  1.567901141339361E+000  3.149662609841113E+004
    667  1.656251721934136E+000  3.460249693086433E+004
    668  1.573847032389376E-001  1.680123814834011E+003
    669  2.366292441053239E+000  6.960223203842262E+004
    670  4.165219062958777E-001  5.958591053591382E+003
    671  5.159551221148900E-001  1.393792514344168E+004
    672  7.381457249139481E-001  1.088914550269002E+004
    673  6.195275742004527E-001  1.115119487104243E+004
    674  7.959682625820570E-001  1.209059095535018E+004
    675  2.450192268621338E-001  5.013550955719732E+003
    676  4.496058614898530E-001  9.154342284053093E+003
    677  1.827053243249535E-001  1.897763717459128E+003
    678  1.781112788599432E+000  4.409437522396387E+004
    679  2.162694777966617E-001  2.592607420439273E+003
    680  5.598283609125809E+000  1.626255591093934E+005
    681  2.180571323750110E+000  5.693269276863855E+004
    682  4.664449758072663E-001  6.634575053985126E+003
    683  1.377105791384824E+000  4.058757898565204E+004
    684  4.256904029099537E-001  5.869357855534174E+003
    685  1.856686154458344E-001  2.140310840403637E+003
    686  1.950715276917818E+000  5.273196760045105E+004
    687  2.527921584920711E+000  7.542284728050174E+004
    688  1.252748697462003E-001  1.010687848561701E+003
    689  1.884770672476644E+000  4.941511367153674E+004
    690  1.562106409619231E+000  3.972457870039377E+004
    691  2.817823570410818E+000  7.986778598726286E+004
    692  7.884606778850882E-002  2.522342715005784E+002
    693  9.372255108572550E-002  6.210630643914302E+002
    694  4.744878630405964E+000  1.271012005051217E+005
    695  4.371688961678563E-001  6.306224434370900E+003
    696  1.689277378936003E-001  1.786913151333146E+003
    697  3.307019882937772E+000  8.614243687680901E+004
    698  8.605915274679393E+000  2.314743680992718E+005
    699  1.709539682463748E-001  1.848949210514287E+003
    700  1.348181079802637E+000  2.697120186424854E+004
    701  7.138563597533042E-002  1.331206106429389E+002
    702  7.441391670599284E-001  1.509427405958581E+004
    703  1.232752860565308E-001  9.703170325481902E+002
    704  7.042166391744918E-002  1.233496230553057E+002
    705  1.366659422862525E-001  1.150076075246453E+003
    706  1.500436908854348E+000  4.269313361481977E+004
    707  1.923088902554471E-001  2.123823244864171E+003
    708  3.839651022702271E+000  1.057460395348981E+005
    709  2.847539139894039E-001  3.859566256521633E+003
    710  3.639143022007300E+000  1.132928431724300E+005
    711  1.071518811945267E-001  8.714989214291674E+002
    712  4.653840312047645E+000  1.435254403842700E+005
    713  5.507446097060473E-001  8.062811476779069E+003
    714  1.417667663409265E-001  1.332192342523867E+003
    715  1.479788605796651E-001  1.465943280824103E+003
    716  2.953916623285630E+000  8.335452910517530E+004
    717  2.853394079724877E+000  8.009066174639393E+004
    718  6.631619263986899E-002  1.243126247614220E+002
    719  2.076391850782403E+000  5.460435306411422E+004
    720  7.657960643309794E-002  2.486961774578265E+002
    721  7.352080189479464E-001  1.903139774103861E+004
    722  1.451634887356869E-001  1.464283459276857E+003
    723  7.047799547969950E-002  3.052388498886532E+002
    724  1.178674644915483E+000  3.673571878581326E+004
    725  1.055154415458414E+001  3.164540334227734E+005
    726  8.513309898681976E-002  4.067088437414855E+002
    727  3.013547765115170E+000  8.987132235414628E+004
    728  1.045322671132422E-001  7.099060511590850E+002
    729  9.787308398985488E-002  5.870964530283786E+002
    730  1.589425148789612E+000  4.091961333191056E+004
    731  7.140910099200166E-001  1.995895660822580E+004
    732  1.974023068842188E-001  2.112602112709159E+003
    733  8.177957237563839E-001  2.276950462218058E+004
    734  6.518723442500540E-002  9.434150669795396E+001
    735  8.566877404781188E-002  6.005189611696081E+002
    736  6.899143296229565E-002  1.579962043393191E+002
    737  2.614591597794799E-001  5.948827775789407E+003
    738  8.151913827140598E-001  2.258525707946949E+004
    739  1.120264233726402E-001  1.154486283825468E+003
    740  7.028091441449281E-002  3.228464951356065E+002
    741  2.486012392936658E+000  8.429382552258826E+004
    742  1.607736273505695E+000  4.042728817538766E+004
    743  6.309887684859301E-002  7.375630333135148E+001
    744  2.632792425735840E-001  3.408765437329375E+003
    745  2.236722459682462E+000  6.355506563302077E+004
    746  7.833475813154365E-001  2.027612047242562E+004
    747  9.584664092471278E-002  6.735594117770619E+002
    748  4.064738517122341E-001  1.083345275178292E+004
    749  1.395309631675869E+000  3.829156173653709E+004
    750  7.699652280126676E-002  3.075506582858428E+002
    751  5.880315731119707E-001  1.651257131506450E+004
    752  6.406083603371876E-002  6.770417309353719E+001
    753  7.561552117642359E-002  2.957086096210464E+002
    754  1.537693694248675E-001  1.625185112971935E+003
    755  7.644159432683898E-001  1.902165074612493E+004
    756  9.231552706241390E-001  2.279977179088834E+004
    757  8.206721976939492E-001  1.578967969326461E+004
    758  1.452320451420401E-001  1.406864440754307E+003
    759  6.369763106615968E-002  9.966312996995157E+001
    760  7.045795078152993E-001  1.826325676832897E+004
    761  1.213092944972660E-001  1.013181370791224E+003
    762  1.377244650167556E+000  3.570897685161352E+004
    763  1.669605578095989E+000  4.447478941630603E+004
    764  1.236026291171368E-001  1.130657824787761E+003
    765  5.749360575158737E+000  1.818022992238955E+005
    766  9.937957233447466E-002  8.224481871596148E+002
    767  1.431889563624946E-001  1.386842841568353E+003
    768  4.026173074255095E+000  9.697441776202394E+004
    769  3.092645345428349E+000  8.752850915172965E+004
    770  1.679148756204396E-001  1.861673830319308E+003
    771  1.499245571304872E+000  3.698495722206617E+004
    772  3.835026588159736E+000  1.060986648803523E+005
    773  6.428012313608136E-002  1.325203013376568E+002
    774  1.462906407385757E+000  2.654928386355495E+004
    775  6.149713072044165E-002  1.351893430016762E+002
    776  9.735585326135855E-002  6.290956002894114E+002
    777  6.953887224452812E+000  2.340731135349591E+005
    778  4.926676924272844E+000  1.514545405910343E+005
    779  8.864213326748645E-002  5.559213766929156E+002
    780  1.150901312496340E+000  3.219346319492733E+004
    781  1.757487288855674E-001  2.024004517143990E+003
    782  2.347515449846986E-001  2.984038170764098E+003
    783  7.089566338375662E+000  2.235693995050311E+005
    784  3.230916135997283E+000  8.717971435807335E+004
    785  7.834558389338964E+000  2.455187870841325E+005
    786  1.376507938467497E-001  1.385216658742244E+003
    787  3.158765698645563E-001  4.424297896569811E+003
    788  7.578979513701301E-002  3.661469288911908E+002
    789  1.593618041798577E+000  4.560325109989772E+004
    790  2.497669301005239E-001  3.203523648519375E+003
    791  3.414250546790098E+000  1.051734471399291E+005
    792  1.224987401496955E-001  1.308809251587287E+003
    793  1.056639162035052E+000  2.827564616220485E+004
    794  1.724312455238300E-001  1.859804156702983E+003
    795  1.705884965895231E+000  5.498883356584964E+004
    796  6.308082082238782E-001  1.616770058536713E+004
    797  6.189185853192580E-001  1.624029584692234E+004
    798  6.996892929312726E-002  3.254284118806979E+002
    799  1.647028068323170E+000  4.751453249351717E+004
    800  3.317117405388492E-001  4.866132270756510E+003
    801  5.824264844672524E-002  8.775237712221985E+001
    802  2.136982451321376E+000  5.921739989576797E+004
    803  6.446515690998623E-001  1.887320291338619E+004
    804  2.080079003549952E-001  2.559962646543409E+003
    805  9.777919907707405E-002  7.928177726577131E+002
    806  5.973955388484139E-002  8.101699470850069E+001
    807  1.934389304285019E+000  5.115680908737389E+004
    808  6.966116379800320E-001  1.791933092214284E+004
    809  1.443872820933517E-001  1.492226680059726E+003
    810  3.625807026873281E+000  1.287989569842801E+005
    811  6.790982587928521E-002  2.660411552526643E+002
    812  9.949888897827138E-001  3.120592317977029E+004
    813  6.128992325312684E+000  2.098714835172294E+005
    814  6.677713799323901E-002  2.166868727713763E+002
    815  2.165937156155298E-001  3.051864548537641E+003
    816  5.717531878069626E+000  2.008223395288299E+005
    817  2.391224622749806E+000  8.127433213446679E+004
    818  8.801877433374827E-002  6.378158082259150E+002
    819  6.605857037334757E-002  3.032600057408302E+002
    820  9.498255398970992E-001  2.664527770721487E+004
    821  1.306397167162607E+000  3.613227273554494E+004
    822  8.066546253571708E-001  2.336008756533901E+004
    823  5.478572419088489E-002  3.805900568562871E+001
    824  9.741086149499328E-001  3.004311188546575E+004
    825  1.371043025710575E+000  4.354990328626955E+004
    826  2.170069982629415E+000  6.413963992217888E+004
    827  6.786222345969514E-001  1.694295062701813E+004
    828  1.112255143023625E-001  1.068932440867874E+003
    829  4.820895852070936E-001  1.207603694642483E+004
    830  7.666478462951687E-002  4.808753655957506E+002
    831  7.589500252004803E-001  1.869605299986868E+004
    832  8.860196883178638E-001  2.234655768736901E+004
    833  5.543043369057091E-002  5.357984694332961E+001
    834  7.452158329688198E-002  3.540310199679954E+002
    835  1.069515501597643E+000  2.879913023661426E+004
    836  2.404652829432640E+000  7.184380669858180E+004
    837  8.075774571472023E-002  8.578978018573152E+002
    838  7.981591072232151E-001  1.752363686704472E+004
    839  7.831306655279985E-002  4.456632176003305E+002
    840  5.506514870421741E-002  4.163419734855798E+001
    841  6.163654477514819E-002  1.458739416654569E+002
    842  3.004223808355603E+000  9.977782470988003E+004
    843  6.875557235486961E-001  1.665315037275909E+004
    844  1.698814425758245E+000  4.167069617192930E+004
    845  1.897726716360950E-001  2.438999914332354E+003
    846  1.638213026428746E-001  1.829439907823763E+003
    847  1.875464292873125E+000  4.843775985350262E+004
    848  3.626011110236535E+000  9.380461767715384E+004
    849  1.499976525145681E-001  1.686176444437448E+003
    850  5.433571190075424E-002  5.002201706166045E+001
    851  1.041162634871433E+000  2.699026673536571E+004
    852  1.547421262966024E-001  1.861574195949230E+003
    853  5.103910497840752E-001  1.515921784001047E+004
    854  1.428276530272743E+000  4.377095533316396E+004
    855  1.341092897124980E+000  3.547097594907295E+004
    856  6.447081488724879E-002  3.878171507697250E+002
    857  6.422915448118539E-002  3.148378870731736E+002
    858  1.454382784674734E+000  4.802422869105992E+004
    859  1.122611351667976E-001  1.123553368910290E+003
    860  6.880337858342587E-001  2.190278665639695E+004
    861  6.607189421791507E-002  4.271133337878659E+002
    862  1.760430621576135E-001  2.078181552192635E+003
    863  7.100051117893591E-001  2.330545779885441E+004
    864  5.367194304025388E-002  7.137952804797214E+001
    865  5.997416957613689E-001  1.727225959455776E+004
    866  2.852322148656204E+000  8.141721596090139E+004
    867  6.752433094250282E-002  3.923460747091237E+002
    868  1.427244447053008E+000  4.286020093923556E+004
    869  5.578185615209327E-002  1.209662723012800E+002
    870  8.825752423699157E+000  2.614697491988195E+005
    871  9.130173041991279E-001  2.301074282232281E+004
    872  5.100215055117443E-002  7.612952808422439E+001
    873  7.440469933026947E-001  1.686263807889077E+004
    874  5.672061435582434E-002  1.324572273370952E+002
    875  2.136531961524202E+000  4.457413916091849E+004
    876  7.260820691100393E-002  4.203890520712335E+002
    877  2.347362339206741E+000  6.388421544570150E+004
    878  7.551709857352054E-002  4.225344745957070E+002
    879  2.392786594082462E-001  3.678639351901232E+003
    880  5.907599052416109E-001  1.224277242452178E+004
    881  4.876123735339162E-002  2.948783636728231E+001
    882  7.251739946316561E-002  4.617782812081887E+002
    883  2.259166496197595E-001  5.021135638725254E+003
    884  5.599428695444117E-001  1.516622086031671E+004
    885  4.779966119386126E-002  4.364720359214982E+000
    886  1.966273540336094E+000  5.794216886460281E+004
    887  1.504065502331456E+000  4.265320594091886E+004
    888  7.850808966713270E-002  5.115836156667756E+002
    889  4.814286106167107E-002  4.063620935243250E+001
    890  1.948351901729243E+000  4.550372635816270E+004
    891  5.144833074480958E-002  1.502473634096982E+002
    892  1.569721423133632E+000  4.118026900754483E+004
    893  1.404243143555655E-001  1.539806147083649E+003
    894  3.688352684877119E-001  6.335999595912780E+003
    895  2.146410590134269E+000  6.278730709986078E+004
    896  4.534221118543117E-001  8.438754338019413E+003
    897  3.946295709211289E+000  1.003364453612975E+005
    898  3.370787250984602E+000  8.893693181980716E+004
    899  6.775878588968588E-001  1.067109428902469E+004
    900  6.629176555944781E-002  4.082880926205497E+002
    901  1.038118454188686E-001  9.282866340579241E+002
    902  2.686474025848971E+000  8.403544944075961E+004
    903  1.090012383485483E+000  2.152597462073055E+004
    904  5.066752313933509E-002  1.514609981386977E+002
    905  4.368635206664958E+000  1.133264604141515E+005
    906  5.828781174053477E-002  3.090565141762611E+002
    907  1.443052937247746E+000  3.179045567949245E+004
    908  1.154573961459642E-001  1.119771750289953E+003
    909  1.841987863318263E+000  5.614164309850638E+004
    910  3.644292323846087E-001  5.214602443430217E+003
    911  6.982398344575847E+000  1.917532305511090E+005
    912  6.096138551820373E-002  3.225522474953637E+002
    913  1.869247753899036E-001  3.963133098382491E+003
    914  4.622380779110249E-002  7.028045836411756E+001
    915  1.673108454999251E-001  2.195945396048106E+003
    916  4.766959284622743E-001  1.206711521122459E+004
    917  9.267335212207828E-001  2.157757943322770E+004
    918  1.783830326499092E+000  4.909950148618102E+004
    919  1.031530455605952E+000  2.244762041858688E+004
    920  9.214164748614656E-002  8.270840815280043E+002
    921  3.430827535555406E-001  8.255311600388179E+003
    922  2.135091160876524E-001  3.120435219324097E+003
    923  2.063406104787858E-001  2.907499259049213E+003
    924  3.501041559909533E+000  1.094596757904706E+005
    925  7.286436372320754E-002  4.975664540170878E+002
    926  3.873450484003070E+000  6.706853844113891E+004
    927  2.237348307178569E-001  3.054970231337831E+003
    928  5.684426150440832E+000  1.589742745349011E+005
    929  6.484487713769074E+000  1.911737676853870E+005
    930  7.194747325107583E+000  2.081060515556605E+005
    931  1.142851541153386E-001  1.311197679889331E+003
    932  6.340042306870702E-001  1.555201318199562E+004
    933  1.001990767910735E-001  1.081285754678434E+003
    934  2.507146024399141E+000  8.257433571167399E+004
    935  7.125161388874530E-002  5.018070463030969E+002
    936  9.272301794854361E-002  1.354381301721234E+003
    937  6.313632532133534E+000  1.762170720399667E+005
    938  8.956704955380445E-001  2.367703749008209E+004
    939  9.178565578529412E-002  8.278880077893359E+002
    940  1.170858231187300E+000  3.133062123611608E+004
    941  5.824517314341937E-002  4.075056103859224E+002
    942  9.573505116040290E-001  2.873800322559965E+004
    943  3.191188932156006E-001  6.998089530370766E+003
    944  9.438324798077238E-001  2.188209149393711E+004
    945  9.973676292287301E-001  2.597151387396979E+004
    946  4.957532831753276E-002  1.748759596358598E+002
    947  3.456567297987205E+000  1.022954606837836E+005
    948  1.049842761279194E+000  2.843189357278624E+004
    949  1.356830155386833E-001  1.731839719292918E+003
    950  7.112582624783388E-001  1.625309449313662E+004
    951  9.230187004708901E-002  9.720964858167413E+002
    952  2.752940953429417E+000  7.461813972738826E+004
    953  1.122721942480535E-001  1.601579174921471E+003
    954  3.202334932997633E+000  1.162713116199434E+005
    955  1.285063305615982E+000  4.669060371867768E+004
    956  5.175388818841384E-002  4.414639120762299E+002
    957  9.253232867884376E-002  8.901386634505761E+002
    958  1.065377893655260E+000  3.708573347803389E+004
    959  5.723586931429515E-002  3.389398829828301E+002
    960  8.159198068134298E-001  2.616456605649588E+004
    961  8.255543713800655E-002  7.380655499799778E+002
    962  8.170968391581145E-001  1.861562508005119E+004
    963  2.048621201026268E-001  2.752840289126640E+003
    964  1.923704350137427E+000  6.529477255780817E+004
    965  4.296104239044416E-002  1.089312744675689E+002
    966  4.399408762480632E+000  1.551953773845173E+005
    967  8.758215007411032E-001  1.826828550980162E+004
    968  1.148900808936905E+000  3.052118391183298E+004
    969  4.599500726262520E-002  1.307692245345071E+002
    970  2.826473544348789E+000  7.473017488242472E+004
    971  4.665794088986089E-002  1.589601801893220E+002
    972  8.036282913329500E-001  2.291190126041080E+004
    973  4.445289724672615E+000  1.128017367922015E+005
    974  5.522674479974478E-002  2.796141903958132E+002
    975  4.407342271191846E-001  9.269456001109831E+003
    976  7.805588052636124E-001  2.102571017032353E+004
    977  3.559938898732861E-001  6.689514415631816E+003
    978  1.077940899496186E-001  1.633628239970517E+003
    979  1.538357335268058E+000  3.837380557720073E+004
    980  6.854382941236979E-002  5.913634198632188E+002
    981  1.846842825671909E+000  6.441218931923139E+004
    982  1.278147560660743E-001  1.714489518448211E+003
    983  6.571149130793019E-001  1.468755269604755E+004
    984  5.851441887208652E-001  1.444758267177483E+004
    985  1.076357203087345E-001  1.357585107108800E+003
    986  5.095597299686311E-001  1.443129636514608E+004
    987  7.664845689882416E-002  6.159434353086216E+002
    988  4.083728989868601E-001  1.145243578623835E+004
    989  2.160905690766793E+000  7.381418573965487E+004
    990  1.220254823885656E-001  1.321880963697093E+003
    991  5.364702945687594E+000  1.774830382999284E+005
    992  2.578486396914054E+000  6.039745329358109E+004
    993  5.568591823299295E-002  3.811092087315349E+002
    994  1.720004361672534E-001  2.148970530611430E+003
    995  1.901508606604058E+000  3.056983103927921E+004
    996  4.606940384410832E-002  2.257888517138712E+002
    997  3.152701481715820E+000  9.919343582236975E+004
    998  7.279184508643647E+000  1.968801261712903E+005
    999  5.044658998096918E-002  4.865093333436159E+002
   1000  4.072500049771477E+000  1.205133467327322E+005
   1001  7.740774665686990E+000  2.296601498751055E+005
   1002  1.461431540198552E-001  2.449436853465334E+003
   1003  6.826028916236701E-002  5.635658945188142E+002
   1004  2.002027314114512E-001  2.613516312477284E+003
   1005  1.630474729972808E+000  4.425436863426296E+004
   1006  7.424453363588425E+000  2.146945945602324E+005
   1007  4.977312932948295E-002  3.554418042398103E+002
   1008  3.577557007608001E+000  9.526309424554410E+004
   1009  4.098586949183794E+000  1.116337443016271E+005
   1010  1.169876981685571E-001  1.385327649323286E+003
   1011  1.849474422341791E+000  4.295411587503016E+004
   1012  7.205317428612712E-002  6.156951694327972E+002
   1013  1.020643089022453E+000  2.843117115597647E+004
   1014  1.048921023439281E+000  2.196855489679612E+004
   1015  4.342033446805319E-002  2.376057467532404E+002
   1016  2.596796229860526E+000  7.554571219956018E+004
   1017  1.358003874934704E-001  1.544799968170869E+003
   1018  2.692324093656620E+000  7.833824492344128E+004
   1019  3.822195575669957E-002  3.419939650777631E+001
   1020  2.712927873822672E+000  9.115203693552410E+004
   1021  7.711287593593914E-001  2.276804908565207E+004
   1022  1.702246218943854E+000  5.173738396222327E+004
   1023  6.402370869709868E-002  4.075530916846944E+002
   1024  7.251029967572386E+000  2.228065708105870E+005
   1025  7.947079004392768E-002  7.337776521551101E+002
   1026  3.691525599505045E+000  9.604850633493310E+004
   1027  5.396225244753460E+000  1.542204234787731E+005
   1028  2.190165144342472E-001  3.015081609675331E+003
   1029  1.002784500914254E+001  1.954785876214771E+005
   1030  3.861196407568140E-002  4.622031052455379E+001
   1031  4.059187827340010E+000  1.140729576017834E+005
   1032  2.862790083413401E+000  6.549076823184045E+004
   1033  8.396069431832851E+000  1.554179663716509E+005
   1034  1.490436594027058E+000  3.784900948099609E+004
   1035  1.343349112271496E-001  1.544586512591722E+003
   1036  1.251425583905360E+001  2.395460132953750E+005
   1037  4.754986385182612E-002  1.973155528146515E+002
   1038  6.091410891132546E+001  9.249202118834005E+005
   1039  3.993466805656512E+001  7.455819816578064E+005
   1040  2.609559479081673E-001  3.953796754458079E+003
   1041  5.829222746130991E+001  8.834904794418928E+005
   1042  1.393059368596032E+001  4.504737997455257E+005
   1043  1.449673479269432E-001  1.677329192005340E+003
   1044  1.710257779898290E+001  4.855148355938448E+005
   1045  8.368457324842659E+000  2.395014436887569E+005
   1046  4.267549995435144E-001  7.106529818239183E+003
   1047  8.649406390197117E+001  1.263679042024129E+006
   1048  6.114488475596209E+001  1.218910326412571E+006
   1049  8.125678348105692E-002  9.884052120294144E+002
   1050  1.133296027638782E+001  2.958892345189920E+005
   1051  1.428499635649363E-001  1.584884008797907E+003
   1052  5.363951056080395E+001  1.329875302561979E+006
   1053  1.571450896540203E+001  2.910898978429700E+005
   1054  1.014006141563651E-001  1.153182894106998E+003
   1055  1.004292594297915E+001  2.965873580299900E+005
   1056  1.466759512827855E-001  3.038931728673237E+003
   1057  1.157119196273086E+001  2.896075649881437E+005
   1058  2.014707339354309E+001  4.573663780402883E+005
   1059  4.966882649609477E-002  3.967960340846506E+002
   1060  6.628074048992883E+001  1.783007012511533E+006
   1061  1.230452562011551E+001  2.528742815709749E+005
   1062  1.474338638275865E+001  3.474063119198738E+005
   1063  3.916054831851291E-001  6.419290832555239E+003
   1064  5.512484847734502E+000  1.124356188223950E+005
   1065  1.506826092054046E-001  2.058285543161039E+003
   1066  1.058273581530678E+001  3.295414279248274E+005
   1067  2.754069276923049E+001  7.605814656649668E+005
   1068  2.729297487375223E-001  3.896975312384975E+003
   1069  7.663661424956392E+001  1.597659601103717E+006
   1070  4.916628306332212E+002  1.307617386323683E+007
   1071  2.201906088447897E+001  6.129948481684359E+005
   1072  1.205040025496748E+002  2.061226582653174E+006
   1073  6.002773938580644E-002  5.606075101064845E+002
   1074  1.038786261333249E+002  2.957054644277467E+006
   1075  1.668030776808320E+001  2.742026012287148E+005
   1076  1.459263956012427E+000  4.166348040096316E+004
   1077  6.186352149088499E-001  1.670729180507124E+004
