# dt =   1.000000000000000E-005
# j, New nj, Rate of change (1/s)
      1  6.244018812652990E+000  1.016907921307375E+005
      2  1.617547943835280E+002  4.278788945140821E+006
      3  8.928791490612623E+000  1.203250850415719E+005
      4  2.306807028812165E+001  3.271629475653144E+005
      5  5.216314859439235E+001  7.014580156952394E+005
      6  7.403317517294846E+000  8.064335887346888E+004
      7  4.971932826526744E+002  6.857249234354727E+006
      8  2.546415967725269E+002  3.478063755206846E+006
      9  7.550128938867707E+001  1.528381326808202E+006
     10  1.419856914459627E+002  1.684838520497173E+006
     11  2.730958081531168E+001  3.564264840679558E+005
     12  2.448826076096576E+001  3.915374746817930E+005
     13  2.599808886582132E+000  1.662436087761359E+004
     14  1.130439008967926E+001  1.513765397179670E+005
     15  2.429420973191561E+000  1.477856723238928E+004
     16  4.024055979063883E+001  9.194097051175599E+005
     17  1.891661385978167E+001  2.804421392598453E+005
     18  8.631207217170628E+001  1.175876665412295E+006
     19  2.311940073387186E+000  1.236267136118953E+004
     20  2.529275633244338E+001  3.158991195782756E+005
     21  5.147765635254366E+000  5.089788726218080E+004
     22  1.643178362513498E+001  2.800354048797127E+005
     23  2.570294569943416E+002  3.561262105845812E+006
     24  1.956370328613726E+002  2.690100479519894E+006
     25  2.078927199781402E+000  1.169909137553612E+004
     26  2.431403041473748E+000  2.336756032411894E+004
     27  3.361880326587083E+002  7.656285997538231E+006
     28  8.445821480459589E+000  1.320236259395942E+005
     29  8.679648457797806E+001  1.846255101540745E+006
     30  4.586802230637854E+000  4.334295352096884E+004
     31  4.790566756134807E+001  6.622410537099739E+005
     32  1.888848085033700E+001  3.526732495360977E+005
     33  1.318853557898968E+001  1.825298977098697E+005
     34  7.195558100157118E+000  8.080789897514682E+004
     35  1.000146669860774E+002  2.107988795518740E+006
     36  1.876073088903794E+001  2.155908023411457E+005
     37  4.640650693066808E+001  9.456661609314959E+005
     38  1.891479892974441E+002  2.722157618546639E+006
     39  1.941325886584749E+001  3.652445525356188E+005
     40  4.702738324622278E+001  1.004028169601635E+006
     41  3.154661158815223E+001  6.454706197460460E+005
     42  1.752001008011872E+001  2.879563091981345E+005
     43  9.494217868983768E+000  1.351082390725937E+005
     44  4.349925387190218E+001  9.500664817614057E+005
     45  1.476108259736250E+001  3.341859949030023E+005
     46  1.028564109793605E+001  1.408844867503471E+005
     47  1.172442425564476E+000  1.334764963130910E+003
     48  2.390722752522147E+001  3.539028792569532E+005
     49  7.126192313378621E+000  9.642611248969536E+004
     50  3.796531285109824E+000  5.774181556049595E+004
     51  3.403860657170114E+001  9.279390082440455E+005
     52  4.380280507569208E+000  8.454933891545711E+004
     53  5.695649678398942E+000  6.313847564743732E+004
     54  4.383738086825560E+001  6.810418435779305E+005
     55  7.150171382832677E+001  1.144375966186540E+006
     56  1.211092845784584E+000  2.292031482595050E+003
     57  5.003211964274214E+001  7.505874531340146E+005
     58  6.291039000123173E+001  8.748585094795227E+005
     59  1.659221529292089E+000  9.969565061013715E+003
     60  1.219744466620227E+002  2.228147965317919E+006
     61  3.911192575367399E+000  3.359692107377429E+004
     62  4.778044086842472E+000  6.522693923795429E+004
     63  2.667752288262074E+000  3.399058534283286E+004
     64  1.009963044301520E+002  1.468506814829410E+006
     65  9.077065564022881E+002  1.463509614268178E+007
     66  1.526477117711943E+001  2.060332835613484E+005
     67  1.173889562630781E+002  1.817794186607335E+006
     68  3.869163757264532E+000  4.474845773145188E+004
     69  7.413894016841846E+000  1.283823251512257E+005
     70  1.849875103145276E+002  3.204547851477019E+006
     71  2.512483333814030E+002  3.884925648583276E+006
     72  4.224183986786540E+000  3.627760094994170E+004
     73  3.588805278097175E+001  7.877993397483503E+005
     74  1.235520707988542E+001  1.798722381776947E+005
     75  2.664102280992493E+000  2.298498862944019E+004
     76  2.880167717323217E+000  2.818052780881487E+004
     77  5.261677886209799E+000  6.318706282656177E+004
     78  6.145846374814294E+000  7.658056815338532E+004
     79  1.698835386655715E+001  3.936261036609535E+005
     80  8.676621474956193E+001  1.943618146676847E+006
     81  7.165105063415381E+000  1.177711738208567E+005
     82  1.069912383118190E+001  2.099536127078579E+005
     83  3.775483113971166E+000  6.010305844759118E+004
     84  3.293954113876461E+000  3.445075051354313E+004
     85  3.008913352659381E+001  3.802962537751599E+005
     86  1.480735304505661E+002  3.262354002645092E+006
     87  2.187857124193880E+000  2.692946193441284E+004
     88  2.249631199178687E+000  2.133763023761643E+004
     89  1.497484643457213E+001  2.595705730489735E+005
     90  1.922019433925148E+002  4.354205209889152E+006
     91  4.967007387679084E+001  1.113173139170008E+006
     92  3.086526341848617E+001  5.919584058713950E+005
     93  7.367163328482920E+000  1.456860810598094E+005
     94  3.470555144149192E+001  7.663841086116992E+005
     95  1.973138570232247E+001  2.527440058823298E+005
     96  5.518848631946239E+000  6.080280624217965E+004
     97  2.116952890787898E+001  4.365138656047448E+005
     98  2.696548442182570E+001  6.401494566820516E+005
     99  2.327074354634421E+000  3.075325629624473E+004
    100  4.865353239082685E+001  1.151354595026281E+006
    101  1.090219622405572E+001  1.548688657812955E+005
    102  1.868731441848109E+001  4.148183720730324E+005
    103  2.371703196589823E+002  5.370302872784525E+006
    104  3.659208568607617E+000  4.186767421624275E+004
    105  2.047072667239291E+001  4.904896200473132E+005
    106  1.123009643699776E+001  1.474898269462427E+005
    107  1.979744228342135E+000  1.704631407607636E+004
    108  3.784524357955020E+001  4.911700112448717E+005
    109  6.853480600928192E+000  8.446906910450144E+004
    110  2.101581148705418E+001  4.555439324323768E+005
    111  1.130509036650039E+001  1.467849039380408E+005
    112  5.878612285149041E+000  9.570466853419901E+004
    113  6.791898782870001E+000  1.267177841702573E+005
    114  1.065255737671059E+002  1.431904699030486E+006
    115  2.336602626887569E+001  5.175569102678031E+005
    116  6.196619299566363E+000  8.146301066323726E+004
    117  1.388791126867107E+001  2.465028262115828E+005
    118  2.722424275461697E+000  3.260074134967995E+004
    119  4.641152039055835E+000  7.588866754715948E+004
    120  2.160777545947950E+001  4.903604214283498E+005
    121  5.866633510230910E+000  6.973206430833114E+004
    122  1.148158885425078E+000  3.839348885074136E+003
    123  2.345421846630441E+000  2.298306209422146E+004
    124  9.779091185913455E-001  1.476024251622121E+003
    125  1.870634907913900E+001  3.598634532035361E+005
    126  1.072485915810646E+001  2.321628764272293E+005
    127  3.608264875843017E+000  6.419426227666793E+004
    128  9.545590427996295E+000  2.320293973070432E+005
    129  9.808270923083131E-001  1.862625149487192E+003
    130  2.619733726618319E+000  4.649125612031633E+004
    131  1.257597506132917E+001  1.575105898514561E+005
    132  2.560613899731341E+000  2.825573897552515E+004
    133  1.075158064607506E+001  1.302137195216198E+005
    134  8.323114116487860E+000  9.587337643401703E+004
    135  5.603727540850485E+000  1.131691278795977E+005
    136  6.406413110700649E+000  1.349410070905865E+005
    137  5.744117827573551E+000  7.934048615653574E+004
    138  8.784807321123674E+000  1.260103441074754E+005
    139  6.408855575092414E+000  1.335583485265810E+005
    140  5.111383818117948E+000  9.700149226133803E+004
    141  2.936642098837274E+000  3.851077891443084E+004
    142  3.073019081414297E+001  4.220587955279006E+005
    143  1.097316037094040E+001  1.569277339851606E+005
    144  1.740360288712232E+001  3.145169186882743E+005
    145  4.089120840137397E+000  5.992768502275035E+004
    146  9.114591504501370E-001  9.415316070037965E+002
    147  2.139650339532929E+000  1.731816474856730E+004
    148  4.491636389211910E+000  7.380482934123055E+004
    149  1.618521712627052E+001  3.435490984827752E+005
    150  5.479501776913954E+000  5.666094696169262E+004
    151  8.694921904676832E+001  2.020788620309202E+006
    152  4.855458824487166E+001  9.057664407114539E+005
    153  8.857929726569553E+000  1.078257156496036E+005
    154  3.113550674303137E+002  6.996049987233225E+006
    155  1.372479226325817E+001  2.945020455519368E+005
    156  5.771118200354490E+000  7.087978052295078E+004
    157  1.961955779643772E+001  2.812087455685209E+005
    158  1.218618080266731E+001  1.621828132346004E+005
    159  2.776408779532038E+000  4.287464033049370E+004
    160  2.380721456328366E+001  3.869227432715375E+005
    161  1.459231199683020E+001  1.998618705731288E+005
    162  1.676573134789380E+000  1.062440132947329E+004
    163  1.171730389683522E+002  2.667105759790005E+006
    164  1.700195225039188E+002  3.479656379089587E+006
    165  1.392304511267787E+002  3.023118516037097E+006
    166  1.995607117368612E+001  3.582398732486108E+005
    167  2.899306210686542E+000  3.183099512149305E+004
    168  3.995283136926825E+000  4.989419185581928E+004
    169  1.212214843735217E+001  1.583480580383584E+005
    170  1.754829221597321E+000  1.544423148910959E+004
    171  2.460149554467929E+000  2.469909832906873E+004
    172  1.557431345732531E+001  2.730345154009279E+005
    173  1.130235295030406E+001  1.834122418417578E+005
    174  6.335878867130023E+000  7.835535937781614E+004
    175  1.222899174873236E+000  7.619232760880369E+003
    176  3.137668819105653E+000  3.229033373307603E+004
    177  9.263771619651395E+000  1.939009756775332E+005
    178  7.734930373529026E-001  1.698872097306865E+002
    179  1.446900207426409E+000  8.540776660592610E+003
    180  1.431226338878029E+001  1.694945827466983E+005
    181  1.460967164838559E+000  1.249630953910884E+004
    182  3.217613430310967E+001  8.020080471358259E+005
    183  1.436373408783810E+001  2.000282671939381E+005
    184  7.236043814475086E+000  8.621075204272044E+004
    185  3.864370781679505E+001  7.531149686279722E+005
    186  2.877204475236934E+001  6.791852508639515E+005
    187  2.335622554982611E+000  2.225002428891782E+004
    188  5.561198273601268E+001  7.815767383263420E+005
    189  2.294097344007864E+000  2.683222294888454E+004
    190  1.266753562428900E+001  2.247365537457827E+005
    191  6.417171533556395E+000  7.935541599897943E+004
    192  7.988325346508397E+000  1.405196498893361E+005
    193  2.398266081151791E+001  5.182310743644540E+005
    194  3.829771149869248E+000  7.760961213026241E+004
    195  1.495884067589003E+001  2.419084938263288E+005
    196  9.891987619387638E+000  1.224263417242286E+005
    197  9.029645140234459E+000  1.976908270700834E+005
    198  4.281580344127582E+001  7.680637687487081E+005
    199  3.200734899729519E+001  4.669952844272212E+005
    200  8.569192826843430E-001  2.445273636303526E+003
    201  5.564492451223656E+000  7.767972281853401E+004
    202  1.041719171737274E+001  1.339621726304438E+005
    203  2.364773661178856E+000  3.636192012436452E+004
    204  5.668875976662470E+000  1.104464096801050E+005
    205  8.598678484621972E+000  1.236324631444548E+005
    206  6.355035443400348E+000  9.422918722434505E+004
    207  2.041398531470369E+001  2.759614725213830E+005
    208  4.546374630041305E+000  5.169247871836062E+004
    209  2.335068969279951E+000  3.117254723026532E+004
    210  6.868475580151615E+000  1.802869596021700E+005
    211  3.243767058103860E+000  7.176971005265065E+004
    212  1.253121434089996E+001  1.567800208130948E+005
    213  4.859725165197640E+000  9.655678793483002E+004
    214  3.270048595505327E+000  3.566963644414557E+004
    215  3.090743886724729E+000  4.491302881171737E+004
    216  1.421039574152526E+000  1.015210203217814E+004
    217  6.374516367584614E+000  1.225060297201401E+005
    218  7.769603436220201E+000  9.068506211248638E+004
    219  1.394294630490404E+000  1.220823139940814E+004
    220  1.467066233734609E+000  1.014403389905778E+004
    221  8.968593919382421E+000  1.200918683351100E+005
    222  6.177224160578050E+000  1.067758269406717E+005
    223  2.076820504758772E+001  2.781241688487649E+005
    224  9.086601929564493E-001  2.913412658228370E+003
    225  9.656613477907617E-001  3.804123355116138E+003
    226  6.261975228522047E+000  1.074750573524601E+005
    227  9.516591167502796E-001  4.042553143513114E+003
    228  8.089100028495066E-001  1.709589376631750E+003
    229  3.104963532904065E+001  4.157576911771737E+005
    230  2.124765624136847E+001  4.353438627880477E+005
    231  4.732600224762161E+000  4.950999238595252E+004
    232  3.721745401509597E+001  9.875828975737490E+005
    233  1.608287462113892E+001  2.768774631293107E+005
    234  2.216877400350283E+000  2.161985709860863E+004
    235  8.451048427989266E-001  3.196488415365880E+003
    236  2.231510756303860E+001  3.970297984135943E+005
    237  5.003973439119015E+000  5.761001087307392E+004
    238  1.073169884407384E+001  1.742461551230036E+005
    239  5.758416827416357E+000  8.623882918953690E+004
    240  1.003155801548115E+001  1.819547414842430E+005
    241  1.640768255961058E+001  2.582791427348338E+005
    242  2.641369346571811E+000  2.650449694485275E+004
    243  1.150312391393185E+000  8.992348966075608E+003
    244  3.646980801052873E+000  7.338218568270114E+004
    245  2.568327116650687E+001  4.313934261768477E+005
    246  8.335870032237461E+000  1.120460900813656E+005
    247  5.317211673422324E+000  9.181807885021850E+004
    248  1.003898103228137E+002  1.981267071014715E+006
    249  1.977373488571045E+001  3.990226490743699E+005
    250  1.164924215423961E+000  7.328425453640029E+003
    251  1.581008854849449E+001  2.232145271983000E+005
    252  8.355214483290870E-001  2.397977607812134E+003
    253  4.841367539467782E+001  7.669255067900097E+005
    254  2.497776661867252E+001  3.590192547870901E+005
    255  2.643339713185839E+001  3.562203796392698E+005
    256  7.033747845880723E+000  1.274179238533738E+005
    257  1.849328686314414E+000  1.853688809142592E+004
    258  4.200711884304976E+001  9.174477620851068E+005
    259  1.115942984225864E+001  2.229020867765886E+005
    260  1.713480259217985E+000  1.387483906806881E+004
    261  3.018902420281760E+000  3.592365433733342E+004
    262  3.134223283509809E+000  4.577301228538078E+004
    263  6.763480346752621E-001  9.407644220957524E+002
    264  1.214811117609033E+001  2.566716421395327E+005
    265  8.739987306236382E-001  5.501603417130686E+003
    266  2.151164344777468E+000  3.236980280565767E+004
    267  1.447884448346234E+000  1.588548502756139E+004
    268  7.197072545707792E-001  1.722222225909091E+003
    269  1.174914532612715E+000  7.665376265762508E+003
    270  2.294948073369935E+000  3.242625535672561E+004
    271  1.118171434456067E+000  8.074023197038482E+003
    272  1.472263803705613E+001  3.267640563836895E+005
    273  3.536995970912868E+000  7.149375138737595E+004
    274  1.062221237596667E+001  2.413595715131879E+005
    275  5.139204349617776E+000  5.797006647525012E+004
    276  2.590227311129387E+000  4.432362692916635E+004
    277  1.131790231616001E+000  9.777241965046485E+003
    278  1.966019399745790E+000  2.565306019579347E+004
    279  8.357672618854494E+000  1.601175167915890E+005
    280  1.066708840031121E+001  2.723003956572334E+005
    281  7.775251783723696E+000  1.372896988834795E+005
    282  1.302434637842837E+001  1.709447947533772E+005
    283  5.785741009619698E+000  1.081639442687131E+005
    284  1.019106872336247E+000  6.084349473362886E+003
    285  4.778797244216787E+000  1.011490987972898E+005
    286  7.397406552036129E-001  3.128898972168367E+003
    287  1.506233273102240E+000  2.061405886107530E+004
    288  9.393637634097537E+000  1.516932804848037E+005
    289  8.923288714009123E+000  1.616633111363446E+005
    290  2.799623238811478E+001  6.733242533208742E+005
    291  5.214590612660097E+001  1.335053030167527E+006
    292  2.920406784191917E+000  4.329410541616234E+004
    293  8.423263165684807E+001  2.067511388400197E+006
    294  1.727288129421695E+001  3.045023587067451E+005
    295  1.038450919493283E+001  1.278208400544323E+005
    296  3.676561709123528E+001  6.035324557080449E+005
    297  5.882347381006666E+001  9.571509863469461E+005
    298  9.195829645583146E+001  2.396428490292305E+006
    299  1.677728400018036E+001  3.772479640685736E+005
    300  6.408923850398998E+001  1.109019136722740E+006
    301  6.671555670458052E+001  9.555120261808325E+005
    302  7.033005901605657E+000  1.324255413028936E+005
    303  8.652454632318777E+000  1.329954488711494E+005
    304  3.931765587662551E+000  4.333309744974066E+004
    305  2.476963014515333E+000  2.628024492131788E+004
    306  1.552806063458835E+001  3.235929652250518E+005
    307  2.565267649460071E+000  2.596039379509694E+004
    308  4.312185616333867E+001  9.223808045003485E+005
    309  4.418304782060988E+000  6.000040019163333E+004
    310  1.270401438245337E+001  2.626611797327233E+005
    311  1.947855532211662E+000  1.787466003314057E+004
    312  4.376095939250899E+000  5.265864537179953E+004
    313  1.087257251719072E+000  7.185432532341388E+003
    314  2.853023927624025E+000  3.016853689194329E+004
    315  1.049367123334794E+000  7.216995450189083E+003
    316  1.365333567165925E+000  1.441975728960428E+004
    317  3.086405372763208E+000  3.383561246698695E+004
    318  2.066938104947886E+001  4.295302379445572E+005
    319  2.477209791708929E+000  3.471222167686812E+004
    320  8.489273559045838E+000  1.139794284756161E+005
    321  4.509452713638924E+000  5.745446263637092E+004
    322  2.367751288181434E+000  2.604733757609413E+004
    323  2.004004951515764E+000  1.852732048815601E+004
    324  3.644944692967637E+000  4.330141687101770E+004
    325  9.351077257217090E+000  1.104988489370790E+005
    326  8.167018652822318E+000  1.785251437570674E+005
    327  5.461833329305927E+000  6.199757350395739E+004
    328  8.371163465299353E-001  4.491886455339053E+003
    329  2.315938305914828E+001  3.809103473368743E+005
    330  3.759938605545005E+001  5.116199512608789E+005
    331  1.043297419244956E+001  1.352511627147212E+005
    332  2.474933866788134E+000  4.566281067695127E+004
    333  9.948166043159558E+000  2.141927198733753E+005
    334  3.003240747613484E+000  3.162705321285724E+004
    335  1.556325033451254E+001  2.335625942574099E+005
    336  4.894022809052662E+000  6.101316450625321E+004
    337  2.029646100874501E+000  2.099351175255268E+004
    338  4.931224454707150E+000  6.265764011362164E+004
    339  1.790803518846087E+000  1.756506719745091E+004
    340  8.520438033612511E+000  1.783748499411655E+005
    341  2.594006308636801E+001  4.331883867192268E+005
    342  8.453559853886203E-001  5.009895625488643E+003
    343  8.753641933451444E+000  1.639878859406465E+005
    344  1.752541501788324E+001  3.912789707630193E+005
    345  1.605962508558705E+000  2.812572308998389E+004
    346  5.213257344445393E+001  1.296789143328676E+006
    347  2.253998278544119E+001  3.095944981320932E+005
    348  1.333935667036872E+001  1.845381729986127E+005
    349  3.187319804596809E+000  5.425049525975454E+004
    350  7.396095081388825E-001  4.142383449184298E+003
    351  3.945780863332458E+000  5.766837136534704E+004
    352  6.149512489681344E+000  7.989489856912835E+004
    353  8.755291414840574E-001  8.030776374696344E+003
    354  8.603311526409692E-001  5.405581653482707E+003
    355  3.254145402207883E+000  4.730643038010889E+004
    356  2.306182156658870E+001  4.458180185965369E+005
    357  6.645161267253848E+000  8.480882093375927E+004
    358  7.059940388413645E+001  1.288402488630999E+006
    359  5.889928863255542E+000  1.274246633354757E+005
    360  2.930211846984951E+000  3.328837950578963E+004
    361  1.914780100551992E+000  2.096523349312722E+004
    362  6.396579949131909E-001  2.445175141380698E+003
    363  4.758716292927861E-001  2.451601836862314E+002
    364  2.326893162287652E+000  4.570018518827733E+004
    365  2.939554482142746E+000  4.523107608307832E+004
    366  8.767084499879029E-001  5.902211202990374E+003
    367  3.750917256243095E+000  7.972844764594766E+004
    368  7.454366641010770E-001  3.780679422310832E+003
    369  1.501399840114486E+000  2.987931123632620E+004
    370  1.062273668012378E+000  8.359332398976781E+003
    371  6.051644489834513E-001  2.261589978293920E+003
    372  1.419172983662416E+000  2.113240199222557E+004
    373  5.969562274318295E-001  2.602403027593569E+003
    374  9.548065059568273E+000  2.128875729439066E+005
    375  9.942215897780015E-001  1.297583158649517E+004
    376  1.269122144937975E+001  3.125784394387872E+005
    377  2.488232597193019E+000  3.428272258731386E+004
    378  1.880693931305329E+001  3.435807680142883E+005
    379  1.512988784218410E+001  2.229071688191161E+005
    380  1.233681586925809E+001  2.350494702149300E+005
    381  7.070630184554518E+000  1.269166669692742E+005
    382  4.059382894332677E+000  5.158266012114243E+004
    383  1.060143542133637E+001  2.301729325430457E+005
    384  2.631239463360255E+002  6.239177183321692E+006
    385  1.393978691583866E+001  1.925629127160960E+005
    386  1.127055398828646E+002  2.012130356037812E+006
    387  2.793276068397728E+001  5.564914615380770E+005
    388  4.362803806331432E-001  6.542116775059748E+002
    389  4.363532234586487E+000  5.477073325435146E+004
    390  7.779551998706584E+001  2.025540105189845E+006
    391  4.475328625774525E+001  9.319992876875909E+005
    392  7.428373446853857E+001  1.644043480135524E+006
    393  1.236917279632293E+002  2.837412525079205E+006
    394  3.358218747806220E+000  4.765492259995997E+004
    395  2.676927459643460E+001  6.581533518157782E+005
    396  7.149002518070146E+000  1.566301388912528E+005
    397  2.207748884579266E+000  4.069231521951312E+004
    398  3.252097135226983E+000  5.895210495786709E+004
    399  8.756839034244907E+000  2.069614344625296E+005
    400  2.718776095792910E+001  5.211015790160031E+005
    401  5.670052479838351E+000  7.152189456995639E+004
    402  3.503986142887360E+001  7.797766609501755E+005
    403  1.573077737412294E+001  2.185062517925821E+005
    404  3.907451040488939E+000  7.007496321310104E+004
    405  1.732335025490974E+001  3.148667188609709E+005
    406  3.618578337997407E-001  4.438886905415168E+002
    407  4.306918132781263E+001  1.101144184798697E+006
    408  4.495966341483550E-001  2.289803124833280E+003
    409  1.122891643817033E+001  2.159410282266272E+005
    410  8.507542226659991E-001  9.066179595919062E+003
    411  6.161870172994672E+000  1.136764726636891E+005
    412  4.107860425354453E-001  1.315516269756271E+003
    413  2.262636155453482E+001  3.418762308567261E+005
    414  1.877666449551104E+000  2.071023921152039E+004
    415  2.728412164412395E+001  4.280950487314098E+005
    416  1.106176311479252E+000  1.382304381082968E+004
    417  6.347700112798526E+000  9.598157348225870E+004
    418  7.659428065421264E+002  9.172919035299815E+006
    419  4.505768845855233E+001  1.101409527896202E+006
    420  1.329979392766797E+000  1.667979168794348E+004
    421  5.243373574896665E+000  9.480438806001439E+004
    422  6.729720163771361E+001  8.637649017291247E+005
    423  4.504326681432966E+001  7.556401631812230E+005
    424  5.201378362082425E-001  2.920721866422429E+003
    425  1.898477776776070E+002  2.358950155756395E+006
    426  3.080200291940123E+001  3.904506308152095E+005
    427  3.626438873794007E+001  8.231123316566719E+005
    428  4.180884255898061E-001  1.833495796133459E+003
    429  5.665588365026062E-001  3.874171005513181E+003
    430  2.587188409555140E+001  5.891603198638922E+005
    431  2.252463948196034E+001  3.213065393109870E+005
    432  8.367841754586262E-001  9.592201954227257E+003
    433  2.298647680000568E+000  3.867406333737820E+004
    434  2.025697949278597E+001  4.534602956657770E+005
    435  8.843088985143829E-001  7.718780252131767E+003
    436  5.443981466705935E+001  9.937699621078562E+005
    437  6.567916920757674E-001  7.352905147611350E+003
    438  6.801391280590464E+001  1.391896964168726E+006
    439  3.655145044571039E-001  6.265975534853233E+002
    440  1.168115984437826E+001  2.530729015103698E+005
    441  9.720795286434416E-001  8.722290663924001E+003
    442  4.134788419250120E+000  8.589257055867146E+004
    443  3.286738292884823E-001  2.964516556105252E+002
    444  3.161933181447790E+000  3.828262800579293E+004
    445  2.586171008603835E+001  3.748140218992711E+005
    446  1.110389848687100E+001  2.313231673378702E+005
    447  5.665487463539538E-001  3.809711224474413E+003
    448  4.868996799346800E+000  1.070103437786634E+005
    449  4.655019083656573E+000  6.550669026987829E+004
    450  1.703764604663735E+001  4.630458047925730E+005
    451  3.305254146342834E+000  4.922788060593866E+004
    452  2.060663173010879E+001  4.938754990944859E+005
    453  3.820032286862182E+001  9.549745284655630E+005
    454  3.811712270443051E+001  1.160361768068206E+006
    455  1.352412273281494E+000  2.174180752399096E+004
    456  1.603453026527602E+001  4.524204865406048E+005
    457  7.552243667083006E-001  5.831254332891097E+003
    458  1.289047294963845E+001  3.188868761629132E+005
    459  8.728132349975228E+000  1.650221174790125E+005
    460  8.905888379508612E+000  2.432865988190253E+005
    461  5.780384044168941E-001  3.961705002156511E+003
    462  3.637497183083200E+001  8.123120113830436E+005
    463  7.500846863354225E-001  6.259306945576863E+003
    464  2.371721586913147E+001  5.361736646735833E+005
    465  9.085706154783061E-001  8.554025508766506E+003
    466  8.937851199391321E+000  1.555044163286070E+005
    467  5.498768315105103E+000  1.041567173081560E+005
    468  7.945974381144222E+000  1.727988434616707E+005
    469  5.391886815846191E-001  3.395171357787451E+003
    470  1.083198101973656E+000  1.171481290557417E+004
    471  8.355021473253513E-001  7.729364269702386E+003
    472  2.039709860403310E+001  5.014233524647602E+005
    473  1.435190220693113E+000  2.465291518457315E+004
    474  5.379368704640157E+001  1.469418216910091E+006
    475  4.153891998815900E+000  9.779455698361859E+004
    476  6.705983915818425E-001  6.333075289464872E+003
    477  7.563127684781646E+000  2.017372405473828E+005
    478  2.336777264643219E+000  4.777127617784583E+004
    479  3.071753413881567E+001  7.470106802978939E+005
    480  4.604966939625589E+000  8.518999827437247E+004
    481  1.218647333567251E+000  1.205269329927941E+004
    482  5.139842915034887E+000  1.063520338485001E+005
    483  9.825035202939153E+000  2.124396137134944E+005
    484  9.051653414121436E-001  1.079629184800096E+004
    485  1.237866376089077E+001  2.964255902867804E+005
    486  2.448630994765229E+000  2.634341481066585E+004
    487  7.548336494952073E+000  2.068540190825514E+005
    488  4.587689236959838E-001  2.223469275134457E+003
    489  6.279993522099757E+000  1.459960523940824E+005
    490  3.062662752334487E-001  5.690317830671538E+002
    491  4.950672203835541E+000  1.163360765027711E+005
    492  1.417302256218776E+001  2.168689248806468E+005
    493  5.054905952097465E+000  6.530695712552012E+004
    494  6.677145647064170E+000  1.478327911834886E+005
    495  7.538051962263459E+000  1.488082083029500E+005
    496  3.913963717265994E-001  1.889334004057479E+003
    497  6.955594697532399E+000  1.445348205977340E+005
    498  4.260243081274544E+000  9.391800304809706E+004
    499  2.844777286763866E-001  1.834767603931448E+002
    500  4.872635925545402E+000  1.038297496966197E+005
    501  2.814471012730744E-001  1.840438594439124E+002
    502  2.147575127824833E+000  2.589082384192666E+004
    503  1.617635867137705E+001  4.109448244731726E+005
    504  1.331640354228390E+001  2.896149589846470E+005
    505  7.248760481246800E+000  1.797458589784614E+005
    506  4.198417962112357E-001  2.166877556761582E+003
    507  2.427815431229843E+001  5.473494190146517E+005
    508  5.512199703625065E-001  4.967608269775674E+003
    509  4.382736244013333E-001  3.568649515162748E+003
    510  1.306467443661752E+001  3.212231209840861E+005
    511  1.004552603134580E+000  1.382962883094711E+004
    512  1.586048904300092E+001  4.049652193820850E+005
    513  8.604620588841405E-001  1.191820792754412E+004
    514  5.051364201353518E+000  1.131127907290404E+005
    515  2.300982431649491E+000  3.220022632111761E+004
    516  2.178861044147793E+000  3.964244071877818E+004
    517  2.600836002514354E+000  5.984420669277138E+004
    518  7.881339556027720E+000  1.789488953324765E+005
    519  5.229866675966937E+000  1.411027935062762E+005
    520  3.180862666104492E-001  8.950498434748471E+002
    521  1.946694103683349E+000  2.315429852930403E+004
    522  7.293593885071371E-001  8.052423396470348E+003
    523  3.822730901793031E+000  8.195286321962786E+004
    524  1.201408761668864E+001  3.642524580843647E+005
    525  1.695593454798039E+000  3.063454243312772E+004
    526  1.129408575404543E+000  1.323556752985447E+004
    527  5.683112456613567E+000  1.588626944108085E+005
    528  1.735143956164696E+000  2.183038277801654E+004
    529  1.030559023647530E+000  1.113915357200863E+004
    530  1.099350206994248E+001  2.506338757475477E+005
    531  1.787371014827333E+001  3.480784603951738E+005
    532  4.030326960914043E+000  7.637965645174973E+004
    533  4.034060562314765E+000  8.773646407603817E+004
    534  2.857727755724702E+000  5.866528580906984E+004
    535  1.050465376289878E+002  2.377285539607049E+006
    536  2.849422548112813E+001  3.780871062772074E+005
    537  2.630136412592840E+002  6.050174205057626E+006
    538  3.369370130366880E+001  4.921602697297595E+005
    539  2.078589419107105E+002  4.507357863680411E+006
    540  1.184781320216359E+001  2.223657219413026E+005
    541  2.375931463967069E+000  5.630200845154070E+004
    542  1.869108150515782E+000  2.520924159434338E+004
    543  5.761973089309512E+000  9.217417606468535E+004
    544  1.010074999863866E+002  1.411169139252628E+006
    545  4.625021806602059E+000  1.016492800952013E+005
    546  1.465639113397552E+002  2.030354520349870E+006
    547  1.943900376484657E+003  2.710730285750208E+007
    548  4.801897685564174E+000  7.165246550352707E+004
    549  8.840122219310882E+001  1.208270963159026E+006
    550  1.664937732386640E+001  3.724460664310690E+005
    551  1.248235351656277E+002  1.637361850572133E+006
    552  1.373572241079617E+002  1.578802888849740E+006
    553  1.142887748559722E+001  1.861363246577182E+005
    554  7.065800664404699E+001  9.941451955788936E+005
    555  1.919919578063304E+000  2.970270255658983E+004
    556  5.180547306724367E-001  5.249182459118799E+003
    557  1.015936659839399E+001  1.748085306531623E+005
    558  9.932217244654249E-001  1.376138900537139E+004
    559  8.584353242871863E+000  1.935024304595532E+005
    560  4.493437939993868E+000  6.231417198394458E+004
    561  8.561080543773639E-001  1.353717634470061E+004
    562  8.636912263120501E-001  8.911583080624374E+003
    563  2.514227788021367E+002  3.952585509050593E+006
    564  7.956724139810758E+000  1.044064329160229E+005
    565  1.915857086596898E+000  2.843356936802355E+004
    566  3.509436887764531E+002  4.883418983311991E+006
    567  9.321800574375448E-001  1.196671439885467E+004
    568  6.667197428631084E+000  1.217779943060739E+005
    569  5.180053325510146E-001  6.440505273282521E+003
    570  2.974012025442457E+001  4.054881860996048E+005
    571  1.555042702403643E+000  2.089690034444788E+004
    572  5.759115417837115E+000  8.425840098157203E+004
    573  2.347340473184591E+000  3.238002025085558E+004
    574  3.077280601896386E-001  4.131437881925353E+003
    575  1.428597613877896E+001  2.696761746013662E+005
    576  7.978736092272737E+000  9.143204127029031E+004
    577  1.248969459235680E+000  1.685732680358626E+004
    578  1.076477619499383E+000  1.747396642650328E+004
    579  4.550552950018075E-001  6.149039791618869E+003
    580  7.115008652793514E+000  1.261035992374978E+005
    581  8.204729837662351E-002  2.417708998374162E+002
    582  4.632612410682905E+000  8.880122340159462E+004
    583  7.805198899229117E-001  9.646456584501853E+003
    584  1.278419252549498E+000  1.765057477361659E+004
    585  3.442119266832179E+000  6.980783492158198E+004
    586  3.385609712766570E-001  3.275373988015814E+003
    587  1.971251478811719E+000  4.431358727486961E+004
    588  2.339759265535725E+001  5.305415413580580E+005
    589  8.064114015100737E-001  9.814282757563893E+003
    590  2.113014960416685E-001  1.824686129042348E+003
    591  2.972157040901213E-001  3.080279535396101E+003
    592  9.537525857371211E+000  2.247016574258221E+005
    593  6.890749639810681E+000  1.557300888482754E+005
    594  1.017719731126701E+000  1.346840352164925E+004
    595  6.501753319455998E-001  7.583039751525390E+003
    596  7.078591539444519E-001  9.070906610113487E+003
    597  5.179513090456438E-001  1.079880046223747E+004
    598  8.976435805684441E-002  2.500041984253064E+002
    599  4.085313435036696E+000  1.090224564916925E+005
    600  1.034709831443215E+000  2.786865130387016E+004
    601  3.097406018914921E-001  3.782809028303636E+003
    602  6.518991358620583E+000  1.515450528836231E+005
    603  1.335530807659673E-001  1.197364931396392E+003
    604  4.422484555690630E+000  7.202308835344775E+004
    605  1.274062835682410E+000  1.674949586123137E+004
    606  9.384657861845222E-002  3.829613891320332E+002
    607  7.610535027028283E-001  1.383257842465786E+004
    608  4.200996591633089E-001  4.983688313524260E+003
    609  2.146091066639342E+000  4.476383823287975E+004
    610  7.558722288662209E-001  9.837519784696275E+003
    611  7.110165196551445E-001  1.241774543234849E+004
    612  8.085943251075060E-002  2.138273922417682E+002
    613  6.138519015532611E+000  1.284587774121329E+005
    614  1.398088292710146E-001  1.012238245884378E+003
    615  2.232125567450999E+000  5.394163664462542E+004
    616  8.624079739370842E-001  1.150002541149970E+004
    617  1.613090514781155E+000  3.614625221910938E+004
    618  3.773274834140433E+000  8.144794684120252E+004
    619  2.468816453074597E-001  2.583956615198651E+003
    620  7.024256813780456E-002  4.972963640777105E+001
    621  1.632998958802622E+000  3.624197429540881E+004
    622  6.347378870064363E-001  7.840702059115317E+003
    623  1.446758558984122E+000  3.085981558996548E+004
    624  6.988273541740662E-001  8.718775858062452E+003
    625  2.539703031900955E-001  2.439753817650745E+003
    626  4.841649390655225E-001  9.778006964916711E+003
    627  2.198009223581645E-001  2.088850417640433E+003
    628  9.385097662526186E-002  3.251334335726486E+002
    629  8.188917314239735E-002  2.482456078418205E+002
    630  4.733338719851101E-001  7.787315491385546E+003
    631  4.132901649981843E-001  6.726430340600219E+003
    632  3.231362836967498E+000  8.339702468975300E+004
    633  4.153211044245049E-001  4.628191051871585E+003
    634  3.090311480213296E-001  3.403462267823012E+003
    635  7.756968528987036E-001  1.224495739256437E+004
    636  8.915771397763178E-001  1.234614160552403E+004
    637  4.906305404778658E-001  9.384004547151000E+003
    638  9.266751827602368E-002  4.172063387820208E+002
    639  1.658966305800388E+000  3.236650975327082E+004
    640  2.072057838221010E-001  2.294029789070386E+003
    641  5.662007097722678E-001  7.100424213505331E+003
    642  2.144300726445423E-001  1.947390563862556E+003
    643  1.329904192219586E+000  2.508404245366139E+004
    644  1.618502684816251E-001  1.288696299026584E+003
    645  7.662687696725168E-001  1.499038723343330E+004
    646  3.993352460320078E-001  6.054417372882192E+003
    647  6.811267452685640E-002  3.543231440336855E+001
    648  2.077580273257511E-001  2.086103042695052E+003
    649  1.058608353919960E+000  2.480833105656878E+004
    650  6.386481662030300E-001  1.392201429312211E+004
    651  2.017145699849761E-001  1.911587352628650E+003
    652  6.711605912713688E-002  1.647404623571090E+001
    653  1.028099323905340E-001  5.974388107583585E+002
    654  2.275209610304711E+000  5.325169942468627E+004
    655  1.097454222877955E+000  2.608062803210680E+004
    656  6.097177564796766E-001  7.462729445231736E+003
    657  2.420867950172358E-001  2.500612292642853E+003
    658  1.843314859056681E+000  3.161798362553147E+004
    659  1.623155861650646E+000  3.593481495422283E+004
    660  2.136804132403317E-001  2.042490182398984E+003
    661  2.439427888304384E+000  5.887738009016997E+004
    662  1.105587523788101E-001  6.942736176025559E+002
    663  3.534262449674647E+000  8.437894776256981E+004
    664  1.571232117141121E-001  1.357325586117291E+003
    665  2.842950491828324E-001  2.985005691647747E+003
    666  1.874950611902462E+000  3.070494705631007E+004
    667  2.002023699163546E+000  3.457719772294102E+004
    668  1.743499537116722E-001  1.696525047273457E+003
    669  3.103593997452169E+000  7.373015563989298E+004
    670  4.751247760312743E-001  5.860286973539667E+003
    671  6.675079414741625E-001  1.515528193592725E+004
    672  8.441052618591519E-001  1.059595369452037E+004
    673  7.281837840028123E-001  1.086562098023596E+004
    674  9.142039093186787E-001  1.182356467366217E+004
    675  3.003600176525027E-001  5.534079079036887E+003
    676  5.419319005689666E-001  9.232603907911349E+003
    677  2.010987347013991E-001  1.839341037644561E+003
    678  2.248948432538850E+000  4.678356439394183E+004
    679  2.417672428058152E-001  2.549776500915346E+003
    680  7.216544813682039E+000  1.618261204556230E+005
    681  2.754669749770614E+000  5.740984260205040E+004
    682  5.312346428556987E-001  6.478966704843234E+003
    683  1.792126120878781E+000  4.150203294939577E+004
    684  4.830201854192664E-001  5.732978250931262E+003
    685  2.068508613995291E-001  2.118224595369469E+003
    686  2.479556772319239E+000  5.288414954014208E+004
    687  3.297221557344126E+000  7.692999724234153E+004
    688  1.350554986266761E-001  9.780628880475748E+002
    689  2.401647492592804E+000  5.168768201161589E+004
    690  1.969590619262419E+000  4.074842096431887E+004
    691  3.613398090519675E+000  7.955745201088574E+004
    692  8.124354559055012E-002  2.397477802041303E+002
    693  9.999600490963019E-002  6.273453823904698E+002
    694  6.010934380444260E+000  1.266055750038296E+005
    695  4.989714841518121E-001  6.180258798395581E+003
    696  1.863680949891695E-001  1.744035709556924E+003
    697  4.156319239797280E+000  8.492993568595072E+004
    698  1.088942861294219E+001  2.283513338262794E+005
    699  1.891537002242691E-001  1.819973197789428E+003
    700  1.616788015330813E+000  2.686069355281760E+004
    701  7.263755663241629E-002  1.251920657085876E+002
    702  8.956256700759350E-001  1.514865030160065E+004
    703  1.326376608239492E-001  9.362374767418440E+002
    704  7.159066788303477E-002  1.169003965585581E+002
    705  1.477503104979119E-001  1.108436821165937E+003
    706  1.953325666340922E+000  4.528887574865745E+004
    707  2.130261419409639E-001  2.071725168551683E+003
    708  4.884697384607295E+000  1.045046361905025E+005
    709  3.226133498375962E-001  3.785943584819228E+003
    710  4.823330985722526E+000  1.184187963715227E+005
    711  1.161605665080887E-001  9.008685313561991E+002
    712  6.153621622131191E+000  1.499781310083546E+005
    713  6.299682521548687E-001  7.922364244882138E+003
    714  1.548179511666282E-001  1.305118482570165E+003
    715  1.623757899414252E-001  1.439692936176009E+003
    716  3.785799817795556E+000  8.318831945099261E+004
    717  3.684764887094591E+000  8.313708073697133E+004
    718  6.765210922711047E-002  1.335916587241489E+002
    719  2.634799763333170E+000  5.584079125507671E+004
    720  7.898119344255757E-002  2.401587009459629E+002
    721  9.404164423382045E-001  2.052084233902581E+004
    722  1.597110727375835E-001  1.454758400189665E+003
    723  7.408530770323477E-002  3.607312223535259E+002
    724  1.587962569061590E+000  4.092879241461076E+004
    725  1.375879135490637E+001  3.207247200322231E+005
    726  8.909643164916507E-002  3.963332662345324E+002
    727  3.936379917485725E+000  9.228321523705542E+004
    728  1.114417623224802E-001  6.909495209237986E+002
    729  1.035659755982280E-001  5.692891608373114E+002
    730  1.996490304310048E+000  4.070651555204357E+004
    731  9.290448955256007E-001  2.149538856055840E+004
    732  2.176056741552726E-001  2.020336727105382E+003
    733  1.061984577436775E+000  2.441888536803911E+004
    734  6.610431177398479E-002  9.170773489793919E+001
    735  9.228587419884815E-002  6.617100151036271E+002
    736  7.051447660784012E-002  1.523043645544461E+002
    737  3.250734890341319E-001  6.361432925465201E+003
    738  1.056937543060139E+000  2.417461603460795E+004
    739  1.241225481498706E-001  1.209612477723043E+003
    740  7.386328103952712E-002  3.582366625034301E+002
    741  3.424155042237257E+000  9.381426493005983E+004
    742  2.009633683142984E+000  4.018974096372887E+004
    743  6.392867211076725E-002  8.297952621742300E+001
    744  2.964799572231514E-001  3.320071464956739E+003
    745  2.879578393924866E+000  6.428559342424047E+004
    746  9.933401713362825E-001  2.099925900208460E+004
    747  1.027762862626034E-001  6.929645337890582E+002
    748  5.278792457292131E-001  1.214053940169790E+004
    749  1.779286720774419E+000  3.839770890985498E+004
    750  8.008364151910029E-002  3.087118717833523E+002
    751  7.672324583368783E-001  1.792008852249075E+004
    752  6.471455392506062E-002  6.537178913418633E+001
    753  7.858613769713534E-002  2.970616520711746E+002
    754  1.696497895041028E-001  1.588042007923525E+003
    755  9.648217513587011E-001  2.004058080903113E+004
    756  1.155956596061641E+000  2.328013254375019E+004
    757  9.764329898751041E-001  1.557607921811549E+004
    758  1.588864660729986E-001  1.365442093095859E+003
    759  6.477655546524115E-002  1.078924399081477E+002
    760  9.016294653380401E-001  1.970499575227408E+004
    761  1.312360255429899E-001  9.926731045723840E+002
    762  1.759563511485830E+000  3.823188613182735E+004
    763  2.141271788054001E+000  4.716662099580127E+004
    764  1.348236226892994E-001  1.122099357216261E+003
    765  7.688916506613971E+000  1.939555931455234E+005
    766  1.080238786598223E-001  8.644306325347665E+002
    767  1.566451753705775E-001  1.345621900808292E+003
    768  5.046536990430337E+000  1.020363916175243E+005
    769  4.000186118648189E+000  9.075407732198406E+004
    770  1.861170409247021E-001  1.820216530426250E+003
    771  1.879862564074071E+000  3.806169927691989E+004
    772  4.902963567559982E+000  1.067936979400245E+005
    773  6.561651382189188E-002  1.336390685810514E+002
    774  1.729405875914960E+000  2.664994685292020E+004
    775  6.305035278940839E-002  1.553222068966728E+002
    776  1.033801658809258E-001  6.024312619567235E+002
    777  9.530728587767342E+000  2.576841363314530E+005
    778  6.613279310399609E+000  1.686602386126766E+005
    779  9.415527144537070E-002  5.513138177884256E+002
    780  1.486213992016228E+000  3.353126795198872E+004
    781  1.957830162439705E-001  2.003428735840306E+003
    782  2.639765327061780E-001  2.922498772147940E+003
    783  9.515315014480514E+000  2.425748676104851E+005
    784  4.145862799508795E+000  9.149466635115126E+004
    785  1.045556739192327E+001  2.621009002584308E+005
    786  1.512839300896960E-001  1.363313624294623E+003
    787  3.592524727335178E-001  4.337590286896159E+003
    788  7.943035732369451E-002  3.640562186681498E+002
    789  2.068355161374078E+000  4.747371195755020E+004
    790  2.813013586317641E-001  3.153442853124016E+003
    791  4.517325956170416E+000  1.103075409380319E+005
    792  1.360138023105178E-001  1.351506216082230E+003
    793  1.350980558739095E+000  2.943413967040432E+004
    794  1.904780561214386E-001  1.804681059760858E+003
    795  2.320159725076947E+000  6.142747591817159E+004
    796  7.933600168033472E-001  1.625518085794691E+004
    797  7.975746721388735E-001  1.786560868196154E+004
    798  7.335812873744404E-002  3.389199444316785E+002
    799  2.131379157504155E+000  4.843510891809859E+004
    800  3.805242149120130E-001  4.881247437316375E+003
    801  5.921209707442640E-002  9.694486277011595E+001
    802  2.739020030605848E+000  6.020375792844714E+004
    803  8.472203381197980E-001  2.025687690199357E+004
    804  2.330882707899606E-001  2.508037043496542E+003
    805  1.057137547336838E-001  7.934555656609710E+002
    806  6.051962759741140E-002  7.800737125700179E+001
    807  2.487760188474579E+000  5.533708841895599E+004
    808  8.894172117940218E-001  1.928055738139898E+004
    809  1.589341241317461E-001  1.454684203839442E+003
    810  5.098951890219439E+000  1.473144863346158E+005
    811  7.061976401824022E-002  2.709938138955011E+002
    812  1.338475101014998E+000  3.434862112322839E+004
    813  8.432944952754776E+000  2.303952627442091E+005
    814  6.884619872303190E-002  2.069060729792891E+002
    815  2.474611848648866E-001  3.086746924935675E+003
    816  7.967086041802873E+000  2.249554163733247E+005
    817  3.295798578461161E+000  9.045739557113549E+004
    818  9.460352591591363E-002  6.584751582165358E+002
    819  6.939460857767303E-002  3.336038204325459E+002
    820  1.235198507843605E+000  2.853729679465053E+004
    821  1.693915272636766E+000  3.875181054741587E+004
    822  1.056941169963513E+000  2.502865446063419E+004
    823  5.517716753612392E-002  3.914433452390286E+001
    824  1.309276918693305E+000  3.351683037433724E+004
    825  1.845916806537115E+000  4.748737808265397E+004
    826  2.842089762165642E+000  6.720197795362271E+004
    827  8.544951696361072E-001  1.758729350391557E+004
    828  1.220801062550994E-001  1.085459195273697E+003
    829  6.082664817366746E-001  1.261768965295811E+004
    830  8.150615975375987E-002  4.841375124243002E+002
    831  9.622519934018464E-001  2.033019682013661E+004
    832  1.129745539851940E+000  2.437258515340758E+004
    833  5.599206654228849E-002  5.616328517175783E+001
    834  7.799415025892695E-002  3.472566962044969E+002
    835  1.358516751505765E+000  2.890012499081214E+004
    836  3.179583949206422E+000  7.749311197737815E+004
    837  9.007089210067780E-002  9.313146385957560E+002
    838  9.733664344041091E-001  1.752073271808939E+004
    839  8.273429585464498E-002  4.421229301845137E+002
    840  5.545522351847292E-002  3.900748142554998E+001
    841  6.303195046171073E-002  1.395405686562539E+002
    842  4.088420945885743E+000  1.084197137530139E+005
    843  8.601148831667823E-001  1.725591596180862E+004
    844  2.157171444647416E+000  4.583570188891706E+004
    845  2.143069657392288E-001  2.453429410313381E+003
    846  1.815148193141015E-001  1.769351667122699E+003
    847  2.366468111490621E+000  4.910038186174958E+004
    848  4.562676015439194E+000  9.366649052026587E+004
    849  1.666519711782464E-001  1.665431866367830E+003
    850  5.481407712043908E-002  4.783652196848379E+001
    851  1.307802031255805E+000  2.666393963843728E+004
    852  1.736784619631609E-001  1.893633566655840E+003
    853  6.779654673590796E-001  1.675744175750044E+004
    854  1.913854946117004E+000  4.855784158442602E+004
    855  1.692031743053392E+000  3.509388459284119E+004
    856  6.889600369813460E-002  4.425188810885814E+002
    857  6.762182519008532E-002  3.392670708899919E+002
    858  1.985496069505594E+000  5.311132848308602E+004
    859  1.237648283677890E-001  1.150369320099132E+003
    860  9.334949817653626E-001  2.454611959311039E+004
    861  7.068245579005916E-002  4.610561572144090E+002
    862  1.963124520889843E-001  2.026938993137084E+003
    863  9.760383057871815E-001  2.660331939978224E+004
    864  5.442228858938136E-002  7.503455491274822E+001
    865  7.926454991614447E-001  1.929038034000757E+004
    866  3.663721135005252E+000  8.113989863490478E+004
    867  7.177454602457224E-002  4.250215082069428E+002
    868  1.886174319310184E+000  4.589298722571754E+004
    869  5.699218405915883E-002  1.210327907065568E+002
    870  1.145146940164305E+001  2.625716977943890E+005
    871  1.141403243546704E+000  2.283859393475759E+004
    872  5.190257586036003E-002  9.004253091856053E+001
    873  9.241718483521043E-001  1.801248550494095E+004
    874  5.798374392829144E-002  1.263129572467101E+002
    875  2.586651875027592E+000  4.501199135033891E+004
    876  7.674351155119589E-002  4.135304640191962E+002
    877  2.991530248684230E+000  6.441679094774888E+004
    878  7.959445387197212E-002  4.077355298451574E+002
    879  2.762677657081054E-001  3.698910629985922E+003
    880  7.194082053863142E-001  1.286483001447033E+004
    881  4.910722648298727E-002  3.459891295956444E+001
    882  7.727707867307816E-002  4.759679209912547E+002
    883  2.794706847770210E-001  5.355403515726154E+003
    884  7.155316481124667E-001  1.555887785680550E+004
    885  4.784544741408710E-002  4.578622022584060E+000
    886  2.569590000228834E+000  6.033164598927397E+004
    887  1.929063645570487E+000  4.249981432390313E+004
    888  8.349537434597068E-002  4.987284678837981E+002
    889  4.860570486243674E-002  4.628438007656749E+001
    890  2.415351512997744E+000  4.669996112685007E+004
    891  5.315122019873315E-002  1.702889453923575E+002
    892  2.002441816020827E+000  4.327203928871950E+004
    893  1.554180095058150E-001  1.499369515024945E+003
    894  4.348552985709859E-001  6.602003008327400E+003
    895  2.834216179224691E+000  6.878055890904216E+004
    896  5.415280324089503E-001  8.810592055463851E+003
    897  4.999149440918545E+000  1.052853731707256E+005
    898  4.279538959908363E+000  9.087517089237606E+004
    899  7.827451054163719E-001  1.051572465195131E+004
    900  7.047308474843529E-002  4.181319188987474E+002
    901  1.127428901826454E-001  8.931044763776785E+002
    902  3.602417617167168E+000  9.159435913181973E+004
    903  1.301474248780905E+000  2.114618652954222E+004
    904  5.227572445492552E-002  1.608201315590424E+002
    905  5.497841451431072E+000  1.129206244766114E+005
    906  6.150652449495996E-002  3.218712754425196E+002
    907  1.760446436037747E+000  3.173934987900011E+004
    908  1.261856056686212E-001  1.072820952265703E+003
    909  2.467685782257274E+000  6.256979189390105E+004
    910  4.152091725557968E-001  5.077994017118806E+003
    911  8.920307858499950E+000  1.937909513924103E+005
    912  6.415131263930252E-002  3.189927121098791E+002
    913  2.280586329695909E-001  4.113385757968730E+003
    914  4.691121031979615E-002  6.874025286936650E+001
    915  1.893502328906976E-001  2.203938739077243E+003
    916  6.047694614763488E-001  1.280735330140745E+004
    917  1.145536893405333E+000  2.188033721845501E+004
    918  2.315293094519845E+000  5.314627680207534E+004
    919  1.254696579704008E+000  2.231661240980561E+004
    920  1.001919534079094E-001  8.050305921762823E+002
    921  4.308036456268562E-001  8.772089207131563E+003
    922  2.452058821319025E-001  3.169676604425008E+003
    923  2.354030803693556E-001  2.906246989056987E+003
    924  4.651468378398149E+000  1.150426818488616E+005
    925  7.767530193446995E-002  4.810938211262413E+002
    926  4.523916329046571E+000  6.504658450435018E+004
    927  2.538263219176620E-001  3.009149119980507E+003
    928  7.279094341676584E+000  1.594668191235752E+005
    929  8.406306458534960E+000  1.921818744765887E+005
    930  9.260538721716102E+000  2.065791396608518E+005
    931  1.271790468477328E-001  1.289389273239424E+003
    932  7.897317656039849E-001  1.557275349169146E+004
    933  1.111203070757477E-001  1.092123028467427E+003
    934  3.409145989905546E+000  9.019999655064048E+004
    935  7.613110487397050E-002  4.879490985225191E+002
    936  1.069566417634223E-001  1.423362381487874E+003
    937  8.072379012100503E+000  1.758746479966970E+005
    938  1.152332239899033E+000  2.566617443609880E+004
    939  9.980021726718785E-002  8.014561481893742E+002
    940  1.501267905261902E+000  3.304096740746016E+004
    941  6.267483981070329E-002  4.429666667283917E+002
    942  1.258700427849297E+000  3.013499162452685E+004
    943  3.917566054056174E-001  7.263771219001686E+003
    944  1.171198683948277E+000  2.273662041405531E+004
    945  1.262202436361526E+000  2.648348071327955E+004
    946  5.136982553399905E-002  1.794497216466289E+002
    947  4.483665848268352E+000  1.027098550281146E+005
    948  1.357472089618454E+000  3.076293283392601E+004
    949  1.530941752389855E-001  1.741115970030217E+003
    950  8.796532560834853E-001  1.683949936051466E+004
    951  1.022151697084749E-001  9.913299661385914E+002
    952  3.496553012829480E+000  7.436120594000632E+004
    953  1.296090948826189E-001  1.733690063456545E+003
    954  4.557230481259269E+000  1.354895548261636E+005
    955  1.824221831056638E+000  5.391585254406559E+004
    956  5.684016975007371E-002  5.086281561659866E+002
    957  1.012915443996202E-001  8.759215720776401E+002
    958  1.492009345686032E+000  4.266314520307715E+004
    959  6.069998712266878E-002  3.464117808373629E+002
    960  1.112638875046376E+000  2.967190682329457E+004
    961  8.989708966567089E-002  7.341652527664349E+002
    962  1.010539307334605E+000  1.934424681764907E+004
    963  2.318056524240457E-001  2.694353232141889E+003
    964  2.660165475846378E+000  7.364611257089510E+004
    965  4.422126103244552E-002  1.260218642001360E+002
    966  6.149198377838911E+000  1.749789615358279E+005
    967  1.056892692716275E+000  1.810711919751712E+004
    968  1.455663389317017E+000  3.067625803801120E+004
    969  4.731601047498867E-002  1.321003212363460E+002
    970  3.649989834583656E+000  8.235162902348669E+004
    971  4.832972608624143E-002  1.671785196380541E+002
    972  1.051285599737185E+000  2.476573084042346E+004
    973  5.598622138623099E+000  1.153332413950483E+005
    974  5.802797037284724E-002  2.801225573102463E+002
    975  5.359292869220912E-001  9.519505980290658E+003
    976  1.003638945912597E+000  2.230801406489842E+004
    977  4.248434632395929E-001  6.884957336630688E+003
    978  1.257626958489262E-001  1.796860589930763E+003
    979  1.934994351689904E+000  3.966370164218459E+004
    980  7.462127694118140E-002  6.077447528811598E+002
    981  2.598075699564738E+000  7.512328738928291E+004
    982  1.456244838939052E-001  1.780972782783089E+003
    983  8.023090061831951E-001  1.451940931038932E+004
    984  7.294239279554929E-001  1.442797392346277E+004
    985  1.216945259752371E-001  1.405880566650262E+003
    986  6.676027480663508E-001  1.580430180977197E+004
    987  8.267193931142719E-002  6.023482412603036E+002
    988  5.296303178972053E-001  1.212574189103451E+004
    989  2.988759757187159E+000  8.278540664203653E+004
    990  1.347398630480251E-001  1.271438065945951E+003
    991  7.320664263880568E+000  1.955961318192973E+005
    992  3.196860313631053E+000  6.183739167169985E+004
    993  5.980061966560619E-002  4.114701432613245E+002
    994  1.927358982805364E-001  2.073546211328296E+003
    995  2.199263945372241E+000  2.977553387681830E+004
    996  4.862724912733154E-002  2.557845283223218E+002
    997  4.230221970551375E+000  1.077520488835555E+005
    998  9.357497283585989E+000  2.078312774942341E+005
    999  5.624154088576267E-002  5.794950904793492E+002
   1000  5.293868629127879E+000  1.221368579356402E+005
   1001  1.020279455022687E+001  2.462019884539880E+005
   1002  1.717622003640691E-001  2.561904634421388E+003
   1003  7.400485473191601E-002  5.744565569549000E+002
   1004  2.255646825434535E-001  2.536195113200229E+003
   1005  2.090656222128441E+000  4.601814921556329E+004
   1006  9.596005276414749E+000  2.171551912826324E+005
   1007  5.331538526665525E-002  3.542255937172297E+002
   1008  4.527850064748796E+000  9.502930571407937E+004
   1009  5.212435202604910E+000  1.113848253421116E+005
   1010  1.306530018614658E-001  1.366530369290867E+003
   1011  2.277052957773187E+000  4.275785354313965E+004
   1012  7.821549303301807E-002  6.162318746890953E+002
   1013  1.320440582603324E+000  2.997974935808717E+004
   1014  1.267854198802699E+000  2.189331753634184E+004
   1015  4.625683927607688E-002  2.836504808023688E+002
   1016  3.416455339873748E+000  8.196591100132219E+004
   1017  1.506748150719991E-001  1.487442757852871E+003
   1018  3.540344400838879E+000  8.480203071822583E+004
   1019  3.859018928127424E-002  3.682335245746614E+001
   1020  3.740868472458812E+000  1.027940598636141E+005
   1021  1.019641644790037E+000  2.485128854306452E+004
   1022  2.266083764052950E+000  5.638375451090964E+004
   1023  6.790212844272679E-002  3.878419745628115E+002
   1024  9.651301206880495E+000  2.400271239308108E+005
   1025  8.672419631350177E-002  7.253406269574083E+002
   1026  4.693023903855372E+000  1.001498304350327E+005
   1027  7.005072826320354E+000  1.608847581566894E+005
   1028  2.482976991442085E-001  2.928118470996136E+003
   1029  1.200615016289662E+001  1.978305153754079E+005
   1030  3.909043962095794E-002  4.784755452765403E+001
   1031  5.229292512985105E+000  1.170104685645095E+005
   1032  3.528237208346074E+000  6.654471249326727E+004
   1033  9.960631660384482E+000  1.564562228551632E+005
   1034  1.897177333185728E+000  4.067407391586701E+004
   1035  1.492663377278891E-001  1.493142650073953E+003
   1036  1.482978065236972E+001  2.315524813316120E+005
   1037  4.951509764934382E-002  1.965233797517697E+002
   1038  6.962451096407636E+001  8.710402052750912E+005
   1039  4.742119286678232E+001  7.486524810217194E+005
   1040  2.999578396421549E-001  3.900189173398762E+003
   1041  6.665186998728427E+001  8.359642525974362E+005
   1042  1.891665406573173E+001  4.986060379771412E+005
   1043  1.610915900194933E-001  1.612424209255017E+003
   1044  2.200637821192477E+001  4.903800412941871E+005
   1045  1.093100587906351E+001  2.562548554220855E+005
   1046  4.988619872277811E-001  7.210698768426669E+003
   1047  9.847012726489771E+001  1.197606336292654E+006
   1048  7.314153471138067E+001  1.199664995541859E+006
   1049  9.183876593668376E-002  1.058198245562685E+003
   1050  1.437277028802896E+001  3.039810011641143E+005
   1051  1.581394946503854E-001  1.528953108544912E+003
   1052  6.745092480991849E+001  1.381141424911454E+006
   1053  1.854553738922938E+001  2.831028423827350E+005
   1054  1.126408116914662E-001  1.124019753510104E+003
   1055  1.328516900530479E+001  3.242243062325641E+005
   1056  1.782246142135869E-001  3.154866293080138E+003
   1057  1.454524572543843E+001  2.974053762707571E+005
   1058  2.492115099974843E+001  4.774077606205342E+005
   1059  5.383484928009852E-002  4.166022784003748E+002
   1060  8.400764510563378E+001  1.772690461570495E+006
   1061  1.480514163392602E+001  2.500616013810511E+005
   1062  1.827138734387451E+001  3.528000961115861E+005
   1063  4.553002623840413E-001  6.369477919891222E+003
   1064  6.615152787780703E+000  1.102667940046201E+005
   1065  1.712454590411545E-001  2.056284983574986E+003
   1066  1.424389265919289E+001  3.661156843886112E+005
   1067  3.549817381418502E+001  7.957481044954533E+005
   1068  3.110037217739833E-001  3.807397303646094E+003
   1069  9.242606090127580E+001  1.578944665171189E+006
   1070  6.217201900474845E+002  1.300573594142632E+007
   1071  2.849618912665992E+001  6.477128242180949E+005
   1072  1.404158735532072E+002  1.991187100353244E+006
   1073  6.572446904872106E-002  5.696729662914621E+002
   1074  1.348527705911856E+002  3.097414445786072E+006
   1075  1.936011194213155E+001  2.679804174048346E+005
   1076  1.909252616355668E+000  4.499886603432408E+004
   1077  7.853956231250907E-001  1.667604082162409E+004
