# iRt, time, temperature
         1  0.000000000000000E+000     300.0
         2  1.250000000000000E-004     286.9
         3  2.500000000000000E-004     276.4
         4  3.750000000000000E-004     267.4
         5  5.000000000000000E-004     259.6
         6  6.250000000000000E-004     252.8
         7  7.500000000000000E-004     246.7
         8  8.750000000000000E-004     241.3
         9  1.000000000000000E-003     236.3
        10  1.125000000000000E-003     231.8
        11  1.250000000000000E-003     227.7
        12  1.375000000000000E-003     224.0
        13  1.500000000000000E-003     220.5
        14  1.625000000000001E-003     217.2
        15  1.750000000000001E-003     214.2
        16  1.875000000000001E-003     211.3
        17  2.000000000000001E-003     208.6
        18  2.125000000000001E-003     206.1
        19  2.250000000000001E-003     203.7
        20  2.375000000000001E-003     201.5
        21  2.500000000000001E-003     199.4
        22  2.625000000000001E-003     197.3
        23  2.750000000000002E-003     195.4
        24  2.875000000000002E-003     193.6
        25  3.000000000000002E-003     191.8
