# t, dt:    1.625000000000001E-003  1.250000000000000E-004
# j, New nj
      1  1.463271366471604E+000
      2  1.430242845315188E+000
      3  1.403013629525324E+000
      4  1.372949142798878E+000
      5  1.345339787478900E+000
      6  1.330456747302315E+000
      7  1.325082425066451E+000
      8  1.319630677733466E+000
      9  1.307464544842325E+000
     10  1.291975469534113E+000
     11  1.156771523420681E+000
     12  1.139076203310573E+000
     13  9.539536962241620E-001
     14  9.482955450675393E-001
     15  9.291838013793898E-001
     16  9.249883459028043E-001
     17  9.200466397597888E-001
     18  9.000094412776076E-001
     19  8.920845529424929E-001
     20  8.869044486419057E-001
     21  8.852413267537458E-001
     22  8.850208936782856E-001
     23  8.787372939794728E-001
     24  8.757644464315361E-001
     25  8.193746287292626E-001
     26  8.155645939874715E-001
     27  8.086447382722997E-001
     28  8.011715051689731E-001
     29  8.006517522697453E-001
     30  7.834649227818187E-001
     31  7.781230449399412E-001
     32  7.608560863398420E-001
     33  7.601579287490189E-001
     34  7.567020817694043E-001
     35  7.514489525782367E-001
     36  7.503461534850400E-001
     37  7.482918902070095E-001
     38  7.472487371632466E-001
     39  7.454418355391990E-001
     40  7.409197121856049E-001
     41  7.385707413424557E-001
     42  7.350904806249623E-001
     43  7.161459312322174E-001
     44  7.150852440586265E-001
     45  7.073460005276858E-001
     46  7.059298993265875E-001
     47  7.035104222207011E-001
     48  7.008390516884884E-001
     49  7.004720608760802E-001
     50  6.992729450561165E-001
     51  6.981437663853741E-001
     52  6.961164947756818E-001
     53  6.960927459943029E-001
     54  6.941490035321609E-001
     55  6.828566643147546E-001
     56  6.777290214207943E-001
     57  6.684031593479234E-001
     58  6.673943015419167E-001
     59  6.655940811830793E-001
     60  6.638083920692031E-001
     61  6.596293854616805E-001
     62  6.569631728094323E-001
     63  6.557693851060493E-001
     64  6.541443734037862E-001
     65  6.512692108208532E-001
     66  6.484380854724602E-001
     67  6.443535252653074E-001
     68  6.436075219547677E-001
     69  6.428743004903447E-001
     70  6.371889921052233E-001
     71  6.343576558820910E-001
     72  6.326215797082543E-001
     73  6.295263326550868E-001
     74  6.286641314790210E-001
     75  6.249001354115598E-001
     76  6.242735484055126E-001
     77  6.235833507648679E-001
     78  6.225077419433771E-001
     79  6.210389494097671E-001
     80  6.176804911577817E-001
     81  6.176220822711378E-001
     82  6.152004993128228E-001
     83  6.150404891062713E-001
     84  6.139251256060536E-001
     85  6.106862807475432E-001
     86  6.097828123705372E-001
     87  6.052613374172787E-001
     88  6.042409289732188E-001
     89  6.004833308902843E-001
     90  5.988862323594003E-001
     91  5.977394392416592E-001
     92  5.973174353902765E-001
     93  5.956881206698255E-001
     94  5.952814135994405E-001
     95  5.942590335639142E-001
     96  5.937630533706001E-001
     97  5.930939660133649E-001
     98  5.929540127367493E-001
     99  5.918992103553389E-001
    100  5.914439750851493E-001
    101  5.909372574874714E-001
    102  5.835288887200115E-001
    103  5.783691117868526E-001
    104  5.755606671524852E-001
    105  5.725748769397374E-001
    106  5.724874139202255E-001
    107  5.702939280953297E-001
    108  5.690005366515953E-001
    109  5.676988502060936E-001
    110  5.670802504768522E-001
    111  5.666361448525817E-001
    112  5.661919735061550E-001
    113  5.657475023832288E-001
    114  5.630206608171751E-001
    115  5.613878957935567E-001
    116  5.609511154965079E-001
    117  5.593986596019960E-001
    118  5.555754983270460E-001
    119  5.551586074155420E-001
    120  5.533455320956616E-001
    121  5.527455893400381E-001
    122  5.509948712457466E-001
    123  5.501287803432575E-001
    124  5.479356659833892E-001
    125  5.472901433713778E-001
    126  5.464989945076634E-001
    127  5.463998721241344E-001
    128  5.444200896181882E-001
    129  5.435793836144245E-001
    130  5.431950339210460E-001
    131  5.409333160219735E-001
    132  5.405151413746830E-001
    133  5.397456321384619E-001
    134  5.373259656602729E-001
    135  5.367699348166152E-001
    136  5.355533656258213E-001
    137  5.352322599665942E-001
    138  5.345096393246689E-001
    139  5.337843122896115E-001
    140  5.334811993189555E-001
    141  5.326691978768014E-001
    142  5.308088860838907E-001
    143  5.280035427508504E-001
    144  5.275861917276966E-001
    145  5.240981157281871E-001
    146  5.232367277849644E-001
    147  5.212676350285199E-001
    148  5.184295768437854E-001
    149  5.160241806391973E-001
    150  5.076020442098134E-001
    151  5.070459405976513E-001
    152  5.042759899933692E-001
    153  5.012641309214841E-001
    154  4.989170794700733E-001
    155  4.986403478556882E-001
    156  4.973594976684682E-001
    157  4.968148539689659E-001
    158  4.961363744129783E-001
    159  4.957771723635472E-001
    160  4.957059547842134E-001
    161  4.953782293978539E-001
    162  4.952562745657600E-001
    163  4.935433173727775E-001
    164  4.915996434972913E-001
    165  4.817606039305617E-001
    166  4.810730060312654E-001
    167  4.787749238086385E-001
    168  4.746885001633608E-001
    169  4.741952151696640E-001
    170  4.703757370258972E-001
    171  4.677516672816330E-001
    172  4.670273986785566E-001
    173  4.639003098495277E-001
    174  4.616878778346782E-001
    175  4.603338659825256E-001
    176  4.601064840733292E-001
    177  4.594921653710970E-001
    178  4.581768741802555E-001
    179  4.560268719328998E-001
    180  4.546546810040583E-001
    181  4.540438107830009E-001
    182  4.532250246911498E-001
    183  4.521544980833993E-001
    184  4.497617969721142E-001
    185  4.495619133774874E-001
    186  4.481754402007334E-001
    187  4.473743967256120E-001
    188  4.463048047326035E-001
    189  4.451088315374403E-001
    190  4.442868730923653E-001
    191  4.396732114126272E-001
    192  4.395973253157673E-001
    193  4.364419675069001E-001
    194  4.362789651778510E-001
    195  4.338896024275222E-001
    196  4.331872830525351E-001
    197  4.321249959052350E-001
    198  4.314717574448565E-001
    199  4.312288761537148E-001
    200  4.308249335672730E-001
    201  4.306452077856829E-001
    202  4.304744935069464E-001
    203  4.302791075193812E-001
    204  4.300312541646794E-001
    205  4.297292643499100E-001
    206  4.296055277550011E-001
    207  4.294845550249317E-001
    208  4.292409501710195E-001
    209  4.291598037196631E-001
    210  4.289233490104051E-001
    211  4.287052491168452E-001
    212  4.281535855305680E-001
    213  4.278365640309142E-001
    214  4.273567303612832E-001
    215  4.269807523620981E-001
    216  4.267659594927594E-001
    217  4.267311857871331E-001
    218  4.263012038608074E-001
    219  4.259810794929474E-001
    220  4.248398796057756E-001
    221  4.241746938632956E-001
    222  4.240469709078841E-001
    223  4.224717069736413E-001
    224  4.215943471579244E-001
    225  4.211714896837092E-001
    226  4.206142992658659E-001
    227  4.205499682543378E-001
    228  4.196880324827886E-001
    229  4.171188005559663E-001
    230  4.110724462522484E-001
    231  4.065769895854516E-001
    232  4.062176326625351E-001
    233  4.050395873825152E-001
    234  4.040853981178599E-001
    235  4.017601798374639E-001
    236  4.007370253589174E-001
    237  4.001756450092912E-001
    238  4.000456876766721E-001
    239  3.994989977489135E-001
    240  3.987081438615627E-001
    241  3.978535820750408E-001
    242  3.974330836007421E-001
    243  3.964391098154061E-001
    244  3.961312787888196E-001
    245  3.955703737788275E-001
    246  3.903146475570333E-001
    247  3.899990193949303E-001
    248  3.892587391211825E-001
    249  3.844632253409301E-001
    250  3.841053451254053E-001
    251  3.794448430046189E-001
    252  3.773742459681707E-001
    253  3.757597070959022E-001
    254  3.745745404396718E-001
    255  3.729617962995996E-001
    256  3.724788683072339E-001
    257  3.711212700040954E-001
    258  3.694045851813001E-001
    259  3.684358345429041E-001
    260  3.658380436906560E-001
    261  3.648398603677414E-001
    262  3.642644361378548E-001
    263  3.639107444936487E-001
    264  3.632327260475560E-001
    265  3.629406751953861E-001
    266  3.627691364809751E-001
    267  3.626755568639480E-001
    268  3.623851158726725E-001
    269  3.622125438651764E-001
    270  3.620591144403025E-001
    271  3.617325323361396E-001
    272  3.614729318178274E-001
    273  3.614107517797519E-001
    274  3.613704608439052E-001
    275  3.613008941658693E-001
    276  3.609029202353349E-001
    277  3.608629144738453E-001
    278  3.607213031474961E-001
    279  3.605373249311865E-001
    280  3.604030766496789E-001
    281  3.602044756445076E-001
    282  3.596227563529398E-001
    283  3.596119287290713E-001
    284  3.574983927031900E-001
    285  3.573844415768058E-001
    286  3.554399876676603E-001
    287  3.554013796833270E-001
    288  3.522287682471936E-001
    289  3.510163238697782E-001
    290  3.507436039547585E-001
    291  3.506092336036690E-001
    292  3.501267899986560E-001
    293  3.497031362404989E-001
    294  3.490913279236707E-001
    295  3.489846208280505E-001
    296  3.485913461323977E-001
    297  3.480322656537268E-001
    298  3.463259914968024E-001
    299  3.462667210298923E-001
    300  3.446506888833368E-001
    301  3.441471290790357E-001
    302  3.440265405288668E-001
    303  3.413137763620905E-001
    304  3.395470345265701E-001
    305  3.369284363993404E-001
    306  3.363759777786530E-001
    307  3.360860742078964E-001
    308  3.360219671298918E-001
    309  3.353212326493532E-001
    310  3.346462157878619E-001
    311  3.337628586328067E-001
    312  3.335836567985297E-001
    313  3.334458098226527E-001
    314  3.329486956664862E-001
    315  3.326585758311317E-001
    316  3.324310168623559E-001
    317  3.317486229851787E-001
    318  3.316582582796273E-001
    319  3.312428653163689E-001
    320  3.307627050136974E-001
    321  3.305441216633707E-001
    322  3.300718510714737E-001
    323  3.300367829144517E-001
    324  3.296277308830762E-001
    325  3.274993950295344E-001
    326  3.274387627979470E-001
    327  3.273508765721624E-001
    328  3.270106896223563E-001
    329  3.251796182775503E-001
    330  3.243018503728294E-001
    331  3.193266455176155E-001
    332  3.190002683843834E-001
    333  3.168800298164872E-001
    334  3.160901151119832E-001
    335  3.148151024077213E-001
    336  3.088103530377384E-001
    337  3.061247035105920E-001
    338  3.035846358322308E-001
    339  2.958956326578615E-001
    340  2.953537324489921E-001
    341  2.947953458386959E-001
    342  2.932724461396816E-001
    343  2.926735137356197E-001
    344  2.919421726088257E-001
    345  2.894097801756365E-001
    346  2.890324173094420E-001
    347  2.889615290196151E-001
    348  2.855340005494839E-001
    349  2.854101371500011E-001
    350  2.843967335560436E-001
    351  2.839180319033793E-001
    352  2.770512412521202E-001
    353  2.759008641864809E-001
    354  2.753734594915618E-001
    355  2.745166088662818E-001
    356  2.703400008683769E-001
    357  2.686811745905306E-001
    358  2.681190479165750E-001
    359  2.654555997524417E-001
    360  2.584126866377325E-001
    361  2.575252228539400E-001
    362  2.562737341421867E-001
    363  2.558827363820833E-001
    364  2.552812012188206E-001
    365  2.540227305258148E-001
    366  2.538789381152882E-001
    367  2.532992433394524E-001
    368  2.526961396954412E-001
    369  2.521858208091867E-001
    370  2.515660052686693E-001
    371  2.509490217674754E-001
    372  2.507475055686336E-001
    373  2.503225759994882E-001
    374  2.499512317406093E-001
    375  2.498383577080678E-001
    376  2.497768136890969E-001
    377  2.495010053176420E-001
    378  2.464012730223697E-001
    379  2.463450256679314E-001
    380  2.450763516781880E-001
    381  2.448656034814405E-001
    382  2.408656170191873E-001
    383  2.404381309273840E-001
    384  2.375251058943237E-001
    385  2.322730023334590E-001
    386  2.289318283696514E-001
    387  2.224107245114838E-001
    388  2.157403837451227E-001
    389  2.149953603638230E-001
    390  2.144979790566751E-001
    391  2.140166732550766E-001
    392  2.103735491618646E-001
    393  1.981081176556878E-001
    394  1.854216265486337E-001
    395  1.851383574992672E-001
    396  1.841189576275977E-001
    397  1.840633368878416E-001
    398  1.836053386063603E-001
    399  1.835175515134718E-001
    400  1.831903065170836E-001
    401  1.826920706818409E-001
    402  1.817488302901498E-001
    403  1.810800224641770E-001
    404  1.810316749055605E-001
    405  1.804289109656255E-001
    406  1.799643737535317E-001
    407  1.793771532136899E-001
    408  1.783680872231556E-001
    409  1.776819655818117E-001
    410  1.775308770320853E-001
    411  1.767675028567946E-001
    412  1.761168101360162E-001
    413  1.755011326019490E-001
    414  1.754542348702445E-001
    415  1.753578199833069E-001
    416  1.751888366018257E-001
    417  1.737274743357488E-001
    418  1.731281823559335E-001
    419  1.726522190989720E-001
    420  1.714586187293091E-001
    421  1.710553269577161E-001
    422  1.704640092698852E-001
    423  1.695504515233149E-001
    424  1.686502490986402E-001
    425  1.680632489685226E-001
    426  1.674964396804851E-001
    427  1.668436620670474E-001
    428  1.662238328463546E-001
    429  1.660189821738806E-001
    430  1.659154144721969E-001
    431  1.658068769331745E-001
    432  1.654381686378945E-001
    433  1.653607840667241E-001
    434  1.650585344876900E-001
    435  1.648575676885197E-001
    436  1.646950612677868E-001
    437  1.643294052575009E-001
    438  1.642549896779190E-001
    439  1.633835646635496E-001
    440  1.628389090919941E-001
    441  1.620180008446054E-001
    442  1.618220359094649E-001
    443  1.611461239884596E-001
    444  1.594866959995956E-001
    445  1.588305573338321E-001
    446  1.584085294414525E-001
    447  1.561600606061245E-001
    448  1.552377096323017E-001
    449  1.548242222456934E-001
    450  1.542444792282760E-001
    451  1.539994417162635E-001
    452  1.536575762525028E-001
    453  1.535053563889693E-001
    454  1.523475943108372E-001
    455  1.520831884509577E-001
    456  1.520426969491404E-001
    457  1.513322824602423E-001
    458  1.506646867051428E-001
    459  1.496587127518552E-001
    460  1.482151721881279E-001
    461  1.475788854646018E-001
    462  1.474360284018363E-001
    463  1.470914649261539E-001
    464  1.470084640043302E-001
    465  1.468030882166791E-001
    466  1.466020570549224E-001
    467  1.465170172063350E-001
    468  1.464963856143378E-001
    469  1.460929573160071E-001
    470  1.459934519677990E-001
    471  1.459363670307095E-001
    472  1.458886742540366E-001
    473  1.456453051596314E-001
    474  1.455488592731755E-001
    475  1.452890494159761E-001
    476  1.450943653510351E-001
    477  1.450269018931044E-001
    478  1.447329843005544E-001
    479  1.444025775376744E-001
    480  1.443452995771508E-001
    481  1.442046408486070E-001
    482  1.441498798900958E-001
    483  1.440132542209994E-001
    484  1.439114882716523E-001
    485  1.437755487594621E-001
    486  1.437115560266459E-001
    487  1.435372517002225E-001
    488  1.433573522028404E-001
    489  1.432161660311785E-001
    490  1.430388873310109E-001
    491  1.426520716797083E-001
    492  1.424655662184752E-001
    493  1.403540588199671E-001
    494  1.402340574262129E-001
    495  1.395615549102327E-001
    496  1.391865663475860E-001
    497  1.387937959353748E-001
    498  1.376197500755990E-001
    499  1.373923314334919E-001
    500  1.370588437383773E-001
    501  1.365516357755607E-001
    502  1.361420347343157E-001
    503  1.345295094672845E-001
    504  1.339475947216907E-001
    505  1.331172601603492E-001
    506  1.329522109665532E-001
    507  1.326530276702862E-001
    508  1.324833411755911E-001
    509  1.323084501631560E-001
    510  1.322119801031090E-001
    511  1.321175691278769E-001
    512  1.320032395557619E-001
    513  1.319383357508139E-001
    514  1.319150941143642E-001
    515  1.318613913823829E-001
    516  1.317715308917310E-001
    517  1.316979161457479E-001
    518  1.316831237150887E-001
    519  1.316778481611366E-001
    520  1.316331135695849E-001
    521  1.314771304249534E-001
    522  1.279218198715280E-001
    523  1.276360054228114E-001
    524  1.275502193284522E-001
    525  1.273050456374586E-001
    526  1.271071243075083E-001
    527  1.268291622626135E-001
    528  1.267977144930010E-001
    529  1.267202745835094E-001
    530  1.241132239383799E-001
    531  1.233897170945034E-001
    532  1.224875563725736E-001
    533  1.203324798043749E-001
    534  1.199171298983780E-001
    535  8.522194894242829E-002
    536  8.490756757958152E-002
    537  8.160720152250746E-002
    538  4.739968138261829E-002
    539  3.015904169285338E-002
    540  2.850742282581918E-002
    541  2.840811695663283E-002
    542  2.832405519085075E-002
    543  2.784502108936182E-002
    544  2.674187892470616E-002
    545  2.658803167827834E-002
    546  2.658583266968422E-002
    547  2.644179141455966E-002
    548  2.637652860954158E-002
    549  2.612473897609552E-002
    550  2.607770878905921E-002
    551  2.603035328140280E-002
    552  2.600728942063204E-002
    553  2.592861997703185E-002
    554  2.563709083631306E-002
    555  2.558838053852016E-002
    556  2.526117667708299E-002
    557  2.524082859102108E-002
    558  2.515562831754152E-002
    559  2.513464827205482E-002
    560  2.487052552720616E-002
    561  2.483240905327472E-002
    562  2.480535708561430E-002
    563  2.476101008675480E-002
    564  2.470741039278328E-002
    565  2.465183937189449E-002
    566  2.462089159983400E-002
    567  2.453423140088795E-002
    568  2.429599161594371E-002
    569  2.428373775286445E-002
    570  2.424579730995718E-002
    571  2.413233627760310E-002
    572  2.408076771733036E-002
    573  2.406635136310412E-002
    574  2.401709574973492E-002
    575  2.396982234589538E-002
    576  2.392227147152792E-002
    577  2.391533011454105E-002
    578  2.387853787716296E-002
    579  2.386877266147425E-002
    580  2.384697893188197E-002
    581  2.383817934933947E-002
    582  2.377641111357223E-002
    583  2.373908041885259E-002
    584  2.364596184971119E-002
    585  2.361986403542705E-002
    586  2.356100651072303E-002
    587  2.354832442477341E-002
    588  2.353005659234321E-002
    589  2.349084219998696E-002
    590  2.347918196748739E-002
    591  2.342946223516641E-002
    592  2.342605260438416E-002
    593  2.337362500709441E-002
    594  2.332030613769970E-002
    595  2.328179059291016E-002
    596  2.323339148656356E-002
    597  2.322864342244387E-002
    598  2.316855119433475E-002
    599  2.314587447587410E-002
    600  2.307617752229383E-002
    601  2.307371605213170E-002
    602  2.306428599441500E-002
    603  2.305225023194601E-002
    604  2.301739532171082E-002
    605  2.296981323889454E-002
    606  2.294690251809960E-002
    607  2.294457452084301E-002
    608  2.290099351990187E-002
    609  2.288295901868635E-002
    610  2.288139367686076E-002
    611  2.287642933198253E-002
    612  2.285757919534595E-002
    613  2.281758883758491E-002
    614  2.280326877793962E-002
    615  2.279124330298398E-002
    616  2.277027573090384E-002
    617  2.275659875638157E-002
    618  2.267714334426968E-002
    619  2.265913905470601E-002
    620  2.262348221602088E-002
    621  2.261305356185974E-002
    622  2.259573956681465E-002
    623  2.257380786343142E-002
    624  2.255575874429438E-002
    625  2.252781376808900E-002
    626  2.250202118797331E-002
    627  2.248889705225034E-002
    628  2.243724546424758E-002
    629  2.240198675788417E-002
    630  2.239972279727725E-002
    631  2.238932647214876E-002
    632  2.237818911736955E-002
    633  2.237510745072167E-002
    634  2.234775476409660E-002
    635  2.232428876348762E-002
    636  2.232352666130651E-002
    637  2.229974812426842E-002
    638  2.229454179038436E-002
    639  2.228243453421602E-002
    640  2.227416921314081E-002
    641  2.226548264704150E-002
    642  2.224844999773721E-002
    643  2.223406994163422E-002
    644  2.222049543630404E-002
    645  2.221575854398237E-002
    646  2.219330445144565E-002
    647  2.218014905576745E-002
    648  2.217028880232015E-002
    649  2.215205935998352E-002
    650  2.211195106546862E-002
    651  2.210698130845709E-002
    652  2.205291849160182E-002
    653  2.204328819541583E-002
    654  2.197622125391697E-002
    655  2.194937799228585E-002
    656  2.192817337649441E-002
    657  2.190477141315775E-002
    658  2.189906714875585E-002
    659  2.186630823170999E-002
    660  2.180669721975257E-002
    661  2.179799273524115E-002
    662  2.177727343648136E-002
    663  2.169107986714742E-002
    664  2.165528468149184E-002
    665  2.162987157077723E-002
    666  2.157041442856691E-002
    667  2.147223034347475E-002
    668  2.146240807805509E-002
    669  2.141368862299029E-002
    670  2.139622801791686E-002
    671  2.130088477429927E-002
    672  2.129612182585623E-002
    673  2.125281993982939E-002
    674  2.121190490137074E-002
    675  2.118864258455718E-002
    676  2.111000942511561E-002
    677  2.102408964800211E-002
    678  2.093410271251151E-002
    679  2.085897887044191E-002
    680  2.082091550662995E-002
    681  2.079536457321536E-002
    682  2.074729639358727E-002
    683  2.074290866605520E-002
    684  2.072791488649393E-002
    685  2.071650529853518E-002
    686  2.070812736478516E-002
    687  2.069650697306982E-002
    688  2.068357344212813E-002
    689  2.065833408085644E-002
    690  2.061678604643717E-002
    691  2.058797787207048E-002
    692  2.058438575039256E-002
    693  2.056909605841335E-002
    694  2.056831860892840E-002
    695  2.055388006588929E-002
    696  2.050189921270763E-002
    697  2.049763534618483E-002
    698  2.047003767683128E-002
    699  2.045458778688369E-002
    700  2.042276849153717E-002
    701  2.038849596713642E-002
    702  2.037856781777085E-002
    703  2.033704156996816E-002
    704  2.028396463040318E-002
    705  2.022648042597729E-002
    706  2.017099709358846E-002
    707  2.011029005372524E-002
    708  2.009771006714199E-002
    709  2.007413483210210E-002
    710  2.006493881523664E-002
    711  2.001326702150380E-002
    712  1.996694308484072E-002
    713  1.994751971574842E-002
    714  1.993930287955058E-002
    715  1.992094094216150E-002
    716  1.990726350381473E-002
    717  1.986534880294437E-002
    718  1.983640592946508E-002
    719  1.983260862901338E-002
    720  1.975204416811339E-002
    721  1.972331515453555E-002
    722  1.971714998073537E-002
    723  1.969874881440694E-002
    724  1.968288095025588E-002
    725  1.967241932738520E-002
    726  1.962607563649603E-002
    727  1.958683818803142E-002
    728  1.958170874750635E-002
    729  1.957055194778611E-002
    730  1.952790597113157E-002
    731  1.951977102851089E-002
    732  1.951872817278485E-002
    733  1.949061119222560E-002
    734  1.948953384248876E-002
    735  1.947592376239130E-002
    736  1.945650749763080E-002
    737  1.945538182484314E-002
    738  1.941829421198965E-002
    739  1.941701086325891E-002
    740  1.941600741988578E-002
    741  1.940893857058736E-002
    742  1.939759488711761E-002
    743  1.938415202477051E-002
    744  1.934247098197659E-002
    745  1.932852408472062E-002
    746  1.928633470181028E-002
    747  1.928144792450687E-002
    748  1.926543307828931E-002
    749  1.923718404977739E-002
    750  1.922910054906895E-002
    751  1.920343376269504E-002
    752  1.917092595767443E-002
    753  1.913149246213431E-002
    754  1.912237488457732E-002
    755  1.912208133411739E-002
    756  1.908906646395829E-002
    757  1.905921882253889E-002
    758  1.902579245518110E-002
    759  1.898642646768843E-002
    760  1.891004512861606E-002
    761  1.888493152515473E-002
    762  1.885213009001432E-002
    763  1.871259202499441E-002
    764  1.866627900123749E-002
    765  1.861521156754445E-002
    766  1.859663171130914E-002
    767  1.849869971424795E-002
    768  1.845080823529011E-002
    769  1.838592795486560E-002
    770  1.837537455706169E-002
    771  1.831711664290366E-002
    772  1.819276908691769E-002
    773  1.808901806909936E-002
    774  1.800774700632223E-002
    775  1.786980228294785E-002
    776  1.780031647991974E-002
    777  1.779386332054809E-002
    778  1.764006065685510E-002
    779  1.762899669700054E-002
    780  1.761357068262660E-002
    781  1.751719322452970E-002
    782  1.747661905271504E-002
    783  1.746953991310565E-002
    784  1.744840446635959E-002
    785  1.742344653188857E-002
    786  1.741317913606960E-002
    787  1.738908860876377E-002
    788  1.735622327786317E-002
    789  1.733485425794212E-002
    790  1.732322477917521E-002
    791  1.730635017393036E-002
    792  1.729525687382119E-002
    793  1.727270063256245E-002
    794  1.725072497201663E-002
    795  1.724169947494289E-002
    796  1.718256605712722E-002
    797  1.713238321220474E-002
    798  1.713182176603797E-002
    799  1.710598616133745E-002
    800  1.709644861820825E-002
    801  1.705973064113511E-002
    802  1.701937932235630E-002
    803  1.696558415951988E-002
    804  1.694450625570008E-002
    805  1.687584918560123E-002
    806  1.684794924770104E-002
    807  1.683981594563606E-002
    808  1.681582912791881E-002
    809  1.670586492561565E-002
    810  1.668978923347431E-002
    811  1.665468506732075E-002
    812  1.663279177907969E-002
    813  1.659047951091798E-002
    814  1.656918184368343E-002
    815  1.655299395166102E-002
    816  1.655240248751508E-002
    817  1.649974993852495E-002
    818  1.647281847816054E-002
    819  1.644841488848703E-002
    820  1.641651939598626E-002
    821  1.641341762716009E-002
    822  1.640365789296755E-002
    823  1.640047660668052E-002
    824  1.637605489469648E-002
    825  1.635826969908334E-002
    826  1.633604669094941E-002
    827  1.631400690370974E-002
    828  1.630124607154657E-002
    829  1.628363594860422E-002
    830  1.628280412060808E-002
    831  1.625952076131803E-002
    832  1.624199784223697E-002
    833  1.622461156536105E-002
    834  1.621295884757998E-002
    835  1.620632339977396E-002
    836  1.614699117724635E-002
    837  1.614573445841865E-002
    838  1.613057872981913E-002
    839  1.610900583856271E-002
    840  1.603878079869613E-002
    841  1.601743724914007E-002
    842  1.599921336912514E-002
    843  1.596018059500894E-002
    844  1.589261580025652E-002
    845  1.586505043604428E-002
    846  1.580782218052229E-002
    847  1.580435800495967E-002
    848  1.570773115824135E-002
    849  1.564922671606194E-002
    850  1.553318524951445E-002
    851  1.550739876925781E-002
    852  1.549615960505536E-002
    853  1.546067980039828E-002
    854  1.540621839521262E-002
    855  1.532959196892575E-002
    856  1.532563449180998E-002
    857  1.529446002678058E-002
    858  1.529089559364494E-002
    859  1.528681833017054E-002
    860  1.526007752600371E-002
    861  1.525948970825854E-002
    862  1.522099650283727E-002
    863  1.519631707005130E-002
    864  1.517607120053051E-002
    865  1.517179890786137E-002
    866  1.498317638412376E-002
    867  1.494671147995408E-002
    868  1.491610380771564E-002
    869  1.483801874145548E-002
    870  1.472427635524982E-002
    871  1.467095542425756E-002
    872  1.465240826670189E-002
    873  1.463107585128829E-002
    874  1.457571721249018E-002
    875  1.457358200165171E-002
    876  1.453026472699607E-002
    877  1.451490920997987E-002
    878  1.446744171189897E-002
    879  1.446355359898720E-002
    880  1.440263370775673E-002
    881  1.429058595493768E-002
    882  1.425976117211007E-002
    883  1.424878586680574E-002
    884  1.424414459078628E-002
    885  1.419668274061383E-002
    886  1.416385928292042E-002
    887  1.412451307467391E-002
    888  1.411914580836303E-002
    889  1.383448798043899E-002
    890  1.377674033835085E-002
    891  1.377306143739593E-002
    892  1.373372199053180E-002
    893  1.359959558449864E-002
    894  1.355336884989340E-002
    895  1.331078475341147E-002
    896  1.330868034737168E-002
    897  1.325250551917060E-002
    898  1.310537205657152E-002
    899  1.303723803579024E-002
    900  1.292141254799550E-002
    901  1.264382382436811E-002
    902  1.262094702622667E-002
    903  1.251200057819274E-002
    904  1.246123066467180E-002
    905  1.234967476402354E-002
    906  1.231034910499260E-002
    907  1.227028616739183E-002
    908  1.220163895702589E-002
    909  1.218774122569219E-002
    910  1.211515069931963E-002
    911  1.208848957238879E-002
    912  1.204515716631857E-002
    913  1.200296802340851E-002
    914  1.198675333611280E-002
    915  1.197460701290249E-002
    916  1.196480154083205E-002
    917  1.193396646960424E-002
    918  1.188194776166579E-002
    919  1.184567989787721E-002
    920  1.180110762120687E-002
    921  1.177517833929731E-002
    922  1.173627946242563E-002
    923  1.173341355129382E-002
    924  1.172092202083704E-002
    925  1.166690713305467E-002
    926  1.162582486453049E-002
    927  1.157698477574740E-002
    928  1.155066712749686E-002
    929  1.152743459483594E-002
    930  1.151817315811171E-002
    931  1.150981787610406E-002
    932  1.150422270227641E-002
    933  1.150108386105211E-002
    934  1.145782376708320E-002
    935  1.143946433742055E-002
    936  1.137918551469382E-002
    937  1.137869766256620E-002
    938  1.136772854198343E-002
    939  1.134581111727128E-002
    940  1.133514113025373E-002
    941  1.132763564886600E-002
    942  1.130120497664503E-002
    943  1.128677161579061E-002
    944  1.128642458413499E-002
    945  1.125912575206008E-002
    946  1.124888241030868E-002
    947  1.121595006635517E-002
    948  1.119584373878394E-002
    949  1.118377760948458E-002
    950  1.116298276463507E-002
    951  1.113245185130540E-002
    952  1.113074454314698E-002
    953  1.110443361396725E-002
    954  1.110393204385439E-002
    955  1.109625098783401E-002
    956  1.109496015775354E-002
    957  1.108909176871592E-002
    958  1.108508114839276E-002
    959  1.107257568417869E-002
    960  1.106994783386229E-002
    961  1.106539989864161E-002
    962  1.105105910853089E-002
    963  1.104061290797352E-002
    964  1.102668308523069E-002
    965  1.097689318861537E-002
    966  1.093653934483355E-002
    967  1.091283896715757E-002
    968  1.090651579898535E-002
    969  1.089337917140154E-002
    970  1.088534298923560E-002
    971  1.085940193773563E-002
    972  1.084475405335323E-002
    973  1.081349499921857E-002
    974  1.081009004158776E-002
    975  1.080673122424488E-002
    976  1.077659208416348E-002
    977  1.076958416028954E-002
    978  1.075746135636886E-002
    979  1.074567479838569E-002
    980  1.073614440823465E-002
    981  1.072226469974682E-002
    982  1.070156339189041E-002
    983  1.068373503349521E-002
    984  1.068081707244296E-002
    985  1.065510809261193E-002
    986  1.064282745912432E-002
    987  1.062620955117626E-002
    988  1.062578006200236E-002
    989  1.056453422369771E-002
    990  1.054977476706586E-002
    991  1.051012171730177E-002
    992  1.047806739512639E-002
    993  1.046058752588908E-002
    994  1.045139138007810E-002
    995  1.042652199143516E-002
    996  1.041968021400474E-002
    997  1.041186403468082E-002
    998  1.040119888705761E-002
    999  1.039751769921071E-002
   1000  1.039624944263056E-002
   1001  1.037660019819425E-002
   1002  1.037482256318961E-002
   1003  1.034402782127164E-002
   1004  1.034268760635233E-002
   1005  1.033779530349448E-002
   1006  1.031900987563521E-002
   1007  1.030077959883689E-002
   1008  1.029775056323166E-002
   1009  1.027746978457965E-002
   1010  1.025772576101910E-002
   1011  1.024169616001326E-002
   1012  1.023187568584444E-002
   1013  1.021987083093293E-002
   1014  1.020577460838156E-002
   1015  1.020165014025124E-002
   1016  1.019836337745118E-002
   1017  1.018981374938948E-002
   1018  1.017514373065189E-002
   1019  1.015959394712627E-002
   1020  1.014358147360551E-002
   1021  1.012614641711757E-002
   1022  1.009791521605604E-002
   1023  1.008582584131469E-002
   1024  1.006559170370742E-002
   1025  1.005307768414536E-002
   1026  1.004717990981752E-002
   1027  1.003199056951423E-002
   1028  9.996224047690129E-003
   1029  9.990214322133708E-003
   1030  9.951653873684031E-003
   1031  9.946473120060174E-003
   1032  9.930731305320913E-003
   1033  9.907793073940888E-003
   1034  9.905887176168013E-003
   1035  9.904246148809614E-003
   1036  9.885212904357357E-003
   1037  9.864070748057880E-003
   1038  9.829568034824529E-003
   1039  9.807380938905982E-003
   1040  9.788746134604306E-003
   1041  9.779040114385934E-003
   1042  9.732829432549883E-003
   1043  9.724433738210475E-003
   1044  9.701876354700935E-003
   1045  9.653382477439573E-003
   1046  9.636433916389381E-003
   1047  9.570224322269460E-003
   1048  9.549940760692857E-003
   1049  9.526783886249326E-003
   1050  9.502560835663719E-003
   1051  9.385494052939081E-003
   1052  9.361616388474266E-003
   1053  9.325083258340880E-003
   1054  9.321488655017829E-003
   1055  9.314415197410688E-003
   1056  9.297655498757860E-003
   1057  9.295681022948409E-003
   1058  9.246359899583247E-003
   1059  9.214540277517540E-003
   1060  9.182666490781531E-003
   1061  9.120606564700989E-003
   1062  9.110985517470501E-003
   1063  9.108627346747070E-003
   1064  9.090134028518588E-003
   1065  9.032131020427063E-003
   1066  9.020848357009901E-003
   1067  9.003793566889594E-003
   1068  8.995264364151901E-003
   1069  8.828857782224062E-003
   1070  8.731245947488812E-003
   1071  8.649391472208461E-003
   1072  8.616194119927704E-003
   1073  8.574394507828566E-003
   1074  8.508158527466945E-003
   1075  1.486065421588457E-003
   1076  1.452922592821593E-003
   1077  3.524927622466191E-010
