# t, dt:    2.125000000000001E-003  1.250000000000000E-004
# j, New nj
      1  1.367700386559538E+000
      2  1.336434456150151E+000
      3  1.310660496970193E+000
      4  1.282205169139829E+000
      5  1.256075865063067E+000
      6  1.241991609932469E+000
      7  1.236905900414727E+000
      8  1.231747016364194E+000
      9  1.220234778991603E+000
     10  1.205578893091531E+000
     11  1.077684388790816E+000
     12  1.060951107315551E+000
     13  8.859868524704774E-001
     14  8.806423016843229E-001
     15  8.625914070119833E-001
     16  8.586291673653598E-001
     17  8.539623178713582E-001
     18  8.350413810161288E-001
     19  8.275588004414262E-001
     20  8.226680674385946E-001
     21  8.210978945249352E-001
     22  8.208897826667950E-001
     23  8.149575662722428E-001
     24  8.121510698840150E-001
     25  7.589304480207140E-001
     26  7.553355398179455E-001
     27  7.488067422048901E-001
     28  7.417563421704526E-001
     29  7.412660163689916E-001
     30  7.250537332462388E-001
     31  7.200153502073637E-001
     32  7.037313965163111E-001
     33  7.030730503806526E-001
     34  6.998143446062445E-001
     35  6.948611293754459E-001
     36  6.938213297293720E-001
     37  6.918844554485020E-001
     38  6.909009301317146E-001
     39  6.891973412458898E-001
     40  6.849339367128187E-001
     41  6.827194448598443E-001
     42  6.794385440652670E-001
     43  6.615816477374559E-001
     44  6.605819824014290E-001
     45  6.532883936911082E-001
     46  6.519539162243964E-001
     47  6.496739545855478E-001
     48  6.471567091956785E-001
     49  6.468108989508701E-001
     50  6.456810008922630E-001
     51  6.446170194871164E-001
     52  6.427068402948862E-001
     53  6.426844635194160E-001
     54  6.408530385894255E-001
     55  6.302141819938302E-001
     56  6.253838265420611E-001
     57  6.165995619460087E-001
     58  6.156493646809570E-001
     59  6.139538540552192E-001
     60  6.122720740157281E-001
     61  6.083364181784081E-001
     62  6.058255927883294E-001
     63  6.047014120671854E-001
     64  6.031711838623508E-001
     65  6.004638167589188E-001
     66  5.977980342610084E-001
     67  5.939522271142523E-001
     68  5.932498562781395E-001
     69  5.925595277696843E-001
     70  5.872070795908131E-001
     71  5.845416933307922E-001
     72  5.829074325147036E-001
     73  5.799938271861896E-001
     74  5.791822499600672E-001
     75  5.756393922535615E-001
     76  5.750496394649717E-001
     77  5.744000226083895E-001
     78  5.733876702173804E-001
     79  5.720052869241531E-001
     80  5.688445369144640E-001
     81  5.687895680914794E-001
     82  5.665106558698347E-001
     83  5.663600762276265E-001
     84  5.653104607969685E-001
     85  5.622626537525063E-001
     86  5.614125057572777E-001
     87  5.571580805260601E-001
     88  5.561979873137806E-001
     89  5.526626485588459E-001
     90  5.511600901099613E-001
     91  5.500812082716944E-001
     92  5.496842005186924E-001
     93  5.481514220937620E-001
     94  5.477688194357041E-001
     95  5.468070457511228E-001
     96  5.463404736550127E-001
     97  5.457110652200516E-001
     98  5.455794125892316E-001
     99  5.445871816991740E-001
    100  5.441589572800831E-001
    101  5.436823094622001E-001
    102  5.367140905094889E-001
    103  5.318614527066564E-001
    104  5.292203875356187E-001
    105  5.264127067345115E-001
    106  5.263304635984931E-001
    107  5.242679342487060E-001
    108  5.230518039531211E-001
    109  5.218279061753706E-001
    110  5.212462852110908E-001
    111  5.208287319134364E-001
    112  5.204111205926003E-001
    113  5.199932312003233E-001
    114  5.174295523115121E-001
    115  5.158945538170706E-001
    116  5.154839357848268E-001
    117  5.140244990124302E-001
    118  5.104306134429325E-001
    119  5.100387410326436E-001
    120  5.083345124284324E-001
    121  5.077706012776533E-001
    122  5.061250698206700E-001
    123  5.053110382187491E-001
    124  5.032498163225861E-001
    125  5.026431336610513E-001
    126  5.018995984339689E-001
    127  5.018064424266285E-001
    128  4.999458692912845E-001
    129  4.991558094620343E-001
    130  4.987946187994414E-001
    131  4.966692431066382E-001
    132  4.962762887906184E-001
    133  4.955531986236655E-001
    134  4.932795746830980E-001
    135  4.927571213693529E-001
    136  4.916140411070632E-001
    137  4.913123376325529E-001
    138  4.906333879809296E-001
    139  4.899519067194826E-001
    140  4.896671201639184E-001
    141  4.889042225967686E-001
    142  4.871564623284804E-001
    143  4.845209881954166E-001
    144  4.841289232911021E-001
    145  4.808523297639790E-001
    146  4.800432093152990E-001
    147  4.781936597363900E-001
    148  4.755280525259857E-001
    149  4.732689599290685E-001
    150  4.653601335654540E-001
    151  4.648379814904163E-001
    152  4.622372525244061E-001
    153  4.594096016374273E-001
    154  4.572062497829220E-001
    155  4.569464700416093E-001
    156  4.557441058192538E-001
    157  4.552328481238047E-001
    158  4.545959687358799E-001
    159  4.542587953180547E-001
    160  4.541919456465369E-001
    161  4.538843218851779E-001
    162  4.537698480482441E-001
    163  4.521620065456694E-001
    164  4.503376946424540E-001
    165  4.411043413435793E-001
    166  4.404591646190261E-001
    167  4.383029516040184E-001
    168  4.344691420731278E-001
    169  4.340063809654671E-001
    170  4.304234690554448E-001
    171  4.279621552051247E-001
    172  4.272828420176921E-001
    173  4.243500182404131E-001
    174  4.222751942944775E-001
    175  4.210054666428825E-001
    176  4.207922438251236E-001
    177  4.202161861253761E-001
    178  4.189828499592512E-001
    179  4.169669194936488E-001
    180  4.156803663571547E-001
    181  4.151076377695920E-001
    182  4.143399921863130E-001
    183  4.133363589757743E-001
    184  4.110932905723509E-001
    185  4.109059147535618E-001
    186  4.096062330913175E-001
    187  4.088553599608019E-001
    188  4.078527876682274E-001
    189  4.067317936747571E-001
    190  4.059613912448879E-001
    191  4.016374945254507E-001
    192  4.015663799600624E-001
    193  3.986095808670803E-001
    194  3.984568442622407E-001
    195  3.962180566394252E-001
    196  3.955600308292048E-001
    197  3.945647691745027E-001
    198  3.939527648734437E-001
    199  3.937252183619761E-001
    200  3.933467836357982E-001
    201  3.931784087155490E-001
    202  3.930184771183243E-001
    203  3.928354332740531E-001
    204  3.926032380793716E-001
    205  3.923203291603599E-001
    206  3.922044115712404E-001
    207  3.920910836712868E-001
    208  3.918628747683516E-001
    209  3.917868572374595E-001
    210  3.915653490274824E-001
    211  3.913610370051652E-001
    212  3.908442554112915E-001
    213  3.905472837998809E-001
    214  3.900978031862283E-001
    215  3.897456138088818E-001
    216  3.895444132246860E-001
    217  3.895118401711807E-001
    218  3.891090728755958E-001
    219  3.888092138853671E-001
    220  3.877402845184911E-001
    221  3.871172436750385E-001
    222  3.869976146637251E-001
    223  3.855222210952446E-001
    224  3.847005206811395E-001
    225  3.843044982588069E-001
    226  3.837826769084144E-001
    227  3.837224301361703E-001
    228  3.829152301635846E-001
    229  3.805093009384634E-001
    230  3.748481443515051E-001
    231  3.706399031365895E-001
    232  3.703035363086618E-001
    233  3.692008894258256E-001
    234  3.683078073877216E-001
    235  3.661316352587043E-001
    236  3.651741267158332E-001
    237  3.646487808793799E-001
    238  3.645271670306234E-001
    239  3.640155822849369E-001
    240  3.632755316845174E-001
    241  3.624758914847767E-001
    242  3.620824277739652E-001
    243  3.611523846924822E-001
    244  3.608643602532727E-001
    245  3.603395542649164E-001
    246  3.554226516566357E-001
    247  3.551274045120205E-001
    248  3.544349411861006E-001
    249  3.499496955300479E-001
    250  3.496150058886284E-001
    251  3.452569649122510E-001
    252  3.433210252027412E-001
    253  3.418116049998984E-001
    254  3.407036691914399E-001
    255  3.391961112887978E-001
    256  3.387447016303006E-001
    257  3.374757588509297E-001
    258  3.358712889952057E-001
    259  3.349659174629700E-001
    260  3.325382791812446E-001
    261  3.316055522504583E-001
    262  3.310678811742760E-001
    263  3.307374020403112E-001
    264  3.301038965018916E-001
    265  3.298310253375649E-001
    266  3.296707537076145E-001
    267  3.295833211672806E-001
    268  3.293119611403127E-001
    269  3.291507282481433E-001
    270  3.290073812315160E-001
    271  3.287022634395561E-001
    272  3.284597282422508E-001
    273  3.284016361601925E-001
    274  3.283639941962086E-001
    275  3.282990014225698E-001
    276  3.279271977406766E-001
    277  3.278898230888705E-001
    278  3.277575258567111E-001
    279  3.275856496104605E-001
    280  3.274602330309327E-001
    281  3.272746987059522E-001
    282  3.267312627975416E-001
    283  3.267211478887074E-001
    284  3.247468318663231E-001
    285  3.246403923974819E-001
    286  3.228242061316781E-001
    287  3.227881466707214E-001
    288  3.198251900443134E-001
    289  3.186929881284511E-001
    290  3.184383267436779E-001
    291  3.183128551691662E-001
    292  3.178623685940814E-001
    293  3.174667864729036E-001
    294  3.168955316935890E-001
    295  3.167958994207868E-001
    296  3.164287039196711E-001
    297  3.159067100640969E-001
    298  3.143137118042520E-001
    299  3.142583786268138E-001
    300  3.127497619323588E-001
    301  3.122796982794359E-001
    302  3.121671329096583E-001
    303  3.096350417819981E-001
    304  3.079861570613440E-001
    305  3.055425215791669E-001
    306  3.050270186554949E-001
    307  3.047565136712510E-001
    308  3.046966968102722E-001
    309  3.040428706183727E-001
    310  3.034130635060966E-001
    311  3.025889041278841E-001
    312  3.024217161789842E-001
    313  3.022931117078054E-001
    314  3.018293364803119E-001
    315  3.015586792464298E-001
    316  3.013463889647160E-001
    317  3.007097978053116E-001
    318  3.006255001998184E-001
    319  3.002380020970749E-001
    320  2.997900968672629E-001
    321  2.995862008692184E-001
    322  2.991456720296061E-001
    323  2.991129612896223E-001
    324  2.987314119505236E-001
    325  2.967463135320853E-001
    326  2.966897652777076E-001
    327  2.966077991010727E-001
    328  2.962905310375749E-001
    329  2.945829248262323E-001
    330  2.937644049445695E-001
    331  2.891257892185250E-001
    332  2.888215388474962E-001
    333  2.868451825348242E-001
    334  2.861089351392933E-001
    335  2.849206198757532E-001
    336  2.793253946007782E-001
    337  2.768235681198296E-001
    338  2.744577429534140E-001
    339  2.672985168787601E-001
    340  2.667940887206289E-001
    341  2.662743330566660E-001
    342  2.648568901978557E-001
    343  2.642994717290396E-001
    344  2.636188525570227E-001
    345  2.612623531518314E-001
    346  2.609112356115848E-001
    347  2.608452785641517E-001
    348  2.576565655257212E-001
    349  2.575413465915307E-001
    350  2.565987062725625E-001
    351  2.561534544086632E-001
    352  2.497681622752979E-001
    353  2.486987607346419E-001
    354  2.482085106404357E-001
    355  2.474120643221057E-001
    356  2.435306223498113E-001
    357  2.419893694103253E-001
    358  2.414671295104560E-001
    359  2.389929819233698E-001
    360  2.324531563327603E-001
    361  2.316293510742350E-001
    362  2.304677355917605E-001
    363  2.301048413901105E-001
    364  2.295465656585572E-001
    365  2.283786892466781E-001
    366  2.282452560037478E-001
    367  2.277073403955989E-001
    368  2.271477311539900E-001
    369  2.266742377438144E-001
    370  2.260991769707401E-001
    371  2.255267741715739E-001
    372  2.253398253050410E-001
    373  2.249456239917370E-001
    374  2.246011449156865E-001
    375  2.244964390414555E-001
    376  2.244393491038963E-001
    377  2.241835053692514E-001
    378  2.213085752634877E-001
    379  2.212564144097341E-001
    380  2.200799820053430E-001
    381  2.198845696255144E-001
    382  2.161763627673172E-001
    383  2.157801399460564E-001
    384  2.130805718807641E-001
    385  2.082152081380836E-001
    386  2.051213556090916E-001
    387  1.990859569092313E-001
    388  1.929166981958313E-001
    389  1.922279180456860E-001
    390  1.917681164981717E-001
    391  1.913231999779132E-001
    392  1.879562931432779E-001
    393  1.766313254561711E-001
    394  1.649359147418775E-001
    395  1.646750018790159E-001
    396  1.637361402796837E-001
    397  1.636849177342299E-001
    398  1.632631507301604E-001
    399  1.631823113883388E-001
    400  1.628809744132874E-001
    401  1.624222106964768E-001
    402  1.615537861636430E-001
    403  1.609380976007741E-001
    404  1.608935922771957E-001
    405  1.603387566584223E-001
    406  1.599111897074278E-001
    407  1.593707444110171E-001
    408  1.584421639930609E-001
    409  1.578108476367376E-001
    410  1.576718361609905E-001
    411  1.569695289363194E-001
    412  1.563709520936322E-001
    413  1.558046396581545E-001
    414  1.557615043397800E-001
    415  1.556728253821405E-001
    416  1.555174036328352E-001
    417  1.541734878379376E-001
    418  1.536224461985007E-001
    419  1.531848399402650E-001
    420  1.520875712084797E-001
    421  1.517168738438553E-001
    422  1.511733892849016E-001
    423  1.503338308627200E-001
    424  1.495066648464798E-001
    425  1.489673539870421E-001
    426  1.484466418505153E-001
    427  1.478470119952378E-001
    428  1.472777067377692E-001
    429  1.470895666458054E-001
    430  1.469944498197364E-001
    431  1.468947704131670E-001
    432  1.465561669521350E-001
    433  1.464851033924806E-001
    434  1.462075511661009E-001
    435  1.460230133777252E-001
    436  1.458737963163565E-001
    437  1.455380573975369E-001
    438  1.454697328143254E-001
    439  1.446696978868578E-001
    440  1.441697215547511E-001
    441  1.434162407652285E-001
    442  1.432363873967542E-001
    443  1.426160926268643E-001
    444  1.410935147251197E-001
    445  1.404916071869619E-001
    446  1.401044971114410E-001
    447  1.380425476552777E-001
    448  1.371969482567429E-001
    449  1.368179140085747E-001
    450  1.362865249385671E-001
    451  1.360619418385937E-001
    452  1.357486302566244E-001
    453  1.356091306747354E-001
    454  1.345482450928454E-001
    455  1.343059954296789E-001
    456  1.342688980113158E-001
    457  1.336180775249521E-001
    458  1.330065627811052E-001
    459  1.320852406119035E-001
    460  1.307634812809586E-001
    461  1.301809901766007E-001
    462  1.300502210147192E-001
    463  1.297348278612666E-001
    464  1.296588568632445E-001
    465  1.294708810722637E-001
    466  1.292868891367261E-001
    467  1.292090593741676E-001
    468  1.291901772232290E-001
    469  1.288209727268241E-001
    470  1.287299131679930E-001
    471  1.286776742784008E-001
    472  1.286340306824570E-001
    473  1.284113303560941E-001
    474  1.283230783605561E-001
    475  1.280853499369861E-001
    476  1.279072202571152E-001
    477  1.278454949652188E-001
    478  1.275765864884946E-001
    479  1.272743125181438E-001
    480  1.272219135772374E-001
    481  1.270932389176733E-001
    482  1.270431445543274E-001
    483  1.269181641951433E-001
    484  1.268250745146904E-001
    485  1.267007277872945E-001
    486  1.266421934703305E-001
    487  1.264827606910823E-001
    488  1.263182160099099E-001
    489  1.261890845859649E-001
    490  1.260269475207528E-001
    491  1.256731906535035E-001
    492  1.255026346483631E-001
    493  1.235721541380759E-001
    494  1.234624662684154E-001
    495  1.228478130208165E-001
    496  1.225051190559249E-001
    497  1.221462037599117E-001
    498  1.210735343792083E-001
    499  1.208657840408718E-001
    500  1.205611564311266E-001
    501  1.200978844299506E-001
    502  1.197238015575124E-001
    503  1.182514309646710E-001
    504  1.177202229157634E-001
    505  1.169623613286510E-001
    506  1.168117347427289E-001
    507  1.165387094893146E-001
    508  1.163838671492108E-001
    509  1.162242818151407E-001
    510  1.161362570946581E-001
    511  1.160501130684579E-001
    512  1.159457970641163E-001
    513  1.158865790749065E-001
    514  1.158653737056951E-001
    515  1.158163764559440E-001
    516  1.157343909664480E-001
    517  1.156672287658101E-001
    518  1.156537330708236E-001
    519  1.156489199941005E-001
    520  1.156081072582220E-001
    521  1.154658023338804E-001
    522  1.122236542323675E-001
    523  1.119631329868441E-001
    524  1.118849420178907E-001
    525  1.116614837820150E-001
    526  1.114811022668805E-001
    527  1.112277877469146E-001
    528  1.111991295902738E-001
    529  1.111285600096806E-001
    530  1.087535790133449E-001
    531  1.080947467904359E-001
    532  1.072733980526499E-001
    533  1.053121274137503E-001
    534  1.049342551090145E-001
    535  7.353643090460625E-002
    536  7.325368346249822E-002
    537  7.028767205825487E-002
    538  3.985017233816872E-002
    539  2.481978942602736E-002
    540  2.339675407786808E-002
    541  2.331130720830547E-002
    542  2.323898743779295E-002
    543  2.282705055795710E-002
    544  2.187964216676928E-002
    545  2.174765221960497E-002
    546  2.174576587680908E-002
    547  2.162222049016855E-002
    548  2.156625403896094E-002
    549  2.135038937726786E-002
    550  2.131007979512083E-002
    551  2.126949470661293E-002
    552  2.124972949764110E-002
    553  2.118231753480095E-002
    554  2.093258683525155E-002
    555  2.089087297205768E-002
    556  2.061076037755137E-002
    557  2.059334621730407E-002
    558  2.052043764000353E-002
    559  2.050248607163318E-002
    560  2.027654806809648E-002
    561  2.024395116329820E-002
    562  2.022081791933683E-002
    563  2.018289747516833E-002
    564  2.013706932543835E-002
    565  2.008956046315456E-002
    566  2.006310466359627E-002
    567  1.998903100115077E-002
    568  1.978545486857233E-002
    569  1.977498638860888E-002
    570  1.974257538521678E-002
    571  1.964566401135227E-002
    572  1.960162422892951E-002
    573  1.958931336889794E-002
    574  1.954725403621193E-002
    575  1.950689102343436E-002
    576  1.946629477696862E-002
    577  1.946036894794173E-002
    578  1.942896077005123E-002
    579  1.942062493716955E-002
    580  1.940202182677211E-002
    581  1.939451073072827E-002
    582  1.934179054044919E-002
    583  1.930993122921001E-002
    584  1.923047062532765E-002
    585  1.920820322335040E-002
    586  1.915798844324236E-002
    587  1.914716937063813E-002
    588  1.913158557422316E-002
    589  1.909813470663209E-002
    590  1.908818872778347E-002
    591  1.904578119260009E-002
    592  1.904287316173723E-002
    593  1.899816077729140E-002
    594  1.895269300367740E-002
    595  1.891985176504132E-002
    596  1.887858660131032E-002
    597  1.887453860608873E-002
    598  1.882330984660138E-002
    599  1.880397947975302E-002
    600  1.874457300176320E-002
    601  1.874247510851384E-002
    602  1.873443803367588E-002
    603  1.872418038140766E-002
    604  1.869447617148212E-002
    605  1.865392889453727E-002
    606  1.863440680327286E-002
    607  1.863242318061534E-002
    608  1.859529071530554E-002
    609  1.857992567050385E-002
    610  1.857859205595932E-002
    611  1.857436264170240E-002
    612  1.855830349847948E-002
    613  1.852423622262554E-002
    614  1.851203781484140E-002
    615  1.850179429996695E-002
    616  1.848393434228754E-002
    617  1.847228484730647E-002
    618  1.840461432104899E-002
    619  1.838928195839368E-002
    620  1.835891843146507E-002
    621  1.835003834370345E-002
    622  1.833529574664905E-002
    623  1.831662199081165E-002
    624  1.830125469019131E-002
    625  1.827746302211475E-002
    626  1.825550505950212E-002
    627  1.824433255233154E-002
    628  1.820036475300525E-002
    629  1.817035388108738E-002
    630  1.816842695825069E-002
    631  1.815957845847403E-002
    632  1.815009946545076E-002
    633  1.814747670009712E-002
    634  1.812419792484522E-002
    635  1.810422800072680E-002
    636  1.810357945640406E-002
    637  1.808334457981638E-002
    638  1.807891426679531E-002
    639  1.806861182102216E-002
    640  1.806157874738892E-002
    641  1.805418736059272E-002
    642  1.803969469016199E-002
    643  1.802745944635732E-002
    644  1.801590993939388E-002
    645  1.801187975722192E-002
    646  1.799277619364965E-002
    647  1.798158421958372E-002
    648  1.797319579422366E-002
    649  1.795768789281860E-002
    650  1.792356959160442E-002
    651  1.791934224455593E-002
    652  1.787335847333887E-002
    653  1.786516785715910E-002
    654  1.780813167431811E-002
    655  1.778530543691248E-002
    656  1.776727494985277E-002
    657  1.774737697393115E-002
    658  1.774252696093463E-002
    659  1.771467504158785E-002
    660  1.766399819297631E-002
    661  1.765659882399007E-002
    662  1.763898664449826E-002
    663  1.756572722345522E-002
    664  1.753530739976886E-002
    665  1.751371198949533E-002
    666  1.746319143106514E-002
    667  1.737977884773227E-002
    668  1.737143528490350E-002
    669  1.733005296845891E-002
    670  1.731522298947016E-002
    671  1.723425414132347E-002
    672  1.723020971803852E-002
    673  1.719344216231969E-002
    674  1.715870447171645E-002
    675  1.713895568450271E-002
    676  1.707220670651523E-002
    677  1.699928558484388E-002
    678  1.692292747731808E-002
    679  1.685919309027697E-002
    680  1.682690455279152E-002
    681  1.680523164940180E-002
    682  1.676446244945169E-002
    683  1.676074120147060E-002
    684  1.674802519822618E-002
    685  1.673834918206600E-002
    686  1.673124434890377E-002
    687  1.672138999942642E-002
    688  1.671042238193654E-002
    689  1.668902035669572E-002
    690  1.665379184709386E-002
    691  1.662936738591071E-002
    692  1.662632198572452E-002
    693  1.661335966451946E-002
    694  1.661270056906480E-002
    695  1.660046027034607E-002
    696  1.655639673816920E-002
    697  1.655278254180960E-002
    698  1.652939067941501E-002
    699  1.651629595128696E-002
    700  1.648932860351932E-002
    701  1.646028429903719E-002
    702  1.645187109873947E-002
    703  1.641668346900649E-002
    704  1.637171314356175E-002
    705  1.632301488758446E-002
    706  1.627601781884138E-002
    707  1.622460293726249E-002
    708  1.621394942020745E-002
    709  1.619398528075027E-002
    710  1.618619814484355E-002
    711  1.614244586257797E-002
    712  1.610322628483139E-002
    713  1.608678299974022E-002
    714  1.607982707972395E-002
    715  1.606428336175223E-002
    716  1.605270559404467E-002
    717  1.601722768245095E-002
    718  1.599273157494862E-002
    719  1.598951781359098E-002
    720  1.592134065959281E-002
    721  1.589703206451708E-002
    722  1.589181571742282E-002
    723  1.587624696429317E-002
    724  1.586282211995286E-002
    725  1.585397144813242E-002
    726  1.581476672438277E-002
    727  1.578157696020261E-002
    728  1.577723835268091E-002
    729  1.576780183982147E-002
    730  1.573173384811357E-002
    731  1.572485410964344E-002
    732  1.572397217403441E-002
    733  1.570019467852632E-002
    734  1.569928363549510E-002
    735  1.568777469923684E-002
    736  1.567135659851954E-002
    737  1.567040477014622E-002
    738  1.563904626592924E-002
    739  1.563796121274861E-002
    740  1.563711281792866E-002
    741  1.563113628074925E-002
    742  1.562154569052293E-002
    743  1.561018067675019E-002
    744  1.557494457981715E-002
    745  1.556315502182022E-002
    746  1.552749402541819E-002
    747  1.552336366472790E-002
    748  1.550982807606418E-002
    749  1.548595356654815E-002
    750  1.547912214371065E-002
    751  1.545743185787438E-002
    752  1.542996237272001E-002
    753  1.539664353381756E-002
    754  1.538894020978514E-002
    755  1.538869219564417E-002
    756  1.536079982134229E-002
    757  1.533558520884285E-002
    758  1.530734957332120E-002
    759  1.527409966402038E-002
    760  1.520959453076753E-002
    761  1.518838840872405E-002
    762  1.516069262069807E-002
    763  1.504289949385439E-002
    764  1.500381279567700E-002
    765  1.496071882602758E-002
    766  1.494504133535841E-002
    767  1.486241954784069E-002
    768  1.482202269092244E-002
    769  1.476730353176343E-002
    770  1.475840379813814E-002
    771  1.470927895031336E-002
    772  1.460445000672629E-002
    773  1.451701048897097E-002
    774  1.444853322743619E-002
    775  1.433233744022149E-002
    776  1.427382310987179E-002
    777  1.426838942129328E-002
    778  1.413891221151038E-002
    779  1.412960018572832E-002
    780  1.411661728175844E-002
    781  1.403551592091182E-002
    782  1.400137919061207E-002
    783  1.399542360230658E-002
    784  1.397764330648719E-002
    785  1.395664864029557E-002
    786  1.394801209978089E-002
    787  1.392774901882393E-002
    788  1.390010740324645E-002
    789  1.388213617262739E-002
    790  1.387235628545680E-002
    791  1.385816602876898E-002
    792  1.384883776684306E-002
    793  1.382987129129367E-002
    794  1.381139412972789E-002
    795  1.380380580479855E-002
    796  1.375409315015801E-002
    797  1.371191149427999E-002
    798  1.371143959867645E-002
    799  1.368972556381654E-002
    800  1.368170994460666E-002
    801  1.365085311057510E-002
    802  1.361694655258349E-002
    803  1.357174929799110E-002
    804  1.355404206550544E-002
    805  1.349637155872810E-002
    806  1.347293938094704E-002
    807  1.346610885382831E-002
    808  1.344596510822723E-002
    809  1.335363647436714E-002
    810  1.334014135079153E-002
    811  1.331067447412876E-002
    812  1.329229847200193E-002
    813  1.325678718818178E-002
    814  1.323891439502048E-002
    815  1.322533040763265E-002
    816  1.322483409548937E-002
    817  1.318065543611478E-002
    818  1.315806091693162E-002
    819  1.313758871144724E-002
    820  1.311083372339761E-002
    821  1.310823198996538E-002
    822  1.310004577322589E-002
    823  1.309737744145180E-002
    824  1.307689433942472E-002
    825  1.306197836747069E-002
    826  1.304334160796204E-002
    827  1.302485969748968E-002
    828  1.301415938781628E-002
    829  1.299939347105901E-002
    830  1.299869601023318E-002
    831  1.297917435855723E-002
    832  1.296448335895318E-002
    833  1.294990766678998E-002
    834  1.294013909081719E-002
    835  1.293457668634253E-002
    836  1.288484414386640E-002
    837  1.288379085068794E-002
    838  1.287108869546355E-002
    839  1.285300924140444E-002
    840  1.279416421949002E-002
    841  1.277628184634775E-002
    842  1.276101414356935E-002
    843  1.272831585105400E-002
    844  1.267172494118883E-002
    845  1.264864005238110E-002
    846  1.260071981526592E-002
    847  1.259781934468185E-002
    848  1.251692831279252E-002
    849  1.246796297742263E-002
    850  1.237086798219855E-002
    851  1.234929645992484E-002
    852  1.233989494417673E-002
    853  1.231021837762625E-002
    854  1.226467128838496E-002
    855  1.220060027172210E-002
    856  1.219729165295818E-002
    857  1.217122991321524E-002
    858  1.216825022248571E-002
    859  1.216484187173662E-002
    860  1.214248922639757E-002
    861  1.214199789051284E-002
    862  1.210982477448838E-002
    863  1.208919944355642E-002
    864  1.207228057432694E-002
    865  1.206871048536077E-002
    866  1.191113875721309E-002
    867  1.188068762776676E-002
    868  1.185513051825892E-002
    869  1.178994169381800E-002
    870  1.169501416619151E-002
    871  1.165052554109154E-002
    872  1.163505243939381E-002
    873  1.161725688379994E-002
    874  1.157108240658072E-002
    875  1.156930160273747E-002
    876  1.153317694509051E-002
    877  1.152037238159626E-002
    878  1.148079461479928E-002
    879  1.147755303554576E-002
    880  1.142676868998205E-002
    881  1.133338999495486E-002
    882  1.130770733615500E-002
    883  1.129856355511195E-002
    884  1.129469690296621E-002
    885  1.125515988256424E-002
    886  1.122782078027080E-002
    887  1.119505282870925E-002
    888  1.119058325267565E-002
    889  1.095365381944555E-002
    890  1.090561733272653E-002
    891  1.090255742583035E-002
    892  1.086983952284632E-002
    893  1.075832326343675E-002
    894  1.071990146313378E-002
    895  1.051838011461440E-002
    896  1.051663270193490E-002
    897  1.046999239414949E-002
    898  1.034787747411506E-002
    899  1.029135149803454E-002
    900  1.019529233196438E-002
    901  9.965247270934603E-003
    902  9.946299581106892E-003
    903  9.856087827862703E-003
    904  9.814061513987631E-003
    905  9.721747215742338E-003
    906  9.689214300058105E-003
    907  9.656076682530818E-003
    908  9.599308211790234E-003
    909  9.587817248541160E-003
    910  9.527808175021208E-003
    911  9.505772391912351E-003
    912  9.469962650355842E-003
    913  9.435103759687280E-003
    914  9.421707927300696E-003
    915  9.411673772736152E-003
    916  9.403573773967862E-003
    917  9.378103991834351E-003
    918  9.335143832211412E-003
    919  9.305197115082525E-003
    920  9.268399526398980E-003
    921  9.246996192675888E-003
    922  9.214891441287927E-003
    923  9.212526300035551E-003
    924  9.202217786129452E-003
    925  9.157648740666591E-003
    926  9.123757505515837E-003
    927  9.083474031757827E-003
    928  9.061770603700007E-003
    929  9.042613403131654E-003
    930  9.034977089008273E-003
    931  9.028088183758904E-003
    932  9.023475116918421E-003
    933  9.020887276991371E-003
    934  8.985224725891553E-003
    935  8.970091665621596E-003
    936  8.920414267403956E-003
    937  8.920012268056421E-003
    938  8.910973729875017E-003
    939  8.892915091742856E-003
    940  8.884124285906132E-003
    941  8.877940901894688E-003
    942  8.856167622506069E-003
    943  8.844278645740040E-003
    944  8.843992799745499E-003
    945  8.821508421417178E-003
    946  8.813072299344520E-003
    947  8.785952730877997E-003
    948  8.769397229313577E-003
    949  8.759462710387342E-003
    950  8.742342735690155E-003
    951  8.717210099991386E-003
    952  8.715804767125454E-003
    953  8.694148852911268E-003
    954  8.693736046748684E-003
    955  8.687414438666798E-003
    956  8.686352090037061E-003
    957  8.681522503234503E-003
    958  8.678221901706777E-003
    959  8.667930715999401E-003
    960  8.665768238492058E-003
    961  8.662025768669368E-003
    962  8.650225311272462E-003
    963  8.641630029537394E-003
    964  8.630168997919399E-003
    965  8.589209237158418E-003
    966  8.556018784123286E-003
    967  8.536528380342363E-003
    968  8.531328769449429E-003
    969  8.520526851331423E-003
    970  8.513919217863623E-003
    971  8.492591210472179E-003
    972  8.480549239687380E-003
    973  8.454853974454517E-003
    974  8.452055285382705E-003
    975  8.449294563743754E-003
    976  8.424524117506013E-003
    977  8.418765006934252E-003
    978  8.408802925872615E-003
    979  8.399117691076624E-003
    980  8.391286775114262E-003
    981  8.379882732305352E-003
    982  8.362875185410205E-003
    983  8.348229266344036E-003
    984  8.345832288932167E-003
    985  8.324714885500356E-003
    986  8.314628438715731E-003
    987  8.300980576260908E-003
    988  8.300627861771877E-003
    989  8.250337444240682E-003
    990  8.238220254694088E-003
    991  8.205670126840406E-003
    992  8.179362029487233E-003
    993  8.165017369408755E-003
    994  8.157471130691669E-003
    995  8.137065277379138E-003
    996  8.131451878167970E-003
    997  8.125039245202127E-003
    998  8.116289615746050E-003
    999  8.113269692199635E-003
   1000  8.112229269121305E-003
   1001  8.096110678376905E-003
   1002  8.094652530321662E-003
   1003  8.069394364217726E-003
   1004  8.068295190525369E-003
   1005  8.064282841249734E-003
   1006  8.048877126607307E-003
   1007  8.033928012854536E-003
   1008  8.031444282889400E-003
   1009  8.014815507618940E-003
   1010  7.998628394204323E-003
   1011  7.985487680665039E-003
   1012  7.977437575701655E-003
   1013  7.967597395583000E-003
   1014  7.956043687347517E-003
   1015  7.952663292787033E-003
   1016  7.949969526043163E-003
   1017  7.942962619048298E-003
   1018  7.930940382481105E-003
   1019  7.918198107304071E-003
   1020  7.905077691035850E-003
   1021  7.890792796216265E-003
   1022  7.867664988479094E-003
   1023  7.857762006770132E-003
   1024  7.841188580117156E-003
   1025  7.830939393371870E-003
   1026  7.826109239086800E-003
   1027  7.813670133684811E-003
   1028  7.784383316127252E-003
   1029  7.779462862713085E-003
   1030  7.747895054649651E-003
   1031  7.743654252926098E-003
   1032  7.730769172259008E-003
   1033  7.711995455009465E-003
   1034  7.710435676511362E-003
   1035  7.709092678754314E-003
   1036  7.693516899991480E-003
   1037  7.676217047800903E-003
   1038  7.647988697963046E-003
   1039  7.629838953507073E-003
   1040  7.614596671707323E-003
   1041  7.606658232734200E-003
   1042  7.568868440023762E-003
   1043  7.562003633983323E-003
   1044  7.543560870498491E-003
   1045  7.503919830590129E-003
   1046  7.490067660070312E-003
   1047  7.435965756685581E-003
   1048  7.419395152810550E-003
   1049  7.400479344863160E-003
   1050  7.380695074789103E-003
   1051  7.285115832178861E-003
   1052  7.265628165864803E-003
   1053  7.235816584521750E-003
   1054  7.232883648540167E-003
   1055  7.227112384044719E-003
   1056  7.213438946139536E-003
   1057  7.211828146460829E-003
   1058  7.171596960697968E-003
   1059  7.145647405129295E-003
   1060  7.119658157866499E-003
   1061  7.069068662903779E-003
   1062  7.061227392525508E-003
   1063  7.059305517783560E-003
   1064  7.044234594772850E-003
   1065  6.996975634399031E-003
   1066  6.987784645486289E-003
   1067  6.973892705022574E-003
   1068  6.966945755190998E-003
   1069  6.831475491792503E-003
   1070  6.752069715792388E-003
   1071  6.685516531441066E-003
   1072  6.658533823950743E-003
   1073  6.624566632044502E-003
   1074  6.570758963696671E-003
   1075  1.046946884071727E-003
   1076  1.022368759558125E-003
   1077  1.095073349724613E-010
