# t, dt:    1.250000000000000E-003  1.250000000000000E-004
# j, New nj
      1  1.554509299537568E+000
      2  1.519805353233608E+000
      3  1.491192932357012E+000
      4  1.459599050898357E+000
      5  1.430583098183381E+000
      6  1.414940952872760E+000
      7  1.409292361338036E+000
      8  1.403562308947776E+000
      9  1.390774798754971E+000
     10  1.374493995146511E+000
     11  1.232345721739596E+000
     12  1.213736618307602E+000
     13  1.018968755343190E+000
     14  1.013012946193714E+000
     15  9.928943368414471E-001
     16  9.884775443860291E-001
     17  9.832749866832577E-001
     18  9.621784641294534E-001
     19  9.538338557848756E-001
     20  9.483791661545729E-001
     21  9.466278461087489E-001
     22  9.463957216310321E-001
     23  9.397787051706853E-001
     24  9.366480156186640E-001
     25  8.772515524190925E-001
     26  8.732374564237364E-001
     27  8.659466676633326E-001
     28  8.580723772016059E-001
     29  8.575247132872165E-001
     30  8.394135906975695E-001
     31  8.337838859156586E-001
     32  8.155847293605710E-001
     33  8.148488199208020E-001
     34  8.112060328856476E-001
     35  8.056685160950705E-001
     36  8.045059801057358E-001
     37  8.023404080825455E-001
     38  8.012407162897716E-001
     39  7.993358548034918E-001
     40  7.945684220531265E-001
     41  7.920919448832840E-001
     42  7.884226642399550E-001
     43  7.684469439901421E-001
     44  7.673284074075868E-001
     45  7.591666894972857E-001
     46  7.576732123784055E-001
     47  7.551214819847695E-001
     48  7.523040113091183E-001
     49  7.519169429531928E-001
     50  7.506522143626526E-001
     51  7.494612344784721E-001
     52  7.473229707770364E-001
     53  7.472979214775297E-001
     54  7.452477144084085E-001
     55  7.333359722223258E-001
     56  7.279265606564119E-001
     57  7.180873975062376E-001
     58  7.170229458469740E-001
     59  7.151234907542479E-001
     60  7.132393268773762E-001
     61  7.088297010334622E-001
     62  7.060162339955443E-001
     63  7.047564833558956E-001
     64  7.030416510918321E-001
     65  7.000074813520030E-001
     66  6.970196760580302E-001
     67  6.927088772624046E-001
     68  6.919215291999243E-001
     69  6.911476639343781E-001
     70  6.851469563326928E-001
     71  6.821583800881431E-001
     72  6.803258339027972E-001
     73  6.770584842872563E-001
     74  6.761483184105304E-001
     75  6.721748036642288E-001
     76  6.715133184278982E-001
     77  6.707846730863577E-001
     78  6.696491332106702E-001
     79  6.680984746867962E-001
     80  6.645527065562001E-001
     81  6.644910385737933E-001
     82  6.619342914043137E-001
     83  6.617653468983917E-001
     84  6.605876954753156E-001
     85  6.571678694328965E-001
     86  6.562138883197509E-001
     87  6.514394303855153E-001
     88  6.503618849319026E-001
     89  6.463937427869644E-001
     90  6.447070891102460E-001
     91  6.434959661996906E-001
     92  6.430502846225566E-001
     93  6.413295259170655E-001
     94  6.408999861168432E-001
     95  6.398201974542815E-001
     96  6.392963609539605E-001
     97  6.385896885899870E-001
     98  6.384418727282279E-001
     99  6.373278012804856E-001
    100  6.368469808910143E-001
    101  6.363117808072845E-001
    102  6.284865085565916E-001
    103  6.230358274277309E-001
    104  6.200688554609869E-001
    105  6.169143790828332E-001
    106  6.168219724053022E-001
    107  6.145044611109757E-001
    108  6.131378986005882E-001
    109  6.117625422123968E-001
    110  6.111089219085509E-001
    111  6.106396701221323E-001
    112  6.101703454063527E-001
    113  6.097007004427317E-001
    114  6.068193398870126E-001
    115  6.050939891257310E-001
    116  6.046324331343295E-001
    117  6.029918886888961E-001
    118  5.989516091189080E-001
    119  5.985110267006675E-001
    120  5.965948788262869E-001
    121  5.959608162037451E-001
    122  5.941104932781400E-001
    123  5.931951061319094E-001
    124  5.908771009837501E-001
    125  5.901948006873114E-001
    126  5.893585665529880E-001
    127  5.892537946373597E-001
    128  5.871611342669790E-001
    129  5.862724725514123E-001
    130  5.858661942010802E-001
    131  5.834753788834072E-001
    132  5.830333242782507E-001
    133  5.822198631865386E-001
    134  5.796619181557109E-001
    135  5.790740952116428E-001
    136  5.777879452199229E-001
    137  5.774484692895270E-001
    138  5.766845004842952E-001
    139  5.759176600313083E-001
    140  5.755971955796761E-001
    141  5.747387027054968E-001
    142  5.727718284980268E-001
    143  5.698056579774211E-001
    144  5.693643670958302E-001
    145  5.656760712147630E-001
    146  5.647652001407928E-001
    147  5.626829336874640E-001
    148  5.596816160882655E-001
    149  5.571377170223613E-001
    150  5.482296601987442E-001
    151  5.476414177943952E-001
    152  5.447112827417139E-001
    153  5.415250569720506E-001
    154  5.390419860601028E-001
    155  5.387492087436959E-001
    156  5.373940685528664E-001
    157  5.368178239345501E-001
    158  5.360999686801733E-001
    159  5.357199160125005E-001
    160  5.356445641126050E-001
    161  5.352978121270161E-001
    162  5.351687763924770E-001
    163  5.333563259403906E-001
    164  5.312996761506892E-001
    165  5.208873820334576E-001
    166  5.201596360759305E-001
    167  5.177272882057289E-001
    168  5.134017954267627E-001
    169  5.128796237333305E-001
    170  5.088362716589206E-001
    171  5.060581821175124E-001
    172  5.052913716854718E-001
    173  5.019804503593733E-001
    174  4.996378029098119E-001
    175  4.982040359135921E-001
    176  4.979632558417504E-001
    177  4.973127324537925E-001
    178  4.959198914483357E-001
    179  4.936430256940041E-001
    180  4.921898023356580E-001
    181  4.915428419096926E-001
    182  4.906756661437512E-001
    183  4.895418447798126E-001
    184  4.870075625952861E-001
    185  4.867958443782050E-001
    186  4.853272512037572E-001
    187  4.844787381818237E-001
    188  4.833457347865629E-001
    189  4.820788198402779E-001
    190  4.812080819260101E-001
    191  4.763202662694338E-001
    192  4.762398657865250E-001
    193  4.728966522192504E-001
    194  4.727239376442752E-001
    195  4.701921194293290E-001
    196  4.694478954808045E-001
    197  4.683221983105287E-001
    198  4.676299501843388E-001
    199  4.673725614406394E-001
    200  4.669444872279854E-001
    201  4.667540230254379E-001
    202  4.665731078626487E-001
    203  4.663660456886745E-001
    204  4.661033790810289E-001
    205  4.657833380041240E-001
    206  4.656522043404841E-001
    207  4.655239993249616E-001
    208  4.652658293651993E-001
    209  4.651798307823637E-001
    210  4.649292361983061E-001
    211  4.646980925520264E-001
    212  4.641134296171168E-001
    213  4.637774404194331E-001
    214  4.632688920818984E-001
    215  4.628704095879660E-001
    216  4.626427581833146E-001
    217  4.626059026249080E-001
    218  4.621501752589656E-001
    219  4.618108796004960E-001
    220  4.606013113058586E-001
    221  4.598962564683057E-001
    222  4.597608766604047E-001
    223  4.580911361876110E-001
    224  4.571611235178659E-001
    225  4.567128806598416E-001
    226  4.561222319835771E-001
    227  4.560540373920999E-001
    228  4.551403232113725E-001
    229  4.524166138215466E-001
    230  4.460058902037347E-001
    231  4.412387587336531E-001
    232  4.408576560406864E-001
    233  4.396082936456584E-001
    234  4.385963052986875E-001
    235  4.361301113666441E-001
    236  4.350448662559938E-001
    237  4.344494031671705E-001
    238  4.343115542863270E-001
    239  4.337316607725643E-001
    240  4.328927557611837E-001
    241  4.319862479477247E-001
    242  4.315401795211129E-001
    243  4.304857392527520E-001
    244  4.301591749847387E-001
    245  4.295641273101908E-001
    246  4.239879461018263E-001
    247  4.236530422001814E-001
    248  4.228675382877657E-001
    249  4.177785888943683E-001
    250  4.173987766000650E-001
    251  4.124522318082854E-001
    252  4.102542897794347E-001
    253  4.085403416805554E-001
    254  4.072821395511891E-001
    255  4.055699240167888E-001
    256  4.050571902959844E-001
    257  4.036157541973973E-001
    258  4.017929533933174E-001
    259  4.007642688437613E-001
    260  3.980055763652859E-001
    261  3.969454960699679E-001
    262  3.963343718087844E-001
    263  3.959587300746243E-001
    264  3.952386196953517E-001
    265  3.949284323533815E-001
    266  3.947462393940447E-001
    267  3.946468470566655E-001
    268  3.943383629867310E-001
    269  3.941550686552914E-001
    270  3.939921052637720E-001
    271  3.936452264454404E-001
    272  3.933694889381897E-001
    273  3.933034433272901E-001
    274  3.932606475233277E-001
    275  3.931867557620764E-001
    276  3.927640352814677E-001
    277  3.927215415494479E-001
    278  3.925711228441445E-001
    279  3.923757010524367E-001
    280  3.922331015556328E-001
    281  3.920221447714509E-001
    282  3.914042250076849E-001
    283  3.913927234470811E-001
    284  3.891475430473563E-001
    285  3.890264890521939E-001
    286  3.869607485753051E-001
    287  3.869197307859976E-001
    288  3.835488779230179E-001
    289  3.822605602644389E-001
    290  3.819707651662964E-001
    291  3.818279806153882E-001
    292  3.813153202259018E-001
    293  3.808651235549477E-001
    294  3.802149702636322E-001
    295  3.801015736551239E-001
    296  3.796836401242313E-001
    297  3.790894929658052E-001
    298  3.772761131430276E-001
    299  3.772131198700623E-001
    300  3.754955241257744E-001
    301  3.749602931568928E-001
    302  3.748321185682740E-001
    303  3.719485264357703E-001
    304  3.700703507867474E-001
    305  3.672863272075709E-001
    306  3.666989275783793E-001
    307  3.663906829931777E-001
    308  3.663225195951951E-001
    309  3.655774342756035E-001
    310  3.648596726314183E-001
    311  3.639203455119816E-001
    312  3.637297848847225E-001
    313  3.635831993844305E-001
    314  3.630545642626717E-001
    315  3.627460431452041E-001
    316  3.625040481242214E-001
    317  3.617783493287517E-001
    318  3.616822483942245E-001
    319  3.612404818506437E-001
    320  3.607298255972622E-001
    321  3.604973559296942E-001
    322  3.599950747914998E-001
    323  3.599577777938975E-001
    324  3.595227231229228E-001
    325  3.572589629270023E-001
    326  3.571944694998997E-001
    327  3.571009861661930E-001
    328  3.567391305816037E-001
    329  3.547913297090823E-001
    330  3.538575462984495E-001
    331  3.485641192747202E-001
    332  3.482168229570992E-001
    333  3.459605550369100E-001
    334  3.451199023132561E-001
    335  3.437629245390516E-001
    336  3.373710081670332E-001
    337  3.345115725180637E-001
    338  3.318067768323358E-001
    339  3.236169278788772E-001
    340  3.230396020834618E-001
    341  3.224446942887859E-001
    342  3.208220971157078E-001
    343  3.201839180022766E-001
    344  3.194046250296608E-001
    345  3.167059456744095E-001
    346  3.163037708151095E-001
    347  3.162282205917483E-001
    348  3.125749188083225E-001
    349  3.124428830206789E-001
    350  3.113625805183464E-001
    351  3.108522557361006E-001
    352  3.035302581485723E-001
    353  3.023033265129434E-001
    354  3.017407956452645E-001
    355  3.008268383398865E-001
    356  2.963711761624614E-001
    357  2.946011933079600E-001
    358  2.940013565942006E-001
    359  2.911589373784984E-001
    360  2.836403779339126E-001
    361  2.826927266436083E-001
    362  2.813562645503389E-001
    363  2.809386952906410E-001
    364  2.802962588449798E-001
    365  2.789521318105048E-001
    366  2.787985448244470E-001
    367  2.781793478187801E-001
    368  2.775351200217271E-001
    369  2.769899823460839E-001
    370  2.763278506350185E-001
    371  2.756687153540280E-001
    372  2.754534254634838E-001
    373  2.749994416715771E-001
    374  2.746026957313097E-001
    375  2.744820984928223E-001
    376  2.744163430213002E-001
    377  2.741216575295922E-001
    378  2.708093656223556E-001
    379  2.707492542647201E-001
    380  2.693933604607596E-001
    381  2.691681112576229E-001
    382  2.648922229151056E-001
    383  2.644351741664301E-001
    384  2.613202999843645E-001
    385  2.557024708260767E-001
    386  2.521274016692622E-001
    387  2.451469282098409E-001
    388  2.380026248895915E-001
    389  2.372043987841885E-001
    390  2.366714688645066E-001
    391  2.361557402652723E-001
    392  2.322513151788070E-001
    393  2.190960504031630E-001
    394  2.054715204574691E-001
    395  2.051670873845970E-001
    396  2.040714423020374E-001
    397  2.040116577342513E-001
    398  2.035193585196889E-001
    399  2.034249937775257E-001
    400  2.030732206814519E-001
    401  2.025376145552066E-001
    402  2.015235402899393E-001
    403  2.008044389301894E-001
    404  2.007524534797181E-001
    405  2.001043096605551E-001
    406  1.996047672678699E-001
    407  1.989732568473018E-001
    408  1.978879794825570E-001
    409  1.971499612872472E-001
    410  1.969874364526837E-001
    411  1.961662343842874E-001
    412  1.954661886669564E-001
    413  1.948037618814876E-001
    414  1.947533010576206E-001
    415  1.946495600456620E-001
    416  1.944677333775769E-001
    417  1.928951418726381E-001
    418  1.922501517758740E-001
    419  1.917378595912742E-001
    420  1.904530176589005E-001
    421  1.900188526504292E-001
    422  1.893822266862674E-001
    423  1.883985732505663E-001
    424  1.874291843717954E-001
    425  1.867970072389288E-001
    426  1.861865280038807E-001
    427  1.854833996127709E-001
    428  1.848157038559591E-001
    429  1.845950212169988E-001
    430  1.844834469118564E-001
    431  1.843665168787151E-001
    432  1.839692859098328E-001
    433  1.838859124619756E-001
    434  1.835602630210166E-001
    435  1.833437301237362E-001
    436  1.831686322354222E-001
    437  1.827746298550768E-001
    438  1.826944430073263E-001
    439  1.817553736792244E-001
    440  1.811683816057675E-001
    441  1.802835791563684E-001
    442  1.800723465056674E-001
    443  1.793437291862342E-001
    444  1.775546075061555E-001
    445  1.768470703845177E-001
    446  1.763919475502978E-001
    447  1.739666830361699E-001
    448  1.729715749971593E-001
    449  1.725254262723336E-001
    450  1.718998426705325E-001
    451  1.716354134484562E-001
    452  1.712664771231742E-001
    453  1.711021974555665E-001
    454  1.698525852748828E-001
    455  1.695671718449077E-001
    456  1.695234621854050E-001
    457  1.687565412812481E-001
    458  1.680357677365071E-001
    459  1.669495198986735E-001
    460  1.653904867991585E-001
    461  1.647031788288204E-001
    462  1.645488569610933E-001
    463  1.641766263413818E-001
    464  1.640869576563584E-001
    465  1.638650781018355E-001
    466  1.636478851316871E-001
    467  1.635560064046130E-001
    468  1.635337154344638E-001
    469  1.630978247232763E-001
    470  1.629903081209050E-001
    471  1.629286264395566E-001
    472  1.628770927765641E-001
    473  1.626141179356623E-001
    474  1.625098994864985E-001
    475  1.622291433512810E-001
    476  1.620187556676194E-001
    477  1.619458488892266E-001
    478  1.616282069201747E-001
    479  1.612711119647751E-001
    480  1.612092054535713E-001
    481  1.610571777868465E-001
    482  1.609979897333299E-001
    483  1.608503163401649E-001
    484  1.607403192775106E-001
    485  1.605933816781475E-001
    486  1.605242105022009E-001
    487  1.603357972945605E-001
    488  1.601413302391269E-001
    489  1.599887072430559E-001
    490  1.597970628934111E-001
    491  1.593788820060490E-001
    492  1.591772438265899E-001
    493  1.568939644079373E-001
    494  1.567641759127796E-001
    495  1.560367751467478E-001
    496  1.556311381246828E-001
    497  1.552062372857387E-001
    498  1.539359732533362E-001
    499  1.536898860065742E-001
    500  1.533290044849559E-001
    501  1.527800912920247E-001
    502  1.523367741175773E-001
    503  1.505911934647675E-001
    504  1.499611358788236E-001
    505  1.490619884408773E-001
    506  1.488832444120800E-001
    507  1.485592225011883E-001
    508  1.483754403005312E-001
    509  1.481860151003930E-001
    510  1.480815252930770E-001
    511  1.479792639027196E-001
    512  1.478554252098290E-001
    513  1.477851219753120E-001
    514  1.477599466275639E-001
    515  1.477017753876050E-001
    516  1.476044364416760E-001
    517  1.475246940221820E-001
    518  1.475086701386814E-001
    519  1.475029553900357E-001
    520  1.474544963725500E-001
    521  1.472855234607450E-001
    522  1.434327601419192E-001
    523  1.431229168329427E-001
    524  1.430299151405885E-001
    525  1.427641107713109E-001
    526  1.425495254422847E-001
    527  1.422481460356855E-001
    528  1.422140478418061E-001
    529  1.421300803648155E-001
    530  1.393025074835748E-001
    531  1.385175333446943E-001
    532  1.375385614856777E-001
    533  1.351992427079239E-001
    534  1.347482594171309E-001
    535  9.690973331414408E-002
    536  9.656509867962684E-002
    537  9.294483126292338E-002
    538  5.510699338712978E-002
    539  3.570719519714918E-002
    540  3.383027684488574E-002
    541  3.371729642645171E-002
    542  3.362164759895094E-002
    543  3.307637780754036E-002
    544  3.181934197098686E-002
    545  3.164387743652839E-002
    546  3.164136916234125E-002
    547  3.147705288288697E-002
    548  3.140259256034891E-002
    549  3.111525203567498E-002
    550  3.106156983014773E-002
    551  3.100751255175770E-002
    552  3.098118332317880E-002
    553  3.089136918517953E-002
    554  3.055844943913029E-002
    555  3.050280927957783E-002
    556  3.012894949145876E-002
    557  3.010569386416318E-002
    558  3.000831148566271E-002
    559  2.998432972933903E-002
    560  2.968235170781602E-002
    561  2.963876205372407E-002
    562  2.960782410690417E-002
    563  2.955710391070977E-002
    564  2.949579662752494E-002
    565  2.943222913460660E-002
    566  2.939682569631540E-002
    567  2.929767957493437E-002
    568  2.902504468260878E-002
    569  2.901101892678382E-002
    570  2.896759061186236E-002
    571  2.883770240421116E-002
    572  2.877865982656880E-002
    573  2.876215318478035E-002
    574  2.870575290900160E-002
    575  2.865161816267356E-002
    576  2.859716150848367E-002
    577  2.858921171317788E-002
    578  2.854707281935637E-002
    579  2.853588809863130E-002
    580  2.851092571965838E-002
    581  2.850084649186588E-002
    582  2.843009179363652E-002
    583  2.838732652762952E-002
    584  2.828064047669627E-002
    585  2.825073726431528E-002
    586  2.818329285152681E-002
    587  2.816875968632541E-002
    588  2.814782494495576E-002
    589  2.810288354053688E-002
    590  2.808951984460642E-002
    591  2.803253358117470E-002
    592  2.802862546166214E-002
    593  2.796853015877813E-002
    594  2.790740786831946E-002
    595  2.786325205266564E-002
    596  2.780776129163066E-002
    597  2.780231727821716E-002
    598  2.773341327164012E-002
    599  2.770740949123256E-002
    600  2.762748060357235E-002
    601  2.762465760337932E-002
    602  2.761384239148252E-002
    603  2.760003848066002E-002
    604  2.756006152856914E-002
    605  2.750548330449728E-002
    606  2.747920238187108E-002
    607  2.747653187558600E-002
    608  2.742653702784101E-002
    609  2.740584729404479E-002
    610  2.740405145590354E-002
    611  2.739835608047420E-002
    612  2.737672970633666E-002
    613  2.733084729255943E-002
    614  2.731441659877655E-002
    615  2.730061837837602E-002
    616  2.727655917617402E-002
    617  2.726086509206431E-002
    618  2.716968415314622E-002
    619  2.714902117684502E-002
    620  2.710809701786400E-002
    621  2.709612734117096E-002
    622  2.707625441471915E-002
    623  2.705108045119898E-002
    624  2.703036233642281E-002
    625  2.699828374949079E-002
    626  2.696867456365785E-002
    627  2.695360790219327E-002
    628  2.689430794227804E-002
    629  2.685382520277195E-002
    630  2.685122572225211E-002
    631  2.683928852574705E-002
    632  2.682650022936706E-002
    633  2.682296170916470E-002
    634  2.679155318424768E-002
    635  2.676460646503383E-002
    636  2.676373130148955E-002
    637  2.673642452309282E-002
    638  2.673044552569062E-002
    639  2.671654124060727E-002
    640  2.670704896342956E-002
    641  2.669707276076524E-002
    642  2.667751094638644E-002
    643  2.666099515150961E-002
    644  2.664540416579872E-002
    645  2.663996352491105E-002
    646  2.661417286590085E-002
    647  2.659906217043348E-002
    648  2.658773614799777E-002
    649  2.656679630255658E-002
    650  2.652072222658759E-002
    651  2.651501303151301E-002
    652  2.645290309626435E-002
    653  2.644183872988352E-002
    654  2.636477944559386E-002
    655  2.633393421519588E-002
    656  2.630956723372978E-002
    657  2.628267413165587E-002
    658  2.627611872649654E-002
    659  2.623847051438956E-002
    660  2.616995684491575E-002
    661  2.615995176878832E-002
    662  2.613613604028570E-002
    663  2.603705159763113E-002
    664  2.599589845350384E-002
    665  2.596667979491078E-002
    666  2.589831383990668E-002
    667  2.578540207314664E-002
    668  2.577410534843035E-002
    669  2.571806942269348E-002
    670  2.569798544476137E-002
    671  2.558830597206972E-002
    672  2.558282634106405E-002
    673  2.553300659583683E-002
    674  2.548592930687773E-002
    675  2.545916184163974E-002
    676  2.536867174049494E-002
    677  2.526978113644507E-002
    678  2.516619233605253E-002
    679  2.507969982579542E-002
    680  2.503587156594937E-002
    681  2.500644904047184E-002
    682  2.495109349475357E-002
    683  2.494604031531418E-002
    684  2.492877223004466E-002
    685  2.491563166865668E-002
    686  2.490598251880257E-002
    687  2.489259866574229E-002
    688  2.487770204884688E-002
    689  2.484863073246089E-002
    690  2.480077163600838E-002
    691  2.476758532693488E-002
    692  2.476344716269951E-002
    693  2.474583294843448E-002
    694  2.474493728796830E-002
    695  2.472830312574799E-002
    696  2.466841390609547E-002
    697  2.466350106938029E-002
    698  2.463170199661288E-002
    699  2.461389931388588E-002
    700  2.457723273205403E-002
    701  2.453773667912752E-002
    702  2.452629487581565E-002
    703  2.447843511513789E-002
    704  2.441725735150838E-002
    705  2.435099253478192E-002
    706  2.428702716285576E-002
    707  2.421703153873478E-002
    708  2.420252568577600E-002
    709  2.417534035801571E-002
    710  2.416473580625274E-002
    711  2.410514597341344E-002
    712  2.405171831418606E-002
    713  2.402931493492765E-002
    714  2.401983717938644E-002
    715  2.399865694149918E-002
    716  2.398287970557862E-002
    717  2.393452747185021E-002
    718  2.390113700606449E-002
    719  2.389675603909527E-002
    720  2.380380052512628E-002
    721  2.377064927382397E-002
    722  2.376353484968597E-002
    723  2.374229993580590E-002
    724  2.372398781695776E-002
    725  2.371191438615457E-002
    726  2.365842752299942E-002
    727  2.361313830640409E-002
    728  2.360721746342449E-002
    729  2.359433910980433E-002
    730  2.354510994511030E-002
    731  2.353571874089715E-002
    732  2.353451482798914E-002
    733  2.350205453769382E-002
    734  2.350081072974096E-002
    735  2.348509756021364E-002
    736  2.346268025443084E-002
    737  2.346138056677416E-002
    738  2.341855800461285E-002
    739  2.341707615040987E-002
    740  2.341591749398193E-002
    741  2.340775516464669E-002
    742  2.339465648050403E-002
    743  2.337913345612804E-002
    744  2.333099992780718E-002
    745  2.331489304441046E-002
    746  2.326616688841231E-002
    747  2.326052268612542E-002
    748  2.324202522386605E-002
    749  2.320939555066691E-002
    750  2.320005817179389E-002
    751  2.317040902845094E-002
    752  2.313285517967633E-002
    753  2.308729719685468E-002
    754  2.307676302064512E-002
    755  2.307642385791133E-002
    756  2.303827776971569E-002
    757  2.300378890669694E-002
    758  2.296516228515638E-002
    759  2.291966853295345E-002
    760  2.283138684952181E-002
    761  2.280235740434560E-002
    762  2.276443908540163E-002
    763  2.260310424201684E-002
    764  2.254954623125510E-002
    765  2.249048390915965E-002
    766  2.246899367128691E-002
    767  2.235570725185596E-002
    768  2.230029832299857E-002
    769  2.222522472311101E-002
    770  2.221301228479266E-002
    771  2.214559092244131E-002
    772  2.200165590036091E-002
    773  2.188153172046327E-002
    774  2.178741585138043E-002
    775  2.162763012547731E-002
    776  2.154712383109665E-002
    777  2.153964655808319E-002
    778  2.136140319955927E-002
    779  2.134857867446726E-002
    780  2.133069743873585E-002
    781  2.121896618202485E-002
    782  2.117192080209538E-002
    783  2.116371215544055E-002
    784  2.113920366233002E-002
    785  2.111026110731951E-002
    786  2.109835400273946E-002
    787  2.107041509698430E-002
    788  2.103229713364429E-002
    789  2.100751129866307E-002
    790  2.099402179978511E-002
    791  2.097444762073368E-002
    792  2.096157921318234E-002
    793  2.093541258456355E-002
    794  2.090991814349722E-002
    795  2.089944708995064E-002
    796  2.083083718730732E-002
    797  2.077260478764610E-002
    798  2.077195324418016E-002
    799  2.074197077606824E-002
    800  2.073090190477387E-002
    801  2.068828624275137E-002
    802  2.064144938632028E-002
    803  2.057900094017358E-002
    804  2.055453035133490E-002
    805  2.047481377021225E-002
    806  2.044241588322808E-002
    807  2.043297094607564E-002
    808  2.040511476895447E-002
    809  2.027739147431298E-002
    810  2.025871673897897E-002
    811  2.021793456919892E-002
    812  2.019249834416021E-002
    813  2.014333495262483E-002
    814  2.011858689151299E-002
    815  2.009977557089461E-002
    816  2.009908823931203E-002
    817  2.003789752377423E-002
    818  2.000659579379960E-002
    819  1.997823035517006E-002
    820  1.994115416033762E-002
    821  1.993754842391427E-002
    822  1.992620277287871E-002
    823  1.992250448161121E-002
    824  1.989411292194105E-002
    825  1.987343559353738E-002
    826  1.984759752118878E-002
    827  1.982197107013027E-002
    828  1.980713295269671E-002
    829  1.978665537566484E-002
    830  1.978568807906219E-002
    831  1.975861206123035E-002
    832  1.973823377477536E-002
    833  1.971801351680319E-002
    834  1.970446090303356E-002
    835  1.969674341460508E-002
    836  1.962773020925202E-002
    837  1.962626832609017E-002
    838  1.960863800159710E-002
    839  1.958354157588017E-002
    840  1.950183712725431E-002
    841  1.947700176210805E-002
    842  1.945579538431710E-002
    843  1.941037125760068E-002
    844  1.933173252881570E-002
    845  1.929964528293118E-002
    846  1.923302195213772E-002
    847  1.922898875428626E-002
    848  1.911647557740447E-002
    849  1.904833882127472E-002
    850  1.891316133466565E-002
    851  1.888311692497717E-002
    852  1.887002128571427E-002
    853  1.882867842256295E-002
    854  1.876520972492556E-002
    855  1.867589469498761E-002
    856  1.867128140468217E-002
    857  1.863493916707257E-002
    858  1.863078366790909E-002
    859  1.862603025081942E-002
    860  1.859485360071829E-002
    861  1.859416824899593E-002
    862  1.854928569439006E-002
    863  1.852050737867815E-002
    864  1.849689755249240E-002
    865  1.849191523218215E-002
    866  1.827188759697637E-002
    867  1.822933839908512E-002
    868  1.819362046183130E-002
    869  1.810248472171847E-002
    870  1.796969702349407E-002
    871  1.790743348675709E-002
    872  1.788577356514547E-002
    873  1.786085955012702E-002
    874  1.779619955247288E-002
    875  1.779370538251240E-002
    876  1.774310262986367E-002
    877  1.772516300650918E-002
    878  1.766970251447463E-002
    879  1.766515935721955E-002
    880  1.759396953372269E-002
    881  1.746300041519736E-002
    882  1.742696292132332E-002
    883  1.741413083568590E-002
    884  1.740870423591009E-002
    885  1.735320747148685E-002
    886  1.731482281342236E-002
    887  1.726880546061830E-002
    888  1.726252776762755E-002
    889  1.692944325240582E-002
    890  1.686183725756797E-002
    891  1.685752992097823E-002
    892  1.681146748672716E-002
    893  1.665437838898142E-002
    894  1.660022280157914E-002
    895  1.631590504015089E-002
    896  1.631343766716841E-002
    897  1.624756787299127E-002
    898  1.607498653089889E-002
    899  1.599504113945626E-002
    900  1.585909704081257E-002
    901  1.553308565076175E-002
    902  1.550620508066893E-002
    903  1.537816364146974E-002
    904  1.531847953880160E-002
    905  1.518730112825348E-002
    906  1.514104644090514E-002
    907  1.509391825818643E-002
    908  1.501314998667800E-002
    909  1.499679603293460E-002
    910  1.491136356252933E-002
    911  1.487998049417989E-002
    912  1.482896735740323E-002
    913  1.477929279220041E-002
    914  1.476019927705867E-002
    915  1.474589573725956E-002
    916  1.473434834890284E-002
    917  1.469803293933332E-002
    918  1.463676004901560E-002
    919  1.459403348611335E-002
    920  1.454151616577585E-002
    921  1.451096116732953E-002
    922  1.446511756962378E-002
    923  1.446173974937964E-002
    924  1.444701657959036E-002
    925  1.438334427139570E-002
    926  1.433490859837896E-002
    927  1.427731722065862E-002
    928  1.424627970842764E-002
    929  1.421887814968365E-002
    930  1.420795412623681E-002
    931  1.419809861310430E-002
    932  1.419149863185218E-002
    933  1.418779604418181E-002
    934  1.413676198721123E-002
    935  1.411510088413283E-002
    936  1.404397157399604E-002
    937  1.404339584193380E-002
    938  1.403045051076530E-002
    939  1.400458285058563E-002
    940  1.399198902771659E-002
    941  1.398312998493949E-002
    942  1.395193076947252E-002
    943  1.393489209683204E-002
    944  1.393448241258066E-002
    945  1.390225343631115E-002
    946  1.389015931337086E-002
    947  1.385127358360500E-002
    948  1.382753016129702E-002
    949  1.381328049655082E-002
    950  1.378872102209222E-002
    951  1.375265942229653E-002
    952  1.375064271247511E-002
    953  1.371956202700761E-002
    954  1.371896950021594E-002
    955  1.370989539151571E-002
    956  1.370837042792827E-002
    957  1.370143752430575E-002
    958  1.369669929670960E-002
    959  1.368192462838661E-002
    960  1.367881984737276E-002
    961  1.367344643072252E-002
    962  1.365650208286764E-002
    963  1.364415880401079E-002
    964  1.362769849969882E-002
    965  1.356885667452365E-002
    966  1.352115819423234E-002
    967  1.349314077069781E-002
    968  1.348566540059638E-002
    969  1.347013444756321E-002
    970  1.346063317691544E-002
    971  1.342996076429035E-002
    972  1.341263991030374E-002
    973  1.337567336920045E-002
    974  1.337164644106390E-002
    975  1.336767402933266E-002
    976  1.333202670000751E-002
    977  1.332373741807613E-002
    978  1.330939749535849E-002
    979  1.329545466357592E-002
    980  1.328418028133902E-002
    981  1.326775993539304E-002
    982  1.324326765875361E-002
    983  1.322217285164272E-002
    984  1.321872013136362E-002
    985  1.318829788961854E-002
    986  1.317376474316445E-002
    987  1.315409765770103E-002
    988  1.315358934553173E-002
    989  1.308109436457013E-002
    990  1.306362137191360E-002
    991  1.301667298809413E-002
    992  1.297871589573526E-002
    993  1.295801506966075E-002
    994  1.294712379689826E-002
    995  1.291766820946112E-002
    996  1.290956421204743E-002
    997  1.290030577407537E-002
    998  1.288767219799890E-002
    999  1.288331145983711E-002
   1000  1.288180906699702E-002
   1001  1.285853133647022E-002
   1002  1.285642534679688E-002
   1003  1.281993996133620E-002
   1004  1.281835198073906E-002
   1005  1.281255516377392E-002
   1006  1.279029551559370E-002
   1007  1.276869205781020E-002
   1008  1.276510239836274E-002
   1009  1.274106684030976E-002
   1010  1.271766549275687E-002
   1011  1.269866522073990E-002
   1012  1.268702415742219E-002
   1013  1.267279311778462E-002
   1014  1.265608198721371E-002
   1015  1.265119222916987E-002
   1016  1.264729555198303E-002
   1017  1.263715914797720E-002
   1018  1.261976559840420E-002
   1019  1.260132779903741E-002
   1020  1.258234013221377E-002
   1021  1.256166412246803E-002
   1022  1.252818191870226E-002
   1023  1.251384271385990E-002
   1024  1.248984138479242E-002
   1025  1.247499648679869E-002
   1026  1.246799991469859E-002
   1027  1.244997989294096E-002
   1028  1.240754338064777E-002
   1029  1.240041229130876E-002
   1030  1.235465247699510E-002
   1031  1.234850388937889E-002
   1032  1.232982046333731E-002
   1033  1.230259361487259E-002
   1034  1.230033126365897E-002
   1035  1.229838330592436E-002
   1036  1.227578917244087E-002
   1037  1.225068942069781E-002
   1038  1.220972326862764E-002
   1039  1.218337662582988E-002
   1040  1.216124629761948E-002
   1041  1.214971891318561E-002
   1042  1.209483001389009E-002
   1043  1.208485645372329E-002
   1044  1.205805788731181E-002
   1045  1.200043738013004E-002
   1046  1.198029618607166E-002
   1047  1.190160016919778E-002
   1048  1.187748673945895E-002
   1049  1.184995481674264E-002
   1050  1.182115225106645E-002
   1051  1.168190928432185E-002
   1052  1.165349941828751E-002
   1053  1.161002601205373E-002
   1054  1.160574814445615E-002
   1055  1.159732995560431E-002
   1056  1.157738299677760E-002
   1057  1.157503292648061E-002
   1058  1.151632281267248E-002
   1059  1.147843881581150E-002
   1060  1.144048476363312E-002
   1061  1.136657017503415E-002
   1062  1.135510941027252E-002
   1063  1.135230023640358E-002
   1064  1.133026897569684E-002
   1065  1.126115708360189E-002
   1066  1.124771134795884E-002
   1067  1.122738551661828E-002
   1068  1.121721983278720E-002
   1069  1.101880261948817E-002
   1070  1.090233988544729E-002
   1071  1.080463484963731E-002
   1072  1.076499784400058E-002
   1073  1.071508063941184E-002
   1074  1.063596018360930E-002
   1075  2.010198648890412E-003
   1076  1.967398076775038E-003
   1077  9.657134380407590E-010
