# t, dt:    3.000000000000002E-003  1.250000000000000E-004
# j, New nj
      1  1.244402906783346E+000
      2  1.215424574589107E+000
      3  1.191539493162636E+000
      4  1.165172975096257E+000
      5  1.140965054596171E+000
      6  1.127917839974391E+000
      7  1.123206840335250E+000
      8  1.118428191305178E+000
      9  1.107764954354380E+000
     10  1.094190908341494E+000
     11  9.757897628986392E-001
     12  9.603063262501716E-001
     13  7.985454329877554E-001
     14  7.936086866542943E-001
     15  7.769374114990462E-001
     16  7.732784860563168E-001
     17  7.689691171768382E-001
     18  7.515001054960483E-001
     19  7.445928842956377E-001
     20  7.400785840729768E-001
     21  7.386293276997511E-001
     22  7.384372445028158E-001
     23  7.329621515553046E-001
     24  7.303720718366229E-001
     25  6.812752438382658E-001
     26  6.779603165847454E-001
     27  6.719404884715843E-001
     28  6.654404410568432E-001
     29  6.649884181519524E-001
     30  6.500447032484222E-001
     31  6.454014115036484E-001
     32  6.303972444926650E-001
     33  6.297907328199805E-001
     34  6.267887085962308E-001
     35  6.222259996494365E-001
     36  6.212682310810101E-001
     37  6.194842098909070E-001
     38  6.185783271887770E-001
     39  6.170092656078990E-001
     40  6.130827564134060E-001
     41  6.110433833563950E-001
     42  6.080220952118526E-001
     43  5.915816970387837E-001
     44  5.906615093106693E-001
     45  5.839483818211177E-001
     46  5.827202223621544E-001
     47  5.806219876853966E-001
     48  5.783055032892618E-001
     49  5.779872828554729E-001
     50  5.769475484314578E-001
     51  5.759684943239060E-001
     52  5.742108440579919E-001
     53  5.741902545230819E-001
     54  5.725051409480219E-001
     55  5.627175945983708E-001
     56  5.582745498785499E-001
     57  5.501959290795846E-001
     58  5.493221635288963E-001
     59  5.477630859826678E-001
     60  5.462166978225542E-001
     61  5.425981321184777E-001
     62  5.402897847655201E-001
     63  5.392563071974238E-001
     64  5.378495905173308E-001
     65  5.353608803649786E-001
     66  5.329105639792895E-001
     67  5.293758964404601E-001
     68  5.287303880005081E-001
     69  5.280959584922529E-001
     70  5.231773126666841E-001
     71  5.207282097634386E-001
     72  5.192266479922518E-001
     73  5.165497867855301E-001
     74  5.158041918012759E-001
     75  5.125495671991587E-001
     76  5.120078252744434E-001
     77  5.114111029767723E-001
     78  5.104812020919317E-001
     79  5.092114500542591E-001
     80  5.063084108840072E-001
     81  5.062579262188498E-001
     82  5.041649887718452E-001
     83  5.040267022389386E-001
     84  5.030627924678536E-001
     85  5.002640168518376E-001
     86  4.994833770496533E-001
     87  4.955770848957584E-001
     88  4.946956221421331E-001
     89  4.914500397692703E-001
     90  4.900707348367764E-001
     91  4.890803911720916E-001
     92  4.887159718841292E-001
     93  4.873090530394870E-001
     94  4.869578768904049E-001
     95  4.860751201986961E-001
     96  4.856468898789815E-001
     97  4.850692144164302E-001
     98  4.849483841216835E-001
     99  4.840377340315455E-001
    100  4.836447266364859E-001
    101  4.832072842738438E-001
    102  4.768129599806907E-001
    103  4.723608118545868E-001
    104  4.699380065744658E-001
    105  4.673625834026162E-001
    106  4.672871471758036E-001
    107  4.653953913749930E-001
    108  4.642800149256782E-001
    109  4.631575601075844E-001
    110  4.626241629796230E-001
    111  4.622412366149600E-001
    112  4.618582624067586E-001
    113  4.614750385724250E-001
    114  4.591241451732535E-001
    115  4.577166495520714E-001
    116  4.573401515330030E-001
    117  4.560020285062925E-001
    118  4.527071671948002E-001
    119  4.523479248571219E-001
    120  4.507856596833469E-001
    121  4.502687433025701E-001
    122  4.487604045885418E-001
    123  4.480142736580036E-001
    124  4.461250808030831E-001
    125  4.455690582445268E-001
    126  4.448876273066330E-001
    127  4.448022535037354E-001
    128  4.430971718173954E-001
    129  4.423731734747016E-001
    130  4.420421909878251E-001
    131  4.400946594811910E-001
    132  4.397346028582148E-001
    133  4.390720625920524E-001
    134  4.369889420333461E-001
    135  4.365102891070027E-001
    136  4.354630726424732E-001
    137  4.351866788326975E-001
    138  4.345646971666632E-001
    139  4.339404122696512E-001
    140  4.336795324476462E-001
    141  4.329806910100829E-001
    142  4.313797562786877E-001
    143  4.289658843543800E-001
    144  4.286068068426632E-001
    145  4.256061109098631E-001
    146  4.248651793807284E-001
    147  4.231715895450528E-001
    148  4.207309721481992E-001
    149  4.186627604969082E-001
    150  4.114236778378844E-001
    151  4.109458259873678E-001
    152  4.085659020197526E-001
    153  4.059786172473299E-001
    154  4.039627779411037E-001
    155  4.037251188350141E-001
    156  4.026251722937382E-001
    157  4.021574809238466E-001
    158  4.015748870500754E-001
    159  4.012664596975821E-001
    160  4.012053098991921E-001
    161  4.009239176705384E-001
    162  4.008192061470506E-001
    163  3.993485363330083E-001
    164  3.976799894787253E-001
    165  3.892370863770397E-001
    166  3.886472739356622E-001
    167  3.866762182196352E-001
    168  3.831721113561680E-001
    169  3.827491897005938E-001
    170  3.794750473195627E-001
    171  3.772261706467681E-001
    172  3.766055363757001E-001
    173  3.739262849686337E-001
    174  3.720310836605743E-001
    175  3.708713755769133E-001
    176  3.706766353166200E-001
    177  3.701505217607643E-001
    178  3.690241667688618E-001
    179  3.671832513969607E-001
    180  3.660084900773989E-001
    181  3.654855520998398E-001
    182  3.647846664346635E-001
    183  3.638683579892267E-001
    184  3.618206276848737E-001
    185  3.616495803240157E-001
    186  3.604632026484969E-001
    187  3.597778261424504E-001
    188  3.588627477244774E-001
    189  3.578396396006844E-001
    190  3.571365444612976E-001
    191  3.531909493559587E-001
    192  3.531260643640723E-001
    193  3.504285011311334E-001
    194  3.502891675084542E-001
    195  3.482469735245813E-001
    196  3.476467789047680E-001
    197  3.467390286252353E-001
    198  3.461808617816570E-001
    199  3.459733372237740E-001
    200  3.456282070827808E-001
    201  3.454746525582700E-001
    202  3.453287995247007E-001
    203  3.451618704006790E-001
    204  3.449501195724774E-001
    205  3.446921240311143E-001
    206  3.445864155100831E-001
    207  3.444830692710852E-001
    208  3.442749624994255E-001
    209  3.442056416877899E-001
    210  3.440036488188142E-001
    211  3.438173393718196E-001
    212  3.433461027021762E-001
    213  3.430753100334775E-001
    214  3.426654612285323E-001
    215  3.423443326179018E-001
    216  3.421608794993499E-001
    217  3.421311798431153E-001
    218  3.417639468254120E-001
    219  3.414905485143621E-001
    220  3.405159839147046E-001
    221  3.399479727113543E-001
    222  3.398389121951857E-001
    223  3.384939230634182E-001
    224  3.377448998581705E-001
    225  3.373839174478581E-001
    226  3.369082796136284E-001
    227  3.368533658902454E-001
    228  3.361176381474804E-001
    229  3.339249469758638E-001
    230  3.287667910408121E-001
    231  3.249336167308927E-001
    232  3.246272725482560E-001
    233  3.236230885530456E-001
    234  3.228098071137681E-001
    235  3.208282781224125E-001
    236  3.199564992145248E-001
    237  3.194782125239912E-001
    238  3.193674948432027E-001
    239  3.189017557905907E-001
    240  3.182280521461654E-001
    241  3.175001376080801E-001
    242  3.171419804918788E-001
    243  3.162954293775176E-001
    244  3.160332719731768E-001
    245  3.155556107646915E-001
    246  3.110812146565320E-001
    247  3.108125857420527E-001
    248  3.101825730035083E-001
    249  3.061025547808383E-001
    250  3.057981537644010E-001
    251  3.018351551232698E-001
    252  3.000750935437134E-001
    253  2.987029718512378E-001
    254  2.976959101799760E-001
    255  2.963257409557305E-001
    256  2.959154990805630E-001
    257  2.947623545348945E-001
    258  2.933044563508023E-001
    259  2.924818691276786E-001
    260  2.902764819180956E-001
    261  2.894292539365171E-001
    262  2.889408960827193E-001
    263  2.886407372205468E-001
    264  2.880653747393118E-001
    265  2.878175562606058E-001
    266  2.876720018143017E-001
    267  2.875925986541492E-001
    268  2.873461624148290E-001
    269  2.871997408266512E-001
    270  2.870695635949329E-001
    271  2.867924828190776E-001
    272  2.865722386332515E-001
    273  2.865194863119672E-001
    274  2.864853044827806E-001
    275  2.864262862267895E-001
    276  2.860886666336520E-001
    277  2.860547287914895E-001
    278  2.859345978251831E-001
    279  2.857785294367729E-001
    280  2.856646490264370E-001
    281  2.854961827059188E-001
    282  2.850027535250887E-001
    283  2.849935695837716E-001
    284  2.832011071775510E-001
    285  2.831044797151190E-001
    286  2.814558420140694E-001
    287  2.814231115522753E-001
    288  2.787340171679484E-001
    289  2.777066329283421E-001
    290  2.774755607666456E-001
    291  2.773617133579300E-001
    292  2.769529711888999E-001
    293  2.765940581611722E-001
    294  2.760757772643461E-001
    295  2.759853866317279E-001
    296  2.756522576650525E-001
    297  2.751787091066157E-001
    298  2.737336806550262E-001
    299  2.736834906833900E-001
    300  2.723151890152150E-001
    301  2.718888809366258E-001
    302  2.717867961472815E-001
    303  2.694907166560975E-001
    304  2.679957883326524E-001
    305  2.657807068572649E-001
    306  2.653134793359771E-001
    307  2.650683148313893E-001
    308  2.650141023056439E-001
    309  2.644215527105728E-001
    310  2.638508034300432E-001
    311  2.631039746134288E-001
    312  2.629524805140596E-001
    313  2.628359496140503E-001
    314  2.624157253567368E-001
    315  2.621704923193207E-001
    316  2.619781476849080E-001
    317  2.614013891214756E-001
    318  2.613250170380794E-001
    319  2.609739583166544E-001
    320  2.605681882767482E-001
    321  2.603834785478503E-001
    322  2.599844143581017E-001
    323  2.599547831420285E-001
    324  2.596091609241028E-001
    325  2.578111755002487E-001
    326  2.577599622019033E-001
    327  2.576857294676109E-001
    328  2.573984006641172E-001
    329  2.558520786785974E-001
    330  2.551109553036367E-001
    331  2.509120299612591E-001
    332  2.506366839828198E-001
    333  2.488482821145969E-001
    334  2.481821405828843E-001
    335  2.471070784224419E-001
    336  2.420468117250733E-001
    337  2.397851094036653E-001
    338  2.376468916439315E-001
    339  2.311796822190067E-001
    340  2.307242006483021E-001
    341  2.302549051924057E-001
    342  2.289752105438737E-001
    343  2.284720174420188E-001
    344  2.278576508630097E-001
    345  2.257308991494208E-001
    346  2.254140623691495E-001
    347  2.253545463346885E-001
    348  2.224777617046783E-001
    349  2.223738335806902E-001
    350  2.215236190200865E-001
    351  2.211220565459339E-001
    352  2.153656391347643E-001
    353  2.144019940988868E-001
    354  2.139602686444587E-001
    355  2.132427109884779E-001
    356  2.097467486613561E-001
    357  2.083590386054651E-001
    358  2.078888874677369E-001
    359  2.056619455398086E-001
    360  1.997790539175532E-001
    361  1.990383694560906E-001
    362  1.979941021192016E-001
    363  1.976679024647894E-001
    364  1.971661097064805E-001
    365  1.961165186265131E-001
    366  1.959966107767744E-001
    367  1.955132435878497E-001
    368  1.950104216663002E-001
    369  1.945850080062872E-001
    370  1.940683789771417E-001
    371  1.935541800255791E-001
    372  1.933862498947266E-001
    373  1.930321663780664E-001
    374  1.927227613444915E-001
    375  1.926287194238997E-001
    376  1.925774445109635E-001
    377  1.923476655208954E-001
    378  1.897662155941117E-001
    379  1.897193895213876E-001
    380  1.886633736331124E-001
    381  1.884879810544902E-001
    382  1.851606546594784E-001
    383  1.848052400451717E-001
    384  1.823842886267075E-001
    385  1.780236713335444E-001
    386  1.752525702752260E-001
    387  1.698509226282199E-001
    388  1.643353441350132E-001
    389  1.637199261585897E-001
    390  1.633091415670789E-001
    391  1.629116883749725E-001
    392  1.599050302650125E-001
    393  1.498062392460476E-001
    394  1.394022262485018E-001
    395  1.391704335704225E-001
    396  1.383364735141259E-001
    397  1.382909794563983E-001
    398  1.379164016373546E-001
    399  1.378446111976572E-001
    400  1.375770169662656E-001
    401  1.371696606445515E-001
    402  1.363986698706110E-001
    403  1.358521557902971E-001
    404  1.358126538983236E-001
    405  1.353202301582311E-001
    406  1.349408039419629E-001
    407  1.344612648436706E-001
    408  1.336374794852062E-001
    409  1.330775175425958E-001
    410  1.329542295214124E-001
    411  1.323314244836456E-001
    412  1.318006932897953E-001
    413  1.312986426741621E-001
    414  1.312604050260367E-001
    415  1.311817961586320E-001
    416  1.310440278276094E-001
    417  1.298529854182295E-001
    418  1.293647438880328E-001
    419  1.289770591446995E-001
    420  1.280051580772959E-001
    421  1.276768771317654E-001
    422  1.271956374362938E-001
    423  1.264523682473451E-001
    424  1.257202318855331E-001
    425  1.252429672426686E-001
    426  1.247822271710852E-001
    427  1.242517388192519E-001
    428  1.237481583350291E-001
    429  1.235817556998860E-001
    430  1.234976318036771E-001
    431  1.234094749885152E-001
    432  1.231100309028013E-001
    433  1.230471893559620E-001
    434  1.228017615409607E-001
    435  1.226385928982453E-001
    436  1.225066609904534E-001
    437  1.222098336648405E-001
    438  1.221494311757768E-001
    439  1.214422441890530E-001
    440  1.210003729285739E-001
    441  1.203345759813226E-001
    442  1.201756734520191E-001
    443  1.196276982500170E-001
    444  1.182830495178450E-001
    445  1.177516446168466E-001
    446  1.174099268601831E-001
    447  1.155904178719299E-001
    448  1.148445661857502E-001
    449  1.145103049461132E-001
    450  1.140417503897463E-001
    451  1.138437461057725E-001
    452  1.135675368477787E-001
    453  1.134445653293046E-001
    454  1.125095476481730E-001
    455  1.122960825976999E-001
    456  1.122633945936629E-001
    457  1.116899924972932E-001
    458  1.111513272117167E-001
    459  1.103399583598468E-001
    460  1.091763586395651E-001
    461  1.086637250148126E-001
    462  1.085486521865792E-001
    463  1.082711361401661E-001
    464  1.082042931466959E-001
    465  1.080389100170805E-001
    466  1.078770418039726E-001
    467  1.078085734627977E-001
    468  1.077919627351697E-001
    469  1.074671923619216E-001
    470  1.073870979949867E-001
    471  1.073411506863909E-001
    472  1.073027640749676E-001
    473  1.071068972238674E-001
    474  1.070292828387122E-001
    475  1.068202207585742E-001
    476  1.066635815894994E-001
    477  1.066093053363089E-001
    478  1.063728619322599E-001
    479  1.061071066476810E-001
    480  1.060610409336643E-001
    481  1.059479220528251E-001
    482  1.059038850387289E-001
    483  1.057940203934285E-001
    484  1.057121924279698E-001
    485  1.056028928150288E-001
    486  1.055514432875306E-001
    487  1.054113128662590E-001
    488  1.052666973784834E-001
    489  1.051532116524550E-001
    490  1.050107263424911E-001
    491  1.046998737727956E-001
    492  1.045500165521248E-001
    493  1.028544350276485E-001
    494  1.027581280561573E-001
    495  1.022185254506964E-001
    496  1.019177260466074E-001
    497  1.016027275621298E-001
    498  1.006615503223613E-001
    499  1.004793087738429E-001
    500  1.002121098456548E-001
    501  9.980581527759859E-002
    502  9.947779058400519E-002
    503  9.818714066650568E-002
    504  9.772166761610769E-002
    505  9.705774905976314E-002
    506  9.692581645534365E-002
    507  9.668669504573474E-002
    508  9.655109180088253E-002
    509  9.641134324108169E-002
    510  9.633426380702288E-002
    511  9.625883372343493E-002
    512  9.616749507958901E-002
    513  9.611564568550701E-002
    514  9.609707922231045E-002
    515  9.605418002102613E-002
    516  9.598239999776224E-002
    517  9.592359975830222E-002
    518  9.591178451393972E-002
    519  9.590757076446051E-002
    520  9.587184036836731E-002
    521  9.574726081567048E-002
    522  9.291082260050554E-002
    523  9.268305978806851E-002
    524  9.261470534390905E-002
    525  9.241937029037044E-002
    526  9.226170339495765E-002
    527  9.204030701222593E-002
    528  9.201526127016005E-002
    529  9.195358835838681E-002
    530  8.987905898773199E-002
    531  8.930393568527625E-002
    532  8.858716832170982E-002
    533  8.687664228277117E-002
    534  8.654724729353248E-002
    535  5.939758191744589E-002
    536  5.915539434506999E-002
    537  5.661780380379160E-002
    538  3.096607513556340E-002
    539  1.868460948478210E-002
    540  1.754233097574975E-002
    541  1.747388101196106E-002
    542  1.741595950386653E-002
    543  1.708625751223106E-002
    544  1.632944341275015E-002
    545  1.622417216385381E-002
    546  1.622266797184321E-002
    547  1.612416983355492E-002
    548  1.607956183650101E-002
    549  1.590757752094653E-002
    550  1.587547440141471E-002
    551  1.584315584134382E-002
    552  1.582741793408094E-002
    553  1.577374878236698E-002
    554  1.557502578342180E-002
    555  1.554184696293853E-002
    556  1.531915993245161E-002
    557  1.530532229942725E-002
    558  1.524739599002102E-002
    559  1.523313541281188E-002
    560  1.505372187980426E-002
    561  1.502784794825003E-002
    562  1.500948748508465E-002
    563  1.497939363527498E-002
    564  1.494302911308906E-002
    565  1.490533664860112E-002
    566  1.488434973135777E-002
    567  1.482559802148137E-002
    568  1.466420447180131E-002
    569  1.465590806671875E-002
    570  1.463022375031827E-002
    571  1.455344214480882E-002
    572  1.451855818301803E-002
    573  1.450880765319240E-002
    574  1.447549856491550E-002
    575  1.444353729508461E-002
    576  1.441139570632972E-002
    577  1.440670436942769E-002
    578  1.438184082959964E-002
    579  1.437524240677776E-002
    580  1.436051735005739E-002
    581  1.435457229897533E-002
    582  1.431284838527455E-002
    583  1.428763783843211E-002
    584  1.422477186520293E-002
    585  1.420715786041909E-002
    586  1.416744178056500E-002
    587  1.415888560847546E-002
    588  1.414656185217471E-002
    589  1.412011093685580E-002
    590  1.411224684649717E-002
    591  1.407871905882343E-002
    592  1.407642012219566E-002
    593  1.404107575937281E-002
    594  1.400513987332977E-002
    595  1.397918700847634E-002
    596  1.394658131144926E-002
    597  1.394338303722241E-002
    598  1.390291168286195E-002
    599  1.388764233291733E-002
    600  1.384072271504232E-002
    601  1.383906596394786E-002
    602  1.383271902714635E-002
    603  1.382461874409717E-002
    604  1.380116351113138E-002
    605  1.376915026036162E-002
    606  1.375373863455212E-002
    607  1.375217273211217E-002
    608  1.372286181404754E-002
    609  1.371073437341329E-002
    610  1.370968179898754E-002
    611  1.370634370594578E-002
    612  1.369366937697043E-002
    613  1.366678491147336E-002
    614  1.365715923034058E-002
    615  1.364907646442650E-002
    616  1.363498455925439E-002
    617  1.362579333063952E-002
    618  1.357241013401663E-002
    619  1.356031669884033E-002
    620  1.353636935956708E-002
    621  1.352936623668305E-002
    622  1.351774024338350E-002
    623  1.350301502734148E-002
    624  1.349089786296383E-002
    625  1.347213938122090E-002
    626  1.345482810775878E-002
    627  1.344602042526815E-002
    628  1.341136250868189E-002
    629  1.338770940350043E-002
    630  1.338619078488087E-002
    631  1.337921736930145E-002
    632  1.337174731678054E-002
    633  1.336968045543526E-002
    634  1.335133655919588E-002
    635  1.333560130732247E-002
    636  1.333509030762871E-002
    637  1.331914749256108E-002
    638  1.331565705938793E-002
    639  1.330754046997476E-002
    640  1.330199976966823E-002
    641  1.329617694137526E-002
    642  1.328476028050183E-002
    643  1.327512238787787E-002
    644  1.326602505690739E-002
    645  1.326285064823656E-002
    646  1.324780419514351E-002
    647  1.323898960112888E-002
    648  1.323238326819362E-002
    649  1.322017050368501E-002
    650  1.319330415045026E-002
    651  1.318997557375247E-002
    652  1.315377170010500E-002
    653  1.314732372143242E-002
    654  1.310242798988039E-002
    655  1.308446309695145E-002
    656  1.307027367177196E-002
    657  1.305461569626795E-002
    658  1.305079933391056E-002
    659  1.302888464226346E-002
    660  1.298901648413723E-002
    661  1.298319593325878E-002
    662  1.296934234860585E-002
    663  1.291172696267796E-002
    664  1.288780774541984E-002
    665  1.287082886244358E-002
    666  1.283111367754543E-002
    667  1.276555809269109E-002
    668  1.275900186758805E-002
    669  1.272648745474294E-002
    670  1.271483667428637E-002
    671  1.265123731537127E-002
    672  1.264806102283710E-002
    673  1.261918784840071E-002
    674  1.259191246604186E-002
    675  1.257640772113704E-002
    676  1.252401197079355E-002
    677  1.246678682494974E-002
    678  1.240688195172679E-002
    679  1.235689444419055E-002
    680  1.233157501285770E-002
    681  1.231458176405875E-002
    682  1.228261947470824E-002
    683  1.227970234302911E-002
    684  1.226973443790210E-002
    685  1.226214987503246E-002
    686  1.225658092417587E-002
    687  1.224885709198043E-002
    688  1.224026103689043E-002
    689  1.222348791909618E-002
    690  1.219588187419173E-002
    691  1.217674446251982E-002
    692  1.217435841696340E-002
    693  1.216420287202666E-002
    694  1.216368650686852E-002
    695  1.215409715151699E-002
    696  1.211958057791146E-002
    697  1.211674971692356E-002
    698  1.209842876577785E-002
    699  1.208817347894936E-002
    700  1.206705539573595E-002
    701  1.204431342258356E-002
    702  1.203772630360412E-002
    703  1.201017856478766E-002
    704  1.197497786025510E-002
    705  1.193686636606447E-002
    706  1.190009341148382E-002
    707  1.185987183532250E-002
    708  1.185153870980440E-002
    709  1.183592384707506E-002
    710  1.182983352126939E-002
    711  1.179561845821711E-002
    712  1.176495330671799E-002
    713  1.175209805035630E-002
    714  1.174666021984511E-002
    715  1.173450939613614E-002
    716  1.172545934184366E-002
    717  1.169772985049419E-002
    718  1.167858611508416E-002
    719  1.167607470215315E-002
    720  1.162280520989094E-002
    721  1.160381562816400E-002
    722  1.159974093324747E-002
    723  1.158758009603301E-002
    724  1.157709451707836E-002
    725  1.157018195529106E-002
    726  1.153956533934579E-002
    727  1.151365002118701E-002
    728  1.151026260736002E-002
    729  1.150289516486440E-002
    730  1.147473823686377E-002
    731  1.146936797287779E-002
    732  1.146867955297231E-002
    733  1.145012032650597E-002
    734  1.144940926063516E-002
    735  1.144042681412932E-002
    736  1.142761364616590E-002
    737  1.142687083887003E-002
    738  1.140240033618831E-002
    739  1.140155367731033E-002
    740  1.140089168391764E-002
    741  1.139622832403560E-002
    742  1.138874524769684E-002
    743  1.137987807186246E-002
    744  1.135238902000236E-002
    745  1.134319245504730E-002
    746  1.131537757015962E-002
    747  1.131215624506828E-002
    748  1.130160005548339E-002
    749  1.128298220986664E-002
    750  1.127765527580207E-002
    751  1.126074289948591E-002
    752  1.123932663940305E-002
    753  1.121335342650601E-002
    754  1.120734894854799E-002
    755  1.120715563334128E-002
    756  1.118541618873945E-002
    757  1.116576607959795E-002
    758  1.114376421325495E-002
    759  1.111785859494525E-002
    760  1.106761224070052E-002
    761  1.105109682276448E-002
    762  1.102952955417425E-002
    763  1.093783124891441E-002
    764  1.090741409071322E-002
    765  1.087388465068111E-002
    766  1.086168832233810E-002
    767  1.079742679011480E-002
    768  1.076601566953909E-002
    769  1.072347722629924E-002
    770  1.071655961161497E-002
    771  1.067838073656408E-002
    772  1.059693842758799E-002
    773  1.052903614941874E-002
    774  1.047587846679918E-002
    775  1.038571660001769E-002
    776  1.034033115343493E-002
    777  1.033611725932074E-002
    778  1.023573814649412E-002
    779  1.022852124450684E-002
    780  1.021845991525788E-002
    781  1.015562314837802E-002
    782  1.012918156922956E-002
    783  1.012456894389904E-002
    784  1.011079882731336E-002
    785  1.009454083461861E-002
    786  1.008785329087330E-002
    787  1.007216405105424E-002
    788  1.005076426752605E-002
    789  1.003685271364360E-002
    790  1.002928260098093E-002
    791  1.001829928718031E-002
    792  1.001107959019526E-002
    793  9.996401319873421E-003
    794  9.982103040979681E-003
    795  9.976231302141829E-003
    796  9.937769753863493E-003
    797  9.905142137871768E-003
    798  9.904777163803297E-003
    799  9.887983988204060E-003
    800  9.881785332914313E-003
    801  9.857925356533221E-003
    802  9.831711396349517E-003
    803  9.796775202589274E-003
    804  9.783090160542691E-003
    805  9.738527884039318E-003
    806  9.720425408945377E-003
    807  9.715148902161868E-003
    808  9.699589137143810E-003
    809  9.628291370497399E-003
    810  9.617872995617782E-003
    811  9.595126746410157E-003
    812  9.580943559805526E-003
    813  9.553538583115341E-003
    814  9.539747568653679E-003
    815  9.529266729394937E-003
    816  9.528883809426195E-003
    817  9.494802534933783E-003
    818  9.477375167116367E-003
    819  9.461586513535450E-003
    820  9.440954945535537E-003
    821  9.438948823779204E-003
    822  9.432636844044709E-003
    823  9.430579485560123E-003
    824  9.414787388591535E-003
    825  9.403288503673364E-003
    826  9.388922476241766E-003
    827  9.374677189763998E-003
    828  9.366430348487427E-003
    829  9.355050857373181E-003
    830  9.354513374406580E-003
    831  9.339470234666199E-003
    832  9.328150548231134E-003
    833  9.316920569537149E-003
    834  9.309394759185588E-003
    835  9.305109598640546E-003
    836  9.266802255107644E-003
    837  9.265991046509936E-003
    838  9.256208657594694E-003
    839  9.242286148402180E-003
    840  9.196980382762884E-003
    841  9.183215249161381E-003
    842  9.171463820876110E-003
    843  9.146299426477366E-003
    844  9.102757827384782E-003
    845  9.084999884927983E-003
    846  9.048144514490545E-003
    847  9.045914073539779E-003
    848  8.983723569007762E-003
    849  8.946091412583809E-003
    850  8.871499175959351E-003
    851  8.854932481725414E-003
    852  8.847712837213091E-003
    853  8.824925967695201E-003
    854  8.789960359229309E-003
    855  8.740789297177773E-003
    856  8.738250587773491E-003
    857  8.718255010179343E-003
    858  8.715969061940382E-003
    859  8.713354302731490E-003
    860  8.696207429510796E-003
    861  8.695830546450765E-003
    862  8.671154172947709E-003
    863  8.655337158884059E-003
    864  8.642363906904328E-003
    865  8.639626550198712E-003
    866  8.518864159050942E-003
    867  8.495539069997582E-003
    868  8.475965878659574E-003
    869  8.426053389027095E-003
    870  8.353404950656295E-003
    871  8.319371488270970E-003
    872  8.307536766308367E-003
    873  8.293927030268242E-003
    874  8.258620246079708E-003
    875  8.257258767913930E-003
    876  8.229643482395467E-003
    877  8.219856529801967E-003
    878  8.189610647043230E-003
    879  8.187133703185894E-003
    880  8.148334821976693E-003
    881  8.077025054720842E-003
    882  8.057419235413001E-003
    883  8.050439725040506E-003
    884  8.047488399718285E-003
    885  8.017314698806127E-003
    886  7.996454408354574E-003
    887  7.971456391190842E-003
    888  7.968047029801641E-003
    889  7.787453722267917E-003
    890  7.750871705398401E-003
    891  7.748541819111804E-003
    892  7.723632440176669E-003
    893  7.638769740236515E-003
    894  7.609545148664570E-003
    895  7.456381670419440E-003
    896  7.455054452804534E-003
    897  7.419635227851876E-003
    898  7.326951325722909E-003
    899  7.284074225380025E-003
    900  7.211247045542716E-003
    901  7.037032113835655E-003
    902  7.022695190031088E-003
    903  6.954461718280004E-003
    904  6.922689011298894E-003
    905  6.852930755944676E-003
    906  6.828357837047581E-003
    907  6.803334051819809E-003
    908  6.760479338006078E-003
    909  6.751806905999992E-003
    910  6.706528737440150E-003
    911  6.689907213869100E-003
    912  6.662901742453796E-003
    913  6.636620152052158E-003
    914  6.626522259927467E-003
    915  6.618959082102142E-003
    916  6.612854169906437E-003
    917  6.593660155178429E-003
    918  6.561293610313722E-003
    919  6.538737620441506E-003
    920  6.511028435248644E-003
    921  6.494914890742153E-003
    922  6.470749624976946E-003
    923  6.468969612994528E-003
    924  6.461211767534143E-003
    925  6.427677546602809E-003
    926  6.402185018034359E-003
    927  6.371892905122020E-003
    928  6.355576370431647E-003
    929  6.341176337369782E-003
    930  6.335436885006044E-003
    931  6.330259474763638E-003
    932  6.326792642298562E-003
    933  6.324847871375945E-003
    934  6.298051298103152E-003
    935  6.286682666571267E-003
    936  6.249372185348172E-003
    937  6.249070320471173E-003
    938  6.242283452263712E-003
    939  6.228724997703056E-003
    940  6.222125540553266E-003
    941  6.217483806641479E-003
    942  6.201140866722775E-003
    943  6.192218227972082E-003
    944  6.192003711761899E-003
    945  6.175131582894179E-003
    946  6.168801945646554E-003
    947  6.148456949301401E-003
    948  6.136039227001351E-003
    949  6.128588464696540E-003
    950  6.115750085584088E-003
    951  6.096906138071325E-003
    952  6.095852559381160E-003
    953  6.079618610212829E-003
    954  6.079309185209072E-003
    955  6.074570857857738E-003
    956  6.073774603761187E-003
    957  6.070154805937512E-003
    958  6.067681070528990E-003
    959  6.059968452460268E-003
    960  6.058347888247986E-003
    961  6.055543341875608E-003
    962  6.046700823763814E-003
    963  6.040260591896001E-003
    964  6.031673820179221E-003
    965  6.000992683918349E-003
    966  5.976138680170703E-003
    967  5.961546818828319E-003
    968  5.957654424229365E-003
    969  5.949568708987394E-003
    970  5.944622954903513E-003
    971  5.928660964168430E-003
    972  5.919649927618869E-003
    973  5.900425087612167E-003
    974  5.898331393713292E-003
    975  5.896266150644897E-003
    976  5.877737965073128E-003
    977  5.873430720646491E-003
    978  5.865980556819776E-003
    979  5.858738024559725E-003
    980  5.852882562222874E-003
    981  5.844356025577106E-003
    982  5.831641387165032E-003
    983  5.820693722142434E-003
    984  5.818902135456743E-003
    985  5.803119788652041E-003
    986  5.795582548315471E-003
    987  5.785385007895369E-003
    988  5.785121478847664E-003
    989  5.747555253247182E-003
    990  5.738506276668364E-003
    991  5.714202834111250E-003
    992  5.694564911749753E-003
    993  5.683859069518157E-003
    994  5.678227617783008E-003
    995  5.663001385215402E-003
    996  5.658813304597364E-003
    997  5.654029174342970E-003
    998  5.647501959755913E-003
    999  5.645249214267113E-003
   1000  5.644473112724822E-003
   1001  5.632450372960762E-003
   1002  5.631362833562974E-003
   1003  5.612526562300451E-003
   1004  5.611706947475084E-003
   1005  5.608715147378595E-003
   1006  5.597228876928572E-003
   1007  5.586084513833200E-003
   1008  5.584233067270379E-003
   1009  5.571838515265501E-003
   1010  5.559774894731574E-003
   1011  5.549982894719221E-003
   1012  5.543984795918210E-003
   1013  5.536653496132791E-003
   1014  5.528046364474089E-003
   1015  5.525528247642572E-003
   1016  5.523521665975006E-003
   1017  5.518302457745031E-003
   1018  5.509348252295938E-003
   1019  5.499858798505865E-003
   1020  5.490088853750734E-003
   1021  5.479453088613778E-003
   1022  5.462236229949253E-003
   1023  5.454865313245657E-003
   1024  5.442530956973292E-003
   1025  5.434904172417083E-003
   1026  5.431310125511901E-003
   1027  5.422055086595985E-003
   1028  5.400268969052985E-003
   1029  5.396609265758253E-003
   1030  5.373133833306011E-003
   1031  5.369980667820171E-003
   1032  5.360400961263202E-003
   1033  5.346445220993149E-003
   1034  5.345285842184150E-003
   1035  5.344287609063943E-003
   1036  5.332711223902846E-003
   1037  5.319855385256820E-003
   1038  5.298882750280179E-003
   1039  5.285401022667306E-003
   1040  5.274080714440577E-003
   1041  5.268185536248774E-003
   1042  5.240128326949220E-003
   1043  5.235032574713693E-003
   1044  5.221344104499725E-003
   1045  5.191929955284762E-003
   1046  5.181654043967820E-003
   1047  5.141532628536777E-003
   1048  5.129248139862507E-003
   1049  5.115227412150040E-003
   1050  5.100565663357406E-003
   1051  5.029772782275353E-003
   1052  5.015346808403373E-003
   1053  4.993283710854277E-003
   1054  4.991113435132913E-003
   1055  4.986843071151859E-003
   1056  4.976726567128057E-003
   1057  4.975534881042647E-003
   1058  4.945777532720091E-003
   1059  4.926589953919765E-003
   1060  4.907377949157733E-003
   1061  4.869994923283713E-003
   1062  4.864202314450831E-003
   1063  4.862782630474188E-003
   1064  4.851650723738899E-003
   1065  4.816754525567662E-003
   1066  4.809969792002927E-003
   1067  4.799716039377377E-003
   1068  4.794588980496593E-003
   1069  4.694680394700583E-003
   1070  4.636183913752125E-003
   1071  4.587193072591588E-003
   1072  4.567340482724942E-003
   1073  4.542357134070235E-003
   1074  4.502799399273274E-003
   1075  6.267471759057972E-004
   1076  6.109549839589121E-004
   1077  1.974126974317364E-011
