# t, dt:    2.625000000000001E-003  1.250000000000000E-004
# j, New nj
      1  1.292007380255335E+000
      2  1.262143810285957E+000
      3  1.237527762290708E+000
      4  1.210352882210052E+000
      5  1.185401369132142E+000
      6  1.171952800757730E+000
      7  1.167096779772244E+000
      8  1.162170970088819E+000
      9  1.151179144826156E+000
     10  1.137186387643448E+000
     11  1.015110601938527E+000
     12  9.991433288394417E-001
     13  8.322703070705483E-001
     14  8.271756372855164E-001
     15  8.099700867653143E-001
     16  8.061936961263066E-001
     17  8.017458835503156E-001
     18  7.837145607643889E-001
     19  7.765845037677702E-001
     20  7.719244095785216E-001
     21  7.704283213707536E-001
     22  7.702300301463494E-001
     23  7.645778883620032E-001
     24  7.619039872525500E-001
     25  7.112098411774466E-001
     26  7.077864576932534E-001
     27  7.015694674080870E-001
     28  6.948562231683685E-001
     29  6.943893622519192E-001
     30  6.789542104487900E-001
     31  6.741578578813866E-001
     32  6.586578788024695E-001
     33  6.580312850598855E-001
     34  6.549298149218589E-001
     35  6.502158106843154E-001
     36  6.492262602396919E-001
     37  6.473830178500889E-001
     38  6.464470532693155E-001
     39  6.448258701854996E-001
     40  6.407688325217544E-001
     41  6.386616098953938E-001
     42  6.355397343310779E-001
     43  6.185504941104834E-001
     44  6.175995108064364E-001
     45  6.106614663730359E-001
     46  6.093921103069138E-001
     47  6.072234588167749E-001
     48  6.048291816023587E-001
     49  6.045002703542063E-001
     50  6.034255982189652E-001
     51  6.024136353300208E-001
     52  6.005968808176348E-001
     53  6.005755987333066E-001
     54  5.988337898626699E-001
     55  5.887163565142221E-001
     56  5.841232233400295E-001
     57  5.757711496419263E-001
     58  5.748677646236409E-001
     59  5.732558151500592E-001
     60  5.716569582789816E-001
     61  5.679155088489122E-001
     62  5.655286932380641E-001
     63  5.644600644027525E-001
     64  5.630054816359755E-001
     65  5.604320318333312E-001
     66  5.578982116764493E-001
     67  5.542429608965722E-001
     68  5.535754150753566E-001
     69  5.529193215074429E-001
     70  5.478325508194553E-001
     71  5.452996238409954E-001
     72  5.437466320733679E-001
     73  5.409780155769814E-001
     74  5.402068475970688E-001
     75  5.368405105700609E-001
     76  5.362801606294737E-001
     77  5.356629374554426E-001
     78  5.347010799240320E-001
     79  5.333876739679598E-001
     80  5.303847498093629E-001
     81  5.303325271404276E-001
     82  5.281675079087605E-001
     83  5.280244566823995E-001
     84  5.270273281388803E-001
     85  5.241320294445507E-001
     86  5.233244485135308E-001
     87  5.192832200793317E-001
     88  5.183712799204244E-001
     89  5.150133862567928E-001
     90  5.135863071328742E-001
     91  5.125616451148034E-001
     92  5.121845941545544E-001
     93  5.107288905004763E-001
     94  5.103655329893105E-001
     95  5.094521481184558E-001
     96  5.090090559122571E-001
     97  5.084113278847538E-001
     98  5.082863026663250E-001
     99  5.073440303953863E-001
    100  5.069373722181790E-001
    101  5.064847330594606E-001
    102  4.998679532941012E-001
    103  4.952605626147710E-001
    104  4.927531517939716E-001
    105  4.900876962268946E-001
    106  4.900096213556851E-001
    107  4.880516663055173E-001
    108  4.868972330731209E-001
    109  4.857354541801637E-001
    110  4.851833631628850E-001
    111  4.847870137033196E-001
    112  4.843906124353843E-001
    113  4.839939504957810E-001
    114  4.815605703806669E-001
    115  4.801036476806240E-001
    116  4.797139228376393E-001
    117  4.783287716767790E-001
    118  4.749179905135893E-001
    119  4.745460987061791E-001
    120  4.729287993800132E-001
    121  4.723936647362824E-001
    122  4.708321408983770E-001
    123  4.700596869982039E-001
    124  4.681038035376088E-001
    125  4.675281414581801E-001
    126  4.668226343508548E-001
    127  4.667342435915467E-001
    128  4.649688817556656E-001
    129  4.642192729125030E-001
    130  4.638765793967338E-001
    131  4.618601014226982E-001
    132  4.614872909996199E-001
    133  4.608012766631173E-001
    134  4.586443011195668E-001
    135  4.581486674346643E-001
    136  4.570642858994593E-001
    137  4.567780798586883E-001
    138  4.561340124026326E-001
    139  4.554875531260296E-001
    140  4.552174049206793E-001
    141  4.544937295679706E-001
    142  4.528358718212650E-001
    143  4.503360859789357E-001
    144  4.499642193786291E-001
    145  4.468565583359199E-001
    146  4.460891898809896E-001
    147  4.443351340023344E-001
    148  4.418072867598696E-001
    149  4.396650688719426E-001
    150  4.321663163398101E-001
    151  4.316712883806758E-001
    152  4.292057533408546E-001
    153  4.265252723980938E-001
    154  4.244367290332975E-001
    155  4.241904930810519E-001
    156  4.230508359830604E-001
    157  4.225662525322410E-001
    158  4.219626103612154E-001
    159  4.216430371869915E-001
    160  4.215796773536021E-001
    161  4.212881142600043E-001
    162  4.211796175502240E-001
    163  4.196557613870940E-001
    164  4.179268185482886E-001
    165  4.091774227811116E-001
    166  4.085661428179638E-001
    167  4.065232919797504E-001
    168  4.028913410599133E-001
    169  4.024529713327048E-001
    170  3.990591003237244E-001
    171  3.967278481574775E-001
    172  3.960844602076424E-001
    173  3.933068815741506E-001
    174  3.913420278596705E-001
    175  3.901396571965810E-001
    176  3.899377498905572E-001
    177  3.893922692977885E-001
    178  3.882244296871117E-001
    179  3.863156475299626E-001
    180  3.850975357376364E-001
    181  3.845552899766521E-001
    182  3.838285161271706E-001
    183  3.828783447691818E-001
    184  3.807548656538668E-001
    185  3.805774863717016E-001
    186  3.793471710865963E-001
    187  3.786363958865968E-001
    188  3.776873884603859E-001
    189  3.766263213347398E-001
    190  3.758971251435262E-001
    191  3.718048276840517E-001
    192  3.717375268989609E-001
    193  3.689394330708519E-001
    194  3.687949018058926E-001
    195  3.666764690738850E-001
    196  3.660538475126443E-001
    197  3.651121602413046E-001
    198  3.645331151394758E-001
    199  3.643178260254264E-001
    200  3.639597802855993E-001
    201  3.638004783717444E-001
    202  3.636491656310502E-001
    203  3.634759871698734E-001
    204  3.632563079505018E-001
    205  3.629886509147976E-001
    206  3.628789832797414E-001
    207  3.627717661149275E-001
    208  3.625558636575106E-001
    209  3.624839458307601E-001
    210  3.622743848299236E-001
    211  3.620810939042981E-001
    212  3.615921946950085E-001
    213  3.613112496967563E-001
    214  3.608860314569686E-001
    215  3.605528572971231E-001
    216  3.603625216016412E-001
    217  3.603317076238552E-001
    218  3.599506941821203E-001
    219  3.596670342387890E-001
    220  3.586558742762064E-001
    221  3.580665221227931E-001
    222  3.579533630530270E-001
    223  3.565578018587602E-001
    224  3.557805936736592E-001
    225  3.554060223615036E-001
    226  3.549124740326464E-001
    227  3.548554920906373E-001
    228  3.540920465543531E-001
    229  3.518166587830375E-001
    230  3.464634306167057E-001
    231  3.424847974056788E-001
    232  3.421668097489941E-001
    233  3.411244395194425E-001
    234  3.402802094596225E-001
    235  3.382231928757948E-001
    236  3.373181657180822E-001
    237  3.368216282035057E-001
    238  3.367066846881010E-001
    239  3.362231653998564E-001
    240  3.355237305289331E-001
    241  3.347679987098645E-001
    242  3.343961486624062E-001
    243  3.335172168788167E-001
    244  3.332450274574780E-001
    245  3.327490820666695E-001
    246  3.281030676302230E-001
    247  3.278241152595662E-001
    248  3.271698820366448E-001
    249  3.229327020376788E-001
    250  3.226165539593643E-001
    251  3.185003426040051E-001
    252  3.166720683820626E-001
    253  3.152466966646312E-001
    254  3.142005117798779E-001
    255  3.127770573924670E-001
    256  3.123508488850932E-001
    257  3.111527927749629E-001
    258  3.096380476696128E-001
    259  3.087833530207827E-001
    260  3.064917668551824E-001
    261  3.056113784884469E-001
    262  3.051038947100987E-001
    263  3.047919762547249E-001
    264  3.041940632183707E-001
    265  3.039365281510786E-001
    266  3.037852657002807E-001
    267  3.037027483748422E-001
    268  3.034466455357493E-001
    269  3.032944794366406E-001
    270  3.031591943506915E-001
    271  3.028712395161172E-001
    272  3.026423498377069E-001
    273  3.025875265082462E-001
    274  3.025520026774234E-001
    275  3.024906672247872E-001
    276  3.021397894454101E-001
    277  3.021045186477610E-001
    278  3.019796690343873E-001
    279  3.018174696185515E-001
    280  3.016991149412174E-001
    281  3.015240288480873E-001
    282  3.010112047084729E-001
    283  3.010016596941432E-001
    284  2.991386658563367E-001
    285  2.990382328316146E-001
    286  2.973246118047860E-001
    287  2.972905901977500E-001
    288  2.944952788617933E-001
    289  2.934272412572089E-001
    290  2.931870200520891E-001
    291  2.930686642285713E-001
    292  2.926437315548832E-001
    293  2.922705964735345E-001
    294  2.917317697329286E-001
    295  2.916377947433144E-001
    296  2.912914531192571E-001
    297  2.907991151194517E-001
    298  2.892966967770650E-001
    299  2.892445120198941E-001
    300  2.878217893551673E-001
    301  2.873785107357599E-001
    302  2.872723610674351E-001
    303  2.848847447967660E-001
    304  2.833301047278881E-001
    305  2.810263790015546E-001
    306  2.805404279658119E-001
    307  2.802854352107191E-001
    308  2.802290490557910E-001
    309  2.796127334708099E-001
    310  2.790190787513644E-001
    311  2.782422574739518E-001
    312  2.780846765569864E-001
    313  2.779634629551102E-001
    314  2.775263475752801E-001
    315  2.772712538364919E-001
    316  2.770711733415129E-001
    317  2.764712088889779E-001
    318  2.763917629169223E-001
    319  2.760265712993157E-001
    320  2.756044592675894E-001
    321  2.754123082106091E-001
    322  2.749971621041804E-001
    323  2.749663365059694E-001
    324  2.746067800873504E-001
    325  2.727362236603027E-001
    326  2.726829412232867E-001
    327  2.726057091084187E-001
    328  2.723067685009252E-001
    329  2.706978932389896E-001
    330  2.699267520605081E-001
    331  2.655572958550080E-001
    332  2.652707395480041E-001
    333  2.634094412422018E-001
    334  2.627161098444283E-001
    335  2.615971236624591E-001
    336  2.563293803045125E-001
    337  2.539745498140912E-001
    338  2.517480588383690E-001
    339  2.450124675435471E-001
    340  2.445380034570412E-001
    341  2.440491385059003E-001
    342  2.427160224812963E-001
    343  2.421917998255495E-001
    344  2.415517393809903E-001
    345  2.393358881804319E-001
    346  2.390057568951146E-001
    347  2.389437429578234E-001
    348  2.359459895346242E-001
    349  2.358376827584574E-001
    350  2.349516249511646E-001
    351  2.345331195305424E-001
    352  2.285328256185083E-001
    353  2.275281691810853E-001
    354  2.270676263969638E-001
    355  2.263194766816409E-001
    356  2.226740320817433E-001
    357  2.212267817559728E-001
    358  2.207364319700426E-001
    359  2.184136311480151E-001
    360  2.122760084218839E-001
    361  2.115030941352805E-001
    362  2.104133257875846E-001
    363  2.100728981393995E-001
    364  2.095492046789008E-001
    365  2.084537499864199E-001
    366  2.083285978686201E-001
    367  2.078240804100882E-001
    368  2.072992402252991E-001
    369  2.068551845896490E-001
    370  2.063158999077627E-001
    371  2.057791337804747E-001
    372  2.056038296063880E-001
    373  2.052341914495603E-001
    374  2.049111874069856E-001
    375  2.048130108359952E-001
    376  2.047594813112290E-001
    377  2.045195964659520E-001
    378  2.018243597132209E-001
    379  2.017754652920086E-001
    380  2.006727629867260E-001
    381  2.004896086288524E-001
    382  1.970146158940234E-001
    383  1.966433803891996E-001
    384  1.941144142215296E-001
    385  1.895581242316840E-001
    386  1.866619097799125E-001
    387  1.810146060528012E-001
    388  1.752456693596746E-001
    389  1.746018186851440E-001
    390  1.741720369605496E-001
    391  1.737561889031733E-001
    392  1.706099175590475E-001
    393  1.600359917336782E-001
    394  1.491316981493856E-001
    395  1.488886261563624E-001
    396  1.480140345464418E-001
    397  1.479663217013357E-001
    398  1.475734664427032E-001
    399  1.474981711826237E-001
    400  1.472175077823018E-001
    401  1.467902406661625E-001
    402  1.459815131539257E-001
    403  1.454082079037508E-001
    404  1.453667682087801E-001
    405  1.448501728820173E-001
    406  1.444521024365810E-001
    407  1.439489755587338E-001
    408  1.430846060045572E-001
    409  1.424970111381245E-001
    410  1.423676340757387E-001
    411  1.417140415363073E-001
    412  1.411570374013943E-001
    413  1.406301021176193E-001
    414  1.405899679197617E-001
    415  1.405074595682287E-001
    416  1.403628552547607E-001
    417  1.391126166670789E-001
    418  1.386000581943297E-001
    419  1.381930435630988E-001
    420  1.371726006675621E-001
    421  1.368278966659377E-001
    422  1.363225569838296E-001
    423  1.355420073759513E-001
    424  1.347730793253191E-001
    425  1.342717934373893E-001
    426  1.337878355648553E-001
    427  1.332305800572964E-001
    428  1.327015556915818E-001
    429  1.325267380000185E-001
    430  1.324383585164157E-001
    431  1.323457410869493E-001
    432  1.320311377840055E-001
    433  1.319651133891601E-001
    434  1.317072498770866E-001
    435  1.315358090844045E-001
    436  1.313971860108491E-001
    437  1.310852959573520E-001
    438  1.310218268386196E-001
    439  1.302786991544254E-001
    440  1.298143364394369E-001
    441  1.291145994320644E-001
    442  1.289475875423561E-001
    443  1.283716203227056E-001
    444  1.269581052391980E-001
    445  1.263994139093306E-001
    446  1.260401284518431E-001
    447  1.241267951232745E-001
    448  1.233423435026467E-001
    449  1.229907566584492E-001
    450  1.224978878040577E-001
    451  1.222895988139868E-001
    452  1.219990329363103E-001
    453  1.218696660035660E-001
    454  1.208859459627976E-001
    455  1.206613435433851E-001
    456  1.206269494555483E-001
    457  1.200235932274832E-001
    458  1.194567424083355E-001
    459  1.186028340262628E-001
    460  1.173780476458208E-001
    461  1.168383897454850E-001
    462  1.167172449169815E-001
    463  1.164250765778917E-001
    464  1.163547025623736E-001
    465  1.161805798815822E-001
    466  1.160101535968092E-001
    467  1.159380640209121E-001
    468  1.159205746513827E-001
    469  1.155786162434054E-001
    470  1.154942803632790E-001
    471  1.154458993784050E-001
    472  1.154054792927921E-001
    473  1.151992329529007E-001
    474  1.151175038533138E-001
    475  1.148973534896860E-001
    476  1.147324017728275E-001
    477  1.146752442428242E-001
    478  1.144262435046615E-001
    479  1.141463631756114E-001
    480  1.140978478583360E-001
    481  1.139787122488848E-001
    482  1.139323323589924E-001
    483  1.138166212489203E-001
    484  1.137304374953990E-001
    485  1.136153180166853E-001
    486  1.135611282743272E-001
    487  1.134135322386650E-001
    488  1.132612087595761E-001
    489  1.131416718116557E-001
    490  1.129915859320054E-001
    491  1.126641397989798E-001
    492  1.125062772776914E-001
    493  1.107198532097887E-001
    494  1.106183717289204E-001
    495  1.100497469739651E-001
    496  1.097327473403377E-001
    497  1.094007669773053E-001
    498  1.084087460562187E-001
    499  1.082166414622599E-001
    500  1.079349708445919E-001
    501  1.075066466148491E-001
    502  1.071608145015390E-001
    503  1.057999100108226E-001
    504  1.053090248613061E-001
    505  1.046087908756487E-001
    506  1.044696319685120E-001
    507  1.042174049406482E-001
    508  1.040743648739972E-001
    509  1.039269485372543E-001
    510  1.038456383065915E-001
    511  1.037660668730294E-001
    512  1.036697120116884E-001
    513  1.036150144048679E-001
    514  1.035954279173190E-001
    515  1.035501716241254E-001
    516  1.034744468763358E-001
    517  1.034124144987829E-001
    518  1.033999497136787E-001
    519  1.033955043077445E-001
    520  1.033578094504816E-001
    521  1.032263786045935E-001
    522  1.002331409144214E-001
    523  9.999271904791361E-002
    524  9.992056345567542E-002
    525  9.971436081683846E-002
    526  9.954791647838541E-002
    527  9.931418639034963E-002
    528  9.928774476416909E-002
    529  9.922263407537775E-002
    530  9.703201672236833E-002
    531  9.642455364467639E-002
    532  9.566738493290645E-002
    533  9.386000268784103E-002
    534  9.351188384136962E-002
    535  6.472400630148896E-002
    536  6.446620743807437E-002
    537  6.176376168396690E-002
    538  3.427717712009356E-002
    539  2.095013230210181E-002
    540  1.970158223546795E-002
    541  1.962670234671986E-002
    542  1.956333431856356E-002
    543  1.920253082932667E-002
    544  1.837367345686960E-002
    545  1.825830730627719E-002
    546  1.825665873772830E-002
    547  1.814869826253488E-002
    548  1.809979960745016E-002
    549  1.791124144743324E-002
    550  1.787603905046251E-002
    551  1.784059863965484E-002
    552  1.782333986426100E-002
    553  1.776448108483738E-002
    554  1.754649903156576E-002
    555  1.751009804352846E-002
    556  1.726573475967512E-002
    557  1.725054728921455E-002
    558  1.718696667217921E-002
    559  1.717131317335252E-002
    560  1.697434403051080E-002
    561  1.694593354871066E-002
    562  1.692577238202744E-002
    563  1.689272575230194E-002
    564  1.685279097912949E-002
    565  1.681139534080344E-002
    566  1.678834539466657E-002
    567  1.672381405397608E-002
    568  1.654651082289721E-002
    569  1.653739527728405E-002
    570  1.650917422157329E-002
    571  1.642480184024390E-002
    572  1.638646552792045E-002
    573  1.637574961065198E-002
    574  1.633914127940055E-002
    575  1.630401229555334E-002
    576  1.626868316907976E-002
    577  1.626352642006340E-002
    578  1.623619555159411E-002
    579  1.622894213799990E-002
    580  1.621275510311680E-002
    581  1.620621968011925E-002
    582  1.616035048363420E-002
    583  1.613263364733339E-002
    584  1.606351258065388E-002
    585  1.604414463769692E-002
    586  1.600047157720008E-002
    587  1.599106253960018E-002
    588  1.597751012173651E-002
    589  1.594842109161432E-002
    590  1.593977240436788E-002
    591  1.590289821356889E-002
    592  1.590036974021394E-002
    593  1.586149513026013E-002
    594  1.582196741013280E-002
    595  1.579341895126585E-002
    596  1.575755042163192E-002
    597  1.575403198528651E-002
    598  1.570950751680171E-002
    599  1.569270813526978E-002
    600  1.564108414962560E-002
    601  1.563926120549347E-002
    602  1.563227754036520E-002
    603  1.562336451593227E-002
    604  1.559755516698786E-002
    605  1.556232709285164E-002
    606  1.554536707608926E-002
    607  1.554364382237300E-002
    608  1.551138666094538E-002
    609  1.549803970338838E-002
    610  1.549688126975887E-002
    611  1.549320744429223E-002
    612  1.547925817666059E-002
    613  1.544966827380132E-002
    614  1.543907358720644E-002
    615  1.543017699486058E-002
    616  1.541466590789783E-002
    617  1.540454882358477E-002
    618  1.534578482105423E-002
    619  1.533247161430386E-002
    620  1.530610801390835E-002
    621  1.529839806269325E-002
    622  1.528559843193034E-002
    623  1.526938631778195E-002
    624  1.525604527458724E-002
    625  1.523539152395940E-002
    626  1.521633056140772E-002
    627  1.520663243093264E-002
    628  1.516846908635681E-002
    629  1.514242220097983E-002
    630  1.514074985324590E-002
    631  1.513307046070696E-002
    632  1.512484404120003E-002
    633  1.512256788310768E-002
    634  1.510236604060625E-002
    635  1.508503650227685E-002
    636  1.508447371980119E-002
    637  1.506691504819091E-002
    638  1.506307077786203E-002
    639  1.505413128426485E-002
    640  1.504802875894359E-002
    641  1.504161542924309E-002
    642  1.502904078381129E-002
    643  1.501842511491678E-002
    644  1.500840467093189E-002
    645  1.500490811205518E-002
    646  1.498833440600190E-002
    647  1.497862488906940E-002
    648  1.497134772589606E-002
    649  1.495789459428710E-002
    650  1.492829851069792E-002
    651  1.492463163185620E-002
    652  1.488474665124996E-002
    653  1.487764277148749E-002
    654  1.482817772985387E-002
    655  1.480838324939816E-002
    656  1.479274825679430E-002
    657  1.477549460831717E-002
    658  1.477128924931920E-002
    659  1.474714022441380E-002
    660  1.470320465122661E-002
    661  1.469678999486972E-002
    662  1.468152207957288E-002
    663  1.461802025940664E-002
    664  1.459165517811799E-002
    665  1.457293936949726E-002
    666  1.452915892702426E-002
    667  1.445688558872787E-002
    668  1.444965700688714E-002
    669  1.441380677955266E-002
    670  1.440096012694238E-002
    671  1.433082749941728E-002
    672  1.432732468853662E-002
    673  1.429548237580982E-002
    674  1.426540047598128E-002
    675  1.424829962883546E-002
    676  1.419050617554096E-002
    677  1.412737884585861E-002
    678  1.406128757115997E-002
    679  1.400613167109825E-002
    680  1.397819222315695E-002
    681  1.395943972657205E-002
    682  1.392416672940312E-002
    683  1.392094732096706E-002
    684  1.390994638351432E-002
    685  1.390157563681334E-002
    686  1.389542934871718E-002
    687  1.388690466437640E-002
    688  1.387741716030952E-002
    689  1.385890411117555E-002
    690  1.382843300144130E-002
    691  1.380730841062441E-002
    692  1.380467454549375E-002
    693  1.379346407891398E-002
    694  1.379289406927450E-002
    695  1.378230837753171E-002
    696  1.374420377459254E-002
    697  1.374107852139800E-002
    698  1.372085185698329E-002
    699  1.370952949515182E-002
    700  1.368621328447687E-002
    701  1.366110300315312E-002
    702  1.365382968956743E-002
    703  1.362341115085994E-002
    704  1.358453954736977E-002
    705  1.354245034250236E-002
    706  1.350183615668100E-002
    707  1.345740947384803E-002
    708  1.344820465558103E-002
    709  1.343095594713534E-002
    710  1.342422820990542E-002
    711  1.338643057757569E-002
    712  1.335255219836572E-002
    713  1.333834924708749E-002
    714  1.333234121716239E-002
    715  1.331891602896738E-002
    716  1.330891658639839E-002
    717  1.327827693746526E-002
    718  1.325712302906381E-002
    719  1.325434784197086E-002
    720  1.319547987396979E-002
    721  1.317449288689596E-002
    722  1.316998948466745E-002
    723  1.315654894123308E-002
    724  1.314495965910116E-002
    725  1.313731934124843E-002
    726  1.310347800735381E-002
    727  1.307483135831346E-002
    728  1.307108680897271E-002
    729  1.306294251938234E-002
    730  1.303181541233245E-002
    731  1.302587843730013E-002
    732  1.302511736499361E-002
    733  1.300459905294194E-002
    734  1.300381291117714E-002
    735  1.299388197147886E-002
    736  1.297971546603756E-002
    737  1.297889419044813E-002
    738  1.295183792669423E-002
    739  1.295090177626870E-002
    740  1.295016980917546E-002
    741  1.294501349451960E-002
    742  1.293673928458870E-002
    743  1.292693446513118E-002
    744  1.289653739830104E-002
    745  1.288636752873974E-002
    746  1.285560762127804E-002
    747  1.285204510021345E-002
    748  1.284037064048576E-002
    749  1.281977983725402E-002
    750  1.281388824209559E-002
    751  1.279518266546538E-002
    752  1.277149463805419E-002
    753  1.274276473047602E-002
    754  1.273612272009170E-002
    755  1.273590887791439E-002
    756  1.271186045438535E-002
    757  1.269012225460145E-002
    758  1.266578123623201E-002
    759  1.263711986628173E-002
    760  1.258152362551351E-002
    761  1.256324835747048E-002
    762  1.253938187625752E-002
    763  1.243789462709647E-002
    764  1.240422560761982E-002
    765  1.236710880246041E-002
    766  1.235360684736303E-002
    767  1.228245967057989E-002
    768  1.224767891166844E-002
    769  1.220057301363174E-002
    770  1.219291218772205E-002
    771  1.215062919669863E-002
    772  1.206041916270070E-002
    773  1.198519328655189E-002
    774  1.192629363493414E-002
    775  1.182637519807003E-002
    776  1.177607013005365E-002
    777  1.177139917849970E-002
    778  1.166011805031088E-002
    779  1.165211625863666E-002
    780  1.164096044656598E-002
    781  1.157128184745838E-002
    782  1.154195794138856E-002
    783  1.153684230510092E-002
    784  1.152157018941873E-002
    785  1.150353814188520E-002
    786  1.149612064446182E-002
    787  1.147871840974942E-002
    788  1.145498101752945E-002
    789  1.143954913795706E-002
    790  1.143115149429366E-002
    791  1.141896724447725E-002
    792  1.141095794575791E-002
    793  1.139467388967671E-002
    794  1.137881080588379E-002
    795  1.137229629463130E-002
    796  1.132962196993596E-002
    797  1.129341725835421E-002
    798  1.129301225343056E-002
    799  1.127437676478290E-002
    800  1.126749787424342E-002
    801  1.124101848942432E-002
    802  1.121192479706102E-002
    803  1.117314759303445E-002
    804  1.115795700089284E-002
    805  1.110848844992366E-002
    806  1.108839124536376E-002
    807  1.108253313414782E-002
    808  1.106525781334882E-002
    809  1.098608991749996E-002
    810  1.097452026142874E-002
    811  1.094925932012391E-002
    812  1.093350734393132E-002
    813  1.090306942685983E-002
    814  1.088775129549834E-002
    815  1.087610950303918E-002
    816  1.087568416112991E-002
    817  1.083782541484566E-002
    818  1.081846509599455E-002
    819  1.080092445751341E-002
    820  1.077800237537061E-002
    821  1.077577346545273E-002
    822  1.076876043453081E-002
    823  1.076647454577509E-002
    824  1.074892784328868E-002
    825  1.073615087993923E-002
    826  1.072018753121367E-002
    827  1.070435772693539E-002
    828  1.069519329786341E-002
    829  1.068254732209849E-002
    830  1.068195000996766E-002
    831  1.066523200520715E-002
    832  1.065265155606803E-002
    833  1.064017041730768E-002
    834  1.063180592058209E-002
    835  1.062704313814046E-002
    836  1.058446356149590E-002
    837  1.058356183371430E-002
    838  1.057268771089257E-002
    839  1.055721091107148E-002
    840  1.050684310215048E-002
    841  1.049153871465642E-002
    842  1.047847274205479E-002
    843  1.045049194145048E-002
    844  1.040207245752361E-002
    845  1.038232341072690E-002
    846  1.034133245878856E-002
    847  1.033885159942079E-002
    848  1.026967240026397E-002
    849  1.022780530425325E-002
    850  1.014480534674724E-002
    851  1.012636888134392E-002
    852  1.011833412520741E-002
    853  1.009297346175894E-002
    854  1.005405516603650E-002
    855  9.999318779429889E-003
    856  9.996492515503922E-003
    857  9.974231335452874E-003
    858  9.971686293312713E-003
    859  9.968775150928104E-003
    860  9.949684117393491E-003
    861  9.949264491341408E-003
    862  9.921788499697673E-003
    863  9.904175927244204E-003
    864  9.889729320506123E-003
    865  9.886681014148762E-003
    866  9.752175614525663E-003
    867  9.726190408679969E-003
    868  9.704383559483455E-003
    869  9.648769225903102E-003
    870  9.567806371711843E-003
    871  9.529871595356778E-003
    872  9.516679295679228E-003
    873  9.501507764221125E-003
    874  9.462146306662665E-003
    875  9.460628387312953E-003
    876  9.429838551670721E-003
    877  9.418925883782625E-003
    878  9.385198921971545E-003
    879  9.382436756823404E-003
    880  9.339167326467267E-003
    881  9.259626997032644E-003
    882  9.237755082843144E-003
    883  9.229968527356866E-003
    884  9.226675885632862E-003
    885  9.193010836236418E-003
    886  9.169734909595127E-003
    887  9.141840022578545E-003
    888  9.138035394511355E-003
    889  8.936443809966612E-003
    890  8.895593512676478E-003
    891  8.892991612199497E-003
    892  8.865172787389243E-003
    893  8.770380406144784E-003
    894  8.737729934910871E-003
    895  8.566557879651259E-003
    896  8.565074212396861E-003
    897  8.525477289001718E-003
    898  8.421837870475939E-003
    899  8.373880992386432E-003
    900  8.292408805425998E-003
    901  8.097425694123608E-003
    902  8.081374072427806E-003
    903  8.004968061118710E-003
    904  7.969383137505845E-003
    905  7.891239943867394E-003
    906  7.863708399020220E-003
    907  7.835669028967929E-003
    908  7.787643650204571E-003
    909  7.777923868621203E-003
    910  7.727172223046612E-003
    911  7.708539140746205E-003
    912  7.678262835288836E-003
    913  7.648794987731164E-003
    914  7.637472059019673E-003
    915  7.628991049009544E-003
    916  7.622145087100411E-003
    917  7.600620107679294E-003
    918  7.564319160196613E-003
    919  7.539018531576538E-003
    920  7.507934516010522E-003
    921  7.489856827803898E-003
    922  7.462743748058390E-003
    923  7.460746494981419E-003
    924  7.452041676287612E-003
    925  7.414410878893704E-003
    926  7.385800697256238E-003
    927  7.351800054524624E-003
    928  7.333484194696023E-003
    929  7.317318643141268E-003
    930  7.310875234694324E-003
    931  7.305062672039031E-003
    932  7.301170466744390E-003
    933  7.298987052031987E-003
    934  7.268900453719506E-003
    935  7.256134987429785E-003
    936  7.214235979127792E-003
    937  7.213896963375825E-003
    938  7.206274713030388E-003
    939  7.191046720377703E-003
    940  7.183634314126865E-003
    941  7.178420667526087E-003
    942  7.160063279752972E-003
    943  7.150040288695224E-003
    944  7.149799313356378E-003
    945  7.130845430384292E-003
    946  7.123734463568654E-003
    947  7.100876778275002E-003
    948  7.086924436485768E-003
    949  7.078552528836438E-003
    950  7.064126297180561E-003
    951  7.042950278837955E-003
    952  7.041766261418145E-003
    953  7.023521777927301E-003
    954  7.023174018919692E-003
    955  7.017848611889446E-003
    956  7.016953690990160E-003
    957  7.012885311501785E-003
    958  7.010104982791455E-003
    959  7.001436275147457E-003
    960  6.999614781729759E-003
    961  6.996462477115598E-003
    962  6.986523251537377E-003
    963  6.979284017949863E-003
    964  6.969631618678787E-003
    965  6.935139950372811E-003
    966  6.907195716198054E-003
    967  6.890788140713587E-003
    968  6.886411223159234E-003
    969  6.877318761207527E-003
    970  6.871757053758602E-003
    971  6.853806291995891E-003
    972  6.843671968636163E-003
    973  6.822049257418429E-003
    974  6.819694309365385E-003
    975  6.817371340617120E-003
    976  6.796530023309647E-003
    977  6.791684796736175E-003
    978  6.783303872832737E-003
    979  6.775156250265229E-003
    980  6.768568843228020E-003
    981  6.758976160268559E-003
    982  6.744671013064520E-003
    983  6.732353213515387E-003
    984  6.730337345799892E-003
    985  6.712578564547026E-003
    986  6.704096979421619E-003
    987  6.692621318964073E-003
    988  6.692324753117004E-003
    989  6.650045443939604E-003
    990  6.639860084906747E-003
    991  6.612502476466378E-003
    992  6.590394444061928E-003
    993  6.578341142264438E-003
    994  6.572000662947406E-003
    995  6.554856537718408E-003
    996  6.550140713390299E-003
    997  6.544753617508190E-003
    998  6.537403553605437E-003
    999  6.534866764885862E-003
   1000  6.533992800363634E-003
   1001  6.520453639050169E-003
   1002  6.519228891150976E-003
   1003  6.498015161625066E-003
   1004  6.497092054644875E-003
   1005  6.493722451833271E-003
   1006  6.480785259153167E-003
   1007  6.468232490060325E-003
   1008  6.466146996484469E-003
   1009  6.452185138768056E-003
   1010  6.438595268233841E-003
   1011  6.427563841286858E-003
   1012  6.420806275444320E-003
   1013  6.412546438021285E-003
   1014  6.402848809356847E-003
   1015  6.400011579188208E-003
   1016  6.397750684931900E-003
   1017  6.391869896269485E-003
   1018  6.381780322877093E-003
   1019  6.371087158252069E-003
   1020  6.360077411649186E-003
   1021  6.348091381290235E-003
   1022  6.328687444314799E-003
   1023  6.320379695191091E-003
   1024  6.306476994029615E-003
   1025  6.297880025956130E-003
   1026  6.293828678646381E-003
   1027  6.283395716584450E-003
   1028  6.258834930841182E-003
   1029  6.254708871861621E-003
   1030  6.228240197539916E-003
   1031  6.224684753064399E-003
   1032  6.213882532880717E-003
   1033  6.198144913688776E-003
   1034  6.196837455501271E-003
   1035  6.195711718982458E-003
   1036  6.182656284438455E-003
   1037  6.168157045253727E-003
   1038  6.144501415558403E-003
   1039  6.129293679297245E-003
   1040  6.116523283492855E-003
   1041  6.109872667395585E-003
   1042  6.078217349841616E-003
   1043  6.072467626042551E-003
   1044  6.057021686649926E-003
   1045  6.023827393330221E-003
   1046  6.012229700922194E-003
   1047  5.966941633681913E-003
   1048  5.953073327636632E-003
   1049  5.937243851884292E-003
   1050  5.920689424477299E-003
   1051  5.840740025046230E-003
   1052  5.824444499107642E-003
   1053  5.799519690214127E-003
   1054  5.797067758867123E-003
   1055  5.792243109514992E-003
   1056  5.780813062398387E-003
   1057  5.779466605141892E-003
   1058  5.745841705250910E-003
   1059  5.724157466077786E-003
   1060  5.702443366652045E-003
   1061  5.660185219483590E-003
   1062  5.653636423870402E-003
   1063  5.652031377807585E-003
   1064  5.639445591879965E-003
   1065  5.599986785079302E-003
   1066  5.592314077045014E-003
   1067  5.580717782352003E-003
   1068  5.574919180666466E-003
   1069  5.461891286483919E-003
   1070  5.395683709482861E-003
   1071  5.340217650806213E-003
   1072  5.317736604390243E-003
   1073  5.289441778452887E-003
   1074  5.244632246192212E-003
   1075  7.710011741801727E-004
   1076  7.521100440169086E-004
   1077  3.942845605719961E-011
