# t, dt:    3.750000000000000E-004  1.250000000000000E-004
# j, New nj
      1  1.899245710302735E+000
      2  1.858260468032670E+000
      3  1.824462893980188E+000
      4  1.787136490691816E+000
      5  1.752848911406742E+000
      6  1.734362058792390E+000
      7  1.727685702477138E+000
      8  1.720912787038952E+000
      9  1.705796946927924E+000
     10  1.686549686084034E+000
     11  1.518392007285474E+000
     12  1.496361812206110E+000
     13  1.265506753613993E+000
     14  1.258438057918024E+000
     15  1.234555352510384E+000
     16  1.229311187924269E+000
     17  1.223133587823098E+000
     18  1.198077823408128E+000
     19  1.188164697467575E+000
     20  1.181683927203101E+000
     21  1.179603035231706E+000
     22  1.179327223617701E+000
     23  1.171464369405507E+000
     24  1.167743915985483E+000
     25  1.097116558843160E+000
     26  1.092340448893023E+000
     27  1.083664583504281E+000
     28  1.074292843888324E+000
     29  1.073640971527847E+000
     30  1.052079239604317E+000
     31  1.045375138782672E+000
     32  1.023696725626291E+000
     33  1.022819928661196E+000
     34  1.018479509663506E+000
     35  1.011880754570019E+000
     36  1.010495308886479E+000
     37  1.007914393169247E+000
     38  1.006603733324710E+000
     39  1.004333351598556E+000
     40  9.986506233751907E-001
     41  9.956984154174284E-001
     42  9.913239188966272E-001
     43  9.675015156099894E-001
     44  9.661672037791930E-001
     45  9.564297648808811E-001
     46  9.546477119671990E-001
     47  9.516027509010494E-001
     48  9.482404260705749E-001
     49  9.477784835769496E-001
     50  9.462690711333994E-001
     51  9.448476249130121E-001
     52  9.422954627807019E-001
     53  9.422655638081872E-001
     54  9.398183518788622E-001
     55  9.255970632926604E-001
     56  9.191371433076159E-001
     57  9.073844409504630E-001
     58  9.061127548515029E-001
     59  9.038433943859080E-001
     60  9.015921668858853E-001
     61  8.963229451319072E-001
     62  8.929606368239240E-001
     63  8.914550379985242E-001
     64  8.894054451063168E-001
     65  8.857786751716878E-001
     66  8.822069660089004E-001
     67  8.770530777016774E-001
     68  8.761116615457732E-001
     69  8.751863418006729E-001
     70  8.680103882816923E-001
     71  8.644359369754735E-001
     72  8.622439560077080E-001
     73  8.583353967032552E-001
     74  8.572465318243746E-001
     75  8.524924528730660E-001
     76  8.517009580176900E-001
     77  8.508290812539114E-001
     78  8.494702796558127E-001
     79  8.476146506370168E-001
     80  8.433711327950294E-001
     81  8.432973246296581E-001
     82  8.402370978290583E-001
     83  8.400348741568574E-001
     84  8.386252100655412E-001
     85  8.345312794295772E-001
     86  8.333891581987548E-001
     87  8.276724760554699E-001
     88  8.263821350929926E-001
     89  8.216298913400326E-001
     90  8.196097326647384E-001
     91  8.181590494082376E-001
     92  8.176251944291806E-001
     93  8.155639130885881E-001
     94  8.150493492062358E-001
     95  8.137557857260357E-001
     96  8.131282207744410E-001
     97  8.122815944730930E-001
     98  8.121045011669575E-001
     99  8.107697350115316E-001
    100  8.101936467955633E-001
    101  8.095523911371532E-001
    102  8.001748582231308E-001
    103  7.936411563107055E-001
    104  7.900840323122297E-001
    105  7.863016140740691E-001
    106  7.861908048525406E-001
    107  7.834116226709984E-001
    108  7.817726966030395E-001
    109  7.801231253504383E-001
    110  7.793391531680977E-001
    111  7.787763043529291E-001
    112  7.782133564452333E-001
    113  7.776500127576157E-001
    114  7.741935367324490E-001
    115  7.721235964120199E-001
    116  7.715698307138180E-001
    117  7.696014452260362E-001
    118  7.647531469073257E-001
    119  7.642243981510476E-001
    120  7.619246796869787E-001
    121  7.611636470780342E-001
    122  7.589426725903671E-001
    123  7.578438471556185E-001
    124  7.550611173610766E-001
    125  7.542419687085219E-001
    126  7.532379759852864E-001
    127  7.531121827783871E-001
    128  7.505995233950840E-001
    129  7.495324309124656E-001
    130  7.490445625406447E-001
    131  7.461734245585940E-001
    132  7.456425236319042E-001
    133  7.446655395439594E-001
    134  7.415931424044625E-001
    135  7.408870429220341E-001
    136  7.393420344514136E-001
    137  7.389342172627101E-001
    138  7.380164259653426E-001
    139  7.370951501116373E-001
    140  7.367101364127226E-001
    141  7.356786923681771E-001
    142  7.333154078791130E-001
    143  7.297509865343966E-001
    144  7.292206457118807E-001
    145  7.247876093952056E-001
    146  7.236926870068248E-001
    147  7.211894838202516E-001
    148  7.175809661684549E-001
    149  7.145219655206561E-001
    150  7.038069055834241E-001
    151  7.030991571744932E-001
    152  6.995734038498090E-001
    153  6.957388581071984E-001
    154  6.927500712640311E-001
    155  6.923976379154347E-001
    156  6.907662999931498E-001
    157  6.900725703529306E-001
    158  6.892083267841379E-001
    159  6.887507577997352E-001
    160  6.886600357995707E-001
    161  6.882425491646939E-001
    162  6.880871890634129E-001
    163  6.859048627545500E-001
    164  6.834282275249799E-001
    165  6.708850942338516E-001
    166  6.700081282222501E-001
    167  6.670767625819188E-001
    168  6.618627852918285E-001
    169  6.612332624984636E-001
    170  6.563579641114982E-001
    171  6.530075489465604E-001
    172  6.520826611398161E-001
    173  6.480886768122311E-001
    174  6.452622136104006E-001
    175  6.435321257472914E-001
    176  6.432415670889041E-001
    177  6.424565323958951E-001
    178  6.407755755247002E-001
    179  6.380273967118484E-001
    180  6.362731378400819E-001
    181  6.354921047019673E-001
    182  6.344451668502324E-001
    183  6.330762167723353E-001
    184  6.300160027739227E-001
    185  6.297603234727769E-001
    186  6.279866904106618E-001
    187  6.269618522945395E-001
    188  6.255933119846752E-001
    189  6.240628946566826E-001
    190  6.230109761375879E-001
    191  6.171049264858016E-001
    192  6.170077598621835E-001
    193  6.129668826923985E-001
    194  6.127580996223673E-001
    195  6.096972550632873E-001
    196  6.087974176050867E-001
    197  6.074362498016209E-001
    198  6.065991430919483E-001
    199  6.062878827833386E-001
    200  6.057701994029580E-001
    201  6.055398599014633E-001
    202  6.053210656134100E-001
    203  6.050706461932546E-001
    204  6.047529736771136E-001
    205  6.043659033619546E-001
    206  6.042073024807505E-001
    207  6.040522421906706E-001
    208  6.037399885515879E-001
    209  6.036359729118801E-001
    210  6.033328739415446E-001
    211  6.030532962474044E-001
    212  6.023461010346177E-001
    213  6.019396820617610E-001
    214  6.013245128363963E-001
    215  6.008424692036672E-001
    216  6.005670732023977E-001
    217  6.005224876039087E-001
    218  5.999711663360077E-001
    219  5.995606873582748E-001
    220  5.980972694433249E-001
    221  5.972441844397938E-001
    222  5.970803756724027E-001
    223  5.950598608228849E-001
    224  5.939343619913000E-001
    225  5.933918710234535E-001
    226  5.926770032593888E-001
    227  5.925944645968458E-001
    228  5.914885175983902E-001
    229  5.881913123769665E-001
    230  5.804279788614426E-001
    231  5.746524351052854E-001
    232  5.741906192724557E-001
    233  5.726765549506431E-001
    234  5.714500426449911E-001
    235  5.684606267809952E-001
    236  5.671449433932743E-001
    237  5.664229901438161E-001
    238  5.662558538017843E-001
    239  5.655527344390920E-001
    240  5.645355032592166E-001
    241  5.634362175013444E-001
    242  5.628952570140141E-001
    243  5.616164238666446E-001
    244  5.612203408185991E-001
    245  5.604985912264214E-001
    246  5.537332786442732E-001
    247  5.533268507240812E-001
    248  5.523735428511297E-001
    249  5.461958444127567E-001
    250  5.457346601942590E-001
    251  5.397268939386072E-001
    252  5.370565290551469E-001
    253  5.349738059767231E-001
    254  5.334446734203500E-001
    255  5.313634706410284E-001
    256  5.307401751902521E-001
    257  5.289877552196102E-001
    258  5.267713435933600E-001
    259  5.255203543704752E-001
    260  5.221648701302620E-001
    261  5.208752182455371E-001
    262  5.201316868537027E-001
    263  5.196746355291819E-001
    264  5.187984138853446E-001
    265  5.184209621938963E-001
    266  5.181992550849642E-001
    267  5.180783047512210E-001
    268  5.177029034195894E-001
    269  5.174798428325248E-001
    270  5.172815205872603E-001
    271  5.168593671647833E-001
    272  5.165237825668508E-001
    273  5.164434007842872E-001
    274  5.163913152348918E-001
    275  5.163013831545367E-001
    276  5.157868861839897E-001
    277  5.157351654551607E-001
    278  5.155520833685620E-001
    279  5.153142216162051E-001
    280  5.151406506561009E-001
    281  5.148838711450295E-001
    282  5.141316989642597E-001
    283  5.141176980668110E-001
    284  5.113843151251145E-001
    285  5.112369206774715E-001
    286  5.087214060342642E-001
    287  5.086714519734420E-001
    288  5.045654811447577E-001
    289  5.029958209468107E-001
    290  5.026427108670658E-001
    291  5.024687264700037E-001
    292  5.018440228475486E-001
    293  5.012954063333248E-001
    294  5.005030729530774E-001
    295  5.003648723163221E-001
    296  4.998555067327288E-001
    297  4.991313374933523E-001
    298  4.969208331185741E-001
    299  4.968440366909639E-001
    300  4.947498758920080E-001
    301  4.940972205101162E-001
    302  4.939409199728028E-001
    303  4.904239818101360E-001
    304  4.881326794464668E-001
    305  4.847353836392425E-001
    306  4.840184525052878E-001
    307  4.836422155121482E-001
    308  4.835590148767742E-001
    309  4.826495169716150E-001
    310  4.817732982610973E-001
    311  4.806264902052993E-001
    312  4.803938228272078E-001
    313  4.802148439241486E-001
    314  4.795693622718235E-001
    315  4.791926290070749E-001
    316  4.788971208592971E-001
    317  4.780108958248200E-001
    318  4.778935314918065E-001
    319  4.773540021583398E-001
    320  4.767303029084078E-001
    321  4.764463594418635E-001
    322  4.758328358071511E-001
    323  4.757872770198674E-001
    324  4.752558369870021E-001
    325  4.724901019559118E-001
    326  4.724112965473489E-001
    327  4.722970668892774E-001
    328  4.718548942777623E-001
    329  4.694744304741524E-001
    330  4.683330274383122E-001
    331  4.618601714076609E-001
    332  4.614353451636991E-001
    333  4.586749389941430E-001
    334  4.576462500314037E-001
    335  4.559855122726805E-001
    336  4.481588389552594E-001
    337  4.446554269939648E-001
    338  4.413402410215947E-001
    339  4.312946534040534E-001
    340  4.305860747468201E-001
    341  4.298558557129450E-001
    342  4.278638830265936E-001
    343  4.270802979918209E-001
    344  4.261233485538852E-001
    345  4.228086046894146E-001
    346  4.223145070581550E-001
    347  4.222216854749796E-001
    348  4.177319618222642E-001
    349  4.175696503385954E-001
    350  4.162415133105747E-001
    351  4.156140379214235E-001
    352  4.066057426465535E-001
    353  4.050952269038126E-001
    354  4.044025776230757E-001
    355  4.032770802940363E-001
    356  3.977877376898051E-001
    357  3.956060135098810E-001
    358  3.948664938751755E-001
    359  3.913611486439044E-001
    360  3.820807911362994E-001
    361  3.809102082675458E-001
    362  3.792590099514909E-001
    363  3.787430217032660E-001
    364  3.779490899418371E-001
    365  3.762876988616097E-001
    366  3.760978336272329E-001
    367  3.753323239301503E-001
    368  3.745357761450184E-001
    369  3.738616730691114E-001
    370  3.730428065144778E-001
    371  3.722275453951228E-001
    372  3.719612391955655E-001
    373  3.713996416421760E-001
    374  3.709088105973062E-001
    375  3.707596074369758E-001
    376  3.706782532003248E-001
    377  3.703136489023907E-001
    378  3.662140595347110E-001
    379  3.661396363295558E-001
    380  3.644606896720643E-001
    381  3.641817302588027E-001
    382  3.588839268782406E-001
    383  3.583173802658254E-001
    384  3.544548681146670E-001
    385  3.474823881774624E-001
    386  3.430409471747338E-001
    387  3.343588521034508E-001
    388  3.254587429661209E-001
    389  3.244634161403335E-001
    390  3.237987876437332E-001
    391  3.231555303590433E-001
    392  3.182830113037000E-001
    393  3.018304761562925E-001
    394  2.847288682205986E-001
    395  2.843459678946424E-001
    396  2.829676306427442E-001
    397  2.828924076436811E-001
    398  2.822729278603973E-001
    399  2.821541743263860E-001
    400  2.817114544951098E-001
    401  2.810372822731512E-001
    402  2.797605537673490E-001
    403  2.788549560782474E-001
    404  2.787894805467588E-001
    405  2.779730560686085E-001
    406  2.773437021444675E-001
    407  2.765479454458380E-001
    408  2.751800327978815E-001
    409  2.742495450935215E-001
    410  2.740446055177091E-001
    411  2.730089275128552E-001
    412  2.721258319512957E-001
    413  2.712900072703386E-001
    414  2.712263303481084E-001
    415  2.710954154303482E-001
    416  2.708659504067431E-001
    417  2.688807702339834E-001
    418  2.680662607190785E-001
    419  2.674192008146739E-001
    420  2.657958693535272E-001
    421  2.652471653495203E-001
    422  2.644424421432469E-001
    423  2.631987173356372E-001
    424  2.619726173534169E-001
    425  2.611728071654854E-001
    426  2.604002814411531E-001
    427  2.595103091516412E-001
    428  2.586649813007058E-001
    429  2.583855449591700E-001
    430  2.582442572217680E-001
    431  2.580961814674692E-001
    432  2.575930972948253E-001
    433  2.574874976489129E-001
    434  2.570750045176925E-001
    435  2.568007003902036E-001
    436  2.565788706278873E-001
    437  2.560796619844670E-001
    438  2.559780550362254E-001
    439  2.547879157169509E-001
    440  2.540437793695849E-001
    441  2.529218041981016E-001
    442  2.526538964614996E-001
    443  2.517296263185159E-001
    444  2.494590170701473E-001
    445  2.485606476051992E-001
    446  2.479826449704778E-001
    447  2.449008821138375E-001
    448  2.436355713730096E-001
    449  2.430681197377193E-001
    450  2.422722793074813E-001
    451  2.419358248194460E-001
    452  2.414663387076342E-001
    453  2.412572641930227E-001
    454  2.396664662570832E-001
    455  2.393030136297691E-001
    456  2.392473489623153E-001
    457  2.382705078986889E-001
    458  2.373521682961485E-001
    459  2.359676652390216E-001
    460  2.339794761350215E-001
    461  2.331025615087464E-001
    462  2.329056322557148E-001
    463  2.324305781202251E-001
    464  2.323161285389075E-001
    465  2.320329115177535E-001
    466  2.317556508384552E-001
    467  2.316383540801403E-001
    468  2.316098956750599E-001
    469  2.310533489941867E-001
    470  2.309160555240399E-001
    471  2.308372881684189E-001
    472  2.307714782131617E-001
    473  2.304356292263281E-001
    474  2.303025198491737E-001
    475  2.299439042044956E-001
    476  2.296751432267664E-001
    477  2.295820023454199E-001
    478  2.291761697145016E-001
    479  2.287198636287298E-001
    480  2.286407505340180E-001
    481  2.284464585529904E-001
    482  2.283708125010490E-001
    483  2.281820681182523E-001
    484  2.280414707235046E-001
    485  2.278536456834457E-001
    486  2.277652224844836E-001
    487  2.275243557146788E-001
    488  2.272757288667073E-001
    489  2.270805849355349E-001
    490  2.268355297093772E-001
    491  2.263007308144332E-001
    492  2.260428265246370E-001
    493  2.231207909449280E-001
    494  2.229546035049212E-001
    495  2.220230232589765E-001
    496  2.215033908159927E-001
    497  2.209589773231328E-001
    498  2.193307874212255E-001
    499  2.190152484902035E-001
    500  2.185524520435465E-001
    501  2.178483726930938E-001
    502  2.172796063507166E-001
    503  2.150389000923859E-001
    504  2.142296692939264E-001
    505  2.130743982895076E-001
    506  2.128446784625562E-001
    507  2.124281979111347E-001
    508  2.121919446240493E-001
    509  2.119484148906468E-001
    510  2.118140704866643E-001
    511  2.116825844991156E-001
    512  2.115233458946722E-001
    513  2.114329417940001E-001
    514  2.114005676310224E-001
    515  2.113257609578554E-001
    516  2.112005808369112E-001
    517  2.110980257571579E-001
    518  2.110774172824067E-001
    519  2.110700674481641E-001
    520  2.110077426547239E-001
    521  2.107904091137697E-001
    522  2.058299569762198E-001
    523  2.054306083382093E-001
    524  2.053107284816491E-001
    525  2.049680728304485E-001
    526  2.046914104998545E-001
    527  2.043027933428274E-001
    528  2.042588211818221E-001
    529  2.041505355229570E-001
    530  2.005012517694763E-001
    531  1.994871797676304E-001
    532  1.982218846199333E-001
    533  1.951956097005201E-001
    534  1.946117372950035E-001
    535  1.450038946754199E-001
    536  1.445454213604151E-001
    537  1.397205775706491E-001
    538  8.806804732051084E-002
    539  6.024863981216184E-002
    540  5.747935827738339E-002
    541  5.731211263024890E-002
    542  5.717047295745185E-002
    543  5.636213515447793E-002
    544  5.449274921482573E-002
    545  5.423113875204322E-002
    546  5.422739780374265E-002
    547  5.398225453491868E-002
    548  5.387111853617659E-002
    549  5.344196050518182E-002
    550  5.336173251039254E-002
    551  5.328092771159052E-002
    552  5.324156487167057E-002
    553  5.310726129926604E-002
    554  5.260903275353566E-002
    555  5.252570349621664E-002
    556  5.196533301445368E-002
    557  5.193044897123878E-002
    558  5.178433870541186E-002
    559  5.174834854906284E-002
    560  5.129487219774254E-002
    561  5.122936978560588E-002
    562  5.118287232821095E-002
    563  5.110663130578601E-002
    564  5.101445566433330E-002
    565  5.091885810936657E-002
    566  5.086560529004108E-002
    567  5.071643257798685E-002
    568  5.030592730801087E-002
    569  5.028479658457256E-002
    570  5.021936136527919E-002
    571  5.002358466359683E-002
    572  4.993455729012138E-002
    573  4.990966390659602E-002
    574  4.982459493977406E-002
    575  4.974292460468551E-002
    576  4.966075031207680E-002
    577  4.964875264861209E-002
    578  4.958515096108500E-002
    579  4.956826762127182E-002
    580  4.953058409240581E-002
    581  4.951536725994804E-002
    582  4.940852948531326E-002
    583  4.934393985697819E-002
    584  4.918275879365752E-002
    585  4.913756823721298E-002
    586  4.903562367475116E-002
    587  4.901365252811844E-002
    588  4.898200116939413E-002
    589  4.891404461408431E-002
    590  4.889383470190754E-002
    591  4.880764165668560E-002
    592  4.880172977807899E-002
    593  4.871081033470466E-002
    594  4.861831347810579E-002
    595  4.855147724138199E-002
    596  4.846746617203401E-002
    597  4.845922305989956E-002
    598  4.835487480709987E-002
    599  4.831548671055891E-002
    600  4.819439051140020E-002
    601  4.819011277020616E-002
    602  4.817372381326618E-002
    603  4.815280479348968E-002
    604  4.809221507351077E-002
    605  4.800947863014072E-002
    606  4.796963181717645E-002
    607  4.796558257580599E-002
    608  4.788976766594490E-002
    609  4.785838784031008E-002
    610  4.785566398577396E-002
    611  4.784702533120474E-002
    612  4.781422085421042E-002
    613  4.774461286001590E-002
    614  4.771968256574890E-002
    615  4.769874515086452E-002
    616  4.766223472524336E-002
    617  4.763841651318721E-002
    618  4.750000307051879E-002
    619  4.746862884599294E-002
    620  4.740648210844378E-002
    621  4.738830305601318E-002
    622  4.735811876840361E-002
    623  4.731987914743453E-002
    624  4.728840485790361E-002
    625  4.723966645600985E-002
    626  4.719467382140272E-002
    627  4.717177702644576E-002
    628  4.708164414409861E-002
    629  4.702009890890874E-002
    630  4.701614658544208E-002
    631  4.699799635147483E-002
    632  4.697855097526335E-002
    633  4.697317024724373E-002
    634  4.692540626389408E-002
    635  4.688442219133115E-002
    636  4.688309104665894E-002
    637  4.684155418308964E-002
    638  4.683245874266872E-002
    639  4.681130616778718E-002
    640  4.679686482418711E-002
    641  4.678168658899298E-002
    642  4.675192242240499E-002
    643  4.672679088821755E-002
    644  4.670306490594221E-002
    645  4.669478508248491E-002
    646  4.665553290523937E-002
    647  4.663253303067850E-002
    648  4.661529275868737E-002
    649  4.658341619243737E-002
    650  4.651326744614794E-002
    651  4.650457406722609E-002
    652  4.640998499066402E-002
    653  4.639313196259032E-002
    654  4.627573343490733E-002
    655  4.622872979093848E-002
    656  4.619159341678867E-002
    657  4.615060236149985E-002
    658  4.614060971155243E-002
    659  4.608321537169832E-002
    660  4.597874172428069E-002
    661  4.596348267123607E-002
    662  4.592715776043343E-002
    663  4.577598688288544E-002
    664  4.571318029512730E-002
    665  4.566858052325447E-002
    666  4.556420232971123E-002
    667  4.539174135594730E-002
    668  4.537448182252835E-002
    669  4.528885478167503E-002
    670  4.525815954716524E-002
    671  4.509048083569234E-002
    672  4.508210128588982E-002
    673  4.500590617547445E-002
    674  4.493388906035641E-002
    675  4.489293406685649E-002
    676  4.475444336438157E-002
    677  4.460302836432563E-002
    678  4.444434355068549E-002
    679  4.431178802482168E-002
    680  4.424459735791642E-002
    681  4.419948339713976E-002
    682  4.411458869027873E-002
    683  4.410683787621435E-002
    684  4.408034981722568E-002
    685  4.406019161953643E-002
    686  4.404538858673694E-002
    687  4.402485489924011E-002
    688  4.400199874849627E-002
    689  4.395738935840767E-002
    690  4.388393679830513E-002
    691  4.383299354006444E-002
    692  4.382664059889963E-002
    693  4.379959769433517E-002
    694  4.379822253506282E-002
    695  4.377268205591522E-002
    696  4.368070962411929E-002
    697  4.367316374326845E-002
    698  4.362431751980429E-002
    699  4.359696769057463E-002
    700  4.354063020406575E-002
    701  4.347993396528588E-002
    702  4.346234837965603E-002
    703  4.338877915731563E-002
    704  4.329471247656638E-002
    705  4.319279190392362E-002
    706  4.309437633161928E-002
    707  4.298664691992331E-002
    708  4.296431644127624E-002
    709  4.292246268006884E-002
    710  4.290613467223464E-002
    711  4.281436709575967E-002
    712  4.273206589236395E-002
    713  4.269754863854746E-002
    714  4.268294493492996E-002
    715  4.265030706277326E-002
    716  4.262599273142093E-002
    717  4.255146495461300E-002
    718  4.249998789450444E-002
    719  4.249323324665545E-002
    720  4.234987753590070E-002
    721  4.229873540545641E-002
    722  4.228775892430222E-002
    723  4.225499429606877E-002
    724  4.222673657627143E-002
    725  4.220810443039619E-002
    726  4.212554778516465E-002
    727  4.205562648620461E-002
    728  4.204648419124399E-002
    729  4.202659793734299E-002
    730  4.195056804293569E-002
    731  4.193606200948530E-002
    732  4.193420234624856E-002
    733  4.188405715458093E-002
    734  4.188213553262662E-002
    735  4.185785839866572E-002
    736  4.182321984277691E-002
    737  4.182121148094645E-002
    738  4.175503172542062E-002
    739  4.175274134421379E-002
    740  4.175095049120874E-002
    741  4.173833425352447E-002
    742  4.171808694313650E-002
    743  4.169409042483583E-002
    744  4.161967013625133E-002
    745  4.159476277758211E-002
    746  4.151940091469575E-002
    747  4.151067012361814E-002
    748  4.148205533520263E-002
    749  4.143157187463591E-002
    750  4.141712383139078E-002
    751  4.137124202287039E-002
    752  4.131311750881831E-002
    753  4.124258908828768E-002
    754  4.122627869920868E-002
    755  4.122575354808234E-002
    756  4.116668310615246E-002
    757  4.111326576082629E-002
    758  4.105342817472687E-002
    759  4.098293682336962E-002
    760  4.084609811447245E-002
    761  4.080108772691497E-002
    762  4.074228456067770E-002
    763  4.049195524299745E-002
    764  4.040880584147270E-002
    765  4.031708301266069E-002
    766  4.028370173631762E-002
    767  4.010766686863476E-002
    768  4.002152775241011E-002
    769  3.990477608455460E-002
    770  3.988577920360387E-002
    771  3.978087989146548E-002
    772  3.955680394780327E-002
    773  3.936965910190510E-002
    774  3.922294547631345E-002
    775  3.897368356975472E-002
    776  3.884801022575100E-002
    777  3.883633500222006E-002
    778  3.855787313467635E-002
    779  3.853782696039795E-002
    780  3.850987410971476E-002
    781  3.833514485557267E-002
    782  3.826153983701796E-002
    783  3.824869490992749E-002
    784  3.821034026345115E-002
    785  3.816503947335739E-002
    786  3.814640029559761E-002
    787  3.810266012817650E-002
    788  3.804297247326081E-002
    789  3.800415401417866E-002
    790  3.798302499953450E-002
    791  3.795236239169451E-002
    792  3.793220233792809E-002
    793  3.789120416982923E-002
    794  3.785125312302511E-002
    795  3.783484272787110E-002
    796  3.772729115174841E-002
    797  3.763597290366315E-002
    798  3.763495099500783E-002
    799  3.758792093164299E-002
    800  3.757055634331385E-002
    801  3.750369120108225E-002
    802  3.743018328919265E-002
    803  3.733214180678762E-002
    804  3.729371398457605E-002
    805  3.716849042869941E-002
    806  3.711758070062668E-002
    807  3.710273714151285E-002
    808  3.705895374201718E-002
    809  3.685810781022360E-002
    810  3.682872855026794E-002
    811  3.676455802747702E-002
    812  3.672452615867533E-002
    813  3.664713446592981E-002
    814  3.660816788872915E-002
    815  3.657854492155137E-002
    816  3.657746248701115E-002
    817  3.648107875578957E-002
    818  3.643176017037320E-002
    819  3.638705971023126E-002
    820  3.632862030472898E-002
    821  3.632293623397614E-002
    822  3.630505015665447E-002
    823  3.629921963905957E-002
    824  3.625445463576677E-002
    825  3.622184768555001E-002
    826  3.618109662788781E-002
    827  3.614067283488825E-002
    828  3.611726386166556E-002
    829  3.608495436765326E-002
    830  3.608342806578982E-002
    831  3.604070093178958E-002
    832  3.600853831824567E-002
    833  3.597662104478766E-002
    834  3.595522624107497E-002
    835  3.594304222898648E-002
    836  3.583406101113919E-002
    837  3.583175198519496E-002
    838  3.580390342836134E-002
    839  3.576425618171725E-002
    840  3.563513600121683E-002
    841  3.559587456026297E-002
    842  3.556234514507890E-002
    843  3.549050973680019E-002
    844  3.536609805380838E-002
    845  3.531531582941477E-002
    846  3.520984219251519E-002
    847  3.520345564281280E-002
    848  3.502522418168907E-002
    849  3.491722564649962E-002
    850  3.470282303911031E-002
    851  3.465514421705870E-002
    852  3.463435919812068E-002
    853  3.456872918520547E-002
    854  3.446794033859089E-002
    855  3.432603513283584E-002
    856  3.431870316109133E-002
    857  3.426093597467911E-002
    858  3.425432977508811E-002
    859  3.424677281040409E-002
    860  3.419720231017417E-002
    861  3.419611249250150E-002
    862  3.412473118604931E-002
    863  3.407895073231317E-002
    864  3.404138565164248E-002
    865  3.403345762404773E-002
    866  3.368307483776297E-002
    867  3.361525661709863E-002
    868  3.355831127613579E-002
    869  3.341294939044743E-002
    870  3.320098795850315E-002
    871  3.310153259355053E-002
    872  3.306692439478752E-002
    873  3.302711029864266E-002
    874  3.292374714761757E-002
    875  3.291975911282057E-002
    876  3.283883302341464E-002
    877  3.281013624687090E-002
    878  3.272139681090523E-002
    879  3.271412599143706E-002
    880  3.260016380510216E-002
    881  3.239035381924249E-002
    882  3.233258774564133E-002
    883  3.231201500303955E-002
    884  3.230331435868977E-002
    885  3.221431494584766E-002
    886  3.215273700374396E-002
    887  3.207889174782872E-002
    888  3.206881584665373E-002
    889  3.153353636293095E-002
    890  3.142472928171518E-002
    891  3.141779506021079E-002
    892  3.134362682988089E-002
    893  3.109049318816026E-002
    894  3.100315683076314E-002
    895  3.054404372142461E-002
    896  3.054005501737358E-002
    897  3.043354291707972E-002
    898  3.015421637660478E-002
    899  3.002469407557072E-002
    900  2.980425691170261E-002
    901  2.927463452948365E-002
    902  2.923090276082725E-002
    903  2.902246004781984E-002
    904  2.892522274270206E-002
    905  2.871133642037007E-002
    906  2.863586192050688E-002
    907  2.855893177238298E-002
    908  2.842701731631835E-002
    909  2.840029623711431E-002
    910  2.826064547463162E-002
    911  2.820931993972781E-002
    912  2.812586071681704E-002
    913  2.804455605250523E-002
    914  2.801329548942351E-002
    915  2.798987384045448E-002
    916  2.797096318613247E-002
    917  2.791147861855107E-002
    918  2.781107094227302E-002
    919  2.774102313423101E-002
    920  2.765488782061342E-002
    921  2.760475521616923E-002
    922  2.752951263282285E-002
    923  2.752396744274412E-002
    924  2.749979524266780E-002
    925  2.739522281982927E-002
    926  2.731563445769430E-002
    927  2.722095659567203E-002
    928  2.716991181963527E-002
    929  2.712483488636254E-002
    930  2.710686120368122E-002
    931  2.709064405142888E-002
    932  2.707978303496354E-002
    933  2.707368972280698E-002
    934  2.698968257628136E-002
    935  2.695401443313247E-002
    936  2.683684002497132E-002
    937  2.683589128478782E-002
    938  2.681455754392571E-002
    939  2.677192036140616E-002
    940  2.675115852171378E-002
    941  2.673655229630629E-002
    942  2.668510350463977E-002
    943  2.665699976512965E-002
    944  2.665632397367237E-002
    945  2.660315287444712E-002
    946  2.658319598603017E-002
    947  2.651901421890828E-002
    948  2.647981373077893E-002
    949  2.645628330166280E-002
    950  2.641572095250197E-002
    951  2.635614480742288E-002
    952  2.635281247400995E-002
    953  2.630144795543231E-002
    954  2.630046858864652E-002
    955  2.628546962892277E-002
    956  2.628294882925964E-002
    957  2.627148812401648E-002
    958  2.626365498184541E-002
    959  2.623922754850489E-002
    960  2.623409388086232E-002
    961  2.622520873228005E-002
    962  2.619718765163445E-002
    963  2.617677258613875E-002
    964  2.614954448278431E-002
    965  2.605217540672514E-002
    966  2.597320579214802E-002
    967  2.592680333377383E-002
    968  2.591442051819454E-002
    969  2.588869093277361E-002
    970  2.587294861705287E-002
    971  2.582211876504008E-002
    972  2.579340826961556E-002
    973  2.573211763403273E-002
    974  2.572543965045468E-002
    975  2.571885181782476E-002
    976  2.565972305701900E-002
    977  2.564597056567106E-002
    978  2.562217702368340E-002
    979  2.559903916855240E-002
    980  2.558032725245371E-002
    981  2.555307097633966E-002
    982  2.551240790016114E-002
    983  2.547737762267100E-002
    984  2.547164330580877E-002
    985  2.542110929697779E-002
    986  2.539696313034932E-002
    987  2.536428165026866E-002
    988  2.536343688621998E-002
    989  2.524291397797156E-002
    990  2.521385217218139E-002
    991  2.513574064229066E-002
    992  2.507256183671446E-002
    993  2.503809561875954E-002
    994  2.501995912290088E-002
    995  2.497089879521092E-002
    996  2.495739847438235E-002
    997  2.494197364063867E-002
    998  2.492092340349752E-002
    999  2.491365685909341E-002
   1000  2.491115326293018E-002
   1001  2.487235826192309E-002
   1002  2.486884793882228E-002
   1003  2.480802118158167E-002
   1004  2.480537326231755E-002
   1005  2.479570684780698E-002
   1006  2.475858274013341E-002
   1007  2.472254497030240E-002
   1008  2.471655611771137E-002
   1009  2.467645044647007E-002
   1010  2.463739355308054E-002
   1011  2.460567517985734E-002
   1012  2.458623895307528E-002
   1013  2.456247527770161E-002
   1014  2.453456578909757E-002
   1015  2.452639842947286E-002
   1016  2.451988951771070E-002
   1017  2.450295669888273E-002
   1018  2.447389672532439E-002
   1019  2.444308639029883E-002
   1020  2.441135106266858E-002
   1021  2.437678679687726E-002
   1022  2.432079856755587E-002
   1023  2.429681488966668E-002
   1024  2.425666237125854E-002
   1025  2.423182287521055E-002
   1026  2.422011439685257E-002
   1027  2.418995467651311E-002
   1028  2.411890708565188E-002
   1029  2.410696504227132E-002
   1030  2.403031223871629E-002
   1031  2.402000984531854E-002
   1032  2.398870033204837E-002
   1033  2.394306273342933E-002
   1034  2.393926999084295E-002
   1035  2.393600424352458E-002
   1036  2.389812028311022E-002
   1037  2.385602442845876E-002
   1038  2.378729414080928E-002
   1039  2.374307557322837E-002
   1040  2.370592374613197E-002
   1041  2.368656836843117E-002
   1042  2.359437263589520E-002
   1043  2.357761438711707E-002
   1044  2.353257665962535E-002
   1045  2.343569510492973E-002
   1046  2.340181589927767E-002
   1047  2.326937084794336E-002
   1048  2.322876512152252E-002
   1049  2.318238962541401E-002
   1050  2.313385870842352E-002
   1051  2.289902163910500E-002
   1052  2.285106264507765E-002
   1053  2.277764500247061E-002
   1054  2.277041861546432E-002
   1055  2.275619717016062E-002
   1056  2.272249394008070E-002
   1057  2.271852265945300E-002
   1058  2.261927658118233E-002
   1059  2.255520058562357E-002
   1060  2.249097822351332E-002
   1061  2.236582623453692E-002
   1062  2.234641132865327E-002
   1063  2.234165210407547E-002
   1064  2.230432197649126E-002
   1065  2.218715557438683E-002
   1066  2.216434983998861E-002
   1067  2.212986774296353E-002
   1068  2.211261891550094E-002
   1069  2.177553547779451E-002
   1070  2.157730919837626E-002
   1071  2.141079397427285E-002
   1072  2.134318540296385E-002
   1073  2.125799513574463E-002
   1074  2.112285804628549E-002
   1075  5.068390982941512E-003
   1076  4.976067474755610E-003
   1077  2.101968870762184E-008
