# t, dt:    5.000000000000000E-004  1.250000000000000E-004
# j, New nj
      1  1.831427396877730E+000
      2  1.791672707666455E+000
      3  1.758890881451771E+000
      4  1.722687384205973E+000
      5  1.689432362762803E+000
      6  1.671502677910951E+000
      7  1.665027615994594E+000
      8  1.658458949391660E+000
      9  1.643799112095227E+000
     10  1.625132811260380E+000
     11  1.462067856138093E+000
     12  1.440707370402977E+000
     13  1.216914133538686E+000
     14  1.210063132365264E+000
     15  1.186916689543299E+000
     16  1.181834351365981E+000
     17  1.175847456503338E+000
     18  1.151566020188625E+000
     19  1.141959635749833E+000
     20  1.135679520656237E+000
     21  1.133663076997155E+000
     22  1.133395808430955E+000
     23  1.125776574546965E+000
     24  1.122171445170463E+000
     25  1.053739857891409E+000
     26  1.049112705498864E+000
     27  1.040707584739362E+000
     28  1.031628543100006E+000
     29  1.030997039295140E+000
     30  1.010109726456806E+000
     31  1.003615601050715E+000
     32  9.826171106741055E-001
     33  9.817678446306581E-001
     34  9.775637485069349E-001
     35  9.711723619909012E-001
     36  9.698304725022570E-001
     37  9.673307134279865E-001
     38  9.660612755489539E-001
     39  9.638623137372441E-001
     40  9.583584236124312E-001
     41  9.554991657804294E-001
     42  9.512624543601702E-001
     43  9.281915582740375E-001
     44  9.268993984363283E-001
     45  9.174697691999527E-001
     46  9.157440863636773E-001
     47  9.127954711031366E-001
     48  9.095395740551477E-001
     49  9.090922567608873E-001
     50  9.076306382533916E-001
     51  9.062542084890080E-001
     52  9.037828912468198E-001
     53  9.037539395316718E-001
     54  9.013842716061520E-001
     55  8.876140674099895E-001
     56  8.813593127329359E-001
     57  8.699803058427558E-001
     58  8.687490889907916E-001
     59  8.665519637615861E-001
     60  8.643724155599024E-001
     61  8.592710497039910E-001
     62  8.560159124084669E-001
     63  8.545583190781206E-001
     64  8.525740924194555E-001
     65  8.490630330707513E-001
     66  8.456053338535227E-001
     67  8.406160581087939E-001
     68  8.397047230386193E-001
     69  8.388089739054982E-001
     70  8.318624743494745E-001
     71  8.284024047679582E-001
     72  8.262805957481458E-001
     73  8.224972163990838E-001
     74  8.214432374000002E-001
     75  8.168415383775083E-001
     76  8.160754232292625E-001
     77  8.152315070993821E-001
     78  8.139162887641376E-001
     79  8.121201928617051E-001
     80  8.080128795491994E-001
     81  8.079414411789069E-001
     82  8.049794938602375E-001
     83  8.047837662264860E-001
     84  8.034193903777973E-001
     85  7.994570406591215E-001
     86  7.983516425218884E-001
     87  7.928188689052915E-001
     88  7.915700615414963E-001
     89  7.869708561609345E-001
     90  7.850157883579220E-001
     91  7.836118600303661E-001
     92  7.830952137109621E-001
     93  7.811003910141542E-001
     94  7.806024208421797E-001
     95  7.793505784216306E-001
     96  7.787432573491456E-001
     97  7.779239446324081E-001
     98  7.777525651280723E-001
     99  7.764608696400080E-001
    100  7.759033737188966E-001
    101  7.752828155831526E-001
    102  7.662082068867767E-001
    103  7.598858447751367E-001
    104  7.564438783510959E-001
    105  7.527839884090873E-001
    106  7.526767699661489E-001
    107  7.499876699123701E-001
    108  7.484018870900532E-001
    109  7.468058196576152E-001
    110  7.460472810368024E-001
    111  7.455026942822167E-001
    112  7.449580134635764E-001
    113  7.444129515258207E-001
    114  7.410686857782682E-001
    115  7.390659766393713E-001
    116  7.385302013488632E-001
    117  7.366257780881805E-001
    118  7.319351212659441E-001
    119  7.314235730898163E-001
    120  7.291986855202208E-001
    121  7.284624232338974E-001
    122  7.263137576031101E-001
    123  7.252507179208593E-001
    124  7.225586468131500E-001
    125  7.217661942292152E-001
    126  7.207949272439981E-001
    127  7.206732347766708E-001
    128  7.182425060919387E-001
    129  7.172102202521111E-001
    130  7.167382676201716E-001
    131  7.139608248112003E-001
    132  7.134472546546154E-001
    133  7.125021679238532E-001
    134  7.095301199972317E-001
    135  7.088470912387435E-001
    136  7.073525746071230E-001
    137  7.069580876730220E-001
    138  7.060702999544415E-001
    139  7.051791470119542E-001
    140  7.048067236987895E-001
    141  7.038090137396824E-001
    142  7.015230479497514E-001
    143  6.980753109958445E-001
    144  6.975623384228046E-001
    145  6.932745529869216E-001
    146  6.922155263618414E-001
    147  6.897944178229877E-001
    148  6.863043185647247E-001
    149  6.833457722285597E-001
    150  6.729830915307885E-001
    151  6.722986466077681E-001
    152  6.688890359038434E-001
    153  6.651809055178739E-001
    154  6.622907250063129E-001
    155  6.619499234465257E-001
    156  6.603724383711921E-001
    157  6.597016156593506E-001
    158  6.588659143234125E-001
    159  6.584234590901900E-001
    160  6.583357338699186E-001
    161  6.579320386691300E-001
    162  6.577818111288175E-001
    163  6.556716002042787E-001
    164  6.532768487192535E-001
    165  6.411491346697580E-001
    166  6.403012583023157E-001
    167  6.374671719011149E-001
    168  6.324263910111668E-001
    169  6.318177941394747E-001
    170  6.271046629769821E-001
    171  6.238658044754071E-001
    172  6.229717282495664E-001
    173  6.191108799908441E-001
    174  6.163787146940786E-001
    175  6.147063799727904E-001
    176  6.144255231094035E-001
    177  6.136667044068123E-001
    178  6.120419001465123E-001
    179  6.093855765428668E-001
    180  6.076899859614132E-001
    181  6.069350817297225E-001
    182  6.059231767246733E-001
    183  6.046000491020931E-001
    184  6.016423279620503E-001
    185  6.013952156096016E-001
    186  5.996810268844921E-001
    187  5.986905495135093E-001
    188  5.973679081589455E-001
    189  5.958888387384151E-001
    190  5.948722259255701E-001
    191  5.891645879680049E-001
    192  5.890706882838964E-001
    193  5.851657507090985E-001
    194  5.849639954427599E-001
    195  5.820062280557036E-001
    196  5.811367102855899E-001
    197  5.798214210385411E-001
    198  5.790125379613302E-001
    199  5.787117737055490E-001
    200  5.782115492393350E-001
    201  5.779889787762164E-001
    202  5.777775645903013E-001
    203  5.775355925728431E-001
    204  5.772286369703521E-001
    205  5.768546260570484E-001
    206  5.767013766396812E-001
    207  5.765515485805642E-001
    208  5.762498320782792E-001
    209  5.761493266996491E-001
    210  5.758564571338416E-001
    211  5.755863157971884E-001
    212  5.749029933195918E-001
    213  5.745102959791082E-001
    214  5.739158993010587E-001
    215  5.734501354901441E-001
    216  5.731840413109992E-001
    217  5.731409617123171E-001
    218  5.726082644109450E-001
    219  5.722116535767783E-001
    220  5.707976909695428E-001
    221  5.699734450881124E-001
    222  5.698151748028981E-001
    223  5.678629965482398E-001
    224  5.667755810768375E-001
    225  5.662514507814184E-001
    226  5.655607822600343E-001
    227  5.654810379699046E-001
    228  5.644125396958930E-001
    229  5.612270544969842E-001
    230  5.537272031810697E-001
    231  5.481480812817211E-001
    232  5.477019865675532E-001
    233  5.462394798046467E-001
    234  5.450547510699114E-001
    235  5.421672429604502E-001
    236  5.408964410631335E-001
    237  5.401991235361104E-001
    238  5.400376913120394E-001
    239  5.393585717062150E-001
    240  5.383760714748427E-001
    241  5.373143309371583E-001
    242  5.367918513827316E-001
    243  5.355567200451359E-001
    244  5.351741760761481E-001
    245  5.344771020952744E-001
    246  5.279433686812798E-001
    247  5.275508693498395E-001
    248  5.266302394171766E-001
    249  5.206645556297557E-001
    250  5.202192166682689E-001
    251  5.144180919741560E-001
    252  5.118397137929521E-001
    253  5.098287942805960E-001
    254  5.083524132549649E-001
    255  5.063430529633739E-001
    256  5.057412838124521E-001
    257  5.040494115405201E-001
    258  5.019096334412351E-001
    259  5.007019248308342E-001
    260  4.974626278103763E-001
    261  4.962176694236929E-001
    262  4.954999150986681E-001
    263  4.950587125339014E-001
    264  4.942128823300794E-001
    265  4.938485254566623E-001
    266  4.936345108203490E-001
    267  4.935177573132113E-001
    268  4.931553831430913E-001
    269  4.929400640563521E-001
    270  4.927486252865602E-001
    271  4.923411258857016E-001
    272  4.920171919301526E-001
    273  4.919396010148924E-001
    274  4.918893239281425E-001
    275  4.918025144628390E-001
    276  4.913058838357094E-001
    277  4.912559593431848E-001
    278  4.910792358897326E-001
    279  4.908496359769613E-001
    280  4.906820942584507E-001
    281  4.904342350796206E-001
    282  4.897081977597457E-001
    283  4.896946834054188E-001
    284  4.870563371062661E-001
    285  4.869140701922952E-001
    286  4.844861092438937E-001
    287  4.844378947102034E-001
    288  4.804750185997307E-001
    289  4.789601218363400E-001
    290  4.786193359339557E-001
    291  4.784514245310137E-001
    292  4.778485298433738E-001
    293  4.773190704025682E-001
    294  4.765544117028906E-001
    295  4.764210390321917E-001
    296  4.759294701362310E-001
    297  4.752306087541614E-001
    298  4.730974007666563E-001
    299  4.730232909593449E-001
    300  4.710024233577489E-001
    301  4.703726227343101E-001
    302  4.702217964368839E-001
    303  4.668281263090572E-001
    304  4.646172286211425E-001
    305  4.613392877006198E-001
    306  4.606475654901785E-001
    307  4.602845608533174E-001
    308  4.602042866869344E-001
    309  4.593267857626234E-001
    310  4.584814047598095E-001
    311  4.573749746994926E-001
    312  4.571505016922734E-001
    313  4.569778268393770E-001
    314  4.563550844988775E-001
    315  4.559916258279618E-001
    316  4.557065317036154E-001
    317  4.548515460180469E-001
    318  4.547383196488305E-001
    319  4.542178153882812E-001
    320  4.536161146939107E-001
    321  4.533421881652593E-001
    322  4.527503125296463E-001
    323  4.527063614974917E-001
    324  4.521936781348856E-001
    325  4.495256263965614E-001
    326  4.494496060359269E-001
    327  4.493394135168672E-001
    328  4.489128701900708E-001
    329  4.466165993491805E-001
    330  4.455155969138012E-001
    331  4.392722378002396E-001
    332  4.388624971183210E-001
    333  4.362001834579346E-001
    334  4.352080809833081E-001
    335  4.336064455765846E-001
    336  4.260589206813282E-001
    337  4.226807957971533E-001
    338  4.194843593471518E-001
    339  4.097997805137324E-001
    340  4.091167342389692E-001
    341  4.084128369095237E-001
    342  4.064927170198434E-001
    343  4.057374167804943E-001
    344  4.048150253809226E-001
    345  4.016201174970608E-001
    346  4.011439002953368E-001
    347  4.010544382568059E-001
    348  3.967274087426647E-001
    349  3.965709861465921E-001
    350  3.952910548405223E-001
    351  3.946863659849778E-001
    352  3.860060551176455E-001
    353  3.845506944065220E-001
    354  3.838833520172951E-001
    355  3.827989971213308E-001
    356  3.775106907573642E-001
    357  3.754090424969433E-001
    358  3.746966883090278E-001
    359  3.713202668505973E-001
    360  3.623825256038922E-001
    361  3.612552949187211E-001
    362  3.596653010411201E-001
    363  3.591684515032209E-001
    364  3.584039796599171E-001
    365  3.568042836589789E-001
    366  3.566214730506483E-001
    367  3.558844150835846E-001
    368  3.551174870862640E-001
    369  3.544684622320061E-001
    370  3.536800737540376E-001
    371  3.528951721713657E-001
    372  3.526387863519160E-001
    373  3.520981148010245E-001
    374  3.516255790042170E-001
    375  3.514819383788752E-001
    376  3.514036173824284E-001
    377  3.510526090532938E-001
    378  3.471061110942166E-001
    379  3.470344708292570E-001
    380  3.454183416102404E-001
    381  3.451498260754274E-001
    382  3.400507306297003E-001
    383  3.395054752859479E-001
    384  3.357883362573734E-001
    385  3.290792548712683E-001
    386  3.248062691406627E-001
    387  3.164550299408228E-001
    388  3.078963101480359E-001
    389  3.069393065576635E-001
    390  3.063002848606099E-001
    391  3.056818236167985E-001
    392  3.009975365249541E-001
    393  2.851861245493990E-001
    394  2.687606562397140E-001
    395  2.683930153258380E-001
    396  2.670696532304628E-001
    397  2.669974325631094E-001
    398  2.664026858276015E-001
    399  2.662886752444718E-001
    400  2.658636421039011E-001
    401  2.652164173966571E-001
    402  2.639907688108442E-001
    403  2.631214405520991E-001
    404  2.630585885571541E-001
    405  2.622748912688095E-001
    406  2.616707832544842E-001
    407  2.609069696182232E-001
    408  2.595940252899102E-001
    409  2.587009704925663E-001
    410  2.585042801053155E-001
    411  2.575103155484621E-001
    412  2.566628217719183E-001
    413  2.558607219945235E-001
    414  2.557996155422823E-001
    415  2.556739858298067E-001
    416  2.554537862776415E-001
    417  2.535488540842439E-001
    418  2.527673164786209E-001
    419  2.521464694534731E-001
    420  2.505889766209577E-001
    421  2.500625516044365E-001
    422  2.492905253177445E-001
    423  2.480973882457605E-001
    424  2.469212232924038E-001
    425  2.461540213177366E-001
    426  2.454130174850380E-001
    427  2.445593912501185E-001
    428  2.437486179983890E-001
    429  2.434806110627580E-001
    430  2.433451035237384E-001
    431  2.432030866076421E-001
    432  2.427205943779619E-001
    433  2.426193184834278E-001
    434  2.422237194771443E-001
    435  2.419606539331988E-001
    436  2.417479152408402E-001
    437  2.412691732157554E-001
    438  2.411717333131556E-001
    439  2.400304374601697E-001
    440  2.393168726795903E-001
    441  2.382410389577313E-001
    442  2.379841573800154E-001
    443  2.370979519911678E-001
    444  2.349210202446387E-001
    445  2.340597799955646E-001
    446  2.335056857754235E-001
    447  2.305516610333294E-001
    448  2.293389274248887E-001
    449  2.287950798809869E-001
    450  2.280323698988057E-001
    451  2.277099310616193E-001
    452  2.272600114702593E-001
    453  2.270596538932448E-001
    454  2.255352510540579E-001
    455  2.251869852897889E-001
    456  2.251336471453897E-001
    457  2.241976584398245E-001
    458  2.233177678788683E-001
    459  2.219913110352639E-001
    460  2.200866476233213E-001
    461  2.192466371360167E-001
    462  2.190580009032492E-001
    463  2.186029603256429E-001
    464  2.184933341345216E-001
    465  2.182220559942130E-001
    466  2.179564871382517E-001
    467  2.178441378762861E-001
    468  2.178168799349205E-001
    469  2.172838185942853E-001
    470  2.171523211634064E-001
    471  2.170768795284094E-001
    472  2.170138484542575E-001
    473  2.166921845055045E-001
    474  2.165646988192122E-001
    475  2.162212388287288E-001
    476  2.159638405412961E-001
    477  2.158746383627172E-001
    478  2.154859727560295E-001
    479  2.150489791622534E-001
    480  2.149732155368369E-001
    481  2.147871508484264E-001
    482  2.147147085705141E-001
    483  2.145339592479542E-001
    484  2.143993186783315E-001
    485  2.142194530464565E-001
    486  2.141347775838009E-001
    487  2.139041218497672E-001
    488  2.136660382643167E-001
    489  2.134791719203340E-001
    490  2.132445143055229E-001
    491  2.127324179632208E-001
    492  2.124854673845956E-001
    493  2.096877891153466E-001
    494  2.095286884171963E-001
    495  2.086368618919020E-001
    496  2.081394248805662E-001
    497  2.076182814673992E-001
    498  2.060597852196113E-001
    499  2.057577700530596E-001
    500  2.053148189473686E-001
    501  2.046409548887623E-001
    502  2.040966176483955E-001
    503  2.019523336898421E-001
    504  2.011779976320811E-001
    505  2.000726096554137E-001
    506  1.998528182220310E-001
    507  1.994543457735070E-001
    508  1.992283123738020E-001
    509  1.989953207774251E-001
    510  1.988667913057189E-001
    511  1.987409975724377E-001
    512  1.985886540662779E-001
    513  1.985021651771286E-001
    514  1.984711931902380E-001
    515  1.983996267526062E-001
    516  1.982798695338975E-001
    517  1.981817579230193E-001
    518  1.981620424409738E-001
    519  1.981550110910315E-001
    520  1.980953870969775E-001
    521  1.978874733748632E-001
    522  1.931428033210819E-001
    523  1.927608926808957E-001
    524  1.926462494597731E-001
    525  1.923185667918887E-001
    526  1.920539991303302E-001
    527  1.916823790499417E-001
    528  1.916403307145650E-001
    529  1.915367831820025E-001
    530  1.880476145958534E-001
    531  1.870781886123394E-001
    532  1.858686945652435E-001
    533  1.829763140527650E-001
    534  1.824183454606445E-001
    535  1.351088466491781E-001
    536  1.346726557066300E-001
    537  1.300836692230960E-001
    538  8.115004460327334E-002
    539  5.500808038547603E-002
    540  5.241799379753919E-002
    541  5.226165570172378E-002
    542  5.212926136371639E-002
    543  5.137382421830704E-002
    544  4.962769275784907E-002
    545  4.938343518124181E-002
    546  4.937994256208138E-002
    547  4.915108384565264E-002
    548  4.904733802665859E-002
    549  4.864676211948249E-002
    550  4.857188522967470E-002
    551  4.849647252918251E-002
    552  4.845973728658147E-002
    553  4.833440344829102E-002
    554  4.786951168243124E-002
    555  4.779176755885353E-002
    556  4.726902733641553E-002
    557  4.723648997979550E-002
    558  4.710021400546983E-002
    559  4.706664756577455E-002
    560  4.664375483966881E-002
    561  4.658267696694417E-002
    562  4.653932136694430E-002
    563  4.646823389683963E-002
    564  4.638229208524570E-002
    565  4.629316345523123E-002
    566  4.624351578846893E-002
    567  4.610444809384699E-002
    568  4.572179802809053E-002
    569  4.570210303996045E-002
    570  4.564111502143208E-002
    571  4.545865464105028E-002
    572  4.537568802749169E-002
    573  4.535248991771045E-002
    574  4.527321622973631E-002
    575  4.519711250828039E-002
    576  4.512054201689763E-002
    577  4.510936276169071E-002
    578  4.505010061403462E-002
    579  4.503436951104547E-002
    580  4.499925820427092E-002
    581  4.498508022086988E-002
    582  4.488553899821469E-002
    583  4.482536291059148E-002
    584  4.467520342808283E-002
    585  4.463310499814940E-002
    586  4.453813911800607E-002
    587  4.451767260412718E-002
    588  4.448818916465714E-002
    589  4.442488866027973E-002
    590  4.440606381553254E-002
    591  4.432577990443750E-002
    592  4.432027344365326E-002
    593  4.423559086624764E-002
    594  4.414944274933193E-002
    595  4.408719628152837E-002
    596  4.400895715892486E-002
    597  4.400128055173398E-002
    598  4.390410615237225E-002
    599  4.386742718758352E-002
    600  4.375466428584460E-002
    601  4.375068103689861E-002
    602  4.373542041796796E-002
    603  4.371594179043146E-002
    604  4.365952509612413E-002
    605  4.358248960330642E-002
    606  4.354538950671455E-002
    607  4.354161942634135E-002
    608  4.347103264792528E-002
    609  4.344181748985510E-002
    610  4.343928155487165E-002
    611  4.343123890537519E-002
    612  4.340069800171595E-002
    613  4.333589467145287E-002
    614  4.331268570224561E-002
    615  4.329319413468947E-002
    616  4.325920542601424E-002
    617  4.323703261859776E-002
    618  4.310818601196481E-002
    619  4.307898149081579E-002
    620  4.302113384395861E-002
    621  4.300421267967466E-002
    622  4.297611730097670E-002
    623  4.294052464447113E-002
    624  4.291122951081276E-002
    625  4.286586643931752E-002
    626  4.282399067092399E-002
    627  4.280268040093979E-002
    628  4.271879513861370E-002
    629  4.266151805218810E-002
    630  4.265783987981909E-002
    631  4.264094871891524E-002
    632  4.262285242403695E-002
    633  4.261784503030883E-002
    634  4.257339565719485E-002
    635  4.253525652062951E-002
    636  4.253401779096397E-002
    637  4.249536503599288E-002
    638  4.248690124094595E-002
    639  4.246721778064229E-002
    640  4.245377955141700E-002
    641  4.243965571794431E-002
    642  4.241195951199920E-002
    643  4.238857438456595E-002
    644  4.236649739953997E-002
    645  4.235879309849198E-002
    646  4.232226972570727E-002
    647  4.230086912404495E-002
    648  4.228482779474331E-002
    649  4.225516838165108E-002
    650  4.218990041589763E-002
    651  4.218181205770993E-002
    652  4.209380819518259E-002
    653  4.207812889075748E-002
    654  4.196891015773613E-002
    655  4.192518328748177E-002
    656  4.189063652676275E-002
    657  4.185250461879698E-002
    658  4.184320907872069E-002
    659  4.178981958969758E-002
    660  4.169263978880045E-002
    661  4.167844647183258E-002
    662  4.164465903103377E-002
    663  4.150405474290597E-002
    664  4.144564135414582E-002
    665  4.140416236597023E-002
    666  4.130709146663809E-002
    667  4.114671529282823E-002
    668  4.113066594934301E-002
    669  4.105104490812379E-002
    670  4.102250352090747E-002
    671  4.086659847387659E-002
    672  4.085880764827479E-002
    673  4.078796732496458E-002
    674  4.072101391223230E-002
    675  4.068293966615841E-002
    676  4.055419623055023E-002
    677  4.041344862638781E-002
    678  4.026595518270663E-002
    679  4.014275753661013E-002
    680  4.008031349961445E-002
    681  4.003838780463076E-002
    682  3.995949540089681E-002
    683  3.995229276636186E-002
    684  3.992767830678461E-002
    685  3.990894620247339E-002
    686  3.989519053741514E-002
    687  3.987610985873593E-002
    688  3.985487130100650E-002
    689  3.981341977460907E-002
    690  3.974516898046958E-002
    691  3.969783497296382E-002
    692  3.969193221690907E-002
    693  3.966680586060814E-002
    694  3.966552816934471E-002
    695  3.964179810695588E-002
    696  3.955634772090807E-002
    697  3.954933712598496E-002
    698  3.950395660916445E-002
    699  3.947854780093317E-002
    700  3.942620975540308E-002
    701  3.936982414191560E-002
    702  3.935348781849354E-002
    703  3.928514653865074E-002
    704  3.919776828984644E-002
    705  3.910309954815250E-002
    706  3.901169133148018E-002
    707  3.891163798449492E-002
    708  3.889089935083461E-002
    709  3.885202984005637E-002
    710  3.883686628768346E-002
    711  3.875164574082439E-002
    712  3.867521980761555E-002
    713  3.864316766814743E-002
    714  3.862960709649466E-002
    715  3.859930091346150E-002
    716  3.857672397749924E-002
    717  3.850752349317630E-002
    718  3.845972768995871E-002
    719  3.845345618416490E-002
    720  3.832035979887351E-002
    721  3.827288021523129E-002
    722  3.826268998946317E-002
    723  3.823227268760592E-002
    724  3.820603985061190E-002
    725  3.818874306466744E-002
    726  3.811210536719756E-002
    727  3.804719985207791E-002
    728  3.803871356264747E-002
    729  3.802025439566432E-002
    730  3.794968247203517E-002
    731  3.793621812400540E-002
    732  3.793449201195136E-002
    733  3.788794865572916E-002
    734  3.788616508611898E-002
    735  3.786363222396109E-002
    736  3.783148291834904E-002
    737  3.782961890360410E-002
    738  3.776819685702049E-002
    739  3.776607117354581E-002
    740  3.776440909987539E-002
    741  3.775270013659086E-002
    742  3.773390904825166E-002
    743  3.771163867708999E-002
    744  3.764257358302598E-002
    745  3.761945917134686E-002
    746  3.754952417263657E-002
    747  3.754142228380756E-002
    748  3.751486897413429E-002
    749  3.746802350767534E-002
    750  3.745461688035445E-002
    751  3.741204296019324E-002
    752  3.735811056697482E-002
    753  3.729267125718783E-002
    754  3.727753814715300E-002
    755  3.727705090360477E-002
    756  3.722224533691262E-002
    757  3.717268629767850E-002
    758  3.711717253692996E-002
    759  3.705177727421695E-002
    760  3.692483867784500E-002
    761  3.688308691140599E-002
    762  3.682854254909622E-002
    763  3.659636394550258E-002
    764  3.651925092372483E-002
    765  3.643419119776856E-002
    766  3.640323599406760E-002
    767  3.624000490352509E-002
    768  3.616013718715581E-002
    769  3.605189213351648E-002
    770  3.603428008358205E-002
    771  3.593703125787935E-002
    772  3.572931779595705E-002
    773  3.555585988433686E-002
    774  3.541988982552646E-002
    775  3.518890844983255E-002
    776  3.507246503583169E-002
    777  3.506164773680494E-002
    778  3.480367078443112E-002
    779  3.478510099462662E-002
    780  3.475920723050062E-002
    781  3.459735913026632E-002
    782  3.452918554865317E-002
    783  3.451728878852622E-002
    784  3.448176590979549E-002
    785  3.443981081825916E-002
    786  3.442254858338948E-002
    787  3.438204044470283E-002
    788  3.432676498306219E-002
    789  3.429081714182093E-002
    790  3.427125098006673E-002
    791  3.424285685731564E-002
    792  3.422418858399514E-002
    793  3.418622487788294E-002
    794  3.414923172915096E-002
    795  3.413403659647000E-002
    796  3.403445356966834E-002
    797  3.394990643037089E-002
    798  3.394896032225152E-002
    799  3.390541939623847E-002
    800  3.388934340556873E-002
    801  3.382744186708477E-002
    802  3.375939370184595E-002
    803  3.366863912982083E-002
    804  3.363306899352260E-002
    805  3.351716375180146E-002
    806  3.347004504927015E-002
    807  3.345630711520008E-002
    808  3.341578569300471E-002
    809  3.322991795571609E-002
    810  3.320273169249598E-002
    811  3.314335293929886E-002
    812  3.310631160073550E-002
    813  3.303470409133145E-002
    814  3.299865120658211E-002
    815  3.297124388476034E-002
    816  3.297024242078850E-002
    817  3.288107143187984E-002
    818  3.283544571113960E-002
    819  3.279409359664130E-002
    820  3.274003350287311E-002
    821  3.273477549397593E-002
    822  3.271823023482635E-002
    823  3.271283684033911E-002
    824  3.267142863075836E-002
    825  3.264126754831664E-002
    826  3.260357416668908E-002
    827  3.256618449815990E-002
    828  3.254453301074162E-002
    829  3.251464978289878E-002
    830  3.251323811379789E-002
    831  3.247372057795159E-002
    832  3.244397471190763E-002
    833  3.241445638001468E-002
    834  3.239466998735031E-002
    835  3.238340206673163E-002
    836  3.228261900400374E-002
    837  3.228048375486528E-002
    838  3.225473133448972E-002
    839  3.221806913022038E-002
    840  3.209867717584015E-002
    841  3.206237584320189E-002
    842  3.203137513231889E-002
    843  3.196495973352692E-002
    844  3.184994260291651E-002
    845  3.180299782890274E-002
    846  3.170549968593322E-002
    847  3.169959628683268E-002
    848  3.153485867192981E-002
    849  3.143504648144366E-002
    850  3.123691776006614E-002
    851  3.119286192617077E-002
    852  3.117365676345293E-002
    853  3.111301707202085E-002
    854  3.101989733561406E-002
    855  3.088880096517224E-002
    856  3.088202782046957E-002
    857  3.082866474741089E-002
    858  3.082256233640457E-002
    859  3.081558170049327E-002
    860  3.076979259713420E-002
    861  3.076878593226362E-002
    862  3.070285269070034E-002
    863  3.066056811196334E-002
    864  3.062587259205432E-002
    865  3.061855029724729E-002
    866  3.029497951099875E-002
    867  3.023236026707982E-002
    868  3.017978274743773E-002
    869  3.004558022628306E-002
    870  2.984991637968428E-002
    871  2.975811852008396E-002
    872  2.972617652911827E-002
    873  2.968943070694579E-002
    874  2.959403826876712E-002
    875  2.959035791175955E-002
    876  2.951567763309461E-002
    877  2.948919672550410E-002
    878  2.940731301996143E-002
    879  2.940060416057468E-002
    880  2.929545483648701E-002
    881  2.910189320430118E-002
    882  2.904860607696517E-002
    883  2.902962902159861E-002
    884  2.902160331551796E-002
    885  2.893951091800912E-002
    886  2.888271511997883E-002
    887  2.881460818997119E-002
    888  2.880531555791930E-002
    889  2.831175018663094E-002
    890  2.821144735502567E-002
    891  2.820505539319404E-002
    892  2.813668932027939E-002
    893  2.790338816782745E-002
    894  2.782290522425544E-002
    895  2.739991136050492E-002
    896  2.739623713652783E-002
    897  2.729812710810527E-002
    898  2.704087512985831E-002
    899  2.692160859139622E-002
    900  2.671865517843152E-002
    901  2.623119139535689E-002
    902  2.619095042937928E-002
    903  2.599916678497326E-002
    904  2.590971250367673E-002
    905  2.571297226575944E-002
    906  2.564355681203133E-002
    907  2.557280724673393E-002
    908  2.545150185672236E-002
    909  2.542693149200114E-002
    910  2.529853024917167E-002
    911  2.525134318983640E-002
    912  2.517461800930328E-002
    913  2.509987899686177E-002
    914  2.507114427593822E-002
    915  2.504961561140679E-002
    916  2.503223368158502E-002
    917  2.497755971748208E-002
    918  2.488527875171449E-002
    919  2.482090533367471E-002
    920  2.474175317993957E-002
    921  2.469568775749580E-002
    922  2.462655341355941E-002
    923  2.462145857206334E-002
    924  2.459924979932676E-002
    925  2.450317707306024E-002
    926  2.443006383421532E-002
    927  2.434309568342576E-002
    928  2.429621067268236E-002
    929  2.425480900370133E-002
    930  2.423830125220102E-002
    931  2.422340700396929E-002
    932  2.421343209295117E-002
    933  2.420783595282509E-002
    934  2.413068642606046E-002
    935  2.409793174134483E-002
    936  2.399033607100616E-002
    937  2.398946493614689E-002
    938  2.396987646279870E-002
    939  2.393072850815407E-002
    940  2.391166628649730E-002
    941  2.389825598697138E-002
    942  2.385102117495980E-002
    943  2.382522027339279E-002
    944  2.382459986511222E-002
    945  2.377578753854225E-002
    946  2.375746727493043E-002
    947  2.369855126991169E-002
    948  2.366256872811651E-002
    949  2.364097054150125E-002
    950  2.360374017431687E-002
    951  2.354906049931719E-002
    952  2.354600213685831E-002
    953  2.349886183170501E-002
    954  2.349796303043172E-002
    955  2.348419803319933E-002
    956  2.348188463878695E-002
    957  2.347136696279697E-002
    958  2.346417842694854E-002
    959  2.344176152665634E-002
    960  2.343705045923410E-002
    961  2.342889678517931E-002
    962  2.340318301003825E-002
    963  2.338444939297115E-002
    964  2.335946445329409E-002
    965  2.327012240655086E-002
    966  2.319766915729689E-002
    967  2.315509829505666E-002
    968  2.314373829163685E-002
    969  2.312013438996504E-002
    970  2.310569293796353E-002
    971  2.305906491529812E-002
    972  2.303272878375346E-002
    973  2.297650937069651E-002
    974  2.297038413121047E-002
    975  2.296434162007618E-002
    976  2.291010911405312E-002
    977  2.289749587216806E-002
    978  2.287567377837369E-002
    979  2.285445353402235E-002
    980  2.283729277136451E-002
    981  2.281229651373834E-002
    982  2.277500636395468E-002
    983  2.274288298596573E-002
    984  2.273762462317332E-002
    985  2.269128628150837E-002
    986  2.266914571041730E-002
    987  2.263917962150298E-002
    988  2.263840505890842E-002
    989  2.252790452049897E-002
    990  2.250126141205869E-002
    991  2.242965464290471E-002
    992  2.237174118860803E-002
    993  2.234014895782341E-002
    994  2.232352522698853E-002
    995  2.227855855047188E-002
    996  2.226618510453006E-002
    997  2.225204799269279E-002
    998  2.223275546416692E-002
    999  2.222609577681032E-002
   1000  2.222380127697967E-002
   1001  2.218824711916372E-002
   1002  2.218503010948689E-002
   1003  2.212928770566722E-002
   1004  2.212686119782965E-002
   1005  2.211800311695634E-002
   1006  2.208398424885070E-002
   1007  2.205096208900166E-002
   1008  2.204547449673077E-002
   1009  2.200872649507529E-002
   1010  2.197294092287061E-002
   1011  2.194388027101720E-002
   1012  2.192607309908012E-002
   1013  2.190430167072061E-002
   1014  2.187873267936956E-002
   1015  2.187125037632194E-002
   1016  2.186528746019069E-002
   1017  2.184977522759864E-002
   1018  2.182315388762415E-002
   1019  2.179492994830925E-002
   1020  2.176585961009814E-002
   1021  2.173419898724891E-002
   1022  2.168291658597918E-002
   1023  2.166094966098392E-002
   1024  2.162417474384221E-002
   1025  2.160142550306643E-002
   1026  2.159070250421593E-002
   1027  2.156308187515117E-002
   1028  2.149801911338801E-002
   1029  2.148708350894496E-002
   1030  2.141689405409243E-002
   1031  2.140746079033824E-002
   1032  2.137879323982053E-002
   1033  2.133700834440081E-002
   1034  2.133353587445362E-002
   1035  2.133054590964840E-002
   1036  2.129586189503277E-002
   1037  2.125732339498042E-002
   1038  2.119440495749357E-002
   1039  2.115392797103716E-002
   1040  2.111992125373080E-002
   1041  2.110220495510448E-002
   1042  2.101782174247048E-002
   1043  2.100248446339434E-002
   1044  2.096126696506574E-002
   1045  2.087261000950723E-002
   1046  2.084160912892957E-002
   1047  2.072042741985835E-002
   1048  2.068327839538992E-002
   1049  2.064085280326475E-002
   1050  2.059645769576163E-002
   1051  2.038166721041096E-002
   1052  2.033780909235820E-002
   1053  2.027067381172953E-002
   1054  2.026406608746793E-002
   1055  2.025106232017193E-002
   1056  2.022024568221205E-002
   1057  2.021661460833644E-002
   1058  2.012587591190354E-002
   1059  2.006729793637359E-002
   1060  2.000859043680792E-002
   1061  1.989419779341066E-002
   1062  1.987645346167100E-002
   1063  1.987210380953350E-002
   1064  1.983798708814877E-002
   1065  1.973091599964094E-002
   1066  1.971007694432868E-002
   1067  1.967856949815781E-002
   1068  1.966280914071340E-002
   1069  1.935487776974480E-002
   1070  1.917385194116093E-002
   1071  1.902181866975736E-002
   1072  1.896009876306382E-002
   1073  1.888233570625281E-002
   1074  1.875899690998891E-002
   1075  4.321337516370728E-003
   1076  4.240341728599051E-003
   1077  1.236728060091477E-008
