# t, dt:    1.800000000000001E-002  1.000000000000000E-003
# j, New nj
      1  1.740125380524605E+000
      2  1.702030982754732E+000
      3  1.670619672380926E+000
      4  1.635931325246310E+000
      5  1.604069593530107E+000
      6  1.586891746796619E+000
      7  1.580688313532736E+000
      8  1.574395264228055E+000
      9  1.560350772868384E+000
     10  1.542468453738237E+000
     11  1.386276662964856E+000
     12  1.365820128529647E+000
     13  1.151560548889373E+000
     14  1.145003501682615E+000
     15  1.122851267841191E+000
     16  1.117987457576127E+000
     17  1.112258091131468E+000
     18  1.089022341386560E+000
     19  1.079830209327334E+000
     20  1.073821082489100E+000
     21  1.071891678190115E+000
     22  1.071635947293313E+000
     23  1.064345733671228E+000
     24  1.060896356611483E+000
     25  9.954305467632514E-001
     26  9.910046061321728E-001
     27  9.829652131569724E-001
     28  9.742815633674394E-001
     29  9.736775748320279E-001
     30  9.537013406748388E-001
     31  9.474908834430462E-001
     32  9.274109760336132E-001
     33  9.265989057092711E-001
     34  9.225789902730274E-001
     35  9.164677758954892E-001
     36  9.151847350977320E-001
     37  9.127946272223737E-001
     38  9.115808848812936E-001
     39  9.094784199439292E-001
     40  9.042161642977474E-001
     41  9.014824962268350E-001
     42  8.974319554147361E-001
     43  8.753765128199281E-001
     44  8.741413118477744E-001
     45  8.651276246218718E-001
     46  8.634781157989111E-001
     47  8.606596955237078E-001
     48  8.575476189692505E-001
     49  8.571200654609578E-001
     50  8.557230335622779E-001
     51  8.544074373220333E-001
     52  8.520453714662864E-001
     53  8.520176998518409E-001
     54  8.497528234273736E-001
     55  8.365922223107153E-001
     56  8.306147407317322E-001
     57  8.197407840914663E-001
     58  8.185642626944262E-001
     59  8.164647662263033E-001
     60  8.143820961461011E-001
     61  8.095075987178514E-001
     62  8.063973122987146E-001
     63  8.050046030765923E-001
     64  8.031087257932057E-001
     65  7.997540630549660E-001
     66  7.964504637396165E-001
     67  7.916836875585500E-001
     68  7.908130122008872E-001
     69  7.899572329184060E-001
     70  7.833208849108217E-001
     71  7.800154273578318E-001
     72  7.779884721139037E-001
     73  7.743743045548145E-001
     74  7.733674829067062E-001
     75  7.689717672090138E-001
     76  7.682399600497274E-001
     77  7.674338408893431E-001
     78  7.661775383120615E-001
     79  7.644619196156029E-001
     80  7.605387304169378E-001
     81  7.604704956102688E-001
     82  7.576414063578072E-001
     83  7.574544603770104E-001
     84  7.561513075058095E-001
     85  7.523668374606945E-001
     86  7.513110844826428E-001
     87  7.460269360355182E-001
     88  7.448342785102056E-001
     89  7.404419701580167E-001
     90  7.385749017313115E-001
     91  7.372341839844294E-001
     92  7.367408030943852E-001
     93  7.348358303104525E-001
     94  7.343602944031041E-001
     95  7.331648579656403E-001
     96  7.325849062873064E-001
     97  7.318025211961293E-001
     98  7.316388666957856E-001
     99  7.304054024976546E-001
    100  7.298730433431564E-001
    101  7.292804683061774E-001
    102  7.206154218479172E-001
    103  7.145788061409831E-001
    104  7.112925440435016E-001
    105  7.077983267947906E-001
    106  7.076959635454811E-001
    107  7.051286668011237E-001
    108  7.036147415271611E-001
    109  7.020910196744429E-001
    110  7.013668713984994E-001
    111  7.008469780112782E-001
    112  7.003269974158332E-001
    113  6.998066555817972E-001
    114  6.966141188781459E-001
    115  6.947023197552376E-001
    116  6.941908712281758E-001
    117  6.923729386163139E-001
    118  6.878954499038311E-001
    119  6.874071611869937E-001
    120  6.852834641795928E-001
    121  6.845806979360601E-001
    122  6.825298136575215E-001
    123  6.815151664366961E-001
    124  6.789456925199789E-001
    125  6.781893411407419E-001
    126  6.772623294772937E-001
    127  6.771461824916815E-001
    128  6.748262503392577E-001
    129  6.738410345796028E-001
    130  6.733906053570882E-001
    131  6.707398706992597E-001
    132  6.702497378839832E-001
    133  6.693477878199131E-001
    134  6.665114491944931E-001
    135  6.658596208520455E-001
    136  6.644333887706750E-001
    137  6.640569295868962E-001
    138  6.632097186306493E-001
    139  6.623593039970511E-001
    140  6.620039080046345E-001
    141  6.610518203849933E-001
    142  6.588704220034025E-001
    143  6.555804934674739E-001
    144  6.550910105868180E-001
    145  6.509996718682767E-001
    146  6.499891935922598E-001
    147  6.476791174110476E-001
    148  6.443491802528563E-001
    149  6.415265014229724E-001
    150  6.316404390524891E-001
    151  6.309875145858713E-001
    152  6.277350007051384E-001
    153  6.241978651177030E-001
    154  6.214410658160194E-001
    155  6.211159982759984E-001
    156  6.196113588860693E-001
    157  6.189715220911282E-001
    158  6.181744296171613E-001
    159  6.177524187029980E-001
    160  6.176687472216827E-001
    161  6.172837076917602E-001
    162  6.171404229751163E-001
    163  6.151277631778986E-001
    164  6.128437777666040E-001
    165  6.012780308785699E-001
    166  6.004695073854653E-001
    167  5.977670228778202E-001
    168  5.929605511424719E-001
    169  5.923802643480539E-001
    170  5.878865274565437E-001
    171  5.847985957399902E-001
    172  5.839462054231703E-001
    173  5.802654830825751E-001
    174  5.776608998814804E-001
    175  5.760667042116291E-001
    176  5.757989737822771E-001
    177  5.750756251525497E-001
    178  5.735267954868670E-001
    179  5.709947535172263E-001
    180  5.693785429938321E-001
    181  5.686589922226808E-001
    182  5.676944882813441E-001
    183  5.664333609331846E-001
    184  5.636143197284087E-001
    185  5.633787991462895E-001
    186  5.617450437944106E-001
    187  5.608010598329899E-001
    188  5.595405245725380E-001
    189  5.581309347524270E-001
    190  5.571620949129056E-001
    191  5.517229371291288E-001
    192  5.516334581609279E-001
    193  5.479124715312270E-001
    194  5.477202262610142E-001
    195  5.449019436512640E-001
    196  5.440734551156257E-001
    197  5.428202500452768E-001
    198  5.420495602096934E-001
    199  5.417629996342943E-001
    200  5.412864013220952E-001
    201  5.410743442761116E-001
    202  5.408729171925142E-001
    203  5.406423766125181E-001
    204  5.403499236814627E-001
    205  5.399935854453120E-001
    206  5.398475779235171E-001
    207  5.397048304131536E-001
    208  5.394173733731169E-001
    209  5.393216182876193E-001
    210  5.390425917721036E-001
    211  5.387852203054341E-001
    212  5.381342039898610E-001
    213  5.377600757215083E-001
    214  5.371937899800964E-001
    215  5.367500572816217E-001
    216  5.364965510711395E-001
    217  5.364555095133553E-001
    218  5.359480157102142E-001
    219  5.355701724459618E-001
    220  5.342231373553489E-001
    221  5.334379194852078E-001
    222  5.332871444527678E-001
    223  5.314274469382602E-001
    224  5.303915705562711E-001
    225  5.298922882890437E-001
    226  5.292343694078199E-001
    227  5.291584068426218E-001
    228  5.281405894330919E-001
    229  5.251063011543421E-001
    230  5.179630451906316E-001
    231  5.126497689279459E-001
    232  5.122249521868781E-001
    233  5.108322271015794E-001
    234  5.097040516385651E-001
    235  5.069544752721774E-001
    236  5.057444209826204E-001
    237  5.050804483650472E-001
    238  5.049267367890282E-001
    239  5.042801014520075E-001
    240  5.033446106378939E-001
    241  5.023336890053570E-001
    242  5.018362242154744E-001
    243  5.006602455052038E-001
    244  5.002960274510161E-001
    245  4.996323534144780E-001
    246  4.934120827403895E-001
    247  4.930384373354105E-001
    248  4.921620408652436E-001
    249  4.864833494624682E-001
    250  4.860594597189111E-001
    251  4.805380639299706E-001
    252  4.780842102422206E-001
    253  4.761704940877246E-001
    254  4.747655256082757E-001
    255  4.728534232444652E-001
    256  4.722807958806252E-001
    257  4.706708921489637E-001
    258  4.686348604396755E-001
    259  4.674857456226478E-001
    260  4.644037461468127E-001
    261  4.632192958359860E-001
    262  4.625364398584118E-001
    263  4.621166942464724E-001
    264  4.613120098507983E-001
    265  4.609653816102800E-001
    266  4.607617815701935E-001
    267  4.606507100195460E-001
    268  4.603059729525218E-001
    269  4.601011348795130E-001
    270  4.599190154767049E-001
    271  4.595313558258740E-001
    272  4.592231954448893E-001
    273  4.591493830339559E-001
    274  4.591015543926602E-001
    275  4.590189725820225E-001
    276  4.585465309283682E-001
    277  4.584990383368395E-001
    278  4.583309237596196E-001
    279  4.581125094638147E-001
    280  4.579531306805495E-001
    281  4.577173486721949E-001
    282  4.570266952390015E-001
    283  4.570138396148727E-001
    284  4.545041642705981E-001
    285  4.543688396236975E-001
    286  4.520594201643046E-001
    287  4.520135608431054E-001
    288  4.482444283194330E-001
    289  4.468036798252818E-001
    290  4.464795806252185E-001
    291  4.463198919527085E-001
    292  4.457465262539457E-001
    293  4.452430053007897E-001
    294  4.445158179790901E-001
    295  4.443889823663864E-001
    296  4.439215101976167E-001
    297  4.432569157847954E-001
    298  4.412283683263843E-001
    299  4.411578962676495E-001
    300  4.392362699964530E-001
    301  4.386374156732435E-001
    302  4.384940017419416E-001
    303  4.352672436951565E-001
    304  4.331652202968893E-001
    305  4.300488977811980E-001
    306  4.293913113376677E-001
    307  4.290462248773494E-001
    308  4.289699135011854E-001
    309  4.281357404431590E-001
    310  4.273321177055155E-001
    311  4.262803649937598E-001
    312  4.260669883301295E-001
    313  4.259028500670490E-001
    314  4.253109000896914E-001
    315  4.249654172143446E-001
    316  4.246944252683298E-001
    317  4.238817425649217E-001
    318  4.237741196631154E-001
    319  4.232793784509004E-001
    320  4.227074674764325E-001
    321  4.224471055879268E-001
    322  4.218845451000203E-001
    323  4.218427712511196E-001
    324  4.213554877580959E-001
    325  4.188197177329752E-001
    326  4.187474688839395E-001
    327  4.186427434608642E-001
    328  4.182373653514601E-001
    329  4.160551096824138E-001
    330  4.150088187554242E-001
    331  4.090762563249806E-001
    332  4.086869456643413E-001
    333  4.061574774765452E-001
    334  4.052149241167092E-001
    335  4.036933316362086E-001
    336  3.965238695517151E-001
    337  3.933154312869587E-001
    338  3.902798298759808E-001
    339  3.810842197243982E-001
    340  3.804357567247280E-001
    341  3.797675119217080E-001
    342  3.779447166828395E-001
    343  3.772277284714222E-001
    344  3.763521464645049E-001
    345  3.733195599188754E-001
    346  3.728675625019362E-001
    347  3.727826511125791E-001
    348  3.686760002670433E-001
    349  3.685275545988154E-001
    350  3.673129216870270E-001
    351  3.667390991015385E-001
    352  3.585030804428785E-001
    353  3.571224352732921E-001
    354  3.564893749304519E-001
    355  3.554607539622125E-001
    356  3.504447868880000E-001
    357  3.484516174673244E-001
    358  3.477760645344555E-001
    359  3.445742987223836E-001
    360  3.361007186891986E-001
    361  3.350322208081764E-001
    362  3.335251461113707E-001
    363  3.330542256186105E-001
    364  3.323296660473112E-001
    365  3.308135548665952E-001
    366  3.306403019354359E-001
    367  3.299417907207089E-001
    368  3.292149920881175E-001
    369  3.285999437014797E-001
    370  3.278528476307548E-001
    371  3.271090779735253E-001
    372  3.268661325802272E-001
    373  3.263538122412123E-001
    374  3.259060634721347E-001
    375  3.257699591677803E-001
    376  3.256957477150881E-001
    377  3.253631597113785E-001
    378  3.216240772722144E-001
    379  3.215562074932054E-001
    380  3.200251871625745E-001
    381  3.197708216746383E-001
    382  3.149409510390845E-001
    383  3.144245430033731E-001
    384  3.109043697051154E-001
    385  3.045521717374867E-001
    386  3.005074323132966E-001
    387  2.926044882996748E-001
    388  2.845083430046422E-001
    389  2.836032668286690E-001
    390  2.829989419951977E-001
    391  2.824140790703474E-001
    392  2.779848444963879E-001
    393  2.630421510243430E-001
    394  2.475328351343677E-001
    395  2.471858699818783E-001
    396  2.459369963706969E-001
    397  2.458688436986853E-001
    398  2.453076088570914E-001
    399  2.452000246996921E-001
    400  2.447989559879875E-001
    401  2.441882435212366E-001
    402  2.430318049028028E-001
    403  2.422116191870153E-001
    404  2.421523218949112E-001
    405  2.414129675216983E-001
    406  2.408430657563171E-001
    407  2.401225323799609E-001
    408  2.388840653680575E-001
    409  2.380417286948937E-001
    410  2.378562151693032E-001
    411  2.369187682022666E-001
    412  2.361195111238348E-001
    413  2.353631048967010E-001
    414  2.353054811428386E-001
    415  2.351870122873173E-001
    416  2.349793663936213E-001
    417  2.331831605191208E-001
    418  2.324462955714234E-001
    419  2.318609634681432E-001
    420  2.303926725985005E-001
    421  2.298964322652256E-001
    422  2.291687052345211E-001
    423  2.280441063129146E-001
    424  2.269355947229422E-001
    425  2.262125709981458E-001
    426  2.255142734430241E-001
    427  2.247098890733797E-001
    428  2.239459303555722E-001
    429  2.236934079108576E-001
    430  2.235657313394104E-001
    431  2.234319228821800E-001
    432  2.229773283697128E-001
    433  2.228819102298548E-001
    434  2.225091990955593E-001
    435  2.222613593575137E-001
    436  2.220609370423191E-001
    437  2.216099226631620E-001
    438  2.215181281546888E-001
    439  2.204430037321741E-001
    440  2.197708559623950E-001
    441  2.187575322156752E-001
    442  2.185155882127079E-001
    443  2.176809504226321E-001
    444  2.156309251449537E-001
    445  2.148199838181940E-001
    446  2.142982781112413E-001
    447  2.115172963035966E-001
    448  2.103757859468405E-001
    449  2.098639132503594E-001
    450  2.091460825282057E-001
    451  2.088426295075703E-001
    452  2.084192149221025E-001
    453  2.082306653572932E-001
    454  2.067962008768098E-001
    455  2.064685069326349E-001
    456  2.064183202428982E-001
    457  2.055376689051315E-001
    458  2.047098597308190E-001
    459  2.034620287643584E-001
    460  2.016705020545260E-001
    461  2.008804779087359E-001
    462  2.007030744302822E-001
    463  2.002751417667391E-001
    464  2.001720487261462E-001
    465  1.999169414357974E-001
    466  1.996672087443045E-001
    467  1.995615606764949E-001
    468  1.995359287157715E-001
    469  1.990346772261256E-001
    470  1.989110302396895E-001
    471  1.988400931204328E-001
    472  1.987808258929422E-001
    473  1.984783747758593E-001
    474  1.983585060384364E-001
    475  1.980355734008408E-001
    476  1.977935650812296E-001
    477  1.977096975873244E-001
    478  1.973442833847655E-001
    479  1.969334469202818E-001
    480  1.968622198507150E-001
    481  1.966872982727295E-001
    482  1.966191952041727E-001
    483  1.964492744169598E-001
    484  1.963227017730938E-001
    485  1.961536163428265E-001
    486  1.960740167951792E-001
    487  1.958571908060038E-001
    488  1.956333868842746E-001
    489  1.954577315683380E-001
    490  1.952371562659293E-001
    491  1.947558076354726E-001
    492  1.945236923816410E-001
    493  1.918944355900092E-001
    494  1.917449325045714E-001
    495  1.909069442252173E-001
    496  1.904395660428406E-001
    497  1.899499365818003E-001
    498  1.884858227391086E-001
    499  1.882021218109293E-001
    500  1.877860456244742E-001
    501  1.871530992803612E-001
    502  1.866418437258681E-001
    503  1.846281310220707E-001
    504  1.839010468256127E-001
    505  1.828632055857140E-001
    506  1.826568580524735E-001
    507  1.822827699867546E-001
    508  1.820705750350352E-001
    509  1.818518527576861E-001
    510  1.817311970535374E-001
    511  1.816131109559110E-001
    512  1.814701037799494E-001
    513  1.813889162836460E-001
    514  1.813598429114101E-001
    515  1.812926639060871E-001
    516  1.811802495403328E-001
    517  1.810881545731698E-001
    518  1.810696482394372E-001
    519  1.810630481300340E-001
    520  1.810070811245290E-001
    521  1.808119221747035E-001
    522  1.763594144204565E-001
    523  1.760011130502390E-001
    524  1.758935596618214E-001
    525  1.755861486829371E-001
    526  1.753379557013770E-001
    527  1.749893473939659E-001
    528  1.749499036500067E-001
    529  1.748527708690508E-001
    530  1.715803668427055E-001
    531  1.706713797281452E-001
    532  1.695374236144744E-001
    533  1.668262867796610E-001
    534  1.663033808731519E-001
    535  1.221021710837167E-001
    536  1.216960811491254E-001
    537  1.174256600996182E-001
    538  7.215495104008310E-002
    539  4.825880838580247E-002
    540  4.590765326603805E-002
    541  4.576585148184889E-002
    542  4.564577756907469E-002
    543  4.496082430529409E-002
    544  4.337883359668492E-002
    545  4.315767591629375E-002
    546  4.315451385210416E-002
    547  4.294733071953683E-002
    548  4.285342092921717E-002
    549  4.249088262424922E-002
    550  4.242312636363953E-002
    551  4.235488861172552E-002
    552  4.232164967486378E-002
    553  4.220825063524015E-002
    554  4.178770992249762E-002
    555  4.171739535336984E-002
    556  4.124470571823576E-002
    557  4.121528921844049E-002
    558  4.109209137030945E-002
    559  4.106174798665466E-002
    560  4.067952117078783E-002
    561  4.062432580202397E-002
    562  4.058514725848546E-002
    563  4.052091118762101E-002
    564  4.044325665589042E-002
    565  4.036272749852107E-002
    566  4.031787219320832E-002
    567  4.019223660662900E-002
    568  3.984660864779796E-002
    569  3.982882170463443E-002
    570  3.977374375825446E-002
    571  3.960897898898049E-002
    572  3.953406581327082E-002
    573  3.951312029895345E-002
    574  3.944154690309953E-002
    575  3.937283937034104E-002
    576  3.930371420814389E-002
    577  3.929362228484796E-002
    578  3.924012552513536E-002
    579  3.922592522353666E-002
    580  3.919423119465339E-002
    581  3.918143333864515E-002
    582  3.909158543718429E-002
    583  3.903727242461399E-002
    584  3.890175358876753E-002
    585  3.886376243129867E-002
    586  3.877806602969285E-002
    587  3.875959799786476E-002
    588  3.873299399541247E-002
    589  3.867587753290735E-002
    590  3.865889226082660E-002
    591  3.858645635703408E-002
    592  3.858148832631991E-002
    593  3.850508866600984E-002
    594  3.842737168849911E-002
    595  3.837122022142352E-002
    596  3.830064571217987E-002
    597  3.829372135542865E-002
    598  3.820607272418373E-002
    599  3.817299094844218E-002
    600  3.807129260111324E-002
    601  3.806770035357929E-002
    602  3.805393783738871E-002
    603  3.803637161278026E-002
    604  3.798549532299358E-002
    605  3.791602856404633E-002
    606  3.788257497729178E-002
    607  3.787917550413601E-002
    608  3.781552933406147E-002
    609  3.778918780948926E-002
    610  3.778690133896150E-002
    611  3.777964988805919E-002
    612  3.775211385592372E-002
    613  3.769368851712984E-002
    614  3.767276448465127E-002
    615  3.765519215603081E-002
    616  3.762455076618917E-002
    617  3.760456203251699E-002
    618  3.748841374685149E-002
    619  3.746208901636583E-002
    620  3.740994731402994E-002
    621  3.739469564309734E-002
    622  3.736937267268064E-002
    623  3.733729302092824E-002
    624  3.731088997673913E-002
    625  3.727000642468761E-002
    626  3.723226706643189E-002
    627  3.721306224827434E-002
    628  3.713746787817970E-002
    629  3.708585462471448E-002
    630  3.708254024510845E-002
    631  3.706731983891672E-002
    632  3.705101372104162E-002
    633  3.704650172404036E-002
    634  3.700645062377561E-002
    635  3.697208645216818E-002
    636  3.697097034735462E-002
    637  3.693614445716597E-002
    638  3.692851876922561E-002
    639  3.691078460899960E-002
    640  3.689867735432702E-002
    641  3.688595253561248E-002
    642  3.686100013779899E-002
    643  3.683993214411602E-002
    644  3.682004302395056E-002
    645  3.681310231149588E-002
    646  3.678019940579844E-002
    647  3.676092062250148E-002
    648  3.674646996215723E-002
    649  3.671975206964621E-002
    650  3.666095932634678E-002
    651  3.665367362022726E-002
    652  3.657440582591138E-002
    653  3.656028356284585E-002
    654  3.646191564611276E-002
    655  3.642253536846703E-002
    656  3.639142362116070E-002
    657  3.635708417901819E-002
    658  3.634871329648391E-002
    659  3.630063581650338E-002
    660  3.621313014074164E-002
    661  3.620035031093839E-002
    662  3.616992827688198E-002
    663  3.604333763752124E-002
    664  3.599075029742803E-002
    665  3.595340983099643E-002
    666  3.586602889104489E-002
    667  3.572167685256427E-002
    668  3.570723211319486E-002
    669  3.563557428559727E-002
    670  3.560988854971785E-002
    671  3.546959268088808E-002
    672  3.546258233354912E-002
    673  3.539884075818199E-002
    674  3.533859995307400E-002
    675  3.530434440841762E-002
    676  3.518852129532626E-002
    677  3.506191261818745E-002
    678  3.492925140296602E-002
    679  3.481845507061925E-002
    680  3.476230106688313E-002
    681  3.472460020262828E-002
    682  3.465366129173674E-002
    683  3.464718501768075E-002
    684  3.462505313219842E-002
    685  3.460821062016354E-002
    686  3.459584271819793E-002
    687  3.457868725941821E-002
    688  3.455959196920519E-002
    689  3.452232445324073E-002
    690  3.446096552188265E-002
    691  3.441841328289208E-002
    692  3.441310695208112E-002
    693  3.439051970157882E-002
    694  3.438937113814498E-002
    695  3.436803953978544E-002
    696  3.429122937569375E-002
    697  3.428492789363098E-002
    698  3.424413845610281E-002
    699  3.422130089833513E-002
    700  3.417426075225975E-002
    701  3.412358507246500E-002
    702  3.410890351000256E-002
    703  3.404748694379280E-002
    704  3.396896751152374E-002
    705  3.388390329855736E-002
    706  3.380177531647065E-002
    707  3.371188724286858E-002
    708  3.369325658589684E-002
    709  3.365833885437065E-002
    710  3.364471726297253E-002
    711  3.356816597440335E-002
    712  3.349951941650947E-002
    713  3.347073120068118E-002
    714  3.345855176454928E-002
    715  3.343133276205956E-002
    716  3.341105611941791E-002
    717  3.334890872186422E-002
    718  3.330598656100588E-002
    719  3.330035468010937E-002
    720  3.318083990314707E-002
    721  3.313820864812519E-002
    722  3.312905921680507E-002
    723  3.310174911705176E-002
    724  3.307819661150694E-002
    725  3.306266741439474E-002
    726  3.299386428561744E-002
    727  3.293559758898752E-002
    728  3.292797955961045E-002
    729  3.291140920662711E-002
    730  3.284806095841213E-002
    731  3.283597525553773E-002
    732  3.283442589438710E-002
    733  3.279264938701180E-002
    734  3.279104852007300E-002
    735  3.277082406313928E-002
    736  3.274196902757397E-002
    737  3.274029603955725E-002
    738  3.268517015035442E-002
    739  3.268326241687876E-002
    740  3.268177076099672E-002
    741  3.267126241785210E-002
    742  3.265439836852529E-002
    743  3.263441220323646E-002
    744  3.257243342475687E-002
    745  3.255169148110081E-002
    746  3.248893722577451E-002
    747  3.248166747069801E-002
    748  3.245784178310640E-002
    749  3.241580977770077E-002
    750  3.240378103095617E-002
    751  3.236558364840644E-002
    752  3.231719751989658E-002
    753  3.225849096130026E-002
    754  3.224491531939228E-002
    755  3.224447822500551E-002
    756  3.219531470227942E-002
    757  3.215085968620803E-002
    758  3.210106558000891E-002
    759  3.204241128330265E-002
    760  3.192856749012277E-002
    761  3.189112564722962E-002
    762  3.184221390024774E-002
    763  3.163403890506629E-002
    764  3.156490797007957E-002
    765  3.148865860677745E-002
    766  3.146091118507058E-002
    767  3.131460833787480E-002
    768  3.124303156674715E-002
    769  3.114603177776305E-002
    770  3.113025032116434E-002
    771  3.104311421132996E-002
    772  3.085702715619874E-002
    773  3.070165708016760E-002
    774  3.057988361487703E-002
    775  3.037305523470130E-002
    776  3.026880535725017E-002
    777  3.025912140185918E-002
    778  3.002820314827950E-002
    779  3.001158334286798E-002
    780  2.998840914495602E-002
    781  2.984357290152903E-002
    782  2.978257192925149E-002
    783  2.977192725812864E-002
    784  2.974014377026570E-002
    785  2.970260660380083E-002
    786  2.968716255579166E-002
    787  2.965092206968305E-002
    788  2.960147238501236E-002
    789  2.956931473267358E-002
    790  2.955181202655214E-002
    791  2.952641296474181E-002
    792  2.950971424352583E-002
    793  2.947575676509622E-002
    794  2.944266865813139E-002
    795  2.942907789565117E-002
    796  2.934001439499747E-002
    797  2.926440542176174E-002
    798  2.926355937070296E-002
    799  2.922462404946568E-002
    800  2.921024895078360E-002
    801  2.915489896806538E-002
    802  2.909405689303376E-002
    803  2.901291946135287E-002
    804  2.898112067940084E-002
    805  2.887751236237514E-002
    806  2.883539619705647E-002
    807  2.882311718448712E-002
    808  2.878690000205737E-002
    809  2.862079464488697E-002
    810  2.859650161882431E-002
    811  2.854344448313961E-002
    812  2.851034830923723E-002
    813  2.844637110041520E-002
    814  2.841416170863294E-002
    815  2.838967700755737E-002
    816  2.838878234938837E-002
    817  2.830912515121291E-002
    818  2.826837016976651E-002
    819  2.823143424523190E-002
    820  2.818314989506798E-002
    821  2.817845379402376E-002
    822  2.816367684650124E-002
    823  2.815885993849260E-002
    824  2.812187865654026E-002
    825  2.809494308953497E-002
    826  2.806128194987502E-002
    827  2.802789335257352E-002
    828  2.800855939368308E-002
    829  2.798187552717786E-002
    830  2.798061501515765E-002
    831  2.794532965516409E-002
    832  2.791877042897590E-002
    833  2.789241518789403E-002
    834  2.787474950358923E-002
    835  2.786468944586464E-002
    836  2.777471515855834E-002
    837  2.777280901476117E-002
    838  2.774982008727794E-002
    839  2.771709319335651E-002
    840  2.761052561635523E-002
    841  2.757812625778481E-002
    842  2.755045876411115E-002
    843  2.749118749552200E-002
    844  2.738855248592290E-002
    845  2.734666519615681E-002
    846  2.725967759287883E-002
    847  2.725441089032872E-002
    848  2.710745430079384E-002
    849  2.701842825074643E-002
    850  2.684173910994123E-002
    851  2.680245582361601E-002
    852  2.678533174671962E-002
    853  2.673126541100352E-002
    854  2.664824696643666E-002
    855  2.653138606529516E-002
    856  2.652534886704726E-002
    857  2.647778564389949E-002
    858  2.647234666450460E-002
    859  2.646612498327407E-002
    860  2.642531541194726E-002
    861  2.642441824476009E-002
    862  2.636565895614096E-002
    863  2.632797750548643E-002
    864  2.629706030771319E-002
    865  2.629053556159254E-002
    866  2.600226247743793E-002
    867  2.594648654054386E-002
    868  2.589965802039493E-002
    869  2.578014249972850E-002
    870  2.560592517896641E-002
    871  2.552420286173788E-002
    872  2.549576881261916E-002
    873  2.546305981501527E-002
    874  2.537815358574590E-002
    875  2.537487799020743E-002
    876  2.530841403071652E-002
    877  2.528484795670307E-002
    878  2.521198210592497E-002
    879  2.520601240651472E-002
    880  2.511245429906625E-002
    881  2.494026073420990E-002
    882  2.489286319729616E-002
    883  2.487598432463232E-002
    884  2.486884609013414E-002
    885  2.479583531987933E-002
    886  2.474532689772188E-002
    887  2.468476407897233E-002
    888  2.467650116667917E-002
    889  2.423776270096836E-002
    890  2.414863444174361E-002
    891  2.414295497391281E-002
    892  2.408221229992905E-002
    893  2.387496527253216E-002
    894  2.380348442428280E-002
    895  2.342792279739397E-002
    896  2.342466147000986E-002
    897  2.333758241071402E-002
    898  2.310930693869562E-002
    899  2.300350035526331E-002
    900  2.282348954212568E-002
    901  2.239132858478602E-002
    902  2.235566558955269E-002
    903  2.218572673690482E-002
    904  2.210647677449089E-002
    905  2.193221349206893E-002
    906  2.187073981653869E-002
    907  2.180809074804049E-002
    908  2.170068860826526E-002
    909  2.167893655604454E-002
    910  2.156527559550156E-002
    911  2.152351069733123E-002
    912  2.145560777294004E-002
    913  2.138946972340200E-002
    914  2.136404365932539E-002
    915  2.134499459134559E-002
    916  2.132961507732028E-002
    917  2.128124209187369E-002
    918  2.119960474484819E-002
    919  2.114266250044473E-002
    920  2.107265478061850E-002
    921  2.103191496654220E-002
    922  2.097077831497245E-002
    923  2.096627310409801E-002
    924  2.094663496180487E-002
    925  2.086168980650883E-002
    926  2.079705284222537E-002
    927  2.072017622315927E-002
    928  2.067873568636229E-002
    929  2.064214412262086E-002
    930  2.062755488844562E-002
    931  2.061439194270282E-002
    932  2.060557667401221E-002
    933  2.060063117515253E-002
    934  2.053245569717636E-002
    935  2.050351340301974E-002
    936  2.040845095982368E-002
    937  2.040768136092001E-002
    938  2.039037630534934E-002
    939  2.035579332592188E-002
    940  2.033895465093504E-002
    941  2.032710890796499E-002
    942  2.028538679939676E-002
    943  2.026259833304340E-002
    944  2.026205037265155E-002
    945  2.021893968840065E-002
    946  2.020276018687597E-002
    947  2.015073168023679E-002
    948  2.011895791318513E-002
    949  2.009988683743293E-002
    950  2.006701410426798E-002
    951  2.001873779678463E-002
    952  2.001603770850462E-002
    953  1.997442128480488E-002
    954  1.997362783381542E-002
    955  1.996147639554224E-002
    956  1.995943420670813E-002
    957  1.995014963792186E-002
    958  1.994380398219569E-002
    959  1.992401598799655E-002
    960  1.991985748993064E-002
    961  1.991266024560633E-002
    962  1.988996329803043E-002
    963  1.987342813709736E-002
    964  1.985137600961125E-002
    965  1.977252816426348E-002
    966  1.970859333721761E-002
    967  1.967103093656046E-002
    968  1.966100785744871E-002
    969  1.964018239374788E-002
    970  1.962744123636121E-002
    971  1.958630502026328E-002
    972  1.956307205813188E-002
    973  1.951348014551948E-002
    974  1.950807725198148E-002
    975  1.950274738155802E-002
    976  1.945491320417510E-002
    977  1.944378865198852E-002
    978  1.942454265306058E-002
    979  1.940582809011860E-002
    980  1.939069412442397E-002
    981  1.936865082013929E-002
    982  1.933576759213106E-002
    983  1.930744208773197E-002
    984  1.930280554657956E-002
    985  1.926194856589536E-002
    986  1.924242806487956E-002
    987  1.921600919794111E-002
    988  1.921532634056518E-002
    989  1.911791729710214E-002
    990  1.909443329593712E-002
    991  1.903132201406665E-002
    992  1.898028478526065E-002
    993  1.895244560036542E-002
    994  1.893779728170751E-002
    995  1.889817601131871E-002
    996  1.888727396387431E-002
    997  1.887481824654093E-002
    998  1.885782073286701E-002
    999  1.885195339738293E-002
   1000  1.884993190576511E-002
   1001  1.881860908082949E-002
   1002  1.881577501997590E-002
   1003  1.876667048585712E-002
   1004  1.876453303097311E-002
   1005  1.875673022352180E-002
   1006  1.872676511442947E-002
   1007  1.869767954227907E-002
   1008  1.869284628131531E-002
   1009  1.866048117319615E-002
   1010  1.862896558777912E-002
   1011  1.860337386339922E-002
   1012  1.858769291419068E-002
   1013  1.856852167819299E-002
   1014  1.854600730934671E-002
   1015  1.853941906667718E-002
   1016  1.853416871788253E-002
   1017  1.852051043730144E-002
   1018  1.849707157916319E-002
   1019  1.847222283867838E-002
   1020  1.844663013702360E-002
   1021  1.841875843262216E-002
   1022  1.837361627074871E-002
   1023  1.835428071483256E-002
   1024  1.832191257642810E-002
   1025  1.830189040223626E-002
   1026  1.829245308889191E-002
   1027  1.826814495182614E-002
   1028  1.821088952017397E-002
   1029  1.820126677168986E-002
   1030  1.813950803557598E-002
   1031  1.813120839659341E-002
   1032  1.810598673111449E-002
   1033  1.806922664848985E-002
   1034  1.806617187564291E-002
   1035  1.806354158275479E-002
   1036  1.803303079338554E-002
   1037  1.799913141463840E-002
   1038  1.794379167013144E-002
   1039  1.790819340239024E-002
   1040  1.787828745370799E-002
   1041  1.786270820488198E-002
   1042  1.778851036053731E-002
   1043  1.777502551188031E-002
   1044  1.773878802432397E-002
   1045  1.766085164801029E-002
   1046  1.763360230098787E-002
   1047  1.752709944598003E-002
   1048  1.749445486089401E-002
   1049  1.745717612580489E-002
   1050  1.741816980094851E-002
   1051  1.722949456228945E-002
   1052  1.719097782770462E-002
   1053  1.713202468816825E-002
   1054  1.712622266865465E-002
   1055  1.711480470184364E-002
   1056  1.708774720271096E-002
   1057  1.708455916128067E-002
   1058  1.700489843336293E-002
   1059  1.695347901422039E-002
   1060  1.690195141261782E-002
   1061  1.680156485268856E-002
   1062  1.678599500494988E-002
   1063  1.678217845984665E-002
   1064  1.675224425345105E-002
   1065  1.665831173850198E-002
   1066  1.664003199026721E-002
   1067  1.661239541486814E-002
   1068  1.659857191682591E-002
   1069  1.632856558870287E-002
   1070  1.616990853047370E-002
   1071  1.603670406377833E-002
   1072  1.598263912603064E-002
   1073  1.591453006300391E-002
   1074  1.580652453556775E-002
   1075  3.431718095417410E-003
   1076  3.364770866612993E-003
   1077  5.741385855240171E-009
