# t, dt:    2.400000000000001E-002  1.000000000000000E-003
# j, New nj
      1  1.652089684878109E+000
      2  1.615600599037549E+000
      3  1.585514474638366E+000
      4  1.552291223209534E+000
      5  1.521776809799150E+000
      6  1.505326017968997E+000
      7  1.499385263689817E+000
      8  1.493358752884587E+000
      9  1.479909346455334E+000
     10  1.462785212598211E+000
     11  1.313241321906302E+000
     12  1.293659242391336E+000
     13  1.088624443581957E+000
     14  1.082351898707975E+000
     15  1.061161942441699E+000
     16  1.056509649082215E+000
     17  1.051029552345631E+000
     18  1.028805995005238E+000
     19  1.020014864626313E+000
     20  1.014268063611377E+000
     21  1.012422917325930E+000
     22  1.012178355447000E+000
     23  1.005206652718318E+000
     24  1.001908055388977E+000
     25  9.393136377644467E-001
     26  9.350825268707258E-001
     27  9.273972688184632E-001
     28  9.190964883945062E-001
     29  9.185191441066678E-001
     30  8.994251786198170E-001
     31  8.934894319177543E-001
     32  8.742991421680828E-001
     33  8.735230960432532E-001
     34  8.696815619009299E-001
     35  8.638417027963080E-001
     36  8.626156595335959E-001
     37  8.603317543742612E-001
     38  8.591719563335091E-001
     39  8.571629546949558E-001
     40  8.521347405001207E-001
     41  8.495227175473679E-001
     42  8.456525022499931E-001
     43  8.245806812424330E-001
     44  8.234006561425136E-001
     45  8.147898988803528E-001
     46  8.132141826780910E-001
     47  8.105218883057563E-001
     48  8.075491389962942E-001
     49  8.071407319510262E-001
     50  8.058062695287517E-001
     51  8.045496072225105E-001
     52  8.022933820659044E-001
     53  8.022669505951795E-001
     54  8.001035951977036E-001
     55  7.875335908457400E-001
     56  7.818247483364763E-001
     57  7.714401328300559E-001
     58  7.703166070193419E-001
     59  7.683117058046625E-001
     60  7.663229045211567E-001
     61  7.616682316707962E-001
     62  7.586983012512080E-001
     63  7.573684633435501E-001
     64  7.555581953448856E-001
     65  7.523550804728860E-001
     66  7.492008057553858E-001
     67  7.446496381772720E-001
     68  7.438183637784814E-001
     69  7.430013171024786E-001
     70  7.366655252386251E-001
     71  7.335098997923986E-001
     72  7.315748670012304E-001
     73  7.281246841351952E-001
     74  7.271635636011695E-001
     75  7.229674729205261E-001
     76  7.222689151308251E-001
     77  7.214994267966406E-001
     78  7.203002225387689E-001
     79  7.186625990306083E-001
     80  7.149178577258383E-001
     81  7.148527277522245E-001
     82  7.121524029107177E-001
     83  7.119739680621107E-001
     84  7.107301523939604E-001
     85  7.071180851368341E-001
     86  7.061104493160157E-001
     87  7.010672774585351E-001
     88  6.999290432682195E-001
     89  6.957372729992403E-001
     90  6.939555006211371E-001
     91  6.926760521225614E-001
     92  6.922052222334273E-001
     93  6.903873407956613E-001
     94  6.899335505064946E-001
     95  6.887927888315047E-001
     96  6.882393666396609E-001
     97  6.874927760669606E-001
     98  6.873366095501885E-001
     99  6.861595901734299E-001
    100  6.856515967266722E-001
    101  6.850861464963490E-001
    102  6.768181095525561E-001
    103  6.710584927435310E-001
    104  6.679231720388225E-001
    105  6.645895624387419E-001
    106  6.644919059911245E-001
    107  6.620426906361585E-001
    108  6.605984279154447E-001
    109  6.591448422973394E-001
    110  6.584540343239207E-001
    111  6.579580804182905E-001
    112  6.574620460164100E-001
    113  6.569656697151476E-001
    114  6.539202320289159E-001
    115  6.520965699832613E-001
    116  6.516087063558261E-001
    117  6.498746273112267E-001
    118  6.456038107265243E-001
    119  6.451380729709215E-001
    120  6.431124848841013E-001
    121  6.424421948468569E-001
    122  6.404861155264190E-001
    123  6.395183881235645E-001
    124  6.370677817646531E-001
    125  6.363464336405550E-001
    126  6.354623315537211E-001
    127  6.353515614344027E-001
    128  6.331390576581988E-001
    129  6.321994814849378E-001
    130  6.317699216418149E-001
    131  6.292420459094344E-001
    132  6.287746386360363E-001
    133  6.279145153246812E-001
    134  6.252097663261058E-001
    135  6.245881915522822E-001
    136  6.232281721524942E-001
    137  6.228691938139637E-001
    138  6.220613287827090E-001
    139  6.212504169066730E-001
    140  6.209115318691064E-001
    141  6.200036832192818E-001
    142  6.179236824181972E-001
    143  6.147867808805790E-001
    144  6.143200762221370E-001
    145  6.104192365792439E-001
    146  6.094558374750632E-001
    147  6.072534345865878E-001
    148  6.040788166284844E-001
    149  6.013878993240123E-001
    150  5.919640685249798E-001
    151  5.913417139982258E-001
    152  5.882415613303944E-001
    153  5.848702692673390E-001
    154  5.822428354074624E-001
    155  5.819330283141100E-001
    156  5.804990424316471E-001
    157  5.798892592703360E-001
    158  5.791296141797730E-001
    159  5.787274326252466E-001
    160  5.786476929534211E-001
    161  5.782807479890638E-001
    162  5.781441972877838E-001
    163  5.762261553307623E-001
    164  5.740496067110474E-001
    165  5.630289585393746E-001
    166  5.622586080909000E-001
    167  5.596837813032605E-001
    168  5.551046015318576E-001
    169  5.545517774218170E-001
    170  5.502708710647096E-001
    171  5.473293541708072E-001
    172  5.465174040499852E-001
    173  5.430114273063462E-001
    174  5.405306177518638E-001
    175  5.390122295917301E-001
    176  5.387572339985133E-001
    177  5.380682973768542E-001
    178  5.365931765194892E-001
    179  5.341817112690870E-001
    180  5.326425154286483E-001
    181  5.319572649019357E-001
    182  5.310387501395607E-001
    183  5.298377767485495E-001
    184  5.271532874236065E-001
    185  5.269290136698189E-001
    186  5.253732986539381E-001
    187  5.244744252051475E-001
    188  5.232741491772284E-001
    189  5.219319733955394E-001
    190  5.210094866322538E-001
    191  5.158308345954323E-001
    192  5.157456451136418E-001
    193  5.122031509825091E-001
    194  5.120201336294424E-001
    195  5.093371997929911E-001
    196  5.085485243553198E-001
    197  5.073555636415660E-001
    198  5.066219354578289E-001
    199  5.063491577825838E-001
    200  5.058954857618526E-001
    201  5.056936307231968E-001
    202  5.055018949344918E-001
    203  5.052824472201800E-001
    204  5.050040674497444E-001
    205  5.046648785327167E-001
    206  5.045258984565575E-001
    207  5.043900218292299E-001
    208  5.041164020263397E-001
    209  5.040252565826437E-001
    210  5.037596632549571E-001
    211  5.035146835916248E-001
    212  5.028950170683504E-001
    213  5.025389082251120E-001
    214  5.019999014151167E-001
    215  5.015775478389392E-001
    216  5.013362570953018E-001
    217  5.012971932707976E-001
    218  5.008141572128514E-001
    219  5.004545262516424E-001
    220  4.991724388859458E-001
    221  4.984250947938679E-001
    222  4.982815933678725E-001
    223  4.965116423741950E-001
    224  4.955257817800682E-001
    225  4.950506132460839E-001
    226  4.944244763246321E-001
    227  4.943521837513313E-001
    228  4.933835499872487E-001
    229  4.904959938740612E-001
    230  4.836988146119358E-001
    231  4.786435526432566E-001
    232  4.782393874488263E-001
    233  4.769143900594289E-001
    234  4.758411037069342E-001
    235  4.732254019349361E-001
    236  4.720743091729741E-001
    237  4.714427012670888E-001
    238  4.712964834050621E-001
    239  4.706813776046127E-001
    240  4.697915148081486E-001
    241  4.688299190503483E-001
    242  4.683567342250316E-001
    243  4.672381708679529E-001
    244  4.668917405978246E-001
    245  4.662604858428386E-001
    246  4.603444811084543E-001
    247  4.599891368617993E-001
    248  4.591556771724917E-001
    249  4.537555710904941E-001
    250  4.533525026536454E-001
    251  4.481026521777807E-001
    252  4.457696831156444E-001
    253  4.439503303982965E-001
    254  4.426146888074028E-001
    255  4.407970049023349E-001
    256  4.402526687533667E-001
    257  4.387223416822616E-001
    258  4.367870301930498E-001
    259  4.356948006422829E-001
    260  4.327655142010998E-001
    261  4.316398092454253E-001
    262  4.309908351626146E-001
    263  4.305919216208237E-001
    264  4.298271849184478E-001
    265  4.294977691393931E-001
    266  4.293042804912804E-001
    267  4.291987254817142E-001
    268  4.288711120846581E-001
    269  4.286764499310806E-001
    270  4.285033786269659E-001
    271  4.281349812659888E-001
    272  4.278421353849622E-001
    273  4.277719915131920E-001
    274  4.277265400615994E-001
    275  4.276480628722730E-001
    276  4.271991062859966E-001
    277  4.271539748304229E-001
    278  4.269942186285846E-001
    279  4.267866644845644E-001
    280  4.266352111313014E-001
    281  4.264111549162908E-001
    282  4.257548560025485E-001
    283  4.257426399466830E-001
    284  4.233578936420209E-001
    285  4.232293094298625E-001
    286  4.210349860150971E-001
    287  4.209914134688020E-001
    288  4.174103970580904E-001
    289  4.160416443296802E-001
    290  4.157337475134410E-001
    291  4.155820429254303E-001
    292  4.150373492716367E-001
    293  4.145590141470601E-001
    294  4.138682110369827E-001
    295  4.137477228383526E-001
    296  4.133036483809670E-001
    297  4.126723270161444E-001
    298  4.107454052590102E-001
    299  4.106784654891903E-001
    300  4.088532041177930E-001
    301  4.082843993821291E-001
    302  4.081481830501784E-001
    303  4.050835026882916E-001
    304  4.030872019578312E-001
    305  4.001278220052535E-001
    306  3.995033841272854E-001
    307  3.991756977071960E-001
    308  3.991032345351244E-001
    309  3.983111366157268E-001
    310  3.975480650048750E-001
    311  3.965494093491461E-001
    312  3.963468083635290E-001
    313  3.961909600070016E-001
    314  3.956289126511614E-001
    315  3.953008862138810E-001
    316  3.950435890316841E-001
    317  3.942719873079132E-001
    318  3.941698060221996E-001
    319  3.937000837616781E-001
    320  3.931571022065257E-001
    321  3.929099132573978E-001
    322  3.923758214677377E-001
    323  3.923361619417652E-001
    324  3.918735450055671E-001
    325  3.894662388221157E-001
    326  3.893976526619359E-001
    327  3.892982365907993E-001
    328  3.889134130435092E-001
    329  3.868418838778486E-001
    330  3.858487268774779E-001
    331  3.802180058390033E-001
    332  3.798485369071623E-001
    333  3.774480899675491E-001
    334  3.765536598490978E-001
    335  3.751098074697475E-001
    336  3.683075407442437E-001
    337  3.652639163899830E-001
    338  3.623845342675616E-001
    339  3.536638762469918E-001
    340  3.530490060768449E-001
    341  3.524153928543541E-001
    342  3.506871359060645E-001
    343  3.500073631176355E-001
    344  3.491772508694441E-001
    345  3.463023418135134E-001
    346  3.458738714904103E-001
    347  3.457933806068103E-001
    348  3.419008081374699E-001
    349  3.417601114320206E-001
    350  3.406089110292371E-001
    351  3.400650728510122E-001
    352  3.322606619995017E-001
    353  3.309526009117374E-001
    354  3.303528447823272E-001
    355  3.293783682373100E-001
    356  3.246269770263268E-001
    357  3.227391956971024E-001
    358  3.220993956893248E-001
    359  3.190673115939567E-001
    360  3.110446844717015E-001
    361  3.100332490811925E-001
    362  3.086067357720483E-001
    363  3.081610071216818E-001
    364  3.074752251331176E-001
    365  3.060403227929803E-001
    366  3.058763558783878E-001
    367  3.052152958431727E-001
    368  3.045274861101920E-001
    369  3.039454486593170E-001
    370  3.032384716468239E-001
    371  3.025346652172924E-001
    372  3.023047783814326E-001
    373  3.018200037721668E-001
    374  3.013963378444433E-001
    375  3.012675557644535E-001
    376  3.011973371101982E-001
    377  3.008826461516372E-001
    378  2.973450881778133E-001
    379  2.972808818136914E-001
    380  2.958325536933019E-001
    381  2.955919364911557E-001
    382  2.910236481822152E-001
    383  2.905352687350242E-001
    384  2.872064718380213E-001
    385  2.812010329338810E-001
    386  2.773780662893028E-001
    387  2.699107049152081E-001
    388  2.622640169508310E-001
    389  2.614093955676404E-001
    390  2.608387835979839E-001
    391  2.602865661274766E-001
    392  2.561051498885892E-001
    393  2.420065175000240E-001
    394  2.273872969219593E-001
    395  2.270604185627652E-001
    396  2.258839111670735E-001
    397  2.258197105700753E-001
    398  2.252910326051595E-001
    399  2.251896917191849E-001
    400  2.248119044029547E-001
    401  2.242366633748361E-001
    402  2.231474614114237E-001
    403  2.223750167269280E-001
    404  2.223191727481271E-001
    405  2.216228963763699E-001
    406  2.210862249273894E-001
    407  2.204077367674587E-001
    408  2.192416211972776E-001
    409  2.184485545138141E-001
    410  2.182738986724674E-001
    411  2.173913550484180E-001
    412  2.166389565694713E-001
    413  2.159269381300563E-001
    414  2.158726975382234E-001
    415  2.157611848748474E-001
    416  2.155657338239525E-001
    417  2.138751455656071E-001
    418  2.131816754497593E-001
    419  2.126308421596023E-001
    420  2.112492001886718E-001
    421  2.107822803108972E-001
    422  2.100975839023779E-001
    423  2.090395596633299E-001
    424  2.079967624810968E-001
    425  2.073166503928902E-001
    426  2.066598343537075E-001
    427  2.059032792204040E-001
    428  2.051847916024454E-001
    429  2.049473091955463E-001
    430  2.048272388002872E-001
    431  2.047014031612863E-001
    432  2.042739054033762E-001
    433  2.041841768180025E-001
    434  2.038336962838190E-001
    435  2.036006450521591E-001
    436  2.034121853411787E-001
    437  2.029881020498261E-001
    438  2.029017907352837E-001
    439  2.018909360423555E-001
    440  2.012590145231851E-001
    441  2.003064028492420E-001
    442  2.000789666608452E-001
    443  1.992944124636117E-001
    444  1.973676389581011E-001
    445  1.966055469788058E-001
    446  1.961152960513339E-001
    447  1.935023640916121E-001
    448  1.924300196466013E-001
    449  1.919491977449858E-001
    450  1.912749488404492E-001
    451  1.909899326000264E-001
    452  1.905922563782085E-001
    453  1.904151732235753E-001
    454  1.890680439431039E-001
    455  1.887603260724831E-001
    456  1.887131995626920E-001
    457  1.878862824074307E-001
    458  1.871090449521852E-001
    459  1.859375592384742E-001
    460  1.842558842962604E-001
    461  1.835143938679018E-001
    462  1.833478966065637E-001
    463  1.829462836618964E-001
    464  1.828495337774445E-001
    465  1.826101270040106E-001
    466  1.823757697965014E-001
    467  1.822766279578958E-001
    468  1.822525746692344E-001
    469  1.817822073363021E-001
    470  1.816661822885687E-001
    471  1.815996185613206E-001
    472  1.815440056120621E-001
    473  1.812602079536351E-001
    474  1.811477343671578E-001
    475  1.808447312503272E-001
    476  1.806176645935930E-001
    477  1.805389763681126E-001
    478  1.801961360706649E-001
    479  1.798106943505080E-001
    480  1.797438715890089E-001
    481  1.795797682522679E-001
    482  1.795158778751015E-001
    483  1.793564698683214E-001
    484  1.792377298671069E-001
    485  1.790791102227711E-001
    486  1.790044385319184E-001
    487  1.788010388455359E-001
    488  1.785910979505249E-001
    489  1.784263265091142E-001
    490  1.782194225150036E-001
    491  1.777679239555300E-001
    492  1.775502108078634E-001
    493  1.750844516919225E-001
    494  1.749442653180576E-001
    495  1.741585389135842E-001
    496  1.737203389656088E-001
    497  1.732612998606070E-001
    498  1.718887999925416E-001
    499  1.716228757008310E-001
    500  1.712328852959022E-001
    501  1.706396546258631E-001
    502  1.701605084179363E-001
    503  1.682735247801924E-001
    504  1.675923002371104E-001
    505  1.666200138922920E-001
    506  1.664267135829470E-001
    507  1.660762902100866E-001
    508  1.658775251559717E-001
    509  1.656726508374725E-001
    510  1.655596363566718E-001
    511  1.654490302301552E-001
    512  1.653150835765289E-001
    513  1.652390408452898E-001
    514  1.652118099907312E-001
    515  1.651488887792514E-001
    516  1.650436002827161E-001
    517  1.649573441472920E-001
    518  1.649400112255126E-001
    519  1.649338296111807E-001
    520  1.648814115072394E-001
    521  1.646986302985680E-001
    522  1.605296277577391E-001
    523  1.601942343008016E-001
    524  1.600935600749147E-001
    525  1.598058182864044E-001
    526  1.595735131607249E-001
    527  1.592472322528811E-001
    528  1.592103156226825E-001
    529  1.591194067619321E-001
    530  1.560573063950455E-001
    531  1.552069523024664E-001
    532  1.541462743518651E-001
    533  1.516109462265955E-001
    534  1.511220494182730E-001
    535  1.099320446572810E-001
    536  1.095550701476938E-001
    537  1.055927156784793E-001
    538  6.385200364994395E-002
    539  4.210253698166311E-002
    540  3.997855564418681E-002
    541  3.985056581379096E-002
    542  3.974219755949569E-002
    543  3.912419643052155E-002
    544  3.769802269717654E-002
    545  3.749878211949797E-002
    546  3.749593366406619E-002
    547  3.730931361832981E-002
    548  3.722473419113865E-002
    549  3.689827307491474E-002
    550  3.683726958219091E-002
    551  3.677583583184992E-002
    552  3.674591233885684E-002
    553  3.664383021420017E-002
    554  3.626533757120579E-002
    555  3.620206570527210E-002
    556  3.577681254936435E-002
    557  3.575035344171891E-002
    558  3.563954811565830E-002
    559  3.561225867533573E-002
    560  3.526855898786607E-002
    561  3.521893596010604E-002
    562  3.518371411209342E-002
    563  3.512596777828633E-002
    564  3.505616270959314E-002
    565  3.498377829812219E-002
    566  3.494346175710571E-002
    567  3.483054678695972E-002
    568  3.451997448616042E-002
    569  3.450399402515794E-002
    570  3.445451143045233E-002
    571  3.430649873190939E-002
    572  3.423920897189018E-002
    573  3.422039570498758E-002
    574  3.415611097680504E-002
    575  3.409440393517044E-002
    576  3.403232544916820E-002
    577  3.402326261020060E-002
    578  3.397522227378081E-002
    579  3.396247070548913E-002
    580  3.393401070001213E-002
    581  3.392251894122190E-002
    582  3.384184409128641E-002
    583  3.379307919353015E-002
    584  3.367141362370624E-002
    585  3.363730861754082E-002
    586  3.356038228669316E-002
    587  3.354380499798207E-002
    588  3.351992515880369E-002
    589  3.346865909497718E-002
    590  3.345341410199489E-002
    591  3.338840236897456E-002
    592  3.338394367645990E-002
    593  3.331537917895920E-002
    594  3.324563714780169E-002
    595  3.319525062414982E-002
    596  3.313192535288278E-002
    597  3.312571245992937E-002
    598  3.304707281634790E-002
    599  3.301739293541341E-002
    600  3.292615794357698E-002
    601  3.292293543847027E-002
    602  3.291058956359699E-002
    603  3.289483173236865E-002
    604  3.284919439546215E-002
    605  3.278688425349723E-002
    606  3.275687849875630E-002
    607  3.275382943593397E-002
    608  3.269674547744414E-002
    609  3.267312083111263E-002
    610  3.267107021447723E-002
    611  3.266456679252278E-002
    612  3.263987164388301E-002
    613  3.258747603881892E-002
    614  3.256871211736129E-002
    615  3.255295415500351E-002
    616  3.252547712237728E-002
    617  3.250755304538471E-002
    618  3.240340819693680E-002
    619  3.237980552833909E-002
    620  3.233305709814332E-002
    621  3.231938339786043E-002
    622  3.229668081209749E-002
    623  3.226792146229990E-002
    624  3.224425180667120E-002
    625  3.220760186104355E-002
    626  3.217377172408197E-002
    627  3.215655667640682E-002
    628  3.208879739572960E-002
    629  3.204253635019912E-002
    630  3.203956574052125E-002
    631  3.202592412146828E-002
    632  3.201130961985409E-002
    633  3.200726574124196E-002
    634  3.197137066117089E-002
    635  3.194057343576884E-002
    636  3.193957319707894E-002
    637  3.190836319819065E-002
    638  3.190152940050502E-002
    639  3.188563703034183E-002
    640  3.187478732899411E-002
    641  3.186338433839146E-002
    642  3.184102433095194E-002
    643  3.182214556226264E-002
    644  3.180432350277907E-002
    645  3.179810420980331E-002
    646  3.176862178086570E-002
    647  3.175134757052545E-002
    648  3.173839966472265E-002
    649  3.171446067602532E-002
    650  3.166178499002093E-002
    651  3.165525752013447E-002
    652  3.158424210628266E-002
    653  3.157159062511341E-002
    654  3.148347196346396E-002
    655  3.144819709510275E-002
    656  3.142032967380346E-002
    657  3.138957207890340E-002
    658  3.138207448807279E-002
    659  3.133901382215139E-002
    660  3.126064420162587E-002
    661  3.124919919103402E-002
    662  3.122195520932599E-002
    663  3.110859728242134E-002
    664  3.106151094931744E-002
    665  3.102807797807901E-002
    666  3.094984563487276E-002
    667  3.082062114548014E-002
    668  3.080769113660004E-002
    669  3.074355025474682E-002
    670  3.072056003484770E-002
    671  3.059499708670118E-002
    672  3.058872336155748E-002
    673  3.053168146196131E-002
    674  3.047777559387839E-002
    675  3.044712376650273E-002
    676  3.034349287456971E-002
    677  3.023022507937088E-002
    678  3.011155748212369E-002
    679  3.001246016573972E-002
    680  2.996223959016277E-002
    681  2.992852388600437E-002
    682  2.986508694747137E-002
    683  2.985929577707717E-002
    684  2.983950543014518E-002
    685  2.982444513435014E-002
    686  2.981338612049887E-002
    687  2.979804643814734E-002
    688  2.978097254706876E-002
    689  2.974765104479531E-002
    690  2.969279169147053E-002
    691  2.965474885331006E-002
    692  2.965000496469170E-002
    693  2.962981212002794E-002
    694  2.962878532444382E-002
    695  2.960971546272632E-002
    696  2.954105264924634E-002
    697  2.953541980692485E-002
    698  2.949895932650888E-002
    699  2.947854615381841E-002
    700  2.943650115774276E-002
    701  2.939120890118297E-002
    702  2.937808743390369E-002
    703  2.932319922750164E-002
    704  2.925303107390256E-002
    705  2.917702051758395E-002
    706  2.910363989271465E-002
    707  2.902333271109508E-002
    708  2.900668875765161E-002
    709  2.897549537394871E-002
    710  2.896332697166923E-002
    711  2.889494553747927E-002
    712  2.883362976768230E-002
    713  2.880791713982393E-002
    714  2.879703912218085E-002
    715  2.877272906462034E-002
    716  2.875461986652549E-002
    717  2.869911798778381E-002
    718  2.866078763816653E-002
    719  2.865575838179398E-002
    720  2.854903887823196E-002
    721  2.851097493292217E-002
    722  2.850280594785662E-002
    723  2.847842284032176E-002
    724  2.845739515889802E-002
    725  2.844353097091767E-002
    726  2.838210747537141E-002
    727  2.833009375531189E-002
    728  2.832329350036688E-002
    729  2.830850211638130E-002
    730  2.825195721252971E-002
    731  2.824116989198858E-002
    732  2.823978699056702E-002
    733  2.820249970216055E-002
    734  2.820107089373237E-002
    735  2.818302033502096E-002
    736  2.815726755181658E-002
    737  2.815577445350799E-002
    738  2.810657750422549E-002
    739  2.810487500393670E-002
    740  2.810354382217388E-002
    741  2.809416603855701E-002
    742  2.807911655680847E-002
    743  2.806128124545701E-002
    744  2.800597484511259E-002
    745  2.798746670436195E-002
    746  2.793147324816297E-002
    747  2.792498693797213E-002
    748  2.790372924192159E-002
    749  2.786622886503336E-002
    750  2.785549729189309E-002
    751  2.782142000779887E-002
    752  2.777825496663345E-002
    753  2.772588611860318E-002
    754  2.771377651435282E-002
    755  2.771338662485068E-002
    756  2.766953378279891E-002
    757  2.762988282565297E-002
    758  2.758547200351760E-002
    759  2.753316193299314E-002
    760  2.743164129802328E-002
    761  2.739825513043534E-002
    762  2.735464351749321E-002
    763  2.716905262829624E-002
    764  2.710743079935314E-002
    765  2.703946918933485E-002
    766  2.701473912847104E-002
    767  2.688435835570076E-002
    768  2.682057895722854E-002
    769  2.673415416157286E-002
    770  2.672009409631581E-002
    771  2.664246698496628E-002
    772  2.647671267345795E-002
    773  2.633834571762658E-002
    774  2.622991573841707E-002
    775  2.604578539267301E-002
    776  2.595299281456448E-002
    777  2.594437371395995E-002
    778  2.573887602240043E-002
    779  2.572408792912070E-002
    780  2.570346829824034E-002
    781  2.557461047100148E-002
    782  2.552034570490663E-002
    783  2.551087690049424E-002
    784  2.548260509058374E-002
    785  2.544921667462100E-002
    786  2.543547999063817E-002
    787  2.540324693107959E-002
    788  2.535926755645100E-002
    789  2.533066868593973E-002
    790  2.531510340495868E-002
    791  2.529251641357627E-002
    792  2.527766687115512E-002
    793  2.524747067645072E-002
    794  2.521804873124637E-002
    795  2.520596416098831E-002
    796  2.512677594613325E-002
    797  2.505955705138349E-002
    798  2.505880491828263E-002
    799  2.502419253358009E-002
    800  2.501141389199030E-002
    801  2.496221298239098E-002
    802  2.490813390700603E-002
    803  2.483602162298424E-002
    804  2.480776184244134E-002
    805  2.471569203915670E-002
    806  2.467826953008419E-002
    807  2.466735931989026E-002
    808  2.463518039910470E-002
    809  2.448761428171670E-002
    810  2.446603515618155E-002
    811  2.441890755576857E-002
    812  2.438951169185758E-002
    813  2.433269085051516E-002
    814  2.430408604356179E-002
    815  2.428234221435125E-002
    816  2.428154771872563E-002
    817  2.421081218174990E-002
    818  2.417462450012994E-002
    819  2.414182947423727E-002
    820  2.409896058234513E-002
    821  2.409479132312205E-002
    822  2.408167231810550E-002
    823  2.407739590957936E-002
    824  2.404456511365969E-002
    825  2.402065354068883E-002
    826  2.399077259778720E-002
    827  2.396113484106149E-002
    828  2.394397340930657E-002
    829  2.392028865524947E-002
    830  2.391916983723331E-002
    831  2.388785162337326E-002
    832  2.386427938263809E-002
    833  2.384088896934615E-002
    834  2.382521102014264E-002
    835  2.381628307270070E-002
    836  2.373643913006725E-002
    837  2.373474770080918E-002
    838  2.371434864804523E-002
    839  2.368530971515295E-002
    840  2.359075954778379E-002
    841  2.356201635762276E-002
    842  2.353747200233649E-002
    843  2.348489428173529E-002
    844  2.339385942197128E-002
    845  2.335670984417209E-002
    846  2.327956752611552E-002
    847  2.327489719065863E-002
    848  2.314459394073470E-002
    849  2.306566864046112E-002
    850  2.290905374413247E-002
    851  2.287423853258765E-002
    852  2.285906271304469E-002
    853  2.281114993076903E-002
    854  2.273758693167950E-002
    855  2.263404980980976E-002
    856  2.262870137703480E-002
    857  2.258656601301421E-002
    858  2.258174789518224E-002
    859  2.257623646445388E-002
    860  2.254008674917132E-002
    861  2.253929204767847E-002
    862  2.248724576693934E-002
    863  2.245387144185734E-002
    864  2.242648946238161E-002
    865  2.242071093310401E-002
    866  2.216545805243887E-002
    867  2.211608258655573E-002
    868  2.207463071850156E-002
    869  2.196884960959061E-002
    870  2.181468430558755E-002
    871  2.174238095070002E-002
    872  2.171722602875339E-002
    873  2.168829040427595E-002
    874  2.161318533610070E-002
    875  2.161028803940396E-002
    876  2.155150290490502E-002
    877  2.153066083320217E-002
    878  2.146622195189212E-002
    879  2.146094294655414E-002
    880  2.137821537237080E-002
    881  2.122598431365843E-002
    882  2.118408821137944E-002
    883  2.116916916165230E-002
    884  2.116285986411728E-002
    885  2.109833130439166E-002
    886  2.105369481839483E-002
    887  2.100017714225267E-002
    888  2.099287580238818E-002
    889  2.060532127980877E-002
    890  2.052662158655474E-002
    891  2.052160700650615E-002
    892  2.046797805860279E-002
    893  2.028503903891580E-002
    894  2.022195544685746E-002
    895  1.989062606482807E-002
    896  1.988774968106274E-002
    897  1.981095417325397E-002
    898  1.960968610854032E-002
    899  1.951642195565641E-002
    900  1.935778561431593E-002
    901  1.897712555682718E-002
    902  1.894572440434033E-002
    903  1.879611888655023E-002
    904  1.872636550215791E-002
    905  1.857301640791257E-002
    906  1.851893107214902E-002
    907  1.846381731747335E-002
    908  1.836934676345932E-002
    909  1.835021580920831E-002
    910  1.825026228849742E-002
    911  1.821353904180692E-002
    912  1.815383858487568E-002
    913  1.809569645346648E-002
    914  1.807334608339456E-002
    915  1.805660194617668E-002
    916  1.804308374705830E-002
    917  1.800056745788019E-002
    918  1.792882227381089E-002
    919  1.787878582379166E-002
    920  1.781727520933831E-002
    921  1.778148358791099E-002
    922  1.772777726618932E-002
    923  1.772381982941683E-002
    924  1.770656978999233E-002
    925  1.763196125750420E-002
    926  1.757519716119770E-002
    927  1.750769264826172E-002
    928  1.747130798135319E-002
    929  1.743918292426243E-002
    930  1.742637509104352E-002
    931  1.741481967658664E-002
    932  1.740708112851622E-002
    933  1.740273973944379E-002
    934  1.734289603875266E-002
    935  1.731749301131455E-002
    936  1.723406475670933E-002
    937  1.723338940316313E-002
    938  1.721820377832673E-002
    939  1.718785775824353E-002
    940  1.717308277241670E-002
    941  1.716268907197471E-002
    942  1.712608300497054E-002
    943  1.710609007194976E-002
    944  1.710560934178099E-002
    945  1.706778948421268E-002
    946  1.705359640340074E-002
    947  1.700795847900113E-002
    948  1.698008956923952E-002
    949  1.696336302396147E-002
    950  1.693453292107759E-002
    951  1.689219670364141E-002
    952  1.688982895494389E-002
    953  1.685333636693937E-002
    954  1.685264063326029E-002
    955  1.684198583045900E-002
    956  1.684019519188378E-002
    957  1.683205435163573E-002
    958  1.682649047198357E-002
    959  1.680914075080175E-002
    960  1.680549474289089E-002
    961  1.679918454785206E-002
    962  1.677928551521761E-002
    963  1.676478921622131E-002
    964  1.674545691067488E-002
    965  1.667634033379448E-002
    966  1.662030370235937E-002
    967  1.658738470540579E-002
    968  1.657860105543953E-002
    969  1.656035134593151E-002
    970  1.654918640449996E-002
    971  1.651314100212658E-002
    972  1.649278447158201E-002
    973  1.644933543536761E-002
    974  1.644460203657366E-002
    975  1.643993265978283E-002
    976  1.639802835121414E-002
    977  1.638828342421595E-002
    978  1.637142472877556E-002
    979  1.635503214157806E-002
    980  1.634177632304435E-002
    981  1.632246930963444E-002
    982  1.629366947062305E-002
    983  1.626886283682347E-002
    984  1.626480242027806E-002
    985  1.622902378378680E-002
    986  1.621193058707538E-002
    987  1.618879783396032E-002
    988  1.618819992948257E-002
    989  1.610291742240599E-002
    990  1.608235936975081E-002
    991  1.602711597405927E-002
    992  1.598244636149554E-002
    993  1.595808238491419E-002
    994  1.594526317113342E-002
    995  1.591059116910303E-002
    996  1.590105141744963E-002
    997  1.589015238907860E-002
    998  1.587527961891205E-002
    999  1.587014583455500E-002
   1000  1.586837708935274E-002
   1001  1.584097144654710E-002
   1002  1.583849189224986E-002
   1003  1.579553194075263E-002
   1004  1.579366204603507E-002
   1005  1.578683603764854E-002
   1006  1.576062310859488E-002
   1007  1.573518107173262E-002
   1008  1.573095341332187E-002
   1009  1.570264466605414E-002
   1010  1.567508072214010E-002
   1011  1.565269913902330E-002
   1012  1.563898572132191E-002
   1013  1.562222053672667E-002
   1014  1.560253261447264E-002
   1015  1.559677162560794E-002
   1016  1.559218059222893E-002
   1017  1.558023768416628E-002
   1018  1.555974332522975E-002
   1019  1.553801725432125E-002
   1020  1.551564184966291E-002
   1021  1.549127525236190E-002
   1022  1.545181301675477E-002
   1023  1.543491142298871E-002
   1024  1.540661927292349E-002
   1025  1.538911934078239E-002
   1026  1.538087111580629E-002
   1027  1.535962649982514E-002
   1028  1.530959105245140E-002
   1029  1.530118231947573E-002
   1030  1.524721907168801E-002
   1031  1.523996757466442E-002
   1032  1.521793185336402E-002
   1033  1.518581727053499E-002
   1034  1.518314864948081E-002
   1035  1.518085086363138E-002
   1036  1.515419799078323E-002
   1037  1.512458696789272E-002
   1038  1.507625230829196E-002
   1039  1.504516312206957E-002
   1040  1.501904701452598E-002
   1041  1.500544269658261E-002
   1042  1.494065675457678E-002
   1043  1.492888352365126E-002
   1044  1.489724727508762E-002
   1045  1.482921501809152E-002
   1046  1.480543114881412E-002
   1047  1.471248615068879E-002
   1048  1.468400145537076E-002
   1049  1.465147556913922E-002
   1050  1.461744513295237E-002
   1051  1.445287884223559E-002
   1052  1.441929204857460E-002
   1053  1.436789006377624E-002
   1054  1.436283156769932E-002
   1055  1.435287699032094E-002
   1056  1.432928832301684E-002
   1057  1.432650908775605E-002
   1058  1.425706966609001E-002
   1059  1.421225437040737E-002
   1060  1.416734990072770E-002
   1061  1.407988135341828E-002
   1062  1.406631682964924E-002
   1063  1.406299190986921E-002
   1064  1.403691464031630E-002
   1065  1.395509643616921E-002
   1066  1.393917620622038E-002
   1067  1.391510816020100E-002
   1068  1.390307016400564E-002
   1069  1.366801497286806E-002
   1070  1.352996344013839E-002
   1071  1.341409823684425E-002
   1072  1.336708128176453E-002
   1073  1.330785955486822E-002
   1074  1.321396695082773E-002
   1075  2.695176902260189E-003
   1076  2.640430333444314E-003
   1077  2.567074696045145E-009
