# t, dt:    2.300000000000001E-002  1.000000000000000E-003
# j, New nj
      1  1.665599554758731E+000
      2  1.628863815155866E+000
      3  1.598574074241905E+000
      4  1.565125704942320E+000
      5  1.534404266726901E+000
      6  1.517841756256071E+000
      7  1.511860638662389E+000
      8  1.505793171332572E+000
      9  1.492252323090461E+000
     10  1.475011683962983E+000
     11  1.324446193942105E+000
     12  1.304729725898678E+000
     13  1.098277088148570E+000
     14  1.091960810679190E+000
     15  1.070622934406054E+000
     16  1.065938126443041E+000
     17  1.060419711461821E+000
     18  1.038040555139423E+000
     19  1.029187779666783E+000
     20  1.023400651504226E+000
     21  1.021542552233990E+000
     22  1.021296273339512E+000
     23  1.014275605626149E+000
     24  1.010953828624744E+000
     25  9.479179657418572E-001
     26  9.436569004477715E-001
     27  9.359171948813545E-001
     28  9.275575483621264E-001
     29  9.269761074980009E-001
     30  9.077464903409633E-001
     31  9.017685051631352E-001
     32  8.824414282872831E-001
     33  8.816598430097491E-001
     34  8.777908804980411E-001
     35  8.719092967638524E-001
     36  8.706744892885929E-001
     37  8.683742538447794E-001
     38  8.672061610221545E-001
     39  8.651827878971139E-001
     40  8.601185858440616E-001
     41  8.574878577593534E-001
     42  8.535899140035133E-001
     43  8.323668392324365E-001
     44  8.311783294417081E-001
     45  8.225056109161997E-001
     46  8.209185470177267E-001
     47  8.182068571547044E-001
     48  8.152126821550683E-001
     49  8.148013307647892E-001
     50  8.134572463864482E-001
     51  8.121915211771243E-001
     52  8.099190197073779E-001
     53  8.098923975254135E-001
     54  8.077134300334936E-001
     55  7.950526013268612E-001
     56  7.893024456904391E-001
     57  7.788425748213863E-001
     58  7.777108987713456E-001
     59  7.756914496215179E-001
     60  7.736882120681660E-001
     61  7.689997317316071E-001
     62  7.660082153729053E-001
     63  7.646687081794593E-001
     64  7.628452738697880E-001
     65  7.596188515196366E-001
     66  7.564416111046606E-001
     67  7.518572832749381E-001
     68  7.510199490391755E-001
     69  7.501969453080907E-001
     70  7.438149277181957E-001
     71  7.406362577694093E-001
     72  7.386870870299925E-001
     73  7.352116826836307E-001
     74  7.342435331084547E-001
     75  7.300167390146007E-001
     76  7.293130672642256E-001
     77  7.285379448713336E-001
     78  7.273299585029107E-001
     79  7.256803387666884E-001
     80  7.219081507161846E-001
     81  7.218425431918757E-001
     82  7.191224131891748E-001
     83  7.189426692453530E-001
     84  7.176897269219457E-001
     85  7.140511422506901E-001
     86  7.130361054528913E-001
     87  7.079558683525244E-001
     88  7.068092631085597E-001
     89  7.025866471548421E-001
     90  7.007917549115487E-001
     91  6.995028822127151E-001
     92  6.990285836084715E-001
     93  6.971973060536373E-001
     94  6.967401709132643E-001
     95  6.955909993014475E-001
     96  6.950334964017326E-001
     97  6.942813999859878E-001
     98  6.941240816810017E-001
     99  6.929383800498200E-001
    100  6.924266387007031E-001
    101  6.918570161618143E-001
    102  6.835279110244304E-001
    103  6.777256854234052E-001
    104  6.745671462258718E-001
    105  6.712088310384552E-001
    106  6.711104505607585E-001
    107  6.686430711233190E-001
    108  6.671880923856215E-001
    109  6.657237178483282E-001
    110  6.650277811886376E-001
    111  6.645281447050408E-001
    112  6.640284266883606E-001
    113  6.635283637930234E-001
    114  6.604602979157781E-001
    115  6.586230776951777E-001
    116  6.581315859796559E-001
    117  6.563846076247346E-001
    118  6.520819981508074E-001
    119  6.516127913047257E-001
    120  6.495721107459892E-001
    121  6.488968247529134E-001
    122  6.469261611275483E-001
    123  6.459512157966213E-001
    124  6.434823233253587E-001
    125  6.427555904188087E-001
    126  6.418648872547645E-001
    127  6.417532899738737E-001
    128  6.395242596795532E-001
    129  6.385776623969467E-001
    130  6.381448920417778E-001
    131  6.355981158192057E-001
    132  6.351272124589699E-001
    133  6.342606545287653E-001
    134  6.315356617200685E-001
    135  6.309094327037595E-001
    136  6.295392270465880E-001
    137  6.291775594230660E-001
    138  6.283636413344055E-001
    139  6.275466522612222E-001
    140  6.272052271358677E-001
    141  6.262905726384423E-001
    142  6.241949724897812E-001
    143  6.210345286054036E-001
    144  6.205643196291056E-001
    145  6.166341724750286E-001
    146  6.156635303862718E-001
    147  6.134445622289176E-001
    148  6.102460486333889E-001
    149  6.075348598539065E-001
    150  5.980399137420338E-001
    151  5.974128559036508E-001
    152  5.942892617196236E-001
    153  5.908924536051839E-001
    154  5.882451159158314E-001
    155  5.879329608808891E-001
    156  5.864881043670949E-001
    157  5.858736971911626E-001
    158  5.851082904824377E-001
    159  5.847030579971508E-001
    160  5.846227133796099E-001
    161  5.842529843952218E-001
    162  5.841153976013053E-001
    163  5.821827977455021E-001
    164  5.799897188137149E-001
    165  5.688851998342846E-001
    166  5.681089758540067E-001
    167  5.655145068013987E-001
    168  5.609003540402980E-001
    169  5.603433042689754E-001
    170  5.560296496326403E-001
    171  5.530656036374721E-001
    172  5.522474308820569E-001
    173  5.487145654352945E-001
    174  5.462147102497645E-001
    175  5.446846571687208E-001
    176  5.444277019910316E-001
    177  5.437334701835029E-001
    178  5.422470072677529E-001
    179  5.398169879861858E-001
    180  5.382659412624212E-001
    181  5.375754126584533E-001
    182  5.366498211249708E-001
    183  5.354395912730593E-001
    184  5.327343970603196E-001
    185  5.325083926338713E-001
    186  5.309406686669805E-001
    187  5.300348535286072E-001
    188  5.288253046707868E-001
    189  5.274727550243536E-001
    190  5.265431352947811E-001
    191  5.213243954209087E-001
    192  5.212385458481175E-001
    193  5.176685841181847E-001
    194  5.174841467051520E-001
    195  5.147803843170520E-001
    196  5.139855820915538E-001
    197  5.127833504232806E-001
    198  5.120440188369247E-001
    199  5.117691201137393E-001
    200  5.113119199666665E-001
    201  5.111084949399425E-001
    202  5.109152677559361E-001
    203  5.106941129573250E-001
    204  5.104135674626222E-001
    205  5.100717394277767E-001
    206  5.099316778935510E-001
    207  5.097947439012647E-001
    208  5.095189946751163E-001
    209  5.094271398496695E-001
    210  5.091594792760861E-001
    211  5.089125926251205E-001
    212  5.082881016434871E-001
    213  5.079292197647830E-001
    214  5.073860149551603E-001
    215  5.069603713062175E-001
    216  5.067172006999785E-001
    217  5.066778325180274E-001
    218  5.061910326045335E-001
    219  5.058285989091010E-001
    220  5.045365165618003E-001
    221  5.037833439545284E-001
    222  5.036387231688791E-001
    223  5.018549607451582E-001
    224  5.008614030030659E-001
    225  5.003825234937123E-001
    226  4.997514954899570E-001
    227  4.996786381229708E-001
    228  4.987024352268221E-001
    229  4.957922975989338E-001
    230  4.889418577340759E-001
    231  4.838468871454130E-001
    232  4.834395436356704E-001
    233  4.821041227895626E-001
    234  4.810223888409786E-001
    235  4.783860832657049E-001
    236  4.772259160544072E-001
    237  4.765893270584248E-001
    238  4.764419558752687E-001
    239  4.758219975117024E-001
    240  4.749251123059811E-001
    241  4.739559249978711E-001
    242  4.734790033316046E-001
    243  4.723516033665455E-001
    244  4.720024354314331E-001
    245  4.713661911142287E-001
    246  4.654033572122476E-001
    247  4.650451962334839E-001
    248  4.642051281311310E-001
    249  4.587621445181207E-001
    250  4.583558714129072E-001
    251  4.530642262672976E-001
    252  4.507126511498243E-001
    253  4.488787743223623E-001
    254  4.475324621172179E-001
    255  4.457002455042584E-001
    256  4.451515548113623E-001
    257  4.436089793771226E-001
    258  4.416581650530768E-001
    259  4.405571796971231E-001
    260  4.376043874664056E-001
    261  4.364696402978838E-001
    262  4.358154510272438E-001
    263  4.354133309553031E-001
    264  4.346424453829721E-001
    265  4.343103802056839E-001
    266  4.341153351779943E-001
    267  4.340089310434548E-001
    268  4.336786819106486E-001
    269  4.334824534424825E-001
    270  4.333079894213456E-001
    271  4.329366271348050E-001
    272  4.326414239850219E-001
    273  4.325707154368257E-001
    274  4.325248980784945E-001
    275  4.324457890889996E-001
    276  4.319932175820659E-001
    277  4.319477226902356E-001
    278  4.317866799307481E-001
    279  4.315774541438767E-001
    280  4.314247808725821E-001
    281  4.311989197694876E-001
    282  4.305373328435435E-001
    283  4.305250183421763E-001
    284  4.281210422798700E-001
    285  4.279914205397191E-001
    286  4.257793807973890E-001
    287  4.257354562548288E-001
    288  4.221254835625139E-001
    289  4.207456486161578E-001
    290  4.204352577815970E-001
    291  4.202823242098950E-001
    292  4.197332170871516E-001
    293  4.192510051192224E-001
    294  4.185546013947992E-001
    295  4.184331361389280E-001
    296  4.179854600698356E-001
    297  4.173490169744403E-001
    298  4.154064518875655E-001
    299  4.153389683880769E-001
    300  4.134988734088527E-001
    301  4.129254430757815E-001
    302  4.127881188008906E-001
    303  4.096984893432056E-001
    304  4.076859143011320E-001
    305  4.047023753958263E-001
    306  4.040728347694833E-001
    307  4.037424698582888E-001
    308  4.036694143090900E-001
    309  4.028708395040120E-001
    310  4.021015255953220E-001
    311  4.010946963467359E-001
    312  4.008904365847329E-001
    313  4.007333121036195E-001
    314  4.001666616191579E-001
    315  3.998359479819431E-001
    316  3.995765426608327E-001
    317  3.987986170217038E-001
    318  3.986955980646690E-001
    319  3.982220244347278E-001
    320  3.976745895344508E-001
    321  3.974253727635934E-001
    322  3.968868985425461E-001
    323  3.968469135404339E-001
    324  3.963804994639008E-001
    325  3.939534176371803E-001
    326  3.938842676431916E-001
    327  3.937840342509873E-001
    328  3.933960465346608E-001
    329  3.913074720793164E-001
    330  3.903061355857755E-001
    331  3.846289483774663E-001
    332  3.842564249407946E-001
    333  3.818361159535248E-001
    334  3.809342775208367E-001
    335  3.794784574370947E-001
    336  3.726196622446020E-001
    337  3.695506650616138E-001
    338  3.666472330755369E-001
    339  3.578534555250722E-001
    340  3.572334136409039E-001
    341  3.565944687786468E-001
    342  3.548516573299821E-001
    343  3.541661550827896E-001
    344  3.533290425779805E-001
    345  3.504298583320181E-001
    346  3.499977658903614E-001
    347  3.499165944465487E-001
    348  3.459910633523771E-001
    349  3.458491736439088E-001
    350  3.446882073834904E-001
    351  3.441397528985162E-001
    352  3.362688925377644E-001
    353  3.349496564552932E-001
    354  3.343447728241836E-001
    355  3.333619602173206E-001
    356  3.285698347859608E-001
    357  3.266658277754344E-001
    358  3.260205231926988E-001
    359  3.229623145726759E-001
    360  3.148702573647062E-001
    361  3.138500364116750E-001
    362  3.124111195421488E-001
    363  3.119615122489691E-001
    364  3.112697598959611E-001
    365  3.098223542780470E-001
    366  3.096569576455300E-001
    367  3.089901314517899E-001
    368  3.082963188019450E-001
    369  3.077091988270871E-001
    370  3.069960448860296E-001
    371  3.062860855166309E-001
    372  3.060541881186893E-001
    373  3.055651724271789E-001
    374  3.051377985799535E-001
    375  3.050078891319711E-001
    376  3.049370557255190E-001
    377  3.046196092435683E-001
    378  3.010510234569651E-001
    379  3.009862530526822E-001
    380  2.995251931639925E-001
    381  2.992824591956206E-001
    382  2.946738960968586E-001
    383  2.941812011946156E-001
    384  2.908229387836356E-001
    385  2.847641106302041E-001
    386  2.809069984316453E-001
    387  2.733725720957432E-001
    388  2.656566832943527E-001
    389  2.647942936564922E-001
    390  2.642184911018839E-001
    391  2.636612473931183E-001
    392  2.594416760725400E-001
    393  2.452130909029276E-001
    394  2.304568354423489E-001
    395  2.301268646992134E-001
    396  2.289392164803253E-001
    397  2.288744074605728E-001
    398  2.283407173643099E-001
    399  2.282384153279882E-001
    400  2.278570438495171E-001
    401  2.272763420180950E-001
    402  2.261767890574400E-001
    403  2.253969947337399E-001
    404  2.253406191250864E-001
    405  2.246377110033167E-001
    406  2.240959238458599E-001
    407  2.234109629690242E-001
    408  2.222337091937311E-001
    409  2.214330576370855E-001
    410  2.212567303127166E-001
    411  2.203657346331442E-001
    412  2.196061225724310E-001
    413  2.188872709441780E-001
    414  2.188325095393608E-001
    415  2.187199260217096E-001
    416  2.185225976666643E-001
    417  2.168157504590144E-001
    418  2.161156001174492E-001
    419  2.155594560794062E-001
    420  2.141644754532554E-001
    421  2.136930420359854E-001
    422  2.130017215928504E-001
    423  2.119334490577943E-001
    424  2.108805360766786E-001
    425  2.101938183898553E-001
    426  2.095306169264134E-001
    427  2.087666992732957E-001
    428  2.080412121676681E-001
    429  2.078014146154596E-001
    430  2.076801733866623E-001
    431  2.075531104772776E-001
    432  2.071214416750423E-001
    433  2.070308372895951E-001
    434  2.066769347774486E-001
    435  2.064416071414238E-001
    436  2.062513060218802E-001
    437  2.058230772265420E-001
    438  2.057359218852238E-001
    439  2.047151742084297E-001
    440  2.040770607359882E-001
    441  2.031151038209740E-001
    442  2.028854344952386E-001
    443  2.020931711361612E-001
    444  2.001474262005447E-001
    445  1.993778152088853E-001
    446  1.988827227098104E-001
    447  1.962439245917249E-001
    448  1.951609343369799E-001
    449  1.946753332245745E-001
    450  1.939943764222236E-001
    451  1.937065224967343E-001
    452  1.933048847843662E-001
    453  1.931260367953405E-001
    454  1.917654655560166E-001
    455  1.914546731478012E-001
    456  1.914070756434718E-001
    457  1.905718882573634E-001
    458  1.897868673700429E-001
    459  1.886036315702309E-001
    460  1.869050499048285E-001
    461  1.861560899994911E-001
    462  1.859879142488420E-001
    463  1.855822506580728E-001
    464  1.854845245546655E-001
    465  1.852427014583992E-001
    466  1.850059779572802E-001
    467  1.849058348091042E-001
    468  1.848815385627666E-001
    469  1.844064181707277E-001
    470  1.842892201137102E-001
    471  1.842219833262083E-001
    472  1.841658079879196E-001
    473  1.838791395902866E-001
    474  1.837655279038449E-001
    475  1.834594576783442E-001
    476  1.832300915402938E-001
    477  1.831506062409180E-001
    478  1.828042918957974E-001
    479  1.824149420273501E-001
    480  1.823474414625196E-001
    481  1.821816732491091E-001
    482  1.821171345593571E-001
    483  1.819561086893120E-001
    484  1.818361632863963E-001
    485  1.816759330164481E-001
    486  1.816005029572204E-001
    487  1.813950370447826E-001
    488  1.811829627199832E-001
    489  1.810165163248280E-001
    490  1.808075084148442E-001
    491  1.803514161632674E-001
    492  1.801314866535540E-001
    493  1.776405670628104E-001
    494  1.774989469748901E-001
    495  1.767051782346096E-001
    496  1.762624882213074E-001
    497  1.757987417766138E-001
    498  1.744121442413371E-001
    499  1.741434844909670E-001
    500  1.737494800395064E-001
    501  1.731501380154309E-001
    502  1.726660509352955E-001
    503  1.707595670176173E-001
    504  1.700712860120465E-001
    505  1.690889128094195E-001
    506  1.688936049565620E-001
    507  1.685395403724408E-001
    508  1.683387089114793E-001
    509  1.681317038674449E-001
    510  1.680175136676174E-001
    511  1.679057566352409E-001
    512  1.677704158869331E-001
    513  1.676935815592132E-001
    514  1.676660672069074E-001
    515  1.676024908733048E-001
    516  1.674961059619476E-001
    517  1.674089514418316E-001
    518  1.673914379746098E-001
    519  1.673851919691122E-001
    520  1.673322278185950E-001
    521  1.671475421303974E-001
    522  1.629349201303662E-001
    523  1.625960022500672E-001
    524  1.624942696567997E-001
    525  1.622035017502165E-001
    526  1.619687522785746E-001
    527  1.616390363183515E-001
    528  1.616017308950068E-001
    529  1.615098644933741E-001
    530  1.584154101562747E-001
    531  1.575560360525769E-001
    532  1.564840853145295E-001
    533  1.539217125283166E-001
    534  1.534275842609108E-001
    535  1.117746517988432E-001
    536  1.113932045429291E-001
    537  1.073835294521576E-001
    538  6.510146216884709E-002
    539  4.302402312107093E-002
    540  4.086541795327863E-002
    541  4.073532365277520E-002
    542  4.062517191328899E-002
    543  3.999697091449551E-002
    544  3.854706600080844E-002
    545  3.834448819953593E-002
    546  3.834159199366893E-002
    547  3.815184107676653E-002
    548  3.806584109532016E-002
    549  3.773388754235663E-002
    550  3.767185606007788E-002
    551  3.760938654008993E-002
    552  3.757895834583012E-002
    553  3.747515351190853E-002
    554  3.709026060588058E-002
    555  3.702591682239263E-002
    556  3.659344426606720E-002
    557  3.656653510235394E-002
    558  3.645384392294213E-002
    559  3.642608975377742E-002
    560  3.607652761268275E-002
    561  3.602605672734042E-002
    562  3.599023285800424E-002
    563  3.593149910906712E-002
    564  3.586049976741798E-002
    565  3.578687618535300E-002
    566  3.574586911334812E-002
    567  3.563101886784371E-002
    568  3.531511368076234E-002
    569  3.529885842129217E-002
    570  3.524852468214759E-002
    571  3.509796380420551E-002
    572  3.502951447843380E-002
    573  3.501037688904055E-002
    574  3.494498354389992E-002
    575  3.488221174010277E-002
    576  3.481906148980088E-002
    577  3.480984213413424E-002
    578  3.476097192106722E-002
    579  3.474800001476104E-002
    580  3.471904814975548E-002
    581  3.470735774924396E-002
    582  3.462528781020568E-002
    583  3.457567914277343E-002
    584  3.445190679914768E-002
    585  3.441721081164224E-002
    586  3.433895080947311E-002
    587  3.432208599868173E-002
    588  3.429779190355260E-002
    589  3.424563619745805E-002
    590  3.423012657158485E-002
    591  3.416398590914814E-002
    592  3.415944976691978E-002
    593  3.408969387367678E-002
    594  3.401873922103543E-002
    595  3.396747613391393E-002
    596  3.390304863329338E-002
    597  3.389672756529315E-002
    598  3.381671816398402E-002
    599  3.378652105708953E-002
    600  3.369369524509480E-002
    601  3.369041652629815E-002
    602  3.367785527334279E-002
    603  3.366182250565625E-002
    604  3.361538868089361E-002
    605  3.355199052599146E-002
    606  3.352146060965026E-002
    607  3.351835827551090E-002
    608  3.346027670409413E-002
    609  3.343623903335902E-002
    610  3.343415256198359E-002
    611  3.342753542410999E-002
    612  3.340240840466775E-002
    613  3.334909617287934E-002
    614  3.333000388036404E-002
    615  3.331397010734490E-002
    616  3.328601204911507E-002
    617  3.326777411863189E-002
    618  3.316180463889484E-002
    619  3.313778820182375E-002
    620  3.309021997492837E-002
    621  3.307630642009555E-002
    622  3.305320553351310E-002
    623  3.302394149958949E-002
    624  3.299985637434688E-002
    625  3.296256293609746E-002
    626  3.292813861955132E-002
    627  3.291062114082522E-002
    628  3.284167100056592E-002
    629  3.279459648709716E-002
    630  3.279157362921180E-002
    631  3.277769205739451E-002
    632  3.276282045596888E-002
    633  3.275870543076363E-002
    634  3.272217870601334E-002
    635  3.269083937190628E-002
    636  3.268982152384975E-002
    637  3.265806198405566E-002
    638  3.265110783623391E-002
    639  3.263493555512823E-002
    640  3.262389473472120E-002
    641  3.261229085760869E-002
    642  3.258953687082122E-002
    643  3.257032539652907E-002
    644  3.255218919941175E-002
    645  3.254586027056876E-002
    646  3.251585802695409E-002
    647  3.249827918149884E-002
    648  3.248510290325845E-002
    649  3.246074160963083E-002
    650  3.240713633897775E-002
    651  3.240049364425499E-002
    652  3.232822418150511E-002
    653  3.231534920078293E-002
    654  3.222567309521123E-002
    655  3.218977439659183E-002
    656  3.216141399533509E-002
    657  3.213011213970478E-002
    658  3.212248185339835E-002
    659  3.207865889680127E-002
    660  3.199890111072188E-002
    661  3.198725328631012E-002
    662  3.195952643159643E-002
    663  3.184415798169885E-002
    664  3.179623587438172E-002
    665  3.176220924219737E-002
    666  3.168258699392441E-002
    667  3.155106433667228E-002
    668  3.153790421724140E-002
    669  3.147262141442174E-002
    670  3.144922171786812E-002
    671  3.132142075244709E-002
    672  3.131503513295936E-002
    673  3.125697555228312E-002
    674  3.120210742802844E-002
    675  3.117090821696441E-002
    676  3.106542544690708E-002
    677  3.095013139084420E-002
    678  3.082933849147941E-002
    679  3.072846444695910E-002
    680  3.067734278952603E-002
    681  3.064302188811057E-002
    682  3.057844570209501E-002
    683  3.057255049350826E-002
    684  3.055240456802040E-002
    685  3.053707363248693E-002
    686  3.052581585754025E-002
    687  3.051020044209447E-002
    688  3.049281959530022E-002
    689  3.045889888479889E-002
    690  3.040305257838478E-002
    691  3.036432500617735E-002
    692  3.035949571376539E-002
    693  3.033893929343568E-002
    694  3.033789400823993E-002
    695  3.031848071876675E-002
    696  3.024858081351179E-002
    697  3.024284644664617E-002
    698  3.020572867419387E-002
    699  3.018494739661550E-002
    700  3.014214397508401E-002
    701  3.009603435542471E-002
    702  3.008267602236092E-002
    703  3.002679664362074E-002
    704  2.995536058493200E-002
    705  2.987797552933570E-002
    706  2.980326694827750E-002
    707  2.972150531672026E-002
    708  2.970455977322598E-002
    709  2.967280102339288E-002
    710  2.966041202507708E-002
    711  2.959079041733673E-002
    712  2.952836187385777E-002
    713  2.950218239716077E-002
    714  2.949110683648739E-002
    715  2.946635523188915E-002
    716  2.944791704164535E-002
    717  2.939140646855404E-002
    718  2.935237916193321E-002
    719  2.934725843850111E-002
    720  2.923859689999898E-002
    721  2.919983976136954E-002
    722  2.919152197273193E-002
    723  2.916669463500476E-002
    724  2.914528376429095E-002
    725  2.913116688194095E-002
    726  2.906862341579599E-002
    727  2.901566073569659E-002
    728  2.900873637580745E-002
    729  2.899367501785484E-002
    730  2.893609766361549E-002
    731  2.892511330827448E-002
    732  2.892370514597935E-002
    733  2.888573660792740E-002
    734  2.888428168943313E-002
    735  2.886590124071339E-002
    736  2.883967769388380E-002
    737  2.883815729765937E-002
    738  2.878806065323268E-002
    739  2.878632700990082E-002
    740  2.878497147706137E-002
    741  2.877542213757724E-002
    742  2.876009730718118E-002
    743  2.874193562031731E-002
    744  2.868561675437479E-002
    745  2.866676966226498E-002
    746  2.860975035720049E-002
    747  2.860314517276430E-002
    748  2.858149783070513E-002
    749  2.854330987060821E-002
    750  2.853238147965783E-002
    751  2.849767906671209E-002
    752  2.845372186098426E-002
    753  2.840039145035783E-002
    754  2.838805942090012E-002
    755  2.838766236955821E-002
    756  2.834300380864854E-002
    757  2.830262400931400E-002
    758  2.825739648400815E-002
    759  2.820412394590660E-002
    760  2.810073385890662E-002
    761  2.806673245472676E-002
    762  2.802231683779111E-002
    763  2.783330023183114E-002
    764  2.777053943340307E-002
    765  2.770132078757432E-002
    766  2.767613308167698E-002
    767  2.754333748495096E-002
    768  2.747837555032164E-002
    769  2.739034702583478E-002
    770  2.737602591268861E-002
    771  2.729695679903099E-002
    772  2.712811928453275E-002
    773  2.698717420782656E-002
    774  2.687672112449911E-002
    775  2.668914960612521E-002
    776  2.659462014241000E-002
    777  2.658583961762894E-002
    778  2.637648855809011E-002
    779  2.636142282037709E-002
    780  2.634041598067485E-002
    781  2.620913631289455E-002
    782  2.615385058998381E-002
    783  2.614420357101361E-002
    784  2.611539953562746E-002
    785  2.608138234999751E-002
    786  2.606738690713976E-002
    787  2.603454651066449E-002
    788  2.598973811086184E-002
    789  2.596059991703926E-002
    790  2.594474102803784E-002
    791  2.592172788420738E-002
    792  2.590659811245896E-002
    793  2.587583192961680E-002
    794  2.584585441954110E-002
    795  2.583354160548997E-002
    796  2.575285695459928E-002
    797  2.568436672989368E-002
    798  2.568360036586074E-002
    799  2.564833295351668E-002
    800  2.563531241367026E-002
    801  2.558517979949636E-002
    802  2.553007602493697E-002
    803  2.545659633585257E-002
    804  2.542780037320376E-002
    805  2.533398246347850E-002
    806  2.529584888068134E-002
    807  2.528473130397671E-002
    808  2.525194061424308E-002
    809  2.510156606164964E-002
    810  2.507957583649606E-002
    811  2.503155005083586E-002
    812  2.500159368827644E-002
    813  2.494368887220694E-002
    814  2.491453809132087E-002
    815  2.489237911734665E-002
    816  2.489156945074349E-002
    817  2.481948263283438E-002
    818  2.478260320463931E-002
    819  2.474918102494690E-002
    820  2.470549195935740E-002
    821  2.470124291070351E-002
    822  2.468787281386534E-002
    823  2.468351454824060E-002
    824  2.465005517939275E-002
    825  2.462568564279163E-002
    826  2.459523222275674E-002
    827  2.456502644379039E-002
    828  2.454753601163204E-002
    829  2.452339708683507E-002
    830  2.452225681152517E-002
    831  2.449033784205108E-002
    832  2.446631328083449E-002
    833  2.444247390815713E-002
    834  2.442649496244676E-002
    835  2.441739558424000E-002
    836  2.433601768282262E-002
    837  2.433429374174986E-002
    838  2.431350253568260E-002
    839  2.428390518719450E-002
    840  2.418753545606762E-002
    841  2.415823870195527E-002
    842  2.413322149337270E-002
    843  2.407963036957643E-002
    844  2.398683931735739E-002
    845  2.394897250434844E-002
    846  2.387033977092082E-002
    847  2.386557915730364E-002
    848  2.373275501784491E-002
    849  2.365230081313831E-002
    850  2.349264757419069E-002
    851  2.345715613310770E-002
    852  2.344168545497830E-002
    853  2.339284138143592E-002
    854  2.331784742629291E-002
    855  2.321229403111433E-002
    856  2.320684137150001E-002
    857  2.316388465278630E-002
    858  2.315897258620846E-002
    859  2.315335368072855E-002
    860  2.311649884696102E-002
    861  2.311568864076763E-002
    862  2.306262659018981E-002
    863  2.302860055451759E-002
    864  2.300068367121692E-002
    865  2.299479223509631E-002
    866  2.273454359745699E-002
    867  2.268419986704932E-002
    868  2.264193464019584E-002
    869  2.253407593571735E-002
    870  2.237687761532090E-002
    871  2.230314967093074E-002
    872  2.227749880576455E-002
    873  2.224799249659208E-002
    874  2.217140514902650E-002
    875  2.216845064165219E-002
    876  2.210850424960186E-002
    877  2.208725024116099E-002
    878  2.202153702678844E-002
    879  2.201615357640953E-002
    880  2.193178828096540E-002
    881  2.177653884751400E-002
    882  2.173381096722048E-002
    883  2.171859561146123E-002
    884  2.171216098762118E-002
    885  2.164635003827872E-002
    886  2.160082582991855E-002
    887  2.154624309888059E-002
    888  2.153879639539126E-002
    889  2.114350523990467E-002
    890  2.106322947194763E-002
    891  2.105811440982734E-002
    892  2.100341041121441E-002
    893  2.081679817057946E-002
    894  2.075244576030487E-002
    895  2.041443381563554E-002
    896  2.041149928159834E-002
    897  2.033315036465363E-002
    898  2.012780301677990E-002
    899  2.003264461039253E-002
    900  1.987078041945840E-002
    901  1.948234448914226E-002
    902  1.945029995716944E-002
    903  1.929762506636789E-002
    904  1.922643826281189E-002
    905  1.906993262939962E-002
    906  1.901473227155307E-002
    907  1.895848136053239E-002
    908  1.886205940715685E-002
    909  1.884253294152258E-002
    910  1.874051112601046E-002
    911  1.870302719178553E-002
    912  1.864208918709489E-002
    913  1.858274072566217E-002
    914  1.855992634546390E-002
    915  1.854283448344969E-002
    916  1.852903548727365E-002
    917  1.848563567892730E-002
    918  1.841239826657835E-002
    919  1.836132013006032E-002
    920  1.829852784791865E-002
    921  1.826198989040927E-002
    922  1.820716289128369E-002
    923  1.820312283851776E-002
    924  1.818551262537364E-002
    925  1.810934518001829E-002
    926  1.805139380290613E-002
    927  1.798247598427768E-002
    928  1.794532892822545E-002
    929  1.791253037233262E-002
    930  1.789945392881652E-002
    931  1.788765612355570E-002
    932  1.787975522396845E-002
    933  1.787532274565747E-002
    934  1.781422279065599E-002
    935  1.778828613573831E-002
    936  1.770310383206412E-002
    937  1.770241426993741E-002
    938  1.768690911841507E-002
    939  1.765592434364310E-002
    940  1.764083824632917E-002
    941  1.763022564545998E-002
    942  1.759284833243290E-002
    943  1.757243398108519E-002
    944  1.757194311624607E-002
    945  1.753332570167042E-002
    946  1.751883318756354E-002
    947  1.747223196994000E-002
    948  1.744377447411100E-002
    949  1.742669454015812E-002
    950  1.739725510733783E-002
    951  1.735402358987477E-002
    952  1.735160575135289E-002
    953  1.731434091755502E-002
    954  1.731363045650999E-002
    955  1.730275009087864E-002
    956  1.730092154053910E-002
    957  1.729260832684275E-002
    958  1.728692662494894E-002
    959  1.726920943278814E-002
    960  1.726548618841079E-002
    961  1.725904230833634E-002
    962  1.723872161342654E-002
    963  1.722391805038312E-002
    964  1.720417586346125E-002
    965  1.713359282438803E-002
    966  1.707636603071085E-002
    967  1.704274735575412E-002
    968  1.703377694928819E-002
    969  1.701513913105999E-002
    970  1.700373669203101E-002
    971  1.696692424280743E-002
    972  1.694613432296318E-002
    973  1.690175977071343E-002
    974  1.689692550464308E-002
    975  1.689215661710457E-002
    976  1.684935892556656E-002
    977  1.683940615147254E-002
    978  1.682218780156945E-002
    979  1.680544540679438E-002
    980  1.679190664748462E-002
    981  1.677218742076230E-002
    982  1.674277244542504E-002
    983  1.671743572881126E-002
    984  1.671328852592932E-002
    985  1.667674491052254E-002
    986  1.665928608411487E-002
    987  1.663565834588289E-002
    988  1.663504764514107E-002
    989  1.654793861453931E-002
    990  1.652693987025810E-002
    991  1.647051149317355E-002
    992  1.642488289747383E-002
    993  1.639999555971591E-002
    994  1.638690089007201E-002
    995  1.635148356398069E-002
    996  1.634173866450616E-002
    997  1.633060521684979E-002
    998  1.631541248869968E-002
    999  1.631016824234195E-002
   1000  1.630836143736905E-002
   1001  1.628036593422571E-002
   1002  1.627783299805303E-002
   1003  1.623394780955065E-002
   1004  1.623203762706348E-002
   1005  1.622506453811324E-002
   1006  1.619828663671441E-002
   1007  1.617229599925158E-002
   1008  1.616797715758058E-002
   1009  1.613905766865539E-002
   1010  1.611089876525649E-002
   1011  1.608803387406542E-002
   1012  1.607402423634771E-002
   1013  1.605689681582843E-002
   1014  1.603678337344524E-002
   1015  1.603089784339281E-002
   1016  1.602620755204456E-002
   1017  1.601400640173710E-002
   1018  1.599306876725725E-002
   1019  1.597087260757863E-002
   1020  1.594801287877583E-002
   1021  1.592311864254259E-002
   1022  1.588280140846649E-002
   1023  1.586553344036413E-002
   1024  1.583662776145689E-002
   1025  1.581874818272573E-002
   1026  1.581032097893376E-002
   1027  1.578861525526654E-002
   1028  1.573749312412729E-002
   1029  1.572890167404854E-002
   1030  1.567376518997457E-002
   1031  1.566635595010178E-002
   1032  1.564384075851328E-002
   1033  1.561102706682665E-002
   1034  1.560830033412010E-002
   1035  1.560595250968977E-002
   1036  1.557871907168029E-002
   1037  1.554846272557103E-002
   1038  1.549907396147625E-002
   1039  1.546730628786163E-002
   1040  1.544061993367781E-002
   1041  1.542671845918485E-002
   1042  1.536051641581146E-002
   1043  1.534848566689072E-002
   1044  1.531615716280871E-002
   1045  1.524663490543429E-002
   1046  1.522232970448041E-002
   1047  1.512734523738254E-002
   1048  1.509823481946218E-002
   1049  1.506499404049322E-002
   1050  1.503021518812928E-002
   1051  1.486202306601688E-002
   1052  1.482769491473712E-002
   1053  1.477515744677243E-002
   1054  1.476998714870515E-002
   1055  1.475981252634527E-002
   1056  1.473570227130062E-002
   1057  1.473286156709898E-002
   1058  1.466188530547015E-002
   1059  1.461607709502112E-002
   1060  1.457017689873844E-002
   1061  1.448076638091679E-002
   1062  1.446690041174877E-002
   1063  1.446350159025081E-002
   1064  1.443684455015146E-002
   1065  1.435320543892592E-002
   1066  1.433693056702108E-002
   1067  1.431232617273311E-002
   1068  1.430001982157702E-002
   1069  1.405971228270799E-002
   1070  1.391856483745200E-002
   1071  1.380009482776301E-002
   1072  1.375201917808839E-002
   1073  1.369146254143891E-002
   1074  1.359545030663227E-002
   1075  2.800714685284339E-003
   1076  2.744182943225672E-003
   1077  2.917652350529285E-009
