# t, dt:    5.000000000000000E-003  1.000000000000000E-003
# j, New nj
      1  2.017881877159313E+000
      2  1.974748895999764E+000
      3  1.939178552866061E+000
      4  1.899892425709502E+000
      5  1.863802865044782E+000
      6  1.844343690689407E+000
      7  1.837316057228984E+000
      8  1.830186711467810E+000
      9  1.814275119991121E+000
     10  1.794014069566513E+000
     11  1.616970473062747E+000
     12  1.593771899227763E+000
     13  1.350599268038249E+000
     14  1.343150941446931E+000
     15  1.317984331185357E+000
     16  1.312457980151082E+000
     17  1.305947839930362E+000
     18  1.279541895761408E+000
     19  1.269093931971041E+000
     20  1.262263303697472E+000
     21  1.260070042153954E+000
     22  1.259779335254532E+000
     23  1.251491719292439E+000
     24  1.247570196535202E+000
     25  1.173114827465397E+000
     26  1.168079056171469E+000
     27  1.158931239874426E+000
     28  1.149049293591634E+000
     29  1.148361916950704E+000
     30  1.125624646220919E+000
     31  1.118554564594792E+000
     32  1.095691115180042E+000
     33  1.094766336206082E+000
     34  1.090188330010406E+000
     35  1.083228173266660E+000
     36  1.081766818825243E+000
     37  1.079044465985171E+000
     38  1.077661966282988E+000
     39  1.075267117701028E+000
     40  1.069272723685863E+000
     41  1.066158531292423E+000
     42  1.061543919038752E+000
     43  1.036411935441290E+000
     44  1.035004172298458E+000
     45  1.024730374099659E+000
     46  1.022850098015245E+000
     47  1.019637258617043E+000
     48  1.016089490037083E+000
     49  1.015602064212326E+000
     50  1.014009374636500E+000
     51  1.012509491209108E+000
     52  1.009816464926738E+000
     53  1.009784915460045E+000
     54  1.007202592004390E+000
     55  9.921953630951311E-001
     56  9.853779891482900E-001
     57  9.729742282464219E-001
     58  9.716320375822768E-001
     59  9.692368313984121E-001
     60  9.668607277358968E-001
     61  9.612990796531700E-001
     62  9.577500687520139E-001
     63  9.561608403140938E-001
     64  9.539973746886014E-001
     65  9.501690306160459E-001
     66  9.463987125845854E-001
     67  9.409580687666705E-001
     68  9.399642518831639E-001
     69  9.389874208287260E-001
     70  9.314117700688105E-001
     71  9.276380756597509E-001
     72  9.253238625667816E-001
     73  9.211972555724927E-001
     74  9.200476244827355E-001
     75  9.150281245319510E-001
     76  9.141924228445094E-001
     77  9.132718439033827E-001
     78  9.118371287740185E-001
     79  9.098778053535325E-001
     80  9.053970502054359E-001
     81  9.053191144316250E-001
     82  9.020877096758546E-001
     83  9.018741716246281E-001
     84  9.003856276610829E-001
     85  8.960625211904484E-001
     86  8.948564396478890E-001
     87  8.888194499995475E-001
     88  8.874567723539016E-001
     89  8.824379937722920E-001
     90  8.803044730596780E-001
     91  8.787723621678879E-001
     92  8.782085369865890E-001
     93  8.760315134408447E-001
     94  8.754880506495140E-001
     95  8.741218277993252E-001
     96  8.734590072336217E-001
     97  8.725648132594116E-001
     98  8.723777691660018E-001
     99  8.709679941634899E-001
    100  8.703595270438622E-001
    101  8.696822262723125E-001
    102  8.597771565250419E-001
    103  8.528754228561419E-001
    104  8.491177653141633E-001
    105  8.451219816906750E-001
    106  8.450049196985376E-001
    107  8.420688747948294E-001
    108  8.403374096930750E-001
    109  8.385946722104989E-001
    110  8.377664127928615E-001
    111  8.371717645084363E-001
    112  8.365770084549884E-001
    113  8.359818311727112E-001
    114  8.323299676968490E-001
    115  8.301429617459324E-001
    116  8.295578706124298E-001
    117  8.274781128156616E-001
    118  8.223553301946177E-001
    119  8.217966322699850E-001
    120  8.193666211872295E-001
    121  8.185624597649677E-001
    122  8.162155856686308E-001
    123  8.150544528187748E-001
    124  8.121138764616369E-001
    125  8.112482474569790E-001
    126  8.101872764033442E-001
    127  8.100543434740802E-001
    128  8.073990369283379E-001
    129  8.062713441134400E-001
    130  8.057557656392426E-001
    131  8.027215009340450E-001
    132  8.021604267426783E-001
    133  8.011279088270663E-001
    134  7.978808037060601E-001
    135  7.971345384501540E-001
    136  7.955016249362279E-001
    137  7.950706002110124E-001
    138  7.941005738300037E-001
    139  7.931268553681424E-001
    140  7.927199224525187E-001
    141  7.916297492908166E-001
    142  7.891318584483756E-001
    143  7.853643007607521E-001
    144  7.848037237771822E-001
    145  7.801178251035871E-001
    146  7.789604138270234E-001
    147  7.763142979960431E-001
    148  7.724996373833695E-001
    149  7.692657685364095E-001
    150  7.579373170508948E-001
    151  7.571890050858493E-001
    152  7.534610885439090E-001
    153  7.494065024639218E-001
    154  7.462460830262715E-001
    155  7.458734037450830E-001
    156  7.441483316932739E-001
    157  7.434147313985229E-001
    158  7.425008088436736E-001
    159  7.420169338130858E-001
    160  7.419209958133531E-001
    161  7.414795047393111E-001
    162  7.413152112619984E-001
    163  7.390073667203855E-001
    164  7.363882129440783E-001
    165  7.231220712021790E-001
    166  7.221944784528341E-001
    167  7.190938126633958E-001
    168  7.135784191169068E-001
    169  7.129124791982301E-001
    170  7.077549673279608E-001
    171  7.042104186090954E-001
    172  7.032319123756303E-001
    173  6.990062472542491E-001
    174  6.960156917143234E-001
    175  6.941851060689910E-001
    176  6.938776651516295E-001
    177  6.930470117007804E-001
    178  6.912683436614178E-001
    179  6.883603295274088E-001
    180  6.865039844614342E-001
    181  6.856774858439575E-001
    182  6.845695895621619E-001
    183  6.831209072755051E-001
    184  6.798823553550201E-001
    185  6.796117696715399E-001
    186  6.777347048006542E-001
    187  6.766500802284521E-001
    188  6.752016779282217E-001
    189  6.735819184193090E-001
    190  6.724685706019335E-001
    191  6.662173061572574E-001
    192  6.661144555102545E-001
    193  6.618370650062961E-001
    194  6.616160548203057E-001
    195  6.583758761721336E-001
    196  6.574232889927620E-001
    197  6.559823029084154E-001
    198  6.550960937903064E-001
    199  6.547665729061362E-001
    200  6.542185153396682E-001
    201  6.539746596648552E-001
    202  6.537430258713314E-001
    203  6.534779101333370E-001
    204  6.531415929618649E-001
    205  6.527318027144313E-001
    206  6.525638917050763E-001
    207  6.523997287286587E-001
    208  6.520691433066981E-001
    209  6.519590207645224E-001
    210  6.516381254249052E-001
    211  6.513421310742721E-001
    212  6.505934040121850E-001
    213  6.501631133325120E-001
    214  6.495118059362647E-001
    215  6.490014402538939E-001
    216  6.487098618832049E-001
    217  6.486626563009836E-001
    218  6.480789350254961E-001
    219  6.476443297852708E-001
    220  6.460948754626632E-001
    221  6.451916199536943E-001
    222  6.450181760931006E-001
    223  6.428787793449300E-001
    224  6.416870293240348E-001
    225  6.411125976224670E-001
    226  6.403556323408802E-001
    227  6.402682325399459E-001
    228  6.390971393216432E-001
    229  6.356055872059587E-001
    230  6.273839179396625E-001
    231  6.212667057496140E-001
    232  6.207775441295641E-001
    233  6.191737995661103E-001
    234  6.178746086827521E-001
    235  6.147079361364230E-001
    236  6.133141876260920E-001
    237  6.125493842194901E-001
    238  6.123723264433245E-001
    239  6.116274633114649E-001
    240  6.105498234701392E-001
    241  6.093852345136495E-001
    242  6.088121299063738E-001
    243  6.074572860671370E-001
    244  6.070376545765019E-001
    245  6.062729869801182E-001
    246  5.991049005851080E-001
    247  5.986742479101220E-001
    248  5.976641064393773E-001
    249  5.911176793473429E-001
    250  5.906289381577581E-001
    251  5.842618023856220E-001
    252  5.814314680688725E-001
    253  5.792238768638973E-001
    254  5.776030091529739E-001
    255  5.753968733542700E-001
    256  5.747361443015687E-001
    257  5.728784344412634E-001
    258  5.705287619931364E-001
    259  5.692025113538715E-001
    260  5.656449900187116E-001
    261  5.642776220675916E-001
    262  5.634892680593901E-001
    263  5.630046581216660E-001
    264  5.620755905477538E-001
    265  5.616753691183382E-001
    266  5.614402860879361E-001
    267  5.613120381834759E-001
    268  5.609139848593513E-001
    269  5.606774631603828E-001
    270  5.604671717737958E-001
    271  5.600195376598003E-001
    272  5.596636947513393E-001
    273  5.595784601734547E-001
    274  5.595232300476708E-001
    275  5.594278683294858E-001
    276  5.588823052208193E-001
    277  5.588274611877496E-001
    278  5.586333226876813E-001
    279  5.583810952388117E-001
    280  5.581970406397547E-001
    281  5.579247504852632E-001
    282  5.571271352407796E-001
    283  5.571122883485087E-001
    284  5.542136583588334E-001
    285  5.540573483800614E-001
    286  5.513896004776425E-001
    287  5.513366218528508E-001
    288  5.469818515297369E-001
    289  5.453169755777596E-001
    290  5.449424379023254E-001
    291  5.447578946304006E-001
    292  5.440952727703322E-001
    293  5.435133488166530E-001
    294  5.426728990654329E-001
    295  5.425263043471714E-001
    296  5.419859968431612E-001
    297  5.412178266820006E-001
    298  5.388729339724174E-001
    299  5.387914665914113E-001
    300  5.365698792399184E-001
    301  5.358774892315176E-001
    302  5.357116713623060E-001
    303  5.319804259702906E-001
    304  5.295493388923818E-001
    305  5.259445465871115E-001
    306  5.251837907263088E-001
    307  5.247845498792223E-001
    308  5.246962617170307E-001
    309  5.237311387608107E-001
    310  5.228013106367688E-001
    311  5.215843084268678E-001
    312  5.213373958041685E-001
    313  5.211474578389588E-001
    314  5.204624459044634E-001
    315  5.200626360071633E-001
    316  5.197490240978531E-001
    317  5.188084927126037E-001
    318  5.186839349838205E-001
    319  5.181113327184819E-001
    320  5.174493916149543E-001
    321  5.171480349518053E-001
    322  5.164968790787048E-001
    323  5.164485254235012E-001
    324  5.158844794798179E-001
    325  5.129489371489210E-001
    326  5.128652904087004E-001
    327  5.127440428760777E-001
    328  5.122747014783735E-001
    329  5.097478841951706E-001
    330  5.085362531675559E-001
    331  5.016644743469669E-001
    332  5.012134262095482E-001
    333  4.982825162482696E-001
    334  4.971902336364909E-001
    335  4.954267666284116E-001
    336  4.871149035802516E-001
    337  4.833937370271144E-001
    338  4.798721634096643E-001
    339  4.691991655240492E-001
    340  4.684462146804594E-001
    341  4.676702519158905E-001
    342  4.655534093667088E-001
    343  4.647206698275628E-001
    344  4.637036642988573E-001
    345  4.601806682459145E-001
    346  4.596554981804516E-001
    347  4.595568384240644E-001
    348  4.547843909082777E-001
    349  4.546118460762893E-001
    350  4.531999404697155E-001
    351  4.525328684455739E-001
    352  4.429546441120844E-001
    353  4.413482900194535E-001
    354  4.406116673222866E-001
    355  4.394146810157195E-001
    356  4.335760250584442E-001
    357  4.312551668826888E-001
    358  4.304684469667707E-001
    359  4.267390978456740E-001
    360  4.168634687172400E-001
    361  4.156175666147812E-001
    362  4.138600337062408E-001
    363  4.133107946785403E-001
    364  4.124656806878598E-001
    365  4.106971042669833E-001
    366  4.104949828064864E-001
    367  4.096800431369934E-001
    368  4.088320362887934E-001
    369  4.081143644709145E-001
    370  4.072425481345013E-001
    371  4.063745433942594E-001
    372  4.060910025665792E-001
    373  4.054930504473014E-001
    374  4.049704353086149E-001
    375  4.048115684450572E-001
    376  4.047249446116949E-001
    377  4.043367202945581E-001
    378  3.999711710899424E-001
    379  3.998919132393886E-001
    380  3.981038378488613E-001
    381  3.978067350375222E-001
    382  3.921637352784543E-001
    383  3.915602018830198E-001
    384  3.874451529076346E-001
    385  3.800151177637132E-001
    386  3.752810566166604E-001
    387  3.660242535568572E-001
    388  3.565311580082877E-001
    389  3.554692655548005E-001
    390  3.547601593828145E-001
    391  3.540738327517468E-001
    392  3.488743677817273E-001
    393  3.313082736120033E-001
    394  3.130323124232652E-001
    395  3.126229088398110E-001
    396  3.111490881405723E-001
    397  3.110686505481914E-001
    398  3.104062132160415E-001
    399  3.102792218946285E-001
    400  3.098057829545292E-001
    401  3.090848069538857E-001
    402  3.077193602441898E-001
    403  3.067507679013025E-001
    404  3.066807356714046E-001
    405  3.058074688352169E-001
    406  3.051342664102404E-001
    407  3.042830291755633E-001
    408  3.028196442714778E-001
    409  3.018241407523217E-001
    410  3.016048734569681E-001
    411  3.004967447866849E-001
    412  2.995518135945844E-001
    413  2.986574130854561E-001
    414  2.985892715829007E-001
    415  2.984491769321624E-001
    416  2.982036189509233E-001
    417  2.960790578101461E-001
    418  2.952072799220515E-001
    419  2.945146912129551E-001
    420  2.927770051703347E-001
    421  2.921896048591661E-001
    422  2.913280903605384E-001
    423  2.899964994262589E-001
    424  2.886836666697150E-001
    425  2.878272186790408E-001
    426  2.869999418547117E-001
    427  2.860468390766996E-001
    428  2.851414921725117E-001
    429  2.848422036660621E-001
    430  2.846908760764775E-001
    431  2.845322764836222E-001
    432  2.839934252947701E-001
    433  2.838803155331199E-001
    434  2.834384782152141E-001
    435  2.831446532447301E-001
    436  2.829070327439879E-001
    437  2.823722745436026E-001
    438  2.822634296230583E-001
    439  2.809884511428983E-001
    440  2.801912129676208E-001
    441  2.789890912334889E-001
    442  2.787020312664137E-001
    443  2.777116431675157E-001
    444  2.752783160469651E-001
    445  2.743154525630225E-001
    446  2.736959204721206E-001
    447  2.703922712229101E-001
    448  2.690356305895156E-001
    449  2.684271768684525E-001
    450  2.675737860884749E-001
    451  2.672129851521816E-001
    452  2.667095101360633E-001
    453  2.664852934368143E-001
    454  2.647791598892372E-001
    455  2.643893258150128E-001
    456  2.643296196848359E-001
    457  2.632818126663675E-001
    458  2.622966814979564E-001
    459  2.608113428157853E-001
    460  2.586780540940697E-001
    461  2.577370293411956E-001
    462  2.575256933270964E-001
    463  2.570158712290023E-001
    464  2.568930423330790E-001
    465  2.565890847505703E-001
    466  2.562915126529152E-001
    467  2.561656209262643E-001
    468  2.561350770310968E-001
    469  2.555377306347678E-001
    470  2.553903680099514E-001
    471  2.553058230486225E-001
    472  2.552351854809012E-001
    473  2.548746934831042E-001
    474  2.547318143058628E-001
    475  2.543468693223372E-001
    476  2.540583683169654E-001
    477  2.539583848449383E-001
    478  2.535227283824948E-001
    479  2.530328710558347E-001
    480  2.529479389735284E-001
    481  2.527393538089652E-001
    482  2.526581418686362E-001
    483  2.524555077195850E-001
    484  2.523045615539263E-001
    485  2.521029086394627E-001
    486  2.520079744915791E-001
    487  2.517493680412574E-001
    488  2.514824242874168E-001
    489  2.512728995956229E-001
    490  2.510097804216162E-001
    491  2.504355398322300E-001
    492  2.501586053147269E-001
    493  2.470205160978277E-001
    494  2.468420162097445E-001
    495  2.458413677301117E-001
    496  2.452831725482711E-001
    497  2.446983289467159E-001
    498  2.429490496699724E-001
    499  2.426100135637797E-001
    500  2.421127362034132E-001
    501  2.413561579477931E-001
    502  2.407449458222074E-001
    503  2.383367018092293E-001
    504  2.374668386782578E-001
    505  2.362248908167553E-001
    506  2.359779192194761E-001
    507  2.355301472895011E-001
    508  2.352761355577213E-001
    509  2.350142943125502E-001
    510  2.348698456083790E-001
    511  2.347284684721058E-001
    512  2.345572485703039E-001
    513  2.344600411726434E-001
    514  2.344252305055065E-001
    515  2.343447934027473E-001
    516  2.342101901040836E-001
    517  2.340999137586309E-001
    518  2.340777535591851E-001
    519  2.340698503049031E-001
    520  2.340028324157855E-001
    521  2.337691303117553E-001
    522  2.284337041515924E-001
    523  2.280040514023117E-001
    524  2.278750711725638E-001
    525  2.275063949438293E-001
    526  2.272087139589576E-001
    527  2.267905583542165E-001
    528  2.267432428513389E-001
    529  2.266267229756951E-001
    530  2.226991714649549E-001
    531  2.216075047651068E-001
    532  2.202452252562920E-001
    533  2.169862268614024E-001
    534  2.163573290326528E-001
    535  1.627514631017830E-001
    536  1.622541891244854E-001
    537  1.570185807243813E-001
    538  1.006191393097911E-001
    539  6.985304195846040E-002
    540  6.676767805183458E-002
    541  6.658118264849341E-002
    542  6.642322580545239E-002
    543  6.552150697778172E-002
    544  6.343444103869234E-002
    545  6.314217103339177E-002
    546  6.313799130763752E-002
    547  6.286407313902102E-002
    548  6.273987772627657E-002
    549  6.226020588735689E-002
    550  6.217051979998020E-002
    551  6.208018414232166E-002
    552  6.203617675260866E-002
    553  6.188601768872785E-002
    554  6.132885323351027E-002
    555  6.123564886675687E-002
    556  6.060873516560648E-002
    557  6.056970085699540E-002
    558  6.040619735234708E-002
    559  6.036592036887591E-002
    560  5.985834512295474E-002
    561  5.978501534268290E-002
    562  5.973295955129096E-002
    563  5.964760101640009E-002
    564  5.954439626560054E-002
    565  5.943735319674066E-002
    566  5.937772154950792E-002
    567  5.921066859198686E-002
    568  5.875086909025183E-002
    569  5.872719736197424E-002
    570  5.865389121020503E-002
    571  5.843454508526180E-002
    572  5.833478969656751E-002
    573  5.830689547045015E-002
    574  5.821156789564263E-002
    575  5.812004335862195E-002
    576  5.802794866699690E-002
    577  5.801450214608780E-002
    578  5.794321788436135E-002
    579  5.792429462638730E-002
    580  5.788205718347171E-002
    581  5.786500112954913E-002
    582  5.774524487832074E-002
    583  5.767284081276695E-002
    584  5.749214437636538E-002
    585  5.744147848423312E-002
    586  5.732717610904266E-002
    587  5.730254049091105E-002
    588  5.726705003559292E-002
    589  5.719084804388706E-002
    590  5.716818525516699E-002
    591  5.707152720779324E-002
    592  5.706489732399746E-002
    593  5.696293198523868E-002
    594  5.685919061767623E-002
    595  5.678422495241418E-002
    596  5.668999021274075E-002
    597  5.668074364627496E-002
    598  5.656368795870761E-002
    599  5.651950086831448E-002
    600  5.638364239095303E-002
    601  5.637884294688390E-002
    602  5.636045509161870E-002
    603  5.633698433376932E-002
    604  5.626900171495613E-002
    605  5.617616516974861E-002
    606  5.613145198873565E-002
    607  5.612690815157513E-002
    608  5.604183026780204E-002
    609  5.600661508103828E-002
    610  5.600355826765334E-002
    611  5.599386359895955E-002
    612  5.595704843612581E-002
    613  5.587892714579723E-002
    614  5.585094679801704E-002
    615  5.582744742642897E-002
    616  5.578646860454207E-002
    617  5.575973474939123E-002
    618  5.560436829146954E-002
    619  5.556914906300880E-002
    620  5.549938359057300E-002
    621  5.547897529862947E-002
    622  5.544508898637157E-002
    623  5.540215826065870E-002
    624  5.536682187859533E-002
    625  5.531210130121988E-002
    626  5.526158444694435E-002
    627  5.523587570657661E-002
    628  5.513466928165046E-002
    629  5.506555872040668E-002
    630  5.506112045423413E-002
    631  5.504073845575234E-002
    632  5.501890174917626E-002
    633  5.501285925892521E-002
    634  5.495921981065502E-002
    635  5.491319270569172E-002
    636  5.491169774125976E-002
    637  5.486504829922585E-002
    638  5.485483314476846E-002
    639  5.483107625966965E-002
    640  5.481485667220287E-002
    641  5.479780926120058E-002
    642  5.476437910574310E-002
    643  5.473615157708381E-002
    644  5.470950225054806E-002
    645  5.470020213219303E-002
    646  5.465611223176883E-002
    647  5.463027706459128E-002
    648  5.461091120956376E-002
    649  5.457510384600104E-002
    650  5.449630172981393E-002
    651  5.448653565953494E-002
    652  5.438027081054971E-002
    653  5.436133667896083E-002
    654  5.422943424961387E-002
    655  5.417662019499283E-002
    656  5.413489179300052E-002
    657  5.408883065949186E-002
    658  5.407760182034734E-002
    659  5.401310553314197E-002
    660  5.389569691309525E-002
    661  5.387854781679718E-002
    662  5.383772273846250E-002
    663  5.366781126809133E-002
    664  5.359721260609791E-002
    665  5.354707744949497E-002
    666  5.342973769419593E-002
    667  5.323583936763369E-002
    668  5.321643296050255E-002
    669  5.312015100838346E-002
    670  5.308563463741724E-002
    671  5.289706721159336E-002
    672  5.288764310542335E-002
    673  5.280194694057339E-002
    674  5.272094489685768E-002
    675  5.267487821324253E-002
    676  5.251909083253152E-002
    677  5.234874492107496E-002
    678  5.217019768953658E-002
    679  5.202103252960276E-002
    680  5.194541644953007E-002
    681  5.189464304884137E-002
    682  5.179909337630376E-002
    683  5.179036943912337E-002
    684  5.176055535344159E-002
    685  5.173786551298593E-002
    686  5.172120314470373E-002
    687  5.169808998434183E-002
    688  5.167236214677244E-002
    689  5.162214654968300E-002
    690  5.153945891368787E-002
    691  5.148210767176242E-002
    692  5.147495544452935E-002
    693  5.144450975246574E-002
    694  5.144296153963795E-002
    695  5.141420665855174E-002
    696  5.131065393772248E-002
    697  5.130215759827574E-002
    698  5.124715753929018E-002
    699  5.121636109015457E-002
    700  5.115292173835047E-002
    701  5.108457081339506E-002
    702  5.106476677552448E-002
    703  5.098191348743716E-002
    704  5.087596857347897E-002
    705  5.076116850650754E-002
    706  5.065030694245006E-002
    707  5.052894303831935E-002
    708  5.050378496644541E-002
    709  5.045663018768431E-002
    710  5.043823368733866E-002
    711  5.033483587347068E-002
    712  5.024209724376270E-002
    713  5.020320056609109E-002
    714  5.018674365006630E-002
    715  5.014996327900398E-002
    716  5.012256222627143E-002
    717  5.003856951760695E-002
    718  4.998055178154084E-002
    719  4.997293869644771E-002
    720  4.981135363809726E-002
    721  4.975370332605624E-002
    722  4.974132967941848E-002
    723  4.970439383070295E-002
    724  4.967253781252779E-002
    725  4.965153264622376E-002
    726  4.955845734384396E-002
    727  4.947962202268541E-002
    728  4.946931385182488E-002
    729  4.944689130799063E-002
    730  4.936116096652425E-002
    731  4.934480349779068E-002
    732  4.934270646678229E-002
    733  4.928615944055291E-002
    734  4.928399244324388E-002
    735  4.925661500280696E-002
    736  4.921755192363755E-002
    737  4.921528698902747E-002
    738  4.914065037482840E-002
    739  4.913806723647431E-002
    740  4.913604747251148E-002
    741  4.912181850769801E-002
    742  4.909898266248602E-002
    743  4.907191775921921E-002
    744  4.898797784627162E-002
    745  4.895988317492009E-002
    746  4.887487371887020E-002
    747  4.886502487083165E-002
    748  4.883274516303787E-002
    749  4.877579388589109E-002
    750  4.875949432331824E-002
    751  4.870773135971731E-002
    752  4.864215336786683E-002
    753  4.856257630007738E-002
    754  4.854417260660744E-002
    755  4.854358005217704E-002
    756  4.847692611899745E-002
    757  4.841664798390615E-002
    758  4.834912156744272E-002
    759  4.826956775685800E-002
    760  4.811512241611521E-002
    761  4.806431648972204E-002
    762  4.799793869693529E-002
    763  4.771532383937799E-002
    764  4.762143615000574E-002
    765  4.751785950253093E-002
    766  4.748016201931343E-002
    767  4.728134658078026E-002
    768  4.718404844057335E-002
    769  4.705215956249269E-002
    770  4.703069832095048E-002
    771  4.691218414380639E-002
    772  4.665898639402650E-002
    773  4.644747849561476E-002
    774  4.628163904866618E-002
    775  4.599982980440524E-002
    776  4.585772116469223E-002
    777  4.584451820805092E-002
    778  4.552957476429778E-002
    779  4.550689904135632E-002
    780  4.547527874929502E-002
    781  4.527760532842889E-002
    782  4.519432493428071E-002
    783  4.517979092674500E-002
    784  4.513639163636471E-002
    785  4.508513049645757E-002
    786  4.506403824783676E-002
    787  4.501453999116594E-002
    788  4.494699142897281E-002
    789  4.490305841547605E-002
    790  4.487914482386582E-002
    791  4.484444032516791E-002
    792  4.482162223480509E-002
    793  4.477521718766656E-002
    794  4.472999554204832E-002
    795  4.471141966243877E-002
    796  4.458966828119308E-002
    797  4.448628323409212E-002
    798  4.448512623701119E-002
    799  4.443187788313261E-002
    800  4.441221672435263E-002
    801  4.433650507205127E-002
    802  4.425326592133924E-002
    803  4.414223577363342E-002
    804  4.409871398715926E-002
    805  4.395687914821951E-002
    806  4.389921094220523E-002
    807  4.388239627735317E-002
    808  4.383279731441727E-002
    809  4.360524548312056E-002
    810  4.357195582893379E-002
    811  4.349924068741266E-002
    812  4.345387595096281E-002
    813  4.336616917925497E-002
    814  4.332200632874757E-002
    815  4.328843188857383E-002
    816  4.328720504623039E-002
    817  4.317795723172763E-002
    818  4.312205200202249E-002
    819  4.307137918730394E-002
    820  4.300512823422935E-002
    821  4.299868416313665E-002
    822  4.297840634196254E-002
    823  4.297179608005577E-002
    824  4.292104308847745E-002
    825  4.288407297700971E-002
    826  4.283786721580130E-002
    827  4.279203057640479E-002
    828  4.276548619506568E-002
    829  4.272884808182106E-002
    830  4.272711726504490E-002
    831  4.267866383498849E-002
    832  4.264218934681478E-002
    833  4.260599186854817E-002
    834  4.258172727372357E-002
    835  4.256790871488653E-002
    836  4.244429920283892E-002
    837  4.244168008752158E-002
    838  4.241009111920790E-002
    839  4.236511713886820E-002
    840  4.221863611358465E-002
    841  4.217409178324475E-002
    842  4.213604928274975E-002
    843  4.205454018061602E-002
    844  4.191335978340183E-002
    845  4.185572749638779E-002
    846  4.173601633399916E-002
    847  4.172876724777283E-002
    848  4.152644446472918E-002
    849  4.140382882245956E-002
    850  4.116036488836513E-002
    851  4.110621562104575E-002
    852  4.108260899774555E-002
    853  4.100806603693238E-002
    854  4.089357893017334E-002
    855  4.073236561603314E-002
    856  4.072403533948882E-002
    857  4.065840032002042E-002
    858  4.065089409296959E-002
    859  4.064230750082796E-002
    860  4.058598128018565E-002
    861  4.058474290151466E-002
    862  4.050362779564863E-002
    863  4.045160114360237E-002
    864  4.040890875525466E-002
    865  4.039989839009669E-002
    866  4.000160056708239E-002
    867  3.992448985888421E-002
    868  3.985973722538322E-002
    869  3.969442685044334E-002
    870  3.945332767595065E-002
    871  3.934018007473664E-002
    872  3.930080422320958E-002
    873  3.925550334305725E-002
    874  3.913788588309748E-002
    875  3.913334759312648E-002
    876  3.904125102287342E-002
    877  3.900859104085436E-002
    878  3.890758915725126E-002
    879  3.889931315271863E-002
    880  3.876958650136677E-002
    881  3.853070753335048E-002
    882  3.846492754617325E-002
    883  3.844149964136923E-002
    884  3.843159131559717E-002
    885  3.833023252713354E-002
    886  3.826009690143280E-002
    887  3.817598228138601E-002
    888  3.816450458448475E-002
    889  3.755455312172674E-002
    890  3.743051846428025E-002
    891  3.742261323235779E-002
    892  3.733805486178965E-002
    893  3.704940135843558E-002
    894  3.694978874384997E-002
    895  3.642596088181191E-002
    896  3.642140860778362E-002
    897  3.629983866314177E-002
    898  3.598094406720796E-002
    899  3.583303514716086E-002
    900  3.558124789227512E-002
    901  3.497600440266392E-002
    902  3.492600937898613E-002
    903  3.468767307743251E-002
    904  3.457646759649440E-002
    905  3.433180457990220E-002
    906  3.424545274034041E-002
    907  3.415742623568495E-002
    908  3.400646274751039E-002
    909  3.397587966487540E-002
    910  3.381602664717642E-002
    911  3.375726839360664E-002
    912  3.366171398581556E-002
    913  3.356861560904584E-002
    914  3.353281768248334E-002
    915  3.350599542668472E-002
    916  3.348433847273815E-002
    917  3.341621148198724E-002
    918  3.330120268847718E-002
    919  3.322095891681124E-002
    920  3.312227498641299E-002
    921  3.306483321445742E-002
    922  3.297861275160069E-002
    923  3.297225815005824E-002
    924  3.294455702789201E-002
    925  3.282470684492469E-002
    926  3.273347867094902E-002
    927  3.262494041342019E-002
    928  3.256641670576915E-002
    929  3.251473160117764E-002
    930  3.249412206816218E-002
    931  3.247552619579673E-002
    932  3.246307184603685E-002
    933  3.245608454563619E-002
    934  3.235974580410098E-002
    935  3.231883825237505E-002
    936  3.218443654870177E-002
    937  3.218334822705929E-002
    938  3.215887539883923E-002
    939  3.210996217750089E-002
    940  3.208614314805348E-002
    941  3.206938570880544E-002
    942  3.201035660320945E-002
    943  3.197811022790348E-002
    944  3.197733480464441E-002
    945  3.191632224458699E-002
    946  3.189342094083873E-002
    947  3.181976522583390E-002
    948  3.177477481258477E-002
    949  3.174776765628719E-002
    950  3.170120978780294E-002
    951  3.163282252435801E-002
    952  3.162899716768803E-002
    953  3.157003075587914E-002
    954  3.156890639925530E-002
    955  3.155168671769554E-002
    956  3.154879265400846E-002
    957  3.153563478054414E-002
    958  3.152664152910304E-002
    959  3.149859564001033E-002
    960  3.149270138546705E-002
    961  3.148249973439259E-002
    962  3.145032589766849E-002
    963  3.142688443106882E-002
    964  3.139561880165851E-002
    965  3.128380067826222E-002
    966  3.119310013567235E-002
    967  3.113979945703933E-002
    968  3.112557515939746E-002
    969  3.109601838828227E-002
    970  3.107793387900746E-002
    971  3.101953838780952E-002
    972  3.098655252028259E-002
    973  3.091612998052332E-002
    974  3.090845661570250E-002
    975  3.090088676107227E-002
    976  3.083294043333061E-002
    977  3.081713620575488E-002
    978  3.078979209997123E-002
    979  3.076320054972481E-002
    980  3.074169487658992E-002
    981  3.071036801164804E-002
    982  3.066362961861009E-002
    983  3.062336320570256E-002
    984  3.061677154303758E-002
    985  3.055867954939078E-002
    986  3.053092039117477E-002
    987  3.049334709429293E-002
    988  3.049237585886080E-002
    989  3.035379589223045E-002
    990  3.032037600166267E-002
    991  3.023054326033377E-002
    992  3.015787580852139E-002
    993  3.011823010655708E-002
    994  3.009736722989465E-002
    995  3.004092882861143E-002
    996  3.002539744289132E-002
    997  3.000765159617962E-002
    998  2.998343316564239E-002
    999  2.997507276954534E-002
   1000  2.997219227787650E-002
   1001  2.992755552459362E-002
   1002  2.992351647886439E-002
   1003  2.985352438950318E-002
   1004  2.985047732696379E-002
   1005  2.983935370089640E-002
   1006  2.979663151299809E-002
   1007  2.975515700963376E-002
   1008  2.974826443046246E-002
   1009  2.970210502140930E-002
   1010  2.965714979429994E-002
   1011  2.962063923173036E-002
   1012  2.959826553439268E-002
   1013  2.957090939651728E-002
   1014  2.953877934226963E-002
   1015  2.952937660888110E-002
   1016  2.952188308555521E-002
   1017  2.950238844154961E-002
   1018  2.946893061750003E-002
   1019  2.943345578831103E-002
   1020  2.939691404342547E-002
   1021  2.935711272903907E-002
   1022  2.929263654056703E-002
   1023  2.926501504437391E-002
   1024  2.921876977196374E-002
   1025  2.919015957753872E-002
   1026  2.917667331208033E-002
   1027  2.914193300010205E-002
   1028  2.906008794120770E-002
   1029  2.904633004891365E-002
   1030  2.895801523189082E-002
   1031  2.894614455784937E-002
   1032  2.891006769422041E-002
   1033  2.885747766597952E-002
   1034  2.885310695487796E-002
   1035  2.884934352437470E-002
   1036  2.880568472399715E-002
   1037  2.875716870609726E-002
   1038  2.867794871263190E-002
   1039  2.862697655480826E-002
   1040  2.858414748466980E-002
   1041  2.856183329763000E-002
   1042  2.845553368208213E-002
   1043  2.843620999122935E-002
   1044  2.838427488962418E-002
   1045  2.827254259140806E-002
   1046  2.823346570715208E-002
   1047  2.808067915262343E-002
   1048  2.803382995796085E-002
   1049  2.798031977618410E-002
   1050  2.792431791578633E-002
   1051  2.765326194463093E-002
   1052  2.759789237783585E-002
   1053  2.751312115644477E-002
   1054  2.750477665339723E-002
   1055  2.748835445394166E-002
   1056  2.744943401464413E-002
   1057  2.744484783104863E-002
   1058  2.733022412522669E-002
   1059  2.725620903241992E-002
   1060  2.718201627080339E-002
   1061  2.703740983129609E-002
   1062  2.701497399173794E-002
   1063  2.700947411676497E-002
   1064  2.696633285993675E-002
   1065  2.683090816012174E-002
   1066  2.680454516767291E-002
   1067  2.676468241902166E-002
   1068  2.674474110004694E-002
   1069  2.635491163253054E-002
   1070  2.612555226514506E-002
   1071  2.593281772517395E-002
   1072  2.585454605476331E-002
   1073  2.575590524177663E-002
   1074  2.559939826042845E-002
   1075  6.558133516520879E-003
   1076  6.444243012681454E-003
   1077  4.948417198968665E-008
