# t, dt:    8.000000000000000E-003  1.000000000000000E-003
# j, New nj
      1  1.938641846969075E+000
      2  1.896942734157816E+000
      3  1.862555914698931E+000
      4  1.824578115621873E+000
      5  1.789691564091044E+000
      6  1.770881511558407E+000
      7  1.764088390021403E+000
      8  1.757196996084931E+000
      9  1.741816644568732E+000
     10  1.722232392796999E+000
     11  1.551120834221055E+000
     12  1.528702223632341E+000
     13  1.293751972367799E+000
     14  1.286557050532588E+000
     15  1.262247444992188E+000
     16  1.256909451843585E+000
     17  1.250621279749175E+000
     18  1.225116564526054E+000
     19  1.215025595802405E+000
     20  1.208428490841945E+000
     21  1.206310233618157E+000
     22  1.206029469002105E+000
     23  1.198025371845115E+000
     24  1.194238057925037E+000
     25  1.122337745233206E+000
     26  1.117475284885927E+000
     27  1.108642471038880E+000
     28  1.099101059224247E+000
     29  1.098437379642475E+000
     30  1.076484708324077E+000
     31  1.069658894254836E+000
     32  1.047586370161835E+000
     33  1.046693615464639E+000
     34  1.042274180080813E+000
     35  1.035555229771969E+000
     36  1.034144538175512E+000
     37  1.031516582851726E+000
     38  1.030182030221602E+000
     39  1.027870252720618E+000
     40  1.022083868696867E+000
     41  1.019077786625807E+000
     42  1.014623430070174E+000
     43  9.903654658019516E-001
     44  9.890067239639497E-001
     45  9.790908898971447E-001
     46  9.772761673237440E-001
     47  9.741753686581315E-001
     48  9.707513635666966E-001
     49  9.702809450653391E-001
     50  9.687438337870211E-001
     51  9.672962984881036E-001
     52  9.646972832595156E-001
     53  9.646668353119674E-001
     54  9.621746835192102E-001
     55  9.476919778171750E-001
     56  9.411131608121033E-001
     57  9.291438992515886E-001
     58  9.278487612547589E-001
     59  9.255375406817169E-001
     60  9.232447754383869E-001
     61  9.178782829338823E-001
     62  9.144538707131110E-001
     63  9.129204536062884E-001
     64  9.108329823574264E-001
     65  9.071391609882505E-001
     66  9.035013863909847E-001
     67  8.982521108280932E-001
     68  8.972932638468190E-001
     69  8.963508091117298E-001
     70  8.890418973794131E-001
     71  8.854011678290210E-001
     72  8.831685261427792E-001
     73  8.791874325608084E-001
     74  8.780783535221137E-001
     75  8.732359806377064E-001
     76  8.724297800409557E-001
     77  8.715417021028854E-001
     78  8.701576472071243E-001
     79  8.682675232517039E-001
     80  8.639450857520874E-001
     81  8.638699044864869E-001
     82  8.607527330652175E-001
     83  8.605467455043943E-001
     84  8.591108408700258E-001
     85  8.549406711925173E-001
     86  8.537772724384279E-001
     87  8.479540337535297E-001
     88  8.466396284397959E-001
     89  8.417987156969556E-001
     90  8.397408442941686E-001
     91  8.382630720101636E-001
     92  8.377192466443617E-001
     93  8.356194604877214E-001
     94  8.350952825700872E-001
     95  8.337775468680944E-001
     96  8.331382531065813E-001
     97  8.322758020091062E-001
     98  8.320953982757376E-001
     99  8.307356781494187E-001
    100  8.301488180899603E-001
    101  8.294955708974096E-001
    102  8.199425348181691E-001
    103  8.132863928368016E-001
    104  8.096625529591359E-001
    105  8.058091493233271E-001
    106  8.056962598347982E-001
    107  8.028648900358569E-001
    108  8.011951764676416E-001
    109  7.995146089551802E-001
    110  7.987159024457109E-001
    111  7.981424739599526E-001
    112  7.975689434840717E-001
    113  7.969950087504661E-001
    114  7.934735270243773E-001
    115  7.913646385924924E-001
    116  7.908004507959605E-001
    117  7.887950112061494E-001
    118  7.838553900611079E-001
    119  7.833166769591396E-001
    120  7.809736089057665E-001
    121  7.801982268904085E-001
    122  7.779353641705749E-001
    123  7.768158082847413E-001
    124  7.739805607840006E-001
    125  7.731459474306903E-001
    126  7.721229971409895E-001
    127  7.719948284361318E-001
    128  7.694347079776007E-001
    129  7.683474526906985E-001
    130  7.678503646630405E-001
    131  7.649249512726851E-001
    132  7.643840110856204E-001
    133  7.633885497338967E-001
    134  7.602580233730064E-001
    135  7.595385597974549E-001
    136  7.579643031967137E-001
    137  7.575487642855772E-001
    138  7.566135930590208E-001
    139  7.556748681959967E-001
    140  7.552825613985698E-001
    141  7.542315766085881E-001
    142  7.518235048416615E-001
    143  7.481914939888895E-001
    144  7.476510926546427E-001
    145  7.431339207460544E-001
    146  7.420182061419046E-001
    147  7.394674508004658E-001
    148  7.357903415799459E-001
    149  7.326731552673733E-001
    150  7.217539924764405E-001
    151  7.210327465957393E-001
    152  7.174397234210855E-001
    153  7.135319586503679E-001
    154  7.104860601795432E-001
    155  7.101268898691245E-001
    156  7.084643612583653E-001
    157  7.077573643457906E-001
    158  7.068765896782510E-001
    159  7.064102671243457E-001
    160  7.063178094531869E-001
    161  7.058923351199308E-001
    162  7.057340023536268E-001
    163  7.035099085665242E-001
    164  7.009858485941779E-001
    165  6.882021217419345E-001
    166  6.873083085627244E-001
    167  6.843206043153360E-001
    168  6.790063227768013E-001
    169  6.783646811414977E-001
    170  6.733954675569305E-001
    171  6.699804479009611E-001
    172  6.690377166678668E-001
    173  6.649666319415831E-001
    174  6.620855604918927E-001
    175  6.603220278241934E-001
    176  6.600258508811254E-001
    177  6.592256346011713E-001
    178  6.575121600806885E-001
    179  6.547107888299051E-001
    180  6.529225559806920E-001
    181  6.521263920240919E-001
    182  6.510591672888598E-001
    183  6.496636823652031E-001
    184  6.465441172766796E-001
    185  6.462834770932256E-001
    186  6.444754215784196E-001
    187  6.434306862644765E-001
    188  6.420355674557189E-001
    189  6.404754164698229E-001
    190  6.394030538195965E-001
    191  6.333821131560892E-001
    192  6.332830548179995E-001
    193  6.291634626499373E-001
    194  6.289506102014502E-001
    195  6.258300801757747E-001
    196  6.249126866209211E-001
    197  6.235249537245390E-001
    198  6.226715047250647E-001
    199  6.223541669135737E-001
    200  6.218263743563758E-001
    201  6.215915363801462E-001
    202  6.213684688247437E-001
    203  6.211131581468423E-001
    204  6.207892802751769E-001
    205  6.203946482553772E-001
    206  6.202329487520200E-001
    207  6.200748588799914E-001
    208  6.197565040013756E-001
    209  6.196504558428626E-001
    210  6.193414338250964E-001
    211  6.190563922803372E-001
    212  6.183353742717469E-001
    213  6.179210102115020E-001
    214  6.172938133049153E-001
    215  6.168023433778318E-001
    216  6.165215614698540E-001
    217  6.164761038733867E-001
    218  6.159139990417812E-001
    219  6.154954902081707E-001
    220  6.140034370447062E-001
    221  6.131336538901603E-001
    222  6.129666382896191E-001
    223  6.109065560567761E-001
    224  6.097590068014183E-001
    225  6.092058849580486E-001
    226  6.084770058015257E-001
    227  6.083928491959746E-001
    228  6.072652194113951E-001
    229  6.039033288577924E-001
    230  5.959874433593719E-001
    231  5.900981771371804E-001
    232  5.896272593381541E-001
    233  5.880833451334861E-001
    234  5.868326418306216E-001
    235  5.837842259320389E-001
    236  5.824425583624537E-001
    237  5.817063422886027E-001
    238  5.815359035588813E-001
    239  5.808188896060572E-001
    240  5.797815511040213E-001
    241  5.786605287948897E-001
    242  5.781088689271936E-001
    243  5.768047350660233E-001
    244  5.764008137302722E-001
    245  5.756647785164171E-001
    246  5.687653979769637E-001
    247  5.683509064910564E-001
    248  5.673786806867519E-001
    249  5.610782441589172E-001
    250  5.606078870192754E-001
    251  5.544804960129194E-001
    252  5.517568808735254E-001
    253  5.496325917243218E-001
    254  5.480729222489422E-001
    255  5.459501314057399E-001
    256  5.453143749055459E-001
    257  5.435269054999406E-001
    258  5.412661331016672E-001
    259  5.399900902308155E-001
    260  5.365673497902304E-001
    261  5.352518268183691E-001
    262  5.344933742786296E-001
    263  5.340271488623639E-001
    264  5.331333351045734E-001
    265  5.327483034824210E-001
    266  5.325221435933023E-001
    267  5.323987639321232E-001
    268  5.320158218523362E-001
    269  5.317882801170877E-001
    270  5.315859733922230E-001
    271  5.311553375418018E-001
    272  5.308130090204806E-001
    273  5.307310117577998E-001
    274  5.306778793887494E-001
    275  5.305861397985855E-001
    276  5.300613009975093E-001
    277  5.300085405286513E-001
    278  5.298217777890178E-001
    279  5.295791337287208E-001
    280  5.294020727869740E-001
    281  5.291401298119679E-001
    282  5.283728297008002E-001
    283  5.283585471726090E-001
    284  5.255701534706645E-001
    285  5.254197910303992E-001
    286  5.228535975457678E-001
    287  5.228026365964310E-001
    288  5.186138390391286E-001
    289  5.170124807500927E-001
    290  5.166522372329397E-001
    291  5.164747376899420E-001
    292  5.158374107262093E-001
    293  5.152777058318206E-001
    294  5.144693540011142E-001
    295  5.143283588820829E-001
    296  5.138086923831452E-001
    297  5.130698747149895E-001
    298  5.108146306939411E-001
    299  5.107362792396815E-001
    300  5.085996962103628E-001
    301  5.079338125205113E-001
    302  5.077743435040949E-001
    303  5.041860585260054E-001
    304  5.018482188992358E-001
    305  4.983818426281052E-001
    306  4.976503211312889E-001
    307  4.972664255605885E-001
    308  4.971815311549929E-001
    309  4.962535141964240E-001
    310  4.953594474487691E-001
    311  4.941892697793703E-001
    312  4.939518597487838E-001
    313  4.937692322560599E-001
    314  4.931105898115936E-001
    315  4.927261736474184E-001
    316  4.924246382118790E-001
    317  4.915203329279679E-001
    318  4.914005736896869E-001
    319  4.908500333384265E-001
    320  4.902136021543665E-001
    321  4.899238612715809E-001
    322  4.892978086326488E-001
    323  4.892513193415061E-001
    324  4.887090237153546E-001
    325  4.858867539294718E-001
    326  4.858063366670773E-001
    327  4.856897705049752E-001
    328  4.852385524160071E-001
    329  4.828093620286419E-001
    330  4.816445773392070E-001
    331  4.750389028982965E-001
    332  4.746053461865840E-001
    333  4.717881712621868E-001
    334  4.707383088660073E-001
    335  4.690433673962349E-001
    336  4.610551480613505E-001
    337  4.574792326656743E-001
    338  4.540953273631976E-001
    339  4.438408319787538E-001
    340  4.431174785765234E-001
    341  4.423720280812489E-001
    342  4.403384768591209E-001
    343  4.395385245459373E-001
    344  4.385615778152410E-001
    345  4.351774903863036E-001
    346  4.346730462413336E-001
    347  4.345782806590082E-001
    348  4.299944148446174E-001
    349  4.298286958120751E-001
    350  4.284726650712224E-001
    351  4.278320045475844E-001
    352  4.186339283749832E-001
    353  4.170914989524155E-001
    354  4.163842067080444E-001
    355  4.152349037936603E-001
    356  4.096292400627723E-001
    357  4.074011839037575E-001
    358  4.066459463965665E-001
    359  4.030660066286937E-001
    360  3.935874172716172E-001
    361  3.923917519727967E-001
    362  3.907051425301941E-001
    363  3.901780812101779E-001
    364  3.893671048746889E-001
    365  3.876700191057725E-001
    366  3.874760723139761E-001
    367  3.866941014735397E-001
    368  3.858804167872535E-001
    369  3.851918044208220E-001
    370  3.843553044653569E-001
    371  3.835224785681062E-001
    372  3.832504328537888E-001
    373  3.826767284093379E-001
    374  3.821753125310556E-001
    375  3.820228911332004E-001
    376  3.819397819980463E-001
    377  3.815673116793075E-001
    378  3.773791509967678E-001
    379  3.773031177255725E-001
    380  3.755878282147144E-001
    381  3.753028265405012E-001
    382  3.698900623748880E-001
    383  3.693111979725907E-001
    384  3.653645825327894E-001
    385  3.582397195648637E-001
    386  3.537008239874864E-001
    387  3.448273251113738E-001
    388  3.357297216263684E-001
    389  3.347122249179526E-001
    390  3.340327829790199E-001
    391  3.333751812867092E-001
    392  3.283937712295599E-001
    393  3.115703545869741E-001
    394  2.940776113607026E-001
    395  2.936858837065912E-001
    396  2.922757441797660E-001
    397  2.921987843775454E-001
    398  2.915649968992940E-001
    399  2.914434996390051E-001
    400  2.909905483189807E-001
    401  2.903007873516956E-001
    402  2.889945098303305E-001
    403  2.880679307644265E-001
    404  2.880009375516695E-001
    405  2.871655808175173E-001
    406  2.865216224498253E-001
    407  2.857073870737401E-001
    408  2.843076758727799E-001
    409  2.833555336221399E-001
    410  2.831458219731529E-001
    411  2.820860131344075E-001
    412  2.811823222492488E-001
    413  2.803269879786613E-001
    414  2.802618240588428E-001
    415  2.801278516890314E-001
    416  2.798930266573660E-001
    417  2.778614235236274E-001
    418  2.770278399153410E-001
    419  2.763656159636951E-001
    420  2.747041970308493E-001
    421  2.741426046631869E-001
    422  2.733189663065476E-001
    423  2.720459764548129E-001
    424  2.707909889373065E-001
    425  2.699723147727676E-001
    426  2.691815534771512E-001
    427  2.682705547688884E-001
    428  2.674052368210461E-001
    429  2.671191884716167E-001
    430  2.669745568386562E-001
    431  2.668229759917977E-001
    432  2.663079791834407E-001
    433  2.661998782038864E-001
    434  2.657776116442485E-001
    435  2.654968058718483E-001
    436  2.652697168211547E-001
    437  2.647586679912889E-001
    438  2.646546503545308E-001
    439  2.634362544174114E-001
    440  2.626744319440772E-001
    441  2.615257631469545E-001
    442  2.612514765722678E-001
    443  2.603051852160663E-001
    444  2.579803813742450E-001
    445  2.570605316770327E-001
    446  2.564686973538108E-001
    447  2.533130338731125E-001
    448  2.520173052859065E-001
    449  2.514361977419162E-001
    450  2.506211899666310E-001
    451  2.502766268193998E-001
    452  2.497958206094476E-001
    453  2.495817029525795E-001
    454  2.479524922876842E-001
    455  2.475802532941392E-001
    456  2.475232426143568E-001
    457  2.465227663151554E-001
    458  2.455821818139959E-001
    459  2.441640956059358E-001
    460  2.421275815276196E-001
    461  2.412293153148674E-001
    462  2.410275879633933E-001
    463  2.405409545470418E-001
    464  2.404237142831462E-001
    465  2.401335897415652E-001
    466  2.398495644714001E-001
    467  2.397294052144407E-001
    468  2.397002522505309E-001
    469  2.391301175042473E-001
    470  2.389894705749965E-001
    471  2.389087790302845E-001
    472  2.388413612745831E-001
    473  2.384973051216028E-001
    474  2.383609419898650E-001
    475  2.379935575745449E-001
    476  2.377182223492780E-001
    477  2.376228026029771E-001
    478  2.372070374144324E-001
    479  2.367395574077121E-001
    480  2.366585063564653E-001
    481  2.364594541736568E-001
    482  2.363819544591552E-001
    483  2.361885842330411E-001
    484  2.360445402889549E-001
    485  2.358521100234262E-001
    486  2.357615184237356E-001
    487  2.355147436497735E-001
    488  2.352600165645507E-001
    489  2.350600832884317E-001
    490  2.348090120795563E-001
    491  2.342610776169637E-001
    492  2.339968355550202E-001
    493  2.310028465385514E-001
    494  2.308325586468796E-001
    495  2.298779764512873E-001
    496  2.293455014115001E-001
    497  2.287876234599250E-001
    498  2.271191072962585E-001
    499  2.267957431606915E-001
    500  2.263214636433160E-001
    501  2.255999007939429E-001
    502  2.250169989454782E-001
    503  2.227204988078851E-001
    504  2.218910762178789E-001
    505  2.207069402148941E-001
    506  2.204714752497565E-001
    507  2.200445741454300E-001
    508  2.198024070092888E-001
    509  2.195527792544360E-001
    510  2.194150699629953E-001
    511  2.192802900730855E-001
    512  2.191170615182857E-001
    513  2.190243918199992E-001
    514  2.189912062656971E-001
    515  2.189145245781322E-001
    516  2.187862064045950E-001
    517  2.186810800348417E-001
    518  2.186599548141335E-001
    519  2.186524206833166E-001
    520  2.185885330240082E-001
    521  2.183657485290443E-001
    522  2.132804268157456E-001
    523  2.128709868110213E-001
    524  2.127480765058124E-001
    525  2.123967559452857E-001
    526  2.121130943705738E-001
    527  2.117146408861465E-001
    528  2.116695553910998E-001
    529  2.115585277364496E-001
    530  2.078165819276497E-001
    531  2.067766716162759E-001
    532  2.054790818479895E-001
    533  2.023753140706724E-001
    534  2.017764491947397E-001
    535  1.508377445292431E-001
    536  1.503663603618542E-001
    537  1.454048434254382E-001
    538  9.217441023304292E-002
    539  6.337789169019842E-002
    540  6.050397100503260E-002
    541  6.033035403804526E-002
    542  6.018331379921202E-002
    543  5.934407142076429E-002
    544  5.740265854802083E-002
    545  5.713090499196047E-002
    546  5.712701888600832E-002
    547  5.687235640846638E-002
    548  5.675690026427439E-002
    549  5.631103263902143E-002
    550  5.622767610606659E-002
    551  5.614371874087816E-002
    552  5.610281961674159E-002
    553  5.596327157578694E-002
    554  5.544555000942585E-002
    555  5.535895472235298E-002
    556  5.477657735572635E-002
    557  5.474032082369082E-002
    558  5.458845871889386E-002
    559  5.455105095672681E-002
    560  5.407968545724574E-002
    561  5.401159484655914E-002
    562  5.396325948759621E-002
    563  5.388400372880726E-002
    564  5.378818132852933E-002
    565  5.368879939327289E-002
    566  5.363343748595666E-002
    567  5.347835297618250E-002
    568  5.305155021718661E-002
    569  5.302957942772013E-002
    570  5.296154206784273E-002
    571  5.275797346645662E-002
    572  5.266539957103338E-002
    573  5.263951416386959E-002
    574  5.255105392273489E-002
    575  5.246612605046758E-002
    576  5.238067238650344E-002
    577  5.236819578052156E-002
    578  5.230205451529008E-002
    579  5.228449685818476E-002
    580  5.224530799065451E-002
    581  5.222948318936798E-002
    582  5.211837516048420E-002
    583  5.205120247921998E-002
    584  5.188357076666463E-002
    585  5.183657041663864E-002
    586  5.173054121233006E-002
    587  5.170768938504045E-002
    588  5.167476910628533E-002
    589  5.160408724773219E-002
    590  5.158306661103412E-002
    591  5.149341470866252E-002
    592  5.148726551944992E-002
    593  5.139269528859784E-002
    594  5.129648206389837E-002
    595  5.122695904994685E-002
    596  5.113956910425854E-002
    597  5.113099435794200E-002
    598  5.102244643738091E-002
    599  5.098147234764534E-002
    600  5.085549751848085E-002
    601  5.085104736725157E-002
    602  5.083399782462658E-002
    603  5.081223552251860E-002
    604  5.074920266291032E-002
    605  5.066312847326725E-002
    606  5.062167350712405E-002
    607  5.061746082097684E-002
    608  5.053858488005475E-002
    609  5.050593763873755E-002
    610  5.050310375652337E-002
    611  5.049411613794481E-002
    612  5.045998631938307E-002
    613  5.038756511216562E-002
    614  5.036162693896658E-002
    615  5.033984293870040E-002
    616  5.030185596279609E-002
    617  5.027707430251646E-002
    618  5.013305897570559E-002
    619  5.010041424501543E-002
    620  5.003575006888866E-002
    621  5.001683442047954E-002
    622  4.998542689797599E-002
    623  4.994563723747705E-002
    624  4.991288684018707E-002
    625  4.986217183096193E-002
    626  4.981535392183917E-002
    627  4.979152802950748E-002
    628  4.969773636893499E-002
    629  4.963369153298911E-002
    630  4.962957865399943E-002
    631  4.961069104640783E-002
    632  4.959045557905711E-002
    633  4.958485620655573E-002
    634  4.953515099545609E-002
    635  4.949250074187244E-002
    636  4.949111547257747E-002
    637  4.944788946478967E-002
    638  4.943842408404043E-002
    639  4.941641107833343E-002
    640  4.940138222776195E-002
    641  4.938558644477588E-002
    642  4.935461109560929E-002
    643  4.932845670125008E-002
    644  4.930376490400532E-002
    645  4.929514799642707E-002
    646  4.925429754410617E-002
    647  4.923036095839237E-002
    648  4.921241844872375E-002
    649  4.917924325507533E-002
    650  4.910623570251137E-002
    651  4.909718794229121E-002
    652  4.899874162172144E-002
    653  4.898120108163653E-002
    654  4.885901111947479E-002
    655  4.881008801006824E-002
    656  4.877143467542992E-002
    657  4.872876875068008E-002
    658  4.871836773528055E-002
    659  4.865862733867381E-002
    660  4.854988082402978E-002
    661  4.853399743221382E-002
    662  4.849618598706694E-002
    663  4.833882467374321E-002
    664  4.827344424682055E-002
    665  4.822701607451553E-002
    666  4.811835659600392E-002
    667  4.793881493419489E-002
    668  4.792084630938234E-002
    669  4.783170009340044E-002
    670  4.779974280384217E-002
    671  4.762516505640588E-002
    672  4.761644052135261E-002
    673  4.753710752918099E-002
    674  4.746212303800248E-002
    675  4.741947987023844E-002
    676  4.727527691813490E-002
    677  4.711761015429512E-002
    678  4.695236617332266E-002
    679  4.681432581925002E-002
    680  4.674435297514885E-002
    681  4.669737021903814E-002
    682  4.660895720136447E-002
    683  4.660088506153110E-002
    684  4.657329875086516E-002
    685  4.655230461076808E-002
    686  4.653688763216730E-002
    687  4.651550221541814E-002
    688  4.649169785230790E-002
    689  4.644523734269330E-002
    690  4.636873548240265E-002
    691  4.631567642141823E-002
    692  4.630905957181004E-002
    693  4.628089313827908E-002
    694  4.627946084053604E-002
    695  4.625285903984742E-002
    696  4.615706311271862E-002
    697  4.614920341983484E-002
    698  4.609832540288871E-002
    699  4.606983762307264E-002
    700  4.601115537649555E-002
    701  4.594793189054065E-002
    702  4.592961387406050E-002
    703  4.585297951156495E-002
    704  4.575499129810177E-002
    705  4.564881872535846E-002
    706  4.554629436085318E-002
    707  4.543406390224271E-002
    708  4.541079998639279E-002
    709  4.536719628076604E-002
    710  4.535018543742139E-002
    711  4.525457861983490E-002
    712  4.516883200082417E-002
    713  4.513286910958768E-002
    714  4.511765366838997E-002
    715  4.508364838225490E-002
    716  4.505831514938538E-002
    717  4.498066311131418E-002
    718  4.492702708325279E-002
    719  4.491998908149857E-002
    720  4.477061631198229E-002
    721  4.471732603937141E-002
    722  4.470588840198949E-002
    723  4.467174700446211E-002
    724  4.464230162469301E-002
    725  4.462288624026609E-002
    726  4.453685785049894E-002
    727  4.446399447852956E-002
    728  4.445446738978660E-002
    729  4.443374404397813E-002
    730  4.435451259348844E-002
    731  4.433939551490812E-002
    732  4.433745751129223E-002
    733  4.428519948401306E-002
    734  4.428319687986405E-002
    735  4.425789654270255E-002
    736  4.422179775860894E-002
    737  4.421970472026825E-002
    738  4.415073397687104E-002
    739  4.414834697881503E-002
    740  4.414648057976435E-002
    741  4.413333210478158E-002
    742  4.411223052128032E-002
    743  4.408722137412683E-002
    744  4.400965945437978E-002
    745  4.398370024299013E-002
    746  4.390515459266928E-002
    747  4.389605483702276E-002
    748  4.386623061167991E-002
    749  4.381361276791639E-002
    750  4.379855372696818E-002
    751  4.375073116295771E-002
    752  4.369014706444399E-002
    753  4.361663271319176E-002
    754  4.359963156930462E-002
    755  4.359908417628065E-002
    756  4.353751133440489E-002
    757  4.348183009685595E-002
    758  4.341945542021019E-002
    759  4.334597376794037E-002
    760  4.320332562049078E-002
    761  4.315640299438022E-002
    762  4.309510061117162E-002
    763  4.283411921651207E-002
    764  4.274742704123605E-002
    765  4.265179348778704E-002
    766  4.261698826237553E-002
    767  4.243343810967411E-002
    768  4.234361776467569E-002
    769  4.222187263935719E-002
    770  4.220206282993863E-002
    771  4.209267239831759E-002
    772  4.185899048029011E-002
    773  4.166380978127688E-002
    774  4.151078800987521E-002
    775  4.125079177674621E-002
    776  4.111969822893342E-002
    777  4.110751918265929E-002
    778  4.081702671577302E-002
    779  4.079611342441205E-002
    780  4.076695120999163E-002
    781  4.058465616506523E-002
    782  4.050786081757995E-002
    783  4.049445894469293E-002
    784  4.045444092338382E-002
    785  4.040717484404988E-002
    786  4.038772682915274E-002
    787  4.034208809559453E-002
    788  4.027980856629926E-002
    789  4.023930377439166E-002
    790  4.021725665720294E-002
    791  4.018526140736049E-002
    792  4.016422498485778E-002
    793  4.012144415493024E-002
    794  4.007975539737073E-002
    795  4.006263104980308E-002
    796  3.995039792836604E-002
    797  3.985510147575194E-002
    798  3.985403503145972E-002
    799  3.980495495012953E-002
    800  3.978683324551990E-002
    801  3.971705168543360E-002
    802  3.964033575044134E-002
    803  3.953801249576502E-002
    804  3.949790545700502E-002
    805  3.936720614511181E-002
    806  3.931406860202027E-002
    807  3.929857530807285E-002
    808  3.925287494237469E-002
    809  3.904322633048025E-002
    810  3.901255818560974E-002
    811  3.894557135235691E-002
    812  3.890378179379980E-002
    813  3.882299035313440E-002
    814  3.878231116409717E-002
    815  3.875138586489656E-002
    816  3.875025583643854E-002
    817  3.864963242036384E-002
    818  3.859814308467188E-002
    819  3.855147435138937E-002
    820  3.849046057918627E-002
    821  3.848452604571190E-002
    822  3.846585175738125E-002
    823  3.845976427207481E-002
    824  3.841302591884992E-002
    825  3.837898109883663E-002
    826  3.833643247523859E-002
    827  3.829422493111394E-002
    828  3.826978272409406E-002
    829  3.823604680033742E-002
    830  3.823445310406928E-002
    831  3.818983897895763E-002
    832  3.815625548531092E-002
    833  3.812292778103391E-002
    834  3.810058731924586E-002
    835  3.808786469139479E-002
    836  3.797406324451532E-002
    837  3.797165204142543E-002
    838  3.794257099194892E-002
    839  3.790116856548036E-002
    840  3.776632806065384E-002
    841  3.772532597360667E-002
    842  3.769030956924460E-002
    843  3.761528688409791E-002
    844  3.748535042749271E-002
    845  3.743231137818659E-002
    846  3.732214714954389E-002
    847  3.731547643961226E-002
    848  3.712930838203506E-002
    849  3.701649462589927E-002
    850  3.679251900178360E-002
    851  3.674270885283625E-002
    852  3.672099442370754E-002
    853  3.665242860798847E-002
    854  3.654712785865455E-002
    855  3.639886323081286E-002
    856  3.639120245970404E-002
    857  3.633084396836141E-002
    858  3.632394134381316E-002
    859  3.631604527103418E-002
    860  3.626424979232148E-002
    861  3.626311104686990E-002
    862  3.618852400162599E-002
    863  3.614068645695168E-002
    864  3.610143279727222E-002
    865  3.609314832542641E-002
    866  3.572698666689653E-002
    867  3.565610854720593E-002
    868  3.559659241482607E-002
    869  3.544466208961086E-002
    870  3.522310702945383E-002
    871  3.511914371273710E-002
    872  3.508296587443335E-002
    873  3.504134540353424E-002
    874  3.493328951899556E-002
    875  3.492912033511137E-002
    876  3.484451687199770E-002
    877  3.481451541372591E-002
    878  3.472173927603065E-002
    879  3.471413756281165E-002
    880  3.459498602648010E-002
    881  3.437560762776262E-002
    882  3.431520379526283E-002
    883  3.429369129591105E-002
    884  3.428459315361108E-002
    885  3.419152582627382E-002
    886  3.412713131543851E-002
    887  3.404990620805003E-002
    888  3.403936895473021E-002
    889  3.347951611578523E-002
    890  3.336569844583000E-002
    891  3.335844472274931E-002
    892  3.328085776639696E-002
    893  3.301603750540672E-002
    894  3.292466230296810E-002
    895  3.244426037455084E-002
    896  3.244008629194507E-002
    897  3.232862122249311E-002
    898  3.203628051011852E-002
    899  3.190071119977993E-002
    900  3.166996426586601E-002
    901  3.111547673305517E-002
    902  3.106968575662023E-002
    903  3.085141523376221E-002
    904  3.074958602951132E-002
    905  3.052558279724554E-002
    906  3.044653290587460E-002
    907  3.036595548645384E-002
    908  3.022778004995468E-002
    909  3.019978965932022E-002
    910  3.005349931481480E-002
    911  2.999973107100672E-002
    912  2.991229696304179E-002
    913  2.982711661855074E-002
    914  2.979436500989416E-002
    915  2.976982588319589E-002
    916  2.975001277174674E-002
    917  2.968768827731341E-002
    918  2.958248278793817E-002
    919  2.950908478462339E-002
    920  2.941882637414760E-002
    921  2.936629226634362E-002
    922  2.928744288103570E-002
    923  2.928163176189675E-002
    924  2.925630015514964E-002
    925  2.914670845042314E-002
    926  2.906329614985180E-002
    927  2.896406500712322E-002
    928  2.891056340265859E-002
    929  2.886331573041224E-002
    930  2.884447620070130E-002
    931  2.882747767153941E-002
    932  2.881609327000759E-002
    933  2.880970629776834E-002
    934  2.872164850874798E-002
    935  2.868425938613905E-002
    936  2.856142654588032E-002
    937  2.856043196031710E-002
    938  2.853806719460934E-002
    939  2.849336869272969E-002
    940  2.847160275519245E-002
    941  2.845628999449454E-002
    942  2.840235159365287E-002
    943  2.837288730839445E-002
    944  2.837217879555566E-002
    945  2.831643241028755E-002
    946  2.829550853502828E-002
    947  2.822821544984846E-002
    948  2.818711354887445E-002
    949  2.816244137758337E-002
    950  2.811991015384987E-002
    951  2.805744058136091E-002
    952  2.805394634943235E-002
    953  2.800008555879761E-002
    954  2.799905858152434E-002
    955  2.798333040331058E-002
    956  2.798068703541086E-002
    957  2.796866903492709E-002
    958  2.796045495198111E-002
    959  2.793483934835908E-002
    960  2.792945593308526E-002
    961  2.792013849682762E-002
    962  2.789075382562045E-002
    963  2.786934502803142E-002
    964  2.784079119950009E-002
    965  2.773867789979692E-002
    966  2.765585668724339E-002
    967  2.760718941117520E-002
    968  2.759420200990676E-002
    969  2.756721591397909E-002
    970  2.755070463559345E-002
    971  2.749739095580997E-002
    972  2.746727686526073E-002
    973  2.740298830793050E-002
    974  2.739598355478442E-002
    975  2.738907333922250E-002
    976  2.732704994880551E-002
    977  2.731262392512666E-002
    978  2.728766483432674E-002
    979  2.726339324193830E-002
    980  2.724376423397631E-002
    981  2.721517174143894E-002
    982  2.717251440589088E-002
    983  2.713576536571174E-002
    984  2.712974962756376E-002
    985  2.707673476465333E-002
    986  2.705140268028423E-002
    987  2.701711554602650E-002
    988  2.701622927026229E-002
    989  2.688977966113760E-002
    990  2.685928749204999E-002
    991  2.677732905097996E-002
    992  2.671103616846010E-002
    993  2.667487013620915E-002
    994  2.665583890202076E-002
    995  2.660435729145564E-002
    996  2.659019044041373E-002
    997  2.657400393010117E-002
    998  2.655191401003602E-002
    999  2.654428850673976E-002
   1000  2.654166122865845E-002
   1001  2.650094921898974E-002
   1002  2.649726539391734E-002
   1003  2.643343105116183E-002
   1004  2.643065215583237E-002
   1005  2.642050756899686E-002
   1006  2.638154651683973E-002
   1007  2.634372477817725E-002
   1008  2.633743938657012E-002
   1009  2.629534732985957E-002
   1010  2.625435508032110E-002
   1011  2.622106432521510E-002
   1012  2.620066428681106E-002
   1013  2.617572190326988E-002
   1014  2.614642763966621E-002
   1015  2.613785495532377E-002
   1016  2.613102299479751E-002
   1017  2.611324965192230E-002
   1018  2.608274677844814E-002
   1019  2.605040608236577E-002
   1020  2.601709385482015E-002
   1021  2.598081143475098E-002
   1022  2.592203856510224E-002
   1023  2.589686145371175E-002
   1024  2.585471016012718E-002
   1025  2.582863367724566E-002
   1026  2.581634199678610E-002
   1027  2.578467963151381E-002
   1028  2.571009006363876E-002
   1029  2.569755236565938E-002
   1030  2.561707414614777E-002
   1031  2.560625733089497E-002
   1032  2.557338406466961E-002
   1033  2.552546602296387E-002
   1034  2.552148370523520E-002
   1035  2.551805471685856E-002
   1036  2.547827661738057E-002
   1037  2.543407500129059E-002
   1038  2.536190427224684E-002
   1039  2.531547070811844E-002
   1040  2.527645693624514E-002
   1041  2.525613118264109E-002
   1042  2.515931005035181E-002
   1043  2.514171048274656E-002
   1044  2.509441084563547E-002
   1045  2.499265934992693E-002
   1046  2.495707574957652E-002
   1047  2.481796071200842E-002
   1048  2.477530784290434E-002
   1049  2.472659304037406E-002
   1050  2.467561262675939E-002
   1051  2.442890136699869E-002
   1052  2.437851303615030E-002
   1053  2.430137358037995E-002
   1054  2.429378067206001E-002
   1055  2.427883781806146E-002
   1056  2.424342440542408E-002
   1057  2.423925156385179E-002
   1058  2.413496494658675E-002
   1059  2.406763121948459E-002
   1060  2.400014098041833E-002
   1061  2.386861297348009E-002
   1062  2.384820802368007E-002
   1063  2.384320606900637E-002
   1064  2.380397150777172E-002
   1065  2.368082172027188E-002
   1066  2.365685029030761E-002
   1067  2.362060500902954E-002
   1068  2.360247389252914E-002
   1069  2.324810809992117E-002
   1070  2.303968254917724E-002
   1071  2.286457872127614E-002
   1072  2.279347750003629E-002
   1073  2.270388176458013E-002
   1074  2.256174583146453E-002
   1075  5.537000313985068E-003
   1076  5.437757402070984E-003
   1077  2.820282210983336E-008
