# dt =   1.000000000000000E-003
# j, New nj, Rate of change (1/s)
      1  2.563779097195522E+002  1.484519921001614E+004
      2  2.411814536237628E+003  1.525813045091956E+005
      3  1.162700544088016E+002  6.185210952259895E+003
      4  4.485161072367146E+002  2.574009524941289E+004
      5  8.030913930587176E+002  4.114035054741963E+004
      6  1.009282397754472E+002  5.172307411563557E+003
      7  7.637944498116915E+003  3.931496801621538E+005
      8  3.799875515850964E+003  1.958412355912315E+005
      9  9.070133981344296E+002  5.633721731843238E+004
     10  5.781950443364628E+002  3.154050049186044E+004
     11  3.963133519921188E+002  2.040103676499454E+004
     12  3.235426655183683E+002  1.802639309090600E+004
     13  2.337704505364018E+001  1.138049905594255E+003
     14  6.447509729890131E+002  3.492784216511687E+004
     15  2.387284793297665E+001  1.150607291728508E+003
     16  2.884686301352455E+003  1.603701811800437E+005
     17  4.835140505858403E+002  2.623273849917323E+004
     18  1.321386460852893E+003  6.799068100283471E+004
     19  1.649693646083522E+001  7.814074238089720E+002
     20  3.983643967716445E+002  2.027152025915847E+004
     21  1.102022133949449E+002  5.339573560656731E+003
     22  1.896408730883623E+002  1.089829812668926E+004
     23  4.083971374010183E+003  2.099811540523385E+005
     24  3.076984964531177E+003  1.578296665672472E+005
     25  1.514386186964932E+001  7.150735596850437E+002
     26  2.322051767009562E+002  1.258702801279696E+004
     27  4.520645816881781E+003  2.704338465324286E+005
     28  1.317144828062391E+002  7.096585600822818E+003
     29  1.894282801077652E+003  1.075112485577497E+005
     30  5.361900759099107E+001  2.648662897912336E+003
     31  7.515957715512407E+002  3.900482818880867E+004
     32  7.957733880640848E+002  4.404010439722127E+004
     33  2.011103450218938E+002  1.099370717523406E+004
     34  9.302948666898939E+001  4.703368262033230E+003
     35  9.284937675981091E+002  5.473923053695555E+004
     36  2.182791220891343E+002  1.094237123854826E+004
     37  5.221046287355316E+002  3.042003193861834E+004
     38  3.072450360652515E+003  1.594155324279477E+005
     39  4.241357357200657E+002  2.469067271531019E+004
     40  6.045919255230534E+002  3.585904707107112E+004
     41  3.769268496371238E+002  2.272173846646222E+004
     42  2.148640723325293E+002  1.249229421189542E+004
     43  1.472016039634866E+002  7.681235958751390E+003
     44  4.988790031449344E+002  3.014012908887807E+004
     45  2.635663247737101E+002  1.534324799736534E+004
     46  1.596138611334347E+002  8.276868110266038E+003
     47  2.541030554888638E+000  8.494408781003104E+001
     48  1.645581758881481E+002  9.190437300987845E+003
     49  4.840545747724244E+001  2.671278302002686E+003
     50  6.122297532007778E+001  3.408264126234239E+003
     51  6.554852085042613E+002  4.106431409513851E+004
     52  1.280657553840856E+002  7.478303628110068E+003
     53  1.035090710670066E+002  5.707543673775374E+003
     54  3.408133798431315E+002  2.038432246794633E+004
     55  5.665787220581290E+002  3.353147527843766E+004
     56  3.068382280490217E+000  1.148658586186443E+002
     57  4.833187436632575E+002  2.878820391807833E+004
     58  1.078859972702051E+003  5.544311454687166E+004
     59  1.187237685790901E+001  6.313054721137019E+002
     60  1.451878055988632E+003  8.533156550527988E+004
     61  2.815874042659476E+001  1.368467466739066E+003
     62  8.535938651287034E+001  4.496221314910379E+003
     63  8.057550225056457E+001  4.339262863285100E+003
     64  1.743005671499098E+003  9.059495925549447E+004
     65  6.369286636429529E+003  3.860475998417603E+005
     66  2.636793078088996E+002  1.355630780421251E+004
     67  1.040694750824256E+003  6.085491117981810E+004
     68  6.528014794052810E+001  3.335002876612181E+003
     69  2.428447040940944E+002  1.403556892057712E+004
     70  1.517530758719325E+003  9.135833166994735E+004
     71  1.654726359496942E+003  1.004139692313682E+005
     72  2.520238022278874E+001  1.195677515979500E+003
     73  4.009984660099720E+002  2.327457945701093E+004
     74  1.922786227754185E+002  1.007013108361777E+004
     75  3.993784065018053E+001  1.981934834604675E+003
     76  3.294842278750034E+001  1.651876806331086E+003
     77  5.608073502946577E+001  2.986807869254371E+003
     78  7.607410689156306E+001  4.006722328289934E+003
     79  3.730246799282169E+002  2.198580726863017E+004
     80  1.098336952818347E+003  6.520367738459942E+004
     81  1.127395811792817E+002  6.566881213543801E+003
     82  1.718292725301077E+002  1.027937842365081E+004
     83  5.688256545209710E+001  3.318485909151893E+003
     84  4.274189627257087E+001  2.220269632239548E+003
     85  4.018330501838140E+002  2.027204844332898E+004
     86  1.556873175137775E+003  9.228606473010786E+004
     87  1.483761519430317E+001  8.210265562387855E+002
     88  2.227452004009214E+001  1.134574727851654E+003
     89  2.052231539305202E+002  1.114673485931261E+004
     90  2.246175961780996E+003  1.322808579929603E+005
     91  9.896764340179276E+002  5.894570869295942E+004
     92  4.032138725314379E+002  2.269713350524902E+004
     93  8.581715929969620E+001  5.009379950922164E+003
     94  4.084747153854180E+002  2.391633969891459E+004
     95  2.899729565150680E+002  1.487795125115641E+004
     96  8.979632714077339E+001  4.650636734903622E+003
     97  3.278140948730491E+002  1.917804938298174E+004
     98  3.579730746385517E+002  2.167935781757351E+004
     99  2.694393565940258E+001  1.527718931205459E+003
    100  9.979632981948663E+002  6.162574648009724E+004
    101  1.456537552252085E+002  7.662997052401163E+003
    102  3.797265588105444E+002  2.257836267513705E+004
    103  2.625752968700152E+003  1.596403488749238E+005
    104  5.238288078055213E+001  2.656284416416569E+003
    105  4.050989697182696E+002  2.564970949224006E+004
    106  1.471823691612052E+002  7.707373507757944E+003
    107  2.964899307306874E+001  1.475010293719019E+003
    108  3.619775830788964E+002  2.136131496709881E+004
    109  9.038022582429902E+001  4.726828063571142E+003
    110  3.816066262438470E+002  2.291340423118379E+004
    111  6.018783318241351E+001  3.262472828222631E+003
    112  9.760688371452824E+001  5.777309972245192E+003
    113  1.024832418127302E+002  6.146686550580995E+003
    114  1.664645842377589E+003  8.499312654855225E+004
    115  4.324581742382152E+002  2.558127779608686E+004
    116  8.343397856272102E+001  4.416289825764235E+003
    117  2.949826056706645E+002  1.626609353130569E+004
    118  4.518332776582938E+001  2.346916485095071E+003
    119  1.741145989939256E+002  9.360527781428891E+003
    120  3.318670041983110E+002  1.933873717383906E+004
    121  7.958233450167367E+001  4.051822207436011E+003
    122  8.255403232711682E+000  3.914216180319486E+002
    123  2.489957314163353E+001  1.287057787622202E+003
    124  2.101848711496733E+000  6.613270106441276E+001
    125  1.839154672405092E+002  1.061400836051881E+004
    126  1.450563546030499E+002  8.513884620260611E+003
    127  4.041798529239383E+001  2.300546270928179E+003
    128  1.556161154133447E+002  9.509935210424022E+003
    129  6.999060267702045E+000  3.132584751561766E+002
    130  6.448400835241483E+001  3.550768994314490E+003
    131  1.616697855580085E+002  8.297549463937081E+003
    132  6.880785530031342E+001  3.615605109303543E+003
    133  1.357363425444503E+002  6.910628173488823E+003
    134  1.246014672772727E+002  6.236404130603853E+003
    135  1.420802056635684E+002  8.206737284709612E+003
    136  1.193590509756911E+002  7.113742649018779E+003
    137  1.299919762503138E+002  6.762856743391792E+003
    138  1.269940969577168E+002  6.795700245700850E+003
    139  1.266371118978095E+002  7.628105254699786E+003
    140  8.271365599982475E+001  4.938938265043794E+003
    141  6.251354417264012E+001  3.266528553296623E+003
    142  4.792818425653497E+002  2.470890437081438E+004
    143  1.700906402729383E+002  8.953968372749603E+003
    144  2.549285710028195E+002  1.442218505295193E+004
    145  4.749184126012746E+001  2.720484420852013E+003
    146  1.883335792824648E+000  5.380107584642523E+001
    147  2.387221365572591E+001  1.169574758143174E+003
    148  1.729712939536813E+002  9.879811822851998E+003
    149  2.759061100801271E+002  1.583626162521447E+004
    150  6.549192880130934E+001  3.256739767823117E+003
    151  1.005055655607155E+003  6.179753880606341E+004
    152  4.710596502150954E+002  2.793986150114783E+004
    153  1.200017083811119E+002  6.092232923447004E+003
    154  3.046452662922673E+003  1.797262018596750E+005
    155  2.222436941321528E+002  1.271051612065597E+004
    156  1.052602670299182E+002  5.375427967996745E+003
    157  1.867518376782255E+002  1.070036480840525E+004
    158  1.617805124330914E+002  8.338406829965776E+003
    159  2.292562223097479E+001  1.284960939993481E+003
    160  2.861257420546602E+002  1.559292324341655E+004
    161  2.357540382663541E+002  1.206718322327603E+004
    162  1.550887876144959E+001  7.375110695453010E+002
    163  1.389187210875060E+003  8.335930076162606E+004
    164  1.497883459853786E+003  8.688560782622545E+004
    165  1.307451233787352E+003  7.732713918243152E+004
    166  2.062916603846836E+002  1.228114343999788E+004
    167  3.728944867159800E+001  1.910982869888402E+003
    168  7.314247928189620E+001  3.708467779922265E+003
    169  1.189608151366798E+002  6.255533284471603E+003
    170  1.718352373216254E+001  8.753636937393644E+002
    171  2.219944109731368E+001  1.135644607016008E+003
    172  1.135175147741753E+002  6.760768486906895E+003
    173  8.654167418237397E+001  4.976078839174151E+003
    174  8.651126906971410E+001  4.454345835247744E+003
    175  7.633053938051666E+000  4.080680463768561E+002
    176  3.409595408142751E+001  1.718757037389040E+003
    177  2.283403802743096E+002  1.390479718345347E+004
    178  1.132829831827448E+000  1.884515790018475E+001
    179  1.002166757666754E+001  4.726817245180777E+002
    180  1.235093738854550E+002  6.698261512503507E+003
    181  1.266029640319212E+001  6.633769210363881E+002
    182  7.303982282670762E+002  4.514429968360469E+004
    183  2.126320313931160E+002  1.111621059695437E+004
    184  1.230467834819833E+002  6.196920059725174E+003
    185  4.834631932739703E+002  2.868626232437520E+004
    186  4.047193136704626E+002  2.467620023924443E+004
    187  2.863882232102798E+001  1.430065582898389E+003
    188  3.253680543721491E+002  1.817017193060575E+004
    189  3.721314155889044E+001  1.934271217396941E+003
    190  1.750851051083176E+002  1.008262245009230E+004
    191  6.986020448783917E+001  3.613062463797480E+003
    192  1.358356902752548E+002  7.640554884502603E+003
    193  2.889429930173931E+002  1.705423871408939E+004
    194  5.285497171944863E+001  3.108635848165734E+003
    195  1.730286694814619E+002  9.528991687406919E+003
    196  1.139910973030826E+002  5.864803337914476E+003
    197  2.270783328014298E+002  1.290486830259435E+004
    198  2.736038012222852E+002  1.575763126172070E+004
    199  5.168506249443966E+002  2.687859454481720E+004
    200  7.241496737415541E+000  3.336939187505694E+002
    201  5.234457736477685E+001  2.851503842871544E+003
    202  1.468731135292662E+002  7.659774053785991E+003
    203  3.434075682588997E+001  2.071787354587871E+003
    204  8.929922417811459E+001  5.380858360030342E+003
    205  2.333804921671774E+002  1.207742864585218E+004
    206  1.086680430541264E+002  6.157242815703558E+003
    207  3.081922275211522E+002  1.617557252413936E+004
    208  6.952045542212731E+001  3.455489959850782E+003
    209  1.848186613170882E+002  1.009424025506203E+004
    210  1.582764147697551E+002  9.691787328828435E+003
    211  1.345353957164635E+002  7.753276174154355E+003
    212  1.764111062215559E+002  8.994265743203019E+003
    213  5.758760040965637E+001  3.481998098554760E+003
    214  4.923750286678037E+001  2.475162705630981E+003
    215  8.671965612268153E+001  4.358150132326066E+003
    216  1.352104200336909E+001  6.738062938738630E+002
    217  1.716395714286240E+002  9.369754577440643E+003
    218  9.783547124895225E+001  4.935238232319356E+003
    219  6.217775595579977E+001  3.066699313470986E+003
    220  9.946624403313280E+000  4.852305535367677E+002
    221  1.463320722759292E+002  7.568072495291122E+003
    222  1.178037521661191E+002  6.615855646839467E+003
    223  1.170565289177268E+002  6.882914453236382E+003
    224  5.129484325416077E+000  2.292061841838464E+002
    225  5.579472926602968E+000  2.555248815746199E+002
    226  7.873566236732732E+001  4.367853714472350E+003
    227  5.921769470274384E+000  2.706627867858355E+002
    228  2.860170777433302E+000  1.176101548969514E+002
    229  4.677710348778000E+002  2.397203860734215E+004
    230  2.862819097805086E+002  1.620583514620265E+004
    231  7.310487461057885E+001  3.621153348343032E+003
    232  8.649983005087058E+002  5.354243999616781E+004
    233  1.609491758768468E+002  9.243173347973177E+003
    234  2.512990366730214E+001  1.259629898717910E+003
    235  3.800051997564402E+000  1.764845718389158E+002
    236  2.648892932974479E+002  1.490943680329012E+004
    237  6.403367705372257E+001  3.302905736997557E+003
    238  8.765895960095902E+001  5.161537170935627E+003
    239  1.018336434548486E+002  5.412650244071688E+003
    240  1.066724517801282E+002  6.376557115512107E+003
    241  1.780296086170092E+002  1.001457187550364E+004
    242  2.912361842331471E+001  1.464179711818892E+003
    243  9.951717071133569E+000  5.112845017167177E+002
    244  8.139852651691909E+001  4.628564180171733E+003
    245  2.556279838857722E+002  1.423050248446533E+004
    246  1.147872111791286E+002  6.008110314952683E+003
    247  6.791610747974551E+001  4.044373747105008E+003
    248  1.140286129994306E+003  6.461333758043923E+004
    249  3.339702927518562E+002  1.832083169675067E+004
    250  1.330553838167585E+001  6.336931077159899E+002
    251  1.456414807277105E+002  7.373277572929791E+003
    252  3.490464857634689E+000  1.520274614879735E+002
    253  5.738800644134075E+002  3.327351106765401E+004
    254  1.340352371489959E+002  7.601214127029348E+003
    255  4.005152292006555E+002  2.053667557068330E+004
    256  7.878277524607539E+001  4.686613053744542E+003
    257  2.137154722587648E+001  1.083204603559674E+003
    258  5.405928942722077E+002  3.073578335425197E+004
    259  1.441275847582349E+002  8.786352994699668E+003
    260  1.811512962817002E+001  8.808525813616155E+002
    261  4.136055030051546E+001  2.169707013699245E+003
    262  9.570148049871294E+001  5.755371040547968E+003
    263  1.778052550528457E+000  6.778916156757317E+001
    264  2.014998159033997E+002  1.175024441483981E+004
    265  6.889277221001531E+000  3.525825547648063E+002
    266  4.947574989180114E+001  2.752756668014018E+003
    267  2.294921705087818E+001  1.193970651449151E+003
    268  6.376358922136660E+000  2.987093841178464E+002
    269  1.896704700839722E+001  9.913274405480233E+002
    270  5.042550426138054E+001  2.851427089008679E+003
    271  1.183321847062280E+001  6.159520721673646E+002
    272  2.171359633887770E+002  1.293648784149021E+004
    273  8.626782326443831E+001  4.961850241656994E+003
    274  1.962959280077740E+002  1.174024549280094E+004
    275  7.789598969872891E+001  3.856751999733882E+003
    276  3.295171498064952E+001  1.943438819731602E+003
    277  1.030432932928646E+001  5.320281342412571E+002
    278  2.618566927949592E+001  1.472104484761467E+003
    279  2.535281988678923E+002  1.445346276038934E+004
    280  1.646999313197144E+002  1.026631526204896E+004
    281  1.200243444212201E+002  6.654572632097766E+003
    282  1.812384641734166E+002  9.322794961336376E+003
    283  1.005880111997203E+002  5.721910588767936E+003
    284  6.318690809222756E+000  3.063166816322964E+002
    285  1.510008785131498E+002  8.397097613296852E+003
    286  3.722276669567675E+000  1.819323102270617E+002
    287  2.413995584226813E+001  1.352397395938842E+003
    288  1.443098092283560E+002  7.891644581814806E+003
    289  2.116360059016648E+002  1.153562573364159E+004
    290  1.124202387559184E+003  6.355022020624481E+004
    291  1.972993397504283E+003  1.142258445772531E+005
    292  2.759210494631192E+002  1.420092476750461E+004
    293  1.260319628430808E+003  7.711083120406709E+004
    294  4.367318403402891E+002  2.467595092176420E+004
    295  2.397741563941231E+002  1.182238475000320E+004
    296  3.985867099335278E+002  2.137161677959245E+004
    297  5.709398853686262E+002  3.026088169039342E+004
    298  3.866498719319079E+003  2.260239139098752E+005
    299  7.955480390974625E+002  4.441401371870413E+004
    300  2.997364308525264E+003  1.602096344663380E+005
    301  1.201714497952837E+003  6.194689835530877E+004
    302  8.619795269459612E+002  4.465712879422260E+004
    303  7.157901833877094E+002  3.975975304719649E+004
    304  5.133358286201387E+001  2.594954969470139E+003
    305  3.004127148337714E+001  1.539604753448652E+003
    306  3.675511262753424E+002  1.958251717806905E+004
    307  3.038218360522940E+001  1.517195109911680E+003
    308  1.232080326012817E+003  6.704389915695826E+004
    309  7.797455840315394E+001  3.974339585906730E+003
    310  2.732690594683823E+002  1.532359881886457E+004
    311  9.671626741233176E+001  5.188959212637614E+003
    312  1.284830135949519E+002  6.669432121175149E+003
    313  1.853399104780009E+001  9.050114996312282E+002
    314  3.585238202934080E+001  1.797938418371130E+003
    315  7.133079416973619E+000  3.604527513663886E+002
    316  7.426115446753487E+001  3.863169271011009E+003
    317  3.560924136125997E+001  1.810055840392202E+003
    318  2.553915887842988E+002  1.464297081426316E+004
    319  8.082521105380377E+001  4.598486373989387E+003
    320  1.271913757796600E+002  6.516689873887649E+003
    321  7.465869333981520E+001  4.170198461494109E+003
    322  2.046762827961971E+001  1.112701327197838E+003
    323  2.017330602988298E+001  1.001526534083808E+003
    324  5.444908218344658E+001  2.752880717183798E+003
    325  1.003915401424541E+002  5.245519621418101E+003
    326  3.034959865581892E+002  1.660794421953530E+004
    327  8.421237645632033E+001  4.349939329432440E+003
    328  6.517423334608769E+000  3.078383493545957E+002
    329  3.327986782924364E+002  1.914832803454282E+004
    330  5.788982877126396E+002  2.974763302820096E+004
    331  1.467355203461578E+002  7.551132978336550E+003
    332  1.586073018638816E+002  8.351450352914062E+003
    333  1.501621299713399E+002  8.924596932506420E+003
    334  3.308415084634314E+001  1.657203471938620E+003
    335  4.266463592011946E+002  2.315452230397948E+004
    336  6.835949582055983E+001  3.510665478031962E+003
    337  1.943892943645793E+001  9.816347877716840E+002
    338  7.190915185328848E+001  3.701158400096501E+003
    339  1.995415262952037E+001  1.005762941032242E+003
    340  1.173309561752207E+002  7.117137681104165E+003
    341  2.525445799104343E+002  1.421727415090203E+004
    342  5.392184560395981E+000  2.620205501607381E+002
    343  1.396894248658513E+002  8.200763169101456E+003
    344  4.782166909849546E+002  2.664414872960664E+004
    345  1.888609844819791E+001  1.125611322900204E+003
    346  8.493997932087534E+002  5.173100534526715E+004
    347  3.543498646761074E+002  1.822103213494907E+004
    348  2.082222722700155E+002  1.073024128510937E+004
    349  4.534571350777578E+001  2.553966457755920E+003
    350  4.942004922780130E+000  2.425170498654439E+002
    351  4.116674228268320E+001  2.364150846673561E+003
    352  9.156442378979085E+001  4.717212937332069E+003
    353  1.286930392112987E+001  6.811610867486148E+002
    354  7.445902347296544E+000  3.625022967300106E+002
    355  6.356346992204079E+001  3.686547121179021E+003
    356  2.945717946456291E+002  1.664056963546680E+004
    357  9.208854928944513E+001  4.753296345482455E+003
    358  1.239835799966505E+003  6.718709363543677E+004
    359  1.161969810966077E+002  6.831232911258322E+003
    360  3.932341391364885E+001  2.135999260204532E+003
    361  2.431517242944194E+001  1.243335425188588E+003
    362  3.326650330612110E+000  1.460885430960440E+002
    363  1.010018451639375E+000  2.973591832300170E+001
    364  5.112846269617528E+001  2.844747081924822E+003
    365  4.213316033381239E+001  2.477140466097448E+003
    366  6.933578982380111E+000  3.398362260332401E+002
    367  6.619051690719037E+001  3.899639625249893E+003
    368  5.409497958347996E+000  2.500829403446395E+002
    369  3.050916235188190E+001  1.866978128905929E+003
    370  9.895578760085888E+000  4.850014147541530E+002
    371  3.759309385723745E+000  1.719318577212436E+002
    372  4.972287732634015E+001  2.659110558135877E+003
    373  3.150403037252797E+000  1.513653141701184E+002
    374  1.903600007592281E+002  1.096795153759593E+004
    375  1.584243268818975E+001  8.720917569129371E+002
    376  1.788302307626297E+002  1.088871012160631E+004
    377  3.599288275399206E+001  1.955501142995102E+003
    378  4.065174260240869E+002  2.232883511506881E+004
    379  3.199540281022603E+002  1.662301565501518E+004
    380  2.865117574469013E+002  1.548340629809626E+004
    381  3.880875161677353E+002  2.193780062648580E+004
    382  5.923244208397902E+001  3.032030603772122E+003
    383  3.131867071855092E+002  1.734372581106884E+004
    384  5.923361985389799E+003  3.334767893938762E+005
    385  2.155268787627572E+002  1.118765199233299E+004
    386  1.098439121564670E+003  6.319582817535166E+004
    387  7.471368395148797E+002  3.931222253502596E+004
    388  9.679624364523060E-001  3.239606776992969E+001
    389  6.669152106127676E+001  3.396150451278534E+003
    390  4.189685400843840E+003  2.317396511070201E+005
    391  8.738526524023653E+002  4.582206315556908E+004
    392  3.286708097510784E+003  1.759844711440330E+005
    393  1.780581083610950E+003  1.102702998059832E+005
    394  6.228987545593773E+001  3.214978337273180E+003
    395  5.429268674532124E+002  3.257195172695896E+004
    396  3.577520769148362E+002  2.012368402144451E+004
    397  9.228717143958667E+001  5.323708112821897E+003
    398  7.041497832335396E+001  4.176726934862952E+003
    399  1.729277506649379E+002  9.959749132923289E+003
    400  2.738689430668410E+002  1.619591879396575E+004
    401  8.643402183712894E+001  4.407948052215918E+003
    402  9.977029743483882E+002  5.601553004357801E+004
    403  2.500966343220904E+002  1.300820481219506E+004
    404  1.538806949886128E+002  8.307443764398520E+003
    405  5.054787008362431E+002  2.716445727871783E+004
    406  9.150634515483961E-001  3.346762687366057E+001
    407  7.170928471013517E+002  4.351975185117719E+004
    408  3.623968695418739E+000  1.891021503931129E+002
    409  1.386915494039725E+002  7.801791274532147E+003
    410  1.558872031236769E+001  8.218646289789563E+002
    411  1.688913958167513E+002  9.621717061479138E+003
    412  1.760885326574270E+000  8.103111043586534E+001
    413  2.579172104908533E+002  1.401964959743709E+004
    414  1.566883006919617E+001  8.404771166176738E+002
    415  2.833991372950750E+002  1.602849571129298E+004
    416  1.294416290004525E+001  7.183741883544045E+002
    417  1.256933918911116E+002  6.568836220311906E+003
    418  6.619841431707139E+003  3.382019663916496E+005
    419  1.203756146383806E+003  7.249479333859110E+004
    420  2.067120591485610E+001  1.098650080232731E+003
    421  2.211316709630219E+002  1.253003509504189E+004
    422  1.046760331641881E+003  5.243755297765883E+004
    423  5.521279241302302E+002  3.175993616470905E+004
    424  3.352075451773985E+000  1.580850911049598E+002
    425  8.260062128417230E+002  4.472025642015785E+004
    426  2.263623494568005E+002  1.274305600466012E+004
    427  1.136417156341189E+003  6.099018218019841E+004
    428  2.684588111231449E+000  1.257685373747726E+002
    429  8.204824733512243E+000  4.189580406036918E+002
    430  6.049444579569591E+002  3.329519065557178E+004
    431  2.351583262791173E+002  1.291875266403139E+004
    432  3.260740689110006E+001  1.799061586059301E+003
    433  1.251212780440499E+002  7.042048582742608E+003
    434  4.833147494648755E+002  2.668194090762538E+004
    435  1.145101145433853E+001  5.876967364775857E+002
    436  2.010562592185143E+003  1.130628494972210E+005
    437  8.362364815345224E+000  4.389895034837857E+002
    438  8.817291903732605E+002  5.068109480163114E+004
    439  1.599142457757641E+000  7.064459870490352E+001
    440  2.595582901283680E+002  1.516546520704862E+004
    441  1.057534707307802E+001  5.194046152566208E+002
    442  7.617556360853662E+001  4.518693266560773E+003
    443  6.793293495104256E-001  2.178092757231481E+001
    444  4.183415526138685E+001  2.132681220197618E+003
    445  2.277678094149151E+002  1.332719760567101E+004
    446  2.437613022745383E+002  1.401697946609641E+004
    447  4.754700804661709E+000  2.355981480295141E+002
    448  2.268775090361168E+002  1.204384165571573E+004
    449  6.080068868434610E+001  3.211157384743487E+003
    450  5.596874156376025E+002  3.268098234209810E+004
    451  4.341399431995327E+001  2.354737277215857E+003
    452  1.673769030943283E+003  9.345161960404784E+004
    453  7.660004474768116E+002  4.519621519787796E+004
    454  1.967844510113940E+003  1.193342892125306E+005
    455  1.198117995422695E+002  6.729719114510329E+003
    456  8.590357382988652E+002  5.090232767373461E+004
    457  6.987000149711276E+000  3.433532079017802E+002
    458  7.045917370620235E+002  4.077457293465476E+004
    459  2.627263762087844E+002  1.398842280056775E+004
    460  3.744210878551331E+002  2.265640883475271E+004
    461  4.788990966169576E+000  2.349119574153309E+002
    462  4.330473748737228E+002  2.507872071612591E+004
    463  1.005969244177352E+001  4.965217518534812E+002
    464  4.135673008689323E+002  2.333659542904828E+004
    465  9.803295381936874E+000  4.886830669019982E+002
    466  4.903735199622090E+002  2.773012708806474E+004
    467  9.859677219383580E+001  5.448392594452199E+003
    468  2.225312878809580E+002  1.221001729854230E+004
    469  5.987696454267084E+000  2.867691207038758E+002
    470  1.356826024947158E+001  6.807771685952506E+002
    471  9.696225502891402E+000  4.869700293244126E+002
    472  2.879694295970892E+002  1.750701422143406E+004
    473  2.465520999888521E+001  1.366073090001533E+003
    474  9.956902795636599E+002  6.160299862218016E+004
    475  3.279906809958339E+002  1.744779879077772E+004
    476  8.991491803374707E+000  4.639234774277188E+002
    477  2.353577539365845E+002  1.409772620524798E+004
    478  1.875066101368598E+002  1.003047342804339E+004
    479  4.227755758178058E+002  2.611210094956497E+004
    480  9.239070416524417E+001  5.192258898941311E+003
    481  1.688965406638819E+001  8.186981747768768E+002
    482  1.791327818807286E+002  1.039216830454031E+004
    483  1.429320130634634E+002  8.173488231635359E+003
    484  1.273370796413672E+001  6.771907991534262E+002
    485  4.972065654994233E+002  2.892233284938681E+004
    486  4.143537823959458E+001  2.044237586724867E+003
    487  2.952959958051338E+002  1.760598828099782E+004
    488  4.495315168824355E+000  2.096596043847594E+002
    489  1.671911396943310E+002  1.028218879283504E+004
    490  2.049475794249870E+000  9.714595928649483E+001
    491  3.782419085722356E+002  1.986727228268535E+004
    492  1.988541372510883E+002  1.155482714271078E+004
    493  7.239090332428097E+001  3.739637484326446E+003
    494  1.177804407045265E+002  6.787856773891257E+003
    495  1.303963240047556E+002  7.859864684905824E+003
    496  2.364227157334400E+000  1.158869002867988E+002
    497  1.958842299463587E+002  1.131099671560711E+004
    498  1.194569282800752E+002  6.909852785527809E+003
    499  4.931868480393163E-001  1.285756054590395E+001
    500  1.065568934298093E+002  6.226488174805970E+003
    501  5.302693784393359E-001  1.533779252997130E+001
    502  2.882816147953368E+001  1.479374421383061E+003
    503  2.936360285382030E+002  1.819979836099435E+004
    504  2.783829179574967E+002  1.635852898305411E+004
    505  3.038762801706775E+002  1.774744967216345E+004
    506  2.653504592169975E+000  1.226847406436149E+002
    507  3.508482709753669E+002  2.031010026130354E+004
    508  5.498624038412153E+000  2.881529003582762E+002
    509  3.860691738118964E+000  2.051450229495186E+002
    510  2.593499528595331E+002  1.570050135821766E+004
    511  1.429567745067680E+001  7.905502954878735E+002
    512  2.814785307267616E+002  1.770089770126951E+004
    513  1.559434366440114E+001  8.534497113346719E+002
    514  9.624573251692803E+001  5.674142836698786E+003
    515  3.131839274824285E+001  1.703442476545076E+003
    516  5.157137329116504E+001  2.901129933623088E+003
    517  7.805370415572780E+001  4.670301081308699E+003
    518  2.488783527991749E+002  1.534844601992095E+004
    519  2.033249589514652E+002  1.232796582303732E+004
    520  2.795558904009622E+000  1.489733628219937E+002
    521  2.824572133504138E+001  1.426268533434263E+003
    522  9.245169747521301E+000  4.934126526174488E+002
    523  5.643608766248895E+001  3.345300810866351E+003
    524  3.721611848379823E+002  2.370697247410963E+004
    525  6.261747890269440E+001  3.296157805443199E+003
    526  1.673517846621906E+001  8.665321150682453E+002
    527  1.206256800559708E+002  7.671157448507703E+003
    528  2.479727073490157E+001  1.281811522472237E+003
    529  1.290854322255548E+001  6.566425739488865E+002
    530  4.961699730463847E+002  2.703417690098204E+004
    531  4.887250462922263E+002  2.610260838619361E+004
    532  6.476960051835839E+001  3.418016877112189E+003
    533  1.528383498468887E+002  7.836515770150316E+003
    534  5.989829521214786E+001  3.402862398160010E+003
    535  1.428378356709841E+003  8.708684194416866E+004
    536  4.053214618865773E+002  2.085089188950530E+004
    537  3.437733309675005E+003  2.058316707113233E+005
    538  2.847334967716472E+002  1.520586330091509E+004
    539  5.392917597107871E+003  3.033850843764789E+005
    540  1.185028765146017E+002  7.054075887921329E+003
    541  8.458252454440849E+001  4.721259374184013E+003
    542  3.045284978711601E+001  1.559554530471252E+003
    543  1.735719482402832E+002  9.505992084800831E+003
    544  1.651202346414251E+003  8.483353561865604E+004
    545  1.033618957665588E+002  5.844938085655979E+003
    546  2.334640584334807E+003  1.200250295531530E+005
    547  3.090641533013814E+004  1.591827339480489E+006
    548  4.134107903642556E+002  2.257053480668094E+004
    549  1.286075819059862E+003  6.633531746510406E+004
    550  2.438443709261274E+002  1.531612431190343E+004
    551  1.509926976517598E+003  7.781876966030587E+004
    552  1.091623749119921E+003  5.628006573941666E+004
    553  3.588193832804054E+002  1.991551958786117E+004
    554  1.174771864598163E+003  6.048501492513494E+004
    555  4.615135745918789E+001  2.377242910145971E+003
    556  2.372820499955462E+000  1.196874301553032E+002
    557  1.222434424135702E+002  6.926479846802530E+003
    558  1.854962306021185E+001  9.567964291198883E+002
    559  9.222270205838244E+001  5.614547339084110E+003
    560  7.028415449998785E+001  3.633014302676293E+003
    561  2.542027280063991E+001  1.304321198458643E+003
    562  3.671310323659952E+000  1.827558118294902E+002
    563  1.773715302502089E+003  1.019575625313765E+005
    564  9.597476872413019E+001  4.962996223790741E+003
    565  3.927836490122289E+001  2.029713452572095E+003
    566  2.258838258346641E+003  1.275796979197289E+005
    567  1.276275876216138E+001  6.536900784978729E+002
    568  1.279707373937444E+002  7.305209716823470E+003
    569  8.350294248679804E+000  4.253714617410119E+002
    570  1.431409112179790E+002  7.590607760349601E+003
    571  2.476983633746508E+001  1.280366884188613E+003
    572  2.260091505095269E+002  1.208320054870319E+004
    573  3.699836951919816E+001  1.908403273842182E+003
    574  8.503921346631049E+000  4.289043468858742E+002
    575  1.515044574714637E+002  8.993538424291519E+003
    576  1.182639175926663E+002  6.270952582629035E+003
    577  2.139073996992681E+001  1.088666027330231E+003
    578  7.162935213220140E+001  3.741151516884187E+003
    579  9.428901683955273E+000  4.849521596818618E+002
    580  1.256441657098967E+002  6.519647701992216E+003
    581  4.812096482358135E-001  2.224233052162093E+001
    582  1.157650150726172E+002  5.133499285291780E+003
    583  1.171764544439715E+001  5.928656371569539E+002
    584  1.870106672030435E+001  9.782821495996423E+002
    585  8.582573681402512E+001  4.376681356883910E+003
    586  2.040615339396886E+000  1.021532404884662E+002
    587  3.984203009140496E+001  2.291327719237385E+003
    588  4.654194018154502E+002  2.739060326398328E+004
    589  9.935168673344965E+000  5.050101827661742E+002
    590  2.410926652332043E+000  1.176407507784849E+002
    591  3.343559261418150E+000  1.707853725339927E+002
    592  3.241313471411677E+002  1.879231411071246E+004
    593  2.876359760633090E+002  1.654142616269892E+004
    594  1.624229090131144E+001  8.334958995399912E+002
    595  8.093039764369525E+000  4.097822408323595E+002
    596  9.606047365669319E+000  5.004877948439000E+002
    597  5.612215887817472E+001  3.029717261159030E+003
    598  1.557475932173939E-001  4.787752709662940E+000
    599  7.661286914649024E+001  4.685995896138451E+003
    600  4.522979631301848E+001  2.708671752297827E+003
    601  4.106500421548267E+000  2.134982081246955E+002
    602  1.356562572843358E+002  7.967867455925512E+003
    603  1.363680181704840E+000  7.183914399622874E+001
    604  4.537359672859100E+001  2.593557963397743E+003
    605  1.931585623764353E+001  9.874435503581949E+002
    606  6.622955520422420E-001  3.028800025677424E+001
    607  4.992476343394218E+001  2.814299974057715E+003
    608  5.556339677653747E+000  2.846538800594910E+002
    609  3.926952545481046E+001  2.262734854088537E+003
    610  1.149955765178409E+001  5.916829302061655E+002
    611  4.045944800021838E+001  2.229830137283489E+003
    612  3.279121821264619E-001  1.439005122042941E+001
    613  6.769135953890871E+001  4.124107186329460E+003
    614  1.305403699653793E+000  6.552153374906381E+001
    615  4.051963485985706E+001  2.464769719319385E+003
    616  1.315268298182696E+001  6.811702450169074E+002
    617  8.242935249498971E+001  4.685396861468492E+003
    618  7.983308644078951E+001  4.345835804877173E+003
    619  2.819741945808467E+000  1.434874465165638E+002
    620  1.511986763676663E-001  4.504087704206176E+000
    621  5.063377678679800E+001  2.889020740116523E+003
    622  9.740460863199139E+000  4.937801713938922E+002
    623  4.843086373323044E+001  2.686255214880279E+003
    624  1.065995342361293E+001  5.427252559089394E+002
    625  2.863568102474844E+000  1.431710783859338E+002
    626  2.145077126803726E+001  1.177753948176020E+003
    627  2.273574956107855E+000  1.145883244678773E+002
    628  2.676227006220088E-001  1.027684251547664E+001
    629  2.859604920166879E-001  1.181985993731295E+001
    630  1.908632538072938E+001  1.003273282887448E+003
    631  1.575662429818229E+001  8.733983699297556E+002
    632  5.152625576749634E+001  3.168164832139839E+003
    633  5.425518350089139E+000  2.732563057037816E+002
    634  4.148022960151280E+000  2.098532783436541E+002
    635  1.831248073187884E+001  9.822886447967821E+002
    636  1.368093749865294E+001  7.222719896187242E+002
    637  9.446595447271307E+000  5.235945593641244E+002
    638  5.578752453892908E-001  2.579860037459279E+001
    639  2.562096309200627E+001  1.452726007074617E+003
    640  2.798713359206276E+000  1.464758694926202E+002
    641  8.189123360684611E+000  4.238983793978576E+002
    642  2.243299810965254E+000  1.112230164832747E+002
    643  1.457392410556009E+001  8.324705375598013E+002
    644  1.436714041474086E+000  7.071703738538660E+001
    645  1.886365449735397E+001  1.110217623889348E+003
    646  8.271233140049983E+000  4.651600947522973E+002
    647  1.017101127322852E-001  2.042180257316439E+000
    648  2.298434179952595E+000  1.179952183882200E+002
    649  2.243089521282665E+001  1.341816098680903E+003
    650  3.289973452905323E+001  1.832232264265839E+003
    651  2.268163007849670E+000  1.134471140341307E+002
    652  1.187326870125947E-001  2.703623164635205E+000
    653  6.257889345755773E-001  3.025267297938776E+001
    654  4.003086539979095E+001  2.360662415164396E+003
    655  3.487425550081505E+001  1.952651263985836E+003
    656  8.591471943767232E+000  4.384095432458915E+002
    657  2.814806902215044E+000  1.416934202405910E+002
    658  5.114793037669061E+001  2.777951258390780E+003
    659  7.231545864915434E+001  4.178920312017081E+003
    660  2.241174766374102E+000  1.146718053672293E+002
    661  5.153814634414502E+001  2.999605767023090E+003
    662  1.157421988845996E+000  5.644385242059007E+001
    663  6.170743222825431E+001  3.703339863763700E+003
    664  1.593135293986498E+000  8.059158940730278E+001
    665  3.350424683306894E+000  1.687215434591983E+002
    666  8.936394413684447E+001  4.769991511619547E+003
    667  3.515852571826861E+001  1.916513485347513E+003
    668  2.335321923719865E+000  1.193854187382315E+002
    669  1.137358292759999E+002  6.292043650168415E+003
    670  5.782688648024173E+000  2.988490148070022E+002
    671  4.067636070656669E+001  2.186487632686458E+003
    672  1.188688001976003E+001  6.046778755630796E+002
    673  8.899365013965962E+001  4.708955288629383E+003
    674  1.401390715597000E+001  7.167570923197612E+002
    675  5.304997622917654E+001  2.670099692028827E+003
    676  3.680055279874903E+001  1.940764810101729E+003
    677  2.017030315878658E+000  9.958036036708057E+001
    678  5.354623507792680E+001  2.999209515216301E+003
    679  3.009313409432056E+000  1.517388650864047E+002
    680  9.501699630253904E+001  5.590713887179719E+003
    681  5.555555006654966E+001  3.036488602369302E+003
    682  7.392398989604075E+000  3.768340716211621E+002
    683  3.287230596929854E+001  1.873945151066025E+003
    684  6.141722364662619E+000  3.143738256844030E+002
    685  2.443448824723078E+000  1.233418419316328E+002
    686  7.417630498469302E+001  3.910450992169460E+003
    687  6.672096284466187E+001  3.803736768333972E+003
    688  1.178948333579051E+000  5.781688697330286E+001
    689  6.391784170718796E+001  3.644264602807922E+003
    690  6.617551665096103E+001  3.717661308385783E+003
    691  6.544975830405971E+001  3.765287453916872E+003
    692  4.410487604845141E-001  2.093514852868960E+001
    693  1.051715754471274E+000  5.160445474571915E+001
    694  1.126624754204244E+002  6.360406683807431E+003
    695  6.525744763663305E+000  3.356005158043832E+002
    696  1.803650522428159E+000  9.201608109040882E+001
    697  6.463076056903566E+001  3.587790520720244E+003
    698  2.093738927309369E+002  1.177588930851464E+004
    699  2.144955650850584E+000  1.079619111428224E+002
    700  4.789382466123770E+001  2.742303619082335E+003
    701  1.910848628355635E-001  6.682232320273289E+000
    702  4.857992898938150E+001  2.687017870737761E+003
    703  1.176262694199432E+000  5.668472615881695E+001
    704  2.652429485526835E-001  9.995812503406833E+000
    705  1.188893757649433E+000  5.850334003056857E+001
    706  6.545346582165668E+001  3.753655683524392E+003
    707  2.399064258093403E+000  1.197988265815733E+002
    708  9.342526079535277E+001  5.309597086545517E+003
    709  4.419644158741535E+000  2.247310272876093E+002
    710  2.250371745850305E+002  1.258489683957487E+004
    711  1.307619275714032E+000  6.654126860624437E+001
    712  9.803948666734641E+001  5.882962064242241E+003
    713  8.899768720622358E+000  4.585399907389346E+002
    714  1.875455785236973E+000  9.254387146334142E+001
    715  1.719672641826630E+000  8.530831985325436E+001
    716  1.435460568019693E+002  8.050527096444496E+003
    717  9.858635587594402E+001  5.683200256155800E+003
    718  2.139694254998138E-001  8.889408274655027E+000
    719  3.562077145145721E+001  2.096395853064954E+003
    720  4.086235351847149E-001  1.780099674200543E+001
    721  7.538148330415189E+001  4.245862881576639E+003
    722  2.026193408824004E+000  1.060840566461916E+002
    723  4.406429519686923E-001  2.388727748358624E+001
    724  5.052487189401327E+001  3.025424521247282E+003
    725  2.002152949950553E+002  1.184829896546466E+004
    726  5.762447349709742E-001  2.700118622497833E+001
    727  6.414609491759202E+001  3.793726110850574E+003
    728  8.859854245630112E-001  4.276602163760102E+001
    729  6.091139876406432E-001  2.830410885969398E+001
    730  3.944433709840236E+001  2.178911952626009E+003
    731  2.673843011354791E+001  1.628878764354658E+003
    732  2.123660155307385E+000  1.050015339241109E+002
    733  3.464357387799620E+001  1.997359853525970E+003
    734  1.909397025862200E-001  7.175027391708311E+000
    735  7.904665219573768E-001  4.283990443986962E+001
    736  2.665797620520843E-001  1.067000352939871E+001
    737  9.128225115562007E+000  5.291432090961206E+002
    738  3.263518174452484E+001  1.848080993453590E+003
    739  1.403514419164699E+000  7.423764515564494E+001
    740  4.544237166589477E-001  2.313960594798978E+001
    741  7.379030642797339E+001  4.616565030205958E+003
    742  3.209602288388950E+001  1.839167697984966E+003
    743  1.497268600154261E-001  5.489764371976467E+000
    744  3.911360512441124E+000  1.964764373075034E+002
    745  6.899542111964548E+001  3.955238126917793E+003
    746  4.365634159705012E+001  2.312359545758784E+003
    747  8.252023250906827E-001  4.190326477462500E+001
    748  2.551325728535019E+001  1.432029932166822E+003
    749  8.389351234761827E+001  4.643860632339126E+003
    750  4.847978729024393E-001  2.217674203864292E+001
    751  2.651744851633182E+001  1.466516327075112E+003
    752  1.429627325285180E-001  4.583498618510562E+000
    753  3.879127753692980E-001  1.770714139576017E+001
    754  1.918146823425930E+000  1.019078155501053E+002
    755  2.892879790907977E+001  1.688643471683039E+003
    756  1.803495900431426E+001  1.050931116361061E+003
    757  3.455280384413655E+001  1.947962853381925E+003
    758  1.808331665223061E+000  8.912144726768219E+001
    759  1.865730330137005E-001  7.364285436581512E+000
    760  4.071127317775906E+001  2.356805151189585E+003
    761  1.216470734784526E+000  5.912144513683546E+001
    762  2.758120259847523E+002  1.571931607480084E+004
    763  1.088202375234123E+002  6.249277393302622E+003
    764  1.211902524072859E+000  6.049996479018277E+001
    765  1.152472722774552E+002  7.042606505749621E+003
    766  9.895565473415020E-001  5.182370466210680E+001
    767  1.553415365242017E+000  7.750246427477622E+001
    768  1.379593778484507E+002  7.884404532995573E+003
    769  7.443253000528010E+001  4.247481354752444E+003
    770  2.138736861093482E+000  1.060319393394767E+002
    771  9.474629521420113E+001  5.657593449134219E+003
    772  1.053806084187023E+002  5.952203941528812E+003
    773  1.850157517368516E-001  6.836335795233391E+000
    774  5.250409959696699E+001  2.794329644613341E+003
    775  2.617982534904310E-001  1.230370610477024E+001
    776  7.382046768761255E-001  3.590993048973480E+001
    777  2.380886766501589E+002  1.435642230392910E+004
    778  1.615504082606139E+002  9.829517386597299E+003
    779  6.082137712595455E-001  2.901423165737365E+001
    780  4.396640052442820E+001  2.498193540288709E+003
    781  2.544279363034506E+000  1.285855030378994E+002
    782  3.048963069861632E+000  1.535259871499721E+002
    783  2.028256710374887E+002  1.216324426480369E+004
    784  7.090199159004646E+001  4.242331237353522E+003
    785  3.258324350830594E+002  1.888205290533612E+004
    786  1.590830504971749E+000  7.923457438004870E+001
    787  4.896132845404900E+000  2.514720311132083E+002
    788  5.218911271365664E-001  2.416672938220801E+001
    789  4.553867956799292E+001  2.629755635689660E+003
    790  3.569401364638603E+000  1.835243368519058E+002
    791  7.588614398889747E+001  4.578590509160513E+003
    792  1.717015159948215E+000  8.973637431770238E+001
    793  2.732992170964354E+001  1.651910056509289E+003
    794  2.169065910398589E+000  1.094017235890197E+002
    795  5.249647370962342E+001  3.307241257221004E+003
    796  1.371492658791684E+001  7.808073395875095E+002
    797  4.610009423328202E+001  2.659185675755926E+003
    798  5.614986255486053E-001  2.924675173785163E+001
    799  3.899725412923607E+001  2.177166794927054E+003
    800  5.509591386575076E+000  2.885167559521059E+002
    801  2.177826395325957E-001  9.077587178317357E+000
    802  5.550354435755869E+001  3.261057227465217E+003
    803  3.950953890987434E+001  2.300749989103782E+003
    804  2.859558532233433E+000  1.453274150494141E+002
    805  8.433131195885019E-001  4.162617360574907E+001
    806  1.048829261962434E-001  2.599542506375760E+000
    807  3.509538009837528E+001  2.120019024006696E+003
    808  4.352076721472673E+001  2.545619676702539E+003
    809  1.765041133627093E+000  8.762394516573492E+001
    810  1.402250611562987E+002  8.797605315063485E+003
    811  4.066314386015237E-001  1.873968924295882E+001
    812  3.619370573166716E+001  2.184257882060367E+003
    813  1.369044284543990E+002  8.544674461319257E+003
    814  3.257603835420546E-001  1.367706652840771E+001
    815  2.977969470422443E+000  1.570700771608084E+002
    816  1.778526607502040E+002  1.083978696135203E+004
    817  7.335308416654223E+001  4.569307324094283E+003
    818  8.050041074295055E-001  4.111185879253889E+001
    819  4.355927445800375E-001  2.213276469594617E+001
    820  2.342417849189966E+001  1.366258528786998E+003
    821  3.478993828650955E+001  2.056476559319865E+003
    822  4.995203602323369E+001  2.733296318416938E+003
    823  1.037796134195367E-001  2.838180003300028E+000
    824  3.020442119816868E+001  1.859728098930362E+003
    825  5.180548662777557E+001  3.107846224214903E+003
    826  8.863717949320105E+001  5.105352302747251E+003
    827  1.971180215147715E+001  1.153905957827900E+003
    828  1.320281754247442E+000  6.726758252964960E+001
    829  5.538234982278818E+001  2.910160537982965E+003
    830  1.505168429078949E+000  7.945302021387452E+001
    831  2.556219153350737E+001  1.463892423917046E+003
    832  4.216751772792595E+001  2.423052013496455E+003
    833  1.226389609144059E-001  3.872491679884851E+000
    834  3.879853102713245E-001  1.778252339546782E+001
    835  4.260700557240816E+001  2.280534813688526E+003
    836  1.505046438564742E+002  8.348165950453376E+003
    837  1.833667384154640E+000  1.025209211271425E+002
    838  7.739745389181022E+001  4.396169013848517E+003
    839  5.611778824795639E-001  2.656747443722756E+001
    840  1.819835208751881E-001  7.083533695648017E+000
    841  2.286899151354548E-001  9.328940825741052E+000
    842  7.794326631138557E+001  4.757139512865745E+003
    843  3.557623844051800E+001  1.944528911323190E+003
    844  5.533932962898304E+001  3.292748458034528E+003
    845  2.718590384813018E+000  1.423232520279084E+002
    846  2.173016172263921E+000  1.083469610332797E+002
    847  5.515670977656248E+001  3.259072514765076E+003
    848  6.250372087466122E+001  3.603610225407489E+003
    849  1.956352421766364E+000  9.862256194681089E+001
    850  1.095379604957231E-001  2.952895325985245E+000
    851  2.466500226976641E+001  1.414408979174532E+003
    852  2.056630628379391E+000  1.081701829715761E+002
    853  1.433370563320873E+001  8.645219901061810E+002
    854  5.267818751177487E+001  3.240110733518637E+003
    855  2.713135120358480E+001  1.619645790139414E+003
    856  6.060330235554625E-001  3.277832575866801E+001
    857  4.103635354811805E-001  2.055998070281723E+001
    858  3.564330492092687E+001  2.204179568309697E+003
    859  1.292659112776517E+000  6.823798306098031E+001
    860  2.394150715335786E+001  1.475947893633022E+003
    861  4.549965457451565E-001  2.346609883579486E+001
    862  2.219862097754558E+000  1.113062496897297E+002
    863  2.886011548981804E+001  1.810289765494945E+003
    864  1.621062074156030E-001  6.475417571105180E+000
    865  2.932733084474828E+001  1.759464384736478E+003
    866  4.733060662260052E+001  2.783710817798849E+003
    867  5.355793423331636E-001  2.799183411943560E+001
    868  5.838012475999371E+001  3.397357461188714E+003
    869  2.415687964584303E-001  9.930688522480070E+000
    870  1.521489194961160E+002  8.839478694024592E+003
    871  2.937402783109536E+001  1.641076847196463E+003
    872  1.715828471586484E-001  7.380872252197662E+000
    873  3.595821108157169E+001  2.078918546420179E+003
    874  3.197703732953907E-001  1.489393459955529E+001
    875  1.940772579722392E+002  1.060852200583919E+004
    876  3.714069294420159E-001  1.750413055559801E+001
    877  5.159216096646617E+001  3.013009262264417E+003
    878  5.487988495027122E-001  2.537925767488412E+001
    879  1.565097445064089E+001  8.644987632335969E+002
    880  1.230440981307174E+001  7.287151781522244E+002
    881  8.381109474931776E-002  2.252328049002771E+000
    882  5.897303127122131E-001  2.967919167640351E+001
    883  1.505185689908378E+001  8.590736729389604E+002
    884  1.101391411388715E+001  6.445718684644970E+002
    885  8.042447068544897E-002  1.718026739640539E+000
    886  4.516433709675056E+001  2.697659939483424E+003
    887  4.014732978606122E+001  2.218864507636445E+003
    888  6.625343056000759E-001  3.160838885788019E+001
    889  1.702123961403154E-001  6.842471979908097E+000
    890  1.132267538328575E+002  6.860040275208607E+003
    891  2.687735081073951E-001  1.389033526563376E+001
    892  6.248439752858365E+001  3.534743118545864E+003
    893  1.697942444353447E+000  8.464008019473708E+001
    894  3.802895512033027E+001  2.111551299038842E+003
    895  8.120565725433997E+001  5.133042894744040E+003
    896  8.981895698463649E+000  5.087458235541525E+002
    897  1.210862105047109E+002  7.263561229424972E+003
    898  9.951178643850021E+001  5.680982434832989E+003
    899  1.185108386084922E+001  6.125440268603434E+002
    900  5.503636735169971E-001  2.730209419850272E+001
    901  1.089755245998643E+000  5.316259467317122E+001
    902  7.729952145528230E+001  4.687271689471204E+003
    903  1.732331791534238E+001  9.547707757012449E+002
    904  2.266760373851074E-001  1.032289957625614E+001
    905  8.804419658412669E+001  5.124790829763776E+003
    906  4.171166952296891E-001  2.076998293349664E+001
    907  5.541446783088092E+001  3.337503752266143E+003
    908  1.183650493323014E+000  5.783952426419082E+001
    909  8.929299331822723E+001  5.374075132567231E+003
    910  5.896253634676525E+000  2.992942304396668E+002
    911  1.434645565090304E+002  8.280445269434074E+003
    912  3.809023089056142E-001  1.781714987073211E+001
    913  8.618515112180219E+000  5.039069367058321E+002
    914  1.363502217550211E-001  4.854525281372633E+000
    915  2.488361789202747E+000  1.307723994715308E+002
    916  2.252862312464450E+001  1.224610672985690E+003
    917  3.119253342154215E+001  1.823636549194577E+003
    918  7.579836978300060E+001  4.641600069029554E+003
    919  3.312255723573066E+001  1.850719678986628E+003
    920  1.029851442170586E+000  5.060649662119666E+001
    921  3.121641766199852E+001  1.676706706398428E+003
    922  3.649176672312133E+000  1.930071696194845E+002
    923  3.198822749623962E+000  1.668499282476388E+002
    924  8.760935202289394E+001  5.150062582459325E+003
    925  5.975312617666930E-001  2.833551678326575E+001
    926  2.443944626273390E+002  1.367434903025251E+004
    927  3.457841498407380E+000  1.769305717152637E+002
    928  1.599248393383844E+002  9.081037371493596E+003
    929  1.170446855702694E+002  6.788619250694738E+003
    930  1.063439884590734E+002  6.225662061253771E+003
    931  1.429939490842445E+000  7.151543079265899E+001
    932  1.305948088739770E+001  7.240099206568133E+002
    933  1.255537396271660E+000  6.495834737659590E+001
    934  6.966644520303612E+001  4.261647720346381E+003
    935  7.356562682397474E-001  3.476792436349694E+001
    936  1.179975387047455E+000  6.691295057250312E+001
    937  1.075608626636998E+002  6.213402739811562E+003
    938  4.684065688673775E+001  2.761567632989080E+003
    939  9.199861241692621E-001  4.488588853621987E+001
    940  4.332676728102923E+001  2.521486729615758E+003
    941  5.568018284520772E-001  2.942328118458567E+001
    942  2.513581896446788E+001  1.526533996518018E+003
    943  1.554417702930973E+001  9.116917268831307E+002
    944  4.460363399476369E+001  2.614867569320007E+003
    945  2.274500656375564E+001  1.304769433840917E+003
    946  2.941818654734084E-001  1.342348757053204E+001
    947  6.695966010588637E+001  3.800772553060129E+003
    948  3.871524682353619E+001  2.248050605536658E+003
    949  1.921195829654565E+000  9.949358262088013E+001
    950  3.018851468876142E+001  1.703673407766623E+003
    951  1.043712453177692E+000  5.518627458256326E+001
    952  8.317192381526338E+001  4.810382341248638E+003
    953  2.618179747501775E+000  1.465421368636773E+002
    954  1.609733221118832E+002  1.000236606604109E+004
    955  5.202224302043987E+001  3.303620457347859E+003
    956  6.026020653686923E-001  3.506412308507833E+001
    957  1.136177364745379E+000  5.654494767190173E+001
    958  4.331776008893920E+001  2.704888792295522E+003
    959  4.749212368788287E-001  2.399458439733868E+001
    960  5.116222149968713E+001  3.065200375267483E+003
    961  9.064003475379171E-001  4.536251046230017E+001
    962  2.689145224930601E+001  1.600620049435377E+003
    963  3.250759422916298E+000  1.653090481063497E+002
    964  6.818010289202208E+001  4.208032107125230E+003
    965  1.921256342877281E-001  9.230552080735386E+000
    966  1.844299146236972E+002  1.087498789385113E+004
    967  8.593751104035370E+001  4.315481924879450E+003
    968  5.140960539012449E+001  2.711789001357212E+003
    969  2.297244595578205E-001  1.012519150732486E+001
    970  1.265576370524842E+002  7.505545283554859E+003
    971  3.066686487861812E-001  1.500769539457604E+001
    972  3.988130371193638E+001  2.365175487588174E+003
    973  1.318250356655924E+002  7.445588605794077E+003
    974  5.337016800544176E-001  2.579394478585843E+001
    975  2.667046718607294E+001  1.377692237543159E+003
    976  6.009754860758163E+001  3.377045372179730E+003
    977  1.452074819466094E+001  8.190095856098310E+002
    978  2.081676089889545E+000  1.183359775537576E+002
    979  2.641302383748027E+001  1.592401487796325E+003
    980  6.658815150210902E-001  3.412694760825718E+001
    981  1.069786548062592E+002  6.546275485368849E+003
    982  2.069739331745732E+000  1.117276207030437E+002
    983  2.282275565226179E+001  1.360235822807019E+003
    984  2.927281042338315E+001  1.570996287070090E+003
    985  1.428650478767443E+000  7.694583884782195E+001
    986  3.058340215192018E+001  1.749002387225381E+003
    987  8.312167056029554E-001  4.036259851411770E+001
    988  1.335132358665294E+001  7.706762037285439E+002
    989  8.170296958220590E+001  5.088852108660397E+003
    990  1.520642585964518E+000  7.510486393662181E+001
    991  2.527851672294141E+002  1.540446402201366E+004
    992  1.198257858887780E+002  6.737053289371656E+003
    993  5.711791284185939E-001  3.049766042434537E+001
    994  2.546607245504127E+000  1.265218632553174E+002
    995  2.137174294635753E+001  1.197471833987560E+003
    996  4.173806154066590E-001  2.288343384653470E+001
    997  8.314388146847483E+001  5.128857439473181E+003
    998  2.245936871637059E+002  1.300482727116647E+004
    999  7.246442416486639E-001  4.221472684466608E+001
   1000  7.558046043360284E+001  4.391440163933869E+003
   1001  2.049707640895666E+002  1.233523962151754E+004
   1002  2.359116854230887E+000  1.309430819233119E+002
   1003  7.232477626482636E-001  3.663609788059090E+001
   1004  2.624151711888162E+000  1.329670853765511E+002
   1005  8.176859919683382E+001  4.424359545104257E+003
   1006  1.254151384096395E+002  7.431022402733789E+003
   1007  2.608538236105135E-001  1.270886003683579E+001
   1008  6.862556930660794E+001  3.976840440034042E+003
   1009  7.800601078762148E+001  4.316924021182235E+003
   1010  1.473361065367206E+000  7.619992663982919E+001
   1011  5.583003277228626E+001  3.203503507752261E+003
   1012  8.942879252375557E-001  4.402014831400849E+001
   1013  5.985980490538234E+001  3.285189164300586E+003
   1014  1.209822331529526E+001  6.894880338278214E+002
   1015  3.517233393488232E-001  1.997560162355778E+001
   1016  1.070471216405000E+002  6.273403665478942E+003
   1017  1.797606411190117E+000  8.900934247867622E+001
   1018  1.069478617828733E+002  6.088696867532275E+003
   1019  1.229645595162147E-001  4.498003659538690E+000
   1020  1.337780552988119E+002  7.791538373715025E+003
   1021  3.625377307691246E+001  2.184568499203605E+003
   1022  1.163471798864068E+002  6.941964034250275E+003
   1023  5.472220877211476E-001  2.540101985972522E+001
   1024  1.899893831426901E+002  1.180342153016412E+004
   1025  7.506401872771272E-001  3.807978504706382E+001
   1026  1.591946915491311E+002  8.735969613954283E+003
   1027  1.105199173652971E+002  6.465405154348909E+003
   1028  3.372004914549724E+000  1.700061831748600E+002
   1029  1.169409195243164E+002  6.783637593151172E+003
   1030  1.390398315780244E-001  5.835424438599895E+000
   1031  1.057347702786030E+002  6.249455133154716E+003
   1032  9.845891069221328E+001  5.202257960616877E+003
   1033  1.266625676768578E+002  7.131230582716209E+003
   1034  8.817469529758468E+001  4.725539388184729E+003
   1035  1.374208672896787E+000  6.886801463558598E+001
   1036  2.235422555844203E+002  1.166221756491230E+004
   1037  2.801156150270036E-001  1.242229570018816E+001
   1038  5.561737318979490E+002  2.857963213360761E+004
   1039  9.484405319794378E+002  5.120549995930641E+004
   1040  4.124161148461121E+000  2.165121743367322E+002
   1041  9.159645146549331E+002  4.683152546089669E+004
   1042  4.365507889839920E+002  2.632066657156518E+004
   1043  1.653175718450562E+000  8.295216904855177E+001
   1044  6.911969269016880E+002  4.005711193497845E+004
   1045  2.056972803404003E+003  1.080075602072829E+005
   1046  7.753109701435574E+000  4.159289754539646E+002
   1047  5.829078742604871E+002  3.143454420079543E+004
   1048  1.344916765654614E+003  7.326186800601812E+004
   1049  9.250475281079595E-001  5.278487850514224E+001
   1050  7.698520738587833E+002  4.083631851828718E+004
   1051  1.353384769137495E+000  7.026020224959365E+001
   1052  1.090470318982053E+003  6.318947380787091E+004
   1053  4.899118677207652E+002  2.773522257264915E+004
   1054  1.524955832040060E+000  7.681714462692683E+001
   1055  4.037882081635822E+002  2.391833101183051E+004
   1056  4.816987011716318E+000  2.713144549853725E+002
   1057  3.816151183645490E+002  2.144840054396366E+004
   1058  1.562949006045861E+003  8.520981946242532E+004
   1059  5.698005770910209E-001  2.951410225154799E+001
   1060  2.184549737411376E+003  1.227462513549006E+005
   1061  2.737115905403579E+002  1.502451734446637E+004
   1062  3.838181155409823E+002  2.151876050581829E+004
   1063  7.287376559404784E+000  3.781080912516627E+002
   1064  5.887828247518197E+002  3.111932294335850E+004
   1065  4.383580265998856E+000  2.215521840567267E+002
   1066  1.127495037064880E+003  6.391819020911790E+004
   1067  6.944787346269426E+002  4.095894464266243E+004
   1068  7.495214641544162E+000  3.754717786387418E+002
   1069  6.910677591708973E+002  4.054601268145747E+004
   1070  5.083931339557478E+003  3.000176998643389E+005
   1071  9.193242387312206E+002  5.238049095024568E+004
   1072  1.176645871243287E+003  6.404991086113945E+004
   1073  6.844082705895124E-001  3.713496888983266E+001
   1074  1.782396217494063E+003  1.072911903441287E+005
   1075  3.063863251818433E+002  1.575751592751484E+004
   1076  2.579821174391563E+001  1.600377368047861E+003
   1077  8.042917284482311E+000  4.668635623868269E+002
