# dt =   1.000000000000000E-003
# j, New nj, Rate of change (1/s)
      1  6.654948065389168E+003  3.141723541741793E+005
      2  2.424331984286426E+005  1.138642942449885E+007
      3  5.618009068855234E+003  2.625243184347558E+005
      4  1.265988009584031E+004  5.829256048469307E+005
      5  2.711021357285558E+004  1.261239280709523E+006
      6  3.602811066927239E+003  1.683779041992934E+005
      7  2.664714525832478E+005  1.240109942892172E+007
      8  1.356551892830912E+005  6.314319096832634E+006
      9  7.891900520330152E+004  3.700878686002704E+006
     10  6.323336749860353E+004  2.934061870529456E+006
     11  1.395724287451173E+004  6.495355164167404E+005
     12  1.246597087479930E+004  5.642172580102704E+005
     13  6.970195594304774E+002  3.247382275870790E+004
     14  5.108951334911080E+003  2.377738573590652E+005
     15  5.718129679766892E+002  2.648102945045117E+004
     16  4.761106205598740E+004  2.226912044178186E+006
     17  1.051274818551240E+004  4.849861808439358E+005
     18  4.540656727939177E+004  2.112690965872237E+006
     19  4.320921995744025E+002  1.999537495579787E+004
     20  1.175401339085190E+004  5.466179264647486E+005
     21  1.629582920316423E+003  7.510133396223099E+004
     22  1.311584173781883E+004  6.119465513823695E+005
     23  1.393671604453443E+005  6.488132152604144E+006
     24  1.037130974948439E+005  4.825597148249123E+006
     25  4.408176681458328E+002  2.036964803209605E+004
     26  1.187660989242858E+003  5.558790161963725E+004
     27  3.040191572400371E+005  1.397468825144410E+007
     28  5.142083051126001E+003  2.366627623156234E+005
     29  6.390362223121298E+004  2.904358999331096E+006
     30  1.562706830231900E+003  7.253966657972000E+004
     31  2.736311590352772E+004  1.276305099769803E+006
     32  1.458665560347679E+004  6.764633178477014E+005
     33  6.050606109177150E+003  2.771894535661083E+005
     34  3.018137104139900E+003  1.403471572071523E+005
     35  7.305248960120931E+004  3.322423828334398E+006
     36  7.240665683249774E+003  3.358006048113783E+005
     37  3.772220484516753E+004  1.738328384982317E+006
     38  1.085503456539551E+005  5.053765372827361E+006
     39  1.341413694546154E+004  6.176917116015083E+005
     40  3.962941450057284E+004  1.823103102679370E+006
     41  2.932843009801792E+004  1.362268000949745E+006
     42  1.147210702609244E+004  5.311700388782725E+005
     43  5.604118640293751E+003  2.606649679611099E+005
     44  3.784734327393569E+004  1.742456303734563E+006
     45  1.482727021769672E+004  6.849072076649356E+005
     46  5.780675492520625E+003  2.690762075621274E+005
     47  8.569763800139121E+001  3.981348811684657E+003
     48  1.387661743624878E+004  6.433541943485001E+005
     49  3.855803235379962E+003  1.788099966556123E+005
     50  3.255105937935970E+003  1.531007035169268E+005
     51  5.723016585494564E+004  2.697995996903015E+006
     52  5.499932009413775E+003  2.593724207290417E+005
     53  2.640760799078080E+003  1.231933210117546E+005
     54  3.283060643196344E+004  1.532158781638137E+006
     55  5.128883635223241E+004  2.391983800246058E+006
     56  1.114692547819815E+002  5.158024265312702E+003
     57  3.754028740222468E+004  1.754840086524592E+006
     58  3.434295833800652E+004  1.599401229394146E+006
     59  5.464757362057961E+002  2.565741462974814E+004
     60  1.079544743760979E+005  5.036010057785068E+006
     61  1.076279584479403E+003  4.963436715287760E+004
     62  3.119958390644284E+003  1.460156430332798E+005
     63  1.788115080672042E+003  8.378689104638185E+004
     64  6.057979649346876E+004  2.825640016653197E+006
     65  7.133165295735442E+005  3.332998877260530E+007
     66  8.161976481306508E+003  3.803510592214914E+005
     67  8.721419080058212E+004  4.074486201305193E+006
     68  1.999013649470563E+003  9.334129772691913E+004
     69  6.302244325347448E+003  2.956322756184899E+005
     70  1.525843730127476E+005  7.112991749666887E+006
     71  1.923229234659665E+005  8.999334604270918E+006
     72  1.164768557820520E+003  5.372104704872908E+004
     73  2.477672038211410E+004  1.114442545543447E+006
     74  7.256782181959892E+003  3.371720547124585E+005
     75  8.717304060089012E+002  4.049604614730678E+004
     76  1.056758395117389E+003  4.874228521181754E+004
     77  2.817906134360542E+003  1.313767305522692E+005
     78  3.092684822516034E+003  1.440806587521993E+005
     79  1.992891173071189E+004  9.320654463061439E+005
     80  6.277329769923119E+004  2.833364820369442E+006
     81  5.071579270758210E+003  2.353571526154259E+005
     82  7.284759598273656E+003  3.316380916726767E+005
     83  2.846784426503161E+003  1.319408914857455E+005
     84  1.526401873280750E+003  7.137967442783988E+004
     85  1.400915768915585E+004  6.503505339706027E+005
     86  1.035469964412536E+005  4.660766300794340E+006
     87  8.805827997571384E+002  3.975089683753339E+004
     88  9.134718624596641E+002  4.243261690778964E+004
     89  9.597340274928407E+003  4.407527060327199E+005
     90  1.361036121080142E+005  6.116970050307642E+006
     91  4.335217529458143E+004  1.995530249556904E+006
     92  2.133413078258616E+004  9.756296228358833E+005
     93  4.754947116214985E+003  2.147895480691594E+005
     94  2.404447841138703E+004  1.081302568585383E+006
     95  9.931506470904422E+003  4.627900280453459E+005
     96  2.045202350049666E+003  9.472596346374143E+004
     97  2.354498087984396E+004  1.104841657392020E+006
     98  2.757966776087432E+004  1.272169187935301E+006
     99  1.183693397171832E+003  5.436158018170513E+004
    100  5.917039704133570E+004  2.772301043134888E+006
    101  6.132926546868954E+003  2.844650967346479E+005
    102  1.602795293919725E+004  7.340752188674844E+005
    103  2.257409143283185E+005  1.041238009823957E+007
    104  1.656974367328346E+003  7.695413317044436E+004
    105  3.084177622733368E+004  1.452918082219588E+006
    106  6.217200317788946E+003  2.901997035272461E+005
    107  7.892217106380624E+002  3.688493984373482E+004
    108  1.829987071636178E+004  8.480257078524185E+005
    109  3.204250352865078E+003  1.487760152419728E+005
    110  1.888494872561537E+004  8.708984759110408E+005
    111  5.589288812472510E+003  2.580368319622573E+005
    112  4.107742343943640E+003  1.906369056036469E+005
    113  4.727196142618145E+003  2.166172709536811E+005
    114  5.519706090707329E+004  2.569310515160760E+006
    115  2.117836093384418E+004  9.733283881344049E+005
    116  3.356359058510506E+003  1.562295539876472E+005
    117  8.152921802807398E+003  3.694640211858034E+005
    118  1.346256132292958E+003  6.226470528869947E+004
    119  3.652986444109194E+003  1.709985646029882E+005
    120  2.058132688266773E+004  9.491810151469586E+005
    121  2.776205899538997E+003  1.292871887927254E+005
    122  1.762053073521377E+002  8.207192428043443E+003
    123  9.882733091851932E+002  4.607208845069017E+004
    124  5.828558937746881E+001  2.646663878213769E+003
    125  1.194392974473261E+004  5.413175315951327E+005
    126  8.999567802751539E+003  4.127706842867330E+005
    127  2.641758837385178E+003  1.216682616290690E+005
    128  1.209476755912743E+004  5.656306735784566E+005
    129  8.446985792007978E+001  3.901808560134306E+003
    130  2.618218716338744E+003  1.230806139837596E+005
    131  6.135895409841743E+003  2.856156114265778E+005
    132  1.028988874898595E+003  4.761949789768624E+004
    133  4.968851686491191E+003  2.311403171734622E+005
    134  3.452600154407279E+003  1.603087773982561E+005
    135  4.712133724623236E+003  2.164097143705648E+005
    136  7.516093820760619E+003  3.534146167534043E+005
    137  3.282321549990219E+003  1.530231936110261E+005
    138  5.572139515513622E+003  2.602902039165190E+005
    139  6.601469290784105E+003  3.072153414726014E+005
    140  4.442193060679707E+003  2.057481730771579E+005
    141  1.640412564641178E+003  7.594350924607234E+004
    142  1.633786730350044E+004  7.598825906457988E+005
    143  6.152807387187246E+003  2.857181849202419E+005
    144  1.005345046882521E+004  4.550023126895414E+005
    145  2.996022903467301E+003  1.403835150033984E+005
    146  3.802055242830109E+001  1.717121198675643E+003
    147  6.673262382646387E+002  3.104088019003202E+004
    148  4.430621272871917E+003  2.080248859701130E+005
    149  1.493558599933520E+004  6.899981077158268E+005
    150  1.894127007534598E+003  8.781054732995124E+004
    151  9.771684468024597E+004  4.559200350158645E+006
    152  3.407228578880170E+004  1.564885020932539E+006
    153  3.826611784239161E+003  1.772613126513831E+005
    154  2.173510269690844E+005  9.762073639723917E+006
    155  9.625131467947294E+003  4.343369061975074E+005
    156  2.592544113426913E+003  1.203648015183273E+005
    157  1.087687568572927E+004  5.023730025989260E+005
    158  6.311566838589035E+003  2.930701639301630E+005
    159  1.347380930493600E+003  6.065014582669101E+004
    160  1.385101787445224E+004  6.358056753809642E+005
    161  7.250174991986879E+003  3.358207486288046E+005
    162  3.519637269700301E+002  1.629542517360402E+004
    163  9.863808613131251E+004  4.501276186585858E+006
    164  1.118691987098083E+005  5.052709917596095E+006
    165  1.022526161177428E+005  4.634103507859290E+006
    166  1.607670138283167E+004  7.493847036914638E+005
    167  1.223678665786501E+003  5.674713932693794E+004
    168  1.949057174760699E+003  9.057574237176211E+004
    169  5.536982243165680E+003  2.541279297377966E+005
    170  6.840484722822448E+002  3.184828997623807E+004
    171  1.013720490962963E+003  4.711951022237421E+004
    172  1.139597935069480E+004  5.274590210146663E+005
    173  6.788892565783992E+003  3.112216938276882E+005
    174  3.022048955118600E+003  1.405498184579789E+005
    175  3.468842610824055E+002  1.614941940038759E+004
    176  1.254176623689014E+003  5.833795099379795E+004
    177  1.146624920589721E+004  5.392938334795064E+005
    178  6.983256715100624E+000  2.896312817677164E+002
    179  2.731775085628614E+002  1.260163314212549E+004
    180  5.741093775010369E+003  2.657677509789211E+005
    181  6.749939766326340E+002  3.167012480625556E+004
    182  5.121581408700571E+004  2.415589617043802E+006
    183  8.490824638955946E+003  3.962629874436692E+005
    184  3.213061648534602E+003  1.495235782067759E+005
    185  3.724467971348320E+004  1.742023492334033E+006
    186  3.197923869851433E+004  1.488419315425999E+006
    187  8.547824958648506E+002  3.966990806654704E+004
    188  2.588399467887626E+004  1.181694037101418E+006
    189  1.047141173069811E+003  4.854113771640388E+004
    190  7.506972260391446E+003  3.410143493325185E+005
    191  3.316312063781276E+003  1.545079410098769E+005
    192  5.268906742346481E+003  2.425103280361532E+005
    193  2.184563031217349E+004  1.008933034329846E+006
    194  3.816960364064451E+003  1.777532967108576E+005
    195  1.122519156943478E+004  5.241632338171038E+005
    196  4.582455850266654E+003  2.126780336512857E+005
    197  1.158139462321253E+004  5.436436831083591E+005
    198  2.524109319180949E+004  1.142721366918157E+006
    199  1.809441034665266E+004  8.400425431467310E+005
    200  1.267517213276837E+002  5.918168899439896E+003
    201  2.772746330353757E+003  1.273606782955529E+005
    202  5.509535859561612E+003  2.570283243504581E+005
    203  1.752655449585838E+003  8.173440327660865E+004
    204  4.551903167211315E+003  2.102425975628725E+005
    205  4.986840758466692E+003  2.315628802535550E+005
    206  3.713371442728456E+003  1.723940779431693E+005
    207  1.132077138634697E+004  5.284362038514061E+005
    208  1.637365958426343E+003  7.507002455160239E+004
    209  1.323081051255757E+003  6.115075824382425E+004
    210  1.193353658814655E+004  5.634601933288682E+005
    211  5.201867136397760E+003  2.459718317817329E+005
    212  5.890239211069552E+003  2.735467564079652E+005
    213  5.112454960115638E+003  2.396787796283632E+005
    214  1.342098927708772E+003  6.228764499902701E+004
    215  1.592926241701407E+003  7.272757886263731E+004
    216  3.236374403360867E+002  1.480545967404790E+004
    217  6.323264298945125E+003  2.961082719840810E+005
    218  3.340125388210013E+003  1.551453606888454E+005
    219  4.335368894865077E+002  1.987688794528015E+004
    220  4.173636649025047E+002  1.942956927014586E+004
    221  4.914379232749533E+003  2.290847841164922E+005
    222  3.773053364924112E+003  1.726390238301903E+005
    223  1.101170324338209E+004  5.086874337724193E+005
    224  1.130576124598929E+002  5.236103314503139E+003
    225  1.773253040264628E+002  8.272556902387161E+003
    226  3.680178391643011E+003  1.672704281010357E+005
    227  1.509963334793014E+002  6.942343304904632E+003
    228  8.608964388719788E+001  4.006402567695523E+003
    229  1.564889389152718E+004  7.275141770330253E+005
    230  1.531391269342241E+004  6.986288978949500E+005
    231  1.682567759062345E+003  7.808910813831908E+004
    232  6.652312257043576E+004  3.140590430179447E+006
    233  1.030220279808397E+004  4.714775760201315E+005
    234  8.528782678412765E+002  3.967705325424150E+004
    235  1.730058538015622E+002  8.083251970222586E+003
    236  1.367013660231017E+004  6.217262151351230E+005
    237  2.479610884875771E+003  1.158496179467508E+005
    238  6.818394719892824E+003  3.145239917392445E+005
    239  3.923146293325202E+003  1.833392798139748E+005
    240  9.217986687026820E+003  4.315820336331047E+005
    241  1.041870232433284E+004  4.811221913038424E+005
    242  9.850971558112263E+002  4.576717940865043E+004
    243  4.015277746278484E+002  1.865702194861192E+004
    244  4.033457505746902E+003  1.891038598504222E+005
    245  1.516895994416860E+004  6.933611851195636E+005
    246  4.798756057874417E+003  2.240952167717334E+005
    247  3.646146768615953E+003  1.683844043570351E+005
    248  6.700763361587044E+004  3.045702697840903E+006
    249  1.397643940548450E+004  6.371764995973873E+005
    250  2.584664967467665E+002  1.188850920751573E+004
    251  7.510721671450879E+003  3.444991391398220E+005
    252  8.687592648130796E+001  3.973058356681367E+003
    253  3.281747967668524E+004  1.524939267903714E+006
    254  1.479998933799839E+004  6.883416185919711E+005
    255  1.358486592676831E+004  6.315001673366566E+005
    256  4.844221590800033E+003  2.232451385310009E+005
    257  7.836390274899945E+002  3.646073504810067E+004
    258  2.867206235674435E+004  1.289490647070852E+006
    259  1.151526620890224E+004  5.398157558655170E+005
    260  4.872220597351623E+002  2.257869543183860E+004
    261  1.437505911477788E+003  6.694049876147577E+004
    262  1.718065401149728E+003  7.971940344764113E+004
    263  4.932024873471134E+001  2.288030817282003E+003
    264  9.419683124627441E+003  4.297732075850882E+005
    265  1.808810890447623E+002  8.159382356097838E+003
    266  1.227405727846186E+003  5.619828392357156E+004
    267  6.070309057317974E+002  2.789333645520806E+004
    268  7.596039834780471E+001  3.518024679563537E+003
    269  3.063393338157192E+002  1.425389128119346E+004
    270  1.366344160935693E+003  6.350686352756098E+004
    271  3.549114007729841E+002  1.657200882481884E+004
    272  1.279435913931489E+004  5.861012343571972E+005
    273  3.451866174666897E+003  1.600554757200166E+005
    274  1.105721047438893E+004  5.119237896664962E+005
    275  1.828575473927221E+003  8.398621906224554E+004
    276  2.059993538596062E+003  9.590466037024155E+004
    277  4.585399314815548E+002  2.142304548311227E+004
    278  1.323348547615636E+003  6.203896041163363E+004
    279  7.192373582229383E+003  3.331422828632584E+005
    280  1.491312917927802E+004  6.997061635098229E+005
    281  6.865470821891009E+003  3.220558672654321E+005
    282  6.723549097117314E+003  3.131669855462073E+005
    283  3.954551742995176E+003  1.807235447750251E+005
    284  2.570212595584578E+002  1.197399280971059E+004
    285  4.107122989117664E+003  1.887848458728788E+005
    286  1.619395474713165E+002  7.569732916970828E+003
    287  9.791079338617003E+002  4.573795982772685E+004
    288  5.297491003712122E+003  2.424222786643478E+005
    289  8.163363222537597E+003  3.822374621472757E+005
    290  3.322735802418982E+004  1.546533053457613E+006
    291  6.879009175675521E+004  3.213572665830944E+006
    292  1.836401010620778E+003  8.569418770841118E+004
    293  1.019293481206023E+005  4.747406189572908E+006
    294  1.410101330542397E+004  6.562005976757420E+005
    295  4.620884629095121E+003  2.140090892904508E+005
    296  2.156109209208530E+004  9.846938119528369E+005
    297  3.372324359333676E+004  1.538023564517416E+006
    298  1.530004412389620E+005  7.216246057013981E+006
    299  2.251235335704984E+004  1.060149350333196E+006
    300  3.643070945635004E+004  1.654365165694566E+006
    301  3.942652454261290E+004  1.838901375822199E+006
    302  4.073851912001769E+003  1.840500352633571E+005
    303  5.486267558856936E+003  2.558697430824095E+005
    304  1.510339827237969E+003  7.008223043797982E+004
    305  1.027114723400187E+003  4.781039767193930E+004
    306  1.055659593211251E+004  4.778456032524055E+005
    307  9.432985093633213E+002  4.379447936975200E+004
    308  2.929156492683573E+004  1.321782805949321E+006
    309  2.290337047320698E+003  1.060734435029669E+005
    310  8.488988815791816E+003  3.832067895041442E+005
    311  7.219005646096261E+002  3.352370784139475E+004
    312  1.746382299118521E+003  8.044604946895990E+004
    313  2.581238734164564E+002  1.197282936035944E+004
    314  1.105070919976012E+003  5.134165574464720E+004
    315  2.761167829104235E+002  1.276356219501193E+004
    316  5.124974027336034E+002  2.378240526328943E+004
    317  1.310585227869730E+003  6.099072353523643E+004
    318  1.372377487398522E+004  6.194850832749809E+005
    319  1.883840224608208E+003  8.855769535443408E+004
    320  4.402010156008952E+003  2.045147863584128E+005
    321  1.932031713805451E+003  8.884217826191278E+004
    322  8.945541678254924E+002  4.118519981524873E+004
    323  6.630600738667621E+002  3.077144784324573E+004
    324  1.696567364444648E+003  7.892253614553098E+004
    325  3.926058187239665E+003  1.823258612630232E+005
    326  7.746877429013251E+003  3.576345075294056E+005
    327  2.152379511632583E+003  9.959445490115935E+004
    328  1.796530625749485E+002  8.305909179725140E+003
    329  1.896671025991283E+004  8.861782507452330E+005
    330  1.987315348613186E+004  9.250480578612741E+005
    331  5.192338339497850E+003  2.415041505130168E+005
    332  2.705668676255182E+003  1.272997854051946E+005
    333  1.180391021027494E+004  5.530436203349923E+005
    334  1.159279122884316E+003  5.385992983922286E+004
    335  7.444644281664235E+003  3.385144813390921E+005
    336  2.411582922418128E+003  1.122771424148759E+005
    337  8.115731917785032E+002  3.762465391855457E+004
    338  2.540053120542867E+003  1.183602706425108E+005
    339  7.177384870678923E+002  3.344256616098084E+004
    340  9.101660792007122E+003  4.251894091676704E+005
    341  1.414373556092906E+004  6.421464105924371E+005
    342  2.228287602032398E+002  1.039095544629473E+004
    343  6.875138744569788E+003  3.185264453812957E+005
    344  2.071671450217220E+004  9.710591226181403E+005
    345  1.503234845797288E+003  7.036872184661220E+004
    346  6.818617549468167E+004  3.191483024104942E+006
    347  1.209754943182391E+004  5.630960745105168E+005
    348  7.178332615974736E+003  3.335396734508178E+005
    349  2.012197319583061E+003  9.227372237757784E+004
    350  1.669763140747332E+002  7.737088110509924E+003
    351  1.953705596215918E+003  8.935343196295795E+004
    352  3.228765392675823E+003  1.504478033143309E+005
    353  2.870912133890486E+002  1.311332018845956E+004
    354  2.194618413885199E+002  1.019306875836124E+004
    355  2.316362950401407E+003  1.085195634010482E+005
    356  1.617820002359969E+004  7.395008062447360E+005
    357  3.434921914485505E+003  1.601205777423162E+005
    358  4.427416021930111E+004  2.022748909091034E+006
    359  5.719498050128657E+003  2.652931449823148E+005
    360  1.252699528149881E+003  5.815725876287339E+004
    361  8.579764312202598E+002  3.997634160056253E+004
    362  9.283532764429069E+001  4.293807521310355E+003
    363  1.404362987449490E+001  6.386927015674569E+002
    364  1.978779159244158E+003  9.140257472100477E+004
    365  2.072036595092425E+003  9.640493851229375E+004
    366  2.427962175835814E+002  1.130046583968801E+004
    367  3.805243279060995E+003  1.773222761845975E+005
    368  1.388747449613598E+002  6.429252629947372E+003
    369  1.907428920955393E+003  8.997448564927978E+004
    370  3.210555655274448E+002  1.491578660345073E+004
    371  1.014636266666136E+002  4.728908544169389E+003
    372  8.296925932195930E+002  3.813220974916245E+004
    373  1.181262114175976E+002  5.498860835441218E+003
    374  1.089309025775452E+004  5.101555522330136E+005
    375  6.759496349333059E+002  3.166858508821706E+004
    376  1.478464994927239E+004  6.879145597512630E+005
    377  1.410710094606154E+003  6.542424797786593E+004
    378  1.162244002288207E+004  5.295117150286403E+005
    379  8.760443721919863E+003  4.061091845475854E+005
    380  7.584811523836576E+003  3.431752130153508E+005
    381  5.312753280524926E+003  2.452764921230841E+005
    382  2.024924886811236E+003  9.421103979818041E+004
    383  9.160888602426081E+003  4.221197228665874E+005
    384  2.663488966578431E+005  1.229812814921040E+007
    385  8.047580068042815E+003  3.753276897647228E+005
    386  9.343506927516201E+004  4.361052393348961E+006
    387  2.579622636148919E+004  1.200934810370672E+006
    388  3.085562889816470E+001  1.418743764404984E+003
    389  2.170942713430898E+003  1.011194452820397E+005
    390  1.380732828168496E+005  6.509671390455113E+006
    391  3.012502245092166E+004  1.362838048841117E+006
    392  6.401650115207578E+004  2.939157432187818E+006
    393  1.563240121237360E+005  7.327675941513707E+006
    394  2.140386573579126E+003  1.001194264354131E+005
    395  3.637072632117341E+004  1.706981770112019E+006
    396  6.853138378756615E+003  3.180150373022712E+005
    397  1.626686257782873E+003  7.519865391177656E+004
    398  3.111694081737528E+003  1.455020067358319E+005
    399  9.233121366070218E+003  4.279236522522094E+005
    400  2.180676595153055E+004  1.008835331348965E+006
    401  2.748988095543542E+003  1.279965198751143E+005
    402  3.056051646522020E+004  1.399945203284005E+006
    403  7.814034435267597E+003  3.622205117651959E+005
    404  3.161240087352966E+003  1.473014838996442E+005
    405  1.282753221075175E+004  5.934158309697200E+005
    406  3.061096456081130E+001  1.430671542764723E+003
    407  5.764632297083837E+004  2.698112957555333E+006
    408  1.378900259803340E+002  6.482361914570484E+003
    409  8.037182334749048E+003  3.682033134312963E+005
    410  5.003297555430315E+002  2.352217312251189E+004
    411  5.514295593406083E+003  2.585776411631819E+005
    412  5.287094001472126E+001  2.449219175498212E+003
    413  1.245671077493108E+004  5.737210188010902E+005
    414  7.782704828215336E+002  3.620099106160575E+004
    415  1.911059803330238E+004  8.929759278148427E+005
    416  6.531610430049237E+002  3.053765675315869E+004
    417  3.691171231262252E+003  1.717309010055371E+005
    418  3.181805724798987E+005  1.471721990416130E+007
    419  6.229152680929156E+004  2.929997374430481E+006
    420  8.292057225355881E+002  3.885266657964836E+004
    421  4.032975653378039E+003  1.884391252758939E+005
    422  2.998704880906446E+004  1.387498878101272E+006
    423  3.238403129317155E+004  1.503570091588737E+006
    424  1.184262367738954E+002  5.483394790859534E+003
    425  8.641684590844061E+004  4.003596449044015E+006
    426  1.538096053267972E+004  7.155626571243834E+005
    427  2.581417784945147E+004  1.160553018928541E+006
    428  6.920750875178430E+001  3.170113953107561E+003
    429  1.570078109150203E+002  7.291068213281684E+003
    430  2.201358426496417E+004  1.007675747891649E+006
    431  1.026285755108538E+004  4.679525246301515E+005
    432  3.341987193774497E+002  1.543202076175819E+004
    433  1.493044267967914E+003  6.929197030153721E+004
    434  1.874625671180462E+004  8.632423802172228E+005
    435  2.843979385416582E+002  1.322205835084669E+004
    436  3.156146069373790E+004  1.434828237716874E+006
    437  2.263324455935917E+002  1.015803632240284E+004
    438  4.297602007729001E+004  1.936239262795283E+006
    439  1.768329832133339E+001  7.984122440649384E+002
    440  1.122446107233175E+004  5.202871332898203E+005
    441  3.170045151213914E+002  1.472255955131339E+004
    442  3.260653520026475E+003  1.492196513786037E+005
    443  2.041195448909202E+001  9.492021727284608E+002
    444  1.420167049277018E+003  6.597959089983067E+004
    445  1.704229937960575E+004  7.953050495541018E+005
    446  9.134231302794788E+003  4.190962007272700E+005
    447  1.602438494732254E+002  7.460696573589662E+003
    448  4.220492316640441E+003  1.943299016907947E+005
    449  2.746065383550355E+003  1.280313086585273E+005
    450  2.966831009353362E+004  1.400195092033237E+006
    451  2.141899623661441E+003  9.993795573008696E+004
    452  2.903165588360229E+004  1.366512066084327E+006
    453  4.527851996775259E+004  2.108270696594037E+006
    454  8.994912201698904E+004  4.258753068770122E+006
    455  1.064536100880714E+003  4.975120960768271E+004
    456  3.020195143176226E+004  1.425954490742509E+006
    457  1.943751373121229E+002  8.990930658728341E+003
    458  2.147137347190427E+004  1.015235314624092E+006
    459  5.540161270965618E+003  2.530079960617653E+005
    460  1.770753220173590E+004  8.370818134776197E+005
    461  1.672506523679372E+002  7.795339454683817E+003
    462  2.576058114136890E+004  1.159887499468798E+006
    463  2.607284091882103E+002  1.215739258661576E+004
    464  1.820242245128249E+004  8.257951795154411E+005
    465  3.309904998378568E+002  1.536227811516844E+004
    466  6.754960542849502E+003  3.147068138820067E+005
    467  3.574301043232750E+003  1.627402658322304E+005
    468  6.841425811214134E+003  3.136263431401780E+005
    469  1.346205318937340E+002  6.258797460736067E+003
    470  4.124548024153040E+002  1.896411308638145E+004
    471  2.997046127926341E+002  1.394309024613869E+004
    472  2.207416833969994E+004  1.020855270810555E+006
    473  1.182855193155024E+003  5.527215341839277E+004
    474  8.402781627302874E+004  3.950335522990821E+006
    475  5.787477544644144E+003  2.726069138386764E+005
    476  3.012899057709169E+002  1.412651805362225E+004
    477  1.449571654209412E+004  6.847593166764743E+005
    478  2.232311065001758E+003  1.041600965252035E+005
    479  3.982197945738963E+004  1.865981101021086E+006
    480  3.712308731928295E+003  1.730592262176191E+005
    481  3.538221809085078E+002  1.629570026135622E+004
    482  5.051292439066100E+003  2.354588089432331E+005
    483  7.902311977059427E+003  3.620497137032683E+005
    484  4.872486688776968E+002  2.267450629110787E+004
    485  1.678156054412171E+004  7.900839793694186E+005
    486  8.200282621004010E+002  3.782850467386211E+004
    487  1.428427427181730E+004  6.727637273426887E+005
    488  8.392834009199507E+001  3.883636565972210E+003
    489  9.040641462670406E+003  4.268628658954515E+005
    490  4.159539223249400E+001  1.955221228400929E+003
    491  6.471972277466508E+003  3.032644185582111E+005
    492  9.723103143134425E+003  4.534167447103905E+005
    493  2.588622141270734E+003  1.206971746988689E+005
    494  5.685111461050419E+003  2.604091054286320E+005
    495  7.666002663153091E+003  3.592553756653051E+005
    496  7.520138785741861E+001  3.469047659406061E+003
    497  4.509665870403808E+003  2.030845579811861E+005
    498  3.677611063461107E+003  1.683894684278743E+005
    499  9.425421991857245E+000  4.273027742912193E+002
    500  5.881939646943174E+003  2.758653102239899E+005
    501  1.483966018212398E+001  6.898571849301928E+002
    502  9.955765306267709E+002  4.633257881357081E+004
    503  2.478712361572094E+004  1.167739599940187E+006
    504  1.468828111169694E+004  6.856817943362670E+005
    505  1.051074074535715E+004  4.928873015758823E+005
    506  8.021238343770520E+001  3.705992774431613E+003
    507  1.755763117291359E+004  7.909488095072107E+005
    508  2.332994516503587E+002  1.088299892520437E+004
    509  1.774021211780213E+002  8.278072037188685E+003
    510  1.706241077340409E+004  7.986024481656807E+005
    511  7.058781232429194E+002  3.307810481148381E+004
    512  2.342607648282059E+004  1.102380725607643E+006
    513  3.996222616532947E+002  1.815769292012166E+004
    514  5.666905707328426E+003  2.641740650697823E+005
    515  1.222755329738399E+003  5.658565057057676E+004
    516  2.029532097949799E+003  9.477103530652710E+004
    517  3.783123865059685E+003  1.782422993046867E+005
    518  9.991434557908477E+003  4.697965372712925E+005
    519  1.022891183347727E+004  4.834924087274589E+005
    520  4.243977705283520E+001  1.983757276615514E+003
    521  8.888840189695073E+002  4.133376770271287E+004
    522  4.433038535451078E+002  2.084144275163822E+004
    523  3.489172356118683E+003  1.609942182400432E+005
    524  2.797589797487423E+004  1.322158220261166E+006
    525  1.301750521582046E+003  6.012973059074789E+004
    526  6.055566226028384E+002  2.829122154163456E+004
    527  1.036486596788924E+004  4.892271988598003E+005
    528  9.217272581140850E+002  4.302943306231399E+004
    529  4.643658446757027E+002  2.164909317570257E+004
    530  1.299934452732745E+004  6.084730191861987E+005
    531  1.143249343681074E+004  5.195032564700670E+005
    532  2.726749327722420E+003  1.256757199525763E+005
    533  3.536670203890602E+003  1.625534178398085E+005
    534  2.070260693820966E+003  9.421783201994574E+004
    535  1.007057525334546E+005  4.633812951706841E+006
    536  1.505114175260539E+004  7.016638548090603E+005
    537  2.105293036766817E+005  9.551838596827304E+006
    538  1.624996195292199E+004  7.428687795589938E+005
    539  2.183686902418667E+005  1.017174771746055E+007
    540  1.069667104250404E+004  4.982133831414932E+005
    541  3.255912011818546E+003  1.530416512236071E+005
    542  9.820416701539685E+002  4.570807254713766E+004
    543  3.090211964839755E+003  1.421734782773433E+005
    544  5.510250319901831E+004  2.565247354101701E+006
    545  4.611840535608695E+003  2.136553078817517E+005
    546  7.909645825349574E+004  3.682401840409794E+006
    547  1.060049519917758E+006  4.935000685537431E+007
    548  2.667749312416045E+003  1.228205486388243E+005
    549  4.717160077984933E+004  2.195580354462780E+006
    550  2.117742859082744E+004  9.955527601458835E+005
    551  6.199412407406599E+004  2.881595402899530E+006
    552  5.315275558930707E+004  2.455165342638951E+006
    553  8.331778842937729E+003  3.880171773306432E+005
    554  3.901642039597911E+004  1.816797046996553E+006
    555  1.249696605524673E+003  5.836797454512926E+004
    556  1.887474028431866E+002  8.740457315893318E+003
    557  6.026899691489724E+003  2.760521040011791E+005
    558  5.676528224521250E+002  2.649060671980138E+004
    559  9.099034001682612E+003  4.240014610567766E+005
    560  2.494423346900859E+003  1.162042326366645E+005
    561  5.520399233060278E+002  2.581873148505530E+004
    562  2.985058923835174E+002  1.379618592045617E+004
    563  1.584286121200095E+005  7.326391689553908E+006
    564  4.008424181453625E+003  1.863878354150523E+005
    565  1.151968861872614E+003  5.372289412085103E+004
    566  1.950821839001688E+005  9.042007616429813E+006
    567  4.294011470088454E+002  1.997282548821832E+004
    568  5.300003291721676E+003  2.457111083010606E+005
    569  2.462392747387391E+002  1.146365014523933E+004
    570  1.466466923641649E+004  6.760023922080165E+005
    571  8.431507943928517E+002  3.930354307455790E+004
    572  2.792805980489465E+003  1.277930414209018E+005
    573  1.280562651727561E+003  5.961449253290073E+004
    574  1.617136699944234E+002  7.542644549558229E+003
    575  1.287569372649823E+004  6.008705427891820E+005
    576  3.048748775371273E+003  1.405692104501793E+005
    577  6.687013052050547E+002  3.112515732802228E+004
    578  6.063937202123940E+002  2.799520202699277E+004
    579  2.679004063798542E+002  1.252183345886805E+004
    580  4.271642012810667E+003  1.946341487849693E+005
    581  1.514979705055737E+001  7.120430497736925E+002
    582  2.974852123697084E+003  1.356527342790771E+005
    583  3.536179670377958E+002  1.641954951145830E+004
    584  7.597053054474040E+002  3.546704263195910E+004
    585  3.097072889760424E+003  1.440075807921200E+005
    586  1.166262108812127E+002  5.400751711180166E+003
    587  1.799001455987855E+003  8.287839215848020E+004
    588  2.678106748734770E+004  1.250420976347447E+006
    589  3.656285225710712E+002  1.697970402725169E+004
    590  6.349568187817824E+001  2.941463667870510E+003
    591  1.195497544061817E+002  5.559072469202681E+003
    592  1.159252073647064E+004  5.405231736367991E+005
    593  7.810928181245060E+003  3.643044251314397E+005
    594  5.271272125884666E+002  2.454516837016426E+004
    595  2.740745152151157E+002  1.272054764761536E+004
    596  3.842422207714150E+002  1.793242060520871E+004
    597  5.751216182505526E+002  2.696350204979023E+004
    598  9.645160586231713E+000  4.449707417506988E+002
    599  6.327355885214555E+003  2.978717203407893E+005
    600  2.042722561490475E+003  9.662557184766431E+004
    601  1.607717167877102E+002  7.493949148126457E+003
    602  7.803734566537574E+003  3.654038668790544E+005
    603  5.636516061138089E+001  2.633773781023272E+003
    604  2.618109820526965E+003  1.202294104158812E+005
    605  6.411478620081684E+002  2.981718995470625E+004
    606  1.420658811209252E+001  6.561885315217972E+002
    607  5.626616488785102E+002  2.608727352116093E+004
    608  1.978707882617570E+002  9.216183618947283E+003
    609  2.102363826298854E+003  9.798211822116427E+004
    610  3.879176020388484E+002  1.807898348481567E+004
    611  5.581849023365088E+002  2.612886974818629E+004
    612  1.109303280733641E+001  5.174677588483981E+002
    613  6.335587399442675E+003  2.958281210075419E+005
    614  4.349417706605315E+001  2.027806550267239E+003
    615  2.961174988772407E+003  1.390618223284418E+005
    616  4.757610580467910E+002  2.219298654461858E+004
    617  1.722210808553539E+003  8.004283904431794E+004
    618  3.289767539366212E+003  1.514879605621403E+005
    619  1.006021389895349E+002  4.680037873397680E+003
    620  2.187291858139023E+000  9.894061456519232E+001
    621  1.955266253015088E+003  9.176255866915673E+004
    622  2.962918871488590E+002  1.378003841278103E+004
    623  1.280181105039422E+003  5.917072967068304E+004
    624  3.371320183226975E+002  1.568902718576868E+004
    625  8.717825616081868E+001  4.043429771819544E+003
    626  4.794647063464776E+002  2.240495422912528E+004
    627  8.079004264906892E+001  3.754991636242836E+003
    628  1.194432736971297E+001  5.508785458486598E+002
    629  9.985545722834832E+000  4.599964472078605E+002
    630  2.745395706635189E+002  1.257691378973600E+004
    631  2.771064264907106E+002  1.295550514893655E+004
    632  4.263400019423341E+003  1.992423740231468E+005
    633  1.743766860791052E+002  8.104569808305645E+003
    634  1.339351325591837E+002  6.230728339403370E+003
    635  4.537821316294886E+002  2.085512982222663E+004
    636  5.060943928950041E+002  2.359960267839576E+004
    637  3.275395809448677E+002  1.491741463033465E+004
    638  1.760665716219647E+001  8.194141069232850E+002
    639  1.177625079819670E+003  5.394132761071690E+004
    640  1.104747541529785E+002  5.173567816774215E+003
    641  2.943507189613279E+002  1.372824489055937E+004
    642  7.399592851313963E+001  3.434727978879519E+003
    643  8.273431879158162E+002  3.765781242614092E+004
    644  4.791020634273238E+001  2.215477761232116E+003
    645  7.282206343867153E+002  3.413166616328938E+004
    646  2.724917623317173E+002  1.270780012811281E+004
    647  2.080953339018457E+000  9.465273719534355E+001
    648  8.911667806223807E+001  4.160214521165188E+003
    649  1.394547418817347E+003  6.547413656675968E+004
    650  7.030363700282664E+002  3.282370245504233E+004
    651  7.391954150889364E+001  3.432619017466265E+003
    652  8.242850478589981E-001  3.555272135356899E+001
    653  2.697072978097924E+001  1.257671670076198E+003
    654  2.412075610610089E+003  1.116230441077069E+005
    655  1.441431378594408E+003  6.768829876551103E+004
    656  2.825810129352810E+002  1.314106165535845E+004
    657  9.772027667841891E+001  4.545299715778155E+003
    658  1.433456911049125E+003  6.678157054534079E+004
    659  1.654875494397138E+003  7.664899058707718E+004
    660  8.446873737474098E+001  3.935514253233956E+003
    661  2.901068730252181E+003  1.352519483462345E+005
    662  3.067256371375371E+001  1.430556238701776E+003
    663  4.374659329236170E+003  2.042908698182990E+005
    664  5.763353633403302E+001  2.689982411989990E+003
    665  1.119546804445988E+002  5.202373453358894E+003
    666  9.594280542141862E+002  4.382316613258006E+004
    667  1.368551020740966E+003  6.323052375091922E+004
    668  7.857340984570997E+001  3.676097905633932E+003
    669  3.828795603879284E+003  1.781693586538068E+005
    670  2.340490890682786E+002  1.089085072744780E+004
    671  8.279294367784687E+002  3.890052990128271E+004
    672  4.060258824121449E+002  1.887662496830688E+004
    673  3.634839950612443E+002  1.683047686941320E+004
    674  4.584794105523658E+002  2.133754098455523E+004
    675  3.591873783791382E+002  1.697538582760813E+004
    676  3.651594787363355E+002  1.693886315853591E+004
    677  6.825493941836748E+001  3.168325766658343E+003
    678  2.371916967131922E+003  1.111256971498035E+005
    679  1.019079977330893E+002  4.741175057138181E+003
    680  5.165614308706636E+003  2.328241646928383E+005
    681  2.103013022346388E+003  9.624795135717071E+004
    682  2.498488127707479E+002  1.162232034395870E+004
    683  1.600924231904877E+003  7.329465233454139E+004
    684  2.286500709315055E+002  1.063754624615474E+004
    685  8.614357323840588E+001  4.009678843151229E+003
    686  1.840009019151255E+003  8.373676512632513E+004
    687  2.921558439648670E+003  1.336191394942333E+005
    688  3.450766339438250E+001  1.598857952556694E+003
    689  2.449106102822008E+003  1.141992525995684E+005
    690  1.669264412310752E+003  7.717014435163642E+004
    691  2.557294255342648E+003  1.153960472900991E+005
    692  7.210316969373173E+000  3.296888870726820E+002
    693  2.709970253350283E+001  1.257783353374632E+003
    694  4.247107119266386E+003  1.927588168797329E+005
    695  2.405802548962822E+002  1.118719594529174E+004
    696  6.543261826042800E+001  3.036200828611408E+003
    697  2.662623638697291E+003  1.198741956746400E+005
    698  6.975608443235777E+003  3.139622627537469E+005
    699  7.241508422069460E+001  3.368128388357406E+003
    700  1.042758816467810E+003  4.817487921971597E+004
    701  3.662035615539380E+000  1.659206384853459E+002
    702  6.055670889833949E+002  2.802362257214736E+004
    703  3.382359232593254E+001  1.566254112250663E+003
    704  3.605463187172611E+000  1.642062012686357E+002
    705  4.015900827598313E+001  1.864104449002409E+003
    706  2.163368643519815E+003  1.009390204934540E+005
    707  7.953099322774055E+001  3.698534986466907E+003
    708  3.208683060546034E+003  1.442774068500660E+005
    709  1.434692275107846E+002  6.664577456556784E+003
    710  5.183149060250867E+003  2.396859887473972E+005
    711  4.747235001323889E+001  2.225870575828599E+003
    712  6.593965709724176E+003  3.050810141014772E+005
    713  3.213860750257323E+002  1.498168423637584E+004
    714  5.204545032898059E+001  2.420508948142124E+003
    715  5.586595883083875E+001  2.598003154069931E+003
    716  2.740682631907159E+003  1.239251454954012E+005
    717  3.814579091859289E+003  1.767510977453896E+005
    718  7.851515216905927E+000  3.663756231453433E+002
    719  2.333329595248512E+003  1.075030872081814E+005
    720  8.590887791349065E+000  3.958479159685439E+002
    721  1.121672307243169E+003  5.280216907474437E+004
    722  6.333978713750804E+001  2.951508398900743E+003
    723  3.005806595686247E+001  1.421957428101798E+003
    724  2.647516013708765E+003  1.244970649839688E+005
    725  1.203082160975155E+004  5.484839106988307E+005
    726  1.459622637107160E+001  6.759969564877529E+002
    727  3.793993403320884E+003  1.742178621264501E+005
    728  2.587883633786144E+001  1.202240626176480E+003
    729  2.199051098466707E+001  1.019620417028773E+003
    730  1.369956215297763E+003  6.215941670726021E+004
    731  1.211963973190037E+003  5.666529600565477E+004
    732  6.966702793468451E+001  3.222171334246905E+003
    733  1.304873906792079E+003  6.098944985852236E+004
    734  3.037634556430177E+000  1.368263770653054E+002
    735  4.484724125427191E+001  2.114860657875018E+003
    736  5.006748817369319E+000  2.265080453281901E+002
    737  3.327334142922168E+002  1.556107637725920E+004
    738  1.261677891797182E+003  5.896016845627842E+004
    739  6.292610889048464E+001  2.946688686689321E+003
    740  2.210946971140013E+001  1.037270454361759E+003
    741  5.860192643354294E+003  2.753132727125857E+005
    742  1.432725985563754E+003  6.518046621964497E+004
    743  6.032376624973049E+000  2.825096452297980E+002
    744  1.223222841136114E+002  5.674664282830425E+003
    745  2.389813946319774E+003  1.091749647201752E+005
    746  9.046301201663310E+002  4.201962499602760E+004
    747  3.542920664534209E+001  1.661659928094100E+003
    748  8.031725360630329E+002  3.792267146061684E+004
    749  1.342680417715520E+003  6.109584686562046E+004
    750  1.392888461616888E+001  6.483622713202623E+002
    751  9.601620226618323E+002  4.502727319237849E+004
    752  2.440794875582261E+000  1.109169890358686E+002
    753  1.319997820413400E+001  6.136586900439712E+002
    754  6.435985543345784E+001  2.988803050466265E+003
    755  1.115058719429777E+003  5.222756118868375E+004
    756  1.012159454739145E+003  4.676163393212274E+004
    757  6.150442127611444E+002  2.850314036112766E+004
    758  4.953618645447921E+001  2.299088534827995E+003
    759  6.829375358726286E+000  3.194004222218210E+002
    760  1.105625045182714E+003  5.208244945935746E+004
    761  4.005570204038557E+001  1.863407100064332E+003
    762  2.026724016708963E+003  9.537064346273220E+004
    763  2.353809940126768E+003  1.100358806069034E+005
    764  4.716669466754514E+001  2.196543812091235E+003
    765  9.449044329299346E+003  4.404564717208753E+005
    766  4.912189474111660E+001  2.307535682455867E+003
    767  4.904669544707206E+001  2.276083703609539E+003
    768  5.480032770846678E+003  2.561087600732924E+005
    769  3.988913627326949E+003  1.845254276838060E+005
    770  6.924418653599506E+001  3.212327851424418E+003
    771  1.692744933793712E+003  7.905687018212705E+004
    772  3.916629458910208E+003  1.788883448362729E+005
    773  5.950906374700607E+000  2.753976210299191E+002
    774  1.221928070675971E+003  5.691428123907512E+004
    775  1.197510161321093E+001  5.644842238913729E+002
    776  2.039454839508877E+001  9.433841452720008E+002
    777  1.455063435194135E+004  6.832630317839823E+005
    778  1.043831356164746E+004  4.919623788797031E+005
    779  2.331405699003792E+001  1.085353095408075E+003
    780  1.453139735731331E+003  6.738309209589950E+004
    781  8.607518073173011E+001  4.015173369085694E+003
    782  1.129073212780063E+002  5.250438080225434E+003
    783  1.295886304114701E+004  6.070751233847125E+005
    784  4.274530311921500E+003  1.991157242130067E+005
    785  1.306806621549684E+004  6.093273347771502E+005
    786  5.534544967838409E+001  2.573783414346150E+003
    787  1.646201364619625E+002  7.656262156757296E+003
    788  1.515982210367554E+001  7.039868101147089E+002
    789  2.044384582627360E+003  9.465117596599976E+004
    790  1.293069148061818E+002  6.031949402124706E+003
    791  4.969796468021452E+003  2.303439321919478E+005
    792  7.004108004052146E+001  3.283437404342311E+003
    793  1.346377503601688E+003  6.254752182359204E+004
    794  6.819681565742950E+001  3.171904560443335E+003
    795  3.878294422339783E+003  1.827406772597987E+005
    796  5.738101980038473E+002  2.617254899545086E+004
    797  1.122074070871760E+003  5.288232129079682E+004
    798  1.689742231466268E+001  7.900308362456993E+002
    799  1.851681027709452E+003  8.478202031115633E+004
    800  2.216655478906085E+002  1.036372348826291E+004
    801  6.612495232293397E+000  3.096286157535145E+002
    802  2.345414764988187E+003  1.076838217686714E+005
    803  1.098051400700732E+003  5.123405556795577E+004
    804  9.813277211655158E+001  4.564878924607175E+003
    805  3.365014166348388E+001  1.567551019480632E+003
    806  3.217276503475754E+000  1.471278195963781E+002
    807  3.018131011394644E+003  1.418338926468182E+005
    808  1.043246709541350E+003  4.912267956124848E+004
    809  5.523112398031729E+001  2.565489360257609E+003
    810  1.024247652800019E+004  4.833750270915115E+005
    811  1.313543977011799E+001  6.131377141524900E+002
    812  1.979980136360948E+003  9.313666538683033E+004
    813  1.263143755600665E+004  5.926468637829239E+005
    814  6.509180831745525E+000  2.978428525037826E+002
    815  1.386721220068028E+002  6.480504553069263E+003
    816  1.366872848257692E+004  6.437821794736668E+005
    817  5.482630900304246E+003  2.578376224743752E+005
    818  3.548598395009222E+001  1.665515054842120E+003
    819  2.236621219889741E+001  1.053518476754865E+003
    820  1.447240636242866E+003  6.768579537103213E+004
    821  2.012266136320398E+003  9.421763746162115E+004
    822  1.369095647719691E+003  6.388217333593799E+004
    823  1.865567056159013E+000  8.457083749886830E+001
    824  2.049632871802256E+003  9.660147492829325E+004
    825  2.810131235929326E+003  1.314815520078863E+005
    826  3.234183215500177E+003  1.500566139562713E+005
    827  8.250042195574732E+002  3.837382777642467E+004
    828  5.155700306941598E+001  2.412092043461449E+003
    829  5.747193424720425E+002  2.684753476140514E+004
    830  2.103067639108681E+001  9.819101382399903E+002
    831  1.256522948802026E+003  5.903064325450459E+004
    832  1.508106751921302E+003  7.105846998590068E+004
    833  3.267641193758179E+000  1.513757838682938E+002
    834  1.421672198938558E+001  6.601126327867001E+002
    835  1.014784255149287E+003  4.617258001155940E+004
    836  4.032499681728762E+003  1.892323277424350E+005
    837  5.180015786699103E+001  2.434267897817930E+003
    838  6.420711223992613E+002  2.968712807579917E+004
    839  1.865549758157321E+001  8.682993746972974E+002
    840  1.123499308121424E+000  4.963461517122310E+001
    841  4.749450027329939E+000  2.180952836104672E+002
    842  5.771617107943433E+003  2.702059794907097E+005
    843  7.587362866695261E+002  3.531028756619024E+004
    844  2.945875868312514E+003  1.389471468723803E+005
    845  1.133264670589765E+002  5.299622961678353E+003
    846  6.311855003319237E+001  2.926579848087129E+003
    847  1.902257858836116E+003  8.781270412724838E+004
    848  3.243512712299509E+003  1.477288306852707E+005
    849  6.803294222260674E+001  3.168920163846236E+003
    850  1.782260282239190E+000  8.033758664016507E+001
    851  8.511418765245847E+002  3.851312274393335E+004
    852  9.381380102180455E+001  4.395910135063822E+003
    853  9.672028105213886E+002  4.552947456714603E+004
    854  3.085907139978145E+003  1.453556474149252E+005
    855  1.107734361390062E+003  5.017400118500549E+004
    856  3.339803780106371E+001  1.577621394897342E+003
    857  2.060645851903707E+001  9.684850953487348E+002
    858  3.021791735515289E+003  1.421206320719681E+005
    859  5.932003269925969E+001  2.782693757051007E+003
    860  1.567654023159579E+003  7.384190943628146E+004
    861  2.546303087675436E+001  1.193563559954490E+003
    862  7.646656146422310E+001  3.553413959962155E+003
    863  1.902106239558609E+003  8.969756236834165E+004
    864  4.391323286969308E+000  2.044237299526046E+002
    865  1.235251103902446E+003  5.832782147988775E+004
    866  2.651739603623334E+003  1.197685136365764E+005
    867  2.743746145953391E+001  1.292044713087081E+003
    868  2.411070978563578E+003  1.125481172311119E+005
    869  4.990625613571797E+000  2.307946146938743E+002
    870  8.953954969755046E+003  4.059546729599985E+005
    871  7.272217102597045E+002  3.299508889138566E+004
    872  7.437659335515463E+000  3.501284415456132E+002
    873  1.056190026676038E+003  4.978525131415587E+004
    874  3.990616793343116E+000  1.817295268437322E+002
    875  1.796353402919163E+003  8.365567406738584E+004
    876  1.644873724279661E+001  7.616932486217980E+002
    877  2.373496253499594E+003  1.085577468463061E+005
    878  1.520818721219343E+001  7.045179922189710E+002
    879  1.591444435276215E+002  7.432938307577641E+003
    880  6.815782951070578E+002  3.194556666592677E+004
    881  2.820868778797735E+000  1.313156580273622E+002
    882  2.505477949762358E+001  1.174231576368042E+003
    883  2.782948832562157E+002  1.304953294768509E+004
    884  6.518419420596751E+002  2.995800111215201E+004
    885  2.701132852788741E-001  1.041421793016723E+001
    886  2.782794023935684E+003  1.286986501055838E+005
    887  1.382314976780197E+003  6.243676304480632E+004
    888  1.890611998144144E+001  8.768074904390122E+002
    889  3.435432679749924E+000  1.603336682409399E+002
    890  2.167554051207721E+003  1.018783582753173E+005
    891  1.228757356595648E+001  5.793309599036058E+002
    892  2.192531792303675E+003  1.021373083431285E+005
    893  5.691217262628639E+001  2.643069415677554E+003
    894  3.663187737650483E+002  1.722013279410963E+004
    895  4.124810485338446E+003  1.944496711081443E+005
    896  4.710996899916142E+002  2.212798643381735E+004
    897  5.429735442478567E+003  2.536784143838390E+005
    898  3.760173382622406E+003  1.734619659261017E+005
    899  4.280872920999813E+002  1.994888216569494E+004
    900  2.128580574444732E+001  9.956809914294844E+002
    901  3.308895524875756E+001  1.534980715012307E+003
    902  5.071251233075621E+003  2.380694379359101E+005
    903  7.504387275541166E+002  3.433615560348262E+004
    904  9.619840998440644E+000  4.510319337043975E+002
    905  3.890289212988881E+003  1.769936236062625E+005
    906  1.737812845711778E+001  8.141962318406654E+002
    907  1.202487418859254E+003  5.604658911301711E+004
    908  3.690218601568894E+001  1.710474877481394E+003
    909  4.142906935499772E+003  1.952603079999986E+005
    910  1.923989414811722E+002  8.951438429545740E+003
    911  7.297715780338189E+003  3.336548699936247E+005
    912  1.309939051137766E+001  6.088980627870366E+002
    913  1.883732909534050E+002  8.732017335044762E+003
    914  2.730553994158827E+000  1.250643120040014E+002
    915  9.991188416868467E+001  4.673966384085300E+003
    916  6.979406115548808E+002  3.271502751090991E+004
    917  8.851533104466286E+002  4.109039206152315E+004
    918  3.114264109402611E+003  1.466483681717334E+005
    919  8.029464531191765E+002  3.692182051815995E+004
    920  2.997662688056008E+001  1.392709713568812E+003
    921  4.332791032903692E+002  2.029235721924814E+004
    922  1.530118949822548E+002  7.169310826223864E+003
    923  1.281048203055310E+002  5.981769125278649E+003
    924  5.214113034992924E+003  2.417782504546506E+005
    925  1.819144483757548E+001  8.433963603383390E+002
    926  2.216941366926876E+003  1.027766859396378E+005
    927  1.235906330193514E+002  5.758298228120925E+003
    928  5.530280821835560E+003  2.518838454961014E+005
    929  6.627409900273095E+003  3.008174583399958E+005
    930  6.487225589497372E+003  2.918425813161517E+005
    931  4.920980470280857E+001  2.280190250935145E+003
    932  5.801049756395353E+002  2.653674696090146E+004
    933  5.089224402613799E+001  2.379383197346364E+003
    934  4.896630074174234E+003  2.296628158108642E+005
    935  1.829941580778927E+001  8.483992805776820E+002
    936  7.172771966920541E+001  3.345672468236495E+003
    937  5.879053247547530E+003  2.663056867344386E+005
    938  1.459733567695573E+003  6.881106749181010E+004
    939  2.905819104652764E+001  1.347880831582595E+003
    940  1.614503236597126E+003  7.526679365370286E+004
    941  2.845508575347366E+001  1.340541466647963E+003
    942  1.407128412835928E+003  6.520231215995336E+004
    943  3.417781748553114E+002  1.601048550954405E+004
    944  1.075438619071038E+003  5.040043407454064E+004
    945  1.039557014239603E+003  4.792917015936384E+004
    946  9.245031957053675E+000  4.320744562365058E+002
    947  3.491806566708316E+003  1.583037833951268E+005
    948  1.656391373592411E+003  7.788702532695727E+004
    949  7.830163098993442E+001  3.656430035758042E+003
    950  7.852028343571734E+002  3.662735942352295E+004
    951  4.862395482141800E+001  2.278472080560229E+003
    952  2.479782131558374E+003  1.125200877714829E+005
    953  1.095547113966250E+002  5.166407239307696E+003
    954  1.020262702771740E+004  4.827368896358022E+005
    955  3.846596302995335E+003  1.817705984173338E+005
    956  3.613294995660693E+001  1.706164546676747E+003
    957  3.515920039734270E+001  1.636971091147302E+003
    958  2.977033188235261E+003  1.407038881741042E+005
    959  1.651485262017541E+001  7.711456602114199E+002
    960  2.014379495596116E+003  9.509191256979744E+004
    961  3.182927118033420E+001  1.485213096646830E+003
    962  9.629004331123027E+002  4.496254303906817E+004
    963  1.046401490089341E+002  4.868314762818522E+003
    964  4.709486914722517E+003  2.221356792538959E+005
    965  9.675054869293234E+000  4.564584487402850E+002
    966  1.093456636596282E+004  5.157196931640729E+005
    967  6.754374558291989E+002  3.128647490836668E+004
    968  1.087902013710325E+003  4.966606431174346E+004
    969  5.835494824599790E+000  2.708051190741003E+002
    970  5.262699557890767E+003  2.482472121700523E+005
    971  9.573765292590625E+000  4.480604877327266E+002
    972  1.440479595838488E+003  6.757600487127689E+004
    973  4.961061050521796E+003  2.295709010614214E+005
    974  1.325855370294263E+001  6.189110917299428E+002
    975  4.219521093638715E+002  1.982151898877492E+004
    976  1.154982234744617E+003  5.422692180512656E+004
    977  3.306071108731322E+002  1.549089694286617E+004
    978  1.199145054697429E+002  5.660293093039617E+003
    979  1.856407262276191E+003  8.612556000668085E+004
    980  2.969613621082424E+001  1.389231243006136E+003
    981  5.694787326548838E+003  2.694950704917785E+005
    982  9.624488126603660E+001  4.521552753310462E+003
    983  5.026736928203835E+002  2.309398651796237E+004
    984  5.525018578818425E+002  2.532277459501929E+004
    985  7.303343381548179E+001  3.425901240860250E+003
    986  9.680229123731573E+002  4.554535630506450E+004
    987  2.404662540348698E+001  1.119741179937801E+003
    988  6.095870883205454E+002  2.836125893778682E+004
    989  5.280479625996519E+003  2.486815826066382E+005
    990  4.489187297890073E+001  2.080173909947196E+003
    991  1.179671746071917E+004  5.540200729972930E+005
    992  2.666581163771903E+003  1.237656972317602E+005
    993  2.598598391319666E+001  1.224684846420192E+003
    994  7.421336554148895E+001  3.441231303161827E+003
    995  1.236894729035077E+003  5.745445589778502E+004
    996  1.850469229705766E+001  8.737877280337124E+002
    997  5.795263942546267E+003  2.719753543435955E+005
    998  1.011379712642997E+004  4.723467106789593E+005
    999  4.815729682707801E+001  2.278682857642337E+003
   1000  4.556400767810071E+003  2.079811638068970E+005
   1001  1.297187757349959E+004  6.064251368460301E+005
   1002  1.278613482626539E+002  5.987347818268664E+003
   1003  2.849960702753013E+001  1.333779408318245E+003
   1004  9.572423546197034E+001  4.447146694193267E+003
   1005  1.988512307591891E+003  9.238909539434283E+004
   1006  8.129297483071579E+003  3.709594509144176E+005
   1007  1.168629403772654E+001  5.265505556828601E+002
   1008  3.249349775703532E+003  1.476482051018690E+005
   1009  3.755530973234323E+003  1.703637001820503E+005
   1010  5.384650542584446E+001  2.504043838276169E+003
   1011  1.584876609856715E+003  7.265681134971697E+004
   1012  2.655296509473685E+001  1.239015746847339E+003
   1013  1.497123239928998E+003  6.986547395705814E+004
   1014  8.619611915308689E+002  3.974748676535565E+004
   1015  2.383677685073012E+001  1.127597217248350E+003
   1016  4.467621189986436E+003  2.098032521139772E+005
   1017  5.266023187546816E+001  2.440532560316722E+003
   1018  4.589166691926660E+003  2.153458801890607E+005
   1019  1.959937053455921E+000  9.019175622739374E+001
   1020  6.688952192936054E+003  3.155268303434587E+005
   1021  1.376754136475985E+003  6.478861684800696E+004
   1022  3.150593569323177E+003  1.482787987171814E+005
   1023  1.334156461475495E+001  6.162067326705682E+002
   1024  1.246550029838661E+004  5.842211085400615E+005
   1025  2.941421940691784E+001  1.370013190257052E+003
   1026  4.652379672618398E+003  2.167735163708049E+005
   1027  7.231200886949026E+003  3.352582766537311E+005
   1028  1.065046734283747E+002  4.939584365934216E+003
   1029  8.810776875674768E+003  4.109502503009688E+005
   1030  2.267702794762129E+000  1.045402794868948E+002
   1031  4.972529743304932E+003  2.296139263457014E+005
   1032  2.847537095309666E+003  1.319658560255329E+005
   1033  7.268464160006468E+003  3.387741606238732E+005
   1034  2.310929447979699E+003  1.088019546194347E+005
   1035  5.532005739059792E+001  2.567775605875664E+003
   1036  7.502296186198228E+003  3.414996633101669E+005
   1037  8.235261177953682E+000  3.827963627195074E+002
   1038  2.806963372658148E+004  1.288609329057310E+006
   1039  3.473668541474373E+004  1.618892772382323E+006
   1040  1.516999099144555E+002  7.057196587560692E+003
   1041  2.837903499821692E+004  1.309687484461368E+006
   1042  2.900266821737959E+004  1.365105122960237E+006
   1043  5.942417785411180E+001  2.755089909690415E+003
   1044  1.824049256518488E+004  8.340113354998841E+005
   1045  1.468006580112348E+004  6.865123079283717E+005
   1046  3.465893506232673E+002  1.622937860685402E+004
   1047  4.320668820499549E+004  1.999977130778426E+006
   1048  4.440541876229534E+004  2.044187350389499E+006
   1049  6.484353789872264E+001  3.050319617083579E+003
   1050  1.316248464138456E+004  6.103190472720542E+005
   1051  6.145677904881188E+001  2.862552169081648E+003
   1052  6.340129651281159E+004  2.951341163622649E+006
   1053  1.069998684962948E+004  4.945576613400267E+005
   1054  4.093480369158654E+001  1.896947766914439E+003
   1055  1.811723652810005E+004  8.519746743809069E+005
   1056  1.462244461077390E+002  6.820916041926096E+003
   1057  1.351977305961875E+004  6.293041326981527E+005
   1058  2.460736560951444E+004  1.151895000250108E+006
   1059  1.985648681180610E+001  9.251430455537851E+002
   1060  6.033542367832481E+004  2.743981614808480E+006
   1061  9.447929642055587E+003  4.356729558419988E+005
   1062  1.541886486967573E+004  7.153905124828835E+005
   1063  2.562927591187285E+002  1.193994534131972E+004
   1064  3.951751789626614E+003  1.820956687671397E+005
   1065  9.071341061173062E+001  4.235506277983502E+003
   1066  2.317513774605344E+004  1.090553081545850E+006
   1067  3.791953742101714E+004  1.763047041883381E+006
   1068  1.484949306688308E+002  6.915488421215533E+003
   1069  5.787128299563324E+004  2.661964968784381E+006
   1070  4.390475189048842E+005  1.991780210007478E+007
   1071  3.126151950595474E+004  1.459549513241229E+006
   1072  7.306805682072231E+004  3.367791729486031E+006
   1073  2.535182697780711E+001  1.185110481036200E+003
   1074  1.413619688073117E+005  6.576461057955270E+006
   1075  1.039995500316479E+004  4.840461134619318E+005
   1076  2.440337419622151E+003  1.144666115536238E+005
   1077  5.744026163675187E+002  2.611326193162428E+004
