# dt =   1.000000000000000E-003
# j, New nj, Rate of change (1/s)
      1  7.556847326810138E+003  2.944338476972227E+005
      2  2.751204037571938E+005  1.067106002761773E+007
      3  6.371611255630095E+003  2.460163233856737E+005
      4  1.433341116096933E+004  5.463578695795535E+005
      5  3.073053058488348E+004  1.181837362717394E+006
      6  4.086145738314595E+003  1.577848496556781E+005
      7  3.020681141497908E+005  1.162038105812021E+007
      8  1.537800676877498E+005  5.916787533105212E+006
      9  8.954266319119104E+004  3.468121798942622E+006
     10  7.165524004587741E+004  2.749257227441290E+006
     11  1.582170483791726E+004  6.086467789591315E+005
     12  1.408625854669330E+004  5.290444256488536E+005
     13  7.902346183053362E+002  3.042978010132257E+004
     14  5.791458185053029E+003  2.228000725008380E+005
     15  6.478291361304441E+002  2.481572915346636E+004
     16  5.400395018381548E+004  2.087029454520104E+006
     17  1.190505905154999E+004  4.545413664709660E+005
     18  5.147092523347425E+004  1.979683778503116E+006
     19  4.894868396052889E+002  1.873609675196043E+004
     20  1.332302330064503E+004  5.121928298515053E+005
     21  1.845175654253479E+003  7.038208219251079E+004
     22  1.487257672603632E+004  5.735049068201551E+005
     23  1.579910055740094E+005  6.079679948377331E+006
     24  1.175646965689967E+005  4.521795399517863E+006
     25  4.992915184291398E+002  1.908912172150306E+004
     26  1.347232200911270E+003  5.209272428573672E+004
     27  3.441473800811546E+005  1.310185610276999E+007
     28  5.821597205787781E+003  2.218521619324133E+005
     29  7.224467092467233E+004  2.723527851902203E+006
     30  1.770920798527757E+003  6.796952967821935E+004
     31  3.102671591568979E+004  1.195972468600977E+006
     32  1.652876499141029E+004  6.340465600879219E+005
     33  6.846440605147319E+003  2.598230651144038E+005
     34  3.420989065701171E+003  1.315083449064473E+005
     35  8.259405319723394E+004  3.115502267025847E+006
     36  8.204505267176548E+003  3.146329224344055E+005
     37  4.271353224212312E+004  1.629627358244520E+006
     38  1.230572139733886E+005  4.735753381582666E+006
     39  1.518768919736152E+004  5.790429558022026E+005
     40  4.486426100090078E+004  1.709149418803943E+006
     41  3.323954610410733E+004  1.276885966035497E+006
     42  1.299699925494469E+004  4.978239611136849E+005
     43  6.352403441220700E+003  2.442833954175439E+005
     44  4.285051720754485E+004  1.633494218542732E+006
     45  1.679394501632386E+004  6.421142545132937E+005
     46  6.553081736772745E+003  2.521544089905388E+005
     47  9.712746490890133E+001  3.731454193175595E+003
     48  1.572352147174958E+004  6.029424235822269E+005
     49  4.369120238970413E+003  1.675780037162955E+005
     50  3.694599790572090E+003  1.434749101774243E+005
     51  6.497502320919769E+004  2.528337285655567E+006
     52  6.244538501696165E+003  2.430873649495459E+005
     53  2.994400822858152E+003  1.154473358789114E+005
     54  3.722911384205192E+004  1.435952885546349E+006
     55  5.815532657442404E+004  2.241601263100393E+006
     56  1.262770055671146E+002  4.834213752974425E+003
     57  4.257797510402093E+004  1.644608582442145E+006
     58  3.893398369817524E+004  1.498725981362065E+006
     59  6.201291022020876E+002  2.404460263158114E+004
     60  1.224119346257201E+005  4.719854573528457E+006
     61  1.218746519370108E+003  4.650688278958273E+004
     62  3.539114916175759E+003  1.368358592272677E+005
     63  2.028638981447460E+003  7.852073309466070E+004
     64  6.869075270594042E+004  2.647804688259399E+006
     65  8.089959472991363E+005  3.123526220549427E+007
     66  9.253767959113742E+003  3.564129829239027E+005
     67  9.891058601949039E+004  3.818359168861760E+006
     68  2.266959952327665E+003  8.747221722061449E+004
     69  7.150891300619825E+003  2.770448232478464E+005
     70  1.730042457591347E+005  6.666340881628455E+006
     71  2.181561358609589E+005  8.433310801342841E+006
     72  1.318962413950463E+003  5.033454497483624E+004
     73  2.797778811805000E+004  1.045288603774646E+006
     74  8.224703554961985E+003  3.159868601910734E+005
     75  9.879728548233932E+002  3.794698104192274E+004
     76  1.196690908100563E+003  4.568341135252795E+004
     77  3.195032525916166E+003  1.231138227509961E+005
     78  3.506263038057257E+003  1.350112843544456E+005
     79  2.260472130307263E+004  8.735612470923971E+005
     80  7.091126365147365E+004  2.657335939838737E+006
     81  5.747278564423502E+003  2.205968982695866E+005
     82  8.237175419645066E+003  3.109811578540106E+005
     83  3.225633092239309E+003  1.236912504958146E+005
     84  1.731294160380914E+003  6.688636896085495E+004
     85  1.587592942501190E+004  6.093963946405965E+005
     86  1.169341604891684E+005  4.371467543950792E+006
     87  9.947524687160750E+002  3.728009550298678E+004
     88  1.035286313634107E+003  3.976788640290248E+004
     89  1.086286234489952E+004  4.131784451816043E+005
     90  1.536739649238162E+005  5.737530045607436E+006
     91  4.908214429711473E+004  1.870806700780536E+006
     92  2.413567822704648E+004  9.147095590718453E+005
     93  5.371858914548554E+003  2.014429716303190E+005
     94  2.715036388501824E+004  1.014208510254782E+006
     95  1.125989772670265E+004  4.336445716146558E+005
     96  2.317109314136498E+003  8.876309136702969E+004
     97  2.671659906298195E+004  1.035395854164953E+006
     98  3.123261496267912E+004  1.192674985724195E+006
     99  1.339788564941474E+003  5.096448570311390E+004
    100  6.712887658867099E+004  2.598122555962526E+006
    101  6.949551276738293E+003  2.665960713671350E+005
    102  1.813601319005965E+004  6.883060492580005E+005
    103  2.556383827563015E+005  9.761279300610980E+006
    104  1.877880122257059E+003  7.211571218917788E+004
    105  3.501271092078381E+004  1.361645587226166E+006
    106  7.050204048000419E+003  2.719308412749887E+005
    107  8.951013820691564E+002  3.456449662196310E+004
    108  2.073419438589462E+004  7.946914851954136E+005
    109  3.631322535454845E+003  1.394187245199652E+005
    110  2.138566590826278E+004  8.164744924238551E+005
    111  6.330039423091163E+003  2.418253104099615E+005
    112  4.655061697146886E+003  1.786858905488660E+005
    113  5.349230225247470E+003  2.030968025267058E+005
    114  6.257203113904914E+004  2.407514582286089E+006
    115  2.397332889725386E+004  9.125655995068684E+005
    116  3.804833229023700E+003  1.464063551542693E+005
    117  9.213946196078630E+003  3.464405762455887E+005
    118  1.525014968227992E+003  5.835972494991244E+004
    119  4.143894431404168E+003  1.602646456306338E+005
    120  2.330676801109624E+004  8.898373862842495E+005
    121  3.147315706467441E+003  1.211469729655064E+005
    122  1.997639252436273E+002  7.690661537382833E+003
    123  1.120527265672442E+003  4.317472746116206E+004
    124  6.588425654125213E+001  2.480784464560998E+003
    125  1.349854288393725E+004  5.076138132799538E+005
    126  1.018486419754041E+004  3.870031736055606E+005
    127  2.991114029712116E+003  1.140622707909714E+005
    128  1.371859349370990E+004  5.301229476901924E+005
    129  9.567068150691094E+001  3.656595247845058E+003
    130  2.971539266103027E+003  1.153436538345298E+005
    131  6.955724713742432E+003  2.676277274850890E+005
    132  1.165695232654711E+003  4.462976535996935E+004
    133  5.632310591596768E+003  2.165809513441314E+005
    134  3.912745236468531E+003  1.502106151633552E+005
    135  5.333603812296316E+003  2.029173906084414E+005
    136  8.530587802213351E+003  3.311828321457183E+005
    137  3.721574445862168E+003  1.433935110836699E+005
    138  6.319312648508271E+003  2.439151957464176E+005
    139  7.483553368513451E+003  2.879880724199053E+005
    140  5.032972819652135E+003  1.928858223057217E+005
    141  1.858431273770398E+003  7.117529354992205E+004
    142  1.851910476219598E+004  7.120613003607182E+005
    143  6.973011755013673E+003  2.677620775207423E+005
    144  1.136017124737920E+004  4.266712889972567E+005
    145  3.399000174118889E+003  1.315523579058150E+005
    146  4.295035692864519E+001  1.609447595396393E+003
    147  7.564262396028780E+002  2.908615863274724E+004
    148  5.027828540383883E+003  1.949681596659952E+005
    149  1.691679964563808E+004  6.468494167725436E+005
    150  2.146167368273370E+003  8.227531502182934E+004
    151  1.108057334161097E+005  4.273102627782553E+006
    152  3.856570159942764E+004  1.467078445340460E+006
    153  4.335441861700173E+003  1.661071261077799E+005
    154  2.453916728600074E+005  9.156580468673989E+006
    155  1.087264983030228E+004  4.073621146889055E+005
    156  2.938056388501991E+003  1.127927830886369E+005
    157  1.231911676597633E+004  4.708442039975628E+005
    158  7.152844881839433E+003  2.746370907602297E+005
    159  1.521585859590262E+003  5.688501953006595E+004
    160  1.567654689670559E+004  5.960078399832916E+005
    161  8.214205636193219E+003  3.147149831853540E+005
    162  3.987366717342431E+002  1.526851195588354E+004
    163  1.115650386305461E+005  4.220878666240153E+006
    164  1.263809170514675E+005  4.738500027255235E+006
    165  1.155618580401337E+005  4.345825268119942E+006
    166  1.822806304429209E+004  7.023465896026936E+005
    167  1.386581776709149E+003  5.318105031441733E+004
    168  2.209066844829352E+003  8.488159033255665E+004
    169  6.266559261472378E+003  2.381846287751016E+005
    170  7.754746807554559E+002  2.984680806468596E+004
    171  1.148980462728250E+003  4.415594630175194E+004
    172  1.291038204254331E+004  4.944237638099109E+005
    173  7.682521736105617E+003  2.917635456296009E+005
    174  3.425491934411946E+003  1.317026536328173E+005
    175  3.932438218924576E+002  1.513441047512005E+004
    176  1.421631240190840E+003  5.466468012769359E+004
    177  1.301443826102754E+004  5.054259331854757E+005
    178  7.814676989052742E+000  2.714210363353786E+002
    179  3.093487937602102E+002  1.180781649027086E+004
    180  6.503966283988660E+003  2.490366836778802E+005
    181  7.659058664195959E+002  2.967848349777708E+004
    182  5.815014523915000E+004  2.263759952011336E+006
    183  9.628293309037223E+003  3.713245456792421E+005
    184  3.642249499447612E+003  1.401049185286800E+005
    185  4.224542200700349E+004  1.632524878520445E+006
    186  3.625243690879105E+004  1.395082059334717E+006
    187  9.686586571666105E+002  3.717526886482053E+004
    188  2.927677555566393E+004  1.107676294339612E+006
    189  1.186497789318141E+003  4.549563305961724E+004
    190  8.486276654335874E+003  3.197550522057669E+005
    191  3.759813909350567E+003  1.447786498862403E+005
    192  5.965241318612738E+003  2.273483321196457E+005
    193  2.474256123811644E+004  9.458158286689377E+005
    194  4.327297995341267E+003  1.666133618857012E+005
    195  1.272982967563956E+004  4.911912313024578E+005
    196  5.192944706894426E+003  1.992927773984293E+005
    197  1.314214832592323E+004  5.095392241733912E+005
    198  2.852272824680768E+004  1.071499984819456E+006
    199  2.050588364056660E+004  7.872416747346445E+005
    200  1.437406473278894E+002  5.546134643030301E+003
    201  3.138416454193350E+003  1.193845361744553E+005
    202  6.247318446604622E+003  2.408456220659313E+005
    203  1.987312467540836E+003  7.660915631585282E+004
    204  5.155561765677114E+003  1.970867887950700E+005
    205  5.651573413411914E+003  2.170057439589392E+005
    206  4.208283137701083E+003  1.615713282687191E+005
    207  1.283760816657389E+004  4.951635830374242E+005
    208  1.852878885557007E+003  7.035751357396635E+004
    209  1.498645643412902E+003  5.731745824779297E+004
    210  1.355102312361679E+004  5.280373842870975E+005
    211  5.907985970634336E+003  2.305199819025731E+005
    212  6.675456892504629E+003  2.563335353191794E+005
    213  5.800489024863156E+003  2.246131773129000E+005
    214  1.520898599367572E+003  5.836935940467537E+004
    215  1.801760655199015E+003  6.818403872620384E+004
    216  3.661427364018941E+002  1.387671629451009E+004
    217  7.173299182160783E+003  2.775010865769334E+005
    218  3.785452297563967E+003  1.453737477673052E+005
    219  4.906066788853934E+002  1.863230312963052E+004
    220  4.731350936362817E+002  1.820634031770163E+004
    221  5.571970674829339E+003  2.146703976245404E+005
    222  4.268776549427048E+003  1.618522321721658E+005
    223  1.247203950211081E+004  4.767468330159921E+005
    224  1.280872583216527E+002  4.906321302401644E+003
    225  2.010717258132108E+002  7.751995754012205E+003
    226  4.160527966810640E+003  1.568389877167529E+005
    227  1.709270372564357E+002  6.506751936170390E+003
    228  9.759012347310515E+001  3.754331729457881E+003
    229  1.773717519478562E+004  6.817095832621426E+005
    230  1.732021108916296E+004  6.550840546560771E+005
    231  1.906712124608259E+003  7.317009341155755E+004
    232  7.553891023498394E+004  2.943299294207381E+006
    233  1.165603339235638E+004  4.420232880389143E+005
    234  9.667683682003463E+002  3.717884895290967E+004
    235  1.962102904563411E+002  7.575274478568660E+003
    236  1.545553295006144E+004  5.829482549566816E+005
    237  2.812153003852381E+003  1.085573216529319E+005
    238  7.721401657042081E+003  2.948099215433919E+005
    239  4.449441361094914E+003  1.718112506325615E+005
    240  1.045689542900256E+004  4.044479277550388E+005
    241  1.180003998547861E+004  4.509766816081710E+005
    242  1.116466354175632E+003  4.288449144624248E+004
    243  4.550904066557736E+002  1.748658189944837E+004
    244  4.576337975760880E+003  1.772311809552131E+005
    245  1.715986985570837E+004  6.500209598201237E+005
    246  5.442005016664360E+003  2.099853709255682E+005
    247  4.129601186278834E+003  1.578388643247242E+005
    248  7.575422365181810E+004  2.855888755107016E+006
    249  1.580621372059511E+004  5.974395281867172E+005
    250  2.925971062369478E+002  1.114257816245916E+004
    251  8.499785173985410E+003  3.229048324688416E+005
    252  9.828103564087870E+001  3.723248360867182E+003
    253  3.719515477121127E+004  1.429136102686360E+006
    254  1.677589918294673E+004  6.450369072269787E+005
    255  1.539756960010978E+004  5.917521463318478E+005
    256  5.485213088865591E+003  2.092754023448853E+005
    257  8.883046247209141E+002  3.416869522126381E+004
    258  3.237592594977856E+004  1.209472940518474E+006
    259  1.306485451239354E+004  5.058680910076085E+005
    260  5.520315510304582E+002  2.115658099395921E+004
    261  1.629658168800561E+003  6.272778847950197E+004
    262  1.946922684150850E+003  7.471351822111465E+004
    263  5.588825020610034E+001  2.144146576157932E+003
    264  1.065390662712798E+004  4.029932791959681E+005
    265  2.043153408606253E+002  7.651962778998602E+003
    266  1.388787546520603E+003  5.269243158632919E+004
    267  6.871210865552056E+002  2.614863635976849E+004
    268  8.605962518216306E+001  3.296988461304918E+003
    269  3.472552042328811E+002  1.335694411544245E+004
    270  1.548668994811579E+003  5.952389754175476E+004
    271  4.024814331147673E+002  1.552918753949113E+004
    272  1.447744390264337E+004  5.495414226164493E+005
    273  3.911444198047964E+003  1.500491527017310E+005
    274  1.252711231161661E+004  4.799102695735507E+005
    275  2.069671862440767E+003  7.870765332849916E+004
    276  2.335328438478147E+003  8.988871661453242E+004
    277  5.200360932920323E+002  2.007553645007033E+004
    278  1.501437820685750E+003  5.813796622933378E+004
    279  8.148872845051587E+003  3.122795961308018E+005
    280  1.692176797694349E+004  6.557371183744614E+005
    281  7.789929246304219E+003  3.017878350822070E+005
    282  7.622457245109137E+003  2.934418242081883E+005
    283  4.473522729852974E+003  1.694475311592128E+005
    284  2.913916786474791E+002  1.122004173283836E+004
    285  4.649223289535798E+003  1.769965028118940E+005
    286  1.836693210294258E+002  7.093783038250320E+003
    287  1.110405032155291E+003  4.286269499946532E+004
    288  5.993499010668925E+003  2.272307767853980E+005
    289  9.260649719821131E+003  3.582186803019410E+005
    290  3.766759476478721E+004  1.449644525112374E+006
    291  7.801596788142029E+004  3.011969815055303E+006
    292  2.082394408890913E+003  8.030544030772980E+004
    293  1.155592165601424E+005  4.449813275540753E+006
    294  1.598483601377424E+004  6.150008241537362E+005
    295  5.235197954240899E+003  2.005418050653133E+005
    296  2.438836292245962E+004  9.230631462431328E+005
    297  3.813920941623763E+004  1.441743860620480E+006
    298  1.737156966202109E+005  6.762619769218915E+006
    299  2.555567258441211E+004  9.935114077699878E+005
    300  4.118132607760340E+004  1.551092537174236E+006
    301  4.470502415664362E+004  1.723149465335724E+006
    302  4.602453002308376E+003  1.726032815072606E+005
    303  6.220767415149067E+003  2.397803268412613E+005
    304  1.711501019403378E+003  6.566735104219466E+004
    305  1.164351510641827E+003  4.480033294594862E+004
    306  1.192894430222020E+004  4.481035747804641E+005
    307  1.069004586904325E+003  4.103570103346417E+004
    308  3.308779976777348E+004  1.239579599658697E+006
    309  2.594847405564760E+003  9.941092644256068E+004
    310  9.589588903212285E+003  3.593787749852747E+005
    311  8.181314236808304E+002  3.141459386862879E+004
    312  1.977315881486114E+003  7.538990668512946E+004
    313  2.924910152570612E+002  1.121898058774490E+004
    314  1.252440051877208E+003  4.810741211610630E+004
    315  3.127562993682355E+002  1.196117457845749E+004
    316  5.807693802064709E+002  2.228797333716151E+004
    317  1.485651754769357E+003  5.714915372322594E+004
    318  1.550301806783495E+004  5.809809234516281E+005
    319  2.138071177467586E+003  8.299722419364392E+004
    320  4.989075939200357E+003  1.916477554795500E+005
    321  2.187087655382046E+003  8.326776372780341E+004
    322  1.012789405430615E+003  3.859967427456738E+004
    323  7.513837070041383E+002  2.883227577117455E+004
    324  1.923113131340691E+003  7.395536670523418E+004
    325  4.449385912913186E+003  1.708339361024272E+005
    326  8.773765027422716E+003  3.352700860291288E+005
    327  2.438257736275217E+003  9.332343261574565E+004
    328  2.034976991380654E+002  7.784423358627143E+003
    329  2.151080825316661E+004  8.305652830252583E+005
    330  2.252844518376442E+004  8.668078245762765E+005
    331  5.885561805688941E+003  2.262997959762283E+005
    332  3.071106637308972E+003  1.193002909912472E+005
    333  1.339166410800086E+004  5.183560133514358E+005
    334  1.313876012854095E+003  5.046676418131582E+004
    335  8.416669241163856E+003  3.173633826054751E+005
    336  2.733870202004351E+003  1.052096326589017E+005
    337  9.195780249960133E+002  3.525851787284395E+004
    338  2.879803192435753E+003  1.109105126100479E+005
    339  8.137324085995965E+002  3.133665271400409E+004
    340  1.032238169051622E+004  3.985344912514662E+005
    341  1.598775247170360E+004  6.020855114912795E+005
    342  2.526553475790072E+002  9.736754809575299E+003
    343  7.789680098544012E+003  2.985820385796211E+005
    344  2.350447720010456E+004  9.101114378419941E+005
    345  1.705251066797934E+003  6.595130624220289E+004
    346  7.734837560803122E+004  2.991143350595547E+006
    347  1.371389091279976E+004  5.276487534560058E+005
    348  8.135782132031644E+003  3.125616695918372E+005
    349  2.277155616078900E+003  8.650807589224789E+004
    350  1.891879356021101E+002  7.251296192145734E+003
    351  2.210267014697622E+003  8.376482752457207E+004
    352  3.660621302244899E+003  1.409781326764925E+005
    353  3.247396951889608E+002  1.229128332629423E+004
    354  2.487216462230911E+002  9.551913926491734E+003
    355  2.627867009581601E+003  1.016899022168141E+005
    356  1.830175602268532E+004  6.933530181479884E+005
    357  3.894531181204787E+003  1.500363568899227E+005
    358  5.008265447819193E+004  1.896499263155684E+006
    359  6.481207059944039E+003  2.486862564097200E+005
    360  1.419640852130361E+003  5.449791184452878E+004
    361  9.727273997536101E+002  3.746013884335836E+004
    362  1.051603872730232E+002  4.023453038991582E+003
    363  1.587708076323529E+001  5.985400453586825E+002
    364  2.241228029965974E+003  8.568758289125132E+004
    365  2.348813035779492E+003  9.036011670943990E+004
    366  2.752338820317595E+002  1.058918565104264E+004
    367  4.314312200086421E+003  1.661945429757927E+005
    368  1.573292793213762E+002  6.024364604319174E+003
    369  2.165711813146033E+003  8.431776882651991E+004
    370  3.638701760457387E+002  1.397660298492799E+004
    371  1.150377578935443E+002  4.431227969301985E+003
    372  9.391760555023118E+002  3.574441522441578E+004
    373  1.339115131237786E+002  5.153212815667764E+003
    374  1.235753510591819E+004  4.780725342472583E+005
    375  7.668566317619770E+002  2.967681545143441E+004
    376  1.675962534609858E+004  6.447749421588620E+005
    377  1.598540624571891E+003  6.132149665485204E+004
    378  1.314301583587068E+004  4.964804065852234E+005
    379  9.926244029450840E+003  3.805834176032467E+005
    380  8.570405378834701E+003  3.218210353750632E+005
    381  6.017019454719502E+003  2.299363097414026E+005
    382  2.295356618952830E+003  8.828192936863960E+004
    383  1.037291616911160E+004  3.957139816335221E+005
    384  3.016599947860523E+005  1.152863851390289E+007
    385  9.124946526049378E+003  3.517031538174904E+005
    386  1.059543652505377E+005  4.087040264033200E+006
    387  2.924381567423280E+004  1.125506191900039E+006
    388  3.492872996435709E+001  1.329746767834112E+003
    389  2.461198726005434E+003  9.475261024620227E+004
    390  1.567613384754256E+005  6.100993835639589E+006
    391  3.403882684247341E+004  1.277918663494562E+006
    392  7.245675141989629E+004  2.755810687460614E+006
    393  1.773602878751712E+005  6.867587557714571E+006
    394  2.427774997335167E+003  9.381693157173395E+004
    395  4.127093618044417E+004  1.599714351788267E+006
    396  7.766177983993400E+003  2.980868095902088E+005
    397  1.842595673316577E+003  7.049098200036325E+004
    398  3.529434661718552E+003  1.363822686848853E+005
    399  1.046176203631235E+004  4.011303817236567E+005
    400  2.470321668624787E+004  9.456295664950744E+005
    401  3.116387973085820E+003  1.199351217537064E+005
    402  3.458072740244641E+004  1.312638989935411E+006
    403  8.853807363206615E+003  3.394353043230648E+005
    404  3.584127553587864E+003  1.380597200228777E+005
    405  1.453125974846709E+004  5.562279870062385E+005
    406  3.471796533368457E+001  1.340763367498893E+003
    407  6.539192457777735E+004  2.528640440626512E+006
    408  1.564987196896982E+002  6.074943122631009E+003
    409  9.094408559174242E+003  3.451741861120170E+005
    410  5.678523122378881E+002  2.204297157493049E+004
    411  6.256558393101844E+003  2.423130588290562E+005
    412  5.990240095419009E+001  2.295555744328514E+003
    413  1.410387515389592E+004  5.377587006867536E+005
    414  8.821847622145531E+002  3.392258347812898E+004
    415  2.167388373613832E+004  8.367810685742451E+005
    416  7.408225727189038E+002  2.861746465844163E+004
    417  4.184152489895730E+003  1.609371819256135E+005
    418  3.604251081531514E+005  1.379048914838610E+007
    419  7.070235904624265E+004  2.745746111039929E+006
    420  9.407372069908848E+002  3.641003456495205E+004
    421  4.573923170122823E+003  1.765964911910716E+005
    422  3.396998559913378E+004  1.300242382867254E+006
    423  3.670055528974254E+004  1.409201357102108E+006
    424  1.341670112886974E+002  5.138656993429243E+003
    425  9.790884604744920E+004  3.751500493846650E+006
    426  1.743491684527833E+004  6.705015666240770E+005
    427  2.914773972914710E+004  1.088560935518410E+006
    428  7.830831950458730E+001  2.971094598187450E+003
    429  1.779378446243537E+002  6.832733026388865E+003
    430  2.490702627646588E+004  9.446944682961142E+005
    431  1.160644330513307E+004  4.386602206512780E+005
    432  3.785035254504454E+002  1.446430772301030E+004
    433  1.691973300865408E+003  6.494402529491647E+004
    434  2.122489206301852E+004  8.092503100350845E+005
    435  3.223498256304807E+002  1.238904373663596E+004
    436  3.568182064374410E+004  1.345334922797999E+006
    437  2.555097842293573E+002  9.527664315093922E+003
    438  4.853724155807681E+004  1.815932835039940E+006
    439  1.997532103567974E+001  7.482543729301118E+002
    440  1.271829630709343E+004  4.877124204462635E+005
    441  3.592632847472208E+002  1.379497447748811E+004
    442  3.689173275991161E+003  1.399169979058013E+005
    443  2.313688802761720E+001  8.895878530174620E+002
    444  1.609556198313522E+003  6.182506101006926E+004
    445  1.932530682641902E+004  7.452972795714267E+005
    446  1.033770758463215E+004  3.929412841466390E+005
    447  1.816598476826143E+002  6.991234916434501E+003
    448  4.778491938837335E+003  1.821841908632790E+005
    449  3.113579150065615E+003  1.199743760558689E+005
    450  3.368775302819709E+004  1.312169104968179E+006
    451  2.428778337762021E+003  9.365219102974616E+004
    452  3.295459240422210E+004  1.280691362126237E+006
    453  5.133126553874600E+004  1.976051989427526E+006
    454  1.021749505905923E+005  3.991265645443203E+006
    455  1.207361257288511E+003  4.662720248935531E+004
    456  3.429541051443989E+004  1.336342485547022E+006
    457  2.201826677876050E+002  8.424695881744803E+003
    458  2.438582782635501E+004  9.514526599858006E+005
    459  6.266671726703693E+003  2.372054370768472E+005
    460  2.011061017638964E+004  7.845164358977181E+005
    461  1.896267357374456E+002  7.304578542459004E+003
    462  2.909211240299238E+004  1.087880283068277E+006
    463  2.956253454141008E+002  1.139193249727630E+004
    464  2.057402502441862E+004  7.743774572078598E+005
    465  3.750877813207473E+002  1.439547921004856E+004
    466  7.658437499165212E+003  2.949552743819174E+005
    467  4.041648535658880E+003  1.525947386959227E+005
    468  7.742054753155861E+003  2.940629750352015E+005
    469  1.525860497503466E+002  5.864766667693005E+003
    470  4.669000025930890E+002  1.777485039418524E+004
    471  3.397267204854692E+002  1.306493838636284E+004
    472  2.500533847358639E+004  9.569956093450704E+005
    473  1.341527018572873E+003  5.180015020887231E+004
    474  9.536785301827364E+004  3.702029048415059E+006
    475  6.570035230792562E+003  2.554708067568857E+005
    476  3.418399371071530E+002  1.323748524392659E+004
    477  1.646149688374113E+004  6.417529082191468E+005
    478  2.531354951669126E+003  9.763022395312534E+004
    479  4.517872155561292E+004  1.748767076271486E+006
    480  4.209089604628293E+003  1.621755877756987E+005
    481  4.005979256865988E+002  1.526972177937163E+004
    482  5.727283965126197E+003  2.206923643731126E+005
    483  8.941967860515288E+003  3.394522173739853E+005
    484  5.523427332225782E+002  2.125089120611317E+004
    485  1.904954297826876E+004  7.403868471208238E+005
    486  9.286118639836779E+002  3.544651077644076E+004
    487  1.621579185833763E+004  6.305930791492241E+005
    488  9.507590308919798E+001  3.639045868501937E+003
    489  1.026601679876365E+004  4.000319051214929E+005
    490  4.720831713683235E+001  1.832400599261506E+003
    491  7.342603648588379E+003  2.842328726943883E+005
    492  1.102466023661423E+004  4.248952186836019E+005
    493  2.935069358954839E+003  1.130951711810924E+005
    494  6.432928166368284E+003  2.441699214310388E+005
    495  8.697311809446352E+003  3.366793786283836E+005
    496  8.516083411896329E+001  3.251476407546392E+003
    497  5.092976624666220E+003  1.904736751628408E+005
    498  4.161182110759393E+003  1.578920147798340E+005
    499  1.065215166731525E+001  4.004875298973828E+002
    500  6.673908181247064E+003  2.585514611516192E+005
    501  1.682007271123602E+001  6.465294074447025E+002
    502  1.128571434785028E+003  4.341560435708053E+004
    503  2.813925532098061E+004  1.094319122752733E+006
    504  1.665682689348295E+004  6.426729858114171E+005
    505  1.192583848118645E+004  4.619959649554050E+005
    506  9.085059599688282E+001  3.472854187995147E+003
    507  1.982946912691968E+004  7.418481055116151E+005
    508  2.645421881834131E+002  1.019960720253306E+004
    509  2.011674309968360E+002  7.758613429240158E+003
    510  1.935511028688966E+004  7.484947964813000E+005
    511  8.008348564170408E+002  3.099939515171611E+004
    512  2.659056883434290E+004  1.033060538786170E+006
    513  4.517658001834318E+002  1.702542022086751E+004
    514  6.425339320574884E+003  2.476076851923679E+005
    515  1.385209246586150E+003  5.303653232613625E+004
    516  2.301609718414592E+003  8.882490611079846E+004
    517  4.294819512499366E+003  1.670499498411550E+005
    518  1.134012334965317E+004  4.402981044894508E+005
    519  1.161690869868435E+004  4.531293185859233E+005
    520  4.813431178712209E+001  1.858997165841919E+003
    521  1.007529597186535E+003  3.873125025628717E+004
    522  5.031308667924155E+002  1.953069621506461E+004
    523  3.951459324483240E+003  1.509355893111833E+005
    524  3.177166115094671E+004  1.239197165980395E+006
    525  1.474391535970548E+003  5.636413491655033E+004
    526  6.867681451407828E+002  2.651162858464117E+004
    527  1.176925508277292E+004  4.584702816121430E+005
    528  1.045241176322990E+003  4.032065274037136E+004
    529  5.265092708284697E+002  2.028659702436201E+004
    530  1.474613012977966E+004  5.702601104358444E+005
    531  1.292439599563065E+004  4.871283407174230E+005
    532  3.087560702699393E+003  1.177951351144282E+005
    533  4.003457776476434E+003  1.524084824154164E+005
    534  2.340847072853476E+003  8.835237220605036E+004
    535  1.140123797965943E+005  4.344709151544339E+006
    536  1.706518442470978E+004  6.574692793128820E+005
    537  2.379629236282670E+005  8.957894370991720E+006
    538  1.838288326211645E+004  6.963656168658932E+005
    539  2.475698144885693E+005  9.533129733507317E+006
    540  1.212699885058793E+004  4.669591372170322E+005
    541  3.695263392994374E+003  1.434323943867719E+005
    542  1.113244676510512E+003  4.283075224552825E+004
    543  3.498367220760957E+003  1.332485666390845E+005
    544  6.246591737768744E+004  2.403757977735951E+006
    545  5.225302494958353E+003  2.002881427217122E+005
    546  8.966656373068281E+004  3.450563290901456E+006
    547  1.201706165495871E+006  4.624325031369997E+007
    548  3.020372675952008E+003  1.151233248505098E+005
    549  5.347387742393353E+004  2.057349769316710E+006
    550  2.403528711325105E+004  9.329626419721834E+005
    551  7.026545629519434E+004  2.700123105354535E+006
    552  6.019999157661750E+004  2.300514147483659E+006
    553  9.445691002828173E+003  3.636512612940326E+005
    554  4.423145650204539E+004  1.702429935912497E+006
    555  1.417244966061714E+003  5.469640164629387E+004
    556  2.138355393557229E+002  8.189790208816480E+003
    557  6.819544450289167E+003  2.587928706479482E+005
    558  6.436941829580381E+002  2.482361426922328E+004
    559  1.031631468602593E+004  3.974069657218689E+005
    560  2.827983722804597E+003  1.088897773628447E+005
    561  6.261563316116323E+002  2.419575842807153E+004
    562  3.381043998923991E+002  1.292637146713269E+004
    563  1.794616563755222E+005  6.866599161654902E+006
    564  4.543435354692222E+003  1.746514650408337E+005
    565  1.306181473170742E+003  5.034266065013262E+004
    566  2.210385191364060E+005  8.473596530229991E+006
    567  4.867347028816080E+002  1.871669538747977E+004
    568  6.005390552215552E+003  2.302835981330936E+005
    569  2.791450340672501E+002  1.074194637751021E+004
    570  1.660522547032042E+004  6.335054794492443E+005
    571  9.559703921953387E+002  3.682963009011976E+004
    572  3.159710925523070E+003  1.197867091610168E+005
    573  1.451684433383865E+003  5.586224297837700E+004
    574  1.833658588959243E+002  7.068480852092812E+003
    575  1.460063130070954E+004  5.631241321402710E+005
    576  3.452231011349332E+003  1.317130332181523E+005
    577  7.580451896778219E+002  2.916606435990453E+004
    578  6.867656365724481E+002  2.623903153847024E+004
    579  3.038449674538811E+002  1.173414976218881E+004
    580  4.830461222343859E+003  1.824437536208047E+005
    581  1.719385754775230E+001  6.673017829101195E+002
    582  3.364316692779426E+003  1.271510007108841E+005
    583  4.007490553159757E+002  1.538570035722312E+004
    584  8.615131821387816E+002  3.323500955811019E+004
    585  3.510472704307995E+003  1.349576706463740E+005
    586  1.321280873521534E+002  5.060422159305291E+003
    587  2.036965467450603E+003  7.769213270972187E+004
    588  3.037084101760714E+004  1.171941964196850E+006
    589  4.143672191140078E+002  1.591045541897520E+004
    590  7.193879098345124E+001  2.756188284678401E+003
    591  1.355066899515559E+002  5.209064330308587E+003
    592  1.314429954115565E+004  5.066067179833933E+005
    593  8.856768877643675E+003  3.414287955670881E+005
    594  5.975829917404717E+002  2.300003066852255E+004
    595  3.105873904718715E+002  1.191936487317462E+004
    596  4.357170353932472E+002  1.680385700803423E+004
    597  6.525286414551440E+002  2.527064887574176E+004
    598  1.092240847583109E+001  4.169499016823556E+002
    599  7.182408514845912E+003  2.791326000118627E+005
    600  2.320106053373348E+003  9.055441577756168E+004
    601  1.822834521360691E+002  7.022530401250547E+003
    602  8.852687494135564E+003  3.424383684145119E+005
    603  6.392580147016197E+001  2.468219561828916E+003
    604  2.963294251227193E+003  1.126947289744300E+005
    605  7.267362917070657E+002  2.793996284578713E+004
    606  1.609020103912126E+001  6.149064731000734E+002
    607  6.375488063837937E+002  2.444734984175659E+004
    608  2.243253038531153E+002  8.635962395403672E+003
    609  2.383654425912771E+003  9.183181829585264E+004
    610  4.398116865707351E+002  1.694051424768307E+004
    611  6.331908307341747E+002  2.448603289426311E+004
    612  1.257850860915603E+001  4.849441725240969E+002
    613  7.184820765159600E+003  2.772398113967659E+005
    614  4.931506218192759E+001  1.900230203961146E+003
    615  3.360363882277032E+003  1.303164679745051E+005
    616  5.394654290836473E+002  2.079612093153298E+004
    617  1.952025590096137E+003  7.503039233577187E+004
    618  3.724737443443025E+003  1.420136298775589E+005
    619  1.140360711355997E+002  4.385472393147032E+003
    620  2.471317358037264E+000  9.272218956418787E+001
    621  2.218678726420166E+003  8.599185430258208E+004
    622  3.358466513285171E+002  1.291247746303455E+004
    623  1.450072448447926E+003  5.546697709462832E+004
    624  3.821663596921614E+002  1.470125248104661E+004
    625  9.878459609541814E+001  3.788826335077761E+003
    626  5.437849459271685E+002  2.099826755935859E+004
    627  9.156852442294623E+001  3.518588531638743E+003
    628  1.352554914782390E+001  5.161766769097330E+002
    629  1.130610752526943E+001  4.311166360498076E+002
    630  3.106507770133651E+002  1.178981003637759E+004
    631  3.142962303815285E+002  1.214071482740258E+004
    632  4.835394001036821E+003  1.867368593899496E+005
    633  1.976401580576899E+002  7.594227177908280E+003
    634  1.518202294709558E+002  5.838535681343664E+003
    635  5.136543660139528E+002  1.954632948414219E+004
    636  5.738363601934816E+002  2.211417483955666E+004
    637  3.703753351201003E+002  1.398593589475648E+004
    638  1.995873425593360E+001  7.678249654077373E+002
    639  1.332516770842700E+003  5.057203428021955E+004
    640  1.253259056182979E+002  4.848202100232355E+003
    641  3.337575870987248E+002  1.286431215590353E+004
    642  8.385523263615630E+001  3.218544705168773E+003
    643  9.354866562378094E+002  3.531019188292135E+004
    644  5.426997370625077E+001  2.076172895645965E+003
    645  8.262002663089233E+002  3.198601748839534E+004
    646  3.089700931973667E+002  1.190839071521901E+004
    647  2.352668703095835E+000  8.870330105770098E+001
    648  1.010584769016369E+002  3.898370435258657E+003
    649  1.582502471959237E+003  6.135939138179078E+004
    650  7.972710185558768E+002  3.076487885689504E+004
    651  8.377300933843814E+001  3.216671619708855E+003
    652  9.263423895546817E-001  3.331697016039653E+001
    653  3.058086665797273E+001  1.178523098983238E+003
    654  2.732579912449565E+003  1.046415587802464E+005
    655  1.635743049925444E+003  6.343463092801520E+004
    656  3.203015220641904E+002  1.231367662306055E+004
    657  1.107672763903851E+002  4.259134193626006E+003
    658  1.625167305199928E+003  6.258566066198651E+004
    659  1.874956671489044E+003  7.185411388135636E+004
    660  9.576577421273844E+001  3.687924120174061E+003
    661  3.289358267762037E+003  1.267638265273272E+005
    662  3.477897496613509E+001  1.340532579010535E+003
    663  4.961161577311610E+003  1.914755047447596E+005
    664  6.535508723461804E+001  2.520683842195253E+003
    665  1.268877214271427E+002  4.874816693931915E+003
    666  1.085259967335243E+003  4.108320001991621E+004
    667  1.550070754873192E+003  5.925931276362412E+004
    668  8.912585619050664E+001  3.444863129714398E+003
    669  4.340374167033598E+003  1.670253488071735E+005
    670  2.653112247695037E+002  1.020547583891782E+004
    671  9.395986700208291E+002  3.645505568279340E+004
    672  4.602099424736093E+002  1.768812465306447E+004
    673  4.118002100560259E+002  1.577340437306945E+004
    674  5.197277624189167E+002  1.999428788008884E+004
    675  4.079202029411795E+002  1.590950484553110E+004
    676  4.137899466976891E+002  1.587645526641337E+004
    677  7.734924933490559E+001  2.968771003981523E+003
    678  2.690913149896055E+003  1.041373529850521E+005
    679  1.155175318664179E+002  4.442813355127136E+003
    680  5.834348821283314E+003  2.183684521350303E+005
    681  2.379390490244336E+003  9.023749338381372E+004
    682  2.832100439882980E+002  1.089063582422210E+004
    683  1.811402848191565E+003  6.872321790514958E+004
    684  2.591851619884185E+002  9.968142724139181E+003
    685  9.765334319225188E+001  3.757347472474675E+003
    686  2.080485358442332E+003  7.851942210305003E+004
    687  3.305272042521460E+003  1.252864138043707E+005
    688  3.909708797122927E+001  1.498197252369049E+003
    689  2.776960584615038E+003  1.070343984903648E+005
    690  1.890829250631906E+003  7.233663300634483E+004
    691  2.888724580273009E+003  1.082224515749558E+005
    692  8.156736009336980E+000  3.089641879788004E+002
    693  3.071044443508633E+001  1.178762594669181E+003
    694  4.800683153770274E+003  1.807528294115153E+005
    695  2.726928361930555E+002  1.048307103804874E+004
    696  7.414817605101497E+001  2.845203590481598E+003
    697  3.006928136155028E+003  1.124281111716327E+005
    698  7.877384564083543E+003  2.944644629776655E+005
    699  8.208331799900398E+001  3.156185429865621E+003
    700  1.181071025393114E+003  4.515571043098678E+004
    701  4.138301341411490E+000  1.554749092281372E+002
    702  6.860249571035786E+002  2.626773846494603E+004
    703  3.831935714084013E+001  1.467611737484141E+003
    704  4.076789472388394E+000  1.538597590049500E+002
    705  4.550965289311645E+001  1.746671435911978E+003
    706  2.453129461147807E+003  9.459430757794187E+004
    707  9.014725635757208E+001  3.465608845988915E+003
    708  3.623092066728942E+003  1.353217704711716E+005
    709  1.626000266601150E+002  6.245243488919655E+003
    710  5.871349446185372E+003  2.246889712869740E+005
    711  5.386189324912083E+001  2.085885056696608E+003
    712  7.469924408955813E+003  2.859886163914316E+005
    713  3.643904053074450E+002  1.403861982012090E+004
    714  5.899337113184035E+001  2.268117482592009E+003
    715  6.332333989242412E+001  2.434424674625640E+003
    716  3.096609812820651E+003  1.162215011220789E+005
    717  4.322076946060084E+003  1.656917774880882E+005
    718  8.903298805633268E+000  3.433685320023737E+002
    719  2.642006992035922E+003  1.007805902030546E+005
    720  9.727144428288256E+000  3.709258177153172E+002
    721  1.273244267639931E+003  4.948096683266255E+004
    722  7.181250920973592E+001  2.765970740560763E+003
    723  3.414020021444665E+001  1.332667516274358E+003
    724  3.004942563142968E+003  1.166899706435702E+005
    725  1.360604732023367E+004  5.143489133092652E+005
    726  1.653665510023220E+001  6.334473804122074E+002
    727  4.294275819688552E+003  1.633446036278839E+005
    728  2.932970956080278E+001  1.126509622048190E+003
    729  2.491724538099793E+001  9.554159035540309E+002
    730  1.548478105879302E+003  5.829201271429344E+004
    731  1.374657435436618E+003  5.311635090958192E+004
    732  7.891599768747568E+001  3.019273599911986E+003
    733  1.479971432905130E+003  5.716439597541515E+004
    734  3.430468428360965E+000  1.282509901018727E+002
    735  5.091844927992675E+001  1.982012133961724E+003
    736  5.657057337543143E+000  2.123096551805561E+002
    737  3.774080492256389E+002  1.458494717390599E+004
    738  1.430947139196521E+003  5.526128715523643E+004
    739  7.138522785655582E+001  2.761564447234203E+003
    740  2.508725308021527E+001  9.721377076007485E+002
    741  6.650599849884362E+003  2.580452238512120E+005
    742  1.619916167616853E+003  6.112122886003042E+004
    743  6.843385418623844E+000  2.647623807997596E+002
    744  1.386113308407907E+002  5.317526532644665E+003
    745  2.703338910867674E+003  1.023702296139457E+005
    746  1.025263978034548E+003  3.938320612235153E+004
    747  4.019910171576758E+001  1.557140945931534E+003
    748  9.120382795666026E+002  3.554037230962737E+004
    749  1.518136408959676E+003  5.728924611786357E+004
    750  1.579004849430952E+001  6.075804468639658E+002
    751  1.089418209977054E+003  4.219631347325660E+004
    752  2.759168950063743E+000  1.039308584962354E+002
    753  1.496147917812778E+001  5.750387820003225E+002
    754  7.294001514265625E+001  2.801100299463495E+003
    755  1.265001059226551E+003  4.895190293673441E+004
    756  1.146430496293458E+003  4.383877704093101E+004
    757  6.968714069997698E+002  2.671369870115339E+004
    758  5.613552500749350E+001  2.154316585104865E+003
    759  7.746260372754432E+000  2.993227667224560E+002
    760  1.255134562406888E+003  4.880820484556934E+004
    761  4.540449855839130E+001  1.746090879908475E+003
    762  2.300488369909118E+003  8.937045916593524E+004
    763  2.669691449411451E+003  1.031225850781986E+005
    764  5.347186174432355E+001  2.058311833882435E+003
    765  1.071356288479547E+004  4.128282682858508E+005
    766  5.574602324076778E+001  2.162489615857735E+003
    767  5.558004130502881E+001  2.132779658835855E+003
    768  6.215296644319184E+003  2.400412516690037E+005
    769  4.518699822955549E+003  1.729636448919634E+005
    770  7.846512429886741E+001  3.010155725212329E+003
    771  1.919692202160131E+003  7.408878350979286E+004
    772  4.430349323124607E+003  1.677357935923420E+005
    773  6.741418140395545E+000  2.580590180197415E+002
    774  1.385309799138186E+003  5.333712346208261E+004
    775  1.359559344800332E+001  5.290281882840632E+002
    776  2.310239301006912E+001  8.839516743553881E+002
    777  1.651207863127297E+004  6.403313421587422E+005
    778  1.185054469689038E+004  4.610289147900343E+005
    779  2.642950354217448E+001  1.017024694205399E+003
    780  1.646591897118358E+003  6.315648646260017E+004
    781  9.760082030898930E+001  3.762542565256916E+003
    782  1.279782035541811E+002  4.919795907342938E+003
    783  1.470161821977031E+004  5.689417746347333E+005
    784  4.846155575512242E+003  1.866157176411209E+005
    785  1.481741675558602E+004  5.711140617322051E+005
    786  6.273347648638587E+001  2.411808996629787E+003
    787  1.865969285280094E+002  7.174219923564039E+003
    788  1.718062250069942E+001  6.596885931949068E+002
    789  2.316136951222352E+003  8.872150244198383E+004
    790  1.466211630312741E+002  5.652145490099180E+003
    791  5.631153176197167E+003  2.159218558859620E+005
    792  7.946668748377472E+001  3.077051386561512E+003
    793  1.525959841166236E+003  5.863028358895031E+004
    794  7.730149648796677E+001  2.972171065479467E+003
    795  4.402891087863021E+003  1.712597602353018E+005
    796  6.489700087987942E+002  2.454047442779886E+004
    797  1.273886283277979E+003  4.956089920787449E+004
    798  1.916525199020466E+001  7.403369122972550E+002
    799  2.095142817061979E+003  7.949181362184737E+004
    800  2.514149714094702E+002  9.711713361320282E+003
    801  7.501358588730808E+000  2.901793130709605E+002
    802  2.654634015064612E+003  1.009608841515406E+005
    803  1.245153895079369E+003  4.802661136709745E+004
    804  1.112360999142733E+002  4.277541026829344E+003
    805  3.814972276786489E+001  1.468871465565401E+003
    806  3.639596412240445E+000  1.378642307312549E+002
    807  3.425267902204458E+003  1.329097191985075E+005
    808  1.184256452527140E+003  4.603290906765449E+004
    809  6.259522257768062E+001  2.403979863537845E+003
    810  1.163014413165854E+004  4.530229610262055E+005
    811  1.489549877109249E+001  5.745759682892669E+002
    812  2.247345845480516E+003  8.728369520508920E+004
    813  1.433273912030580E+004  5.554037945148990E+005
    814  7.364135684142259E+000  2.790984132875192E+002
    815  1.572743305937623E+002  6.072655191299531E+003
    816  1.551678673545433E+004  6.033083187798775E+005
    817  6.222824255384540E+003  2.416455916590013E+005
    818  4.026702543596093E+001  1.560791552833782E+003
    819  2.539055518542865E+001  9.873251768454867E+002
    820  1.641550166077684E+003  6.343467610673903E+004
    821  2.282737968805379E+003  8.829815379063791E+004
    822  1.552517626003773E+003  5.988499026719899E+004
    823  2.108357425773610E+000  7.926300190346313E+001
    824  2.326937321307073E+003  9.052715198759864E+004
    825  3.187640550073924E+003  1.232509534317066E+005
    826  3.665058274352722E+003  1.406789253971857E+005
    827  9.351832584294028E+002  3.597178857750769E+004
    828  5.848102524724380E+001  2.260354664166204E+003
    829  6.517923679332504E+002  2.516144970268837E+004
    830  2.384935893931758E+001  9.201714540591200E+002
    831  1.425993561886801E+003  5.532688538849461E+004
    832  1.712103970897693E+003  6.659816297483345E+004
    833  3.702187806987455E+000  1.418605022614921E+002
    834  1.611154885744654E+001  6.185598551990330E+002
    835  1.147384566684630E+003  4.329634092375662E+004
    836  4.575714021391926E+003  1.773350187985922E+005
    837  5.878812729164835E+001  2.281273337814949E+003
    838  7.273024784396256E+002  2.782579897240831E+004
    839  2.114795452721481E+001  8.136598675474978E+002
    840  1.265961260014415E+000  4.650441424216860E+001
    841  5.375461592438048E+000  2.043560778509610E+002
    842  6.547329089181751E+003  2.532428496114633E+005
    843  8.601070094960181E+002  3.309419390217579E+004
    844  3.344746896375282E+003  1.302143762154568E+005
    845  1.285392698992977E+002  4.966234589994873E+003
    846  7.151909880458813E+001  2.742318748283422E+003
    847  2.154389256010105E+003  8.231757233940356E+004
    848  3.667746885734998E+003  1.385170573476980E+005
    849  7.712916206071185E+001  2.969424682538555E+003
    850  2.012855696732412E+000  7.527555599875217E+001
    851  9.617531141766893E+002  3.611765251189506E+004
    852  1.064325185290976E+002  4.119402152197108E+003
    853  1.097899623104778E+003  4.266646761494633E+004
    854  3.503203961131991E+003  1.362339150668033E+005
    855  1.251832097916487E+003  4.705133522911446E+004
    856  3.792703442648293E+001  1.478549429048369E+003
    857  2.338666826650201E+001  9.076215442035340E+002
    858  3.429762284233415E+003  1.331834295004667E+005
    859  6.730804146288989E+001  2.607717520246123E+003
    860  1.779636874166495E+003  6.920443653897945E+004
    861  2.888928247122480E+001  1.118514291014412E+003
    862  8.666627432066679E+001  3.329629445088656E+003
    863  2.159623153889961E+003  8.407199028308965E+004
    864  4.978151838507637E+000  1.915738999871767E+002
    865  1.402690319646367E+003  5.466168075820550E+004
    866  2.995734048781680E+003  1.123259074536512E+005
    867  3.114654312922674E+001  1.210864503160140E+003
    868  2.734206256675844E+003  1.054968328826115E+005
    869  5.653107898823544E+000  2.162644645016337E+002
    870  1.011986290756283E+004  3.806999422526432E+005
    871  8.219714627180358E+002  3.093644361143902E+004
    872  8.442806545742325E+000  3.281443395027482E+002
    873  1.199109818932895E+003  4.665764333712165E+004
    874  4.512311039858682E+000  1.703122471112158E+002
    875  2.036508262183837E+003  7.840138043672334E+004
    876  1.863526020755722E+001  7.137997443904738E+002
    877  2.685240382219414E+003  1.017875320665577E+005
    878  1.723040948003916E+001  6.601375262164883E+002
    879  1.804804347299957E+002  6.965068561447889E+003
    880  7.732855146754772E+002  2.993880776198612E+004
    881  3.197847504421258E+000  1.230697163261507E+002
    882  2.842552648621911E+001  1.100393061150838E+003
    883  3.157558414485997E+002  1.222941802284497E+004
    884  7.378708700604891E+002  2.808912496517253E+004
    885  3.000090201847782E-001  9.759678712603725E+000
    886  3.152341022628358E+003  1.206554959540280E+005
    887  1.561644065294497E+003  5.855715630429227E+004
    888  2.142290914097114E+001  8.215897080661889E+002
    889  3.895706810086369E+000  1.502612792829204E+002
    890  2.460004895815262E+003  9.547153655912216E+004
    891  1.395069342650072E+001  5.429455975809493E+002
    892  2.485772144041636E+003  9.573608641842577E+004
    893  6.449890211210949E+001  2.476648160919717E+003
    894  4.157518797168088E+002  1.613777550890377E+004
    895  4.683015426432482E+003  1.822307859356757E+005
    896  5.346209346503940E+002  2.073685154272252E+004
    897  6.158045151821541E+003  2.377743583700372E+005
    898  4.258224876377142E+003  1.626072969710340E+005
    899  4.853499189475260E+002  1.869321546387192E+004
    900  2.414400663871449E+001  9.330705748163365E+002
    901  3.749497422024537E+001  1.438317957847025E+003
    902  5.754666624568454E+003  2.231055539486829E+005
    903  8.490284020590940E+002  3.218856497646054E+004
    904  1.091459903926629E+001  4.226825876752337E+002
    905  4.398572095426785E+003  1.659611588803256E+005
    906  1.971541167927444E+001  7.630227567540996E+002
    907  1.363376195637687E+003  5.252297177369976E+004
    908  4.181182715631459E+001  1.602704956016942E+003
    909  4.703460558877457E+003  1.830007163305081E+005
    910  2.180931710479303E+002  8.387718447401143E+003
    911  8.255842420952647E+003  3.128338619402628E+005
    912  1.484721828283211E+001  5.705740176333546E+002
    913  2.134449383025887E+002  8.185550957248583E+003
    914  3.089548642327523E+000  1.171929691856665E+002
    915  1.133286843779180E+002  4.379923654492374E+003
    916  7.918592380976505E+002  3.066111340886458E+004
    917  1.003116545253927E+003  3.851090234485827E+004
    918  3.535251593641478E+003  1.374357526030887E+005
    919  9.089581576990374E+002  3.461146042585883E+004
    920  3.397426317872428E+001  1.305002904059296E+003
    921  4.915318570285944E+002  1.901706008682680E+004
    922  1.735917940063417E+002  6.718339517796448E+003
    923  1.452757052804778E+002  5.605445177080913E+003
    924  5.908297426643358E+003  2.266392207449477E+005
    925  2.061233907877498E+001  7.902866670696963E+002
    926  2.511968474062280E+003  9.631218406937124E+004
    927  1.401196932046897E+002  5.395870249845152E+003
    928  6.253640269995210E+003  2.361880151777161E+005
    929  7.491359171648953E+003  2.821019694636170E+005
    930  7.325497329872401E+003  2.737320934232617E+005
    931  5.575538054876920E+001  2.136837460138855E+003
    932  6.563100311754159E+002  2.488166656008923E+004
    933  5.772242923312107E+001  2.229729638621996E+003
    934  5.555915653976873E+003  2.152286154940465E+005
    935  2.073469349597471E+001  7.949854601863975E+002
    936  8.133320921527132E+001  3.135956270081273E+003
    937  6.643890398202096E+003  2.497401376950068E+005
    938  1.657265267008765E+003  6.448538150770959E+004
    939  3.292712516954263E+001  1.262985150751539E+003
    940  1.830588918979661E+003  7.054567085346724E+004
    941  3.230337138612127E+001  1.256306582886893E+003
    942  1.594344422290153E+003  6.112421822281337E+004
    943  3.877386087119402E+002  1.500406927420339E+004
    944  1.220117386677438E+003  4.723083564558905E+004
    945  1.177172508924725E+003  4.492953934008879E+004
    946  1.048533366603448E+001  4.048996244691432E+002
    947  3.946461285035485E+003  1.484574268630904E+005
    948  1.879970349090838E+003  7.298770340114726E+004
    949  8.879753588075756E+001  3.426392675436319E+003
    950  8.903506542811247E+002  3.432669722390408E+004
    951  5.516442267840967E+001  2.135144145761699E+003
    952  2.802932386115608E+003  1.055158016573095E+005
    953  1.243856543828829E+002  4.841656511823337E+003
    954  1.158844801180679E+004  4.524179502496437E+005
    955  4.368412297540101E+003  1.703526006774046E+005
    956  4.103084838808883E+001  1.598964953329644E+003
    957  3.985805646503480E+001  1.533925175712762E+003
    958  3.380946444797366E+003  1.318603348595987E+005
    959  1.872849344352127E+001  7.226501266279039E+002
    960  2.287364209281379E+003  8.911896917488433E+004
    961  3.609256247976725E+001  1.391744012616839E+003
    962  1.091980034927858E+003  4.214002627446096E+004
    963  1.186144166026093E+002  4.561847435369396E+003
    964  5.347158705665929E+003  2.081717783744804E+005
    965  1.098542763065325E+001  4.277856148007680E+002
    966  1.241498979185000E+004  4.832897531704745E+005
    967  7.652621766273827E+002  2.932565855225023E+004
    968  1.230529190459320E+003  4.656942568481659E+004
    969  6.612822447468451E+000  2.537548681885675E+002
    970  5.975359956677559E+003  2.326569517123982E+005
    971  1.086003520794402E+001  4.199177622831203E+002
    972  1.634491579316737E+003  6.334014431817557E+004
    973  5.620210750560821E+003  2.152031460900951E+005
    974  1.503516863026114E+001  5.799781852843768E+002
    975  4.788538882515454E+002  1.857612101577842E+004
    976  1.310662620648795E+003  5.082491518037475E+004
    977  3.750747803647996E+002  1.451656868659518E+004
    978  1.361635839902945E+002  5.304669490704980E+003
    979  2.103690163476069E+003  8.073396814552922E+004
    980  3.368407370715883E+001  1.301879113352112E+003
    981  6.468438617152390E+003  2.525671970894705E+005
    982  1.092245099432070E+002  4.237258758529538E+003
    983  5.689837902425296E+002  2.164962210454033E+004
    984  6.252183894662759E+002  2.374227833700832E+004
    985  8.286778635134429E+001  3.210456562748730E+003
    986  1.098778516931429E+003  4.268760946390789E+004
    987  2.726070543191025E+001  1.049211999145096E+003
    988  6.910174402464290E+002  2.658569228379729E+004
    989  5.994391756145008E+003  2.330662955838270E+005
    990  5.086286001839967E+001  1.949198361804122E+003
    991  1.338727032836680E+004  5.192691605944876E+005
    992  3.021897261698142E+003  1.159993634233834E+005
    993  2.950166811601530E+001  1.147724092945925E+003
    994  8.409111379573764E+001  3.224532705195772E+003
    995  1.401827431109359E+003  5.384349486868368E+004
    996  2.101312468116769E+001  8.189077906023018E+002
    997  6.576012543629473E+003  2.548807898883429E+005
    998  1.146981618786213E+004  4.426925219517776E+005
    999  5.469906238521258E+001  2.135670293376683E+003
   1000  5.153679074064597E+003  1.950203525806043E+005
   1001  1.471285250496873E+004  5.683732342772358E+005
   1002  1.450487781460573E+002  5.610924939582885E+003
   1003  3.232831814962479E+001  1.249892191728711E+003
   1004  1.084894325343395E+002  4.167131977040060E+003
   1005  2.253731825231610E+003  8.658301221219102E+004
   1006  9.194624166240696E+003  3.478465051793734E+005
   1007  1.319862614662759E+001  4.938271124145565E+002
   1008  3.673373097168252E+003  1.384512637629565E+005
   1009  4.244805401915625E+003  1.597592374165207E+005
   1010  6.103437982138344E+001  2.346474653812806E+003
   1011  1.793510820131496E+003  6.811912098351441E+004
   1012  3.010944613421678E+001  1.160991846131824E+003
   1013  1.697714841370307E+003  6.548918839058943E+004
   1014  9.760742501120417E+002  3.725469955083707E+004
   1015  2.707391481729342E+001  1.056814317066153E+003
   1016  5.069894422902702E+003  1.966162023297054E+005
   1017  5.966547313965339E+001  2.286806331347676E+003
   1018  5.207345466639775E+003  2.018078667933480E+005
   1019  2.218853768386966E+000  8.452617799957910E+001
   1020  7.594730413360721E+003  2.956987922063798E+005
   1021  1.562735093050007E+003  6.071402053584342E+004
   1022  3.576242162329081E+003  1.389545576713946E+005
   1023  1.511031556165654E+001  5.773959895924530E+002
   1024  1.414262795026749E+004  5.475140550264694E+005
   1025  3.334671853560579E+001  1.283740947104024E+003
   1026  5.274687302438053E+003  2.031602685600128E+005
   1027  8.193763990839578E+003  3.142576408402252E+005
   1028  1.206835563432656E+002  4.628648998828860E+003
   1029  9.990434490729203E+003  3.851013751755725E+005
   1030  2.567792343516798E+000  9.796483339758328E+001
   1031  5.631846406721875E+003  2.152640692795730E+005
   1032  3.226393272164950E+003  1.236842113157970E+005
   1033  8.241017096660171E+003  3.175036720841962E+005
   1034  2.623267104312507E+003  1.019654289782580E+005
   1035  6.269069144259857E+001  2.406109307103935E+003
   1036  8.482877107883807E+003  3.201545476630845E+005
   1037  9.334035073004999E+000  3.586869536894291E+002
   1038  3.176887170453099E+004  1.207653388307034E+006
   1039  3.938425160659051E+004  1.517270915183658E+006
   1040  1.719576557264358E+002  6.613123983043071E+003
   1041  3.213859860399589E+004  1.227320160609800E+006
   1042  3.292129464684331E+004  1.279244237967515E+006
   1043  6.733245769831066E+001  2.581617134662656E+003
   1044  2.063542682009931E+004  7.819567204753355E+005
   1045  1.665105207094140E+004  6.434780172447844E+005
   1046  3.931769957100270E+002  1.520865611154405E+004
   1047  4.894765110020783E+004  1.874133992541502E+006
   1048  5.027375687939018E+004  1.915784536541323E+006
   1049  7.360012252791432E+001  2.858670725860683E+003
   1050  1.491483439527652E+004  5.721156627719745E+005
   1051  6.967347392227538E+001  2.682290737474896E+003
   1052  7.187408331513236E+004  2.766072394650368E+006
   1053  1.211978019728294E+004  4.635141106214888E+005
   1054  4.638006934109358E+001  1.777611213868774E+003
   1055  2.056285704803663E+004  7.983737328504948E+005
   1056  1.658061265557206E+002  6.392745331326240E+003
   1057  1.532646292870565E+004  5.898317990392110E+005
   1058  2.791402618707991E+004  1.079476650332157E+006
   1059  2.251236206385401E+001  8.670443126664763E+002
   1060  6.821564447631511E+004  2.573022509622301E+006
   1061  1.069868606078528E+004  4.083309700266714E+005
   1062  1.747259004929925E+004  6.704649166008496E+005
   1063  2.905665954170229E+002  1.118868209393194E+004
   1064  4.474538855998799E+003  1.706751690099814E+005
   1065  1.028716544917834E+002  3.969075936468384E+003
   1066  2.630593473800557E+004  1.022098526367815E+006
   1067  4.298144909378402E+004  1.652614831352145E+006
   1068  1.683455492431598E+002  6.480165526447320E+003
   1069  6.551428343647665E+004  2.495317769453542E+006
   1070  4.962499779882901E+005  1.867786245221928E+007
   1071  3.545155488153277E+004  1.367890527949440E+006
   1072  8.273638945439327E+004  3.156374836477334E+006
   1073  2.875370634024109E+001  1.110542124956304E+003
   1074  1.602428181849007E+005  6.164089490305359E+006
   1075  1.178938196346966E+004  4.535725657551098E+005
   1076  2.768937125347487E+003  1.072743971002597E+005
   1077  6.493968519289288E+002  2.448710365741753E+004
