# dt =   1.000000000000000E-003
# j, New nj, Rate of change (1/s)
      1  5.347314504040571E+003  3.516648018564931E+005
      2  1.950411546412512E+005  1.274523424632149E+007
      3  4.525296787936982E+003  2.938898673626566E+005
      4  1.023383775217498E+004  6.523415436237719E+005
      5  2.186022515080350E+004  1.412166079757065E+006
      6  2.901950519813162E+003  1.885083869538958E+005
      7  2.148510860231110E+005  1.388508653603714E+007
      8  1.093714014774772E+005  7.069952890505895E+006
      9  6.351460559977248E+004  4.143152460684182E+006
     10  5.101986279543446E+004  3.285397350745511E+006
     11  1.125351998158131E+004  7.272545954085068E+005
     12  1.011850159255137E+004  6.308334817841899E+005
     13  5.618463504261192E+002  3.635891467938336E+004
     14  4.119187642867210E+003  2.662392196401788E+005
     15  4.615898806463327E+002  2.964517308112509E+004
     16  3.834240498213613E+004  2.492589866656159E+006
     17  8.494245896090137E+003  5.427941770531862E+005
     18  3.661235177473098E+004  2.365511530952085E+006
     19  3.488587216529860E+002  2.238930117840710E+004
     20  9.478641556932105E+003  6.120613757738700E+005
     21  1.316997258221536E+003  8.406551626201309E+004
     22  1.056884403686048E+004  6.849598752402562E+005
     23  1.123599347381246E+005  7.264509258546848E+006
     24  8.362623089702734E+004  5.403064694234122E+006
     25  3.560336911941831E+002  2.280239027022861E+004
     26  9.562868291907083E+002  6.222863461753484E+004
     27  2.458710007379675E+005  1.562900269596452E+007
     28  4.157244523913318E+003  2.647539420588719E+005
     29  5.182052985707152E+004  3.246697763699861E+006
     30  1.260745083301377E+003  8.122881402980440E+004
     31  2.205047149525019E+004  1.428989619959964E+006
     32  1.177138193751865E+004  7.569725902987774E+005
     33  4.897058963703936E+003  3.101411344050337E+005
     34  2.433922940498719E+003  1.571500741143475E+005
     35  5.922991369566433E+004  3.714197460815588E+006
     36  5.842787299361001E+003  3.760541919343140E+005
     37  3.048867138836522E+004  1.944443353662703E+006
     38  8.751420901181053E+004  5.658139799479823E+006
     39  1.084372338808368E+004  6.909914068312496E+005
     40  3.204327318632895E+004  2.039143680389834E+006
     41  2.365912483772304E+004  1.524303452654992E+006
     42  9.261381166774514E+003  5.944890071733672E+005
     43  4.519176468212994E+003  2.917834621013592E+005
     44  3.059662425934415E+004  1.949067213741546E+006
     45  1.197734799197278E+004  7.660255705840442E+005
     46  4.660686585818760E+003  3.012288937507927E+005
     47  6.912743068377637E+001  4.455847074090151E+003
     48  1.119890734037412E+004  7.201064555432327E+005
     49  3.111575951903602E+003  2.001425822804013E+005
     50  2.617855083563568E+003  1.713891457270048E+005
     51  4.600020394669493E+004  3.020359857298454E+006
     52  4.420418059897378E+003  2.902979849266372E+005
     53  2.127991916003147E+003  1.379103374547550E+005
     54  2.645370705764915E+004  1.714856111445724E+006
     55  4.133271240875615E+004  2.677691961202045E+006
     56  9.000158873549877E+001  5.772904619406768E+003
     57  3.023644105637606E+004  1.964202493252477E+006
     58  2.768539999489878E+004  1.790753748990814E+006
     59  4.396829733477027E+002  2.872143474163870E+004
     60  8.699461783277239E+004  5.636354808219704E+006
     61  8.696647115479536E+002  5.558082502940867E+004
     62  2.512199642938787E+003  1.634561120745510E+005
     63  1.439374596057132E+003  9.379104066021519E+004
     64  4.881806354418509E+004  3.163633342685322E+006
     65  5.745898086973875E+005  3.730923581336948E+007
     66  6.578763839130825E+003  4.258477121769324E+005
     67  7.025511473652573E+004  4.561074044977966E+006
     68  1.610497848282195E+003  1.044923692236070E+005
     69  5.071733390405724E+003  3.309475062782026E+005
     70  1.229797898858253E+005  7.961204019727861E+006
     71  1.548643272289290E+005  1.007487851523569E+007
     72  9.411370493135371E+002  6.016100821570031E+004
     73  2.014102427697140E+004  1.245197274474171E+006
     74  5.853416018397133E+003  3.774123661988957E+005
     75  7.031642766222363E+002  4.534103860078304E+004
     76  8.538968594297827E+002  5.454988128137245E+004
     77  2.271067721769999E+003  1.470774911859470E+005
     78  2.492944052887224E+003  1.613188599098251E+005
     79  1.604968935035736E+004  1.043152928033921E+006
     80  5.098679708765911E+004  3.166344154741460E+006
     81  4.092072794593664E+003  2.633745954775309E+005
     82  5.905008265274222E+003  3.707505105484509E+005
     83  2.297754603140000E+003  1.475830715301306E+005
     84  1.229280772556888E+003  7.992032434711589E+004
     85  1.130199728383830E+004  7.282031417872194E+005
     86  8.415954007966217E+004  5.207825602048505E+006
     87  7.152193920848698E+002  4.442554656828751E+004
     88  7.368647266801754E+002  4.749321431769020E+004
     89  7.763237977367578E+003  4.930465247729696E+005
     90  1.106595586726861E+005  6.834313488016327E+006
     91  3.504856911469954E+004  2.231984419230239E+006
     92  1.727462442576629E+004  1.091081858325801E+006
     93  3.861437595120278E+003  2.400378550510146E+005
     94  1.954664436513353E+004  1.208160053069128E+006
     95  8.005080459742088E+003  5.181967134492825E+005
     96  1.650901693388592E+003  1.060596227217618E+005
     97  1.894635858735600E+004  1.236771830620133E+006
     98  2.228609935838277E+004  1.422864337279271E+006
     99  9.574911879413255E+002  6.080144731443020E+004
    100  4.763164718544616E+004  3.103144872449091E+006
    101  4.948949997670933E+003  3.184033577989948E+005
    102  1.297375020904066E+004  8.207681054394745E+005
    103  1.824129283637118E+005  1.164696909638161E+007
    104  1.336668052703691E+003  8.614670725298939E+004
    105  2.479454062064671E+004  1.626279079167532E+006
    106  5.009228016509001E+003  3.249247626393563E+005
    107  6.356911169709962E+002  4.129454693391952E+004
    108  1.477008325441052E+004  9.493656630129050E+005
    109  2.584989673937024E+003  1.665561276330798E+005
    110  1.526107791802932E+004  9.740710689098622E+005
    111  4.515301703156422E+003  2.888283941177189E+005
    112  3.314366871262313E+003  2.133188653192185E+005
    113  3.825888949877813E+003  2.422367862718079E+005
    114  4.450200231069753E+004  2.876881370985128E+006
    115  1.712847266883093E+004  1.088474093452616E+006
    116  2.706083164492378E+003  1.748931046658770E+005
    117  6.615766184069210E+003  4.130636360892697E+005
    118  1.087123349077877E+003  6.967708339682293E+004
    119  2.941294671391792E+003  1.913804820104454E+005
    120  1.663162793231306E+004  1.061698928105999E+006
    121  2.238036913682391E+003  1.447607205899388E+005
    122  1.420428409968656E+002  9.188918280493328E+003
    123  7.965053472705432E+002  5.157728463451800E+004
    124  4.727107342658891E+001  2.961457564003814E+003
    125  9.691869834382507E+003  6.051230581350747E+005
    126  7.282087418956483E+003  4.615996112332211E+005
    127  2.135479720877589E+003  1.360889797825871E+005
    128  9.740620255227635E+003  6.330554644168682E+005
    129  6.822969828483899E+001  4.367625475473417E+003
    130  2.105924868110479E+003  1.377795157402960E+005
    131  4.946980377412234E+003  3.198115821212779E+005
    132  8.307960456162463E+002  5.329672370454955E+004
    133  4.006690352479086E+003  2.588200037386711E+005
    134  2.785286012144114E+003  1.795071923526278E+005
    135  3.811738826791205E+003  2.419656200725934E+005
    136  6.045038600588993E+003  3.956618781010759E+005
    137  2.645365442214304E+003  1.713246766498429E+005
    138  4.488702328856770E+003  2.914080980434055E+005
    139  5.323030971106336E+003  3.436853180883832E+005
    140  3.586044609607853E+003  2.301351041498096E+005
    141  1.324334425185099E+003  8.499788580181015E+004
    142  1.317486411820824E+004  8.507691085360692E+005
    143  4.963588381690306E+003  3.198276176806684E+005
    144  8.160485605562738E+003  5.086376585848427E+005
    145  2.411689053899065E+003  1.571654500526162E+005
    146  3.087430582212540E+001  1.921493160046351E+003
    147  5.381149075476100E+002  3.475676793081830E+004
    148  3.564831386212460E+003  2.328164670590507E+005
    149  1.206435945151923E+004  7.718164857202200E+005
    150  1.528587379777478E+003  9.833661151259385E+004
    151  7.874186517913395E+004  5.102386612276867E+006
    152  2.756064343222628E+004  1.750306837958202E+006
    153  3.088767821736093E+003  1.984592768676323E+005
    154  1.767450370088391E+005  1.090673717819985E+007
    155  7.818365370063926E+003  4.853565436030052E+005
    156  2.091536102989641E+003  1.347537468475235E+005
    157  8.786032838731229E+003  5.622352619167661E+005
    158  5.091699394863200E+003  3.280957981469640E+005
    159  1.095091996761975E+003  6.777031667221934E+004
    160  1.120517587873316E+004  7.112954037437715E+005
    161  5.852415843718743E+003  3.759136421012357E+005
    162  2.841297029074800E+002  1.824805771045682E+004
    163  7.991083987657803E+004  5.032208135746031E+006
    164  9.084949250938246E+004  5.647281680790083E+006
    165  8.297402463657696E+004  5.179676993442724E+006
    166  1.295778876471853E+004  8.386999630061267E+005
    167  9.874858828945223E+002  6.352111254293386E+004
    168  1.572055906946542E+003  1.013936492976767E+005
    169  4.479337589442389E+003  2.843943098923065E+005
    170  5.514893155824516E+002  3.565030548167698E+004
    171  8.175917537413186E+002  5.275069398073422E+004
    172  9.200948357937579E+003  5.901353163009083E+005
    173  5.493847165398126E+003  3.481148771547695E+005
    174  2.437005346226417E+003  1.573656317002091E+005
    175  2.796666840643215E+002  1.807761050373310E+004
    176  1.011339343951027E+003  6.532048723492512E+004
    177  9.221671817549321E+003  6.036143472193690E+005
    178  5.777724174739775E+000  3.242290699728790E+002
    179  2.207209045359984E+002  1.411081888920802E+004
    180  4.634820399343628E+003  2.975695162074524E+005
    181  5.431719655258829E+002  3.545443352099848E+004
    182  4.116154856801318E+004  2.704028756816855E+006
    183  6.841381813947082E+003  4.436604154770272E+005
    184  2.590643173297446E+003  1.674301174172135E+005
    185  2.999394436851712E+004  1.950044412681523E+006
    186  2.578477715019602E+004  1.665585824376686E+006
    187  6.896629996807070E+002  4.440978617277215E+004
    188  2.096633356905127E+004  1.322124333047000E+006
    189  8.451191621219879E+002  5.432287749983426E+004
    190  6.088153028848296E+003  3.812797539616066E+005
    191  2.673155926501574E+003  1.730028826768289E+005
    192  4.259781288930977E+003  2.712578965455510E+005
    193  1.764717123558953E+004  1.128632314762061E+006
    194  3.077213517337539E+003  1.988937545937142E+005
    195  9.043415026223600E+003  5.868184311819823E+005
    196  3.697182994553449E+003  2.381178300700274E+005
    197  9.318830794077887E+003  6.083882056975234E+005
    198  2.048676224596728E+004  1.277600702695858E+006
    199  1.459795177328668E+004  9.403482538715085E+005
    200  1.021187133962861E+002  6.624971601640950E+003
    201  2.242734470671934E+003  1.424928047308122E+005
    202  4.439634655327924E+003  2.877894110967794E+005
    203  1.412496245112893E+003  9.146266621883167E+004
    204  3.677012683793513E+003  2.351944074519386E+005
    205  4.023013258863989E+003  2.592185803161045E+005
    206  2.995867906136174E+003  1.929451961669371E+005
    207  9.121106856654942E+003  5.916842024036353E+005
    208  1.324926050503203E+003  8.401804161798734E+004
    209  1.068590245615304E+003  6.842569526960872E+004
    210  9.588256725529018E+003  6.307599482333332E+005
    211  4.178100291575808E+003  2.753209208285467E+005
    212  4.751609488218864E+003  3.062599527795243E+005
    213  4.114851881712645E+003  2.682999310394230E+005
    214  1.082832534412224E+003  6.973338443051036E+004
    215  1.290306118290941E+003  8.133966943398850E+004
    216  2.620195676687849E+002  1.656847949495902E+004
    217  5.090804991063879E+003  3.314539353618138E+005
    218  2.694309034522773E+003  1.737220959455273E+005
    219  3.508199488214388E+002  2.223787437731356E+004
    220  3.364867459061737E+002  2.175470435450735E+004
    221  3.960824139636599E+003  2.564784031524004E+005
    222  3.054695955761979E+003  1.930861658276597E+005
    223  8.894531121268828E+003  5.693411987027279E+005
    224  9.126154729366129E+001  5.863048585173278E+003
    225  1.428910266306882E+002  9.261885513197551E+003
    226  2.984224192191465E+003  1.870300062944952E+005
    227  1.221031149945446E+002  7.769304024442356E+003
    228  6.941322726079305E+001  4.485440994064557E+003
    229  1.262055862536595E+004  8.145816264912650E+005
    230  1.240723492692910E+004  7.810980442387644E+005
    231  1.357507707871445E+003  8.744104148289117E+004
    232  5.345157543091039E+004  3.515321879770192E+006
    233  8.340381500349795E+003  5.273071187518617E+005
    234  6.877189948736848E+002  4.442585187350092E+004
    235  1.393617105429756E+002  9.048208058796616E+003
    236  1.108333207632488E+004  6.951845485918876E+005
    237  1.997382855967850E+003  1.297101585837795E+005
    238  5.509448594963531E+003  3.519366901773200E+005
    239  3.160030299388055E+003  2.052422819286237E+005
    240  7.421615182060197E+003  4.831345212552355E+005
    241  8.416463985196717E+003  5.383234477643272E+005
    242  7.945839035417324E+002  5.124751596844801E+004
    243  3.238799836567642E+002  2.087898635674291E+004
    244  3.246404613750390E+003  2.116497221030025E+005
    245  1.228380152128457E+004  7.755273636364704E+005
    246  3.865939468003366E+003  2.509165913866191E+005
    247  2.945413616445369E+003  1.883914905623637E+005
    248  5.433592045647327E+004  3.405170276859438E+006
    249  1.132536553322768E+004  7.124489665082396E+005
    250  2.089879371103802E+002  1.330462865121690E+004
    251  6.077025638704745E+003  3.854794124991873E+005
    252  7.033884603225736E+001  4.447667900616402E+003
    253  2.647046662061089E+004  1.706905162904266E+006
    254  1.193482094538728E+004  7.706341671612501E+005
    255  1.095623350449759E+004  7.070471813166308E+005
    256  3.915222407651781E+003  2.497406164907981E+005
    257  6.318797050803320E+002  4.081515792918330E+004
    258  2.330822159549349E+004  1.440787311507489E+006
    259  9.268365658330584E+003  6.043196696561611E+005
    260  3.932346973444705E+002  2.528227739733633E+004
    261  1.158866836247639E+003  7.494696302560136E+004
    262  1.386269831822035E+003  8.922570862153165E+004
    263  3.979668379860364E+001  2.561422487533689E+003
    264  7.631615580736372E+003  4.804864620672902E+005
    265  1.469372992638418E+002  9.119578185140674E+003
    266  9.935802497207601E+002  6.284015922000873E+004
    267  4.909596420022683E+002  3.120185467358075E+004
    268  6.131781651232808E+001  3.937872473308127E+003
    269  2.470079215902582E+002  1.595853987622389E+004
    270  1.102041491515095E+003  7.106734392212644E+004
    271  2.859308797249809E+002  1.855389432048474E+004
    272  1.035576520047030E+004  6.553617193701731E+005
    273  2.785850280788251E+003  1.790277426233437E+005
    274  8.926986225609971E+003  5.726283688562231E+005
    275  1.479006128355060E+003  9.401341686255512E+004
    276  1.660854239243459E+003  1.073250009083492E+005
    277  3.693689339749216E+002  2.398361369351156E+004
    278  1.065122419306732E+003  6.945089178247178E+004
    279  5.806003088037955E+003  3.727223732567171E+005
    280  1.200081742659349E+004  7.832289722597537E+005
    281  5.524915131291689E+003  3.605771701297821E+005
    282  5.419940792655458E+003  3.506670883598982E+005
    283  3.202605510640787E+003  2.020871057790368E+005
    284  2.071783513312553E+002  1.340719421934531E+004
    285  3.321605234412456E+003  2.111258997043298E+005
    286  1.304319901556808E+002  8.474017773856798E+003
    287  7.887342476138778E+002  5.120039276699752E+004
    288  4.288620543524620E+003  2.712484858547338E+005
    289  6.572420100894354E+003  4.278621912167263E+005
    290  2.679133940642448E+004  1.730376598225771E+006
    291  5.541566650956839E+004  3.596300974001743E+006
    292  1.479713357277452E+003  9.593289040601578E+004
    293  8.217208750302023E+004  5.312200003832142E+006
    294  1.136989651654241E+004  7.344358524979288E+005
    295  3.730077087930654E+003  2.396033385642951E+005
    296  1.746340960629294E+004  1.101587390022560E+006
    297  2.732289430664443E+004  1.720645301608056E+006
    298  1.229645091267862E+005  8.078062233591452E+006
    299  1.809974679549201E+004  1.186746588930912E+006
    300  2.954714387746423E+004  1.850056175791154E+006
    301  3.177203476177491E+004  2.058911515082060E+006
    302  3.308183695715109E+003  2.057113562975005E+005
    303  4.421254519656328E+003  2.864395462485904E+005
    304  1.218609085827701E+003  7.847588236582057E+004
    305  8.281004574078318E+002  5.353202167032254E+004
    306  8.568632146103042E+003  5.341438480737864E+005
    307  7.609958458037385E+002  4.903947235529364E+004
    308  2.379281651594942E+004  1.477336560601648E+006
    309  1.848849183932988E+003  1.187269301740026E+005
    310  6.894823256831696E+003  4.282940537291852E+005
    311  5.823604753438062E+002  3.753174517044963E+004
    312  1.411547724890907E+003  9.005072705806280E+004
    313  2.082859160372236E+002  1.340580051384407E+004
    314  8.913515946984336E+002  5.749063914705042E+004
    315  2.229913544291959E+002  1.428793667288346E+004
    316  4.135106893241519E+002  2.662104686502308E+004
    317  1.056701461154597E+003  6.829404024181160E+004
    318  1.114672632541753E+004  6.923320464000286E+005
    319  1.515260339567986E+003  9.911719138539351E+004
    320  3.550731119358920E+003  2.289666671147061E+005
    321  1.562280830205629E+003  9.942500367635353E+004
    322  7.231417566405286E+002  4.609466622842737E+004
    323  5.349657502797497E+002  3.445872007356520E+004
    324  1.368051922247140E+003  8.836313255437306E+004
    325  3.167071890039017E+003  2.041787593663763E+005
    326  6.258686095754776E+003  4.000412532100091E+005
    327  1.737808297334027E+003  1.115147899882670E+005
    328  1.450837458116056E+002  9.296179356584451E+003
    329  1.527850436579258E+004  9.917679442402831E+005
    330  1.602257137262361E+004  1.035753190248706E+006
    331  4.187060914960611E+003  2.704047345842674E+005
    332  2.175822296163750E+003  1.424954739704131E+005
    333  9.502246298559452E+003  6.188907095896652E+005
    334  9.350760932853383E+002  6.031125001236488E+004
    335  6.036072948041488E+003  3.786075547670955E+005
    336  1.944225244015651E+003  1.257104021990009E+005
    337  6.549663911270305E+002  4.212042390177149E+004
    338  2.047376317279705E+003  1.325196459425150E+005
    339  5.785299965311560E+002  3.744584864289137E+004
    340  7.332145800223981E+003  4.757786515621766E+005
    341  1.147193903705275E+004  7.180416702126799E+005
    342  1.795756315005926E+002  1.163449257310403E+004
    343  5.549601232733054E+003  3.563627664994628E+005
    344  1.667521446078012E+004  1.086784075857897E+006
    345  1.210361204457633E+003  7.875684397310141E+004
    346  5.490328875212380E+004  3.571898455554375E+006
    347  9.753634838200598E+003  6.304724266849863E+005
    348  5.790017429591005E+003  3.734007557742367E+005
    349  1.628242100661303E+003  1.032032012942221E+005
    350  1.347743736106789E+002  8.659594102368979E+003
    351  1.581884463344561E+003  9.995094624783930E+004
    352  2.602522750727535E+003  1.684465096099131E+005
    353  2.325176108578744E+002  1.467331911577145E+004
    354  1.770343277594991E+002  1.141139737579043E+004
    355  1.864650356379755E+003  1.215000856544002E+005
    356  1.310129420788417E+004  8.269382035533193E+005
    357  2.768397724843160E+003  1.792912540939942E+005
    358  3.585786126288094E+004  2.261971752074750E+006
    359  4.615503081506358E+003  2.967949883427827E+005
    360  1.010622592354578E+003  6.511158207781258E+004
    361  6.915740520092048E+002  4.475878890796330E+004
    362  7.496196793670369E+001  4.807719089538288E+003
    363  1.138521107428533E+001  7.149780845204631E+002
    364  1.598436524981146E+003  1.022387958787055E+005
    365  1.670823287865428E+003  1.078783669190039E+005
    366  1.957577769785677E+002  1.265236981242638E+004
    367  3.067242592750760E+003  1.984496935660633E+005
    368  1.121121551874445E+002  7.198946957654109E+003
    369  1.532928758918271E+003  1.007218754467067E+005
    370  2.589671663110602E+002  1.670108675648468E+004
    371  8.177933540350541E+001  5.294725184209729E+003
    372  6.710062778948528E+002  4.266199605421408E+004
    373  9.523856770784228E+001  6.155511324077052E+003
    374  8.769644318911283E+003  5.711162900583162E+005
    375  5.441333333382589E+002  3.545326329951462E+004
    376  1.192170288198234E+004  7.697998687222354E+005
    377  1.138429178243076E+003  7.321177123824187E+004
    378  9.419294569705444E+003  5.920877003380549E+005
    379  7.070120711924505E+003  4.546001526270892E+005
    380  6.157130299748967E+003  3.835924466129872E+005
    381  4.292100517669366E+003  2.743654844226405E+005
    382  1.632771859279754E+003  1.054797130635845E+005
    383  7.404332541987883E+003  4.721956956071756E+005
    384  2.151724326180346E+005  1.375751542658833E+007
    385  6.485268722814974E+003  4.202303105802371E+005
    386  7.528364297920132E+004  4.881531357675653E+006
    387  2.079782883471133E+004  1.344187133270100E+006
    388  2.495104855336985E+001  1.587690863441572E+003
    389  1.750023971953849E+003  1.132220846132288E+005
    390  1.109800217119454E+005  7.285719077717294E+006
    391  2.445495798853532E+004  1.523642168265432E+006
    392  5.178750895627161E+004  3.286504428342641E+006
    393  1.258260362632748E+005  8.201384672693416E+006
    394  1.723634815737799E+003  1.120989423744452E+005
    395  2.926593362591568E+004  1.910746216595857E+006
    396  5.529678078970572E+003  3.558315908448307E+005
    397  1.313752298902730E+003  8.412889468126197E+004
    398  2.506162267877812E+003  1.628096776296394E+005
    399  7.452334035274834E+003  4.787522970329357E+005
    400  1.760840883312111E+004  1.128767758873465E+006
    401  2.216183803189000E+003  1.433218547309519E+005
    402  2.473582118057780E+004  1.565328490221238E+006
    403  6.306328512034896E+003  4.055176100369630E+005
    404  2.548189954160270E+003  1.648468174275313E+005
    405  1.035795127211149E+004  6.639852362378397E+005
    406  2.465621395639804E+001  1.601465243546929E+003
    407  4.641650128493648E+004  3.019985662077421E+006
    408  1.109089544887172E+002  7.256339235483919E+003
    409  6.505000747832541E+003  4.118720112413943E+005
    410  4.024224559706368E+002  2.633277759924184E+004
    411  4.437995147812390E+003  2.894841949353585E+005
    412  4.267760567682733E+001  2.740945035858090E+003
    413  1.006906457204083E+004  6.419707305602917E+005
    414  6.275835994891634E+002  4.053137445803446E+004
    415  1.539360119601996E+004  9.997768965326973E+005
    416  5.260535138021544E+002  3.418603239045348E+004
    417  2.976387312211846E+003  1.922355101360916E+005
    418  2.569185791105250E+005  1.647886719121061E+007
    419  5.009588723300331E+004  3.280089338203962E+006
    420  6.674897571916254E+002  4.349339839623239E+004
    421  3.248652107915544E+003  2.109355926162125E+005
    422  2.421180085169283E+004  1.553289935522005E+006
    423  2.612625513046461E+004  1.682748923875423E+006
    424  9.560278158774784E+001  6.138342496763061E+003
    425  6.975147281377090E+004  4.482807268382356E+006
    426  1.240234519229054E+004  8.012233558808021E+005
    427  2.098675255743898E+004  1.296657937328974E+006
    428  5.601352015271751E+001  3.548004725703720E+003
    429  1.266604615384530E+002  8.161800977010564E+003
    430  1.782054589885081E+004  1.127072708339340E+006
    431  8.315517006637006E+003  5.235148113972435E+005
    432  2.699742497435971E+002  1.726881878463028E+004
    433  1.204658324674370E+003  7.754662769777565E+004
    434  1.515409628839903E+004  9.656253790231529E+005
    435  2.293583108746445E+002  1.480586596605281E+004
    436  2.559159517036132E+004  1.604358484596339E+006
    437  1.840783972090765E+002  1.134995230970930E+004
    438  3.492142546071664E+004  2.163821393436754E+006
    439  1.436020205893889E+001  8.936764681243843E+002
    440  9.059312492225565E+003  5.820819463636777E+005
    441  2.557186219412580E+002  1.648619201270820E+004
    442  2.639811990456343E+003  1.668392370942302E+005
    443  1.646129741497924E+001  1.062422662813906E+003
    444  1.145520426021556E+003  7.387698601020375E+004
    445  1.373198724460423E+004  8.903187595023754E+005
    446  7.390455741738385E+003  4.686536739868143E+005
    447  1.291889629228743E+002  8.352894608298337E+003
    448  3.411866323569036E+003  2.173558582791248E+005
    449  2.213137605132153E+003  1.433437005657105E+005
    450  2.384030269090125E+004  1.567435672153739E+006
    451  1.725920355008316E+003  1.118820016674266E+005
    452  2.334413020272691E+004  1.529501394161143E+006
    453  3.650434256402811E+004  2.359246830661346E+006
    454  7.222378276413742E+004  4.766785294282942E+006
    455  8.574695238369283E+002  5.568385991345949E+004
    456  2.426683355703505E+004  1.596185494894854E+006
    457  1.569491663710524E+002  1.006735526112282E+004
    458  1.724581269672184E+004  1.136387247483439E+006
    459  4.487404681117122E+003  2.829584657891424E+005
    460  1.422355248377463E+004  9.369099735492371E+005
    461  1.348020480616939E+002  8.728181741176459E+003
    462  2.093574255445372E+004  1.296060272754900E+006
    463  2.101222103997256E+002  1.361244093474437E+004
    464  1.476683613121948E+004  9.231364889834888E+005
    465  2.670451484135423E+002  1.719972203420546E+004
    466  5.445169713992007E+003  3.522086738880700E+005
    467  2.897206062730738E+003  1.819560837855949E+005
    468  5.536519429777708E+003  3.506879453897958E+005
    469  1.085678719148309E+002  7.007775340743025E+003
    470  3.335304167611582E+002  2.122145172706204E+004
    471  2.416644612631406E+002  1.561252566786069E+004
    472  1.782610804892685E+004  1.141960536634100E+006
    473  9.528059588017223E+002  6.186658494964996E+004
    474  6.758553243634372E+004  4.422063437214787E+006
    475  4.652816703688454E+003  3.051623672017616E+005
    476  2.424883436468939E+002  1.581620859377942E+004
    477  1.164569133856755E+004  7.664378451362861E+005
    478  1.798826559784952E+003  1.165534308311076E+005
    479  3.205554683269238E+004  2.088607239930542E+006
    480  2.991975399050383E+003  1.937389675305988E+005
    481  2.859901098126338E+002  1.824586559662765E+004
    482  4.071363380832932E+003  2.634879861723469E+005
    483  6.395886717627537E+003  4.048685320247672E+005
    484  3.928770313455612E+002  2.537787866162922E+004
    485  1.349292145559210E+004  8.845216896566213E+005
    486  6.625632479493536E+002  4.235642314350235E+004
    487  1.148444057791350E+004  7.527986728076228E+005
    488  6.776215489826862E+001  4.348615664999003E+003
    489  7.263932550837097E+003  4.778357714049392E+005
    490  3.345752423336740E+001  2.188501850732252E+003
    491  5.209809258121954E+003  3.393987535361474E+005
    492  7.835802577671538E+003  5.076146276010837E+005
    493  2.086201345251187E+003  1.351494369956992E+005
    494  4.601640952785922E+003  2.911701914525410E+005
    495  6.170711090015334E+003  4.021401784874760E+005
    496  6.076390989806009E+001  3.882041384479701E+003
    497  3.664875347159041E+003  2.269351777137490E+005
    498  2.977012694393340E+003  1.882718993253325E+005
    499  7.647022339268604E+000  4.782152955260092E+002
    500  4.733804141792661E+003  3.087393223704405E+005
    501  1.196841268593016E+001  7.721476612628176E+002
    502  8.027139613591137E+002  5.187720947597973E+004
    503  1.992663561641394E+004  1.307236202179479E+006
    504  1.183459653977612E+004  7.673252831603742E+005
    505  8.459510641262083E+003  5.515121891576572E+005
    506  6.478651529143495E+001  4.149020376817414E+003
    507  1.426749181632336E+004  8.838014196855510E+005
    508  1.880039029725736E+002  1.218080412965707E+004
    509  1.429495471041944E+002  9.264317500198058E+003
    510  1.373871844762929E+004  8.937335395539716E+005
    511  5.682003719863662E+002  3.702682730604689E+004
    512  1.883760306500333E+004  1.234092842638972E+006
    513  3.240746923134619E+002  2.030242136181112E+004
    514  4.567472780991881E+003  2.956192271427620E+005
    515  9.872566559733829E+002  6.332269918510217E+004
    516  1.635106648415296E+003  1.060596623098971E+005
    517  3.041271612867942E+003  1.994975264788580E+005
    518  8.036125669510871E+003  5.258153701363524E+005
    519  8.216584643216856E+003  5.411570507971481E+005
    520  3.418266898178201E+001  2.220818938704770E+003
    521  7.168285323628741E+002  4.628084279972477E+004
    522  3.565542720924988E+002  2.333205003570595E+004
    523  2.819270881948654E+003  1.800611093146376E+005
    524  2.247321322225187E+004  1.479667425321145E+006
    525  1.051520851332087E+003  6.727360759403849E+004
    526  4.877973956081129E+002  3.167287688739435E+004
    527  8.328561952272283E+003  5.476627527236898E+005
    528  7.426149866396244E+002  4.817820453190303E+004
    529  3.742515003078752E+002  2.423863971038039E+004
    530  1.046683778372164E+004  6.810448866710967E+005
    531  9.271093317452158E+003  5.808137523575121E+005
    532  2.203717605280769E+003  1.406331317176964E+005
    533  2.860316736635848E+003  1.817760976802433E+005
    534  1.678285724000865E+003  1.053214963267668E+005
    535  8.142564219367130E+004  5.181547735594518E+006
    536  1.213035377451236E+004  7.856832559295885E+005
    537  1.707929878861085E+005  1.067572186672799E+007
    538  1.315857596267645E+004  8.310792878673760E+005
    539  1.760337851200924E+005  1.138441933988076E+007
    540  8.623182865307697E+003  5.575459855619647E+005
    541  2.618948220828459E+003  1.712898761110442E+005
    542  7.917797307481962E+002  5.117710270681739E+004
    543  2.498489100199902E+003  1.591196520053391E+005
    544  4.442452077598131E+004  2.872201114069678E+006
    545  3.722755691365219E+003  2.390064364929461E+005
    546  6.376819096067298E+004  4.123087462299787E+006
    547  8.546272951425153E+005  5.525525474113589E+007
    548  2.156613760271799E+003  1.374272841105027E+005
    549  3.803233651168431E+004  2.458333167544628E+006
    550  1.703364907209201E+004  1.114468397919598E+006
    551  4.999910808301702E+004  3.226577345012311E+006
    552  4.293270406696667E+004  2.749179879042530E+006
    553  6.716831506590327E+003  4.342898609441153E+005
    554  3.145392013962385E+004  2.034178844732351E+006
    555  1.006745841817100E+003  6.534488707543389E+004
    556  1.523633923511426E+002  9.787432903387567E+003
    557  4.878200989784546E+003  3.087760385081046E+005
    558  4.573863439063114E+002  2.965873480514814E+004
    559  7.334417969752605E+003  4.744853838818283E+005
    560  2.010719815152935E+003  1.301067033321842E+005
    561  4.445756836327882E+002  2.890203438598737E+004
    562  2.410743321763660E+002  1.545037059947881E+004
    563  1.279366929128930E+005  8.199369943526381E+006
    564  3.232565840043349E+003  2.086977742965429E+005
    565  9.283500449111963E+002  6.014675161637269E+004
    566  1.574469387040698E+005  1.012186526524687E+007
    567  3.462670613107495E+002  2.235962115959400E+004
    568  4.277348643656856E+003  2.750069192451329E+005
    569  1.985210892034948E+002  1.283546627243316E+004
    570  1.185096497743389E+004  7.567364348476678E+005
    571  6.795487717682174E+002  4.400564696519286E+004
    572  2.260984984425980E+003  1.429844059002703E+005
    573  1.032416143356308E+003  6.674620751936642E+004
    574  1.303191367500577E+002  8.443471402161356E+003
    575  1.037479396321342E+004  6.725637969392790E+005
    576  2.463599719151202E+003  1.574071035169885E+005
    577  5.391421709200991E+002  3.484871553277928E+004
    578  4.898821888742252E+002  3.132895391337744E+004
    579  2.157795067424651E+002  1.401864171339037E+004
    580  3.461668904120177E+003  2.177608339172881E+005
    581  1.218614610422384E+001  7.970311277851214E+002
    582  2.410313605334158E+003  1.517851883872086E+005
    583  2.852700815859238E+002  1.838477813638398E+004
    584  6.120740725712305E+002  3.970916012664894E+004
    585  2.497684406657090E+003  1.611982982341792E+005
    586  9.414420657202513E+001  6.047863778711430E+003
    587  1.454116047374103E+003  9.271475260874357E+004
    588  2.157688693670522E+004  1.399430346178552E+006
    589  2.949485246929278E+002  1.901231245178741E+004
    590  5.125135328419964E+001  3.293695139947888E+003
    591  9.640965283648434E+001  6.224390213937136E+003
    592  9.342921409670089E+003  6.049134391194512E+005
    593  6.294679448565198E+003  4.077449666195505E+005
    594  4.249567602498173E+002  2.748208449100477E+004
    595  2.211232971585287E+002  1.424366532363089E+004
    596  3.095985953367723E+002  2.007734247986950E+004
    597  4.628992082001816E+002  3.017817311002137E+004
    598  7.792917576209196E+000  4.982377370321405E+002
    599  5.087488515069024E+003  3.334828079731959E+005
    600  1.640550546839546E+003  1.081578662618617E+005
    601  1.295788521699915E+002  8.389774794481973E+003
    602  6.282841496936308E+003  4.090309488859277E+005
    603  4.540273054649494E+001  2.948287888869372E+003
    604  2.117758403325453E+003  1.345273134965207E+005
    605  5.170316920935297E+002  3.338545982992116E+004
    606  1.147525413233304E+001  7.346373299165067E+002
    607  4.540795539923877E+002  2.920270076883019E+004
    608  1.595077993727307E+002  1.031907581562766E+004
    609  1.694565489598259E+003  1.096602871764320E+005
    610  3.126617248141480E+002  2.024318824492313E+004
    611  4.494286055356131E+002  2.925015742241686E+004
    612  8.939212516370546E+000  5.792529114786864E+002
    613  5.104298614236795E+003  3.311366130302512E+005
    614  3.505357619837859E+001  2.270246631705549E+003
    615  2.382351056615102E+003  1.556789553274691E+005
    616  3.833823111403532E+002  2.484794890371815E+004
    617  1.389113183286248E+003  8.955232775544956E+004
    618  2.659390970316716E+003  1.694538006704146E+005
    619  8.112140433241549E+001  5.239900752556911E+003
    620  1.775478715865799E+000  1.107535618105688E+002
    621  1.573318681100639E+003  1.027274510487396E+005
    622  2.389315027196596E+002  1.542911417654998E+004
    623  1.033947922718638E+003  6.619621091454099E+004
    624  2.718252406858071E+002  1.756662914107682E+004
    625  7.034707427621014E+001  4.527407660500859E+003
    626  3.862149171319851E+002  2.507622925892283E+004
    627  6.515963314421799E+001  4.204349732376458E+003
    628  9.651193150191155E+000  6.168537080879769E+002
    629  8.071037513830118E+000  5.148361961930395E+002
    630  2.222024753380016E+002  1.406978653747839E+004
    631  2.231809747934573E+002  1.450369789141038E+004
    632  3.434162427465999E+003  2.229874024285458E+005
    633  1.406405305527651E+002  9.074703913074845E+003
    634  1.079995420253062E+002  6.976162118720592E+003
    635  3.669847702437881E+002  2.333993694557657E+004
    636  4.078604920880981E+002  2.642290837586527E+004
    637  2.654695956495486E+002  1.668264735740760E+004
    638  1.419578522797148E+001  9.174769337026519E+002
    639  9.531765277026524E+002  6.032742637602879E+004
    640  8.894053057580562E+001  5.791800162567660E+003
    641  2.372071012589424E+002  1.537018321965581E+004
    642  5.969882296694411E+001  3.845611586393523E+003
    643  6.706647120081071E+002  4.210422644955551E+004
    644  3.868869376639245E+001  2.480148277369432E+003
    645  5.861553912198630E+002  3.820805397665234E+004
    646  2.195967208380041E+002  1.422689238309618E+004
    647  1.686985608444036E+000  1.059551223183635E+002
    648  7.179972405812484E+001  4.657887039869177E+003
    649  1.122030244515316E+003  7.329063331657414E+004
    650  5.664300559802267E+002  3.673195535340942E+004
    651  5.963154527714607E+001  3.842984962820221E+003
    652  6.763024936771410E-001  3.980083737945685E+001
    653  2.173568249355980E+001  1.408099183523094E+003
    654  1.947584926305968E+003  1.248621232956528E+005
    655  1.159699070381991E+003  7.576860382462309E+004
    656  2.278802451594900E+002  1.471380619427254E+004
    657  7.880013282281634E+001  5.089252166792983E+003
    658  1.155501269131248E+003  7.475142236833267E+004
    659  1.335917625589582E+003  8.574216784636748E+004
    660  6.808746152054867E+001  4.406016832372191E+003
    661  2.338159846792429E+003  1.513679204475572E+005
    662  2.471790231641786E+001  1.601648842253702E+003
    663  3.524432892469742E+003  2.286192118354789E+005
    664  4.643647416815761E+001  3.011752602609545E+003
    665  9.029934767767593E+001  5.825016847640924E+003
    666  7.770724408153294E+002  4.901815630222213E+004
    667  1.105380717293208E+003  7.077225251098401E+004
    668  6.327204356574826E+001  4.115500049670870E+003
    669  3.087388080053583E+003  1.993023771874892E+005
    670  1.887160786301807E+002  1.219343091798573E+004
    671  6.660147765419259E+002  4.354655844064027E+004
    672  3.274503712819741E+002  2.113579708256344E+004
    673  2.934341242750996E+002  1.883802601531931E+004
    674  3.696607426161634E+002  2.389074878802066E+004
    675  2.885352410935127E+002  1.899955677297091E+004
    676  2.946632016846427E+002  1.895556824503594E+004
    677  5.506628988336568E+001  3.547699920209450E+003
    678  1.909373514551515E+003  1.244041509000563E+005
    679  8.217294488785357E+001  5.308218079888611E+003
    680  4.197119124589890E+003  2.601626027130787E+005
    681  1.702532238530620E+003  1.076389906812050E+005
    682  2.014701823613687E+002  1.301309889509016E+004
    683  1.295968565926737E+003  8.195462747189139E+004
    684  1.843715372506793E+002  1.190974902487198E+004
    685  6.945335036848842E+001  4.489242953985046E+003
    686  1.491624477549904E+003  9.361646337714187E+004
    687  2.365615689937524E+003  1.494035084768677E+005
    688  2.785230472840228E+001  1.790194629672163E+003
    689  1.973823494892541E+003  1.278015274500858E+005
    690  1.348118507820992E+003  8.634069947452589E+004
    691  2.077244847062212E+003  1.289686562827976E+005
    692  5.838066616652673E+000  3.690602834395905E+002
    693  2.186462509359696E+001  1.407874674631742E+003
    694  3.445152819469890E+003  2.154905558884064E+005
    695  1.940133919289873E+002  1.252547562741511E+004
    696  5.279471743489553E+001  3.399145435116566E+003
    697  2.163963993261653E+003  1.339583174898956E+005
    698  5.669583558518515E+003  3.508390532507231E+005
    699  5.839535490818116E+001  3.770921312797575E+003
    700  8.422719858879886E+002  5.390424992772060E+004
    701  2.971380503897367E+000  1.857754352378990E+002
    702  4.889438613388451E+002  3.135549160591258E+004
    703  2.730383906560674E+001  1.753777691026238E+003
    704  2.921916582210041E+000  1.838783295042828E+002
    705  3.239930708703852E+001  2.087372654596772E+003
    706  1.743235642566291E+003  1.129921469544724E+005
    707  6.413533975301972E+001  4.141336596719251E+003
    708  2.608529724519416E+003  1.612124433999022E+005
    709  1.157282665501281E+002  7.461482615330548E+003
    710  4.185738467898458E+003  2.681291408563525E+005
    711  3.820748504650694E+001  2.491860414045473E+003
    712  5.324413639645587E+003  3.412938916407588E+005
    713  2.590242273501444E+002  1.677418552652371E+004
    714  4.196990539709324E+001  2.710178799466350E+003
    715  4.505154181236531E+001  2.908946088631840E+003
    716  2.225152436117377E+003  1.385006480349363E+005
    717  3.079060736167768E+003  1.977258796634866E+005
    718  6.326639980934827E+000  4.100685585846869E+002
    719  1.885987451730866E+003  1.202499217309368E+005
    720  6.943141871467476E+000  4.432202754643208E+002
    721  9.018893604802699E+002  5.911324289321362E+004
    722  5.105483237016211E+001  3.303990776385364E+003
    723  2.413981190701206E+001  1.591528953964864E+003
    724  2.129387408047111E+003  1.393161880069493E+005
    725  9.748994443569347E+003  6.130964054371945E+005
    726  1.178237257234035E+001  7.568692125455212E+002
    727  3.069105539276658E+003  1.948205541966767E+005
    728  2.087429445270229E+001  1.346218933079417E+003
    729  1.774623210779151E+001  1.141669297367804E+003
    730  1.111361437358952E+003  6.947901564047810E+004
    731  9.761503001264138E+002  6.339864215964163E+004
    732  5.625439671434863E+001  3.607864384506817E+003
    733  1.051048233981545E+003  6.825022315031117E+004
    734  2.468210481476418E+000  1.530997560246527E+002
    735  3.604493640249080E+001  2.367186236584359E+003
    736  4.064093268708732E+000  2.534535483955415E+002
    737  2.679707582454230E+002  1.741412255200051E+004
    738  1.016294089062733E+003  6.598225687827503E+004
    739  5.066156557556529E+001  3.298315297324585E+003
    740  1.779230639266205E+001  1.160962538927083E+003
    741  4.714390133263140E+003  3.080931665826189E+005
    742  1.161550614409174E+003  7.286582383380389E+004
    743  4.856534322928811E+000  3.162186089026168E+002
    744  9.870150164715410E+001  6.353430043204197E+003
    745  1.935586514161934E+003  1.220624259486730E+005
    746  7.297495562345573E+002  4.702479185328953E+004
    747  2.851273302236824E+001  1.860270434815664E+003
    748  6.453334041432091E+002  4.244758108311731E+004
    749  1.088492985223235E+003  6.830411544392312E+004
    750  1.123015106751265E+001  7.258562864383131E+002
    751  7.727451544435355E+002  5.040585241458432E+004
    752  1.979085274078909E+000  1.241984438526842E+002
    753  1.064562707539084E+001  6.870588481571517E+002
    754  5.192024590910054E+001  3.345277527593907E+003
    755  8.976977624206419E+002  5.844564919736793E+004
    756  8.175788820848851E+002  5.230300500140842E+004
    757  4.964141608688616E+002  3.190105508842708E+004
    758  3.996598364628912E+001  2.574290992418338E+003
    759  5.499947310197148E+000  3.575444969272451E+002
    760  8.888432462720908E+002  5.830317347542171E+004
    761  3.229913652945989E+001  2.086405195921290E+003
    762  1.629749926017940E+003  1.067734792755561E+005
    763  1.895823706897687E+003  1.231671939915803E+005
    764  3.802360930410322E+001  2.459260171516127E+003
    765  7.615940268717109E+003  4.929039261321974E+005
    766  3.951735195475344E+001  2.583090842126235E+003
    767  3.957231487920465E+001  2.548482509593646E+003
    768  4.414143662087559E+003  2.866116780634697E+005
    769  3.220992669091352E+003  2.064636900662489E+005
    770  5.587286793811568E+001  3.596571641010358E+003
    771  1.363694613072269E+003  8.849400405907742E+004
    772  3.172347861061336E+003  2.000118120624959E+005
    773  4.804543343861885E+000  3.083557155057484E+002
    774  9.850377701433516E+002  6.370968822911830E+004
    775  9.625659547637975E+000  6.318258920617731E+002
    776  1.646752046119234E+001  1.056380091877118E+003
    777  1.170677512228201E+004  7.648125950785895E+005
    778  8.390610420027548E+003  5.507362246515950E+005
    779  1.879620671578004E+001  1.215232059386747E+003
    780  1.172703368404705E+003  7.540630861067612E+004
    781  6.936223443921747E+001  4.495276643403858E+003
    782  9.105172385066560E+001  5.878988267906406E+003
    783  1.043214750847232E+004  6.795020546356443E+005
    784  3.445812283258104E+003  2.228516234407591E+005
    785  1.053217536350926E+004  6.818631769592051E+005
    786  4.463210298764670E+001  2.881624224795485E+003
    787  1.327503356902658E+002  8.572552470974731E+003
    788  1.222950129662771E+001  7.881745653237640E+002
    789  1.650486814934148E+003  1.059023276817374E+005
    790  1.041983476638432E+002  6.753923681291312E+003
    791  4.011230291233409E+003  2.577033090694665E+005
    792  5.637460043890596E+001  3.675520661954597E+003
    793  1.086085248941433E+003  6.997948928484488E+004
    794  5.499341860207098E+001  3.551587007755428E+003
    795  3.117700113165720E+003  2.045480813956537E+005
    796  4.649156529658304E+002  2.926402975162211E+004
    797  9.019730357192193E+002  5.919048331574656E+004
    798  1.360900502153339E+001  8.844613954914172E+002
    799  1.498922707151061E+003  9.480518761098485E+004
    800  1.785273040322180E+002  1.160277308017506E+004
    801  5.323785382070782E+000  3.465692193517012E+002
    802  1.897355459715480E+003  1.204240514015867E+005
    803  8.848442691350072E+002  5.731853886130067E+004
    804  7.913132252981180E+001  5.111018441624095E+003
    805  2.712513045903496E+001  1.755117671683674E+003
    806  2.604844150898518E+000  1.647367301630653E+002
    807  2.427754275596462E+003  1.587939178471156E+005
    808  8.387791832564582E+002  5.499399987197229E+004
    809  4.455211921015320E+001  2.872483896123950E+003
    810  8.230649791736016E+003  5.410160596057166E+005
    811  1.058333841814567E+001  6.864104306946932E+002
    812  1.592326316115528E+003  1.042551260749003E+005
    813  1.016472225363421E+004  6.633941510726899E+005
    814  5.269412494353657E+000  3.334669040871196E+002
    815  1.116970333908827E+002  7.255660556086384E+003
    816  1.098912153772654E+004  7.206789978462225E+005
    817  4.409494133942253E+003  2.885887586446497E+005
    818  2.855358551743057E+001  1.864488679190520E+003
    819  1.798129407127283E+001  1.179252474081188E+003
    820  1.165526465177981E+003  7.575959509958728E+004
    821  1.620117739413824E+003  1.054613800052789E+005
    822  1.103260893684449E+003  7.146336398015455E+004
    823  1.513588115805705E+000  9.464887623977393E+001
    824  1.647546151393143E+003  1.081429295376933E+005
    825  2.262981452739567E+003  1.470945306863080E+005
    826  2.609785487892007E+003  1.678345558461784E+005
    827  6.653150865704208E+002  4.293022862113819E+004
    828  4.151688970625446E+001  2.700437977108462E+003
    829  4.629779840193270E+002  3.004965598196763E+004
    830  1.694366265167676E+001  1.099210868236932E+003
    831  1.010844367846905E+003  6.606230781818763E+004
    832  1.212363600037457E+003  7.952786886286596E+004
    833  2.637576600103437E+000  1.694528522977192E+002
    834  1.146897694198330E+001  7.390928503160794E+002
    835  8.226864702188986E+002  5.161866264676766E+004
    836  3.244858758998976E+003  2.118363858820955E+005
    837  4.166817954547990E+001  2.724912292386276E+003
    838  5.185211759326841E+002  3.321987385071511E+004
    839  1.504122510381744E+001  9.721418414637625E+002
    840  9.168747273349152E-001  5.558806945894371E+001
    841  3.841586116453498E+000  2.442165764953722E+002
    842  4.647020720680334E+003  3.024174993946615E+005
    843  6.117770861260014E+002  3.951795693635597E+004
    844  2.367546420482496E+003  1.555368213434456E+005
    845  9.126725378379825E+001  5.933161813261225E+003
    846  5.093642339909047E+001  3.276832168028915E+003
    847  1.536838564177726E+003  9.823517841417012E+004
    848  2.628867372738016E+003  1.651775687845793E+005
    849  5.484212693702696E+001  3.548118398545039E+003
    850  1.447836091216876E+000  8.996236670155530E+001
    851  6.909224362169020E+002  4.304635887092357E+004
    852  7.551630616784853E+001  4.921340912310921E+003
    853  7.776940135166202E+002  5.096937398522636E+004
    854  2.480948438205400E+003  1.626748353927874E+005
    855  8.989980793247726E+002  5.608471120331997E+004
    856  2.683188002987412E+001  1.765774404184729E+003
    857  1.657542196512095E+001  1.084103846197896E+003
    858  2.430237531501358E+003  1.591020503438285E+005
    859  4.773756207799320E+001  3.115150773692399E+003
    860  1.260318425991517E+003  8.264936690034209E+004
    861  2.049503986936879E+001  1.336157559978227E+003
    862  6.167500126689485E+001  3.978835231159910E+003
    863  1.528802895101666E+003  1.003763777990189E+005
    864  3.540459573148310E+000  2.288357323187699E+002
    865  9.924766546384313E+002  6.529260878672756E+004
    866  2.153509626307221E+003  1.338482214734926E+005
    867  2.205975743990591E+001  1.446246183281474E+003
    868  1.942692237841774E+003  1.259279857298203E+005
    869  4.029927056447664E+000  2.584138979074164E+002
    870  7.265116651991200E+003  4.537508077089037E+005
    871  5.899375184341037E+002  3.689523011810434E+004
    872  5.980413867531169E+000  3.918774582135108E+002
    873  8.489769970153608E+002  5.572581117055539E+004
    874  3.234232382493079E+000  2.034148984702360E+002
    875  1.448170839896469E+003  9.363466654820142E+004
    876  1.327833160810144E+001  8.526883138823327E+002
    877  1.921824075890143E+003  1.213825596563315E+005
    878  1.227549932161224E+001  7.888943303895472E+002
    879  1.282045985755066E+002  8.322220449323509E+003
    880  5.486169083162697E+002  3.575707122251788E+004
    881  2.274326368095063E+000  1.469756676055784E+002
    882  2.016723967106222E+001  1.314527543975532E+003
    883  2.239799222578006E+002  1.460746953835698E+004
    884  5.271950342381213E+002  3.349861042383266E+004
    885  2.267669393645566E-001  1.165763713627288E+001
    886  2.247267969469738E+003  1.439465968393100E+005
    887  1.122582675661370E+003  6.977592449108673E+004
    888  1.525629571832456E+001  9.817772261031090E+002
    889  2.768102113241309E+000  1.794652455591247E+002
    890  1.743501135584234E+003  1.140519139405858E+005
    891  9.876348270014631E+000  6.484354082996530E+002
    892  1.767471658900765E+003  1.142849958105379E+005
    893  4.591014718891278E+001  2.959418848766711E+003
    894  2.946444450541014E+002  1.927633083648983E+004
    895  3.315474061094040E+003  2.176604080217636E+005
    896  3.789967435443633E+002  2.477097724891144E+004
    897  4.373996020603410E+003  2.838639490436545E+005
    898  3.038338563612252E+003  1.940492996986608E+005
    899  3.450495213206299E+002  2.233550216956723E+004
    900  1.714145411091798E+001  1.114642480059323E+003
    901  2.669941353488619E+001  1.718734797172140E+003
    902  4.080348511214503E+003  2.664968801857723E+005
    903  6.075576245255802E+002  3.840856812382414E+004
    904  7.742537293758233E+000  5.048885509565460E+002
    905  3.153897306387993E+003  1.978880479350884E+005
    906  1.398925547280809E+001  9.114107002243131E+002
    907  9.692054389083102E+002  6.274098288348987E+004
    908  2.978195026942794E+001  1.915380717736808E+003
    909  3.330229616192360E+003  2.185411163209418E+005
    910  1.551374398100939E+002  1.002307605069638E+004
    911  5.909450482737222E+003  3.731040890943887E+005
    912  1.056484369104117E+001  6.817381889181880E+002
    913  1.520362021701362E+002  9.768515455016895E+003
    914  2.209972785116457E+000  1.400246274066226E+002
    915  8.045686917212468E+001  5.232745405668867E+003
    916  5.617804252201072E+002  3.661529404660683E+004
    917  7.141357058782318E+002  4.598839694840831E+004
    918  2.503894005757524E+003  1.641465867441992E+005
    919  6.493023574906906E+002  4.130365878418009E+004
    920  2.417929426679827E+001  1.559441371085532E+003
    921  3.488179735943880E+002  2.271496566253200E+004
    922  1.231703819057561E+002  8.026271375757376E+003
    923  1.032061613905152E+002  6.696912067737007E+003
    924  4.207960053969786E+003  2.704984911502010E+005
    925  1.468071165492986E+001  9.443557489591603E+002
    926  1.789145985180062E+003  1.150600889899637E+005
    927  9.962163366531774E+001  6.447142018232974E+003
    928  4.482318860724331E+003  2.816073181947996E+005
    929  5.375955036503559E+003  3.362387844704769E+005
    930  5.273258265544456E+003  3.260861228990426E+005
    931  3.971900465563254E+001  2.552538938375437E+003
    932  4.696941628607044E+002  2.967203326106371E+004
    933  4.098836286131684E+001  2.663750995821375E+003
    934  3.940721844796941E+003  2.570831652090602E+005
    935  1.476789243716422E+001  9.499294244218376E+002
    936  5.780407484087065E+001  3.743682658169247E+003
    937  4.771182649676752E+003  2.976559081967415E+005
    938  1.173323314170052E+003  7.702924165040780E+004
    939  2.344742618150380E+001  1.509276277703901E+003
    940  1.301256114165669E+003  8.422892571939422E+004
    941  2.287550569932077E+001  1.500550609055366E+003
    942  1.135805688039506E+003  7.293566470020391E+004
    943  2.751384204247254E+002  1.792245215449477E+004
    944  8.656544329225100E+002  5.642295906629768E+004
    945  8.401060293813656E+002  5.361864872711902E+004
    946  7.446579498091769E+000  4.837109200323798E+002
    947  2.833242607880620E+003  1.769374009311476E+005
    948  1.332194622087904E+003  8.719710053857719E+004
    949  6.308200331757078E+001  4.093582874769575E+003
    950  6.327559128042931E+002  4.099691891418351E+004
    951  3.914003373819816E+001  2.550836001096656E+003
    952  2.011666105072839E+003  1.257791184608195E+005
    953  8.805081296605621E+001  5.783368743637066E+003
    954  8.193433654822531E+003  5.403200526575338E+005
    955  3.090045816839139E+003  2.034572927544753E+005
    956  2.903160945015753E+001  1.909791326425135E+003
    957  2.834523743317920E+001  1.832833692915816E+003
    958  2.391390503007506E+003  1.575043667542083E+005
    959  1.330507692125949E+001  8.632914149762197E+002
    960  1.618596823459860E+003  1.064363375268985E+005
    961  2.564708307096542E+001  1.662857450010379E+003
    962  7.757671630637848E+002  5.032196980018314E+004
    963  8.437554324627078E+001  5.450833614352058E+003
    964  3.784899044015205E+003  2.486648912604894E+005
    965  7.775220702481513E+000  5.109182162225385E+002
    966  8.787968983324034E+003  5.773388964700314E+005
    967  5.452339539046263E+002  3.500754275303308E+004
    968  8.812608148726811E+002  5.553147498067722E+004
    969  4.708245948875867E+000  3.032155795424231E+002
    970  4.229477005529288E+003  2.778559225155475E+005
    971  7.708893468922189E+000  5.015108271335585E+002
    972  1.159249267880403E+003  7.561511244720910E+004
    973  4.005730983174915E+003  2.568230140821824E+005
    974  1.068239548613948E+001  6.928946408990288E+002
    975  3.394516657942318E+002  2.218715912872789E+004
    976  9.292972791157729E+002  6.068549572922397E+004
    977  2.661281644231005E+002  1.734230637326062E+004
    978  9.635548211205122E+001  6.335788626276534E+003
    979  1.498002192801741E+003  9.635306613591603E+004
    980  2.391371672532427E+001  1.555198966790351E+003
    981  4.573119151032232E+003  3.016465422803335E+005
    982  7.742478681198995E+001  5.061701475452742E+003
    983  4.065741954202589E+002  2.583287772223366E+004
    984  4.471383688569529E+002  2.831753554398248E+004
    985  5.877364979284327E+001  3.835265496067758E+003
    986  7.784681826027110E+002  5.097093339571966E+004
    987  1.938551752792554E+001  1.253827516206684E+003
    988  4.915634795724743E+002  3.172947437093376E+004
    989  4.245456490994758E+003  2.783362221835099E+005
    990  3.623296385756097E+001  2.329141234439592E+003
    991  9.490982856172648E+003  6.199890257213392E+005
    992  2.151480476591479E+003  1.385103409705673E+005
    993  2.088860156563831E+001  1.370880269900868E+003
    994  5.988884935227049E+001  3.853166276680890E+003
    995  9.977566097074174E+002  6.431393571143438E+004
    996  1.486790959956707E+001  9.780182883707533E+002
    997  4.663237898014687E+003  3.044504567783466E+005
    998  8.147888847247048E+003  5.286578317705180E+005
    999  3.867355038852397E+001  2.550228323294243E+003
   1000  3.691093486108538E+003  2.325257391797870E+005
   1001  1.044799853969012E+004  6.786689597847338E+005
   1002  1.029402732068497E+002  6.702513018162579E+003
   1003  2.294792586846343E+001  1.493178346639647E+003
   1004  7.721257043886784E+001  4.979424697535560E+003
   1005  1.603970265727156E+003  1.034179458177159E+005
   1006  6.585931262925542E+003  4.147268201239134E+005
   1007  9.495865580743894E+000  5.884579968886659E+002
   1008  2.635071489152910E+003  1.650620149182345E+005
   1009  3.046770563028166E+003  1.904374626748509E+005
   1010  4.342350231859779E+001  2.803500286982732E+003
   1011  1.282555405658357E+003  8.125699001144391E+004
   1012  2.139541425482464E+001  1.387339272961130E+003
   1013  1.206374802524137E+003  7.816894704991271E+004
   1014  6.965405282944703E+002  4.447913660886442E+004
   1015  1.914373815731797E+001  1.262005975324209E+003
   1016  3.594369594371133E+003  2.348551892213724E+005
   1017  4.250110161230373E+001  2.732787126603206E+003
   1018  3.692837143992138E+003  2.410661952368001E+005
   1019  1.584547995069570E+000  1.009526882372060E+002
   1020  5.375666757266545E+003  3.531924616393047E+005
   1021  1.107080718106437E+003  7.253095302653768E+004
   1022  2.533407647516512E+003  1.659955133826071E+005
   1023  1.077651077153029E+001  6.899887272468958E+002
   1024  1.003387570842213E+004  6.539456714837932E+005
   1025  2.371137980213919E+001  1.534015275675742E+003
   1026  3.750154930579704E+003  2.426264623157301E+005
   1027  5.836006995231132E+003  3.751040560247482E+005
   1028  8.594346800449570E+001  5.530578564652397E+003
   1029  7.100243231524228E+003  4.600683526723986E+005
   1030  1.832566180294578E+000  1.170349910382951E+002
   1031  4.017086924687165E+003  2.568178723245918E+005
   1032  2.298305886389033E+003  1.476891844445299E+005
   1033  5.858478919232540E+003  3.791662709591806E+005
   1034  1.858076403335492E+003  1.217881568761978E+005
   1035  4.463149533498120E+001  2.875076146421330E+003
   1036  6.081279171029379E+003  3.819658022443953E+005
   1037  6.641813579611574E+000  4.286308975754185E+002
   1038  2.270626246773090E+004  1.442371287823193E+006
   1039  2.799889355893158E+004  1.811853949017962E+006
   1040  1.223245773125940E+002  7.901141145262911E+003
   1041  2.292765241463345E+004  1.466190591822674E+006
   1042  2.332058473882945E+004  1.528258970831251E+006
   1043  4.795586425075304E+001  3.084840383668325E+003
   1044  1.477032082983894E+004  9.326453051626459E+005
   1045  1.182301069943009E+004  7.681855297763763E+005
   1046  2.790367418053390E+002  1.816890583026215E+004
   1047  3.488187175600475E+004  2.239132049770803E+006
   1048  3.589730366635417E+004  2.288043525884525E+006
   1049  5.214762208874342E+001  3.414349060776316E+003
   1050  1.062269887584577E+004  6.827860991360905E+005
   1051  4.954106907904507E+001  3.205225630946659E+003
   1052  5.111786778560158E+004  3.303137162097210E+006
   1053  8.641654765440575E+003  5.535013907911145E+005
   1054  3.303891796949991E+001  2.123722151954156E+003
   1055  1.457094969020913E+004  9.538376401955985E+005
   1056  1.178359423685191E+002  7.633939725512874E+003
   1057  1.090072329073895E+004  7.042338019777323E+005
   1058  1.981284885161810E+004  1.289481119040050E+006
   1059  1.600598205596979E+001  1.035480256158344E+003
   1060  4.891919111111401E+004  3.067707701445606E+006
   1061  7.634691549019500E+003  4.875839655031997E+005
   1062  1.244136867472898E+004  8.007066192525489E+005
   1063  2.065933346192983E+002  1.336765678847554E+004
   1064  3.193907230820146E+003  2.037734226626678E+005
   1065  7.308354405278160E+001  4.741791762383646E+003
   1066  1.863628723753440E+004  1.220536733697453E+006
   1067  3.058254572638400E+004  1.972574776844724E+006
   1068  1.197089157144396E+002  7.742918367646364E+003
   1069  4.679370491206008E+004  2.978083621356851E+006
   1070  3.561834898819389E+005  2.226503579441441E+007
   1071  2.518678200815654E+004  1.633621609380262E+006
   1072  5.905135972947939E+004  3.769231988946426E+006
   1073  2.041885681258820E+001  1.326826305796682E+003
   1074  1.139923412000783E+005  7.359174284716661E+006
   1075  8.385081746191940E+003  5.419702387688402E+005
   1076  1.963907894340388E+003  1.281282562365882E+005
   1077  4.657618741219042E+002  2.919201433788683E+004
