# dt =   1.000000000000000E-003
# j, New nj, Rate of change (1/s)
      1  6.018716630461156E+003  3.308067244830740E+005
      2  2.193745071245313E+005  1.198929527577309E+007
      3  5.086363585299069E+003  2.764387627616751E+005
      4  1.147942198722361E+004  6.137309512056120E+005
      5  2.455599882949622E+004  1.328183244428528E+006
      6  3.261821777501464E+003  1.773076393008528E+005
      7  2.413572079920750E+005  1.305932545587230E+007
      8  1.228676608130711E+005  6.649481074312050E+006
      9  7.142423168030026E+004  3.897075745517013E+006
     10  5.729137332850391E+004  3.089887447735973E+006
     11  1.264182920541857E+004  6.840083591869189E+005
     12  1.132350137501737E+004  5.938060620560666E+005
     13  6.312549507568709E+002  3.419710145718712E+004
     14  4.627418428380298E+003  2.503991805517263E+005
     15  5.181854258587813E+002  2.788470697788263E+004
     16  4.310134863861123E+004  2.344790003708852E+006
     17  9.530613258134537E+003  5.106375646130017E+005
     18  4.112802354693466E+004  2.224829977778909E+006
     19  3.915980995255495E+002  2.105715661068879E+004
     20  1.064701734503755E+004  5.756441043626389E+005
     21  1.477494608085126E+003  7.907847080919189E+004
     22  1.187658934685061E+004  6.443414119944342E+005
     23  1.262276424044573E+005  6.832497366295736E+006
     24  9.394047631367813E+004  5.081733900596747E+006
     25  3.995666817059009E+002  2.144891487823917E+004
     26  1.075088477048395E+003  5.853390730812094E+004
     27  2.757213794708769E+005  1.470927625772385E+007
     28  4.662843758022487E+003  2.491330443193387E+005
     29  5.802276188116969E+004  3.056440540549376E+006
     30  1.415800638848051E+003  7.639337595397186E+004
     31  2.477839863030422E+004  1.344030640986993E+006
     32  1.321678666889319E+004  7.121932611285023E+005
     33  5.489291667301526E+003  2.918152069187453E+005
     34  2.733909793680865E+003  1.477997680610146E+005
     35  6.632508677668257E+004  3.496459259044251E+006
     36  6.560602193555446E+003  3.536520903379023E+005
     37  3.420215011044320E+004  1.829837126446328E+006
     38  9.831571840113601E+004  5.321854457219148E+006
     39  1.216332184418322E+004  6.502319233215634E+005
     40  3.593771657031036E+004  1.919024385878534E+006
     41  2.656979276095208E+004  1.434183312235858E+006
     42  1.039644514243939E+004  5.592664566300571E+005
     43  5.076243039929855E+003  2.744709864254093E+005
     44  3.431892837875115E+004  1.834185082714430E+006
     45  1.344037341497640E+004  7.209253977926476E+005
     46  5.235760779437455E+003  2.833396924468723E+005
     47  7.763510845119943E+001  4.191898986445227E+003
     48  1.257376288313344E+004  6.774084802429505E+005
     49  3.493695583108678E+003  1.882750436701429E+005
     50  2.945057992897252E+003  1.612139875916330E+005
     51  5.176637484287714E+004  2.841002141231897E+006
     52  4.974681001609870E+003  2.730944751031836E+005
     53  2.391278793212971E+003  1.297222025726542E+005
     54  2.972785281525680E+004  1.613223721152756E+006
     55  4.644477570831398E+004  2.518733962962098E+006
     56  1.010238421529536E+002  5.430861278497583E+003
     57  3.398656476612578E+004  1.847731488029552E+006
     58  3.110391797322360E+004  1.684277918985456E+006
     59  4.945164374324525E+002  2.701674194678002E+004
     60  9.775614831664550E+004  5.302397257386304E+006
     61  9.757606546494553E+002  5.227163591034384E+004
     62  2.824258850589493E+003  1.537528427177421E+005
     63  1.618437022665805E+003  8.822523558232676E+004
     64  5.485744081504537E+004  2.975563814135035E+006
     65  6.458195426646580E+005  3.509540319766947E+007
     66  7.391707003263639E+003  4.005320217898616E+005
     67  7.896287183361062E+004  4.290357350449530E+006
     68  1.809985709527025E+003  9.828821055852332E+004
     69  5.703552075493809E+003  3.112991092972218E+005
     70  1.381799430269782E+005  7.489351504654232E+006
     71  1.740980540890289E+005  9.476454780101337E+006
     72  1.055972628310930E+003  5.657701229926786E+004
     73  2.252026224130040E+004  1.172557414567971E+006
     74  6.573973307438464E+003  3.550255953543356E+005
     75  7.897195020513632E+002  4.264509889544846E+004
     76  9.580518709696566E+002  5.131940284794251E+004
     77  2.551850585988065E+003  1.383417530577159E+005
     78  2.800898643472791E+003  1.517268467050750E+005
     79  1.804140862470029E+004  9.813585356061672E+005
     80  5.703636752197742E+004  2.981334479931847E+006
     81  4.594969191492902E+003  2.477909808656399E+005
     82  6.613241782651296E+003  3.490124843650737E+005
     83  2.579609092075518E+003  1.388856248373292E+005
     84  1.381846613702835E+003  7.516793548377948E+004
     85  1.269208694984362E+004  6.848810344484058E+005
     86  9.411010888933750E+004  4.903900476525362E+006
     87  8.000955662889519E+002  4.182807796343265E+004
     88  8.275419986980660E+002  4.467802726706908E+004
     89  8.704825246399414E+003  4.639681125998250E+005
     90  1.237183907766260E+005  6.435814448631421E+006
     91  3.931132405941824E+004  2.100515870901667E+006
     92  1.935855573695097E+004  1.026897538510007E+006
     93  4.320045225921244E+003  2.260091229250229E+005
     94  2.185512177917061E+004  1.137685702997652E+006
     95  8.994276565424310E+003  4.873645847615707E+005
     96  1.853367172637656E+003  9.975312950851000E+004
     97  2.130754774722339E+004  1.163371896303965E+006
     98  2.500359576854084E+004  1.339079875529190E+006
     99  1.073614128624555E+003  5.722095504124072E+004
    100  5.355620018914330E+004  2.919087502498533E+006
    101  5.556856902173882E+003  2.995231239062976E+005
    102  1.454153855346082E+004  7.725801208783250E+005
    103  2.046562081037460E+005  1.096050071898886E+007
    104  1.501132644947649E+003  8.103225214648513E+004
    105  2.789947188054617E+004  1.529834829785644E+006
    106  5.629499053467857E+003  3.056021424572463E+005
    107  7.145244771175087E+002  3.884101622654468E+004
    108  1.658250575229639E+004  8.929817121441326E+005
    109  2.902958902280776E+003  1.566634848506942E+005
    110  1.712142580129498E+004  9.167080991477342E+005
    111  5.066737806084728E+003  2.716984787380776E+005
    112  3.721695168707754E+003  2.007034290534699E+005
    113  4.288565363504708E+003  2.279945507295902E+005
    114  4.999376870308207E+004  2.705729245523874E+006
    115  1.920745195415595E+004  1.024461635985996E+006
    116  3.039974521108395E+003  1.645092421299645E+005
    117  7.404807320291519E+003  3.888306233827182E+005
    118  1.220166926336982E+003  6.555422345823741E+004
    119  3.306701114059232E+003  1.800426081746301E+005
    120  1.865927311972873E+004  9.991367866801880E+005
    121  2.514377893632731E+003  1.361504020284711E+005
    122  1.595844792130493E+002  8.642655291846715E+003
    123  8.949712881529769E+002  4.851428921464287E+004
    124  5.292601055303862E+001  2.786378320165031E+003
    125  1.084784865702495E+004  5.696627453391794E+005
    126  8.163741927999878E+003  4.344544545405877E+005
    127  2.395385830925999E+003  1.280708736871309E+005
    128  1.094932072603575E+004  5.955487243377876E+005
    129  7.656825891857653E+001  4.108471104621851E+003
    130  2.368965827041162E+003  1.296016202210431E+005
    131  5.557474149180302E+003  3.007825211547890E+005
    132  9.325554581770509E+002  5.013861023932113E+004
    133  4.500751298942756E+003  2.434168060361495E+005
    134  3.127946085269935E+003  1.688236227959714E+005
    135  4.273930288848725E+003  2.277605039814133E+005
    136  6.800379811067182E+003  3.721553302317537E+005
    137  2.972426521496295E+003  1.611413004957859E+005
    138  5.045014917228711E+003  2.740939265112016E+005
    139  5.979361130485941E+003  3.234048513810784E+005
    140  4.025561743309060E+003  2.165755987613098E+005
    141  1.486620607899587E+003  7.996114750231296E+004
    142  1.479898957283543E+004  8.001975790763190E+005
    143  5.574196213429076E+003  3.008511712760311E+005
    144  9.132143145118996E+003  4.788293069873630E+005
    145  2.711726561939155E+003  1.478279139756754E+005
    146  3.454330237250372E+001  1.807821001018770E+003
    147  6.044631594143831E+002  3.268900982353589E+004
    148  4.009355429708226E+003  2.190257917941960E+005
    149  1.353836289972082E+004  7.263227287404696E+005
    150  1.716293075870857E+003  9.247860507719038E+004
    151  8.848415426546602E+004  4.800238946434134E+006
    152  3.090347072591356E+004  1.647212731866285E+006
    153  3.467631311418786E+003  1.866643840723296E+005
    154  1.975854758730774E+005  1.027086003752986E+007
    155  8.745700691885002E+003  4.570101468605598E+005
    156  2.348788426181057E+003  1.267477233785963E+005
    157  9.859534466503817E+003  5.289365892437552E+005
    158  5.718060138656183E+003  3.086078982838434E+005
    159  1.224579296527246E+003  6.381455807438771E+004
    160  1.256351500315330E+004  6.693162753828929E+005
    161  6.570100130528264E+003  3.536082959230111E+005
    162  3.189623632444957E+002  1.716140428359485E+004
    163  8.952365985250403E+004  4.737121720369053E+006
    164  1.016384515319980E+005  5.316890806065368E+006
    165  9.286941805544596E+004  4.876501150295110E+006
    166  1.455914046239810E+004  7.890168484014780E+005
    167  1.108759485103539E+003  5.975250904287861E+004
    168  1.765630326468494E+003  9.537499275561840E+004
    169  5.022357733306076E+003  2.675592516024621E+005
    170  6.195521512145018E+002  3.353509164748126E+004
    171  9.182971511001257E+002  4.961756785735845E+004
    172  1.032786876910574E+004  5.552792163793406E+005
    173  6.158680931835082E+003  3.276015982988234E+005
    174  2.737413272695204E+003  1.480086578535036E+005
    175  3.141798428710998E+002  1.700486673673403E+004
    176  1.136032511986838E+003  6.143500429076919E+004
    177  1.037413024391044E+004  5.678328103458661E+005
    178  6.396717258239234E+000  3.049799766612773E+002
    179  2.476569319867210E+002  1.327098478402552E+004
    180  5.202871079885434E+003  2.798736054985040E+005
    181  6.108578226458604E+002  3.334890169765405E+004
    182  4.632396535061519E+004  2.543554415256382E+006
    183  7.688331538515853E+003  4.172871633700936E+005
    184  2.910249595873595E+003  1.574654561960388E+005
    185  3.371687820594020E+004  1.834311048311264E+006
    186  2.896511816002503E+004  1.567044364714365E+006
    187  7.744457825531287E+002  4.177262086696178E+004
    188  2.349104780831586E+004  1.244027085869990E+006
    189  9.488423306213382E+002  5.110686233759797E+004
    190  6.816460392617105E+003  3.588987856541033E+005
    191  3.003407327726408E+003  1.627111544077589E+005
    192  4.777832985534177E+003  2.552737258261676E+005
    193  1.980256342226431E+004  1.062072648508568E+006
    194  3.457004569490337E+003  1.871360480663238E+005
    195  1.016368823884983E+004  5.519571479068584E+005
    196  4.151750099334151E+003  2.239624049179140E+005
    197  1.048048389514024E+004  5.723751093650617E+005
    198  2.292723216601126E+004  1.202632515143754E+006
    199  1.639322687432896E+004  8.845432874398053E+005
    200  1.147667198096322E+002  6.231734056458202E+003
    201  2.514839784754944E+003  1.340775042639920E+005
    202  4.989011036457901E+003  2.706722966460772E+005
    203  1.587139467591936E+003  8.605175003122224E+004
    204  4.126165022860682E+003  2.213193689645835E+005
    205  4.517898048639205E+003  2.438321027065261E+005
    206  3.364259545852620E+003  1.815131131950196E+005
    207  1.025059988976001E+004  5.564894039171067E+005
    208  1.485343283694452E+003  7.904056423915680E+004
    209  1.199248502984002E+003  6.437952105568241E+004
    210  1.079246113530992E+004  5.933165681705881E+005
    211  4.703749626671189E+003  2.589933919382699E+005
    212  5.336266283062429E+003  2.880577369609578E+005
    213  4.627077326109757E+003  2.523764023843471E+005
    214  1.215957741965749E+003  6.559058365087406E+004
    215  1.445657422380064E+003  7.655163695563520E+004
    216  2.936555368785916E+002  1.558784995473247E+004
    217  5.723612854476653E+003  3.117898127687573E+005
    218  3.025928765936109E+003  1.633846246934270E+005
    219  3.932861210551287E+002  2.092491586527908E+004
    220  3.780156108959892E+002  2.046088420617287E+004
    221  4.450448875553369E+003  2.412361764765952E+005
    222  3.423469397416784E+003  1.817180278770217E+005
    223  9.981567706852506E+003  5.356006272090040E+005
    224  1.024535857253945E+002  5.514169890496760E+003
    225  1.605721416950688E+002  8.711401884530234E+003
    226  3.341474818635305E+003  1.760465316624272E+005
    227  1.369376429728563E+002  7.309316167681870E+003
    228  7.797609786893285E+001  4.218897706011677E+003
    229  1.417555765994355E+004  7.661327751177875E+005
    230  1.389927957524891E+004  7.352596324664211E+005
    231  1.524423276108475E+003  8.223685958139830E+004
    232  6.016311339735164E+004  3.306850975161222E+006
    233  9.347490258771133E+003  4.962677323015206E+005
    234  7.725256315107951E+002  4.178335671323668E+004
    235  1.566363748276056E+002  8.511363933831595E+003
    236  1.241120926771586E+004  6.543516534523509E+005
    237  2.244997049128560E+003  1.219976013293566E+005
    238  6.181472997241294E+003  3.311286850785933E+005
    239  3.551861005825637E+003  1.930560177979526E+005
    240  8.343979698685829E+003  4.544523411074867E+005
    241  9.444418673302520E+003  5.065109046428097E+005
    242  8.924105235428764E+002  4.819783683060907E+004
    243  3.637461887541262E+002  1.964305817780692E+004
    244  3.650506492755930E+003  1.991078293055155E+005
    245  1.376493569365374E+004  7.298428853497427E+005
    246  4.344925915571052E+003  2.359916574266808E+005
    247  3.305166673773216E+003  1.772650568293823E+005
    248  6.084049022786185E+004  3.205372562226682E+006
    249  1.268622904684380E+004  6.706080863993088E+005
    250  2.343915055914321E+002  1.251693039473136E+004
    251  6.813098740683145E+003  3.626873627311473E+005
    252  7.882998512431712E+001  4.183611761695184E+003
    253  2.972932274608547E+004  1.605673974428802E+006
    254  1.340599963945173E+004  7.248462561601981E+005
    255  1.230597925632873E+004  6.650102346152718E+005
    256  4.392153376882733E+003  2.350071994765159E+005
    257  7.098016717943508E+002  3.839253860392470E+004
    258  2.606117631854570E+004  1.356735361528165E+006
    259  1.042206844134553E+004  5.684306539478855E+005
    260  4.414962213487926E+002  2.377780221913645E+004
    261  1.301941234786221E+003  7.049196276613355E+004
    262  1.556626647811363E+003  8.393746269467825E+004
    263  4.468668795119858E+001  2.409311877928233E+003
    264  8.549451430853951E+003  4.522996193825028E+005
    265  1.643599306867314E+002  8.586014631604974E+003
    266  1.113610039492657E+003  5.914806551108673E+004
    267  5.505476484305774E+002  2.936217016285388E+004
    268  6.883603172705224E+001  3.704299857079637E+003
    269  2.774730758555614E+002  1.501003738202756E+004
    270  1.237739480879672E+003  6.686209620658637E+004
    271  3.213506070850866E+002  1.745113094666123E+004
    272  1.160756656648495E+004  6.168615459343116E+005
    273  3.127760416021627E+003  1.684788140452538E+005
    274  1.002058160461774E+004  5.388744744759646E+005
    275  1.658493850888608E+003  8.843488134142368E+004
    276  1.865781132108090E+003  1.009726951663624E+005
    277  4.151553290383277E+002  2.255892314067697E+004
    278  1.197711734184313E+003  6.532706254577713E+004
    279  6.517757725317896E+003  3.507110438087051E+005
    280  1.349614802978908E+004  7.367620010086383E+005
    281  6.213258549416643E+003  3.391427773632972E+005
    282  6.089330528900416E+003  3.297991229811207E+005
    283  3.588604503997439E+003  1.902113311260979E+005
    284  2.327719178278292E+002  1.260967667152698E+004
    285  3.724848023048917E+003  1.987055714095274E+005
    286  1.466098877142510E+002  7.970898692609889E+003
    287  8.864830749228664E+002  4.816132452225152E+004
    288  4.806579352201013E+003  2.552167360899708E+005
    289  7.389291139001723E+003  4.024795507601604E+005
    290  3.009559769412385E+004  1.628132215123232E+006
    291  6.228241401200218E+004  3.383414204328214E+006
    292  1.662859211363152E+003  9.023630925515089E+004
    293  9.231567500027282E+004  4.998070263081389E+006
    294  1.277215241182196E+004  6.909152318108940E+005
    295  4.187484120893384E+003  2.253622230228232E+005
    296  1.956709580399005E+004  1.036585689631406E+006
    297  3.060875170683310E+004  1.619092067566928E+006
    298  1.383866812992864E+005  7.598580761175822E+006
    299  2.036542670117235E+004  1.116313434421462E+006
    300  3.308076101849531E+004  1.741268492297281E+006
    301  3.570245789427916E+004  1.936489224750169E+006
    302  3.701186043482135E+003  1.936744662422861E+005
    303  4.968098535512434E+003  2.694312583118586E+005
    304  1.368410600210182E+003  7.380493724820216E+004
    305  9.302908239022764E+002  5.034822007602398E+004
    306  9.589039909981728E+003  5.028570113930977E+005
    307  8.546067848513600E+002  4.612071835590361E+004
    308  2.661521105874547E+004  1.390898233838319E+006
    309  2.075528242642534E+003  1.116877388982396E+005
    310  7.713071256028346E+003  4.032403556109483E+005
    311  6.540102489213380E+002  3.530164661251619E+004
    312  1.583469889433982E+003  8.470725929642732E+004
    313  2.338769028676791E+002  1.260841734237208E+004
    314  1.001094781726884E+003  5.406882297524367E+004
    315  2.502690293255105E+002  1.343983920276007E+004
    316  4.643354721971905E+002  2.504182908343061E+004
    317  1.187068218422978E+003  6.422990995597249E+004
    318  1.246944805398620E+004  6.518548597138664E+005
    319  1.704503319643289E+003  9.324306180285785E+004
    320  3.987838308229525E+003  2.153614554674273E+005
    321  1.752120575527941E+003  9.353843804899185E+004
    322  8.111508510236984E+002  4.336367583046034E+004
    323  6.007419833934759E+002  3.240672461769877E+004
    324  1.536737056985218E+003  8.311010321275902E+004
    325  3.556812370453416E+003  1.920172174402254E+005
    326  7.022679589232467E+003  3.764617935608167E+005
    327  1.950684093117475E+003  1.048816850184131E+005
    328  1.628329051381547E+002  8.745311168622273E+003
    329  1.717213734725345E+004  9.330331554804626E+005
    330  1.799977908088705E+004  9.741511955490207E+005
    331  4.703252983255342E+003  2.543230408204905E+005
    332  2.447872726917471E+003  1.340415277041279E+005
    333  1.068396710076091E+004  5.822650919989588E+005
    334  1.050202891762081E+003  5.672115523992348E+004
    335  6.759172162247696E+003  3.563167972497729E+005
    336  2.184203883129700E+003  1.182356062381710E+005
    337  7.353783333009557E+002  3.961906710949635E+004
    338  2.300355088585723E+003  1.246408831386291E+005
    339  6.500116054415536E+002  3.521816864550771E+004
    340  8.240635658505202E+003  4.476414109156742E+005
    341  1.284345522435707E+004  6.758530305115472E+005
    342  2.017853682238068E+002  1.094252331305063E+004
    343  6.230121431141422E+003  3.353214542089962E+005
    344  1.875024809676356E+004  1.022410378842634E+006
    345  1.360732626381000E+003  7.409074060759146E+004
    346  6.172317337394887E+004  3.360283623511828E+006
    347  1.095718950004523E+004  5.929813245207573E+005
    348  6.502869901069564E+003  3.512225150923924E+005
    349  1.825348292424920E+003  9.712661329225612E+004
    350  1.513080572969833E+002  8.146418988212245E+003
    351  1.772767469777374E+003  9.405830260693877E+004
    352  2.924084966408418E+003  1.584313794349723E+005
    353  2.605362563331835E+002  1.380569489907710E+004
    354  1.988194768672028E+002  1.073352556785043E+004
    355  2.096594197861074E+003  1.142773204599270E+005
    356  1.468078072369602E+004  7.783317038574632E+005
    357  3.110649937894940E+003  1.686233293167622E+005
    358  4.017827447692550E+004  2.128985183298611E+006
    359  5.182280394599600E+003  2.792768650952764E+005
    360  1.134922535273342E+003  6.124209649101365E+004
    361  7.770180789757993E+002  4.209766595726477E+004
    362  8.413965227914392E+001  4.521750386913098E+003
    363  1.275019939807189E+001  6.725355051942506E+002
    364  1.793692381069078E+003  9.621358294380376E+004
    365  1.876812264642136E+003  1.014968287029292E+005
    366  2.199110032038607E+002  1.190012230021235E+004
    367  3.446153417979784E+003  1.866975117388984E+005
    368  1.258544015867092E+002  6.770638038612601E+003
    369  1.725219488276249E+003  9.474234577377274E+004
    370  2.908485995679841E+002  1.570764320900416E+004
    371  9.188683083706009E+001  4.979880136372500E+003
    372  7.524746584887953E+002  4.014293364892109E+004
    373  1.069903720882855E+002  5.790180417061233E+003
    374  9.859958062640737E+003  5.371986838132585E+005
    375  6.118164966440821E+002  3.334750498505702E+004
    376  1.339158941740867E+004  7.242544955393798E+005
    377  1.278222831355892E+003  6.888029549302119E+004
    378  1.055023461589671E+004  5.573032747630399E+005
    379  7.938025689193368E+003  4.276223092177791E+005
    380  6.889942766448751E+003  3.611318674766734E+005
    381  4.816075710292968E+003  2.581908668162160E+005
    382  1.834133129958122E+003  9.920951916247634E+004
    383  8.306106268498554E+003  4.443508419110409E+005
    384  2.414453980816692E+005  1.294599889868326E+007
    385  7.287482459889919E+003  3.952448355469093E+005
    386  8.460347959147790E+004  4.591973893733568E+006
    387  2.336422045037379E+004  1.264495623639298E+006
    388  2.798259125281236E+001  1.493717881231755E+003
    389  1.966159003360293E+003  1.064875007496856E+005
    390  1.248906696628575E+005  6.854019847288650E+006
    391  2.736546395798929E+004  1.434267425922306E+006
    392  5.806501653074632E+004  3.093421688915898E+006
    393  1.414848473399704E+005  7.715352448800291E+006
    394  1.937628697937049E+003  1.054330101560587E+005
    395  3.291390155160757E+004  1.797383968440091E+006
    396  6.209149283827386E+003  3.347994025473599E+005
    397  1.474409091187264E+003  7.916277033694684E+004
    398  2.817047624817188E+003  1.531834846921668E+005
    399  8.366574732035006E+003  4.504858673277402E+005
    400  1.976385279010998E+004  1.062067296318250E+006
    401  2.489772772928948E+003  1.347937241400736E+005
    402  2.772578563632589E+004  1.473398337454626E+006
    403  7.080487634899097E+003  3.814272556996418E+005
    404  2.862945347806836E+003  1.550874054323796E+005
    405  1.162584826798928E+004  6.247370590814035E+005
    406  2.771369608726902E+001  1.506445106880352E+003
    407  5.218238572767091E+004  2.840924728510563E+006
    408  1.247625037666514E+002  6.825736834070888E+003
    409  7.291581345932623E+003  3.875906156161532E+005
    410  4.526942892429100E+002  2.476900333512656E+004
    411  4.990640398491367E+003  2.722878661012495E+005
    412  4.791111847476382E+001  2.578675795205926E+003
    413  1.129490534303324E+004  6.040116642726777E+005
    414  7.049578824140109E+002  3.812181199126742E+004
    415  1.730218699531523E+004  9.403501338195936E+005
    416  5.913183945406570E+002  3.215616119306159E+004
    417  3.343396450845608E+003  1.808278273964274E+005
    418  2.883757154174164E+005  1.549858241903020E+007
    419  5.635790144290834E+004  3.085303991111510E+006
    420  7.505243075798523E+002  4.091145180856885E+004
    421  3.651365368293189E+003  1.984198732666523E+005
    422  2.717718182275269E+004  1.461047161522795E+006
    423  2.933919191314826E+004  1.583078903168729E+006
    424  1.073216905646677E+002  5.773954670844498E+003
    425  7.830888993313527E+004  4.216146918829846E+006
    426  1.393182388388535E+004  7.535561757093226E+005
    427  2.346436869880496E+004  1.221048581892763E+006
    428  6.278777367082655E+001  3.337797834683977E+003
    429  1.422425276626649E+002  7.677364088051352E+003
    430  1.997309049037640E+004  1.060688858252448E+006
    431  9.315255920366935E+003  4.926171994557104E+005
    432  3.029481466917953E+002  1.624718566495861E+004
    433  1.352723453739239E+003  7.295503548107615E+004
    434  1.699821554088456E+004  9.086964761195903E+005
    435  2.576208334803207E+002  1.392448900769002E+004
    436  2.865609060441764E+004  1.510122564732513E+006
    437  2.057650288715392E+002  1.068778805430747E+004
    438  3.905556238477342E+004  2.037370986085977E+006
    439  1.606643353203816E+001  8.406798617112532E+002
    440  1.017087893075310E+004  5.477173830573555E+005
    441  2.871886023403043E+002  1.550474083729426E+004
    442  2.958502125815317E+003  1.570455945333647E+005
    443  1.848973201157425E+001  9.994374475375981E+002
    444  1.286547294836337E+003  6.948241820515819E+004
    445  1.543170561562556E+004  8.374555853124856E+005
    446  8.285600306865488E+003  4.411044665022781E+005
    447  1.451348318184002E+002  7.856459274997674E+003
    448  3.826983857130914E+003  2.045534599151807E+005
    449  2.486782700369075E+003  1.348235315635690E+005
    450  2.683274443568844E+004  1.474388473839966E+006
    451  1.939511731702487E+003  1.052364333221250E+005
    452  2.626434345846301E+004  1.438829966136512E+006
    453  4.100916543586869E+004  2.219650584479863E+006
    454  8.132474322592450E+004  4.484161294628832E+006
    455  9.637855743798358E+002  5.238358098226718E+004
    456  2.731423541215533E+004  1.501478426375493E+006
    457  1.761669449315685E+002  9.468359746801732E+003
    458  1.941541786811244E+004  1.068987177553260E+006
    459  5.027837567134584E+003  2.663074617389932E+005
    460  1.601236722736687E+004  8.813758213231968E+005
    461  1.514638204589788E+002  8.209102931883512E+003
    462  2.341209319234527E+004  1.220406489080550E+006
    463  2.361076706724472E+002  1.280277178652149E+004
    464  1.653031901526044E+004  8.690383214157125E+005
    465  2.998795468485729E+002  1.617732267226824E+004
    466  6.117656460399402E+003  3.313479951653293E+005
    467  3.244772102256146E+003  1.712752302693918E+005
    468  6.206365882507162E+003  3.300863437005914E+005
    469  1.219454460942417E+002  6.591007450917575E+003
    470  3.740515498960789E+002  1.996590905832372E+004
    471  2.714674194131725E+002  1.468353009640700E+004
    472  2.000696073618908E+004  1.074619411371767E+006
    473  1.070923658416236E+003  5.819800571575822E+004
    474  7.602792400108007E+004  4.159614493389593E+006
    475  5.235416210346111E+003  2.870498238495143E+005
    476  2.726815493145756E+002  1.487601480231478E+004
    477  1.310901524508057E+004  7.209996025294857E+005
    478  2.021382750123349E+003  1.096603667636517E+005
    479  3.604318478507549E+004  1.964757126035285E+006
    480  3.361840950708948E+003  1.822331180158843E+005
    481  3.208207072417459E+002  1.716070343305835E+004
    482  4.574476575809906E+003  2.478978481737174E+005
    483  7.169193567414363E+003  3.810650577264316E+005
    484  4.413309058120888E+002  2.387404257845812E+004
    485  1.518153169114604E+004  8.319765364603911E+005
    486  7.434191694437410E+002  3.983683505636744E+004
    487  1.292190352924077E+004  7.082843745961310E+005
    488  7.606330036642044E+001  4.089868632483447E+003
    489  8.176194303992464E+003  4.494766655253847E+005
    490  3.763587667428583E+001  2.058723451043043E+003
    491  5.857840664923119E+003  3.192988440778321E+005
    492  8.804871396321581E+003  4.774590328151078E+005
    493  2.344189111041569E+003  1.271071006118077E+005
    494  5.157812902563836E+003  2.740714059851932E+005
    495  6.938471172926639E+003  3.782817410105555E+005
    496  6.817638612146645E+001  3.652328471618383E+003
    497  4.098467939966641E+003  2.136840641023058E+005
    498  3.336643282131300E+003  1.772205062615456E+005
    499  8.560104251033389E+000  4.498950047946261E+002
    500  5.323292342681775E+003  2.904528205800129E+005
    501  1.344263460099400E+001  7.263687034395065E+002
    502  9.017454806846008E+002  4.879190367709636E+004
    503  2.242230486049587E+004  1.229623995154828E+006
    504  1.329973773151843E+004  7.219133088333337E+005
    505  9.512628213414460E+003  5.189064175769764E+005
    506  7.270722637106027E+001  3.902519484568749E+003
    507  1.595615476034275E+004  8.322153978363847E+005
    508  2.112604233786676E+002  1.145884544970241E+004
    509  1.606384649662642E+002  8.715717975959766E+003
    510  1.544518932032325E+004  8.408174061633106E+005
    511  6.388913139884079E+002  3.482999320174998E+004
    512  2.119361341698563E+004  1.160810703985348E+006
    513  3.628550427642622E+002  1.911027191211105E+004
    514  5.131940430773333E+003  2.781291820967395E+005
    515  1.108166361776710E+003  5.957543895331286E+004
    516  1.837614748681539E+003  9.978048178351921E+004
    517  3.422167649883849E+003  1.876733703251825E+005
    518  9.040056256918748E+003  4.946526345124480E+005
    519  9.249795976131632E+003  5.090781174601047E+005
    520  3.842240504062983E+001  2.088920478464235E+003
    521  8.051762608727067E+002  4.352801754207709E+004
    522  4.010971582640034E+002  2.194630314977875E+004
    523  3.163168670935230E+003  1.694603469770240E+005
    524  2.529844053835023E+004  1.392052979218146E+006
    525  1.179987318940978E+003  6.330076538524989E+004
    526  5.482629890981959E+002  2.979133153070989E+004
    527  9.374120958115971E+003  5.151510355993348E+005
    528  8.345857251568593E+002  4.531319449122014E+004
    529  4.205231089303340E+002  2.279774072289742E+004
    530  1.176713126950502E+004  6.406732141616660E+005
    531  1.038056903141479E+004  5.467365395419690E+005
    532  2.472250217929559E+003  1.323138768705629E+005
    533  3.207514423229023E+003  1.710900593731244E+005
    534  1.879485058412857E+003  9.915063637052993E+004
    535  9.132274831815399E+004  4.877068036414355E+006
    536  1.363014848683900E+004  7.389283872260096E+005
    537  1.911887251880884E+005  1.005120766887891E+007
    538  1.474565520558958E+004  7.820259329720476E+005
    539  1.977700623871569E+005  1.070983844159937E+007
    540  9.687759555964070E+003  5.245433634036855E+005
    541  2.945989631729326E+003  1.611385971140581E+005
    542  8.894755040597615E+002  4.813390315710799E+004
    543  2.802299569902568E+003  1.496931253333077E+005
    544  4.990746317949139E+004  2.701398237734573E+006
    545  4.179192727054165E+003  2.249096156180093E+005
    546  7.163899016519821E+004  3.877867699865188E+006
    547  9.601077714288787E+005  5.196930481261178E+007
    548  2.419034044532638E+003  1.293035205531911E+005
    549  4.272519017675993E+004  2.312124217655000E+006
    550  1.916131178116578E+004  1.048307520602864E+006
    551  5.615839663543560E+004  3.034606155842967E+006
    552  4.818060702915913E+004  2.585567017131282E+006
    553  7.546009731229628E+003  4.085486997137864E+005
    554  3.533711551747358E+004  1.913218431575447E+006
    555  1.131493357828423E+003  6.146294200466228E+004
    556  1.710463656584826E+002  9.204799958331454E+003
    557  5.467905111099548E+003  2.905809452010225E+005
    558  5.140053751207369E+002  2.789592031751903E+004
    559  8.240407989665764E+003  4.464051237428011E+005
    560  2.259091443117251E+003  1.223708471054384E+005
    561  4.997539324391495E+002  2.718661732476164E+004
    562  2.705657820629534E+002  1.452975960008255E+004
    563  1.435921502934948E+005  7.713773046845314E+006
    564  3.630957450898466E+003  1.962832094295880E+005
    565  1.043172150558232E+003  5.657242963436537E+004
    566  1.767710359356606E+005  9.521079572492287E+006
    567  3.889535154392323E+002  2.103163978569988E+004
    568  4.802417625101333E+003  2.587102567464636E+005
    569  2.230235159385271E+002  1.207212179036744E+004
    570  1.329568308051231E+004  7.118197086978798E+005
    571  7.635549380380504E+002  4.138922399125970E+004
    572  2.534022460992692E+003  1.345358290291680E+005
    573  1.159833981355386E+003  6.277787552262540E+004
    574  1.464389069734309E+002  7.942287251645895E+003
    575  1.165887109242803E+004  6.326796399405603E+005
    576  2.764070224573782E+003  1.480370036827878E+005
    577  6.056679867329040E+002  3.277679828974826E+004
    578  5.497018144463381E+002  2.947464310291263E+004
    579  2.425419503831023E+002  1.318581764197128E+004
    580  3.877505652864885E+003  2.048997212792932E+005
    581  1.370783372757897E+001  7.497492501160253E+002
    582  2.700151255835022E+003  1.428130621692323E+005
    583  3.203656394188131E+002  1.729121585538840E+004
    584  6.878791486667524E+002  3.734873317725187E+004
    585  2.805441658383886E+003  1.516345052897776E+005
    586  1.056886601341114E+002  5.687743212653405E+003
    587  1.631173870532973E+003  8.724503521099240E+004
    588  2.424887405013716E+004  1.316542296223943E+006
    589  3.312417281193710E+002  1.788124103050896E+004
    590  5.753869583860218E+001  3.097686471119180E+003
    591  1.082917122768002E+002  5.854171747909878E+003
    592  1.049792584657148E+004  5.690969858745501E+005
    593  7.073180156542804E+003  3.835796707667921E+005
    594  4.774193064244375E+002  2.584785763332918E+004
    595  2.483131722425845E+002  1.339609063173288E+004
    596  3.479263275081698E+002  1.888384813221833E+004
    597  5.205182974765056E+002  2.838990536685882E+004
    598  8.744018947097302E+000  4.685965804194446E+002
    599  5.724123393583091E+003  3.136684882774182E+005
    600  1.847045586316215E+003  1.017420662407380E+005
    601  1.455954207133887E+002  7.891336652390129E+003
    602  7.063750231362977E+003  3.847591384422760E+005
    603  5.103145917364402E+001  2.773306389399586E+003
    604  2.374641780276823E+003  1.265753833378511E+005
    605  5.807631680914889E+002  3.139989741270971E+004
    606  1.287771293779308E+001  6.909881054509875E+002
    607  5.098318070439017E+002  2.746942669294290E+004
    608  1.792065111898956E+002  9.705372462578640E+003
    609  1.903942565918369E+003  1.031640969978910E+005
    610  3.513045797604907E+002  1.903888652269345E+004
    611  5.052706734283097E+002  2.751356510927668E+004
    612  1.004510137418371E+001  5.448787738091797E+002
    613  5.736503922293706E+003  3.114934034840937E+005
    614  3.938757840594688E+001  2.135351084196163E+003
    615  2.679556492919698E+003  1.464334141796418E+005
    616  4.308167900249219E+002  2.337063470523707E+004
    617  1.560123462746578E+003  8.426389349022770E+004
    618  2.983008978800353E+003  1.594640814572564E+005
    619  9.112433270551037E+001  4.928374277542998E+003
    620  1.986925863859064E+000  1.041814722184940E+002
    621  1.769435032790824E+003  9.662675152157898E+004
    622  2.683850526272803E+002  1.451148676003379E+004
    623  1.160360705928017E+003  6.228939041835415E+004
    624  3.053591556134450E+002  1.652183471984876E+004
    625  7.898963126153872E+001  4.258094498568719E+003
    626  4.340928061566665E+002  2.359023922130999E+004
    627  7.318557093091295E+001  3.954304841199088E+003
    628  1.082869891561078E+001  5.801396082509495E+002
    629  9.054015157043748E+000  4.843301320120801E+002
    630  2.490714598963941E+002  1.323963682902516E+004
    631  2.508698063244512E+002  1.364230502348689E+004
    632  3.859919401433634E+003  2.097788709614355E+005
    633  1.579635599407083E+002  8.534862083540937E+003
    634  1.213169245388997E+002  6.561374921739066E+003
    635  4.115490421568508E+002  2.195777907868503E+004
    636  4.583014946791774E+002  2.485191916544948E+004
    637  2.973329632498942E+002  1.570129706430484E+004
    638  1.594720903258135E+001  8.629097041886554E+002
    639  1.068397517966223E+003  5.677701076988778E+004
    640  9.999759446863426E+001  5.447824026832356E+003
    641  2.665489450368970E+002  1.445656846146025E+004
    642  6.704006971894020E+001  3.616982696385428E+003
    643  7.510907852104079E+002  3.963275088834167E+004
    644  4.342358357658976E+001  2.332893466375897E+003
    645  6.590999061657093E+002  3.594010760875574E+004
    646  2.467566865571800E+002  1.338166952635147E+004
    647  1.889270540760362E+000  9.966700947053472E+001
    648  8.069159631045781E+001  4.380965131384341E+003
    649  1.261954986285222E+003  6.894198101630427E+004
    650  6.365665723104738E+002  3.455809663740879E+004
    651  6.696800163993809E+001  3.614655938495222E+003
    652  7.522861515604320E-001  3.743725415526267E+001
    653  2.442375324637339E+001  1.324397182069526E+003
    654  2.186042122458949E+003  1.175006135120812E+005
    655  1.304355121014001E+003  7.127319830326155E+004
    656  2.559681864680818E+002  1.383864712203608E+004
    657  8.851529864573112E+001  4.786569426381157E+003
    658  1.298217258187183E+003  7.031759541069910E+004
    659  1.499663072386524E+003  8.068586085054874E+004
    660  7.649876068699831E+001  4.144226581073822E+003
    661  2.627173976952541E+003  1.424033386002843E+005
    662  2.777547197550795E+001  1.506448870386851E+003
    663  3.960958420611401E+003  2.150870655455483E+005
    664  5.218590759233801E+001  2.832709788774133E+003
    665  1.014190098234452E+002  5.478544251148830E+003
    666  8.706878546905881E+002  4.612965941642985E+004
    667  1.240503368163304E+003  6.657683052414568E+004
    668  7.112880413600573E+001  3.871017615823941E+003
    669  3.468007527276867E+003  1.875514040606680E+005
    670  2.119934670635269E+002  1.146864368554569E+004
    671  7.491511693163496E+002  4.096168278654633E+004
    672  3.677975929620609E+002  1.987867346603518E+004
    673  3.294007070665015E+002  1.772122583923216E+004
    674  4.152674472765408E+002  2.247002984843542E+004
    675  3.248107639791727E+002  1.787352737600730E+004
    676  3.308573813503940E+002  1.783384112974334E+004
    677  6.183852181721920E+001  3.336587659858016E+003
    678  2.146872880646577E+003  1.170162331376200E+005
    679  9.230640322646551E+001  4.992702327800609E+003
    680  4.694201628351911E+003  2.449739148999444E+005
    681  1.908118053645413E+003  1.013062145020279E+005
    682  2.263117252038759E+002  1.223920439618037E+004
    683  1.452510616447951E+003  7.714082235854433E+004
    684  2.071074433218710E+002  1.120186853006619E+004
    685  7.802336755906344E+001  4.222401995474796E+003
    686  1.670453790512216E+003  8.812531681220920E+004
    687  2.650994925027339E+003  1.406296293865745E+005
    688  3.126971424662728E+001  1.683725611825923E+003
    689  2.217845488383297E+003  1.202354159991947E+005
    690  1.512993859048496E+003  8.124066275905888E+004
    691  2.323641038750033E+003  1.214269591666308E+005
    692  6.542657863087805E+000  3.471559328310689E+002
    693  2.455256274796740E+001  1.324375673615976E+003
    694  3.856799445635855E+003  2.028567697484226E+005
    695  2.179244424522108E+002  1.178081340169979E+004
    696  5.928388673631729E+001  3.197203248583755E+003
    697  2.419905838211949E+003  1.261330869405045E+005
    698  6.339908712118046E+003  3.303505645930594E+005
    699  6.559412240445459E+001  3.546799691075723E+003
    700  9.452032405351392E+002  5.071777070509073E+004
    701  3.326019317843837E+000  1.747273549476644E+002
    702  5.488185870245443E+002  2.950245553696417E+004
    703  3.065165530138916E+001  1.649426485235788E+003
    704  3.272914861541652E+000  1.729308603271760E+002
    705  3.638385748450244E+001  1.963126742352052E+003
    706  1.958955346146551E+003  1.062863925891812E+005
    707  7.204081942599926E+001  3.894931089622879E+003
    708  2.916557270257845E+003  1.518039760161297E+005
    709  1.299724846407834E+002  7.018074553348865E+003
    710  4.697789036213108E+003  2.523127903772218E+005
    711  4.296466712722689E+001  2.343867046408466E+003
    712  5.976180180572196E+003  3.211566158338072E+005
    713  2.910457797197737E+002  1.577676481438276E+004
    714  4.714352255588055E+001  2.548991925093651E+003
    715  5.060457044980399E+001  2.735920340380762E+003
    716  2.489759812286465E+003  1.304016800724515E+005
    717  3.456661117910623E+003  1.860624952252236E+005
    718  7.109572024717260E+000  3.857623585520901E+002
    719  2.115639530443494E+003  1.131623170799043E+005
    720  7.789230781789749E+000  4.168599550747355E+002
    721  1.014740696983494E+003  5.560177616148044E+004
    722  5.736263082525646E+001  3.107884719244018E+003
    723  2.717847737999856E+001  1.497196912646070E+003
    724  2.395403457840064E+003  1.310736320442836E+005
    725  1.092023663076736E+004  5.771892352273167E+005
    726  1.322722636177458E+001  7.118690387395668E+002
    727  3.441218052154091E+003  1.833673648108873E+005
    728  2.344408330184681E+001  1.266097599661526E+003
    729  1.992560732820597E+001  1.073753932958337E+003
    730  1.244094673856760E+003  6.541142899288309E+004
    731  1.097216111222982E+003  5.965401654237012E+004
    732  6.314158645881439E+001  3.393242066138030E+003
    733  1.181367126528181E+003  6.421166916516856E+004
    734  2.760556886594776E+000  1.440490312484707E+002
    735  4.056444033242899E+001  2.226813061325086E+003
    736  4.548061904320321E+000  2.384670916504133E+002
    737  3.012213424415395E+002  1.638340497757236E+004
    738  1.142279994208176E+003  6.207632190226741E+004
    739  5.695876404918362E+001  3.102697312498507E+003
    740  2.000890673553307E+001  1.092153467213967E+003
    741  5.302668408994687E+003  2.898602327009560E+005
    742  1.300745562075340E+003  6.859452063827107E+004
    743  5.460266347106471E+000  2.974655917669826E+002
    744  1.108302187754611E+002  5.975746227238494E+003
    745  2.168748778807322E+003  1.148992450034484E+005
    746  8.195377122786854E+002  4.424072567301256E+004
    747  3.206411726311440E+001  1.749764108326139E+003
    748  7.263753368127344E+002  3.993027768636241E+004
    749  1.218969907268174E+003  6.429775364097330E+004
    750  1.261586228918737E+001  6.827390095996246E+002
    751  8.689762107928929E+002  4.741338176804559E+004
    752  2.216168390489585E+000  1.168076276081665E+002
    753  1.195722563380882E+001  6.462169425523327E+002
    754  5.830725641276154E+001  3.146971095581715E+003
    755  1.009295149797295E+003  5.498702009155136E+004
    756  9.174693427270045E+002  4.922197805307651E+004
    757  5.573230430394179E+002  3.001088353061776E+004
    758  4.488014342987158E+001  2.421151772249824E+003
    759  6.182551558975647E+000  3.363226294839503E+002
    760  1.000151748759990E+003  5.484216787201897E+004
    761  3.628199729727285E+001  1.962317783889267E+003
    762  1.833584737745336E+003  1.004287862276345E+005
    763  2.130975917083912E+003  1.158619197805302E+005
    764  4.271836038803698E+001  2.313078168373633E+003
    765  8.557095264255495E+003  4.637312878492000E+005
    766  4.444886420533385E+001  2.429784035085809E+003
    767  4.443725009654285E+001  2.396905673794664E+003
    768  4.961396914708843E+003  2.696449197509168E+005
    769  3.615245344873073E+003  1.942627551452797E+005
    770  6.273872883481432E+001  3.382767706656408E+003
    771  1.532646094813182E+003  8.324379278238885E+004
    772  3.554402491730310E+003  1.882705610566910E+005
    773  5.393180969364775E+000  2.900160995826726E+002
    774  1.106670143494776E+003  5.992909147431376E+004
    775  1.083196687664016E+001  5.943628176690639E+002
    776  1.848402289797491E+001  9.934991889201279E+002
    777  1.316695422691192E+004  7.194438780023189E+005
    778  9.442027363055189E+003  5.180358064303945E+005
    779  2.111604053728186E+001  1.142961116711955E+003
    780  1.316685253344074E+003  7.094363802516318E+004
    781  7.794386923316134E+001  4.228140778206047E+003
    782  1.022742841244453E+002  5.529221660526630E+003
    783  1.172947677025236E+004  6.392099465622483E+005
    784  3.871305062329888E+003  2.096479486269854E+005
    785  1.183414773985368E+004  6.415178159795279E+005
    786  5.013314706139258E+001  2.710333699016516E+003
    787  1.491149419338265E+002  8.062680478273683E+003
    788  1.373414428250905E+001  7.413308989838451E+002
    789  1.852714129561045E+003  9.964505794962829E+004
    790  1.170912077176781E+002  6.352175246891064E+003
    791  4.503349476565971E+003  2.424884744874422E+005
    792  6.339173552865185E+001  3.457383454519360E+003
    793  1.219718125236865E+003  6.584636134772371E+004
    794  6.177317207620211E+001  3.340308568816306E+003
    795  3.508225757871720E+003  1.924160418102185E+005
    796  5.208138177514605E+002  2.754562026903479E+004
    797  1.014982390388094E+003  5.568120638218908E+004
    798  1.529750112439301E+001  8.319204163927470E+002
    799  1.680005685058523E+003  8.923335799793975E+004
    800  2.006775267432674E+002  1.091335615238102E+004
    801  5.985467072663556E+000  3.260185764749344E+002
    802  2.127363777015957E+003  1.133413906014826E+005
    803  9.943024888512450E+002  5.393492712998260E+004
    804  8.888817108701657E+001  4.807125780890936E+003
    805  3.047559865296838E+001  1.650747181292327E+003
    806  2.919318226502402E+000  1.549381737391817E+002
    807  2.730896613100161E+003  1.493570630812111E+005
    808  9.437665648058507E+002  5.172720695033239E+004
    809  5.003559165740153E+001  2.701657905229224E+003
    810  9.263600096592814E+003  5.089507184735038E+005
    811  1.189375403691992E+001  6.456423184689681E+002
    812  1.791368094087171E+003  9.806945081255160E+004
    813  1.143126242180443E+004  6.240345230909475E+005
    814  5.906003661938999E+000  3.136449051027137E+002
    815  1.255481074471076E+002  6.824340904237666E+003
    816  1.236499058319887E+004  6.778960317114600E+005
    817  4.960486438816841E+003  2.714818990493522E+005
    818  3.211310505583290E+001  1.753784668106012E+003
    819  2.023272676301206E+001  1.109302746874239E+003
    820  1.310170565125614E+003  7.126809277844992E+004
    821  1.821465675756850E+003  9.920618853869951E+004
    822  1.239735278315976E+003  6.724766803246336E+004
    823  1.694304963706071E+000  8.904286579374367E+001
    824  1.854002520267476E+003  1.017214963800026E+005
    825  2.543881514780376E+003  1.384121372696671E+005
    826  2.930326383442075E+003  1.579501069834242E+005
    827  7.472974017181032E+002  4.039643216730038E+004
    828  4.667217837478810E+001  2.540001512870862E+003
    829  5.203506305534756E+002  2.826831848420255E+004
    830  1.904218478943682E+001  1.033948019266873E+003
    831  1.136982122435877E+003  6.215099258360814E+004
    832  1.364207917901338E+003  7.481658092714478E+004
    833  2.961087385730830E+000  1.593955369118692E+002
    834  1.287988878111442E+001  6.951450374178025E+002
    835  9.212915299507903E+002  4.859179997948679E+004
    836  3.649280786807369E+003  1.992601659021101E+005
    837  4.687048783602548E+001  2.563212382989606E+003
    838  5.819534203704494E+002  3.125498477377624E+004
    839  1.689706150762820E+001  9.143616961779618E+002
    840  1.022978618963218E+000  5.227467417485698E+001
    841  4.307767461881570E+000  2.296804479634726E+002
    842  5.224428246520348E+003  2.844989211945178E+005
    843  6.872304130502542E+002  3.717740703206853E+004
    844  2.664492096582131E+003  1.463071624313829E+005
    845  1.025939849631251E+002  5.580658691385684E+003
    846  5.719174200692863E+001  3.081933509979328E+003
    847  1.724438294378641E+003  9.243948359517650E+004
    848  2.944379099095471E+003  1.554786709741372E+005
    849  6.161536566096193E+001  3.337114800585045E+003
    850  1.619561583062857E+000  8.460618870358660E+001
    851  7.731601282521976E+002  4.052727659863931E+004
    852  8.491147816543263E+001  4.628992559527788E+003
    853  8.749997486576551E+002  4.794271084129863E+004
    854  2.791551855540146E+003  1.530409158246270E+005
    855  1.006140665804308E+003  5.279995262999263E+004
    856  3.020321267972989E+001  1.661104826429568E+003
    857  1.864516859077456E+001  1.019780075141253E+003
    858  2.733978977998960E+003  1.496538663226372E+005
    859  5.368472217061840E+001  2.930179247837568E+003
    860  1.418117372283700E+003  7.774974527407000E+004
    861  2.304591305109788E+001  1.256821579679113E+003
    862  6.927028392227889E+001  3.742101645497527E+003
    863  1.720464009999318E+003  9.443660660536650E+004
    864  3.977341125879054E+000  2.152539319575736E+002
    865  1.117130508857481E+003  6.141771624535183E+004
    866  2.409234344274062E+003  1.260250724984145E+005
    867  2.482093532760816E+001  1.360459138542613E+003
    868  2.183158660883198E+003  1.184867466602653E+005
    869  4.523228781201789E+000  2.430451409128624E+002
    870  8.131971696874244E+003  4.271902712429862E+005
    871  6.604099623628589E+002  3.472721528415499E+004
    872  6.728619333291132E+000  3.686528422847719E+002
    873  9.553698745944695E+002  5.242094872530235E+004
    874  3.622595963965083E+000  1.913509550751295E+002
    875  1.626942773079671E+003  8.808330536625236E+004
    876  1.490621211420624E+001  8.020612881245785E+002
    877  2.153679031606687E+003  1.142537327060823E+005
    878  1.378141102070287E+001  7.419402378761710E+002
    879  1.440915680252039E+002  7.827388865455750E+003
    880  6.168853640350455E+002  3.363666954280371E+004
    881  2.554942982511094E+000  1.382640529653045E+002
    882  2.267680923306546E+001  1.236469737481624E+003
    883  2.518681160326067E+002  1.374071874130756E+004
    884  5.911801057743027E+002  3.153045173242113E+004
    885  2.490233068073871E-001  1.096586345792292E+001
    886  2.522185871025975E+003  1.354688200311743E+005
    887  1.255894217251332E+003  6.569807248728217E+004
    888  1.713043381752185E+001  9.233650317233128E+002
    889  3.110740863608376E+000  1.688219071284635E+002
    890  1.961237027316648E+003  1.072787354928011E+005
    891  1.111437427117012E+001  6.099920670424694E+002
    892  1.985700579472160E+003  1.075288147312124E+005
    893  5.155951520086430E+001  2.783384169355092E+003
    894  3.314460112405234E+002  1.813235913049356E+004
    895  3.731028815971347E+003  2.047473833748827E+005
    896  4.262878174022295E+002  2.330050838048582E+004
    897  4.916026261258492E+003  2.670749313923149E+005
    898  3.408915319079147E+003  1.826012446867559E+005
    899  3.876876640046586E+002  2.100749828974824E+004
    900  1.926942364907810E+001  1.048454859584278E+003
    901  2.998035690209521E+001  1.616482243422853E+003
    902  4.589132972708219E+003  2.506812041683765E+005
    903  6.809089860890616E+002  3.614414449325902E+004
    904  8.706449053879391E+000  4.749252284292188E+002
    905  3.531899760034857E+003  1.862743838702483E+005
    906  1.572928786732231E+001  8.573254713903854E+002
    907  1.088986202675054E+003  5.901646474151855E+004
    908  3.343815610514311E+001  1.801351616714467E+003
    909  3.747488427062225E+003  2.055903532917431E+005
    910  1.742707394243495E+002  9.426745300566688E+003
    911  6.622096406777523E+003  3.511744097997227E+005
    912  1.186627722163959E+001  6.412075124425538E+002
    913  1.706910543644457E+002  9.192137997452830E+003
    914  2.477279414849510E+000  1.317002540723582E+002
    915  9.044643856731324E+001  4.921837397777045E+003
    916  6.316899956098251E+002  3.444564966908417E+004
    917  8.019420206446616E+002  4.326378215098482E+004
    918  2.817286447773353E+003  1.544119779540016E+005
    919  7.281803214248368E+002  3.886704952577776E+004
    920  2.715615004850102E+001  1.466660727194034E+003
    921  3.921848075605710E+002  2.136716195796356E+004
    922  1.384930481075872E+002  7.549459327864696E+003
    923  1.159908856818752E+002  6.299001873409875E+003
    924  4.724511033952066E+003  2.545267338159359E+005
    925  1.648342383594903E+001  8.881756668460849E+002
    926  2.008804609230031E+003  1.082257582700668E+005
    927  1.119291831873426E+002  6.063846452155017E+003
    928  5.020250421714183E+003  2.650867321898506E+005
    929  6.018309405815573E+003  3.165547949031084E+005
    930  5.896319353989910E+003  3.070622581592218E+005
    931  4.459214061526598E+001  2.401014350226451E+003
    932  5.263709969533116E+002  2.792923513473688E+004
    933  4.607367157413394E+001  2.505531095896327E+003
    934  4.431536794658031E+003  2.418279284814581E+005
    935  1.658126812013842E+001  8.934329958600198E+002
    936  6.495261304628973E+001  3.522316221915171E+003
    937  5.339834104599308E+003  2.802346319415639E+005
    938  1.320382893396394E+003  7.245695163614712E+004
    939  2.632849486294062E+001  1.419463734766511E+003
    940  1.462083801462946E+003  7.924397630021007E+004
    941  2.574034506080760E+001  1.411531663203864E+003
    942  1.275095583928064E+003  6.863557896357370E+004
    943  3.093550482857424E+002  1.685871802487021E+004
    944  9.733711095440813E+002  5.307212113074034E+004
    945  9.425009327435305E+002  5.045483702378575E+004
    946  8.370023208424776E+000  4.549808935713602E+002
    947  3.171271479204161E+003  1.665828200274966E+005
    948  1.498659357989737E+003  8.201696261854742E+004
    949  7.089683702139463E+001  3.850347502052638E+003
    950  7.110289050339965E+002  3.856609070637881E+004
    951  4.400973097847374E+001  2.399292229152546E+003
    952  2.251947708005016E+003  1.184105009762098E+005
    953  9.909212859487154E+001  5.440117059458521E+003
    954  9.225039619080264E+003  5.082860401277095E+005
    955  3.478493053211901E+003  1.913926101223985E+005
    956  3.267778759945033E+001  1.796507159445118E+003
    957  3.184407239573327E+001  1.723847568182697E+003
    958  2.692091633550166E+003  1.481573662163404E+005
    959  1.495318143570336E+001  8.120229904328203E+002
    960  1.821809208428222E+003  1.001252801270237E+005
    961  2.882148835923735E+001  1.564011316191078E+003
    962  8.718477558078645E+002  4.734068854444563E+004
    963  9.478102869200717E+001  5.126694654269688E+003
    964  4.259635613050735E+003  2.339050420899296E+005
    965  8.750681739668599E+000  4.806212698697126E+002
    966  9.890167330400787E+003  5.430550345789400E+005
    967  6.120813720372448E+002  3.293799570482325E+004
    968  9.873341908783858E+002  5.227120975579988E+004
    969  5.287069629114469E+000  2.851806151571973E+002
    970  4.759976301445928E+003  2.613845214413634E+005
    971  8.666400135074754E+000  4.717758883417432E+002
    972  1.303635755552220E+003  7.114388584302126E+004
    973  4.496182220370206E+003  2.416685531850143E+005
    974  1.200517234950954E+001  6.517300754837075E+002
    975  3.818114539616187E+002  2.087107800182325E+004
    976  1.045169412393360E+003  5.709299344967094E+004
    977  2.992359446011198E+002  1.631219460711037E+004
    978  1.084518258042185E+002  5.959991269978447E+003
    979  1.682003191078120E+003  9.066554802414302E+004
    980  2.688276679322654E+001  1.462858709138354E+003
    981  5.149033700983309E+003  2.837601862825985E+005
    982  8.708816910619871E+001  4.761177276896725E+003
    983  4.559090558118224E+002  2.430994693967027E+004
    984  5.012255136237497E+002  2.665272076090235E+004
    985  6.609553493733475E+001  3.607501667324590E+003
    986  8.757906079238799E+002  4.795297900878230E+004
    987  2.177895081040511E+001  1.179211274117024E+003
    988  5.521555498058370E+002  2.985639586666281E+004
    989  4.776877784587639E+003  2.618395444689804E+005
    990  4.067917455184460E+001  2.190602377446795E+003
    991  1.067479599645105E+004  5.832953327348192E+005
    992  2.415947340252331E+003  1.303087251783470E+005
    993  2.350586260658446E+001  1.289545733860754E+003
    994  6.724428716975439E+001  3.623940087536527E+003
    995  1.120542958977156E+003  6.049771691488177E+004
    996  1.673519010848898E+001  9.200339320306942E+002
    997  5.244482465613109E+003  2.863828614512681E+005
    998  9.157256588297625E+003  4.973330997837912E+005
    999  4.354279872237216E+001  2.399177325286369E+003
   1000  4.135266970676168E+003  2.188835577382214E+005
   1001  1.174382656558601E+004  6.384835822504630E+005
   1002  1.157362328126384E+002  6.304618670404459E+003
   1003  2.579852448896660E+001  1.404490330716874E+003
   1004  8.671802022918239E+001  4.683235307243515E+003
   1005  1.801414187735570E+003  9.728222721629479E+004
   1006  7.378156603586282E+003  3.904008545081003E+005
   1007  1.062014207790798E+001  5.540598080530317E+002
   1008  2.950383994193900E+003  1.553837033337168E+005
   1009  3.410573126965338E+003  1.792816650083220E+005
   1010  4.877544374225059E+001  2.636877092331434E+003
   1011  1.437751742040324E+003  7.647571810041067E+004
   1012  2.404374665239214E+001  1.304802264772620E+003
   1013  1.355644582547214E+003  7.355105049148720E+004
   1014  7.814705162102086E+002  4.184735560680231E+004
   1015  2.155330428235953E+001  1.187237573493548E+003
   1016  4.042745302585883E+003  2.209174787996408E+005
   1017  4.771771875848006E+001  2.570153895671296E+003
   1018  4.153065147543533E+003  2.267563535380829E+005
   1019  1.777289858196549E+000  9.496618556517184E+001
   1020  6.049975730896194E+003  3.322375019694237E+005
   1021  1.245548582681492E+003  6.822319762735242E+004
   1022  2.850309820434122E+003  1.561382408215757E+005
   1023  1.209363782510856E+001  6.489311056394323E+002
   1024  1.128239129026302E+004  6.151557951507199E+005
   1025  2.663970927646469E+001  1.442753954907914E+003
   1026  4.213393788433159E+003  2.282445936301850E+005
   1027  6.552297571842530E+003  3.529442850065934E+005
   1028  9.650122974050110E+001  5.201726552902923E+003
   1029  7.978546311626932E+003  4.327393274158119E+005
   1030  2.055994468736411E+000  1.100829988815152E+002
   1031  4.507573387054904E+003  2.416926286001386E+005
   1032  2.580297066444038E+003  1.389431253254568E+005
   1033  6.582417984226666E+003  3.566967931820077E+005
   1034  2.090593883268783E+003  1.145634889452953E+005
   1035  5.011988912840248E+001  2.704078531040633E+003
   1036  6.810775743171510E+003  3.594667196178337E+005
   1037  7.460031431629278E+000  4.031251044612971E+002
   1038  2.546006924719877E+004  1.356831128467883E+006
   1039  3.145830208669529E+004  1.704515533586752E+006
   1040  1.374080394139840E+002  7.431555331659612E+003
   1041  2.572674443003253E+004  1.379115165844571E+006
   1042  2.623814508029028E+004  1.437480943900432E+006
   1043  5.384466124086635E+001  2.901349173451431E+003
   1044  1.655169430104608E+004  8.778138436325914E+005
   1045  1.328985301380394E+004  7.227602182437601E+005
   1046  3.137226843000308E+002  1.708977277057993E+004
   1047  3.915644020726894E+004  2.106062972011006E+006
   1048  4.026574304029176E+004  2.152386696679066E+006
   1049  5.866632326126516E+001  3.211829449860860E+003
   1050  1.192659153501386E+004  6.424875549838484E+005
   1051  5.565962271878443E+001  3.014540156983356E+003
   1052  5.742459913755669E+004  3.107442938582808E+006
   1053  9.698469880600804E+003  5.207131993260451E+005
   1054  3.709321629925858E+001  1.997544357600479E+003
   1055  1.639186549241115E+004  8.971598869780387E+005
   1056  1.324115598462057E+002  7.181678325139531E+003
   1057  1.224539769111077E+004  6.625563045363869E+005
   1058  2.227463712362883E+004  1.212932993146033E+006
   1059  1.798298858792219E+001  9.740998610570282E+002
   1060  5.477924910219022E+004  2.887781543073833E+006
   1061  8.565661248628545E+003  4.587085779719432E+005
   1062  1.397013507811980E+004  7.532460900425691E+005
   1063  2.321126234751524E+002  1.257325926680341E+004
   1064  3.582998716856198E+003  1.917160709193313E+005
   1065  8.213592239772778E+001  4.460095039099430E+003
   1066  2.096668399863315E+004  1.148230585128351E+006
   1067  3.434934160869395E+004  1.856048659418326E+006
   1068  1.344899623492259E+002  7.282502149283810E+003
   1069  5.248080813867072E+004  2.802290054143445E+006
   1070  3.987172563847987E+005  2.096056925255318E+007
   1071  2.830580009469071E+004  1.536785700497905E+006
   1072  6.624801270731470E+004  3.545923373500111E+006
   1073  2.295180405887681E+001  1.247972817098604E+003
   1074  1.280443344034452E+005  6.923826693701847E+006
   1075  9.419682778490484E+003  5.097384808765019E+005
   1076  2.208530438996464E+003  1.205278499578550E+005
   1077  5.215273187868789E+002  2.748094022429358E+004
