# dt =   1.000000000000000E-003
# j, New nj, Rate of change (1/s)
      1  8.952834856539488E+003  2.701551110605292E+005
      2  3.257146910698194E+005  9.791138297976512E+006
      3  7.537990642354775E+003  2.257152825125556E+005
      4  1.692401573757031E+004  5.013605778799987E+005
      5  3.633338911470345E+004  1.084218271253039E+006
      6  4.834196873590138E+003  1.447593418015344E+005
      7  3.571580518321599E+005  1.066054307973683E+007
      8  1.818303592186374E+005  5.428053661948918E+006
      9  1.059851289806633E+005  3.181897401309008E+006
     10  8.468863129121800E+004  2.522079113219474E+006
     11  1.870718976408782E+004  5.583760452234996E+005
     12  1.659550051206109E+004  4.856970771945402E+005
     13  9.344974509785824E+002  2.791667635246484E+004
     14  6.847694326992087E+003  2.043922590709948E+005
     15  7.654816550329826E+002  2.276781212178327E+004
     16  6.389918722711732E+004  1.914961439814760E+006
     17  1.406023884724072E+004  4.170849358310827E+005
     18  6.085621097285183E+004  1.816161261561607E+006
     19  5.783094518358315E+002  1.718803315424463E+004
     20  1.575118730412184E+004  4.698732646269246E+005
     21  2.178872158904842E+003  6.457741526415964E+004
     22  1.759172825618304E+004  5.262188915261150E+005
     23  1.868136105210529E+005  5.577513511322626E+006
     24  1.390016260392253E+005  4.148293590591368E+006
     25  5.897954085349536E+002  1.751424678627829E+004
     26  1.594208172340968E+003  4.779438207128571E+004
     27  4.062836577036684E+005  1.202668896994706E+007
     28  6.873647266563737E+003  2.036170162817124E+005
     29  8.516302741847436E+004  2.500603827151032E+006
     30  2.093139796619776E+003  6.235185530788288E+004
     31  3.669664567113994E+004  1.097204105734750E+006
     32  1.953521784580901E+004  5.818472736366504E+005
     33  8.078488137935628E+003  2.384468802672819E+005
     34  4.044433690055878E+003  1.206425847414779E+005
     35  9.737143903850528E+004  2.860433079603741E+006
     36  9.696027790623652E+003  2.886167096249422E+005
     37  5.044170729104498E+004  1.495766926853824E+006
     38  1.455089871103571E+005  4.344735538800254E+006
     39  1.793360456533822E+004  5.314555131191693E+005
     40  5.296971229430028E+004  1.568805646427380E+006
     41  3.929426899191955E+004  1.171801667085273E+006
     42  1.535739450423835E+004  4.567989348950495E+005
     43  7.510597953792883E+003  2.241348572228263E+005
     44  5.059701932501247E+004  1.499312810232809E+006
     45  1.983915880199408E+004  5.894060870606453E+005
     46  7.748555872966702E+003  2.313449042325057E+005
     47  1.148200581588492E+002  3.424006509138512E+003
     48  1.858225313700423E+004  5.532317797827768E+005
     49  5.163657450939284E+003  1.537615640056106E+005
     50  4.374828685810076E+003  1.316370432782274E+005
     51  7.696202770044345E+004  2.319699405919896E+006
     52  7.397113805409633E+003  2.230532888123038E+005
     53  3.541746142337633E+003  1.059213343552255E+005
     54  4.403751816573580E+004  1.317599883475921E+006
     55  6.878300032551380E+004  2.056655866472856E+006
     56  1.491980951082288E+002  4.435840981690758E+003
     57  5.037555407050178E+004  1.509014350572295E+006
     58  4.603920139945649E+004  1.374948201244571E+006
     59  7.341280507347167E+002  2.206105607939003E+004
     60  1.447907797834776E+005  4.330900066485954E+006
     61  1.439217372132139E+003  4.266263362725648E+004
     62  4.187869040515797E+003  1.255462587873799E+005
     63  2.400919241001859E+003  7.204384131094944E+004
     64  8.124365487313749E+004  2.429153087135263E+006
     65  9.570880553582237E+005  2.865889095156918E+007
     66  1.094347542700836E+004  3.269807197392026E+005
     67  1.170139508647902E+005  3.503356165569481E+006
     68  2.681672653954132E+003  8.025446564731160E+004
     69  8.464387176321154E+003  2.541859186738626E+005
     70  2.046118669429602E+005  6.116873754940480E+006
     71  2.581385809427783E+005  7.737269876529970E+006
     72  1.557573693657332E+003  4.617236348931659E+004
     73  3.293661542586750E+004  9.599660822889498E+005
     74  9.722872715445345E+003  2.899287242116423E+005
     75  1.167873296445370E+003  3.481297064921414E+004
     76  1.413299037668541E+003  4.191981645311147E+004
     77  3.778717426699781E+003  1.129528179436052E+005
     78  4.146329316493841E+003  1.238607603139067E+005
     79  2.674668185859299E+004  8.015831044251169E+005
     80  8.351691296603873E+004  2.440215119252346E+006
     81  6.793272664215689E+003  2.024332487419056E+005
     82  9.712206904170627E+003  2.855184085585796E+005
     83  3.812216612679663E+003  1.135319675941604E+005
     84  2.048390817767751E+003  6.136206915632132E+004
     85  1.876492114773141E+004  5.590493111197496E+005
     86  1.376720252870516E+005  4.014555300612401E+006
     87  1.171594766176653E+003  3.423287902434781E+004
     88  1.223839988953641E+003  3.648981321646962E+004
     89  1.282223281178540E+004  3.792257371639502E+005
     90  1.808931266113165E+005  5.269334117040685E+006
     91  5.795426355513266E+004  1.717196814567915E+006
     92  2.847379025289986E+004  8.396621562455785E+005
     93  6.327439777022138E+003  1.849815179868864E+005
     94  3.196175925845821E+004  9.314264132132623E+005
     95  1.331568747190628E+004  3.978153894450582E+005
     96  2.737919705039207E+003  8.143192733699495E+004
     97  3.162557384934974E+004  9.499853600617787E+005
     98  3.688882110728596E+004  1.094764412028922E+006
     99  1.581484590550664E+003  4.678042788039273E+004
    100  7.944723857914578E+004  2.383879513705989E+006
    101  8.213561660485464E+003  2.446155090669914E+005
    102  2.140060572395789E+004  6.319027751461409E+005
    103  3.019292740264517E+005  8.959475979513424E+006
    104  2.219787230873726E+003  6.616534344793070E+004
    105  4.146865977836096E+004  1.249375560315231E+006
    106  8.339377567771668E+003  2.494704043234059E+005
    107  1.058970425464544E+003  3.171119785646761E+004
    108  2.450184687554530E+004  7.291044864569098E+005
    109  4.292308891146979E+003  1.279118918165866E+005
    110  2.525774493642310E+004  7.494432519970736E+005
    111  7.476595299774153E+003  2.218842771358546E+005
    112  5.502343733389687E+003  1.639778704546022E+005
    113  6.312457707115143E+003  1.864393179634054E+005
    114  7.398543972095712E+004  2.208610902266356E+006
    115  2.830131879407478E+004  8.377082116293319E+005
    116  4.498957700736010E+003  1.343257690812667E+005
    117  1.085713199493078E+004  3.180636315146001E+005
    118  1.801736261573525E+003  5.355436823677159E+004
    119  4.903781648064831E+003  1.470588063724232E+005
    120  2.752667471386263E+004  8.167551883726725E+005
    121  3.721646821719978E+003  1.111394275227373E+005
    122  2.362243709626330E+002  7.055581102680015E+003
    123  1.325220541647268E+003  3.961170630883235E+004
    124  7.764761944323743E+001  2.276624808338204E+003
    125  1.590627775246351E+004  4.660646244648886E+005
    126  1.202029215408015E+004  3.552583259781588E+005
    127  3.532038192457090E+003  1.046951833190061E+005
    128  1.623213999962071E+004  4.864387846403954E+005
    129  1.130072990353525E+002  3.354998022132452E+003
    130  3.518399772234060E+003  1.058282969970730E+005
    131  8.224472642870243E+003  2.455149319777818E+005
    132  1.377303135427245E+003  4.095163786514939E+004
    133  6.659052433368962E+003  1.986835569116913E+005
    134  4.624844785713461E+003  1.377973363297519E+005
    135  6.296030742909560E+003  1.862900707168422E+005
    136  1.010071984969522E+004  3.038455921392426E+005
    137  4.401388120657275E+003  1.315533557082063E+005
    138  7.475705574163978E+003  2.237799027526468E+005
    139  8.849224092279845E+003  2.643157281460013E+005
    140  5.947706147528292E+003  1.770454422379066E+005
    141  2.195901574942518E+003  6.530919549323757E+004
    142  2.189490508651695E+004  6.532631445392995E+005
    143  8.242522918925224E+003  2.456769182307766E+005
    144  1.338397120542740E+004  3.917458763330195E+005
    145  4.022686681976717E+003  1.206931724115633E+005
    146  5.058184678498790E+001  1.476942131218347E+003
    147  8.943162540442650E+002  2.668312381487876E+004
    148  5.952265525523439E+003  1.789041896873651E+005
    149  1.998434526143721E+004  5.937143456520246E+005
    150  2.536194955382493E+003  7.547220711089381E+004
    151  1.310667497459095E+005  3.921090875242314E+006
    152  4.552318052971520E+004  1.346618694339462E+006
    153  5.122940683421383E+003  1.523921599014421E+005
    154  2.888311799713183E+005  8.409437088122770E+006
    155  1.280509122878036E+004  3.740875744257232E+005
    156  3.472803229979521E+003  1.034818133387326E+005
    157  1.455162109242083E+004  4.320522507659574E+005
    158  8.454902428108111E+003  2.519697338409371E+005
    159  1.791441833666522E+003  5.224008825063564E+004
    160  1.850286053474009E+004  5.470102326781048E+005
    161  9.706326127629003E+003  2.887560750310666E+005
    162  4.711182697181683E+002  1.400629322113191E+004
    163  1.315852396192620E+005  3.875255238230885E+006
    164  1.488580306864797E+005  4.351031924987410E+006
    165  1.361759883314764E+005  3.990366004296602E+006
    166  2.155821282240255E+004  6.444751150147445E+005
    167  1.638723980600471E+003  4.879485746273296E+004
    168  2.611500505285061E+003  7.787861817597474E+004
    169  7.395928274046285E+003  2.185666538701777E+005
    170  9.169842613411448E+002  2.738507847701067E+004
    171  1.358324608815251E+003  4.051160078609622E+004
    172  1.525491346023094E+004  4.537580903844482E+005
    173  9.066160683203403E+003  2.678005878762629E+005
    174  4.049872326645629E+003  1.208253191740081E+005
    175  4.649986736924077E+002  1.388603151340871E+004
    176  1.680783836261463E+003  5.014882555044544E+004
    177  1.541084117251453E+004  4.637633761564717E+005
    178  9.101508795474439E+000  2.490257468906060E+002
    179  3.653257384126743E+002  1.083200832794975E+004
    180  7.684601542122157E+003  2.284667863309953E+005
    181  9.066129658839312E+002  2.722928448475221E+004
    182  6.888300474887766E+004  2.077026280315462E+006
    183  1.138869834059871E+004  3.406620732806619E+005
    184  4.306441703734306E+003  1.285269130168522E+005
    185  4.998547098442254E+004  1.497854120788585E+006
    186  4.286746099600696E+004  1.280221611576441E+006
    187  1.144908534856860E+003  3.410744555431887E+004
    188  3.452928968757934E+004  1.016562455282882E+006
    189  1.402218070811567E+003  4.174827813436045E+004
    190  1.000286331035215E+004  2.935552628296246E+005
    191  4.446173919697148E+003  1.328178433738466E+005
    192  7.043402870736845E+003  2.086761389535599E+005
    193  2.922781196279625E+004  8.680979773714907E+005
    194  5.117346691142277E+003  1.529025803189230E+005
    195  1.505856036452797E+004  4.506466460884810E+005
    196  6.137765647064436E+003  1.828353107721069E+005
    197  1.555817459542913E+004  4.675746408514665E+005
    198  3.360486896864828E+004  9.837211704470868E+005
    199  2.423832025352510E+004  7.223013997622418E+005
    200  1.700356035383062E+002  5.088586857125312E+003
    201  3.704533283779596E+003  1.095658157466775E+005
    202  7.389115832351525E+003  2.209505867616231E+005
    203  2.350568895748518E+003  7.030198659750533E+004
    204  6.090176208949204E+003  1.808887200895081E+005
    205  6.680424348691420E+003  1.991024665806606E+005
    206  4.974361534482682E+003  1.482564526680598E+005
    207  1.518506628267594E+004  4.542587562309357E+005
    208  2.186474579786890E+003  6.455967459888226E+004
    209  1.770430777772033E+003  5.259972737869660E+004
    210  1.605451252927746E+004  4.844734568573688E+005
    211  7.000947445479781E+003  2.115134417037154E+005
    212  7.890710238457883E+003  2.351686404179143E+005
    213  6.865414144220878E+003  2.060842775482963E+005
    214  1.797626346358987E+003  5.355117716180118E+004
    215  2.125123338504014E+003  6.258750145942115E+004
    216  4.319405113373762E+002  1.273387565295152E+004
    217  8.488991843149401E+003  2.546148346211216E+005
    218  4.474626149886544E+003  1.333615084763218E+005
    219  5.789610706179159E+002  1.710012237684754E+004
    220  5.594476763978986E+002  1.670247780890138E+004
    221  6.589706558627237E+003  1.969466466922650E+005
    222  5.036355915007514E+003  1.485660335826407E+005
    223  1.473247907461201E+004  4.374525797434540E+005
    224  1.513466992117770E+002  4.500919858720214E+003
    225  2.378232252125794E+002  7.111935087022298E+003
    226  4.904397669960287E+003  1.439843911237280E+005
    227  2.017791093240149E+002  5.970782053512292E+003
    228  1.153891900362380E+002  3.444385452448499E+003
    229  2.096901422904271E+004  6.253970582613699E+005
    230  2.042728019154946E+004  6.014173532023691E+005
    231  2.253587567869967E+003  6.712334337548913E+004
    232  8.949393453776692E+004  2.700620987860932E+006
    233  1.375233025372150E+004  4.057427703829617E+005
    234  1.143024941263300E+003  3.410757913894227E+004
    235  2.321261913899179E+002  6.950486424088481E+003
    236  1.822037326006476E+004  5.351640939684057E+005
    237  3.326805570729731E+003  9.959167522887904E+004
    238  9.119324465331199E+003  2.705467711456994E+005
    239  5.264011843206800E+003  1.576342074554786E+005
    240  1.237442456793789E+004  3.710779346042453E+005
    241  1.393850595109953E+004  4.138716472202473E+005
    242  1.319768675213460E+003  3.934083933719771E+004
    243  5.380044850215126E+002  1.604638161960478E+004
    244  5.416663860423245E+003  1.626250456665148E+005
    245  2.024251550890682E+004  5.966435379325071E+005
    246  6.437498540919748E+003  1.926389238809201E+005
    247  4.878066409809361E+003  1.448573355941012E+005
    248  8.929979533212786E+004  2.621945221874709E+006
    249  1.863980002368402E+004  5.484724458506294E+005
    250  3.454301676888516E+002  1.022474852003961E+004
    251  1.003092166759679E+004  2.963274976025778E+005
    252  1.159332559412981E+002  3.416026050990585E+003
    253  4.397106971168061E+004  1.311293237044285E+006
    254  1.983399184373449E+004  5.917877449792254E+005
    255  1.820297769858883E+004  5.428821958421670E+005
    256  6.477626487075608E+003  1.920751897126555E+005
    257  1.050302823666202E+003  3.134979623741852E+004
    258  3.811363494989122E+004  1.110747087276854E+006
    259  1.546319831774604E+004  4.641213718140200E+005
    260  6.523285346308451E+002  1.940838174502967E+004
    261  1.927043465041604E+003  5.754810111726066E+004
    262  2.301167323406425E+003  6.855526858869666E+004
    263  6.605376194475069E+001  1.967205548667878E+003
    264  1.256533165377594E+004  3.699862444290666E+005
    265  2.406124394209978E+002  7.026245412438253E+003
    266  1.638698108637065E+003  4.837260190458342E+004
    267  8.111240424512217E+002  2.400024475053860E+004
    268  1.016914676828013E+002  3.025109784541357E+003
    269  4.105792326203376E+002  1.225409320562903E+004
    270  1.830910136508458E+003  5.462260781291597E+004
    271  4.761038571314077E+002  1.424697732735958E+004
    272  1.708382907837659E+004  5.044922213753052E+005
    273  4.623029315321527E+003  1.377262090207750E+005
    274  1.480298277339785E+004  4.404877805397823E+005
    275  2.442838286393009E+003  7.221530056951684E+004
    276  2.761545270058703E+003  8.248607933025924E+004
    277  6.152142338302079E+002  1.841852838662650E+004
    278  1.777074161568817E+003  5.334061918310615E+004
    279  9.629693832683344E+003  2.865973595038623E+005
    280  2.003075947695474E+004  6.016567645640291E+005
    281  9.220670450787135E+003  2.768678669474375E+005
    282  9.013575620050116E+003  2.691940070417586E+005
    283  5.277175137542024E+003  1.555539665708240E+005
    284  3.445832958109499E+002  1.029315238643736E+004
    285  5.488648275990745E+003  1.624746278158027E+005
    286  2.173015711747197E+002  6.508460938283343E+003
    287  1.313622503771830E+003  3.932651371000155E+004
    288  7.070986243940618E+003  2.085323473075643E+005
    289  1.095904405868273E+004  3.286760728931919E+005
    290  4.454164345088466E+004  1.330386025526205E+006
    291  9.229747463056356E+004  2.763903940803430E+006
    292  2.463127131829852E+003  7.367852200795821E+004
    293  1.366591499724784E+005  4.083563046208709E+006
    294  1.890080236010590E+004  5.643150559775033E+005
    295  6.185945900502767E+003  1.839828779583249E+005
    296  2.876561109733230E+004  8.471824532960610E+005
    297  4.497603098631812E+004  1.323207297170263E+006
    298  2.057782080710417E+005  6.204726148163975E+006
    299  3.026606277773465E+004  9.115548422676320E+005
    300  4.853764579312144E+004  1.423860544902024E+006
    301  5.287419417094035E+004  1.580835921843352E+006
    302  5.421193625736791E+003  1.584881093208647E+005
    303  7.357581645632808E+003  2.199938917643355E+005
    304  2.022807643083261E+003  6.024038724618376E+004
    305  1.376740633488394E+003  4.109971495701639E+004
    306  1.405443953681397E+004  4.114351408935499E+005
    307  1.263541212307398E+003  3.764446795443468E+004
    308  3.896773347389820E+004  1.138212018095635E+006
    309  3.066185818792512E+003  9.121520289005904E+004
    310  1.129431214235398E+004  3.299944552427083E+005
    311  9.670664126257799E+002  2.882116976440091E+004
    312  2.334752002894977E+003  6.917113097791820E+004
    313  3.456776816536558E+002  1.029220250883007E+004
    314  1.480501184159713E+003  4.413172725036162E+004
    315  3.694656566443608E+002  1.097434709200895E+004
    316  6.864414875060172E+002  2.044982117702311E+004
    317  1.756578477669462E+003  5.242677217078508E+004
    318  1.825896974744606E+004  5.334935918807394E+005
    319  2.531593582091598E+003  7.615670660377486E+004
    320  5.897667623430251E+003  1.758261492766780E+005
    321  2.581905269043679E+003  7.640874826230839E+004
    322  1.195806926388726E+003  3.541873546960417E+004
    323  8.880654203780704E+002  2.644877118488462E+004
    324  2.273725732786396E+003  6.784815296875562E+004
    325  5.259231222930249E+003  1.567094082579956E+005
    326  1.036371180228918E+004  3.077294289396230E+005
    327  2.880682191606158E+003  8.561385638160275E+004
    328  2.404068002412448E+002  7.142869881043054E+003
    329  2.544894075891962E+004  7.621408120572353E+005
    330  2.663779946104925E+004  7.952065727169757E+005
    331  6.958403473912302E+003  2.076072042929541E+005
    332  3.636734870495443E+003  1.094612065505409E+005
    333  1.584951752375247E+004  4.756719003318201E+005
    334  1.553121101414921E+003  4.629580920688267E+004
    335  9.921754738996862E+003  2.913112304811398E+005
    336  3.232651544027402E+003  9.652034817993101E+004
    337  1.086740096111013E+003  3.234875033576109E+004
    338  3.405613688026514E+003  1.017510772553231E+005
    339  9.622916125777722E+002  2.874774137632141E+004
    340  1.221212995022463E+004  3.657307044343403E+005
    341  1.884332743650552E+004  5.527232860200218E+005
    342  2.988152912910214E+002  8.932475679281546E+003
    343  9.205557838343873E+003  2.740294448454380E+005
    344  2.781975330542294E+004  8.351260481211584E+005
    345  2.017955323275014E+003  6.051668173592803E+004
    346  9.153072803641712E+004  2.744668943256629E+006
    347  1.621537874520376E+004  4.840679864263539E+005
    348  9.617642055587146E+003  2.867646490257839E+005
    349  2.687416956727933E+003  7.940657792502064E+004
    350  2.235692036644338E+002  6.653661730171185E+003
    351  2.607500574407395E+003  7.688299075611534E+004
    352  4.328977053356768E+003  1.293353079167799E+005
    353  3.830217696565481E+002  1.127955668906478E+004
    354  2.940072278789636E+002  8.763494558634311E+003
    355  3.109966502286133E+003  9.329273904923532E+004
    356  2.159015236109359E+004  6.364951571127602E+005
    357  4.605811714635342E+003  1.376396622278927E+005
    358  5.907719261855783E+004  1.740955728201878E+006
    359  7.660493107091327E+003  2.282410426780588E+005
    360  1.678011250650357E+003  4.999841377706902E+004
    361  1.150320313237691E+003  3.436649419241503E+004
    362  1.242346672778324E+002  3.691081347525894E+003
    363  1.871483029561615E+001  5.491590156723555E+002
    364  2.647585900271615E+003  7.864967281985587E+004
    365  2.777273316717864E+003  8.292118920340938E+004
    366  3.254356171083911E+002  9.714675019576682E+003
    367  5.102325973922633E+003  1.525032089307583E+005
    368  1.858891685616144E+002  5.526620751295774E+003
    369  2.565471486757946E+003  7.736107501552328E+004
    370  4.301299957394866E+002  1.282198818126674E+004
    371  1.360454451461542E+002  4.065244240025108E+003
    372  1.108675577234038E+003  3.280490528141177E+004
    373  1.583436605813197E+002  4.728106448390957E+003
    374  1.462409637763511E+004  4.386188398071523E+005
    375  9.075550541547514E+002  2.722751703933825E+004
    376  1.981693364820370E+004  5.916877883163544E+005
    377  1.889306862828589E+003  5.627265487180385E+004
    378  1.549773560684618E+004  4.557791430049855E+005
    379  1.173065049924691E+004  3.491889331281703E+005
    380  1.009692207309057E+004  2.954921672917089E+005
    381  7.107436745777523E+003  2.110462564348628E+005
    382  2.713890469655519E+003  8.099191198755195E+004
    383  1.224947630373463E+004  3.631993193952704E+005
    384  3.563306685507028E+005  1.058118312524210E+007
    385  1.079231677040046E+004  3.226572113476300E+005
    386  1.253320107196139E+005  3.750002800487697E+006
    387  3.458020259938305E+004  1.032718901833404E+006
    388  4.123385871078949E+001  1.220235832573576E+003
    389  2.910399567349551E+003  8.692528760549203E+004
    390  1.856887407395764E+005  5.598218570782810E+006
    391  4.010008203716484E+004  1.173250350389543E+006
    392  8.552708605906027E+004  2.529892737228756E+006
    393  2.099222460273194E+005  6.301579622001330E+006
    394  2.872544662187383E+003  8.606834106586450E+004
    395  4.885552160713790E+004  1.467779792249981E+006
    396  9.179655059048075E+003  2.735589064328225E+005
    397  2.176867118650492E+003  6.469532068081045E+004
    398  4.176130206527312E+003  1.251583014018148E+005
    399  1.236392799337607E+004  3.681462142679326E+005
    400  2.918727157127601E+004  8.678311789366142E+005
    401  3.684965843612621E+003  1.100251891654751E+005
    402  4.080642423768873E+004  1.205053918876679E+006
    403  1.046306445438603E+004  3.114168540861558E+005
    404  4.238746449068291E+003  1.266882540912177E+005
    405  1.716879178764893E+004  5.104569866318280E+005
    406  4.107479721650682E+001  1.230181931575681E+003
    407  7.738100090557971E+004  2.320171878141485E+006
    408  1.853011050935738E+002  5.573855155830170E+003
    409  1.073130989105541E+004  3.168157594259231E+005
    410  6.723592229527417E+002  2.022393064103709E+004
    411  7.405364866691475E+003  2.223128689930988E+005
    412  7.078692907042263E+001  2.106480973280502E+003
    413  1.665380033165833E+004  4.934986444141991E+005
    414  1.043007220006999E+003  3.112126193745952E+004
    415  2.564097543498820E+004  7.676871976916963E+005
    416  8.765000814490605E+002  2.625605472527767E+004
    417  4.947182480647474E+003  1.476617924105906E+005
    418  4.258024254548188E+005  1.265119330673210E+007
    419  8.372009936783079E+004  2.519163663657465E+006
    420  1.113361192196506E+003  3.340601697322475E+004
    421  5.411200775323457E+003  1.620306980555235E+005
    422  4.013448900213743E+004  1.192938101173907E+006
    423  4.338225826865463E+004  1.293095492510488E+006
    424  1.585299278741655E+002  4.714683257389760E+003
    425  1.156938106216802E+005  3.441578938030857E+006
    426  2.061359186417358E+004  6.151059441810023E+005
    427  3.431192634832551E+004  9.997296619992728E+005
    428  9.239551283344431E+001  2.726240330184094E+003
    429  2.103327221653061E+002  6.269038029301914E+003
    430  2.938714373270916E+004  8.671250758737299E+005
    431  1.368659811658432E+004  4.025966227193931E+005
    432  4.470885579694742E+002  1.327342536004687E+004
    433  1.999907542553578E+003  5.959421499132726E+004
    434  2.506255469346926E+004  7.427641410496533E+005
    435  3.810818159504103E+002  1.136509320940161E+004
    436  4.206254804271030E+004  1.235056806140548E+006
    437  3.007086860920455E+002  8.749918268919619E+003
    438  5.715146757802944E+004  1.667545950560175E+006
    439  2.352299703012967E+001  6.865559032873465E+002
    440  1.503104051709221E+004  4.476102909750144E+005
    441  4.246601608460410E+002  1.265478555369254E+004
    442  4.352794396455991E+003  1.284525764007677E+005
    443  2.735472585259930E+001  8.162548173131401E+002
    444  1.902654134617081E+003  5.671757172466409E+004
    445  2.285881726185087E+004  6.837983313046499E+005
    446  1.220132233009791E+004  3.607167809550340E+005
    447  2.148046825204407E+002  6.413997750714687E+003
    448  5.642483368419082E+003  1.672254227068030E+005
    449  3.682365201535783E+003  1.100679787330109E+005
    450  3.990890422210361E+004  1.203912435505162E+006
    451  2.872784485362864E+003  8.592256772648389E+004
    452  3.902679237469960E+004  1.175120085204544E+006
    453  6.070102235755676E+004  1.813347485063296E+006
    454  1.210988395171911E+005  3.662229414618563E+006
    455  1.428438523493665E+003  4.278406706475402E+004
    456  4.063128095425668E+004  1.226125303418205E+006
    457  2.601217989092392E+002  7.728606839034583E+003
    458  2.889691819442141E+004  8.729985154568128E+005
    459  7.391630291227284E+003  2.177393816389045E+005
    460  2.383029288850309E+004  7.198523521511084E+005
    461  2.242563062580309E+002  6.701224855775698E+003
    462  3.425288390250955E+004  9.990475003788117E+005
    463  3.496319813826336E+002  1.045088120656310E+004
    464  2.424707823550851E+004  7.109912799207693E+005
    465  4.433350335684668E+002  1.320676265346204E+004
    466  9.056963869182748E+003  2.706539034776902E+005
    467  4.765399618192376E+003  1.400914990477379E+005
    468  9.136747366694597E+003  2.699568600899162E+005
    469  1.803897403085675E+002  5.380335843282410E+003
    470  5.511823364008163E+002  1.631133649343391E+004
    471  4.016638449641575E+002  1.198542050200705E+004
    472  2.954361743251888E+004  8.783626387348057E+005
    473  1.587126835813030E+003  4.752931096928744E+004
    474  1.129197430165142E+005  3.396642461210120E+006
    475  7.781258959712568E+003  2.343957602570326E+005
    476  4.045973039958379E+002  1.214440104361007E+004
    477  1.950426393079492E+004  5.888497274744691E+005
    478  2.994291980012990E+003  8.959404525730514E+004
    479  5.347014437075811E+004  1.604584483990658E+006
    480  4.977969793569785E+003  1.487915139997676E+005
    481  4.729883667927785E+002  1.400835406353192E+004
    482  6.773731474121580E+003  2.025210894180656E+005
    483  1.055188927377603E+004  3.116114791578797E+005
    484  6.531018300693434E+002  1.949950620994628E+004
    485  2.255971642681634E+004  6.792759487427757E+005
    486  1.096655112614827E+003  3.251812621810003E+004
    487  1.920591857896798E+004  5.786933374092295E+005
    488  1.123275894408098E+002  3.338366191269952E+003
    489  1.216263118807483E+004  3.670330766431233E+005
    490  5.589627348941200E+001  1.681323539612434E+003
    491  8.690296765110837E+003  2.608170676255111E+005
    492  1.303908312031548E+004  3.898231244984224E+005
    493  3.471219956472859E+003  1.037500907295224E+005
    494  7.591001475360807E+003  2.241585350926609E+005
    495  1.029357891413855E+004  3.089117112711137E+005
    496  1.005781663758197E+002  2.983740986364353E+003
    497  5.996550144210443E+003  1.749170268182924E+005
    498  4.910059053381506E+003  1.449550734950747E+005
    499  1.255106865630919E+001  3.674947421554139E+002
    500  7.899826664021954E+003  2.372495196003375E+005
    501  1.988548352319475E+001  5.932315221585480E+002
    502  1.334395997607827E+003  3.982941445502723E+004
    503  3.332752572664899E+004  1.004026945671321E+006
    504  1.970413820230278E+004  5.897496412334162E+005
    505  1.411653000436895E+004  4.239763608115381E+005
    506  1.073152871810857E+002  3.186173827248270E+003
    507  2.334871388301796E+004  6.812735634738606E+005
    508  3.129023262117105E+002  9.358906839731590E+003
    509  2.379550965058643E+002  7.119476176504973E+003
    510  2.290413648924827E+004  6.868412660703493E+005
    511  9.478093196586691E+002  2.844267791916269E+004
    512  3.148837619861470E+004  9.478134925939562E+005
    513  5.325157566408897E+002  1.563010107011351E+004
    514  7.599413047823535E+003  2.272211886938113E+005
    515  1.636688782502167E+003  4.866916441083643E+004
    516  2.722778049778287E+003  8.150854683510851E+004
    517  5.086866893207850E+003  1.532813250093014E+005
    518  1.342774876884422E+004  4.040091488424645E+005
    519  1.376535700289721E+004  4.157782853618408E+005
    520  5.694788142427945E+001  1.705577139008172E+003
    521  1.191145742554242E+003  3.553173489032041E+004
    522  5.957265327498961E+002  1.791884781357889E+004
    523  4.667269139860248E+003  1.385462484850685E+005
    524  3.764736922490754E+004  1.137122036997817E+006
    525  1.741668434082753E+003  5.172860585030325E+004
    526  8.124595356745763E+002  2.432331021162473E+004
    527  1.394291540508629E+004  4.206448279703842E+005
    528  1.236394026661052E+003  3.699036535241520E+004
    529  6.226854839191096E+002  1.861137999385625E+004
    530  1.744993221400649E+004  5.232524015401630E+005
    531  1.523486645808191E+004  4.472262346316118E+005
    532  3.646107521440153E+003  1.080969625255882E+005
    533  4.726289296718848E+003  1.399094356205578E+005
    534  2.759926346419527E+003  8.112137278656843E+004
    535  1.346184461078893E+005  3.988492626292950E+006
    536  2.018204784210579E+004  6.031414997457488E+005
    537  2.804549465877439E+005  8.225460684583248E+006
    538  2.168508779263067E+004  6.391135535189327E+005
    539  2.927702767987801E+005  8.747467329287771E+006
    540  1.434112765344413E+004  4.285012689451355E+005
    541  4.375333064583687E+003  1.316110213405190E+005
    542  1.316297692491528E+003  3.929321515941267E+004
    543  4.130156707825767E+003  1.222681101736643E+005
    544  7.386168462930311E+004  2.205216125106318E+006
    545  6.175105460387145E+003  1.838291811132691E+005
    546  1.060249691036174E+005  3.165537515336795E+006
    547  1.420936646222039E+006  4.242368411062659E+007
    548  3.566265174268891E+003  1.056495994604647E+005
    549  6.322734582851613E+004  1.887407028518794E+006
    550  2.845856466726432E+004  8.559880710605065E+005
    551  8.306600959331912E+004  2.477033292465169E+006
    552  7.110599182718000E+004  2.110405408745446E+006
    553  1.116989498136536E+004  3.336767201774570E+005
    554  5.230237608667325E+004  1.561820650747562E+006
    555  1.676559859440878E+003  5.018158300999671E+004
    556  2.526603695791220E+002  7.512902325260452E+003
    557  8.046825725826361E+003  2.375378841667173E+005
    558  7.613805092961843E+002  2.277395114566156E+004
    559  1.220066982131479E+004  3.646816535623763E+005
    560  3.344212867089383E+003  9.989681018061866E+004
    561  7.408718268156528E+002  2.219970818383641E+004
    562  3.993815701532527E+002  1.185736676374910E+004
    563  2.120196175005404E+005  6.300882893163792E+006
    564  5.371416191123623E+003  1.602230784610560E+005
    565  1.544852496140078E+003  4.618634063310859E+004
    566  2.612129199715499E+005  7.774524123399179E+006
    567  5.754710830981229E+002  1.717199841095035E+004
    568  7.097256062859424E+003  2.113040727582732E+005
    569  3.300704774238820E+002  9.854664154284765E+003
    570  1.960875044876353E+004  5.812395447093329E+005
    571  1.130573962947695E+003  3.378799592357873E+004
    572  3.727724399237611E+003  1.099317005116077E+005
    573  1.716519025365044E+003  5.124887702515063E+004
    574  2.168784150007435E+002  6.485327539842707E+003
    575  1.727056283641895E+004  5.166934845255131E+005
    576  4.076634511031964E+003  1.208268181272068E+005
    577  8.963171088565680E+002  2.675737622689841E+004
    578  8.111804061577932E+002  2.407804095199940E+004
    579  3.594763759995486E+002  1.076556428853486E+004
    580  5.695597368412615E+003  1.674371509417794E+005
    581  2.035769008944317E+001  6.122708983920761E+002
    582  3.967240037730027E+003  1.166868081135908E+005
    583  4.736891353873046E+002  1.411469655410565E+004
    584  1.019076542139193E+003  3.049065133741105E+004
    585  4.150333650958984E+003  1.238265393616368E+005
    586  1.561174822848621E+002  4.642105320074909E+003
    587  2.405392113800236E+003  7.130654444882477E+004
    588  3.592758857244087E+004  1.075386037940479E+006
    589  4.897946155519895E+002  1.459597097047977E+004
    590  8.500502315024667E+001  2.528432071906191E+003
    591  1.602017274580483E+002  4.778764230568207E+003
    592  1.554639302207485E+004  4.648749206871022E+005
    593  1.047561107671472E+004  3.132868727454432E+005
    594  7.066219984698935E+002  2.110035933659748E+004
    595  3.670935743498268E+002  1.093446943375059E+004
    596  5.153820878110478E+002  1.541625849024804E+004
    597  7.723472514968526E+002  2.318804497760207E+004
    598  1.289906120023339E+001  3.825024828138058E+002
    599  8.505767106539606E+003  2.560905209210866E+005
    600  2.749446666064488E+003  8.308694400805594E+004
    601  2.155771039526036E+002  6.442846670122049E+003
    602  1.047624906031570E+004  3.141926382146512E+005
    603  7.562799631544135E+001  2.264607348239850E+003
    604  3.497671095558668E+003  1.034209306297287E+005
    605  8.591939204927432E+002  2.563206385060212E+004
    606  1.900544583425373E+001  5.641443951679968E+002
    607  7.534567866896098E+002  2.243043248208782E+004
    608  2.652666659190664E+002  7.922625489056471E+003
    609  2.819071346605744E+003  8.426507248516180E+004
    610  5.201223520421213E+002  1.554093675813121E+004
    611  7.492813379189516E+002  2.246566189955075E+004
    612  1.487771274069912E+001  4.449430781115448E+002
    613  8.499278471386580E+003  2.543762546904826E+005
    614  5.832396312289509E+001  1.743359228285953E+003
    615  3.978199920132677E+003  1.195620200170060E+005
    616  6.380567695102529E+002  1.907868703057445E+004
    617  2.307818195173780E+003  6.885999936749296E+004
    618  4.398203077819237E+003  1.303468418194802E+005
    619  1.348269607041207E+002  4.023304648312544E+003
    620  2.910929603618656E+000  8.507400065010656E+001
    621  2.626370092797808E+003  7.889539759690907E+004
    622  3.970620596987625E+002  1.184588094375541E+004
    623  1.713101086812131E+003  5.090708976251556E+004
    624  4.518618937886493E+002  1.348687213797414E+004
    625  1.167465165451530E+002  3.475822138424088E+003
    626  6.433463159750044E+002  1.926772484662091E+004
    627  1.082494416433750E+002  3.227949283655373E+003
    628  1.597257135293938E+001  4.735193171797442E+002
    629  1.335020885001866E+001  3.955870104683050E+002
    630  3.665593686496831E+002  1.082070492837627E+004
    631  3.718557241558427E+002  1.113874336437505E+004
    632  5.720802383032866E+003  1.713510619083336E+005
    633  2.336425119566507E+002  6.966830559228839E+003
    634  1.794997972009924E+002  5.356342928056720E+003
    635  6.063332560699469E+002  1.793597461185233E+004
    636  6.786763076736512E+002  2.028786201677757E+004
    637  4.367051147681344E+002  1.283843168205065E+004
    638  2.359883376445243E+001  7.044007527212643E+002
    639  1.572356691792327E+003  4.642175072928023E+004
    640  1.483114077080778E+002  4.448090268774474E+003
    641  3.947458779881862E+002  1.180207024102736E+004
    642  9.911388958417972E+001  2.952746637920749E+003
    643  1.102961683748131E+003  3.241699817258260E+004
    644  6.411326583462703E+001  1.904855256405552E+003
    645  9.778501006720276E+002  2.934718948673889E+004
    646  3.654274701436458E+002  1.092538973345535E+004
    647  2.773225118885740E+000  8.138613392230194E+001
    648  1.195401010018800E+002  3.576433890096232E+003
    649  1.873419248331997E+003  5.629849917468402E+004
    650  9.431464490832630E+002  2.823144526702545E+004
    651  9.902312810036715E+001  2.951133128710615E+003
    652  1.084299920738921E+000  3.056756720471379E+001
    653  3.616810982050695E+001  1.081207587914446E+003
    654  3.228816281530379E+003  9.604463021657818E+004
    655  1.936499743913342E+003  5.820282347579803E+004
    656  3.786779643266409E+002  1.129648885851793E+004
    657  1.309589484739021E+002  3.907318204888057E+003
    658  1.921901235928387E+003  5.742459247941213E+004
    659  2.215704003356920E+003  6.595001283136202E+004
    660  1.132500676418856E+002  3.383478727258847E+003
    661  3.890409034168209E+003  1.163203191324834E+005
    662  4.113430266463691E+001  1.229844204150208E+003
    663  5.869061144536367E+003  1.757063238638339E+005
    664  7.730532346539133E+001  2.312529029872472E+003
    665  1.499981387789963E+002  4.472119675503432E+003
    666  1.280089747073530E+003  3.770887985947155E+004
    667  1.831038671764823E+003  5.437407495437659E+004
    668  1.054579274958261E+002  3.160519876252384E+003
    669  5.132449033406881E+003  1.533029278836497E+005
    670  3.136942533748181E+002  9.362777719671833E+003
    671  1.112436671979588E+003  3.344749832657967E+004
    672  5.440654868651302E+002  1.622698018769180E+004
    673  4.865870507941680E+002  1.447305363318276E+004
    674  6.145169548561763E+002  1.834283416753554E+004
    675  4.833534026174127E+002  1.459826509441564E+004
    676  4.890702790207745E+002  1.456911153376936E+004
    677  9.142330610363317E+001  2.723459308085586E+003
    678  3.184633318014352E+003  9.554348788537725E+004
    679  1.365804381597356E+002  4.075962815885014E+003
    680  6.870256579489086E+003  2.005354866725862E+005
    681  2.807349979272813E+003  8.283337507376057E+004
    682  3.348404195715543E+002  9.991079384055871E+003
    683  2.137347635204836E+003  6.309011497875169E+004
    684  3.064431195951372E+002  9.145072180084791E+003
    685  1.154665206708294E+002  3.447094638546728E+003
    686  2.452909783251712E+003  7.208872896199321E+004
    687  3.899492165117151E+003  1.150181223373439E+005
    688  4.619973247630488E+001  1.374442630053164E+003
    689  3.284471120672425E+003  9.821842182838020E+004
    690  2.233844817424619E+003  6.638675672557249E+004
    691  3.402086728706661E+003  9.937554823909292E+004
    692  9.621576111642915E+000  2.834750460677183E+002
    693  3.629926742891720E+001  1.081563534022282E+003
    694  5.658022907511648E+003  1.659533839732550E+005
    695  3.223915761457940E+002  9.617347535908990E+003
    696  8.763721565353814E+001  2.610341275021758E+003
    697  3.540259664234498E+003  1.032433827489158E+005
    698  9.274266075305210E+003  2.704126903263694E+005
    699  9.704650063092960E+001  2.895586984224818E+003
    700  1.395190564536291E+003  4.143973033653144E+004
    701  4.875376433616931E+000  1.426324735718113E+002
    702  8.105827505441160E+002  2.410650570843574E+004
    703  4.527688848409862E+001  1.346348729964211E+003
    704  4.806179043272577E+000  1.411420295582153E+002
    705  5.379002197198618E+001  1.602318595454136E+003
    706  2.901615313502748E+003  8.679094221288835E+004
    707  1.065767516785925E+002  3.179267283433535E+003
    708  4.265046208424775E+003  1.242731021903583E+005
    709  1.922082825157438E+002  5.729630511599859E+003
    710  6.936861491445854E+003  2.062235805998835E+005
    711  6.375114929692152E+001  1.913741229504901E+003
    712  8.826117372175491E+003  2.624817927987705E+005
    713  4.309451271458091E+002  1.287915659261710E+004
    714  6.974604645789836E+001  2.080765031097176E+003
    715  7.486440271888983E+001  2.233322405042748E+003
    716  3.647916781800537E+003  1.067209079608602E+005
    717  5.107814048561828E+003  1.520747156766086E+005
    718  1.053133499796587E+001  3.150658857010195E+002
    719  3.119937786197743E+003  9.250210978621646E+004
    720  1.148562613300289E+001  3.402861103771568E+002
    721  1.507833844447095E+003  4.539695746176321E+004
    722  8.492634626842420E+001  2.537783449581525E+003
    723  4.045888210167141E+001  1.222825623709323E+003
    724  3.558248533716677E+003  1.070826769864131E+005
    725  1.604577844528574E+004  4.722638363113892E+005
    726  1.953973120282894E+001  5.811331445055475E+002
    727  5.068972986812546E+003  1.499482522953469E+005
    728  3.467012641359677E+001  1.033416467511907E+003
    729  2.944663841898349E+001  8.764850148742008E+002
    730  1.824980430807691E+003  5.352353044937208E+004
    731  1.626532688417307E+003  4.874770897194897E+004
    732  9.322962893811271E+001  2.769836726514190E+003
    733  1.751024809723906E+003  5.245744127997602E+004
    734  4.038608309232451E+000  1.176965088863702E+002
    735  6.031575731888530E+001  1.818599534974291E+003
    736  6.663778279820172E+000  1.948350978243963E+002
    737  4.465640994992838E+002  1.338382386511352E+004
    738  1.692973078412411E+003  5.070994453279165E+004
    739  8.447854412174996E+001  2.533854427528745E+003
    740  2.969652917076860E+001  8.920123567759007E+002
    741  7.874155292301493E+003  2.367964455606767E+005
    742  1.909825833526077E+003  5.611739451583704E+004
    743  8.098699443866204E+000  2.429323707999827E+002
    744  1.638210506173721E+002  4.878415863418421E+003
    745  3.188881920962888E+003  9.398376698894954E+004
    746  1.212001566762293E+003  3.613923859076735E+004
    747  4.758150737482497E+001  1.428616250416610E+003
    748  1.080545341925128E+003  3.261002497869802E+004
    749  1.789864521508041E+003  5.259737082011405E+004
    750  1.867058810835406E+001  5.574315544811876E+002
    751  1.289475114706740E+003  3.871475392882046E+004
    752  3.251873804650715E+000  9.534288330239393E+001
    753  1.768766949936428E+001  5.275546041165165E+002
    754  8.622100007915360E+001  2.570197113405717E+003
    755  1.497113399220033E+003  4.492108558870041E+004
    756  1.354331047259779E+003  4.023904178586976E+004
    757  8.235322444937754E+002  2.451220406018171E+004
    758  6.634861030824831E+001  1.976338700159170E+003
    759  9.165392328438818E+000  2.746301003001676E+002
    760  1.486540182291528E+003  4.478144614073868E+004
    761  5.368235790456314E+001  1.601860477843870E+003
    762  2.724189479853851E+003  8.199262163669532E+004
    763  3.158621996116849E+003  9.461903445469122E+004
    764  6.323008832193064E+001  1.888350184628255E+003
    765  1.267103489249292E+004  3.788314764464169E+005
    766  6.599871453603267E+001  1.984100589502099E+003
    767  6.569108906842054E+001  1.956600579899197E+003
    768  7.353470011190621E+003  2.202707247902416E+005
    769  5.338867941891875E+003  1.587325750992880E+005
    770  9.273588194841035E+001  2.761580211851446E+003
    771  2.270962189985685E+003  6.797817961967461E+004
    772  5.225912900716771E+003  1.539916458437585E+005
    773  7.964822903236891E+000  2.367428086210043E+002
    774  1.638190143814131E+003  4.893749797929191E+004
    775  1.610388341898930E+001  4.854141257285783E+002
    776  2.729289646169926E+001  8.108955019059184E+002
    777  1.954804158900726E+004  5.875257111308122E+005
    778  1.403632036746533E+004  4.229876200393266E+005
    779  3.125102033660092E+001  9.330199229712695E+002
    780  1.946055620522071E+003  5.795550736319529E+004
    781  1.154387820821701E+002  3.451908371188118E+003
    782  1.513016634154826E+002  4.513323881402904E+003
    783  1.739914287824535E+004  5.220345630432896E+005
    784  5.730981185549775E+003  1.712373142377218E+005
    785  1.752544349260684E+004  5.240898481322432E+005
    786  7.416758582614609E+001  2.212655475414310E+003
    787  2.206083669370993E+002  6.581594373419746E+003
    788  2.030814843951292E+001  6.052208217594224E+002
    789  2.736844386548606E+003  8.142266923298199E+004
    790  1.734166801582080E+002  5.185222485267171E+003
    791  6.655058525596664E+003  1.981672794856110E+005
    792  9.405546210067068E+001  2.823220035278747E+003
    793  1.803982205380491E+003  5.380822756368947E+004
    794  9.139182661495734E+001  2.726625882745563E+003
    795  5.214878612802050E+003  1.571379677810800E+005
    796  7.653631380646999E+002  2.252925459495657E+004
    797  1.508870727952451E+003  4.547516994575792E+004
    798  2.267518715564177E+001  6.792296031623828E+002
    799  2.472153978247535E+003  7.297370051980055E+004
    800  2.974577730364796E+002  8.909985564625362E+003
    801  8.877186635920317E+000  2.662551979164645E+002
    802  3.133455700232920E+003  9.267859896421066E+004
    803  1.472898257577400E+003  4.407793688483263E+004
    804  1.315152340185050E+002  3.924265612720732E+003
    805  4.511337594619577E+001  1.347550470581852E+003
    806  4.293180015954458E+000  1.264756184715059E+002
    807  4.055383866455400E+003  1.219367277670833E+005
    808  1.402498768943521E+003  4.223349391736375E+004
    809  7.399202479588882E+001  2.205414440461205E+003
    810  1.377810005150164E+004  4.156843331614235E+005
    811  1.761957923370105E+001  5.271558800089909E+002
    812  2.661175681412033E+003  8.008486390283043E+004
    813  1.696602345276029E+004  5.095966016658605E+005
    814  8.687306626173619E+000  2.560512047928440E+002
    815  1.860640463949614E+002  5.571196384898095E+003
    816  1.837713944779095E+004  5.535327572214720E+005
    817  7.368552417593107E+003  2.217269267617626E+005
    818  4.766686451995656E+001  1.432004173873016E+003
    819  3.007170802635560E+001  9.059073259861242E+002
    820  1.942314941856601E+003  5.820527579909928E+004
    821  2.701382145462784E+003  8.101705448664831E+004
    822  1.836501840201389E+003  5.496344930316362E+004
    823  2.484181900945135E+000  7.273254160607489E+001
    824  2.756133141109215E+003  8.305716270794837E+004
    825  3.772104330571058E+003  1.131181233229281E+005
    826  4.332218178439065E+003  1.291290955979597E+005
    827  1.105764088248592E+003  3.301454262424712E+004
    828  6.919731311064267E+001  2.073770770544253E+003
    829  7.710914796499646E+002  2.308730907924278E+004
    830  2.821196976867447E+001  8.442452974204066E+002
    831  1.688329051116306E+003  5.076968428200137E+004
    832  2.027876716302057E+003  6.111068745933397E+004
    833  4.374769448648970E+000  1.301579277200382E+002
    834  1.904403603501163E+001  5.674722522707773E+002
    835  1.352744870492606E+003  3.975101129465702E+004
    836  5.416477586436014E+003  1.627035672609397E+005
    837  6.960404917339132E+001  2.093103674988481E+003
    838  8.592443172243014E+002  2.553512913549104E+004
    839  2.500543835019760E+001  7.464773398305975E+002
    840  1.486411468105873E+000  4.265762571148494E+001
    841  6.344243894265502E+000  1.874672688258155E+002
    842  7.748062374779855E+003  2.323738552835148E+005
    843  1.017022846258344E+003  3.036761745358500E+004
    844  3.962116785999920E+003  1.194738414463244E+005
    845  1.520840518412930E+002  4.556284603326555E+003
    846  8.451983500759572E+001  2.515786978228961E+003
    847  2.544750238322499E+003  7.555178630362875E+004
    848  4.324721192171300E+003  1.271652044456261E+005
    849  9.120664020665886E+001  2.724158029548285E+003
    850  2.369707897661343E+000  6.905341604857990E+001
    851  1.133075933842901E+003  3.316382710873295E+004
    852  1.259625913998321E+002  3.779386899597968E+003
    853  1.300184113086788E+003  3.914567318509294E+004
    854  4.149159240670129E+003  1.250108751798119E+005
    855  1.475012172958746E+003  4.320138797611924E+004
    856  4.493737273614764E+001  1.356675855653138E+003
    857  2.768988335089080E+001  8.327630559424529E+002
    858  4.061192506974769E+003  1.221929393919117E+005
    859  7.967141618114796E+001  2.392536180257648E+003
    860  2.107759048204740E+003  6.349972036103287E+004
    861  3.419224670043731E+001  1.026220283586837E+003
    862  1.024511357808791E+002  3.054525125086305E+003
    863  2.558262937656451E+003  7.714948895154892E+004
    864  5.886431946456534E+000  1.757702556318405E+002
    865  1.661850389270700E+003  5.015273981227886E+004
    866  3.528570595966316E+003  1.031464175473167E+005
    867  3.688755050039267E+001  1.111012688467632E+003
    868  3.234459329507288E+003  9.681762279359922E+004
    869  6.678374182965220E+000  1.984008429835900E+002
    870  1.192568401630979E+004  3.495601839304127E+005
    871  9.686962181248479E+002  2.839985522660963E+004
    872  9.998668964792289E+000  3.010995857836601E+002
    873  1.420326653207869E+003  4.281054195302536E+004
    874  5.319805419927780E+000  1.562682982294194E+002
    875  2.408234446821008E+003  7.193794258260880E+004
    876  2.201944003367976E+001  6.549002698577074E+002
    877  3.168006612631882E+003  9.344480704890838E+004
    878  2.035990138931853E+001  6.055828327428737E+002
    879  2.135007097811759E+002  6.389836470031081E+003
    880  9.152340870050125E+002  2.747035205581299E+004
    881  3.781367130932710E+000  1.129258207761432E+002
    882  3.364255980844088E+001  1.009589147077932E+003
    883  3.737378540839131E+002  1.122073293103068E+004
    884  8.710925048955394E+002  2.578634047379371E+004
    885  3.462813703324892E-001  8.954650057222635E+000
    886  3.724540344224534E+003  1.107493250076704E+005
    887  1.839420713322083E+003  5.377208537744347E+004
    888  2.531784484434808E+001  7.537085962930719E+002
    889  4.608137726163535E+000  1.378718238434585E+002
    890  2.912640000105464E+003  8.759280940534099E+004
    891  1.652498077010898E+001  4.981873827956220E+002
    892  2.939733559292553E+003  8.785761602022925E+004
    893  7.624011878213516E+001  2.272052257357579E+003
    894  4.922637146707385E+002  1.480659051056547E+004
    895  5.547011749112458E+003  1.672019740428879E+005
    896  6.329367465076302E+002  1.902598875272609E+004
    897  7.285506539108840E+003  2.182018036581028E+005
    898  5.029330963661682E+003  1.492425211893025E+005
    899  5.739715280753086E+002  1.714939719351282E+004
    900  2.856775440181417E+001  8.560743084130364E+002
    901  4.431366583865280E+001  1.319485776107771E+003
    902  6.812445642092911E+003  2.047015600893931E+005
    903  1.001674399473571E+003  2.954401324503651E+004
    904  1.291860615920851E+001  3.878159710151158E+002
    905  5.185724907661830E+003  1.523643275449803E+005
    906  2.333303420209196E+001  7.000840085527815E+002
    907  1.612393225706777E+003  4.818949645971975E+004
    908  4.940964983318612E+001  1.470234534141515E+003
    909  5.571140889136145E+003  1.679187002362546E+005
    910  2.578571064861662E+002  7.694717256738580E+003
    911  9.739534290738435E+003  2.871803692780763E+005
    912  1.755222902039938E+001  5.234546180847145E+002
    913  2.522618092566153E+002  7.512736429624861E+003
    914  3.645144506936179E+000  1.075150554442096E+002
    915  1.340937386841602E+002  4.018358762570933E+003
    916  9.372363816351258E+002  2.813430342811548E+004
    917  1.185713498907768E+003  3.533738626312795E+004
    918  4.186872972212062E+003  1.261037480913903E+005
    919  1.073090706967330E+003  3.176680591921891E+004
    920  4.016093218333269E+001  1.197181832004768E+003
    921  5.816953730604195E+002  1.744852566143425E+004
    922  2.054433765953935E+002  6.163794463319486E+003
    923  1.718508881644151E+002  5.142705656291848E+003
    924  6.983021335840794E+003  2.080023558524605E+005
    925  2.435888856607959E+001  7.249958690377889E+002
    926  2.968584672806952E+003  8.836268794964475E+004
    927  1.657007479658652E+002  4.950265072354244E+003
    928  7.373894590586445E+003  2.168425560288544E+005
    929  8.829483755223540E+003  2.590257424988709E+005
    930  8.624073599799327E+003  2.513875514228927E+005
    931  6.588635920830885E+001  1.960535960858000E+003
    932  7.743204529363952E+002  2.284219455201163E+004
    933  6.829361080140548E+001  2.045700149650065E+003
    934  6.576353126523121E+003  1.974757039800118E+005
    935  2.450355489375800E+001  7.293175435550669E+002
    936  9.620318109780548E+001  2.877854505955882E+003
    937  7.828518630545756E+003  2.293138936066343E+005
    938  1.962999020306365E+003  5.916545439899086E+004
    939  3.891455919426338E+001  1.158623328702099E+003
    940  2.165089437519739E+003  6.473623630394594E+004
    941  3.825980594014073E+001  1.152699828405380E+003
    942  1.884210711967288E+003  5.610250031834765E+004
    943  4.588750344590389E+002  1.376630212527222E+004
    944  1.444040759225172E+003  4.333305611133287E+004
    945  1.390233283804516E+003  4.123637244025642E+004
    946  1.240497201220737E+001  3.714824438558326E+002
    947  4.650663854454318E+003  1.363160659432366E+005
    948  2.226004483926180E+003  6.696320298669490E+004
    949  1.050419064575020E+002  3.143533317457838E+003
    950  1.053104106544908E+003  3.149664929245282E+004
    951  6.528710405099632E+001  1.958900142677231E+003
    952  3.303424230987225E+003  9.688063713410217E+004
    953  1.473406779929423E+002  4.442255461098623E+003
    954  1.373351269034932E+004  4.151222566759494E+005
    955  5.176105407121927E+003  1.563076635823832E+005
    956  4.861193768926958E+001  1.467109798520951E+003
    957  4.713012888498709E+001  1.407234535024410E+003
    958  4.006118985533234E+003  1.209836923344645E+005
    959  2.215460983373582E+001  6.630131536391008E+002
    960  2.709905085234398E+003  8.177172780510901E+004
    961  4.269065837430762E+001  1.276820940250730E+003
    962  1.291784417381198E+003  3.866750319191515E+004
    963  1.402413040595313E+002  4.185061668294078E+003
    964  6.334129636254327E+003  1.909982603740363E+005
    965  1.301368780891656E+001  3.925161154354757E+002
    966  1.470629728453864E+004  4.434089943727376E+005
    967  9.043185599030749E+002  2.691233162409684E+004
    968  1.451405075480593E+003  4.275329392721099E+004
    969  7.815819480012554E+000  2.327933781917526E+002
    970  7.078468200324051E+003  2.134787398101870E+005
    971  1.285099925566608E+001  3.852992647298586E+002
    972  1.934835797045052E+003  5.812701712962467E+004
    973  6.640727388647103E+003  1.975136165260714E+005
    974  1.778483457937152E+001  5.321041024512388E+002
    975  5.669278872025927E+002  1.704428240202700E+004
    976  1.551652958932272E+003  4.663890176556982E+004
    977  4.438980118396498E+002  1.331844061961850E+004
    978  1.613143893151906E+002  4.867247247462235E+003
    979  2.486534779014166E+003  7.409628678925737E+004
    980  3.985638477491771E+001  1.194454643681205E+003
    981  7.665937881828635E+003  2.317445676892934E+005
    982  1.293137301404591E+002  3.887635234837903E+003
    983  6.716518337082579E+002  1.987101588652375E+004
    984  7.378211010201237E+002  2.179504976603354E+004
    985  9.808871297936206E+001  2.945515390836736E+003
    986  1.301183879986628E+003  3.917139749449294E+004
    987  3.223469704711570E+001  9.625121025479780E+002
    988  8.170878045131768E+002  2.439979676420828E+004
    989  7.099448225657182E+003  2.138566018827166E+005
    990  6.010356711887677E+001  1.788177469764317E+003
    991  1.584944701472782E+004  4.765078641447465E+005
    992  3.571911159060424E+003  1.064435495970196E+005
    993  3.494326888718547E+001  1.053066058404970E+003
    994  9.937780810725422E+001  2.958132485857366E+003
    995  1.657109014554385E+003  4.940223476505023E+004
    996  2.489583807265031E+001  7.513993469609910E+002
    997  7.784444823730481E+003  2.338562175844877E+005
    998  1.356880838635943E+004  4.062104575586778E+005
    999  6.482532973133227E+001  1.959717915884622E+003
   1000  6.078670235562337E+003  1.790460794011926E+005
   1001  1.740781517558844E+004  5.215538491027933E+005
   1002  1.716507796185682E+002  5.147990791760160E+003
   1003  3.825408282052675E+001  1.146735224126600E+003
   1004  1.282448437521151E+002  3.822885610483518E+003
   1005  2.664238718158579E+003  7.944167679325234E+004
   1006  1.084449131057301E+004  3.193584140895278E+005
   1007  1.554116800798450E+001  4.534679095046803E+002
   1008  4.330067656285538E+003  1.271147063621578E+005
   1009  5.002591292579923E+003  1.466854716131185E+005
   1010  7.215879980107091E+001  2.152732361153696E+003
   1011  2.116570490203550E+003  6.252940960912026E+004
   1012  3.561341217733677E+001  1.065073821668924E+003
   1013  2.008259487063195E+003  6.010230133987149E+004
   1014  1.152722857274672E+003  3.418710765048221E+004
   1015  3.208474821179963E+001  9.697322893399336E+002
   1016  6.002083829758099E+003  1.803975157165189E+005
   1017  7.050650046310476E+001  2.097833917203088E+003
   1018  6.164140742738022E+003  1.851582638217354E+005
   1019  2.619617362291468E+000  7.755714226152129E+001
   1020  8.996700798685570E+003  2.713112832782618E+005
   1021  1.850582441502014E+003  5.570341901491569E+004
   1022  4.235034386045146E+003  1.274880591648438E+005
   1023  1.784757872928571E+001  5.296856691342260E+002
   1024  1.673852689573917E+004  5.023641623455395E+005
   1025  3.943260874687901E+001  1.177682285878967E+003
   1026  6.237942073649985E+003  1.864136661902090E+005
   1027  9.683947043923281E+003  2.884072885441064E+005
   1028  1.426271943133949E+002  4.246362824361978E+003
   1029  1.181619961096168E+004  3.533153075312930E+005
   1030  3.032244164946606E+000  8.987908034257936E+001
   1031  6.652719881072741E+003  1.975903602767986E+005
   1032  3.812842458169331E+003  1.134945261836600E+005
   1033  9.746428924428688E+003  2.913361398574638E+005
   1034  3.106708976238484E+003  9.355660279850865E+004
   1035  7.409754558365864E+001  2.207354653798512E+003
   1036  1.000117496538988E+004  2.938657165550073E+005
   1037  1.103446585906687E+001  3.290493590837028E+002
   1038  3.749467437011653E+004  1.108072068136056E+006
   1039  4.657831513810665E+004  1.392245976524075E+006
   1040  2.033098928489033E+002  6.067103599261930E+003
   1041  3.795735960036892E+004  1.126029183663567E+006
   1042  3.898620877800968E+004  1.173662068524768E+006
   1043  7.957131237615340E+001  2.368350982650585E+003
   1044  2.434401697995337E+004  7.178234404144882E+005
   1045  1.970226818017247E+004  5.905152467871777E+005
   1046  4.652815967656437E+002  1.395345978595185E+004
   1047  5.783276945250898E+004  1.719398250269903E+006
   1048  5.935706108563836E+004  1.757831470272476E+006
   1049  8.715379976465869E+001  2.622939597201756E+003
   1050  1.762784790403971E+004  5.250817889689544E+005
   1051  8.238952847648740E+001  2.460686520714110E+003
   1052  8.498925716836222E+004  2.538138938623530E+006
   1053  1.431751097850306E+004  4.253205292711821E+005
   1054  5.480766015507154E+001  1.630869084123743E+003
   1055  2.434791014012036E+004  7.324655436424402E+005
   1056  1.961169920799092E+002  5.865971304676742E+003
   1057  1.812322180211143E+004  5.412599691757216E+005
   1058  3.303194426613204E+004  9.904142872878588E+005
   1059  2.662332655157042E+001  7.955736065520326E+002
   1060  8.041974158821249E+004  2.362302185748952E+006
   1061  1.263478554857250E+004  3.746896674976866E+005
   1062  2.065150166262767E+004  6.151980850998152E+005
   1063  3.436113327618240E+002  1.026493153523444E+004
   1064  5.283819184910583E+003  1.566212969027156E+005
   1065  1.216889881029887E+002  3.641455171801924E+003
   1066  3.115217288308041E+004  9.378794422198430E+005
   1067  5.081802762011701E+004  1.516679270830577E+006
   1068  1.990668891812218E+002  5.944953449366468E+003
   1069  7.734719093299125E+004  2.290155438784485E+006
   1070  5.848442155613308E+005  1.714923479936680E+007
   1071  4.193720971031747E+004  1.255135181557933E+006
   1072  9.770213091759132E+004  2.896269705372743E+006
   1073  3.401870740494522E+001  1.018854911304585E+003
   1074  1.894710231784583E+005  5.656616816480567E+006
   1075  1.393967967485155E+004  4.161075388965167E+005
   1076  3.277550827755990E+003  9.842798899881549E+004
   1077  7.655441829080521E+002  2.248250729425279E+004
