# dt =   1.000000000000000E-007
# j, New nj, Rate of change (1/s)
      1  2.184785044292183E+000  7.965573835207819E+002
      2  2.196359513763926E+000  3.487940246498699E+004
      3  2.103485130648938E+000  2.534188104999609E+003
      4  2.071522158778474E+000  8.535551282043531E+003
      5  2.053333082516967E+000  2.095664753141949E+004
      6  2.001446802517698E+000  2.166772446293662E+003
      7  2.335658689988372E+000  2.088000707000433E+005
      8  2.159976423463863E+000  1.071904445094910E+005
      9  2.007690883837137E+000  2.521647865922232E+004
     10  2.068633717751304E+000  7.550630284772949E+004
     11  1.772497889837406E+000  1.080675933548593E+004
     12  1.744505657406863E+000  8.828744193688775E+003
     13  1.470258784919002E+000  4.540984309371470E+002
     14  1.465686470717645E+000  2.503599809053173E+003
     15  1.435237135920551E+000  3.962116557119355E+002
     16  1.446262547780697E+000  1.042062181563364E+004
     17  1.432457662021275E+000  6.458709550906528E+003
     18  1.452277690748218E+000  3.559382199226354E+004
     19  1.382797508150447E+000  3.504335266289518E+002
     20  1.391486740713813E+000  1.003042220562790E+004
     21  1.374862508328182E+000  1.392633577406948E+003
     22  1.381371432306001E+000  5.493397798427911E+003
     23  1.540033776378408E+000  1.068108947517751E+005
     24  1.493381322818272E+000  8.114698267883989E+004
     25  1.279931907624508E+000  3.287173478454794E+002
     26  1.274653473108851E+000  3.961528249196729E+002
     27  1.395691769560339E+000  7.765045308251974E+004
     28  1.257991193494381E+000  2.639379217787325E+003
     29  1.291477620985941E+000  2.290819972987119E+004
     30  1.230894086346702E+000  1.454289647954487E+003
     31  1.253172747497388E+000  1.950180316859652E+004
     32  1.203244749525461E+000  4.050169103158771E+003
     33  1.203341083329794E+000  4.781367286923069E+003
     34  1.194584843746673E+000  2.467202676997521E+003
     35  1.229414869327673E+000  2.754124949084010E+004
     36  1.193999778278136E+000  7.580379698024837E+003
     37  1.201529448114747E+000  1.369576472425457E+004
     38  1.302854027899096E+000  7.598272858733320E+004
     39  1.181395322540487E+000  4.092409846154476E+003
     40  1.188751605089019E+000  1.229108785285162E+004
     41  1.180507496808470E+000  9.417545501831677E+003
     42  1.169126782715916E+000  5.616287812337962E+003
     43  1.137966847369710E+000  3.087766462255976E+003
     44  1.148918112756354E+000  1.042486018257918E+004
     45  1.125566693396808E+000  3.097325114954737E+003
     46  1.124227543026585E+000  3.578946247501400E+003
     47  1.114882932940661E+000  1.872383233018918E+001
     48  1.126347196278769E+000  9.225762768818104E+003
     49  1.114525518384235E+000  2.412269134550404E+003
     50  1.110100367779404E+000  7.693157828838143E+002
     51  1.118584952259052E+000  6.707280580877318E+003
     52  1.105485373208055E+000  6.905163209990188E+002
     53  1.107378832325044E+000  1.866912146196134E+003
     54  1.133294464548243E+000  1.919399521167398E+004
     55  1.133913812700888E+000  2.924897978007553E+004
     56  1.078184762882569E+000  4.943451575638352E+001
     57  1.102640338658739E+000  2.286004228266253E+004
     58  1.104404069890021E+000  2.480254830859033E+004
     59  1.061201256282511E+000  2.509803568225343E+002
     60  1.135452094700791E+000  4.645032585247541E+004
     61  1.054487001681716E+000  1.343604320026879E+003
     62  1.050591608633502E+000  1.282711751369767E+003
     63  1.047536671910369E+000  4.645024058484717E+002
     64  1.110091473805258E+000  3.965637940017344E+004
     65  1.720067909433941E+000  4.105108331244737E+005
     66  1.045280577450207E+000  5.433724798411092E+003
     67  1.118956805320932E+000  5.349327137671995E+004
     68  1.031180620679559E+000  1.089831519281039E+003
     69  1.031207697552975E+000  1.723442196708000E+003
     70  1.148434319807827E+000  7.728275477441984E+004
     71  1.210684497282002E+000  1.175655514373552E+005
     72  1.016268198783765E+000  1.578801559265082E+003
     73  1.023211547358823E+000  8.243536063143465E+003
     74  1.014984613976192E+000  4.210535419920495E+003
     75  1.003732049388687E+000  6.771345697674078E+002
     76  1.003059672836959E+000  8.125521658881784E+002
     77  1.003992480639449E+000  1.974651846577702E+003
     78  1.002559629853855E+000  2.038493253745697E+003
     79  1.002633193636949E+000  3.280777202714431E+003
     80  1.025055478392538E+000  1.931502775721137E+004
     81  9.953668943979702E-001  1.903807700747748E+003
     82  9.925361217677234E-001  2.258340809860090E+003
     83  9.899443649133228E-001  8.674262539050951E+002
     84  9.884061687159088E-001  9.143134538277895E+002
     85  1.003817510499751E+000  1.304972228726046E+004
     86  1.043260301941301E+000  3.681879960863348E+004
     87  9.749778523157151E-001  2.968590713238029E+002
     88  9.738179145183621E-001  4.850365197200142E+002
     89  9.753567474819577E-001  4.633200285448279E+003
     90  1.039912142542132E+000  4.392173516623954E+004
     91  9.802778791658988E-001  9.775441056516447E+003
     92  9.784563870758172E-001  9.180341595215506E+003
     93  9.631809271278658E-001  1.434323586681900E+003
     94  9.733150099534745E-001  7.745146411855821E+003
     95  9.719539955886936E-001  8.021831508693707E+003
     96  9.609289464798725E-001  1.782097437410853E+003
     97  9.676895825390357E-001  6.390225020927163E+003
     98  9.669355334814691E-001  5.962252141644333E+003
     99  9.558232674525963E-001  3.045209512041853E+002
    100  9.722880115047615E-001  1.045300654876556E+004
    101  9.603908780063782E-001  3.897844535088557E+003
    102  9.499194336150280E-001  3.905074237882569E+003
    103  1.041475759313304E+000  6.267482545771700E+004
    104  9.336012496342526E-001  1.061085026923179E+003
    105  9.360695354194277E-001  5.063590594126479E+003
    106  9.345878460489584E-001  4.329835169479251E+003
    107  9.249481388418604E-001  4.082444334733748E+002
    108  9.507481402269835E-001  1.714564654369836E+004
    109  9.245048402966144E-001  2.396422709287379E+003
    110  9.274786400563366E-001  4.617587685221056E+003
    111  9.273267081546848E-001  5.022409838375556E+003
    112  9.209088298987279E-001  1.520639857599515E+003
    113  9.200547985010912E-001  1.374720580584142E+003
    114  9.880760471564450E-001  4.491649932448601E+004
    115  9.211265469846922E-001  5.711653303397154E+003
    116  9.142102029920492E-001  2.037991646430372E+003
    117  9.158412759524550E-001  4.320808980929923E+003
    118  9.042775784528968E-001  7.117977630209867E+002
    119  9.037311864393882E-001  7.330100414831410E+002
    120  9.080305796182334E-001  4.803930501557133E+003
    121  9.024853663536795E-001  2.095165532156534E+003
    122  8.966679910717189E-001  1.024836936876868E+002
    123  8.961427890264019E-001  5.378545985827119E+002
    124  8.921491258660553E-001  3.476093667572846E+001
    125  9.001743630463446E-001  5.369252290045489E+003
    126  8.937756908165815E-001  2.213477238846720E+003
    127  8.910021784563069E-001  6.650709460065713E+002
    128  8.900714538554317E-001  1.793741585457685E+003
    129  8.858605071356630E-001  2.807826279703856E+001
    130  8.858241347805584E-001  3.324615648217414E+002
    131  8.904868266033019E-001  5.134316066743892E+003
    132  8.821276471459809E-001  4.385391213280218E+002
    133  8.875426462087327E-001  4.390676793285299E+003
    134  8.821182102703303E-001  3.219209554465323E+003
    135  8.778442103965812E-001  1.089458218308811E+003
    136  8.766375732186239E-001  1.427906054503702E+003
    137  8.766796392420080E-001  1.749339078883021E+003
    138  8.777801516475451E-001  3.044199172739603E+003
    139  8.737053924756046E-001  1.189212267819712E+003
    140  8.730042370972667E-001  1.037834244093741E+003
    141  8.712724556497192E-001  7.135463966669995E+002
    142  8.876184737398958E-001  1.222179559532260E+004
    143  8.695937352374924E-001  3.767943549088919E+003
    144  8.717296196120214E-001  5.373031005180238E+003
    145  8.597631969936306E-001  1.237512505360386E+003
    146  8.564990843934602E-001  2.177733430780819E+001
    147  8.545017210437571E-001  5.339382783064773E+002
    148  8.517674462683555E-001  1.345917766647813E+003
    149  8.531685839843177E-001  4.235311413787462E+003
    150  8.371643922236005E-001  1.998107740302753E+003
    151  8.686129075988404E-001  2.108745638958319E+004
    152  8.547332309147729E-001  1.537780184375745E+004
    153  8.301840231465344E-001  3.319616276560364E+003
    154  9.475004266970996E-001  7.444896891968303E+004
    155  8.260930250989297E-001  3.067792178350775E+003
    156  8.219924729002369E-001  1.783169748640064E+003
    157  8.324716911188905E-001  8.591022740563998E+003
    158  8.253486810138223E-001  4.886644091925374E+003
    159  8.175473529222183E-001  4.739338165721285E+002
    160  8.310781597377223E-001  8.687731843415806E+003
    161  8.247886532918410E-001  5.200578715987572E+003
    162  8.165559231979312E-001  3.420463919539986E+002
    163  8.615354619258829E-001  2.837253697748300E+004
    164  8.944989438241137E-001  4.987843565687551E+004
    165  8.571871530196409E-001  3.597721954600220E+004
    166  8.057248131701695E-001  6.166965114188253E+003
    167  7.933950511866024E-001  7.867582007958907E+002
    168  7.880314220470708E-001  1.129032560121487E+003
    169  7.944177152835150E-001  5.420763774909526E+003
    170  7.805600901650525E-001  4.031004369643567E+002
    171  7.772928618165683E-001  7.337699397136254E+002
    172  7.837634898986013E-001  5.237147908898698E+003
    173  7.773735957816097E-001  4.144990762602684E+003
    174  7.710192894462055E-001  2.270815104433763E+003
    175  7.655985656157480E-001  1.851090973382919E+002
    176  7.666590912937024E-001  1.027319746755326E+003
    177  7.682205135306622E-001  2.475967983094380E+003
    178  7.621574517297450E-001  2.757860022347561E+000
    179  7.594799786384189E-001  2.759393457906825E+002
    180  7.677374892372257E-001  6.479755767416555E+003
    181  7.566118904052258E-001  2.870646308657811E+002
    182  7.691825233324308E-001  8.481809735453819E+003
    183  7.626841752339014E-001  5.619196372279062E+003
    184  7.542808244403426E-001  2.649826525780080E+003
    185  7.723688202193562E-001  1.366834610562341E+004
    186  7.587762007428780E-001  6.622278821753972E+003
    187  7.475138264717547E-001  6.611660613279828E+002
    188  7.870132129648247E-001  2.541265299830016E+004
    189  7.438253836927137E-001  4.230770981184318E+002
    190  7.487087162505653E-001  4.068762218619388E+003
    191  7.395977574231057E-001  2.667731117205972E+003
    192  7.381713073876797E-001  1.836396966058071E+003
    193  7.411118255621207E-001  6.322975980080980E+003
    194  7.314141345546662E-001  6.962534173166156E+002
    195  7.365694078953978E-001  5.918114610327079E+003
    196  7.324448697272744E-001  4.067718576763894E+003
    197  7.279685696988738E-001  2.248063285804142E+003
    198  7.483630629485656E-001  1.499597051699195E+004
    199  7.429784834272437E-001  1.213722015886645E+004
    200  7.223425531766741E-001  4.312688413930392E+001
    201  7.251166502714840E-001  1.871632799774531E+003
    202  7.285705294898922E-001  4.119205387273852E+003
    203  7.221125492302711E-001  3.796853979174836E+002
    204  7.231211998982883E-001  1.192182922897599E+003
    205  7.258853430190174E-001  3.145618774509556E+003
    206  7.234437497654707E-001  1.775319218815134E+003
    207  7.335636188854585E-001  8.009618530970153E+003
    208  7.226063893556022E-001  1.600565605999128E+003
    209  7.207375378314829E-001  5.344645327369868E+002
    210  7.216406729512232E-001  1.265747569502407E+003
    211  7.201600495463917E-001  5.833074454210653E+002
    212  7.268117746512125E-001  5.107189662978771E+003
    213  7.197349455306076E-001  1.086572853494601E+003
    214  7.189207078502989E-001  1.038172754271697E+003
    215  7.178526514254807E-001  7.116265688889022E+002
    216  7.167912179215669E-001  2.729520856952086E+002
    217  7.192778043047033E-001  1.791044175300780E+003
    218  7.208259362208320E-001  3.126267381418756E+003
    219  7.155351343833994E-001  2.039962999215776E+002
    220  7.140707482719783E-001  3.314380161484773E+002
    221  7.179705386042937E-001  3.273968255227578E+003
    222  7.148238317002144E-001  1.461038898380737E+003
    223  7.259986556957481E-001  9.603957021056753E+003
    224  7.088971576857199E-001  7.333471020786351E+001
    225  7.083329209926952E-001  1.062896046829630E+002
    226  7.103831663312794E-001  1.814352939119915E+003
    227  7.073911769573693E-001  8.635019577517244E+001
    228  7.060521991958825E-001  3.977030388237440E+001
    229  7.231212882404207E-001  1.263321309848176E+004
    230  7.016926921164165E-001  4.935267350883611E+003
    231  6.895933379614562E-001  1.701790074173152E+003
    232  7.011490745909376E-001  8.820045721626799E+003
    233  6.941246104418224E-001  5.748897307162243E+003
    234  6.842028524128352E-001  6.524645560381111E+002
    235  6.798099986192372E-001  5.903765244970879E+001
    236  6.911506604259825E-001  7.740877497064154E+003
    237  6.805904998707996E-001  1.939198199977858E+003
    238  6.837354211196918E-001  3.934429210196605E+003
    239  6.793757997040645E-001  1.796753356389275E+003
    240  6.810446164043824E-001  3.494134066396426E+003
    241  6.844112979137094E-001  6.253787336543754E+003
    242  6.747265303027505E-001  8.272819901600642E+002
    243  6.721392907282467E-001  1.442517975535831E+002
    244  6.726190959129067E-001  6.968763005978598E+002
    245  6.859688962286818E-001  9.193758482774549E+003
    246  6.682782646756168E-001  3.253935975402666E+003
    247  6.646445906547449E-001  1.318613425558381E+003
    248  7.103243915821028E-001  2.914147975094311E+004
    249  6.630640980956419E-001  5.201426971775592E+003
    250  6.541040816897874E-001  2.075505046735910E+002
    251  6.564426504237953E-001  5.707103367653767E+003
    252  6.440067448136712E-001  9.900724686797103E+001
    253  6.759573456738436E-001  2.080048990908200E+004
    254  6.576478214105663E-001  1.082422183405088E+004
    255  6.552670693554781E-001  1.084086884556920E+004
    256  6.392028998981014E-001  1.538515171501822E+003
    257  6.354529163698219E-001  5.032458029787154E+002
    258  6.489638860756795E-001  9.962571695230730E+003
    259  6.365241061377058E-001  3.520411015334423E+003
    260  6.275837675498487E-001  4.632925664094142E+002
    261  6.268714112526004E-001  9.229129560838333E+002
    262  6.253534320754001E-001  5.094708933893130E+002
    263  6.239993060029825E-001  1.776405750044396E+001
    264  6.279320496321927E-001  2.940818305439974E+003
    265  6.226346520214250E-001  5.837026539144216E+001
    266  6.229351364627089E-001  3.878496756398999E+002
    267  6.225361806490790E-001  2.348536090007065E+002
    268  6.217660599372025E-001  3.112636352742379E+001
    269  6.218303835956661E-001  2.243753969299526E+002
    270  6.217780333295447E-001  3.235985292140705E+002
    271  6.210330217704307E-001  1.709632912124907E+002
    272  6.261891089419978E-001  3.434530386276341E+003
    273  6.214770764342352E-001  7.095528172066106E+002
    274  6.242893712598799E-001  2.406452363263634E+003
    275  6.233832746843628E-001  1.978166437543537E+003
    276  6.203413735104696E-001  4.868229374408297E+002
    277  6.197398261307949E-001  1.659882473011772E+002
    278  6.200376070612237E-001  4.720011371903975E+002
    279  6.230577749327679E-001  2.424472151556221E+003
    280  6.222377215743562E-001  2.035753743448931E+003
    281  6.225484890239674E-001  2.441271496958084E+003
    282  6.264335270982617E-001  5.325046165392942E+003
    283  6.199314460629778E-001  1.373658391133286E+003
    284  6.147483037498948E-001  1.584528911386266E+002
    285  6.159143465218392E-001  9.421161407422518E+002
    286  6.114757681765901E-001  2.189688012963426E+001
    287  6.116598315190686E-001  1.644551815172050E+002
    288  6.115169071683475E-001  2.873598219199620E+003
    289  6.094048061227683E-001  2.710514677179769E+003
    290  6.157632323816044E-001  6.672071712804001E+003
    291  6.229940778627514E-001  1.102368639761530E+004
    292  6.046169669488430E-001  6.239367038458468E+002
    293  6.373172067094182E-001  2.031962691335227E+004
    294  6.116810199593667E-001  5.771447686536477E+003
    295  6.089348498838656E-001  4.268074117389474E+003
    296  6.245355656772761E-001  1.384423836520737E+004
    297  6.384963494101537E-001  2.262760522762141E+004
    298  6.362744483941698E-001  2.273952804239224E+004
    299  6.048972710211674E-001  4.185089960422395E+003
    300  6.344856860769018E-001  2.336193226572175E+004
    301  6.394313364208550E-001  2.702690450330493E+004
    302  5.970254334750535E-001  1.484575580259735E+003
    303  5.946080673948055E-001  2.461389286531972E+003
    304  5.901065260973674E-001  1.353890234892226E+003
    305  5.852692861221311E-001  7.828669431425861E+002
    306  5.890032856861946E-001  3.455553367290662E+003
    307  5.841287667633296E-001  8.509868822103895E+002
    308  5.995783468074367E-001  1.001904611465669E+004
    309  5.839239538373908E-001  1.409494764023257E+003
    310  5.858108029502422E-001  3.097822291978223E+003
    311  5.803915394975874E-001  6.807682309200794E+002
    312  5.811880015633692E-001  1.320810414939865E+003
    313  5.791025697187844E-001  1.856464358195895E+002
    314  5.796304231957158E-001  9.526937934461631E+002
    315  5.779493079905715E-001  1.967374227563284E+002
    316  5.775574936510022E-001  1.624463969380063E+002
    317  5.780813892385298E-001  1.096684021961805E+003
    318  5.846465183253203E-001  5.041400403547895E+003
    319  5.764786422088543E-001  5.749451320417107E+002
    320  5.802044518796028E-001  3.265170772396420E+003
    321  5.769605665539261E-001  1.495591290358383E+003
    322  5.749414646109056E-001  7.059701215539411E+002
    323  5.747447876052075E-001  6.198048518774370E+002
    324  5.752246318892789E-001  1.277540277918418E+003
    325  5.764124268591784E-001  3.917893519810166E+003
    326  5.727851399564415E-001  1.733709047408533E+003
    327  5.731518981065346E-001  2.074140647769305E+003
    328  5.693726525892554E-001  9.634281669902202E+001
    329  5.822788000044485E-001  9.523403147210307E+003
    330  5.908047106515312E-001  1.549625286065725E+004
    331  5.646951727729923E-001  4.199587672551231E+003
    332  5.579611210003730E-001  4.129635162374584E+002
    333  5.586845706459085E-001  2.739020959611246E+003
    334  5.546908261106431E-001  1.073802842714807E+003
    335  5.616191215145895E-001  6.385915585337728E+003
    336  5.450135759194685E-001  1.804637210248113E+003
    337  5.391032908913145E-001  6.627963664667477E+002
    338  5.372084236932092E-001  1.819231550430805E+003
    339  5.235781218759491E-001  5.566941958592503E+002
    340  5.257098147283213E-001  2.302694270637565E+003
    341  5.375628054324232E-001  9.951740411428806E+003
    342  5.189438368880515E-001  1.383798087463173E+002
    343  5.221008979241683E-001  2.560657129121328E+003
    344  5.237993174841244E-001  4.215164321863225E+003
    345  5.133137937509615E-001  2.425465974617469E+002
    346  5.322929467883474E-001  1.180405561018440E+004
    347  5.273056096644559E-001  9.113730725015250E+003
    348  5.157781374258895E-001  5.264504671041082E+003
    349  5.081366830828614E-001  7.511502776677024E+002
    350  5.054605090839879E-001  6.600341908232834E+001
    351  5.066838251535069E-001  1.235699045192753E+003
    352  4.981635590162853E-001  2.358270043058809E+003
    353  4.926664524404699E-001  8.486963579429342E+001
    354  4.919777286604798E-001  1.520852238441418E+002
    355  4.923723865497753E-001  1.172807520023638E+003
    356  4.962473272122202E-001  7.258607112051737E+003
    357  4.860784387284619E-001  2.712394113874736E+003
    358  5.170739231377667E-001  2.176730771427998E+004
    359  4.788595678815262E-001  1.276600570395914E+003
    360  4.678958085325546E-001  1.141967422766257E+003
    361  4.656460523941252E-001  5.984654443442598E+002
    362  4.628746235448064E-001  7.452406979189909E+001
    363  4.621651187629680E-001  5.388630381462296E+000
    364  4.619656764033752E-001  4.279382619864924E+002
    365  4.608220607019380E-001  8.999971105904796E+002
    366  4.593942422785940E-001  1.751369245707417E+002
    367  4.594984056575797E-001  7.568146937378591E+002
    368  4.575058669647355E-001  1.232244521891384E+002
    369  4.568728918794571E-001  2.053656325743449E+002
    370  4.560024771013053E-001  2.559082272114025E+002
    371  4.547330241194477E-001  5.712552994431712E+001
    372  4.547286105455924E-001  2.355657715937014E+002
    373  4.537581930227230E-001  4.532328787128575E+001
    374  4.570871022474174E-001  2.367018057266666E+003
    375  4.531630889525049E-001  1.303087306150673E+002
    376  4.571366590402181E-001  2.525289734005117E+003
    377  4.535911552606395E-001  6.988464786503323E+002
    378  4.569216200909007E-001  5.500757204889936E+003
    379  4.577435215405230E-001  6.114798116554652E+003
    380  4.516777319041756E-001  3.576915976612633E+003
    381  4.486649987308592E-001  1.984835328583227E+003
    382  4.416751966752721E-001  1.478055348341076E+003
    383  4.422688637438299E-001  2.179190588240186E+003
    384  5.352198397565978E-001  5.974790786843793E+004
    385  4.357463615745507E-001  5.866643498669487E+003
    386  4.939767221218696E-001  4.401966012465820E+004
    387  4.245767982020052E-001  8.159085064417057E+003
    388  4.005667330396445E-001  1.235564897330727E+001
    389  4.021892278749348E-001  1.691934384196376E+003
    390  4.294511885343423E-001  1.830258344470214E+004
    391  4.169939700101857E-001  1.129637310096621E+004
    392  4.206534288003490E-001  1.681180700421660E+004
    393  4.304979772186873E-001  3.423458825465444E+004
    394  3.551591467065445E-001  1.169366021790039E+003
    395  3.643790343104742E-001  6.905104027147568E+003
    396  3.536523296289841E-001  1.468431208679425E+003
    397  3.516750700809271E-001  3.494422288168296E+002
    398  3.520278491745461E-001  9.996224055454453E+002
    399  3.534187371276624E-001  1.886177752646440E+003
    400  3.653490673515288E-001  9.383260018592095E+003
    401  3.526297681654001E-001  2.243150146762231E+003
    402  3.626251928036073E-001  9.002435205923763E+003
    403  3.563079900267742E-001  5.999855062458948E+003
    404  3.479240542629374E-001  9.675388865422398E+002
    405  3.551094084711352E-001  5.845034303875386E+003
    406  3.446221039087342E-001  3.893222911315824E+000
    407  3.594201050250369E-001  9.305027222233328E+003
    408  3.421448396068911E-001  3.139430564399534E+001
    409  3.465059547360251E-001  3.286100955093718E+003
    410  3.410863285321794E-001  1.919859031084237E+002
    411  3.423435921125888E-001  1.668643397305052E+003
    412  3.385590582452647E-001  1.758180253903130E+001
    413  3.540436958093796E-001  9.948127826938520E+003
    414  3.387013750537332E-001  7.385082805770634E+002
    415  3.574058832536529E-001  1.212901364360401E+004
    416  3.375675668117635E-001  3.062120678544254E+002
    417  3.377774787813016E-001  1.823303796291993E+003
    418  1.008280995940565E+000  4.084789441770507E+005
    419  3.527650744436550E-001  1.172458041909232E+004
    420  3.317861617477378E-001  3.897284918710168E+002
    421  3.320630758561969E-001  9.301243636832302E+002
    422  3.849793752397168E-001  3.346675432914698E+004
    423  3.590643800656562E-001  1.865976023291400E+004
    424  3.268095902523174E-001  8.205027116344247E+001
    425  4.893309141920915E-001  9.906120171656046E+004
    426  3.504959692314924E-001  1.554071046075631E+004
    427  3.378743131348853E-001  8.292041591083596E+003
    428  3.228497648083637E-001  2.517308886677040E+001
    429  3.226175109002805E-001  8.219303101323628E+001
    430  3.312367146279048E-001  5.255396944820430E+003
    431  3.388650726247673E-001  1.009034968152705E+004
    432  3.217110737973048E-001  9.320439191294749E+001
    433  3.219370882107472E-001  2.990965065336061E+002
    434  3.285339128842553E-001  4.485902094106213E+003
    435  3.209847466552084E-001  2.156068150645704E+002
    436  3.422769554255332E-001  1.299746752315769E+004
    437  3.199173436561645E-001  7.838293903450170E+001
    438  3.495245255286445E-001  1.772447201588917E+004
    439  3.182926260210792E-001  1.146912991960018E+001
    440  3.221426999034996E-001  2.814647086862125E+003
    441  3.165350041081338E-001  2.690790167834786E+002
    442  3.172262490318024E-001  8.548398548581484E+002
    443  3.147023211276183E-001  4.535247744238657E+000
    444  3.140113282313941E-001  1.193906699070434E+003
    445  3.313191733750111E-001  1.229187154529908E+004
    446  3.151473760829281E-001  2.876925668112142E+003
    447  3.068727192784955E-001  1.057441276837549E+002
    448  3.068708885408767E-001  9.759956635538852E+002
    449  3.075040040036275E-001  1.784793741851916E+003
    450  3.100030147598961E-001  3.779048663792628E+003
    451  3.050766899942925E-001  1.117938497409139E+003
    452  3.107869168098893E-001  4.834152444205808E+003
    453  3.157340021007529E-001  7.852485397554226E+003
    454  3.157601517922276E-001  8.995680840913081E+003
    455  3.007364562354679E-001  3.668108546488467E+002
    456  3.058697954590460E-001  3.470203307980533E+003
    457  2.992210998022404E-001  1.794550187177927E+002
    458  3.017724631709157E-001  2.323325983073809E+003
    459  3.000042093888584E-001  2.247632275390249E+003
    460  2.969383096143394E-001  1.801594564992889E+003
    461  2.930614251110452E-001  1.226109477039944E+002
    462  3.072923664368674E-001  8.658496570526700E+003
    463  2.923960050043305E-001  1.973823281615273E+002
    464  3.007168946915378E-001  5.178489552942915E+003
    465  2.920497405694930E-001  2.704649340585615E+002
    466  2.945256325328404E-001  1.933363086580571E+003
    467  2.935054460906020E-001  1.407379993319813E+003
    468  2.942413848737135E-001  1.854167813258498E+003
    469  2.906313149754061E-001  1.085302612136296E+002
    470  2.908319529588720E-001  3.267066780491035E+002
    471  2.905694285488341E-001  2.244203885241699E+002
    472  2.974723610127602E-001  4.329659481534031E+003
    473  2.902206563522030E-001  2.945649130766308E+002
    474  3.076418960085838E-001  1.064808611789986E+004
    475  2.906336987874049E-001  8.805134820820718E+002
    476  2.890372913994249E-001  1.228849558082029E+002
    477  2.917573846626018E-001  1.800365196886449E+003
    478  2.889637677511663E-001  4.231076268234885E+002
    479  2.993202701658050E-001  6.889264970446275E+003
    480  2.895707874598205E-001  1.169208976277927E+003
    481  2.879184484519761E-001  3.195042425916217E+002
    482  2.890151409888263E-001  1.014395597478448E+003
    483  2.904814166790303E-001  2.008541574140601E+003
    484  2.873073726973692E-001  2.374567925533087E+002
    485  2.917324421383034E-001  3.001940670477672E+003
    486  2.880915241032774E-001  9.089763642936477E+002
    487  2.891886998176445E-001  1.699597816799883E+003
    488  2.861507100410490E-001  8.334137391541132E+001
    489  2.876354097521594E-001  1.095483945507591E+003
    490  2.855037133575865E-001  4.762063432549844E+000
    491  2.867567667876907E-001  1.121596632620868E+003
    492  2.948495059760390E-001  6.207351315702923E+003
    493  2.844235693029550E-001  1.993229664638740E+003
    494  2.834394770135839E-001  1.480840151313946E+003
    495  2.831934660734324E-001  2.012088914841303E+003
    496  2.792885870229109E-001  3.877289003483017E+001
    497  2.813484610268213E-001  1.636052544853898E+003
    498  2.781903551336905E-001  8.990339796161533E+002
    499  2.762991183256591E-001  2.263585869810254E+000
    500  2.777502695004309E-001  1.193156801481151E+003
    501  2.749244858855049E-001  1.896863950232350E+000
    502  2.754977965028336E-001  7.530550454962100E+002
    503  2.780098683406867E-001  3.803080881946947E+003
    504  2.768363345639995E-001  3.688574041379336E+003
    505  2.716712949371631E-001  1.399128286313732E+003
    506  2.691299838408706E-001  6.312324876262257E+001
    507  2.779134124270019E-001  5.525846166902014E+003
    508  2.684167260167750E-001  9.661655730135057E+001
    509  2.680476757117742E-001  4.707511673744494E+001
    510  2.725074401251529E-001  2.779107140709688E+003
    511  2.680598486743586E-001  2.429829021984200E+002
    512  2.734002492468918E-001  3.520150312413703E+003
    513  2.676330829878287E-001  1.620035783025737E+002
    514  2.692964135664550E-001  1.170792256042679E+003
    515  2.683870890309799E-001  6.934547110486909E+002
    516  2.680650996077159E-001  5.853878710606856E+002
    517  2.678281110265752E-001  5.097246324816212E+002
    518  2.691315376020293E-001  1.291517904170925E+003
    519  2.689148984089271E-001  1.172306542232165E+003
    520  2.668775192444728E-001  1.072249396050226E+001
    521  2.677848800357236E-001  7.145802498439408E+002
    522  2.610538335285373E-001  1.834199914474137E+002
    523  2.616594370224534E-001  8.173617129995934E+002
    524  2.648113961297157E-001  2.753720500868092E+003
    525  2.603495900535528E-001  3.681076501964931E+002
    526  2.600266971360211E-001  3.756907549237251E+002
    527  2.607856714435376E-001  1.083240333293991E+003
    528  2.598754753276974E-001  5.926626088349562E+002
    529  2.592992119824511E-001  3.220154464349978E+002
    530  2.586194020662287E-001  2.467810833930189E+003
    531  2.613833947657098E-001  4.845474657198572E+003
    532  2.528094428785785E-001  6.207142607280672E+002
    533  2.495305779549441E-001  7.971568733202271E+002
    534  2.484891023682880E-001  5.912439417350066E+002
    535  2.362957009771761E-001  2.844963003064341E+004
    536  2.082757245091237E-001  1.238833468262746E+004
    537  2.830159956850380E-001  5.953494685545706E+004
    538  1.444197652364514E-001  1.534533128467807E+004
    539  1.664354068447906E-001  4.906616104435688E+004
    540  8.813084646740046E-002  4.534442103295148E+003
    541  8.115871349239287E-002  4.670233171087462E+002
    542  8.140539136466891E-002  7.363319656285215E+002
    543  8.185538233523131E-002  1.627199142709949E+003
    544  1.458126015104842E-001  4.174113716871125E+004
    545  7.840954053872709E-002  1.175304008785793E+003
    546  1.773659363016779E-001  6.102975944682942E+004
    547  1.415212902807969E+000  8.095494749143339E+005
    548  7.942142322477029E-002  2.087756151895008E+003
    549  1.382578634753596E-001  3.801131425799011E+004
    550  8.399475109600098E-002  5.194271259569731E+003
    551  1.687496344663504E-001  5.662314113720110E+004
    552  1.983894668078056E-001  7.466641317590870E+004
    553  8.300419598234422E-002  4.843396485078396E+003
    554  1.221064726174645E-001  2.886786871007317E+004
    555  7.524494620095031E-002  6.080332088645550E+002
    556  7.390205817389646E-002  2.353864381757794E+002
    557  7.969076972659017E-002  3.735872026190611E+003
    558  7.384336756629248E-002  3.393497941755339E+002
    559  7.698468158640104E-002  2.228176388976849E+003
    560  7.568960974464461E-002  1.836971875331708E+003
    561  7.288758420348025E-002  1.914454475318179E+002
    562  7.320183533035313E-002  4.217940357101135E+002
    563  2.560413918506230E-001  1.107804836306389E+005
    564  7.818948303892928E-002  3.571078278839467E+003
    565  7.323379566163800E-002  6.434604700171585E+002
    566  3.559257019826665E-001  1.716455496167848E+005
    567  7.251009203204233E-002  3.645720310753752E+002
    568  7.538797734243552E-002  2.398204422292269E+003
    569  7.162317760582369E-002  1.658127077661352E+002
    570  9.480990268851236E-002  1.423380025823165E+004
    571  7.200950820415634E-002  6.031284121726809E+002
    572  7.495721776021234E-002  2.455708138034146E+003
    573  7.242653280923582E-002  9.444475047443904E+002
    574  7.085329837656437E-002  5.901767433120555E+001
    575  7.944646701914995E-002  5.293091319258525E+003
    576  7.746859829772264E-002  4.197586461800379E+003
    577  7.133887266984859E-002  4.905198175897211E+002
    578  7.082850051099630E-002  2.301519335008249E+002
    579  7.064597962841444E-002  1.340850947250560E+002
    580  7.427183126686739E-002  2.324349980180783E+003
    581  7.036014775414709E-002  3.005643773463403E+000
    582  7.221914207386866E-002  1.197452494797211E+003
    583  7.062540502015142E-002  2.973871311256912E+002
    584  7.077111622811640E-002  5.112634748129065E+002
    585  7.144581466807501E-002  9.455846171225716E+002
    586  6.995920913595366E-002  1.357860840071507E+002
    587  7.037920091702485E-002  3.964978010261075E+002
    588  8.115705884863716E-002  6.860366504852004E+003
    589  7.011796456100312E-002  3.267743634546010E+002
    590  6.965060534314833E-002  5.973149337123980E+001
    591  6.960703557882615E-002  1.008362172443591E+002
    592  7.291851580717296E-002  2.062603055069630E+003
    593  7.183760575640126E-002  1.494992691925887E+003
    594  6.982149970450746E-002  3.781751884286636E+002
    595  6.952593372202065E-002  2.522236033930849E+002
    596  6.944447317109674E-002  2.684315251659623E+002
    597  6.915044557680515E-002  9.506624441388279E+001
    598  6.887333116084737E-002  1.131074397854296E+001
    599  7.029919603238573E-002  8.851828729754880E+002
    600  6.905226062481584E-002  2.402464580528715E+002
    601  6.879811563114487E-002  9.460167746096080E+001
    602  7.145029631309058E-002  1.684576984224942E+003
    603  6.862656044202795E-002  2.007777453540118E+001
    604  7.121276951864447E-002  1.618787175232469E+003
    605  6.924391273851958E-002  5.057165274051352E+002
    606  6.837217258501017E-002  9.795482927694337E+000
    607  6.862151892547348E-002  1.613643582168795E+002
    608  6.848774268047830E-002  1.421229561298040E+002
    609  6.919524297790852E-002  5.837959211924125E+002
    610  6.864620465950688E-002  2.643557613431289E+002
    611  6.841998314253372E-002  1.324334397151664E+002
    612  6.816244063616776E-002  4.677596661001027E+000
    613  7.139095465823633E-002  1.988328889468145E+003
    614  6.808205360150876E-002  3.012834229870316E+001
    615  6.891191852323729E-002  5.381988457732617E+002
    616  6.848845586994880E-002  3.206078640402599E+002
    617  6.855210393060893E-002  3.694282366099044E+002
    618  6.951286636578094E-002  1.051232450915910E+003
    619  6.782198741209566E-002  6.948016596715162E+001
    620  6.762741223319098E-002  6.280107226742229E-001
    621  6.836880137932505E-002  4.577880523432515E+002
    622  6.794014253878675E-002  2.274685032384150E+002
    623  6.805377917971048E-002  3.196572148128296E+002
    624  6.790900799461419E-002  2.634594130887696E+002
    625  6.753786576472665E-002  7.723977918758793E+001
    626  6.751775303326860E-002  9.865547469900177E+001
    627  6.743143396592799E-002  6.614232759743139E+001
    628  6.722766540892931E-002  1.361354175039499E+001
    629  6.713340336415571E-002  4.823256141033691E+000
    630  6.729636763610054E-002  1.048392895188332E+002
    631  6.717862038779558E-002  4.841133541255249E+001
    632  6.819524256589396E-002  6.624830324463609E+002
    633  6.731499294163866E-002  1.515462987242156E+002
    634  6.717241214855856E-002  1.027277389957051E+002
    635  6.737255520733995E-002  2.529851276813465E+002
    636  6.746945458927112E-002  3.148425615212580E+002
    637  6.705314487824827E-002  9.416553637257631E+001
    638  6.689624122533237E-002  8.591246230246673E+000
    639  6.764698083342215E-002  4.731310009652093E+002
    640  6.692313567067952E-002  5.266867839814542E+001
    641  6.715433924326307E-002  2.043884869346853E+002
    642  6.688691449188067E-002  6.622999604664443E+001
    643  6.727656955236437E-002  3.159858261749878E+002
    644  6.678440899990117E-002  4.252612417249403E+001
    645  6.696388386291170E-002  1.552620800495910E+002
    646  6.685348031615887E-002  1.210054744213444E+002
    647  6.662313613530770E-002  3.540320822672881E-001
    648  6.669181688644794E-002  5.533344193561553E+001
    649  6.693577244193630E-002  2.234760374128508E+002
    650  6.667005872387963E-002  1.193694781072599E+002
    651  6.654870429067188E-002  5.573639753668468E+001
    652  6.633394517520289E-002  1.759806744803873E-001
    653  6.633586980539387E-002  1.455243248216011E+001
    654  6.703678727065301E-002  5.176769867428487E+002
    655  6.649122523747031E-002  2.326545414367804E+002
    656  6.641933804664153E-002  2.232233404601501E+002
    657  6.611810642870013E-002  7.333209485641491E+001
    658  6.699425219841537E-002  6.034237978855205E+002
    659  6.660443568197480E-002  4.113275434566897E+002
    660  6.587637977370088E-002  6.216477922786848E+001
    661  6.663913416501586E-002  5.234229803082504E+002
    662  6.573664414116696E-002  1.820987329271034E+001
    663  6.694659462058798E-002  8.507626637818840E+002
    664  6.548551472047108E-002  3.445168399774358E+001
    665  6.551913610229430E-002  8.988542491446110E+001
    666  6.592871062611493E-002  4.112727799677062E+002
    667  6.614572678305017E-002  6.804228245403395E+002
    668  6.505748247986637E-002  4.192961906762440E+001
    669  6.625029167558072E-002  8.134801188622599E+002
    670  6.512506632288875E-002  1.743540163865848E+002
    671  6.481332754584142E-002  1.150557910924490E+002
    672  6.517562217017199E-002  3.437223931004060E+002
    673  6.475863679894554E-002  1.493009904527999E+002
    674  6.499206820200794E-002  3.489624457983696E+002
    675  6.446773242888365E-002  6.332873245137605E+001
    676  6.439552761420674E-002  1.279062994728845E+002
    677  6.408278007384335E-002  5.982810698835896E+001
    678  6.491372834184629E-002  6.810418181350533E+002
    679  6.372863081785292E-002  7.507129094669530E+001
    680  6.625999442486828E-002  1.615883495056836E+003
    681  6.463292125080568E-002  6.981114169193156E+002
    682  6.366894760532867E-002  1.943641869123406E+002
    683  6.400056827044552E-002  3.907553491067301E+002
    684  6.361031572967327E-002  1.860384452019740E+002
    685  6.337479078383677E-002  5.938904573981239E+001
    686  6.421209770375119E-002  5.645271772556739E+002
    687  6.447786846935828E-002  7.352033279123957E+002
    688  6.324471122544527E-002  2.658231455943125E+001
    689  6.409054953799201E-002  5.630938684994086E+002
    690  6.380688607640013E-002  4.506438283885344E+002
    691  6.434579827840226E-002  8.050873752437418E+002
    692  6.298067316141927E-002  5.221465042542110E+000
    693  6.296100719238400E-002  1.465910617568341E+001
    694  6.531552697818910E-002  1.407850888579560E+003
    695  6.320184570134714E-002  1.815053148659617E+002
    696  6.286156906194262E-002  4.827703755587786E+001
    697  6.472597487089854E-002  1.160954498584129E+003
    698  6.699143502937378E-002  2.530095932962246E+003
    699  6.275719206491170E-002  5.126195593293182E+001
    700  6.339080979332458E-002  4.747347786026526E+002
    701  6.252526144996193E-002  3.404811102699243E+000
    702  6.294050796453296E-002  2.664619199316389E+002
    703  6.245142108631153E-002  3.073903864960043E+001
    704  6.228260654288776E-002  2.875133727845780E+000
    705  6.220279310940943E-002  3.508033723966923E+001
    706  6.269405437359256E-002  4.010598063103953E+002
    707  6.198090502150960E-002  6.373918999460570E+001
    708  6.375130810598845E-002  1.124008245844302E+003
    709  6.195825148826316E-002  1.005647643383145E+002
    710  6.358162820723054E-002  1.068294943690054E+003
    711  6.168901014468371E-002  2.332620856383485E+001
    712  6.385386373419180E-002  1.363881433700518E+003
    713  6.188977097749647E-002  2.369700695870694E+002
    714  6.154653610090905E-002  4.108883894032571E+001
    715  6.150225718365235E-002  4.002938407533172E+001
    716  6.290659625644011E-002  8.871325723864043E+002
    717  6.267425505305753E-002  8.089182074336804E+002
    718  6.124241644615700E-002  1.762494938449501E+000
    719  6.242448385088734E-002  7.103651109661129E+002
    720  6.105487919546454E-002  7.076575718382720E+000
    721  6.127516265688500E-002  1.774908160148566E+002
    722  6.102895099559345E-002  4.048858308019946E+001
    723  6.092597810393316E-002  4.133310155413853E+000
    724  6.146787956898690E-002  3.460912000673370E+002
    725  6.628417045158796E-002  3.197895493850738E+003
    726  6.076638792098825E-002  1.006642955336192E+001
    727  6.211138543786660E-002  8.559930473427544E+002
    728  6.067811268180111E-002  1.924812627927374E+001
    729  6.065291607428173E-002  1.980766578620237E+001
    730  6.134405842006723E-002  4.872321904781881E+002
    731  6.088040584026870E-002  2.243999794076952E+002
    732  6.061376766368797E-002  6.928138655392524E+001
    733  6.083809211601913E-002  2.399089473935477E+002
    734  6.043380193609013E-002  1.612909537478232E+000
    735  6.041880781183879E-002  1.171159183236026E+001
    736  6.036084481240112E-002  4.140546857544479E+000
    737  6.045911217813991E-002  6.387792556651952E+001
    738  6.071571118887257E-002  2.679919104203634E+002
    739  6.029866950710153E-002  2.222443168443440E+001
    740  6.026500996419386E-002  3.351307121580559E+000
    741  6.152727676264162E-002  7.569933717444642E+002
    742  6.118492345525253E-002  5.754139439500597E+002
    743  6.018695001486239E-002  1.227244419542733E+000
    744  6.024694049435129E-002  9.638603927743814E+001
    745  6.117790480821539E-002  6.632683505890342E+002
    746  6.026102271869770E-002  1.803115343125594E+002
    747  5.997074780791035E-002  1.572852453417201E+001
    748  6.009655739389049E-002  1.124155138721829E+002
    749  6.054405639232768E-002  4.151725879820409E+002
    750  5.983556198042689E-002  8.135125427997862E+000
    751  6.001114803809392E-002  1.472760306308864E+002
    752  5.968882654166210E-002  1.825602892346280E+000
    753  5.960659475860548E-002  7.996893149298361E+000
    754  5.964611161667945E-002  4.468623848257994E+001
    755  6.001139702528054E-002  2.607657639013951E+002
    756  5.999585727939004E-002  2.984039910597841E+002
    757  5.990657983934230E-002  2.883553026942287E+002
    758  5.940934642627396E-002  3.864054149074837E+001
    759  5.925651963934515E-002  2.158149992736659E+000
    760  5.938080921656508E-002  1.822862533430193E+002
    761  5.906747822607218E-002  3.210766438823735E+001
    762  5.959970808269258E-002  3.946176443201784E+002
    763  5.955456421696181E-002  5.640669668636154E+002
    764  5.855346489686725E-002  3.258018662468429E+001
    765  6.126732881884685E-002  1.707004446166453E+003
    766  5.836911608164810E-002  2.040196576981299E+001
    767  5.816807493815058E-002  3.865168624290503E+001
    768  6.082614035589853E-002  1.698171261240175E+003
    769  5.921233072170823E-002  8.115247634670754E+002
    770  5.790269151124047E-002  5.451737498549306E+001
    771  5.815643780854354E-002  2.841778130573700E+002
    772  5.923917666463855E-002  1.099806471367000E+003
    773  5.713971537178403E-002  3.574722731906931E+000
    774  5.818060563073289E-002  7.470515626851643E+002
    775  5.661586837428929E-002  1.960253573355007E+000
    776  5.647668585893437E-002  1.787310777999098E+001
    777  5.987156750055211E-002  2.032433843052690E+003
    778  5.901476888459751E-002  1.756272537424508E+003
    779  5.606561920709748E-002  1.647916816260965E+001
    780  5.649884638060376E-002  2.936901554184664E+002
    781  5.587215834855803E-002  6.109416940250156E+001
    782  5.582017530377289E-002  8.833064969716651E+001
    783  5.938535020561696E-002  2.209753278794758E+003
    784  5.740591275601993E-002  1.071533932256520E+003
    785  5.938452536404492E-002  2.266127917254653E+003
    786  5.559301643069622E-002  4.282856983492767E+001
    787  5.565954915409434E-002  1.177491284463606E+002
    788  5.540251738006608E-002  1.012122361030807E+001
    789  5.605709807102660E-002  4.262319763623888E+002
    790  5.546180386751490E-002  9.377770854204145E+001
    791  5.694895414099128E-002  9.929839343101490E+002
    792  5.529219112380499E-002  3.171982636765401E+001
    793  5.572158125727034E-002  3.182283759961015E+002
    794  5.522310739523745E-002  5.459805393490542E+001
    795  5.593387998239156E-002  4.852438689433516E+002
    796  5.524692956691385E-002  1.640488813622037E+002
    797  5.513012923442632E-002  1.670496550993109E+002
    798  5.485741998372093E-002  6.158580472091884E+000
    799  5.563173989619467E-002  5.003088638360027E+002
    800  5.498901645758960E-002  1.371353280101104E+002
    801  5.467646090842338E-002  1.601651306637991E+000
    802  5.557683382396984E-002  5.902328760403492E+002
    803  5.476316746138903E-002  1.862859645887844E+002
    804  5.451903719834259E-002  7.416095995652329E+001
    805  5.426560331699555E-002  2.101407942235501E+001
    806  5.416912009434609E-002  3.398990843039611E+000
    807  5.539788088669564E-002  7.512718632388704E+002
    808  5.437335492276030E-002  1.708678749103253E+002
    809  5.389286413495629E-002  4.384430393442383E+001
    810  5.571091850429287E-002  1.137487026343578E+003
    811  5.370730188086198E-002  6.472302397381553E+000
    812  5.404811573251914E-002  2.381225935472906E+002
    813  5.638183688376121E-002  1.673074977973469E+003
    814  5.349849093052350E-002  5.359671380043847E+000
    815  5.357940198044235E-002  7.789968670874542E+001
    816  5.614563494888081E-002  1.588916008753765E+003
    817  5.449868460681635E-002  6.943067540223196E+002
    818  5.328444040500126E-002  1.714685999812394E+001
    819  5.320662347601253E-002  5.875990038469589E+000
    820  5.363910359919363E-002  3.092835230180274E+002
    821  5.386331747745311E-002  4.477721807942980E+002
    822  5.353112427556477E-002  2.624060077026786E+002
    823  5.308153631164782E-002  6.174332551588527E-001
    824  5.351311105726168E-002  2.917969766499357E+002
    825  5.371260726246034E-002  4.334980822704981E+002
    826  5.397105376548167E-002  6.171115323876638E+002
    827  5.317792639770544E-002  1.821875065778751E+002
    828  5.288548441637723E-002  2.780011942440809E+001
    829  5.295864948166389E-002  9.551080065284771E+001
    830  5.280832111828521E-002  8.251031941787385E+000
    831  5.325683112315007E-002  3.107066081261672E+002
    832  5.316442664517169E-002  2.792742303043999E+002
    833  5.265523055065564E-002  1.330251059693822E+000
    834  5.264309538865458E-002  1.114798656632607E+001
    835  5.313643119762244E-002  3.122763836436391E+002
    836  5.354612254205188E-002  6.409420661247638E+002
    837  5.247236072378764E-002  6.730119825244905E+000
    838  5.270599214018475E-002  1.671053002783158E+002
    839  5.239174024068179E-002  1.226006936671195E+001
    840  5.220157072567422E-002  8.400379997996438E-001
    841  5.215470062983864E-002  3.996324561794007E+000
    842  5.350620504745160E-002  8.262521190875236E+002
    843  5.230986326370209E-002  1.788870425531924E+002
    844  5.308284845922110E-002  7.443337186846002E+002
    845  5.188899315331934E-002  6.846131387826564E+001
    846  5.172232762264837E-002  5.238292840223655E+001
    847  5.243660616244920E-002  4.794494352594697E+002
    848  5.348720351298642E-002  1.248615034879703E+003
    849  5.132771803923795E-002  4.885077089638102E+001
    850  5.096495799971621E-002  1.837003408124397E+000
    851  5.137616780145450E-002  2.819002344301685E+002
    852  5.095835847635828E-002  5.286886046672941E+001
    853  5.101136833186572E-002  1.347707816409813E+002
    854  5.133809646758392E-002  4.069164593302417E+002
    855  5.100619171705979E-002  3.213485725210645E+002
    856  5.046169064835440E-002  6.440342261597405E+000
    857  5.038428035533479E-002  6.143148887782814E+000
    858  5.101370307583295E-002  3.823705067613931E+002
    859  5.040464793456799E-002  2.985228023784363E+001
    860  5.062223037315042E-002  1.964295439283117E+002
    861  5.029846494218645E-002  6.398989487548445E+000
    862  5.029389723551809E-002  6.117002020748436E+001
    863  5.050519813098688E-002  2.203993839064359E+002
    864  5.008455689947690E-002  1.694467423234166E+000
    865  5.031472156167330E-002  1.445438035877696E+002
    866  5.101873636008281E-002  8.342137289952781E+002
    867  4.952822011537099E-002  8.603865733087060E+000
    868  5.012038965331054E-002  4.028107407919943E+002
    869  4.924828480252858E-002  2.490162998373348E+000
    870  5.350068058546418E-002  2.678345347925322E+003
    871  4.920976132799180E-002  2.251407349007298E+002
    872  4.878377728301758E-002  8.269055997323868E-001
    873  4.908471697058338E-002  2.121558098348995E+002
    874  4.859650581451993E-002  3.200499403218114E+000
    875  4.958715129377958E-002  5.976751405043169E+002
    876  4.849772825937326E-002  1.205938711716309E+001
    877  4.962567492365982E-002  7.022604679483039E+002
    878  4.834408059776295E-002  1.405120562409476E+001
    879  4.844117065773872E-002  7.907052776958619E+001
    880  4.856244746946812E-002  2.425625041580167E+002
    881  4.787892489709685E-002  3.587646505084337E-001
    882  4.782132422394684E-002  1.223706389291580E+001
    883  4.787397246616650E-002  5.971476546276755E+001
    884  4.805273273512808E-002  1.720159624626467E+002
    885  4.764290124611147E-002  4.251757902787786E-002
    886  4.861020292063540E-002  6.199933490464283E+002
    887  4.820291075630884E-002  4.368862023009721E+002
    888  4.747338045571601E-002  1.528467192217842E+001
    889  4.673200906246534E-002  5.481299357468100E-001
    890  4.710636197772503E-002  3.077777460202081E+002
    891  4.657808473232340E-002  1.282186382250374E+000
    892  4.741791459717565E-002  5.604650194622207E+002
    893  4.621519843496379E-002  4.740378098988295E+001
    894  4.629066910276128E-002  1.637072397388714E+002
    895  4.625056598713734E-002  5.004796195314402E+002
    896  4.570248803381494E-002  1.837741027594937E+002
    897  4.792073691466824E-002  1.591777431520948E+003
    898  4.678227587313875E-002  1.132557924480847E+003
    899  4.521922948428506E-002  3.113313948833332E+002
    900  4.442637291667490E-002  1.144447193707680E+001
    901  4.374544423706581E-002  3.146878354091069E+001
    902  4.484472370097931E-002  7.143386180643603E+002
    903  4.418634093522414E-002  5.015009616032533E+002
    904  4.322793668492057E-002  3.673406048626502E+000
    905  4.539719644607344E-002  1.465875369514205E+003
    906  4.284280678722096E-002  7.183779241411209E+000
    907  4.317188234721989E-002  2.633002987985791E+002
    908  4.260451291279324E-002  3.384762474160831E+001
    909  4.338699501430220E-002  5.165293861689871E+002
    910  4.257678036758020E-002  1.531368810433234E+002
    911  4.608049136950975E-002  2.269921332833666E+003
    912  4.215563611790937E-002  8.847704865988341E+000
    913  4.211027589702994E-002  4.737801042941064E+001
    914  4.199201677040015E-002  2.083668019721694E+000
    915  4.205169683212454E-002  5.723995513029846E+001
    916  4.219827850352155E-002  1.582112500457310E+002
    917  4.222543706339950E-002  2.218116570097321E+002
    918  4.236668781170456E-002  3.841853768062918E+002
    919  4.210370247157976E-002  2.878950617813383E+002
    920  4.154087449354978E-002  2.292766854334636E+001
    921  4.158129183400651E-002  8.675024187019774E+001
    922  4.146869268976882E-002  8.198923182346722E+001
    923  4.145928550134738E-002  8.092120739236225E+001
    924  4.299485838832796E-002  1.003809309007754E+003
    925  4.117827373454848E-002  1.668833958655694E+001
    926  4.299509162782065E-002  1.169628384887235E+003
    927  4.106662716291951E-002  9.219878061498291E+001
    928  4.361578221927317E-002  1.636312639293671E+003
    929  4.402827430573308E-002  1.912348009219096E+003
    930  4.445734509057356E-002  2.181490356029284E+003
    931  4.079563951890343E-002  3.527761700582223E+001
    932  4.107274764421832E-002  2.083872849719431E+002
    933  4.076186707024896E-002  2.879421944122221E+001
    934  4.170616555968201E-002  6.525272876574927E+002
    935  4.057651139707467E-002  1.506410371077763E+001
    936  4.042317826247221E-002  1.839091055968638E+001
    937  4.379170475408097E-002  2.014486128574548E+003
    938  4.070162385920331E-002  2.009456567841258E+002
    939  4.034467868401977E-002  2.453971551425908E+001
    940  4.090680876926445E-002  3.761403553779209E+002
    941  4.026990336142417E-002  8.372386755569822E+000
    942  4.063469735752192E-002  2.643276641534781E+002
    943  4.025022919090598E-002  6.085006301607851E+001
    944  4.054608584280987E-002  2.382512694472260E+002
    945  4.049952037610786E-002  2.515116287983913E+002
    946  4.005494862950222E-002  4.553735062293815E+000
    947  4.167029725373844E-002  1.007593210272844E+003
    948  4.039267553822265E-002  2.890778748620478E+002
    949  3.995472605399169E-002  4.837196414613864E+001
    950  4.028021238513025E-002  2.762103812038943E+002
    951  3.977982340606379E-002  2.503129122116537E+001
    952  4.111961103355088E-002  8.204116750042311E+002
    953  3.972437555880660E-002  3.644565180383521E+001
    954  4.143042453713110E-002  1.044247566298405E+003
    955  4.029369561473119E-002  3.838256522113180E+002
    956  3.964503255176278E-002  3.732302786420207E+000
    957  3.966411636884445E-002  2.478202307266039E+001
    958  4.016196346107972E-002  3.247848875378637E+002
    959  3.959255608408489E-002  8.071448964243647E+000
    960  3.995440170510499E-002  2.257438314734012E+002
    961  3.959439598480374E-002  2.074867359653683E+001
    962  3.996930488744467E-002  2.661191416138742E+002
    963  3.962618725391519E-002  7.985807609554851E+001
    964  4.039517644000714E-002  5.546383345452750E+002
    965  3.932633249385569E-002  1.205052228791071E+000
    966  4.129992691228292E-002  1.227823106753194E+003
    967  3.969803847053750E-002  3.264194780352417E+002
    968  3.971829011296393E-002  3.453699191388337E+002
    969  3.910700634720889E-002  3.376616119631933E+000
    970  4.063861206432900E-002  9.279698600736023E+002
    971  3.901684580056562E-002  3.752273162854475E+000
    972  3.932103653726418E-002  2.063713492435419E+002
    973  4.168482115362503E-002  1.667288535521368E+003
    974  3.889359387737124E-002  8.992338299844684E+000
    975  3.906267554436724E-002  1.145236343939058E+002
    976  3.910046678556769E-002  1.842704649331131E+002
    977  3.897797665036105E-002  1.248010542016766E+002
    978  3.878944411692407E-002  3.102974705889134E+001
    979  3.972718116126119E-002  6.103338140812004E+002
    980  3.870314829611592E-002  1.354075737492863E+001
    981  3.967355012342223E-002  6.087904015395189E+002
    982  3.865917110736667E-002  4.297554730174235E+001
    983  3.880867234415396E-002  1.596536926536463E+002
    984  3.884970043734190E-002  1.875206975823943E+002
    985  3.851932831086587E-002  3.383969957101901E+001
    986  3.864475207426788E-002  1.266034650688647E+002
    987  3.841687540616318E-002  1.889815993600321E+001
    988  3.856957946969011E-002  1.091622792514594E+002
    989  3.928174603464139E-002  6.257576942346142E+002
    990  3.824653152063119E-002  4.018406286358636E+001
    991  4.069349792200987E-002  1.544680010020235E+003
    992  3.941403853699952E-002  8.519483407195694E+002
    993  3.795201448046987E-002  7.360705320544707E+000
    994  3.802492044498225E-002  6.652987856226514E+001
    995  3.956605316614607E-002  1.036964680019270E+003
    996  3.783371438021943E-002  2.577114420317166E+000
    997  3.923123800449897E-002  8.388505808687529E+002
    998  4.186258777865091E-002  2.429784739436097E+003
    999  3.777751447564326E-002  4.724178628162965E+000
   1000  3.983887216327705E-002  1.221175267417345E+003
   1001  4.196629187046016E-002  2.523154082001180E+003
   1002  3.778388130092179E-002  4.545512711790565E+001
   1003  3.765056133548599E-002  1.548080246103416E+001
   1004  3.775693064584285E-002  8.205760225697240E+001
   1005  3.826917891064386E-002  3.901433060644748E+002
   1006  4.165672868573229E-002  2.424597028707614E+003
   1007  3.751404284362321E-002  3.607124799716393E+000
   1008  3.949497516901242E-002  1.184566911903398E+003
   1009  3.973988954118534E-002  1.361903483915840E+003
   1010  3.745178738760645E-002  3.650868178873461E+001
   1011  3.855277846273208E-002  7.193733970494678E+002
   1012  3.734946798125070E-002  1.706288407960393E+001
   1013  3.775931811936008E-002  2.787820802639233E+002
   1014  3.800139797429326E-002  4.501525116440154E+002
   1015  3.724318693674105E-002  2.325362544191779E+000
   1016  3.842886036103917E-002  7.093240602262889E+002
   1017  3.728634431280967E-002  4.789615357120595E+001
   1018  3.861330234417555E-002  8.599871326452768E+002
   1019  3.712561527433940E-002  3.214948272931188E-001
   1020  3.852313048620574E-002  8.519951540206179E+002
   1021  3.736975252179874E-002  1.986360116738253E+002
   1022  3.772180308441623E-002  4.512148469024101E+002
   1023  3.694731095893172E-002  1.379191230345771E+001
   1024  4.030360424756142E-002  2.032797315752392E+003
   1025  3.686891094060884E-002  2.026161226649690E+001
   1026  3.906327537135421E-002  1.337261115882376E+003
   1027  3.982499064545308E-002  1.810761344716836E+003
   1028  3.682381317058088E-002  8.662437858516785E+001
   1029  4.515555626109505E-002  5.120997117535770E+003
   1030  3.655988380645078E-002  6.044916290400419E-001
   1031  3.852941030912152E-002  1.170811706759822E+003
   1032  3.840386105264676E-002  1.138801464458043E+003
   1033  4.384140572164156E-002  4.467773527473832E+003
   1034  3.734893438804401E-002  5.462059749366335E+002
   1035  3.651045362114935E-002  4.903910272977080E+001
   1036  4.687750431368621E-002  6.329619305238139E+003
   1037  3.632855975077809E-002  5.453956223440773E+000
   1038  9.507950898465697E-002  3.561367961326864E+004
   1039  7.207920613822308E-002  2.165518148351002E+004
   1040  3.627803576576637E-002  9.937585706203679E+001
   1041  9.217409282792978E-002  3.392583821639471E+004
   1042  4.293283652310718E-002  4.132683335592094E+003
   1043  3.603328163639374E-002  5.836609932950928E+001
   1044  4.454661191657717E-002  5.117840438629582E+003
   1045  4.085475561651308E-002  3.021349500808379E+003
   1046  3.601748083357897E-002  1.947934587390145E+002
   1047  1.219952284585957E-001  5.237630883015236E+004
   1048  8.154997224757839E-002  2.770182854830978E+004
   1049  3.543037269664514E-002  2.248591688061698E+001
   1050  4.242360438407362E-002  4.232364971862135E+003
   1051  3.510012506335058E-002  5.910570174227509E+001
   1052  7.213447421578338E-002  2.229075152106121E+004
   1053  4.632658480667882E-002  6.890591239703860E+003
   1054  3.487536139635488E-002  3.028937494303925E+001
   1055  4.080377604257774E-002  3.578636929380082E+003
   1056  3.481477886001949E-002  3.289942199286340E+001
   1057  4.187728467691339E-002  4.238113104182239E+003
   1058  5.045610310724887E-002  9.505520570145367E+003
   1059  3.453758495155469E-002  5.601635840003176E+000
   1060  6.877281161194544E-002  2.028344282567771E+004
   1061  4.339431735226303E-002  5.476453277002395E+003
   1062  4.455893444362774E-002  6.149677511969192E+003
   1063  3.448522534409617E-002  1.517525946514255E+002
   1064  3.750955344713165E-002  1.978852456521954E+003
   1065  3.411439304436305E-002  5.720567763565693E+001
   1066  3.953654943252285E-002  3.276424955368514E+003
   1067  5.086188275867122E-002  1.007664252761440E+004
   1068  3.410082287826222E-002  1.112804084648175E+002
   1069  9.207897775101033E-002  3.525126598019915E+004
   1070  3.279926324773592E-001  1.751541783082510E+005
   1071  4.542189516707090E-002  7.438976523288108E+003
   1072  1.413421646596976E-001  6.547753282805375E+004
   1073  3.275215862460758E-002  1.180278549765128E+001
   1074  8.552485321711981E-002  3.139036784375078E+004
   1075  2.240244872846942E-002  8.080141852174911E+003
   1076  9.796779970873545E-003  5.410584589851919E+002
   1077  3.538951467061264E-004  2.104673270304000E+002
