# dt =   1.000000000000000E-007
# j, New nj, Rate of change (1/s)
      1  2.184705388553831E+000  7.960393897303343E+002
      2  2.192871573517428E+000  3.485805201116142E+004
      3  2.103231711838438E+000  2.525013609491747E+003
      4  2.070668603650269E+000  8.512572842449526E+003
      5  2.051237417763825E+000  2.087015474406966E+004
      6  2.001230125273069E+000  2.158210095432301E+003
      7  2.314778682918368E+000  2.079344753521189E+005
      8  2.149257379012913E+000  1.067446982612267E+005
      9  2.005169235971215E+000  2.513723366988309E+004
     10  2.061083087466531E+000  7.516580746226179E+004
     11  1.771417213903857E+000  1.076187677138168E+004
     12  1.743622782987494E+000  8.801047913170389E+003
     13  1.470213375075909E+000  4.522445986394459E+002
     14  1.465436110736739E+000  2.494542809031149E+003
     15  1.435197514754980E+000  3.946718433509905E+002
     16  1.445220485599134E+000  1.041076222637387E+004
     17  1.431811791066185E+000  6.439648555877251E+003
     18  1.448718308548992E+000  3.544668849000814E+004
     19  1.382762464797785E+000  3.490850473404232E+002
     20  1.390483698493250E+000  9.988755744576814E+003
     21  1.374723244970442E+000  1.387688310987736E+003
     22  1.380822092526158E+000  5.474805179384382E+003
     23  1.529352686903231E+000  1.063707509801105E+005
     24  1.485266624550388E+000  8.081246507801888E+004
     25  1.279899035889724E+000  3.274081114299559E+002
     26  1.274613857826359E+000  3.951684036424854E+002
     27  1.387926724252087E+000  7.760777438094855E+004
     28  1.257727255572602E+000  2.630985304955535E+003
     29  1.289186801012954E+000  2.287918673610850E+004
     30  1.230748657381907E+000  1.448096924385890E+003
     31  1.251222567180528E+000  1.942169280332609E+004
     32  1.202839732615145E+000  4.046694741686131E+003
     33  1.202862946601101E+000  4.763400459162352E+003
     34  1.194338123478973E+000  2.457047119399195E+003
     35  1.226660744378589E+000  2.750159688103442E+004
     36  1.193241740308333E+000  7.547930683352832E+003
     37  1.200159871642321E+000  1.366810232787407E+004
     38  1.295255755040363E+000  7.567877901250268E+004
     39  1.180986081555871E+000  4.086495735070016E+003
     40  1.187522496303734E+000  1.227122345225164E+004
     41  1.179565742258287E+000  9.395760795163045E+003
     42  1.168565153934682E+000  5.597050282315086E+003
     43  1.137658070723485E+000  3.076648599834709E+003
     44  1.147875626738096E+000  1.041280901571906E+004
     45  1.125256960885312E+000  3.096326430573554E+003
     46  1.123869648401834E+000  3.565137650506038E+003
     47  1.114881060557428E+000  1.867643407152271E+001
     48  1.125424620001887E+000  9.191265332973959E+003
     49  1.114284291470780E+000  2.403346733460713E+003
     50  1.110023436201115E+000  7.673147633950924E+002
     51  1.117914224200965E+000  6.705485316823219E+003
     52  1.105416321575955E+000  6.900324391131481E+002
     53  1.107192141110424E+000  1.859853186295357E+003
     54  1.131375065027076E+000  1.911702167403563E+004
     55  1.130988914722880E+000  2.913828232356020E+004
     56  1.078179819430993E+000  4.926300578203726E+001
     57  1.100354334430473E+000  2.276806859376988E+004
     58  1.101923815059162E+000  2.470273666533392E+004
     59  1.061176158246828E+000  2.500124715237355E+002
     60  1.130807062115543E+000  4.629284755994175E+004
     61  1.054352641249713E+000  1.337692957517636E+003
     62  1.050463337458365E+000  1.278337341043962E+003
     63  1.047490221669785E+000  4.638068473869800E+002
     64  1.106125835865241E+000  3.949917607372501E+004
     65  1.679016826121494E+000  4.088691947691792E+005
     66  1.044737204970365E+000  5.412643542840038E+003
     67  1.113607478183260E+000  5.327424849868833E+004
     68  1.031071637527631E+000  1.085686171641071E+003
     69  1.031035353333304E+000  1.719128658149517E+003
     70  1.140706044330385E+000  7.699892056925046E+004
     71  1.198927942138266E+000  1.170839551278641E+005
     72  1.016110318627838E+000  1.571789749877192E+003
     73  1.022387193752509E+000  8.240640044929329E+003
     74  1.014563560434200E+000  4.195168295067175E+003
     75  1.003664335931711E+000  6.744512908948649E+002
     76  1.002978417620370E+000  8.093297366412231E+002
     77  1.003795015454791E+000  1.966490100935237E+003
     78  1.002355780528480E+000  2.030269750370116E+003
     79  1.002305115916678E+000  3.278617018438237E+003
     80  1.023123975616817E+000  1.931083974465605E+004
     81  9.951765136278954E-001  1.898595121278220E+003
     82  9.923102876867375E-001  2.256309552152759E+003
     83  9.898576222879323E-001  8.655393609838906E+002
     84  9.883147373705260E-001  9.106376172794036E+002
     85  1.002512538271025E+000  1.299401319017601E+004
     86  1.039578421980437E+000  3.679386197709102E+004
     87  9.749481664085827E-001  2.966431856529574E+002
     88  9.737694108663901E-001  4.833067726410050E+002
     89  9.748934274534128E-001  4.620334426743772E+003
     90  1.035519969025508E+000  4.391511195059985E+004
     91  9.793003350602472E-001  9.773294208489653E+003
     92  9.775383529162956E-001  9.159483426702396E+003
     93  9.630374947691976E-001  1.434122939807694E+003
     94  9.725404953122889E-001  7.744128390380363E+003
     95  9.711518124378242E-001  7.987929244497181E+003
     96  9.607507367361314E-001  1.774628158464280E+003
     97  9.670505600369430E-001  6.372558653803962E+003
     98  9.663393082673046E-001  5.960417344441885E+003
     99  9.557928153574758E-001  3.043132061620273E+002
    100  9.712427108498850E-001  1.044106916841464E+004
    101  9.600010935528693E-001  3.883232982228448E+003
    102  9.495289261912397E-001  3.904345293493962E+003
    103  1.035208276767533E+000  6.259018449341259E+004
    104  9.334951411315603E-001  1.057044687783299E+003
    105  9.355631763600151E-001  5.055592035102210E+003
    106  9.341548625320105E-001  4.312043315244333E+003
    107  9.249073143985131E-001  4.066826862673829E+002
    108  9.490335755726137E-001  1.707236213943022E+004
    109  9.242651980256856E-001  2.386660894048323E+003
    110  9.270168812878146E-001  4.615998978437486E+003
    111  9.268244671708472E-001  5.002204311137973E+003
    112  9.207567659129680E-001  1.516274849064855E+003
    113  9.199173264430328E-001  1.373390038213902E+003
    114  9.835843972239965E-001  4.472871615252297E+004
    115  9.205553816543525E-001  5.707870734880827E+003
    116  9.140064038274062E-001  2.030224155680190E+003
    117  9.154091950543620E-001  4.311662744755588E+003
    118  9.042063986765947E-001  7.093405040194090E+002
    119  9.036578854352399E-001  7.322365179211716E+002
    120  9.075501865680777E-001  4.802275874015748E+003
    121  9.022758498004638E-001  2.086523917592985E+003
    122  8.966577427023501E-001  1.020654833829244E+002
    123  8.960890035665436E-001  5.358481704472809E+002
    124  8.921456497723877E-001  3.463552223101630E+001
    125  8.996374378173401E-001  5.358968155844364E+003
    126  8.935543430926968E-001  2.212785142349265E+003
    127  8.909356713617063E-001  6.644583767415576E+002
    128  8.898920796968860E-001  1.793490170914607E+003
    129  8.858576993093833E-001  2.799627286687239E+001
    130  8.857908886240763E-001  3.324035723855558E+002
    131  8.899733949966275E-001  5.112652257965528E+003
    132  8.820837932338481E-001  4.373896851352370E+002
    133  8.871035785294041E-001  4.371921596920893E+003
    134  8.817962893148837E-001  3.205576097901534E+003
    135  8.777352645747504E-001  1.089191592026848E+003
    136  8.764947826131735E-001  1.425189117765291E+003
    137  8.765047053341197E-001  1.742899890650004E+003
    138  8.774757317302712E-001  3.032545271167270E+003
    139  8.735864712488227E-001  1.188814264552967E+003
    140  8.729004536728573E-001  1.036833707935388E+003
    141  8.712011010100525E-001  7.117236130095729E+002
    142  8.863962941803635E-001  1.217215640941183E+004
    143  8.692169408825835E-001  3.753835258256204E+003
    144  8.711923165115034E-001  5.359709773346312E+003
    145  8.596394457430946E-001  1.233213961537921E+003
    146  8.564969066600294E-001  2.169883425570495E+001
    147  8.544483272159265E-001  5.317324510714237E+002
    148  8.516328544916908E-001  1.342436950419027E+003
    149  8.527450528429390E-001  4.228794605160543E+003
    150  8.369645814495702E-001  1.989538240488583E+003
    151  8.665041619598820E-001  2.106163052283263E+004
    152  8.531954507303972E-001  1.533640898883707E+004
    153  8.298520615188784E-001  3.306161810008754E+003
    154  9.400555298051313E-001  7.441884262154100E+004
    155  8.257862458810946E-001  3.066610330502963E+003
    156  8.218141559253729E-001  1.776434723430565E+003
    157  8.316125888448341E-001  8.556428688266640E+003
    158  8.248600166046298E-001  4.866501658892134E+003
    159  8.174999595405610E-001  4.736697015020739E+002
    160  8.302093865533807E-001  8.657735995874815E+003
    161  8.242685954202422E-001  5.181069049999919E+003
    162  8.165217185587359E-001  3.406393006974551E+002
    163  8.586982082281346E-001  2.835491197987328E+004
    164  8.895111002584261E-001  4.978972500914096E+004
    165  8.535894310650407E-001  3.594248012457399E+004
    166  8.051081166587507E-001  6.150556348029830E+003
    167  7.933163753665228E-001  7.838170579801532E+002
    168  7.879185187910587E-001  1.125012872503506E+003
    169  7.938756389060241E-001  5.399124884023892E+003
    170  7.805197801213560E-001  4.015150214911137E+002
    171  7.772194848225970E-001  7.307573368026992E+002
    172  7.832397751077115E-001  5.222260996799676E+003
    173  7.769590967053495E-001  4.131230386709339E+003
    174  7.707922079357621E-001  2.261623426160121E+003
    175  7.655800547060142E-001  1.844112341983242E+002
    176  7.665563593190268E-001  1.023000108714883E+003
    177  7.679729167323528E-001  2.471023814035169E+003
    178  7.621571759437428E-001  2.751583545098762E+000
    179  7.594523847038398E-001  2.748263342815370E+002
    180  7.670895136604841E-001  6.452459767778066E+003
    181  7.565831839421392E-001  2.859647673220105E+002
    182  7.683343423588854E-001  8.465658962706801E+003
    183  7.621222555966735E-001  5.596492524099598E+003
    184  7.540158417877646E-001  2.638838383230719E+003
    185  7.710019856087938E-001  1.362537487138191E+004
    186  7.581139728607026E-001  6.616260439587506E+003
    187  7.474477098656219E-001  6.584702062005380E+002
    188  7.844719476649947E-001  2.531766006371952E+004
    189  7.437830759829018E-001  4.221233424431691E+002
    190  7.483018400287034E-001  4.057382778734505E+003
    191  7.393309843113851E-001  2.656273315040469E+003
    192  7.379876676910738E-001  1.833927776174555E+003
    193  7.404795279641126E-001  6.313132675345289E+003
    194  7.313445092129345E-001  6.958154518727461E+002
    195  7.359775964343651E-001  5.896532646454866E+003
    196  7.320380978695981E-001  4.050481490031943E+003
    197  7.277437633702933E-001  2.246134374960777E+003
    198  7.468634658968664E-001  1.496527214655138E+004
    199  7.417647614113571E-001  1.209123784786504E+004
    200  7.223382404882601E-001  4.299749176046353E+001
    201  7.249294869915065E-001  1.865062180684719E+003
    202  7.281586089511648E-001  4.102054296988382E+003
    203  7.220745806904794E-001  3.791411421151877E+002
    204  7.230019816059985E-001  1.190706636547123E+003
    205  7.255707811415665E-001  3.133950667573215E+003
    206  7.232662178435891E-001  1.769611396727862E+003
    207  7.327626570323615E-001  7.976864329763543E+003
    208  7.224463327950023E-001  1.594229718374976E+003
    209  7.206840913782092E-001  5.337161711786002E+002
    210  7.215140981942730E-001  1.265504998471558E+003
    211  7.201017188018496E-001  5.828776032880252E+002
    212  7.263010556849147E-001  5.085840011450028E+003
    213  7.196262882452581E-001  1.085188481098567E+003
    214  7.188168905748717E-001  1.033994105190872E+003
    215  7.177814887685918E-001  7.107471181150954E+002
    216  7.167639227129974E-001  2.719078266026832E+002
    217  7.190986998871732E-001  1.786094034400078E+003
    218  7.205133094826901E-001  3.112951323256196E+003
    219  7.155147347534073E-001  2.037323026274426E+002
    220  7.140376044703634E-001  3.300474449212819E+002
    221  7.176431417787710E-001  3.260966766953492E+003
    222  7.146777278103763E-001  1.459022728382557E+003
    223  7.250382599936424E-001  9.568956651424891E+003
    224  7.088898242146991E-001  7.305052448061910E+001
    225  7.083222920322269E-001  1.058616116041350E+002
    226  7.102017310373674E-001  1.810495705362142E+003
    227  7.073825419377918E-001  8.606333828471041E+001
    228  7.060482221654942E-001  3.961845592971013E+001
    229  7.218579669305725E-001  1.258115133590803E+004
    230  7.011991653813281E-001  4.929602914530738E+003
    231  6.894231589540388E-001  1.694803521401842E+003
    232  7.002670700187749E-001  8.811756537773565E+003
    233  6.935497207111062E-001  5.733360951316513E+003
    234  6.841376059572314E-001  6.497406093329255E+002
    235  6.798040948539922E-001  5.883862454788927E+001
    236  6.903765726762761E-001  7.721169812799071E+003
    237  6.803965800508017E-001  1.930942316763155E+003
    238  6.833419781986722E-001  3.921044430876392E+003
    239  6.791961243684256E-001  1.790401137040384E+003
    240  6.806952029977428E-001  3.482692218005343E+003
    241  6.837859191800549E-001  6.236216693725011E+003
    242  6.746438021037345E-001  8.238453066362722E+002
    243  6.721248655484914E-001  1.438715614918418E+002
    244  6.725494082828469E-001  6.958602533971384E+002
    245  6.850495203804043E-001  9.168325565912417E+003
    246  6.679528710780765E-001  3.240450769278494E+003
    247  6.645127293121891E-001  1.316052313849312E+003
    248  7.074102436070085E-001  2.909180257844196E+004
    249  6.625439553984643E-001  5.195846166930342E+003
    250  6.540833266393200E-001  2.068198925107341E+002
    251  6.558719400870300E-001  5.693566893456732E+003
    252  6.439968440889844E-001  9.859177809964160E+001
    253  6.738772966829354E-001  2.072204768588011E+004
    254  6.565653992271613E-001  1.078189743948385E+004
    255  6.541829824709211E-001  1.079619146703491E+004
    256  6.390490483809512E-001  1.535383221972343E+003
    257  6.354025917895241E-001  5.012508965592097E+002
    258  6.479676289061563E-001  9.957646829130530E+003
    259  6.361720650361724E-001  3.509975893653400E+003
    260  6.275374382932077E-001  4.613485033720013E+002
    261  6.267791199569920E-001  9.192809408643590E+002
    262  6.253024849860611E-001  5.090267428190905E+002
    263  6.239975295972324E-001  1.770179548007230E+001
    264  6.276379678016487E-001  2.937750919245533E+003
    265  6.226288149948859E-001  5.833396262405688E+001
    266  6.228963514951449E-001  3.872788168279615E+002
    267  6.225126952881790E-001  2.342352899651687E+002
    268  6.217629473008497E-001  3.100711444355225E+001
    269  6.218079460559731E-001  2.234442967037135E+002
    270  6.217456734766234E-001  3.231863443426186E+002
    271  6.210159254413095E-001  1.703131625497457E+002
    272  6.258456559033702E-001  3.433246823325525E+003
    273  6.214061211525146E-001  7.093121122424810E+002
    274  6.240487260235535E-001  2.405102302228465E+003
    275  6.231854580406084E-001  1.970014858918965E+003
    276  6.202926912167255E-001  4.860310057081722E+002
    277  6.197232273060648E-001  1.654602170971253E+002
    278  6.199904069475046E-001  4.702991020740871E+002
    279  6.228153277176123E-001  2.420388576742443E+003
    280  6.220341462000113E-001  2.035223911359410E+003
    281  6.223043618742716E-001  2.433083179701573E+003
    282  6.259010224817224E-001  5.302745097755417E+003
    283  6.197940802238645E-001  1.372227546883128E+003
    284  6.147324584607808E-001  1.578357017445482E+002
    285  6.158201349077650E-001  9.417810323133349E+002
    286  6.114735784885772E-001  2.188224499659198E+001
    287  6.116433860009168E-001  1.643464952338808E+002
    288  6.112295473464275E-001  2.869293144238174E+003
    289  6.091337546550503E-001  2.702578436540318E+003
    290  6.150960252103239E-001  6.666877169870157E+003
    291  6.218917092229899E-001  1.102146050642506E+004
    292  6.045545732784584E-001  6.229966196929666E+002
    293  6.352852440180830E-001  2.030546374388605E+004
    294  6.111038751907131E-001  5.758422345403193E+003
    295  6.085080424721266E-001  4.250501389287053E+003
    296  6.231511418407554E-001  1.381960674913593E+004
    297  6.362335888873916E-001  2.259090538458183E+004
    298  6.340004955899305E-001  2.271190933209428E+004
    299  6.044787620251252E-001  4.179993593637847E+003
    300  6.321494928503296E-001  2.330242004010354E+004
    301  6.367286459705246E-001  2.691784906549186E+004
    302  5.968769759170276E-001  1.483144734131033E+003
    303  5.943619284661523E-001  2.455519963174982E+003
    304  5.899711370738782E-001  1.348380832780029E+003
    305  5.851909994278168E-001  7.796105520279576E+002
    306  5.886577303494656E-001  3.453514765424902E+003
    307  5.840436680751085E-001  8.473880483001627E+002
    308  5.985764421959711E-001  1.001211966148963E+004
    309  5.837830043609885E-001  1.404399550420009E+003
    310  5.855010207210444E-001  3.094612531573872E+003
    311  5.803234626744954E-001  6.778397616694832E+002
    312  5.810559205218753E-001  1.315692174274192E+003
    313  5.790840050752024E-001  1.849429985440415E+002
    314  5.795351538163712E-001  9.487130396248166E+002
    315  5.779296342482959E-001  1.959631535332178E+002
    316  5.775412490113083E-001  1.621397990915968E+002
    317  5.779717208363336E-001  1.091997965140351E+003
    318  5.841423782849655E-001  5.036315590542804E+003
    319  5.764211476956501E-001  5.736467924130706E+002
    320  5.798779348023632E-001  3.251903279384314E+003
    321  5.768110074248903E-001  1.490390317538998E+003
    322  5.748708675987502E-001  7.031337358214156E+002
    323  5.746828071200197E-001  6.171626361338707E+002
    324  5.750968778614870E-001  1.272288040407567E+003
    325  5.760206375071973E-001  3.900926101397481E+003
    326  5.726117690517006E-001  1.732611925543038E+003
    327  5.729444840417576E-001  2.065736608754401E+003
    328  5.693630183075855E-001  9.600365941746963E+001
    329  5.813264596897275E-001  9.487837583624751E+003
    330  5.892550853654654E-001  1.543224982630053E+004
    331  5.642752140057372E-001  4.182081412799128E+003
    332  5.579198246487492E-001  4.125871062088650E+002
    333  5.584106685499474E-001  2.732911508327993E+003
    334  5.545834458263716E-001  1.069200902133418E+003
    335  5.609805299560557E-001  6.363498788423759E+003
    336  5.448331121984438E-001  1.797254582775231E+003
    337  5.390370112546679E-001  6.601587299782981E+002
    338  5.370265005381661E-001  1.811793287917200E+003
    339  5.235224524563632E-001  5.543384900067657E+002
    340  5.254795453012576E-001  2.298408377207164E+003
    341  5.365676313912803E-001  9.919178962336337E+003
    342  5.189299989071768E-001  1.378156315347551E+002
    343  5.218448322112561E-001  2.554766208255179E+003
    344  5.233778010519381E-001  4.208280806378755E+003
    345  5.132895390912153E-001  2.424090889846647E+002
    346  5.311125412273290E-001  1.179477111787301E+004
    347  5.263942365919544E-001  9.076426791667998E+003
    348  5.152516869587854E-001  5.243310137334952E+003
    349  5.080615680550946E-001  7.495118400843147E+002
    350  5.054539087420796E-001  6.581708256412050E+001
    351  5.065602552489876E-001  1.231595008051927E+003
    352  4.979277320119794E-001  2.348595781527381E+003
    353  4.926579654768904E-001  8.476456723045412E+001
    354  4.919625201380954E-001  1.514681239074933E+002
    355  4.922551057977730E-001  1.168144643425251E+003
    356  4.955214665010150E-001  7.240564601326884E+003
    357  4.858071993170744E-001  2.700884692597316E+003
    358  5.148971923663387E-001  2.170790597443912E+004
    359  4.787319078244867E-001  1.275301845782062E+003
    360  4.677816117902780E-001  1.137328254508176E+003
    361  4.655862058496907E-001  5.960218650009475E+002
    362  4.628671711378272E-001  7.421445737500727E+001
    363  4.621645798999298E-001  5.368236699229922E+000
    364  4.619228825771766E-001  4.277597481156898E+002
    365  4.607320609908790E-001  8.971829655005350E+002
    366  4.593767285861370E-001  1.744170102143011E+002
    367  4.594227241882059E-001  7.559759038989961E+002
    368  4.574935445195166E-001  1.227095564066975E+002
    369  4.568523553161996E-001  2.053280352968471E+002
    370  4.559768862785841E-001  2.548479079862141E+002
    371  4.547273115664533E-001  5.690922921087624E+001
    372  4.547050539684331E-001  2.353276438410715E+002
    373  4.537536606939359E-001  4.517848288309182E+001
    374  4.568504004416908E-001  2.362249813668087E+003
    375  4.531500580794434E-001  1.300911570693654E+002
    376  4.568841300668176E-001  2.524778995762450E+003
    377  4.535212706127745E-001  6.965192184684751E+002
    378  4.563715443704117E-001  5.489640819749817E+003
    379  4.571320417288675E-001  6.091285041191648E+003
    380  4.513200403065143E-001  3.570288512201388E+003
    381  4.484665151980009E-001  1.980224671143772E+003
    382  4.415273911404379E-001  1.472097562491736E+003
    383  4.420509446850059E-001  2.178402602001280E+003
    384  5.292450489697540E-001  5.970830714325586E+004
    385  4.351596972246837E-001  5.841917326967973E+003
    386  4.895747561094038E-001  4.386013756095364E+004
    387  4.237608896955635E-001  8.146359527584679E+003
    388  4.005654974747472E-001  1.231654202841056E+001
    389  4.020200344365151E-001  1.684814550110581E+003
    390  4.276209301898721E-001  1.828155054771874E+004
    391  4.158643327000891E-001  1.128905925868010E+004
    392  4.189722480999273E-001  1.680064841383095E+004
    393  4.270745183932219E-001  3.416108573740615E+004
    394  3.550422101043655E-001  1.164819009501111E+003
    395  3.636885239077594E-001  6.892919779226712E+003
    396  3.535054865081162E-001  1.467217607751271E+003
    397  3.516401258580454E-001  3.493084522229719E+002
    398  3.519278869339916E-001  9.967006693360714E+002
    399  3.532301193523978E-001  1.885328136996307E+003
    400  3.644107413496696E-001  9.355319572309336E+003
    401  3.524054531507239E-001  2.233769072133147E+003
    402  3.617249492830150E-001  8.992549514058366E+003
    403  3.557080045205283E-001  5.975708274402859E+003
    404  3.478273003742832E-001  9.656021648599117E+002
    405  3.545249050407477E-001  5.829194722638101E+003
    406  3.446217145864431E-001  3.890091968862076E+000
    407  3.584896023028136E-001  9.297483726832092E+003
    408  3.421417001763267E-001  3.131305755891075E+001
    409  3.461773446405157E-001  3.278269969255742E+003
    410  3.410671299418685E-001  1.912603159741166E+002
    411  3.421767277728583E-001  1.663869165811803E+003
    412  3.385573000650108E-001  1.755648946978843E+001
    413  3.530488830266857E-001  9.909847053755626E+003
    414  3.386275242256755E-001  7.354362633425736E+002
    415  3.561929818892925E-001  1.208003593072511E+004
    416  3.375369456049780E-001  3.051011143517998E+002
    417  3.375951484016724E-001  1.817663748870869E+003
    418  9.674331015228598E-001  4.066727300113339E+005
    419  3.515926164017458E-001  1.170658370512609E+004
    420  3.317471888985508E-001  3.882422768452361E+002
    421  3.319700634198285E-001  9.285850936674401E+002
    422  3.816326998068020E-001  3.333346707884641E+004
    423  3.571984040423648E-001  1.859053823136080E+004
    424  3.268013852252010E-001  8.171866414521365E+001
    425  4.794247940204355E-001  9.862529483590562E+004
    426  3.489418981854168E-001  1.547184491551391E+004
    427  3.370451089757769E-001  8.290703124297814E+003
    428  3.228472474994770E-001  2.511320768812872E+001
    429  3.226092915971792E-001  8.191376278379559E+001
    430  3.307111749334228E-001  5.254363250035264E+003
    431  3.378560376566146E-001  1.005134183990359E+004
    432  3.217017533581136E-001  9.305492400538259E+001
    433  3.219071785600939E-001  2.989230771382882E+002
    434  3.280853226748446E-001  4.482336241361430E+003
    435  3.209631859737020E-001  2.147614631940187E+002
    436  3.409772086732175E-001  1.298208201236899E+004
    437  3.199095053622610E-001  7.835926711861741E+001
    438  3.477520783270556E-001  1.770040366620976E+004
    439  3.182914791080872E-001  1.144766178974035E+001
    440  3.218612351948134E-001  2.810631867385249E+003
    441  3.165080962064554E-001  2.679682366881822E+002
    442  3.171407650463166E-001  8.545766904611737E+002
    443  3.147018676028439E-001  4.523511484635840E+000
    444  3.138919375614871E-001  1.188980709532240E+003
    445  3.300899862204812E-001  1.224099920424524E+004
    446  3.148596835161169E-001  2.872563615792323E+003
    447  3.068621448657271E-001  1.053219381118381E+002
    448  3.067732889745213E-001  9.757479122660501E+002
    449  3.073255246294423E-001  1.777616010874159E+003
    450  3.096251098935168E-001  3.775685880286708E+003
    451  3.049648961445516E-001  1.113806772639435E+003
    452  3.103035015654688E-001  4.825997459642024E+003
    453  3.149487535609974E-001  7.849285164854427E+003
    454  3.148605837081363E-001  8.988174867557402E+003
    455  3.006997751500030E-001  3.650571824232661E+002
    456  3.055227751282480E-001  3.463272405898379E+003
    457  2.992031543003686E-001  1.787416507830352E+002
    458  3.015401305726083E-001  2.321447684702446E+003
    459  2.997794461613194E-001  2.244279454272018E+003
    460  2.967581501578401E-001  1.800621047313778E+003
    461  2.930491640162747E-001  1.220993262841215E+002
    462  3.064265167798147E-001  8.653886006081173E+003
    463  2.923762667715143E-001  1.965602045710580E+002
    464  3.001990457362436E-001  5.176831949621824E+003
    465  2.920226940760872E-001  2.693289448224947E+002
    466  2.943322962241824E-001  1.930214052263462E+003
    467  2.933647080912700E-001  1.405078937899449E+003
    468  2.940559680923877E-001  1.852753751886921E+003
    469  2.906204619492847E-001  1.080581518217941E+002
    470  2.907992822910671E-001  3.254309204567011E+002
    471  2.905469865099817E-001  2.234907188091931E+002
    472  2.970393950646068E-001  4.328964305172234E+003
    473  2.901911998608953E-001  2.939919854652963E+002
    474  3.065770873967938E-001  1.064570502286493E+004
    475  2.905456474391966E-001  8.794756308288592E+002
    476  2.890250029038440E-001  1.224819002673238E+002
    477  2.915773481429132E-001  1.798019876080696E+003
    478  2.889214569884840E-001  4.229377012444867E+002
    479  2.986313436687604E-001  6.880367700180504E+003
    480  2.894538665621927E-001  1.166115398725035E+003
    481  2.878864980277169E-001  3.182761132664986E+002
    482  2.889137014290785E-001  1.013574754387489E+003
    483  2.902805625216163E-001  2.007609246196787E+003
    484  2.872836270181138E-001  2.366032144555886E+002
    485  2.914322480712556E-001  2.996269455184789E+003
    486  2.880006264668480E-001  9.052015986543018E+002
    487  2.890187400359645E-001  1.699123163937391E+003
    488  2.861423759036575E-001  8.297092512542046E+001
    489  2.875258613576087E-001  1.094561507689232E+003
    490  2.855032371512433E-001  4.757334559189729E+000
    491  2.866446071244286E-001  1.120093186965820E+003
    492  2.942287708444687E-001  6.183163489562136E+003
    493  2.842242463364911E-001  1.984957182412673E+003
    494  2.832913929984525E-001  1.480146070326035E+003
    495  2.829922571819483E-001  2.006447155570899E+003
    496  2.792847097339074E-001  3.864548078636474E+001
    497  2.811848557723359E-001  1.634620321711717E+003
    498  2.781004517357289E-001  8.986864312738454E+002
    499  2.762988919670721E-001  2.258482833053649E+000
    500  2.776309538202827E-001  1.190612541743922E+003
    501  2.749242961991099E-001  1.893340363196956E+000
    502  2.754224909982840E-001  7.500272809632928E+002
    503  2.776295602524920E-001  3.797170584715024E+003
    504  2.764674771598616E-001  3.680333377829770E+003
    505  2.715313821085317E-001  1.398850190360899E+003
    506  2.691236715159943E-001  6.286227998660320E+001
    507  2.773608278103117E-001  5.524703685796821E+003
    508  2.684070643610449E-001  9.630112202801644E+001
    509  2.680429682001004E-001  4.696682304833399E+001
    510  2.722295294110819E-001  2.776793255886634E+003
    511  2.680355503841387E-001  2.422121759634175E+002
    512  2.730482342156504E-001  3.515569772354715E+003
    513  2.676168826299984E-001  1.617028679267307E+002
    514  2.691793343408507E-001  1.169303623842015E+003
    515  2.683177435598750E-001  6.910960786020963E+002
    516  2.680065608206098E-001  5.838511266755676E+002
    517  2.677771385633270E-001  5.093404186176073E+002
    518  2.690023858116122E-001  1.291029307442733E+003
    519  2.687976677547039E-001  1.171321103591196E+003
    520  2.668764469950768E-001  1.069604377578633E+001
    521  2.677134220107393E-001  7.116028215152290E+002
    522  2.610354915293925E-001  1.827279909815420E+002
    523  2.615777008511534E-001  8.166639427951374E+002
    524  2.645360240796289E-001  2.753207544100642E+003
    525  2.603127792885331E-001  3.673951937154957E+002
    526  2.599891280605287E-001  3.741379555642494E+002
    527  2.606773474102083E-001  1.083069378242029E+003
    528  2.598162090668140E-001  5.902937566997387E+002
    529  2.592670104378076E-001  3.206962878830984E+002
    530  2.583726209828357E-001  2.465163481453487E+003
    531  2.608988472999899E-001  4.835683247897855E+003
    532  2.527473714525058E-001  6.202979407165092E+002
    533  2.494508622676121E-001  7.969210184848749E+002
    534  2.484299779741145E-001  5.909508141026897E+002
    535  2.334507379741118E-001  2.841250030671783E+004
    536  2.070368910408609E-001  1.233584639142016E+004
    537  2.770625009994923E-001  5.951978738358122E+004
    538  1.428852321079836E-001  1.528460693970999E+004
    539  1.615287907403549E-001  4.897658705687065E+004
    540  8.767740225707095E-002  4.520010981736289E+003
    541  8.111201116068199E-002  4.667425575728826E+002
    542  8.133175816810606E-002  7.333133312446793E+002
    543  8.169266242096031E-002  1.621818130988760E+003
    544  1.416384877936131E-001  4.157011735539395E+004
    545  7.829201013784851E-002  1.174202441646441E+003
    546  1.712629603569950E-001  6.077824114275252E+004
    547  1.334257955316536E+000  8.062194973673957E+005
    548  7.921264760958079E-002  2.079534641800816E+003
    549  1.344567320495606E-001  3.785197893397691E+004
    550  8.347532397004401E-002  5.181394847978490E+003
    551  1.630873203526303E-001  5.637858760402677E+004
    552  1.909228254902147E-001  7.433095866697356E+004
    553  8.251985633383638E-002  4.824610389224028E+003
    554  1.192196857464571E-001  2.875044086897766E+004
    555  7.518414288006385E-002  6.059766652391932E+002
    556  7.387851953007889E-002  2.343073988534391E+002
    557  7.931718252397112E-002  3.724291931383081E+003
    558  7.380943258687492E-002  3.380713770579682E+002
    559  7.676186394750335E-002  2.224864114072037E+003
    560  7.550591255711145E-002  1.829455723292053E+003
    561  7.286843965872707E-002  1.911176210869155E+002
    562  7.315965592678211E-002  4.198463494378545E+002
    563  2.449633434875591E-001  1.103560250011408E+005
    564  7.783237521104533E-002  3.555710681147512E+003
    565  7.316944961463628E-002  6.411467547865258E+002
    566  3.387611470209880E-001  1.709245316193790E+005
    567  7.247363482893479E-002  3.632504686949652E+002
    568  7.514815690020629E-002  2.392664981091502E+003
    569  7.160659633504708E-002  1.651819096047587E+002
    570  9.338652266268919E-002  1.417523479852299E+004
    571  7.194919536293908E-002  6.006981802866597E+002
    572  7.471164694640893E-002  2.445732895573972E+003
    573  7.233208805876137E-002  9.405652462114864E+002
    574  7.084739660913125E-002  5.889544467802367E+001
    575  7.891715788722410E-002  5.275088527169955E+003
    576  7.704883965154261E-002  4.178516338575013E+003
    577  7.128982068808962E-002  4.885098645365397E+002
    578  7.080548531764622E-002  2.295531555477259E+002
    579  7.063257111894193E-002  1.336068706137162E+002
    580  7.403939626884931E-002  2.319703585846602E+003
    581  7.035984718976974E-002  3.000314866263237E+000
    582  7.209939682438894E-002  1.194934001533163E+003
    583  7.059566630703885E-002  2.961512098570083E+002
    584  7.071998988063510E-002  5.091619172004606E+002
    585  7.135125620636275E-002  9.431940554064719E+002
    586  6.994563052755294E-002  1.351712187787551E+002
    587  7.033955113692224E-002  3.963730269880961E+002
    588  8.047102219815197E-002  6.844928287512474E+003
    589  7.008528712465767E-002  3.253765309465836E+002
    590  6.964463219381122E-002  5.948167797765982E+001
    591  6.959695195710172E-002  1.004057990628467E+002
    592  7.271225550166599E-002  2.060777857497110E+003
    593  7.168810648720868E-002  1.493324749593094E+003
    594  6.978368218566459E-002  3.766617016506473E+002
    595  6.950071136168134E-002  2.511544928394864E+002
    596  6.941763001858015E-002  2.673341226769992E+002
    597  6.914093895236376E-002  9.499427306164050E+001
    598  6.887220008644952E-002  1.125961664580089E+001
    599  7.021067774508818E-002  8.843631940076658E+002
    600  6.902823597901056E-002  2.399688087038910E+002
    601  6.878865546339877E-002  9.423268297928315E+001
    602  7.128183861466808E-002  1.681598262492939E+003
    603  6.862455266457440E-002  2.001734608262958E+001
    604  7.105089080112122E-002  1.614033767872892E+003
    605  6.919334108577907E-002  5.036208245533176E+002
    606  6.837119303671740E-002  9.757037038267301E+000
    607  6.860538248965180E-002  1.610594211460649E+002
    608  6.847353038486532E-002  1.415504461417456E+002
    609  6.913686338578928E-002  5.830137740505050E+002
    610  6.861976908337257E-002  2.633225101145631E+002
    611  6.840673979856221E-002  1.322380141866918E+002
    612  6.816197287650166E-002  4.661005172672966E+000
    613  7.119212176928952E-002  1.983650524182913E+003
    614  6.807904076727889E-002  3.000480909563137E+001
    615  6.885809863865996E-002  5.375074673346163E+002
    616  6.845639508354477E-002  3.193216866805519E+002
    617  6.851516110694794E-002  3.691949610442905E+002
    618  6.940774312068936E-002  1.049278893487001E+003
    619  6.781503939549895E-002  6.920914804224829E+001
    620  6.762734943211871E-002  6.269426120579715E-001
    621  6.832302257409073E-002  4.566882936029067E+002
    622  6.791739568846290E-002  2.265544393826338E+002
    623  6.802181345822919E-002  3.193324653350164E+002
    624  6.788266205330531E-002  2.623683475194101E+002
    625  6.753014178680788E-002  7.692223630513202E+001
    626  6.750788748579870E-002  9.850762396847223E+001
    627  6.742481973316825E-002  6.586455122727246E+001
    628  6.722630405475427E-002  1.355220211669014E+001
    629  6.713292103854161E-002  4.807658339292575E+000
    630  6.728588370714866E-002  1.046566082797450E+002
    631  6.717377925425433E-002  4.838112998244977E+001
    632  6.812899426264932E-002  6.622767779703673E+002
    633  6.729983831176624E-002  1.509044255018321E+002
    634  6.716213937465898E-002  1.022986736239724E+002
    635  6.734725669457181E-002  2.523953898170826E+002
    636  6.743797033311899E-002  3.136347926924677E+002
    637  6.704372832461102E-002  9.410755303119184E+001
    638  6.689538210070935E-002  8.561611774162779E+000
    639  6.759966773332562E-002  4.720678235137427E+002
    640  6.691786880283970E-002  5.247295840956224E+001
    641  6.713390039456960E-002  2.035628008466337E+002
    642  6.688029149227601E-002  6.594646430633480E+001
    643  6.724497096974687E-002  3.155067802067247E+002
    644  6.678015638748391E-002  4.234970475219978E+001
    645  6.694835765490674E-002  1.549575804588232E+002
    646  6.684137976871674E-002  1.205877034822329E+002
    647  6.662310073209947E-002  3.535316890365989E-001
    648  6.668628354225438E-002  5.511758900490867E+001
    649  6.691342483819501E-002  2.232168608038104E+002
    650  6.665812177606890E-002  1.193209721808416E+002
    651  6.654313065091821E-002  5.551250746306714E+001
    652  6.633392757713544E-002  1.756596353782801E-001
    653  6.633441456214566E-002  1.449504502785176E+001
    654  6.698501957197874E-002  5.174673029405648E+002
    655  6.646795978332663E-002  2.324404069355193E+002
    656  6.639701571259551E-002  2.223107940894458E+002
    657  6.611077321921449E-002  7.303010644131631E+001
    658  6.693390981862682E-002  6.020653727241669E+002
    659  6.656330292762913E-002  4.110088971334667E+002
    660  6.587016329577809E-002  6.191014521991347E+001
    661  6.658679186698505E-002  5.230441030633406E+002
    662  6.573482315383769E-002  1.813600684338931E+001
    663  6.686151835420980E-002  8.499409569405740E+002
    664  6.548206955207131E-002  3.432123122434664E+001
    665  6.551014755980286E-002  8.951817435871867E+001
    666  6.588758334811816E-002  4.108726866304702E+002
    667  6.607768450059613E-002  6.784850892304448E+002
    668  6.505328951795961E-002  4.176888254726148E+001
    669  6.616894366369450E-002  8.126647388799796E+002
    670  6.510763092125009E-002  1.736329614906756E+002
    671  6.480182196673218E-002  1.149959076706836E+002
    672  6.514124993086196E-002  3.422545064264884E+002
    673  6.474370669990026E-002  1.489847699562586E+002
    674  6.495717195742810E-002  3.475401732383941E+002
    675  6.446139955563851E-002  6.321226973836323E+001
    676  6.438273698425945E-002  1.276368668569716E+002
    677  6.407679726314452E-002  5.957402961654159E+001
    678  6.484562416003278E-002  6.791199903747749E+002
    679  6.372112368875825E-002  7.476086077380988E+001
    680  6.609840607536260E-002  1.615592369750160E+003
    681  6.456311010911375E-002  6.970450771189882E+002
    682  6.364951118663743E-002  1.935650145622994E+002
    683  6.396149273553485E-002  3.906725780668677E+002
    684  6.359171188515307E-002  1.852506805658878E+002
    685  6.336885187926279E-002  5.914724388052062E+001
    686  6.415564498602562E-002  5.641133281828482E+002
    687  6.440434813656704E-002  7.350096725898161E+002
    688  6.324205299398933E-002  2.648217321765479E+001
    689  6.403424015114206E-002  5.622833755026971E+002
    690  6.376182169356127E-002  4.501426803646750E+002
    691  6.426528954087789E-002  8.048373380439225E+002
    692  6.298015101491501E-002  5.207117910873088E+000
    693  6.295954128176642E-002  1.460463135616052E+001
    694  6.517474188933114E-002  1.406778421279890E+003
    695  6.318369516986054E-002  1.807604328557199E+002
    696  6.285674135818703E-002  4.808932878693920E+001
    697  6.460987942104013E-002  1.159227147397792E+003
    698  6.673842543607755E-002  2.528629420701885E+003
    699  6.275206586931840E-002  5.105669719100838E+001
    700  6.334333631546431E-002  4.733926531013898E+002
    701  6.252492096885166E-002  3.393018711131389E+000
    702  6.291386177253980E-002  2.656413000118703E+002
    703  6.244834718244657E-002  3.060748609981627E+001
    704  6.228231902951498E-002  2.865893340419309E+000
    705  6.219928507568546E-002  3.493815470115729E+001
    706  6.265394839296153E-002  4.007182360303440E+002
    707  6.197453110251013E-002  6.347418435414486E+001
    708  6.363890728140402E-002  1.123542040424938E+003
    709  6.194819501182933E-002  1.001751909120399E+002
    710  6.347479871286153E-002  1.067892045699778E+003
    711  6.168667752382733E-002  2.323124920308986E+001
    712  6.371747559082175E-002  1.363231289469175E+003
    713  6.186607397053776E-002  2.360001806149338E+002
    714  6.154242721701502E-002  4.091222316200720E+001
    715  6.149825424524481E-002  3.987023925083616E+001
    716  6.281788299920148E-002  8.866608005942375E+002
    717  6.259336323231417E-002  8.082608400224481E+002
    718  6.124224019666315E-002  1.758605698790000E+000
    719  6.235344733979073E-002  7.091373578049271E+002
    720  6.105417153789270E-002  7.048756213831151E+000
    721  6.125741357528351E-002  1.772391872953166E+002
    722  6.102490213728543E-002  4.032753039099624E+001
    723  6.092556477291762E-002  4.124532916977887E+000
    724  6.143327044898017E-002  3.458763296597078E+002
    725  6.596438090220288E-002  3.197108273820716E+003
    726  6.076538127803291E-002  1.002959044917711E+001
    727  6.202578613313232E-002  8.558366201696348E+002
    728  6.067618786917318E-002  1.917343054276610E+001
    729  6.065093530770312E-002  1.972093795242360E+001
    730  6.129533520101941E-002  4.868145639335598E+002
    731  6.085796584232793E-002  2.241576865891958E+002
    732  6.060683952503258E-002  6.898621651722533E+001
    733  6.081410122127977E-002  2.396091532426672E+002
    734  6.043364064513639E-002  1.608104729091805E+000
    735  6.041763665265555E-002  1.167260980090951E+001
    736  6.036043075771537E-002  4.124466904799535E+000
    737  6.045272438558327E-002  6.380761594105798E+001
    738  6.068891199783053E-002  2.675816108242108E+002
    739  6.029644706393309E-002  2.215152788532605E+001
    740  6.026467483348170E-002  3.347266628558703E+000
    741  6.145157742546718E-002  7.567961661634796E+002
    742  6.112738206085753E-002  5.745575749810412E+002
    743  6.018682729042043E-002  1.224024011470649E+000
    744  6.023730189042355E-002  9.599650675668944E+001
    745  6.111157797315649E-002  6.628914429821648E+002
    746  6.024299156526644E-002  1.801756306114405E+002
    747  5.996917495545693E-002  1.567113984879934E+001
    748  6.008531584250328E-002  1.122766103922491E+002
    749  6.050253913352947E-002  4.149442262507700E+002
    750  5.983474846788409E-002  8.102936292260477E+000
    751  5.999642043503083E-002  1.471796924972722E+002
    752  5.968864398137286E-002  1.818866505706191E+000
    753  5.960579506929055E-002  7.964277926164620E+000
    754  5.964164299283119E-002  4.452273265084858E+001
    755  5.998532044889041E-002  2.604913836165345E+002
    756  5.996601688028406E-002  2.979420620601180E+002
    757  5.987774430907288E-002  2.876905245126969E+002
    758  5.940548237212489E-002  3.848756472804691E+001
    759  5.925630382434588E-002  2.150405745640869E+000
    760  5.936258059123078E-002  1.820650077840702E+002
    761  5.906426745963336E-002  3.197099998784669E+001
    762  5.956024631826056E-002  3.938692312963403E+002
    763  5.949815752027544E-002  5.628888466142816E+002
    764  5.855020687820478E-002  3.244516079770363E+001
    765  6.109662837423020E-002  1.705806153933173E+003
    766  5.836707588507112E-002  2.032340941565658E+001
    767  5.816420976952628E-002  3.849849521715053E+001
    768  6.065632322977452E-002  1.693509199079802E+003
    769  5.913117824536152E-002  8.111229573738242E+002
    770  5.789723977374191E-002  5.429216000609070E+001
    771  5.812802002723780E-002  2.840775960934204E+002
    772  5.912919601750185E-002  1.098933058946190E+003
    773  5.713935789951084E-002  3.559973415542775E+000
    774  5.810590047446437E-002  7.443223116633708E+002
    775  5.661567234893195E-002  1.955866562676173E+000
    776  5.647489854815638E-002  1.780454373696135E+001
    777  5.966832411624684E-002  2.031152984237821E+003
    778  5.883914163085506E-002  1.753062210119334E+003
    779  5.606397129028122E-002  1.641028103331736E+001
    780  5.646947736506192E-002  2.935235311820052E+002
    781  5.586604893161778E-002  6.083626945389286E+001
    782  5.581134223880317E-002  8.796338410873955E+001
    783  5.916437487773748E-002  2.207226178185859E+003
    784  5.729875936279428E-002  1.069549613059603E+003
    785  5.915791257231946E-002  2.264862838082908E+003
    786  5.558873357371273E-002  4.264617728140485E+001
    787  5.564777424124970E-002  1.172889688861684E+002
    788  5.540150525770505E-002  1.007936345949288E+001
    789  5.601447487339036E-002  4.260717273585292E+002
    790  5.545242609666069E-002  9.339295135818168E+001
    791  5.684965574756027E-002  9.925263477028185E+002
    792  5.528901914116822E-002  3.160020435451510E+001
    793  5.568975841967073E-002  3.177907103303484E+002
    794  5.521764758984397E-002  5.437771666794114E+001
    795  5.588535559549722E-002  4.850604838292913E+002
    796  5.523052467877763E-002  1.639603068036460E+002
    797  5.511342426891639E-002  1.668467491089766E+002
    798  5.485680412567372E-002  6.139245385470564E+000
    799  5.558170900981107E-002  4.999743446211349E+002
    800  5.497530292478859E-002  1.365752617189063E+002
    801  5.467630074329272E-002  1.596597601737004E+000
    802  5.551781053636581E-002  5.899605433596595E+002
    803  5.474453886493016E-002  1.862344877358742E+002
    804  5.451162110234694E-002  7.385768093846107E+001
    805  5.426350190905332E-002  2.092943878900671E+001
    806  5.416878019526179E-002  3.383429868193982E+000
    807  5.532275370037175E-002  7.491872784178073E+002
    808  5.435626813526927E-002  1.705901387468186E+002
    809  5.388847970456286E-002  4.366327531155619E+001
    810  5.559716980165851E-002  1.137129903848097E+003
    811  5.370665465062224E-002  6.447662111193266E+000
    812  5.402430347316441E-002  2.380988009626248E+002
    813  5.621452938596387E-002  1.672789622925885E+003
    814  5.349795496338550E-002  5.340162098636060E+000
    815  5.357161201177148E-002  7.759274939177423E+001
    816  5.598674334800543E-002  1.588553023828650E+003
    817  5.442925393141412E-002  6.940528925411445E+002
    818  5.328272571900144E-002  1.707916817970878E+001
    819  5.320603587700868E-002  5.856775369663418E+000
    820  5.360817524689182E-002  3.087326801237628E+002
    821  5.381854025937368E-002  4.468891138039089E+002
    822  5.350488367479450E-002  2.621221344209689E+002
    823  5.308147456832231E-002  6.157900460324892E-001
    824  5.348393135959668E-002  2.914259335965517E+002
    825  5.366925745423329E-002  4.332977697886263E+002
    826  5.390934261224290E-002  6.169554063850732E+002
    827  5.315970764704765E-002  1.819931163913523E+002
    828  5.288270440443479E-002  2.769190467569132E+001
    829  5.294909840159860E-002  9.548519916368043E+001
    830  5.280749601509103E-002  8.224349665573236E+000
    831  5.322576046233746E-002  3.098646727554278E+002
    832  5.313649922214125E-002  2.787791571183772E+002
    833  5.265509752554966E-002  1.325251572173068E+000
    834  5.264198058999795E-002  1.110130398403942E+001
    835  5.310520355925807E-002  3.120180708520593E+002
    836  5.348202833543940E-002  6.402913707961923E+002
    837  5.247168771180512E-002  6.727442443304202E+000
    838  5.268928161015692E-002  1.669324182504468E+002
    839  5.239051423374511E-002  1.221137544220103E+001
    840  5.220148672187424E-002  8.379221400681008E-001
    841  5.215430099738246E-002  3.981118338080844E+000
    842  5.342357983554285E-002  8.260985509080383E+002
    843  5.229197455944677E-002  1.786759483362453E+002
    844  5.300841508735264E-002  7.420151744549743E+002
    845  5.188214702193151E-002  6.818238459317256E+001
    846  5.171708932980815E-002  5.216959877164933E+001
    847  5.238866121892326E-002  4.789635838232546E+002
    848  5.336234200949845E-002  1.246298907671667E+003
    849  5.132283296214832E-002  4.864801553746543E+001
    850  5.096477429937540E-002  1.828868186772790E+000
    851  5.134797777801148E-002  2.817649521839014E+002
    852  5.095307159031161E-002  5.265241191386050E+001
    853  5.099789125370162E-002  1.346591915542285E+002
    854  5.129740482165089E-002  4.066487263083670E+002
    855  5.097405685980769E-002  3.212885925410744E+002
    856  5.046104661412824E-002  6.421700836299158E+000
    857  5.038366604044602E-002  6.122917938209561E+000
    858  5.097546602515681E-002  3.822348067756739E+002
    859  5.040166270654420E-002  2.973475589626433E+001
    860  5.060258741875760E-002  1.963508475550902E+002
    861  5.029782504323770E-002  6.382277201491334E+000
    862  5.028778023349734E-002  6.091616354168249E+001
    863  5.048315819259624E-002  2.202906244603988E+002
    864  5.008438745273457E-002  1.688003584863485E+000
    865  5.030026718131452E-002  1.443708920317580E+002
    866  5.093531498718327E-002  8.339096743164254E+002
    867  4.952735972879768E-002  8.573440919977271E+000
    868  5.008010857923134E-002  4.026268497217453E+002
    869  4.924803578622874E-002  2.481871463425411E+000
    870  5.323284605067165E-002  2.677270664402997E+003
    871  4.918724725450172E-002  2.250110596010871E+002
    872  4.878369459245761E-002  8.259257177638686E-001
    873  4.906350138959990E-002  2.117134464520520E+002
    874  4.859618576457961E-002  3.189159222500214E+000
    875  4.952738377972915E-002  5.965570203013293E+002
    876  4.849652232066155E-002  1.200993538835617E+001
    877  4.955544887686499E-002  7.015941684092212E+002
    878  4.834267547720054E-002  1.398984240596895E+001
    879  4.843326360496176E-002  7.868573978860066E+001
    880  4.853819121905232E-002  2.417912871619551E+002
    881  4.787888902063180E-002  3.581226440993361E-001
    882  4.782010051755755E-002  1.218870668633552E+001
    883  4.786800098962022E-002  5.961866413989077E+001
    884  4.803553113888182E-002  1.718825614569177E+002
    885  4.764289699435356E-002  4.247488607034177E-002
    886  4.854820358573075E-002  6.196270538015439E+002
    887  4.815922213607874E-002  4.367757667870589E+002
    888  4.747185198852379E-002  1.522077824682061E+001
    889  4.673195424947177E-002  5.469687502641675E-001
    890  4.707558420312301E-002  3.076089993060394E+002
    891  4.657795651368517E-002  1.281218413393551E+000
    892  4.736186809522942E-002  5.594463522995067E+002
    893  4.621045805686481E-002  4.720372287664785E+001
    894  4.627429837878739E-002  1.630634548606607E+002
    895  4.620051802518420E-002  5.002153247458989E+002
    896  4.568411062353899E-002  1.831040315491738E+002
    897  4.776155917151614E-002  1.588238060651517E+003
    898  4.666902008069066E-002  1.130617432839731E+003
    899  4.518809634479672E-002  3.100460643661871E+002
    900  4.442522846948119E-002  1.139725258878567E+001
    901  4.374229735871172E-002  3.133057709153332E+001
    902  4.477328983917288E-002  7.139869729376315E+002
    903  4.413619083906381E-002  4.997488543606286E+002
    904  4.322756934431570E-002  3.659638489448600E+000
    905  4.525060890912202E-002  1.463401545232056E+003
    906  4.284208840929682E-002  7.157237883237761E+000
    907  4.314555231734003E-002  2.630687770153074E+002
    908  4.260112815031908E-002  3.371055418503038E+001
    909  4.333534207568530E-002  5.162394431295949E+002
    910  4.256146667947587E-002  1.525122731744394E+002
    911  4.585349923622638E-002  2.267039363608048E+003
    912  4.215475134742278E-002  8.812427824708637E+000
    913  4.210553809598700E-002  4.727689029479614E+001
    914  4.199180840359818E-002  2.075049408397126E+000
    915  4.204597283661150E-002  5.702017131963996E+001
    916  4.218245737851697E-002  1.580542275332910E+002
    917  4.220325589769853E-002  2.216093299936310E+002
    918  4.232826927402393E-002  3.840951718047859E+002
    919  4.207491296540163E-002  2.874271307318161E+002
    920  4.153858172669544E-002  2.283700665661622E+001
    921  4.157261680981949E-002  8.665987579621145E+001
    922  4.146049376658648E-002  8.166790929565343E+001
    923  4.145119338060814E-002  8.059276744624616E+001
    924  4.289447745742719E-002  1.003462613253945E+003
    925  4.117660490058982E-002  1.661546582123518E+001
    926  4.287812878933193E-002  1.166681694326740E+003
    927  4.105740728485802E-002  9.181280469279982E+001
    928  4.345215095534380E-002  1.635433341296868E+003
    929  4.383703950481117E-002  1.911840084810291E+003
    930  4.423919605497063E-002  2.180648442326113E+003
    931  4.079211175720285E-002  3.513812161502038E+001
    932  4.105190891572112E-002  2.080503008369056E+002
    933  4.075898764830484E-002  2.867968391663409E+001
    934  4.164091283091626E-002  6.523072618170191E+002
    935  4.057500498670359E-002  1.500147973910828E+001
    936  4.042133917141624E-002  1.835338655146526E+001
    937  4.359025614122351E-002  2.012440480166810E+003
    938  4.068152929352489E-002  2.007717404250399E+002
    939  4.034222471246834E-002  2.443887680470895E+001
    940  4.086919473372666E-002  3.754068364392042E+002
    941  4.026906612274862E-002  8.343410181330750E+000
    942  4.060826459110657E-002  2.642752553405326E+002
    943  4.024414418460438E-002  6.076286650025679E+001
    944  4.052226071586515E-002  2.377379657865094E+002
    945  4.047436921322802E-002  2.512887953677429E+002
    946  4.005449325599599E-002  4.536217158923586E+000
    947  4.156953793271115E-002  1.007380020225446E+003
    948  4.036376775073645E-002  2.886063257745134E+002
    949  3.994988885757707E-002  4.817314561919533E+001
    950  4.025259134700986E-002  2.754281883556288E+002
    951  3.977732027694167E-002  2.493204617469539E+001
    952  4.103756986605046E-002  8.196599156163137E+002
    953  3.972073099362621E-002  3.631173212093768E+001
    954  4.132599978050126E-002  1.043602566738489E+003
    955  4.025531304951006E-002  3.837484841971793E+002
    956  3.964465932148414E-002  3.730596774316217E+000
    957  3.966163816653718E-002  2.468251053926101E+001
    958  4.012948497232594E-002  3.245584176021496E+002
    959  3.959174893918847E-002  8.042252579996939E+000
    960  3.993182732195765E-002  2.256242434368476E+002
    961  3.959232111744409E-002  2.066426698648289E+001
    962  3.994269297328328E-002  2.656879640499668E+002
    963  3.961820144630564E-002  7.953022303449615E+001
    964  4.033971260655261E-002  5.542349862375360E+002
    965  3.932621198863281E-002  1.203712481246397E+000
    966  4.117714460160760E-002  1.227482042341629E+003
    967  3.966539652273397E-002  3.254925912284944E+002
    968  3.968375312105004E-002  3.449080035435066E+002
    969  3.910666868559692E-002  3.362871538269578E+000
    970  4.054581507832165E-002  9.263146864614890E+002
    971  3.901647057324933E-002  3.738087966267877E+000
    972  3.930039940233983E-002  2.062683075057848E+002
    973  4.151809230007290E-002  1.663923005695761E+003
    974  3.889269464354126E-002  8.953881664999896E+000
    975  3.905122318092785E-002  1.143759731575536E+002
    976  3.908203973907438E-002  1.841153883804374E+002
    977  3.896549654494088E-002  1.243992592761088E+002
    978  3.878634114221818E-002  3.092995261474811E+001
    979  3.966614777985307E-002  6.088356112358935E+002
    980  3.870179422037843E-002  1.349123575013878E+001
    981  3.961267108326828E-002  6.083813753415006E+002
    982  3.865487355263650E-002  4.281043620788077E+001
    983  3.879270697488859E-002  1.593965202460664E+002
    984  3.883094836758366E-002  1.874130673219080E+002
    985  3.851594434090876E-002  3.370778240772317E+001
    986  3.863209172776100E-002  1.265374104757940E+002
    987  3.841498559016958E-002  1.881837083872242E+001
    988  3.855866324176497E-002  1.091231956285179E+002
    989  3.921917026521792E-002  6.256060594068330E+002
    990  3.824251311434483E-002  4.001813841009167E+001
    991  4.053902992100785E-002  1.544214264617777E+003
    992  3.932884370292757E-002  8.500746051546399E+002
    993  3.795127840993782E-002  7.338017464025313E+000
    994  3.801826745712603E-002  6.624853292264844E+001
    995  3.946235669814414E-002  1.032929913145580E+003
    996  3.783345666877740E-002  2.574211073336289E+000
    997  3.914735294641209E-002  8.386094371778223E+002
    998  4.161960930470730E-002  2.425592757436512E+003
    999  3.777704205778044E-002  4.720986743833884E+000
   1000  3.971675463653532E-002  1.220934056209006E+003
   1001  4.171397646226004E-002  2.519946403551175E+003
   1002  3.777933578821000E-002  4.531208506447469E+001
   1003  3.764901325523989E-002  1.541751758938989E+001
   1004  3.774872488561715E-002  8.170803136037672E+001
   1005  3.823016458003741E-002  3.899736201974752E+002
   1006  4.141426898286153E-002  2.422631892963683E+003
   1007  3.751368213114324E-002  3.606043373324114E+000
   1008  3.937651847782209E-002  1.182912821134268E+003
   1009  3.960369919279376E-002  1.360126300468917E+003
   1010  3.744813651942758E-002  3.636667848500053E+001
   1011  3.848084112302714E-002  7.177699847322409E+002
   1012  3.734776169284273E-002  1.699331564512021E+001
   1013  3.773143991133369E-002  2.785019109233629E+002
   1014  3.795638272312885E-002  4.488707475741717E+002
   1015  3.724295440048663E-002  2.324167140257089E+000
   1016  3.835792795501654E-002  7.087304289933953E+002
   1017  3.728155469745255E-002  4.769848956690712E+001
   1018  3.852730363091102E-002  8.585539620853818E+002
   1019  3.712558312485667E-002  3.211449293111159E-001
   1020  3.843793097080368E-002  8.514017927215542E+002
   1021  3.734988892063136E-002  1.984504962241805E+002
   1022  3.767668159972599E-002  4.509934659303944E+002
   1023  3.694593176770137E-002  1.373215748595326E+001
   1024  4.010032451598618E-002  2.030891687582084E+003
   1025  3.686688477938219E-002  2.017908800240319E+001
   1026  3.892954925976597E-002  1.334663784960112E+003
   1027  3.964391451098139E-002  1.807972320335739E+003
   1028  3.681515073272236E-002  8.627337196994380E+001
   1029  4.464345654934147E-002  5.101658781384307E+003
   1030  3.655982335728787E-002  6.035329425021063E-001
   1031  3.841232913844553E-002  1.170331575684612E+003
   1032  3.828998090620096E-002  1.135754106944841E+003
   1033  4.339462836889418E-002  4.450298696514011E+003
   1034  3.729431379055035E-002  5.450072810595032E+002
   1035  3.650554971087637E-002  4.883304688089917E+001
   1036  4.624454238316240E-002  6.306042112624317E+003
   1037  3.632801435515574E-002  5.431704311354348E+000
   1038  9.151814102333011E-002  3.546056324219576E+004
   1039  6.991368798987208E-002  2.157406543635885E+004
   1040  3.626809818006017E-002  9.900107314854642E+001
   1041  8.878150900629031E-002  3.378214341704753E+004
   1042  4.251956818954797E-002  4.128066559701473E+003
   1043  3.602744502646079E-002  5.811001018987537E+001
   1044  4.403482787271421E-002  5.115485231546467E+003
   1045  4.055262066643225E-002  3.019375726514797E+003
   1046  3.599800148770507E-002  1.940072732968333E+002
   1047  1.167575975755805E-001  5.214553687874412E+004
   1048  7.877978939274741E-002  2.761178590933520E+004
   1049  3.542812410495708E-002  2.240730693160434E+001
   1050  4.200036788688741E-002  4.223706133992087E+003
   1051  3.509421449317635E-002  5.884350841327679E+001
   1052  6.990539906367726E-002  2.222795329076338E+004
   1053  4.563752568270843E-002  6.870971494231601E+003
   1054  3.487233245886057E-002  3.016942178154305E+001
   1055  4.044591234963973E-002  3.570985103428108E+003
   1056  3.481148891782020E-002  3.287906716711890E+001
   1057  4.145347336649517E-002  4.230949479963791E+003
   1058  4.950555105023433E-002  9.476633896571051E+003
   1059  3.453702478797070E-002  5.588584294499323E+000
   1060  6.674446732937767E-002  2.027084893971291E+004
   1061  4.284667202456279E-002  5.460088621331209E+003
   1062  4.394396669243082E-002  6.137668421188907E+003
   1063  3.447005008463103E-002  1.512201251959393E+002
   1064  3.731166820147945E-002  1.975807048083732E+003
   1065  3.410867247659949E-002  5.697454602055479E+001
   1066  3.920890693698600E-002  3.274732903923852E+003
   1067  4.985421850590978E-002  1.005801624958633E+004
   1068  3.408969483741573E-002  1.108338802063754E+002
   1069  8.855385115299041E-002  3.513388049366987E+004
   1070  3.104772146465340E-001  1.748923565278780E+005
   1071  4.467799751474209E-002  7.424264945686847E+003
   1072  1.347944113768922E-001  6.522225906309520E+004
   1073  3.275097834605781E-002  1.176058343461687E+001
   1074  8.238581643274473E-002  3.135729301326524E+004
   1075  2.159443454325193E-002  8.046842786823875E+003
   1076  9.742674124975027E-003  5.398878212580813E+002
   1077  3.328484140030864E-004  2.101131856198780E+002
