# dt =   1.000000000000000E-007
# j, New nj, Rate of change (1/s)
      1  2.184944516942104E+000  7.976368690511453E+002
      2  2.203342096542861E+000  3.492434196149823E+004
      3  2.103994891883854E+000  2.553827276408626E+003
      4  2.073236599055240E+000  8.584796162932786E+003
      5  2.057551982259906E+000  2.114185484368700E+004
      6  2.001882884600665E+000  2.185094074631651E+003
      7  2.377694633462373E+000  2.106536799599089E+005
      8  2.181556615241180E+000  1.081450568900451E+005
      9  2.012759492022830E+000  2.538656166051920E+004
     10  2.083843813886806E+000  7.623766654271421E+004
     11  1.774673550828068E+000  1.090288508277720E+004
     12  1.746280252773213E+000  8.888186835975412E+003
     13  1.470350195682259E+000  4.580692087358299E+002
     14  1.466190076090385E+000  2.522981763794640E+003
     15  1.435316868914428E+000  3.995076239239436E+002
     16  1.448349775967444E+000  1.044144025294622E+004
     17  1.433755481252509E+000  6.499536063037140E+003
     18  1.459443353453742E+000  3.590886725438668E+004
     19  1.382868023669004E+000  3.533133089532486E+002
     20  1.393506099788889E+000  1.011959098490060E+004
     21  1.375142605955854E+000  1.403181979093557E+003
     22  1.382476042079326E+000  5.533237945665759E+003
     23  1.561536242402912E+000  1.077532848471956E+005
     24  1.509717337144381E+000  8.186319406575273E+004
     25  1.279998068440133E+000  3.315209484457030E+002
     26  1.274733015511657E+000  3.982460486163177E+002
     27  1.411235256733522E+000  7.774027667470521E+004
     28  1.258521748473378E+000  2.657379584629598E+003
     29  1.296068479703423E+000  2.297010418119292E+004
     30  1.231186918506426E+000  1.467552043929439E+003
     31  1.257098643735056E+000  1.967334235526962E+004
     32  1.204055850269792E+000  4.057303232654194E+003
     33  1.204303091514358E+000  4.819897410707687E+003
     34  1.195081519347089E+000  2.488933012910064E+003
     35  1.234935715384714E+000  2.762583049624552E+004
     36  1.195526193061074E+000  7.649828757269709E+003
     37  1.204277404500306E+000  1.375489143537882E+004
     38  1.318147430562773E+000  7.663335614110928E+004
     39  1.182215670787507E+000  4.104931470894038E+003
     40  1.191216143432161E+000  1.233353943296191E+004
     41  1.182397949547942E+000  9.464190057128328E+003
     42  1.170256180628476E+000  5.657543267595361E+003
     43  1.138587939029450E+000  3.111531486823521E+003
     44  1.151006907807914E+000  1.045052688149828E+004
     45  1.126186463495678E+000  3.099363738186821E+003
     46  1.124947731629158E+000  3.608497759739678E+003
     47  1.114886692811464E+000  1.882529469955993E+001
     48  1.128203354790630E+000  9.299704717670678E+003
     49  1.115010819523264E+000  2.431398993427638E+003
     50  1.110254864994634E+000  7.735721062049794E+002
     51  1.119926951115678E+000  6.710902590052038E+003
     52  1.105623622589142E+000  6.914913184536496E+002
     53  1.107754461265286E+000  1.882000481907050E+003
     54  1.137157860608063E+000  1.935927908097305E+004
     55  1.139798952907984E+000  2.948645767722693E+004
     56  1.078194704452351E+000  4.980174425210443E+001
     57  1.107241724938054E+000  2.305744156887821E+004
     58  1.109396370856996E+000  2.501609141271781E+004
     59  1.061251761093037E+000  2.530545400823764E+002
     60  1.144792404361922E+000  4.678788975406065E+004
     61  1.054757608998099E+000  1.356278603708874E+003
     62  1.050849540973949E+000  1.292045665616223E+003
     63  1.047629791919640E+000  4.659753315584039E+002
     64  1.118072813565876E+000  3.999265392431974E+004
     65  1.802694644446772E+000  4.140357469374344E+005
     66  1.046374031634800E+000  5.478786421851840E+003
     67  1.129725414307472E+000  5.396331666324445E+004
     68  1.031399905840625E+000  1.098689118766240E+003
     69  1.031553759311158E+000  1.732666332074265E+003
     70  1.163981507958767E+000  7.789175708234732E+004
     71  1.234351460510762E+000  1.185993597049855E+005
     72  1.016586197855533E+000  1.593843765759503E+003
     73  1.024861155104768E+000  8.249567081338335E+003
     74  1.015831613229950E+000  4.243394260171269E+003
     75  1.003868330257281E+000  6.828700288577444E+002
     76  1.003223212626099E+000  8.194687977662890E+002
     77  1.004390018143750E+000  1.992170169163824E+003
     78  1.002969950428390E+000  2.056106942530659E+003
     79  1.003290018371523E+000  3.285257658941358E+003
     80  1.028919771968062E+000  1.932364194239162E+004
     81  9.957493138782899E-001  1.914942244009000E+003
     82  9.929884334045246E-001  2.262660186067142E+003
     83  9.901184508723772E-001  8.714609882825686E+002
     84  9.885902024928107E-001  9.221799082701923E+002
     85  1.006445227116300E+000  1.316912121832840E+004
     86  1.050631928791948E+000  3.687157999412087E+004
     87  9.750372925127719E-001  2.973180894073346E+002
     88  9.739154732071025E-001  4.887405410672602E+002
     89  9.762874850903870E-001  4.660723289207377E+003
     90  1.048698489904317E+000  4.393508217631173E+004
     91  9.822336159724003E-001  9.779768990595883E+003
     92  9.802990985242201E-001  9.224963186618379E+003
     93  9.634678523387211E-001  1.434727130712953E+003
     94  9.748643470961887E-001  7.747200887280272E+003
     95  9.735691685640450E-001  8.094427070865263E+003
     96  9.612877444685513E-001  1.798073465078441E+003
     97  9.689732606491656E-001  6.428067717935679E+003
     98  9.681285549868304E-001  5.966077196582912E+003
     99  9.558842362670373E-001  3.049537793340269E+002
    100  9.743823895756666E-001  1.047835448145506E+004
    101  9.611751038497752E-001  3.929127710630604E+003
    102  9.507006680689158E-001  3.906539094350516E+003
    103  1.054037651499975E+000  6.285566903083713E+004
    104  9.338147532562038E-001  1.069727036299322E+003
    105  9.370848005207135E-001  5.080698179364595E+003
    106  9.354594861945854E-001  4.367946648571608E+003
    107  9.250302854265664E-001  4.115876985621052E+002
    108  9.542006719873809E-001  1.730289074488188E+004
    109  9.249872360334405E-001  2.417322278095824E+003
    110  9.284026365137524E-001  4.620782560131356E+003
    111  9.283376491207571E-001  5.065814057164808E+003
    112  9.212143487354160E-001  1.529982808501459E+003
    113  9.203301625897840E-001  1.377538437009406E+003
    114  9.971192060607831E-001  4.531861297584601E+004
    115  9.222700675888577E-001  5.719634074315864E+003
    116  9.146202754415409E-001  2.054610445448496E+003
    117  9.167083500445925E-001  4.340370194664868E+003
    118  9.044207223222948E-001  7.170673872187953E+002
    119  9.038780283526000E-001  7.346162033067358E+002
    120  9.089918812843385E-001  4.807384200176353E+003
    121  9.029071541091818E-001  2.113670368907086E+003
    122  8.966886212323667E-001  1.033800694912708E+002
    123  8.962509988753624E-001  5.421461880693968E+002
    124  8.921561181227695E-001  3.503018424190052E+001
    125  9.012514907163068E-001  5.391266680468681E+003
    126  8.942186001748934E-001  2.214908745281979E+003
    127  8.911353868670165E-001  6.663748116678587E+002
    128  8.904302783452160E-001  1.794250052157318E+003
    129  8.858661489234219E-001  2.825383013373116E+001
    130  8.858906448738274E-001  3.325804298314807E+002
    131  8.915206002900106E-001  5.180742258620865E+003
    132  8.822157115032979E-001  4.409262232006772E+002
    133  8.884267651300571E-001  4.430876510530892E+003
    134  8.827663981479900E-001  3.248404405079780E+003
    135  8.780621840992545E-001  1.090007073098806E+003
    136  8.769240183953549E-001  1.433708188925149E+003
    137  8.770315597872876E-001  1.763128746636693E+003
    138  8.783927051338613E-001  3.069145290879323E+003
    139  8.739433585046492E-001  1.190039724546606E+003
    140  8.732121212595169E-001  1.039964525338727E+003
    141  8.714157464332586E-001  7.174531257083355E+002
    142  8.900786514772596E-001  1.232805613907346E+004
    143  8.703518173407698E-001  3.798125580549251E+003
    144  8.728084752746730E-001  5.401579997968874E+003
    145  8.600120722919026E-001  1.246736593182827E+003
    146  8.565034649284428E-001  2.194577049325942E+001
    147  8.546092112305803E-001  5.386571557177239E+002
    148  8.520377389604741E-001  1.353368257461652E+003
    149  8.540177176452458E-001  4.249221398602848E+003
    150  8.375667447555250E-001  2.016453038335632E+003
    151  8.728385794252796E-001  2.114236826123747E+004
    152  8.578219985010890E-001  1.546653381248678E+004
    153  8.308522328665410E-001  3.348409420546255E+003
    154  9.623996697953087E-001  7.451232054160458E+004
    155  8.267069534765373E-001  3.070271782536005E+003
    156  8.223512484443397E-001  1.797551969429754E+003
    157  8.342009566088268E-001  8.665353799979874E+003
    158  8.263324354653496E-001  4.929813402565374E+003
    159  8.176422220384960E-001  4.744855364217813E+002
    160  8.328252796742042E-001  8.752053644532760E+003
    161  8.258349738296639E-001  5.242248923868928E+003
    162  8.166247801126577E-001  3.450527365226338E+002
    163  8.672155103790316E-001  2.840969691218485E+004
    164  9.045029232948006E-001  5.006850571021965E+004
    165  8.643935871958733E-001  3.605098023831727E+004
    166  8.069634208722406E-001  6.201982622479728E+003
    167  7.935533391170922E-001  7.930468839604008E+002
    168  7.882585057761692E-001  1.137609136898917E+003
    169  7.955087849008033E-001  5.467244547842519E+003
    170  7.806412162399966E-001  4.064999956631161E+002
    171  7.774405774479942E-001  7.402310286370074E+002
    172  7.848156657583230E-001  5.269032477953992E+003
    173  7.782069884970506E-001  4.174518685243410E+003
    174  7.714763816805777E-001  2.290491971074823E+003
    175  7.656358104221405E-001  1.866074837140467E+002
    176  7.668659323917225E-001  1.036571141409751E+003
    177  7.687172794479724E-001  2.486527244171404E+003
    178  7.621580052639779E-001  2.771010247862195E+000
    179  7.595355206416816E-001  2.783177668860657E+002
    180  7.690421440251569E-001  6.538225925826492E+003
    181  7.566696543121999E-001  2.894227172833517E+002
    182  7.708840310496794E-001  8.516375258034588E+003
    183  7.638152512541785E-001  5.667810096842226E+003
    184  7.548142893804199E-001  2.673333485854029E+003
    185  7.751162150745934E-001  1.376057306704500E+004
    186  7.601025591264873E-001  6.635047006072612E+003
    187  7.476469189054343E-001  6.669379288276327E+002
    188  7.921260933392998E-001  2.561658908889887E+004
    189  7.439102989466994E-001  4.250878711323739E+002
    190  7.495260946044193E-001  4.093118752359129E+003
    191  7.401349629644887E-001  2.692318893860961E+003
    192  7.385393606401933E-001  1.841584690689602E+003
    193  7.423795489278660E-001  6.343982169773910E+003
    194  7.315535226680587E-001  6.971748576160062E+002
    195  7.377599255129759E-001  5.964443195062311E+003
    196  7.332639110617205E-001  4.104652257869127E+003
    197  7.284187854817171E-001  2.252105307040278E+003
    198  7.513720141178334E-001  1.506149196916471E+004
    199  7.454205604104990E-001  1.223549951355505E+004
    200  7.223512196281426E-001  4.340267043712223E+001
    201  7.254930711338028E-001  1.885701492991279E+003
    202  7.293998397693314E-001  4.155947338999793E+003
    203  7.221886591514081E-001  3.808459613696332E+002
    204  7.233601058852166E-001  1.195335243306694E+003
    205  7.265181715635197E-001  3.170494532510406E+003
    206  7.238006351458176E-001  1.787557389972579E+003
    207  7.351759830353396E-001  8.079753615047363E+003
    208  7.229285202358211E-001  1.614118700331213E+003
    209  7.208446662357078E-001  5.360440423132142E+002
    210  7.218938957552102E-001  1.266236632688743E+003
    211  7.202768466100132E-001  5.842170191158240E+002
    212  7.278400201792171E-001  5.152922536823293E+003
    213  7.199526968216160E-001  1.089502880455903E+003
    214  7.191296739244181E-001  1.047117097449536E+003
    215  7.179952556678320E-001  7.134991490662891E+002
    216  7.168461410992446E-001  2.751873706118602E+002
    217  7.196375923503936E-001  1.801653833223894E+003
    218  7.214554361345890E-001  3.154794969720841E+003
    219  7.155760168912397E-001  2.045547887398023E+002
    220  7.141374793266377E-001  3.344171284266916E+002
    221  7.186294739004667E-001  3.301788211627492E+003
    222  7.151166768178818E-001  1.465315972874164E+003
    223  7.279306244401071E-001  9.679059321344554E+003
    224  7.089119150797442E-001  7.394222622262299E+001
    225  7.083543153010888E-001  1.072057768645035E+002
    226  7.107472664483162E-001  1.822612478517982E+003
    227  7.074085382724048E-001  8.696322312909133E+001
    228  7.060602016867965E-001  4.009566298037748E+001
    229  7.256645214895809E-001  1.274465956676902E+004
    230  7.026815249444415E-001  4.947198963605526E+003
    231  6.899359180859791E-001  1.716713415712677E+003
    232  7.029156910532742E-001  8.837532140752082E+003
    233  6.952793480795864E-001  5.782209327799788E+003
    234  6.843342139921657E-001  6.583002864974011E+002
    235  6.798218696779859E-001  5.946448390820317E+001
    236  6.927051232546506E-001  7.783117872356946E+003
    237  6.809809711575679E-001  1.956876703036954E+003
    238  6.845265808768257E-001  3.963145912189139E+003
    239  6.797371730129274E-001  1.810338962043691E+003
    240  6.817470977610035E-001  3.518690003091942E+003
    241  6.856676515091432E-001  6.291376232426036E+003
    242  6.748930819095313E-001  8.346390112329586E+002
    243  6.721682616078092E-001  1.450608534145239E+002
    244  6.727587918170088E-001  6.990276453462162E+002
    245  6.878157592407609E-001  9.248250797528395E+003
    246  6.689333546402346E-001  3.282843961437196E+003
    247  6.649091249415544E-001  1.324061586012059E+003
    248  7.161684704353329E-001  2.924746051753837E+004
    249  6.641061420098381E-001  5.213223295202819E+003
    250  6.541458241363791E-001  2.091108738924853E+002
    251  6.575883564891571E-001  5.735866705856087E+003
    252  6.440266790766597E-001  9.989975150886271E+001
    253  6.801425085193633E-001  2.096891637530281E+004
    254  6.598261837446908E-001  1.091505255570796E+004
    255  6.574494831420281E-001  1.093652734365553E+004
    256  6.395115954164242E-001  1.545177560817087E+003
    257  6.355542014826379E-001  5.075179598238337E+002
    258  6.509579452304080E-001  9.972928685902627E+003
    259  6.372315194373639E-001  3.542792088594166E+003
    260  6.276770453499028E-001  4.674523952211582E+002
    261  6.270571514813146E-001  9.306894866435923E+002
    262  6.254554656629905E-001  5.104056163993366E+002
    263  6.240028786825648E-001  1.789754195856537E+001
    264  6.285211851956535E-001  2.947342425945205E+003
    265  6.226463374787833E-001  5.844673860108090E+001
    266  6.230128875687296E-001  3.890660672624782E+002
    267  6.225833477693647E-001  2.361723731765444E+002
    268  6.217723230485224E-001  3.138041018148374E+001
    269  6.218755552607703E-001  2.263675826850484E+002
    270  6.218428841247879E-001  3.244788488084618E+002
    271  6.210674219909564E-001  1.723578899551314E+002
    272  6.268764160017957E-001  3.437217330116909E+003
    273  6.216190618740952E-001  7.100542952494466E+002
    274  6.247710863759872E-001  2.409300305379262E+003
    275  6.237815058987862E-001  1.995618047432534E+003
    276  6.204389894785154E-001  4.885107618840599E+002
    277  6.197731918404555E-001  1.671170121005840E+002
    278  6.201325502207274E-001  4.756486909094432E+002
    279  6.235439683361955E-001  2.433195988328134E+003
    280  6.226450364171683E-001  2.036852145785522E+003
    281  6.230393526205950E-001  2.458799215693678E+003
    282  6.275056471944568E-001  5.372816301347390E+003
    283  6.202066261923829E-001  1.376664694505689E+003
    284  6.147801909570112E-001  1.597736906934423E+002
    285  6.161028714914322E-001  9.427954907847037E+002
    286  6.114801519830211E-001  2.192645180093362E+001
    287  6.116927563874460E-001  1.646817901109063E+002
    288  6.120929783352668E-001  2.882660349270054E+003
    289  6.099494351083075E-001  2.727480792370492E+003
    290  6.170992794658574E-001  6.683021134416930E+003
    291  6.251994947507483E-001  1.102822736574288E+004
    292  6.047420488329416E-001  6.259111505637871E+002
    293  6.413855872023562E-001  2.034950619582329E+004
    294  6.128393342004238E-001  5.798381328124376E+003
    295  6.097940720912560E-001  4.305747387119813E+003
    296  6.273121430033253E-001  1.389606424022954E+004
    297  6.430333892189587E-001  2.270483778847343E+004
    298  6.408311091638976E-001  2.279830241052573E+004
    299  6.057358839538369E-001  4.195780018296516E+003
    300  6.391769562725547E-001  2.348871661516786E+004
    301  6.448715017444387E-001  2.726059217745180E+004
    302  5.973227950881160E-001  1.487567174804875E+003
    303  5.951022003574304E-001  2.473838274725510E+003
    304  5.903790583885388E-001  1.365673071330078E+003
    305  5.854268979141700E-001  7.898429057580852E+002
    306  5.896950330759269E-001  3.459819915171101E+003
    307  5.843001113625887E-001  8.586935807481935E+002
    308  6.015843351655795E-001  1.003366134946626E+004
    309  5.842074755423522E-001  1.420394718257160E+003
    310  5.864313866791507E-001  3.104666234432902E+003
    311  5.805286283565267E-001  6.870520827999850E+002
    312  5.814537919201863E-001  1.331745938957978E+003
    313  5.791399224339336E-001  1.871466987645560E+002
    314  5.798222307726487E-001  9.612172089638970E+002
    315  5.779889023765844E-001  1.983961011036023E+002
    316  5.775900802057161E-001  1.630994885107296E+002
    317  5.783022205525232E-001  1.106724264883615E+003
    318  5.856564048102511E-001  5.052179881476125E+003
    319  5.765940405441755E-001  5.776910031728465E+002
    320  5.808617158766926E-001  3.293585985089111E+003
    321  5.772613428230595E-001  1.506729347445613E+003
    322  5.750835638675769E-001  7.120520383655672E+002
    323  5.748695910528017E-001  6.254645250270810E+002
    324  5.754818139379690E-001  1.288785424632585E+003
    325  5.772014154813248E-001  3.954236632287706E+003
    326  5.731322276723751E-001  1.736029618618043E+003
    327  5.735694041796559E-001  2.092129383868649E+003
    328  5.693920291340466E-001  9.706809536960492E+001
    329  5.841948316599923E-001  9.599666890047856E+003
    330  5.939243605090567E-001  1.563328641999356E+004
    331  5.655406707911966E-001  4.237075621698184E+003
    332  5.580438309509625E-001  4.137488970545198E+002
    333  5.592343180137145E-001  2.752071036049913E+003
    334  5.549070539876741E-001  1.083660039463010E+003
    335  5.629034638695244E-001  6.434019972660583E+003
    336  5.453768561402268E-001  1.820441962647903E+003
    337  5.392366928332673E-001  6.684586626180217E+002
    338  5.375746408451898E-001  1.835157914408346E+003
    339  5.236902121343574E-001  5.617423940865423E+002
    340  5.261717146700301E-001  2.311833405843159E+003
    341  5.395635576053676E-001  1.002165169633636E+004
    342  5.189716928296972E-001  1.395889695526396E+002
    343  5.226149011387921E-001  2.573226219816612E+003
    344  5.246445152384945E-001  4.229683458320789E+003
    345  5.133623460356215E-001  2.428345163894242E+002
    346  5.346566753658506E-001  1.182361978084501E+004
    347  5.291402446954654E-001  9.193594495104106E+003
    348  5.168377930728517E-001  5.309879523954194E+003
    349  5.082874340359537E-001  7.546483578557105E+002
    350  5.054737689303083E-001  6.640066158155440E+001
    351  5.069322753367516E-001  1.244503460576571E+003
    352  4.986382965741583E-001  2.378984099830577E+003
    353  4.926834589541147E-001  8.508780980704866E+001
    354  4.920083424797416E-001  1.534071428848204E+002
    355  4.926084371070546E-001  1.182812688702596E+003
    356  4.977048006692483E-001  7.297247956424472E+003
    357  4.866245879299069E-001  2.737051809828177E+003
    358  5.214462293440876E-001  2.189382637559131E+004
    359  4.791152971307525E-001  1.279345026976995E+003
    360  4.681256825019874E-001  1.151914185332322E+003
    361  4.657665243302234E-001  6.036974210231023E+002
    362  4.628896270332464E-001  7.518691726341680E+001
    363  4.621662029924956E-001  5.432320619288061E+000
    364  4.620513197781099E-001  4.283116224386555E+002
    365  4.610029558931329E-001  9.060135477012724E+002
    366  4.594294991585476E-001  1.766786063723900E+002
    367  4.596500351918820E-001  7.586049566673909E+002
    368  4.575306759081191E-001  1.243264426926186E+002
    369  4.569139766010959E-001  2.054432073349461E+002
    370  4.560539968178167E-001  2.581793412457496E+002
    371  4.547445180919958E-001  5.758808525603767E+001
    372  4.547757983770712E-001  2.360664306423440E+002
    373  4.537673037519119E-001  4.563271096167514E+001
    374  4.575620263268478E-001  2.377232474027944E+003
    375  4.531892199691772E-001  1.307739982564348E+002
    376  4.576418741183224E-001  2.526340660979097E+003
    377  4.537316651178651E-001  7.038202826535811E+002
    378  4.580252996933246E-001  5.524445613380583E+003
    379  4.589739783971765E-001  6.165163817675347E+003
    380  4.523952242207195E-001  3.591081491962445E+003
    381  4.490633860860356E-001  1.994336461935465E+003
    382  4.419727061444086E-001  1.490807575692746E+003
    383  4.427049428104628E-001  2.180800854237458E+003
    384  5.471818878337502E-001  5.983152609027598E+004
    385  4.369275772314695E-001  5.919629675343657E+003
    386  5.028315899329049E-001  4.436189960976504E+004
    387  4.262125941242764E-001  8.185751123928078E+003
    388  4.005692166079342E-001  1.243918445038264E+001
    389  4.025298841506587E-001  1.707179344545592E+003
    390  4.331180478218448E-001  1.834489866231454E+004
    391  4.192555416611550E-001  1.131177558924601E+004
    392  4.240191507081116E-001  1.683422284043505E+004
    393  4.373683074949593E-001  3.439185224084798E+004
    394  3.553944683246072E-001  1.179095169528358E+003
    395  3.657639396722673E-001  6.931199702514195E+003
    396  3.539463969395996E-001  1.470986410792544E+003
    397  3.517450000139260E-001  3.497199830867236E+002
    398  3.522287062952759E-001  1.005888627866587E+003
    399  3.537962374567163E-001  1.887951533296851E+003
    400  3.672346426054685E-001  9.443217160392966E+003
    401  3.530813880234887E-001  2.263234405004498E+003
    402  3.644288169372076E-001  9.023497630017890E+003
    403  3.575156574729738E-001  6.051556605170343E+003
    404  3.481181773175100E-001  9.716704148518343E+002
    405  3.562834647392251E-001  5.878954791622862E+003
    406  3.446228835235842E-001  3.899718199339038E+000
    407  3.612834992650467E-001  9.321061459439903E+003
    408  3.421511442663642E-001  3.156752835021207E+001
    409  3.471656695184010E-001  3.302857465240693E+003
    410  3.411249571483150E-001  1.935407275091061E+002
    411  3.426788447558419E-001  1.678882594380476E+003
    412  3.385625825498258E-001  1.763506619855047E+001
    413  3.560455561583524E-001  1.003034327171390E+004
    414  3.388500581734642E-001  7.451032284355032E+002
    415  3.598473382019444E-001  1.223419254552502E+004
    416  3.376291641191528E-001  3.085967469285674E+002
    417  3.381439259928267E-001  1.835295316326405E+003
    418  1.090554074047808E+000  4.123582300987224E+005
    419  3.551157111958855E-001  1.176299681389151E+004
    420  3.318645811487695E-001  3.929106300657675E+002
    421  3.322495888804868E-001  9.334015540208840E+002
    422  3.917153016664758E-001  3.375283471366249E+004
    423  3.628184555408942E-001  1.880842519807983E+004
    424  3.268261061414300E-001  8.276134150899387E+001
    425  5.092824499748798E-001  9.999722253016105E+004
    426  3.536261234027578E-001  1.568862933196713E+004
    427  3.395331241967202E-001  8.294727610455519E+003
    428  3.228548184879950E-001  2.530111881714102E+001
    429  3.226340382496347E-001  8.278895226356245E+001
    430  3.322881105422910E-001  5.257512662837333E+003
    431  3.408956034165743E-001  1.017407915862027E+004
    432  3.217297619457783E-001  9.352163292297622E+001
    433  3.219969605005831E-001  2.994505996125787E+002
    434  3.294322231604233E-001  4.493486542582056E+003
    435  3.210281369817148E-001  2.174132122395682E+002
    436  3.448812309712782E-001  1.302949187019391E+004
    437  3.199330274164886E-001  7.843081728562053E+001
    438  3.530770564796715E-001  1.777574268599861E+004
    439  3.182949264774937E-001  1.151349726963308E+001
    440  3.227069071143571E-001  2.823229149085708E+003
    441  3.165891737471346E-001  2.714557712582251E+002
    442  3.173972970668916E-001  8.553745917385201E+002
    443  3.147032318930979E-001  4.560189700496474E+000
    444  3.142516791879027E-001  1.204450366479363E+003
    445  3.337938028308668E-001  1.240109984110247E+004
    446  3.157241327465081E-001  2.886123825916107E+003
    447  3.068940026873507E-001  1.066482173590900E+002
    448  3.070661635760352E-001  9.765030491143915E+002
    449  3.078632512966899E-001  1.800167872980818E+003
    450  3.107598905046543E-001  3.786204955290872E+003
    451  3.053015931622059E-001  1.126774102120290E+003
    452  3.117562590131451E-001  4.850954443444110E+003
    453  3.173054722722667E-001  7.858984229780105E+003
    454  3.175616074435430E-001  9.011203351319300E+003
    455  3.008103582263419E-001  3.704217356782197E+002
    456  3.065658893182278E-001  3.483870226267725E+003
    457  2.992572177544240E-001  1.809792177410191E+002
    458  3.022377063025380E-001  2.327191554474344E+003
    459  3.004547937639312E-001  2.254730200746897E+003
    460  2.972989255016746E-001  1.803578731476751E+003
    461  2.930861103911291E-001  1.237065394957673E+002
    462  3.090255115583486E-001  8.668189595297137E+003
    463  2.924357436609376E-001  1.991437434921827E+002
    464  3.017530967348087E-001  5.181856459936404E+003
    465  2.921041958642726E-001  2.728989597599461E+002
    466  2.949132859944881E-001  1.939933361428441E+003
    467  2.937876502369106E-001  1.412267050881754E+003
    468  2.946126635142858E-001  1.857153046175665E+003
    469  2.906531716686982E-001  1.095423399223745E+002
    470  2.908977008720639E-001  3.294378629791376E+002
    471  2.906146091018127E-001  2.264121174107392E+002
    472  2.983385047658286E-001  4.331074719366316E+003
    473  2.902797509067369E-001  2.957837901497371E+002
    474  3.097722462212538E-001  1.065298886191890E+004
    475  2.908101296380701E-001  8.827157183377225E+002
    476  2.890619963033620E-001  1.237437691994085E+002
    477  2.921182008223179E-001  1.805353604700169E+003
    478  2.890484412720706E-001  4.234551453599506E+002
    479  3.007009378456189E-001  6.908155612943526E+003
    480  2.898056162654387E-001  1.175840103750678E+003
    481  2.879827394004479E-001  3.221236727326466E+002
    482  2.892182783569772E-001  1.016127640991912E+003
    483  2.908834133719898E-001  2.010471614436809E+003
    484  2.873551363439837E-001  2.392860965558367E+002
    485  2.923346374841536E-001  3.014080470768324E+003
    486  2.882745212458606E-001  9.170489899204476E+002
    487  2.895287652856398E-001  1.700573562040616E+003
    488  2.861674965590469E-001  8.413582103966299E+001
    489  2.878547976052820E-001  1.097436785488254E+003
    490  2.855046672698259E-001  4.772130556505184E+000
    491  2.869815642518415E-001  1.124807694708995E+003
    492  2.960987077124054E-001  6.259306090142846E+003
    493  2.848248529470932E-001  2.010949533093643E+003
    494  2.837358528830524E-001  1.482225502383088E+003
    495  2.835976838020933E-001  2.024181616607386E+003
    496  2.792963821674659E-001  3.904536444910269E+001
    497  2.816761259163298E-001  1.639103150094962E+003
    498  2.783702657558176E-001  8.997258161996983E+002
    499  2.762995726710122E-001  2.274524649609506E+000
    500  2.779897105724030E-001  1.198595100966771E+003
    501  2.749248663821269E-001  1.904413998353669E+000
    502  2.756493718328764E-001  7.595323643888710E+002
    503  2.787723591515494E-001  3.815666441875643E+003
    504  2.775766726476169E-001  3.706193474603084E+003
    505  2.719512053139753E-001  1.399694198136629E+003
    506  2.691426917415577E-001  6.368255281348354E+001
    507  2.790189279512483E-001  5.528157873874694E+003
    508  2.684361496783356E-001  9.729051376564445E+001
    509  2.680571250940131E-001  4.730579761052767E+001
    510  2.730639856942368E-001  2.783960696923726E+003
    511  2.681086905087799E-001  2.446300918466176E+002
    512  2.741057347503925E-001  3.529923680478411E+003
    513  2.676655794563915E-001  1.626467303701230E+002
    514  2.695310449168268E-001  1.173967710482355E+003
    515  2.685265306257266E-001  6.984963673633143E+002
    516  2.681826673403659E-001  5.886808361394284E+002
    517  2.679301766957015E-001  5.105343246526106E+002
    518  2.693899940481305E-001  1.292542450448822E+003
    519  2.691496726884513E-001  1.174408038047161E+003
    520  2.668796720408682E-001  1.077812569913645E+001
    521  2.679287450961339E-001  7.209553201271065E+002
    522  2.610907381283886E-001  1.849019331833869E+002
    523  2.618231280083846E-001  8.188274131780586E+002
    524  2.653622972817582E-001  2.754770269384499E+003
    525  2.604234367714404E-001  3.696188379766019E+002
    526  2.601023305924168E-001  3.790183232203731E+002
    527  2.610023721373234E-001  1.083592343882502E+003
    528  2.599947627008458E-001  5.977332442435880E+002
    529  2.593640356219261E-001  3.248406043611792E+002
    530  2.591138013547782E-001  2.473428724621559E+003
    531  2.623556086479372E-001  4.866424948173205E+003
    532  2.529337159176277E-001  6.215867393645088E+002
    533  2.496900806460816E-001  7.976327994117111E+002
    534  2.486074433782480E-001  5.918624617849222E+002
    535  2.419974148540266E-001  2.852877809834636E+004
    536  2.107701237884084E-001  1.250073781323839E+004
    537  2.949276589050595E-001  5.956621476672576E+004
    538  1.475082417358958E-001  1.547576638890485E+004
    539  1.762765233993517E-001  4.925293662146109E+004
    540  8.904234448561359E-002  4.565415552298212E+003
    541  8.125220503011293E-002  4.676047701855029E+002
    542  8.155361964316014E-002  7.427933126488524E+002
    543  8.218250157203830E-002  1.638451862559196E+003
    544  1.542153288364854E-001  4.210723718484858E+004
    545  7.864494497343208E-002  1.177606315558982E+003
    546  1.896520475641679E-001  6.156823093081659E+004
    547  1.578184111802183E+000  8.166788993177004E+005
    548  7.984160238340483E-002  2.105415564662349E+003
    549  1.459109325661217E-001  3.835262670856193E+004
    550  8.503770276305130E-002  5.221790564134540E+003
    551  1.801522945341978E-001  5.714739590124784E+004
    552  2.134299820826525E-001  7.538701205366483E+004
    553  8.397884787461105E-002  4.883505801470324E+003
    554  1.279174614108417E-001  2.911919706525540E+004
    555  7.536720517154574E-002  6.124127161911023E+002
    556  7.394948037580452E-002  2.377042355633062E+002
    557  8.044163500221746E-002  3.760665720549370E+003
    558  7.391164404230112E-002  3.420798315463026E+002
    559  7.743136610526234E-002  2.235219439247968E+003
    560  7.605939960143294E-002  1.853063607479705E+003
    561  7.292597475442122E-002  1.921245582583892E+002
    562  7.328681662394672E-002  4.259770232397267E+002
    563  2.783330695598762E-001  1.116914991387050E+005
    564  7.890860213642724E-002  3.604021891359022E+003
    565  7.336322259938718E-002  6.483947233904518E+002
    566  3.904851501093475E-001  1.731932962912502E+005
    567  7.258342728855983E-002  3.673988238971872E+002
    568  7.586936302867568E-002  2.409908455143672E+003
    569  7.165654066782422E-002  1.671592859275504E+002
    570  9.767534184826350E-002  1.435928916048869E+004
    571  7.213090815595236E-002  6.083293701817529E+002
    572  7.545152038756155E-002  2.476927639061003E+003
    573  7.261665957924038E-002  9.527588647299850E+002
    574  7.086514001613492E-002  5.927295139711602E+001
    575  8.051082351897129E-002  5.331638657347787E+003
    576  7.831421204743780E-002  4.238554756436627E+003
    577  7.143761737053125E-002  4.948241084632600E+002
    578  7.087471223837435E-002  2.313624226805589E+002
    579  7.067294857285908E-002  1.351052610957904E+002
    580  7.473816377906892E-002  2.334159618132679E+003
    581  7.036075054917837E-002  3.016810866461571E+000
    582  7.245939603451447E-002  1.202549439188143E+003
    583  7.068527630458298E-002  3.000328520625311E+002
    584  7.087403911941209E-002  5.157658731285167E+002
    585  7.163567969711390E-002  9.505989310886215E+002
    586  6.998656279622141E-002  1.371060896930706E+002
    587  7.045853860083713E-002  3.967525602198749E+002
    588  8.253405798222299E-002  6.893460427680225E+003
    589  7.018376532959840E-002  3.297700032215498E+002
    590  6.966263122819152E-002  6.026609097559966E+001
    591  6.962734013967090E-002  1.017587642052755E+002
    592  7.333161572762911E-002  2.066492624224872E+003
    593  7.213713241076170E-002  1.498537493626376E+003
    594  6.989761677655994E-002  3.814130016258637E+002
    595  6.957671930752460E-002  2.545134781589900E+002
    596  6.949850932564237E-002  2.707817283070127E+002
    597  6.916948129939668E-002  9.521683359695585E+001
    598  6.887560965467680E-002  1.142058314011237E+001
    599  7.047649259530420E-002  8.869283344591196E+002
    600  6.910039830457036E-002  2.408401249352059E+002
    601  6.881715353303222E-002  9.539140481403082E+001
    602  7.178815755404609E-002  1.690927876691133E+003
    603  6.863059514910211E-002  2.020634295751589E+001
    604  7.153803589568264E-002  1.628918679762093E+003
    605  6.934572406579309E-002  5.102040672260826E+002
    606  6.837414391981257E-002  9.877681526986665E+000
    607  6.865388819102575E-002  1.620112444780694E+002
    608  6.851634968272485E-002  1.433482640778135E+002
    609  6.931224859114701E-002  5.854489905269478E+002
    610  6.869940485139683E-002  2.665658765385437E+002
    611  6.844653105631604E-002  1.328438645069874E+002
    612  6.816338143406993E-002  4.713048045335788E+000
    613  7.179010048714234E-002  1.998262306634945E+003
    614  6.808811865357070E-002  3.039291287329936E+001
    615  6.901977572399942E-002  5.396570834757966E+002
    616  6.855298719821720E-002  3.233602774195262E+002
    617  6.862606199791062E-002  3.699131464010158E+002
    618  6.972373539236884E-002  1.055414293401678E+003
    619  6.783596972232496E-002  7.005965395975312E+001
    620  6.762753816799910E-002  6.302390905997142E-001
    621  6.846070972499707E-002  4.601443151182002E+002
    622  6.798592732472425E-002  2.294236854805950E+002
    623  6.811781324509511E-002  3.203458682027531E+002
    624  6.796204759388787E-002  2.657951973309944E+002
    625  6.755341486016396E-002  7.791913502377712E+001
    626  6.753753064741007E-002  9.896748168806373E+001
    627  6.744475102066405E-002  6.673747663220765E+001
    628  6.723040771718958E-002  1.374524574714968E+001
    629  6.713437297424359E-002  4.856557435529649E+000
    630  6.731739313807425E-002  1.052260445059192E+002
    631  6.718831188174679E-002  4.847299261310486E+001
    632  6.832780360966584E-002  6.629148331428401E+002
    633  6.734550685433589E-002  1.529211277583898E+002
    634  6.719309449479445E-002  1.036467286301200E+002
    635  6.742333775998116E-002  2.542294406842265E+002
    636  6.753280823448100E-002  3.174298692356922E+002
    637  6.707199601274046E-002  9.428626749394773E+001
    638  6.689796888724692E-002  8.654449965510745E+000
    639  6.774194576368946E-002  4.754063354000895E+002
    640  6.693373172324454E-002  5.308724440080082E+001
    641  6.719548001535068E-002  2.061556345850902E+002
    642  6.690025093448911E-002  6.683761678457036E+001
    643  6.733991837698526E-002  3.170037693662881E+002
    644  6.679297050323800E-002  4.290421896947081E+001
    645  6.699503334711512E-002  1.559141551521056E+002
    646  6.687781485184301E-002  1.219021051144472E+002
    647  6.662320710014459E-002  3.550954106966692E-001
    648  6.670295231039944E-002  5.579512718550915E+001
    649  6.698054995154958E-002  2.240286591057267E+002
    650  6.669394760476162E-002  1.194697566284497E+002
    651  6.655992291869739E-002  5.621567727655817E+001
    652  6.633398047166787E-002  1.766530306565639E-001
    653  6.633879859859051E-002  1.467542200311495E+001
    654  6.714038758583875E-002  5.181115179640641E+002
    655  6.653782305484145E-002  2.331029189614378E+002
    656  6.646427343593256E-002  2.251761744619415E+002
    657  6.613286912049654E-002  7.397883189930623E+001
    658  6.711536790861526E-002  6.063170877770781E+002
    659  6.668679885071460E-002  4.119804253711875E+002
    660  6.588889388854072E-002  6.270997096211889E+001
    661  6.674393822852176E-002  5.242244625253421E+002
    662  6.574030965764589E-002  1.836801622668053E+001
    663  6.711700469854100E-002  8.524892115765384E+002
    664  6.549244656036882E-002  3.473042242986608E+001
    665  6.553723017889462E-002  9.067127514710843E+001
    666  6.601108704982632E-002  4.120868217461032E+002
    667  6.628243010799939E-002  6.845803220931051E+002
    668  6.506591957659479E-002  4.227332968183294E+001
    669  6.641324638659071E-002  8.152168923952732E+002
    670  6.516016706341073E-002  1.758987330375083E+002
    671  6.483635694191946E-002  1.151776156943430E+002
    672  6.524483488534519E-002  3.468681184357924E+002
    673  6.478859703140377E-002  1.499723625675373E+002
    674  6.506231385931172E-002  3.520065157909578E+002
    675  6.448043512180238E-002  6.357678018389711E+001
    676  6.442119477031838E-002  1.284833275164242E+002
    677  6.409482673099448E-002  6.037251506400656E+001
    678  6.505055070443340E-002  6.851675882139035E+002
    679  6.374374405281556E-002  7.573620295224636E+001
    680  6.658325882420629E-002  1.616468479751250E+003
    681  6.477288274818309E-002  7.003895734111652E+002
    682  6.370807514944983E-002  1.960751894952339E+002
    683  6.407874474032041E-002  3.909251755215057E+002
    684  6.364777472474917E-002  1.877267948913253E+002
    685  6.338674568609870E-002  5.990694445338175E+001
    686  6.432513342369577E-002  5.654010498588688E+002
    687  6.462496880165600E-002  7.356024671843837E+002
    688  6.325005951781992E-002  2.679605933805965E+001
    689  6.420342541435371E-002  5.648199756667958E+002
    690  6.389717210022486E-002  4.516982038016120E+002
    691  6.450689300371390E-002  8.056043145448815E+002
    692  6.298172196490648E-002  5.251713640097884E+000
    693  6.296395639647864E-002  1.477589335644716E+001
    694  6.559743311454486E-002  1.410102933861966E+003
    695  6.323838424007944E-002  1.831006265236511E+002
    696  6.287128422401811E-002  4.867838356274279E+001
    697  6.495871516090564E-002  1.164644116916286E+003
    698  6.749791064777098E-002  2.533153078878798E+003
    699  6.276750986162795E-002  5.170130946317528E+001
    700  6.348618370713291E-002  4.776022341287970E+002
    701  6.252594614688252E-002  3.429879754805098E+000
    702  6.299406200127097E-002  2.682196703743496E+002
    703  6.245761085136625E-002  3.102091295785526E+001
    704  6.228318448461036E-002  2.894690684069587E+000
    705  6.220985445463207E-002  3.538446162203174E+001
    706  6.277437394168019E-002  4.017816298557234E+002
    707  6.199373732847670E-002  6.430662029828873E+001
    708  6.397625341133302E-002  1.124969240817042E+003
    709  6.197848848512873E-002  1.013979384981841E+002
    710  6.379541332227789E-002  1.069140341477954E+003
    711  6.169370569624744E-002  2.352985297280350E+001
    712  6.412684462864862E-002  1.365253771437888E+003
    713  6.193747409215054E-002  2.390464530330560E+002
    714  6.155481020252691E-002  4.146729979011275E+001
    715  6.151031374180859E-002  4.036980523992280E+001
    716  6.308416952565096E-002  8.881154650884863E+002
    717  6.283624558190180E-002  8.103058451944147E+002
    718  6.124277017120352E-002  1.770720064929731E+000
    719  6.256694757979339E-002  7.129892168237161E+002
    720  6.105630336498315E-002  7.136045470311955E+000
    721  6.131074076143984E-002  1.780276166403183E+002
    722  6.103710008988444E-002  4.083375363531551E+001
    723  6.092680756240478E-002  4.152094544278369E+000
    724  6.153716500628724E-002  3.465415497177473E+002
    725  6.692399127888594E-002  3.199511830620665E+003
    726  6.076841290295692E-002  1.014496156388108E+001
    727  6.228263191835482E-002  8.563130001477551E+002
    728  6.068198606360629E-002  1.940767104473964E+001
    729  6.065690528991615E-002  1.999365747423765E+001
    730  6.144163578039859E-002  4.881098806572703E+002
    731  6.092536246522962E-002  2.249142563715512E+002
    732  6.062771807541022E-002  6.991378696111143E+001
    733  6.088616913818228E-002  2.405484191474916E+002
    734  6.043412603803144E-002  1.623111245469818E+000
    735  6.042116255231136E-002  1.179503628421878E+001
    736  6.036167805494869E-002  4.175035870069737E+000
    737  6.047190978567256E-002  6.402554753459279E+001
    738  6.076944029969870E-002  2.688700521289081E+002
    739  6.030313760776832E-002  2.238035773299820E+001
    740  6.026568150697396E-002  3.359909457910904E+000
    741  6.167873635295674E-002  7.574009977605489E+002
    742  6.130027865107626E-002  5.772434068868739E+002
    743  6.018719648769535E-002  1.234120843019732E+000
    744  6.026634180529661E-002  9.721966931440248E+001
    745  6.131067664707834E-002  6.640605613880803E+002
    746  6.029712770264954E-002  1.805976993071928E+002
    747  5.997391177052924E-002  1.585114573417415E+001
    748  6.011908358439048E-002  1.127040023922128E+002
    749  6.062716206349077E-002  4.156492378012431E+002
    750  5.983719926148102E-002  8.204017763012152E+000
    751  6.004063307043944E-002  1.474756758575425E+002
    752  5.968919380136521E-002  1.839966133478318E+000
    753  5.960820455285258E-002  8.066877366973893E+000
    754  5.965510086661482E-002  4.503547625352476E+001
    755  6.006363649516881E-002  2.613446720994118E+002
    756  6.005568422471398E-002  2.993848627948875E+002
    757  5.996446240600585E-002  2.897757987740844E+002
    758  5.941712321015853E-002  3.896745640897252E+001
    759  5.925695374248559E-002  2.174767445944657E+000
    760  5.941733643180271E-002  1.827557934945353E+002
    761  5.907394335871292E-002  3.240058255671257E+001
    762  5.967886962570508E-002  3.962160899728352E+002
    763  5.966775343056326E-002  5.665918265361157E+002
    764  5.856002400991205E-002  3.286958310060364E+001
    765  6.160910886597922E-002  1.709549209640089E+003
    766  5.837322153866604E-002  2.057035522310337E+001
    767  5.817585403155517E-002  3.897915234523621E+001
    768  6.116726288722727E-002  1.708170801743247E+003
    769  5.937476166776832E-002  8.123694403573091E+002
    770  5.791366681642166E-002  5.499993884538679E+001
    771  5.821330396760351E-002  2.843822511526705E+002
    772  5.945941058027249E-002  1.101633124101635E+003
    773  5.714043502421779E-002  3.606353932155318E+000
    774  5.833088812145364E-002  7.529123461077778E+002
    775  5.661626181662425E-002  1.969596469958159E+000
    776  5.648028227776511E-002  1.801948690875518E+001
    777  6.027845536094747E-002  2.035122418205694E+003
    778  5.936704736069921E-002  1.763151730703282E+003
    779  5.606893701828841E-002  1.662682148585882E+001
    780  5.655763675122016E-002  2.940411189678242E+002
    781  5.588445944372910E-002  6.164681615958875E+001
    782  5.583795854675956E-002  8.911741066896674E+001
    783  5.982810460513033E-002  2.215151088021488E+003
    784  5.762085079371267E-002  1.075773420308845E+003
    785  5.983814937024919E-002  2.268800431063920E+003
    786  5.560164035909410E-002  4.321969570513937E+001
    787  5.568324547348292E-002  1.187330709780571E+002
    788  5.540455497660980E-002  1.021092356283565E+001
    789  5.614239348881179E-002  4.265596144342654E+002
    790  5.548068202366788E-002  9.460136548953828E+001
    791  5.714769502495459E-002  9.939504901813117E+002
    792  5.529857320883842E-002  3.197589305657666E+001
    793  5.578536627453141E-002  3.191642901889118E+002
    794  5.523409715333955E-002  5.506920838961898E+001
    795  5.603098646438390E-002  4.856309136143117E+002
    796  5.527976703282255E-002  1.642344460659692E+002
    797  5.516360299542036E-002  1.674777516352384E+002
    798  5.485865785297757E-002  6.199906994836135E+000
    799  5.573190743025429E-002  5.010186211248342E+002
    800  5.501662211994933E-002  1.383351374220389E+002
    801  5.467678284889925E-002  1.612467613329030E+000
    802  5.569496554858026E-002  5.908035221020904E+002
    803  5.480044047974821E-002  1.863917984917532E+002
    804  5.453396605289774E-002  7.481029744419236E+001
    805  5.426983312886464E-002  2.119544225896245E+001
    806  5.416980486640720E-002  3.432414890855318E+000
    807  5.554880024489331E-002  7.557394227758144E+002
    808  5.440761683286427E-002  1.714611149032282E+002
    809  5.390169068663243E-002  4.423184049307005E+001
    810  5.593852731632040E-002  1.138233433526498E+003
    811  5.370860418794524E-002  6.525006926971987E+000
    812  5.409574758535592E-002  2.381716550858509E+002
    813  5.671653985673340E-002  1.673663548124108E+003
    814  5.349956905908741E-002  5.401262525669241E+000
    815  5.359507980100078E-002  7.855726863340270E+001
    816  5.646353054220046E-002  1.589668315452697E+003
    817  5.463762567357450E-002  6.948412767508818E+002
    818  5.328789135720804E-002  1.729183073140334E+001
    819  5.320780479847508E-002  5.917131700860129E+000
    820  5.370113597033692E-002  3.104636553619773E+002
    821  5.395315357764733E-002  4.496644468782575E+002
    822  5.358369572081494E-002  2.630120348518582E+002
    823  5.308166031955740E-002  6.209328282410828E-001
    824  5.357158860718200E-002  2.925906011095044E+002
    825  5.379936984591172E-002  4.339203516437086E+002
    826  5.409452344147605E-002  6.174277911216120E+002
    827  5.321442524474253E-002  1.825991007759623E+002
    828  5.289107891946133E-002  2.803172648865558E+001
    829  5.297775943264274E-002  9.556283556087072E+001
    830  5.280997982752067E-002  8.308149129702008E+000
    831  5.331924119159223E-002  3.125122601860435E+002
    832  5.322043806697543E-002  2.803250442739239E+002
    833  5.265549819390080E-002  1.340952018556741E+000
    834  5.264533987382621E-002  1.124800406774163E+001
    835  5.319896825905193E-002  3.128253316130126E+002
    836  5.367451658141704E-002  6.423219412914838E+002
    837  5.247370757695202E-002  6.735670329043924E+000
    838  5.273946686540538E-002  1.674646255550271E+002
    839  5.239420776603661E-002  1.236426190820446E+001
    840  5.220173939264915E-002  8.444551555051175E-001
    841  5.215550472275481E-002  4.028741847083720E+000
    842  5.367150214008343E-002  8.265637675108583E+002
    843  5.234570675816107E-002  1.793300063306771E+002
    844  5.323245566491192E-002  7.493090293111281E+002
    845  5.190277436694236E-002  6.905888754263611E+001
    846  5.173287216222443E-002  5.283938126887736E+001
    847  5.253264916979774E-002  4.804766144483727E+002
    848  5.373766424272801E-002  1.253570334251512E+003
    849  5.133755285524329E-002  4.928517275731099E+001
    850  5.096532799669318E-002  1.854446969934081E+000
    851  5.143259032563849E-002  2.821850544653037E+002
    852  5.096900129847656E-002  5.333275977354426E+001
    853  5.103835730901871E-002  1.350040863741956E+002
    854  5.141956349230420E-002  4.074776344187530E+002
    855  5.107047948400324E-002  3.214689736912179E+002
    856  5.046298466088776E-002  6.480274179182714E+000
    857  5.038551542847029E-002  6.186428719441767E+000
    858  5.109021978620407E-002  3.826562125962269E+002
    859  5.041065583772106E-002  3.010382503863009E+001
    860  5.066154101330781E-002  1.965953919924980E+002
    861  5.029975007436061E-002  6.434829081120188E+000
    862  5.030621217268230E-002  6.171371255009627E+001
    863  5.054931233613916E-002  2.206297125186836E+002
    864  5.008489785565271E-002  1.708325725997170E+000
    865  5.034368353860814E-002  1.448997567590973E+002
    866  5.118567311855410E-002  8.348429029455906E+002
    867  4.952995058731889E-002  8.669019469737513E+000
    868  5.020100781762611E-002  4.031849251939495E+002
    869  4.924878546312896E-002  2.507804787697119E+000
    870  5.403667841514911E-002  2.680542643045745E+003
    871  4.925482988730219E-002  2.254114575417038E+002
    872  4.878394297391279E-002  8.289844688182422E-001
    873  4.912728732463789E-002  2.130893805033735E+002
    874  4.859714949463730E-002  3.224522175102792E+000
    875  4.970702572743477E-002  5.999413707969850E+002
    876  4.850015592226895E-002  1.216544664038598E+001
    877  4.976633798239625E-002  7.036764964621558E+002
    878  4.834691042558970E-002  1.418280394334317E+001
    879  4.845710657501515E-002  7.988813727037028E+001
    880  4.861120458627433E-002  2.442047619761553E+002
    881  4.787899685478521E-002  3.601402378755783E-001
    882  4.782378706135562E-002  1.234068967998926E+001
    883  4.788594596589341E-002  5.991989654551051E+001
    884  4.808717764340041E-002  1.722955389811994E+002
    885  4.764290976295679E-002  4.260689474580639E-002
    886  4.873431729061364E-002  6.207697147780614E+002
    887  4.829032194370759E-002  4.371132197803012E+002
    888  4.747645776134435E-002  1.542152268446351E+001
    889  4.673211905760863E-002  5.506089970593796E-001
    890  4.716796985035910E-002  3.081280435595451E+002
    891  4.657834147593483E-002  1.284242432300187E+000
    892  4.753033240657219E-002  5.626470204251408E+002
    893  4.622474299555534E-002  4.783242479202673E+001
    894  4.632361529956069E-002  1.650822985953781E+002
    895  4.635074472650770E-002  5.010347784858891E+002
    896  4.573945659176499E-002  1.852100363673204E+002
    897  4.824021920941599E-002  1.599345793043855E+003
    898  4.700940557982311E-002  1.136709899038160E+003
    899  4.528190557414692E-002  3.140844456216675E+002
    900  4.442867688817649E-002  1.154577562855987E+001
    901  4.375178209069964E-002  3.176504612871414E+001
    902  4.498770187163009E-002  7.150792227810784E+002
    903  4.428720089655057E-002  5.052623286817895E+002
    904  4.322867575831670E-002  3.702914217414274E+000
    905  4.569115906163423E-002  1.471164968076125E+003
    906  4.284425200344848E-002  7.240613237046524E+000
    907  4.322461575461575E-002  2.637926406881816E+002
    908  4.261132606793903E-002  3.414066658511530E+001
    909  4.349039153295646E-002  5.171368377127114E+002
    910  4.260760672148537E-002  1.544734455986732E+002
    911  4.653539240750201E-002  2.276078333017705E+003
    912  4.215741689827682E-002  8.923202787301241E+000
    913  4.211978341294607E-002  4.759213851875131E+001
    914  4.199243625169230E-002  2.102126398318473E+000
    915  4.206321478915303E-002  5.770988766428442E+001
    916  4.222996956505305E-002  1.585381420896306E+002
    917  4.226986337799380E-002  2.222410437436924E+002
    918  4.244355321191883E-002  3.843752898782352E+002
    919  4.216142905220516E-002  2.888850640962382E+002
    920  4.154548888445760E-002  2.312148696629820E+001
    921  4.159866981689041E-002  8.693718783968352E+001
    922  4.148519293527358E-002  8.267709345459139E+001
    923  4.147557448166712E-002  8.162484425703411E+001
    924  4.319572804931501E-002  1.004531242761219E+003
    925  4.118163465609179E-002  1.684456940332774E+001
    926  4.322993284115965E-002  1.175759342210512E+003
    927  4.108519003275928E-002  9.302588183230648E+001
    928  4.394331729196481E-002  1.638137206119795E+003
    929  4.441090026645280E-002  1.913393847094657E+003
    930  4.489390346950248E-002  2.183232443606179E+003
    931  4.080273952943361E-002  3.557648394323775E+001
    932  4.111453090213309E-002  2.090967116326548E+002
    933  4.076766244599571E-002  2.903964629977111E+001
    934  4.183673578141083E-002  6.529580084681061E+002
    935  4.057954418348579E-002  1.519822925629098E+001
    936  4.042686830319015E-002  1.847048942249545E+001
    937  4.419524530597693E-002  2.018800682003641E+003
    938  4.074186751508297E-002  2.013111754077327E+002
    939  4.034961876291655E-002  2.475558657231709E+001
    940  4.098226833685995E-002  3.776935859497610E+002
    941  4.027158707019796E-002  8.434396178084647E+000
    942  4.068757882426346E-002  2.644340747078510E+002
    943  4.026242664541560E-002  6.103412097526117E+001
    944  4.059389888986659E-002  2.393441811177968E+002
    945  4.054989269424271E-002  2.519809555252841E+002
    946  4.005586495708265E-002  4.591220632714815E+000
    947  4.187188145002602E-002  1.008031619455600E+003
    948  4.045063962723518E-002  2.900740731522874E+002
    949  3.996446389604459E-002  4.879825462355607E+001
    950  4.033570296146432E-002  2.778790476635604E+002
    951  3.978486127771014E-002  2.524364176772441E+001
    952  4.128392880776632E-002  8.219898661263775E+002
    953  3.973170745218501E-002  3.673298000838933E+001
    954  4.163947831676514E-002  1.045618672317714E+003
    955  4.037048466804402E-002  3.839858080038635E+002
    956  3.964577954896854E-002  3.735901983265453E+000
    957  3.966910446842939E-002  2.499491823389751E+001
    958  4.022699204787787E-002  3.252654633268060E+002
    959  3.959417967830680E-002  8.133951073172364E+000
    960  3.999958711510092E-002  2.259887931560063E+002
    961  3.959857261715978E-002  2.092935648795680E+001
    962  4.002266462446254E-002  2.670308689499493E+002
    963  3.964226336915449E-002  8.056006626486599E+001
    964  4.050623118987538E-002  5.554908266718885E+002
    965  3.932657392212912E-002  1.207851523276679E+000
    966  4.154559843624085E-002  1.228539754883162E+003
    967  3.976361828204233E-002  3.284077121315308E+002
    968  3.978750984433239E-002  3.463477859408790E+002
    969  3.910768605593526E-002  3.406079946004970E+000
    970  4.082472989124158E-002  9.314858531252966E+002
    971  3.901760078355227E-002  3.782698546145140E+000
    972  3.936234284332438E-002  2.065858995405689E+002
    973  4.201935212004961E-002  1.674498677891470E+003
    974  3.889540463560467E-002  9.074928364602167E+000
    975  3.908562640467009E-002  1.148327733138709E+002
    976  3.913736932894405E-002  1.845951296658310E+002
    977  3.900306497996697E-002  1.256617453942231E+002
    978  3.879568185465911E-002  3.124327212164712E+001
    979  3.984972611023032E-002  6.135466073812872E+002
    980  3.870587222653778E-002  1.364674959377730E+001
    981  3.979543624741821E-002  6.096486529943901E+002
    982  3.866781885814134E-002  4.332918221259975E+001
    983  3.884068507177781E-002  1.602044700175688E+002
    984  3.888723758465965E-002  1.877413731066720E+002
    985  3.852613833568374E-002  3.412244014158505E+001
    986  3.867009362416274E-002  1.267434087815743E+002
    987  3.842068047086136E-002  1.906900759837810E+001
    988  3.859142403975739E-002  1.092433776387577E+002
    989  3.940694476978805E-002  6.260738125260135E+002
    990  3.825462119198372E-002  4.053912461771726E+001
    991  4.100257820010014E-002  1.545645803281731E+003
    992  3.958502316851992E-002  8.559432147778712E+002
    993  3.795349382894931E-002  7.409102219444996E+000
    994  3.803831613572715E-002  6.713258067082512E+001
    995  3.977473464333647E-002  1.045622613695509E+003
    996  3.783423070407960E-002  2.583146885222369E+000
    997  3.939908201281254E-002  8.393445374205558E+002
    998  4.234987463443447E-002  2.438713435356555E+003
    999  3.777846032207031E-002  4.730962687103768E+000
   1000  4.008318002570665E-002  1.221661048010204E+003
   1001  4.247194247353958E-002  2.530002451421807E+003
   1002  3.779301792444807E-002  4.576144105549768E+001
   1003  3.765367768942957E-002  1.561647215783005E+001
   1004  3.777345364556348E-002  8.280652300670086E+001
   1005  3.834725960125211E-002  3.904911403511500E+002
   1006  4.214227094398050E-002  2.428778233791389E+003
   1007  3.751476460687340E-002  3.609392006083773E+000
   1008  3.973241500910654E-002  1.188102803456238E+003
   1009  4.001283406956098E-002  1.365688938641294E+003
   1010  3.745913435469804E-002  3.681249851499042E+001
   1011  3.869716307093670E-002  7.227979656112992E+002
   1012  3.735290273423590E-002  1.721185652148923E+001
   1013  3.781516249951663E-002  2.793718935890101E+002
   1014  3.809183693156364E-002  4.528962762290133E+002
   1015  3.724365237980287E-002  2.327843285588442E+000
   1016  3.857090896630029E-002  7.105542942613673E+002
   1017  3.729598652915929E-002  4.831925181875442E+001
   1018  3.878575652810336E-002  8.630554047425367E+002
   1019  3.712567968422763E-002  3.222394713093624E-001
   1020  3.869371695767938E-002  8.532529306655255E+002
   1021  3.740953849166541E-002  1.990304929105769E+002
   1022  3.781211495391089E-002  4.516763338706887E+002
   1023  3.695008839751505E-002  1.391993187972001E+001
   1024  4.071076818980389E-002  2.036855578287200E+003
   1025  3.687298954920584E-002  2.043817814239920E+001
   1026  3.933155207849904E-002  1.342796914908285E+003
   1027  4.018803047602532E-002  1.816722470208562E+003
   1028  3.684124990595925E-002  8.737579136709628E+001
   1029  4.618592992813962E-002  5.162481704865976E+003
   1030  3.656000500467839E-002  6.065016249758449E-001
   1031  3.876372287322624E-002  1.171818532332925E+003
   1032  3.863259355162106E-002  1.145333082615331E+003
   1033  4.474054442664546E-002  4.505296065156086E+003
   1034  3.745855659988055E-002  5.487646215381698E+002
   1035  3.652032712284187E-002  4.948032516407816E+001
   1036  4.815096268907355E-002  6.380249088784156E+003
   1037  3.632965763662890E-002  5.501616672420636E+000
   1038  1.022511838332267E-001  3.594254162431721E+004
   1039  7.643613736770220E-002  2.182916610015211E+004
   1040  3.629803024960528E-002  1.001772316759458E+002
   1041  9.900517642144939E-002  3.423437687338444E+004
   1042  4.376083547485506E-002  4.142498838860181E+003
   1043  3.604503659795649E-002  5.891530230252278E+001
   1044  4.557091234526908E-002  5.122745080517186E+003
   1045  4.145964476779134E-002  3.025501290550988E+003
   1046  3.605669024256231E-002  1.964777840536992E+002
   1047  1.325441660860901E-001  5.287133235997563E+004
   1048  8.711906436457070E-002  2.789482244008048E+004
   1049  3.543489497057744E-002  2.265449326660702E+001
   1050  4.327282949754829E-002  4.250846317495241E+003
   1051  3.511202986848208E-002  5.966780477754040E+001
   1052  7.661266794981643E-002  2.242541735980828E+004
   1053  4.771092669596005E-002  6.932374803932216E+003
   1054  3.488145751038542E-002  3.054625403099276E+001
   1055  4.152194100007827E-002  3.595010481663157E+003
   1056  3.482136511180190E-002  3.294209721332558E+001
   1057  4.272718089281929E-002  4.253378283741880E+003
   1058  5.236642956336002E-002  9.567484805768205E+003
   1059  3.453870943705568E-002  5.629568464486591E+000
   1060  7.283345001321546E-002  2.030992368011017E+004
   1061  4.449482430604099E-002  5.511494447726695E+003
   1062  4.579268565032022E-002  6.175299993233527E+003
   1063  3.451574495984205E-002  1.528880132283232E+002
   1064  3.790627697481080E-002  1.985240130762405E+003
   1065  3.412590786998725E-002  5.770071447639469E+001
   1066  4.019235282666016E-002  3.279890321001388E+003
   1067  5.288313839531762E-002  1.011645068642581E+004
   1068  3.412322111694007E-002  1.122352253354128E+002
   1069  9.916672159379672E-002  3.550317448494401E+004
   1070  3.631067046426865E-001  1.757131504464583E+005
   1071  4.691434385881790E-002  7.470207210094351E+003
   1072  1.545192229369558E-001  6.602551608865114E+004
   1073  3.275453264730782E-002  1.189325356074553E+001
   1074  9.181335025121166E-002  3.146029143962158E+004
   1075  2.402908996069497E-002  8.151434182602807E+003
   1076  9.905364936040509E-003  5.435660776728622E+002
   1077  3.961007850453272E-004  2.112202877887574E+002
