# dt =   1.000000000000000E-007
# j, New nj, Rate of change (1/s)
      1  2.183911479013319E+000  7.914943444311551E+002
      2  2.158099356779169E+000  3.467674336590511E+004
      3  2.100742070936492E+000  2.451865239062888E+003
      4  2.062244332743264E+000  8.330321846721317E+003
      5  2.030700434445172E+000  2.018155081306777E+004
      6  1.999104956736137E+000  2.089855891091465E+003
      7  2.110177969831348E+000  2.010448104188963E+005
      8  2.044229053137795E+000  1.031980132893664E+005
      9  1.980335423844132E+000  2.451210646488391E+004
     10  1.987218407810485E+000  7.248799104035583E+004
     11  1.760828139991328E+000  1.040481723230810E+004
     12  1.734927787417988E+000  8.582548677927976E+003
     13  1.469768266406184E+000  4.375010746862794E+002
     14  1.462976520888466E+000  2.422217696986613E+003
     15  1.434808779798380E+000  3.823957285250960E+002
     16  1.434849018617597E+000  1.032815600691754E+004
     17  1.425445508965687E+000  6.288079221801855E+003
     18  1.413838430833658E+000  3.427514861396526E+004
     19  1.382418608993785E+000  3.382404585300451E+002
     20  1.380655673842270E+000  9.656313710751514E+003
     21  1.373354789111741E+000  1.347746771366180E+003
     22  1.375418786713732E+000  5.327148312954177E+003
     23  1.424677776867352E+000  1.028653533616455E+005
     24  1.405743131999397E+000  7.814798372486922E+004
     25  1.279576670468066E+000  3.169862543236868E+002
     26  1.274222549042459E+000  3.871176717491637E+002
     27  1.310490397119894E+000  7.724597271662096E+004
     28  1.255128482649226E+000  2.564538191103406E+003
     29  1.266420356872312E+000  2.264514212038134E+004
     30  1.229324405197119E+000  1.398825926526987E+003
     31  1.232109463758623E+000  1.878389623567874E+004
     32  1.198807808330439E+000  4.014694800940233E+003
     33  1.198168484488094E+000  4.621212764969639E+003
     34  1.191920267253704E+000  2.375970998357652E+003
     35  1.199313347737140E+000  2.718136317144228E+004
     36  1.185818954733979E+000  7.289122907763604E+003
     37  1.186598777030374E+000  1.344648633923973E+004
     38  1.220748794035106E+000  7.325579266737761E+004
     39  1.176923025927257E+000  4.037328507290560E+003
     40  1.175328161986410E+000  1.211192035443751E+004
     41  1.170253894907609E+000  9.222345584073471E+003
     42  1.163041921985297E+000  5.444787000559425E+003
     43  1.134624441162489E+000  2.987526884320363E+003
     44  1.137509873429290E+000  1.031487061705102E+004
     45  1.122164947980055E+000  3.086898449961956E+003
     46  1.120357780617460E+000  3.454952092031797E+003
     47  1.114862566870491E+000  1.829851980870939E+001
     48  1.116365881191426E+000  8.917771891512299E+003
     49  1.111915196316629E+000  2.332688681093476E+003
     50  1.109263963985092E+000  7.509560104967518E+002
     51  1.111216700379208E+000  6.687871456348825E+003
     52  1.104728445897439E+000  6.852446436502088E+002
     53  1.105359597209513E+000  1.803290228885171E+003
     54  1.112552398992821E+000  1.851099400299779E+004
     55  1.102274952385113E+000  2.826361572969049E+004
     56  1.078131217171190E+000  4.789730640226040E+001
     57  1.077938444640995E+000  2.204246362136408E+004
     58  1.077606399068823E+000  2.390544025159103E+004
     59  1.060929867124518E+000  2.423278640449752E+002
     60  1.085119294602237E+000  4.504378117138581E+004
     61  1.053037641747149E+000  1.290876075322536E+003
     62  1.049202005380192E+000  1.243019590678106E+003
     63  1.047029168898683E+000  4.580345060778366E+002
     64  1.067233810489555E+000  3.824256547275182E+004
     65  1.276426669321230E+000  3.959398258925448E+005
     66  1.039406131972526E+000  5.243659757294793E+003
     67  1.061172106132907E+000  5.154559309856858E+004
     68  1.030002008691723E+000  1.052398916634378E+003
     69  1.029332898273435E+000  1.684604499542143E+003
     70  1.064794891235049E+000  7.475661851626652E+004
     71  1.083687347481125E+000  1.132867130291692E+005
     72  1.014565407098320E+000  1.516383633349983E+003
     73  1.014158483320698E+000  8.215156493005383E+003
     74  1.010427802159145E+000  4.072145647060432E+003
     75  1.003000266863977E+000  6.529444415100164E+002
     76  1.002181424679734E+000  7.839144331189262E+002
     77  1.001859773266714E+000  1.902113053169543E+003
     78  1.000357167972938E+000  1.964859695355288E+003
     79  9.990355048391878E-001  3.259242773690384E+003
     80  1.003830880474492E+000  1.927243683376610E+004
     81  9.932981254074150E-001  1.856689706364288E+003
     82  9.900619409413165E-001  2.239702527626242E+003
     83  9.889993770784713E-001  8.504359262796683E+002
     84  9.874182812110741E-001  8.813023734516104E+002
     85  9.897326024035945E-001  1.255212836765157E+004
     86  1.002883468486313E+000  3.658635014121128E+004
     87  9.746523695010272E-001  2.948785419579274E+002
     88  9.732927659571787E-001  4.695399408587683E+002
     89  9.703227655561582E-001  4.517559627905040E+003
     90  9.916341775794647E-001  4.385043176035024E+004
     91  9.695365503335798E-001  9.752296494271452E+003
     92  9.684593848842502E-001  8.992917194273394E+003
     93  9.616042631358592E-001  1.432154591939982E+003
     94  9.648008518130720E-001  7.734264839835997E+003
     95  9.632944750301151E-001  7.718017898251122E+003
     96  9.590049686336605E-001  1.714877529805918E+003
     97  9.607459811050614E-001  6.232144419335164E+003
     98  9.603864330106912E-001  5.944319223907497E+003
     99  9.554893588661809E-001  3.024800541195147E+002
    100  9.608486229025086E-001  1.034287007365970E+004
    101  9.561741618551491E-001  3.766854274574453E+003
    102  9.456278320357394E-001  3.897144525097553E+003
    103  9.729459094305771E-001  6.191078288628288E+004
    104  9.324537042028557E-001  1.024738098300572E+003
    105  9.305384807734267E-001  4.991646813749460E+003
    106  9.299112887646550E-001  4.170601909232678E+003
    107  9.245066518292706E-001  3.942355995969246E+002
    108  9.322420435066218E-001  1.649350130558339E+004
    109  9.219161582120705E-001  2.308881767535990E+003
    110  9.224079649518555E-001  4.600307583489222E+003
    111  9.218994538410834E-001  4.843363831504492E+003
    112  9.192573274005228E-001  1.481447573584757E+003
    113  9.185492068639003E-001  1.362337901443794E+003
    114  9.395789480581713E-001  4.323396161657086E+004
    115  9.148626283394422E-001  5.676033748318127E+003
    116  9.120061641543223E-001  1.968181775442627E+003
    117  9.111328675811141E-001  4.238523875625840E+003
    118  9.035064880507582E-001  6.898880124796291E+002
    119  9.029288566811495E-001  7.253638807748556E+002
    120  9.027546885629056E-001  4.787838213938382E+003
    121  9.002226112653845E-001  2.017731620414010E+003
    122  8.965572843388033E-001  9.874785262797310E+001
    123  8.955609063624261E-001  5.198042507172171E+002
    124  8.921114941341831E-001  3.364716664238259E+001
    125  8.943181120380366E-001  5.277009834457954E+003
    126  8.913444536189251E-001  2.206554916607662E+003
    127  8.902736086556327E-001  6.594679068670454E+002
    128  8.880996950049661E-001  1.791057652520472E+003
    129  8.858300188297135E-001  2.734364852015921E+001
    130  8.854587323434587E-001  3.318672904439558E+002
    131  8.849440143057772E-001  4.940744247674030E+003
    132  8.816511870102045E-001  4.271015817607497E+002
    133  8.828037170430807E-001  4.223192770155732E+003
    134  8.786432197953367E-001  3.097068702852354E+003
    135  8.766472011908589E-001  1.086750805960143E+003
    136  8.750801318697915E-001  1.403329079481390E+003
    137  8.747866003372660E-001  1.691665583580638E+003
    138  8.744881163765648E-001  2.939641236727370E+003
    139  8.723993043738500E-001  1.185285499812376E+003
    140  8.718675290755935E-001  1.028695855738766E+003
    141  8.704963814214500E-001  6.972672137308415E+002
    142  8.744154956335785E-001  1.177649698154170E+004
    143  8.655175818666113E-001  3.641099773100368E+003
    144  8.658838009851397E-001  5.254038330893646E+003
    145  8.584226978337405E-001  1.199283008876617E+003
    146  8.564755086422875E-001  2.107877582053979E+001
    147  8.539251120083999E-001  5.141071046213339E+002
    148  8.503038406939220E-001  1.314675885955632E+003
    149  8.485415644637395E-001  4.176272688394735E+003
    150  8.350080717910539E-001  1.921257015993380E+003
    151  8.455437746427636E-001  2.085050444214407E+004
    152  8.380180256519051E-001  1.500833179735451E+004
    153  8.265978013666349E-001  3.198814191439743E+003
    154  8.657579820259631E-001  7.416255857123934E+004
    155  8.227244205517482E-001  3.056471864270714E+003
    156  8.200638467764684E-001  1.722241144484908E+003
    157  8.231882308443571E-001  8.284760513295620E+003
    158  8.200709266851618E-001  4.706698594428218E+003
    159  8.170273701025040E-001  4.713698676004292E+002
    160  8.216667698294570E-001  8.420268761218786E+003
    161  8.191631638597469E-001  5.024217045740994E+003
    162  8.161865297780562E-001  3.293416646209150E+002
    163  8.304138190122823E-001  2.820635054665996E+004
    164  8.400624827795170E-001  4.908546622148998E+004
    165  8.177835873661404E-001  3.565709337158526E+004
    166  7.990212958080132E-001  6.018274761045162E+003
    167  7.925439305066846E-001  7.602660301844400E+002
    168  7.868091324291351E-001  1.092560648125146E+003
    169  7.885591916280115E-001  5.228983367448443E+003
    170  7.801243507107529E-001  3.889601054598529E+002
    171  7.765002848187386E-001  7.069219869801535E+002
    172  7.780748129391060E-001  5.103897492474206E+003
    173  7.728805788670189E-001  4.022602888495056E+003
    174  7.685660144704807E-001  2.188372292700013E+003
    175  7.653983129038502E-001  1.789143899729032E+002
    176  7.655499901655569E-001  9.886363626434777E+002
    177  7.655210552867001E-001  2.431301732824375E+003
    178  7.621544498563345E-001  2.697484845972516E+000
    179  7.591818674753400E-001  2.658975664006093E+002
    180  7.607420743479684E-001  6.235561417771040E+003
    181  7.563014424508597E-001  2.772503335710285E+002
    182  7.599309776373288E-001  8.336822382420347E+003
    183  7.566132275464154E-001  5.415710919319372E+003
    184  7.514194311212568E-001  2.551038806373475E+003
    185  7.575411417130393E-001  1.328641269898265E+004
    186  7.515214237698197E-001  6.566702955247973E+003
    187  7.467996275625294E-001  6.369967408007012E+002
    188  7.595177251386813E-001  2.456923209692605E+004
    189  7.433647707098646E-001  4.140770963941345E+002
    190  7.442883486928560E-001  3.966591915855713E+003
    191  7.367186015731023E-001  2.565825044169101E+003
    192  7.361637038540457E-001  1.812849923247309E+003
    193  7.342046267258447E-001  6.233788965135170E+003
    194  7.306504573088149E-001  6.920864835495548E+002
    195  7.301636605546469E-001  5.726409641047962E+003
    196  7.280539039393077E-001  3.913596450560605E+003
    197  7.255054624428613E-001  2.229512353157177E+003
    198  7.320174097641605E-001  1.471783934709931E+004
    199  7.298514924751290E-001  1.172249024720209E+004
    200  7.222957472329650E-001  4.194915412580010E+001
    201  7.230897407466818E-001  1.812730365607312E+003
    202  7.241225422310810E-001  3.965760204525481E+003
    203  7.216975581134332E-001  3.747387750631414E+002
    204  7.218170014989339E-001  1.178828802914115E+003
    205  7.224822972263145E-001  3.039393185073990E+003
    206  7.215185168843788E-001  1.724411972013470E+003
    207  7.249119607447710E-001  7.716111819227063E+003
    208  7.208765725024200E-001  1.543588267235635E+003
    209  7.201533641204201E-001  5.274227053227067E+002
    210  7.202496693963660E-001  1.263124831778390E+003
    211  7.195205478982959E-001  5.792938903075565E+002
    212  7.212973739743089E-001  4.916126118731515E+003
    213  7.185465914105722E-001  1.073665138660763E+003
    214  7.177990081498093E-001  1.000677936188975E+003
    215  7.170741733307976E-001  7.036121862050360E+002
    216  7.164960410951607E-001  2.635822963727199E+002
    217  7.173316274318291E-001  1.746831136995223E+003
    218  7.174515853566766E-001  3.007149535244377E+003
    219  7.153120496413486E-001  2.015362857768042E+002
    220  7.137129064882811E-001  3.189990375648738E+002
    221  7.144323493025780E-001  3.157166667435920E+003
    222  7.132266571525793E-001  1.442384606838497E+003
    223  7.156033942102139E-001  9.292621135765638E+003
    224  7.088178730858277E-001  7.077315068697571E+001
    225  7.082180803548171E-001  1.024501563718174E+002
    226  7.084060899547072E-001  1.779801173020778E+003
    227  7.072975891418877E-001  8.376208013109688E+001
    228  7.060091876425357E-001  3.841268659695054E+001
    229  7.094775091060925E-001  1.216619682436000E+004
    230  6.962922634637251E-001  4.881762353570083E+003
    231  6.877554327931159E-001  1.638666678965492E+003
    232  6.914884175023858E-001  8.742105597067275E+003
    233  6.878759939015758E-001  5.610347388299906E+003
    234  6.834983448624092E-001  6.280952067956888E+002
    235  6.797460199025382E-001  5.726345909556918E+001
    236  6.827311148622354E-001  7.564923751685172E+003
    237  6.784974375286340E-001  1.865221473266758E+003
    238  6.794722314936207E-001  3.815307042979518E+003
    239  6.774302679972376E-001  1.739589319803546E+003
    240  6.772563254229105E-001  3.392420675711724E+003
    241  6.776175141140320E-001  6.095956290607600E+003
    242  6.738332037979741E-001  7.964569462682199E+002
    243  6.719824823923954E-001  1.407695760007031E+002
    244  6.718575738311877E-001  6.874183826920522E+002
    245  6.759789592228693E-001  8.966542299143011E+003
    246  6.647642182001917E-001  3.133553129901381E+003
    247  6.632067059364947E-001  1.295149230917436E+003
    248  6.785114267534633E-001  2.869137213983223E+004
    249  6.573702797183680E-001  5.149331306290435E+003
    250  6.538793386605782E-001  2.009490881806642E+002
    251  6.502314524840259E-001  5.582939808289823E+003
    252  6.438998394256530E-001  9.532598152278440E+001
    253  6.534552753579770E-001  2.010428410792458E+004
    254  6.459455916425509E-001  1.044792794709189E+004
    255  6.435589304602007E-001  1.044036803280626E+004
    256  6.375259302261539E-001  1.509818630837786E+003
    257  6.349090234025084E-001  4.853742804100169E+002
    258  6.380297882281947E-001  9.915842915337927E+003
    259  6.327021171931194E-001  3.427427658057806E+003
    260  6.270835918417521E-001  4.458289767295649E+002
    261  6.258738328923462E-001  8.903545451606542E+002
    262  6.247952420271539E-001  5.052634019286725E+002
    263  6.239800668809397E-001  1.720848838320799E+001
    264  6.247122317083091E-001  2.912707208161095E+003
    265  6.225706266060876E-001  5.802696999577905E+001
    266  6.225112982433089E-001  3.826513550247018E+002
    267  6.222808645902791E-001  2.292422416154453E+002
    268  6.217324056992711E-001  3.003812281935324E+001
    269  6.215880948700958E-001  2.160118416393588E+002
    270  6.214240747117734E-001  3.199174022877539E+002
    271  6.208481050357129E-001  1.651737717238927E+002
    272  6.224176230192946E-001  3.422193607569679E+003
    273  6.206977987376987E-001  7.072007292014199E+002
    274  6.216490174745308E-001  2.393749680606081E+003
    275  6.212468591479388E-001  1.905066484826833E+003
    276  6.198097462802666E-001  4.796153796322678E+002
    277  6.195598100747667E-001  1.612277252023576E+002
    278  6.195266508752850E-001  4.567895712612429E+002
    279  6.204107592863546E-001  2.387597416822028E+003
    280  6.200011253581136E-001  2.030499785552913E+003
    281  6.199028492389959E-001  2.367799339833786E+003
    282  6.206841045161104E-001  5.125439379227825E+003
    283  6.184276272542213E-001  1.360009820489721E+003
    284  6.145770038129776E-001  1.529106288235903E+002
    285  6.148798254312062E-001  9.385384285943477E+002
    286  6.114517609399129E-001  2.173930760468818E+001
    287  6.114794860593884E-001  1.633936144146506E+002
    288  6.083775543648349E-001  2.832760107167043E+003
    289  6.064618709898673E-001  2.639008886219876E+003
    290  6.084499603679331E-001  6.622988098381764E+003
    291  6.108798517591957E-001  1.100050902621689E+004
    292  6.039353696368314E-001  6.149779985803133E+002
    293  6.150363806395285E-001  2.018628461663113E+004
    294  6.054001960054162E-001  5.640136211170699E+003
    295  6.043250168827142E-001  4.111284714313882E+003
    296  6.094306637246051E-001  1.361008157452593E+004
    297  6.137902668276030E-001  2.227913048701361E+004
    298  6.113966025713116E-001  2.248695966594976E+004
    299  6.003194001124590E-001  4.136297856088225E+003
    300  6.090793520829585E-001  2.281898077315653E+004
    301  6.102300858365322E-001  2.605214965816807E+004
    302  5.953996752462751E-001  1.470706839537433E+003
    303  5.919295433634948E-001  2.407158271144023E+003
    304  5.886440433789273E-001  1.304316697941405E+003
    305  5.844239182607776E-001  7.537304189620280E+002
    306  5.852125184257064E-001  3.435872790124063E+003
    307  5.832101399557572E-001  8.187458604975212E+002
    308  5.885919892318429E-001  9.953884024931975E+003
    309  5.823982784495858E-001  1.363688958175568E+003
    310  5.824189032346436E-001  3.068649191477617E+003
    311  5.796568428132569E-001  6.547160416727133E+002
    312  5.797600444784156E-001  1.274640312750897E+003
    313  5.789017996150372E-001  1.792545729667712E+002
    314  5.786017765091271E-001  9.170161301244153E+002
    315  5.777366503798562E-001  1.898087572577332E+002
    316  5.773803060283422E-001  1.596491329493511E+002
    317  5.768977458834303E-001  1.054777917685171E+003
    318  5.791261397162552E-001  4.994301420783507E+003
    319  5.758526550956253E-001  5.628342722618818E+002
    320  5.766771130971781E-001  3.146353688801530E+003
    321  5.753406412075026E-001  1.449021063810988E+003
    322  5.741786159588887E-001  6.806951166983614E+002
    323  5.740758132797991E-001  5.961558553887866E+002
    324  5.738448286263302E-001  1.230450148611115E+003
    325  5.721850194441193E-001  3.766002830499228E+003
    326  5.708835142066208E-001  1.723466307290392E+003
    327  5.709111456896766E-001  1.998755166633732E+003
    328  5.692683256308835E-001  9.328902183279469E+001
    329  5.719751064298202E-001  9.206328705859323E+003
    330  5.740694473149058E-001  1.492247744755039E+004
    331  5.601605595624031E-001  4.042729691698668E+003
    332  5.575087785610575E-001  4.093081563196079E+002
    333  5.557014317074161E-001  2.683834345727773E+003
    334  5.535319568305103E-001  1.032610649407186E+003
    335  5.547028938042167E-001  6.186575645971038E+003
    336  5.430643121080914E-001  1.738427220581854E+003
    337  5.383869449634704E-001  6.393748571022890E+002
    338  5.352433649849737E-001  1.752557351449247E+003
    339  5.229771701961901E-001  5.356403262128362E+002
    340  5.231978132938678E-001  2.263769990108156E+003
    341  5.267730055322768E-001  9.662708439755615E+003
    342  5.187943516534760E-001  1.333390523633527E+002
    343  5.193129536224896E-001  2.507262829863059E+003
    344  5.191970523052741E-001  4.150275747387840E+003
    345  5.130476896886671E-001  2.412199265849611E+002
    346  5.193549837465009E-001  1.171629962380514E+004
    347  5.174615744760003E-001  8.779218239868751E+003
    348  5.100900627236156E-001  5.074429866830995E+003
    349  5.073184117196969E-001  7.363319131846273E+002
    350  5.053888174347005E-001  6.430851035198008E+001
    351  5.053443932773166E-001  1.199159721734640E+003
    352  4.956164080531102E-001  2.271555337430260E+003
    353  4.925736383831268E-001  8.382330667456110E+001
    354  4.918134266582204E-001  1.465628233454094E+002
    355  4.911048290845257E-001  1.131314827034022E+003
    356  4.883503690177841E-001  7.097027503038021E+003
    357  4.831505930368867E-001  2.609428070894609E+003
    358  4.934212559972541E-001  2.122501722269335E+004
    359  4.774617716935101E-001  1.264454034457991E+003
    360  4.666620905720500E-001  1.100596573459830E+003
    361  4.649995991133693E-001  5.765595809232519E+002
    362  4.627941499309141E-001  7.174751477426713E+001
    363  4.621592901275515E-001  5.206157259458556E+000
    364  4.614958511792850E-001  4.262104920887343E+002
    365  4.598457618033545E-001  8.746406030668478E+002
    366  4.592050840675860E-001  1.686875165161470E+002
    367  4.586700057310600E-001  7.492153010680619E+002
    368  4.573728208700303E-001  1.186023929515938E+002
    369  4.566471855815684E-001  2.049862978032282E+002
    370  4.557261195869025E-001  2.464163957625948E+002
    371  4.546712382082915E-001  5.517892388716934E+001
    372  4.544706870847333E-001  2.332937025479870E+002
    373  4.537090429963587E-001  4.401618943423361E+001
    374  4.545064964106019E-001  2.324358395573807E+003
    375  4.530208077625522E-001  1.283504722364265E+002
    376  4.543615135250287E-001  2.520100278866981E+003
    377  4.528337606523106E-001  6.778498390667571E+002
    378  4.509252302657890E-001  5.399569918221193E+003
    379  4.511312587289016E-001  5.904302062039996E+003
    380  4.477753929637344E-001  3.517179739167521E+003
    381  4.465058370634520E-001  1.937806487661564E+003
    382  4.400782665724819E-001  1.424591800017204E+003
    383  4.398759279828810E-001  2.171031037021121E+003
    384  4.696947265349476E-001  5.937587725553231E+004
    385  4.294128446022443E-001  5.645627201132465E+003
    386  4.463260687024568E-001  4.259968621170433E+004
    387  4.156662815513303E-001  8.036384405834982E+003
    388  4.005533325313691E-001  1.200215832750991E+001
    389  4.003626507018559E-001  1.628112720830125E+003
    390  4.094334805172090E-001  1.807226770383239E+004
    391  4.046045963734461E-001  1.122725019298960E+004
    392  4.022216154541954E-001  1.668940378906653E+004
    393  3.931971087989339E-001  3.357424236016726E+004
    394  3.538949412117741E-001  1.128507272817683E+003
    395  3.568425078020949E-001  6.796015766657561E+003
    396  3.520431477730355E-001  1.456908583148080E+003
    397  3.512913724824284E-001  3.481184428864599E+002
    398  3.509423958418624E-001  9.735803985186955E+002
    399  3.513482763750420E-001  1.877891460222986E+003
    400  3.551624541186618E-001  9.134750938458737E+003
    401  3.502078354993047E-001  2.159034962149901E+003
    402  3.527709595539023E-001  8.912342684444679E+003
    403  3.498253299874799E-001  5.783400893894846E+003
    404  3.468692283543385E-001  9.499656198190429E+002
    405  3.487567067393698E-001  5.703147679010794E+003
    406  3.446178375048198E-001  3.862193068098073E+000
    407  3.492217161176889E-001  9.235733457228607E+003
    408  3.421107035264554E-001  3.065542736213390E+001
    409  3.429292975723636E-001  3.215738446719988E+003
    410  3.408786593217472E-001  1.855003159436673E+002
    411  3.405311732041366E-001  1.626100026067376E+003
    412  3.385398453591333E-001  1.734155552477190E+001
    413  3.432853554050592E-001  9.608676117526787E+003
    414  3.379038429350255E-001  7.112268942127333E+002
    415  3.443002093643432E-001  1.169451577041501E+004
    416  3.372360970638238E-001  2.963410221506880E+002
    417  3.357996033878486E-001  1.771524473737925E+003
    418  5.676640754717033E-001  3.924625812143746E+005
    419  3.399558909100747E-001  1.156163658107764E+004
    420  3.313646730355170E-001  3.764049608248572E+002
    421  3.310474934851137E-001  9.160610164650370E+002
    422  3.488095314709674E-001  3.228218676322207E+004
    423  3.388724621170796E-001  1.804590554580132E+004
    424  3.267209393818221E-001  7.909279176073652E+001
    425  3.824665714704151E-001  9.519280194432412E+004
    426  3.337332102383369E-001  1.493024426595084E+004
    427  3.287603909264893E-001  8.277434447969650E+003
    428  3.228223658365298E-001  2.463370315475917E+001
    429  3.225284631293575E-001  7.966035809552432E+001
    430  3.254612392326464E-001  5.244734141676040E+003
    431  3.279540121595863E-001  9.743764629050536E+003
    432  3.216092874802475E-001  9.182269396503773E+001
    433  3.216090034919086E-001  2.972901692132870E+002
    434  3.236169545905154E-001  4.453218290552632E+003
    435  3.207516979682468E-001  2.079775557541391E+002
    436  3.280585623864871E-001  1.284656186554303E+004
    437  3.198312501185180E-001  7.813052173443545E+001
    438  3.301455788803894E-001  1.750507449793702E+004
    439  3.182801213991789E-001  1.125407887486243E+001
    440  3.190661403526778E-001  2.778445846742774E+003
    441  3.162444146906406E-001  2.590999496478124E+002
    442  3.162873360181934E-001  8.520580402351583E+002
    443  3.146973901781881E-001  4.427301103462086E+000
    444  3.127219513125775E-001  1.149702536282271E+003
    445  3.180435747483721E-001  1.184032079670033E+004
    446  3.120045980156864E-001  2.835685520298557E+003
    447  3.067584488780836E-001  1.019618608377654E+002
    448  3.057986019344895E-001  9.734398916958098E+002
    449  3.055755371868578E-001  1.720534249318523E+003
    450  3.058625820786441E-001  3.748269025415517E+003
    451  3.038670597103915E-001  1.080738410537806E+003
    452  3.055120947330039E-001  4.750908458699842E+003
    453  3.071134747326226E-001  7.818460582559827E+003
    454  3.059039782611035E-001  8.919907538950672E+003
    455  3.003421760544704E-001  3.488364981155944E+002
    456  3.020919061523781E-001  3.389776806401168E+003
    457  2.990271755575828E-001  1.730155156781411E+002
    458  2.992266680123059E-001  2.304097571842413E+003
    459  2.975484554313958E-001  2.216412333306451E+003
    460  2.949617551698013E-001  1.791355461860435E+003
    461  2.929290352053087E-001  1.180269198439286E+002
    462  2.977912215233137E-001  8.614558040403481E+003
    463  2.921828685480141E-001  1.900305249429607E+002
    464  2.950294535799158E-001  5.160926566402212E+003
    465  2.917577341769439E-001  2.603060022441804E+002
    466  2.924149995552131E-001  1.902678196310954E+003
    467  2.919686687226881E-001  1.386215887316303E+003
    468  2.922088515034387E-001  1.840903927937321E+003
    469  2.905142171188003E-001  1.043159394093828E+002
    470  2.904787689457300E-001  3.152628643746341E+002
    471  2.903270721521686E-001  2.161041882687535E+002
    472  2.927134440364808E-001  4.322375726323361E+003
    473  2.898994506937461E-001  2.893185006790408E+002
    474  2.959414474976299E-001  1.062394580148458E+004
    475  2.896702588083854E-001  8.709359096254633E+002
    476  2.889040928681381E-001  1.192127131929560E+002
    477  2.897885223368269E-001  1.778838500549728E+003
    478  2.884992483509428E-001  4.213513305534104E+002
    479  2.917859863333613E-001  6.807212853521433E+003
    480  2.882996347946931E-001  1.141591232516709E+003
    481  2.875729990204039E-001  3.083543111213857E+002
    482  2.879034042749010E-001  1.006677932036842E+003
    483  2.882768479052324E-001  1.999234399929062E+003
    484  2.870503049701926E-001  2.298287282669827E+002
    485  2.884578451124707E-001  2.951049618572838E+003
    486  2.871100110025773E-001  8.750074592081554E+002
    487  2.873216331704239E-001  1.694751156293531E+003
    488  2.860608264207079E-001  8.003901258781792E+001
    489  2.864349544231723E-001  1.086900473207421E+003
    490  2.854984983056456E-001  4.718822505347577E+000
    491  2.855303419288631E-001  1.108009519710915E+003
    492  2.881380305005873E-001  5.992958123567126E+003
    493  2.822711250404768E-001  1.919193453750848E+003
    494  2.818144021136579E-001  1.473083538655804E+003
    495  2.810074856518792E-001  1.961710229613530E+003
    496  2.792465566174985E-001  3.762616881967349E+001
    497  2.795558243880286E-001  1.622994041203517E+003
    498  2.772033528550073E-001  8.951270429986561E+002
    499  2.762966530828715E-001  2.218044280365312E+000
    500  2.764501841603115E-001  1.170226004620395E+003
    501  2.749224164080944E-001  1.865362161897203E+000
    502  2.746841538582296E-001  7.258375105374608E+002
    503  2.738554808722877E-001  3.749091584180347E+003
    504  2.728190146491544E-001  3.614315883740448E+003
    505  2.701337379308226E-001  1.396213205630178E+003
    506  2.690618122511708E-001  6.079161798943028E+001
    507  2.718411482701529E-001  5.513641029503604E+003
    508  2.683119851051577E-001  9.376844763942661E+001
    509  2.679964241812426E-001  4.608675887475130E+001
    510  2.694621084829380E-001  2.756932097849514E+003
    511  2.677963218195171E-001  2.360294875838021E+002
    512  2.695504698512732E-001  3.478594559161902E+003
    513  2.674563414680682E-001  1.592983435553613E+002
    514  2.680158201859613E-001  1.157278836680005E+003
    515  2.676357724209933E-001  6.721955005654527E+002
    516  2.674286181763710E-001  5.716517878872954E+002
    517  2.672693365458557E-001  5.060994687653636E+002
    518  2.677133374994696E-001  1.286828922856892E+003
    519  2.676301817487681E-001  1.163352849010495E+003
    520  2.668658574950751E-001  1.047077000660116E+001
    521  2.670132909232781E-001  6.878896758635697E+002
    522  2.608554283069921E-001  1.772214114952159E+002
    523  2.607638569143423E-001  8.106910114898337E+002
    524  2.617850182130350E-001  2.748410486004273E+003
    525  2.599481973135724E-001  3.615034276615572E+002
    526  2.596209602766942E-001  3.618101604820747E+002
    527  2.595950012757885E-001  1.081504486082291E+003
    528  2.592350481864807E-001  5.714094311861951E+002
    529  2.589513934993746E-001  3.102004907204894E+002
    530  2.559178673510687E-001  2.443442071253785E+003
    531  2.561009551042625E-001  4.757494684981451E+003
    532  2.521287603438746E-001  6.167263318581995E+002
    533  2.486549824747793E-001  7.946269862941725E+002
    534  2.478401978300447E-001  5.884869703822047E+002
    535  2.051829017268805E-001  2.811173481233781E+004
    536  1.949031809551692E-001  1.191812687324763E+004
    537  2.176065131420533E-001  5.938218105780801E+004
    538  1.278326519158888E-001  1.480710523795921E+004
    539  1.129209445388518E-001  4.818814577975742E+004
    540  8.321264373870137E-002  4.406183330964924E+003
    541  8.064643998889817E-002  4.642254205674038E+002
    542  8.061008414122225E-002  7.092444421243380E+002
    543  8.009286273533636E-002  1.574854501944867E+003
    544  1.007276195094953E-001  4.020706312798600E+004
    545  7.712231324219165E-002  1.164603388085940E+003
    546  1.114540436734343E-001  5.877433441604217E+004
    547  5.408703509470053E-001  7.796933805696052E+005
    548  7.716452839471506E-002  2.014881751973482E+003
    549  9.721791957536566E-002  3.658533361114261E+004
    550  7.834378043911375E-002  5.078078422914808E+003
    551  1.076480113054250E-001  5.444026670338438E+004
    552  1.178734227766752E-001  7.169378592995740E+004
    553  7.776819700615523E-002  4.673144180173413E+003
    554  9.092212863515188E-002  2.781382455400827E+004
    555  7.458619982238268E-002  5.892512870955248E+002
    556  7.364833504018349E-002  2.258226252450127E+002
    557  7.563751339504871E-002  3.632042233938084E+003
    558  7.347631996859919E-002  3.277854904606291E+002
    559  7.454998038629849E-002  2.197802074544602E+003
    560  7.370542093287363E-002  1.769580043097909E+003
    561  7.267869009734905E-002  1.881762998902932E+002
    562  7.274725457406075E-002  4.045216041083173E+002
    563  1.362326034670597E-001  1.070073467761003E+005
    564  7.433568955900761E-002  3.433903374738487E+003
    565  7.253730831416058E-002  6.224332161319979E+002
    566  1.705964739306821E-001  1.652392055565289E+005
    567  7.211548882346944E-002  3.526859808764722E+002
    568  7.277758160814399E-002  2.346163851630720E+003
    569  7.144386338398669E-002  1.600997201954962E+002
    570  7.943655483913596E-002  1.370994074389061E+004
    571  7.135787139116553E-002  5.813100785566897E+002
    572  7.230503364471606E-002  2.364071577388683E+003
    573  7.140648584411902E-002  9.096295260910268E+002
    574  7.078900187795156E-002  5.782803020288046E+001
    575  7.371144653460240E-002  5.131641680375426E+003
    576  7.294316362466509E-002  4.028641805163863E+003
    577  7.080905154250601E-002  4.725129013503067E+002
    578  7.057858194181536E-002  2.236899695782080E+002
    579  7.050082423842370E-002  1.297431576605234E+002
    580  7.173825222062293E-002  2.280605069697641E+003
    581  7.035686851495315E-002  2.954398605860689E+000
    582  7.091559392241378E-002  1.170300915056627E+003
    583  7.030427942017867E-002  2.863003671812905E+002
    584  7.021891244223490E-002  4.924644501874118E+002
    585  7.041777939085575E-002  9.225279353130742E+002
    586  6.981281207680357E-002  1.303255474650033E+002
    587  6.994371615858261E-002  3.951986039220071E+002
    588  7.368539462960220E-002  6.722547160403483E+003
    589  6.976528371108952E-002  3.142836097323180E+002
    590  6.958611431186405E-002  5.748810570611104E+001
    591  6.949820000439401E-002  9.699209870220034E+001
    592  7.065859343668725E-002  2.045979940288385E+003
    593  7.020132876959749E-002  1.479662698972023E+003
    594  6.941286426641112E-002  3.645689047569285E+002
    595  6.925367228337649E-002  2.426518993950189E+002
    596  6.915452138534812E-002  2.586029339411248E+002
    597  6.904623808929954E-002  9.437034198082488E+001
    598  6.886113574513078E-002  1.085783338376115E+001
    599  6.932951708494638E-002  8.776947876025496E+002
    600  6.878934052880521E-002  2.377463583913122E+002
    601  6.869584612099286E-002  9.128861828511549E+001
    602  6.961184254854631E-002  1.657478278615002E+003
    603  6.860477195500528E-002  1.952401563732272E+001
    604  6.945539265030386E-002  1.575468893598822E+003
    605  6.869779295915703E-002  4.869359597639270E+002
    606  6.836158469873031E-002  9.449013113586910E+000
    607  6.844552633246964E-002  1.585406569377625E+002
    608  6.833418797442578E-002  1.369840306802166E+002
    609  6.855696199382932E-002  5.764735902231170E+002
    610  6.836043737354214E-002  2.550631415549122E+002
    611  6.827529173553833E-002  1.305648397738444E+002
    612  6.815737613153183E-002  4.527813584615880E+000
    613  6.922689909329335E-002  1.945101376976691E+003
    614  6.804951156458548E-002  2.902211091567128E+001
    615  6.832335912085280E-002  5.316702084540602E+002
    616  6.814203546243185E-002  3.090577863782402E+002
    617  6.814693114643983E-002  3.671295645288861E+002
    618  6.836599575451589E-002  1.033705178894859E+003
    619  6.774687806271305E-002  6.703939965140925E+001
    620  6.762672687519201E-002  6.175844781507437E-001
    621  6.787056436640503E-002  4.479520972645184E+002
    622  6.769437181222678E-002  2.192472364930300E+002
    623  6.770376288438260E-002  3.166495679563275E+002
    624  6.762449891461195E-002  2.536743202912518E+002
    625  6.745444543845566E-002  7.438570307553651E+001
    626  6.740997125386006E-002  9.726077183361458E+001
    627  6.736002358031289E-002  6.365811156422913E+001
    628  6.721298647954699E-002  1.306907087021818E+001
    629  6.712817392058160E-002  4.682033317232958E+000
    630  6.718195111664030E-002  1.031382979942074E+002
    631  6.712552864136273E-002  4.809575926124575E+001
    632  6.746755707697817E-002  6.604929956581040E+002
    633  6.715140457929114E-002  1.457999714881098E+002
    634  6.706149245591189E-002  9.888582033096291E+001
    635  6.709721998322879E-002  2.474237264889351E+002
    636  6.712898227220158E-002  3.040376165976982E+002
    637  6.694986023729523E-002  9.359479458905140E+001
    638  6.688693580123513E-002  8.322034893494219E+000
    639  6.713170076698941E-002  4.635863629634887E+002
    640  6.686615220157610E-002  5.090706957566664E+001
    641  6.693352220235745E-002  1.969765304657048E+002
    642  6.681543491197481E-002  6.369636051476183E+001
    643  6.693134465338126E-002  3.115830811700856E+002
    644  6.673848471685684E-002  4.095003422263419E+001
    645  6.679457262945399E-002  1.525347017899425E+002
    646  6.672239168934753E-002  1.172921732817151E+002
    647  6.662274916475738E-002  3.494330033778980E-001
    648  6.663199978074427E-002  5.339173162523036E+001
    649  6.669121690648973E-002  2.211204789268898E+002
    650  6.653900435512017E-002  1.188819444300640E+002
    651  6.648848116390373E-002  5.372821326236647E+001
    652  6.633375322499169E-002  1.728787456691567E-001
    653  6.632014009853557E-002  1.403964337385018E+001
    654  6.646842654855496E-002  5.155883364049417E+002
    655  6.623639181882945E-002  2.305845714256518E+002
    656  6.617822553828938E-002  2.150285026313755E+002
    657  6.603890596701048E-002  7.062714459032726E+001
    658  6.633714615729724E-002  5.910357023962140E+002
    659  6.615366169506171E-002  4.080247945078556E+002
    660  6.580923421936700E-002  5.988228970912338E+001
    661  6.606525294173467E-002  5.198829309203120E+002
    662  6.571697184247800E-002  1.754737194512775E+001
    663  6.601489798543039E-002  8.429056016828664E+002
    664  6.544825355796548E-002  3.327409696663140E+001
    665  6.542204651244923E-002  8.658661449792469E+001
    666  6.547844528429235E-002  4.070828211173687E+002
    667  6.540662424275735E-002  6.631835100551144E+002
    668  6.501214199052827E-002  4.048227252523069E+001
    669  6.535946166150913E-002  8.060417115400491E+002
    670  6.493677217988261E-002  1.679026866483272E+002
    671  6.468708654870799E-002  1.144248982105922E+002
    672  6.480463814246547E-002  3.306044812789958E+002
    673  6.459596583547153E-002  1.463868248270782E+002
    674  6.461511694394667E-002  3.361964502177300E+002
    675  6.439864176642685E-002  6.226687898146940E+001
    676  6.425613692642779E-002  1.254957742467275E+002
    677  6.401820030964703E-002  5.755637875907248E+001
    678  6.417385765662866E-002  6.639760810852932E+002
    679  6.364755777951969E-002  7.229196943398942E+001
    680  6.448411130766590E-002  1.612720515549230E+003
    681  6.387019573096893E-002  6.884835797206111E+002
    682  6.345902576761640E-002  1.871988756013271E+002
    683  6.357117294349682E-002  3.899068654847076E+002
    684  6.340948870476334E-002  1.790009908392815E+002
    685  6.331063549265173E-002  5.722391539896636E+001
    686  6.359318163367732E-002  5.606437915302835E+002
    687  6.367015578540923E-002  7.332433212913826E+002
    688  6.321595968731232E-002  2.567515615464452E+001
    689  6.347512135424133E-002  5.556977450490772E+002
    690  6.331369423000920E-002  4.458879465753942E+002
    691  6.346149928925271E-002  8.025836896461528E+002
    692  6.297500130356852E-002  5.086208374270179E+000
    693  6.294514584651875E-002  1.417294888110983E+001
    694  6.377229811120212E-002  1.397600784599694E+003
    695  6.300580267672266E-002  1.748344014250035E+002
    696  6.280937778850246E-002  4.658645613866614E+001
    697  6.345734723574287E-002  1.145346479483227E+003
    698  6.421582204214925E-002  2.515774489702417E+003
    699  6.270180058571780E-002  4.942020200262403E+001
    700  6.287514184645811E-002  4.626202140519583E+002
    701  6.252157419858898E-002  3.296564298473736E+000
    702  6.265137853011284E-002  2.591178160010929E+002
    703  6.241824561509959E-002  2.956272394393602E+001
    704  6.227948977350486E-002  2.789063362338999E+000
    705  6.216489607226038E-002  3.380167263035767E+001
    706  6.225458885263464E-002  3.978646807231034E+002
    707  6.191207783111249E-002  6.136405279168766E+001
    708  6.251733149669360E-002  1.119295340879591E+003
    709  6.184952511050846E-002  9.705909045136919E+001
    710  6.240853826462606E-002  1.064433751457811E+003
    711  6.166381066562126E-002  2.247959282701156E+001
    712  6.235683930522191E-002  1.357770443845279E+003
    713  6.163381171553753E-002  2.282727204645161E+002
    714  6.150219412001735E-002  3.950981134079155E+001
    715  6.145899865855291E-002  3.859813341022384E+001
    716  6.193316512578181E-002  8.825090926852454E+002
    717  6.178772711787248E-002  8.027350649794899E+002
    718  6.124049704896380E-002  1.726139154882583E+000
    719  6.164906231244061E-002  6.992896088205310E+002
    720  6.104723039245231E-002  6.825875344335961E+000
    721  6.108115293852417E-002  1.752066512673107E+002
    722  6.098519351687188E-002  3.905000953145524E+001
    723  6.092147409415472E-002  4.054519487755138E+000
    724  6.108826574353484E-002  3.440284695480511E+002
    725  6.277062102557940E-002  3.189849606342114E+003
    726  6.075549519694298E-002  9.731270985869251E+000
    727  6.117061993266756E-002  8.543789007062256E+002
    728  6.065730398087150E-002  1.857309001659233E+001
    729  6.063154715381185E-002  1.903452810135270E+001
    730  6.081020370966436E-002  4.832578189701591E+002
    731  6.063476266128307E-002  2.221616138927396E+002
    732  6.053898867023572E-002  6.664143418744192E+001
    733  6.057565823738995E-002  2.371866159089828E+002
    734  6.043205145704893E-002  1.568556073142417E+000
    735  6.040611434657472E-002  1.136178333613496E+001
    736  6.035636795988138E-002  3.997309440761986E+000
    737  6.038920115217526E-002  6.320509636396852E+001
    738  6.042291248703992E-002  2.643103411622134E+002
    739  6.027457721075106E-002  2.156843199361813E+001
    740  6.026134335809988E-002  3.314383949251150E+000
    741  6.069560795665599E-002  7.550153438845191E+002
    742  6.055614067875104E-002  5.676872083743636E+002
    743  6.018561575795560E-002  1.198117146659421E+000
    744  6.014280806801432E-002  9.288835726025246E+001
    745  6.045020721013319E-002  6.596734745509958E+002
    746  6.006336156915432E-002  1.790241385719228E+002
    747  5.995372603297019E-002  1.521061106168409E+001
    748  5.997361731152470E-002  1.110331241761920E+002
    749  6.008853135006174E-002  4.129472553772043E+002
    750  5.982676968448812E-002  7.846159361719800E+000
    751  5.984964282825216E-002  1.463146069362412E+002
    752  5.968685133955278E-002  1.764376428369661E+000
    753  5.959795576217620E-002  7.706696909493110E+000
    754  5.959775405342367E-002  4.320858193387139E+001
    755  5.972592402112502E-002  2.581888487395028E+002
    756  5.966989197227088E-002  2.941457143955313E+002
    757  5.959262720720028E-002  2.823591984170323E+002
    758  5.936758707231152E-002  3.726025252598856E+001
    759  5.925418308816411E-002  2.089260923122209E+000
    760  5.918138685194926E-002  1.802439969806138E+002
    761  5.903282160486112E-002  3.088702080236480E+001
    762  5.916927813964493E-002  3.878545575673177E+002
    763  5.893979636385960E-002  5.535428176947381E+002
    764  5.851828062652286E-002  3.137396774921393E+001
    765  5.939553524295012E-002  1.695960042758067E+003
    766  5.834705426750975E-002  1.970052837246395E+001
    767  5.812630392647637E-002  3.727087372474190E+001
    768  5.898069503036175E-002  1.656636686166339E+003
    769  5.832167447229957E-002  8.077001829238660E+002
    770  5.784381371830784E-002  5.250361826966532E+001
    771  5.784437526290827E-002  2.831323400564494E+002
    772  5.803382623237562E-002  1.091354805279101E+003
    773  5.713585451978176E-002  3.443240021065346E+000
    774  5.737201336468035E-002  7.228404736092572E+002
    775  5.661373361261719E-002  1.920216397804656E+000
    776  5.645736007773619E-002  1.725256963466261E+001
    777  5.764236254551997E-002  2.020134729336347E+003
    778  5.709842219053560E-002  1.727578210022130E+003
    779  5.604782569709261E-002  1.586393820171345E+001
    780  5.617662143852226E-002  2.921169586467469E+002
    781  5.580620427426637E-002  5.878869747681042E+001
    782  5.572479201478725E-002  8.504433808778155E+001
    783  5.696694406290017E-002  2.186916203400653E+003
    784  5.623689537162140E-002  1.053621786956046E+003
    785  5.689808689941589E-002  2.254278328345904E+003
    786  5.554678737938554E-002  4.120221655490379E+001
    787  5.553226416695264E-002  1.136055842709224E+002
    788  5.539158685650457E-002  9.746970421120599E+000
    789  5.558909120533344E-002  4.245739574726542E+002
    790  5.536051622185786E-002  9.032670953029412E+001
    791  5.585895255200863E-002  9.886933511783277E+002
    792  5.525788009884668E-002  3.064665051945051E+001
    793  5.537365915523176E-002  3.142890594038757E+002
    794  5.516412156840188E-002  5.261431523649696E+001
    795  5.540102533055515E-002  4.835278579544808E+002
    796  5.506692413727687E-002  1.631969819428665E+002
    797  5.494738843330307E-002  1.651390830890472E+002
    798  5.485073968274994E-002  5.984323272746290E+000
    799  5.508305292148415E-002  4.972181414718495E+002
    800  5.484088260111333E-002  1.321239976306778E+002
    801  5.467472363822398E-002  1.556280364747662E+000
    802  5.492895500046983E-002  5.876180125756752E+002
    803  5.455852269013931E-002  1.857618607638122E+002
    804  5.443893197866371E-002  7.144217180686044E+001
    805  5.424289795235023E-002  2.025731903238708E+001
    806  5.416545622955591E-002  3.261045386630201E+000
    807  5.458157940112126E-002  7.326431254321366E+002
    808  5.418675352209371E-002  1.683622807254379E+002
    809  5.384551422035364E-002  4.222056091229110E+001
    810  5.446149834398175E-002  1.134027697452797E+003
    811  5.370030217190740E-002  6.250641827599797E+000
    812  5.378630435342516E-002  2.378848516481633E+002
    813  5.454294189160912E-002  1.670194142082970E+003
    814  5.349269078905224E-002  5.182218749902185E+000
    815  5.349520004975226E-002  7.515393157764298E+001
    816  5.439970299661512E-002  1.585303160594521E+003
    817  5.373622062909954E-002  6.919004784343639E+002
    818  5.326590719552721E-002  1.654058277263716E+001
    819  5.320025312793333E-002  5.703766710510398E+000
    820  5.330156146918644E-002  3.043566366811041E+002
    821  5.337504614366842E-002  4.398798205812579E+002
    822  5.324386329901665E-002  2.598362080983627E+002
    823  5.308086519453308E-002  6.024366722408571E-001
    824  5.319393861467016E-002  2.884597449487187E+002
    825  5.323676177834329E-002  4.316071844918295E+002
    826  5.329307139871239E-002  6.154522252033365E+002
    827  5.297848432290387E-002  1.803798575938689E+002
    828  5.285542986695456E-002  2.682872198818924E+001
    829  5.285372461835601E-002  9.524111485165783E+001
    830  5.279937450639918E-002  8.011754858609150E+000
    831  5.291912598602493E-002  3.032024111845053E+002
    832  5.285966892332561E-002  2.747071755070427E+002
    833  5.265379155136709E-002  1.285389425581483E+000
    834  5.263105884261479E-002  1.073049110546188E+001
    835  5.279419941840939E-002  3.099023599371334E+002
    836  5.284430679230222E-002  6.349098820229715E+002
    837  5.246497141834683E-002  6.703499692223851E+000
    838  5.252306417537336E-002  1.654029117875701E+002
    839  5.237849077249290E-002  1.182262622354608E+001
    840  5.220065746499186E-002  8.194677208902642E-001
    841  5.215037910803965E-002  3.858007522918316E+000
    842  5.259815258206602E-002  8.246240017682911E+002
    843  5.211415332912805E-002  1.768646841619833E+002
    844  5.227528143409093E-002  7.237131123513876E+002
    845  5.181503770786337E-002  6.596599910464779E+001
    846  5.166574309144758E-002  5.046613095490599E+001
    847  5.191162861467669E-002  4.749095902196793E+002
    848  5.212498244497523E-002  1.227805768110078E+003
    849  5.127496486213849E-002  4.703724837109220E+001
    850  5.096297665909469E-002  1.764444425325822E+000
    851  5.106675581345439E-002  2.806195882093252E+002
    852  5.090125102984472E-002  5.093517726306544E+001
    853  5.086368814218631E-002  1.336878067656679E+002
    854  5.089184264318201E-002  4.043439423646473E+002
    855  5.065303632601559E-002  3.206944512411939E+002
    856  5.045469665826675E-002  6.273474098232039E+000
    857  5.037762123757188E-002  5.961271505098097E+000
    858  5.059377630144838E-002  3.810840766992608E+002
    859  5.037238117479469E-002  2.879745380919311E+001
    860  5.040655186126028E-002  1.956861765994487E+002
    861  5.029150689177616E-002  6.250015838485806E+000
    862  5.022784141315664E-002  5.889675533006587E+001
    863  5.026329808426725E-002  2.193885495983900E+002
    864  5.008272426643260E-002  1.636801102379697E+000
    865  5.015663104755055E-002  1.427746249405669E+002
    866  5.010267701002563E-002  8.311727509724047E+002
    867  4.951890346328202E-002  8.331282533345730E+000
    868  4.967828129329750E-002  4.008744942636538E+002
    869  4.924558637129085E-002  2.414234808718655E+000
    870  5.056020338427133E-002  2.667164850232229E+003
    871  4.896276724099446E-002  2.238799775588400E+002
    872  4.878287252984393E-002  8.178464909686349E-001
    873  4.885355585550993E-002  2.079890740597993E+002
    874  4.859304150494474E-002  3.095022907364072E+000
    875  4.893573722294315E-002  5.857398131440412E+002
    876  4.848470209452017E-002  1.161868846036804E+001
    877  4.885646992405262E-002  6.961372851822588E+002
    878  4.832892105745647E-002  1.350431929308321E+001
    879  4.835609074784419E-002  7.552390482938910E+001
    880  4.829941345939467E-002  2.355156279339840E+002
    881  4.787853336699042E-002  3.530240727108223E-001
    882  4.780809772045591E-002  1.180486088112760E+001
    883  4.780875546169317E-002  5.884430714207091E+001
    884  4.786419081764712E-002  1.707305863394891E+002
    885  4.764285469364231E-002  4.210429997054695E-002
    886  4.793002320512561E-002  6.165996013221697E+002
    887  4.772291454716562E-002  4.357626685133925E+002
    888  4.745687717109340E-002  1.471259005986701E+001
    889  4.673141178668870E-002  5.376213703584281E-001
    890  4.676867633354988E-002  3.061041489960720E+002
    891  4.657667910071602E-002  1.273269954065035E+000
    892  4.680634048413421E-002  5.513545600700114E+002
    893  4.616402377189049E-002  4.561471548979645E+001
    894  4.611373173511855E-002  1.578834491950921E+002
    895  4.570137008592096E-002  4.979562052057901E+002
    896  4.550358261177578E-002  1.777853867238429E+002
    897  4.618700080333438E-002  1.559917271640193E+003
    898  4.554589086907948E-002  1.115127370821119E+003
    899  4.488299785741004E-002  2.998241403381142E+002
    900  4.441401222695941E-002  1.102407597878644E+001
    901  4.371149769161408E-002  3.023484505571278E+001
    902  4.406071395705712E-002  7.110097369515337E+002
    903  4.364314653038561E-002  4.859405237433874E+002
    904  4.322396260895559E-002  3.550440785468133E+000
    905  4.379676937371831E-002  1.443605346419954E+003
    906  4.283503340446523E-002  6.945946794456539E+000
    907  4.288338791391152E-002  2.611898435092813E+002
    908  4.256794769772924E-002  3.261272945565090E+001
    909  4.282028205244199E-002  5.137331294373938E+002
    910  4.241136448547366E-002  1.475268310518566E+002
    911  4.359762192740646E-002  2.243908723913829E+003
    912  4.214607499076243E-002  8.531002341150357E+000
    913  4.205866215324809E-002  4.643542002449260E+001
    914  4.198976653830145E-002  2.006479601116634E+000
    915  4.198980241153809E-002  5.526058434137443E+001
    916  4.202505187010987E-002  1.566648949459600E+002
    917  4.198244046045010E-002  2.199565799899699E+002
    918  4.194453328637357E-002  3.833440152186885E+002
    919  4.178933957050207E-002  2.835451984306177E+002
    920  4.151609538163824E-002  2.211074385208731E+001
    921  4.148633526080882E-002  8.584522207857016E+001
    922  4.138006442834526E-002  7.910715340768597E+001
    923  4.137186417903780E-002  7.798291252566719E+001
    924  4.189244167408680E-002  1.000417709697398E+003
    925  4.116026929773824E-002  1.603794983047686E+001
    926  4.172362748800663E-002  1.140603881494496E+003
    927  4.096707845125831E-002  8.874875430754379E+001
    928  4.182037453341080E-002  1.627581546459907E+003
    929  4.192734618414055E-002  1.907199848337227E+003
    930  4.206206940014094E-002  2.173068395454325E+003
    931  4.075751020513747E-002  3.402997232628083E+001
    932  4.084521450472859E-002  2.051831989700064E+002
    933  4.073074835046240E-002  2.777037670135399E+001
    934  4.098964617862757E-002  6.499394425203632E+002
    935  4.056024460190567E-002  1.450332775276742E+001
    936  4.040313393880073E-002  1.804320990202857E+001
    937  4.158600480761505E-002  1.995173096898107E+003
    938  4.048145585484634E-002  1.993017984239766E+002
    939  4.031817449029872E-002  2.363539898879139E+001
    940  4.049669502577016E-002  3.693085038102060E+002
    941  4.026083452019595E-002  8.112102668882285E+000
    942  4.034421815327339E-002  2.637729595115622E+002
    943  4.018372942883376E-002  6.003014853705736E+001
    944  4.028652792563749E-002  2.335642896316867E+002
    945  4.022397205744653E-002  2.494131234675646E+002
    946  4.005002463723591E-002  4.396374488187441E+000
    947  4.056306140926716E-002  1.005424741124631E+003
    948  4.007703888799993E-002  2.846615412238938E+002
    949  3.990247900467083E-002  4.659829667582823E+001
    950  3.998020606944671E-002  2.691052726352964E+002
    951  3.975277134632966E-002  2.413924665016280E+001
    952  4.022095191063520E-002  8.132136651856239E+002
    953  3.968493249628233E-002  3.525383406880965E+001
    954  4.028492807282355E-002  1.038321468037948E+003
    955  3.987188526261985E-002  3.830602321554843E+002
    956  3.964093554631051E-002  3.716224649246618E+000
    957  3.963733985951712E-002  2.388748565876019E+001
    958  3.980581936509556E-002  3.226906116143766E+002
    959  3.958381920489416E-002  7.809668498900312E+000
    960  3.970671570247295E-002  2.245076627067638E+002
    961  3.957198226510522E-002  1.999137560005062E+001
    962  3.967871667412307E-002  2.620979672726883E+002
    963  3.953993427186144E-002  7.691961295028108E+001
    964  3.978708381361776E-002  5.508574205611443E+002
    965  3.932501375256435E-002  1.192059041583556E+000
    966  3.995103739105746E-002  1.224576718613112E+003
    967  3.934345742554642E-002  3.181673481462839E+002
    968  3.934067621384155E-002  3.410673251783131E+002
    969  3.910335861551510E-002  3.253886136931498E+000
    970  3.962599816926036E-002  9.127630734779650E+002
    971  3.901278689503545E-002  3.625881342636922E+000
    972  3.909455631223713E-002  2.053585655553458E+002
    973  3.986711171510009E-002  1.637203004433526E+003
    974  3.888388778052122E-002  8.651227360215039E+000
    975  3.893744660227284E-002  1.131062759803773E+002
    976  3.889855397903479E-002  1.827811427688149E+002
    977  3.884264306000118E-002  1.212071028357266E+002
    978  3.875579635011498E-002  3.013309509359954E+001
    979  3.906306118089015E-002  5.969778553807780E+002
    980  3.868849395827917E-002  1.309630516927584E+001
    981  3.900594646870989E-002  6.048692601662641E+002
    982  3.861269872866677E-002  4.149719694329262E+001
    983  3.863429898586136E-002  1.573575866313034E+002
    984  3.864399491471967E-002  1.864144763360740E+002
    985  3.848274348697926E-002  3.266135911646898E+001
    986  3.850581486184178E-002  1.259932034445971E+002
    987  3.839647460194630E-002  1.818301991460507E+001
    988  3.844970244079920E-002  1.087748102584722E+002
    989  3.859418725825301E-002  6.242767467870461E+002
    990  3.820313517015646E-002  3.869386874760144E+001
    991  3.899675591151933E-002  1.540044418227303E+003
    992  3.848606455680886E-002  8.349151067010179E+002
    993  3.794402861844078E-002  7.154797297414103E+000
    994  3.795310147678611E-002  6.401240418274028E+001
    995  3.844488106331562E-002  1.001087455079261E+003
    996  3.783089447823108E-002  2.548481011820949E+000
    997  3.830977492338810E-002  8.363675489431749E+002
    998  3.921037806730638E-002  2.391552360294966E+003
    999  3.777233360104958E-002  4.694833461465985E+000
   1000  3.849689077266787E-002  1.218569995302320E+003
   1001  3.920647543211838E-002  2.494132064529613E+003
   1002  3.773457455351867E-002  4.417383529723722E+001
   1003  3.763383879948624E-002  1.491590488059147E+001
   1004  3.766836168133296E-002  7.893033303951351E+001
   1005  3.784091500348981E-002  3.884023351702377E+002
   1006  3.899932784522857E-002  2.406607757013976E+003
   1007  3.751008045991405E-002  3.596802534977654E+000
   1008  3.820000052914958E-002  1.169675764569788E+003
   1009  3.825050999221354E-002  1.345690607703437E+003
   1010  3.741231798875016E-002  3.523255558414068E+001
   1011  3.776928757359503E-002  7.048790387008765E+002
   1012  3.733103634196955E-002  1.643948201397385E+001
   1013  3.745406258186619E-002  2.761298312009015E+002
   1014  3.751245369654264E-002  4.386520231441530E+002
   1015  3.724063521079980E-002  2.313465231802784E+000
   1016  3.765167168210532E-002  7.034155484840827E+002
   1017  3.723461830709850E-002  4.612268570251366E+001
   1018  3.767427219113585E-002  8.471386958568760E+002
   1019  3.712526334896567E-002  3.182922231289058E-001
   1020  3.758887335024067E-002  8.464938081446662E+002
   1021  3.715216579811291E-002  1.969332868160112E+002
   1022  3.722659807134398E-002  4.490517651562122E+002
   1023  3.693242947242025E-002  1.325742325558920E+001
   1024  3.807687363195196E-002  2.015406516702691E+003
   1025  3.684702428055263E-002  1.951981239663630E+001
   1026  3.760500968335709E-002  1.313609374266563E+003
   1027  3.784673330774332E-002  1.785620348339922E+003
   1028  3.673023029698261E-002  8.347626037523553E+001
   1029  3.961594568717711E-002  4.948775675456363E+003
   1030  3.655922371150179E-002  5.952932422995015E-001
   1031  3.724394062162664E-002  1.166219637893550E+003
   1032  3.716593475636874E-002  1.111590426406573E+003
   1033  3.901115659665987E-002  4.312715432966160E+003
   1034  3.675395834806459E-002  5.353582548152525E+002
   1035  3.645751038128617E-002  4.719263511856090E+001
   1036  4.002865087271686E-002  6.120448065529395E+003
   1037  3.632266830971912E-002  5.254722224935011E+000
   1038  5.664277534057707E-002  3.425608753619233E+004
   1039  4.865075159786336E-002  2.093244548051251E+004
   1040  3.617054593195852E-002  9.600125305406021E+001
   1041  5.554896857758371E-002  3.265046791319525E+004
   1042  3.840960866266248E-002  4.090294269833199E+003
   1043  3.597031759590141E-002  5.608340738783470E+001
   1044  3.892905678764348E-002  5.094708438688515E+003
   1045  3.754118069768049E-002  3.002625196085571E+003
   1046  3.580701873039681E-002  1.877602155361778E+002
   1047  6.549710514584776E-002  5.032037693777060E+004
   1048  5.151395812886832E-002  2.689775642233885E+004
   1049  3.540601841977245E-002  2.178523693944661E+001
   1050  3.781030074714973E-002  4.153860030942070E+003
   1051  3.503637783778283E-002  5.676595052583608E+001
   1052  4.791841095163391E-002  2.173096763502450E+004
   1053  3.884317715908756E-002  6.711474744644266E+003
   1054  3.484262497700635E-002  2.921483046527523E+001
   1055  3.690445860478006E-002  3.509882605630131E+003
   1056  3.477869241093664E-002  3.270397853917979E+001
   1057  3.725045956188950E-002  4.172842002944344E+003
   1058  4.013967329155019E-002  9.248292861665834E+003
   1059  3.453148653804380E-002  5.484498497560714E+000
   1060  4.652433048683792E-002  2.016370005898843E+004
   1061  3.744961120050635E-002  5.329841701348751E+003
   1062  3.785296784941900E-002  6.040781224234382E+003
   1063  3.432090277599800E-002  1.469127146525421E+002
   1064  3.534819176994553E-002  1.949690063143286E+003
   1065  3.405258772819091E-002  5.513605230501314E+001
   1066  3.594141189590291E-002  3.259004041752296E+003
   1067  3.986830400532967E-002  9.908609986753514E+003
   1068  3.398058707608741E-002  1.072598285749896E+002
   1069  5.386955850348124E-002  3.420751037137070E+004
   1070  1.366007548599835E-001  1.727850502306133E+005
   1071  3.731169696380926E-002  7.303004240116702E+003
   1072  7.054908084705806E-002  6.321015464443270E+004
   1073  3.273937984383462E-002  1.142613673065602E+001
   1074  5.115998324555799E-002  3.108130452773138E+004
   1075  1.367590929702360E-002  7.781583694637321E+003
   1076  9.207290765497197E-003  5.305837001198291E+002
   1077  1.241245548634527E-004  2.072138897304879E+002
